123456
password
12345678
qwerty
123456789
12345
1234
111111
1234567
dragon
123123
baseball
abc123
football
monkey
letmein
696969
shadow
master
666666
qwertyuiop
123321
mustang
1234567890
michael
654321
pussy
superman
1qaz2wsx
7777777
fuckyou
121212
000000
qazwsx
123qwe
killer
trustno1
jordan
jennifer
zxcvbnm
asdfgh
hunter
buster
soccer
harley
batman
andrew
tigger
sunshine
iloveyou
fuckme
2000
charlie
robert
thomas
hockey
ranger
daniel
starwars
klaster
112233
george
asshole
computer
michelle
jessica
pepper
1111
zxcvbn
555555
11111111
131313
freedom
777777
pass
fuck
maggie
159753
aaaaaa
ginger
princess
joshua
cheese
amanda
summer
love
ashley
6969
nicole
chelsea
biteme
matthew
access
yankees
987654321
dallas
austin
thunder
taylor
matrix
minecraft
123456
password
12345678
qwerty
123456789
12345
1234
111111
1234567
dragon
123123
baseball
abc123
football
monkey
letmein
696969
shadow
master
666666
qwertyuiop
123321
mustang
1234567890
michael
654321
pussy
superman
1qaz2wsx
7777777
fuckyou
121212
000000
qazwsx
123qwe
killer
trustno1
jordan
jennifer
zxcvbnm
asdfgh
hunter
buster
soccer
harley
batman
andrew
tigger
sunshine
iloveyou
fuckme
2000
charlie
robert
thomas
hockey
ranger
daniel
starwars
klaster
112233
george
asshole
computer
michelle
jessica
pepper
1111
zxcvbn
555555
11111111
131313
freedom
777777
pass
fuck
maggie
159753
aaaaaa
ginger
princess
joshua
cheese
amanda
summer
love
ashley
6969
nicole
chelsea
biteme
matthew
access
yankees
987654321
dallas
austin
thunder
taylor
matrix
william
corvette
hello
martin
heather
secret
fucker
merlin
diamond
1234qwer
gfhjkm
hammer
silver
222222
88888888
anthony
justin
test
bailey
q1w2e3r4t5
patrick
internet
scooter
orange
11111
golfer
cookie
richard
samantha
bigdog
guitar
jackson
whatever
mickey
chicken
sparky
snoopy
maverick
phoenix
camaro
sexy
peanut
morgan
welcome
falcon
cowboy
ferrari
samsung
andrea
smokey
steelers
joseph
mercedes
dakota
arsenal
eagles
melissa
boomer
booboo
spider
nascar
monster
tigers
yellow
xxxxxx
123123123
gateway
marina
diablo
bulldog
qwer1234
compaq
purple
hardcore
banana
junior
hannah
123654
porsche
lakers
iceman
money
cowboys
987654
london
tennis
999999
ncc1701
coffee
scooby
0000
miller
boston
q1w2e3r4
fuckoff
brandon
yamaha
chester
mother
forever
johnny
edward
333333
oliver
redsox
player
nikita
knight
fender
barney
midnight
please
brandy
chicago
badboy
iwantu
slayer
rangers
charles
angel
flower
bigdaddy
rabbit
wizard
bigdick
jasper
enter
rachel
chris
steven
winner
adidas
victoria
natasha
1q2w3e4r
jasmine
winter
prince
panties
marine
ghbdtn
fishing
cocacola
casper
james
232323
raiders
888888
marlboro
gandalf
asdfasdf
crystal
87654321
12344321
sexsex
golden
blowme
bigtits
8675309
panther
lauren
angela
bitch
spanky
thx1138
angels
madison
winston
shannon
mike
toyota
blowjob
jordan23
canada
sophie
Password
apples
dick
tiger
razz
123abc
pokemon
qazxsw
55555
qwaszx
muffin
johnson
murphy
cooper
jonathan
liverpoo
david
danielle
159357
jackie
1990
123456a
789456
turtle
horny
abcd1234
scorpion
qazwsxedc
101010
butter
carlos
password1
dennis
slipknot
qwerty123
booger
asdf
1991
black
startrek
12341234
cameron
newyork
rainbow
nathan
john
1992
rocket
viking
redskins
butthead
asdfghjkl
1212
sierra
peaches
gemini
doctor
wilson
sandra
helpme
qwertyui
victor
florida
dolphin
pookie
captain
tucker
blue
liverpool
theman
bandit
dolphins
maddog
packers
jaguar
lovers
nicholas
united
tiffany
maxwell
zzzzzz
nirvana
jeremy
suckit
stupid
porn
monica
elephant
giants
jackass
hotdog
rosebud
success
debbie
mountain
444444
xxxxxxxx
warrior
1q2w3e4r5t
q1w2e3
123456q
albert
metallic
lucky
azerty
7777
shithead
alex
bond007
alexis
1111111
samson
5150
willie
scorpio
bonnie
gators
benjamin
voodoo
driver
dexter
2112
jason
calvin
freddy
212121
creative
12345a
sydney
rush2112
1989
asdfghjk
red123
bubba
4815162342
passw0rd
trouble
gunner
happy
fucking
gordon
legend
jessie
stella
qwert
eminem
arthur
apple
nissan
bullshit
bear
america
1qazxsw2
nothing
parker
4444
rebecca
qweqwe
garfield
01012011
beavis
69696969
jack
asdasd
december
2222
102030
252525
11223344
magic
apollo
skippy
315475
girls
kitten
golf
copper
braves
shelby
godzilla
beaver
fred
tomcat
august
buddy
airborne
1993
1988
lifehack
qqqqqq
brooklyn
animal
platinum
phantom
online
xavier
darkness
blink182
power
fish
green
789456123
voyager
police
travis
12qwaszx
heaven
snowball
lover
abcdef
00000
pakistan
007007
walter
playboy
blazer
cricket
sniper
hooters
donkey
willow
loveme
saturn
therock
redwings
bigboy
pumpkin
trinity
williams
tits
nintendo
digital
destiny
topgun
runner
marvin
guinness
chance
bubbles
testing
fire
november
minecraft
asdf1234
lasvegas
sergey
broncos
cartman
private
celtic
birdie
little
cassie
babygirl
donald
beatles
1313
dickhead
family
12121212
school
louise
gabriel
eclipse
fluffy
147258369
lol123
explorer
beer
nelson
flyers
spencer
scott
lovely
gibson
doggie
cherry
andrey
snickers
buffalo
pantera
metallica
member
carter
qwertyu
peter
alexande
steve
bronco
paradise
goober
5555
samuel
montana
mexico
dreams
michigan
cock
carolina
yankee
friends
magnum
surfer
poopoo
maximus
genius
cool
vampire
lacrosse
asd123
aaaa
christin
kimberly
speedy
sharon
carmen
111222
kristina
sammy
racing
ou812
sabrina
horses
0987654321
qwerty1
pimpin
baby
stalker
enigma
147147
star
poohbear
boobies
147258
simple
bollocks
12345q
marcus
brian
1987
qweasdzxc
drowssap
hahaha
caroline
barbara
dave
viper
drummer
action
einstein
bitches
genesis
hello1
scotty
friend
forest
010203
hotrod
google
vanessa
spitfire
badger
maryjane
friday
alaska
1232323q
tester
jester
jake
champion
billy
147852
rock
hawaii
badass
chevy
420420
walker
stephen
eagle1
bill
1986
october
gregory
svetlana
pamela
1984
music
shorty
westside
stanley
diesel
courtney
242424
kevin
porno
hitman
boobs
mark
12345qwert
reddog
frank
qwe123
popcorn
patricia
aaaaaaaa
1969
teresa
mozart
buddha
anderson
paul
melanie
abcdefg
security
lucky1
lizard
denise
3333
a12345
123789
ruslan
stargate
simpsons
scarface
eagle
123456789a
thumper
olivia
naruto
1234554321
general
cherokee
a123456
vincent
Usuckballz1
spooky
qweasd
cumshot
free
frankie
douglas
death
1980
loveyou
kitty
kelly
veronica
suzuki
semperfi
penguin
mercury
liberty
spirit
scotland
natalie
marley
vikings
system
sucker
king
allison
marshall
1979
098765
qwerty12
hummer
adrian
1985
vfhbyf
sandman
rocky
leslie
antonio
98765432
4321
softball
passion
mnbvcxz
bastard
passport
horney
rascal
howard
franklin
bigred
assman
alexander
homer
redrum
jupiter
claudia
55555555
141414
zaq12wsx
shit
patches
nigger
cunt
raider
infinity
andre
54321
galore
college
russia
kawasaki
bishop
77777777
vladimir
money1
freeuser
wildcats
francis
disney
budlight
brittany
1994
00000000
sweet
oksana
honda
domino
bulldogs
brutus
swordfis
norman
monday
jimmy
ironman
ford
fantasy
9999
7654321
PASSWORD
hentai
duncan
cougar
1977
jeffrey
house
dancer
brooke
timothy
super
marines
justice
digger
connor
patriots
karina
202020
molly
everton
tinker
alicia
rasdzv3
poop
pearljam
stinky
naughty
colorado
123123a
water
test123
ncc1701d
motorola
ireland
asdfg
slut
matt
houston
boogie
zombie
accord
vision
bradley
reggie
kermit
froggy
ducati
avalon
6666
9379992
sarah
saints
logitech
chopper
852456
simpson
madonna
juventus
claire
159951
zachary
yfnfif
wolverin
warcraft
hello123
extreme
penis
peekaboo
fireman
eugene
brenda
123654789
russell
panthers
georgia
smith
skyline
jesus
elizabet
spiderma
smooth
pirate
empire
bullet
8888
virginia
valentin
psycho
predator
arizona
134679
mitchell
alyssa
vegeta
titanic
christ
goblue
fylhtq
wolf
mmmmmm
kirill
indian
hiphop
baxter
awesome
people
danger
roland
mookie
741852963
1111111111
dreamer
bambam
arnold
1981
skipper
serega
rolltide
elvis
changeme
simon
1q2w3e
lovelove
fktrcfylh
denver
tommy
mine
loverboy
hobbes
happy1
alison
nemesis
chevelle
cardinal
burton
wanker
picard
151515
tweety
michael1
147852369
12312
xxxx
windows
turkey
456789
1974
vfrcbv
sublime
1975
galina
bobby
newport
manutd
daddy
american
alexandr
1966
victory
rooster
qqq111
madmax
electric
bigcock
a1b2c3
wolfpack
spring
phpbb
lalala
suckme
spiderman
eric
darkside
classic
raptor
123456789q
hendrix
1982
wombat
avatar
alpha
zxc123
crazy
hard
england
brazil
1978
01011980
wildcat
polina
freepass
carrie
99999999
qaz123
holiday
fyfcnfcbz
brother
taurus
shaggy
raymond
maksim
gundam
admin
vagina
pretty
pickle
good
chronic
alabama
airplane
22222222
1976
1029384756
01011
time
sports
ronaldo
pandora
cheyenne
caesar
billybob
bigman
1968
124578
snowman
lawrence
kenneth
horse
france
bondage
perfect
kristen
devils
alpha1
pussycat
kodiak
flowers
1973
01012000
leather
amber
gracie
chocolat
bubba1
catch22
business
2323
1983
cjkysirj
1972
123qweasd
ytrewq
wolves
stingray
ssssss
serenity
ronald
greenday
135790
010101
tiger1
sunset
charlie1
berlin
bbbbbb
171717
panzer
lincoln
katana
firebird
blizzard
a1b2c3d4
white
sterling
redhead
password123
candy
anna
142536
sasha
pyramid
outlaw
hercules
garcia
454545
trevor
teens
maria
kramer
girl
popeye
pontiac
hardon
dude
aaaaa
323232
tarheels
honey
cobra
buddy1
remember
lickme
detroit
clinton
basketball
zeppelin
whynot
swimming
strike
service
pavilion
michele
engineer
dodgers
britney
bobafett
adam
741852
21122112
xxxxx
robbie
miranda
456123
future
darkstar
icecream
connie
1970
jones
hellfire
fisher
fireball
apache
fuckit
blonde
bigmac
abcd
morris
angel1
666999
321321
simone
rockstar
flash
defender
1967
wallace
trooper
oscar
norton
casino
cancer
beauty
weasel
savage
raven
harvey
bowling
246810
wutang
theone
swordfish
stewart
airforce
abcdefgh
nipples
nastya
jenny
hacker
753951
amateur
viktor
srinivas
maxima
lennon
freddie
bluebird
qazqaz
presario
pimp
packard
mouse
looking
lesbian
jeff
cheryl
2001
wrangler
sandy
machine
lights
eatme
control
tattoo
precious
harrison
duke
beach
tornado
tanner
goldfish
catfish
openup
manager
1971
street
Soso123aljg
roscoe
paris
natali
light
julian
jerry
dilbert
dbrnjhbz
chris1
atlanta
xfiles
thailand
sailor
pussies
pervert
lucifer
longhorn
enjoy
dragons
young
target
elaine
dustin
123qweasdzxc
student
madman
lisa
integra
wordpass
prelude
newton
lolita
ladies
hawkeye
corona
bubble
31415926
trigger
spike
katie
iloveu
herman
design
cannon
999999999
video
stealth
shooter
nfnmzyf
hottie
browns
314159
trucks
malibu
bruins
bobcat
barbie
1964
orlando
letmein1
freaky
foobar
cthutq
baller
unicorn
scully
pussy1
potter
cookies
pppppp
philip
gogogo
elena
country
assassin
1010
zaqwsx
testtest
peewee
moose
microsoft
teacher
sweety
stefan
stacey
shotgun
random
laura
hooker
dfvgbh
devildog
chipper
athena
winnie
valentina
pegasus
kristin
fetish
butterfly
woody
swinger
seattle
lonewolf
joker
booty
babydoll
atlantis
tony
powers
polaris
montreal
angelina
77777
tickle
regina
pepsi
gizmo
express
dollar
squirt
shamrock
knicks
hotstuff
balls
transam
stinger
smiley
ryan
redneck
mistress
hjvfirf
cessna
bunny
toshiba
single
piglet
fucked
father
deftones
coyote
castle
cadillac
blaster
valerie
samurai
oicu812
lindsay
jasmin
james1
ficken
blahblah
birthday
1234abcd
01011990
sunday
manson
flipper
asdfghj
181818
wicked
great
daisy
babes
skeeter
reaper
maddie
cavalier
veronika
trucker
qazwsx123
mustang1
goldberg
escort
12345678910
wolfgang
rocks
mylove
mememe
lancer
ibanez
travel
sugar
snake
sister
siemens
savannah
minnie
leonardo
basketba
1963
trumpet
texas
rocky1
galaxy
cristina
aardvark
shelly
hotsex
goldie
fatboy
benson
321654
141627
sweetpea
ronnie
indigo
13131313
spartan
roberto
hesoyam
freeman
freedom1
fredfred
pizza
manchester
lestat
kathleen
hamilton
erotic
blabla
22222
1995
skater
pencil
passwor
larisa
hornet
hamlet
gambit
fuckyou2
alfred
456456
sweetie
marino
lollol
565656
techno
special
renegade
insane
indiana
farmer
drpepper
blondie
bigboobs
272727
1a2b3c
valera
storm
seven
rose
nick
mister
karate
casey
1qaz2wsx3edc
1478963
maiden
julie
curtis
colors
christia
buckeyes
13579
0123456789
toronto
stephani
pioneer
kissme
jungle
jerome
holland
harry
garden
enterpri
dragon1
diamonds
chrissy
bigone
343434
wonder
wetpussy
subaru
smitty
racecar
pascal
morpheus
joanne
irina
indians
impala
hamster
charger
change
bigfoot
babylon
66666666
timber
redman
pornstar
bernie
tomtom
thuglife
millie
buckeye
aaron
virgin
tristan
stormy
rusty
pierre
napoleon
monkey1
highland
chiefs
chandler
catdog
aurora
1965
trfnthbyf
sampson
nipple
dudley
cream
consumer
burger
brandi
welcome1
triumph
joejoe
hunting
dirty
caserta
brown
aragorn
363636
mariah
element
chichi
2121
123qwe123
wrinkle1
smoke
omega
monika
leonard
justme
hobbit
gloria
doggy
chicks
bass
audrey
951753
51505150
11235813
sakura
philips
griffin
butterfl
artist
66666
island
goforit
emerald
elizabeth
anakin
watson
poison
none
italia
callie
bobbob
autumn
andreas
123
sherlock
q12345
pitbull
marathon
kelsey
inside
german
blackie
access14
123asd
zipper
overlord
nadine
marie
basket
trombone
stones
sammie
nugget
naked
kaiser
isabelle
huskers
bomber
barcelona
babylon5
babe
alpine
weed
ultimate
pebbles
nicolas
marion
loser
linda
eddie
wesley
warlock
tyler
goddess
fatcat
energy
david1
bassman
yankees1
whore
trojan
trixie
superfly
kkkkkk
ybrbnf
warren
sophia
sidney
pussys
nicola
campbell
vfvjxrf
singer
shirley
qawsed
paladin
martha
karen
help
harold
geronimo
forget
concrete
191919
westham
soldier
q1w2e3r4t5y6
poiuyt
nikki
mario
juice
jessica1
global
dodger
123454321
webster
titans
tintin
tarzan
sexual
sammy1
portugal
onelove
marcel
manuel
madness
jjjjjj
holly
christy
424242
yvonne
sundance
sex4me
pleasure
logan
danny
wwwwww
truck
spartak
smile
michel
history
Exigen
65432
1234321
sherry
sherman
seminole
rommel
network
ladybug
isabella
holden
harris
germany
fktrctq
cotton
angelo
14789632
sergio
qazxswedc
moon
jesus1
trunks
snakes
sluts
kingkong
bluesky
archie
adgjmptw
911911
112358
sunny
suck
snatch
planet
panama
ncc1701e
mongoose
head
hansolo
desire
alejandr
1123581321
whiskey
waters
teen
party
martina
margaret
january
connect
bluemoon
bianca
andrei
5555555
smiles
nolimit
long
assass
abigail
555666
yomama
rocker
plastic
katrina
ghbdtnbr
ferret
emily
bonehead
blessed
beagle
asasas
abgrtyu
sticky
olga
japan
jamaica
home
hector
dddddd
1961
turbo
stallion
personal
peace
movie
morrison
joanna
geheim
finger
cactus
7895123
susan
super123
spyder
mission
anything
aleksandr
zxcvb
shalom
rhbcnbyf
pickles
passat
natalia
moomoo
jumper
inferno
dietcoke
cumming
cooldude
chuck
christop
million
lollipop
fernando
christian
blue22
bernard
apple1
unreal
spunky
ripper
open
niners
letmein2
flatron
faster
deedee
bertha
april
4128
01012010
werewolf
rubber
punkrock
orion
mulder
missy
larry
giovanni
gggggg
cdtnkfyf
yoyoyo
tottenha
shaved
newman
lindsey
joey
hongkong
freak
daniela
camera
brianna
blackcat
a1234567
1q1q1q
zzzzzzzz
stars
pentium
patton
jamie
hollywoo
florence
biscuit
beetle
andy
always
speed
sailing
phillip
legion
gn56gn56
909090
martini
dream
darren
clifford
2002
stocking
solomon
silvia
pirates
office
monitor
monique
milton
matthew1
maniac
loulou
jackoff
immortal
fossil
dodge
delta
44444444
121314
sylvia
sprite
shadow1
salmon
diana
shasta
patriot
palmer
oxford
nylons
molly1
irish
holmes
curious
asdzxc
1999
makaveli
kiki
kennedy
groovy
foster
drizzt
twister
snapper
sebastia
philly
pacific
jersey
ilovesex
dominic
charlott
carrot
anthony1
africa
111222333
sharks
serena
satan666
maxmax
maurice
jacob
gerald
cosmos
columbia
colleen
cjkywt
cantona
brooks
99999
787878
rodney
nasty
keeper
infantry
frog
french
eternity
dillon
coolio
condor
anton
waterloo
velvet
vanhalen
teddy
skywalke
sheila
sesame
seinfeld
funtime
012345
standard
squirrel
qazwsxed
ninja
kingdom
grendel
ghost
fuckfuck
damien
crimson
boeing
bird
biggie
090909
zaq123
wolverine
wolfman
trains
sweets
sunrise
maxine
legolas
jericho
isabel
foxtrot
anal
shogun
search
robinson
rfrfirf
ravens
privet
penny
musicman
memphis
megadeth
dogs
butt
brownie
oldman
graham
grace
505050
verbatim
support
safety
review
newlife
muscle
herbert
colt45
bottom
2525
1q2w3e4r5t6y
1960
159159
western
twilight
thanks
suzanne
potato
pikachu
murray
master1
marlin
gilbert
getsome
fuckyou1
dima
denis
789789
456852
stone
stardust
seven7
peanuts
obiwan
mollie
licker
kansas
frosty
ball
262626
tarheel
showtime
roman
markus
maestro
lobster
darwin
cindy
chubby
2468
147896325
tanker
surfing
skittles
showme
shaney14
qwerty12345
magic1
goblin
fusion
blades
banshee
alberto
123321123
123098
powder
malcolm
intrepid
garrett
delete
chaos
bruno
1701
tequila
short
sandiego
python
punisher
newpass
iverson
clayton
amadeus
1234567a
stimpy
sooners
preston
poopie
photos
neptune
mirage
harmony
gold
fighter
dingdong
cats
whitney
sucks
slick
rick
ricardo
princes
liquid
helena
daytona
clover
blues
anubis
1996
192837465
starcraft
roxanne
pepsi1
mushroom
eatshit
dagger
cracker
capital
brendan
blackdog
25802580
strider
slapshot
porter
pink
jason1
hershey
gothic
flight
ekaterina
cody
buffy
boss
bananas
aaaaaaa
123698745
1234512345
tracey
miami
kolobok
danni
chargers
cccccc
blue123
bigguy
33333333
0.0.000
warriors
walnut
raistlin
ping
miguel
latino
griffey
green1
gangster
felix
engine
doodle
coltrane
byteme
buck
asdf123
123456z
0007
vertigo
tacobell
shark
portland
penelope
osiris
nymets
nookie
mary
lucky7
lucas
lester
ledzep
gorilla
coco
bugger
bruce
blood
bentley
battle
1a2b3c4d
19841984
12369874
weezer
turner
thegame
stranger
sally
Mailcreated5240
knights
halflife
ffffff
dorothy
dookie
damian
258456
women
trance
qwerasdf
playtime
paradox
monroe
kangaroo
henry
dumbass
dublin
charly
butler
brasil
blade
blackman
bender
baggins
wisdom
tazman
swallow
stuart
scruffy
phoebe
panasonic
Michael
masters
ghjcnj
firefly
derrick
christine
beautiful
auburn
archer
aliens
161616
1122
woody1
wheels
test1
spanking
robin
redred
racerx
postal
parrot
nimrod
meridian
madrid
lonestar
kittycat
hell
goodluck
gangsta
formula
devil
cassidy
camille
buttons
bonjour
bingo
barcelon
allen
98765
898989
303030
2020
0000000
tttttt
tamara
scoobydo
samsam
rjntyjr
richie
qwertz
megaman
luther
jazz
crusader
bollox
123qaz
12312312
102938
window
sprint
sinner
sadie
rulez
quality
pooper
pass123
oakland
misty
lvbnhbq
lady
hannibal
guardian
grizzly
fuckface
finish
discover
collins
catalina
carson
black1
bang
annie
123987
1122334455
wookie
volume
tina
rockon
qwer
molson
marco
californ
angelica
2424
world
william1
stonecol
shemale
shazam
picasso
oracle
moscow
luke
lorenzo
kitkat
johnjohn
janice
gerard
flames
duck
dark
celica
445566
234567
yourmom
topper
stevie
septembe
scarlett
santiago
milano
lowrider
loving
incubus
dogdog
anastasia
1962
123zxc
vacation
tempest
sithlord
scarlet
rebels
ragnarok
prodigy
mobile
keyboard
golfing
english
carlo
anime
545454
19921992
11112222
vfhecz
sobaka
shiloh
penguins
nuttertools
mystery
lorraine
llllll
lawyer
kiss
jeep
gizmodo
elwood
dkflbvbh
987456
6751520
12121
titleist
tardis
tacoma
smoker
shaman
rootbeer
magnolia
julia
juan
hoover
gotcha
dodgeram
creampie
buffett
bridge
aspirine
456654
socrates
photo
parola
nopass
megan
lucy
kenwood
kenny
imagine
forgot
cynthia
blondes
ashton
aezakmi
1234567q
viper1
terry
sabine
redalert
qqqqqqqq
munchkin
monkeys
mersedes
melvin
mallard
lizzie
imperial
honda1
gremlin
gillian
elliott
defiant
dadada
cooler
bond
blueeyes
birdman
bigballs
analsex
753159
zaq1xsw2
xanadu
weather
violet
sergei
sebastian
romeo
research
putter
oooooo
national
lexmark
hotboy
greg
garbage
colombia
chucky
carpet
bobo
bobbie
assfuck
88888
01012001
smokin
shaolin
roger
rammstein
pussy69
katerina
hearts
frogger
freckles
dogg
dixie
claude
caliente
amazon
abcde
1221
wright
willis
spidey
sleepy
sirius
santos
rrrrrr
randy
picture
payton
mason
dusty
director
celeste
broken
trebor
sheena
qazwsxedcrfv
polo
oblivion
mustangs
margarita
letsgo
josh
jimbob
jimbo
janine
jackal
iforgot
hallo
fatass
deadhead
abc12
zxcv1234
willy
stud
slappy
roberts
rescue
porkchop
noodles
nellie
mypass
mikey
marvel
laurie
grateful
fuck_inside
formula1
Dragon
cxfcnmt
bridget
aussie
asterix
a1s2d3f4
23232323
123321q
veritas
spankme
shopping
roller
rogers
queen
peterpan
palace
melinda
martinez
lonely
kristi
justdoit
goodtime
frances
camel
beckham
atomic
alexandra
active
223344
vanilla
thankyou
springer
sommer
Software
sapphire
richmond
printer
ohyeah
massive
lemons
kingston
granny
funfun
evelyn
donnie
deanna
brucelee
bosco
aggies
313131
wayne
thunder1
throat
temple
smudge
qqqq
qawsedrf
plymouth
pacman
myself
mariners
israel
hitler
heather1
faith
Exigent
clancy
chelsea1
353535
282828
123456qwerty
tobias
tatyana
stuff
spectrum
sooner
shitty
sasha1
pooh
pineappl
mandy
labrador
kisses
katrin
kasper
kaktus
harder
eduard
dylan
dead
chloe
astros
1234567890q
10101010
stephanie
satan
hudson
commando
bones
bangkok
amsterdam
1959
webmaster
valley
space
southern
rusty1
punkin
napass
marian
magnus
lesbians
krishna
hungry
hhhhhh
fuckers
fletcher
content
account
906090
thompson
simba
scream
q1q1q1
primus
Passw0rd
mature
ivanov
husker
homerun
esther
ernest
champs
celtics
candyman
bush
boner
asian
aquarius
33333
zxcv
starfish
pics
peugeot
painter
monopoly
lick
infiniti
goodbye
gangbang
fatman
darling
celine
camelot
boat
blackjac
barkley
area51
8J4yE3Uz
789654
19871987
0000000000
vader
shelley
scrappy
sarah1
sailboat
richard1
moloko
method
mama
kyle
kicker
keith
judith
john316
horndog
godsmack
flyboy
emmanuel
drago
cosworth
blake
19891989
writer
usa123
topdog
timmy
speaker
rosemary
pancho
night
melody
lightnin
life
hidden
gator
farside
falcons
desert
chevrole
catherin
carolyn
bowler
anders
666777
369369
yesyes
sabbath
qwerty123456
power1
pete
oscar1
ludwig
jammer
frontier
fallen
dance
bryan
asshole1
amber1
aaa111
123457
01011991
terror
telefon
strong
spartans
sara
odessa
luckydog
frank1
elijah
chang
center
bull
blacks
15426378
132435
vivian
tanya
swingers
stick
snuggles
sanchez
redbull
reality
qwertyuio
qwert123
mandingo
ihateyou
hayden
goose
franco
forrest
double
carol
bohica
bell
beefcake
beatrice
avenger
andrew1
anarchy
963852
1366613
111111111
whocares
scooter1
rbhbkk
matilda
labtec
kevin1
jojo
jesse
hermes
fitness
doberman
dawg
clitoris
camels
5555555555
1957
vulcan
vectra
topcat
theking
skiing
nokia
muppet
moocow
leopard
kelley
ivan
grover
gjkbyf
filter
elvis1
delta1
dannyboy
conrad
children
catcat
bossman
bacon
amelia
alice
2222222
viktoria
valhalla
tricky
terminator
soccer1
ramona
puppy
popopo
oklahoma
ncc1701a
mystic
loveit
looker
latin
laptop
laguna
keystone
iguana
herbie
cupcake
clarence
bunghole
blacky
bennett
bart
19751975
12332
000007
vette
trojans
today
romashka
puppies
possum
pa55word
oakley
moneys
kingpin
golfball
funny
doughboy
dalton
crash
charlotte
carlton
breeze
billie
beast
achilles
tatiana
studio
sterlin
plumber
patrick1
miles
kotenok
homers
gbpltw
gateway1
franky
durango
drake
deeznuts
cowboys1
ccbill
brando
9876543210
zzzz
zxczxc
vkontakte
tyrone
skinny
rookie
qwqwqw
phillies
lespaul
juliet
jeremiah
igor
homer1
dilligaf
caitlin
budman
atlantic
989898
362436
19851985
vfrcbvrf
verona
technics
svetik
stripper
soleil
september
pinkfloy
noodle
metal
maynard
maryland
kentucky
hastings
gang
frederic
engage
eileen
butthole
bone
azsxdc
agent007
474747
19911991
01011985
triton
tractor
somethin
snow
shane
sassy
sabina
russian
porsche9
pistol
justine
hurrican
gopher
deadman
cutter
coolman
command
chase
california
boris
bicycle
bethany
bearbear
babyboy
73501505
123456k
zvezda
vortex
vipers
tuesday
traffic
toto
star69
server
ready
rafael
omega1
nathalie
microlab
killme
jrcfyf
gizmo1
function
freaks
flamingo
enterprise
eleven
doobie
deskjet
cuddles
church
breast
19941994
19781978
1225
01011970
vladik
unknown
truelove
sweden
striker
stoner
sony
SaUn
ranger1
qqqqq
pauline
nebraska
meatball
marilyn
jethro
hammers
gustav
escape
elliot
dogman
chair
brothers
boots
blow
bella
belinda
babies
1414
titties
syracuse
river
polska
pilot
oilers
nofear
military
macdaddy
hawk
diamond1
dddd
danila
central
annette
128500
zxcasd
warhammer
universe
splash
smut
sentinel
rayray
randall
Password1
panda
nevada
mighty
meghan
mayday
manchest
madden
kamikaze
jennie
iloveyo
hustler
hunter1
horny1
handsome
dthjybrf
designer
demon
cheers
cash
cancel
blueblue
bigger
australia
asdfjkl
321654987
1qaz1qaz
1955
1234qwe
01011981
zaphod
ultima
tolkien
Thomas
thekid
tdutybq
summit
select
saint
rockets
rhonda
retard
rebel
ralph
poncho
pokemon1
play
pantyhos
nina
momoney
market
lickit
leader
kong
jenna
jayjay
javier
eatpussy
dracula
dawson
daniil
cartoon
capone
bubbas
789123
19861986
01011986
zxzxzx
wendy
tree
superstar
super1
ssssssss
sonic
sinatra
scottie
sasasa
rush
robert1
rjirfrgbde
reagan
meatloaf
lifetime
jimmy1
jamesbon
houses
hilton
gofish
charmed
bowser
betty
525252
123456789z
1066
woofwoof
Turkey50
santana
rugby
rfnthbyf
miracle
mailman
lansing
kathryn
Jennifer
giant
front242
firefox
check
boxing
bogdan
bizkit
azamat
apollo13
alan
zidane
tracy
tinman
terminal
starbuck
redhot
oregon
memory
lewis
lancelot
illini
grandma
govols
gordon24
giorgi
feet
fatima
crunch
creamy
coke
cabbage
bryant
brandon1
bigmoney
azsxdcfv
3333333
321123
warlord
station
sayang
rotten
rightnow
mojo
models
maradona
lololo
lionking
jarhead
hehehe
gary
fast
exodus
crazybab
conner
charlton
catman
casey1
bonita
arjay
19931993
19901990
1001
100000
sticks
poiuytrewq
peters
passwort
orioles
oranges
marissa
japanese
holyshit
hohoho
gogo
fabian
donna
cutlass
cthulhu
chewie
chacha
bradford
bigtime
aikido
4runner
21212121
150781
wildfire
utopia
sport
sexygirl
rereirf
reebok
raven1
poontang
poodle
movies
microsof
grumpy
eeyore
down
dong
chocolate
chickens
butch
arsenal1
adult
adriana
19831983
zzzzz
volley
tootsie
sparkle
software
sexx
scotch
science
rovers
nnnnnn
mellon
legacy
julius
helen
happyday
fubar
danie
cancun
br0d3r
beverly
beaner
aberdeen
44444
19951995
13243546
123456aa
wilbur
treasure
tomato
theodore
shania
raiders1
natural
kume
kathy
hamburg
gretchen
frisco
ericsson
daddy1
cosmo
condom
comics
coconut
cocks
Check
camilla
bikini
albatros
1Passwor
1958
1919
143143
0.0.0.000
zxcasdqwe
zaqxsw
whisper
vfvekz
tyler1
Sojdlg123aljg
sixers
sexsexsex
rfhbyf
profit
okokok
nancy
mikemike
michaela
memorex
marlene
kristy
jose
jackson1
hope
hailey
fugazi
fright
figaro
excalibu
elvira
dildo
denali
cruise
cooter
cheng
candle
bitch1
attack
armani
anhyeuem
78945612
222333
zenith
walleye
tsunami
trinidad
thomas1
temp
tammy
sultan
steve1
slacker
selena
samiam
revenge
pooppoop
pillow
nobody
kitty1
killer1
jojojo
huskies
greens
greenbay
greatone
fuckin
fortuna
fordf150
first
fashion
fart
emerson
davis
cloud9
china
boob
applepie
alien
963852741
321456
292929
1998
1956
18436572
tasha
stocks
rustam
rfrnec
piccolo
orgasm
milana
marisa
marcos
malaka
lisalisa
kelly1
hithere
harley1
hardrock
flying
fernand
dinosaur
corrado
coleman
clapton
chief
bloody
anfield
636363
420247
332211
voyeur
toby
texas1
surf
steele
running
rastaman
pa55w0rd
oleg
number1
maxell
madeline
keywest
junebug
ingrid
hollywood
hellyeah
hayley
goku
felicia
eeeeee
dicks
dfkthbz
dana
daisy1
columbus
charli
bonsai
billy1
aspire
9999999
987987
50cent
000001
xxxxxxx
wolfie
viagra
vfksirf
vernon
tang
swimmer
subway
stolen
sparta
slutty
skywalker
sean
sausage
rockhard
ricky
positive
nyjets
miriam
melissa1
krista
kipper
kcj9wx5n
jedi
jazzman
hyperion
happy123
gotohell
garage
football1
fingers
february
faggot
easy
dragoon
crazy1
clemson
chanel
canon
bootie
balloon
abc12345
609609609
456321
404040
162534
yosemite
slider
shado
sandro
roadkill
quincy
pedro
mayhem
lion
knopka
kingfish
jerkoff
hopper
everest
ddddddd
damnit
cunts
chevy1
cheetah
chaser
billyboy
bigbird
bbbb
789987
1qa2ws3ed
1954
135246
123789456
122333
1000
050505
wibble
valeria
tunafish
trident
thor
tekken
tara
starship
slave
saratoga
romance
robotech
rich
rasputin
rangers1
powell
poppop
passwords
p0015123
nwo4life
murder
milena
midget
megapass
lucky13
lolipop
koshka
kenworth
jonjon
jenny1
irish1
hedgehog
guiness
gmoney
ghetto
fortune
emily1
duster
ding
davidson
davids
dammit
dale
crysis
bogart
anaconda
alibaba
airbus
7753191
515151
20102010
200000
123123q
12131415
10203
work
wood
vladislav
vfczyz
tundra
Translator
torres
splinter
spears
richards
rachael
pussie
phoenix1
pearl
monty
lolo
lkjhgf
leelee
karolina
johanna
jensen
helloo
harper
hal9000
fletch
feather
fang
dfkthf
depeche
barsik
789789789
757575
727272
zorro
xtreme
woman
vitalik
vermont
train
theboss
sword
shearer
sanders
railroad
qwer123
pupsik
pornos
pippen
pingpong
nikola
nguyen
music1
magicman
killbill
kickass
kenshin
katie1
juggalo
jayhawk
java
grapes
fritz
drew
divine
cyclops
critter
coucou
cecilia
bristol
bigsexy
allsop
9876
1230
01011989
wrestlin
twisted
trout
tommyboy
stefano
song
skydive
sherwood
passpass
pass1234
onlyme
malina
majestic
macross
lillian
heart
guest
gabrie
fuckthis
freeporn
dinamo
deborah
crawford
clipper
city
better
bears
bangbang
asdasdasd
artemis
angie
admiral
2003
020202
yousuck
xbox360
werner
vector
usmc
umbrella
tool
strange
sparks
spank
smelly
small
salvador
sabres
rupert
ramses
presto
pompey
operator
nudist
ne1469
minime
matador
love69
kendall
jordan1
jeanette
hooter
hansen
gunners
gonzo
gggggggg
fktrcfylhf
facial
deepthroat
daniel1
dang
cruiser
cinnamon
cigars
chico
chester1
carl
caramel
calico
broadway
batman1
baddog
778899
2128506
123456r
0420
01011988
z1x2c3
wassup
wally
vh5150
underdog
thesims
thecat
sunnyday
snoopdog
sandy1
pooter
multiplelo
magick
library
kungfu
kirsten
kimber
jean
jasmine1
hotshot
gringo
fowler
emma
duchess
damage
cyclone
Computer
chong
chemical
chainsaw
caveman
catherine
carrera
canadian
buster1
brighton
back
australi
animals
alliance
albion
969696
555777
19721972
19691969
1024
trisha
theresa
supersta
steph
static
snowboar
sex123
scratch
retired
rambler
r2d2c3po
quantum
passme
over
newbie
mybaby
musica
misfit
mechanic
mattie
mathew
mamapapa
looser
jabroni
isaiah
heyhey
hank
hang
golfgolf
ghjcnjnfr
frozen
forfun
fffff
downtown
coolguy
cohiba
christopher
chivas
chicken1
bullseye
boys
bottle
bob123
blueboy
believe
becky
beanie
20002000
yzerman
west
village
vietnam
trader
summer1
stereo
spurs
solnce
smegma
skorpion
saturday
samara
safari
renault
rctybz
peterson
paper
meredith
marc
louis
lkjhgfdsa
ktyjxrf
kill
kids
jjjj
ivanova
hotred
goalie
fishes
eastside
cypress
cyber
credit
brad
blackhaw
beastie
banker
backdoor
again
192837
112211
westwood
venus
steeler
spawn
sneakers
snapple
snake1
sims
sharky
sexxxx
seeker
scania
sapper
route66
Robert
q123456
Passwor1
mnbvcx
mirror
maureen
marino13
jamesbond
jade
horizon
haha
getmoney
flounder
fiesta
europa
direct
dean
compute
chrono
chad
boomboom
bobby1
bing
beerbeer
apple123
andres
8888888
777888
333666
1357
12345z
030303
01011987
01011984
wolf359
whitey
undertaker
topher
tommy1
tabitha
stroke
staples
sinclair
silence
scout
scanner
samsung1
rain
poetry
pisces
phil
peter1
packer
outkast
nike
moneyman
mmmmmmmm
ming
marianne
magpie
love123
kahuna
jokers
jjjjjjjj
groucho
goodman
gargoyle
fuckher
florian
federico
droopy
dorian
donuts
ddddd
cinder
buttman
benny
barry
amsterda
alfa
656565
1x2zkg8w
19881988
19741974
zerocool
walrus
walmart
vfvfgfgf
user
typhoon
test1234
studly
Shadow
sexy69
sadie1
rtyuehe
rosie
qwert1
nipper
maximum
klingon
jess
idontknow
heidi
hahahaha
gggg
fucku2
floppy
flash1
fghtkm
erotica
erik
doodoo
dharma
deniska
deacon
daphne
daewoo
dada
charley
cambiami
bimmer
bike
bigbear
alucard
absolut
a123456789
4121
19731973
070707
03082006
02071986
vfhufhbnf
sinbad
secret1
second
seamus
renee
redfish
rabota
pudding
pppppppp
patty
paint
ocean
number
nature
motherlode
micron
maxx
massimo
losers
lokomotiv
ling
kristine
kostya
korn
goldstar
gegcbr
floyd
fallout
dawn
custom
christina
chrisbln
button
bonkers
bogey
belle
bbbbb
barber
audia4
america1
abraham
585858
414141
336699
20012001
12345678q
0123
whitesox
whatsup
usnavy
tuan
titty
titanium
thursday
thirteen
tazmania
steel
starfire
sparrow
skidoo
senior
reading
qwerqwer
qazwsx12
peyton
panasoni
paintbal
newcastl
marius
italian
hotpussy
holly1
goliath
giuseppe
frodo
fresh
buckshot
bounce
babyblue
attitude
answer
90210
575757
10203040
1012
01011910
ybrjkfq
wasser
tyson
Superman
sunflowe
steam
ssss
sound
solution
snoop
shou
shawn
sasuke
rules
royals
rivers
respect
poppy
phillips
olivier
moose1
mondeo
mmmm
knickers
hoosier
greece
grant
godfather
freeze
europe
erica
doogie
danzig
dalejr
contact
clarinet
champ
briana
bluedog
backup
assholes
allmine
aaliyah
12345679
100100
zigzag
whisky
weaver
truman
tomorrow
tight
theend
start
southpark
sersolution
roberta
rhfcjnrf
qwerty1234
quartz
premier
paintball
montgom240
mommy
mittens
micheal
maggot
loco
laurel
lamont
karma
journey
johannes
intruder
insert
hairy
hacked
groove
gesperrt
francois
focus
felipe
eternal
edwards
doug
dollars
dkflbckfd
dfktynbyf
demons
deejay
cubbies
christie
celeron
cat123
carbon
callaway
bucket
albina
2004
19821982
19811981
1515
12qw34er
123qwerty
123aaa
10101
1007
080808
zeus
warthog
tights
simona
shun
salamander
resident
reefer
racer
quattro
public
poseidon
pianoman
nonono
michell
mellow
luis
jillian
havefun
gunnar
goofy
futbol
fucku
eduardo
diehard
dian
chuckles
carla
carina
avalanch
artur
allstar
abc1234
abby
4545
1q2w3e4r5
125125
123451
ziggy
yumyum
working
what
wang
wagner
volvo
ufkbyf
twinkle
susanne
superman1
sunshin
strip
searay
rockford
radio
qwertyqwerty
proxy
prophet
ou8122
oasis
mylife
monke
monaco
meowmeow
meathead
Master
leanne
kang
joyjoy
joker1
filthy
emmitt
craig
cornell
changed
cbr600
builder
budweise
boobie
bobobo
biggles
bigass
bertie
amanda1
a1s2d3
784512
767676
235689
1953
19411945
14725836
11223
01091989
01011992
zero
vegas
twins
turbo1
triangle
thongs
thanatos
sting
starman
spike1
smokes
shai
sexyman
sex
scuba
runescape
phish
pepper1
padres
nitram
nickel
napster
lord
jewels
jeanne
gretzky
great1
gladiator
crjhgbjy
chuang
chou
blossom
bean
barefoot
alina
787898
567890
5551212
25252525
02071982
zxcvbnm1
zhong
woohoo
welder
viewsonic
venice
usarmy
trial
traveler
together
team
tango
swords
starter
sputnik
spongebob
slinky
rover
ripken
rasta
prissy
pinhead
papa
pants
original
mustard
more
mohammed
mian
medicine
mazafaka
lance
juliette
james007
hawkeyes
goodboy
gong
footbal
feng
derek
deeznutz
dante
combat
cicero
chun
cerberus
beretta
bengals
beaches
3232
135792468
12345qwe
01234567
01011975
zxasqw12
xxx123
xander
will
watcher
thedog
terrapin
stoney
stacy
something
shang
secure
rooney
rodman
redwing
quan
pony
pobeda
pissing
philippe
overkill
monalisa
mishka
lions
lionel
leonid
krystal
kosmos
jessic
jane
illusion
hoosiers
hayabusa
greene
gfhjkm123
games
francesc
enter1
confused
cobra1
clevelan
cedric
carole
busted
bonbon
barrett
banane
badgirl
antoine
7779311
311311
2345
187187
123456s
123456654321
1005
0987
01011993
zippy
zhei
vinnie
tttttttt
stunner
stoned
smoking
smeghead
sacred
redwood
Pussy1
moonlight
momomo
mimi
megatron
massage
looney
johnboy
janet
jagger
jacob1
hurley
hong
hihihi
helmet
heckfy
hambone
gollum
gaston
f**k
death1
Charlie
chao
cfitymrf
casanova
brent
boricua
blackjack
blablabla
bigmike
bermuda
bbbbbbbb
bayern
amazing
aleksey
717171
12301230
zheng
yoyo
wildman
tracker
syncmaster
sascha
rhiannon
reader
queens
qing
purdue
pool
poochie
poker
petra
person
orchid
nuts
nice
lola
lightning
leng
lang
lambert
kashmir
jill
idiot
honey1
fisting
fester
eraser
diao
delphi
dddddddd
cubswin
cong
claudio
clark
chip
buzzard
buzz
butts
brewster
bravo
bookworm
blessing
benfica
because
babybaby
aleksandra
6666666
1997
19961996
19791979
1717
1213
02091987
02021987
xiao
wild
valencia
trapper
tongue
thegreat
sancho
really
rainman
piper
peng
peach
passwd
packers1
newpass6
neng
mouse1
motley
morning
midway
Michelle
miao
maste
marin
kaylee
justin1
hokies
health
glory
five
dutchess
dogfood
comet
clouds
cloud
charles1
buddah
bacardi
astrid
alphabet
adams
19801980
147369
12qwas
02081988
02051986
02041986
02011985
01011977
xuan
vedder
valeri
teng
stumpy
squash
snapon
site
ruan
roadrunn
rjycnfynby
rhtdtlrj
rambo
pizzas
paula
novell
mortgage
misha
menace
maxim
lori
kool
hanna
gsxr750
goldwing
frisky
famous
dodge1
dbrnjh
christmas
cheese1
century
candice
booker
beamer
assword
army
angus
andromeda
adrienne
676767
543210
2010
1369
12345678a
12011987
02101985
02031986
02021988
zhuang
zhou
wrestling
tinkerbell
thumbs
thedude
teddybea
sssss
sonics
sinister
shannon1
satana
sang
salomon
remote
qazzaq
playing
piao
pacers
onetime
nong
nikolay
motherfucker
mortimer
misery
madison1
luan
lovesex
look
Jessica
handyman
hampton
gromit
ghostrider
doghouse
deluxe
clown
chunky
chuai
cgfhnfr
brewer
boxster
balloons
adults
a1a1a1
794613
654123
24682468
2005
1492
1020
1017
02061985
02011987
*****
zhun
ying
yang
windsor
wedding
wareagle
svoboda
supreme
stalin
sponge
simon1
roadking
ripple
realmadrid
qiao
PolniyPizdec0211
pissoff
peacock
norway
nokia6300
ninjas
misty1
medusa
medical
maryann
marika
madina
logan1
lilly
laser
killers
jiang
jaybird
jammin
intel
idontkno
huai
harry1
goaway
gameover
dino
destroy
deng
collin
claymore
chicago1
cheater
chai
bunny1
blackbir
bigbutt
bcfields
athens
antoni
abcd123
686868
369963
1357924680
12qw12
1236987
111333
02091986
02021986
01011983
000111
zhuai
yoda
xiang
wrestle
whiskers
valkyrie
toon
tong
ting
talisman
starcraf
sporting
spaceman
southpar
smiths
skate
shell
seng
saleen
ruby
reng
redline
rancid
pepe
optimus
nova
mohamed
meister
marcia
lipstick
kittykat
jktymrf
jenn
jayden
inuyasha
higgins
guai
gonavy
face
eureka
dutch
darkman
courage
cocaine
circus
cheeks
camper
br549
bagira
babyface
7uGd5HIp2J
5050
1qaz2ws
123321a
02081987
02081984
02061986
02021984
01011982
zhai
xiong
willia
vvvvvv
venera
unique
tian
sveta
strength
stories
squall
secrets
seahawks
sauron
ripley
riley
recovery
qweqweqwe
qiong
puddin
playstation
pinky
phone
penny1
nude
mitch
milkman
mermaid
max123
maria1
lust
loaded
lighter
lexus
leavemealone
just4me
jiong
jing
jamie1
india
hardcock
gobucks
gawker
fytxrf
fuzzy
florida1
flexible
eleanor
dragonball
doudou
cinema
checkers
charlene
ceng
buffy1
brian1
beautifu
baseball1
ashlee
adonis
adam12
434343
02031984
02021985
xxxpass
toledo
thedoors
templar
sullivan
stanford
shei
sander
rolling
qqqqqqq
pussey
pothead
pippin
nimbus
niao
mustafa
monte
mollydog
modena
mmmmm
michae
meng
mango
mamama
lynn
love12
kissing
keegan
jockey
illinois
ib6ub9
hotbox
hippie
hill
ghblehjr
gamecube
ferris
diggler
crow
circle
chuo
chinook
charity
carmel
caravan
cannabis
cameltoe
buddie
bright
bitchass
bert
beowulf
bartman
asia
armagedon
ariana
alexalex
alenka
ABC123
987456321
373737
2580
21031988
123qq123
12345t
1234567890a
123455
02081989
02011986
01020304
01011999
xyz123
xerxes
wraith
wishbone
warning
todd
ticket
three
subzero
shuang
rong
rider
quest
qiang
pppp
pian
petrov
otto
nuan
ning
myname
matthews
martine
mandarin
magical
latinas
lalalala
kotaku
jjjjj
jeffery
jameson
iamgod
hellos
hassan
Harley
godfathe
geng
gabriela
foryou
ffffffff
divorce
darius
chui
breasts
bluefish
binladen
bigtit
anne
alexia
2727
19771977
19761976
02061989
02041984
zhui
zappa
yfnfkmz
weng
tricia
tottenham
tiberius
teddybear
spinner
spice
spectre
solo
silverad
silly
shuo
sherri
samtron
poland
poiuy
pickup
pdtplf
paloma
ntktajy
northern
nasty1
musashi
missy1
microphone
meat
manman
lucille
lotus
letter
kendra
iomega
hootie
forward
elite
electron
electra
duan
DRAGON
dotcom
dirtbike
dianne
desiree
deadpool
darrell
cosmic
common
chrome
cathy
carpedie
bilbo
bella1
beemer
bearcat
bank
ashley1
asdfzxcv
amateurs
allan
absolute
50spanks
147963
120676
1123
02021983
zang
virtual
vampires
vadim
tulips
sweet1
suan
spread
spanish
some
slapper
skylar
shiner
sheng
shanghai
sanfran
ramones
property
pheonix
password2
pablo
othello
orange1
nuggets
netscape
ludmila
lost
liang
kakashka
kaitlyn
iscool
huang
hillary
high
hhhh
heater
hawaiian
guang
grease
gfhjkmgfhjkm
gfhjkm1
fyutkbyf
finance
farley
dogshit
digital1
crack
counter
corsair
company
colonel
claudi
carolin
caprice
caligula
bulls
blackout
beatle
beans
banzai
banner
artem
9562876
5656
1945
159632
15151515
123456qw
1234567891
02051983
02041983
02031987
02021989
z1x2c3v4
xing
vSjasnel12
twenty
toolman
thing
testpass
stretch
stonecold
soulmate
sonny
snuffy
shutup
shuai
shao
rhino
q2w3e4r5
polly
poipoi
pierce
piano
pavlov
pang
nicole1
millions
marsha
lineage2
liao
lemon
kuai
keller
jimmie
jiao
gregor
ggggg
game
fuckyo
fuckoff1
friendly
fgtkmcby
evan
edgar
dolores
doitnow
dfcbkbq
criminal
coldbeer
chuckie
chimera
chan
ccccc
cccc
cards
capslock
cang
bullfrog
bonjovi
bobdylan
beth
berger
barker
balance
badman
bacchus
babylove
argentina
annabell
akira
646464
15975
1223
11221122
1022
02081986
02041988
02041987
02041982
02011988
zong
zhang
yummy
yeahbaby
vasilisa
temp123
tank
slim
skyler
silent
sergeant
reynolds
qazwsx1
PUSSY
pasword
nomore
noelle
nicol
newyork1
mullet
monarch
merlot
mantis
mancity
magazine
llllllll
kinder
kilroy
katherine
jayhawks
jackpot
ipswich
hack
fishing1
fight
ebony
dragon12
dog123
dipshit
crusher
chippy
canyon
bigbig
bamboo
athlon
alisha
abnormal
a11111
2469
12365
1011
09876543
02101984
02081985
02071984
02011980
010180
01011979
zhuo
zaraza
wg8e3wjf
triple
tototo
theater
teddy1
syzygy
susana
sonoma
slavik
shitface
sheba
sexyboy
screen
salasana
rufus
Richard
reds
rebecca1
pussyman
pringles
preacher
park
oceans
niang
momo
misfits
mikey1
media
manowar
mack
kayla
jump
jorda
hondas
hollow
here
heineken
halifax
gatorade
gabriell
ferrari1
fergie
female
eldorado
eagles1
cygnus
coolness
colton
ciccio
cheech
card
boom
blaze
bhbirf
BASEBALL
barton
655321
1818
14141414
123465
1224
1211
111111a
02021982
zhao
wings
warner
vsegda
tripod
tiao
thunderb
telephon
tdutybz
talon
speedo
specialk
shepherd
shadows
samsun
redbird
race
promise
persik
patience
paranoid
orient
monster1
missouri
mets
mazda
masamune
martin1
marker
march
manning
mamamama
licking
lesley
laurence
jezebel
jetski
hopeless
hooper
homeboy
hole
heynow
forum
foot
ffff
farscape
estrella
entropy
eastwood
dwight
dragonba
door
dododo
deutsch
crystal1
corleone
cobalt
chopin
chevrolet
cattle
carlitos
buttercu
butcher
bushido
buddyboy
blond
bingo1
becker
baron
augusta
alex123
998877
24242424
12365478
02061988
02031985
??????
zuan
yfcntymrf
wowwow
winston1
vfibyf
ventura
titten
tiburon
thoma
thelma
stroker
snooker
smokie
slippery
shui
shock
seadoo
sandwich
records
rang
puffy
piramida
orion1
napoli
nang
mouth
monkey12
millwall
mexican
meme
maxxxx
magician
leon
lala
lakota
jenkins
jackson5
insomnia
harvard
HARLEY
hardware
giorgio
ginger1
george1
gator1
fountain
fastball
exotic
elizaveta
dialog
davide
channel
castro
bunnies
borussia
asddsa
andromed
alfredo
alejandro
7007
69696
4417
3131
258852
1952
147741
1234asdf
02081982
02051982
zzzzzzz
zeng
zalupa
yong
windsurf
wildcard
weird
violin
universal
sunflower
suicide
strawberry
stepan
sphinx
someone
sassy1
romano
reddevil
raquel
rachel1
pornporn
polopolo
pluto
plasma
pinkfloyd
panther1
north
milo
maxime
matteo
malone
major
mail
lulu
ltybcrf
lena
lassie
july
jiggaman
jelly
islander
inspiron
hopeful
heng
hans
green123
gore
gooner
goirish
gadget
freeway
fergus
eeeee
diego
dickie
deep
danny1
cuan
cristian
conover
civic
Buster
bombers
bird33
bigfish
bigblue
bian
beng
beacon
barnes
astro
artemka
annika
anita
Andrew
747474
484848
464646
369258
225588
1z2x3c
1a2s3d4f
123456qwe
02061980
02031982
02011984
zaqxswcde
wrench
washington
violetta
tuning
trainer
tootie
store
spurs1
sporty
sowhat
sophi
smashing
sleeper
slave1
sexysexy
seeking
sam123
robotics
rjhjktdf
reckless
pulsar
project
placebo
paddle
oooo
nightmare
nanook
married
linda1
lilian
lazarus
kuang
knockers
killkill
keng
katherin
Jordan
jellybea
jayson
iloveme
hunt
hothot
homerj
hhhhhhhh
helene
haggis
goat
ganesh
gandalf1
fulham
force
dynasty
drakon
download
doomsday
dieter
devil666
desmond
darklord
daemon
dabears
cramps
cougars
clowns
classics
citizen
cigar
chrysler
carlito
candace
bruno1
browning
brodie
bolton
biao
barbados
aubrey
arlene
arcadia
amigo
abstr
9293709b13
737373
4444444
4242
369852
20202020
1qa2ws
1Pussy
1947
1234560
1112
1000000
02091983
02061987
01081989
zephyr
yugioh
yjdsqgfhjkm
woofer
wanted
volcom
verizon
tripper
toaster
tipper
tigger1
tartar
superb
stiffy
spock
soprano
snowboard
sexxxy
senator
scrabble
santafe
sally1
sahara
romero
rhjrjlbk
reload
ramsey
rainbow6
qazwsxedc123
poopy
pharmacy
obelix
normal
nevermind
mordor
mclaren
mariposa
mari
manuela
mallory
magelan
lovebug
lips
kokoko
jakejake
insanity
iceberg
hughes
hookup
hockey1
hamish
graphics
geoffrey
firewall
fandango
ernie
dottie
doofus
donovan
domain
digimon
darryl
darlene
dancing
county
chloe1
chantal
burrito
bummer
bubba69
brett
bounty
bigcat
bessie
basset
augustus
ashleigh
878787
3434
321321321
12051988
111qqq
1023
1013
05051987
02101989
02101987
02071987
02071980
02041985
titan
thong
sweetnes
stanislav
sssssss
snappy
shanti
shanna
shan
script
scorpio1
RuleZ
rochelle
rebel1
radiohea
q1q2q3
puss
pumpkins
puffin
onetwo
oatmeal
nutmeg
ninja1
nichole
mobydick
marine1
mang
lover1
longjohn
lindros
killjoy
kfhbcf
karen1
jingle
jacques
iverson3
istanbul
iiiiii
howdy
hover
hjccbz
highheel
happiness
guitar1
ghosts
georg
geneva
gamecock
fraser
faithful
dundee
dell
creature
creation
corey
concorde
cleo
cdtnbr
carmex2
budapest
bronze
brains
blue12
battery
attila
arrow
anthrax
aloha
383838
19711971
1948
134679852
123qw
123000
02091984
02091981
02091980
02061983
02041981
01011900
zhjckfd
zazaza
wingman
windmill
wifey
webhompas
watch
thisisit
tech
submit
stress
spongebo
silver1
senators
scott1
sausages
radical
qwer12
ppppp
pixies
pineapple
piazza
patrice
officer
nygiants
nikitos
nigga
nextel
moses
moonbeam
mihail
MICHAEL
meagan
marcello
maksimka
loveless
lottie
lollypop
laurent
latina
kris
kleopatra
kkkk
kirsty
katarina
kamila
jets
iiii
icehouse
hooligan
gertrude
fullmoon
fuckinside
fishin
everett
erin
dynamite
dupont
dogcat
dogboy
diane
corolla
citadel
buttfuck
bulldog1
broker
brittney
boozer
banger
aviation
almond
aaron1
78945
616161
426hemi
333777
22041987
2008
20022002
153624
1121
111111q
05051985
02081977
02071988
02051988
02051987
02041979
zander
wwww
webmaste
webber
taylor1
taxman
sucking
stylus
spoon
spiker
simmons
sergi
sairam
royal
ramrod
radiohead
popper
platypus
pippo
pepito
pavel
monkeybo
Michael1
master12
marty
kjkszpj
kidrock
judy
juanita
joshua1
jacobs
idunno
icu812
hubert
heritage
guyver
gunther
Good123654
ghost1
getout
gameboy
format
festival
evolution
epsilon
enrico
electro
dynamo
duckie
drive
dolphin1
ctrhtn
cthtuf
cobain
club
chilly
charter
celeb
cccccccc
caught
cascade
carnage
bunker
boxers
boxer
bombay
bigboss
bigben
beerman
baggio
asdf12
arrows
aptiva
a1a2a3
a12345678
626262
26061987
1616
15051981
08031986
060606
02061984
02061982
02051989
02051984
02031981
woodland
whiteout
visa
vanguard
towers
tiny
tigger2
temppass
super12
stop
stevens
softail
sheriff
robot
reddwarf
pussy123
praise
pistons
patric
partner
niceguy
morgan1
model
mars
mariana
manolo
mankind
lumber
krusty
kittens
kirby
june
johann
jared
imation
henry1
heat
gobears
forsaken
Football
fiction
ferguson
edison
earnhard
dwayne
dogger
diver
delight
dandan
dalshe
cross
cottage
coolcool
coach
camila
callum
busty
british
biology
beta
beardog
baldwin
alone
albany
airwolf
9876543
987123
7894561230
786786
535353
21031987
1949
13041988
1234qw
123456l
1215
111000
11051987
10011986
06061986
02091985
02021981
02021979
01031988
vjcrdf
uranus
tiger123
summer99
state
starstar
squeeze
spikes
snowflak
slamdunk
sinned
shocker
season
santa
sanity
salome
saiyan
renata
redrose
queenie
puppet
popo
playboy1
pecker
paulie
oliver1
ohshit
norwich
news
namaste
muscles
mortal
michael2
mephisto
mandy1
magnet
longbow
llll
living
lithium
komodo
kkkkkkkk
kjrjvjnbd
killer12
kellie
julie1
jarvis
iloveyou2
holidays
highway
havana
harvest
harrypotter
gorgeous
giraffe
garion
frost
fishman
erika
earth
dusty1
dudedude
demo
deer
concord
colnago
clit
choice
chillin
bumper
blam
bitter
bdsm
basebal
barron
baker
arturo
annie1
andersen
amerika
aladin
abbott
81fukkc
5678
135791
1002
02101986
02081983
02041989
02011989
01011978
zzzxxx
zxcvbnm123
yyyyyy
yuan
yolanda
winners
welcom
volkswag
vera
ursula
ultra
toffee
toejam
theatre
switch
superma
Stone55
solitude
sissy
sharp
scoobydoo
romans
roadster
punk
presiden
pool6123
playstat
pipeline
pinball
peepee
paulina
ozzy
nutter
nights
niceass
mypassword
mydick
milan
medic
mazdarx7
mason1
marlon
mama123
lemonade
krasotka
koroleva
karin
jennife
itsme
isaac
irishman
hookem
hewlett
hawaii50
habibi
guitars
grande
glacier
gagging
gabriel1
freefree
francesco
food
flyfish
fabric
edward1
dolly
destin
delilah
defense
codered
cobras
climber
cindy1
christma
chipmunk
chef
brigitte
bowwow
bigblock
bergkamp
bearcats
baba
altima
74108520
45M2DO5BS
30051985
258258
24061986
22021989
21011989
20061988
1z2x3c4v
14061991
13041987
123456m
12021988
11081989
03041991
02071981
02031979
02021976
01061990
01011960
yvette
yankees2
wireless
werder
wasted
visual
trust
tiffany1
stratus
steffi
stasik
starligh
sigma
rubble
ROBERT
register
reflex
redfox
record
qwerty7
premium
prayer
players
pallmall
nurses
nikki1
nascar24
mudvayne
moritz
moreno
moondog
monsters
micro
mickey1
mckenzie
mazda626
manila
madcat
louie
loud
krypton
kitchen
kisskiss
kate
jubilee
impact
Horny
hellboy
groups
goten
gonzalez
gilles
gidget
gene
gbhfvblf
freebird
federal
fantasia
dogbert
deeper
dayton
comanche
cocker
choochoo
chambers
borabora
bmw325
blast
ballin
asdfgh01
alissa
alessandro
airport
abrakadabra
7777777777
635241
494949
420000
23456789
23041987
19701970
1951
18011987
172839
1235
123456789s
1125
1102
1031
07071987
02091989
02071989
02071983
02021973
02011981
01121986
01071986
0101
zodiac
yogibear
word
water1
wasabi
wapbbs
wanderer
vintage
viktoriya
varvara
upyours
undertak
underground
undead
umpire
tropical
tiger2
threesom
there
sunfire
sparky1
snoopy1
smart
slowhand
sheridan
sensei
savanna
rudy
redsox1
ramirez
prowler
postman
porno1
pocket
pelican
nfytxrf
nation
mykids
mygirl
moskva
mike123
Master1
marianna
maggie1
maggi
live
landon
lamer
kissmyass
keenan
just4fun
julien
juicy
JORDAN
jimjim
hornets
hammond
hallie
glenn
ghjcnjgfhjkm
gasman
FOOTBALL
flanker
fishhead
firefire
fidelio
fatty
excalibur
enterme
emilia
ellie
eeee
diving
dindom
descent
daniele
dallas1
customer
contest
compass
comfort
comedy
cocksuck
close
clay
chriss
chiara
cameron1
calgary
cabron
bologna
berkeley
andyod22
alexey
achtung
45678
3636
28041987
25081988
24011985
20111986
19651965
1941
19101987
19061987
1812
14111986
13031987
123ewq
123456123
12121990
112112
10071987
10031988
02101988
02081980
02021990
01091987
01041985
01011995
zebra
zanzibar
waffle
training
teenage
sweetness
sutton
sushi
suckers
spam
south
sneaky
sisters
shinobi
shibby
sexy1
rockies
presley
president
pizza1
piggy
password12
olesya
nitro
motion
milk
medion
markiz
lovelife
longdong
lenny
larry1
kirk
johndeer
jefferso
james123
jackjack
ijrjkfl
hotone
heroes
gypsy
foxy
fishbone
fischer
fenway
eddie1
eastern
easter
drummer1
Dragon1
Daniel
coventry
corndog
compton
chilli
chase1
catwoman
booster
avenue
armada
987321
818181
606060
5454
28021992
25800852
22011988
19971997
1776
17051988
14021985
13061986
12121985
11061985
10101986
10051987
10011990
09051945
08121986
04041991
03041986
02101983
02101981
02031989
02031980
01121988
wwwwwww
virgil
troy
torpedo
toilet
tatarin
survivor
sundevil
stubby
straight
spotty
slater
skip
sheba1
runaway
revolver
qwerty11
qweasd123
parol
paradigm
older
nudes
nonenone
moore
mildred
michaels
lowell
knock
klaste
junkie
jimbo1
hotties
hollie
gryphon
gravity
grandpa
ghjuhfvvf
frogman
freesex
foreve
felix1
fairlane
everlast
ethan
eggman
easton
denmark
deadly
cyborg
create
corinne
cisco
chick
chestnut
bruiser
broncos1
bobdole
azazaz
antelope
anastasiya
456456456
415263
30041986
29071983
29051989
29011985
28021990
28011987
27061988
25121987
25031987
24680
22021986
21031990
20091991
20031987
196969
19681968
1946
17061988
16051989
16051987
1210
11051990
100500
08051990
05051989
04041988
02051980
02051976
02041980
02031977
02011983
01061986
01041988
01011994
0000007
zxcasdqwe123
washburn
vfitymrf
troll
tranny
tonight
thecure
studman
spikey
soccer12
soccer10
smirnoff
slick1
skyhawk
skinner
shrimp
shakira
sekret
seagull
score
sasha_007
rrrrrrrr
ross
rollins
reptile
razor
qwert12345
pumpkin1
porsche1
playa
notused
noname123
newcastle
never
nana
MUSTANG
minerva
megan1
marseille
marjorie
mamamia
malachi
lilith
letmei
lane
lambda
krissy
kojak
kimball
keepout
karachi
kalina
justus
joel
joe123
jerry1
irinka
hurricane
honolulu
holycow
hitachi
highbury
hhhhh
hannah1
hall
guess
glass
gilligan
giggles
flores
fabie
eeeeeeee
dungeon
drifter
dogface
dimas
dentist
death666
costello
castor
bronson
brain
bolitas
boating
benben
baritone
bailey1
badgers
austin1
astra
asimov
asdqwe
armand
anthon
amorcit
797979
4200
31011987
3030
30031988
3000gt
224466
22071986
21101986
21051991
20091988
2009
20051988
19661966
18091985
18061990
15101986
15051990
15011987
13121985
12qw12qw
1234123
1204
12031987
12031985
11121986
1025
1003
08081988
08031985
03031986
02101979
02071979
02071978
02051985
02051978
02051973
02041975
02041974
02031988
02011982
01031989
01011974
zoloto
zippo
wwwwwwww
w_pass
wildwood
wildbill
transit
superior
styles
stryker
string
stream
stefanie
slugger
skillet
sidekick
show
shawna
sf49ers
Salsero
rosario
remingto
redeye
redbaron
question
quasar
ppppppp
popova
physics
papers
palermo
options
mothers
moonligh
mischief
ministry
minemine
messiah
mentor
megane
mazda6
marti
marble
leroy
laura1
lantern
Kordell1
koko
knuckles
khan
kerouac
kelvin
jorge
joebob
jewel
iforget
Hunter
house1
horace
hilary
grand
gordo
glock
georgie
George
fuckhead
freefall
films
fantomas
extra
ellen
elcamino
doors
diaper
datsun
coldplay
clippers
chandra
carpente
carman
capricorn
calimero
boytoy
boiler
bluesman
bluebell
bitchy
bigpimp
bigbang
biatch
Baseball
audi
astral
armstron
angelika
angel123
abcabc
999666
868686
3x7PxR
357357
30041987
27081990
26031988
258369
25091987
25041988
24111989
23021986
22041988
22031984
21051988
17011987
16121987
15021985
142857
14021986
13021990
12345qw
123456ru
1124
10101990
10041986
07091990
02051981
01031985
01021990
******
zildjian
yfnfkb
yeah
WP2003WP
vitamin
villa
valentine
trinitro
torino
tigge
thewho
thethe
tbone
swinging
sonia
sonata
smoke1
sluggo
sleep
simba1
shamus
sexxy
sevens
rober
rfvfcenhf
redhat
quentin
qazws
pufunga7782
priest
pizdec
pigeon
pebble
palmtree
oxygen
nostromo
nikolai
mmmmmmm
mahler
lorena
lopez
lineage
korova
kokomo
kinky
kimmie
kieran
jsbach
johngalt
isabell
impreza
iloveyou1
iiiii
huge
fuck123
franc
foxylady
fishfish
fearless
evil
entry
enforcer
emilie
duffman
ducks
dominik
david123
cutiepie
coolcat
cookie1
conway
citroen
chinese
cheshire
cherries
chapman
changes
carver
capricor
book
blueball
blowfish
benoit
Beast1
aramis
anchor
741963
654654
57chevy
5252
357159
345678
31031988
25091990
25011990
24111987
23031990
22061988
21011991
21011988
1942
19283746
19031985
19011989
18091986
17111985
16051988
15071987
145236
14081985
132456
13071984
1231
12081985
1201
11021985
10071988
09021988
05061990
02051972
02041978
02031983
01091985
01031984
010191
01012009
yamahar1
wormix
whistler
wertyu
warez
vjqgfhjkm
versace
universa
taco
sugar1
strawber
stacie
sprinter
spencer1
sonyfuck
smokey1
slimshady
skibum
series
screamer
sales
roswell
roses
report
rampage
qwedsa
q11111
program
Princess
petrova
patrol
papito
papillon
paco
oooooooo
mother1
mick
Maverick
marcius2
magneto
macman
luck
lalakers
lakeside
krolik
kings
kille
kernel
kent
junior1
jules
jermaine
jaguars
honeybee
hola
highlander
helper
hejsan
hate
hardone
gustavo
grinch
gratis
goth
glamour
ghbywtccf
ghbdtn123
elefant
earthlink
draven
dmitriy
dkflbr
dimples
cygnusx1
cold
cococo
clyde
cleopatr
choke
chelse
cecile
casper1
carnival
cardiff
buddy123
bruce1
bootys
bookie
birddog
bigbob
bestbuy
assasin
arkansas
anastasi
alberta
addict
acmilan
7896321
30081984
258963
25101988
23051985
23041986
23021989
22121987
22091988
22071987
22021988
2006
20052005
19051987
15041988
15011985
14021990
14011986
13051987
13011988
13011987
12345s
12061988
12041988
12041986
11111q
11071988
11031988
10081989
08081986
07071990
07071977
05071984
04041983
03021986
02091988
02081976
02051977
02031978
01071987
01041987
01011976
zack
zachary1
yoyoma
wrestler
weston
wealth
wallet
vjkjrj
vendetta
twiggy
twelve
turnip
tribal
tommie
tkbpfdtnf
thecrow
test12
terminat
telephone
synergy
style
spud
smackdow
slammer
sexgod
seabee
schalke
sanford
sandrine
salope
rusty2
right
repair
referee
ratman
radar
qwert40
qwe123qwe
prozac
portal
polish
Patrick
passes
otis
oreo
option
opendoor
nuclear
navy
nautilus
nancy1
mustang6
murzik
mopar
monty1
Misfit99
mental
medved
marseill
magpies
magellan
limited
Letmein1
lemmein
leedsutd
larissa
kikiki
jumbo
jonny
jamess
jackass1
install
hounddog
holes
hetfield
heidi1
harlem
gymnast
gtnhjdbx
godlike
glow
gideon
ghhh47hj7649
flip
flame
fkbyjxrf
fenris
excite
espresso
ernesto
dontknow
dogpound
dinner
diablo2
dejavu
conan
complete
cole
chocha
chips
chevys
cayman
breanna
borders
blue32
blanco
bismillah
biker
bennie
benito
azazel
ashle
arianna
argentin
antonia
alanis
advent
acura
858585
4040
333444
30041985
29071985
29061990
27071987
27061985
27041990
26031990
24031988
23051990
2211
22011986
21061986
20121989
20092009
20091986
20081991
20041988
20041986
1qwerty
19671967
1950
19121989
19061990
18101987
18051988
18041986
18021984
17101986
17061989
17041991
16021990
15071988
15071986
14101987
135798642
13061987
1234zxcv
12321
1214
12071989
1129
11121985
11061991
10121987
101101
10101985
10031987
100200
09041987
09031988
06041988
05071988
03081989
02071985
02071975
0123456
01051989
01041992
01041990
zarina
woodie
whiteboy
white1
waterboy
volkov
vlad
virus
vikings1
viewsoni
vbkfirf
trans
terefon
swedish
squeak
spanner
spanker
sixpack
seymour
sexxx
serpent
samira
roma
rogue
robocop
robins
real
Qwerty1
qazxcv
q2w3e4
punch
pinky1
perry
peppe
penguin1
Password123
pain
optimist
onion
noway
nomad
nine
morton
moonshin
money12
modern
mcdonald
mario1
maple
loveya
love1
loretta
lookout
loki
lllll
llamas
limewire
konstantin
k.lvbkf
keisha
jones1
jonathon
johndoe
johncena
john123
janelle
intercourse
hugo
hopkins
harddick
glasgow
gladiato
gambler
galant
gagged
fortress
factory
expert
emperor
eight
django
dinara
devo
daniels
crusty
cowgirl
clutch
clarissa
cevthrb
ccccccc
capetown
candy1
camero
camaross
callisto
butters
bigpoppa
bigones
bigdawg
best
beater
asgard
angelus
amigos
amand
alexandre
9999999999
8989
875421
30011985
29051985
2626
26061985
25111987
25071990
22081986
22061989
21061985
20082008
20021988
1a2s3d
19981998
16051985
15111988
15051985
15021990
147896
14041988
123567
12345qwerty
12121988
12051990
12051986
12041990
11091989
11051986
11051984
1008
10061986
0815
06081987
06021987
04041990
02081981
02061977
02041977
02031975
01121987
01061988
01031986
01021989
01021988
wolfpac
wert
vienna
venture
vehpbr
vampir
university
tuna
trucking
trip
trees
transfer
tower
tophat
tomahawk
timosha
timeout
tenchi
tabasco
sunny1
suckmydick
suburban
stratfor
steaua
spiral
simsim
shadow12
screw
schmidt
rough
rockie
reilly
reggae
quebec
private1
printing
pentagon
pearson
peachy
notebook
noname
nokian73
myrtle
munch
moron
matthias
mariya
marijuan
mandrake
mamacita
malice
links
lekker
lback
larkin
ksusha
kkkkk
kestrel
kayleigh
inter
insight
hotgirls
hoops
hellokitty
hallo123
gotmilk
googoo
funstuff
fredrick
firefigh
finland
fanny
eggplant
eating
dogwood
doggies
dfktynby
derparol
data
damon
cvthnm
cuervo
coming
clock
cleopatra
clarke
cheddar
cbr900rr
carroll
canucks
buste
bukkake
boyboy
bowman
bimbo
bighead
bball
barselona
aspen
asdqwe123
around
aries
americ
almighty
adgjmp
addison
absolutely
aaasss
4ever
357951
29061989
28051987
27081986
25061985
25011986
24091986
24061988
24031990
21081987
21041992
20031991
2001112
19061985
18111987
18021988
17071989
17031987
16051990
15021986
14031988
14021987
14011989
1220
1205
120120
111999
111777
1115
1114
11011990
1027
10011983
09021989
07051990
06051986
05091988
05081988
04061986
04041985
03041980
02101976
02071976
02061976
02011975
01031983
zasada
wyoming
wendy1
washingt
warrior1
vickie
vader1
uuuuuu
username
tupac
Trustno1
tinkerbe
suckdick
streets
strap
storm1
stinker
sterva
southpaw
solaris
sloppy
sexylady
sandie
roofer
rocknrol
rico
rfhnjirf
QWERTY
qqqqq1
punker
progress
platon
Phoenix
Phoeni
peeper
pastor
paolo
page
obsidian
nirvana1
nineinch
nbvjatq
navigator
native
money123
modelsne
minimoni
millenium
max333
maveric
matthe
marriage
marquis
markie
marines1
marijuana
margie
little1
lfybbk
klizma
kimkim
kfgjxrf
joshu
jktxrf
jennaj
irishka
irene
ilove
hunte
htubcnhfwbz
hottest
heinrich
happy2
hanson
handball
greedy
goodie
golfer1
gocubs
gerrard
gabber
fktyrf
facebook
eskimo
elway7
dylan1
dominion
domingo
dogbone
default
darkangel
cumslut
cumcum
cricket1
coral
coors
chris123
charon
challeng
canuck
call
calibra
buceta
bubba123
bricks
bozo
blues1
bluejays
berry
beech
awful
april1
antonina
antares
another
andrea1
amore
alena
aileen
a1234
996633
556677
5329
5201314
3006
28051986
28021985
27031989
26021987
25101989
25061986
25041985
25011985
24061987
23021985
23011985
223322
22121986
22121983
22081983
22071989
22061987
22061941
22041986
22021985
21021985
2007
20031988
1qaz
199999
19101990
19071988
19071986
18061985
18051990
17071985
16111990
16061986
16011989
15081991
15051987
14071987
13031986
123qwer
1235789
123459
1227
1226
12101988
12081984
12071987
1200
11121987
11081987
11071985
11011991
1101
1004
08071987
08061987
05061986
04061991
03111987
03071987
02091976
02081979
02041976
02031973
02021991
02021980
02021971
zouzou
yaya
wxcvbn
wolfen
wives
wingnut
whatwhat
Welcome1
wanking
VQsaBLPzLa
truth
tracer
trace
theforce
terrell
sylveste
susanna
stephane
stephan
spoons
spence
sixty
sheepdog
services
sawyer
sandr
saigon
rudolf
rodeo
roadrunner
rimmer
ricard
republic
redskin
Ranger
ranch
proton
post
pigpen
peggy
paris1
paramedi
ou8123
nevets
nazgul
mizzou
midnite
metroid
Matthew
masterbate
margarit
loser1
lolol
lloyd
kronos
kiteboy
junk
joyce
jomama
joemama
ilikepie
hung
homework
hattrick
hardball
guido
goodgirl
globus
funky
friendster
flipflop
flicks
fender1
falcon1
f00tball
evolutio
dukeduke
disco
devon
derf
decker
davies
cucumber
cnfybckfd
clifton
chiquita
castillo
cars
capecod
cafc91
brown1
brand
bomb
boater
bledsoe
bigdicks
bbbbbbb
barley
barfly
ballet
azzer
azert
asians
angelic
ambers
alcohol
6996
5424
393939
31121990
30121987
29121987
29111989
29081990
29081985
29051990
27272727
27091985
27031987
26031987
26031984
24051990
23061990
22061990
22041985
22031991
22021990
21111985
21041985
20021986
19071990
19051986
19011987
17171717
17061986
17041987
16101987
16031990
159357a
15091987
15081988
15071985
15011986
14101988
14071988
14051990
14021983
132465
13111990
12121987
12121982
12061986
12011989
11111987
11081990
10111986
10031991
09090909
08051987
08041986
05051990
04081987
04051988
03061987
03031993
03031988
02101980
02101977
02091977
02091975
02061979
02051975
01081990
01061987
01011971
wiseguy
weed420
tosser
toriamos
toolbox
toocool
tomas
thedon
tender
taekwondo
starwar
start1
sprout
sonyericsson
slimshad
skateboard
shonuf
shoes
sheep
shag
ring
riccardo
rfntymrf
redcar
qwe321
qqqwww
proview
prospect
persona
penetration
peaches1
peace1
olympus
oberon
nokia6233
nightwish
munich
morales
mone
mohawk
merlin1
Mercedes
mega
maxwell1
mash4077
marcelo
mann
mad
macbeth
LOVE
loren
longer
lobo
leeds
lakewood
kurt
krokodil
kolbasa
kerstin
jenifer
hott
hello12
hairball
gthcbr
grin
grandam
gotribe
ghbrjk
ggggggg
FUCKYOU
fuck69
footjob
flasher
females
fellow
explore
evangelion
egghead
dudeman
doubled
doris
dolemite
dirty1
devin
delmar
delfin
David
daddyo
cromwell
cowboy1
closer
cheeky
ceasar
cassandr
camden
cabernet
burns
bugs
budweiser
boxcar
boulder
biggun
beloved
belmont
beezer
beaker
Batman
bastards
bahamut
azertyui
awnyce
auggie
aolsucks
allegro
963963
852852
515000
45454545
31011990
29011987
28071986
28021986
27051987
27011988
26051988
26041991
26041986
25011993
24121986
24061992
24021991
24011990
23051986
23021988
23011990
21121986
21111990
21071989
20071986
20051985
20011989
1943
19111987
19091988
18041990
18021986
18011986
17101987
17091987
17021985
17011990
16061985
1598753
15051986
14881488
14121989
14081988
14071986
13111984
122112
12121989
12101985
12051985
111213
11071986
1103
11011987
10293847
101112
10081985
10061987
10041983
0911
07091982
07081986
06061987
06041987
06031983
04091986
03071986
03051987
03051986
03031990
03011987
02101978
02091973
02081974
02071977
02071971
0192837465
01051988
01051986
01011973
?????
zxcv123
zxasqw
yyyy
yessir
wordup
wizards
werty
watford
Victoria
vauxhall
vancouve
tuscl
trailer
touching
tokiohotel
suslik
supernov
steffen
spider1
speakers
spartan1
sofia
signal
sigmachi
shen
sheeba
sexo
sambo
salami
roger1
rocknroll
rockin
road
reserve
rated
rainyday
q123456789
purpl
puppydog
power123
poiuytre
pointer
pimping
phialpha
penthous
pavement
outside
odyssey
nthvbyfnjh
norbert
nnnnnnnn
mutant
Mustang
mulligan
mississippi
mingus
Merlin
magic32
lonesome
liliana
lighting
lara
ksenia
koolaid
kolokol
klondike
kkkkkkk
kiwi
kazantip
junio
jewish
jajaja
jaime
jaeger
irving
ironmaiden
iriska
homemade
herewego
helmut
hatred
harald
gonzales
goldfing
gohome
gerbil
genesis1
fyfnjkbq
freee
forgetit
foolish
flamengo
finally
favorite6
exchange
enternow
emilio
eeeeeee
dougie
dodgers1
deniro
delaware
deaths
darkange
commande
comein
cement
catcher
cashmone
burn
buffet
breaker
brandy1
bordeaux
books
bongo
blue99
blaine
birgit
billabon
benessere
banan
awesome1
asdffdsa
archange
annmarie
ambrosia
ambrose
alleycat
all4one
alchemy
aceace
aaaaaaaaaa
777999
43214321
369258147
31121988
31121987
30061987
30011986
2fast4u
29041985
28121984
28061986
28041992
28031982
27111985
27021991
26111985
26101986
26091986
26031986
25021988
24111990
24101986
24071987
24011987
23051991
23051987
23031987
222777
22071983
22051986
21101989
21071987
21051986
20081986
20061986
20031986
20021985
20011988
19641964
19111986
19101986
19021990
18051987
18031991
18021987
16111982
16011987
15111984
15091988
15061988
15031988
15021983
14021989
14011988
14011987
12348765
12345qaz
1234566
12111990
12091988
12051989
12051987
12031988
12021985
12011985
11111986
11091984
1109
11071989
1016
10071985
10061984
10041990
10031989
10011988
06071983
05021988
03041987
02091982
02091971
02061974
02051990
02051979
02011990
01051990
010390
01021985
youtube
yasmin
woodstoc
wonderful
wildone
widget
whiplash
ukraine
tyson1
twinkie
trouble1
treetop
tigers1
their
testing1
tarpon
tantra
summer69
stickman
stafford
spooge
spliff
speedway
somerset
smoothie
siobhan
shuttle
shodan
SHADOW
selina
segblue2
sebring
scheisse
Samantha
rrrr
roll
riders
revolution
redbone
reason
rasmus
randy1
rainbows
pumper
pornking
point
ploppy
pimpdadd
payday
pasadena
p0o9i8u7
opennow
nittany
newark
navyseal
nautica
monic
mikael
metall
Marlboro
manfred
macleod
luna
luca
longhair
lokiloki
lkjhgfds
lefty
lakers1
kittys
killa
kenobi
karine
kamasutra
juliana
joseph1
jenjen
jello
interne
houdini
gsxr1000
grass
gotham
goodday
gianni
getting
gannibal
gamma
flower2
fishon
Fabie
evgeniy
drums
dingo
daylight
dabomb
cornwall
cocksucker
climax
catnip
carebear
camber
butkus
bootsy
blue42
auto
austin31
auditt
ariel
alice1
algebra
advance
adrenalin
888999
789654123
777333
5Wr2i7H8
4567
3ip76k2
32167
31031987
30111987
30071986
30061983
30051989
30041991
28071987
28051990
28051985
27041985
26071987
26061986
26051986
25121985
25051985
24081988
24041988
24031987
24021988
23skidoo
23121986
23091987
23071985
23061992
22111985
22091986
22081991
22071990
22061985
21081985
21071992
21021987
20101988
20061984
20051989
20041990
1Dragon
19091990
19031987
18121984
18081988
18061991
18041991
18011988
17061991
17021987
16031988
16021987
15091989
15081990
15071983
15041987
14091990
14081990
14041992
14041987
14031989
13081985
13021987
123qwert
12345qwer
12345abc
123456t
123456789m
1212121212
12081983
12021991
111112
11101986
11081988
11061989
11041991
11011989
1018
1015
10121986
10121985
10101989
10041991
09091986
09081988
09051986
08071988
08011986
07101987
07071985
0660
06061985
06011988
05031991
05021987
04061984
04051985
02101973
02061981
02061972
02041973
02011979
01101987
01051985
01021987
workout
wonderboy
winter1
wetter
werdna
vvvv
voyager1
vagabond
trustme
toonarmy
timtim
Tigger
thrasher
terra
swoosh
supra
stigmata
stayout
status
square
sperma
smackdown
sixty9
sexybabe
sergbest
senna
scuba1
scrapper
samoht
sammy123
salem
rugger
royalty
rivera
ringo
restart
reginald
readers
raleigh
rainbow1
rage
prosper
pitch
pictures
petunia
peterbil
perfect1
patrici
pantera1
pancake
p4ssw0rd
outback
norris
normandy
nevermore
needles
nathan1
nataly
narnia
musical
mooney
michal
maxdog
MASTER
madmad
m123456
lumina
luckyone
luciano
linkin
lillie
leigh
kirkland
kahlua
junkmail
Joshua
josephin
Jordan23
johnson1
jocelyn
jeannie
javelin
inlove
honor
holein1
harbor
grisha
gina
gatit
futurama
firenze
fireblad
fellatio
esquire
errors
emmett
elvisp
drum
driller
dragonfl
dragon69
dingle
davinci
crackers
corwin
compaq1
collie
christa
checker
cartoons
buttercup
bungle
budgie
boomer1
body
blue1234
biit
bigguns
barry1
audio
atticus
atlas
Anthony
angus1
Anai
alisa
alex12
aikman
abacab
951357
7894
4711
321678
31101987
31051985
30121986
30091989
30031992
30031986
30011987
29061988
29061985
29031988
28061988
27061983
27031986
27021990
26101987
26071989
26071986
25081986
25061987
25051987
25041991
24101989
24071991
23111987
23091986
23051983
23031986
2222222222
22121989
22071991
22051991
22011985
21121985
21031985
20121988
20121986
20061990
20051987
1q2q3q
1944
19091983
19061992
1905
19021991
18121987
18121983
18111986
16121986
16091987
16071991
16071987
15111989
15031990
14041986
13121983
13101987
13091984
13071990
1245
12345m
1234568
123456789qwe
1234567899
1234561
1228
12211221
12121991
12121986
12101990
12101984
12091991
1209
12081988
12071990
12071988
115599
11111a
11041990
1028
10081990
10081983
10071990
10061989
10011992
09111987
09081985
08121987
08111984
08101986
08051989
07091988
07081987
07071988
07071984
07071982
07051987
06031992
05111986
05051991
05031990
05011987
04111988
04061987
04041987
040404
02081973
02061978
02031991
02031990
02011976
01071984
01041980
01021992
zaqwsxcde
yyyyyyyy
worthy
woowoo
wind
William
warhamme
walton
vodka
venom
velocity
treble
tralala
tigercat
tarakan
sunlight
streaming
starr
sonysony
smart1
skylark
sites
shower
sheldon
seneca
sedona
scamper
sand
sabrina1
romantic
rockwell
rabbits
q1234567
puzzle
protect
poker1
plato
plastics
pinnacle
peppers
pathetic
patch
pancakes
ottawa
ooooo
offshore
octopus
nounours
nokia1
neville
ncc74656
natasha1
nastia
mynameis
motor
motocros
middle
met2002
meow
meliss
medina
meadow
matty
masterp
manga
lucia
loose
linden
lhfrjy
letsdoit
leopold
lawson
larson
laddie
ladder
kristian
kittie
jughead
joecool
jimmys
iklo
honeys
hoffman
hiking
hello2
heels
harrier
hansol
haley
granada
gofast
fyutkjxtr
frogs
francisc
four
fields
farm
faith1
fabio
dreamcas
dragster
doggy1
dirt
dicky
destiny1
deputy
delpiero
dbnfkbr
dakota1
daisydog
cyprus
cutie
cupoi
colonial
colin
clovis
cirrus
chewy
chessie
chelle
caster
cannibal
candyass
camping
cable
bynthytn
byebye
buzzer
burnout
burner
bumbum
bumble
briggs
brest
boyz
bowtie
bootsie
bmwbmw
blanche
blanca
bigbooty
baylor
base
azertyuiop
austria
asd222
armando
ariane
amstel
amethyst
airman
afrika
adelina
acidburn
7734
741741
66613666
44332211
31071990
31051993
30051987
30011990
29091987
29061986
29011982
2828
28101986
28081990
28081986
28011988
27111989
27031992
27021992
26081986
25081985
25031991
25031983
24121987
24091991
23111989
23091989
23091985
23061989
22091991
22071985
22071984
22061984
22051989
22051987
22031986
22011992
21061988
21031984
20071988
20061983
20041985
1qazzaq1
1qazxsw23edc
19991999
19061991
18101985
18051989
18031988
18021992
18011985
17051990
17051989
17051987
17021989
16091988
16081986
16061988
16061987
15121987
15091985
15081986
15061985
15011983
14101986
1357911
13071987
13061985
13021985
123456qqq
123456789d
1234509876
12131213
12111991
12111985
12081990
12081987
12071991
1207
120689
1120
11071987
11051988
1104
11031983
10091984
10071989
10071986
10061985
10051990
10041987
10031993
10031990
09091988
09051987
09041986
08081990
08081989
08021990
07101984
07071989
07041987
07031989
07021991
06061981
06021986
05121990
05061988
05031987
04071988
04071986
04041986
03101991
03091983
03051988
03041983
03031992
02081970
02061971
02051970
02041972
02031974
02021978
0202
02011977
01121990
01091992
01081992
01081985
01011972
007bond
zapper
vipergts
vfntvfnbrf
vfndtq
tujhrf
tripleh
track
THOMAS
thierry
thebear
systems
supernova
stone1
stephen1
stang
stan
spot
sparkles
soul
snowbird
snicker
slonik
slayer1
sixsix
singapor
shauna
scissors
savior
samm
rumble
rrrrr
robin1
renato
redstar
raphael
q1w2e3r
pressure
poptart
playball
pizzaman
pinetree
phyllis
pathfind
papamama
panter
pandas
panda1
pajero
pacino
orchard
olive
nightmar
nico
Mustang1
mooses
montrose
montecar
montag
melrose
masterbating
maserati
marshal
makaka
macmac
mackie
lockdown
liverpool1
link
lemans
leinad
lagnaf
kingking
killer123
kaboom
jeter2
jeremy1
jeepster
jabber
itisme
italy
ilovegod
idefix
howell
hores
HIZIAD
hewitt
hellsing
Heather
gonzo1
golden1
GEORGE
generic
gatsby
fujitsu
frodo1
frederik
forlife
fitter
feelgood
fallon
escalade
enters
emil
eleonora
earl
dummy
donner
dominiqu
dnsadm
dickens
deville
delldell
daughter
contract
contra
conquest
compact
christi
chill
chavez
chaos1
chains
casio
carrots
building
buffalo1
brennan
boubou
bonner
blubber
blacklab
behappy
barbar
bambi
babycake
aprilia
ANDREW
allgood
alive
adriano
808080
7777777a
777666
31121986
31121985
31051991
31051987
30121988
30121985
30101988
30061988
29041988
27091991
26121989
26061989
26031991
25111991
25031984
25021986
24121989
24121988
24101990
24101984
24071992
24051989
24041986
23091991
23061987
23041988
23021992
23021983
22111988
22091990
22091984
22051988
21111986
21101988
21101987
21091989
21051990
21021989
20101987
20071984
20051983
20031990
20031985
20011983
1passwor
19111985
19081987
19051983
19041985
18121990
18121985
18121812
18091987
17121985
17111987
17071987
17071986
17061987
17041986
17041985
16121991
16101986
16041988
16041985
16031986
16021988
16011986
15121983
15101991
15061984
15011988
14091987
14061988
14051983
13101992
13101988
13101982
13071989
13071985
13061991
13051990
13031989
123456n
1234567890-
123450
1216
12101989
1208
12071984
12061987
12041991
12031990
12021984
1117
11091986
11091985
11081986
1026
10101988
10101980
10091986
10091985
10081987
10051988
10021987
10021986
09041985
09031987
08041985
08031987
07061988
07041989
07021980
06011982
05121988
05061989
05051986
04031991
03071985
03061986
03061985
03031987
03031984
03011991
02111987
02061990
02011971
01091988
01071990
01061983
01051980
01022010
000777
000123
young1
yamato
winona
winner1
whatthe
weiner
weekend
volleyba
volcano
virginie
videos
vegitto
uptown
tycoon
treefrog
trauma
town
toast
titts
these
therock1
tetsuo
tennesse
tanya1
success1
stupid1
stockton
stock
stellar
springs
spoiled
someday
skinhead
sick
shyshy
shojou
shampoo
sexman
sex69
saskia
Sandra
s123456
russel
rudeboy
rollin
ridge
ride
rfgecnf
qwqwqwqw
pushkin
puck
probes
pong
playmate
planes
piercing
phat
pearls
password9
painting
nineball
navajo
napalm
mohammad
miller1
matchbox
marie1
mariam
mamas
malish
maison
logger
locks
lister
lfitymrf
legos
lander
laetitia
kenken
kane
johnny5
jjjjjjj
jesper
jerk
jellybean
jeeper
jakarta
instant
ilikeit
icecube
hotass
hogtied
having
harman
hanuman
hair
hacking
gumby
gramma
GOLF
goldeneye
gladys
furball
fuckme2
franks
fick
fduecn
farmboy
eunice
erection
entrance
elisabet
elements
eclipse1
eatmenow
duane
dooley
dome
doktor
dimitri
dental
delaney
Dallas
cyrano
cubs
crappy
cloudy
clips
cliff
clemente
charlie2
cassandra
cashmoney
camil
burning
buckley
booyah
boobear
bonanza
bobmarley
bleach
bedford
bathing
baracuda
antony
ananas
alinka
alcatraz
aisan
5000
49ers
334455
31051982
30051988
30051986
29111988
29051992
29041989
29031990
28121989
28071985
28021983
27111990
27071988
26071984
26061991
26021992
26011990
26011986
25091991
25091989
25081989
25071987
25071985
25071983
25051988
25051980
25041987
25021985
24101991
24101988
24071990
24061985
24041985
24041984
23456
23111986
23101987
23041991
23031983
22071992
22071988
21121989
21111989
21111983
21101983
21041991
21041987
21031986
21021990
21021988
20081990
20061991
20061987
20032003
20031992
1qw23er4
1q1q1q1q
1Master
19121988
19081986
19071989
19041986
18111983
18071990
18071989
18071986
18031986
17121987
17091985
17071990
17051983
16091990
15081989
15071990
15051992
15051989
15031991
15011990
14031986
13091988
13091987
13091986
13081986
13071982
13051986
13041989
13021991
1269
123890
1234rewq
12345r
1231234
12111984
12091986
12081993
12071992
1206
12021990
111555
11111991
11091990
11061987
11061986
11061984
11041985
11031986
1030
1029
1014
101091m
10041984
10031980
10011980
09051984
08071985
07081984
07041988
06101989
06061988
06041984
05091987
05081992
05081986
05071985
05041985
04111991
04071987
04021990
03091988
03061988
03041989
03041984
03031991
02091978
01071988
01061992
01041993
01041983
01031981
0069
zyjxrf
xian
wizard1
winger
wilder
welkom
wearing
weare138
vanessa1
usmarine
unlock
thumb
this
tasha1
talks
talbot
summers
sucked
storage
sqdwfe
socce
sniffing
smirnov
shovel
shopper
shady
semper
screwy
schatz
samanth
salman
rugby1
rjhjkm
rita
rfhfylfi
retire
ratboy
rachelle
qwerasdfzxcv
purple1
prince1
pookey
picks
perkins
patches1
password99
oyster
olenka
nympho
nikolas
neon
muslim
muhammad
morrowind
monk
missie
mierda
mercede
melina
maximo
matrix1
Martin
mariner
mantle
mammoth
mallrats
madcow
macintos
macaroni
lunchbox
lucas1
london1
lilbit
leoleo
KILLER
kerry
kcchiefs
juniper
jonas
jazzy
istheman
implants
hyundai
hfytnrb
herring
grunt
grimace
granite
grace1
gotenks
glasses
giggle
ghjcnbnenrf
garnet
gabriele
gabby
fosters
forever1
fluff
Fktrcfylh
finder
experienced
dunlop
duffer
driven
dragonballz
draco
downer
douche
doom
discus
darina
daman
daisey
clement
chouchou
cheerleaers
Charles
charisma
celebrity
cardinals
captain1
caca
c2h5oh
bubbles1
brook
brady
blue23
blue11
blitz
billbill
betsy
benny1
beau
beatles1
baura
barney1
barefeet
ballsack
bagpuss
backbone
ass
asasasas
apollo11
amature
altoids
abracadabra
963258
848484
765432
595959
456987
333555
31101991
31081989
31051986
31011985
30101987
30071992
30061989
30061985
29121988
29121984
29111987
29081987
29081982
29071986
29051987
29041987
29031982
28071984
28061985
28051988
28041988
28021989
27101989
27101987
27091983
27061990
27051991
26121987
26111984
26051990
26041988
26041983
25091992
25081987
250588
25051989
24041990
23091982
23071986
23061985
23051984
23021991
22446688
22091987
22091985
22061991
22051990
22041991
21121988
21091990
21071990
21071985
21041990
21021986
20101986
20072007
20061980
20051986
20021991
20011987
19071983
19021985
19011985
18061987
18061986
18011984
17121986
17111988
17031992
17021986
16111989
16061990
16011991
16011985
159263
15121985
15111986
15031987
14101991
14101983
14051987
14041991
14021991
1331
13081987
13071991
13061990
13031991
1237895
1222
1218
12121984
12101986
12091990
12081986
12041987
1111qqqq
11061988
11051989
11041987
11041986
11021990
1021
10101991
10081991
10021983
09876
09101985
09051990
09011990
08111983
08071986
08061986
08031988
08021989
07021987
06091989
06081988
06081986
06071984
06061990
06051987
06031986
06021989
05101984
05061983
05041986
04081985
04061990
04061988
04051987
04021985
04011990
03121986
03101985
03061984
02081975
02031970
02021977
01051987
01041989
01031980
01010101
zoomzoom
zerozero
yyyyy
wwwww
womans
vides
ulysses
turbos
trustno
trigun
trek
trash
toomuch
tonton
titfuck
tiamat
sweeps
surgery
suede
stiletto
starwars1
spleen
spark
skirt
sharpe
sexybitch
sextoy
sephiroth
riffraff
rhubarb
rhinos
renate
reeves
redheads
recall
range
raduga
pugsley
poophead
placid
photon
pertinant
penis1
paulpaul
panhead
ontario
onions
ollie
nemrac58
natalya
nadia
myXworld
mufasa
mortis
morten
mommy1
momdad
misiek
mike1
melons
manny
malaysia
mafia
legs
left4dead
leeann
karaoke
justi
josiah
jordan2
jesus123
interest
innocent
iceland
hound
hotgirl
hillbill
hazard
handbag
hallowee
hakr
goldeney
giulia
ghjcnjq
generals
gardner
gallaries
fussball
fuckme1
FUCKME
frenchy
flyers88
flyer
fiddle
fabulous
enrique
dudes
duckman
dondon
dipper
cummins
culinary
constant
cleaner
civicsi
citation
chen
champ1
chamber
cartman1
cambridg
bouncer
bosco1
border
bogus
blinky
blake1
bettyboo
begemot
bbking
aztnm
arsena
aol123
annaanna
Andrea
alvaro
alterego
alpha123
accept
918273
77347734
7412369
5683
55BGates
4you
31031990
30091985
30081989
30011992
29081988
29061984
29041986
29041984
29011990
29011988
28121990
28071988
280597
28051989
28041983
28011989
27091987
27091984
27071983
27061989
27051986
27011990
26081983
26041990
25121986
25111988
25081983
25021984
25021983
24081990
24061984
24021985
23061988
23041992
23031989
23021984
22081987
22031987
21121987
21091987
21081990
21061989
21041986
21011990
21011985
20111987
20061992
20051984
20021990
198
19631963
19091986
19011986
18101989
18091984
18011991
17081990
17061992
17021992
16051986
16041986
16021989
15081980
15051991
15031989
15031986
15021991
15011991
14785236
14111987
14091989
14091988
14051986
14031990
13131
13121989
13091990
13061989
13021984
123q123
123456w
123456789987654321
12071982
12061980
12031986
12021987
11121990
1106
11021988
11021987
11021984
1020304050
10111989
10101987
10071983
10051989
10051986
10041989
10021988
10011989
09061990
09041990
09011987
08081983
08081979
08031992
08021985
08011988
07111987
07061986
07041985
07031986
07021989
06111990
06111986
06081990
06071990
06071986
06051983
05081989
05081987
05071986
05071983
05051993
05051982
05041991
05041990
05041983
04121985
04111989
04031982
04021987
03111986
03071984
03051985
03021987
03011986
02101975
02061973
02021992
02011978
01092010
01091986
01041986
01031991
0001
z1x2c3v4b5
yinyang
xantia
wheeler
whatup
wazzup
wave
vincent1
victori
valery
tuxedo
ttttttt
trick
trample
things
thebeast
terrier
tazz
tango1
tampabay
tamerlan
susan1
surprise
sunshine1
stitch
standby
soldat
smartass
sliver
skilled
shark1
sexyone
serious
rustydog
rufus1
rrpass1
romeo1
rolex
riddle
rhfcfdbwf
revoluti
requiem
reloaded
redwine
redd
rapper
r2d2
pyon
pusyy
puppy1
pretzel
powerful
pollux
pokemo
pitchers
pinkie
Penthous
peabody
passmast
parkour
paragon
ownage
owen
oral
olemiss
nursing
notredam
notnow
nopassword
nicky
nevermin
nestor
natedogg
natchez
nanana
mustang2
motown
mazda3
mario66
mariel
marcin
mallorca
makayla
loverman
lookin
listen
liliya
libero
lian
lenochka
leland
lebowski
lavalamp
land
lake
kuan
korean
JOSHUA
joke
JENNIFER
jarrett
issues
invest
interacial
iiiiiiii
houston1
hotrats
hawks
hawkins
harriet
hardy
hardwood
harcore
grayson
golfgti
gogators
glitter
gizzmo
girlie
gilmore
geezer
gaymen
gamble
fungus
fruity
francine
fishtank
figure
estelle
encore
elmira
egorka
edmonton
edge
duckduck
dreaming
doughnut
doreen
donjuan
dirk
dickdick
diamon
darthvad
dank
dangerous
dan123
cyrus
custer
crescent
craving
crap
corner
copenhag
cook
cola
cocoa
clever
cleveland
civilwar
chess
chemist
cashflow
care1839
capitals
cantona7
budd
bowl
bong
boners
blunts
blobby
biohazard
bigtruck
bigjohn
bellagio
belkin
beach1
bama
baby123
auckland
athome
asswipe
anonymous
amiga
allday
alexi
admin1
acapulco
Aa123456
8inches
741258963
69camaro
5432
31071986
30071983
30041988
29101992
29091990
29071988
29041990
29031983
28121988
28121987
28121986
28081985
28061984
28041991
28041986
28031990
28021984
27121988
27051984
27041987
27021986
27011985
27011983
26121985
26121984
26091985
26021990
26011989
25091984
25041984
25041983
24121990
24121984
24101987
24011989
24011986
23071988
23021987
23011992
2212
22101988
22091983
22081990
22081985
21071986
21071983
21061987
21051989
21051983
21011986
20121985
20111984
20071985
20011985
19101989
19101982
19081991
19031990
18081989
18051982
18041988
18041983
17111989
17111982
17101991
17091991
17051993
17051991
17011986
17011985
16081985
16071986
16061984
16021982
15121989
15111987
15111985
15101983
15081984
15041983
15031984
14101989
14081986
14061985
14031985
13121990
13111986
13111985
13101990
13101985
13081988
13081982
13071992
13051991
13051988
13041991
13031992
13031990
13021992
1234qaz
123456g
12345677
123456123456
12061990
12061984
114477
112233445566
111aaa
11101990
11081985
11081984
11081983
11031991
11031990
11031987
10121991
10121989
10111983
10071991
09051983
09031991
08091988
08081985
08031991
07031988
07031985
07011989
06111984
06071988
06071985
06031988
06031984
05121985
05121983
05101986
05061987
05051988
05051980
05021989
04121987
04121986
04051990
03101983
03081984
03021982
02101982
02101974
02091979
02091974
02071991
02071974
02021974
01111990
01091984
01071989
01061985
01041981
01041979
010181
01011950
zach
z12345
xxx
womam
waterman
waterfal
wanrltw
vegitta
vaughn
uuuu
turtles
trueblue
trinity1
trinitron
trenton
totoro
tortoise
topolino
ticklish
think
tetris
sweetheart
supersonic
strife
strelok
stanley1
source
sonora
sonic1
socks
smurf
smother
skolko
skipper1
simons
shitshit
shakur
seductive
screwyou
sashka
sandra1
salsa
riversid
riverrat
ringer
richar
redlight
rambo1
raining
Qwerty123
qweasdzx
quick
qqwwee
pro100
prime
powerman
pooky
poiu
player1
pic\'s
phish1
parlament
panic
pack
outsider
orgy
oaktree
noel
nightwin
neil
natalie1
monkeyboy
mindy
migue
metoo
messenger
menthol
memememe
marauder
makeitso
madagaskar
londo
ljxtymrf
liza
kikimora
kathy1
kamilla
kamikadze
kakashi
jupiter1
ismail
integral
ibrahim
husband
HUNTER
houhou
hooyah
holla
hemlock
harmon
harle
happines
hand
hammer1
greywolf
gone
godbless
gizmodo1
gigi
gareth
ganja
galary
freddy1
foreplay
follow
fisherman
feline
favorite
exeter
espana
eighteen
dynamic
downhill
doit
dixie1
dimadima
dilbert1
deltas
deerhunt
dasani
cypher
cyclones
crispy
coolhand
converse
computer1
comeon
clint
Christin
chewbacc
chappy
cbr900
capcom
calypso
calling
BUSTER
buford
bucky
boroda
blueberr
blah
bismark
bettina
bendover
bedlam
basil
baboon
attract
asshol
asdfqwer
animated
andrews
amelie
alfonso
alexa
aircraft
ahmed
999888
902100
8765432
789632145
56789
56565656
444555
32323232
31121992
31081985
31071985
31051990
31011983
30071990
30061986
29091986
29071990
29011983
28101988
28091984
28081984
28071989
28061990
28051981
28031984
27121986
27081989
26111987
26051987
25121982
25091988
25071989
25071986
25051992
25051990
25011991
25011988
24121985
24081987
24071989
24061990
23111990
23081986
23061983
23031988
23021990
23011989
23011988
23011984
2233
22111991
22031990
22021984
22011991
21212
21121984
21031991
21011992
2012
20091984
20071990
20071981
20061989
20051992
20041981
19601960
19121986
19121985
19101983
19071985
18011990
18011989
17121990
17081992
17081988
17071991
17071984
17041990
17031991
17021988
16111987
16031987
16021983
16011990
15101987
15081985
15021988
15011992
14121986
14111989
14091982
14071983
14061982
14021988
1357908642
13121984
13081990
13081984
13021989
1236
123456789r
12091987
12071985
12071983
12051993
12041985
1138
11111983
11111979
11091983
11081992
11071984
11041988
10121979
10111988
10111981
10091989
10091988
10081988
10041982
10021985
09121983
09011991
08061989
08041988
07081989
07071986
07071980
07041986
07021990
06101991
06081985
06071987
06031989
05101983
05071991
05071990
05011990
04111986
04081989
04051983
04041984
04011988
04011987
03101989
03101988
03091991
03081990
03081988
03071989
03061989
03051993
03041990
03031989
0303
03021989
03011984
02111989
02081990
02081972
02081971
02061992
02061975
01081980
01071985
01061984
01051983
01021986
01021980
zxccxz
zurich
yellow1
wonderfu
whores
weller
websolutions
websol76
weapon
visitor
vincenzo
tttt
triplex
trey
timoxa94
tictac
tgtgtg
tennis1
teensex
tbird
tata
Tasty
talk
summe
stoppedby
stanton
spunk
sprocket
spook
spiffy
soulfly
softtail
soccer11
slash
simple1
sickboy
showing
sentry
scouts
satchmo
sasha123
sasa
sapphic
rodrigo
ripped
rhjkbr
rfhfvtkmrf
reuben
redone
qian
q1q2q3q4q5
popcorn1
poop123
pitcher
pilgrim
persian
opus
ophelia
onlyone
ocelot
nokia5800
nnnn
nestle
nachos
myspace1
myporn
mustan
mouses
mouser
moto
mongo
melani
meier
maximka
matri
matisse
mashka
martian
markmark
margot
manunited
manu
mangos
magic123
lululu
ltkmaby
love1234
lock
lizzard
lilwayne
lennox
lauren1
LasVega
laserjet
laser1
lancia
kontol
knight1
kismet
Kinky
Killer
kappa
julio
jordon
johnny1
jetta
jehovah
jarrod
huskers1
humphrey
hotel
hookers
homepage
holger
guan
griffith
greenman
greedisgood
golfpro
gogogogo
glover
giovanna
getoff
gerry
gavin
gateway2
gangbanged
funk
fuckme69
frosch
frisbee
freestyle
foreskin
foofoo
fishcake
field
fidelity
festus
dunbar
dtkjcbgtl
dougal
dogfart
diva
dipstick
dipset
deadspin
davedave
darkone
daredevi
cullen
corinna
continue
color
chachi
cfvceyu
caracas
bukowski
blonds
blazers
blackbird
blackberry
bizzare
bismarck
bertram
beebee
beckham7
becca
beavers
beat
bauhaus
BATMAN
barrage
baronn
baltimor
baddest
babybear
azrael
aviator
ass123
aside
asdfg123
apricot
analog
althea
allen1
alain
aimee
agassi
abraxas
aaa123
a1a2a3a4
999000
99762000
986532
918273645
852258
7grout
741258
3535
31101989
31051988
30061982
3000
2hot4u
2929
29121985
29091991
29081983
29071987
29061987
28111987
28111986
28091992
28091985
28061983
27101990
27071984
27051989
27041989
27041988
27031985
26091991
26091984
26081985
26071990
26041984
26021985
26011981
25121989
25091985
25051984
2501
24101985
24071988
24071986
24051987
24051986
24041992
24041991
24021987
24021986
23101988
23081984
23041990
23031985
23021993
22111989
22101991
22041993
22041990
21091988
21091986
21091984
21051985
20spanks
20091983
20031984
20011991
20011984
1z2x3c4v5b
1q2q3q4q
1911
19101993
19081985
19061986
19061984
1906
19041992
19041987
19031980
19021982
18081986
18071988
18051985
18031981
18021993
17101990
17091984
17021990
17021982
16121985
16121982
16111983
16091991
16061992
16031985
15111991
15111990
15101992
15091990
15091983
15071984
15041985
15031985
14121987
14101985
14091991
14081991
14081989
14031984
13121988
13071983
13061984
13061983
13051989
13051985
13011985
13011981
123456v
123456d
123456987
12101987
12051992
12041983
12031989
12021986
12011988
1126
11101987
11101985
11081982
11071983
1107
11041983
11031984
11031982
11021991
11011980
10111987
101090
10101993
10051985
10051983
10031986
10031985
09101986
09071990
09071984
09061989
09051985
09011985
08061990
08041989
07101985
07091985
07031991
07021986
07011988
06101986
06061989
06061982
06051989
06031985
06011987
05051992
05051983
05031988
05031986
04121988
04121984
04071983
04051984
04041995
04041989
04031990
03091986
03031983
02061970
02051974
01111987
01081988
01071980
01031987
01011961
000666
000000000
zxcvb123
zulu
zone
ziggy1
zelda
werwer
werter
wayne1
warwick
wachtwoord
vvvvvvvv
vvvvv
volleyball
virago
valleywa
union
trumpet1
trooper1
tribble
times
thinking
therapy
tessie
termite
tammy1
taichi
taffy
sylvie
Sunshine
suckcock
stopit
squirts
sopranos
sluttey
silicon
shot
shine
sebora
seadog
schumi
sarasara
roxy
rosewood
rhfcjnf
rfrfrfrf
rene
randolph
ramjet
qwerty13
qweasdzxc123
prophecy
princess1
prayers
pjkjnj
pimpdaddy
peavey
pearl1
pass1
paperino
paisley
opiate
objects
noles1
noles
nightowl
Nicole
newuser
negative
naughty1
myworld
mustang5
montana1
mogwai
mini
metro
metal1
mercer
melisa
mazda323
mastermind
marbles
mantra
MAGGIE
magenta
locust
lockout
line
lehjxrf
lawman
larsen
killian
jurassic
jimbeam
jefferson
James
italiano
hydro
horton
hilltop
hhhhhhh
henrik
hellas
hejhej
heavenly
hamper
halloween
ground
graduate
godiva
gigabyte
gentle
garlic
galileo
fudge
freedo
forbes
flesh
fivestar
export
estrell
equinox
england1
emanuel
elway
eldiablo
ekmzyf
done
diana1
density
denied
danish
dani
crumbs
creepers
CORVETTE
cool123
commander
climbing
ciaociao
chickenwing101
case
camero1
buddydog
bucker
bremen
bradley1
bp2002
bluejay
bisexual
Benjamin
asses
aragon
angell
amatory
abdullah
Abc123
9111961
895623
7878
777555
7474
6789
515051
3825
31101986
30101990
30101984
30051984
30041992
30031989
30011983
29101991
29101985
29011992
28111984
28091990
28091987
28091982
28051983
28031986
28021981
27071991
27071982
27041993
27031983
27011986
26121990
26121983
26101989
26101984
26091989
26091988
26031992
26011993
26011987
25252
25101990
25101986
25091986
25031988
25021987
25021978
24101980
24051985
24021990
23232
2312
23111985
23111982
23091988
23091983
23081990
22111982
22101985
22051980
22041983
22011989
214365
21121980
21041989
21021984
21021983
21011987
20081987
20062006
20061981
20021981
1qazxsw
1million
19611961
19091992
19081988
19061989
19041988
18111989
18111984
18091991
18081987
18061988
18041985
18031993
18021982
17111986
17081984
17011701
16121989
16101985
16091986
16081988
16071983
16041993
16041990
16041984
16031991
15081987
15071989
15061983
15041993
15041989
15041982
15021989
14121988
14111988
14061984
14041989
132132
13121986
13111988
13071988
130680
13051983
13031985
13011984
13011983
123456789v
123456789o
1234567890z
12111987
120986
12041994
12041984
12021980
1202
11121984
11111982
1105
11021993
11011985
11011982
10121984
10101983
10091991
10051993
10051984
09121987
09071987
09071986
09051988
09041988
08101989
08061988
08031983
07121987
07081982
07061990
07051989
07051988
06121988
06111985
06091987
06051990
06041989
05121986
05071989
05061985
05041984
05021991
05021985
05011988
04121982
04091991
04091987
04081986
04021988
03101984
03091984
03081992
03071983
03061992
03051989
02121990
02121983
02041970
02031993
02011974
01101985
010989
01081991
01071983
01041982
01031990
01021991
000999
zxcvzxcv
zinger
youknow
wsxedc
worker
woodman
Williams
willi
willem
willard
whoknows
whales
wertzu
website
wdtnjxtr
waldo
vfcnth
vbienrf
underwear
unbelievable
torture
topsecret
thirty
Taylor
taylo
tadpole
Sweet
surveyor
squerting
spooner
spock1
solace
smithers
smile1
smalls
slipper
slimjim
shoe
senate
sealteam
sarita
ruthie
root
ronaldinho
rice
reveal
RANGER
quant4307s
qaywsx
prototype
protocol
princesa
prague
poppy1
pizzahut
pharao
peddler
passord
oswald
olympia
ntktdbpjh
nokia123
nicetits
muffy
mpegs
mousey
mississi
mikkel
midland
merchant
mendoza
mart
mamochka
mailru
lunatic
lucky123
lourdes
London
libertad
legman
kristie
kenzie
kenny1
justice1
jonesy
instinct
infected
indon
indain
ilya1234
iiiiiii
housewifes
honesty
highlife
heyyou
hatter
hartford
happyman
hannes
hancock
graves
goodyear
godspeed
glenda
gizmos
getlost
gators1
fynjirf
fuller
fresno
frazier
foxfire
flvbybcnhfnjh
flanders
fishy
fighting
ender
elmo
edcrfv
eagle2
dtxyjcnm
dresden
divers
dinger
dingbat
dfytxrf
dfhdfhf
demon1
decimal
daredevil
DANIEL
DALLAS
daffy
cool12
comets
clean
chitown
celina
candies
came11
bustle
buddies
brenna
break
bramble
bite
bismilla
bigbucks
bibi
benton
benji
bdfyjd
batista
bandit1
Bailey
baberuth
axio
aspirin
asdasd123
arctic
angel2
altair
alessand
alcatel
aladdin
access99
abacus
aaaaa1
8888888888
828282
707070
6669
3rJs1la7qE
34343434
31121983
31031986
30111986
30101986
30081990
30071985
30031987
30011980
29121986
29111983
29091985
29091982
29051988
29051986
29051984
29031989
29031986
29021988
28111990
28071983
28051992
28041989
28031991
28031988
28031983
27101992
27071990
27071985
27061984
27021987
26111989
26061983
26031985
26021989
26011988
258000
25121990
25111989
25111986
25041989
25041980
250388
25031992
25031986
25021990
25021989
25011987
24681012
24121982
24111983
24091990
24081986
24061989
24021989
23071984
23061980
23051988
23041985
23011991
23011982
22121982
22111990
22101987
22101981
22041989
21121992
21061990
21051987
21051984
20121987
20111985
2011
20051981
20041992
20041984
20031980
20021983
20011981
19121987
19081983
19021988
18101990
18101988
18081990
18071983
18021991
17121983
17101992
17091986
17051986
17031988
17031984
17031983
17021983
16111986
16101989
16081991
16071988
16071985
16061989
15121990
15121986
15101984
15071992
15061987
15051982
15031992
15021987
15011981
14789
1475369
14725
14111990
14091986
14081982
14061990
14041984
14031987
14011991
13071993
13051992
13041984
13031980
13011993
124038
123581321
123456as
123321123321
1217
12121981
12121977
120786
12051981
12041989
12011991
11111989
11111988
11091987
1108
11071990
11051991
11031992
11021992
11021981
10121982
101080
10101992
10101982
10071984
10041985
09121985
09121982
0909
09071988
09061991
09051981
09031990
08101987
08101980
08061992
08061985
08021991
07101989
07091987
07081992
07061985
07041990
07041983
07021984
06101987
06101985
06091991
06061983
06051985
06021988
05111992
05091985
05081985
05031989
04111992
04061982
04051989
03121985
03091987
03081987
03071992
03071990
03051984
02091972
02081978
02041991
02041990
02031995
02031976
02021993
02021975
01121985
01121984
01101990
01091980
01091979
01081986
01071991
01061979
010190
010170
yorkie
yfcntyf
wiccan
vodafone
vixen
vicky
vgirl
vfhujif
valeriya
trista
trent
total
tobydog
titman
timur
tickling
tequier
teller
teaser
tatjana
SUPERMAN
stooge
STEVEN
starlight
splendid
special1
sophie1
sokolova
smooch
skydiver
silk
sierra1
shurik
shredder
seaside
saxophon
sammys
salvatore
sable
rubicon
rotary
rockrock
rocco
roadway
rjhjdf
rjcvjc
ribbit
rhythm
rhino1
racers
qpalzm
pusssy
pulled
puffer
powpow
pounding
poon
playboy2
plane
place
pisser
pissed
pinto
piggies
petrovich
patrik
pasha
paradis
paige
osprey
openit
oneone
nian
nbvcxz
nate
nancy123
mytime
morena
MONKEY
mona
molly123
mizuno
mimosa
mike23
maxpower
maxi
marcella
malinka
malika
Maggie
loveis
loop
locoloco
lizzy
livewire
lipton
lionheart
lesbain
lahore
labia
kurtis
kubrick
kontakt
keith1
kara
joystick
joelle
jingles
jennifer1
jeepers
info
infamous
image
hugoboss
hotlips
hospital
horatio
hogan
hero
Groupd2013
golfnut
godawgs
girlies
gianluca
ghbdtnrfrltkf
ghbdtndctv
getit
gdtrfb
garner
fujifilm
fringe
freaked
frankie1
fmale
fleming
flathead
fisherma
fffffff
feathers
favorite2
farida
fantasies
famil
experience
envelope
dust
Drunk
dragonfly
doodles
donna1
dicker
desktop
debra
dealer
dasha
darkelf
cumm
cornhole
corina
cooper1
coochie
close-up
Charlie1
charle
chadwick
carsten
carlos1
canine
canada1
cali
caddy
bundy
bullit
bracken
bourbon
blueberry
blink
blackhawk
binder
bikers
bigblack
bigal
benjami
bengal
belair
beethove
bandi
antonov
anthony7
andyandy
amonra
alyson
alexxx
alexus
alexander1
address
acclaim
aaabbb
aaaaaaaaa
a1b2c3d4e5
987654321a
919191
85208520
748596
74123698
31101988
31071983
31011989
30121984
30111990
30111989
30071987
30061981
30051992
2sweet
29091980
29081986
29041992
29031991
27101986
27081985
27071989
27071986
27051992
27051985
27031990
26111986
26021988
25121983
25111992
25031993
24051979
24031985
24021983
24011992
24011991
24011983
2369
232425
23121983
23101990
23091994
23081991
23081988
23041989
23031991
23031980
23011980
22121985
22101989
22101983
22031989
22021992
22021987
22011993
22011987
21111992
21091985
21071994
21071982
21061983
21031981
20121990
20121982
20081988
20081985
20081984
20042004
20031983
20021992
20021989
20021987
20021980
1qaz2wsx3edc4rfv
19121982
19111984
19081992
19081990
19021987
19021986
18121992
18111988
18071981
18061992
18061984
18051992
18051986
18041987
17081989
17061985
17061983
17051992
17041984
17031985
17021991
17011991
1664
16111984
16101992
16081989
16061983
16041987
16011983
159753456
15081983
15071991
15061990
15051983
15041990
15041986
14111984
14111982
14061983
14051993
14051985
14021992
14021984
13121987
13091985
13081991
13011986
123456c
1233
12121980
12091983
12081989
12041978
12031991
12031984
1177
1127
1113
11121989
11121981
11091988
11051985
11051982
11051979
11041993
11031989
10121990
1009
10031992
10031984
10011987
09101988
09091991
09091987
09071991
09061986
08121989
08091989
08081992
08071983
08061984
08021988
08011987
07081983
07051992
06121982
06071989
06051988
06041990
06021984
06021983
06011991
06011986
05121989
05111982
05031984
05021993
04111987
04101988
04091985
03091990
03051981
03051979
03041988
03041985
03031994
03021990
03011990
03011985
02121988
02121986
02121981
02091990
02041971
02031972
02031971
02022009
01121989
01101986
01081984
01061989
01041991
01041984
01020
001122
****
zebras
yaroslav
Yankees
worm
woods
womble
wage
waffles
volvo1
vince
vantage
vampire1
tucson
tribe
treetree
traktor
tonytony
taztaz
swiss
survey
sugars
storms
stokes
starfox
star123
squid
smirnova
slava
slapnuts
skunk
sizzle
shimmer
shaker
scrotum
sandberg
samuel1
samir
russ
rowing
roosters
romania
rocky2
riley1
rfgbnjirf
redleg
reboot
rebelz
rams
quake
punani
puddles
profile
producer
PRINCESS
poster
portia
poisson
plants
pictuers
pictere
picnic
picher
pennywis
peanut1
paulin
passfan
p0o9i8
orgasms
nosferatu
norfolk
nono
noah
nnnnn
nfhfrfy
newness
neutron
nathanie
musician
morgana
moonman
monste
monkey69
meteor
mercury1
meggie
medic1
mainland
Madala11
ludacris
luckyme
lovehate
lonnie
locutus
lockerroom
loader
lily
letsfuck
landmark
lacoste
kitties
kick
kakarot
juju
jojojojo
Johnson
jennings
jarjar
janjan
jachin
inna
indira
hydrogen
huan
horsemen
honest
hippo
higher
helios
harpoon
hackers
goofball
gerber
georgina
gaylord
garrison
fucks
froggie
francisco
flowe
faraon
eyes
esprit
eloise
ekim
ejaculation
dunhill
dragon123
drag0n
dominique
dogmeat
dive
dirtydog
dima123
didier
devilman
daydream
dasher
darian
daniell
daddys
crazyman
corps
contour
consult
comp
catfight
carpediem
carola
carmine
carme
canton
canary
buster12
buffa
buddy2
bucks
bryan1
browndog
bread
Brandy
boston1
bonovox
bmw318
bmw2002
blunt
blackops
blackice
Black
biguns
bigjim
big1
beverley
bellaco
beerme
basement
band
bajingan
badboys
badabing
ayanami
audia6
atreides
Ashley
asdas
argyle
architec
ankara
Amanda
allah
advanced
abc123456
a1s2d3f4g5
9874123
666333
6661313
651550
5151
31121982
31071988
30111982
30101985
30091987
30081986
30071991
30071982
29111985
29071993
29051991
29011991
29011980
28111982
28101991
28091988
28041990
28021988
28011991
27121990
27121981
27111992
27111984
27081988
27031984
27021985
26071985
26061990
26041987
25111985
25081994
25071984
25051986
25051983
24111988
24111985
24111982
24091988
24091984
24081985
24051991
24041987
24031989
24031981
24031980
24021984
24011988
24011984
23051989
23041984
23041983
2300mj
2244
222111
22061982
22051985
2205
22021994
22011990
21121991
21101980
21091991
21081991
21081988
21081986
21061991
21041988
21041983
21031992
20101984
20101982
20091985
20021993
1Michael
19621962
19091987
19091980
19071991
19041993
19041989
18121988
18111985
18071991
18051984
18041984
17091981
17081987
17061982
17041988
17031986
16091992
16081980
16061981
16041992
16041989
16031992
16011988
15121984
15101985
15061993
15051993
15021984
14071989
14061986
14031991
13111989
13101986
13091982
13081983
13041986
12349876
12345d
123456f
12345687
123456789123456789
121121
12091989
12091985
12061989
12061985
12051983
12041982
12011992
1110
11081991
11081980
11061992
11061980
110442
11041992
11001001
10241024
10081981
10011985
0o9i8u7y
09111988
09111983
09101984
09091985
09081986
09081984
09031992
09021987
08111987
08081984
08051983
08041992
08041990
08031989
08031980
07121984
07111982
07101983
07081985
07071994
07061991
07051986
07011980
06081991
06081983
06031987
06011984
05071987
05031992
05031981
05011989
04101992
04081992
04081982
04081978
04071985
04051986
04041992
04041982
04031984
04011986
0311
03081985
03071980
03061991
03061990
03021992
03011992
02121985
02101972
02101970
02051971
02041992
02031992
02022010
02021972
01121980
01091990
01051992
010185
01011996
zxcvasdf
zoomer
zimmer
wyatt
wrinkles
wifes
wendell
wdtnjr
warcraft3
vulva
visited
violator
vika
verena
utjhubq
tugboat
tracy1
toasty
titi
tickler
thumbnils
terran
tangerin
tailgate
tabatha
sweeney
suntzu
stripes
stonewal
spiderman1
sometime
slow
sleeping
skeleton
sickness
shield
shanno
shane1
sexymama
seaman
scorpions
satellite
saibaba
ruth
rugrat
romario
rochard
return
rapier
qwedsazxc
quaker
popopopo
piston
pinch
pianos
paxton
pavlik
passcode
orang
ooooooo
omar
olympic
ohmygod
offspring
offroad
odin
nothing1
nokia5530
nnnnnnn
nimitz
niggers
Nicholas
nexus6
nassau
nash
mygirls
murphy1
motocross
monterey
misses
minnesot
mike1234
methos
meonly
melanie1
marcela
mannheim
macaco
load
livelife
lionhear
linux
lighthou
lfybkf
letme1n
lapochka
lakshmi
konyor
kobe
knickerless
kelli
karl
kaka
jupiter2
julia1
Joseph
josep
jolene
jkjkjk
jian
jesus777
jesse1
jediknig
japanees
icecold
hybrid
husky
horror
homely
hocke
hobart
hillside
gutter
gulnara
guillerm
gucci
graywolf
goofy1
goats
GINGER
gfynthf
gfgfvfvf
gayboy
gaucho
garland
Gandalf
galway
fuzzy1
forester
firestorm
firedog
finalfantasy
fernande
fantom
euphoria
euclid
estate
escorpio
edwin
earthlin
duffy
dork
dorado
divx1
dewalt
devine
deathnote
darth
dabulls
craven
cousin
court
corbin
cooking
contortionist
confirm
comcast
cnfkrth
cheesy
charge
calvin1
caleb
buddys
bluestar
bloke
block
blender
bionicle
billabong
bernardo
Belly
beavis1
beating
bassoon
basic
b12345
audi80
asthma
asdfgh1
archery
aqwzsx
anytime
anton1
anfisa
android
aliali
alert
adelaide
aassdd
aaaa1111
963258741
911turbo
6uldv8
666555
567567
4949
42424242
333999
3141592
31101985
31071989
31071984
31011992
30091988
30091983
30011993
2wsx3edc
29101990
29071982
29061982
29031987
28111989
28101985
28091993
28091986
28071993
28071982
28061989
28031989
27121989
27111986
27111982
27081987
27051988
27041983
27011982
26121986
26111978
26101988
26101983
26041989
26031982
26021986
26011985
25111990
25091983
25071992
25061984
25051991
25041992
25021994
25011983
24111992
24111991
2411
24051988
24041989
23121984
23101981
23091984
23071992
23071981
23021982
22111986
21081980
21061980
21051979
21021992
21021991
210187
20202
20121984
20111989
20081989
20071983
20061985
20041987
20041980
20031989
20021982
20011986
1a1a1a
198888
19121978
19051990
19051989
19011990
19011988
19011981
18121986
18081982
18061993
18061982
18051991
18041989
18031989
17111979
17101988
17101985
17051985
17031989
17011992
16101984
16071989
16051991
16021991
16021986
16011982
153759
15121993
15071981
15071980
15041984
15011984
14121991
14121984
14121979
14111991
14101992
14091984
14081992
14081987
14071985
14011990
13101989
13091989
130588
13041990
13041985
13031988
13031983
13021986
13011991
13011990
123qwe123qwe
1234abc
12345123
1219
121288
12091982
12051982
12041977
12031982
120288
12021989
12021983
12011986
11121983
11121980
11111984
11101988
11101982
11071991
11061983
11041980
11031985
11031980
11011988
110011
10121988
10111985
10081993
10081986
10081982
10071980
10061991
10061990
0987654321q
09121989
09111985
09091989
09081990
09071985
09031989
09031986
09031981
09021990
09021986
08121983
08111986
08071990
08041982
08041980
08031993
08021992
07121992
07111986
07091984
07091983
07081990
07081981
07071992
07051985
07041984
06021981
05111991
05111989
05111984
05061984
05061981
05061980
05041989
05041988
04101984
04101980
04091990
04081983
04061985
04031989
03121990
03051991
03031982
03021993
02111990
02111985
02081991
02071973
02011972
01111989
01111984
01101989
01061982
01031982
01021994
01021984
zhan
zardoz
z123456
youyou
xyzzy
xxx777
woodwork
winwin
winters
winter99
wednesda
waterski
w00t88
vivid
vfpfafrf
vflfufcrfh
vfhbyjxrf
uuuuuuuu
tyrant
trout1
troubles
travis1
transexual
tonya
toad
tires
tiptop
thumper1
thetruth
terry1
taipan
swifty
susieq
supply
SUNSHINE
striper
strat
stooges
stinks
steven1
stern
Sparky
spamspam
spain
shop
sharma
sexy123
sephirot
sdfsdf
scooby1
scirocco
sativa
sarajevo
sanjay
salinas
saffron
sabre
rushmore
rodrigue
rockey
ritter
revival47
recon
ramada
qazqazqaz
qaz123wsx
qawsedrftg
punkass
priyanka
privacy
pornographic
pommes
pokey
pippen33
petite
paladin1
pakpak
pakista
orbital
openme
oldfart
nurlan
nineteen
nikon
newproject2004
nero
needle
nataha
myfriend
muschi
muffin1
motdepasse
mikado
midori
maurizio
mathias
masturbation
marty1
marta
maker
mahalo
lux2000
lovejoy
litle
libido
letmesee
leonidas
leaves
lamborghini
kraken
komputer
klaus
kickflip
katelyn
justinbieber
jumanji
John
joan
jkljkl
jewell
jessi
Jackson
internal
insecure
india123
Iloveyou
ilovepussy
hugetits
hotspur
hoochie
honeybun
hgfdsa
henti
helsinki
helium
Hammer
goose1
gocats
gagarin
fuzzball
fullback
From
freewill
fran
flint
fister
fhvfutljy
fastcar
ezekiel
evilone
editor
durham
dope
dominick
diver1
disaster
dinero
dfcbkbcf
dawgs
darrel
danilka
Danielle
daniella
crane
cowboyup
couples
corn
core
corazon
comicbookdb
code
cocacol
chowchow
chingon
checkmat
CHARLIE
cesare
cerebus
caution
carlisle
campus
camp
calendar
butch1
businessbabe
bulletin
breath
bonghit
blaze1
biteme1
bigred1
bernice
bergen
before
beeline
beef
bazooka
batman12
basketbal
baggies
BaBeMaGn
bababa
attorney
assmunch
as123456
angel666
amour
amor
allstate
allison1
alex01
alesha
aleksei
alatam
AAAAAA
987789
5757
4271
31081987
31031985
30111988
30091986
30081982
30061992
30061980
30061979
30051981
300465
30011988
29121989
29121982
29101986
29101982
29091988
29041982
29011993
29011989
28071991
28051991
28051984
28031985
28021991
28011984
27731828
27101985
27051990
27031988
27021984
26111992
26081989
26081988
26071983
26071982
26051993
25101991
25101987
25101985
25061992
25061988
25041990
25031980
250185
25011989
25011982
24091989
24091987
24091985
24081982
24031984
24031983
24021993
23121990
23121989
23121982
23101986
23101985
23091992
23081985
23041993
23041982
23011987
2277
2255
22121988
22121984
22121978
22111987
22101990
22091981
22071981
22011982
21111984
21071988
21071984
21051993
20091989
20091987
20051991
20041983
20011979
1912
19091984
19081982
19071984
19061982
19051988
19051985
19051977
19041990
19021993
19021984
19011993
18121979
18101986
18101983
18091989
180888
18081992
18071979
18061989
18061981
18051993
18031985
18031982
18031980
18011993
18011992
17121993
17121992
17091983
17081986
17051981
170484
17031993
17011989
17011983
16121990
16121983
16111992
16081984
16041978
16021984
15101982
15081992
15071982
15061992
15051988
15041980
15021993
14121985
14111985
14101990
14051991
14051982
14011983
1324
13121982
13111982
13101984
13071979
13061988
13041983
130390
13011989
123412
1229
12101983
12081994
12051980
12041980
12021993
12021982
12011993
12011979
11101984
110686
11041974
11011986
10111991
10111990
101086
10101981
10101975
10091992
10091980
10081984
10061988
10041992
10041979
10021984
10021982
09101991
09091990
09071981
09061988
09061983
08091987
08091986
08091985
08081981
08071984
08071982
08051992
08041984
08021984
08011989
07101988
07101986
07091989
07051984
07041980
07021988
07011985
06091985
06081989
06071982
06051991
06021992
06011989
05121984
05111983
05101990
05101989
05081991
05011985
05011984
04101989
04101986
04101977
04071982
04061980
0404
04011989
03121987
03111984
03101979
03081983
03051990
03031981
03021984
03021979
02121992
02101990
02091991
02071972
02071970
02051991
02011973
01101984
01101979
01081987
01081982
01071978
01051993
01051984
01021995
01011998
zorro1
yeahyeah
xxxzzz
www123
wrigley
worship
worlds
winfield
wilma
WILLIAM
whale
weewee
weenie
waiting
voltron
vivitron
vicious
vfhnsirf
vegas1
vbifyz
vanity
ursitesux
trousers
tools
ticktock
telecom
tammie
tahiti
table
swatch
swampy
susie
survival
surfsup
star12
spiders
sperm
sonja
snyder
smoke420
smith1
sinful
shiva
shitter
ShitHead
shelter
shells
sharpie
shakes
sfgiants
seville
seth
seawolf
schubert
room
robots
rising
release
rdfhnbhf
ranetki
raiden
racer1
pussy4me
pushok
present
praxis
pounded
plokij
phreak
PEPPER
password01
panache
oscars
orpheus
okinawa
nocturne
newstart
newone
nermal
nathaniel
my3sons
montoya
monolith
momsuck
mojojojo
moimoi
mistake
milfnew
mike69
metallica1
messier
mdogg
maxpayne
maryam
marlins
magdalena
macgyver
lynette
lukas
loyola
losangeles
loomis
lolololo
lllllll
Liverpool
lioness
lighthouse
lexus1
lesbean
leonie
leeloo
lbtest
laughing
laker
ladyboy
lacrimosa
kookie
koleso
kissmyas
kareem
karamba
johnnie
jigga
jeffrey1
jaguar1
indy
imtheman
iiyama
ibilltes
iamcool
hustle
hummel
honduras
homebrew
HOCKEY
hellno
heeled
heavy
hawthorn
grinder
giants1
gabrielle
fzappa
futyn007
funtimes
fruitbat
frogfrog
friday13
frenchie
forsberg
forge
fordtruc
footman
fishface
falling
extensa
evans
evangeli
esteban
embalmer
elpaso
elodie
elevator
duracell
dominika
dizzy
diplomat
dima1995
diedie
Diamond
diamante
delboy
dante1
dallas22
custard
csyjxtr
csyekz
crown
crosby
creed
costanza
corvet07
cortez
cornelia
coffees
cobra427
clueless
cjytxrf
ciao
christo
chewey
chevys10
cheeba
chat
cazzo
catfood
carling
capoeira
snoflake
ttopical
fnaf1234
noob1234
pro1234
dirt1234
minceraft
cantor
cacaca
bunnie
budlite
bravo1
bopper
bobobobo
binky
billows
BIGDADDY
belize
Barney
avanti
athletic
astro1
ASSHOLE
armored
angelit
angela1
ameteur
amalia
aerosmit
adventure
adrianna
administrator
addicted
acid
aceman
abcdefg1
abbey
837519
7410
630112
615243
3edc4rfv
31081990
31071991
31071982
31071980
31051977
31031982
30121990
30101991
30091992
30081988
30071989
30071979
30051991
30041990
30031985
30031984
30011989
29121981
29111982
29101984
29091984
29071981
29061991
28111988
28091989
28081988
28051980
28031981
28011985
27121982
27091988
27041986
27031993
27031991
27011987
27011981
26081987
26051985
26031980
26011991
25121988
25121984
25111982
25111978
2510
25071978
25051981
25041986
2504
25031989
24111981
24081984
24031991
231287
23121991
23111988
2311
23101992
23081992
23071989
23051980
23041996
23021977
22121992
22111983
22081981
2208
22051984
22051982
22041992
22041984
22031981
22011984
21121978
21111988
21101984
21101981
21081989
21061993
21061992
21041984
21011984
21011981
20091990
20081982
20071993
20061982
20011992
20011980
1Qwerty
1a2s3d4f5g
19111988
19101988
19101985
19101984
19091985
19081984
19051981
19021983
19021980
18181818
18111990
18101991
18091983
18041992
18021989
17121991
17101980
17071988
17051979
17041989
17011984
16091984
16081990
15101989
15091986
1500
14121990
14121983
14111983
1411
14101984
14081984
14051992
14051981
14051977
14041982
13121980
13111991
13101993
13101983
13071994
130686
12locked
1234KEKC
12345w
123456y
1234567aA
1213141516
121281
12121983
12111981
121088
12091984
120488
12041993
12011995
1134
1130
1128
11111978
11101989
11081978
11041989
1100
1019
101077
10101984
10061983
10031983
10021993
10021990
10011001
09091984
09061987
09051991
09051989
09051975
09041991
09031985
08121985
08121984
08121982
08101985
08091984
08081982
08061983
08031990
07121988
07111985
07101990
07091986
07011986
06121989
06121986
06081992
06081984
06081979
06041986
05111985
05091992
05091991
05081983
05081981
05081977
05061982
05051984
05011992
04101991
04091989
04071989
04061993
04031994
04031985
03101990
03101986
03081993
03081991
03061982
03051982
03051980
03011989
02101971
02091993
02091970
02071990
012345678
01111988
01101982
01081978
01071981
01051979
01042000
01012006
01011967
010100
00001111
zzxxcc
zxczxczxc
zimbabwe
yfnfirf
woodstock
wingzero
wellingt
webcam
wanda
vova
vorona
virgo
videoes
veronic
vaness
tulip
truffles
tortuga
topspin
tkfkdg
tical
tiberian
thick
teapot
swim
superbow
stirling
stephens
Steelers
start123
sparhawk
sounds
somebody
sodapop
slasher
skin
sixteen
silverado
shrink
shinji
shawn1
Shadow1
sexpot
serge
scumbag
school1
scenery
saxman
santiag
sammydog
samdog
saltydog
sail
s12345
Robert1
RICHARD
rhodes
rfhlbyfk
reznor
rehbwf
redwall
rapture
quaint
q1q2q3q4
pupkin
prosto
pregnant
pioner
pilots
phones
phantom1
petrus
patti
paola
orwell
opera
oedipus
nurse
nownow
nonstop
nickie
neworder
needforspeed
narut
nadejda
mutley
murph
muffins
morrow
morgoth
monkeyman
monies
maurici
Marine
margo
manatee
ltymub
lol12345
lisenok
lingerie
lilman
lesbos
lasers
landrove
lambchop
ladybird
L58jkdjP!
kristin1
klopklop
kjiflm
kidney
josephine
jonboy
jonatha
jolly
jessica2
jasons
jacket
Internet
impulse
illmatic
icarus
hunter12
hose
hondacbr
greentea
greatest
graphic
GOLFER
goarmy
gloves
glendale
ghjdthrf
gfhjdjp
gecko
Gandalf1
fucmy69
fubar1
fruit
friends1
frederick
fozzie
foxfox
firehawk
fernanda
fantasti
emine
eatme1
ducky
drywall
dreamcast
dragon01
dodo
disturbed
diapers
dianna
delphine
deepthro
daedalus
cummer
crissy
cows
coaster
click
chooch
chinchin
chewy1
cherie
chemistry
chateau
cedars
casablanca
burgess
buffer
buckwhea
buckaroo
brick
branch
boogers
bonzai
blanked
bigpenis
bertrand
belly
beachbum
barnie
banaan
balboa
arnaud
armageddon
arizona1
altec
alpina
allied
alley
aligator
alfarome
Alexander
adrock
acdc
a111111
9090
890098890
753357
666666666
6543210
6464
5858
555222
4455
3984240
3698741
31101983
31081982
31051989
31051983
30071988
30061990
30061984
30041984
30041983
30031979
29121992
29101989
29091989
29091983
29071980
29041980
29021984
29011984
28111985
28101989
28101979
28061981
28011986
27111978
27081984
27021988
27011989
2663
26121988
26121981
26111988
26101985
26101981
26081990
26051992
26051989
26031989
26011992
26011984
25121991
25091982
25071981
25071980
25061983
25061981
25031985
25031982
25011984
2412
24101994
24071982
24051984
24041983
23121988
23111991
23111984
23111983
23081983
23061991
23061986
23051981
230383
23031984
23021978
228228
22334455
220689
22061992
22041982
21101990
21101982
21091982
20111991
20111990
20101992
20101990
20101985
20071987
20021984
20011990
1a2a3a4a
19121990
19111990
1908
19061988
19041983
19041978
19031986
19021992
19011982
18121989
18111992
18111982
18081985
18061983
18061980
17121988
171186
17101989
17091992
17091982
17091979
17071992
17071983
17061993
17051982
17041983
16121988
16101991
16071993
16061991
15101981
15061994
15061991
15041981
150385
15031994
15031983
15011993
15011982
1432
14101993
14071984
14061987
1406
14041993
14041976
14031980
14031978
14011984
14011982
13245768
13081978
13061981
13041992
13021995
123mudar
123456789l
123456789123
12345612
12340987
121282
12111988
12111986
12111982
12071980
12051984
120489
120485
12011984
12011980
1122334
11121991
11101979
11091992
11091991
11081993
11051983
11021983
10111982
101082
10091983
10061980
10011982
09121992
09101982
09091979
09081989
09061984
09051978
09041982
09021991
09021985
08101984
08091981
08081991
08071991
08051986
08051985
08051984
08031982
08031977
08021986
07121985
07071983
07041979
07031984
07021985
06121987
06111982
06061991
06061984
06041991
06011990
05111990
05101987
05051981
05031983
05021990
04111990
04111985
04101990
04071990
03111992
03091982
03071991
03071978
03061983
03021988
03011988
02081994
02041993
02021994
02021970
01121982
01111983
01101991
01061991
01031992
01031976
01021983
01011966
01011965
zhuan
ytngfhjkz
yourmama
yoshi
yitbos
wsxzaq
wingchun
wing
wilhelm
wildlife
welcome2
wednesday
wakeup
vorlon
valiant
undertow
uncencored
ttttt
true
trotter
trailers
tooth
thrust
thomson
thighs
temptress
tanaka
swing
swift
sverige
sunkist
sukebe
submarin
sublime1
Steven
starbucks
sparty
spalding
sosiska
sorrow
songbird
snapshot
smeller
smack
slipkno
sigrid
shevchenko
sheryl
shawnee
shaft
sevenof9
sentra
seahorse
scroll
santacru
sandman1
salesman
safeway
rt6YTERE
rosa
rodent
rktjgfnhf
rjitxrf
riddler
richter
rewind
reeses
raymond1
rasta69
ransom
Ranger1
ramstein
ralph1
radeon
radar1
qaz741
prudence
privat
prestige
Porsche
pork
poets
planner
pietro
Pepper
pdiddy
paramore
papabear
paddy
otter
optima
omegared
norwood
nope
nonmembe
nigger1
NICOLE
newyear
nastenka
munster
morticia
morozova
Morgan
moochie
monkey123
Monkey1
milkyway
michelle1
merrill
maya
MATRIX
masterbaiting
marajade
manders
man
maddux
m12345
m0nkey
luigi
luckys
lucian
loves
longshot
list
lever
letmeinn
lebanon
lbvjxrf
krasota
kostik
kombat
kenneth1
kbctyjr
kavkaz
katya
johnston
Johnny
jayman
janina
iron
ireland1
irakli
humbug
hulkster
housewife
hotmama
horse1
hellohel
headache
halo
gstring
grils
gorillaz
goodsex
goldrush
goatboy
gitara
girfriend
gerhard
gate
Garfield
gamer
furious
fuking
fuckthat
fuckm
fraggle
fourteen
four20
fokker
flipper1
flavor
flange
fireblade
fhntvrf
feeder
fartman
faisal
evildead
everyday
ellis
east
dumb
dropkick
drifting
dragrace
doorknob
domenico
dima55
devious
derick
dempsey
debora
daytek
danman
daniel12
cristin
creator
crash1
costaric
correct
corky
contests
collect
clerks
clemens
chuan
chris2
chris12
cecil
caitlyn
Buster1
bugsbunn
bubblegum
broad
breezy
breathe
bosshog
boris1
boingo
bogota
board
blondinka
bliss
blackbelt
bills
bigdad
bigd
berserk
benedict
belinea
bedrock
bebe
beatriz
basher
baron1
barks
balrog
BaBeMaGnEt
babel
avery
asslover
asscock
aslan
anna2614
alvin
allman
alla
alessio
ajax
agent
adidas1
abbey1
959595
90909
78787878
74227422
74107410
665544
5353
4343
43046721
3737
316316
31121991
31101984
31031989
31031980
30101983
30101982
300785
30051980
30051979
30041982
30031991
30031983
30011991
29121990
29101988
29091977
29061983
29041993
29011986
28111983
28101992
28091991
28091981
28081989
28071990
28071978
28061991
28041980
28011983
27111991
27111988
27091990
27091989
27061980
27051983
27011984
26111991
26111982
260989
26091990
26091987
26071992
26031983
26011979
25101983
25101978
25071991
25051993
25031994
25021992
25011994
24101983
24081992
24071984
24071983
23101984
23101982
23071991
23071990
23071982
23061984
23061976
23051978
23031992
2303
23021981
23021975
23011983
23011981
222555
221288
22111979
22091989
22081992
22081989
22051981
22041976
22011983
22011975
213213
211212
21091980
21061984
21041994
21041993
21041978
21031989
2101
20071992
20071989
20041989
1password
1a2b3c4d5e
19111989
19111981
19091982
1909
19071994
19051980
19041981
19041980
19011991
18121980
181181
18091988
18071980
17111984
17031990
17021981
16161616
16111988
16111985
16091985
160888
16081992
16081983
16071982
16071980
16041991
16031993
16021985
15111981
15101979
15091981
150787
15061986
15051980
15041992
15041991
15031975
15011989
14785
1478
1425
141516
14121993
14121980
14071990
14071980
14051979
14031982
14021982
14011992
13111987
13091980
13081981
13061982
13041981
13011992
123698741
12345v
12345k
123456789p
121289
121283
12101979
12091992
12081992
12081981
12061994
12061992
12051991
12031992
12011990
1116
11121992
11111992
11101983
11101980
11071980
11061993
11031993
11021994
11021989
1040
10121992
10121976
10101977
10091993
10071993
10061992
1006
10051992
10041993
10031981
10021989
10021981
10011993
10011991
10011984
0987654
09091982
09081987
09061981
09041984
09021982
09011992
09011989
09011980
08111991
08111990
08041981
08011980
07121983
07081980
07071993
07071978
07061984
07041982
07041981
07011987
07011982
06121991
06121985
06111987
06111983
06091990
06091988
05101988
05091984
05061991
05041987
05021981
05011983
04121989
04101985
04091979
04071992
04071984
04051982
04021986
04021984
04021982
03081980
03081979
03061977
03041992
03021978
02121989
02121980
02111986
01101980
01061993
01051974
01031993
01011968
zooropa
yyyyyyy
yeshua
xoxoxo
wyvern
wine
whites
whateve
washer
wapapapa
vtldtlm
victory1
verygood
vancouver
uuuuu
ussy
uncle
udacha
twin
twat
tunnel
tricks
toulouse
torrent
tooltime
tonto
tokyo
tito
tippy
thought
theboys
thatsme
thanos
tequiero
sunderla
succes
starlite
sooners1
songoku
snowy
snowflake
sniper1
sledge
skynet
skills
skeeter1
singapore
silve
shuan
shinigami
shimano
seventeen
sestra
seabass
scout1
scoobie
sanity72
samadams
sachin
saab900
rudolph
ruben
rowdy
rosita
restless
rerere
reed
redstorm
rebekah
rb26dett
rawhide
qwerty99
quinn
puta
pussyeat
pussy2
punjab
pumkin
P@ssw0rd
pronto
porsche911
poobear
plumbing
plum
pizda
pitures
piper1
perkele
pennstat
pendejo
peaceful
patron
pasta
partners
parsons
paranoia
papapa
ozzie
outlaws
origin
omicron
oioioi
niggaz
nigeria
nettie
necklace
nebula
naught
NASCAR
myspace
mrbill
motors
motherfu
monsoon
monkey2
mjolnir
milamber
mike12
message
memories
Melissa
marybeth
marsh
marsel
marnie
manue
manuals
manifest
mamont
mahalkita
magoo
machines
losangel
locker
llama
littlema
libra
liberty1
leticia
legends
legenda
left
leeroy
l3tm31n
kumar
kfcnjxrf
kazanova
JESSICA
j3qq4h7h2v
insider
infinite
ignatius
icetea
hussain
horseman
honeydew
hfljcnm
hester
heinlein
hedges
heathe
halcyon
gretta
google1
golfman
goethe
glennwei
Ginger
geibcnbr
gatito
gates
funny1
fuckshit
fucker1
Fuck1
franci
fordf350
forall
flyguy
flower1
flex
fktyeirf
fialka
fever
fakepass
everques
enter123
elektra
edthom
eded
dragonz
dortmund
dominate
doll
dmband
discovery
desperado
demon666
deicide
deepak
darknes
Dallas1
dagobert
creepy
corvett
cooki
comment
come
colt
cochise
citrus
churchil
christophe
Christia
chopper1
child
cheste
chees
chairman
cazzone
candles
caldwell
cajun
bushman
bugman
bubba2
britt
brisbane
braveheart
boxter
boohoo
bonethug
bolivi
bluenose
blind
birthday4
bigworm
bigjoe
bettyboop
benz
beebop
bears1
badboy1
avrora
avalanche
austin316
augustin
asd456
apteka
apple2
angel12
allnight
allie
allblack
alisher
alex1234
alejandra
albino
aerosmith
adria
admin123
abba
aabbcc
9898
777111
699669
555333
362514
357753
335577
31121984
31101982
31071977
31051992
30111983
30111979
30081983
30041993
30041989
30041980
29111984
29081991
29081989
29071991
29071989
29061981
29051993
29041994
29031993
28121985
28111991
28081981
28071981
28031987
28021987
28021978
28011992
28011990
27121991
27111987
27101991
27091979
27071994
26121991
26101990
26091981
26081992
26081981
26071991
26071988
26071979
260686
26061992
26051983
26041985
26021991
25121980
251188
25111980
2511
25081993
25081984
25071988
25061990
250482
25031979
25021991
24121993
241086
24091982
24081989
240685
24061991
240588
24051993
24051992
24031992
24031982
24011982
234234
23121987
23121985
23081980
230688
23051982
23031982
23011986
22121990
22101984
22101978
22091977
22061981
220583
22051983
220488
22041981
22041979
22031983
22021991
21111987
21111982
211086
21101985
21051981
21031983
2103
20101991
20081993
20081983
200788
20071982
20031981
20011982
1Fuck
197777
19571957
19121992
19101991
19081978
19071982
19051993
19051984
1902
1900
18273645
18111981
18101984
18091982
18051980
17121984
17111992
17091978
17081985
17081982
17071980
17061990
17061984
17051984
17041992
17021984
16121992
16101988
16071992
16051984
160490
160486
16041983
16031994
16031983
16021994
159852
159753a
15121992
15121988
15121982
15121977
15101990
15101980
15091992
15031993
15021978
14091983
14081983
14061989
14051988
14051984
14041985
14021995
14021977
14011985
13241324
13121991
13111980
13081993
13081980
1305
13021988
123ab
1235813
12345asd
12345678900
12345654321
12111983
12091981
12071981
120583
120581
120482
12031993
120188
120187
1118
11111990
11111985
11111980
11101991
11061981
11041984
11021982
101085
10101978
100888
10081992
10081980
10071982
10021991
10011978
09101980
09081982
09071982
09041989
09021993
09021984
08121988
08091982
08081976
08021980
08011990
08011983
07121989
07111984
07071976
070462
07021993
07021983
06111989
06091984
06071991
06061980
06021985
05101982
05081979
05071981
05071977
05021980
04081991
04081984
04081981
04061994
04061989
04051980
04021981
03081982
03071982
03041975
03031985
03021985
03011983
02061993
01234
01121979
01111986
01101988
01091983
01081983
01071982
01031978
007700
0000000000o
zoom
zippy1
zaxscd
zaq12345
zapata
yello
x72jHhu3Z
wolvie
wishes
William1
watermelon
wally1
vivaldi
vibrate
vepsrf
vbhevbh
vandal
utahjazz
tyuiop
twist
topaz
toohot
tonyhawk
TIGGER
thistle
thething
theduke
thalia
texans
texaco
testibil
terriers
taiwan
stripe
strato
stinky1
stands
staind
speed1
spades
space1
sober
sniffer
snafu
smithy
skulls
skillz
simply
shayla
sexyme
seaweed
schultz
scarab
scandinavian
sarge
rugrats
rrrrrrr
roman1
rogue1
ricky1
rerfhtre
realtor
rbcekz
rammstei
qazxsw123
Pussy
puff
prima
pride
porn4me
pompom
pixie
pilot1
Picturs
photo1
phishy
perrin
penetrating
peanu
peaceout
pavlova
pathfinder
passthie
partizan
papit
osama
okmijn
nudity
not4you
nirvan
niko
negro
navigato
natedog
Natasha
mypasswo
mutter
molotok
modles
mitchel
mimimi
mikayla
miami1
meandyou
maximus1
maurolarastefy
mastermi
master123
massey
marymary
mark1
marinka
Marina
manhatta
lydia
lucent
lotus1
lorien
lookup
locked
letters
lesbens
lasttime
large
lancaster
kokokoko
koala
katten
joung
john12
JEAdmi
jazmin
janna
iphone
ilikesex
hulk
hotshit
hotlegs
hotdogs
hoser
hornyman
homo
helphelp
hazel
hattie
hartley
gymnastic
gusgus
gumbo
guard
grime
gotyoass
goodlife
gjhjkm
gender
gbcmrf
galeries
gaelic
full
fulcrum
fuckmehard
freedom2
frank123
forgotten
flashy
flare
firestar
filippo
fhctybq
fghjkl
feeling
fedorov
everton1
enough
elmer
drunk
domini
domainlock2005
dolphi
dokken
disabled
dimple
dickweed
devil1
detectiv
degree
deal
dating
dagmar
cybersex
cxfcnkbdfz
curley
crockett
cricri
creeper
cosmo1
cory
corazo
cneltyn
chuck1
chiks
chief1
chatham
charming
charlie123
cerber
casual
cashew
cartier
caralho
carajo
camel1
caboose
buller
branden
borges
booter
booger1
boats
boarder
blessed1
bitchs
biscuits
bigshow
bignuts
bhbcrf
betty1
bettis
beanbag
batma
bastet
bassin
barb
banana1
bambino
baker1
aurelie
asylum
astonvil
ashtray
ASHLEY
arcangel
ANTHONY
angeles
ange
anakonda
ametuer
alonso
alkaline
Alexandr
aggie
abcxyz
ab1234
a4tech
9696
823762
777000
555555555
4747
4226
333333333
3151020
31121980
31101990
31101978
31081988
31081983
31031984
31011986
30121983
30111985
30101981
30091994
30091982
30081987
30061991
3004
30011978
30011977
29121991
29091993
29091981
29071992
29041983
29031985
29031984
29021980
28121983
28121982
28121981
280888
28081991
28061982
28051993
28031979
28011981
27101983
27051993
27041984
27021982
26121977
26101992
26101982
26061981
26051984
26021984
26011983
25081991
25081980
250789
250787
25061994
25061991
25061989
250585
25051995
25051982
25051979
2505
25041979
25031990
24121981
24111984
24091981
240586
24031986
24021994
24011981
2356
23101991
23101979
23091990
23091978
23081989
23081987
23081977
23061979
23051992
23041977
230289
23021973
22101992
22091982
22081977
22071982
22061986
22051992
22031985
22031978
22021982
22021980
2202
21121983
21121981
21121977
21111981
21101992
21101991
21091983
21081981
21051982
21031993
21011983
20112011
20111982
20101989
20101983
200888
20071991
20051990
20051980
20041991
200383
20031993
1qazxc
19591959
1914
19121984
19091993
19091991
19091978
19071995
19061983
19031989
19031982
18121993
18111979
18101992
18101982
18081983
18071987
18021990
18021981
18011983
17121980
17111980
17101979
17081991
17061979
17031994
17011988
16101982
16091980
16081987
16081979
16061980
16031989
16031980
16021993
16011984
1600
1596321
15121979
15101988
15091978
150788
15061989
1505
15031980
1469
14091979
14081993
14041981
14021980
14011980
13121979
131185
13101994
13081992
13071986
130585
13031984
13011976
123456b
1230123
12241224
121278
12121992
120985
12081991
120783
12071994
12071986
12071976
120690
120677
12061991
12041976
12021992
11122233
111189
11021980
11011981
11011977
1080
101285
10121980
10101979
10061981
09121990
09121986
09091980
09011988
09011984
08121981
08091992
08071992
08071979
08061981
08011984
07111989
07081991
07081988
07081978
07061982
07051993
07051981
07031987
07011992
07011983
0666
06121983
06101988
06101982
06051992
06041980
06031990
06021982
06011985
05121991
05091986
05051975
05041992
05041982
05041981
04111982
04071977
04061981
04051991
04051981
04041993
04041981
04041979
04021992
04011992
04011991
04011985
04011980
03121983
03121982
03111989
03101981
03091985
03091980
03061979
02111984
02111983
02111982
02011992
02011970
01121975
01111991
01111982
01101983
01091991
01081981
01081975
01061981
01051991
01031994
01011958
yuliya
yngwie
yanks1
xmas
xaxaxa
wooden
wizzard
willy1
watching
warsaw
wannabe
walking
video1
vfkbyf
vasiliy
vangogh
urlaub
twostep
turk182
tryagain
trekker
tramp
toonces
tomboy
tom123
theshit
theclash
terri
terrence
terrance
taytay
system1
sunbeam
streak
steiner
stefania
stefani
soviet
southside
sonny1
solnishko
soft
smokedog
smarty
slayers
skins
sk8ordie
singh
sienna
shoot
shitfuck
shaun
scotts
sarina
sanjose
samue
sage
saddle
Russian7
rsalinas
roserose
rosco
rootedit
ronald1
rodger
robyn
robson
riptide
reviews
renee1
reindeer
regional
rebbyt34
reaver
ralphie
raketa
rainer
radius
r4e3w2q1
quake3
qqqqqqqqqq
qazwsxedc1
qazplm
puma
princ
premiere
porshe
poi098
pingvin
phrases
philipp
pass12
pamel
optiplex
opopop
omerta
olives
nutella
noreen
nokia5230
nogard
nika
nickolas
nickels
nfy.irf
naples
nacked
mystical
mummy
mowgli
movers
monkeyma
momsanaladventure
mocha
mnbv
minimum
miki
MIKE
Mike
micky
MICHELLE
meowmix
mensch
matros
maryanne
markiza
marketing
marketin
mark123
marishka
mamo4ka
mackenzi
lugano
luckie
lovel
loloxx
linus
LETMEIN
lemon1
leafs
last
lasalle
laracroft
lampard
lagwagon
krypto
kruger
klaatu
kjifhf
kevin123
kerrie
josie
jigsaw
Jessica1
jelena
jaycee
janeway
jackie1
ironhors
intern
information
howie
hotter
hotbabes
hornyguy
homeless
hogwarts
hernande
hehe
headless
Hd764nW5d7E1vb1
Hannah
hamburger
gravis
grandpri
grammy
gopack
goodfell
goochi
golfclub
gobigred
glider
girsl
geil
garret
gabby1
fyyeirf
furman
fun4me
fuckedup
fremont
foxcg33
forme
Ferrari
feniks
eyeball
everquest
evergree
ethan1
ericeric
ererer
envision
eightbal
ecuador
eatme2
dumdum
dude123
druid
drinker
doggydog
dogggg
djkjlz
dhjnvytyjub
detroit1
detect
details
delsol
dazzle
davidb
database
dangerou
damion
cujo
crave
crafty
craft
corgan
cooker
computers
citibank
chowder
choppers
chango
catalog
cannonda
callofduty
cake
bunbun
bullwink
brunette
bravehea
BOOMER
bookcase
blunted
blackcock
biker1
biggirl
BIGDICK
BIGBOY
beyond
beyonce
beepbeep
becky1
beaks
bdfyjdf
bassbass
bartok
bagels
badbad
arrakis
armstrong
arman
arielle
antigone
angelok
angele
amnesia
AMANDA
allyson
alex1
akasha
agatha
ace123
abstract
999111
987654321q
979797
929292
885522
777vlad
6767
6565
500500
369852147
3141
3110
31081994
31071981
31051984
31031981
30111984
30101989
30081991
30011976
29121993
29111980
29101993
29061992
29051982
29051980
29041991
29031995
28101987
28061992
28021993
27121987
27121984
27101993
27081983
27061992
27061986
27051982
27041982
27021983
26111979
26091980
26071993
26061988
26061984
26051982
26031981
25111979
251086
25101992
25101984
250486
25041982
25041981
25041977
25021993
25021982
25011992
24121983
24111980
24111979
24091979
24041982
24021981
24011979
2345678
23121992
231189
23081982
23071987
23041981
23031993
23031978
222444
22111978
22071993
22061980
2206
220388
22031994
22031988
21111991
21101978
210586
21031994
20121983
20101981
20091995
20091992
20081992
20041993
20031976
20021994
1q2w3
19531953
1940
1939
1917
19121994
19121993
19121991
19101977
19081989
19051991
19041991
19031993
19031992
19031988
19031984
19021989
18121991
18101979
18091992
18081980
18011982
17171717aa
17111990
17111983
170985
17081994
170685
16121977
161187
16111993
16111980
16061982
160590
16051996
16031984
15121991
1512
15091984
15081979
15081978
15071993
15051979
15051978
15041978
15031981
1502
147896321
141289
14101981
14071981
14061995
14051989
14041983
14031972
140289
14021979
14021978
13111981
13091991
130684
13031993
13031982
13021983
130184
12s3t4p55
1254
123qweas
1234569
122334
122122
12121979
12111979
120989
12081980
120785
120782
12071979
12061983
1203
12021979
12011994
1119
11121979
11121978
11071992
11071982
11071979
11061990
11061979
110588
110582
11051977
110386
11021986
11021979
11011978
10111980
101089
10091990
10091987
10091982
10081979
10071977
10061982
10051991
10041988
09121984
09111986
09111984
09101979
09091981
09061992
09061982
09031983
09021992
09021979
09011986
08101990
08101983
08091991
08091990
08081987
08031978
08011991
07121977
07111992
070787
070784
07071991
07061987
07051991
07031990
07021982
07021981
07011981
06091983
06091982
06081982
06081981
06071976
06061978
06031993
06031981
06021980
06021979
05121979
05111988
05111987
05101981
05081984
05031993
05031980
05011986
04121983
04041994
04041980
04031993
04031992
04031983
04031980
04021983
03121989
03111980
03051983
03021981
02121991
02111988
02101991
01121978
01071994
01021982
01021981
01021976
01011964
0077
zzz123
ZZ8807zpl
youandme
ynot
yfnfitymrf
woof
woodside
woodrow
witch
wayer
waldo1
volkodav
vishnu
vicki
vfnbkmlf
veteran
twins2
triplets
timothy1
timelord
thriller
theedge
thebest
tenerife
techniques
takamine
tahoe
sweetass
sundown
sunbird
storys
stas
sparkey
spaniel
sokolov
slippy
slicer
slam
skull
skating
sincity
shotokan
shiraz
shelby1
shayne
shandy
shade
sexyass
sexsexse
Severin
seventy
selmer
scrooge
scoote
schmuck
saratov
sanane
sammi
same
SAMANTHA
rushrush
RuleZZZ
royboy
rostov
rosie1
rosanna
romanov
rocky123
rockman
rjnzhf
rashid
rabbi
qwerty78
quest1
pyramids
produce
prelude1
potatoes
pornpass
poppie
pomidor
policy
planeta
pintail
pilsner
phaedrus
pfqxbr
pfloyd
peternorth
peepers
Paul
patrizia
password11
passwerd
pappy
panorama
oasis1
nokia5130
nissan1
niklas
Nikita
newjob
newday
nemesis1
natascha
nastena
mystuff
mypussy
music123
Murphy
muffdive
motorcyc
morbid
montero
money2
moemoe
misiaczek
minute
merlyn
MERCEDES
mentos
maximilian
mathieu
marriott
marmite
marat
manual
manage
malakas
maine
madonna1
macintosh
lovem
lovely1
Love1
lothar
lorenz
lololol
lili
light1
league
laure
kristen1
kodak
killzone
keksa12
keesha
johan
joeblow
jesus7
janet1
jamesb
jakester
jacko
ivanhoe
insertions
insertion
impalass
ijrjkflrf
igorek
iceman1
hunter2
humble
hook
holdem
hirsch
henning
helpless
hazmat
Harley1
hardwork
HAMMER
gumby1
gulliver
grapeape
goonies
goody
goodwill
gomets
gohan
gman
ginscoot
ginola
ginge
gibson1
ghjnjnbg
getmein
genocide
gbyudby
gaijin
Gaell
fynjybyf
funtik
fridge
fragile
fool
flippy
flashman
fkbyrf
first1
fifteen
fettish
feetfeet
fear
factor
facefuck
evanescence
ethernet
elvis123
eatme69
dshade
dragon11
domestic
doggys
dodges
ditto
Diablo
deuce
davidc
dancer1
Dakota
cradle
COWBOY
cortina
coolgirl
concept
cocktail
cluster
class
citron
cimbom
chronos
chrisb
chelsey
chauncey
chas
cezer121
cerveza
cedar
ceaser
caterina
cassi
carlotta
carlin
candys
camino
callahan
byron
buick
buff
bruno123
bribri
braxton
bowie
boots1
booboo1
bobmarle
bobb
bloopers
blondy
blindax
blackcoc
bigdog1
bhjxrf
belfast
bedroom
baywatch
baraka
ballard
bahamas
badguy
axeman
asdfjkl;
asas
archangel
antwerp
anthony2
Angela
Andrey
amo
althor
adeline
acer
acacia
abrupt
8PHroWZ622
8899
852963
8520
78963214
747400
69213124
67camaro
622521
50505050
4rfv3edc
45612
4554
4141
3838
3728
357mag
311088
31101992
31081992
31081991
31071992
31071978
31011978
30121989
30121982
30111993
30091991
30091990
30081980
30071980
30051990
30031982
30011981
3001
29111991
29091994
29091979
29081992
29081984
29081979
29071984
29051976
28101990
28101984
28101981
28091979
28081992
28081987
28041984
28021994
27121980
27101984
27101982
27101980
270988
27091981
27091980
27061991
27061987
27041992
27041981
270388
27021993
27021989
27021981
261288
261184
26101979
26081991
260789
26061977
260285
26021993
2506
25051975
250484
25000
24111978
240787
24071985
24061983
24051983
240484
24041978
24021982
24011994
23121993
23121981
231089
23101989
23101983
230888
23071980
23061981
23021980
224488
22121980
22111984
22101986
220990
22081984
22061983
220586
22051979
22021983
22011980
21121993
21091981
21071991
21071981
21071980
21061979
21041982
21041980
210388
21021981
20111993
20111980
201087
20101979
20091981
20091979
20081998
20071979
200688
20051982
20021978
1hxboqg2
1911a1
19111983
19071987
18121981
18111980
180983
18071985
18061978
18031987
1800
17111994
17101984
17081979
170787
17071981
17061980
17041978
17031981
1660
16121984
16121978
161084
16091993
16081982
16071990
16071976
16051992
16021978
15111994
15091979
15081974
15061975
150389
15021992
14531453
14121982
14101982
1410
14091992
14081995
14071994
14071991
14071982
14061992
14061978
14041990
14041977
139139
131086
1310
13091994
13091981
130876
13081989
13071981
130689
130687
130577
13031979
13021980
130189
13011980
123masha
123hfjdk147
123bbb
123698
123458
123456789k
123456789012
123123z
121286
12111989
12101991
12091994
12061993
120285
12011978
11121993
111185
11101992
110786
11051993
11041977
11011994
11011984
11011983
110110
10111992
101098
10101968
100886
10081994
10021980
09121988
09101987
09061993
09061985
09051992
09051982
09051980
09041993
09031984
08101993
08101991
08071981
08061993
08061980
08051978
08041991
08021981
08011993
07071981
07051979
07041993
07041991
07031980
07011984
06121993
06101984
06051981
06051976
06041983
05121987
05071992
05061992
05021979
04051992
03111982
03101987
03071988
03041979
03041977
03031980
03021983
02111991
02021996
02021995
02011991
01230123
01121983
01101993
01061994
01061980
01031979
000069
zzz111
zztop
zxcvvcxz
ZXCVBNM
zaqzaq
yesterda
XXXXXX
xxx666
windows1
wilmer
wicket
wendys
volkswagen
view
vfhbirf
vette1
vaughan
vaseline
vamp
uzumymw
under
uhbujhbq
ub6ib9
tulane
truck1
torque
tonka
toni
tomservo
today1
timmy1
Thunder1
thesaint
test2
tessa
taxi
surfer1
supers
steak
ssssssssss
splatter
spide
sonyvaio
soledad
soleda
soccer13
sober1
snowman1
snowdog
snoopdogg
snakeman
smutty
slide
silvi
silly1
Sigmar
shiznit
shift
sexyred
seviyi
secre
saunders
satori
samanta
saddam
sabaka
russell1
Rulez
robinhood
repoman
redrock
rayman
raul
rattle
raster
RANGERS
ramzes
ramon
racoon
qwerty2
qweewq
queen1
quarter
pushing
punter
prick
polaroid
pokemon123
plummer
places
pipe
picturs
pfkegf
peter01
penal
patter
patate
patata
pantie
p455w0rd
oralsex
optical
openopen
open1234
okay
novifarm
noob
nolan
nixon
niki
niggas
nhfrnjh
newpass1
natal
mysecret
munson
mueller
mooner
montecarlo
momomomo
moment
mojave
mistral
missing
mind
milhouse
mazda1
mayfield
maybe
matias
masha
marita
margaux
mannn
mango1
mailbox
maganda
luv2epus
luciana
loveyou2
love11
lorelei
libby
lexingky
lemmings
learjet
larsson
kseniya
kram
klopik
klaudia
k.jdm
kimmy
kennwort
katzen
kajak
Justin
jerky
Jasper
jason123
jacker
ishmael
irisha
indycar
index
iloveporn
iloveit
hunters
hotman
hotchick
homer123
hombre
hills
hilfiger
hercule
hennessy
heather2
hawkwind
hatchet
happydog
handle
greta
gregory1
greatsex
gotigers
gooseman
goodguy
gonads
go2hell
giveitup
getin
ganjaman
gandolf
fuckem
fritz1
fred1234
francesca
fordf250
forces
federica
fdsa
fanatic
fabiola
evelina
escher
erasure
empire1
eleven11
ebony1
dropdead
doomed
doggystyle
dog
disney1
dingo1
devilmaycry
destroyer
Dennis
delgado
defcon
deborah1
dbrecz
dawns
davidoff
darthvader
danilo
dadadada
crunchy
cronic
cristal
crew
crevice
Corvette
contains
complex
columbo
colossus
cletus
claudine
chino
chili
chicco
cheyanne
chevy2
Chelsea
ceckbr
cayenne
catholic
catdaddy
cassius
caspe
canon1
candie
cambridge
buttbutt
butchy
bushel
buds
bryson
brutal
brock
brians
borman
boot
boogaloo
boobed
bolero
bobcats
bloods
blair
blade1
bigmama
bigboy1
bernhard
ben123
belle1
beers
beeker
batgirl
bassett
barrel
barbara1
augusto
asss
assclown
archon
arcane
aquarium
anthem
angeline
anechka
andreev
alfalfa
adventur
acetate
abudfv
999777
890890
7575
7272
5tgb6yhn
5hsU75kpoT
5232
345345
34523452
3216732167
3113
31121989
31031992
31031978
31011980
302010
301280
30121992
30101992
30101980
300588
30041981
30031990
30031981
30031976
3003
30011984
29111990
29111977
29061993
29051983
28121992
28111980
280886
28071992
28041985
28031992
28021995
28021975
28011993
28011977
28011974
27121983
27101977
27091986
27081979
27071993
27071981
27061982
27041994
2611
26071980
260586
26041982
26041978
25121993
251088
25101982
250986
25081992
25081990
250688
25061993
25061982
25041993
25011978
24111986
24101982
2410
24091992
24091976
24081983
24071978
24051982
24031994
24021978
2315
23061994
23041980
23031994
221184
22091992
220690
22051993
22041980
220390
220387
22031979
22021978
220185
211221
21091977
21081984
21081976
210787
210686
21051992
210487
21031977
21021980
21011980
20121991
20121979
201190
20111992
20111983
20081980
200587
20041982
20031982
20031979
1qazse4
1Love
19191919
19111993
19111991
19101994
19071977
19061981
19051978
19041984
19031981
19021981
19011992
19011983
18121982
180986
18081984
180786
18071984
18071982
18061979
18051995
180483
18041981
18041979
18031990
18021994
18021983
17121982
17101981
17091993
17061981
170588
17041993
17021994
17011995
17011993
16121980
16121976
16091994
16091981
16081994
16061993
16051982
16051978
160284
16021992
15935
15121981
15101993
15061981
15051984
15031978
15031976
14101979
14091993
14081981
14071992
14061979
140386
130989
13081994
13051984
13041980
13011979
12345c
123456abc
123321z
121277
12121993
12121978
121185
12111992
12101992
12061982
12061978
12051995
120486
12041975
12031980
12031978
120287
120283
12011983
12011976
113113
11121988
111179
11111981
110887
110780
11071978
11061978
11051994
11051981
11041994
11041979
11031981
110184
10sne1
101286
10121983
101182
10111984
101079
10081978
10071992
10071979
100585
10051979
10041980
100388
10031975
100200300
10011994
09121976
09111990
09101981
09081991
09081978
09041980
09041975
09011982
088011
085tzzqi
08121992
08111980
08091979
08081974
08021993
07111981
07091980
070788
07071979
07061989
07061977
07051983
07041978
07021978
07011990
063dyjuy
06111988
06081978
06051982
06031995
06021990
06011992
06011976
05091989
05091983
05081982
05071979
05061993
05051994
05031982
05011980
04101987
04081990
04071979
04061976
04041977
04031986
04021989
04011982
03121979
03111985
03101992
03081986
02121987
02121984
020986
02071992
01478520
01101978
01071979
01051982
01051981
01021993
0102030405
zhen
zelda1
zeke
yamahar6
xman
written
windy
willie1
wiggles
wedge
waterpolo
vvvvvvv
vladvlad
vargas
valentino
ultraman
tylers
trivia
trish
topsecre
tittys
tim123
tigre
tiffan
tiff
thrawn
thelast1
teabag
tater
tatata
tanechka
tandem
tail
supernatural
summertime
squire
SPARKY
sonya
sonne
sofiya
social
snacks
slainte
Silver
shibumi
shelton
sheets
shades
sexe
severin
selene
seal
scorpi
santino
salvator
saab9000
rutgers
router
rooter
romaroma
romanova
rincon
rigger
rickster
revolt
retsam
resume
regent
RED123
reborn
raziel
rattler
rastus
raindrop
RAIDERS
ragnar
radio1
qwerty77
qazwsxedcrfvtgb
qaqaqa
princeto
porn69
poopsie
pochta
please1
plaster
piss
penfold
pegasus1
papaya
panpan
pagan
ovation
osgood
opensesame
open123
ololol
Oliver
ohbaby
ocean1
norma
ninguna
nigel
niagara
newhouse
nemo
needit
nbuhtyjr
murmur
mosaic
morozov
monica1
minnesota
mille
miles1
mich
Mature
mattingl
mateusz
mate
mariko
mandolin
mamma
major1
magics
magadan
maddison
louisa
loudog
lotus123
looloo
lombard
lives
Liverpoo
lite
lincoln1
letsplay
leroy1
lenin
lebron23
langley
lacey
labonte
kthjxrf
kosova
kolibri
kleenex
kindred
killah
kayla1
JUNIOR
julieann
juli
joyful
jordyn
joaquin
jenni
javie
james2
jacqui
jackdog
ironman1
incest
idiots
horn
hippos
henley
hell666
helen1
harrys
harpua
hallo1
halibut
guilty
guevara
guesswho
growler
goal
giveme
gforce
gfhjkm12
gfcgjhn
getsdown
georgia1
geology
gbgbcmrf
garter
garnett
gardens
Gabriel
funky1
fuckof
fucing
franck
foxhound
flow
flipmode
fist
fireman1
fine
ferrar
fastcars
fannie
familia
falstaff
evergreen
essence
escobar
error
ericka
edmund
edmond
echo
dutchman
duckhunt
donut
docdoc
dobber
distance
dickey
dewayne
deathrow
dashka
danil
damned
dakine
daffodil
cvbhyjdf
cute
cumeater
cueball
crowley
crowbar
crocodil
creatine
crayon
courier
corpse
coolone
colony
colombo
cobraya
cntgfy
clara
cipher
christel
Chris
checkit
chastity
cesar
cbr600rr
cavalry
catter
camaro1
calcutta
cadman
bushed
buratino
bulls23
buffys
buffalos
budget
brigada
briefs
Brandon
bradshaw
boromir
bootleg
bonzo
blueman
bluedevi
blower
blaise
blackboy
blackass
bionic
bigpun
bignasty
bigbad
belgium
beaumont
baylee
bavaria
barclay
Barbara
balder
badkarma
babygir
Austin
astalavista
argent
anteater
amores
amoremio
allright
alligator
allegra
alanna
academy
939393
8PHroWZ624
7890
7676
74185296
666666a
654321a
515253
4848
4563
44magnum
427900
3465xxx
32165498
31101975
310888
31071993
31071976
310589
310189
31011991
31011984
31011976
30121980
30111991
30091979
30091978
300780
30071984
30071981
300590
30041978
300300
291286
29111981
291084
29061980
29051981
281185
28091983
280884
280882
28071976
280690
28061993
28061987
28051979
28041975
28011980
27121977
271185
270886
27081993
270787
27071979
27071977
27061981
27031982
27031981
27011991
26262626
26121995
26121992
26081984
26071994
26051991
26031993
26011995
258258258
255255
253634
25111983
25091978
25091976
25081979
25071982
25051976
250383
24681
24121979
24071979
24061982
24041979
24011993
24011978
2337
231183
23111981
23111979
23091993
23071977
230588
2305
230487
230486
23031981
23021979
2288
22121991
221188
22111975
22091978
22081980
22061993
22061977
220587
22031992
22021977
220187
211288
21121979
2110
21081983
21071979
21061982
210588
210386
21031982
21021982
21021976
20121976
20111988
20111978
20111974
20101978
20051994
200487
1Letmein
19111992
1910
19091989
19051974
19031991
19011984
19011976
181089
18051994
18051983
18041993
18031992
18021978
1725782
17101983
17081981
170585
17051980
170385
170383
17031978
17011979
16121994
16111991
16091983
16081993
16081981
16081978
16051983
160190
160187
16011993
15121980
15101977
150790
150786
150785
15021982
150185
15011978
14321432
14121994
14091985
14081979
14071993
140689
14031983
14031981
14011993
13791379
1357913579
13121992
13121981
131085
13101981
13101980
130790
13051978
130487
13041982
13041979
13041978
13021982
123rrr
123qwe456
123456asd
123456ab
12345432
123258
1232
121312
121280
12121975
121212q
121085
12101980
120885
12081982
12061995
120588
120579
12051994
120484
120477
12041981
12041979
120390
12031995
12011982
1192
111083
11091981
11081981
11071981
110384
110288
101088
100882
10061993
10061979
10031979
100288
10011981
09071975
09051979
09041983
09031993
09021983
09011983
08121990
080880
08081980
0808
08051991
08041987
08031976
08021982
08011992
08011985
07121981
07111990
07111988
07091994
07091977
07081975
070782
07061983
07031981
061290
060686
06051980
06041993
06011995
06011994
06011983
05121980
05101993
05101985
05101979
05081980
050584
05041977
05021986
0428
04111984
04091982
04071994
04061992
04051976
04051975
04031981
04031977
04021980
0320
03121977
03111983
03101980
0310
0308
030778
03041993
03041982
0302
03011980
02091992
020383
02032009
01121981
01111981
01101981
01092011
01081979
01061977
01051977
01051976
01051970
01012005
zxzxzxzx
zolushka
your
yfafyz
yanks
wysiwyg
wiggle
whoopass
westlife
wellhung
wasdwasd
warehous
wahoo
waffenss
volkova
voland
voiture
vineyard
vicecity
vfylfhby
vfr750
vergeten
vegita
vegas123
usmc0311
user345
usausa
ulrike
ulrich
ufhvjybz
trucker1
transfor
touch
tooltool
tkfkdgo
tigress
tiger7
thornton
thewall
theo
teste
teamwork
TAYLOR
taste
tamuna
swanky
swallows
surgeon
summerti
sully
stuffer
stewart1
steve123
stetson
stamford
staff
spartan117
spade1
solidsnake
snuggle
Snoopy
snookie
skippy1
sixtynin
sinsin
sigma1
shifty
shasha
shabba
sexy12
SEXY
service1
sergej
seraphim
seahawk
schatzi
satin
satellit
sasasasa
samba
saab
ruffles
ronaldo7
rome
rocket1
riddick
rerfhfxf
rerehepf
rental
renat
remington
redwolf
redshift
redneck1
redbeard
raptors
ram1500
rakkaus
Rachel
qwerty777
qaz12345
puppys
puddle
protoss
professor
product
process
postov1000
politics
polarbea
polar
pinguin
pimpster
pigpig
photog
perro
percy
payton34
patterso
passed
pantyhose
palomino
outoutout
onepiece
nyyankee
numbers
nugent
nolimits
nippon
ninanina
nielsen
nicknick
newport1
nectar
NCC1701
naruto1
myhouse
myboys
muriel
murdock
mothra
morley
monkey11
mongol
monday1
modem
mischa
miamo
metalgear
meltdown
meeting
mckenna
mccarthy
mayfair
mattmatt
Matthew1
matter
Matrix
masterkey
maripos
marina1
manhattan
mamita
magnavox
maddy
maciek
lumpy
lucien
ltdjxrf
lovegod
lopas
loglatin
limpone
lifeisgood
licorice
lemming
leeds1
learning
Lauren
lalaland
lakers24
ladles
kuwait
konrad
kitty123
kingsize
kimchi
juneau
juanito
jodeci
jimmy123
jenna1
jaydee
Jackie
invis
invictus
intense
ingram
ibill01
hottub
hot123
hickory
hermann
harding
h2opolo
Gy3Yt2RGLs
guru
gspot
grove
gophers
goodness
goodison
goldman
glassman
giacomo
ghjvtntq
georges
genghis
gallery
galaxie
funeral
fuckall
fresh1
FREEDOM
forumWP
forums
fomoco
flubber
felicity
feedme
feanor
fathom
farrell
Falcon
failsafe
fabrizio
f15eagle
excellen
evil666
evgenii
emmitt22
ella
element1
dumpster
dogma
djdjxrf
divorced
dillweed
dildos
diamant
dewey
denton
Denise
deepblue
davis1
dart
darnell
dantes
dandy
damn
cumonme
couple
counterstrike
cordoba
coolbean
conquer
commerce
colombi
collecti
clyde1
cloggy
chuchu
chin
chillout
Chicago
chemistr
centre
caribou
carefree
capital1
calculus
calamity
caffeine
bullock
bucs
buchanan
Britney
braves1
bowl300
Boston
booper
boilers
bobert
bobbi
blue44
black123
bigpussy
bigdick1
bhbyrf
Berlin
beijing
beck
bastian
basser
barnaby
barlow
barakuda
banks
babushka
assface
assault
asmodeus
asdfg12345
arse
aquafina
apollo1
anna123
angelito
angel7
anette
ananda
alright
aloha1
alfons
alexandru
alessia
Alberto
adam25
a1a2a3a4a5
963369
951951
911111
9000
67890
55chevy
5410
52525252
48151623
4646
456258
333221
3210
31081986
31081981
31071987
31071979
31051981
31031979
31011982
31011979
300981
30081993
29111986
29101981
29091992
29091978
29071979
29051979
28121991
281183
28101993
28101983
28091994
28081993
280786
280588
28051978
28041993
28041977
27121992
27121985
27101988
27091994
27091978
27081992
270790
270789
270784
27071992
270289
27021979
27011993
27011980
26exkp
26111990
26101991
26101978
26091982
26081982
26071981
26061993
26051981
260190
25111981
25071993
25061977
250386
25021981
241286
24121980
24081979
24061977
24041981
24021980
240185
24011980
2401
23121980
231185
231088
231081
23091980
23081981
23071996
23071978
230689
23061993
23061978
230584
23031979
23021995
23021994
230190
230189
23011995
23011993
221287
22121993
22111992
221090
22101980
22081988
22071976
22061976
22051995
22031980
220291
22011981
21121990
2111
21101995
210990
21081982
21081979
21041981
21011993
21011979
2055
20121980
20121977
20111981
20071980
20061979
20061977
1Mustang
1Dallas
1a2a3a
197
1932
1907
19061979
19051992
19031979
190190
19011994
18091981
18081991
180784
18071992
18041978
18031984
18031978
17931793
17121981
171090
170982
17091988
170889
17081983
17081976
17071993
17061972
170486
17031977
17021995
17021978
17021974
161085
16101990
160883
16071996
160589
16051995
16051980
16051979
1605
16041980
1604
16031982
16011978
15121978
15121973
150984
150889
150686
150483
150384
15031979
15021980
15011980
141288
14101980
14101975
140986
140690
140586
140485
140482
140285
14021993
135799
13572468
135135
1337
1323
131290
1312
130988
13091983
1308
130788
130784
130586
13051982
13051981
1301
12451245
12378
12345678901
123454
123321456
121292
1212121
121188
121182
121089
12101981
12071970
12041961
120388
12031983
1174
112345
112233q
112233a
11091982
11091977
11071994
110580
110488
101186
10101995
10101994
10091981
100884
100883
100690
10061994
10061978
100485
100382
10021992
10021977
10021976
10011975
10011970
09121981
09111982
09101992
09081981
09061980
09061977
09051973
08520852
08111978
0811
080885
08081978
08071993
08051982
08011974
07121990
07111980
07101994
07091991
070780
0707
07061992
07031995
07031982
0690
06121984
06121981
06111992
06101992
06091980
06091979
06071981
060690
06061992
06051994
06041985
06041981
06031994
06011981
05121993
0512
05111981
05091990
05071980
05071971
05041995
05041979
05031994
05021992
05021983
05021982
04121978
04101994
04081976
04071991
04031987
04021994
04021977
04011983
031290
03121981
03091993
03091989
030889
03071979
03061995
03061980
03032009
03031976
03021991
03021980
03011993
02121979
0212
02111981
0211
020689
02061994
02061991
02022008
01111980
01111979
01071993
01061978
01061975
01021996
010188
010187
01011969
01011963
01011955
0011
zhua
yorktown
yogurt
yfhenj
yesterday
ybrbnjc
yankee1
yahweh
wrong
worldcup
woodson
Winston
winchest
whodat
weapons
vwgolf
vols
viola
victo
vbnm
valdepen
uuuuuuu
universi
unicorn1
turtle1
truckin
trophy
tracks
topless
toons
tobacco
tiller
thunderbird
Thomas1
third
theory
thematri
tested
tecumseh
teacher1
talgat
takashi
swansea
suzie
summer01
suikoden
steveo
states
splurge
soup
solar
SOCCER
smuggles
smoked
smash
skateboa
silvana
sideways
shyguy
shrike
showboat
shanny
shamil
sexton
sevilla
Server
Segreto
sebastie
scruffy1
schastie
sceptre
saphire
sandydog
Samsung
salad
sailfish
sabian
rundmc
rubbing
roygbiv
rover1
ronny
romulus
rjyjgkz
river1
righton
rickey
reset
reno
reliant
regal
Rebecca
ratdog
rakesh
rainier
rabbit1
qwezxc
qwaszx12
qazxsw12
!QAZ2wsx
pussylov
psychnau
psyche
professional
prison
prashant
prancer
powerade
porn123
pontiac1
polpol
polk
plague
pipers
pinkpink
peregrin
peoples
pennstate
pattaya
pass99
parsifal
parker1
pablito
overload
ortega
omsairam
oldone
oilman
october2
novikova
noriko
nickle
nichola
newnew
never1
nascar1
nadezhda
mywife
mymother
myangel
mustang9
mustang8
mustang0
muskie
morlii
moonshine
MONEY
mindless
mike11
mike01
Mickey
michele1
miamia
metropol
memnoch
maxfli
mauro
mauricio
matvey
MATTHEW
master01
marusya
martin6
marlow
marley1
marigold
manager1
malaga
mahal
lusty
luscious
lunar
lugnut
luckyman
lovesme
LoveMe89
lotion
lopata
longlegs
longhorns
lollollol
loll
lol1234
letmein22
leah
lancaste
labatt
kostas
killroy
kicksass
khalid
ketchup
kaykay
kayak
just
judge
joshua12
johndeere
Jeremy
jeffjeff
jeepjeep
jediknight
jazmine
indy500
import
imhorny
ilya1992
illumina
ianian
hotty
hotsauce
hometown
holahola
hoes
hitman47
hermione
hellow
hellome
hellohello
hatteras
gwen
gunsling
gumball
gooddog
goldfinger
goheels
gogeta
glenwood
gisela
ghjcnjghjcnj
gfnhbjn
gfhjkzytn
gazelle
garth
gagaga
fulton
fuckyeah
fucke
freeme
fred123
frasier
foreman
footlove
flapper
fiona
finnegan
final
fifty
fenton
fenix
felony
favorite8
favorite7
fathead
Fabric
fabienne
erwin
erica1
eragon
epson
endless
emili
elgato
elbereth
eddy
dustydog
dupa
ducksoup
drop
drjynfrnt
drevil
dragon13
douglas1
doodie
dominica
dkflbvbhjdbx
develop
delphin
delivery
dedede
dede
dbnfkz
days
dawgs1
davidd
davecole
darlin
dapper
dane
cwoui
culture
CRYSTAL
crush
crusade
crfprf
crank
cowcow
copper1
copenhagen
coolboy
control1
consuelo
clitlick
cliffy
claudia1
classy
chosen
chipper1
chesty
cherry1
champions
celticfc
caseydog
carcar
caramba
car123
capri
camilo
camelot1
CAMARO
cadets
cableguy
businka
burly
bully
bugatti
bryce
brownies
brenden
boris123
Boomer
boober
Bonnie
bonghits
bobbys
bobber
bluebear
blocked
blink18
blackbel
billiard
bilbo1
BIGDOG
bigbutts
biceps
berkut
bastos
bartek
baldur
backs
bachelor
b123456
aztecs
ayrton
away
avangard
arslan
aria
angelofwar
anduril
andrew12
andi
amarillo
amador
alphaman
alpha7
alonzo
alec
alabama1
agyvorc
aguila
aeynbr
adrian1
admin18533362
abdulla
89898989
8585
7hrdnw23
789852
65656565
654321q
5566
555556
555000
512512
500000
4929
333666999
3223
322223
315920
311290
31031983
31011993
30111995
30111992
301090
30101978
30101974
30091984
30081994
30061978
30051978
2w3e4r
2943
29101983
29031994
29031992
29031981
28282828
28121993
28121980
28101977
28101974
27111983
27111981
270986
27081980
270788
27071975
27061975
27041991
270386
26121980
261088
260790
26071978
26061994
26051994
26031976
26021981
251289
25121977
251080
25101993
25101981
250583
25041995
250188
25011995
25011980
24862486
241091
24101981
240889
24081993
240784
24061981
240590
24041995
240388
240386
24021992
240187
23121977
23111980
23091979
230590
230586
23051993
221177
221086
22101993
22091993
22091980
22091979
220790
220788
22071978
22041994
22041978
22041974
22031982
211289
211285
21111975
21081992
210690
210685
21061981
21031979
21021994
21021979
210210
210188
21011982
201283
200990
20091994
20081996
20061974
20051977
200483
200184
20011995
1Shadow
1qaz!QAZ
1Basebal
1a2a3a4a5a
19451945
1933
19101981
19081981
19081975
19071992
19061974
19031976
19011995
19011977
180985
18091994
180883
18071994
180687
18051981
18041980
18011995
18011980
1801
17121989
17121975
171185
17111993
171088
17101995
17101978
17091994
1709
17071994
170584
17021975
17011981
168168
161190
16101983
16101976
16071981
16061995
160585
16051994
16041979
16041977
16031981
159753123
153153
151nxjmt
15121994
15111978
15101978
15091993
15081977
15071994
15051977
15021972
1478520
145632
14111981
141082
14091981
14091980
140788
140787
14071976
140688
140483
14021975
140189
1379
13576479
131415
131088
13101979
13091978
130884
130685
13061980
13051996
130484
130383
130286
13011995
13011994
12qwerty
124356
123sas
12346
121291
121234
12121973
12121970
12101975
120988
120983
12091978
12081978
12061996
120587
12051975
12041992
120385
12031977
12031974
112200
111666
111187
111183
11111975
110988
11091993
11091980
110880
110490
110484
110479
11031979
11031975
11021978
11021974
10121981
101180
10111995
10111978
101092
101084
101078
10061977
100387
10031972
100190
100185
10000
0o9i8u
098098
09111992
09101990
09091977
09081983
09071980
09061978
09031980
08101988
080886
08061991
08061982
08051980
08021983
07121986
07101991
07101979
07091992
07091979
07061981
070273
06121992
06101994
06091995
06091981
06081980
06071977
06061975
06051984
06041992
06041982
06031982
05121981
05091979
05091977
05071982
05071978
05051995
05041993
05031985
05021984
05011976
04200420
04121990
04101982
04081993
04061983
04051995
04041974
03121991
03111988
03071977
03051977
030389
03031979
03021994
03011995
02121993
02081995
02071993
02061995
01121991
01111985
01101992
01092000
01081993
01071992
0107
010486
010485
01041994
01041976
0103
01011962
01011957
000
zhenya
zappa1
yupyup
ytrhjvfyn
yodayoda
yfnfkbz
yess
xrated
wtpfhm
wolfwolf
wobble
whoami
wheel
whatever1
waves
ward
vthctltc
voyage
vfvfvskfhfve
vfhbyrf
valdez
vadimka
useless
tytyty
tyrell
tribes
trewq
touchme
touchdow
tomate
toggle
thomas12
thematrix
theflash
teenie
teejay
tactical
tacit
swanson
sven
strannik
story
stink
stew
stell
starsky
stampede
spinach
spice1
sphere
spanky1
sorry
snikers
sneaker
slut69
slayer666
skazka
sixtynine
sinjin
sincere
side
sheltie
shadow2
shadow01
Sexy1
sex1
serial
searcher
scottt
satriani
satchel
satanas
saopaulo
samhain
salute
salt
sallas
sabrin
ryjgrf
rowena
rockroll
robbins
roach
riker
rhfcfdxbr
rfkbyf
rfhfgep
rexrex
request
remy
relief
reeder
red12345
rapid
raoul
rand
ralphy
qwert12
quack
Q1w2e3r4
pyramid1
pump
prisoner
primera
prime1
primal
press
posture
port
pooch
ponyboy
polniypizdec0211
pluton
pleaseme
pleasant
playboys
pigdog
pieman
Phoenix1
perez
pepsi123
penn
pedersen
paulus
passions
passage
parasite
overtime
orleans
oriflame
number9
number6
nubian
norm
nomar5
nokian70
nitrox
nikko
nikitin
nicki
niceday
nfvfhf
nexus
newage
nevermor
ndirish
natha
nata
nadegda
muttley
muller
mugwump
muff
mousse
mousepad
moonstar
Money1
mobbdeep
mill
milenium
michael9
melon
maymay
masa
maroon
marco1
mapet123456
manana
mammamia
magali
mackenzie
machoman
lowdown
lovesexy
lovefeet
lounge
lostsoul
longtime
longdick
lolwut
lol5
lionlion
Lineage2
limpbizkit
liam
level42
levani
leno4ka
leilani
lehman
legoland
laredo
language
lakings
kurosaki
knulla
kirkwood
kingtut
killyou
kilkenny
kiko
kathrin
kasey
K2TriX
juvenile
junkyard
jukebox
joseluis
Jordan1
JOHNNY
john1
jewboy
jesuss
jeffro
jbond007
jared1
januar
jadzia
jackman
iwantyou
indonesia
iloveu2
ibilljpf
iaWgk2
humpty
hugohugo
horus
hollis
hitter
hfleuf
heretic
henderson
headshot
hawker
hateme
hartman
hands
guigui
gubber
gtkmvtym
greyhoun
gray
gramps
gospel
goodtimes
goodone
gomez
goldmine
goldgold
gohogs
ghjnjrjk
ghbdtn12
general1
geisha
gato
gannon
gandon
funnyman
freeland
forklift
floyd1
flora
flintsto
fkmnthyfnbdf
family1
fairway
essendon
empires
emachines
elite1
elisa
eighty
eek
EDWARD
dunkin
drink
dragon99
doodah
dina
dimebag
diddle
diabl
dfghjc
device
denni
darkmoon
damage11
daisymae
dahlia
crisis
cowman
covert
covenant
corporal
cordelia
COOKIE
convoy
colour
cognac
codeblue
clues
closeup
claypool
cisco1
chucha
china1
charms
chaplin
chance1
cavallo
catalyst
carwash
carthage
carol1
carissa
bunnys
bumblebe
buggy
buckbuck
broodwar
brenda1
BRANDON
boswell
boscoe01
bondarenko
bmw525
bmw320
blue69
blue1
blank
birthday1
bigtoe
biggest
besiktas
bench
becool
bayliner
baraban
baphomet
ballgag
bach
azteca
avengers
AUSTIN
atlanta1
asssss
assassins
asasin
aruba
arsenalfc
arch
arcade
aquila
aqualung
Apollo
apelsin
anselmo
Andrew1
andover
anatoliy
amyamy
amos
amir
amidala
all4me
algernon
alexei
aleksander
agnes
afrodita
access2
Abcd1234
aa123456
90909090
89600506779
7555545
7415963
61586158
54545454
5401
520520
444777
33rjhjds
333222
3263827
3234412
31415
311286
31081993
310784
30081985
300688
30061975
300585
30051983
30051982
2wsxzaq1
29121977
290788
290785
290687
290589
29051995
29051978
29041979
29041976
29041974
290386
29031980
29011977
28121975
28111994
2811
28091977
28041995
28041978
2801
271286
27111980
27091992
27081991
27081982
27081981
27041995
27031980
270290
270183
27011995
27011977
26121982
26091983
26091978
26071995
260689
26061982
260590
260585
260490
26041993
26041980
2603
260290
26021978
25121992
25111984
25111977
250987
25091996
25091980
250884
25061980
250292
250288
250283
2502
250189
2500
246813579
24121991
24111993
24111976
241089
24091983
2407
24061993
24061980
24051981
24051980
240489
24031977
233223
231280
23101993
23091975
23081995
230791
230782
230686
2306
230585
230187
23011978
23011975
22121994
22111994
22101979
22091994
22071980
220687
220686
22061979
22061978
220581
2203
22021993
22011994
2124
21091994
210786
21071993
210490
21041975
210383
21031978
21021978
210186
21011995
201289
20121993
20121981
201085
20101980
200989
20071994
200689
20061993
20051978
20021976
200200
20011993
20011976
1Sexy
19561956
19111982
19111979
19091981
19071981
19031983
19011980
19011975
181285
18111993
18111991
18111975
18101994
18101993
18081978
180386
18031983
18031977
18021980
171189
170783
170782
17051974
170388
17021980
17011996
17011980
1624
1611
16091989
160882
16081976
16071984
160686
16051977
16041981
16021981
16021975
1602
16011976
159753852
15111992
1511
150990
15091982
15081981
15061980
150580
150488
150482
1503
14921492
1475963
1428
141287
14121992
14121981
14121978
14101976
140887
14081973
14071979
14071978
140686
14061976
140486
14041979
140383
14031994
14031993
14031979
14021994
14011995
14011981
14011979
131286
13121993
131191
131186
131182
13111992
13111983
13101991
130990
130985
13091992
130891
130781
13071995
13041975
13031995
13031978
13021981
1258
1256
124816
12345A
123456qq
123456A
1234432
123369
1233211
123123e
121287
12111980
121087
121084
12101994
120883
120790
120779
12071993
120688
120686
12061977
120585
120578
12051978
120491
120487
120387
12031981
12031976
12021977
12021974
120185
120183
1147
111285
111177
11101994
11101977
11101976
110986
11081995
11061977
110589
110495
110284
1069
101287
10101972
100977
10091973
100686
100581
100488
10041977
10031994
10021979
10011977
100001
091286
09121991
09121980
0912
090988
09091992
09091983
09081979
090807
09041992
09041976
09021981
08121980
08111977
080888
08081977
08071975
08031979
0721
07101981
07101962
07081979
070786
07051982
07041992
07031992
07021992
06121978
061172
06101977
06091986
06081976
060689
06061974
06021993
05101992
05071994
05061979
050585
05041980
05021978
05011982
04111983
04111980
04101983
04091992
040881
04031988
04031975
04021991
04011984
03121988
03061993
03041976
030383
03031995
03031978
0220
0214
02111993
02051994
02051993
0126
01121992
01111978
01111977
01101975
010985
01091993
01041977
01022011
01021975
0102
010183
01012008
zxcvb12345
zcxfcnkbdf
z1z1z1
ytyfdbcnm
yomomma
yecgaa
yackwin
xterra
wonton
wonderland
wisconsi
william2
whKZyc
Welcome
warden
wade
vostok
volodya
volodin
viper123
violeta
vincen
velcro
valdemar
tuttle
tuffy
trojans1
tristar
trader12
torment
timetime
timeless
Tight
tigger12
thissuck
theworld
texass
tenten
tennessee
tales
syrinx
sweet16
sushi1
stockings
steel1
steamer
st0n3
solrac
soda
soccer2
sobriety
snoogans
skypilot
sk84life
simcity
sidewind
sharon1
shari
shady1
shadow11
sensual
semen
sega
sector
scoop
schwartz
schnuffi
schneider
sawdust
sauce
sandys
sandi
Rush2112
romana
romain
rockydog
rjyatnrf
riviera
rickie
riches
rice80
reverb
resist
ratfink
randal
ramone
raisin
raffles
qwertzui
qwerfdsa
qazxswedcvfr
qazedc
q1234567890
pussylover
princessa
popsicle
pops
poohbea
points
pluto1
planning
pipiska
picker
photoes
phoenix2
password3
%%passwo
passfind
pasport
parliament
parking
oscar123
orange12
only
oneton
oleole
oldschool
oldnavy
ohio
ocarina
obrien
nvidia
null
novikov
nonrev67
nodoubt
nitrous
nikita1
nikenike
nihongo
nicky1
nichols
nibbles
nessie
neal
nbvjif
nasdaq
nascar3
name
myszka
mycock
murat
mormon
morgen
morga
mommie
milashka
mikki
MICKEY
miamor
mettss
messi10
memo
megafon
maxman
marx
martino
marietta
manner
makemoney
madiso
mackey
lucky2
lucas123
ljrnjh
lisboa
lindsay1
limpopo
lethal
leningrad
lemieux
leahcim
lager
kylie
kratos
kovalenko
kobe08
knife
klein
kingrich
kilo
kasumi
karapuz
kakaka
kabuki
juno
jumping
Jonathan
jetson
jesusc
jeepcj7
Jason
jamila
James1
JAMES
jakers
jackets
iris
investor
imcool
iloveher
iddqd
hun999
htubyf
hrvatska
HrfzLZ
hounds
hotbabe
horsey
hommer
hjkl
haynes
Hawaii
havoc
hart
hammerhe
gypsy1
guyute
gunsmoke
gulnaz
guide
group
gregg
greeny
greedo
grape
goodwin
goodstuf
gobucs
glove
glock17
gixxer
gimme
gilmour
giddyup
ghtktcnm
ghbrjkbcn
ghblehrb
gfhfljrc
gfdkbr
germany1
gangrel
galatasaray
fy.nrf
fuckyou123
fuckfest
fuck12
franki
forgiven
Florida
flhtyfkby
flapjack
firework
firestor
film
filimon
fightclub
faust
farcry
fancy
fabia
exploite
embassy
elrond
elisabeth
egorov
edition
ecstasy
dvader
driving
dripping
dreamers
dreamer1
dove
domenow
doggone
dmitry
discount
DICK
derevo
derby
denny
david2
david12
darts
dann
danmark
Daniel1
DANDFA
dalejr8
cynthia1
cyberonline
cvbhyjd
cubano
critical
cretin
count
corsica
conman
colts
clubber
chocobo
chisox
cheer
charlies
cereal
carney
carly
carlson
CAPA200
c3por2d2
buttplug
butchie
bulldawg
buckeye1
bubbaa
brutis
boss302
booty1
BOOBOO
bones1
boggie
bloomin
blacksun
bitchin
bigpimpi
biff
beeper
bball1
barracuda
barracud
banjo
baltika
baloney
babababa
azsxdcfvgb
astroboy
ashes
art131313
arina
arabella
aquaman
appleton
annabelle
ambition
ally
alex11
akatsuki
agnieszka
afghan
advocate
adelaida
adamadam
access1
abcdefghi
A123456
9111
777888999
777444
6363
5641110
4266
36363636
3456
3323
31081984
310585
31051994
310388
310181
31011988
30111978
30091981
30091977
30081981
30011982
29121978
29091976
29061976
290388
29031996
29031977
29021992
28121994
28081980
28081979
28071979
280585
28051976
28021982
271828
27111979
27101981
270885
27071980
27061995
27061993
27061979
27061976
27051981
27051980
27051976
27051975
270485
27041978
27031978
27031976
270283
27011992
27011976
26121994
26101980
26081994
26071976
26071974
26061980
260488
260381
26021982
26021979
26021977
26011994
251286
2512
251087
250981
250886
25081982
250788
250590
250586
250582
25031981
25011981
2442
241290
24121992
241182
24111975
240988
24081981
240782
24071980
24071974
240684
24061979
24061975
24051977
240485
240479
24041994
24041980
240384
240285
235711
23176djivanfros
231286
231190
231188
230986
23091977
230785
230687
230283
23011994
23011976
2274
2234562
22111976
221089
221084
2210
220986
22081996
22081994
22081982
22071995
22071994
22071979
22071977
22061996
220486
220485
22041970
220391
22031993
220292
220186
211186
210984
21091993
210890
21071978
210684
21061975
21051994
21051980
210489
21041979
210385
21021993
20121992
20121975
20111979
201086
20091980
20091978
20081981
20051975
20021979
20011977
1qwert
1qay2wsx
1Fuckme
198111
19121979
19121977
191191
19111980
19111977
19101976
19091977
19081980
19051995
19051982
19021978
1901
181085
18091990
18091979
18081981
180689
18061977
18041982
1804
180180
17091990
17091989
17091980
17091976
17071979
17071977
170590
17041981
17041974
170288
17011978
16121993
160890
16081996
16071979
16061978
16031995
16011996
16011995
1516
15151
151289
151188
15111983
15111979
151084
150987
15091991
150883
15081982
15071978
150684
15061982
150487
15021994
15021979
15021977
15021976
140890
14081980
14081977
1408
140681
14061994
140589
1405
14041980
140388
14031992
140287
140283
14021976
14011974
13579-
135531
13121975
131179
13111978
13091976
13081976
130789
13061995
13061993
13061978
13051980
130489
13041994
130289
13011975
123xyz
123456p
1234567u
123456789qwerty
123456789n
123321qwe
1233210
1231231
12233445
121290
121179
121086
12091993
12091979
120887
120886
12081996
120789
12071995
120679
120586
12051976
120480
120393
120282
120281
12021996
112263
111188
111116
111111111111
110983
11091996
11091979
110889
110689
110682
11061975
110584
11051992
11041975
110290
11011993
10121975
101188
10101970
10091975
100880
100790
10071978
100683
100586
10051982
10051980
10041994
100384
10031995
10031982
10021973
090784
09071993
09071976
09061979
09061975
09061972
09051977
09031982
08154711
08111989
08111979
08101982
08091977
080889
08071980
08061977
08051988
08051977
08041993
08041977
08031984
08031973
08021987
08021976
08011981
07121980
07111983
07111978
0711
07051977
07031996
07031983
07011994
06121990
06111993
0611
06101993
06101990
06101983
06101978
06091992
06091976
06081977
06071979
06061977
06051975
06031980
06021991
05121978
0510
05091982
05091981
05081993
05081990
050786
050586
05011991
05011979
04091988
04091984
04091983
04091978
04081988
04081980
040786
04061975
0321
0317
03121993
03121992
03091995
03091994
030883
03081981
03081977
03081975
03051992
021286
021285
02121982
02121977
02111980
02111978
02101992
02081992
02051996
014789
013579
01121994
01091995
01091981
01071976
010688
01051975
010488
0104
010389
01031977
01021979
01021974
010184
010176
01011959
001100
zzzzzzzzzz
zydfhm
zebra1
zaq1xsw2cde3
yxcvbn
yukon
yayaya
yana
yamaha1
XyTFU7
xmen
xfactor
world1
wooster
wipeout
WINSTON
winkle
whaler
westham1
westcoast
weedweed
weeble
watashi
warped
wargames
walters
w1w2w3w4
voltaire
vitaliy
vesper
versus
version
venus1
venezuel
Vampire
ultras
tupelo
tugger
tripp
trilogy
tracie
toys
toxic
toes
titlover
tired
tillie
THUNDER
three3
thorsten
thinkpad
thetachi
thejoker
teufel
test11
teres
tenpin
televizor
tazdevil
Taylor1
tartan
take
sweethea
swat
sure
summer12
stroller
stinger1
steelhea
started
stand
sports1
southsid
sonnyboy
socrate
SNOOPY
smurfs
smooth1
smallville
slurred
sludge
slimed123
sk8ter
signals
shroom
shipping
shana
shakti
seren
semaj
scooby2
schwinn
save13tx
sargent
samwise
samson1
safe
ryanryan
ruthless
runrun
rumple
royale
rosalie
rodina
rocking
rocketman
rocco1
robinhoo
robert2
riding
retail
repytwjdf
refresh
redhead1
redfive
realms
reaction
rats
rasta1
ranchero
ramazan
Raiders
raging
qwe789
quixote
Qq123456
pussylicker
puerto
puckett
psychnaut1
prospero
primetim
prikol
price
prettygirl
prasad
prakash
porn4life
polly1
polgara
plus
playoffs
playful
pizzapie
pissant
piepie
pheasant
phatty
peter123
perils
patryk
passing
pass01
parties
paroll
parish
outcast
ouT3xf
orkiox.
organic
orca
omanko
olivia1
olgaolga
october1
oc247ngUcZ
nutsack
nose
nonsense
nomads
nokia5300
nokia3250
nikit
nighthaw
newworld
Nathan
naomi
nacional
mustang3
mothe
mostwanted
mosquito
mopar1
moonpie
moonmoon
month
monique1
mnmnmn
miranda1
minotaur
milford
micke
Michigan
michi
michael8
micha
mewtwo
metals
metalica
medicina
mcleod
mavericks
marykay
marsik
Marshall
marlowe
marko
maribel
margosha
marcy
marcie
makoto
main
Magic1
mage
m0nk3y
lunch
lovegun
looper
liver
lindsey1
lind
lazy
lavender
launch
latex
laracrof
lapdance
ladygaga
kukolka
kodiak1
kochanie
kochamcie
knockout
killemall
keys
kenya
kawaii
katy
karla
karamelka
kapusta
JYs6WZ
juggle
jubjub
joyride
jobs
jimi
jim123
jetaime
jerusalem
jerrys
jerryg
jerking
jerem
jedimast
jazzy1
jamison
jamest
jagr68
iwantsex
islands
islam
isis
isacs155
ironmaid
interpol
internat
inform
inflames
indahous
imzadi
ignacio
hotwife
hornyboy
hooch
hondacivic
homies
holley
hellokit
hawks1
hannover
handcuff
hallmark
halfmoon
gsxr600
grey
gremlins
goodies
good4u
ghfdlf
Gfhjkm
gemini1
ganjubas
galadriel
galactic
futures
fuckup
FUCK
frontera
freiheit
freezer
Freedom
freak1
francis1
foghorn
flamer
fishnet
faulkner
fatluvr69
fantastic
falco
fabiol
excell
evgeniya
epaulson
elisha
eight8
egorova
edwardss
edith
ducati99
dogfish
dkflbvbhjdyf
dirtbag
dimasik
dickman
dickface
diane1
DIAMOND
dfghjk
dewitt
desk
desires
decatur
dbrf134
daytime
dayday
davidj
darker
danielit
damager
dale03
d12345
cuties
curly
cumload
cum4me
Crystal
crossbow
cramer
coyotes
conejo
compa
colgate
closed
clocks
clarion
chump
chocho
chimchim
CHELSEA
charm
chantel
champagn
chacal
cfiekz
catalin
career
cancan
camaroz2
cafe
bypass
buttsex
bungie
bungee
bugsbunny
bublik
britta
bourque
boring
boliva
bodies
bluegill
blondie1
blingbling
blastoff
blade2
bingos
billion
bigpapa
biggdogg
big123
bible
bianchi
bethann
behemoth
batigol
bassist
bareback
bantam
balle
badlands
backspac
Babylon5
aziz
autocad
audis4
auction
asphalt
asd12345
arsehole
arioch
argonaut
arfarf
antoshka
antonio1
anita1
angie1
allstars
alexandria
ak1234
adadad
account1
abc321
987412365
96969696
968574
8787
7979
748159263
7171
555444
5550666
524645
4567890
3e2w1q
335533
326159487
3214
31313131
311288
31121993
31121981
31101979
310889
31081980
310785
31051980
31031993
31031991
310185
30121979
30121978
301184
301087
30101975
30091980
30081978
30071977
30061994
30061976
30051995
300490
30041977
30031994
30011995
2cool4u
29121983
29121979
291085
29101987
29101979
29101976
290981
29081994
290786
290585
290484
29031979
29031976
28121977
281184
28111993
28111981
28111978
28111975
281086
280988
28071974
2805
280490
28041981
280388
28031993
28031978
280289
280285
28021980
28021973
28011982
271184
270985
270282
27021996
27021976
261090
26091994
260793
26051976
26041973
2604
26031979
26021983
26021975
2552
251283
25121979
251181
25111975
251085
251084
25091993
25091981
25081981
250785
250685
250589
250587
25041976
25031977
25021980
25011976
25011973
241285
241281
241085
24091980
24081991
240690
240680
24061978
240487
24041974
240385
240383
23121976
231182
23111992
231090
2310
230987
23091981
230883
230882
230789
230788
23071993
23071983
230690
230491
230485
23041978
23041975
23031995
230291
230284
230185
23011997
22121979
22111981
221087
220883
22081975
220787
22061994
22051994
22031976
220188
22011978
2201
212223
21111980
21101976
210988
21081994
210591
210488
210384
210290
210191
201088
20101994
20101977
20091982
200882
20081977
200789
20061973
200590
200588
20051993
20051979
200488
200385
20021977
1qw23e
1q2q3q4q5q
1Monkey
1Jennife
19581958
1937
1936
19091975
19071980
19061976
19051994
19051973
19041994
19041982
19041979
181289
181187
18101980
180980
180584
18051978
1805
18031979
180292
180285
1802
18011979
18011978
18011976
18011974
17121979
17111981
171085
17081978
170785
170692
17061977
17061976
17051994
1705
17041982
17041975
17031995
17031982
17021977
17011982
17011975
161285
16121981
16101979
160985
16091979
160687
16041973
160395
160384
160290
16021977
16021976
16011981
15963
151286
151189
151185
15111993
15111982
151089
15101994
15101974
15091977
1508
150783
15071976
15041976
150290
15011979
145145
140988
140984
14091978
140789
140781
14071970
140687
140685
14051978
140490
140290
13691369
1357911q
131190
13101978
1309
130893
13061992
13061973
13051976
13051974
1303
1302
130190
123qweASD
12369
123456zxc
123456o
123456h
123456789abc
121285
12121994
121184
12101993
12101978
12091975
120890
120889
12081976
120784
12061981
120590
120584
12031996
12031994
12021981
120000
1178
111444
11121982
111190
11111994
11111977
1111111111zz
110989
110987
110981
110980
11091978
110893
110884
11081977
110784
11071995
11071977
11071972
110691
110683
11051995
11051978
11051976
110486
11041981
110390
11021977
101276
10121996
10121012
101190
101185
10111977
100990
100988
10081977
10081975
100783
100687
10051977
100486
100480
10041995
10041981
100386
10021995
10021978
10011995
0wnsyo0
09121977
09101989
090989
09091993
09081992
09081980
09071994
09071989
090587
09041981
09041978
09031976
09021978
08091993
08091983
08071989
08061978
08041978
08041976
080386
08031975
08021973
07121991
07121982
07121979
07111993
07091981
07021974
07011993
07011991
06111991
06111980
06101979
06071978
06061979
06051995
06041978
06031977
0602
05111980
05091994
050888
05061973
050583
05051978
05021996
04121991
04121981
0412
04101981
04101979
040985
04091993
04091980
04051978
040486
04041975
04031996
04021993
03101994
03101993
03101978
03081978
03071981
03051974
03021977
03011981
02121978
02111977
020890
02081993
02071996
02051995
020288
01111976
01091970
01081994
01061974
01061973
010490
01041978
01031996
01031995
01021978
01021970
010171
000000a
zoezoe
zepplin
zaxscdvf
yxcvbnm
yogi
yjdsqujl
woodward
wonkette
windstar
wife
wicked1
whosyourdaddy
whopper
whatthefuck
weirdo
warcraft1
wantit
walkman
wacker
vulture
virtua
viewer
vfvfvfvf
vfnhbwf
vertical
verify
venezia
vbkbwbz
vasya
ukraina
ubnfhf
twodogs
tuborg
trolls
trippin
trashman
toyota1
totally
toobad
titus
titan1
tinatina
tigger01
tide
Thunder
thinker
therion
thebes
thatcher
tess
terrible
terminus
telecast
tele
taratara
talent
tainted
tables
system32
sysadmin
sylvester
sydney1
sydne
swede
susann
surfin
supper
stlouis
steward
steves
step
starks
squish
sport1
spanks
Sophie
Soccer1
snotty
SMOKEY
smarties
slydog
slayer66
slap
skyblue
skittle
sitruc
siberian
showcase
shining
sexslave
seven77
sensatio
seller
sdsdsd
scooters
Scooter
schoo
sarahs
sandeep
sandals
samolet
salamandra
ruger
rosette
rosebud1
roodypoo
roderick
rocketma
ricochet
reporter
relax
reklama
reddog1
rebirth
razzle
rave
rapunzel
ramair
rajesh
ragman
rafae
qwertyasdfgh
qwerty22
Qwerty12
qwertasdfg
q1q1q1q1
pusher
pulamea
proteus
priscill
print
PORSCHE
porky
poppet
poopy1
polka
polinka
poiupoiu
plover
pitt
piramide
pine
pick
petey
peterose
pescator
pelikan
parade
papapapa
panchito
paige1
Packers
oneshot
olivetti
olechka
odysseus
numlock
notredame
nosferat
njdevils
nikitina
newstyle
networks
neogeo
natalka
mysterio
mymoney
mutabor
munchie
mulberry
muaddib
mounta1n
moosey
moneymoney
mojomojo
minister
minion
millerli
michael3
meyer
mexic
Metallic
memorial
mclean
mazinger
MAVERICK
matvei
mathilde
material
matches
match
marmar
marma
marduk
march13
mara
mansur
mania
man123
mamedov
makarov
mailmail
mahalko
Madison
lynne
lucky777
Lucky1
lucinda
loveyou1
lockheed
lineman
lfybkrf
lfhbyf
levi
Letmein
leralera
leone
laxman
lauras
lasher
landscap
lance1
lakeview
kosher
knowledge
kingair
kilgore
kevins
kban667
kalle
k123456
justin12
johnn
jessie1
jemoeder
jaws
jasper1
japanes
janus
january1
jamaica1
jakedog
jacque
jackso
jack123
izzicam
itworks
itachi
isgreat
invader
indica
income
imback
ILOVEYOU
illegal
idiom
ibill123
hubbard
hotwheel
hotcock
hooters1
hondo
hoddle
hiroshi
hibernia
hershey1
hermit
herald
hello2u
Hello1
hayes
haribo
hansel
Hamburg
halflife2
haley1
habana
gunter
guillaum
grizli
grifter
gravel
grassy
grainger
gjgeufq
give
girlfriend
ginger12
gibbons
ghostman
ghbrjkmyj
gfhkfvtyn
gemstone
garry
funn
funguy
fuck777
fuck1
fresca
freetime
fnkfynblf
flyaway
flossy
flossie
feyenoord
femmes
felice
fedcba
fatpussy
famili
excess
evenflow
etnies
erfolg
erasmus
elite11
elissa
elise
elena1
echo45
easypay
dwarf
duranduran
dune
dtythf
DtE4UW
drinks
dream1
dragon88
dopey
donny
dominator
derrick1
denisa
debbie1
dawggy
dave123
darkknight
cvzefh1gkc
current
cuntlick
cstrike
cristiano
crimson1
creep
creativ
coop
conker
commodor
colocolo
coffin
coffee1
cnthdf
cnfcbr
cleaning
cinders
chrissy1
chrism
chocolate1
chicas
chewbacca
chevyman
cheche
chatte
charlie3
charles2
catscats
catlover
catfish1
cashman
casa
canseco
canad
camill
camaro69
calvary
caddis
cabinet
bungalow
bullets
bugbug
budda
buckie
brutus1
browneye
browne
Brittany
brianna1
brian123
bretagne
brentfor
brat
brasilia
BRANDY
brandie
brabus
booby
boggle
blueline
blue45
blue33
Blink182
bling
blaster1
Billy
billing
biggin
bigdogg
bigdave
bettie
bereza
begood
bear1
bateman
bartlett
Bandit
baile
bagger
badnaamhere
avgust
author
aurelia
audi100
asslick
ashlyn
ashish
asecret
asd1234
artofwar
arabic
angle
angeleye
Angel
andros
andrej
anatomy
amherst
aman
aluminum
alpha12
allure
all4u8
alcat
airborn
adonai
acura1
acoustic
aces
a123321
9669
96385274
951159
89015173454
852654
789123456
741236
68camaro
56835683
555888
554455
5404
4SNz9g
4r3e2w1q
4904s677075
479373
4556
451236
4510
4422
4313
3663
3283
311083
31101973
31081995
3108
310790
310586
31051976
31031994
310184
31011977
31011974
30303030
30121993
30121991
30101994
300zx
30071993
300586
300583
300487
30041994
30011979
291296
290989
290688
290681
29061995
29061994
290584
29041978
29011976
281283
28121979
28091995
28091978
280885
28081983
28081982
280686
280586
280487
28041982
280391
28021996
28011975
271189
2711
27101979
27091982
27071978
270684
270585
27051972
270187
261183
261083
26101993
26071996
26071977
260681
26061976
26051980
260390
260280
26021980
2601
258741
251280
25121981
251182
251089
25091979
25091977
250790
25071994
25071979
2507
250686
250681
25061976
25051977
25041994
25031996
24601
241282
240985
240789
240786
24071977
24051994
24051974
24041977
240286
240183
24011975
2332
2324
231288
23121994
231187
231186
23111971
231082
23101980
23091974
230889
230792
230780
230591
23051995
23051979
23051977
23051975
23041979
23011970
2301
222222222
221289
221283
22121995
22121981
22111993
22101982
22091970
220886
220884
22081993
220791
220789
2207
220685
220683
220677
220585
220386
220385
22021981
2112rush
21121994
21121982
21121973
210987
21081996
21081995
21081975
210695
210689
210589
210395
210381
21031980
21011994
201286
20121978
201186
20111996
200993
20091977
200889
200886
200784
20061994
20041975
200386
20031995
20021974
20021967
1bitch
1934
19141914
19121981
19091994
19081993
19071979
19051979
1881
1856
181186
181088
18101981
18091977
180790
18071977
180588
180587
18051996
18051977
18051975
18051974
180485
18041994
180388
18021985
18011994
171285
171280
17111978
171083
17101982
170989
17071982
17061978
170582
170492
170488
170485
170392
17011971
161288
161287
161281
161184
16111981
16101993
16101980
160989
16071995
160682
16061994
1606
16051974
16031978
1603
16021980
16011992
159875321
15101975
150978
15091994
15071995
150689
150681
15061976
15051975
150388
15031996
15031995
15021995
150187
1488
141285
141281
1412
14111992
141088
141087
141084
14101994
140886
14081996
14081976
14071995
14071977
1407
14061977
14051980
140489
14041994
140385
140188
14011997
14011978
13579246
13421342
131289
131287
13111993
131089
13091979
130886
130785
13071977
130589
130583
13031981
13031977
13031973
130287
13021975
130188
1300
1253
1248
123QWE
123q123q
1234567z
12332112
123123123q
12251225
1223334444
121268
121178
121176
12111978
121090
121079
120987
120984
12081975
12071977
120687
120683
120680
12061976
120589
120490
12021975
12011981
111276
1111999
111178
111089
111088
11101993
11101974
11091994
110892
110890
11081976
11081975
110778
110586
110581
110482
110391
110385
110282
1090
101295
101289
10121995
101187
10111993
10111979
10111974
101087
101076
10081974
10071994
10071975
10051981
10051978
100490
10041974
10021997
10021975
09121974
09111981
09111972
090978
09091974
09071983
08091976
08071994
08031995
08031994
08031971
08031970
08021995
08021978
071182
07111991
07111979
07101995
0708
07061980
07061976
07051978
07041976
07041975
07031978
06111975
06101980
060990
060882
06081993
060782
06071992
06051993
06051978
06041976
06031974
06011993
05111978
05091993
05091980
05081978
05061978
050580
05051976
050387
05031974
05011996
05011995
05011977
04111993
04091981
04071996
04071974
04041978
04011993
0401
0315
03121984
0312
03111991
03111978
03101975
03101974
03081994
03071993
030688
03061994
030478
03041994
03041981
030393
03011978
02121994
020990
020791
020686
0205
02041995
020384
02031994
02011995
01121973
01111992
010988
010586
01041997
01041968
010285
01021973
010175
010169
zxcvb1
yoohoo
yingyang
yeryer
yannick
xsw21qaz
xrp23q
xboxlive
wsxqaz
winky
whitman
wetwet
westie
wars
warpten
warhol
warhawk
walden
w4g8aT
w12345
vsijyjr
voetbal
vlad1996
violent
vbkfyf
utvols
twiztid
tweet
trustn01
trust1
trouts
trinket
tooshort
tookie
tities
tiramisu
tinker1
Tigger1
thunders
thug
thomas01
thirdeye
thebomb
testme
terrie
temporar
temper
teetee
teacup
tavern
tashkent
tarantul
tamtam
takehana
tagheuer
t34vfrc1991
szevasz
Sydney
svetka
sunnie
sunita
sunderland
stussy
stringer
sting1
stewie
stephy
stargaze
staple
stanger
stamps
STALKER
stairway
spartacu
sorcerer
solid
smarts
slacking
skyline1
skelter
skeletor
singing
shelia
Sharon
sharik
shake
sexybaby
sexbomb
seagate
scott123
scotia
scoob
schweiz
saturn5
satan1
sassie
sashok
sanjuan
samantha1
samael
sable1
rubbish
round
rostik
rororo
ronron
roland1
rodriguez
rodrig
rob123
rjcnbr
rhapsody
reward
reverend
reject
Redskins
rediska
reddragon
random1
raccoon
qwaszx123
queer
puravida
pringle
prefect
practice
pounder
polska1
police22
player69
playbo
piranha
pinewood
pickett
pi314159
phuket
Phantom
phantasm
petter
petersen
peterbilt
pervasive
pepsicola
pennst
pedros
peaches2
payne
paula1
pats
patricio
Patricia
passion1
parolparol
parole
pandora1
panacea
palmetto
Paladin
oven
orland
oriole
oriental
order
oops
onclick
omega2
olivi
olds442
oldham
oktober
oEMdLG
odette
oceans11
notice
noonan
niunia
nino
nikolaev
Nicole1
nickname
negrit
natashka
naresh
nada
mZepAb
muncher
multisyn
muffi
muenchen
MOTHER
mollys
miss
minako
MILLER
mika
midwest
mickie
metalman
metal666
merrick
maverick1
matthew2
master11
mashina
maryjo
mansion
mansell
manish
malvina
maksik
makarova
madsen
luckyboy
louis1
lollol1
lolit
lolalola
lkjh
littlebi
lisa69
linsey
lingling
lina
lemond
legal
lbvflbvf
layla
laugh
later
landry
krasnodar
kona
Knight
knarf
kindness
katina
kassie
kallie
kakaroto
kakakaka
kailua
juventu
junfan
juancarlo
joyce1
joking
johnmish
john1234
jimmy2
jigger
jessika
jeeves
jeanie
japan1
jamal
jailbird
jacks
ironhead
internet1
interex
indiglo
images
ilovepor
ilovemyself
ilove69
Iceman
hotel6
hot2trot
hosted
horny69
hondacrx
holeinon
hobbs
hiro
hellothe
healey
harlan
gunner1
gunman
guderian
griffon
greek
grandprix
goodnews
Golden
godwin
glen
gillette
gfhnbpfy
germaine
gerardo
geneviev
genesi
gearhead
gaysex
GATEWAY
gamers
gail
gaffer
fyutkjr
fuckslut
fuck0ff
friday1
freight
fred12
forty
fonzie
focus1
fistfuck
figment
farter
epiphone
enkeli
enfield
energize
empress
emachine
Elvira26
eltoro
elohim
eightball
effect
eatmee
Eagles
dzxtckfd
dthjxrf
drinking
dress
dreamy
dorsey
doremi
doorman
dollface
dimension
didi
DHip6A
deutschland
detail
destroye
democrat
delores
deere
debate
davidm
dasdas
darkwing
Darkness
dannon4
dahc1
culo
cuckoo
crysta
crybaby
cristi
creek
crazy8
crappie
cranky
Cowboy1
connection
conflict
comicbook
collette
cogito
coast
coach1
cnhtktw
circuit
cinderella
chobits
chisel
chico1
chicke
chevron
cheval
Chester
chatter
charl
chanda
cathy1
catch
CASPER
cashcash
carioca
capt
candi
callme
caitlin1
cachorro
buster01
burnley
burgers
buldog
bugsy
bubu
bubby
bronte
bronco1
brianjo
bound
borg
bootneck
bonnie1
bonito
bonfire
bones69
bonefish
bogie
bluenote
blowjobs
blanket
bizarre
billyb
bigg
beluga
bebop
beaut
bear12
bassfish
barsuk
barret
baldy
bakers
bagwell
BADBOY
babycakes
azerty123
azer
axel
auralo
atdhfkm
astoria
astonvilla
ashman
asdasdas
Arthur
armitage
ariadne
architect
ararat
apathy
aol999
annual
annemari
anklet
anjali
anime1
alias
alfaromeo
alex22
ALEX
Alex
albert1
ALBERT
albania
alaina
AL9aGD
airwalk
aguilera
adrianne
adrenali
adfadf
adelphia
ababab
a123123
98989898
98745632
976431
963741
8balls
7UFTyX
789321
753753
6262
567765
55555a
555555a
541233432442
4wheel
4free
47474747
4637324
4428
4000
3some
3edcvfr4
380zliki
3369
3344
3333333333
31122008
31121977
311090
311079
31101976
31081979
310787
310386
310385
301288
301188
30111981
300888
30031995
30031993
2wsxcde3
29121980
29111976
29111973
291092
291080
290988
29091972
29081980
290787
29071975
290689
29061974
290488
29041975
290383
281290
28121976
28111995
28071980
28071975
280689
280592
28051977
280488
280390
280386
280384
28031995
28031994
28031980
28031974
28021977
280188
271287
27121979
27101978
27101976
270991
270987
270785
27051994
27051979
270487
27031994
27021995
270189
270184
27011979
27011978
261187
26111983
26111981
261082
26091995
26061979
26051977
26041996
260384
26031977
260289
26011980
25111993
251083
25091994
25081995
25071976
25061995
250584
25051978
250286
250190
25011979
25011975
243462536
241289
24121976
241190
241189
24111995
241088
24101977
240984
240887
24081980
240688
24051996
24051971
24031978
2402
231191
231184
23111993
231086
230680
23061982
230578
23041995
2304
230390
230288
23021976
230191
224422
221286
221281
220692
220588
220578
220484
22041973
2204
220389
220281
220184
22011972
21125150
21121976
211190
211188
21111979
211087
21101993
210989
210981
21071976
210688
21061976
210483
210190
210184
210183
2100
201184
20101993
20081979
20081978
20071975
200690
200586
20051995
200489
200484
20041996
20041994
20031975
20031970
200285
20011978
20011972
1George
19844891
19121995
19101980
19091979
19081979
19071996
19071993
19061995
18121972
18111995
181090
18091980
18091972
180886
18081977
18071976
180688
180686
18061972
180590
180490
180293
180284
18021972
180188
1793
17761776
17111991
17111973
17101993
170986
17091995
17081973
17071995
170683
17051996
17051975
17041995
17041994
1704
17031979
17031975
170186
170183
169169
161280
161179
161171
16111975
16101981
16091977
16081975
1608
160788
160786
160688
16061977
160586
160487
16031976
160289
16011980
16011973
151287
15121975
151183
15111974
151086
15101996
1510
150890
150888
150885
15081995
150784
15061977
15051970
150489
15041972
15021975
15021974
150190
141975
14121973
141186
14111973
141083
14091995
14081994
140792
140791
140680
14061973
14051995
140487
14021997
140185
14011994
13311331
132465798
13121978
131189
130991
130984
130889
130780
13041993
1304
130386
13031976
13021979
130191
1289
1286
128128
1243
123666
1234qwerty
12345i
123456j
123456789w
123456789qaz
12344321q
123333
123123qwe
121272
121271
121078
120893
12081977
12061979
12051979
12041974
12041972
120290
12021978
1190
111282
11121976
11121975
11121314
1111aaaa
11111993
111086
110985
110885
11081979
110790
110789
110782
110688
11061982
11061976
110489
11041976
110388
110383
1099
1050
103177
102102
10121978
101083
100887
100786
100785
10071995
100688
100685
100680
100587
10051994
100484
100476
10031971
100187
10011997
10011979
0918
09121993
09101993
09101983
09091976
09061973
09041979
09021976
0812
08111992
08101981
08101977
08091980
080884
08071995
08071978
08051993
08051971
08041983
08031981
08021994
08011982
071289
07121994
0712
07101978
070988
07081977
070809
070783
070584
07041973
07031993
07031979
07021995
07021994
061288
06121979
06111981
06091993
06071975
06051977
06051974
06041979
06031991
06031975
06021975
051190
05111979
05091978
05081975
050588
05051996
0505
05031996
05021994
05021976
04111981
04081979
04071980
04061977
040588
04051994
04051973
040484
04021979
031286
03121994
03121978
03111981
03101977
03091992
030584
03041995
03011982
02121975
021089
02051992
020284
0187
01121976
01091982
010878
01051978
01041974
010384
01032000
01031974
01031972
01021977
010189
010186
010174
010160
007007007
00112233
000006
zxcvbn1
zorglub
zamboni
yuiop
yendor
yasmine
yardbird
xNgWoj
wowser
woogie
Wizard
winston2
windex
winchester
winamp
wilso
willow1
whatisit
westgate
wesson
weedman
webb
watermel
waterfall
water123
warfare
walley
walker1
walk
vjhrjdrf
victor1
vfiekz
vfhvtkfl
vfhrbp
verity
varsity
vander
vampyre
utility
underworld
tZPVaw
TYvuGQ
twingo
trustnoone
truckers
trina
tremere
treacle
trashy
toughguy
tough
toolshed
tobago
tippy1
tightass
tigerlil
theraven
theman1
texas2
testes
terrace
teri
terence
temp1234
teddyb
tease
tahoe1
t123456
sylvania
sycamore
swindon
superdup
sunsun
SUMMER
stump
strings
strategy
stomper
stepanov
steady
Starwars
startac
[start]
starla
squishy
spandex
sound1
soraya
solosolo
soccer15
soccer14
Slayer
slammed
sistema
single1
silicone
shorts
shocking
shizzle
ship
shaw
shadow69
shadow13
sexboy
sex6969
serebro
seattle1
Scott1
schwanz
schlong
sc00ter
satanic
santo
samsara
sameer
salvation
sallie
salamand
sabotage
Sabine
roxie
rouge
rodion
Rocks
rocheste
robby
rfpfynbg
rfnthbyrf
rfgbnfy
retep
region
redtruck
ready1
razdvatri
ravage
ratchet
rahasia
r12345
qwer4321
qpwoeiruty
qazxswed
q8zo8wzq
pussyeater
purgen
purchase
proverbs
problems
problem
princeton
primrose
primo
ppspankp
popular
pootie
polkmn
pokey1
pogo
plant
pkxe62
pirata
pioneer1
phipsi
petra1
perico
pepper12
pedro1
pawpaw
Patrick1
pato
patit
pamela1
ostrich
osborne
orlando1
one
nyknicks
nounou
northsta
nokia3310
nodrog
neuken
nelly
natash
natas
nananana
nagrom
nafets
mustangg
multimedia
mullins
morrisse
morkovka
MORGAN
montauk
monica2
moneyy
moneymaker
moneybag
mobil
mitsubishi
milagro
miko
mikaela
Midnight
memyself
memento
mellons
mclane
mccabe
matthew7
mark22
marisha
marimba
maricon
marbella
manitou
mambo
malishka
maldini
makemone
mack10
macho
lover69
lovepussy
loveme2
loveme1
love23
love13
loredana
longbeac
LONDON
lollo
lol12
logical
location
lizaveta
limerick
letitrid
lesbo
leo123
lenalena
lebron
lawdog
laughter
latvia
lanman
landlord
lana
l2g7k3
kusanagi
KswbDU
konfetka
kohler
kitty2
kirill123
kingsley
king123
kidd
kevlar
kellys
kbytqrf
kaya
katharin
katenok
kardon
kaneda
kamil
kamehame
JUSTIN
junction
juarez
Joshua1
JOSEPH
jonathan1
joints
joachim
jledfyxbr
jana
jake12
jackson2
jacki
iwantin
ismael
interests
inches
ilona
ihateu
Hunter1
human
HR3Ytm
hottie1
HOTDOG
homebase
hollydog
hernandez
hereford
henderso
hemicuda
helpme1
helloyou
hellion
halfpint
haha123
guns
gump
guitarra
Guillaum
grimlock
green12
grant1
gordon1
gonefish
golfing1
godofwar
glamur
gifted
gibbon
ghbdtnghbdtn
ghbdtnbrb
gfhreh
gfhfif
getalife
gerhardt
geraldin
georgi
George1
Gemini
ganesha
gaga
gaetano
futura
fun123
frenzy
fredderf
fredd
frantic
fordman
fordford
foolio
flyhigh
flogger
finalfan
fidelis
fermat
fellowes
favre4
favour
fartripper
fartfart
Fabienn
explode
eWtosi
etoile
eros
eric1
elnino
edinburg
eater
dryden
dron
dragon22
dothedew
doraemon
DoqVQ3
dobson
divx
division
discreet
disco1
diogenes
dimarik
dick69
denden
deimos
DEBBIE
deadeye
deaddead
davida
dalila
daddy123
cuthbert
cummings
croatia
crewcom
crabby
coopers
conan1
COMPAQ
colette
coconuts
cnjvfnjkju
Claudia
ckfdbr
cheeta
checks
CHARLES
characte
char
champagne
cfhfnjd
cerfcerf
carmex
carmelo
carcass
capitol
candid
camara
calcio
cadence
cabrio
buzzsaw
buttocks
bulldog2
buddy12
bubber
bubbadog
brayden
bosworth
bored
booties
bolivar
bocephus
bobbo
bob
blue21
blondi
blazin
bladerunner
blackrose
blablabl
biteme69
BITEME
billys
bigstick
bigshot
bigdee
bianco
bethan
bestfriend
bells
belarus
beckett
bebebe
beast1
bayview
batter
batman99
Batman1
barnett
banderas
bandera
baldrick
babygurl
aztec
August
atlas1
asteroid
asdfjk
asdewq
asd123asd
ARSENAL
arschloch
arrow1
armenia
arisha
arena
angel13
ANDREA
andre1
anasazi
anamaria
amormi
alvarez
aleksa
aida
agustin
adida
acosta
aceracer
accounts
accent
Aaaaaaa1
aaa340
8ball
876543
8762
8484
8181
7667
6060
5437
475869
47114711
44445555
3stooges
3girls
3783
3366
3355
330330
31101977
310885
31081978
310783
31051996
310387
31031975
31011995
31011994
301286
301186
301183
30111994
30101977
300982
30091974
300770
30071976
300687
30061977
300486
2FcHbG
29292929
29101978
290991
290990
29091975
290789
29071976
29051977
290487
290483
29031975
29011981
29011978
281288
28121978
281191
281189
281182
281089
28101978
280984
28091980
28081978
280788
28071977
280688
28061976
2806
28051994
28041994
280385
28021979
28011979
28011976
27121994
271188
271180
27111993
271092
27101975
270888
270884
27081994
270782
270777
270690
270689
27061996
27061978
270583
27041974
270389
270385
270288
270284
27021994
27021977
27011975
261286
261189
261181
26111976
261081
26091996
26091992
26091974
260888
260883
26081979
260688
260587
2605
26041981
26041979
260386
260385
26021994
26021976
26011982
25121978
251186
2509
250577
250483
250481
250385
250382
25031995
25031976
25021997
250184
242526
241192
241084
241078
240982
24081977
240788
240691
240682
240591
240585
24051978
24051976
240490
240486
24041993
240387
24011977
23111975
23101976
230990
230988
23071976
23071975
23071974
230692
230685
230681
230583
230391
230388
230290
23011996
222888
221186
221183
221078
22101996
22101972
220988
220887
22081978
220784
220590
220589
220290
220289
220288
220279
22021974
22021973
22011974
2122
21111995
210790
21071995
21071975
2106
21051972
210485
21041977
210382
210283
21021977
210185
21011976
21011974
20111975
201083
201020
200991
200986
20091975
200887
20071976
200684
20061997
20061995
20061978
200592
200589
200584
200494
20041978
20041977
20041976
20041973
20031974
200288
200284
1Ranger
19933991
1928
1920
19121983
19121980
19101992
19081996
19081994
19081976
19061980
190587
19051976
19041973
19021975
18111994
18111976
180987
1808
18071975
18061975
18061974
180385
180377
18031994
18031976
18011981
1789
171286
171183
17111995
17111976
1710
17091996
170888
170788
17071975
170688
170686
17061995
17061994
17061973
17051976
170489
17041980
17041979
170387
170287
17021976
170181
17011994
17011977
161282
16121975
16111976
16091975
160885
160884
160683
16061976
16061975
16061972
16061971
160584
16051993
16041996
160288
160286
16011994
158158
151184
150989
15091973
15081998
15081994
150792
150782
15071975
15061978
150590
150589
150585
150480
150289
1472
1453
1441
14121974
14111994
14111976
140987
14091974
14081978
14081971
14061996
14061981
14061980
140588
140488
140484
14041972
14031996
14031977
140291
140282
14021996
1402
1397
135797531
133113
13121976
13081996
130783
130782
13071980
13071978
13071971
130688
13051993
130486
130388
13031994
130187
13011978
13011972
12457
123qaz123
123555
1234rmvb
12347890
12345g
12345e
123456789A
12345678900987654321
12345671
123123123123
12311231
12231223
121284
12121995
121213
12111977
12111976
12101982
12101977
12091980
120882
120875
120741
12071978
120685
120684
120391
120389
120386
120378
12031975
12001200
1163
1155
1144
111290
111288
11121996
111186
111176
11112000
11111970
1111122222
110982
11091976
110888
110783
110590
110583
110481
110382
11031995
110285
11021995
11021973
11021969
110183
108108
10661066
101169
101072
100991
100781
10061960
100590
100487
10041976
10041972
100192
09121975
09111991
09111989
09111980
09111979
09091996
09081994
09081977
09061994
09051994
09031978
09011993
09011979
08522580
08121977
08111985
08111982
08091972
080883
08081995
08081994
08061979
08061976
08051996
08051979
0803
07831505
07121978
07091995
070777
07071995
07061995
07051976
070483
07021979
07021977
07011979
0626
06111978
06061994
06041995
06011979
06011978
05101978
050989
05081994
05081976
05071976
050689
050686
05051971
05041972
05011993
0424
04121992
04121979
04121977
041090
04091976
040888
04081974
04071981
040583
04011977
04011974
03121980
03071996
03071995
03071974
030690
03061981
03051994
03051975
03031996
03031974
03031971
03021976
03011979
03011976
0223
021978
021189
021187
02111992
02111979
020782
020388
0203
020292
020282
02011993
0147896325
013cpfza
01101974
01081977
010787
010687
010589
01051995
01051994
010482
010388
010385
01031975
010179
010178
01011956
009900
007james
zigazaga
yorkshir
yamah
xcountry
wrxsti
workshop
works
woodys
wizkid
winning
winifred
willys
wildrose
wilcox
whistle
wewewe
wetlands
wertwert
weronika
wellington
welles
webhompass
waVPZt
wash
warzone
vova123
vittorio
vibrator
vfvf123
vfrcbvec
venom121293
vacuum
UpnFMc
turkish
trusting
truffle
tron
tristen
trafford
totototo
toronto1
toptop
toosweet
tommygun
tomm
tmoney
titsnass
tititi
timing
timbo
tigerwoo
TIGERS
Tiger
thunde
thomas2
thisisme
thales
testy
tercel
taylor12
tasty
taekwond
tackle
syncmast
sweeper
swan
superson
sunrise1
sundin
Summer1
stuttgart
strelec
starts
stars1
starflee
stallone
squonk
squids
squeaky
sprinkle
sportste
spoonman
sossos
sonnet
soldier1
sogood
smokeweed
slipknot1
Slipknot
skytommy
skoal
skaska
silverfo
silver12
silva
sideshow
shua
shooting
shock5
shingo
shank
shakey
shaka
seven11
serene
sepultura
selen
seafood
scribe
scribble
scooby12
scimitar
scenic
scamp
saturn1
sarah123
Samson
salsero
sailormoon
sadsad
rudedog
roxana
roxan
rooster1
ronaldo1
roma123
rjynfrn
Rjw7x4
rfrltkf
rfntyjr
reviewpa
reverse
render
rellik
regret
reddrago
redbirds
rebecc
ready2go
razorbac
rasengan
r2d2c3p0
qw123456
quetzal
qqqq1111
QBG26i
q55555
pwxd5X
PURPLE
promethe
Prince
powerpc
powerboo
positivo
portman
porker
poli
plopplop
pinecone
pike
piglets
piedmont
phillip1
phenix
pflybwf
percival
pepsione
pepit
penner
patrick2
password0
paroli
paramedic
papichul
papercut
paper1
pampers
paleale
pacifica
pablo1
ou812ic
otters
orange8
open4me
omega3
oddjob
octavian
nutz
nurse1
nowhere
nolove
nolimit8
nikolaus
nikolaeva
nikita123
nicholas1
newmoon
newguy
nelso
Nec3520
nbvcxw
navarro
nashvill
nails
mylord
MUFFIN
muaythai
mrhappy
mP8o6d
mozzer
moses1
morrigan
mormor
montan
Monkey
mofo
miracles
minidisc
micros
meyers
merry
mercy
melville
melonie
mello
melbourn
meddle
meaghan
mauser
mattman
marisol
marcopol
mamasita
malcom
maid
mahoney
madhouse
macros
lottery
london12
lkjhg
limaperu
letitbe
leiceste
laverne
lausanne
lamesa
ladydog
kukushka
kukuruza
Kristina
kosovo
knocker
knives
klootzak
klklkl
kirby1
kings1
kindbud
Killer1
khalil
khaled
kfvgjxrf
kenyon
kelly123
kelly001
katusha
kasia1
kakadu
kadett
juster
juggs
joselui
josef
joness
JOHNSON
joeyjoey
joann
jeter
jesuschrist
jeronimo
jelly1
jeanine
jazzjazz
Jasmine
jansen
jamies
jabba
iuytrewq
irvine
intelligence
indiana1
Indian
iluvsex
iceice
HuFMqw
hotline
hoss
hooked
homersim
home123
hoihoi
hockey12
Hockey1
hillman
Hhhhhhh1
herons
hellbent
heinz
heathers
HEATHER
header
haters
harrypot
hanover
hangman
Hammer1
hakeem
haircut
hahah
guess1
grubber
grogan
griff
Green1
greasy
graeme
gr8ful
gorgon
good2go
golf12
godson
gnusmas
gnasher23
gnaget
glorious
girdle
giovann
gibsonsg
gianna
ghjkju
ghjghj
ghandi
george12
gentry
Generic
gemin
garten
ganster
gandhi
galahad
gabriella
g3ujWG
future1
fussbal
funhouse
FuckYou
fuckina
from
frolova
friendship
freelove
franz
framer
force1
folder
flyers1
flipside
flavia
firetruc
fightclu
fencer
fatim
fatcock
farting
fairview
faceoff
fabregas
f00bar
express1
Evelyn
ellen1
elaine22
edinburgh
duffbeer
dribble
dragon7
dragon23
doritos
donkey1
donald1
dominos
doma77ns
dolfan
document
dockers
dixon
direwolf
dima1996
dididi
dfdfdf
destro
desperad
delorean
delano
defjam
deepsea
declan
death123
Dawg1
dashadasha
darkjedi
darien
dagwood
DAD2OWNu
cycle
cup2006
cuntsoup
ctdfcnjgjkm
crossfire
cristia
craps
CraCkSeVi
couscous
costa
cornholi
concert
commie
com2
college1
colby
coffe
cocococo
cleric
cleaver
Chris1
chilidog
Chelsea1
cheesecake
checking
centrino
celtics1
cellular
catarina
cassie1
casablan
carrier
carmela
carguy
carbine
caps
canadien
camell
cadr14nu
caballo
c6h12o6
burke
bulls1
bulldogg
budice
bububu
brother1
britneys
brindle
bridgett
brewers
brent1
brandt
bosstone
boondock
bonham
bobby123
bmw123
blue13
blowme1
BLOWME
birthday21
birdy
binger
biggy
bigboi
beto
benning
becket
bates
Basebal1
BARNEY
barman
barbarian
bagpipes
backlash
audia3
astra1
ashley12
arigato
aqswdefr
apples1
aolaol
anderso
ancient
amtrak
amanda18
alvar
allan1
alhambra
alexis1
Alexande
aldo
alastair
agosto
adrien
adjust
actor
abrams
aassddff
a1a1a1a1
99887766
8DiHC6
838383
78N3s5Af
777777777
714714
557744
555111
5413
5225
51051051051
4rfv5tgb
4477
43211234
4250
383pdjvl
333888
311285
3112
311080
31101995
31101981
310887
310882
310880
31081973
31051979
310380
310187
301283
30121981
30111977
30101995
300990
300886
30081979
300788
300778
300686
30061993
30061974
300584
300581
30051993
300380
30031974
30011996
30011973
2girls
291284
291282
2911
29101980
290985
29091995
290888
29081995
29081981
29071995
290682
29061979
29061972
290581
29041977
290390
290387
290380
290188
290187
281190
28111992
28101996
28101982
280889
28071994
280691
28061978
280590
280584
280492
28041979
28031976
280280
280184
28011978
27121993
271181
270983
27091973
270890
270889
270873_
27081976
27071974
27051977
270486
270483
270482
27041980
27041979
27041977
27041975
27021978
27021975
27011994
26121993
261186
26111977
261087
261084
260986
26081996
26081980
260786
260785
260683
26061995
260589
260493
260482
260477
26041994
260188
260187
2583458
25251325
251284
25121997
25121994
25121974
251184
25111976
250990
25091995
25091972
250891
250890
250883
250882
25081978
250783
250780
25061979
25061978
250595
250485
250480
25041997
25041974
250380
2503
25021979
25021976
241291
24121973
241183
24101992
24101978
2409
240890
24081974
240790
240783
240779
24071981
240689
24061994
24061976
24041975
24031975
24021976
231291
231290
231281
23111994
23111973
230887
23081979
23071979
230684
230589
230386
230384
230287
23021974
23021970
23011979
23011977
23011972
2227
221285
221191
22112211
22101994
220890
22081979
220786
220785
220777
220584
220487
22041977
220383
22021996
22011998
22011979
22011976
2134
211286
211283
21121974
211211
211187
211181
211085
21101977
210985
210982
21091992
21091971
210879
210783
210687
21061978
21061974
21051976
210495
210387
21031975
21011977
21011973
201282
20121994
20121973
201182
201089
20091974
200881
20082009
20081994
20071978
200685
20051996
20041979
20041970
20001
1Killer
1Jordan
1Footbal
1Dawg
1Buster
1Batman
19877891
1930
192168
1918
19111978
19111973
19101978
190788
190687
19051975
19041974
1904
19011978
181290
181286
181282
18121994
18121974
18111973
181087
18091996
18091993
18091975
180887
18081979
18081976
180690
18061976
18041972
180391
18031995
180186
17121997
17121973
17121971
171084
170983
170981
17081993
170790
17071976
17071973
170689
170687
170583
17051977
170480
17021993
17021979
170166
17011976
16111978
161090
161083
16101995
16101975
160980
16091995
16091982
1609
160891
160784
160685
160680
160587
16051981
160488
16041994
16041982
16031977
16031973
16011997
159159159
154ugeiu
151180
150986
150985
150887
150886
15081993
150789
150687
15061996
150586
15051995
15051994
15051973
150486
150477
15041994
15041979
15041977
15041975
150390
15031982
150283
150182
15011977
1501
141283
14121977
14121972
141182
14111993
14111979
14111975
141085
14101977
140982
14091994
14091973
14051994
14041995
140387
140288
140284
140186
14011973
137137
135792
1346
1321
1317
13121974
131180
13111977
1311
131081
13101975
130982
130887
130885
13081979
13071974
13061979
130591
130490
130483
130385
13031974
13021993
13021978
12qwasz
1278
1268
12345trewq
12345f
123456789g
1234567890s
12345666
123234
123123321
1212123
121189
120981
12091974
120879
12081972
12071974
120691
12061974
120580
12051974
12051970
120478
120473
12041973
120382
12031979
120280
12021997
12021994
12011977
11924704
1153
113322
11211121
111275
111075
110984
11091975
110687
110680
11051980
11041982
11031994
110291
110283
11021971
11011976
1041
103103
102010
101282
101275
10121994
10121977
10121974
101179
101177
10101996
10101974
10091979
10081973
100782
10071981
10071973
10061974
100577
100576
100483
10041975
100389
10031976
100286
10011971
1001001
09101978
0910
090983
09081993
09081972
09071979
090545
09051976
090481
09031979
09021980
09011996
09011978
081289
08121978
08111981
08101992
080995
08091978
08081973
08071972
08051994
08041994
08041979
07101982
07091976
07091973
07091970
07081976
07081974
07081973
070781
07071975
07061994
07041977
07031974
070291
070284
07011978
061087
06091977
06081975
06071993
060691
06041975
0521
051284
051281
05101975
050986
05071993
05061994
05051977
05041976
05021974
0423
04121980
041187
04111972
0411
0410
04091995
04081994
04081977
04071993
04071976
04061996
04061978
04061973
040586
040585
04051971
04011973
0331
0325
0324
0316
03111979
031078
03091979
03081974
030783
0307
030685
030680
030674
03061978
03031977
03031973
03021970
0224
021287
02101993
0210
020786
020286
020285
019283
0154
0147
012007
011284
011281
01111975
011080
01091978
01091977
01091976
010885
01081966
0108
01071975
01071974
010690
010680
010484
01022000
01021999
010203040506
01012007
0024
001001
zealots
yummy1
ytcnjh
Year2005
yakuza
xxxxxxxxx
Xxxxxx1
xtkjdtr
XqgAnN
woodduck
woaini
winter12
whiskey1
westport
wester
westcoas
wembley
well
weights
weber
watkins
wander
w0rm1
vonnegut
voltage
voices
vodoley
vjkjltw
vika123
vicente
vestax
vaz21099
vasilii
vanyarespekt
usmc1775
ulysse
troopers
Trinity
trigger1
trex
tretre
treat
travelle
tratata
trap
transport
transpor
trails
towing
topfuel
tony1
tommys
titanic1
tincup
timoha
timmie
timeport
tiedup
thrill
thisone
thetick
thelema
testme2
tenni
tenchu
television
televisi
teddie
teache
tatian
taras
tangerine
t26gN4
symphony
symbol
syclone
sxhQ65
suresh
superboy
superbee
sunny123
sumner
suicidal
submarine
stratos
strange1
stjabn
stepanova
stalker1
stadium
srilanka
sqrunch
spenser
spawn1
sparco
soloman
soccer7
soccer22
snowsnow
smiler
smile123
slinger
slimer
slaves
sissy1
simeon
shiny
sherwin
sharo
shannara
shankar
shadow123
session
sergeev
seraph
sensor
senha
secreto
Secret
sebastien
seansean
seagrave
SCxaKV
scranton
scores
scooter2
schule
schooner
schnee
scales
saywhat
saruman
sanjeev
sandee
sammyboy
salem1
saber
s1107d
rotterda
rope
romina
rollie
rolando
rimshot
richard2
rfvtgb
rfhjkbyf
rewq
review69
resource
rerjkrf
repytwjd
replay
regis
redsox04
red1234
rebelde
rarara
rankin
rainbo
racine
Rabbit
qwerzxcv
qwerty00
qqaazz
qq123456789
qazxsw21
q1w2e3r4t
q1a2z3
pxx3eftp
purity
pullings
probe
priscilla
powerup
powermac
power2
postov10
pookie1
poohpooh
pompier
police1
poiu0987
playe
playas
PlanoT
pittbull
pipo
pionee
pimppimp
pimple
pidaras
piazza31
pharaoh
petrol
perfecto
Pepper1
pepino
pendrago
PEANUT
paul123
patent
password69
password4
passe
pascale
party1
parol1
parke
paprika
paperboy
panty
pakistani
paints
packman
package
ottootto
osbourne
orlova
orange44
operation
opensesa
onyx
oliveira
oldies
oklick
oinkoink
ohiostat
official
octavia
nylon
nx74205
numark
November
notagain
nordic
niceone
neuron
network1
neptun
nbnfybr
nariman
nakita
nacho
mythos
mylene
mustdie
munkey
mullin
muddy
mozilla
moss
moremore
montague
montagne
monkee
molina
miria
mint
mine2306
mina
mills
million1
milagros
mikhail
mickeymouse
mets86
medieval
meatman
meadows
mcgwire
mcguire
MAXWELL
Maximus
Marvin
marks
marios
marillio
margit
manzana
manwhore
manunite
manchu
mall
magyar
MADISON
M5WKQf
luzern
luckey
lthgfhjkm
loyalty
love22
love2
loplop
Logitech
logan5
littleton
lilili
likeit
lifelife
liberta
lfiekz
lexicon
lexi
lera
lbfyjxrf
latitude
larry123
kremlin
kozlov
kozerog
knowledg
kinky1
kimberle
killing
kickit
kermit1
kennet
keaton
kasparov
karmen
karlos
kaplan
kailey
jujuju
joeboy
joanie
jmoney
jizz
Jimmy
Jesus
jerrylee
jennys
Jennife1
jay123
jaspe
jasonb
jamjam
jamesd
jajajaja
Jaguar
JACKSON
jackel
jack12
itstime
its420
ishtar
isabe
intell
Indianali
incognito
imissyou
iloveyou!
iloveamy
howard1
hopefull
hoopster
hoopstar
homehome
holiday1
holder
hoho
hihje863
hfgcjlbz
heybaby
hellya
hellou
hehehehe
hecate
HCLeEb
hawkeye1
hatfield
hatcher
hardhead
haggard
guessit
guatemal
gtxtymrf
gtkmvtyb
grigio
grenade
greenwoo
greeneye
greenbud
green2
gotlove
goodgood
goodfood
goobers
gohawks
gogreen
godfrey
godboy
gnosis
gnbxrf
glotest
glist
GLdMEo
gizmo123
ghbdtn1
gfgjxrf
geordie
genuine
Genius
geniu
gemma
gateways
gasgas
gargamel
garfiel
gaming
gamera
gallardo
galena
fylhtqrf
Fyfcnfcbz
funsex
Fuckme1
frien
frieda
freedom7
free4all
franny
ford150
Footbal1
foosball
fontaine
florid
fleet
flaming
fktrcfylhjdbx
fixit
FISHING
fido
fiat
fgjrfkbgcbc
ferrari3
felixx
feedback
favorite5
fall
f9LMwD
eyecandy
ewelina
eugen
etienne
Einstein
egor
education
edgewise
dustoff
durand
dummies
driver8
dragons1
drag
doroga
dont
dominus
dogbite
dickless
Dick1
diceman
diablo1
dfvdfvdfv
DENNIS
denis123
den123
demonic
davi
darken
dapzu455
daniel123
dance1
dagestan
cyber1
curran
cupcake1
cumface
cuda
cuba
crowes
cris
crime
crack1
covers
countach
cortland
corrie
cordell
consume
connect1
congress
confuse
commodore
colon
climb7
clear
clarkie
CidKid86
chucho
christ1
chicca
chicago2
chester2
chelseafc
chelsea2
cheeze
chasey
charged
chapin
chapel
chaotic
changeit
chalupa
chain
cfvjktn
cerbera
censor
cbhbec
caspar
carter1
cart
Caroline
caro
cards1
capitan
canes
candycan
canabis
cambodia
cain
bugaga
buckey
browser
bronx
broncos7
bringit
brew
braden
bowhunt
bourne
bosnia
boobs1
bonjou
boness
Bond007
bolivia
boing
bogey1
bobdog
bobbins
blythe
bluerose
blue01
blacksta
blackie1
black2
black12
biscuit1
biotech
bigsky
biggs
bigfoot1
bethel
Bbbbbb1
batman69
barnsley
ballz
ballbag
BAILEY
baguvix
badone
babyboo
autobahn
atlant
astana
asnaeb
ashanti
asakura
arsenalf
Arsenal
arrowhea
arhangel
ar3yuk3
anuradha
anton123
antioch
antigua
annett
annamari
annabel
angelin
amanda12
alphaone
almera
allover
aliska
alexan
Albert
alamo
aenima
adolf
adam1
acrobat
accessno
abbie
999333
9452
78girl
7373
700700
6977
6942
6666666666
666
654987
6288
55832811
5445
5291
4r5t6y
4life
4568
45645
4119
3CuDjZ
321ewq
321456987
314159265
311283
311281
31121974
311086
31101993
310886
31071997
31031974
310190
3012
301190
301187
30111980
301086
30101973
300975
30091995
300889
300789
300691
300690
300689
30051994
30051972
300492
300482
30041995
30041975
300390
300388
30031977
30031975
300190
2w3e4r5t
2sexy2ho
291291
29111993
29101977
2910
290987
290790
29071994
29071978
29071974
290590
290588
290486
29041996
29041995
290180
281192
281085
280990
280987
280880
28081995
28081973
280687
28041971
280389
28031975
2802
280187
271288
271090
271087
271081
270989
27091996
270685
270683
270589
270586
270490
270488
27031974
27031973
261284
26121996
26121979
26121978
261192
261188
261178
26111973
261089
26101977
26091979
26081995
26081993
26081977
260788
26071972
26061975
26051995
26051978
26051975
260489
26041992
26041970
26031974
260279
26021996
26021995
260185
26011975
2580456
25121975
251185
25101994
25101977
25101975
250989
250988
250984
25091975
25081997
250784
25071975
250687
250684
25061973
250592
25051994
250489
25041978
250390
25031978
250287
25021972
250187
250186
241284
24121970
241186
241181
241079
24101993
240990
24091995
24091978
24091977
24091973
240884
24081978
2406
240583
24051975
2405
240389
24031995
24031976
240290
24011976
231289
230982
230981
230980
230885
23081976
230790
230679
230577
23051994
23021996
23021972
230188
2223
221284
22121977
221193
221190
22111995
22111973
220984
22081976
22081971
22071972
220691
220688
220678
22061974
22051978
22031977
22021995
22011995
211287
211269
21111976
21111974
210992
210983
21091979
21091975
210882
21081974
21061995
210590
210587
21051996
21051975
21051973
210486
21041973
210282
21021972
210182
21011998
21011975
21011970
201285
201081
20101975
20091993
20091976
20091973
200791
200787
20071974
200582
200384
20021970
20011994
1Pillow
1Nicole
19541954
1929
1913
19111974
19111911
19101979
19101974
190691
19061978
19051996
19031973
19021995
190185
18121995
18121978
18121976
1811
181094
1810
180988
18091978
180884
180789
18071993
18061995
18041977
18041976
180387
180381
178500
171287
171279
17121978
17111977
171087
17091973
170884
170791
170786
170784
17071978
170589
170586
17051978
17041973
170289
17011974
16121997
16121979
161188
16111994
16111970
161086
160984
16091978
16091974
16071994
16071977
16061979
160583
16041995
160388
160386
160385
160383
160382
16031975
160186
157157
15121995
151182
15111980
15101995
15101976
150988
150983
150981
15071977
15071974
150688
150582
150476
1504
150386
150280
15011976
14201420
14141
141181
14111977
141090
141086
14101996
140990
140985
140983
140883
140881
140786
14061974
140585
14051975
14041978
14041974
14041970
1404
14021981
14021972
14021970
140192
140187
140182
131285
131283
131188
131187
131087
130890
130888
13071976
1307
130683
13061976
130587
130488
130291
13021977
13011996
13011982
13011971
12qw34
124578963
123zzz
123qwe321
123kat
123asd123
12345678901234567890
123444
123432
122222
12141214
121279
12121976
121186
121082
12101974
120979
12091977
12091976
12081979
120788
120777
12071975
120591
120483
12041995
120396
120381
12021973
12021972
12011975
1199
1197
1152
113355
11121995
11111976
11111974
11110000
110990
11091995
110883
11081970
110777
11071993
11071973
11071971
110678
110585
11051975
11041996
11031978
110287
110286
110280
11021996
11021975
110191
11011992
11001100
10inches
1078
1057
102030405060
10201020
101293
101291
10121993
10121970
101081
101075
101073
100987
100985
10091994
10091977
10081976
10081972
100787
100777
10071976
100677
100578
100489
100475
100385
10031978
100278
100189
100182
100179
09111994
09111993
09111976
09091994
09091975
09071995
09071992
09051971
09041994
09021977
09011981
08121991
08121975
08111988
08101979
0810
08091994
08081996
08081972
080785
08041974
08031966
0729
07111976
071085
07101974
07081993
07071997
07061975
070588
07041972
07041971
07031975
070289
07011977
07011975
06121980
06111976
061089
06101976
06091975
060789
06071980
06071973
06061995
06031972
06021996
06021994
06021976
06011980
06011972
05101995
050985
05091995
05091976
050879
05081972
050788
05071995
050690
05061975
05051997
05031979
05031976
050290
05021970
05011997
05011978
0425
0417
041287
04111994
04101978
04081975
040784
040782
04071975
040580
040578
04051974
04031978
04031970
04021978
04011996
031282
03111993
03111990
03101976
03091981
03071994
03071973
030588
03051976
03051971
030481
03041978
03041972
030388
03031975
03021995
021282
02121976
02111995
021087
020886
020885
020883
02071994
020590
02041997
02041962
0204
020280
02012010
01121977
010983
01092007
01091974
01091973
01091965
010879
01081995
01081974
01081972
010689
010483
01041972
01041971
010284
01021960
010192
009988
ZXCVBN
zujlrf
yssup
yokohama
yhntgb
yesiam
xthtgfirf
xray
xena
xaccess2
X24ik3
wwewwe
wtpmjgda
wolf666
withyou
Winston1
wins
wheat
wendel
wellcome
waterpol
wallis
waller
wabbit
vologda
visions
virtue
viking1
victoria1
vfvfvf
vfvfbgfgf
vbktyf
vatoloco
vandam
unlimited
uniden
uhbyuj
UDbwsK
tweeter
tucker1
trotsky
trogdor
trespass
Travis
tracy71
totem
toshiba1
tori
tommy2
tolstoy
tolik
timers
thurston
thurman
Thumper
that
thaddeus
telemark
teiubesc
tania
tallman
take8422
taggart
suzenet
surround
sugarbea
sturgis
strangle
stoops
steph1
stella1
steely
steelers1
startup
starion
Stanley
sssssssss
spyglass
speedy1
speeds
spectra
sososo
sodium
snooks
slipknot666
simran
simmer
SILVER
silky
siempre
sheri
shepard
shemales
shayna
Shannon
shahid
shadowfa
sexyguy
sexy1234
sexme
sexmachine
sevenup
seven777
scubadiv
scottish
scot
schwarz
sayangku
save
savant
saturno
Sarah
saracen
sandrock
salina
Russia
Russell
ronaldo9
rockit
roberto1
robert12
rizwan
rhbcnbyjxrf
rfnhby
respekt
relisys
reliable
reksio
redhawk
redblue
red321
recycle
rebeca
realdeal
rayden
rasta220
rama
radish
qwerty6
qwerty21
qwe123asd
quixtar
qsdfgh
QqH92R
puller
pucara
powered
portuga
porno69
poppin
pollock
pollito
pollard
poilkj
platoon
platform
planetx
pipi
piotrek
pimp69
pikapika
picolo
phidelt
phantoms
Peter1
Peter
pepsis
pepsimax
pepsicol
pentax
pennywise
pennie
pembroke
pegaso
peache
payment
patsy
patrick9
patel
password7
password6
Panther1
Packers1
packard1
ozzie1
override
oneeye
odie
octagon
oconnor
obvious
obelisk
numbnuts
number2
noof
nolimit9
nokids
nokia6303
Nintendo
nimda2k
niknik
NIKITA
ness
naveen
Nastya
myhome
myass
muskrat
MURPHY
multisync
mule
MrBrownX
moving
moss84
morphine
morons
mooseman
moore1
moonie
montes
Monster
monkey13
moldova
mnbvcxz1
mitten
missile
miroslav
mira
michael7
metro1
merli
merhaba
MELISSA
mazdarx8
maximal
maxie
maus
matte
mask
masaki
Martin1
MARTIN
marta1
Markus
marjan
mariano
maria6
mama1234
makers
magazin
madonn
madoka
macarena
lyudmila
lynch
luvfur
lunaluna
luft4
lthtdj
lovin
loveyo
lovetits
love21
loulo
looklook
lookatme
lockwood
lilly1
liberal
level
lenore
lena123
leila
leglover
leandro
lbyfvj
landing
lamar
Lakers
ladybug1
kriste
kozlova
korea
kongen
kocham
kmfdm
kjgfnf
kitana
kisska
kira
kipling
kingme
keyser
kewl
kevi
katies
karpov
kanada
kamala
kama
kaitlin
juninho
jumpman
jumble
julies
judas
jordan12
joonas
jimbos
jiji
jesuit
jesucrist
jenny69
jeepman
jazzbo
jake123
jake01
jailbait
iwanna
iskander
Ireland
interact
inkjet
imperator
ilovemom
ilovekim
iddqdidkfa
ichiro
ichabod
howler
hotpants
Horny1
hoopla
honeyb
holstein
hogan1
hjvfyjdf
hillbilly
hermos
hellraiser
hellomoto
hellcat
harvick
happydays
happyboy
hankhank
hammers1
h4x3d
gungho
guerra
gudrun
gtfullam
gremio
greeks
greed
graffiti
gracey
gorman
gordito
google123
gomer
golf18
godislove
gobrowns
Girls1
gigolo
ghzybr
ghghgh
ghbynth
ghbhjlf
gfgfgf
gecko1
gazza
gatech
garrett1
gardenia
ganymede
gametime
gameon
gallop
gabbie
Fuckyou1
FUCKER
FUAqZ4
Front242
frigid
frehley
freestyl
freenet
frdfhbev
frankfur
fourfour
fortytwo
fortune12
forensic
fore
floria
fktrcfylhjdyf
firefighter
finley
findme
files
filbert
fidget
ferari
felip
favorit
farmall
fantasy1
fabienn
excel
evely
erick
erhfbyf
engel
eggs
EFBCAPA201
Edward1
Edward
eatmeraw
easy123
Eagle1
eadgbe
dunk
duckling
dthyjcnm
drumline
dreamon
dread
drdoom
dragon66
dragon2
downey
Douglas
donger
docto
dmitrii
Diver
dispatch
disc
dingus
dimensio
dfczdfcz
dexter1
devilmaycry4
devildriver
deusex
desade
derfderf
DENIS1
deneme
demian
defiant1
defence
deamon
deadlift
dcpugh
Dbrnjhbz
dbrekz
dbnfkbq
davey
darla
danni1
d6o8Pm
d123456
cxfcnmttcnm
cthuttdyf
cristo
crazyZil
craig1
cozumel
COWBOYS
cover
cosita
coronado
coolie
cool99
controls
connery
concha
compusa
combat123654
colibri
cnhjqrf
clones
climb
claudius
cjrjkjdf
christy1
CHRIS
choclate
chipie
chic
chevyz71
cherish
cheeto
checkmate
charmed1
cH5Nmk
cdtnrf
cdtnjxrf
caviar
castaway
cashmere
Captain
candy2
campos
calhoun
Calgary
cachondo
bysunsu
BULLDOG
bulldo
budge
bud420
buckster
britain
brit
brave
booyaa
boobo
bonds
bommel
bmw325i
blueyes
bluefin
blue55
Blizzard
blister
blacktop
blackshe
blackber
binkie
billyjoe
bigbuck
bibibi
bharat
beszoptad
bess
berenice
bennet
bellevue
bella123
beasts
bear123
bbb747
bathroom
bassline
basics
bartende
barnet
bark
bare
barca
barbie1
ballss
ballgame
baller1
bakery
baikal
badger1
babygirl1
atybrc
attica
asterios
assmaste
assa
Asdfghjkl
asdfas
as1234
arsen
archive
aqswde
apocalypse
anonim
Angels
ANGEL
ameli
alpacino
alma
alligato
alici
alex99
alex13
african
adagio
acUn3t1x
aceshigh
abpbrf
abigail1
abdul
9inches
9191
89231243658s
852147
7BGiQK
7625
75395
747747
7070
6string
69a20a
6868
654456
5rxyPN
55556666
5550123
5544
5472
4z34l0ts
4564
4539
4356
4223
41414141
4114
3939
38253825
333111
325325
311287
311089
311077
310879
31081971
31071995
3107
310590
310392
310389
310186
310182
31011975
301284
301084
30101976
30091993
300884
3008
300791
300787
30071978
300680
30061995
30051977
30051975
30051963
300484
30041974
300383
30031972
300186
30011998
30011994
30011975
291290
29121973
291185
29111979
290986
29091974
29081993
290777
29071977
290684
29051972
290489
29041972
29031978
29011979
282860
281287
28121974
281188
281186
280983
28091976
280789
28061994
28061980
28051982
28051974
2804
280387
271282
271190
27111977
27101994
27101974
2710
270990
27091977
27061994
270588
270587
270581
270578
27051978
27051974
2705
27041976
270375
27031997
27031977
27021980
2627
261291
261282
261190
26111974
26101994
260984
26091993
26091972
260784
260782
26071975
260690
260581
26051973
260484
26041995
260389
26031995
260291
25962596
251183
251179
251090
25081996
250791
250683
25051973
25051972
250479
25041996
25041973
250291
250285
250180
241280
241087
24101997
24101971
240981
24091974
240888
24081975
24071993
24071972
240483
2404
24031979
240192
240188
232629
2326
231282
23121979
23121978
231192
231087
23101977
230994
230991
230984
23091972
2309
23081994
230784
23071971
230683
23061977
23049307
23041974
230387
23031977
23031976
230293
230285
230280
23011974
225522
2235
221282
22101995
22101977
22101976
22101973
220980
220885
220881
220879
22081997
220693
220684
22051977
22051971
220491
22031972
220293
220272
2114
211282
211189
211092
21101979
21101975
21091978
21091976
21071977
21061994
2105
210484
210482
210389
210289
210181
203040
2020327
201179
20111995
201082
201079
200984
200982
200883
200879
20081969
20071995
20071972
200686
200683
200485
200482
200390
200387
20031996
20021996
20021971
200181
20011975
20011970
20011968
1z2z3z
1Aaaaa
198200
198000
19551955
19501950
19481948
19371937
19111975
19101975
19091972
19081971
19071976
19071971
19051971
19031975
19021994
19011974
18821221
181288
18121975
181192
181191
181188
181183
18111978
18101978
18101977
180880
18081995
18081994
18081993
180589
18051979
180488
180482
18041973
180191
18011997
1777
171288
17121996
17121994
17121976
171190
17111974
17101994
17101975
170979
17071996
17051973
170490
170487
17041976
17031972
1701d
161291
161286
1612
160986
160879
16081972
160791
160783
160689
160581
160484
160479
16031971
16021995
160185
16011974
152535
151290
151284
151186
151151
15111975
15111972
151076
150980
15091980
150891
150690
150587
15041996
15041995
15041974
150387
150380
15031977
15031972
150285
150186
15001500
1437
141286
14121970
141188
141187
14111996
14101971
140892
140785
140782
140779
14071972
140590
140584
140580
140480
140390
140384
14031974
140180
14011977
13571357
134679258
1314
13121994
13121973
13111975
13111974
13111973
13101977
13101976
13101974
13101972
130992
130881
13081970
130787
130776
13071970
130691
130678
13061994
13061975
1306
130590
130582
13051977
130481
13041995
13041977
13041976
130391
130384
130288
13021996
13021973
12monkey
12e3E456
127127
12345zxcvb
123456qaz
12345678z
12345678c
123456789x
123345
12312345
12134
121275
121269
121081
121080
120881
120880
120781
120780
120681
120384
120377
120289
120189
120182
12011973
1169
1133
11223344q
111888
111286
111283
11121977
111191
11101978
11081994
110791
11071996
110692
110480
11041978
110292
110185
11011979
101292
101288
10111994
1010810108
100889
10081995
10051996
10051995
10041978
100392
091281
09091978
090890
09081996
09081976
09081975
09081974
090787
090684
09061974
09041974
090383
08121979
08121973
081086
08101978
08101976
08101974
080988
08082008
08071977
080688
080687
080585
08051981
08041975
080380
08011979
071284
07121993
07121976
071186
07111975
07111973
07111972
07101993
07101976
07091993
07072007
070690
070682
070189
07011976
06121995
06121974
06101995
06091994
06091974
060888
060885
06061996
06061993
06061976
06051979
060485
06031978
06031973
06011974
05121982
05121977
05121976
051183
05111977
051084
05101991
05101972
05081974
050683
0506
05041996
05041975
0504
05031995
05031978
05021977
05011994
04121994
041179
04111974
041089
04101993
040989
04091994
040890
040783
040780
04071978
04061995
04051979
040485
040482
040480
04031997
04031995
04021973
040188
04011975
031184
03111994
03091978
03091976
030877
030786
03051973
030385
03021974
021290
02121974
021184
021181
021084
021065
02091994
020784
0206
020484
02032010
02022011
0201
011286
0112
01111993
01101977
01092008
01071977
01041973
010195
010177
010172
010168
0070
0044
zxcvbnmm
zSMJ2V
zealot
zaza
zanoza
yy5rbfsc
ytreza
YELLOW
Yankees1
xsw23edc
xerox
xavier1
Xavier
xakep1234
wulfgar
wrinkle5
wrest666
wotan
wish
winslow
wexford
wetone
westwind
westbrom
wells
weiser
weener
walt
wall
vredina
voodoo1
volition
vitalya
violence
vikavika
vfrfhjys
vermin
verizon1
veritech
venkat
vehpbkrf
vavilon
uwrL7c
utyyflbq
umberto
ukflbjkec
uGEJvp
tyler2
tweeker
tribe1
treetops
travesti
tranmere
train1
tragic
tooter
toodles
tomoko
tino
timex
Tiffany
tiesto
thrash
thorn
thatsit
tgbyhn
testing123
tempus
teleport
teetime
teenager
teddy2
teddy123
tatanka
tanstaaf
tampa
talon1
svetlanka
suzy
super8
sunstar
sunghile
suka123
suchka
studio54
stromb
strokes
straycat
steinway
stefa
stealth1
sparkie
spacey
southend
souris
sorrento
sonechka
soap
smiling
smallvil
sleepers
slade
skyking
skooter
skates
sinfonia
simson
simbas
silvio
Silver1
sigmanu
siemen
sickan
sicily
shotgun1
shorty1
shootme
shlong
shipyard
shimmy
sherpa
sherman1
sharkey
shagger
shadows1
sex666
serendip
serdar
senha123
seldom
section
seagulls
seagrams
screwed
schlampe
saveme
savana
satana666
santosh
sandy123
samsung2
sami
sallad
salamat
saitek
saint1
sailor1
rulz
ruffryde
rudi
rudder
rubyruby
rottweil
rottie
rosebowl
roofing
romanroman
robbie1
robbi
ritchie
ripcurl
riker1
Richard1
ribbon
rfn.irf
rfhfufylf
rerecz
regiment
reese
redondo
redford
recoil
reaper1
realtime
ratpack
ratbag
rapids
ranger99
rammer
Raistlin
Rainbow
Raiders1
rahman
radios
radiator
r123456
qweqwe123
qwedcxzas
qw12er34
qw1234
quint
quiet
quark
qqq123
QcFMtz
qazxs
Q9uMoz
punkie
ptfe3xxp
psalms
programmer
prizrak
primer
possible
porsch
poplar
pongo
pollen
polaris1
pokemon12
podaria
plumper
plplpl
pingping
pigs
piggy1
piano1
phydeaux
phred
phoeni
phiphi
phaser
persia
pershing
perros
pentium4
penney
peeker
pedigree
paypal
payback
patriot1
passwor1
passw0r
passss
passmaster
painkiller
packrat
Pa55word
p3WQaw
p12345
p00kie
orion2
opened
opel
oneway
onelove1
OMAR10
olya
olga123
offsprin
October
note1234
nokia5310
nochance
NISSAN
nigga1
nick123
nick12
newyor
newports
nazareth
nataliya
natacha
nastyboy
nascar88
nalgas
nail
nafnaf
naciona
myriam
my3kids
muster
mustang7
MrBrownXX
mpower
montego
monstr
monaro
mof6681
moby
mobius
mnbvc
mitch1
misskitt
misato
minnow
minni
millennium
milkbone
milesd
midian
michelin
mica
mgoblue
mexicano
megamanx
mavrick
maverik
maui
matman
matlock
math
matematika
master99
martin12
mark1234
mark12
maritime
MARINE
maribe
maria123
marcus1
marconi
marci
marcell
manisha
mamuka
mamit
mallet
malik
majere
mainman
madzia
madras
madona
madball
mabel
m6cJy69u35
lynx
lyle
Lvbnhbq
lustful
luebri
lucydog
lsutiger
lowlife
lower
loveu2
lostone
lonsdale
lolly
lizard1
liverune
lions1
lifter
lifesuck
lickem
letmeinnow
Lestat
leisure
lastochka
lasting
larrys
larry33
lancers
lada
kuleshov
koufax
kolyan
kinsey
killer7
killer2
killall
kickme
kfylsi
kfgekz
kenton
keebler
katie123
kati
kasandra
karups
kariya
kari
kamran
kacper
just4you
july23
juicer
juice2
juergen
jordans
joker69
john11
JOHN
johanne
jody
jobber
jlaudio
jkmuf
jiujitsu
jimmyd
jeroen
jenova
jellyfis
jedijedi
jdeere
jarred
james23
jack1
JACK
ishikawa
irontree
intranet
intheass
independent
imperium
ikarus
idaho
iamgay
hyper
huskies1
humper
humboldt
hugecock
huey
howdy1
hotrod1
hotguy
hoseman
horsesho
horns
hoop
history1
hicks
Hercules
hendrix1
helpdesk
helloworld
hellhell
hellen
heavyd
heath
heart1
hayward
haunted
harry123
happy69
handler
hamradio
halohalo
hadrian
hadoken
guita
griffen
gretel
green5
green3
grasso
grasshop
grady
goterps
gossip
goshen
gordo1
google12
goodfellas
good12345
golova
golf69
golde
go1234
globe
giulio
gitler
girls1
gipper
ghostrid
gfnhbr
getty
gert
gehrig
garvey
gander
gabi
g00ber
fuckmenow
fuckmeha
fucklove
fruits
fromage
friendste
freebie
Frank
foxtrot1
foucault
followme
flush
fluffy1
flowers1
flore
flatline
flakes
Fishing
FIREMAN
findout
filipp
fighters
fiddler
Fffffff1
Ferrari1
fenster
farrah
farhan
Fantasy
falcon16
failure
fabrice
f3gh65
f150
external
eugenia
essex
esmeralda
enable
emmaemma
elmore
egoist
edelweis
easier
EAGLES
eagleone
dzdzdzdz
durden
dummy1
dumber
drummers
drgonzo
dragon76
douglass
doudo
doozer
doorway
dominic1
DOLPHINS
dolly1
dogstar
dogbreat
dog1
dmoney
dmitri
dixiedog
disciple
dilshod
digiview
dicanio
diaz
dianka
dgl70460
depechemode
dennis1
denise1
deliver
deHpYE
defamer
deck
deacons
darthmau
darkwolf
dannie
damia
daisy123
D6wNRo
d1i2m3a4
cumulus
cummin
cumalot
crypto
crossing
crocodile
creamer
crazy123
crackhea
Courtney
country1
costarica
corvus
coronet
cornbrea
Cooper
coope
coolest
cool1
concerto
coldfire
coffey
cochon
clticic
claus
clarity
clare
clair
ckjybr
cichlid
churchill
chubbs
chrystal
christof
choose
chinaman
chinacat
chicky
chicken2
Chgobndg
chevy454
cherr
cheer1
cheap
chaucer
charger1
charcoal
chaoss
change1
chamonix
centurion
centaur
celia
cdjkjxm
catt
cass
casey123
caruso
carousel
carmen1
CARLOS
cannot
canela
candy123
Campbell
cabowabo
cabbie
buzzers
burbank
bullhead
buddha1
britney1
bridges
Brian1
brethart
breakers
bratan
bozobozo
bookmark
bono
bongos
bochum
bobbyy
bluemax
blazed
blackbea
biotch
bigdeal
bigbill
beware
beryl
berries
bennett1
benjie
belochka
bello
bEeLCH
bedtime
bedpan
Beatles
bauer
batterse
bateau
baranov
bangers
ballen
babette
awaken
austin12
Austin1
aurelius
asroma
asq321
Ashley1
asdfg1
arian
apple12
antman
antilles
anguss
ANGELS
andone
Anderson
anabolic
amanda69
alyssa1
Alpha1
almost
ajem
airhead
airforce1
agenda
adrenaline
aditya
acerview
abulafia
abracada
abel
aa1234
999111999q
9788960
9638v
852741
852123
82468246
774411
7550055
6CHiD8
69966996
667788
56Qhxs
555999
54132442
4ZqAUF
4Wwvte
4rkpkt
4660
456789123
456123789
4488
43434343
4071
3sYqo15hiL
3MPz4R
3ki42X
335533aa
326598
321987
3141592654
31121978
311085
310789
310780
31071996
310591
310584
3105
31031977
31031970
310191
31011981
3101
30121976
30121971
301191
301081
30101993
3010
300986
30091971
30081977
30071973
30061998
30061973
300589
300491
300488
300485
300384
30031980
300189
300188
300000
2n6Wvq
2hot
291188
291183
291182
29111978
29101995
29101994
290982
290891
290881
29081978
29071970
290691
29061978
29061971
290586
29051994
29051975
290490
29011994
29011972
281289
2812
281092
281084
28091975
28081997
28081996
28081974
28071995
280587
28051975
28051973
280489
280381
280290
280288
280284
28021997
28021976
28011994
28011972
27121976
27121975
271178
27111975
271086
27091993
27091974
27091971
27081978
27081975
270783
27071976
270686
270682
27061977
270584
270489
270484
270384
270292
27021973
261185
26101975
260982
26081978
2608
260783
260779
26061978
26061974
260486
260481
26041976
26031978
26031973
26031970
260288
260282
260182
2600
256256
2536
252627
251287
251190
251081
25101980
25101979
25101976
25101974
250892
250888
250885
250869
25081976
25081975
25071995
250574
25041971
25021977
25021974
25011974
24121994
24121977
24121975
241184
241178
24111994
24101976
240991
24091975
240882
24081994
24081976
24071975
24061995
240592
240589
24051995
24041996
24031974
2403
24021996
240184
24011996
2366
2355
231285
23121997
23121975
231181
23111972
231092
231084
231079
23101978
230985
230786
230781
23071994
23071972
230587
230575
23051972
23051971
230489
23041994
23021966
230186
22442244
2232
22121976
221181
221176
221088
221081
220983
22091995
22091975
220889
220783
22071997
220681
220641
22051996
22051973
22041975
220393
220283
220278
22021979
22021975
22021971
22011996
21252125
211183
21111993
21111977
211084
210993
21091995
21091970
210892
210889
210887
210886
210880
21081993
2108
2107
210683
21061996
21061977
210584
21051977
210492
21041976
21031968
210285
21021997
201294
201288
20122012
201183
20101971
200981
20091996
200885
20081976
20081974
200779
20071998
200687
20061972
20051997
20051968
200490
200388
20031998
20031994
20031977
2002tii
200189
1Harley
199
197979
1972chev
197000
19411941
19391945
1938
1921
191283
191186
19101995
19101972
190991
19081977
190791
19071978
19061998
19061993
19041995
19031978
1903
19021974
18811881
18101976
18091976
180881
18081974
180783
180782
180682
18061973
180585
180583
180486
180479
18041975
18031998
18031975
18021995
18021970
180182
180181
18011996
1750
171819
171283
17111975
171081
17101997
17091975
170890
17071974
170591
170580
170396
170389
17031980
17031974
1703
170282
17021972
1702
170180
161273
16121972
161185
161183
16111995
161091
161088
161082
16101977
160988
160987
160894
160889
160785
16071975
160690
160684
160677
160591
16051975
160485
16041976
160389
16031979
160295
160283
16011979
159874
1580
153426
151285
151282
15121976
151181
15101973
15091976
15081975
15081973
15081972
15071996
15071972
150691
150680
15061979
150492
150391
150293
150286
15021973
150188
150184
15011975
1421
14121976
141196
141185
14111980
14101972
140989
140882
140679
140474
140389
140382
14031973
140278
14021973
1401
1340
13091993
130791
130690
130592
130584
13051994
130485
130480
130479
13041971
130393
13031970
130186
130182
1280
1260
12541254
1250
123dan
12345as
123459876
123456i
123456789qqq
1233214
121181
121180
12111993
12111975
121076
12101969
120894
120891
120787
120773
12071972
120692
120592
12051977
12041996
120380
120376
12021976
120184
120179
120174
1175
1170
1145
114411
111284
1112131415
11111972
11111971
110881
110879
11081974
11071976
110690
110681
11061971
110492
110491
110483
110377
110187
110186
1075
1066ad
1063
1044
101290
101281
10121973
10121972
101184
10111976
101094
101069
100989
100983
10091971
100789
10071974
100684
10061996
10051976
10051975
10051973
100492
10041971
100383
10031977
100280
100275
10021971
10012000
10011976
098123
0916
09121971
091083
09101996
09101975
09091973
09091972
090909t
090887
09081971
09061995
09061971
09051972
09041977
09031977
081285
081281
081090
080890
08081975
08061994
08051976
0805
08011998
08011994
08011973
07121972
071181
07111996
0710
07081972
07081963
070688
07061979
07061978
07061973
07061972
07051994
07041994
07031994
07031973
0624
0623
061286
061282
06121976
06121975
06111994
061079
06071995
060692
060688
060684
06061969
0606
060482
060479
06041977
06021978
06021977
05121992
0511
05101994
05101977
05101976
05091996
0509
050891
050880
050589
050370
05031998
050283
050183
05011975
043aaa
041083
04101971
04071995
0407
040686
04051993
04031976
0330
0323
031285
03111976
03111974
03111971
031081
03101996
030982
03091977
030894
03081970
030784
03071976
030689
03051968
030487
03041998
03041973
030394
03032008
021288
021190
02111976
021088
021086
021083
021078
02101994
020884
020783
020687
020587
020379
02032008
020290
020274
02011994
01121993
011089
011086
01101976
0110
010990
01092006
01092005
010890
010883
010788
010786
01071996
010683
01061995
01061971
010584
01051967
01051965
01041998
01041970
01031970
01031966
010290
010280
01021998
01021972
010182
010173
01011997
00133
zvbxrpl
zinedine
zemfira
zaskar
zaq1zaq1
zaharov
yvtte545
yuki
yoyoyoyo
youwish
year2000
YAMAHA
XXXXXXXX
xxxxxx1
wrecker
wpF8eU
wormwood
woobie
witches
winsto
winkie
willing
whatnot
westlake
welcome123
weaponx
watchmen
wantsome
walter1
wallace1
vyjujnjxbt
Vladimir
vlad1997
VKaxCS
viviana
vitali
virgo1
ville
vfkmdbyf
vermont1
vcRaDq
vaz2109
vasileva
uyxnYd
updown
update
unholy
underpar
ulisse
ukflbfnjh
uiop
type40
tyler123
tutu
turing
TrS8F7
tropic
trivial
tripping
triforce
trickle
treeman
transformers
transam1
tombston
tishka
tigger69
tigerman
tiger69
Tiger1
TIGER
Tiffany1
thorpe
thor5200
therese
theboy
test01
temptemp
techie
tbone1
tatung
taters
tarheel1
tanja
talons
talking
takeshi
tajmahal
t4NVp7
synapse
sweetie1
sweep
surfers
supervisor
superduper
super7
stuffy
strummer
strekoza
stomp
stewar1
stephie
stephe
STEELERS
starlet
star11
star1
stacy1
sr20det
squiggy
springst
spoon1
spinning
spicey
spaz
Sparky1
spade
solitari
society
snowy1
snoogins
snipe
snail
smoothy
smith123
slyfox
slurpee
slowride
sleaze
slaveboy
skye
skunky
skipjack
skate1
simon123
siemens1
shirak
shani
sexyfeet
sexse
sexlover
sevilia1
semprini
sellout
Security
secret12
scruff
scramble
scarecro
sassas
sasha1996
sarasota
sansan
sanity729
sanibel
sampras
sammy12
salvatio
salut
salty
saleem
salavat
sadist
RuleZzz
rubies
rossia
rossi
rosetta
rootroot
roman123
rolan
rodeo1
rockport
rockbott
rjnjgtc
rjdfktyrj
riverside
ricflair
rfvbrflpt
rfnzrfnz
rfhfntkm
rfhfcm
rexona
repmvf
redwing1
redriver
redrider
redcat
recent
raymon
ratrat
ramesh
raffaele
radioman
rache
r3ady41t
qwerty66
qweasdzxc1
quicksan
quake2
PzaiU8
pynchon
purple12
pupuce
pulley
protein
protege
professo
precious1
prairie
pradeep
pornsite
porche
ponies
polecat
pole
pN5jvW
pledge
PLAYER
phuong
phelps
pfchfytw
perv
peoria
pennys
pendragon
Peanut
peaces
paulette
paulchen
paul12
paterson
pasquale
panties1
PANTIES
pallino
packers4
oZlQ6QWm
owned
outlook
outlawz
ouch
oRNw6D
only4me
onkelz
omegas
ollie1
oakwood
novartis
nosaj
nortel
nomad1
NnAgqX
njQcW4
njnets
njkcnsq
nikkie
nikiniki
nietzsch
nfyufh
NEWYORK
neveragain
nervous
nelson1
negras
necron
nbvjirf
nanny
nadin
nabeel
myfamily
myers
mugsy
moveon
Mother
moren
morehead
moody
monet
mom4u4mm
molotov
moleman
mode
modano
mocha1
miramar
mimi92139
milwauke
milleniu
mikey123
mike13
mihaela
mierd
michaelj
merkin
melnik
melkor
mehmet
megabyte
mechta
mcdonalds
mcardle
maxwel
maxim1
maumau
mateo
masterlo
mass
marvin1
marusia
marmot
marlen
mariso
Marcus
march1
maplelea
manger
malcolm1
malamute
makita
makelove
mailto
maggie2
maddox
m69fg2w
Lover1
loveporn
lovell
lovegirl
loveboat
lovebird
love143
louie1
lookie
london22
lollone
lkjhgfd
lisa123
lindas
limabean
lhepmz
less
lepton
leonora
lebedeva
leanna
layout
lawless
lars
landrover
lakers32
lakeland
lagoon
labrat
.ktxrf
kroshka
kristjan
korona
koolio
koffie
kobe24
kiwikiwi
kinger
kimmy1
Kenneth
kemper
kelsie
kellyb
keines
kazbek
kaufman
katrina1
Karina
kamehameha
kaizen
kaikai
k12345
Justin1
julianna
juices
jugs
josefina
joint
johns
johnpaul
jodi
jimenez
jiggle
jetset
Jesus1
jessica0
jeanna
jazzer
JAGUAR
jadakiss
jacqueli
Jackson1
jackdani
jack1234
izabella
issue43
israe
ironpony
iqzzt580
inTj3a
infinit
indians1
ilya
ilovehim
ikilz083
iceman69
ICEMAN
hzze929b
hutton
hunting1
hunger
hPk2Qc
hotmom
hotdamn
hosehead
horny2
hoops1
honeypot
homey
hoboken
hobo
hitomi
hikaru
heyman
herzog
herb
henry14
hendrik
helicopt
heel
hecnfv
heave
Heather1
hax0red
harvey1
harrie
happys
hansolo1
HANNAH
hammarby
halley
GWju3g
guster
gussie
gthtcnhjqrf
gsxr1100
gsxr11
grunge
grouch
greddy
gravy
grange
goodtogo
gonzale
golgo13
Golfer
golf72
gold123
goggles
godgod
gobills
glock22
giselle
girlss
girlgirl
ginuwine
gino
Ginger1
gfccdjhl
gblfhfcs
gavrik
Gateway1
garci
gangstar
gala
gabriel2
gabe
g9zNS4
fynjif
fyfrjylf
fullsail
fuckass
froggies
fritter
freeride
fred1
frame
foxbat
forgotte
forest11
florin
flicka
flair
Fktrctq
fighton
fhntvbq
fhntv1998
fgntrf
ferdinand
federic
feb2000
FDM7ed
fcporto
fastback
familyguy
evolve
evidence
evgesha
estella
esperanz
esoteric
ernie1
erickson
ePVjb6
enzo
englan
eljefe
elfquest
elektro
elegance
elanor
eistee
eieio
edwar
echelon
earnhardt
eagleeye
durango1
dupont24
dunamis
driver1
dragon21
dozer
dongle
Dolphins
dogfight
doc123
djdxbr
didit
diciembr
dfcmrf
devlin
derek1
deerhunter
December
deathsta
deadmeat
Ddddd1
dbrnjhjdbx
darrin
danuta
danthema
dano
danil8098
daniela1
DAKOTA
daddio
daboss
D1lakiss
curve
curtis1
cthulu
crushed
CountyLi
corran
copycat
COOPER
coonass
cookie12
contrast
connie1
compaq12
comic
colt1911
cologne
colleen1
colin1
colder
cocoloco
clambake
cjcbcrf
cities
cirque
christos
chrisp
chrisc
chris22
chosen1
chop
chochoz
chesterfield
cherub
chelsie
check1
chairs
cfifcfif
cellphon
Casper
casey2
carolcox
carey
canes1
Canada
caller
caliber
cakes
cabin
cab4ma99
butte
buster11
bulova
bulgaria
bueno
budbud
buckle
Bubbles
bruin
BROOKLYN
brianne
brass
brandon2
boxer1
borris
booner
boogie1
bonebone
bollock
bobbijo
boards
bluegras
bluearmy
blue25
bless
bjorn
bitch69
bitch123
birdbird
bigwilly
bigtymer
bigbass
bent
benji1
beethoven
beasty
bayside
battlefield
batman2
baseba11
barking
barbos
banking
bangor
ballon
badminton
badgirls
babaloo
awards
avenger1
august1
atrain
atlantida
assist
Asshole1
Assa1234
asfnhg66
asdfgh12
arches
aquinas
aq1sw2de3
april12
apostle
anutka
anus
anselm
anonymou
anna1987
anna12
anjing
angler
andriy
andreeva
amylee
ambush
ambulanc
ambassador
amatuers
alpha06
alfa156
Alexis
alex32
airline
Airborne
ahmad
agony
aeiou
acdcacdc
access12
abfkrf
abcdabcd
a987654321
a123456a
A12345
9801
95175
9292
90125
900000
889988
87t5hdf
85245
8282
811pahc
7896
789520
775533
74123
678678
669966
6661
62717315
616913
5959
57nP39
56785678
557711
555666777
554uzpad
5411
5398
5254
5115
50505
4money
49527843
4544
4506802a
4268
42042042
4112
4071505
3QVqoD
368ejhih
3334
3332
315315
3111
311087
31101994
31101980
310881
31081974
310781
31051995
310188
31011973
301185
301182
301179
30111976
30111975
30111970
301080
301078
30101979
30091972
3009
300885
30081975
30081971
30071997
300682
300580
3005
300483
30041979
30041973
30041972
300389
300382
300183
300182
300180
300179
2w2w2w
2good4u
2bad4u
29121994
29121975
2912
291087
290979
29091971
29081976
290783
2907
290683
29051969
29041981
290389
290385
290186
290181
281286
28111977
28111976
28111973
28111972
281088
281087
281082
28101980
280985
28081976
280783
28061973
28051995
280292
280286
280193
280183
280181
27121996
27121978
27121972
271195
271187
271186
27101995
27091995
27081977
270779
270778
27071973
270691
270688
270680
27061974
270593
270582
270481
270479
27041970
27031998
27031979
270182
261290
261283
261278
26101974
2610
260987
260887
260886
260878
260791
26071973
260584
26051979
26051974
260383
260283
26011978
26011977
26011976
258025
25101995
250983
25091970
250895
250881
25081971
250779
25071974
25061975
250575
250487
250391
25031997
25031972
25031971
25031959
25021996
25011977
24692469
241179
24111977
241090
241083
24101979
240979
24091994
24091971
240883
240877
2408
240780
24071995
24071976
240694
24061971
24061969
240582
240580
240494
240488
240482
24041976
24031993
24031972
24021977
24011995
23121974
231179
23111978
23111977
23111976
231085
230992
230989
23091995
23081975
23071973
23061995
23061975
230579
23051976
230484
230480
23041972
23031975
230286
230184
230182
230176
221292
221189
22111977
221091
22101997
22091974
22081995
220793
220782
220680
220477
22041995
22041966
22021976
220193
22011997
22011973
22011971
211191
211184
21111978
211088
21081978
21081977
21081971
21071973
210691
210572
210491
21041972
2104
210380
21021996
21021995
21011978
20142014
201287
201281
20121996
20121971
201180
201177
20111977
201090
200876
20071973
200679
200581
20051976
20051973
200481
200480
20031978
20011996
200100
1Thomas
1Soccer
1q2a3z
1pass1page
1Martin
1Dick
1daddy
19922991
197500
196666
19521952
1935
1923
1922
19121974
19061994
19061977
19061972
190488
19041977
19041971
19031977
190288
19021979
190152
19011979
187211
181920
181287
18121977
18101995
18101975
180989
180889
180878
18081973
180793
18071974
180692
180685
180683
180581
18051976
18041995
18041974
180288
180286
180283
180183
18011975
171289
17121977
171187
171089
17101972
17101971
17081980
17081975
17071997
17061971
170581
170481
170478
17041970
170283
170191
170188
17011997
17011963
161289
16111971
161089
160983
160886
160781
160693
16061970
16051976
16051972
160481
16041974
160387
160379
160183
159963
15987532
159487
1551
151288
15121969
15121968
151187
15111995
151087
151083
151081
151080
151078
15101972
15101962
15091995
15091974
15081996
15081976
150685
150682
150593
150577
150484
150481
15041973
150377
15031973
150292
150284
150189
15011995
15011994
141282
14121975
141183
141180
14111972
141077
14101973
14101970
140991
140981
140979
14091977
14091971
140889
14071997
14071975
140683
140577
140494
140381
140286
140280
13371337
131291
131279
13121312
131181
13111996
13111979
131083
13101995
130981
130978
13091971
130892
13081977
13081974
130775
130682
13061996
130596
130581
13031997
13031975
130292
13011998
13011973
1281
1264
12481632
12431243
123fuck
123a123
1234ab
12345ta
12345689
1234567d
123456789t
12345678912
123123qweqwe
121266
121233
121183
12111994
12111971
121095
121077
12101971
120980
12091973
12091209
120876
12081970
120694
120682
120678
12061975
120593
120494
120493
120476
120475
120474
12041999
12041970
120392
120379
12031973
12021998
120186
12011997
119119
1156
11341134
1122112211
111280
111223
11122
11121970
111171
11111z
111085
11101995
110882
11081998
11081971
110677
11061994
11061974
11061973
110595
110576
110569
11051974
11041973
110393
110177
1020304
101271
10121971
101189
101181
10111975
10111973
101020
100978
10091995
10091976
10091969
100890
100878
100784
100780
100678
10061971
100477
10041973
10041970
100375
100287
100285
10021972
100184
100177
10011969
098890
09121970
09111977
091089
09101995
090981
090979
09091999
09081997
090792
090785
09071996
09071974
090688
090593
090580
09041972
09031972
090284
09021994
09021973
09021971
09021970
090185
0818
081089
0809
080892
080887
08051998
08041996
08041995
07121975
071087
07101992
07101980
07101975
070990
070987
070984
070889
070884
07071972
07051980
07041969
0704
070384
07021976
07021975
07011998
07011974
0665
0616
06121994
0612
061194
06111979
061082
06101973
060984
060892
060879
060775
06071996
06061973
06051997
060490
06041974
06041970
060283
06011977
051283
05121972
051184
05111993
050988
050883
050782
050684
050680
05051979
05041994
050389
05021997
05021975
05021971
0502
05011974
05011973
0416
041292
04121975
04111995
04111979
04111978
041082
040790
04071972
040680
040582
04051997
04051977
040487
040483
04041973
04031979
040290
04011981
0319
0313
031284
03121975
03121973
03121972
031183
03101982
030985
030981
03091973
030886
03081972
030791
030782
030687
03061996
03061975
03061973
03051978
03051972
03051970
030490
03041969
030382
030375
030373
03011997
0301
02121996
02121973
02091995
020888
020789
020780
02071969
020679
020583
020485
02041996
02041994
020189
02011964
0137485
01121972
01101995
01101973
010984
01091994
01081973
01081970
010684
01062000
01061976
01061970
010581
01051969
010493
010492
010489
010480
01041975
010292
01021969
01021964
010166
01010
00096462
00007
0000001
zxcvbnm12
zxc321
zombies
zoltan
ZLzfrH
zinaida
zaq12ws
zamora
zafira
yqlgr667
yours
ybrjkftdbx
yanochka
Yamaha
xwing
xcvbnm
x35v8L
x123456
wonder1
wiseman
wired
wings1
wilton
wildthin
wildcat1
WildBlue
wiking
wiggins
whitney1
whitepower
whipped
Whatever
wenger
welldone
wc18c2
watts
wardog
wanger
Walter
waldorf
w123456
Voyager
Vlad7788
vjybnjh
vittoria
vista
vigilant
VICTOR
vicky1
vfvfgfgfz
vfrfhjdf
vfkbyrf
vfhctkm
verdun
veravera
vbrjkf
vaz2107
vatech
vasquez
vasilek
vanovano
Vanessa
uytrewq
urchin
unable
turbine
tubitzen
trustee
trials
trial1
Trfnthbyf
trekkie
trajan
trade
Tracey
toro
torana
topman
topeka
tonino
tommy123
tobytoby
tmjxn151
tinkerbel
timepass
timebomb
tigrenok
tigran
Tigers
thomas123
thirsty
thermal
theone1
thehulk
teodor
temporary
telnet
teflon
teaseme
tazzzz
tawnee
tarasova
tanman
tamila
taltos
tallinn
taipei
taffy1
Ta8g4w
sylvain
swank
suzuk
sussex
susi
surrey
supergir
superdog
sunray
sundrop
summer06
summer05
sumerki
sugarray
subwoofer
submissi
suave
stymie
stripclub
stoke
sticker
stein
steff
steamboa
stamp
stage
ssptx452
squeaker
spruce
spirit1
speedrac
specops
spawn2
soso
sosa21
SOPHIE
sony123
sonic2
solei
sokrates
socket
sochi2014
snowing
snooze
snoops
snooky
snider
snap
Smokey
smell
slutwife
sleuth
slash1
skeet
sing
Simone
SiMHRq
sigsauer
sidorov
shygirl1
shrooms
shiver
shivan
shithole
shirin
shifter
sherrie
shaven
Shannon1
shaner
shadow99
setter
sesam
sense
semenov
seaways
sdsadEE23
Scotty
SCORPIO
schwein
schneide
schnapps
scatman
scampi
sayana
saxon
SaUn24865709
Sarah1
sandal
sampson1
sammy2
samapi
sadness
sabbat
RxMtKp
rustem
ruslana
runner1
ruckus
rosey
rosalind
romantik
rock123
robroy
roaddogg
rkfdbfnehf
rjntyjxtr
rjcntyrj
rhfcysq
rfnfcnhjaf
revilo
remark
redmond
redhouse
redgreen
rebrov
realm
read
ratt
raspberr
rashad
ranger2
rancho
raja
railway
ragdoll
radman
R29HqQ
qwertyytrewq
qwerty5
qwerty321
qwerty123456789
Qwer1234
qwepoi
quicksilver
quick1
quality1
qqqwwweee
Qn632o
qazxcvbn
qapmoc
q1w2e3r4t5y6u7
Purple
pupper
pulse
pudge
p@ssw0rd
prufrock
provider
proper
promote
proctor
principe
PRINCE
primetime21
primetime
primary
postit
pornogra
poppa
pope
poopies
poop12
poolpool
ponce
Polina
pockets
plokijuh
Player
pitstop
pinner
pickles1
photoman
phenom
pericles
people1
payroll
paul1
password1234
passer
PASS
parrish
parris
parkway
parabola
pankaj
pallas
painless
pain4me
osaka
orange77
omega123
oliveoil
olaola
okidoki
ohiostate
ocean11
nothin
nomercy
nokias
nokian95
nohack04
nogood
nitwit
nissa
nicole2
newlife1
newfie
newell
new123
nemesi
NDeYL5
nashville
naruto12
nala
naked1
nakamura
nailer
mynewpas
mymusic
mybitch
mWQ6QlZo
musi
murzilka
mullen
mujeres
muggsy
mudder
mrpink
mrclean
Mozart
motmot
motivate
mosdef
moremone
moogle
monty123
montess
Montana
monkey77
monkey7
monkey10
mongo1
mole
mjordan
mixail
misty123
mirela
mineral
mine12
milli
mila
mikeys
mike22
Mexico
metros
Metallica
merritt
merkur
MEDLOCK
medium
mech
mecca
mcnabb
mattia
master22
masons
mase
masahiro
marky
marissa1
marcopolo
marcio
manta
mancheste
maltese
malibog
malena
male
mahesh
magomed
magister
magica
magda1
magda
madeira
macduff
m1234567
LzBs2TwZ
luvbug
lupita
lucky3
lovestory
LOVEME
lovecraf
love4u
love4ever
louise1
lolitas
locoman0
locke
littlee
liteon
lindaa
limpbizk
lima
lilred
like
lifesucks
lexingto
leviatha
lettuce
letmein7
letmein6
leopoldo
lbvekz
lbhtrnjh
lazer
LAUREN
langer
lama
LAKERS
ladylady
kumquat
.ktymrf
ktjybl
kryten
kristinka
kristal
kookoo
koetsu13
kodaira52
KNIGHT
kmg365
klimenko
kitten1
kitte
kissss
kissarmy
kettle
kenny123
karinka
kami
kala
junker
Junior
jq24Nc
journal
jonson
jojo12
jeff24
jeanluc
jazzie
jaybee
james11
jaja
jaclyn
itdxtyrj
intrigue
indeed
imogen
ias100
hyacinth
hurtme
hurdle
hunter01
hugh
hotwater
hotspot
hotels
hotboys
hostile
horst
hopkig
hockey99
hisashi
hinton
himera
heythere
heyheyhey
herson
hermosa
herbal
hellspawn
heller
hedwig
healthy
hazzard
hazelnut
hawkmoon
hatesyou
harley01
Hardcore
hamburge
haddock
hackme
Ha8Fyp
gznybwf13
guillaume
guerrero
guatemala
gtnhjdf
grommit
grind
green11
gr8one
gourmet
goto
goober1
gonoles
golfer23
Golfer1
golf1
gogetit
Godzilla
gocanes
gobble
gnomes
glock21
gjkbyjxrf
giuliano
gilberto
giggs11
gibby
ghtpbltyn
gfhjkmm
getsmart
getiton
GErYFe
gerrity1
Germany
george2
geirby
gear
gardener
gangst
gandalf2
gagger
gaby
fuji
FUCK_INSIDE
fuckhole
fucker69
front
fridays
freitag
fredi
Frederic
Freddy
freddie1
frannie
franca
forte
footlong
flights
flavio
fishfood
filipino
filibert
fiction7
ffvdj474
feynman
FERRARI
fernandez
feliks
fcbayern
fatjoe
fatdog
fastlane
farside1
farmers
farhad
fargo
facesit
fabien
exposure
Explorer
evad
erika1
emyeuanh
eminem1
emanuele
elric
ellie1
echoes
eagle3
dutch1
dumper
drumset
draper
drahcir
dragos
dragon10
doris1
donnas
doggysty
dman
djljktq
district
disk
dirtyboy
dime
dima12
diese
dick1
dibble
dflbvrf
dfcbkmtdf
devils1
developer
della
defcon1
dcunited
davros
davidl
dave1
datnigga
dasha123
dantist
dank420
danimal
dalla
daily
cvtifhbrb
cvetok
cutegirl
cumshots
culver
cuisine
cuckold
cruzazul
crownvic
crotch
cronos
crm114
critters
crapper
Cowboys1
Cowboys
coupe
count0
cortes
cops
coorslig
consense
connecti
cojones
cohen
Coffee
cobblers
cnhtrjpf
cN42qj
cMFnpU
clinton1
clemson1
cingular
cigar1
cicci
chumley
chopchop
chomper
chiron
chimaera
chigger
chicos
CHICKEN
chessman
cheese12
cheerios
charlie7
charlie6
cfvfhf
cfvehfq
celestia
celest
catwalk
CAROLINA
careful
cardiac
canoe
cane
campion
Calvin
calvert
caballer
buttmunc
bubblegu
buba
brussels
brujah
Brooklyn
brody
briand
breaks
brazzers
bradpitt
bradly
bowden
bovine
boone
boodog
bombom
bodyshop
bodine
bob1
boatman
bnmbnm
bmw540
bluecat
blue56
blowme69
blood1
blackbox
birthday54
billy123
bigdogs
bigcocks
bigbaby
bigb
bh90210
berserker
berserke
berg
bentley1
bellbell
behind
becks
beatit
bears85
basses
Basketball
barbaria
banned
bane
balls1
bailee
backer
azwebitalia
awsome
autopass
aurore
auntie
atrium
atreyu
asslicker
asdlkj
asdfg12
asd12
asasa
arthur1
Arsenal1
arsch
armadill
ariadna
argento
arachnid
aq1sw2
april10
antonius
animal1
angola
Angel1
andy123
andreas1
Andreas
andre123
andrade
andi03
anatol
amber123
alyss
alskdjfhg
alpha3
alpha2
aloysius
allalone
allah1
all4you
alicante
alfie
alan12
africa1
affair
aero
adler
adgjmpt
adams1
adamant
ACLS2H
acidrain
aarons
Aaaaaa1
aaaaaa1
Aaaaa1
a55555
9990
989244342a
9797
88keys
863abgsg
808state
8008
78678
7788
777Angel
74747474
72727272
71717171
708090a
6bjVPe
666666q
666111
619619
6161
551scasi
5455
5420
4z3al0ts
4WcQjn
444222
4326
430799
4211
3699
3624
3579
3456789
3377
3364068
33223322
313313
31121994
31121979
31121976
311095
311075
310883
31081975
310788
310782
31071973
310588
310581
310393
3103
302302
301291
30121975
30111974
30101971
30091975
30091973
30091970
30081976
30081965
300782
30071972
300582
300476
300184
2kgWai
2bigtits
2b8riEDT
291289
291288
291285
291186
291178
29111994
291089
291086
29101975
2909
29081975
290775
29071973
29061973
29051996
290481
290185
281282
281271
28121995
28121971
28111979
281091
281083
28101995
28101976
280989
280979
280971
28091973
280881
280879
28081975
28071972
28071971
28071970
280683
28031977
280287
28021970
280191
280189
280180
28011970
271290
271285
271283
271271
27111973
271088
271080
27081968
270792
27071996
27071995
270681
270382
270381
270291
27011974
261180
261085
261080
26101995
26101972
260882
26081970
260691
260685
260678
260592
26051971
260387
260292
260189
2514
251291
251282
25121996
25111973
25111971
250982
250979
25091973
250889
250887
25081977
2508
250786
250692
250691
250690
250679
25051974
25041969
250393
250387
250384
25031974
250191
250183
2486
247365
241292
241188
24111971
240995
240986
24091993
24081995
240781
24071994
240686
240287
24021975
240189
240182
23dp4x
237081a
231292
231284
231180
231091
231083
231080
23101974
23091970
23081978
230691
230594
230582
23051996
230479
23041997
23041976
230393
230389
230373
23031973
23031972
230282
23021971
2302
230180
2248
2236
221280
22122000
221185
221133
22111974
221085
22101974
2209
220880
220781
22071975
22061972
220579
22041997
220378
22031995
22031974
22031963
220287
220286
22021997
220182
22011970
211284
211278
21121971
211176
21111994
211083
211080
21101973
21091974
21091973
21091972
210888
21081973
21081970
210789
210788
210782
210682
210681
210585
21041997
210391
21031995
210288
210287
21011971
201jedlz
201192
201187
201181
20102000
20101995
200880
200780
200682
20061976
20051974
20051972
20041995
20041971
200291
200290
200289
200286
200280
200277
20021998
20021973
200187
200180
1Test
1Sexyred
1qa2ws3e
1pionee
1Money
1Hammer
1Fuckyou
1Cowboy
19812
19550624
1925
19121970
190985
190889
19081972
190785
19071974
19071973
19061975
19041976
19031996
19031995
19021998
19021997
19021996
19021977
19021976
190187
19011996
181283
18121973
18121969
181182
181179
18111969
180990
1809
180875
180788
18071978
18071970
18061994
180591
180577
180476
180380
18031996
180282
18021979
18021974
1785
1769
17171
171282
17121974
1712
171086
171082
17101976
170887
170876
17081974
1708
170777
170678
17041977
17041965
170390
170386
17021996
170192
170189
170185
161718
161284
161274
16121996
16121971
16111977
16111974
16111973
161087
16101974
160979
16091976
16081977
16081968
16071978
160679
16061996
16061968
160582
160579
160491
160482
16041975
16021970
160191
159753258
15975321
159357258
1523
151190
15111970
15091971
15081969
150693
150692
15061974
150592
150591
150588
150579
15051976
15051974
15051969
15041971
150392
150382
150379
15021996
150191
150181
150179
15011974
14vbqk9p
147123
1456
141292
14121971
141192
14111995
141089
141080
14101995
1409
140876
14081974
140691
140677
14061993
140595
140587
140579
14051973
14051972
140479
140292
140279
14021998
14021969
140190
140183
14011976
14011975
138138
1377
1357997531
1325
13231323
13111994
13111976
131076
13091996
13091974
13081973
130795
130786
130579
130476
13041998
130285
130281
130279
13021994
13021974
130195
130193
13011977
13011974
1279
1277
1274
1247
123www
123qwe456rty
12361236
123580
12351235
12346789
123456x
123456e
123456789b
1234567890qw
121212a
121187
12111972
12101976
120992
12091997
12091995
120888
120884
120878
12051997
12011996
12011974
1188
1181
1172
1167
1143
11231123
111278
11121997
111192
111184
111169
11111996
11111995
11111111111
11101975
11101971
111
110979
110978
110787
11061972
110591
110578
11051973
110487
11041971
110394
110371
11031977
11031970
110194
11011999
11011975
1079
1033
101277
101178
10102010
10101976
100986
100984
100982
10091978
100788
100778
10071972
10071971
10061973
100592
100583
100580
100579
10051974
100481
100479
100478
10041997
10041996
100381
10031996
10031974
100292
100289
100284
100282
100279
100272
100188
100186
100183
10011972
0raziel0
098765432
091187
090885
09081973
09071978
09061969
090388
09031995
09021997
09021995
09021968
090184
09011994
09011976
0831
0828
0823
0822
0817
08121994
08111993
08101995
08101972
080979
08091995
080879
08081993
08081969
080783
08071996
08071973
08071971
080583
08051995
08051975
08041971
080391
080387
08021974
08021967
071282
071187
071178
071088
071076
07101977
07101972
070983
07091972
070888
070883
07081997
07081996
07081995
07081994
070590
070589
07051974
07041974
070383
06121977
061092
061088
06091978
060891
060786
06071994
06071971
060687
06061970
060391
06031979
060287
060285
06021995
060189
060179
06011975
0520
0515
051289
05121975
05111976
05101980
050886
050881
0508
05071973
050688
05061977
050590
05052000
05041997
05041978
05041974
05031997
05021973
050186
041280
041178
041087
041085
04101974
040983
04091977
040892
040889
040884
040879
04081995
040789
040787
040681
04061997
04061971
040488
040476
04041996
04041976
04031998
0403
040285
04021976
04011978
0322
0314
031291
031287
03121976
031085
03101973
03101971
030882
03081973
030785
030686
030679
030482
030479
03041974
030392
03031972
030289
030189
030185
03011977
03011972
021284
021191
02101995
020973
020877
020788
020787
02071997
0207
020691
020677
020486
020283
02022000
02012011
02011997
0120
01121971
01111994
010980
01091972
0109
01081963
01072000
010679
01041995
01041961
010289
01021971
01012012
0013
000420
000333
zxcv12
zx123456789
ztMFcQ
zQjphsyf6ctifgu
zonker
zoloft
zoinks
zaratustra
zaragoza
Zaq12wsx
z123456789
yxkck878
YwVxPZ
yfnecbr
yes90125
yeager
ybhdfyf
yasmina
yamamoto
yadayada
xxxxxxxxxx
xpress
xjZNQ5
XirT2K
xholes
workit
woodruff
womens
woland
wladimir
wizar
wishmaster
wise
wiggly
whippet
whacko
westwest
wessonnn
wesley1
wer123
wenef45313
wawawa
warszawa
warrio
ware
wankers
WALKER
vw198m2n
vpmfSz
vjzgjxnf
vjhjpjdf
vitaly
viscount
viper2
vinny
vicki1
viceroy
vfhnbyb
vfhcbr
vfhbif
vespa
verygoodbot
vertex
Veronika
vern
verga
VDLxUC
vball
vanille
vance
vampiro
valerka
valerie1
valenti
v123456
users
united1
unite
undies
Type
twice
tuscan
turbo2
tumble
tujazopi
trustnoo
tristan1
traci
toyot
torsten
torre
torrance
TOPGUN
topflite
toonporn
tommyt
tomatoes
tissue
tinytim
timon
tilly
thunder5
thunder2
through
theway
theroc
thebeach
thames
testit
testicle
temporal
teeth
tecate
tbirds
tarasov
tallguy
tacotaco
tabbycat
tabby
sylvan
swimmer1
sweat
surfing1
SuperManBoy
supergirl
superd
super2
summer20
suffer
sudden
Subaru
stupi
student1
stryder
stiff
starling
starfuck
star99
stanly
stabilo
spooks
splunge
sPjFeT
Spirit
spin
spider12
Spider1
spicer
spanked
spacer
soroka
solstice
solnze
soccer9
soccer3
snakeeye
smudger
smedley
slither
slick50
slice
skydog
skully
sixnine
simpson1
sideout
shooters
shitbird
sherbert
sheppard
shelley1
sheffield
sheffiel
shaver
sharps
sharkman
shaggy1
shadowma
sexnow
sexdog
setup
sergik
semenova
sellers
seconds
scythe
screwbal
scratchy
Scooby
sc00by
savatage
sashimi
sasha2010
sasha1995
sartre
sarge1
santacruz
SANDRA
sandler
samurai1
Samuel
SAMSUNG
sambuca
saltanat
salma
salaam
sakic19
said
sagitari
sadler
sacramen
Sabrina
saab93
rusty123
rusrap
rusalka
rule
ruff
roxette
ronal
rockys
Rocky1
robo
rival
rings
ringo1
ridley
richman
ricardo1
rfnfgekmnf
rfkmrekznjh
rfhfvtkm
rfghbp
revival
response
rescue1
redbarch
red456
rebell
ranger21
rainger
rafiki
radagast
RABBIT
qwer12345
qweas
qwasz
quickly
quickie
quicken
quercus
queenbee
quake1
qpwoei
QHXbij
qDaRcv
qCActW
q1w2e
q12345678
pussypussy
pussylic
puccini
ptktysq
pthrfkj
proceed
pridurok
pounds
pottery
porthos
poppies
popolo
poopface
poonam
pooki
pooker
ponder
polarbear
poiuytr
poiu1234
poi123
playgirl
plastic1
pKtMxR
pittsburgh
piter
pinggolf
pillar
pikapp
pieter
pierced
pieces
phobos
peterj
pervert1
perfume
peniss
peluche
pekpek
paulo
patrycja
patchy
password5
paska
Parker
parallax
paradoxx
pappas
papero
papercli
paol
paloalto
palestine
pajaro
paganini
Pa55w0rd
ozzman
ownsu
outdoors
ottoman
other
oscar2
organ
orbit
Orange
online1
omega7
olorin
olamide
obscure
nurbek
nt5D27
NPyxr5
novice
noonoo
noggin
nitro1
nikusha
nikitka
nightwolf
nighthawk
nicenice
nfvthkfy
nfbcbz
newpassword
neutrino
netware
natusik
naruto123
nairobi
myXworld4
myshit
mymymy
mylov
mutual
muppets
mumbles
mudhoney
Ms6NuD
mouton
motoko
moosehea
mookie1
monmouth
monker
mongolia
mommom
mom123
mmouse
mixer
misha1
mironova
mireille
minstrel
mindy1
millenni
millard
milkmilk
milen
Mike1
mifune
michaelc
michae1
miata
mexico1
methodman
meteora
mercury7
mercure
mercur
mendez
mendel
mellie
Melissa1
meemee
medford
me1234
Maxwell1
maxtor
maxim1935
matrix3
matrix2
mather
masturba
master2
martins
martel
marle
mark69
mariachi
marek
Marathon
manny1
maniak
maman
maldives
malaika
makeup
makeksa11
mahalkit
maggie11
magdalen
mafalda
mackay
m1sf1t
luojianhua
lucylucy
Lucifer
ltleirf
lovesporn
love777
lotte
loqse
longview
longone
longcut
lonely1
London1
logitec
logic
lochness
lkjhgfdsaz
lizaliza
lisette
lisbon
liquor
lightsab
lifting
libby1
levin
Letmein2
lenusik
lenovo
legsex
ledzeppelin
laundry
lasvega
larinso
lalal
ladyluck
lacey1
labatts
L8v53x
kwan
kUgM7B
kokakola
klep
klem1
kjhgfdsa
kitkit
kissass
kinkos
kindbuds
kimchee
Kimberly
kidder
kennedy1
kelly2
kayaker
kayak1
kato
katmandu
katkat
katja
kath
kaskad
karaganda
kaos
kafka
justyna
justina
jurgen
june22
jumpin
julieta
jude
joshua2
jocker
Jjjjjjj1
jesu
jerico
Jennyff
javaman
janell
jamesc
jamesbond007
jambo
jacky
island1
ishot
iseedeadpeople
invasion
invalidp
international
integra1
ingram01
independ
iluvporn
ilaria
ikaika
igromania
iggy
idontcare
ichbins
ibill
husky1
hurricanes
hump
house123
hot
hornyone
hornie
hoppy
hoot
HONDA
holymoly
holden1
holbrook
hobiecat
hobby
hjlbyf
hinata
hikari
highball
herrera
heroin
henson
hellothere
helloman
heatwave
heathrow
hbxfhl
hase
harve
hardtime
hardcor
happyme
hanter
hanna1
handy
hamham
half
hadley
HACKERZ
habitat
gusher
guinnes
guinea
gsgba368
gross
grimes
gretsch
greeting
grave
gracelan
gosia
goodhead
gonzalo
gonzaga
golakers
gojira
gobama
gmctruck
glitch
gladston
gjyxbr
girlz
gimlet
gilgames
giblet
ghostdog
ghost123
ghjcnj123
gfdkjdf
getnaked
getlaid
gerasim
geraldine
geoff
Genesis
generation
gbpacker
gandal
games1
gallaghe
gaell
g12345
fx3Tuo
fvthbrf
fuzz
fumanchu
fuente
fuel
fuckyou7
fuckhard
freeman1
freelancer
Freedom1
franko
fourth
fordham
FORD
foothill
focker
fnord
flynn
flutie
flamenco
fishy1
fire777
finished
filler
fierce
ferrets
fernandes
fenerbahce
fedorova
favre
fatty1
fartface
fairmont
fairfax
fabolous
EYpHed
exit
exercise
excalibe
EwYUZA
evets
everything
evening
etvwW4
eternal1
estela
ernst
erebus
enemy
elvin
elephan
elefante
edwina
eae21157
dutchy
dunn
dukedog
ducker
dtlmvf
drexel
drakes
draken
doromich
dont4get
Domino
dolomite
dolittle
dmitriev
djhjyf
discgolf
dima2010
digest
dietrich
Diesel
dictiona
dickies
dfktyjr
dfcbkmtd
devo2706
devin1
Denver
denial
dbjktnnf
davidkin
david69
dauren
darrian
darock
darkknig
dantheman
daniel2
dallastx
curt
cupid
cubbie
cubase
cthuttdbx
csfbr5yy
croucher
crapola
cranberr
cowbo
counchac
cottages
corrine
corrina
corey1
coolkid
coocoo
consul
config
condo
concepts
computador
compound
comcast1
collier
cochran
cobrajet
cntgfirf
cnhjbntkm
client
clark1
christen
chrissi
choppy
chimpy
chilton
chile
chiapet
chBJun
charlie5
Charles1
chantell
cccp
Cccccc1
caspian
casimir
carvin
carnal
carlos2
canibus
canberra
Cameron
cambria
calais
cacacaca
cabibble
buzzbuzz
buttons1
buttlove
bustanut
burunduk
burgundy
bumblebee
Bullshit
bullride
Bulldog
bujhtr
buckwheat
buckskin
buckfast
brooking
brooke1
brianb
brett1
brend
Brandon1
Bradley
braces
boyscout
BOSTON
booze
boost
boome
bonou2
bonobo
bonk
bonit
bomba
bogus1
boeing74
bob1234
boaz
bmwm3
bmw325is
bluered
blenheim
blasen
bladerun
blader
biteme2
birds
birdies
biochem
binky1
billyd
bikerboy
BIGTITS
bigpimpin
bighurt
bigal1
bibles
bette
bethany1
belles
beehive
becca1
beaver1
beasley
bearshare
beard
bbbbbbbbbb
Bbbbb1
batboy
bastard1
bassmast
bashful
bartjek
barely
bannana
baltimore
badkitty
badcat
babs
babe23
azimut
azathoth
axlrose
atlast
asshole2
asshat
aspen1
ASDFGH
asd123456
asbestos
artistic
aron
arkham
areyukesc
archana
apostol
anyway
Antonio
antonell
antivirus
anti
another1
annie2
annalisa
angel11
anelka
andyman
andree
anabel
amiga1
America
amadeo
altoid
alohomora
allthat
alien1
alex2000
alesis
aleks
aldric
albatross
alana
akira1
aikoaiko
.adgjm
adele
abyss
absurd
ABCDEF
abcde123
aaaaaas
aaaaaaaaaaaa
9sKw5g
9988aa
996699
987987987
98741236
9119
8WoMys
8765
80070633pc
7kbe9D
7862
77777778
686xqxfg
666888
5674
565hlgqo
55667788
5525
543216
52678677
5005
4_LiFe
495rus19
4815162342lost
4678
46464646
4621
4535
4430
440440
4190
4053
3way
3mta3
3782
331234
3311
314314
313233
311291
311284
311282
31121910
311091
31101996
31051973
31031996
31031995
31031972
301285
301282
30121998
30121974
30121969
301085
301083
300994
300991
30091976
300887
300883
30081992
30081974
300792
30051996
30051976
30051969
300480
300387
30011972
29111995
29101971
29101962
290890
29081996
290776
290680
290592
290576
29051997
29051971
29051970
290482
29041998
290379
29031968
290288
29021976
290191
290184
28121973
28111974
280992
280986
280892
28081994
280791
280790
280784
280782
280781
280675
28061979
280581
280579
280578
28051996
280486
28041973
280377
280376
28031996
280282
280182
28011973
2741001
271289
271284
271183
271179
27111994
27111970
270981
270891
27081974
27071972
27071969
2706
270387
2703
270285
2702
270193
270190
270186
27011996
27011973
2701
2662
261289
261287
261285
261281
26121975
26121972
26121971
26111993
26111975
260991
260983
26091976
26091969
2609
26081975
260687
260684
260676
26061973
260588
260583
260492
260491
26041972
26041971
260392
260388
260382
260380
26031997
26031994
260192
26011972
25262526
251290
251288
251274
251177
251078
250880
250876
25081974
25081972
25071970
250693
250689
250581
25052005
250488
250477
25041972
250389
25031998
250289
25021975
25021973
250182
25011972
2448
2447
241288
241287
241077
24101968
240989
240879
24061974
240594
24051966
240491
24041969
240289
240288
24021979
240191
240178
240174
24011973
23452345
231278
23121973
23101971
23091976
230890
230879
230857z
23081996
23081973
23081969
23081968
230787
230776
23071968
230682
23061974
23061973
230580
23051973
230482
230481
23041971
230382
230380
230276
230192
23011973
23011966
2275
2234
2215
221279
221122
22111972
221083
220989
22091973
22071974
22071973
22061995
220596
22051972
220483
22041996
22041969
22031970
220285
220190
220181
2130
211222
21111969
21101994
21101971
210986
210975
210891
210793
210791
210781
21071971
210679
21061970
21061969
210581
210580
21051998
21051997
210379
210284
21021975
21021974
210192
210189
21011996
210000
20121995
201189
20111994
20111973
201084
20102011
20101973
200988
200983
20091968
200884
200792
200790
200783
200782
20072008
20071977
20061996
200583
200579
20051971
200389
200380
20031971
200292
200282
20021995
20021969
200190
20011967
1William
1um83z
1Summer
1qaz2w
1qa2ws3ed4rf
1Girls
1Daniel
19966991
198500
191292
19121975
191182
19111994
191087
19101970
19091976
19091974
190888
190884
190784
19061996
190590
190489
19041996
19041972
19031997
19021973
18281828
182182
181278
181276
181190
18111977
181077
180982
180882
18081975
18071973
18071971
180684
180681
180586
18051972
180383
18031969
180291
18021976
18021975
18021962
180190
180179
1771
171291
171281
171184
1711
17101996
170993
17091977
17091974
17081995
17081977
17081972
170789
17061970
170594
170587
17051995
17051972
170491
170483
170384
170281
17021997
170190
161283
161279
16121973
16101994
16101973
160887
160880
160876
160780
160776
16071974
16071972
16041998
160393
16021979
16021973
160189
160180
1598741
151291
151280
151278
15121997
15121974
151194
15111976
151088
15091970
1509
150683
150677
15051997
150485
150479
150373
15031974
150287
150282
150174
150000
1452
14253
1422
141191
141190
141189
141184
14111978
14101998
140978
140974
14091972
140783
140777
140692
14061975
140593
140592
140582
140575
14051976
14051969
140378
140181
140178
1375
1355
131288
13121996
13111965
131082
130987
130986
130880
130879
130778
13071973
13071963
130681
13041972
13031969
130283
130282
130192
13011997
13011963
1290
1275
126126
125678
123xxx
123red
123q321
123as123
123a321
123963
1236987z
12354
12345zxc
1234576
123456789f
123456781
1234565
12345600
123123123a
12123
12121996
12121968
121175
121094
121092
121083
121072
12101995
12101973
12101210
120990
12091996
120866
12081995
12081964
120791
120661
12061973
12061971
12061963
120577
12051973
12051968
12041971
12041967
120395
120374
120370
120284
120202
12011970
11qq22ww
11qq11
11c645df
1183
1179
117117
1159
11235
1123456
111181
111180
111167
111087
11101981
11091973
11091970
110891
110878
110788
11071975
11061995
110593
110577
110392
110381
11031973
110297
110277
110188
11011969
11011101
101283
101274
10121997
101192
101191
1010101010
1010101
10091974
100691
100681
100679
10051969
100495
100380
100379
100290
10021994
10021974
100178
09877890
0929
0927
091292
091284
091282
09121973
09121969
091185
091080
09101976
09101972
090990
090980
090808qwe
09061976
090589
090586
090583
09051995
09051993
0905
090393
090386
09031994
090288
081288
08121993
08121974
08111976
081087
08091996
08091974
080787
080786
08061975
08061974
08061973
08051974
080480
0804
080381
08031972
080283
08011995
08011977
0801
0723
071290
07111977
07111974
07091974
070890
070878
07082000
070797
070775
07071974
07071973
07031977
07011995
061294
06111972
06101967
060987
060977
060897
060886
06081997
06081995
060693
06061997
060481
06041972
060390
060387
06031976
06021974
06021971
060191
051285
051188
051186
05111975
05111974
05111973
051083
051081
05101974
05101971
05091974
05091973
05091970
05081995
05081973
050783
05071975
05071972
0507
05061998
05061996
05061995
05061976
050591
050581
050575
050477
05041970
05031977
050278
05011981
05011965
04975756
041281
041189
041188
04101976
04101973
040980
040979
0409
04081998
040791
04071973
040687
04061979
04061974
040591
040590
040584
040579
04051996
040492
04041970
04041969
040288
040180
04011979
04011976
04011972
031180
031086
03091974
0309
030881
03081995
03081976
030790
030789
030590
030587
030586
030577
03051995
030484
030390
030386
030384
03031997
03031970
030273
03021973
03011994
03011974
021188
021179
020988
02061965
020589
020586
020585
020581
020580
02051969
020490
020483
020482
020481
020387
02032007
02031997
02031996
020275
020187
0128
011288
011287
01121995
01121970
011189
01111995
01101994
01101971
01101968
010982
010979
01091996
01091975
01091966
010790
010785
01071971
010576
010574
01051971
01051963
01051960
010475
01041960
010386
01031971
01022009
01020102
010199
010163
010150
01011951
000555
0003
ZW6sYJ
zsazsa
zidane10
zeta
zebulon
zazazaza
zaxxon
zambia
yourself
yeehaw
xzibit
xxxsex
xxxman
www111
wwfwcw
wuschel
WU4EtD
wswsws
words
woodsink
woodcock
wolfgar
wolfer
wolf1
wizz
wire
winni
wilson1
Wilson
willo
wildwest
wiggum
where
WHDBtP
werty1
welcome12
weight
watches
WasHere
warrant
wanker1
waddle
vvvbbb
vsevolod
Vp6y38
volvos
vivien
vivahate
vitesse
vitara
virgini
viktori
vfylfhbyrf
vfrfrf
vfrcbr
vfhecmrf
Veronica
veggie
veedub
vecmrf
variety
variant
vanman
valter
uzumaki
utjvtnhbz
uthvfy
upgrade
underwoo
undercover
tycobb
twocats
turismo
tujheirf
tuczno18
TRUSTNO1
trstno1
trippy
trinity3
tribute
tribbles
trevor1
transformer
tralfaz
touchdown
toucan
torey
toosexy
tonic
tm371855
tivoli
titanik
tissot
tinhorse
timoxa
timofey
tiktak
tiki
TIFFANY
ticker
tibet
tiberium
thuggin
thisis
therat
themaster
test99
teresita
tequila1
tennis12
tekila
technolo
technic
teatime
teamo
taylor2
tatatata
tassie
tantan
tamika
sylwia
sweet69
Svetlana
suze
suspect
supra1
supersex
sunfish
suckthis
studmuff
strutter
stronger
striker1
stratoca
strat1
stonewall
sti2000
STEVE
steroids
steels
starfury
stamina
stalingrad
squad
spycams
spooky1
spokane
spinal
sparky12
spammy
south1
soulman
soon
solange
snuff
Sniper
sn00py
smasher
slowly
sloopy
slicker
slava1
skyhigh
skorpion39
skiman
skaven
skater1
skank
siouxsie
simonsay
sieben
shutdown
shots
shooter1
sheshe
shellie
shelli
shell1
shay
sharp1
shanks
shakir
shadow7
sexybeast
sexmeup
sex12345
sex1234
seventee
serpico
seniors
SECRET
seaton
scoubidou
scotti
scott2
SCOTT
scotsman
Scorpio
scorch
schumacher
schorsch
scheme
sauber
satsuma
satan66
sarit
sargon
sardor
sarahb
sanya
sandhya
saltlake
salam
sade
sachas
sabin
saab95
s456123789
ryno23
ryan11
ruger1
rubyred
roxane
rossi46
rosemari
Ronald
roman222
roflmao
roflcopter
rodents
rocket88
rochdale
rjktcj
riot
rimbaud
rfhectkm
rfhbyjxrf
retlaw
retarded
reshma
regular
redtail
redrover
redhook
red5
recruit
recon1
RcLAKi
rastafari
rashmi
ranma
Rangers
ranger01
rally
raintree
raider1
ragtop
qwqw
qweszxc
qw12qw12
QGuvYT
QAZWSX
putz
putnam
pussylip
punky
psswrd
psalm23
proust
primavera
primaver
prettybo
preston1
pravda
pound
potomac
portos
pornoman
pornografia
poppen
popmart
pop123
ponchik
poly
polo1234
poke
poiu123
pmdmscts
plop
plenty
plato1
pirat
pipper
pipopipo
pionex
pinkpuss
pimpshit
picard1
phillesh
phatass
phantom2
petey1
pernille
period
pereira
peartree
pear
PATRICK
patch1
pass1word
pass11
pashka
parol123
pargolf
para
pappa
PANTHER
Panther
panocha
PACKERS
P3e85tr
oxnard
ownz
overland
ov3aJy
oreooreo
oqglh565
operatio
onfire
oneill
one4all
omega5
olimpia
olegoleg
oldtimer
okokokok
nowayout
notyou
notoriou
noshit
Norman
nokia8800
nokia7610
nokia6120
nofx
nocode
nitsuj
nite
nisse
nikole
nightman
nicolai
newt
newpoint
nester
nelli
NdAswf
natnat
NATASHA
nameless
mydream
mycroft
mybuddy
mtY3RH
MSNxBi
mowerman
mouche
mortar
mort
moroni
morebeer
moomin
mookie12
monster2
monkey99
monger
mondo
monami
mollycat
moises
mmm666
mitzi
mithril
minimal
minamina
Miller1
milf
MidCon
micro1
mick7278
michaeld
michael6
MeveFalkcakk
messer
merda
mercurio
mellissa
melissa2
megapolis
medellin
mckinley
mcbride
mayamaya
matt123
matt11
matahari
masyanya
masterca
master69
master23
masmas
masher
marylou
martyr
martyn
marmelad
maritza
marias
mariann
marciano
mannie
mandela
management
mamabear
mama12
maloney
malaya
maksimus
makeme
magnetic
made
maddy1
maddie1
mach1
mace
lyndon
luv2fuck
lucky5
loveu
lovergir
love77
lotus7
loser123
lorrie
lora
loopy
looploop
loophole
loislane
lobito
liveevil
littleon
littleman
linger
Lincoln
lime
lilkim
lickher
liberte
lewis1
levelone
leslie1
lerochka
leipzig
leicester
lehigh
lawton
latter
lasombra
laramie
lambrett
lambada
lakers34
kzkzkz
kuku
krueger
kramer1
kornkorn
komarova
Kirill
kind
kin
killie
khorne
Kevin
Kerstin
kerri
kenyatta
kenshiro
kendrick
kender
keeley
KAZANTIP
kayaking
kawasak
katana1
kassandra
kartal
karman
karens
kamil1
kali
kakka
kagome
justforfun
june29
jujitsu
joWgNx
josejose
jordan11
jonnie
JONATHAN
jolie
johnny69
Johnny1
John1
jo9k2jw2
jlhanes
jimmyg
jimmer
jiggy
Jessie
jello1
jeffer
jeepcj5
jeannine
jazzbass
JASPER
jason2
jamielee
jamesr
jaime1
jacqueline
jacob6
jackryan
jack22
jack11
j12345
ironroad
insuranc
impossible
Impala
imhere
ilovejen
iggypop
idkfa
ideas
iBxNSM
ibragim
iamtheone
iaapptfcor
huston
hungary
humberto
hubby
hubble
HshFD4n279
house2
hotbod
HORSES
hood
honda2
homer2
holen1
holding
holas
hitech
hiram
highwind
hibees
hiawatha
heyjoe
heVnm4
herpes
hellrais
hello5
healing
hawking
hawkdog79
hater
hash
harley12
hardline
hardin
hardhat
hardcore1
handbags
halogen
hakkinen
guzzi
guyguy
guyana
gunslinger
Guitar
guido1
guards
guadalup
griffins
griffin1
grenada
greenwood
green7
grand1
gowings
gowest
gotit
goomba
googl
goleafs
goldsink
GOLDEN
gogirl
godisgood
goddog
goddamn
gjrtvjy
gjhjctyjr
giorgia
giggsy
ghbphfr
ghbdt
gfif1991
gfhjkmxbr
getbent
gertie
genova
genevieve
genera
geforce
geek
gatto
gasoline
gardiner
gangsta1
gambino
galactus
gaelle
gadzooks
fylhjvtlf
fwsAdN
froggy1
friction
freud
freelanc
fraud
francais
fQKW5M
forfree
fordtruck
ford9402
folsom
flushing
Florence
florenc
FLIGHT
fleury
fkbyf001
fishbait
fireworks
filters
filipe
file
fiji
fett
ferdinan
fedor
fausto
f123456
eyespy
extasy
extacy
explicit
everythi
evertonf
espanol
esmerald
endymion
emotion
emery
elysium
elli
elias
elenka
eldar
eggbert
eFYrEG
edward12
economic
eagles05
dynastar
duke3d
duff
drives
drawing
drakula
drakkar
draconis
doyle
downlow
DOUGLAS
dorina
doober
domani
dolphin2
dodododo
djohn11
djhvbrc
dizzy1
disturbe
diosesamo
dionne
dinesh
dima1997
diggity
digger1
digdug
diesel1
diego1
dictionary
dickson
dice
Diamond1
dfkthbq
destruct
desoto
denver1
demigod
demeter
demented
deluge
deltaforce
delasoul
deaddog
dcba
dbrnjhjdyf
dbityrf
davido
dave12
datalore
datalife
darter
darre
danadana
damon1
dallas21
Dale
dakot
cyZKhw
cyjdsvujljv
cutie1
customs
curtain
cumnow
cuddle
cubfan
cruzer
crooked
cresta
creaven
crayola
crawler
costas
corvair
corset
cornet
cordless
copter
copeland
cooley
coolbeans
cookies1
console
condition
community
comments
comet1
colole57
collingw
cokecoke
codydog
cocorico
cocoon
cocodog
cocky
cobaka
cleavage
clayton1
cigarett
cierra
chunk
chubby1
chris21
choco
chiller
chaz
cayuga
catty
catmando
carpenter
carly1
carla1
carine
cara
cantrell
candela
camar
CaLiGuLa
californi
caleb1
cable1
c7Lrwu
bvgthfnjh
butter1
burnett
bullitt
Bulldogs
Bulldog1
buffie
Buddy
brookie
Brooke
broke
brendan1
breakfas
brando1
brady12
bozeman
bowling1
bosto
boscoe
bongbong
boner1
bojangle
boeder
bobbyd
bobble
bmw330
bluess
blue77
blue66
blue2
bloom
bladder
blackhol
blackadd
Black1
biscayne
birthday299
birdie1
birdhouse
bingbong
bimini
bill1
bigrob
bignose
bigload
bigdog69
bigdan
bigboob
berliner
bennyboy
beertje
bebebebe
beaufort
bearshar
beachboy
Bbbbbbb1
baxter1
Baxter
bastion
bassboat
bassale
bartbart
barne
barkley1
barkbark
barclays
barbi
balzac
ballpark
balefire
bakugan
bakayaro
bagel
babycat
azbuka
azalea
autobot
austi
asscrack
asdjkl
asdfghjkl123
asdfasd
asbury
artwork
arthu
artart
arseniy
argentum
arakis
aqua
applemac
apokalipsis
antosha
antoha
anon
ANGELA
andrey123
andrew2
ammo
amandine
amalgam
almaz
allstar1
allanon
alistair
alinochka
alfie1
alfalf
albundy
alarm
alameda
ajtdmw
AjcuiVd289
airedale
AIRBORNE
aidana
agency
advantag
admiral1
actors
access20
academia
abigai
abcd12
Aalborg
a1b2c
9991
9899
96321478
87878787
794613852
78963
7777755102q
7558795
74185
741236985
69dude
640xwfkv
5t6y7u8i
5t4r3e2w1q
5963
55555q
5440
5416
4TLVeD
4DwvJj
4all
492529
4653
4570
4551
45454
4411
4012
40028922
38972091
3809
3787
3698
34524815
3436
343104ky
3356
333z333
333222111
3300
31217221027711
311269
31121996
31121972
31121970
31121969
311084
310892
310791
310786
31071975
31071972
310579
310382
310376
31011996
31011970
301281
301275
301181
30111972
301088
300989
300976
30091996
300879
300790
30071994
30071974
3007
300685
300679
30061970
300576
300489
30031970
300192
2pac
291287
291281
291189
29111972
29111966
291091
29101997
290984
290889
290887
29081977
290779
29071997
29071972
290685
290679
29061977
290591
290587
290583
290580
29052000
290485
290480
29031972
29031971
2903
29011974
281281
2810
28091970
280878
28081977
28081965
280785
28071997
280682
280680
28061995
28061974
280575
28051971
28051970
280493
280484
280483
28041970
28031997
2803
280291
28021966
280190
280185
28011995
271182
271085
271082
2709
27081997
27071971
27071961
27061997
270579
270495
270493
270480
27041996
270390
27031995
27031975
270286
270281
270192
270188
270181
27011972
26121976
26111980
261086
261079
26101976
26101973
260zntpc
260990
26091977
26091970
260893
260679
26061996
260582
26051972
26051969
260483
26041977
260373
26021974
260183
26011974
2554
2531
2526
251285
251275
251192
251187
251178
25111997
250985
25081973
250781
250777
250776
25061974
25051971
250379
250377
25031975
25031973
250290
25021970
25021969
25012501
25011998
25011971
24PnZ6kc
248248
24681357
246800
2455
24121995
24121978
241187
241185
24101975
240983
240687
240681
24061973
240578
24051997
240395
240283
240282
240281
240181
24011971
24011970
235235
2333
2325
23121998
23101999
230891
230886
23081971
2308
230778
230777
23071997
230592
23051974
230483
230477
23041969
230378
23031996
230281
23021998
23021968
23011998
2221
22121975
221179
221172
22111980
22111969
221082
220993
220987
220985
220982
22091996
22081970
220780
22071971
220676
220595
22051975
220490
220394
220380
22031996
220282
220277
22021969
220192
220191
220189
220180
2154
21312131
2127
2112yyz
211294
211271
21121995
21111996
21111972
211076
2109
210885
210883
21081998
21081997
210778
21071969
210583
210582
210577
210575
21051978
210480
210393
21031971
21031966
210292
210176
201284
20111976
201078
200992
20091972
200785
200691
200681
200680
20061975
200580
200493
200486
200475
20041974
200382
20031997
200283
20022004
200193
200191
200186
20011998
20011974
1Tigger
1Superma
1Samanth
1Robert
1qwerty1
1John
1hxboqg2s
1Horny
1Diamond
1Bubba
19mtpgam19
19992000
199000
198989
198585
197222
1931
19121996
19121973
19111996
191085
190989
190988
190986
19081974
19081973
190787
19071969
19061997
19061960
190592
190589
190588
190585
190578
190576
190482
19031903
190189
18121971
18111972
18111970
18101972
18091974
18091970
180874
18081967
180785
180691
18061971
1806
180578
18051970
180491
180489
18041996
180382
18031974
180278
18021973
180189
18011977
171290
171278
171180
171179
17101960
170988
17091971
170885
170882
170880
170793
170792
17071971
170671
17061997
17061996
1706
170579
17051971
17051970
170482
17041996
17041963
170376
17031970
17021973
170187
170178
170173
17011970
161278
16121970
161186
161180
161081
161077
16101970
1610
160992
16091997
16091972
16081997
16071973
160595
160577
16051973
160489
160483
16041968
16031969
160294
160287
160280
16021998
16021965
160179
1601
15995
159753159753
151617
15121970
15121965
15111973
151090
151085
15101966
150982
15091997
15091972
150881
15081970
150791
15071979
15071968
150694
150679
1506
150578
150575
150393
150378
15022000
15021970
150193
15011970
1445
14344
1433
1424
1418
141284
141277
14101978
14091997
14091976
140885
140884
140790
140583
140570
140569
14051974
14041973
14041968
140391
140359
14031995
14031976
14031975
1403
140281
140193
1362
13579a
1357900
1333
1326
131284
131278
13121977
13121972
13121971
13121970
131184
131183
13091977
13071998
130679
130578
13051997
13051979
13051968
130478
13041996
130389
130380
13031972
13031968
130280
13021971
13021302
130185
130171
12pack
1265
123zxc123
123654q
123654a
12345b
1234567t
123456789qw
12345678987654321
123147
1212qq
121276
12121963
121194
12111997
12111995
121098
121068
12101972
120895
120877
12081997
12081973
12081971
12071971
120672
120596
120570
120569
120555
120470
120383
120375
12031997
12031972
12031971
120286
120191
120177
120176
11bravo
1173
1151
11251125
111279
11121994
11111111a
111090
111080
111078
11102000
110886
11081972
11081969
110781
110776
110694
110598
110594
110592
11041995
110378
110376
110294
110275
110181
11011997
11011995
1071
10251025
101974
10191019
101284
101272
101183
10111213
10101997
10101971
10091967
100892
10081996
100793
10071007
100695
100689
100682
100674
10061999
10061995
10061976
10061966
100588
10051972
10051970
100491
100482
100377
10031997
10031970
100291
100283
10021959
100191
100180
100174
100172
10011968
10001000
0okm9ijn
0928
091283
091277
09111978
091088
091084
09101969
09091970
09081995
090790
09071972
090687
090686
090578
090487
09041996
0903
09021972
0902
09011997
0813
081284
081280
08101994
080986
080898
08081971
08061996
080590
080578
08051972
080484
08041972
080388
08031996
08031974
08031963
08021977
08021975
08021970
0722
071287
071188
07111995
071086
07101973
07091978
070882
070881
07081969
070779
07051997
07051995
07051975
07051961
070492
070487
070486
070385
07031997
07031976
070290
06225930
0614
061293
061291
061285
06111977
06111970
061086
061077
06101981
060981
06091969
06081998
060787
060785
060779
06071974
060666
06061971
06061966
060590
060588
060388
060288
060183
06011973
0587
0518
051290
051282
051272
05121994
05121974
05111995
05111970
05101996
050983
050884
05081997
05081967
050790
050787
050781
05071996
050687
050587
050577
05051970
050487
050478
05031973
05031972
050285
050282
0429
04121970
04111975
041092
041076
04091972
040880
04081973
04081967
040689
04061998
04051972
040474
04041972
040388
040382
04031974
04031972
04021999
04021975
040182
04011994
0326
0318
031187
03111972
031084
031080
03101970
030986
03091997
03091972
03091971
030891
030887
030872
03081971
030792
030681
03061974
030585
030486
030485
030483
030387
030380
030379
03031963
03021975
030201
030191
030188
030184
03011996
03011960
0291
0225
02121997
021183
021182
02111994
021085
02091968
0209
02081996
020785
020690
020685
020681
02061996
020496
020488
020487
020392
02032000
02031967
020289
020278
020276
02021998
011290
011289
011180
01111971
01111969
011085
011083
010987
01092009
010889
010887
01081998
01081976
010783
01071963
010694
010691
010681
01061996
01061972
010591
010590
010585
01051973
010491
01041999
010391
01032011
01032010
01032009
010277
01021997
010165
010161
01012004
01011954
01011952
01011901
0071
006969
00197400
00001
*******
Zzzzzzz1
zxcvfdsa
zxcvbnm.
zorros
znbvjd
zipzip
zenit2011
zara
zaqqaz
zagreb
Yyyyyyy1
younger
yojimbo
yfgjktjy
yessss
Yellow1
yeah11
yank
xzsawq21
xyzxyz
Xxxxx1
xakepy
wwwwwwwwww
wp2005
wolf69
wojtek
Winter
WINNER
william3
wildstar
wiener
wichita
whyme
whattheh
westwing
werwolf
weldon
webster1
wayland
waste
washing
warwar
waQW3p
w8gkz2x1
vwjetta
vovchik
volt
viviane
vitoria
vision1
Vincent
Viking
vfvektxrf
vfhrbpf
vetteman
verde
vega
vbnvbn
variable
v12345
usmc69
uruguay
unity
uniform
unforgiven
tyrik123
twotwo
twitch
twinz
twinky
tvxtjk7r
trunk
trump
trinit
trainman
trading
townsend
totalwar
torrie
torben
topdevice
tomat
toenail
tk421
titotito
tink
tingting
tinfloor
timofei
timeline
tijger
tiffani
tickleme
thermo
thegame1
tensor
TENNIS
teddys
teardrop
teachers
tazzie
tasmania
tascam
target1
tanzania
tAMwsN3sja
tallyho
tally
talley
talker
takagi
taboo
t3fkVKMJ
syphon
syntax
swerve
sweetp
sweetgirl
sureshot
superpuper
supermen
supermar
supercar
suntan
summer10
sukasuka
sugarbear
suffolk
stunt
stuff1
students
strapon
stiffler
steve69
Stephani
Stefan
STARTREK
starry
Starbuck
sseexx
squid1
squeek
spots3
speeding
specials
spear
sparticu
Spartak
spankit
spaces
sonic123
sonali
Sommer
sometimes
soldiers
solar1
soccer4
soccer17
snorkel
snipes
smurfy
smiley1
slutslut
slk230
slime
slaye
sky123
skoal1
sivart
sitting
sister1
sirena
Simpson
sigmund
sid123
sicnarf
siamese
shotguns
shortsto
Shock123
shitass
Sherlock
sherif
shea
sharing
shaitan
shadow1212
sexylegs
sexisfun
seventh
servant
sergeevna
serg
serenade
serafim
senna1
seminoles
seed
section8
searock6
scull
scubapro
screws
screech
scotty1
score1
Scooter1
scipio
scarface1
scar
satoshi
sass
sasha2
sasha12
sanpedro
sangria
sandor
sandbox
samsung123
sams
salt55
saints1
saba
ryan1
rutland
rulezzz
rulesyou
rtynfdh
royston
roxbury
rowdy1
rotterdam
rosemarie
Rosebud
rolex1
rola
rodolfo
rockfish
robert3
rjpzdrf
Riverside
ripoff
ringring
rincewind
right1
riggs
rhjirf
rfpfym
retro
required
replica
replace
renton
redstone
redroses
redknapp
redfred
redeemed
redcloud
raygun
ravi
Rattolo58
Rangers1
randi
radost
qzwxecrv
qwertyuiop123
qwertyu8
qwerty666
qwerty10
qwe123rty
qw12qw
Qw123456
qsefth
qsawbbs
qRHMiS
qcmfd454
qazedctgb
qaswed
q111111
pyF8aH
putang
purzel
puertorico
ptybnxtvgbjy
PtBDHW
psycho1
pseudo
prono1
profesor
probert
priority
pppppppppp
potatoe
porpoise
popol
POOKIE
Pookie
pomona
pollo
pollit
POLICE
pokesmot
poet
Please1
plazma
playaz
plate
pitufo
pittsbur
pioneers
pimmel
pilar
piggys
pi3141
phone1
PHOENIX
philmont
phase1
pharoh
pfeiffer
petros
petro
permit
perky
pepperoni
pepepe
pennies
penalty
pegleg
peedee
pavell
paulina1
Patches
paste
pasta1
password23
password13
passio
pass69
parol999
parker12
paris123
pariah
papi
pablos
p4ssword
p4ss
overture
overdose
ou8124me
OU812
ostrov
oshkosh
osborn
origami
orange3
opie
onlyyou
oneday
omegaman
oldsmobi
olddog
ogre
oakridge
nurik
number7
number5
nowwowtg
novembe
nottingh
notime
norcal
nora
nopasswo
noone
noncapa0
nolimit5
noaccess
nitehawk
Nirvana
ninnin
nikanika
nfnfhby
nesterov
negril
nbViBt
naughtyboy
nascar20
nantes
nando
namibia
nagual
myopia
my3girls
my2kids
mutt
musique
musics
munchies
muhtar
Muffin
muffie
muerte
mtndew
mrbungle
mrbean
Moscow
mopars
moosie
Monster1
monkey22
money7
money01
mist
mimoza
milosc
milomilo
millers
milehigh
mikel
mike77
mighty1
midnight1
midnigh
Microsoft
miche
michael5
Merlin1
merle
merde
Mercury
medvedev
mcmahon
mckinney
maynard1
matt1234
matt1
MATrix
mastiff
masterch
masha123
mash
martini1
marlena
marked
mariajos
marce
maples
manyak
manpower
manic
managua
mamulya
majors
majesty
maitre
maitai
maine1
magi
maggiema
Madonna
madison2
maddog1
macsan26
mac123
m1911a1
m0rn3
lyndsay
lurch
luntik
lunker
lunita
ludovic
luckycat
lover2
lostlove
lopas123
logistic
litter
lilleke
lightsaber
lietuva
lhbjkjubz2957704
letmein9
letitia
Leonardo
lefthand
lecture
leapfrog
lbyfhf
lawrun
lavinia
laura123
latoya
larryb
lament
kzueirf
kroger
Kramer
KQiGB7
koshechka
komatsu
kolya
kola
kokanee
klop
kjkbnf
kitt
kishore
kingsx
king1234
kimiko
kimberl
killerbe
killabee
killa1
kiefer
keno
kenney
kendal
kelsey1
keifer
kbnthfnehf
kbcbxrf
kaycee
kavitha
kavita
katze
katt
karolina1
karma1
karamel
kannan
kamasutr
kalinka
kalel
kalani
kaffee
k9dls02a
Jupiter
junkjunk
junejune
juillet
juicey
juehtw
joy123
joojoo
jonny5
joker123
join
johnso
joesakic
jodie
jobsearc
jman
Jjjjj1
jimmyb
jimjam
jiminy
jesus12
jerusale
jeffre
jeep95
jasonm
janitor
james7
james69
james01
jame
jalal123
jagua
jada
jack01
iwantit
ivory
italy1
irvin
irondoor
invisible
inuyash
integer
inspire
inspecto
innow
inkognito
initial
inhouse
ingeborg
informat
inessa
imhotep
ilovelife
Iiiii1
ignatz
ichigo
iamhappy
i62GBQ
hyper1
hutchins
hundred
howling
Houston
hornydog
horne
hopehope
hooch1
hondo1
homegrow
homedepo
holy
holler
hogs
hoagie
hiphop1
himmel
hideaway
herpderp
hemi
heman
hello99
hedimaptfcor
heaven1
headcase
hazel1
hayastan
hass
harlow
hardman
happyone
happy12
hapkido
hamsters
halo123
hackman
habs
guzman
gunn
gulmira
gtivr6
gsxr
grunts
grouper
grizzly1
gripper
greggy
greener
greendog
green99
greats
granted
grandad
grades
gotti
gordie
golfers
golf11
gogiants
godzila
godisgoo
goddess1
gobuffs
gobbler
global1
glide
gjvbljh
ginger11
ghhh47hj764
Gggggg1
Ggggg1
gfyfcjybr
getpaid
gethigh
gestapo
gerry1
geniusnet
genie
General
gena
geelong
geegee
GbHcF2
gaurav
gauntlet
garand
gaines
g00gle
fudge1
fuckyou69
fucktheworld
Fuckme
Fucker1
friskie
friedman
frida
frfltvbz
freya
freestuff
freemail
freddy12
freddd
frank2
fractal
forster
footer
foggy
flyer1
flotsam
flawless
fktyjxrf
firetruck
firestarter
fire911
finch
fifth
fetch
fellini
feelme
fastfood
farkle
fantomen
fanfan
Family
fallout2
FALCON
fake
fabiana
extreme1
EXPLORER
executiv
excellent
evermore
euskadi
euro
etower
esposito
erbol
ePWR49
enter2
emiliano
emanuela
email
elizabeth1
elfstone
el546218
eden
ecstacy
echoecho
eatcum
eagle5
eagle123
dvorak
dusty197
durant
duran
Dunce1
dumbass1
duke11
dudelove
ducky1
dually
drunk1
dropzone
drivers
dreyfus
drexler
drake1
dragula
dragon5
dragon0
dragnet
dragan
draft
dover1
dora
domin
Dolphin1
dollie
dogsdogs
dogday
docker
dnstuff
dlanod
djkrjlfd
djghjc
djembe
dirtyd
dinkle
dima2000
dima12345
diggers
dfkmrbhbz
denisov
denis1
demand
deltaone
delta4
delta2
delrio
delicious
dekker
deadwood
de7MDF
Ddddddd1
davion
davidlee
DAVID
daveyboy
davex
dastan
daryl
danny2
DANIELLE
dali
daimler
daddie
D9uNgL
D9ebk7
cyberman
cvbncvbn
cuntcunt
cubby
crippler
cricke
creosote
crasher
crafts
crab
courtney1
counting
cougar1
cossie
cosmopolitan
corpsman
corbett
copy
cookie59
Cookie
convict
convert
conrail
conehead
COMPUTER
collar
coleslaw
codeman
cockring
clubpenguin
clarice
civics
cinzia
chutney
chrissie
chris69
chris11
chicubs
chica
chessmaster
cheri
cheerio
chazz
chaton
charmin
charlieb
charlie9
charlie4
chaka
cfrehf
cfdtkbq
celtic88
celestin
cegthgfhjkm
cecelia
cbcmrb
caveman1
catsdogs
cat222
castello
casper2
carte
Carolina
Carmen
carla10
care
cardigan
caramelo
cannes
candybar
camelia
camcam
calvi
callan
byajhvfnbrf
bvcxz
buttface
burnside
Buffalo
bucky1
brush
bruckner
bruce2
Bruce
browns1
Broncos
brittan
brendon
brehznev
bree
branson
brahms
bowhunte
bowers
boutit
boston12
bootcamp
bmw520
bmw323
blueduck
blueballs
blitz1
blanc
blackmen
bittle
Biteme1
bingo123
bilder
biking
bigtitts
bigten
bigpig
bigman2
BIGMAN
bigfun
Bigdog1
bigdic
bier
bhbyf
beulah
berezuckiy
berber
berbatov
benhur
beefy
Beavis
beauty1
beatri
bcnjhbz
bayadera
baum
batman01
batavia
bassman1
bassingw
barty
barrys
bandaid
bancroft
banana12
bamba
baltic
ballball
bakabaka
bailey12
backpack
backhoe
babble
b1afra
azertyu
axolotl
awatar
avilla
atkins
atilla
atheist
asterix1
aster
asdf1
ArwPLS4U
artman
art123
arroyo
arriva
arnhem
Arizona
ariel1
arcturus
archibald
aprils
april17
applesauce
apache1
antiques
Anthony1
anthea
annelies
aniston
angelo4ek
Angelina
angel777
angel22
angel01
amsterdam1
amina
AMERICA
amekpass
Amanda1
alvarado
alternative
already
alphonse
alona
alizee
aliyah
alisa1
Alfred
alex2112
alessandra
Aleksandr
albacore
ahfywbz
aguilar
aggie1
aerial
Adgjmptw
addams
accident
Access1
acces
academic
abercrom
abcdefghij
abcdef123
abc456
abarth
aabbccdd
a123
99941
998899
975310
97531
911911911
8letters
87654
8318131
7xM5RQ
7seven
7f4df451
7894561
778811
7666
7447
72D5tn
711711
666000
6591
6275
556655
555551
5552555
5433
54321q
5369
5366
526452
51842543
4893
4815162342a
481516234
481516
4578
4566
4500455
4444444444
4416
427cobra
42069
4118
369147
3666
34533453
33ds5x
332332
3313
3133
311289
311277
31121975
31121973
310792
31071974
31071971
310583
310574
31051971
310391
310384
31031969
310192
310177
31011997
31011972
31011967
301289
301279
30121994
301194
301189
301178
300985
300984
300980
300786
300781
30071975
300683
30061972
300595
300481
30041997
30041996
300393
300381
30031998
30031978
2wsx1qaz
2kasH6Zq
291280
29111975
29111971
291088
29101974
290976
29091998
29091973
290879
2908
290686
29061997
290582
29041969
29041968
290284
29021972
290189
290183
29011973
281291
281285
281280
28111961
280974
28091974
28091972
280891
280887
280883
2808
280792
280787
28071969
280679
280677
28061977
28061972
280591
280583
280577
280485
28041974
280281
280186
28011997
28011971
2747
272829
271294
271291
27121970
27101971
270996
27091976
27091975
270881
27081973
27071967
270696
27061972
270594
270590
27051970
27051961
27051960
270491
27041973
27041972
27041965
270392
270279
27021997
27021970
27021967
270185
27011970
27011967
2612
261193
261177
26111997
26111972
26091975
260884
260781
26071969
2607
260692
260670
26061972
260591
26051996
26051968
260485
26041974
26031975
260284
26021971
26021970
260193
260186
26011996
26011966
2582
251279
251096
251095
251093
251079
25101972
25091971
25081970
25081962
250782
25071997
25071977
25071972
250682
25061996
25061971
250580
250576
250491
25041975
25031968
250284
250192
250175
25011996
2423
24121996
24121974
241177
24111973
24101996
240987
240894
240893
240892
240873
24081971
240785
240775
24071996
24061967
24051973
240493
24041973
240381
240379
240378
240293
24021995
24021973
24021972
24011997
24011972
24011968
234523
2327
231295
231283
231279
231231
23121996
23101996
23101972
230983
23091971
23091969
230876
23081993
230772
2307
230677
230392
230379
23031971
230193
230183
23011969
2300
2262
2245
221992
221290
22121974
22121962
221187
221096
220994
220981
22091976
220877
220792
220779
220778
220776
22061971
220582
220580
220493
220381
220376
22031975
220179
21crack
215487
2142
2131
211290
21121998
211200
211178
211093
211091
21101972
210795
210785
210784
210780
21071996
210674
21051974
210494
210396
21031996
21031976
21031974
21031973
21031970
210293
210281
21021998
21021973
2022
201290
201280
201279
20121972
20111971
201092
201076
200793
200768
20071971
20071968
200692
2004rj
20042000
200375
20031969
200281
200272
20021975
20011971
20011969
1Zzzzz
1Taylor
1qazwsx
1Johnny
1jesus
1James
1Iiiii
1Hunter
1grand
1Bigdog
1Bear
1Andrew
1Aaaaaaa
1999ar
198484
197373
197272
1916
191279
191184
19111997
19101971
19091973
190885
19081997
19081970
190690
190583
190581
19051972
19051905
190485
19021970
1861
1822
181275
18121968
181209
181189
181084
181083
181082
181079
180984
180981
18091969
18081969
180780
18071995
180592
180582
180579
180560
18051973
180492
180487
180472
18041997
18041971
18041966
180392
180389
18031966
180280
18021971
18021966
1775
17121970
171193
17111972
17111967
171079
17101977
17101973
17101970
170990
170987
170895
170886
170883
170780
170779
170690
170681
170672
17061975
17061974
170577
170493
170477
170472
170380
17031996
17031976
170293
170292
170286
170285
17021966
170194
16121995
16121974
161193
161181
161177
16111972
16101996
160990
160982
160978
16091973
160874
160787
16071970
16061973
16061966
160580
160478
16041970
160390
16031972
16021996
16021974
160192
16011998
16011975
16011970
15975346
159123
156156
152152
151276
15121972
15121971
151178
151176
15111977
15101970
150979
150976
150895
150882
150879
150777
150667
15061971
150594
150581
15051972
150493
15041967
15031997
150279
15021968
150175
15011996
14938685
14781478
1471
1458
144000
141291
14121995
14101974
14101968
140993
14091975
14091969
14091964
140894
140888
140880
14081998
14081972
14061971
14061963
140581
140576
140573
14051997
140493
14041971
140380
14031968
14021965
133159
1327
1313666
13121995
131078
13101996
13101971
130983
13091995
130878
130870
130777
13071975
13071969
130677
130575
13051973
13051972
13051970
130491
130482
13041973
13041964
130382
130381
13031996
13031965
130290
13021976
12901290
1257
125478
1244
12435687
123QWEasd
123777
123645
12356
1234QWER
1234asd
12345x
12345n
123456789zxc
1234567890w
1234567890qwe
123456780
123455432
123452000
12332145
123159
123121
121980
121295
12121971
12121966
12111999
1211123a
12102000
120982
120892
120871
12081965
120770
12072000
120582
12051963
12051962
12051205
120495
120481
120471
12041969
12031969
120279
12021966
12021202
120181
120180
120178
120175
119911
1198
1180
111678
111287
111265
111222333a
11121971
111175
11101969
110992
110976
11091971
110679
110579
11052000
110485
110478
110389
110379
11031976
110276
110189
10inch
1089
1084
1068
1064
1062
1055
10112000
10111996
10111972
10111970
10111011
101096
101074
101070
10101973
100992
10091997
100885
100875
10081970
10071969
10061975
100596
100589
100575
10031962
10021970
10011963
10011962
0range
0p9o8i7u
0930
0923
0917
091289
091287
09121994
09121978
09111975
091091
091087
090974
090881
09071977
0907
090681
090588
090584
090575
09051974
09051969
090490
090384
09031996
09021996
09021974
09011974
09011973
081283
08121995
08121971
081177
08111975
08111973
081080
08101973
08101970
08091975
08071997
08071976
08071968
08061970
080581
080571
080287
08021979
080185
08011975
0776
0719
071286
071285
071281
07121995
07121973
071185
071179
071083
070982
070980
07091999
07091975
07091971
0709
070793
070789
07071967
070687
070683
0706
070580
070489
070389
070288
070286
070285
07011972
0701
06121973
061191
061187
061180
06111973
061083
061081
06101974
060989
060985
060979
06091996
060890
060887
060877
06081994
06081974
060795
06071970
060696
060683
060676
060644
06061998
06060
060581
06051973
060492
06041994
06041973
060384
06031996
06021973
06021968
060186
060184
0531
051291
051278
05121995
051182
051178
051077
050979
05091975
050877
050789
050685
050676
05061972
050595
050572
050490
050483
05031975
05031971
050297
05021999
05021995
05021972
050187
05011998
0501
0426
0421
0418
041283
04121997
041190
041185
041183
04111976
041086
040975
04091973
04081972
04081970
0408
040788
040781
04071971
04071970
040690
04061970
04051970
0405
040479
040478
040477
04041998
04041997
040391
04021969
040171
0327
03121971
031188
03111995
031088
031082
030983
030977
030885
030879
03081997
030788
030781
030780
030779
03071998
03061997
03061972
030594
030581
030579
03041971
03031966
030290
030286
03021997
03011975
03011969
0227
0222
0221
0219
0216
021279
021278
02121972
02121971
021186
021090
020984
020982
020894
020880
02071995
020478
02041969
020385
020382
020294
020281
02021964
011283
011282
011194
011182
01112000
01111996
01111962
0111
011090
01101959
010895
01081967
010685
010678
01061967
010588
010582
01051997
01051964
010494
01041996
01041966
010387
010377
01031973
010295
010281
01012003
01012002
01011953
01011911
010110
007jr
zzzzz1
zzr1100
zxGdqn
ZPxVwY
zorba
zombie1
zmxncbv
ZIADMA
zaq11qaz
zaebali
zackary
z1z2z3
z1234567
yyyyyy1
yuo67
yJa3vo
yippee
yhWnQc
yfcnzyfcnz
yfcnz123
yanshi1982
YANKEES
yankeemp
yakman
Y9Enkj
xtvgbjy
xthysq
xenocide
Wvj5Np
wsxwsx
wow123
wooddoor
wong
wolfram
winter11
winter01
Winner1
willia1
wiley
wildside
wild1
whittier
whip
werthvfy
werthrf
welcome8
wedgie
websters
weather1
watchdog
warrior2
warchild
war3demo
vovochka
vovavova
voodoo2
volgograd
vlad1998
vlad1995
vixens
vitae
virgins
Virgini
viktoriy
viktorija
victim
vgfun4
VG08K714
vettes
vero
vaz2106
vanquish
valjean
valheru
valeriy
utah
usmcusmc
user1
urban
unlimite
undergro
ultra1
uiegu451
twisted1
twain
tUSymo
turtoise
turkey1
tuktuk
TrustNo1
Tri5A3
travolta
travi
trapdoor
trademan
tracker1
Toyota
tower1
tort02
tornike
tornado1
topgun1
toots
tony123
tonedup
Tommy1
tommi
timmer
timber1
tiger99
tifosi
thunder7
threesome
threat
thief
theron
thered
THEMAN
thedevil
thankgod
texmex
Test1
tempGod
tellme
tbones
tbilisi
taz123
tayson
tayler
tauchen
tattoos
tatooine
tate
tamia1
taliesin
taker
taka
tacos
sylvia1
sweethear
swampfox
sveta123
suzanna
surreal
surfboar
supertra
superman2
superbad
sunnysid
sunnyboy
summer2
sumatra
suckmeoff
succubus
sturgeon
stuntman
studley
strumpf
strippers
strike1
strider1
strauss
stratton
strand
stores
stjames
Stephen
steelman
stavros
stasya
STARWARS
stargazer
stardog
stanle
standart
Sssssss1
squadron
springfield
spring99
spray
spotter
splooge
splat
Spider
sperry
spelling
Speedy
speeder
spector
spatula
spankey
spacebar
sophie12
sony1234
sonnen
sonia1
sondra
sock
sociald
soccer99
soccer20
soccer16
Soccer
socball
sobeit
snooper
snoop1
snook
sneak
snakey
snaker
SMOKE
smk7366
slowpoke
slippers
slage33
skimmer
sinead
silvestr
silverst
silver7
silky1
silencer
sidorova
shortie
shore
shitball
shirt
shilpa
shearer9
shayshay
SHANNON
shanice
shammy
shame
shaheen
seymore
sexy11
sexxes
sexosexo
sevastopol
sessions
serval
Sergey
septembr
seiko
seasons
seaking
SCOOTER
scholar
schnecke
schmoe
scared
sc0tland
sangeeta
sandokan
SAMUEL
samual
sample
sally123
sales1
salama
sachem
sabre1
s4114d
ryder
rustys
rude
rubens
rrrrrrrrrr
rowland
rounders
rosebuds
rosari
room112
romeos
rogues
rogue2
roger123
rocky6
rocky3
rocko
rock1
robrob
roadstar
rjpthju
rivaldo
rimjob
rileydog
rihanna
rider1
richrich
richer
rfj422
rfcgth
renoir
rennie
renard
religion
reliance
reggie1
reese1
redsky
redmoon
redfire
reddy
red1
red
reba
realty
readme
razors
razor1
rawiswar
raven123
ratrace
rangers9
ranger11
rancher
ramram
rajeev
rahrah
radiance
racecars
qzwxec
qwertyu1
qwerty88
qwerty111
qwerta
quicksil
quagmire
qazx
q1w2e3r4t5y6u7i8
putas
putaria
pussyy
pussylick
pusser
puckpuck
psylocke
providen
prostock
prometheus
principa
primax
prettyboy
prentice
pounce
pot420
portsmou
Porsche1
porn1
popov
popimp
poopers
pontoon
pololo
poll
PNP0C08
plumber1
plucky
playa1
planters
planets
pizza123
pitbul
PIRRELLO
pipipi
pink123
pingzing
pimps
PIMPIN
pimpi
piligrim
pikachu1
pigtails
piehonkii
phish420
philly1
pfhfpf
peternor
perrier
performa
peppy
pepper123
pepita
pentium1
Pegasus
pearce
peapod
pdtpljxrf
pavlenko
pavel1
paulaner
paul1234
pattern
patrick8
pastel
password00
pass2
pasha123
pascha
pasca
partytim
parachut
pantry
Panties
panther2
ozzyozzy
owens
oscardog
orbita
Orange1
opopop11
openwide
oooooooooo
onlyOne4
omgomg
ololo
Oliver1
OLIVER
olegnaruto
ole4ka
oldspice
oldschoo
OlCRackMaster
octane
obsolete
oakland1
nutty
nurgle
numberon
nuke
nuJBhc
nremtp
novembre
nougat
norcross
nononono
nokia5228
noise
nofxnofx
noble
nnssnn
nivram
nikolaj
nikki2
NICHOLAS
newzealand
newman1
newhaven
neverland
neverdie
nevaeh
netzwerk
netvideo
netgear
neruda
neenee
necromancer
nazira
navyblue
navidad
natedawg
natanata
Natalie
nastja
nascar2
narayan
nabokov
myword
mustang4
mummy1
multi
mulch
muirhead
mrskin
mossimo
moremoney
moose123
moonunit
monorail
monolit
monkey5
monkey3
monkey21
monkey01
MONICA
moneymak
money4me
monamour
monaliza
momma
mojoman
mojo69
modified
modesto
mizredhe
mission1
missed
mirjam
mircea
minus
minou
minimini
minette
Miller
milkshak
mikola
mike2
michael0
micah
metro2033
mesa
MERLIN
merc
ment
melodie
megat
meditate
media1
mechanical
md2020
mcgregor
mcgrath
Maxwell
matthieu
matthew9
masterof
mastercard
master3
masonry
martyna
martin7
martesana
marlbor
markova
Mark
marit
mario123
marilyn1
marija
maricela
margo1
marge
manics
mangas
mana
malkav
malboro
malawi
mako
maintain
magnat
magna
maggy
maduro
madri
madera
madeleine
mackdadd
lyndsey
luvpussy
luisito
lsdlsd12
LOVERS
lovelov
loveislife
loveable
love33
love2000
Love
lost4815162342
longwood
longlife
longball
lombardi
logos
loading
lkjlkj
lipinski
lines
lilia
lildevil
Liberty
lennie
lekbyxxx
lefty1
Lawrence
lawnboy
lastone
laputaxx
lalo
lakers8
ladyffesta
lacy
Lacrosse
ktyxbr
ktyecbr
ktutylf
kstate
krazy
kovalev
kotopes
kondor
knuckle
knobby
knob
kjiflrf
kitsune
kiran
kinetic
kimber45
kimba
kim123
killians
killer66
kikker
KicksAss
kenner
kattie
katerinka
kaspar
kashif
karthik
karsten
karina1
karan
kappas
kapitan
kanker
kalinina
junjun
julianne
jujube
juice1
juggernaut
josie1
joseph12
jorgen
joplin
joni
Jones1
jona
jolanda
johnson2
johanna1
jimmyc
jetsjets
Jester
jessica7
jeopardy
jennyb
jenny123
jenner
jeffie
jcnhjd
jbaby
jasont
jaso
jarod
jaredleto
jardin
janette
jameson1
james99
james5
jalisco
jake11
jaimatadi
jahjah
ivanna
isobel
islanders
iseeyou
irland
iridium
ipanema
intel1
INSTALLDEVIC
ilovepus
Iiiiii1
idiota
icecrea
ibmibm
hysteria
hunter11
htlbcrf
House1
hotwheels
horny123
hopkins1
honeybea
hondaciv
homeland
hollyb
hogger
hodges
Hockey
Hobbes
hightime
hide
hfccdtn
heskey
herschel
herkules
henrique
hello1234
Hello
hellhole
hej123
hebrew
hbhlair
haywood
hayduke
hateyou
Hastings
haslo1
hashish
harley11
haring
hard4u
happy7
handbook
hamme
hallow
hajime
hacksaw
hacienda
H2SLCA
guppy
gunship
GUITAR
gues
gSEwfmCK
grosse
griffy
gridlock
green22
greaser
granger
grandmaster
governor
gorilla1
googgoog
goodwood
goodbeer
gondor
golfvr6
golfin
gojets
going
goduke
gocards
goatman
go4it
gnatsum
Gloria
glori
glavine
girl78
ginger2
gilly
ghjhjr
ghjcnjrdfibyj
ghjcnb
ghbdtngjrf
gfhjkm2
gfhjkm007
gfhfyjz
geyser
getdown
gertrud
geronto
germania
georgiy
george01
geneve
generator
geeman
gearbox
gaydar
Gateway
gangste
Gambit
fyabcf
futur
fury
fuck1234
fruitcak
froglegs
frnhbcf
Friend
freedoms
frederi
fred99
fred01
freakshow
freakout
fragment
foxglove
fourier
forty2
fornow
foley
flutter
flood
flipyou
flemming
flash123
flameboy
flame1
flagship
fkg7h4f3v6
fishboy
fish1234
fish1
firewood
firehous
Fire1
finest
fidel
ficktjuv
fghj
fgfgfg
Fffff1
fetish01
ferrer
ferreira
Fender
fende
fencing
fdfnfh
fatdaddy
fatbob
fasted
farted
farout
fanta
FAMILY
falcons1
falcon2
facile
fabi
extrem
Excalibu
exbntkm
examiner
ewing
evgeny
eugeni
ethel
ester
espace
ertert
erlan
erinerin
enriqu
Enigma
energie
empty
emerica
elocin
elloco
Elizabeth
eliston
elementa
electronic
Eeeeeee1
Eeeeee1
edvard
edcba
eastwest
E5PFtu
dzakuni
duluth
dukester
ducks1
drill
dressage
dreads
dracon
doria
Dominic
domdom
doherty
dohcvtec
doglover
dodgeviper
Dodgers1
dodger1
djkrjdf
dirtball
dionysus
dinmamma
dimsum
dill
DigitalProdu
digita
dicksuck
dick12
diabolo
diablo66
dfcbktr
dexte
Destiny
dessert
desperados
denman85
demond
deleted
delbert
deftone
deckard
Debbie
ddddddddd
Dddddd1
dcowboys
daytona1
davidruiz
David1
dauphin
datadata
darknight
dario
danville
danube
danny123
danica
damascus
dalmatio
daking
dagny
curves
curious1
cure
cunt69
cuddles1
cucciolo
ctcnhf
Crystal1
crossfir
croft
crocus
crocker
cripple
crichton
crazyboy
crackhead
cQ2kPh
council
cortney
cortex
cornholio
cornflak
cornbread
construc
connor1
comicsans
comeback
comcom
combine
colonia
codename
cocteau
cocopuff
coca
coates
clumsy
clive
cleodog
classic1
clarks
Cjkysirj
civicex
ciscokid
cisco123
circles
chrisd
chris99
chris01
chomsky
choctaw
chihuahu
Chicken1
chew
chennai
cheney
chelseaf
chelios
cheburashka
chatty
chato
chaney
chach
cfytxrf
centauri
celti
ceejay
cccccc1
cavern
catsmeow
cathouse
caterham
cat
Cassie
cascades
carriage
carrera4
carmella
Carlos1
Carlos
carlie
cannondale
canard
cameleon
camaroz28
calli
calderon
calder
calamari
cajun1
caio
caesar1
cadaver
buzzy
buxton
BUTTER
buthead
buster2
bunny123
bump
buffy123
budwiser
Bubba1
BTnJey
britten
briley2
brides
briann
Brian
brazil1
brasi
brandon0
br5499
boy
bossboss
bosley
borneo
bootsman
bootay
boop
boobman
boobis
boobies1
boobboob
bondar
bolt
boloto
bobbyg
bobbin
bob666
bob12345
bob101
blunt420
blumen
blueice
bluecar
blue88
blucher
Blondie
blinds
blackpoo
blackmag
blackeye
black13
BLACK
BjHgFi
biteme12
bitchedup
bishop1
birthday5
birdland
bipolar
biohazar
binary
billings
bill123
biggirls
bigfella
bernard1
bently
belial
begin
beercan
beerbong
beep
Beavis1
bear69
beandip
beanbean
baseline
baseball2
bartender
barolo
banjo1
bangladesh
bangkok1
bangbus
bandung
BANDIT
bagpipe
bagheera
badboy69
bad123
backspace
baby2000
azsxdcf
azalia
aynrand
awacs
avondale
avensis
autechre
austen
atkinson
astrovan
ashlie
ashland
asdfghjkl1
asdasd1
artie
Arthur1
artemon
aretha
ardvark
arclight
apples12
apolon
apollon
antonella
antler
antique
anniedog
annette1
ankles
angels1
angel5
andrewjackie
andretti
anathema
anamari
anaheim
amylynn
amy123
amrita
amista
American
ambient
alphabeta
all4u
alina1
Alicia
alfabeta
alexsandr
alex777
alex77
alex1996
alevtina
alessandr
alemania
alegria
albcaz
ajhneyf
airbag
agbdlcid
affinity
adriana1
.adgjmptw
adena
adam123
acuari
activate
ackerman
acer123
ACCESS
acadia
abkbvjy
abcdef1
ab123456
aaron123
a654321
999998
9969
98769876
9632147
8UiazP
89172735872
88889999
88351132
86mets
86753099
8543852
8512
81726354
800800
7xswzaq
7oVTGiMC
77778888
7771
7721
7711
766rglqy
747bbb
7355608
71177117
6988
67676767
666425
654654654
6453
6000
5LYeDN
58585858
5544332211
554433
5482
545ettvy
5421
5377
5334
48484848
4599
4217
3xbobobo
3A5irT
379379
3791
375125
3733
36460341
360360
32503250
31413141
312312
31122000
310884
31081977
310793
310593
310580
310378
31031976
310195
310174
3035
30303
301292
30121995
301092
30101972
300890
30081995
30081973
30081961
300777
300684
30061968
300587
30051998
300386
30031971
300187
300178
30011968
2wj2k9oj
299792458
291294
291283
29121999
29121976
291192
291179
29111996
29111992
291090
291079
290995
290983
29091969
290884
290883
290882
29081974
29081973
290792
290784
29061996
29061975
290569
29051973
2905
290478
290476
290475
29041973
290382
290377
29031974
29031973
290178
29011975
281278
281181
281180
28111997
281090
281072
280991
280982
280976
28081972
28071973
28061975
280589
280580
28051962
280479
280477
28041996
28041976
28041972
28041965
28041962
280395
280383
280380
280378
28031971
28031970
28031960
28021998
27121973
27111974
27111972
271084
271083
27101972
270894
270887
270883
270878
27081970
270794
270791
270786
27061973
270591
270580
27051995
27051971
270494
27041971
270383
270380
27031972
270278
27011999
26121970
26111994
26111971
261093
26101971
260985
26091968
26091961
260885
260877
260875
26081997
26081976
26081974
26081972
26071970
26061970
260594
260593
260580
26051970
26051967
260487
26042000
26041969
260391
26031999
26031972
26031971
260286
260260
26021997
260194
260191
260184
260178
260176
26011999
26011971
26011970
258789
2575
2541
25121995
25121976
25121972
25121971
251180
251092
251091
25101971
2509mmh
250977
25091974
25081969
25071996
25071973
25061967
250593
250571
250494
250492
25041960
25031965
250282
250278
250179
2481632
241271
24121997
241191
24101970
240977
24091996
240891
240886
240885
24071997
240678
240587
240584
240574
240573
240390
24031971
24031970
240278
24021970
240195
240193
240186
2357
233391
233233
23322332
2314
231276
23101994
23101973
230977
23091996
230892
230884
230880
230861
23081972
230794
230793
230571
23051997
23031974
230294
230277
23021999
230196
2287
227722
2266
22332233
223311
223223
221278
22121998
22121973
22121970
221180
221100
220979
220978
220977
220974
220891
220888
220594
220577
22051974
22051969
220481
22041968
220382
22031973
22031971
220284
220280
220195
220194
220176
22011977
22011966
22011964
2158
2147
213qwe879
2129
21242124
2123
211293
21121959
211185
211182
211075
21101970
21101968
210884
21081969
21071970
210693
210678
210676
21061972
210574
21051970
21041995
21041969
210394
21031972
2102
210194
210177
21011972
2040
201292
201194
20111972
201077
200977
200976
20091971
20091969
200892
200891
200878
20081995
200781
200778
200693
20061971
200591
200585
200379
200275
1Thunder
1qazxsw23edcvfr4
1qazxcvb
1qasw2
1Patrick
1Lover
1Ccccc
1Blue
1Austin
1adam12
1Access
1a2b3c4
198400
198012
19511951
19491949
19421942
1926
191288
191281
19121976
19121968
191192
191181
19101996
190990
190984
19091997
190886
190688
190683
190682
19051997
190490
190484
190470
19041964
190382
19031994
190287
19021971
19011972
19011971
1865
1855
183461
1821
18191819
18181
181292
181291
181279
18121996
181185
18111974
181086
180991
18091971
180795
18071968
18071967
1807
180694
180679
180594
180580
18051969
18031973
180290
18021996
180195
18011971
18011969
1791
171188
171178
17111970
171080
170891
170878
170877
17081968
170774
17071972
1707
17061998
17051966
170474
170290
17021967
17021963
170184
1688
1661
161293
161161
16111979
161094
161080
16101971
16091971
160873
16081995
16081974
16081973
160782
160692
160681
160676
16061997
16061964
160588
16051961
160495
16041999
160392
16031970
16031966
160282
16021969
160184
160182
160181
16011972
1598
159753q
159753456852
1596357
1596
1590
151292
151283
15121996
151179
15111996
15101964
15091969
150884
15081968
150796
15071973
15071971
1507
150584
150574
150491
15031969
15031963
150291
150277
15021981
15011999
15011972
15011971
1477
14521452
1430
1415
141276
14122000
141195
141177
141176
14111971
14111970
141094
141092
141081
14101997
14101969
140977
14091970
140879
14081975
140793
140776
140772
14071999
14051996
14051971
140492
140478
140475
14041998
14041975
140395
140379
140377
140275
14021974
14011972
14011967
135711
134kzbip
1345
1342
1341
13324124
1316
1314520
131293
131280
13121969
13111997
13111972
131084
131080
131079
131072
130967
13091973
130883
130882
130871
13081972
130779
13052000
13051971
130492
130477
130469
130379
13021969
13021964
13021960
130180
130179
12qw34er56ty
1293
1267
124124
123wer
1238
1237
1236547
1234qwerasdf
12345l
1234567r
1234567b
12345678s
12345678qwe
123456789qq
123456782000
123456@
123423
1232123
123123456
123100
121983
121273
121190
12111996
12111974
121093
121091
121069
12101968
120995
120994
120991
120976
120969
120968
12091961
12071969
12071962
12061968
12061967
12061206
120575
12051996
12041968
12041963
12031970
12031203
120294
120292
120195
120193
1171
1165
1150
1141
11241124
112255
112212
11121963
111197
111122
1111111q
111091
111084
110995
11091998
11091972
110874
110864
11081996
11071997
110684
110675
110673
11061996
11061965
11051972
11041997
110399
110380
11031998
11031971
11031967
110293
110289
110279
11021997
110182
11011998
11011972
11011962
10z10z
1088
1077
1070
10291029
10271027
10181018
101279
101278
101266
10121957
101193
101173
101163
101095
10108
101071
10102000
101011
100994
100981
100894
100876
100874
100870
100776
10071997
10071970
100692
10061998
10061997
10061969
100472
100397
100393
100378
100371
10031969
100277
100269
100196
10011973
10011960
091290
091190
09111973
09111966
091101
091081
09101994
090999
090986
090985
09091995
09091971
090888
09071969
090690
090685
090683
09061967
090483
090480
09041970
09041966
090291
090281
09011975
0829
081293
081282
081277
081191
081178
08111996
08111972
08101996
08101975
080891
080877
080872
08081970
080788
08071974
08071970
080694
080685
080683
080589
08051973
080390
080378
08031967
080292
080291
080282
08021971
080172
08011978
0728
0714
071288
071280
07121971
07101996
070986
070966
070886
070880
070791
07070
070691
070681
07061993
07061974
070592
070585
07051967
070482
07041995
07041961
070390
070382
07031968
070282
07021970
070188
070184
07011997
07011973
061289
061188
061181
061174
06101996
0610
060991
060982
060978
060976
0609
06081973
06081969
0608
06071972
06061972
06061968
06060606
060584
060582
06051972
060493
06041971
0604
060383
060374
06031971
06031969
06021997
06021970
051286
051280
051279
051187
051185
051181
05111996
05111972
051082
051078
050995
050981
05091997
05091971
050890
050889
050794
050785
050784
050774
050696
050682
050679
050593
05050505
050491
050476
050397
050388
050385
050384
050383
05031960
050281
05021998
05021968
050190
050176
0422
0415
041286
041282
04121976
04121972
041173
04111971
04101972
04101967
040986
04091998
04091975
04091974
04081965
040691
040589
04051998
040495
040392
040387
040380
04031966
04021996
04021974
040191
040190
040183
0343
031280
031179
03111975
031089
03101995
03101972
030984
03091975
030892
03081996
030787
03071975
03071972
030692
030676
03061976
0306
030582
030574
030492
03031968
030287
03022010
03021998
030182
03011971
024680
0228
021291
021289
021185
02111975
02111974
02111972
021082
021079
021074
02101996
020989
020684
02061997
020588
02041966
02041959
020393
020380
02031966
020287
020273
02021967
02011958
0125
0122
011285
01121969
01121967
011177
01111974
010981
01091971
010884
010882
010870
01081997
010789
010779
01071995
01071965
010695
01061999
010583
01051966
01041965
010383
010382
010379
01031998
010283
007911
007
0055
0009
000777fffa
********
zxcvbn123
zxcvbn12
zxc12345
zx123456
zsxdcf
zoidberg
ZesyRmvu
zermatt
zerkalo
zasranec
zaqwsx123
zaq123wsx
zadrot
zachery
Yyyyy1
yummie
yQMBevGK
you
yensid
ybrbnrf
yard
xeon
wwe123
wutang36
woodlawn
wonders
wolfi
wolf12
wm00022
withlove
wisconsin
winte
winnipeg261
windsong
WILSON
willwill
WILLIE
wilfred
wilco
wiggin
wide
whywhy
whytesha
whoareyou
whitedog
whatthehell
whatnow
whatif
wellness
weezie
weedhead
wcKSDYpk
wavmanuk
watch1
WARRIOR
warpath
wargod
wallst
wallaby
wahoos
wagon
w00t
volvos40
volvo850
volcom1
vogel
vodolei
vjzctvmz
vita
vishenka
violette
vika2010
VICTORIA
victoire
vfrcbv123
verynice
veryhot
verdi
verbal
vekmnbr
vbhjckfdf
vanechka
vandamme
V2JMSz
utjuhfabz
univers
unicorns
ulster
ulises
ugly
ufyljy
Ue8Fpw
ucla
Tyler
tyghbn
twopac
twogirls
twisty
twinboys
twice2
turk
tunatuna
tuffy1
truls
trudy
troyboy
troutman
TROUBLE
trololo
trolley
trimmer
trillian
treehouse
trail
toyboy
torch
tootoo
toot
toogood
tomwaits
tome
tombstone
tombraider
TokenBad
togo
todays
TITANIC
tippmann
timoth
timewarp
tigris
tickles
THX1138
thunder3
thrice
Thompson
thissucks
theology
thema
thebull
theblues
thayer
thaman
tesoro
terrys
tequilla
tension
tenshi
tenor
telekom
teenteen
tawny
tarkan
tape
tanith
takeoff
takeit
taint
Syracuse
syMoW8
sword1
swetlana
sweeter
svarog
SUZUKI
suzette
suspende
support1
sunmoon
summer11
summer00
suisse
sucram
sucksuck
suarez
studboy
stucco
streetball
stone32
steve01
steffie
steeler1
steal
starss
star22
squirter
spuds
spudman
spoony
splodge
spk666
Spencer1
speaker1
speak
spaghetti
sonson
soccer21
snowdrop
snoopy12
SMOOTH
smolensk
smite
smells
smacker
slovakia
slicks
slayer69
skylin
skipp
skeets
sk2000
simplex
sigtau
sicilia
shylock
shuffle
shrike01
showgirl
showers
shortys
shoppin
shooby
shlomo
shinobu
shilo
shetland
Shelby
shelb
sheela
sharks1
shares
shami
sham
shack
sh4d0w3d
sexylove
sexsite
SEXSEX
seven1
Service01
sergey1
sepultur
septic
seifer
seeyou
seesaw
secret123
seanjohn
sD3Lpgdr
scouter
SCOTTY
schools
schmoo
schism
schiffer
schick
schalk
scarlet1
scarecrow
scammer
sawmill
sashas
sashaa
sarang
sarajane
santa1
sanjar
sanger
sanek94
sandrin
saluki
saliva
salinger
sailer
safina
sadiedog
sacrifice
s7fhs127
rvd420
russland
runway
royal1
roshan
Rosebud1
rose123
ronin
romuald
romeo123
Roland
roksana
rofl
rocky13
rockss
rocks1
rockhead
robyn1
Roberto
roar
rlzwp503
rjhjkmbien
rizzo
rights
rifleman
riesling
rickrick
richland
rhfdxtyrj
rfvbkkf
rfnz90
rfnmrf
rfhfynby
rezeda
revelation
remus
redso
redshoes
redsea
redcross
redapple
rectum
realgood
rawks
rawdog
raspberry
rasheed
rascal1
ranjan
rainy
rainbow2
rags
Rachel1
racheal
Rabbit1
qwerty3
Qwerty12345
qwert54321
qweasdqwe
qweasd12
qwaszx1
qvW6n2
quovadis
quattro6
quant4307
qqwweerr
Qqqqqqq1
qpful542
qazwsxe
qaz1wsx2
pyramide
putamadre
pussyfuck
pusspuss
puppie
puntang
pugsly
pueblo
provence
protools
propane
pronger
promo
proline
producti
prodigy1
prince12
pretty1
pozitiv
pourquoi
porno123
poppy123
poorboy
pooka
ponpon
polymer
pokerface
plump
plug
PLEASE
playhard
Player1
plankton
PJFLkorK
pjcgujrat
pirelli
pinpin
pinga
pimpin1
pilatus
pierrot
pierr
pi31415
phunky
phisig
phikap
petrovna
petr
peter12
pescado
pepsico
pepsi2
pentium3
pentium2
penmouse
pelota
peewee1
pebbles1
peanutbutter
pattie
patric1
passward
parool
parkside
parents
paparoach
panthe
Pantera
panic1
paiste
pagoda
padilla
paddy1
packet
pacifico
p00p00
ozone
oxymoron
overlook
outdoor
otello
oswego
oskar
orville
orions
orange2
optimum
opium
opelastra
ontime
ontheroc
oneman
olesia
oldsmobile
oktober7
ohwell
offset
offense
ofelia
octopuss
oceane
nyquist
nutshell
nozzle
novanova
north1
nooner
noneya
nokia3230
noidea
noclue
nirmala
niner
nilrem
nikeair
nick1234
Nfnmzyf
nezabudka
newjerse
nerd
nefertiti
neener
needsex
nederland
navarre
natura
nations
natasa
natalia1
Natali
nasser
namron
nadroj
nadezda
mytruck
mylove1
mybutt
myballs
my2girls
murmansk
murder1
murakami
muffler
mudman
mst3000
moxie
mouse123
Mountain
mount
motorol
motorhead
motherfuck
moreland
moogie
monkies
monday12
moinmoin
mobster
mobil1
mitsubis
mistydog
misawa
misa
miro
minivan
miners
minchia
mimimimi
miked
mike18
mika00
mickey12
michelob
michael4
micasa
mhorgan
metropolis
METALLIC
mermaids
merlin12
memphis1
membrane
melton
melmel
melmac
Melanie
melange
meanone
****me
mcintosh
mcgee
mcfarland
mcfadden
mccoy
mayfly
mayberry
maxxx
mausi
matthew8
matrix12
mathews
mathew1
mateus
masterchief
master10
martina1
marsbar
mariusz
marina123
mariela
MARCUS
MANUTD
manolito
mano
manners
manley
mangust6403
mandy123
mander
malvern
maks
make
majortom
majinbuu
maiden1
maggie12
madhuri
madcap
machine1
machin
m69fg1w
lysander
lvjdp383
ludlow
lucylu
Lucky
lthtdyz
lsIA9Dnb9y
lovelovelove
loveher
loshara
loreal
london99
locksmit
llcoolj
lizards
LIVERPOO
littlebit
lisa01
liljon
lightbul
lifeson
lifeline
licked
lfdbl11
lena2010
len2ski1
leighton
leetch
lee123
ledzeppe
leave
larrywn
larger
lampoon
lajolla
lagrange
lagarto
L8g3bKdE
kwiatek
kumar1
kukareku
ktr1996
krokus
kristel
krause
koks888
klipsch
klausi
kiska
kirstin
kingfisher
king69
king12
killer69
kill666
kikikiki
kidman
kibble
kiara
keyhole
kellym
kellyann
kelly69
keekee
kazakova
kazakov
kaylie
kayley
katelynn
karoline
karol
kappasig
Juventus
juve
justfun
junior2
june17
julie456
julia123
juicy1
judson
judoka
juancho
jsmith
joshua01
joshie
joseph10
Joseph1
jordan22
jordan01
jor23dan
johnny99
johnathan
john31
jmZAcF
jjjkkk
jinx
jimmyboy
jimm
jhgfdsa
jewelry
jetta1
jetbalance
JESUS
jessica8
jericho1
JEnmT3
jeffy
Jeffrey
jeanpaul
jayman1
jasonx
jasonr
JASON
jansson
james12
jamaal
jam123
jacob123
jackyl
jackdaniels
jacinta
izzy
ivan123
itsmine
isgood
IRONMAN
ironbird
irochka
intimate
innuendo
inline
ingodwetrust
Infinity
inferno1
incubus1
incredible
iloveu1
iloveass
ikoiko
ikke
iFgHjB
iDtEuL
ichiban
icewind
i81u812
HypnoDanny
hxp4life
hullcity
huhu
hugedick
hotmale
hotdog1
hookah
honeybear
homeworld
homes
hologram
holly123
holloway
holland1
holida
hol
hockey10
hiroko
hipster
hip-hop
hipho
hingis
hines
hfcgbplzq
hfccbz
heslo
herve
hepcat
henrys
hellspaw
helloween
hearse
headers
hea666
hawkman
hates
hasbro
Harry
harpo
harp
harleyd
hardbody
Happy
hanshans
hannah01
hangover
hangout
handjob
hairy1
hades
habari
habanero
gungun
guitar12
grunt1
growth
grouse
grimsby
gotika
gorodok
gorams
goosey
gooners
goodrich
golfer12
golfe
golfcart
golf99
goldorak
gokart
gohabsgo
godslove
godloves
gobruins
goatgoat
gnarly
glock23
giusepp
gisele
ginny
gimp
gilman
gigigi
gift
GIANTS
giant1
ghostly
ghjrehfnehf
ghfplybr
gfxqx686
gfhjk
gfdsa
getrich
gerda
generic1
GEMINI
geek01d
gaygay
gatekeep
gamer1
galaxy1
gagher
Fylhtq
fyfyfc
furry
FUNTIME
funkster
fUhRFzGc
fuckyou!
fucknut
fuchs
frolic
frequenc
freeport
freek
freehand
fredrik
fredo
fred69
fred11
FRED
francy
Francis
frames
foxx
fosgate
forgotit
forgive
FOREVER
forest1
focused
flute
fluke
Fluffy
florida2
flor
floflo
flimflam
flick
fleetwoo
fk8bhydb
fivefive
Fisher
FISH
firstone
firewire
firecat
Fireball
finbar
fihDFv
fighter1
fern
Fender1
fence
feldman
fedora
fdsafdsa
fdfdfd
fcbarcelona
fathe
fatcat1
farris
FAR7766
fallout3
fafafa
f00b4r
evol
evgeni
everyone
eumesmo
escorpion
ertyu
erkina
eric1234
erevan
equity
epoch
episode
enzyme
English
England
ender1
emilee
elviss
elton
elsinore
elle
Elizabet
elektrik
elder
elbows
eintrach
egypt
egon
Eeeee1
edoardo
eatit
earwig
ea53g5
DwML9f
duplicate
duncan1
duke01
duffel
duende
drunken
drummond
druids
drlove
drama
dragon00
dovetail
doppler
dooker
dontask
donegal
domina
domenic
dolemit1
dole
dogstyle
dogbreath
doedel
dobbin
djgabbab
disease
dinodino
dimwit
dimon
dima1993
dima1234
digweed
dignity7
dickme
diabolic
Diablo1
diabetes
DGa9LA
devotion
devilboy
deviant
deposit
demi
delta9
delta123
delia
deion21
defeat
deepdive
deadlock
deadbeat
ddddd1
dbacks
daycare
dawndawn
davina
davidp
davidk
davidh
davidg
david01
Dave
danial
damngood
damned69
dakota12
dakota01
dairy
daftpunk
daddyy
daboys
d78unhxq
d2000lb
cxfcnm
CUxLDV
curry
cujo31
cubswin1
crushme
crisco
crickett
crickets
crest
crespo
creed1
crayfish
cQnWhy
cowpie
cowboys2
course
COUGAR
couch
Corvett1
cordero
cooool
coondog
confiden
concordi
composer
comander
collants
codfish
coco123
cock69
clough
clooney
clone
clicker
clemence
civil
chucks
chucker
Christian
christer
chrisk
chiva
chipster
chingy
chilling
Children
childre
chiken
chev
CHERRY
chelsea6
cheetos
checkout
chase123
charvel
charlee
channing
chameleo
challenger
chakra
chablis
cfvlehfr
celtic67
cellar
celebs
Ccccc1
cavscout
catdog1
casper99
casper12
cash12
casey22
casandra
carton
carlton1
carlos12
carley
captiva
capella
cape
cantik
cand
campeon
camillo
Camaro
callas
caeser
cableman
c43qpul5RZ
busch
burnburn
buns
bunko18
bunches
bunch
builders
buddylee
buddy7
Buddy1
BUDDY
buccanee
bubby1
Bubba
bruce10
bronco2
brittany1
brillig
bridget1
briant
brewski
brenner
braves10
Braves1
brakes
bradman
boy123
bottoms
borland
borisov
bootyman
boopie
bongo1
bombo
bodyhamm
bobbyboy
bobbyb
bobby2
bmw535
bmw330ci
bluejean
bluefox
blue52
BLUE
Blue
bloomer
blood123
blocker
blinker
blingbli
blind1
blessme
blesse
blazer1
blarney
blackbur
bitchedu
biskit
birmingham
biomed
bintang
bimota
billions
BILL
bighorn
bigdaddy1
bigdadd
bigboy12
bigair
biffer
bianc
benfic
befree
BEER
bebit
beaver69
BEAVER
beatnik
bearman
Bear1
beam
bazzzz
bayshore
bavarian
batman123
batata
basenji
barons
barnyard
barbwire
baobab
banyan
bandito
bambush
ballers
bald
baird
bahrain
baerchen
badbo
bacon1
backside
baby1
babu
babes1
babe69
az123456
aw96b6
austintx
auror
august2
august16
auditor
auckland2010
atari
asturias
assassass
asparagus
asleep
asenna
asdf12345
arturik
armagedo
aristotle
arie
area
antone
annies
annick
anneke
anjana
anima
angles
angeliqu
angela12
angel9
andrzej
Andrea1
anchorag
amega
amaterasu
altitude
alphas
allo
alladin
all4u2c
all4u2
alianza
ali123
alexand
alex21
alex1990
alcapone
ajay
aisha
airsoft
agent99
afdjhbn
aezakmi1
Adonis
adolph
adastra
acuransx
ackack
ace1210
abuse
abramova
able
aaa
a9387670a
a7777777
a19l1980
a12345a
A1234567
999888777
9981
990099
951753852
9379992a
89211375759
889900
88002000600
852369
842105
83y6pV
7pVN4t
78907890
7879
786786786
777win
7677
7500
741852kk
7412
7117
711111
6911
669E53E1
6667
66669999
66221
6458zn7a
6319
625vrobg
5QNZjx
5782790
5775
557799
5533
5490
5396
5355
5325
525525
5253
4freedom
4cranker
48624862
4828
474jdvff
4734
4569
4560
4508
444555666
442244
4412
4408
4321rewq
4310
4201
4111
4002
3TmnEJ
3891576
3739
36987412
369369369
3693
35353535
3410
332233
3322
32165
32103210
3200
31337
311292
31121995
31121971
31101968
310891
310876
310775
31071994
31071969
310595
310587
310577
31051974
310194
310179
302731
30121977
301180
30111996
301089
300987
30091997
300882
300881
300872
30081972
300783
300779
30071971
300695
300677
300670
30061997
300592
300591
300578
300494
30041999
30041971
30041970
300378
300173
30011969
30003000
2bornot2
2b4dNvSX
291292
29121972
29121964
29111999
29111970
291082
291077
29101972
290880
290781
29071996
29071971
290694
29061998
290574
29051998
290479
290477
29041962
29021996
290192
290190
29011971
2829
281292
28121970
281175
28111970
281077
28101998
28101973
280794
280684
28061996
28061959
280593
280582
280557
28051997
28051969
280482
28031966
280279
28021974
28021972
280194
28011996
28011968
28011962
2772
27121974
27121967
271192
271191
27111976
271094
271089
27101996
270982
27081971
270781
2707
270676
270592
27051998
27031996
27021974
27021972
27021971
27021969
27021966
27021961
26121998
26121974
261182
26111995
261078
26101998
260994
26091973
260890
260881
260787
260680
26061971
26051997
260494
26041966
260393
260281
260276
26021973
26021964
260199
26012601
26012000
26011973
254xtpss
2524
251278
251189
25111972
25101996
25101973
25101964
250978
250893
250879
250875
250860
25081968
250773
250680
250677
250672
25051969
250474
250394
250373
250279
25021995
250194
246246
2444
2436
2416
241283
241278
241277
24121998
24121971
241193
24111972
24111967
24111961
241082
241072
24101995
24101974
24101972
240992
240978
24091998
24091972
240881
240878
24081973
24061999
24061972
240577
240492
240481
240480
24041964
240391
240382
240377
24031969
240291
24021998
240190
2400
23wesdxc
2375
23142314
231275
231269
23121971
231176
23111969
231096
231074
230972
23091973
230897
23081970
23071995
230669
23061972
230488
230374
23031967
23031966
230292
230271
23021969
23021962
230179
23011971
22882288
2267
22552255
2252
2230
2225
2224
2213
221276
221195ws
221195
22111970
221094
221080
221079
220973
22091997
22091972
220878
22081973
22081965
220770
22071970
22071969
220694
220682
220679
220675
220674
22061967
22061962
220593
220592
220489
220478
22041972
220379
220377
22032000
220295
220276
22021972
220174
22011969
21436587
214214
21121972
21121968
211193
211180
211089
211077
21101966
210979
210978
21081958
21071998
21071974
21051995
210496
210493
210479
210392
210390
21021969
210175
21012000
2024
201293
201291
201278
201276
201275
201185
20111970
20101974
200987
200985
20091960
20081975
20081972
200786
200774
20071996
20071970
200578
200572
20051998
20051963
20041972
200391
200287
200270
20021972
20021960
200188
200182
200178
20011963
20000
200
1Yyyyy
1Xxxxxx
1Silver
1shot2
1Rocks
1qasw23ed
1Panther
1Orange
1money
1Melissa
1Hello
1Ginger
1Fire
1Charlie
1Boomer
1Biteme
1Bitch
1Beavis
1asshole
1Andrea
1abc2
1993199
198900
197878
197346
195000
19221922
191278
191177
19111976
19111971
19111970
19111962
191081
19101968
19091996
19091995
190877
190692
190689
19061973
19061970
190582
19051998
190487
190477
19041998
19031974
19031972
19031971
19031966
19031962
19021972
190191
1880
1824
18121970
18121962
18111971
18101971
180979
180978
180974
18091995
18091973
180893
18081998
18081996
180791
180675
18061999
18061997
18061996
18061970
180480
180470
180394
180379
180374
18031972
18031970
18031960
180294
180289
180194
180187
180185
18011973
18011972
18011966
171293
171292
171284
171171
171091
171077
17101974
170881
170879
17081966
170775
17071969
170691
170684
170682
170576
17051997
170495
170479
17041968
17041964
170373
17031973
170275
170205
170195
170182
170170
17011973
17011965
16309
16121998
161182
161176
161172
161093
16101972
160991
16091998
16091996
160792
160790
1607
16061974
16051970
160480
160476
16041997
16031963
160292
160291
160281
16021971
160174
16011963
1574
154154
151270
151191
151174
151094
151079
15101971
15101963
15091999
15091975
150876
15081971
15081966
150794
15071998
15071960
15061972
150576
150573
150494
15041970
150383
15021997
150150
148888
1420
141269
141179
141178
141079
140980
140795
140780
140778
140682
14052000
14051999
140393
14032000
140295
140294
140277
14021968
14021960
140184
140170
14011998
14011970
13971397
1378
1357246
13467
13251325
1319
131177
131172
131131
13111970
13111969
131094
131092
131090
131077
131070
130896
130793
130792
130697
130693
130674
130670
13061968
13061963
130574
13051995
130493
13041960
13031971
130295
130284
130278
130194
130181
13012000
13011968
12qw
1298
1292
128mo
1287
1284
1276
1255
123sex
123kid
123654987
1236547890
1234as
1234a
12345zx
12345abcde
1234578
123456zx
1234567w
123456789aa
123456789101
1234567890zzz
12342000
12341
123400
123321qq
1232323
123123s
121966
12151215
121416
12131
121270
121267
121265
121258
12121972
12111958
121074
121071
120978
120975
12092000
12091963
120872
12081998
12081969
12081960
12071973
120675
12061997
120595
120594
120479
120468
120461
12042000
120372
120371
12031961
12021999
12021995
12021970
120192
1186
1176
1123581
112288
112176
112001
11199
111983
111294
111274
11121972
11121960
111193
111182
111156
111123
11111111111111111111
111081
11101972
110996
11092001
110895
11081973
110795
110792
110785
110771
110693
110685
110674
11061997
110596
110587
110572
11041965
11031999
110278
110270
11021970
110193
110190
110180
110173
11011996
11011973
11011966
1086
107107
106666
1060
1058
1043
1032
10231023
101986
101978
101296
101280
10121969
101196
101176
101175
10111966
101091
101066
101061
10102020
100976
100975
10091998
10091996
100891
100881
100791
10071996
10071966
10071965
10061972
100574
100567
10051997
100376
100374
10032000
10031961
100274
100273
10021996
100181
09121979
091189
091183
091182
09111996
091066
09101963
09090
090889
090879
090782
09071973
090692
090682
090677
09061998
090581
090491
090486
090484
09041999
090392
090389
09032000
09031975
090290
090280
090180
09011995
09011977
0887
0852
081278
08122000
08121972
08111994
081082
08101971
080989
080985
08091998
08091973
080882
080878
080780
080778
08061998
08061971
080582
080576
08051997
08051962
080486
080483
080379
080290
08021965
080189
080182
08011972
08011970
0788
074401
0724
071283
071190
071184
071177
07111965
071082
07101970
070989
07081998
070778
070770
07071996
07061968
07051996
07051969
070490
07041998
07041997
07041968
070387
070371
07031972
07021996
07021973
07021972
07021971
070193
070190
070179
07011965
0691
0628
0627
0625
0622
0615
061279
061277
061273
06121996
061192
06111995
06111974
061075
06101970
06091972
06091970
06081996
06081968
060793
06071998
060677
060586
060585
06052000
06051996
06051969
06051968
06051965
060487
06041964
06031970
060276
06021998
06021966
060190
060175
06011998
0599
0519
051288
051274
05121996
05121973
051180
05111994
05111971
051080
050990
050977
05091972
05082000
05081998
050780
050775
050592
050579
050578
05031964
050274
05021966
05011971
05011968
0427
0414
041290
041273
04121993
04121973
04121969
041186
04111973
041088
041078
040990
040984
040977
04091996
040886
040883
040882
04081971
040785
04071969
040688
040679
040577
04041971
040390
04031971
04031967
040296
040282
040273
04021995
04021972
04021966
040187
040185
04011970
0369
031274
03121974
031194
031174
03111996
031090
031083
03101964
030990
030980
03091969
03071971
030683
030669
03061971
030583
03052000
030480
03042007
030405
030391
030381
03031999
03031964
030288
030285
030284
03021996
030190
030186
03011968
0213
021276
02121962
02111970
021076
02101960
020987
020985
020981
02091962
020893
020875
020781
020696
020683
020678
020672
02061961
020369
02031998
02020202
020190
020185
02012009
02011998
02011963
01470147
01440144
011280
011191
011082
011081
01101996
01081988m
01081969
01081959
010791
010784
010781
01071973
01071969
010677
010594
010592
010572
01052000
01051972
01051961
010476
010474
010380
010376
01032008
01031967
01031962
010291
010282
010269
010193
007008
005500
0022
000222
0002
000013
000012
000009
????
Zzzzzz1
Zzzzz1
zzzzxxxx
zyltrc
Zxcvbnm1
zxcqweasd
zxc123zxc
zSfmpv
ZjDuC3
zhanna
zenit
Zealots
zcegth
zaq12w
zachar
yzerman1
yt1300
YR8WdxcQ
yourname
yonkers
yellow12
ybrjkftd
yasmi
Xxxxxxx1
xswzaq
xswqaz
xfqybr
xenon
xcalibur
wqMFuH
workhard
wordlife
woodford
womersle
wolfdog
WIZARD
winthrop
winnipeg
wildthing
wigwam
wicker
wheaties
wetass
westward
wesdxc
welshman
welkom01
wehttam
weegee
waynes
waverly
wapiti
wanton
waheguru
waffen
w2dlWw3v5P
vulgar
vtufgjkbc
vtkrbq
vortec
vorpal
vlasova
vlasov
vivienne
viper9
vinter
vintelok
vinograd
vfhbfyyf
vessel
veronique
ventrue
vbnmrf
vaz2108
vanish
valium
vagner
uvmRyseZ
upright
univer
unicor
underwor
ujkjdjkjvrf
uhfvjnf
uconn
tyty
tylerb
twisters
twinss
turbodog
TUCKER
tuck
tttttttttt
tsubasa
trythis
trying
trumpets
trujillo
TRUCKS
truck2
trevo
trench
TRAVIS
tragedy
tractors
toystory
toutou
tops
tool69
toobig
tone
tomkat
tomas1
toasted
toadie
tinner
tigerwoods
Tigers1
tiger12
tiger01
tianna
three11
thorns
theta
theresa1
thegirls
theghost
theclown
Thailand
tgwDvu
texas123
tetons
testuser
testing2
terry2
teremok
Tennis
tempest1
telstar
telefono
teengirl
tecktonik
teaparty
teaching
tbontb
tBiVbn
tarkin
tantrum
tandy
takedown
tailor
symmetry
sylvi
sweetpe
sweet123
suzuki1
susanb
summer0
sumitomo
sugaree
suckmycock
SUCKME
suckit69
sucess
subito
study
structur
streaker
straw
strats
strait
strain
str8edge
stout
stormy1
stoopid
stiles
Steve1
Stephen1
Stella
steeda
steaks
staten
stanky
spurrier
spring1
sprewell
sportster
spooker
spirou
spiked
spike123
spiegel
Spiderma
spices
speech
spawn666
Spanky
spanis
spaced
spaceboy
sosa
soriano
sonicx
solara
softbal
soccer5
soccer18
snowfall
sniper12
sneeze
snaiper
smoky
smitty1
Smith1
sm9934
sloneczko
skyhook
sirene
sioux
sintra
sintesi07
simba123
silverfox
sillyboy
sikici
Sierra
Sidney
sidewinder
sibelius
shutter
shushu
shoelace
shoebox
shitbag
shit123
shinto
shines
shin
sherzod
sheila1
shecky
shaun1
SHARON
sharingan
shar
shama
shallow
shakespe
shaina
shad0w
seventy7
serser
serkan
seemore
Seattle
seat
seashore
scum
scuderia
scraps
scout2
scouser
Scorpion
scoreland
scorelan
scoots
scooter7
scoot
scoops
schumach
schiller
schaefer
schaap
scandal
saxons
savina
Savage
satnam
satans
sasha1234
sasa123
sarenna
sarahm
sappho
santeria
sands
sanche
sanborn
sanandreas
sammie1
sam138989
salazar
saddie
sack
ruthann
RULEZ
rtyui
roxydog
roxann
rovnogod
rose12
rooroo
ronnie1
rollout
roger2
rockyboy
ROCKET
rocke
roadtrip
roadie
roaddog
ripken8
ripazha
rincewin
ridden
ricker
richi
rhett32
Rhbcnbyf
rfvxfnrf
rfgtkmrf
renwod
renner
remedy
redrum1
redlegs
reddawg
redbull1
red12
Rebecca1
realmadri
rbhgbx
rastas
rassvet
rare
rapala
rani
ramos
rambo123
radley
radial9
RACHEL
rabbitt
qwertyuiop1
qwerty69
qwerty33
qwert6
qwert1234
qwasqwas
quince
quiksilver
qazxsw1
qazsedcft
qaz123456
qawsedrftgyh
qawsedr
Q1w2e3r4t5
pypsik
putain
pussyboy
pushit
punheta
punched
psycholo
pron
programm
products
PRIVATE
printer1
prett
precios
pratt
powerpower
Power
porto
popstar
popkorn
poolman
polic
pokemon2
poiuytrew
pogiako
plonker
plmokn
pleaser
Please
plapla
plan
pixie1
pitbulls
pirate1
pinto1
pinche
pimpdad
pilot123
piknik
pigman
picasso1
phlegm
phitau
pflhjn
petty
peterb
perkman
percy1
pepper76
pepper01
penpen
pelusa
pelus
pelle
peejay
pedro123
pazzword
pavlusha
patty1
patt
patche
patagoni
pastas
passwrd
parrothe
papyrus
panama1
pampam
palom
painted
pacific1
osvaldo
oscarr
ORANGE
ontherocks
onering
omgkremidia
omega9
olive1
olav
ola123
Oksana
okok
offer
oddworld
OCTOBER
o236nQ
nurbol
nugget1
nudelamb
nqdGxz
novgorod
northwes
nokia6230
nokia3110
nobby
Nnnnn1
nitrogen
nirmal
ninonino
ninjaman
nilknarf
nikon1
nikkii
nikhil
nicosnn
nicklaus
nichol1
nicegirl
nexus1
next
newspaper
newshoes
newjersey
newhope
neuman
nessa
nephilim
neoneo
nemisis
NELSON
nella
necnec
nBU3cd
naynay
navigate
natwest
nathan12
nascar99
narkoman
napoleo
nanonano
nagasaki
n123456
n12345
mystere
mydog
mxAiGtg5
mutton
muscat
mumbai
multimed
multik
mudcat
mrsmith
mrjones
movement
movado
mouseman
mossad
Morgan1
moresex
mooooo
moonglow
mookey
monkfish
monkey23
monito
Monika
monica69
Monica
moneymon
moikka
moguls
mochaj
mmcm19
mkmkmk
mixing
mittens1
missy2
misskitty
missey
mishima
mishanya
minolta
minnette
minecraft123
minded
minami
millionaire
milligan
miller31
milkdud
mike24
mike00
mightymo
MIDNIGHT
metatron
metart
messy
mesquite
merton
merson
merlino
merida
melissa6
megumi
mean
meagain
mazahaka
mayor
maxmaxmax
max777
mavrik
maurice1
matthe1
matild
mason123
mascot
masami
martial
marryher
marquez
marques
Marley
MARLBORO
markhegarty
Marines
mariella
maria2
mare
mardi
marcu
marceau
manso
mandie
manda
mancow
mancini
mammal
malik1
malibu1
maisie
madelein
madagascar
macro
mackdad
macanudo
lying
lusting
lustig
lupine
lukasz
lucky69
lucifer1
loxlox
loverr
lovehurts
loveee
lovecock
love2011
lorene
looksee
longbeach
loner
lolpop
lollipo
lois
lodoss
lobsters
Lizard
littlejo
lisamari
linwood
linda123
limpdick
likemike
lift
liefde
license
Liberty1
libert
liberate
leviathan
letmein3
letmein0
lerxst
leppard
lenny1
legendary
lauryn
lasagna
lapper
lapin
lamp
lammas
lamers
lagers
ladydi
lactate
label
labamba
kurosawa
kucing
ktybyuhfl
ktrcec
kswiss
krasavica
kotkot
koteczek
korvin
korsar
konijn
konami
kolovrat
knotty
knigh
klapaucius
kisser
kisakisa
kipelov
kinney
kils123
killer99
kilian
kidding
kickass1
kevin12
kessler
kerry1
kentavr
kennyg
kellogg
kellen
kell
kcuf
katia
kata
kassidy
kasimir
kartoshka
karishma
karat
karandash
kalyani
kalima
kaleka
kakawka
kahn
junojuno
junkies
junglist
jumpman23
julieb
julian1
juiceman
juanma
Josephin
joselito
joker7
joker666
johnnyb
john99
joey1
joeman
joedog
jock
jochen
job314
jimmyjam
jimmyj
JIMMY
jigei743ks
jibXHQ
jgthfnjh
jetman
jetlag
jesusis
jessicas
jenny2
jelszo
Jearly
jblaze
jayjay1
javabean
jasonc
jason5
jason12
jasmine2
Jasmine1
jarule
january2
jalapeno
jail
jagged
iyaayas
ivanivan
itchy
isakov
Isabella
ironsink
ironside
ironman2
iraida
iowa
invalid
intheend
insure
insect
indies
important
impaler
imesh
ilovegirls
ilikeyou
ikkeikke
iKALcR
idlewild
icculus
iamthema
iamsexy
iamhorny
iamhere
huxley
hutch
husker1
hunter99
hunter69
hunted
hund
hummer1
hugger
huffman
huevos
housepen
housecat
hound1
hotti
hotshots
hotmove
hotfeet
hotcum
hotbody
hot4you
hookedup
honeymoon
hone
honcho
hollys
holliste
hogwash
hockey2
hockey19
hockey11
hobie
hjklhjkl
hippy
hilly
highfive
hickey
hgfedcba
hfrtnf
hernan
henriett
henri
hemp
hemmelig
hello9
HELLO
hedonist
haylee
have
hashem
harley2
hardass
happyy
habit
h00ters
guys
gunners1
guildwars
guido8
gshock
grundy
greenie
green6
green23
greater
grasshopper
grappler
graikos
graceful
govinda
gotoit
gossamer
goonie
goober12
gondolin
golf56
gods
godpasi
goddard
gobuffs2
goblues
goblue1
gnomik
gnocca
glock19
glencoe
gjmptw
giles
gigigigi
gifford
giants56
ghosty
ghost16
ghjgecr
ghjcnjqgfhjkm
ghbdfn
Ggggggg1
gfkmvf
Gfhjkm123
gfhjkbot
gfgekz
getaway
geolog
genius1
Genesis1
gemma1
geilesau
geddylee
geckos
gatita
Gary
garcia1
galloway
Gabriell
fulle
fuckwit
Fucker11
Fucker
fuck11
frolov
FROINLAVEN
frogger1
fritos
friedric
friars
freshman
fresher
frenchfr
freiburg
freedom5
freedom3
free123
frankfurt
foundati
foufou
fortis
Formula1
football12
flyrod
Florida1
fizzle
fittan
fishka
fish123
fisch
finster
finney
finance1
fifi
ficker
fhbirf
fghfgh
Ffffff1
fetish69
ferrari5
ferrari2
ferndale
feli
Fe126fd
FcAZmj
favorite3
fatrat
FATBOY
fatal
fantik
false
falcor
Falcon1
fakefake
fabrizi
f1f2f3
extras
exposed
exploiter
evgenia
everlong
estonia
eric123
eric12
enigma1
engines
emory
ellobo
eliana
elenberg
elemental
elbarto
eknock
ekaterina20
egbert
edgewood
edgard
eddies
eclipse9
Eclipse
earn381
E6Z8jh
e55e55
e3w2q1
dYnxyu
dvddvd
dupadupa
dunham
duncan21
DuN6sM
dump
DUKE
duhast
duffy1
Ducati
dtnfkm
dsdsds
drumss
drowning
drewman
dreday
Dreamer
dragonfire
dragon77
dragon25
drache
downing
dough
doroth
dorkus
doomdoom
doogle
dontae
donato
Donald
domino1
dome69
dolls
dolfin
doghot
doctor1
Doctor
Dkflbvbh
djkujuhfl
djdjdj
disorder
diskette
direktor
dink
dima1999
dima1992
dilligas
digge
dfhtymt
DeVLT4
devices
detlef
Design
desant
dementia
deltasig
deltachi
deli
deidre
defiance
dedhed
deathstar
deano
deagle
deadman1
deadline
dbyjuhfl
dblock
dayana
dayan
dawidek
david7
daveman
date
dashenka
dash
dartmout
darksoul
darkmanx
dark123
dapimp
dante123
danilov
dances
damir
daisys
daisy2
daisuke
daisie
cyrus1
cyril
cyfqgth
cyclops1
cycling
cutting
curly1
cuban
ctvtyjd
crystals
cryptic
crying
cruz
crutch
critic
crazed
crawfish
cracker1
cr250r
costume
copier
cooling
COOL
constance
congo
condoms
commish
collant
codycody
cockman
cobra2
Cobra1
cobber
closet
cleocleo
Claudia1
clarkson
clarets
clapton1
Claire
civic1
cindys
cindylou
cinderel
chyna
chung
chrisx
christal
chris23
chow
chippers
chilango
Chicken
chicano
chevy350
chevell
chester7
Chester1
cherise
cheat
charme
charles3
charis
chameleon
challenge
ch33s3
celula
celtic1
cellphone
celin
celery
catinhat
caterpillar
cassey
carter15
Carter
carlsberg
cardenas
capita
candycane
cance
canal
campeo
Cameron1
cameo
camaleon
calient
caliban
cacapipi
cabinboy
cabaret
c123456
buzzed
buttmunch
buterfly
burr
burley
burberry
bulle
bujhm
buick1
buddycat
bubble1
bubbie
brunel
browns99
brownie1
browncow
bromley
broccoli
britt1
brimston
brilliant
brigade
brenton
breezer
bran
bracelet
Boy4u2OwnNYC
bornfree
boredom
boon
boomtown
booga
booboo12
bonus
bonds25
bonded
bondage1
bnfkbz
bmw530
bmw316
blue2000
blue02
blotto
blimey
blah123
blackstar
blacksex
blackdic
blabl
bitem
Bitch1
bissjop
birthday3
birillo
bingbing
billybo
billgates
billgate
billard
bill99
bigstuff
biglove
bighouse
biggreen
biggins
biffbiff
bichon
bhutan
bhbyjxrf
beverage
betrayed
bethesda
bester
berty75
bernar
bergerac
benladen
benetton
benefits
benedikt
belova
bellsout
belladon
believer
beholder
beernuts
beer30
beautiful1
bear11
bats
batman7
bath
batch
bassie
baseball3
barrow
barnum
barbaros
bangalore
bandit12
Banana
baloo
balling
balla
baha
badnews
badfish
babcia
b00mer
AZUYwE
aziza
AZERTY
ayesha
avocado
avery1
aventura
avemaria
austin123
atletico
Atlantis
astaroth
asshead
asdflkjh
asdfgh123
asdcxz
ascona
ascend
artiller
artem1
arrest
armpit
armond
aristotl
aristo
aries1
ares
ardent
Arctic
aragorn1
approved
appels
apogee
apeman
anywhere
anvils
anthon1
antani
annushka
anna21
anna2010
anna2000
ankita
angeli
angel6
anfield1
andrew13
anai
an83546921an13
ampere
amonte
amoeba
amar
alpine1
alphaomega
alpha5
aloalo
all4u3
alicat
alfa147
Alexandra
alex69
alex00
alesya
alba
Alaska
alakazam
ak47
airmax
agents
agent1
agamemno
afric
aerostar
aeiouy
aegis
adxel187
adv12775
adolfo
ADIDAS
addiction
achille
ace1
abused
abhishek
ABCDEFG
abc123456789
abc
abaddon
aaaabbbb
aaa555
aaa12345
Aa123321
a801016
a1l2e3x4
9988
995511
987410
9711
963214785
949494
908070
8902792
888111
8669
808808
7u8i9o0p
78787
7873
7653ajl1
755dfx
742617000027
741147
7399
7337
7277
7224763
708090
707707
703751
700007
7000
6Xe8J2z4
697769
6820055
6677
666999666
6666667
654852
654789
616879
6031769
6012
600000
56565
5646
556699
546546546
54321a
526282
5260
5258
5116
4play
4Ng62t
4me2no
4989
4916
4809594Q
464811
4600
4580
454dfmcq
4511
4503
446655
444666
44448888
444333
4426
4421
42qwerty42
41d8cd98f00b
41614161
4011
392781
3773
3750
3721
36936
3690
362412
3600
355355
34567
345543
3412
339311
33593359
3334444
3327
32615948worms
3234
3233
3211
320320
31313
3124
311music
311279
310895
310874
31081970
31081969
31071966
31071962
310592
31051997
31051978
31051975
31051972
31051970
310395
310394
310390
31031963
31031960
31011998
31011971
305pwzlr
303303
301290
30121996
30121973
30121970
301192
301093
30101996
300995
300983
300979
300973
300892
300877
300675
300575
30051970
300478
30041976
30041961
300385
30031963
300196
300194
30011974
30011971
30011966
291293
291275
29121974
29121971
291184
290992
29091970
29091964
290886
290780
29071969
29071960
290677
29062000
29061967
29061963
290393
290374
29031970
290193
290182
29012901
2888
284655
28462846
2835493
28322832
281276
28121959
28111971
281081
281076
28101971
28101969
28101965
280995
280898
280877
28081964
28081960
280780
2807
280694
28061970
28061968
28051999
280480
280475
280393
280392
280382
28031967
28021968
280173
28011998
28011969
2712
271177
27111971
27101970
27101966
270994
270984
27091972
270882
27081996
270795
270780
270687
27061967
27051973
27041998
27041967
27041962
270378
270376
27031971
27031968
27031966
270270
27021998
27012000
27011997
27011969
267605
2639
26121973
26111998
261091
260981
260979
260972
26091997
26091971
26091966
26081973
26081971
26081968
260794
260792
260777
260776
26071999
26071997
26071971
260682
260674
26061997
260579
260578
260577
260575
260573
260495
260479
26041975
260379
26031996
260287
260273
26021999
260180
26011964
25452545
2522
251292
251281
251273
25121973
251191
251176
25111995
25111994
251082
251074
250991
250980
250976
25081964
250778
250774
25071999
25061972
25061963
250594
25051998
250490
250476
25042000
25041966
250392
25021962
250193
250173
25011970
250000
2498
2449
2427
2425
241272
241176
24111974
24111968
241092
241081
241080
24081970
240791
24071969
240671
24061996
240579
24051972
24041972
24041971
240397
24032000
240295
240194
24011974
23jordan
2378
236236
234432
2341
231271
23121972
23121970
23121960
231195
231194
231174
23111996
23111974
23102310
23101975
23101970
230979
23091998
23091968
23091966
230881
230796
230676
230675
230674
23061970
23061969
23052000
23051999
23051970
23051967
23051962
230471
23041967
230394
230372
230279
230272
23021967
23021961
230181
2278
2269
2243
222999
222666
22223333
22221111
221295
221293
221272
221221
221199
221194
221192
221166
22111996
22111971
22101975
22101965
22091971
220895
220882
220874
22071996
22061973
220591
22051964
220495
220480
220475
22041967
220392
220371
22031998
22021961
220177
22011963
2169
2148
2132
213141
2126
2115
211291
211277
21122012
21121996
21121975
211172
21111998
21111971
21111970
21111965
211094
211090
211078
21101969
210991
210877
210777
210696
210692
210672
210669
21061973
21061963
210594
210592
210576
210571
210378
21031997
21031969
210278
21021971
21011968
2028
2013
20111965
20111958
201095
201093
20101976
20101972
200979
200972
20092010
200893
200777
200694
20061965
20061962
20061961
200595
20051966
20051958
200477
200476
20041967
2004-10-
200381
200377
20031973
20031972
20031968
20031960
20021997
20021963
200192
200179
200175
20012000
1Xxxxx
1Winner
1w2w3w4w
1qaz3edc
1Pepper
1p2o3i
1j9e7f6f
1Golfer
1Ggggg
1Fffff
1Eeeee
1Ddddd
1Bulldog
1Bailey
1Ashley
1Arthur
19977991
199200
19899891
198611
198300
198215
197800
19733791
1958proman
195555
19391939
19371ayj
1927
19216801
191286
19121997
19121972
191188
191083
19091971
190887
190783
19071975
19071972
19071966
19071907
190685
19061969
190584
190483
190481
19041975
19041967
19041965
190384
190289
190279
1879
1820
181284
181281
181195
181184
18111962
181091
18102000
18101974
18101969
18081972
18081970
18071969
18051962
180477
180269
18021977
180193
180184
180177
18011999
18011970
179355
171276
171273
171177
171175
171174
17111997
17111971
170984
170976
17091997
17091969
170872
170871
17081999
170693
170596
170593
170476
170471
17041972
17041967
170395
170277
17021969
17021961
1666
1654321
16191619
161290
161192
161189
161178
161095
16101955
160977
16061969
160597
160594
160578
16051969
16051965
16041971
160381
160378
16031967
160278
16021972
16011959
159753z
15975300
159357456
15851
158272
1557
1521
1518
151279
15121998
151196
150995
150977
150897
150892
150675
15061998
15061969
150595
150583
15051998
15051996
15051971
15051965
150474
15041969
15041962
150381
150288
150281
150278
150196
150183
150180
15011998
15011997
15011964
1453145
1440
14231423
1417
14121969
141175
14112000
14111974
141078
14101966
140992
140763
14071996
14071973
14071971
140684
14061969
140591
140481
14041997
140374
14031970
14031961
14012000
1366
136136
1322
1320
131281
131277
13121962
131211
131174
131171
131091
131074
13101970
130980
130977
13091972
13091969
130877
13081975
130794
13071962
130696
130695
130675
13061969
130593
130472
130395
130263
13011964
1288
1285
1272
1263
1259
1242
1234qq
12345qq
12345ab
12345aa
123456ss
12345698
1234567v
1234567k
123452345
1234512
123321qweewq
12332100
123213
1232000
122976
122500
122436
122369
121994
121991
121986
121972
12171217
121296
121294
121293
121274
121262
121255
12123434
12122000
12121969
12121967
12121962
121173
12111965
12111211
121075
121070
120993
120973
12091966
120874
12081961
120792
120776
12071998
12071996
12071959
120695
120673
12061970
12051972
12051967
12041962
12041204
120373
120368
12031998
120291
120277
120274
12021968
12021967
120196
120190
120170
120161
12012000
12011967
12011966
12011965
1194
1184
1168
1149
113311
112311
112000
11121974
11121973
111199
111170
11111973
11111960
111094
11101973
110991
110975
110897
110876
110872
110869
11081963
110775
110770
11071974
110676
11051966
11051965
11051962
110475
110465
11041972
110387
110360
11031996
11021976
11021972
11021968
11021966
110196
110192
110179
11011974
11011971
1085
1073
1067
1059
1054
1029384756q
101270
101269
10121965
101067
100980
100979
10092000
10091968
100879
10082000
10081967
100779
10071960
100697
100696
10051966
10041004
10031967
10031003
10022000
10021998
100197
100175
100171
10011967
100101
0p9o8i
09870987
0986
0978
0919
0913
09121995
091188
091180
091179
09111974
090991
090977
090880
090872
090788
090780
090679
09061996
090585
090566
09051998
09051996
09051970
09051965
090488
090479
090472
09041971
09041967
090385
090381
09031974
09031971
090293
090283
090191
090186
090177
0819
0816
081287
08121970
08121969
081196
08111995
08111969
081081
080876
08081967
080774
08061995
0806
080580
080491
080485
080479
08041968
08041967
080385
080376
080371
080286
080275
08021999
08021996
080180
08011976
08011971
0716
0715
071279
071183
07111998
07111969
07101964
070979
07081970
070795
070790
070776
07071998
07071971
070689
070686
070684
07062000
070583
070582
07051973
070488
070480
070380
070283
070280
070186
07011971
0620
0619
061185
061183
06111996
061095
06101975
06101972
06101965
06091973
060889
060883
060875
06081972
06081967
060784
060695
060679
060678
060589
060587
060486
060484
060378
060292
060290
060281
060280
060278
060198
060188
06011969
0569
0528
051177
051176
051092
051090
051087
051070
05101965
050973
05091966
05081965
05071974
05071969
050694
050691
050677
05062000
05061974
05061971
05061968
05051974
05051973
05051972
050489
050482
050480
05042000
05031962
050289
050284
050280
050188
050184
050172
05011999
05011963
0486
04325956
041291
041289
04121971
041182
04111977
04111966
041096
04102000
040966
04091971
040893
040885
04071966
040685
040684
040682
040675
040574
04051965
040491
040481
040468
040383
04031973
04031961
04031959
04021971
0402
040189
040186
040179
040175
0383
0357
033028Pw
031293
031289
031195
031178
031177
03111977
031092
031074
03102000
03101997
030991
030988
030893
030890
030878
03081998
03081962
03071966
030684
030682
03061970
030595
030589
030572
030571
03051961
0305
030488
03041997
03041970
03041968
03041966
030371
030187
030178
03011973
0289
021292
021192
021178
02111973
021095
020992
020983
020979
020978
020977
020882
02081969
02081959
0208
020776
02071999
020596
020584
020579
020575
02051962
02041998
02041967
02031968
020295
02021997
02021961
020188
020180
020176
02011965
01telemike01
0147258369
0124
0117
011292
011190
011084
010993
010986
01091968
01091960
010894
010888
010877
01081996
01081971
010793
010782
01071972
01071967
01071966
010686
010676
01061963
01061962
01061960
010595
010578
010577
01051962
0105
010481
010470
010381
010378
010375
01031969
01031960
01022008
01021967
01021962
010164
001002
zydeco
zxcvbnmz
zippy123
ziggy123
ziff
zhukov
zamira
Yyyyyy1
yumiko
yujyd360
yoyo123
****you
york
yoland
yfltymrf
yesman
yelnats
yell
yeJnTB
yeayea
yankees0
yakumo
XxXxXxX
xxx111
xplorer
x1x2x3
wweraw
wouter
worksuck
wookie1
wooglin
woodbird
wolverines
Wolverin
WmeGrFux
witch1
winter00
winnie1
Winnie
winne
winery
windows9
willa
wilkins
wideglid
wicca
whoops
whiting
whitetai
whiteman
whipit
wharton
westsid
westin
werewere
were
weeman
weeded
webstar
wc4fun
way2go
Warrior
warior
warehouse
warbird
walte
waleed
waldemar
waitron
waikiki
wafer
Vvvvv1
vtufajy
voyager2
vorobey
volvov70
volvo240
volker
vito
vishal
virus1
virtuagirl
viper99
Viper1
vip123
villa1
viggen
Video1
vidadi1
vida
vialli
vgfun8
vfuyjkbz
Vfrcbv
vfnhjcrby
vfktymrfz
vfhnby
verysexy
very1
Verbatim
veracruz
vehicle
vbitymrf
vaz2110
vassar
vasili
varadero
vampyr
vakantie
uvDwgt
UTO29321
utFP5E
useruser
urlacher
upupa68
Unknown
ulugbek
ultimo
uganda
ufkfrnbrf
UfgynDmv
ubvyfpbz
U4SLPwrA
tyutyu
tweedy
tull
tuffguy
Tucker
trueno
trix
triniti
trillion
trevoga
treess
travels
trashcan
tramps
TOYOTA
tos8217
tortue
tooling
tommaso
tomjones
tombraid
togepi
toering
toenails
tkachenko
titova
tipsy
tincouch
tincan
timberla
timati
tiktonik
tigers12
tiger11
tiern
tidbit
tickets
ticketmaster
thunder9
thump
throttle
thomas19
thekiller
thebeatles
Testing1
terras
terps
terorist
termin
tentacle
tenore
tempo
temitope
teeny
technology
techno1
tdutif
tbbucs
taylorma
taxicab
tatertot
tarkus
tardis1
tarbaby
tarantino
tanne
tanisha
tango2
tammys
tamere
sybil
swell
sweater
swatteam
swamp
SuzjV8
suzi
suzanne1
susans
survive
superfre
sunsh1ne
sunil
summer04
sukram
SUCKIT
sucker1
stufff
studs
studioworks
stubbs
stronghold
straus
strata
stormie
stjohn
sticky1
stever
Steve
STELLA
stef
Stargate
stapler
STANLEY
stang1
staley
staci
stace
Sssss1
spots
sportin
spoiler
split
spiro
Spike
spicy
spender
spells
SPEEDY
spanner1
SPANKY
spaniard
spammer
spagetti
sp1der
sp00ky
sousou
Sophia
sonntag
sonnie
sonar
soccer123
soapy
snowwhit
snowshoe
SNIPER
Snickers
snake123
smoove
smoochie
smokey01
smokeit
smartie
slut543
slurp
slug
sloth
sloane
slickric
slicko
Slayer1
slack
skynyrd
skunks
skorpio
skippe
skins1
sketch
sk8board
sixsix6
sirens
siren
sinnet
simpso
SIMONE
silversi
shyster
shonuff
shkola
shirts
shinigam
shenlong
shazbot
shawshan
shape
shanty
shantel
shakal
shah
sexywife
sexysex
sexybitc
sexxy1
sexkitte
sexiest
sexfun
sexdrive
sex2000
seward
severus
sevendus
sesamo
servus
serenit
sereda
ser123
sequoia
sephan
senses
sensation
sender
selwyn
selma
selfish
securit
secretar
secret2
sebora64
sebastian1
sears
sdpass
scrap
scoubidou2
SCOOBY
schuyler
schulz
schott
schmitt
schmidt1
schlumpf
schach
scat
scan
saveliy
savag
saudan
saturne
satch
satan6
sasha1997
sasha12345
sasami
sardar
saphir
sandown
sandmann
sanan
samuri
samarkand
sam1
salzburg
sallys
salisbur
sacramento
sabbath1
s1lver
s1234567
ryjgjxrf
russians
rules1
rugged
ruffian
rubina
rostislav
rossella
roselyn
rosco1
ronni
RONALD
Rocks1
rockland
Robbie
robber
rjyatnf
rjvgm.nth
ritarita
rikimaru
rifle
richard7
rhtfnbd
rhenjq
rfpzdrf
rfkbybyf
rexx
rexdog
revere
retrieve
retina
rererere
repvtyrj
rent
remembe
rembrand
reinhard
registr
reform
redwood1
REDSOX
redskin1
redeemer
redding
redbud
redboy
red111
red007
reccos
rccola
raylene
rastafar
Raptor
rapido
ranger12
random123
randers
ramsay
Rammstein
ramiro
rainmake
Rainbow1
RAINBOW
RAIDER
raid
rahul
rachid
racefan
r2d2r2d2
r1chard
qwertyasd
qwerty23
Qwerty
qwert5
Qwert123
qwerasd
quigley
quatro
QR5Mx7
qqqqqqqqq
qqqqqq1
qq123456
QmPq39zR
qazxcvbnm
qaz1234
q1234
pwnage
pweepwee
pvJEGu
pussy7
pussy11
puschel
pure
punkrawk
pumpki
pugwash
psych
provista
protos
priora
primo1
presari
prado
ppppp1
power7
pouncer
poulet
potion
portillo
portable
porsches
pornography
pornman
poppys
pooder
pond
pon32029
poltava
polopolo09
polopol
policema
pokers
Pokemon
pleas
playstation2
pizzaboy
pizdets
pittman
pitbull1
pita
pistols
pistache
piramid
pipetka
piolin
pimpjuice
pigboy
pico
pickle1
phoneman
phoenix7
phishing
Philip
phatboy
pharoah
pfqxjyjr
peterc
petepete
perr
performance
perfection
peralta
peppermint
penthouse
pension
penis123
pendulum
peep
pearly
pauli
patman
password8
pascual
partyboy
parton
parovoz
parkview
parkave
parisien
parcells
paradiso
panties2
palantir
p123456
oxcart
Ownzyou
owner
other1
osca
orioles1
orange99
once
omgwtf
omalley
olympics
oleander
offline
oddball
octobe
oaxaca
o4iZdMXu
nutcase
nudge
noway1
now
novastar
novass
notyours
notorious
nostra
noreaga
nonrev
nivek
nintendo64
nintendo1
nifty
nicnic
nicerack
nhfdvfnjkju123
nfyrbcn
newton1
newmexic
newdelhi
newburgh
netcom
nena
nEMvXyHeqDd5OQxyXYZI
nemonemo
Nelson
neighbor
nedved
ncc170
nbvfnb
nautique
natas666
nata123
nastyman
Nascar1
nascar03
narayana
napolean
nannie
nallepuh
mystique
mydogs
muzzle
mustanggt
murad
mumumu
mumdad
mukesh
muffdiver
mudshark
mrspock
mrmagoo
MrBrown
mpetroff
mozart1
mott
motorolla
motdepas
mossberg
Moritz
moriarty
morgane
morgan12
moppel
moosejaw
moon123
mook
monterre
mont
money777
MONEY1
momentum
molly12
moldir
mohican
mmmmmmmmmm
Mm111qm
mjujuj
mixture
mitsu
Mitchell
missle
minouche
minor
minka
miniskir
millie1
millertime
millenia
milla
milion
mikimiki
mikeee
mike25
mike21
midtown
midgard
microwav
michaelb
methane
mester
merlin69
merkel
merete
mercutio
meoff
menudo
mellisa
melinda1
melchior
megans
meatmeat
mcgowan
mcdowell
maytag
maximili
max33484
maul
matveeva
matt12
matrix69
matrix13
matata
masters1
masterb
master77
massacre
maser
marysia
marvi
martusia
martin11
martie
marth
marla
markos
mariupol
Marion
margare
maradon
maps
mapper
mantas
manol
manning1
manna
manitoba
manilow
mama2010
mainer
magma
Maggie1
madone
Madison1
madhatte
maddmaxx
Maddie
maarten
lurker
lupus
lukeluke
luke1
luisa
LuEtDi
luckycharm
lucky8
ltcnhjth
LP2568cskt
lowboy
lovesick
loverbo
LOVELY
loveforever
love14
lostboy
losenord
lorenzo1
lone
london20
lololyo123
lol123456
lol123123
lokoloko
lockhart
local
lmao
llib
ljcneg
LJB4Dt7N
liverp00l
littlebo
lithium1
Linda
limit
limbo
likewhoa
lifeboat
liebe
lickme69
LICKME
lesnik
Leslie
lesbia
leopards
leonel
leonard1
lennart
legrand
leclair
leblanc
leann
leafs1
leachim
lazyacres
lawntrax
Laura
lasagne
lapdog
lame
lakeshow
laika
lady12
ladonna
lace
labelle
kurwamac
kudos
ktnj2010
krondor
kristopher
krishn
kringle
kr9z40sy
kotek1
kostyan
kononenko
kolya1
kline
klaudia1
Kkkkk1
Kitty1
KITTEN
kissy
kisa
kiril
kimble
kimberly1
killemal
khushi
kevink
keving
kerrigan
kerala
kenwood1
kenpo
kennys
keli_14
keeper1
kazumi
kayaks
kaulitz
katieh
Kathleen
karimov
karim
karen2
karen123
kardinal
kappa1
kameron
kalinin
kalamazo
kaktys
kairos
kairat
justinbiebe
justin11
jupiler
junkman
junior12
june27
june21
jumpjump
jugger
juanit
juanas
jTuac3MY
jrcfyjxrf
josh1
josefin
john69
john22
john01
joey123
joes
joeboo
jmh1978
jlbyjxrf
jknE9Y
Jimmy1
jimboo
jigga1
jewel1
jetblack
jesusislord
jesus3
jessy
jertoot
jejeje
jeff1234
jeff123
jeff1
jeans
jbird
jb007
jazzzz
javajava
jasper12
jasonn
jasond
jason22
jasmine5
jarman
janvier
jansport
jannie
janejane
janeiro
jakob
jakeman
jake1
Jake
jager
Jacob1
jackin
JACKIE
jack10
jabbar
j123456
izumrud
iyaoyas
itout
isotWe
isgay
isaeva
is_a_bot
iownyou
iopiop
ioioio
invent
intent
ingo
infernal
indoor
india1
incognit
include
importan
Immortal
imes
imajica
imagine1
iloveme2
iloveme1
igorigor
iforgot1
ibiza
hydra
hustler1
hunter123
hunnie
hubbahub
hovepark
hotsex69
hoschi
horses1
HORNY
hoping
honkey
honey123
honda250
homicide
homewood
homesick
homerjay
holliday
hodge
hockey21
hjvjxrf
hjcnjd
hjcnbckfd
hiroyuki
himitsu
hihihihi
hihi
hickman
hibiscus
hevonen
hertha
Henry
hemi426
hellyes
hello69
hello3
helix
heckler
heat7777
heartless
heads
hawaii1
haven
Harvey
harrydog
harryb
harris1
harri
harmonic
harley99
hariom
hardtail
hard1
happy100
Happy1
HAPPY
happier
Hannibal
hang10
handel
hamster1
hairpie
hahaha1
hagen
habib
gwbush1
gunther1
gunny
gulnur
guelph
gucci1
gtnhjd
grumble
grizz
gritty
grimmy
Griffin
grendel1
gregorio
greengreen
green69
Green
granP
granit
graffix
gracia
grace123
gr00vy
gottlieb
gostoso
gostosa
gordolee85
goomie
googie
goodgod
golions
goleafsg
goeagles
godislov
gococks
gmcz71
Glueck
glenn1
gkfytnf
gjytltkmybr
gjkbyrf
gjikbdctyf
gizmo69
ginsberg
gillie
gill
gilbert1
gilber
gigante
giantess
ghjuhtcc
ghjcnjrdfif
ghjcnjnf
ghjcnbvtyz
Ghbdtn
gggggggggg
gfhfdjp
geujdrf
gettysburg
getreal
gerrard8
geraldo
george3
george11
geolog323
GENERAL
gen0303
gembird
gellar
geemoney
gblfhfcbyf
gbjyth
gattone
GATORS
gatorman
garuda
gansta
Galina
galax
gaetan
fvcnthlfv
funkey
funfunfun
fullmetal
fucknuts
frosty1
FromV
fridolin
freedom9
free4me
fred22
Fred1
freaky1
francisca
franchis
Foxs14
found
fotograf
fortun
forsythe
forman
ford1
footsie
football2
fonseca
flyfishi
flintstone
flatus
flatland
flatbush
flashg
fj1200
fishie
fisher1
fische
finite
filth
fififi
fielding
fhifdby
fgdfgdfg
ffej
ferry
fatality
fantasy7
fantasma
fallenangel
fairfiel
faerie
facials
eyeballs
executive
exclusive
ewq321
evelin
evaeva
eudora
ettore
esteba
essayons
escada
ersatz
ericson
episode1
epic
enjoyit
endzone
enamorad
emily2
emily123
Elvis
elinor
elguapo
elgin
elendil
elbow
egroeg
edouard
eatshit1
easyride
easyeasy
dwell
dupa123
dummie
dumass
dukes
duke1
Dudley
dsadsa
drwho
druuna
drumnbass
DRIVER
Driver
drawde
drastic
drains
dragon9
dragon3
dozer1
downfall
dovajb
dorsai
dorota
doomer
dontcare
Donkey
domination
dominati
dominant
dollarbi
dolina
dogballs
dodson
dmb2010
dirkpitt
dion
dinky
dingos
dingding
dimochka
digit
dieg
diddy
diana123
dialer
diablo11
DIABLO
dfnheirf
Detroit
DerrickH
deniss
DENISE
demetria
dembel
deltic
deleon
degauss
deerpark
decipher
deanne
deadsexy
ddgirls
dctktyyfz
dbrown
david26
dave99
dave69
dave13
darrow
danone
dannon
danika
damocles
dalglish
dale88
Daisy1
daddy2
DADDY
cyecvevhbr
cyberia
cxcxcx
cutler
curitiba
cumsucker
cubbies1
cubalibr
crypt
cruella
crouton
cristy
crista
crist
crfnbyf
crf450
crevette
creole
crazyfrog
crazycat
Crazy1
crawdad
crabtree
crabcake
counters
counter1
corvet
corsa
corny
corky1
corkey
cordova
coorslight
containe
contacts
conor
concon
collins1
coleta
codyman
cnhfcnm
CMGANG1
CMC09
cloclo
clio
clint1
clarkken
claret
clara1
cjlove
cinco
chuckie1
Christop
chrisl
chris3
chops
chitarra
chino1
chich
chicago7
chicag
chibears
chianti
Chevy1
Chevelle
cheung
chesney
cher
chelsea8
cheez
charmaine
charmain
charlie8
charlie0
charlest
chapter
chapstic
chap
chancey
chamois
chadchad
cfif123
cerise
cello
cegthgegth
cecily
cdfoli
cde34rfv
cdavis
cbr929
cbr1000
cave
cavalo
catlin
Catch22
catalan
cat1
caseys
Casey
carrie1
carr
cardio
Cardinal
caraca
CAPTAIN
camille1
camaro67
calvin69
calliope
call911
Californ
cahek0980
cagney
Cadillac
caddie
cadbury
cables
c00li0
byabybnb
buttnut
buster22
bust
burt
burg
bureau
bunny2
bunky
bullshi
bulldog7
bulbul
buda
buck1
BUBBLES
bubba22
bruins1
brucewayne
browny
brodeur
breanne
breadman
bravos
brahma
br00klyn
bowhunter
bouchard
Boston1
bosses
bosox
borntorun
boriqua
booya
boonie
Boomer1
booman
bonoedge
BONNIE
bombshel
bomber1
Bollocks
bohemian
bogies
bodger
BOBBY
bobbbb
bluefire
Blue1
blowjo
blouse
blondin
blargh
blakey
blackhawks
blackburn
black22
bizarro
bitchboy
BITCH
bistro
birmingh
bingham
binbin
billbo
bilbao
bigwill
bigtop
bigstud
bigpappa
bigjay
bigchief
big
betsy1
bethie
bestia
bertha1
bernadet
berman
beograd
benson1
benjamin1
beirut
begonia
beetle1
beavis69
bear101
bear01
beachs
beach69
bcgfybz
batcave
baston
bastardo
bassplay
basso
basque
barcode
barbra
barbell
baranova
bankone
bankai
bananna
balbes
balalaika
bait
badge
badass1
bachman
babyhuey
babyboy1
baby01
b929ezzh
B7MgUk
b0n3
b0ll0cks
azazazaz
Azamat
avocat
Autumn
austin11
august31
AUGUST
augsburg
atombomb
athlete
at4gfTLw
Astrid
astra123
asseater
ass1
asian1
ashwin
ashford
asdfjkl1
ASDFGHJKL
asdf11
asd321
asd
arundel
artisan
arnster55
arne
armenian
armagedd
aristote
ariston
archives
archi
arcana
arbeit
ara123
aq12ws
april13
applebee
anyuta
anneanne
Anne
anna1989
anna1988
animator
animation
animate
anhnhoem
anguilla
andy12
andrew88
Anastasia
aminor
amanda11
alyona
alukard
alternat
alter
almira
allout
alliso
allblacks
allay
alibek
alfred1
alex95
alex1959
alenushka
aldrin
alaskan
Alan
alalal
alabala
aksarben
ak470000
ajnjuhfabz
airjordan
aircrew
Airbus
aiko
ahjkjd
agape
ag764ks
advokat
adam1234
acurarsx
acorn
access22
access123
abramov
abdula
abbaabba
aaronb
aaa777
aaa123a
AA1111aa
a54321
a3eilm2s2y
a32tv8ls
A123456a
aª»
9noize9
9lives
9KYQ6FGe
987654321z
94RWPe
93Pn75
92702689
890098
8889
8848
878kckxy
86868686
867530
85928592
84268426
824655
7gorwell
7F8SrT
7ERtu3Ds
789632
789551
777777a
777771
775577
76767676
765765
7644
753951852
744744z
7018
7001
6jhwMqkU
682regkh
678910
66699
651960
64646464
63636363
6345789
6339cndh
62626262
6226
6060842
5t6y7u
579300
57575757
5681392
567rntvm
555123
5477
5432112345
5333
5321
5286
5268
5191
5003
4x7wjR
4sex
4mnVeh
4meonly
4GXrzEMq
4g3izhox
4fun
4911
4854
4616
4582
456838
4523
452073t
4400
4311111q
4258
4255
4231
4213
4212
4209
4152
405060
38383838
3742
37373737
3711
343343
3330
33233323
3321
3247562
3221
3201
316769
31121967
311093
311082
31101972
310877
31081976
310778
31071967
310582
310383
310374
31031967
31031964
310176
31012000
305305
301177
301172
30111973
30111962
301082
301079
30091964
30081967
300793
300692
300681
30061996
300594
300579
300577
30051973
30051965
300477
300470
30043004
30041964
30041963
300375
30031973
300191
300175
30011970
30011965
2wsx
29202920
29121995
29121965
291177
291081
29101996
290994
290978
29081969
290793
290782
29071999
290690
29061969
290579
29051974
290473
290471
29041970
29041967
29041961
290391
290371
29031962
290272
290179
290171
29011996
2901
281284
281279
281274
28121968
28121962
281178
281177
28111969
281079
28101997
28101994
28101966
28091999
28091971
28091969
280872
28081968
280695
280678
280576
28051960
280495
28041969
28041964
28041959
28031972
280295
280192
28011967
28011963
2770
276115
2728
2723
271280
271172
271169
27101998
27101997
27101969
27091958
270880
27081964
270775
27071956
270678
27051997
27051968
270492
270470
270391
270371
270370
270198
270191
270174
2695
2691
26842684
2668
2667
2665
2652
26429vadim
26351
2622
261280
261279
261276
261175
261174
26111996
261077
26101969
260996
260988
260976
260895
260874
260780
260693
26041997
26041967
260377
2602
260179
26011968
26011963
2581
255225
2539
2527
25222522
2521659
251295
25121963
251193
25112000
25111968
251075
251071
25101966
25101965
25101960
250995
25091997
25091968
25091967
250797
250793
250770
25071962
25061970
250578
250573
250478
250472
250461
25041970
25041967
25041963
250374
25032000
25031969
250295
250277
250275
2502557i
25021971
25021968
25021966
250169
2466
241293
24121972
241180
24111970
241076
241061
24101966
240980
240976
240876
24081996
24081969
24071960
240677
24061997
240581
240567
24051970
240476
240474
24041998
24031997
24031996
24021974
24021971
240180
24011967
24011960
24011959
2377
2363
23562356
2322
2321
231111
231094
231076
23101997
230878
230877
23081967
23071998
230694
230673
230593
230492
230490
230475
23041970
23041966
230385
23031962
230269
230261
23022000
230197
230195
2273
2265
2259
2242
22334
2220
2214
221291
22121972
22121965
221097
221093
221074
22101964
22101961
220995
220976
220975
22091965
22081974
22081972
22071968
220673
22061998
22061966
22061963
22051963
220496
220494
220482
220476
220474
220463
22041998
22041964
220384
220373
22031968
22031960
22021967
220196
2196dc
2145
2141
21232123
212121qaz
2119
211292
211281
211275
21121967
211171
21112000
211079
211074
211073
21101999
21101998
21101974
210976
21092000
21091967
21091966
21081972
21081961
210779
21071972
210677
21061997
21061971
210573
210570
21051971
21051967
210477
210474
210472
21041998
21041996
21041974
21041967
21041960
210375
210374
21021970
21021967
21021966
21021965
2021
20121974
20121968
20121962
201188
201172
201169
20111964
20101996
201000
20091970
200894
20081973
20081963
20072000
20071969
20071966
200678
200677
200593
200575
20052006
200496
200478
20041964
20041963
200396
200393
200374
20032000
20031966
200185
200183
1Tits
1Spider
1Slayer
1Scott
1Scooter
1q2s3c
1Please
1Mike
1Merlin
1Matt
1lovers
1Jessica
1Jack
1Hockey
1Fred
1Ferrari
1Eagle
1clutch
1Chevy
1Chelsea
1Ccccccc
1Butthea
1Braves
1big
1Bbbbb
1angel
19952009sa
199199
198912
19891
198811
198777
198700
1986irachka
19866891
1982198
197411
196
19171917
191193
191090
190983
19091967
19091963
19091961
190890
19081995
19071970
19071968
190684
19061971
19061967
19041970
19031999
19031970
190292
190283
19021968
19021960
190181
19011997
19011967
1877
1836
181270
18121965
18101962
180992
180975
180895
180891
180890
180862
18081971
18081808
180792
180777
18071996
18071972
180693
18061968
180593
180576
180575
18051999
180484
180474
18041963
180397
18031997
1803
180287
180275
18021997
18021968
180196
180173
18011998
17891789
177177
1726354
1724
1721
1719
1718
17121998
17121972
17121968
171173
171064
170994
170991
170978
170975
17091970
17091966
170892
17081997
17081964
17081962
170781
17071970
17071966
17042000
17041969
170391
170382
170381
170377
170370
17031999
17031971
17031967
17031964
17031957
170291
170193
17011972
17011966
1680
167943
16641664
164379
1620
16121969
161196
16111996
16111967
161079
16101997
16101961
160993
160969
160892
160878
16082000
16081971
160779
16071998
16071997
160691
160678
160675
160598
16052000
160493
160492
16031965
16021997
160178
15s9pu03
159789
1597530
1582
157953
15121963
15121958
151192
151171
151077
15101998
150993
150992
150974
15091965
150877
150874
15081997
15081965
150779
15071967
15071959
150678
15062000
150478
150472
150470
15041997
15031967
15021971
15021962
150192
1472583
1443
144144
1434
14251425
1423
141280
141278
141275
14111998
14111969
141074
14091962
140878
140874
14081969
14081965
140773
14072000
14071998
140676
14061997
14061970
14061406
140498
140477
140476
140459
14041962
14031971
14031964
140273
140272
14021999
14021971
14021963
14011971
14011969
1400
137946
13661366
135795
13579135
135135ab
13301330
13245678
131275
131178
13111995
131071
13101969
130996
13091964
130874
130873
13081997
13081995
13081966
13071997
13061977
13061974
130598
130580
13051975
13051963
13041974
13041968
130387
130376
130275
130255
13021972
130178
13011999
13011962
130000
12q12q
1296
1294
1251
123abcd
123ABC
123578951
12345Q
12345asdfg
1234599
123456Z
123456qwert
123456aaa
123456aA
123456798
123456789zx
123456789.
123456788
12345611
123321s
123321az
12321232
123211
122000
121987
121979
12181218
12121974
12121965
12111970
12111964
12111962
12108
12101996
120999
120974
12091969
12091967
120897
120896
120873
120870
120868
12081962
120798
120775
120774
12071997
12061972
12061969
12061961
120573
120568
12052000
12051998
12051964
120472
12041998
12041960
120369
12031965
12021963
12021961
120169
12011972
1185
1162
1133557799
11335577
11301130
112299
112234
111981
111976
111293
111273
11117
111111aA
111093
111074
111072
11101997
110993
110967
11091974
11091968
110875
110871
110868
11081960
110797
110772
110769
11071959
110696
110574
11051970
11051967
110477
110476
110468
110369
110363
110359
11031972
11031965
110281
11021967
11021962
110171
11012000
11011970
110101
1094
1092
109109
1083
1065
1056
1051
1049
10311031
10301030
1020315
101998
101380
10121964
101171
101170
10111965
101093
101064
101055
10101966
10101963
100996
100967
10091965
100897
100774
100770
10072000
10071962
100661
10061970
100595
100593
100582
100573
100566
10051960
100496
100474
100464
10041969
10041963
10041960
10031998
100299
10021969
0990
0915
091279
091275
091272
09111995
09111970
09101977
09101974
09101971
090982
090972
090971
09092000
09091997
090891
090883
09081970
09081966
09081962
090793
090786
090781
09071966
090680
09061970
0906
090582
090577
090576
09051967
09051964
09041973
09031973
090295
090294
090289
090286
090278
090190
09011998
09011971
09011970
0883
0880
0821
081279
081188
08111971
08111970
081088
081070
08101969
080987
080983
08091971
08091967
080871
08081997
080779
080777
080681
080678
08061972
08061966
080591
08051964
080490
080489
080472
08041969
080382
080374
080372
080284
080281
08021969
080187
080186
080175
080174
08011997
07931505
0791
0786
0777
0770
07111997
07111994
07111963
071081
071069
070981
070978
070887
070873
07081971
07081961
070792
070785
07071969
07071968
07070707
07061970
07061961
070593
070578
070577
070576
07051972
070465
07041999
07041967
07041960
070392
070391
0703
070293
0702
070187
070182
07011969
07011966
0664
0650
0629
061284
061280
061177
061084
061080
06101969
060986
06091967
06091961
060874
06081966
060788
060781
06071967
0607
060685
060670
06061964
060593
060583
060469
06041967
060395
060385
06031997
06031968
0603
060289
060279
060275
060273
06021972
060192
060187
060185
06011999
06011970
0580
0517
051277
051271
05121960
051191
051091
050980
050896
05081996
05081969
050792
050777
05071964
050674
050582
050574
050569
05051964
050488
05041965
050391
050386
050376
05031999
050277
050276
05021969
050194
050193
05011970
05011960
041272
04121995
04121967
041181
041180
04111968
041091
041081
040976
04091997
04091961
040887
040878
040866
040795
040778
040776
04071997
040696
040676
040581
040506
040475
04042000
04041962
040379
040291
040284
04021968
04011968
0329
031283
031277
03121995
031190
031182
03110311
031079
030987
030979
03091999
03091996
030884
03081999
030795
030768
03072000
030691
030677
030578
030560
03051964
03041967
0304
030378
03032003
03031998
03031969
03030303
030280
03022009
03022000
03021972
03021971
03021969
03021967
021281
021273
02121968
021195
021174
020991
020980
020971
02091998
020896
02081998
02081968
02081967
020796
020777
020692
020674
02061998
020493
020491
020480
020479
02041968
020395
020394
020390
020386
02031999
02021999
02020
020192
020184
020183
020182
02012000
02011969
02011968
0199
0156
0131
013013
012345678910
0115
0113
011195
011193
011184
01111973
01101969
01091969
010886
010880
010875
01082000
010776
010682
0106
010579
010570
010569
01051996
010473
01041969
01031963
010288
010286
01021966
010194
010162
010159
0072563
006900
0033
0023
0012
000005
00000007
00000001
0000000000d
zzxxccvv
zz6319
zverev
zues
zrjdktdf
zoulou
zoMu9Q
zodiak
zimmerma
Zidane
zhjckfdf
zero00
Zeppelin
zealand
zaq1234
zaq1
zapped
zanuda
zaharova
zagadka
yyz2112
yukon1
yousuck1
yourmom1
yomamma
yfdbufnjh
yfcnz1
yfcnz
yfcnfcmz
Yellow
yelena
yCWVrxXH
yankees7
yakyak
xxxxx1
xohzi3g4
xexeylhf
xcat
X5dxwp
x12345
wxyz
wright1
wpoolejr
worms
wormhole
worldwid
wooten
woodwind
wonka
wombat1
womack
wolves1
wizard12
Wizard1
withnail
within
winxclub
wilshire
willie12
WILLIAMS
william7
willi1
wildman1
wiktoria
wifey200
widespre
whitewolf
whitaker
whirling
whatthef
wewe
wendall
welding
webman
weasle
wayout
waylon
waterbed
waswas
Warrior1
Warcraft
warcraf
wank
walleye1
waderh
wabash
w1w2w3
volvos80
voluntee
vodka1
vladimi
vlad777
viperman
vinny1
vinbyLrJ
Vikings
Viking1
vika2011
vid2600
Victory
vhou812
vfvfktyf
vfvekbxrf
vfrcbvjdf
vfrcbvev
vfnehsv
vfifvfif
vfhufhbnrf
veterok
verna
vergesse
vaz2101
vasily
vanilla1
vangar
valves
valve
vallejo
valenci
upper
UP9X8RWw
unknown1
UNITED
unforgiv
undertake
ujujkm
ujnbrf
ujhijr
ufhhbgjnnth
uekmyfhf
typical
type
twizzler
twista
tweety1
tututu
turnb
turd
tura
tujhjdf
tubby
tuba
ttocs
ttam
tsv1860
trytry
truckman
trot
trivium
triumph1
triste
Tristan
tripoli
trew
trapped
transits
tranquil
traffic1
trader1
towson
toutoune
tourist
touche
toront
tornados
toratora
toplay
topcop
tony_t
tompkins
tommylee
tommyd
tomek1
tomcat1
tom1
tobia
toast1
tman
tkachuk
tiziana
titstits
titani
tire
tintable
tinkle
timberwolf
timberlake
tightend
tigger99
tigger11
tigerboy
tiger22
tiger200
tiffy
tick
Tiberius
THUMPER
thorthor
thomas11
thinner
thesnake
thesis
themoon
thehip
thebears
thd1shr
tgo4466
terps1
terces
tennis11
temp01
telecaster
TeFjPs
teach
tea4two
TAURUS
tatoo
tapper
tapout
tanya123
tangent
tane4ka
talonesi
tallulah
talisker
takayuki
tadmichaels
System
syrup
swollen
switzer
sweetpussy
swanny
swami
svetasveta
suzyq
suzieq
surfcity
surface
superted
supermax
Superma1
superjet
super5
sunghi
suit
suggest
suger
suerte
sudhakar
sucker69
Success1
stunna
stuffit
stuart1
stryke
strikes
Strider
stressed
strela
stoneman
stomatolog
stitches
stimpy1
stgeorge
stevo
Steven1
stevek
steve121
sterne
stephany
stellina
steamy
stason
stasia
Starwar1
starrr
starline
starik
starburs
Stalker
stacks
stack
stacey1
ssecca
sr20dett
squealer
spurs123
sprint1
sprin
spit
spiritus
spiri
spencer2
spam967888
sovereign
soundman
soreilly
sophia1
songohan
somers
sombra
soloyo
solomon1
soloma
solnyshko
solidus
socks1
soccer69
soboleva
soaring
snowmass
snowie
Snowball
snoppy
snookums
snippy
snapper1
smythe
smooches
smokey12
Smokey1
smokepot
smallfry
smacky
slutty3
SLIPKNOT
sliders
sleepy1
skylane
skyblues
Skippy
skelly
skate123
sixgun
sitges
sissyboy
simone1
simo
silvers
silver2
sillyme
signup
SIERRA
siberia
shweta
shred
shoulder
shorter
shortdog
shokolad
shiva1
shields
shelly1
shaq
shanda
shamanking
shalimar
shagme
shaft1
shadow3
shadow22
shaddy
shack1
sexsells
sexisgood
sevisgur
severine
settlers
settle
servo
Services
serve
sergey123
sergeeva
serega123
serdce
serbia
sentinal
senegal
Sending
segredo
seether
security1
secured
sebast
sdfghjkl
scrubs
scram
scouse
Scott
Scotland
SCORPION
scorpio7
Schalke
SCARFACE
scarfac
scare
sayonara
saviola
savage1
satelite
sasquatch
sasquatc
sashadog
sasha1988
sarahc
sanches
samvel
samso
sammycat
samesame
samedi
sameas
salty1
sailaway
sadies
sad123
sabers
s5r8ed67s
rutabega
russo
russ120
Ruslan
running1
runfast
runescape1
rummy
rulezz
ruffneck
rudiger
rubin
rrrrrrrrr
roundup
rounds
roulette
rosit
rosina
rosales
Rommel
rolsen
rolls
rollo
rolf
roflrofl
rodney1
rodgers
robertso
ROBERTA
robbin
rjrfrjkf
rjcnzy
riven
richardson
richard3
rhianna
rfhfrfnbwf
rfgecnfcerf
rey619
revenant
rev2000
reuters
reunion
residentevil
repytxbr
reptiles
renaud
remrem
relish
relayer
rehnrf
REGGIE
reef
redvette
REDSKINS
redrocke
rednecks
redhair
red911
reape
reanimator
realmadr
ravers
ravens1
raven69
raven3
Raven1
rattlesn
Rascal
rapeme
rape
ranman
ranger02
rando
rana
ramil
ralphs
rainrain
rainbow7
radical1
rachael1
r1234567
qwerty89
qwerty2010
Qwerty02
qwaszxqw
quiver
Qqqqqq1
Qqqqq1
qazxcdews
Qazwsx123
qazqwe
qazokm
q2w3e4r
Q1W2E3
putney
pussyca
pussy3
pussy21
pussy101
pursuit
purpose
punt0IT
punksnotdead
punjabi
puneet
pumpum
puhpuh
psw333333
proof
prong
project1
production
prober
prism
pretende
pressman
premiumcash
preciou
preciosa
prapor
Pppppp1
positiv
porkypig
poptarts
poppydog
poopee
ponytail
pondscum
pompon
polygon
politic
poligon
poker123
pointe
poetic
pmdmsctsk
pleomax
playstation3
Platinum
planet1
pippa1
pippa
pinkpant
pikach
piglett
pickel
picass
photosho
phoebus
phil413
phase
phanto
phantasy
peterman
perry1
perrito
pepper2
penelopa
pelmen
peggy1
peek
peanut12
Peaches
peace123
pavlin
pause
patrick7
path13
pastry
password21
password10
passwo
passw0rd1
Pass1234
pass10
partys
partyon
particle
partagas
Paris
parfilev
parazit
paquito
paperclip
pantss
panget
pander
palenque
paintball1
painful
padre
p1234567
P030710P$E4O
owen10
overton
osipov
orthodox
orgasmic
orchids
ooooooooo
Ooooo1
ONLINE
onemore
oneluv
omgwtfbbq
omg123
omega13
omaha
olsen
olli
oleg1995
okie
odinthor
odense
odelay
number20
nukem
note
noonie
None
nomar
nomames
nolan1
nokiaa
nokia6630
nokia5320
noisette
nofate
nofags
noddy
nissan350z
Nissan
nini
ninety
nimda
nikki123
nightime
night1
nigge
nicklas
NICK
nicetry
nibble
nfymrf
neworlea
newhome
newera
nestea
nescafe
neronero
nermin
nenit
nemrac
NEMESIS
negrito
needsome
necroman
NdsHnx4S
ncstate
nccpl25282
Nathan1
nathan0
NATHAN
natale
natala
nara
napol
napier
nanotech
namtab
nadia1
nadege
n8skfSwa
mystikal
myron
mynuts
mylady
mxyzptlk
mwss474
mutiny
mustard1
multiplelog
mulder1
muggins
muffy1
muffin12
mufc
mtwapa1a
msdn
mrlover
mrkitty
MOUNTAIN
motorcycle
motoman
mordred
morbius
moomoo1
moom4242
montgome
monte1
montagna
monsta
monopoli
mono
monkeys1
monkey66
mongrel
money111
monet1
monda
moll
moline
module
modest
Mobile
miyamoto
mithrand
misty2
misterio
mishel
minogue
minnie1
minimax
minhasenha
mingming
miner
mineonly
milwaukee
miller2
milky
milkshake
mile
mikes
mike44
mike26
miguelit
mignon
midas
mickeymo
Mickey1
michaell
mets69
merlin99
merl1n
merckx
mercenar
mensuck
melvins
melone
melena
mekong
megryan
megaman1
meeeee
meee
medvedeva
medics
mcgill
mcduff
mayflowe
max007
mattress
matia
matheus
mashenka
mashed
marykate
maryjoy
marwan
marusa
martin2
marry
married1
maroon5
marlin1
marlee
markov
mark01
mariska
mario64
MARINA
marilena
marica
margaret1
marcin1
marcelle
maral
maomao
mantle7
manstein
manni
manga1
mandys
mandragora
mandarinka
mancity1
mammy
mallard1
making
majick
maiyeuem
maimai
mahimahi
magistr
madison9
madison3
madam
macker
machado
macdonal
m1chael
M0b1l3
lyubov
lyrics
lynda
luxury
luthien
lumberjack
Ludwig
lucretia
lucky6
lucky12
lubbock
luap
lowe
lovey
loveone
loveman
lovebugs
love01
losfix16
lorna
lordsoth
lordik
loosee123
lool
longboar
lolnoob
lokiju
logica
logan123
lodge
locate
loca
lmfao
lloyds
lloyd1
llama1
liverpoolfc
liveoak
lisichka
lisabeth
lipper
lionsden
linus1
linksys
Lindsey
lindeman
limo
likesit
lighters
lifetec
lifeguar
Lieve27
lieben
licklick
libras
liana
lewie622
leverage
leto2010
leolion
length
legola
legioner
legalize
leftover
left4dead2
leduc
lebedev
laurab
latour
latics
lateralus
laster
larrybir
Larry
lardass
langston
landis
lala123
lakers12
laforge
ladybu
labels
l0swf9gX
kzsfj874
kwiettie
kurupt
kurtcobain
kurgan
kukuku
kubota
krayzie
komlos
kolesnik
koala1
knight12
klubnika
klinker
Kingdom
King
kimota
kilokilo
killer23
killer11
kikiriki
kierra
kickbutt
kfnju842
Kevin1
Kermit
kensai
kendall1
kekskek1
keiths
keithb
keith123
keen
kcaj
kbdthgekm
kazu
kats
katrine
kathrine
katekate
karting
karabas
kangoo
kamal
kaliningrad
k1ller
k1234567
junky
jungfrau
julius1
juggler
juggalo1
jtjtjt
jose98
joschi
jordan99
joop
jonnyboy
jonnyb
joiner
Johnson1
joey21
jocko
jmol01
jkl123
jjones
Jimandanne
jijiji
jgordon
jetblue
jesus2
jerrod
jerom
Jeremy1
jeremia
jens
jeepin
jeanjean
jaydog
jasong
jason25
JASMINE
jasmina
janbam
jamming
jamie123
Jamie
jami
jamesk
james3
jamal1
jake99
jacob2
jacked
jackas
jaba
j0nathan
ivanka
ivan2010
isabel1
irwin
ironmike
ironic
ironfist
irocz28
irock
irina1
irie
iop890
intoit
intersta
InstallSqlSt
insignia
inhere
infrared
Information
incoming
inbed
iloveyou123
ilovejesus
iloveboobies
illuminati
Iiiiiii1
igor123
igloo
iglesias
ifufkbyf
iecnhbr
idea
icepick
iamtheman
hydrant
HXxrVWCy
hussein
hurst
hunter22
hungwell
hummerh2
HUMMER
humbert
huligan
hornball
hoppers
Hooters1
hooligans
hoodoo
honky
honker
homer69
holsten
holman
hollister
holera
hohohoho
hobbes1
hj8Z6E
hillcres
hideout
hhhhhhhhhh
Hhhhh1
hfvbkm
heyjude
hexagon
heron
hendrick
hen3ry
hemligt
helpme2
helpful
helloall
hello22
heckfyxbr
heckfyf
hebert
headhunt
haus
harrow
Harrison
harmony1
harddriv
harami
Hansen
hangten
handsoff
hana
hammered
haloreach
halima
hairdo
guppie
gumshoe
gumper
gulf
guernsey
grundle
grim
grillo
grill
GREGORY
greer
greentre
greeneyes
grandorgue
grandma1
graci
graceland
grace17
gosling
GORDON
goose2
gooner1
goodgame
gooch
gold12
gogosox
godswill
godeep
gnorman
gnome
glock9mm
glock40
given
giuli
girly
ginseng
gillian1
Gilbert
gigant
giga
ghgh
gfhfcjkmrf
gfgf1234
gfgf
gfedcba
gfccgjhn
gevorg
gevaudan
getsum
gerrit
germa
geri
georgin
gcheckout
gbrfxe
gazza1
gazeta
gawker1
gauss
gatogato
gatlin
gary123
garfield1
gammas
gamma1
gamlet
gamess
gallon
fy.njxrf
fylh.irf
futuro
funboy
fumble
fugitive
fuckyouguys
fuckyoubitch
fuckyou12
fuckoff2
FUCKOFF
Fuckoff
fuckmyass
fucklife
fubu
fritzy
friend1
freeee
freedom4
freed
Freddie
Franklin
Francoi
fraise
foxwoods
fox123
forzima
forsure
forever21
ford22
forbidde
footboy
foodie
foodfood
fontana
foiegras
FLORIDA
flooring
flog
flippers
flicker
flea
fldjrfn
flblfc
flavour
flashbac
flap
fktdnbyf
fitte
fishlips
firstson
Fireman
firehose
firefly1
fire69
fire1
fiona1
finesse
find
fighting54
fifty50
fifa2008
fhnehxbr
fghbjhb
fetter
festina
ferrum
ferrell
ferraris
fermer
fenrir
felder
fedex
februar
fdhjhf
FBi11213
fatkid
fatback
farmer1
Fantasy1
fanny1
fancy1
family5
fallen1
fajita
fairy
fairlady
fair
fahbrf
facade
fabiano
F8YruXoJ
eyedoc
eybdthcbntn
eveli
eurocard
eugene1
estefan
esteem
espada
eshort
eruption
erotik
ern3sto
erich
Enterpri
Enter1
ensign
engine1
engaged
endure
encarta
empathy
emmanue
emilys
emerald1
elvis69
elmer251
ellison
elegant
electra1
election
eldridge
ekilpool
egyptian
educatio
edmundo
Eddie1
economics
eagles20
EAGLE1
EAGLE
duvall
dutton
durban
dunca
dumpling
dummys
dumbshit
dumbo
dumbdumb
duisburg
dududu
dubai
drums1
drumer
drogba
dredre
drawer
dragon64
downunde
downtime
dorset
doormat
doofer
doodad
doneit
donal
domi
DOCTOR
dochka
dmxdmx
dmh415
dkflbdjcnjr
djljgfl
divinity
diversio
disneyland
Disney
diplom
dionis
dinamite
dimon4ik
dimedrol
dima1994
diller
dignity
Digger
diablos
dgthtl
dfcz123
devon1
devilish
despair
DERRICK
denzel
denison
demolay
deliciou
delfi
delacruz
deflep27
deez
deeppurple
deep111
debbie69
Death1
deangelo
deandre
de1987ma
dddddddddd
dddddd1
dctvghbdtn
dctvghbdf
daybreak
davidw
davidr
david3
daulet
dasha1
daruma
dark666
darion
darin
darcy1
dannyb
danielle1
daniel01
dallas12
dallas11
daffyduc
dado
dabble
czar
cytujdbr
cybernet
cxzdsaewq
Cv141ab
cums
cumlover
cum123
crumpet
cruiser1
cronaldo
croco
crjhjcnm
cristopher
cribbage
creative1
Creative
crass
crashed
cracked
cptnz062
costco
cossack
cornel
cornball
corinth
cooney
cool11
conni
conley
condon
concac
conair
comrade
compress
completed
compaq3
coleman1
cokeisit
cocoa1
cobweb
cobra123
coachman
Co437at
co2000
cnhfyybr
Cmu9GgZH
cmoney
clinic
climbon
cliff1
clementi
clarisse
claims
cjytxrj
cjhjrf
cire
cious
chupa
chunli
chum
chubba
christian1
Christ
chorus
chorizo
choices
chloe123
chivalry
chinna
chinita
chihuahua
chiar
chet
CHESTER
cherri
chelsea0
Cheese
cheerleader
cheek
checked
charro
charmer
charlot
charle1
chariot
character
changepa
champio
chalmers
chalky
chaise
chacho
cessna17
cerulean
cerro
ceramic
CELTIC
ceisi123
cecili
Cdtnkfyf
cbrown
cbr600f4
Cb207sl
cazzo1
CATS
Catherine
cateye
catering
catbert
caseih
carrillo
carolyn1
carnegie
carlyle
carlit
Carla51
carin
caracol
caper
candlebo
candide
camshaft
camron
callista
calculator
calbears
calabria
cahill
CADILLAC
cadet
cachou
cabinets
cabible
bvgthbz
buzzman
Butthead
butterfly1
bushes
busdrive
burrows
bundas
bumerang
bulls123
bullpen
bugsbugs
bugged
bugeye
bugaboo
buffy16
buffaloe
buenos
buddy23
buckwild
bsheep75
bryce1
Brutus
brunswic
bruno12
brunner
bruder
broadband
BRITTANY
brianm
brian2
brentford
braves95
boutique
bottles
botswana
bossdog
bosco123
borisova
boriska
bootycal
booo
boognish
boog
boodle
booboo69
bonethugs
boneman
boludo
bologna1
bollix
bokbok
bogos
bodega
bobster
bobbym
bob2000
Bo243ns
bmw320i
bmw318i
bluetick
bluesea
bluedevils
blub
blowup
blown
bloembol
blitzen
Blazer
blasters
blade123
blackpool
blackone
blacker
blackdick
blac
bitche
birthday6
birthday10
billy2
billiam
bill2
bigwig
bigwave
bigtom
bigtime1
bigsur
BIGONE
bigjon
biggi
bigfan
bigdo
bigbro
bibble
beverl
Bettina
betabeta
berta
Berlit
Ber02
benidorm
bengals1
bellaboo
belgorod
belgario
behave
begemotik
beegee
beatles4
bearing
beardown
bearclaw
bearcat1
BEAR
beagles
bbbbbb1
bball23
batman11
bathtub
basspro
basile
bartolo
bartek1
barsoom
barrynov
barrera
barrakuda
barney12
barney11
barnaul
barbosa
barbecue
barbaris
bApeZm
banter
banshee1
baltazar
baller23
baksik
bakker
bajskorv
bailey2
Bailey1
bahram
Baggins
bagdad
badmojo
badbob
backward
bacardi1
BABYGIRL
baby69
babcock
b00bies
b00b00
azzurra
azonic
ayacdc
axelle
avocet
Avatar
avalon1
Avalon
available
automatic
aurinko
august25
august12
august11
audio1
Atlantic
Assword1
assembler
asilas
ashton1
asel
asdfrewq
asdf67nm
asdf4321
arun
artyom
arsenic
arsenal2
arschloc
arnie
armour
armadillo
Arlington
archmage
arcanum
arbiter
araceli
applied
apple13
appel
aolcom
ants
antoxa
antero
antalya
ant123
Annette
annann
anjela
aninha
anglia
angi
angelique
angel99
angel69
andy11
andreea
andrea11
anastasiy
analslut
amistad
amigo1
America1
amadeus1
altosax
altavista
alone1
almaz666
almas
allan123
aliya
alison1
ALEXIS
alexa1
alex23
alex02
alesia
alena2010
alekseev
aleksand
alberto1
alber
albator
alaska1
alanfahy
akitas
aircav
aileron
aidan
agricola
afhfjy
advisor
admin2
adjkadjk
adel
actress
acting
acorns
acmilan1
acme34
acdeehan
Ac2zXDtY
abundance
abroad
abcde1
abc125
abc123abc
abacabb
aamaax
aaa12
a3jTni
a1234b
a1234567890
a121212
9989
98798798
9811020
9595
944turbo
9379992q
926337
9009
8XUuoBE4
8VjzuS
8928190a
888555
8823
8686
8651
85852008
80637852730
7inches
7elephants
785612
779977
7778
7700
7669
76543210
7476
7467
7452tr
7418529630
709394
705499fh
6900
6869
68686868
678901
6768
667766
666420
6543
60606
5tgbnhy6
57392632
564564
5622
5612
5598
5577
5556
5551298
550722
5505
54775477
546546
5422
5411pimo
5400
531879fiz
5263
5262
5255
5200
51094didi
4iter
49ers1
4976
48774877
4808
4807
4712
46775575
4666
45auto
45685
456123a
455445
4546
4541
4520
4507
450000
4469
4434
443322
442200
4377
4294967296
425425
4233
4225
4126
4123
411411
4077mash
4034407
4013
4001
3techsrl
3f3fphT7oP
38gjgeuftd
369874125
3657549
3630000
3615
3578951
3578
34778
3388
337733
33693369
33334444
321cba
3215
3194
316497
31323132
311280
311278
31121997
311092
311078
31101969
310894
31082000
31081996
310594
310576
310381
310379
310373
31031971
310197
310183
310180
31011965
3100
3052
301073
301072
301070
30101968
30091969
300893
30081970
30081969
30081968
300775
30071995
300693
30063006
30061969
300574
300572
30052008
300392
30032002
30031968
300185
30012000
30011999
30011967
2gether
291276
29121996
291190
291187
291181
291173
291078
29101973
290975
29091999
29091997
29091960
290897
290896
290892
29081998
290794
290772
290695
290678
290674
29061962
290595
290578
29051963
29051959
290492
29042000
290394
290392
290381
29031998
29031964
290280
290195
290194
29011997
281268
28121997
28121969
281187
281169
28111967
281073
28101970
2809
280895
280875
28081971
28081970
280778
280773
28071960
280707
280692
280685
280673
28061961
28051968
28051967
28051966
280481
280464
280396
28031973
28031964
280294
280283
280274
28011999
28011966
2766
2715
271295
271279
271278
27121995
27121969
27121961
271170
27111998
271095
271091
27101973
27101967
270992
270980
270978
270895
270879
27081998
27081972
27081969
27081966
270776
270768
27072000
27071963
27071962
270677
27061970
270572
270475
27041966
270395
270379
270374
270362
270295
270280
27021965
270196
270195
270177
27011998
27011968
267ksyjf
26121997
26121966
261095
26101966
260978
260977
260894
260889
260879
26081967
26081962
260795
260774
26071965
260695
260673
26062000
26061960
2606
260574
260475
26041963
260395
260394
26031968
26031963
260293
26021969
26021966
260181
260175
26011969
2589
2587
258654
2570
2564
2562
2521
251293
251277
25121998
25121969
251173
25111974
25111966
251094
250996
250970
25081999
250794
250775
250771
25071971
25071969
25071964
25071960
25061969
25051967
25051959
250505
250496
250495
25041999
250375
25031967
25031962
25031956
250294
25022000
25021961
250196
250195
250172
25011968
25011965
25011962
25011961
250100
248ujnfk
2477
246890
246824
2465
2456
2453
2433
24111998
241094
24091970
24091968
24091960
240896
24081961
240794
240792
24071973
24071967
240692
240675
24061970
240570
240562
24051961
24041962
240380
24031999
24031998
240294
240275
240197
240179
240173
2359
232232
2313
231294
231273
231178
231177
23111998
23111995
23111958
231077
23101998
230976
230970
230896
230874
230783
230779
23071965
230671
230670
23061996
230596
230595
23051968
230396
230377
23031998
23031969
23031964
23031961
230278
23021965
23021964
230194
23011965
2272
2264
2257
2254
2217
2216
221264
22122212
22121968
22111958
221092
22101969
22101967
22092000
22091969
22091964
22091960
220896
220893
220868
220866
22082000
22081969
22081967
22071960
22061960
22051970
220479
220470
220374
22031969
22031962
220263
22021966
220183
22011956
220022
2187
2183rm
2176
216216
2151
2150
211276
211268
21121965
211174
211112
211082
211081
21101997
21101996
210996
210995
210980
210973
21091968
210881
210878
210876
210794
21071997
21061999
210593
21051969
21051968
21041968
21041966
21041963
210370
21032103
210294
210280
210277
210276
210273
21021956
21011997
21011969
21011966
2052
2031
2025
2014
201295
20121969
201201
201198
201191
20111963
201091
201080
201062
20101997
200994
200978
20091998
20081997
20081964
20081961
20071997
20071963
20071957
200673
20061970
20061967
20061960
200495
200376
20031961
20022003
20021968
20021964
20021962
20011966
20011961
1z1z1z
1qwertyuiop
1qaz@WSX
1qayxsw2
1q3e5t7u
1pussy
1Morgan
1Mickey
1Maggie
1Joshua
1Jjjjj
1grizzly
1Fucker
1Compute
1Chris
1chris
1Asshole
1Aaaaaa
1a2s3d4f5g6h
19955991
199423
199412
198919
198787
198600
198555
198519
197600
197430
197197
197100
19441944
1924
19181918
191291
191290
19121960
191189
191185
19111958
191091
19101969
19101965
19091970
190892
19081969
19081964
190789
190681
190676
19051961
190491
190480
19041969
190387
190381
190377
190374
19031965
19031959
190291
190286
190285
190277
190186
190180
19011964
19011959
1814
181293
18128
181277
181271
18121963
18111998
181093
18101966
18091997
18091968
180879
18082000
18081957
180794
180787
180778
18071997
18071963
180678
18061963
18061959
180595
180495
180481
18041969
180395
180393
180390
180375
18031971
180295
180274
18021998
18021969
18021965
180192
18011964
1723
171277
171182
17112000
171076
17101998
17101969
17101966
170992
170980
17091961
170873
17082000
17081998
17071994a
17071961
170695
170679
170674
17061969
17061966
17041971
170393
170284
17022000
17021970
17021968
17011957
16911691
166666
16473a
1640
1625
1623
1618
1614
161294
161271
16121968
161195
161170
16111968
161096
161092
161075
16101978
160995
160994
16091970
16091959
160893
160881
160877
160870
16081967
16081966
160794
160789
160775
16071961
160671
160575
160572
16051997
16051958
16041969
16041963
16041962
160391
160376
16031999
16031962
16031959
160293
16021961
16021959
160197
160195
160194
160193
16012000
16011977
16011969
16011968
15915
1573
1565
155555
15362
1533
1531
15261526
151500
151281
151273
15111969
15111966
15101969
15101965
150994
150991
150975
15091998
15091958
150893
150864
15081961
150793
150774
15071970
150672
15061995
15051967
15051963
150496
150490
15041966
150375
150371
15031970
15021964
15021502
150178
15012000
15011968
1479
147789
1474
1470
1447
1429
142536789
14151415
141290
141273
14121996
14111968
14081970
140798
14071968
14071964
14071789
140696
140678
14061961
140578
14051970
14051965
14051960
140491
140461
14041969
14041966
14041963
140396
140392
14031997
140297
140268
140176
14011996
1385
13601360
1357642
1347
13141314
13121997
13121968
13111971
13101999
13101966
130993
130974
13091999
13091975
13091959
130875
130770
13071972
13071968
130694
130692
130676
13061971
13061970
130576
130572
130563
130495
130475
130377
130373
13031964
13031957
13031956
130271
13011970
1299
1295
1291
1282
1261
125412
124365
123ert
123edc
12399
123678
12345rewq
12345qqq
123456zz
123456qwer
1234567qw
1234567m
123456789i
123456789e
123456789c
123456789as
12345670
123456654
1234554321q
12345$
123445
12343412
123123f
123123123123123
12300
12281228
122448
121970
121298
12128
121259
12121997
121193
12111963
121066
121063
12101999
12101970
12101966
120997
120996
120970
120965
12091999
12091970
12082000
120795
12071965
120697
120674
120598
120597
120571
12051969
120496
12041966
120394
120299
120278
120276
120270
120269
12021971
120163
12011971
1195
1191
118a105b
1182
118118
11661166
1166
1158
115511
115115
11281128
112482
112244
112233445
11223311
11201120
111a111
111987
111870
111568
111292
111281
111222q
111194
111173
111172
111163
11111999
11111118
111100
111082
111077
11098
110969
110894
110877
11081968
11081959
110695
110671
11061970
11061964
110491g
110474
110473
11042001
11041957
11031966
110299
110271
11021998
110176
11011967
11011963
10987654321
1048
1042
102878
102575
102030405
101297
101273
101264
101195
10111971
10111960
1011111
10111
101099
101097
1010220
10101961
101001
100years
100999
100974
10091970
10082001
10081997
10081968
100773
10071968
10071967
100672
100667
100571
10051968
10051962
10041998
10041968
10031968
10031964
10031960
100295
100281
100265
10021967
100193
100176
100168
0u812
0cDh0v99uE
0925
091288
091276
09121972
091186
091184
091178
09111969
091092
091086
091079
091071
09101968
090993
090992
090987
09091968
090871
09081969
0908
090791
09071999
090691
090678
090670
09061968
09051966
09051958
090485
090473
09041962
090387
090380
09031997
09031964
09021998
090189
09012000
09011964
0889
0825
082288
081286
08121976
08121964
081190
081182
081174
081083
081074
080992
080984
08091970
08091966
080894
080875
080873
08081961
080789
080784
080775
080689
080684
080679
080588
080586
080584
08051968
08041966
08041965
08041961
080394
08032000
080289
080288
080285
08021964
080184
08011996
08011963
0790
0773417k
0718
0713
071292
07121974
071194
071191
071180
071170
07110711
071084
07101971
07101969
070994
070985
070975
07091997
07091968
070893
070885
07081966
07081959
07061996
07051964
070481
07041996
07041962
07021997
07021967
07011970
07011962
0630
061292
061287
061283
061271
061184
061179
06111964
061069
060975
06091971
060876
060873
06081961
060783
060778
060694
060682
060680
060675
06062000
06061962
06051998
06051971
0605
060480
060477
06041996
06041969
06041961
060382
060381
060295
060286
060197
060194
06011967
0529
0527
0525
0523
0516
051276
051275
05121971
051189
051175
05111998
051095
051089
051086
051073
05101968
05101963
050992
050991
050975
05091958
050892
050887
050885
050872
05081999
05081963
05071968
050693
050692
050678
05061960
050594
05051960
050485
050470
05041998
05041973
05041969
05041966
05041963
050395
050392
050390
050378
05031965
050291
050273
05021965
05021964
050191
050189
050180
05011972
0494
04121974
04121966
041184
041171
04111999
04101996
04101995
04101970
040987
040981
04091965
04081962
04081960
040779
040777
040694
040692
040677
040587
04051967
04051963
040494
040489
04041965
04041960
040385
040374
040364
04031963
040281
040196
040184
040181
04011971
04011965
0390
0385
0328
03121964
031192
031181
031176
031077
03101968
030978
030888
030870
03081969
03081968
03071967
03071965
03071959
030694
030575
03051997
03051965
03051960
030493
03042008
03032007
03032005
03032000
030296
030283
030282
030279
030278
03022008
030180
030177
030175
030172
03011967
03011963
0284
0226
0218
021275
021270
02121967
021177
02111965
021091
021073
02101997
02101968
02101963
02091996
02091958
02081957
020773
02071998
020693
020680
020676
020675
02061969
020576
020569
020489
020477
020473
02041999
020389
020362
02031964
020279
02021969
02021968
020191
020186
020179
02011966
0188
01478963
0147852369
0129
0128um
01234567890
01213
0121
0118
011279
01122010
01122000
01121966
011183
01111972
01111967
01111961
011088
01102010
01102000
01101998
01101970
01101965
010978
010974
010971
01091999
010881
01081964
01071997
010692
010672
01061966
010587
010573
01051998
01051968
01051955
01042011
01041964
01041958
010399
010392
010371
010287
010276
01021965
01021963
01021959
01021955
010196
010156
010153
00998877
0083
0025
0017
0010
00070007
0006
00009999
000099
000021
00000a
zzzzzz1
zygote
zxcasdqw
zwezda
zldej102
zircon
zippo1
zimmerman
zidan
zenzen
zarema
zaqwer
zane
zakzak
z123456z
yuyuyu
ytnhjufnm
YtDXz2cA
yourass
youare
yjdjcnbf
yfl.irf
yesenia
yankees9
yankees3
yanina
yamakasi
y4kuz4
XSvNd4b2
ximen
xenogear
xbox36
x4wW5qdr
www333
WtcACq
wrexham
wqwqwq
worth
worf
woody123
woodpony
wolfman1
Wolfgang
wolfe
WNMAz7sD
wm2006
wLTfg4ta
witness
without
WINTER
winstons
wink
windward
windsor1
wills
willows
Willow
williamm
wilkie
wichsen
whowho
whitesta
whine
whateva
whalers
wetworks
wetwilly
wetcunt
western1
westend
west123
welch
week
webguy
wayfarer
washear
warlords
waring
waratsea
walther
walsh
walsall
wack
voldemar
vladimir1
viva
virgilio
viper12
vinyl
villevalo
villas
villain
vijay
vibes
vfvjyn
vfvfgfgf123
vfvf2011
vfrcbvvfrcbv
vfr800
vfiekmrf
vfhvtkflrf
vFDhif
vetalik
verochka
verlaat
venom1
veloce
vasilisk
vasilina
vasco
Valentin
usopen
usethis1
uranium
upsman
unhappy
unclesam
unB4g9tY
ulyana
ultra123
uliana
ujkjdf
ubique
twoone
TwisT
twins1
twink
tweaker
turtl
turkiye
turandot
tunisia
tumtum
tumadre
tulsa
tuff
Tttttt1
truth1
troop
tristram
TRINITY
trento
trendy
treats
travel1
trantor
trailer1
towtruck
towncar
touring
Torres
topdawg
topaz1
tootall
toolong
tony88
toltec
todiefor
toby1
tobi
toadtoad
tlbyjhju
titmouse
tiribon12
tingle
timt42
timmy123
timberland
tillman
tijuana
tigres
tigerpaw
tiffany2
thx113
throw
thrall
thorny
thordog
thoradin
thomas13
thomas10
thingy
thicluv
thiago
theodor
themaste
theking1
thekids
thehun
thefox
thedead
thechamp
texan
testin
Test
teodoro
tekken3
teh012
teepee
teenslut
teens1
teenlove
teddies
tedbear
tears
tazzer
taucher
tass
tasman
tashas
tapioca
tanusha
tampon
talula
tall
talktome
taitai
taison
tails
sydney12
swissair
sweety1
sweett
sweet2
Sweet1
sweeet
suzann
surfsurf
supermario
supercoo
superbowl
sunnyd
sunny7
sundaypunch
sun123
summer07
sukkel
suite
sucka
SUCCESS
STUPID
stumps
studen
struggle
stool
stockcar
stingers
stick1
sthgrtst
stevenso
steve2
staticx
starz
starwood
startnow
starr1
stark
stanza
standup
stalker123
stakan
stain
stagger
st1100
ssvegeta
ssap
squeeky
spurss
spork
spookie
sponsor
spirits
SPIDER
speedie
speculum
speciali
specboot
spank1
spaghett
spackle
southbay
sorted
sorokina
sophie2
Sophie1
sooty
somalia
solutions
solus
solovey
solitair
solidsna
sokada
sofaking
soccer33
snusmumrik
snowey
snowball1
sneaks
smokey2
smokers
smokeone
smokee
slon
slip
slicky
slick123
sleipnir
sleigh
skywalk
skripka
skinner1
skidmark
skelton
sirocco
singe11
singe
simpleplan
simpl
simba2
silver11
silke
silkcut
silenthill
signon
sign
siegel
shyanne
shrek
shoeman
shockers
shivani
shithappens
shirley1
sher
sheikh
sheet
sheen
shdwlnds
shawn41
shave
shashi
shash
sharona
sharon69
sharky7
sharkie
shark01
sharif
share
shanon
shane123
shalo
shaken
shahrukh
shafted
shaffer
shader
shabby
sexmania
sewanee
servis
Service
serrano
serina
serik
sergio1
Serg
serendipity
serenada
sequel
send
semsem
selfok2013
selector
sektor
seeme
seattle2
seashell
searchin
scsa316
scrumpy
scrub
scoubidou6
scotto
scorpio2
scooter6
Scooby1
scooba
schecter
scene
scarlets
scale1
scabby
sausage1
satire
sassy123
sasha1994
sarkis
sarah69
sarah2
sanman
sanek
sandy69
sandy2
Sandy1
sandoval
sanctuar
sanchez1
samy
samadhi
sam
salosalo
Sally1
salguod
sakur
saimon
sailing1
safeu851
sada
saber1
S62i93
s12345678
s0ccer
ryslan
rustler
rushfan
rugburn
ruffruff
rse2540
Rrrrrrr1
Rrrrr1
royce
Roxanne
rottweiler
rotor
rotciv
rossignol
rosen
roots
roosevel
roof
ronjon
Ronaldo
romawka
Rocky
rockme
Rocket1
rock69
rock12
rocawear
roby
robinh
robi
robert99
robert11
riverplate
ripcord
riobravo
rifraf
rifles
rhode
rhodan
rhind101
rfyfgkz
rfnfhbyf
rfktylfhm
rfhnbyf
resolute
requin
repmvbx
repeat
renren
reneee
remove
rekbrjdf
rehjgfnrf
Regina
reece
redwings1
redsand
redoak
redemption
reddawn
redbird1
rebound
rebenok
rebel2
rebecca2
realman
rdgpL3Ds
Raymond
ravshan
ratty
ranma12
ranger69
randy2
rampant
ralston
rakker
raju
rainfall
raincoat
rail
raiders2
rafter
raffael
radiatio
racquel
rachele
R7112S
qwertyz
qwerty789
qwertgfdsa
qwer1209
qweqaz
QWASZX
quinton
quintana
quimby
queeny
qbert
qaz12
qawsed123
qaqaqaqa
qantas
q1w1e1
q12345q
puttana
puszek
pussybitch
purple2
Purple1
puppets
pumpkin2
PUMPKIN
pumbaa
pullup
pullman
pukpuk
pudge1
puddy
publish
pub113
prosperity
promises
Private
prisca
preteen
premier1
preeti
Predator
precise
Ppppp1
powwow
powerstr
poussin
poupou
potty
potter1
postcard
position
portsmouth
Porsche9
PornLo
popp
poo_
pompano
polonia
polkaudi
polizei
pokemons
pointers
poidog
pocono
plethora
playme
playgolf
plates
pipes
pinokio
pilsbury
piloto
piggie
pica
phish123
phineas
philips1
philadelphia
pewter
petit
petal
pepsiman
pepluv
peopl
pentagram
penske
penny123
pengui
pender
peggysue
peggy12
peerless
peepshow
Peanut1
paws
pawel1
PAUL
patrick0
Passwort
passout
pass999
Pass1
parkland
PARKER
pariss
paravoz
Panties1
PANTERA
panman
pandor
pandabear
pancreas
panasonik
palmeiras
painter1
pager
pacpac
packer1
Packard
pacheco
p3nnywiz
p0o9i8u7y6
ozzy666
overmars
overdriv
oranges1
oou812
oooppp
ones
oneida
omomom
omnibus
ololo123
oleary
oldguy
okmnji
oiseau
oink
ohrana
october8
oceanic
observer
oboy
nyyanks
number3
notmine
northstar
noon
nomoney
nomis
nomarg
nolife
nola
noknok
nokian
nnmaster
n.kmgfy
njkmrjz
njhyflj
njhvjp
ninja9
ninini
niles
nikita95
nike23
nightwing
nightcrawler
niger
niewiem
nicotine
nicolett
nicole11
nick11
niblick
nhoj
nhfnfnf
nextdoor
neworleans
newbaby
neuspeed
netman
neopets
nekkid
negros
ned467
nectarin
ncc1864
nazarova
naveed
natasha2
nastya1995
nashua
nascar8
Naruto
naomi1
nano
nanette
nalini
nafanya
mysite
mymy
mymail
myhero
myheart
mydaddy
muttly
mustang69
musick
mushka
mushin
muselman
murphys
murphy01
murena
murdoch
murderer
murcielago
mungo
muneca
multiple
mrgreen
movieman
mousie
mourning
mountains
motorhea
motorbike
motorbik
mother2
mosley
morrissey
morris1
morri
morgan2
morgan01
mooser
mooki
monument
montgomery
montez
monkeybu
monkey6
monkey20
monika1
monica12
money23
mommy123
molokai
moloch
mollymoo
mollyb
Molly1
moebius
modify
modems
modeling
Mmmmmm1
Mm259up
mLesp31
mistys
missy123
misfits1
miroslava
mink
miniclip
mindgame
minden
minddoc
milly
millerti
milenko
mikeyg
mikeyb
mikehunt
mike34
mikamika
micmac
michela
michail
MEXICO
metoyou
methodma
method1
metadata
messiah1
messi
mess
merlin01
merit
merger
melissa7
melbourne
Melanie1
mein
megastar
meet
medman
medicin
medici
mdmaiwa3
mclarenf1
mclaren1
mcknight
mccann
max2000
mauritius
matulino
matt21
matrix01
matkhau
matilda1
mathilda
mathematics
matematica
masterb8
master5
master21
master00
marzena
maryjan
Marvin1
maruni
Martina
Martha
marrow
marquise
marlo
marlboro1
markp
mark11
maris
mario5
Marine1
marihuana
maries
marie2
margin
maremma
marcmarc
marchenko
march2
Marcel
maranell
maranda
marakesh
manuel1
manoman
maniek
manhunt
mangoes
mandreki
manchild
mancha
manamana
mamon
mammoth1
mama1963
mama12345
mama11
malvin
malinois
maldonado
maktub
Maksim
maks123
makarenko
majik
maitland
mailliw
maier
mahone
magilla
magical123
maggio
mafioso
madmike
madhu
madelyn
maddo
madalina
mackdaddy
machina
mac1
lytdybr
luzifer
luvsex
lulululu
luggage
ludmilla
luckies
lowkey
love99
love88
love269
love2010
Louise
louder
lory
lordlord
loranthos
lopi
longtong
london2
london11
lombardo
loller
loko
loginova
logging7
lobster1
llllllllll
ljhjuf
lizottes
lizette
littlegirl
littledo
littlebitch
listopad
lisa1234
lisa12
Lisa
lingus
lindros8
limp
limits
lila
lifeless
liebling
licks
lichen
libtech
liberty2
Lg2wMGvR
lfplhfgthvf
lexmark1
letici
lesson
leona
lena1982
leigh1
lego
lecter
lease
leadfoot
lbpfqyth
layton
lawncare
lavigne
lavanda
lateralu
larkspur
largo
lancer1
lamb
ladygirl
lacross
kzinti
kyliem
kylie1
kuzmina
kumiko
kumari
kuma
kryptoni
Kristen
kreator
kramit
kpYDSKcw
kozanostra
korolev
koresh
konovalov
konica
kompas
kolia123
koldun
koenig
kobold
kobebryant
know
knight99
knicks1
kluivert
klara
kitcat
kissthis
kissa
kiskis
kirakira
killer13
kilbosik
keyman
kesha
kenya1
kensingt
kenaidog
Kelly
keanu
kd189nLciH
KCmfwESg
kazak
kawika
katydid
katya123
katiedog
katieb
kathie
katenka
karolinka
karin1
karimova
karel
karate1
kallisti
kalleanka
kaligula
kaitlynn
kahala
kafedra
k1200rs
JVTUEPip
juris01
junkfood
junior01
june28
june26
june24
jump23
july16
juliya
julio1
juhani
judges
juanjose
juancarlos
jtkirk
joshua11
joshman
joshjosh
josefa
jose1
JORDAN23
jordan123
jonny1
jong
joker12
johnwayn
john23
Johann
joesmith
joakim
jndfkb
jlbyjxtcndj
Jjjjjj1
jimdavis
jimboy
jimbo123
jester1
jesse123
jerry2
jerbear
jerald
jemima
jellyfish
jehova
JEFF
jbruton
jaysoncj
jaylen
jasonp
jason3
Jason1
janis
jams
jamesp
james00
jamboree
jake5253
jake1234
jaimie
jaihind
jagman
jaco
jackmeof
jackaroo
j1234567
iwojima
ivonne
ivana
ivan1985
ithaca
italian1
itali
isengard
isaiah1
isabela
isaac1
ironchef
irock.
irina123
iraira
invisibl
intercom
integrit
InstallUtil
inspector
insane1
inertia
inandout
imran
immune
iluvtits
ilovemylife
ilovecock
idontno
idiot1
ididit
icema
icecube1
icebox
iamsam
iampurehaha2
iamfree
i81b4u
hyde
hussar
huntress
hunk
hubbell
hoyasaxa
hownow
howitzer
howdie
housebed
hour
hotspurs
horney1
horndog1
hopalong
hoodlum
honor1
honeypie
honey2
hondacrv
hondacar
honda99
homero
homefree
home77
home12
holiness
hokie
hoghead
hjvfynbrf
HITMAN
hiromi
himself
hilda
hihohiho
highgate
hiccup
hfnfneq
herohero
hero63
hereiam
herbert1
helter
helpm
hellyea
Hello123
Hellfire
hejmeddig
heisman
heimer
heidis
heffer
hebron
heavy1
Heaven
heating
heartbre
healer
hdbiker
Hawkeye
hawai
havvoc
hatelove
hastur
haslo
hasher
harwood
harley69
harlee
harbour
happy99
happy5
happens
hankster
hangers
hanger
hammertime
hallway
hallo12
hale
hakan
hairless
haileris
hackerz
h2oski
gxLMXBeWYm
gwbush
gutentag
guruguru
gurkan
GUNNER
gunblade
guilherme
guild
gthtrhtcnjr
gruber
grubby
growing
grolsch
grizzy
grizzley
grissom
grip
grinders
gridiron
gribble
greyhound
gregori
greenway
greentree
greenn
greenlantern
green8
green77
GREEN
greatwhi
Graham
gracie1
gracias
graces
gotrice
gostate
Gordon
gordit
gopokes
gooses
goon
goodpussy
good1
gonzos
gonzal
goldtree
GOLDIE
gold1
goducks
godogs
godess
godard
goahead
glimmer
glenn74
gladbach
glad
giuliana
Giovanna
giordano
giogio
gintonic
ginagina
gijoe
giggalo
gigantor
Gibson
Giants
ghjrehjh
ghjcnjnfr1
ghjcnjgbpltw
gfvznm
Gfhjkm22
gfhjkm135
german1
georgy
Georgia
georgetown
genial
General1
gcheckou
gblfhfc
gb15kv99
gavgav
gauloise
gator2
Gateway2
gatewa
gatekeeper
gasser
gaspar
gartner
garibald
garfild
garena
gallus
gallo
galatea
galatasara
gaeta
Gabriel1
fynjybj
FylhtQ95
funbags
fullred
fullhous
fuentes
fuckmeno
frostbit
frogg
fritzz
freund
freeones
freddi
freckle
freaker
frdfkfyu
Frankie
frank12
France
foxyroxy
fotball
forum1
ford4x4
foofight
fodase
flyman
flvbhfk
Flowers1
flower12
florian1
florent
floors
floor
flibble
flexscan
flashes
fktrcfylhjd
FKoJn6GB
fitzer
fitta
fishhook
fishers
fishe
fishbowl
firsttim
fireboy
FIRE
finnland
filomena
fietsbel
fffffffff
feyenoor
feuerweh
felixxxx
Felix
felina
felicidad
felicida
fefolico
faye
fats
fatone
fatgirls
fatgirl
fastone
fastdraw
farfalla
famine
family01
falcon12
falcon11
faktor
faith123
fairless
failte
failed
fahjlbnf
fafnir
fackyou
fabrika
fabfive
extra1
Explore1
expediti
executor
eXcesS
evita
everest1
eveline
eus1sue1
european
estrela
estefani
espero
esperanza
erty
erer
epiphany
engine3
engine2
energizer
enduro
employee
emilyb
emblem
emb377
elvis77
Elvis1
elsa
elmers
ellis1
elland
eliza
elina
elena123
eldritch
efremov
eddie123
eclips
eclectic
eccles
easygo
early
Eagles1
dwdrums
dwarf1
dutches
dusty123
dustin23
Durham
dumbfuck
dukenukem
dukeblue
duke123
dude12
dude11
duane1
druss
dripik
drewdrew
drdrdrdr
dragon6
dposton
dowjones
dorsett
dooper
donthate
donkeys
don123
domodo
doggie1
DOGGIE
dobie
dM6TZsGp
divine5
dirtyman
dinsdale
dinamit
dimitris
dillard
diego123
dicklick
diapason
diamond3
dial
diablo666
DFADAN
dezember
dextur
dewey1
dewdrop
devochka
devils2
devil123
Devil
deskpro
designs
Description
depot
deploy
depaul
DENVER
dent
dennys
demise
demetrio
dell123
delhi
deirdre
def456
dedalus
decembre
decembe
deadend
dctulf
dcp500
dc3UBn
dbrbyu
dazed
dawkins
david77
david5
dave1234
dashit
dasboot
darthmaul
darby
daniel21
damaris
dallas01
dalejr88
daisymay
daddymac
daddad
dad123
czekolada
cytuehjxrf
cycles
cyanide
currie
cumsuck
cum
culito
culero
crystal2
cruel
crows
crossroa
croaker
Cricket
crenshaw
creamyou
crazzy
crazy4u
Cowboy
cowabung
courts
counsel
cools
coolman1
coolfool
cool69
cookin
contrera
contessa
constantine
conchita
computadora
cometh
comando
Columbus
colfax
cokeman
coastal
cnhtkjr
clubs
clown1
clothes
clocker
clem
clean1
claybird
classact
clam
claire1
clahay
ck6ZnP42
cjkysir
cjfrf
cjdthitycndj
civilian
cinta
cindy69
cindy2
cincinnati
chummy
chumly
chronic1
chrisj
chrisbrown
chrisa
choucho
chongo
cholera
chiro
chiquit
chinese1
chinchil
chinatow
chimay
chicken123
chicco22
Chicago1
Cheyenne
CHEVY
cheating
chatting
chatchat
charissa
chaos666
channels
chand
chanchan
ch1tt1ck
cfkfvfylhf
ceres
celular
cell
celebrit
cdexswzaq
Ccccccc1
cbcntvf
caterpil
castles
carter12
caroline1
carlo1
carla123
cari
cargo
carded
caramon
caraj
caption
canucks1
cantona1
cannonba
cams
camp0017
camera1
camaleun
camacho
calender
caiman
caffreys
cabo
cabana
c3po
c12345
buttnutt
butterba
busters
buster21
busen
burton1
Burton
bunns
bunkie
BULLSHIT
bullet1
bulgakov
buffett1
Buffalo1
buddyy
buddy01
bubluk
bubbabub
bsmith
brun
bruces
Browns
browni
brooks1
brookly
bronx1
brondby
broncos2
BRIANNA
briank
breton
breitlin
breakfast
brattax
branden1
brainiac
braddock
boyle
bosshogg
boss1
boro
borisenko
bootycall
booom
boomers
bookert
boobless
bonzo1
bonny
bonni
bonjour1
boner69
BOND007
bond00
bombadil
bohemia
bogeys
boeing77
bodiroga
bobby12
boats1
boarding
bmw750il
bluetooth
blue15
blue14
blue10
blowme2
blowjob1
BLOWJOB
bloomberg
bliss7
blindman
bleeding
blanka
blacksab
bkmlfh
Biteme
BITCHES
birthday100
birder
bioshock
binkley
bingoo
bimbos
bimbo38
billi
bilbobag
bikes
bigtits1
bigmaxxx
biglou
bigloser
BIGFOOT
bigeasy
bigbroth
bigbo
bigball
bigal37
bhavani
bettylou
bestbest
bergman
bennevis
benita
benhogan
belous
beloit
belladog
beer4me
beer12
beejay
beauties
beaudog
beast666
beantown
beaner1
bdylan
bdfyeirf
bckhere
bb334
baybay
batty
batterie
baton
batistuta
bathory
bastille
bassss
baskin
basia1
bashir
bash
barter
bartend
barrie
barone
barn
barmaley
bargain
barada
baptiste
banging
bandy
bammer
bambou
balsam
balmoral
Baller
balla007
balkan
bali
baldhead
bailey11
bailey10
bahama
baghdad
baggins1
baggie
bagel1
Badger
backhand
babilon
azerty1
ayanna
awsedr
award
avrillavigne
autumn1
automag
autogod
austin01
aurelio
august15
augus
atwork
Atlanta
atkbrc
assfucke
assembly
ashok
ashlynn
ashley2
ashley11
asdfghjkl;
asdasd12
asda
asap
arkangel
arista
arisia
argo
archie1
aqwzsxedc
aquamann
april7
april6
april21
appletre
appleseed
applegat
apple3
apple22
appelsin
apocalyp
aphrodite
apa195
anyone
anvil
anusha
antonova
ANTONIO
antlers
antihero
antietam
anthony3
antenna
annie123
annarbor
anissa
angrick
angelochek
angelbab
ane4ka
andy69
andron
andreyka
andreia
ANDRE
andr
ancella2
anatole
anastasija
analyst
anallove
analfuck
amber69
amber2
amarill
amanda01
alway
alsscan
alpha01
alot
almaty
almat
allen123
alle
alinaalina
alicja
alianz
algeria
alfaro
alfa155
Alexis1
alexis01
alex007
aleman
alekseeva
ale
alderaan
aldebara
alanalan
alabaste
akbar
ajnjuhfa
aimee1
ahmet
ahead
agshar
aggarwal
agentx
agapov58
agamemnon
aftermat
after
advantage
adult1
adamo
achmed
accord1
absinthe
absent
abm1224
ABCDEFGH
Abcdefg1
a7nz8546
a131313
a000000
9930
9800
963147
9494
9110
8i9o0p
888888888
888777
8884
87e5nclizry
8546404
85200258
84848484
8426
8383
8363eddy
8266
8111
80988218126
80088008
800500
7jokx7b9DU
79137913
789632147
786110
777555333
7749
7733
757757
754740g0
754321
753951456
7475
7448
7273
7085506
69er
6975
69420
690000
66chevy
666satan
6662
6660
65pjv22
6463
6264
61808861
6116
5W76RNqp
58565254
57055705
5639
5591
5578
5569
556644
5464
543543
5309
52345
52255225
5152
513513
5112
5058
505505
5055
4pussy
4jjcho
4fa82hyx
493949
4833
4809
477041
46doris
4663
45colt
456asd
4548
4532
4502
4474
44556
444000
4386
428054
4280
4235
4224
4204
4160
413276191q
412412
4007
382436
3812
3732
3720
369874
36363
35793579
3555
3553
3440172
33st33
336633
334433
333000
3316
3301
327327
32715
3265
32323
321ret32
32132
320033
3185
3166
311294
31121966
311073
31101974
31101960
31081972
31081968
31081966
310777
31051968
310377
310371
31031973
31031962
31012001
3032
301294
301287
30121999
30121967
301196
301176
30111967
30111965
301091
301076
300971
30091968
300895
300880
30071966
300696
300678
300671
30061967
30052000
30051997
30051974
30051968
30041969
30041967
30041962
300379
300377
30031997
30031964
30031959
300174
30013001
30011997
30011963
30011961
2twins
2enter
2bornot2b
29121998
29121969
291193
291191
291176
29111965
29111963
29101963
290980
29092000
290885
29081971
29081967
290795
290778
29072000
290692
290676
290675
290670
29061970
29061968
290572
290571
29051967
290472
29041997
290384
29031997
29031969
29031961
290177
29011966
288288
281293
281277
281173
281080
28101972
280978
28091965
280896
280874
28081967
28081961
280798
280772
280693
280681
280674
28061998
28061971
28061969
28061966
280573
28051972
28051961
28041967
28041966
280397
280379
28031961
280276
280270
28021960
28021956
280175
28011964
28011961
2800
2791
271296
271277
27122000
27121966
271193
27111996
27111967
27111961
271093
271071
271069
27102710
270995
27092000
27091970
27091969
270897
270793
270770
27071997
27071970
27071965
27071955
270694
270693
270672
270577
27051996
270496
27041969
2704
270394
27031963
27031960
270297
270294
270275
270180
27011962
269269
2669
264264
2628
261397
26121964
261179
26111970
26111966
261096
260992
26091998
260892
260872
26081965
260773
26071966
26071959
260675
26061969
26061968
260572
26051998
26051964
26051963
26051959
260480
260478
260476
26041999
26041960
26041958
260396
26031998
26031961
260296
260294
260277
260270
26021972
26011967
258147
2572
2569
25563o
25522552
2549
2532
2517
251271
25121970
251197
251195
251171
25111970
25111961
251077
251076
25101997
250994
250975
250972
250971
25091998
250870
25082000
25081965
250792
25071968
25071965
25071958
25051996
25051964
25042001
25041968
250395
250378
25031999
25031964
250280
250250
25021967
250178
24lover
2488
2485
2475
245lufpq
243122
241455
241276
24121969
24121968
24121964
241093
24101967
24091961
240880
240875
24081997
240793
240679
240672
24061964
24061960
240595
240593
24052001
240495
24041970
24041966
240394
240371
24031964
24031959
240284
240272
24022000
24021997
24021969
24021963
240172
240162
24012004
24012001
237237
2358
23572357
2347
2331
2328
231274
23121969
231196
23112311
231123
231095
231093
23101995
23101965
230995
23081974
23081964
230795
23071963
23071962
23071961
230693
230678
23061971
23061966
23061960
230581
230576
23051998
23051959
230494
230476
23041973
23041961
230395
230275
230274
23021997
23021960
230178
230171
23011999
23011961
22q04w90e
22742274
2256
2246
2240
2229
222000
221268
22121971
22121969
22121964
221168
221164
22111998
22111967
221095
221070
22101970
22101966
22101960
220991
220967
22091999
22091998
22091968
220795
220766
22071999
22071965
220696
22061975
22061970
22061961
220569
22051997
22051968
22051965
220465
22041971
22041960
22031999
220220
220162
22011965
22011962
2125
2116
211272
211179
21111973
21111967
21111963
210977
21091998
21091969
210895
210894
21081967
210798
210792
210775
210773
21071999
21071967
21071964
210671
21061967
210596
210579
21052105
210478
210475
21041971
21031998
21031963
210286
210179
21012101
21011964
21011962
208208
2030
201274
201269
20121998
201193
20111998
20111969
201070
20101998
20101969
20101968
20101962
201
200995
200980
200974
200890
200865
20081971
20081970
20081966
200796
200772
20071964
20051965
20051964
20051957
200491
20041965
20041889
200392
200378
20031965
20031962
200274
200169
20012002
20011959
200001
1Zzzzzzz
1Yellow
1XrG4kCq
1w2w3w
1w2q3r4e
1w2q1w2q
1Starwar
1Sparky
1Rosebud
1Porsche
1Phoenix
1Nnnnn
1Miller
1Member
1Matthew
1Matrix
1love
1Hhhhh
1herbier
1Guitar
1for
1Fender
1Falcon
1Edward
1Corvett
1blood
1Bbbbbbb
1Assword
199595
199430
199321
19922801
199212
19911992
199111
1989cc
198920
198910
198800
198721
198627
198622
198621
198522
198207
198181
197619
197300
19719870
197111
196800
196400
191293
191289
19121969
191190
191082
19101960
19101910
190987
190979
19091999
190891
190880
19081966
190786
190781
190777
19071964
190686
190567
19051970
190486
190479
190474
19042000
19041997
19041966
190386
190385
190383
190296
190282
19021963
190182
19011998
19011969
1891
1869
1848
1825
18121959
181177
18111996
18111966
181080
181061
18101997
18101968
18101967
180993
18091998
180779
18071999
18071998
18071964
180670
18061967
180572
180569
18051998
180494
180475
18041967
180384
18031965
18031963
18031962
18031959
18031958
180279
180277
180175
180167
18011960
1765
1732
172839456
1720
1715
171204j
171194
17111969
17111961
171094
17101965
170977
17091959
17082001
17081971
17081967
17081958
17071968
170677
170673
17061964
170578
17051967
17051965
17051963
17051959
170496
170473
170379
17031997
17031965
170278
170174
17011967
170000
1677
1669
1626
1619
161277
161272
161173
161072
16101998
16101968
160975
16091968
16091966
16091965
16091963
16091961
16081961
160793
160773
16071971
160697
16061998
160596
16051971
16051967
16041965
16041964
160380
160372
16031974
160285
160188
160173
160160
16011961
160000
1599
1597532486
1593570
1558
1550
154263
1535
153351
1532
151277
151193
151167
15112000
15111971
151092
151091
15101968
150966
15092000
15091996
150873
150871
15081962
150797
15072000
15071964
150696
150695
150674
15041964
15041963
15041959
15031971
15031961
150275
15021969
15021967
15021965
15021961
15011973
15011963
15011962
1472583690
146969
1438
1431
141270
14121964
14121961
141168
14111961
141072
140994
14082000
14081966
140794
14071962
14071961
14071957
140694
14061998
14051964
14051959
14042000
14041996
14041958
140366
14031965
14031960
140269
140196
140194
140179
1372
1367
1362840
13524
13521352
1348
132333
131986
131517
13121998
13121964
13121963
131213
131195
131175
13111964
131069
13101998
130995
130972
13092000
13091967
130895
130772
130672
13051998
13041969
13041965
130397
130375
130370
130362
13031967
130296
130270
13021998
13021966
130183
12step
1273
1271
125689
125521
1246
1240
123qw123
123qazwsx
123abc123
123852
123579
12356789
1234qwert
12345789
1234567s
1234567l
1234567A
123456789aaa
12344321a
12341234q
12331233
123199
123123qq
123-123
122789
122686
12221222
122133
12199
121977
121975
121974
121480
121263
121261
121245
12121964
12121959
121191
121172
121162
121157
12111973
12111960
12111956
12101964
12091998
12091972
12081974
12081967
120794
120778
12071963
120699
120693
120671
12061998
120574
120560
12051999
12051966
120498
120492
12041965
120367
12031964
12031957
120296
120295
120272
12021969
12021960
12021957
12021954
120173
12011998
12011968
120021
11aa11
1193
1164
116116
1161
1154
114114
1140
1131
112433
112266
11223355
11223300
111Luzer
111969
111295
111291
111270
11121968
11121967
11121962
1111qq
111198
11112007
11111aaaaa
11111964
111111z
1111111a
111076
11101963
11091964
11091962
11091958
110870
11081997
11081967
110796
110779
110774
11072001
11071998
11071969
110697
110670
110669
110665
11061968
11061967
11061960
11061956
11051998
11051997
11051971
11051968
11051964
110494
110472
110471
110464
11041970
11041963
11041955
11041104
11031974
11031969
11031968
110295
110272
110269
11022000
11021964
110198
110172
11011959
110022
109876
1091
1074
10321032
102800
102777
10261026
102090
101981
101798
10161016
101262
10121998
10121968
10121961
10121959
101198
101197
101174
101167
10111963
10111962
101060
100993
100972
100970
10091999
10091961
100877
100860
10081964
100795
100772
10061967
10061961
100570
100568
10051964
10051963
100498
100465
10042001
10041959
100398
10031973
100294
100268
100267
0sister0
0o9i8u7y6t
091285
09122000
09111958
091082
091072
09101973
09101967
090965
09091964
09071998
09071997
09071970
090689
09061999
090597
090590
09051997
09051961
090493
090489
090482
090477
090476
09041995
0904
090396
09021975
09021964
09021960
090176
09011972
0888
08150815
081295
08121996
08121968
08121967
08121965
081189
081176
08101998
08101962
080977
080881
080781
0807
080693
080686
080680
08062000
08061997
08061968
08061967
080596
080568
08051970
080488
080481
080475
08041998
080383
08031969
08031968
08031957
080296
080280
080279
080276
08021997
08021972
08021968
08021963
080171
080170
08011968
0731
0720
071295
071274
07121997
07121970
07121963
071189
071175
07111966
071092
071089
071077
07101999
070992
070991
07091962
070891
07081964
070794
070772
07072000
07071999
07071970
070676
070674
07061997
07061960
070591
07051971
07051963
07051959
070494
070484
070479
070393
070269
07021969
070192
070178
0686
0676
0621
061296
06121971
06121970
06121969
061186
061175
06111971
06111967
061076
06101998
06101971
060970
060896
060884
06081964
060792
060791
06071963
060681
060671
06062006
060576
06051999
06051961
06051960
060489
060483
06042001
06041968
06041960
06041957
060386
060380
060291
060178
06011997
06011971
06011964
0581
0550
0524
0522
0513
051294
051270
05121970
051179
051169
05111997
051085
05101970
050987
050978
05091969
050875
05081971
050791
050778
05071998
05071997
05071970
05071965
050671
050670
05061964
05061963
05052006
05051998
05051967
05051962
050486
050474
050465
05041968
050382
050380
050374
0503
050271
05022003
050196
050182
05012000
05011969
05011966
0480
0469
0419
041288
041285
041279
041277
041274
041271
04121998
04121968
041192
041175
04111970
04111959
041094
041080
04101969
040992
040982
040978
04091960
040875
04081964
040673
04061999
04061962
040576
040575
040566
04051969
04051966
04051958
040496
040493
040490
04032008
04031956
040279
040278
04021997
040169
04011997
0388
0373
031276
031273
03121996
03111997
03111969
031094
031076
031069
031068
03101962
030976
03091968
03091960
030880
030876
03082000
03071968
030693
030675
03061999
03061965
03061959
030597
030593
030580
030507
030491
030489
030470
03042000
030376
030366
03031959
030281
03021963
03021960
030181
03011959
0288
0215
021280
02121998
02121970
02121964
021168
02111958
021081
021062
02101967
020994
020970
02091969
020892
020887
020879
020790
020774
02071966
02071964
02071959
020695
020688
02061968
020591
020582
020578
020574
020568
02051997
02051967
02051958
020495
020475
020474
020377
02031969
020291
020256
02021959
02021954
020177
020173
02011996
02011960
0190
0147852
011278
011277
011276
01121999
01121974
01121965
011186
01112010
01111997
01111970
011093
011074
011072
011070
01101997
01101972
01101958
010991
01091998
01091997
01091958
010900
010892
010866
01081968
01081962
01081960
010792
010777
010774
01071999
010696
010669
010666
01061968
01061958
010596
010580
01051959
010479
010478
01042010
010393
010372
01031999
010278
010270
01021961
010198
01011945
001969
0015
???????
ZZZZZZ
zzzxxxccc
zxcvbn3215
zxcdsa
zxc1234
zxc12
zwilling
zvfrfcb
zucker
zse4xdr5
zoedog
zjses9evpa
zip100
zilla
ziffle
zeratul
zebra3
zebedee
zastava
zaqwsxcderfv
zaqwsx1
ZAQ!2wsx
zaq12qaz
zaphod42
zalina
zaire
zadnica
z1z2z3z4
z11111
yukiko
yrrim7
youngone
yomismo
yoghurt
YM3cauTj
yfz450
yfcnhjtybt
yeehaa
yeahrigh
ybrbnf_25
yarrak
yarddog
yams7
xyzzy1
xyh28af4
xxxjay
XXX
xuFrGemW
xenophon
XAVIER
xavie
wyatt1
wwwww1
wWR8X9PU
wrote
writerspace
wretched
wreck
wow12345
worldcom
world123
woodwood
wonderwo
wonderwall
wonderbo
wolve
wolf01
WOLF
wizardry
wisper
wishing
wintermu
win123
willow01
williamj
william0
wilkes
wildwild
wildroid
wilber
wigger
whome
whoa
whitewol
whisper1
whipper
whipme
wharfrat
WESTSIDE
wert1234
WELCOME
weJRpfPu
weezer1
weekly
wayner
watt
watchout
watchman
wapwap
WannaBe
Wally
wallop
walkman555
wales
w8woord
w1234567
VURDf5i2
vtkmybr
voronin
vladislava
Vladislav
vlada
vlad1994
vlad1234
vjkjnjr
vitalina
visit
VIPER
Viper
vinogradov
vino
villan
viktory
videogam
vickers
vfif123
Vfhbyf
vesta
VeryCool
very
veronda
venomous
vengence
venezuela
velosiped
vbnhjafy
vbkkbjy
vaz2114
vaz21093
vassago
varvar
vanya
vanill
vanesa
valmont
valkiria
valerio
vale
va2001
uvwxyz
Uuuuuuu1
Uuuuu1
user123
usaf
upload
uplink
untitled
underwat
ukfveh
ufdibyjd
uaeuaeman
tysons
tylerj
tylerd
tylenol
twolves
twinkles
twincam
twiddle
twenty20
Tv612se
turn
turbot
turambar
tupper
tuppence
tupacshakur
tulipan
ttttttttt
Ttttttt1
Ttttt1
tset
Trouble1
trompete
troika
triplet
trillium
trigger2
tricolor
tricky1
tribune
triada
trev
tremor
trees1
trebla
traxxas
tranzit
track1
tr1993
toyota91
toto99
torrid
torrents
torrente
topten
toonami
tonite
tonchin
tommycat
tomjerry
tomcat14
toma
tnttnt
tktyf
titans1
Titanic
tirana
tipton
tippie
tinti
timoth1
till
tiggers
tigers11
tigers01
tigerfan
tigereye
tiger25
tiedomi
tiara
Thursday
thunder0
Thumper1
thruster
threepio
thread
thoughts
thinkbig
theworm
thesame
thepower
thekiwi1
thedream
thedoc
th0mas
teufelo7
tetas
testerer
testdrive
test3
tessa1
tesla
terrill
terri1
terminato
Tennis1
tekkon
tedted
teatro
teamster
team3x
teal
tdfyutkbjy
tazzman
taylor01
tavasz
tarelka
tarbit
tarado
tanuki
tankers
tangle
tana
tampico
tami
tallest
taller
taliban
tacitus
table54781
tabaluga
tabaco
t66hks
swiss1
swisher
swinger1
sweeti
sweetdream
sweden1
sveiks
sux2bu
sutter
surrende
surfside
sureno13
surabaya
supras
superx
sunking
summoner
summer98
suki
sujatha
sugardog
suckmydi
suckmyco
sucesso
styx
stuttgar
Stupid1
stumper
studio1
stronzo
stripped
stratman
STORMY
stormin
stoli
stokrotka
stocker
stivone
stillher
stifler
stickboy
Sterling
STEPHEN
station2
station1
stater
stat
stash
startre
starting
star1234
stanley2
stalke
stable
ssgoku
spycam
spooty
splatt
spinoza
spine
spindle
Spencer
spawns
soxfan
souppp
sorento
soren
sordfish
sony12
sonshine
sonofsam
sonofgod
songs
sommer1
sommar
solsol
sokol
sofun
sofia1
sodoff
socorro
soccer19
soccer09
socal
snowhite
snowdon
snoopy69
sniffy
snickers1
snakeeyes
snake2
snails
snaggle
snack
smurph
smurf1
Smith
smile4me
smeagol
Sluts1
Slut1
slonko
slides
slava2
slava123
slacker1
sl1200
SKIPPY
skipping
SKIPPER
size
sissie
sina
Simon1
silverma
silverfi
silver99
silver33
silmaril
silas
sigurd
signature
sigmapi
siesta
sidewalk
sickle
shuriken
shortcut
shores
shmuck
Shithead
shishi
shipmate
shiney
shiela
sherry1
sheraton
shep
sheeps
shasta1
sharyn
sharron
shapiro
shannon2
shannan
shania1
shanahan
shana1
shamroc
shamen
shameless
sham69
shakespeare
shadowfax
shadow10
Sf161pn
sexytime
sexygirls
sexy01
sexxxxxx
sexwax
sexpistols
sexfiend
severe
sever
service321
sergei1
seemee
SECURITY
seau55
searock
seamless
scylla
scripto
screwu
screwme
scottm
scottie1
scott12
scorpio6
scooper
schwab
schuey
schoolgirlie
schenker
scheiss
scc1975
Scarlett
sayan
saxophone
Savannah
saudade
SATURN
sat321321
sashenka
sashasasha
sasha2000
sasha1992
sasafras
sarvar
saqartvelo
santacla
sandia
sandan
Samuel1
Samsung1
sammy69
Sammy1
sammmy
samat
sam2000
salvage
salerno
saisha
saisg002
saipan
sailormo
Sailor
sahalin
safety1
sadman
sadie123
SABRINA
sabbeth
s123456789
Rz93qPmQ
ryan22
ryan123
RvGMw2gL
rutter
rust
rush211
runvs
rumpole
Rulezzz
rul3z
ruggles
Rrrrrr1
roy123
roxie1
rowley
route
rouges
rothmans
roth
rossco
roslyn
rosedale
ROSEBUD
rosebu
roscoe1
rory
roro
rook
romantika
romanenko
roman777
rolodex
roller1
roli
rodman91
rodders
rockz
rocky5
rocky4
rocket69
rockandr
roboto
robinho
robin123
roberta1
robert01
robbob
ROBBIE
roanoke
roadrash
river123
ritual
rito
ringwood
righty
ridges
RICK
richar1
ribeye
rhfcyjlfh
rhfcbdfz
rfycthdf
rfvtgbyhn
rfvbkf
rfhkcjy
rf6666
reynard
reynaldo
rewster
reviewpass
retired1
restaura
respublika
repmvbyf
repent
remorse
regis1
reggin
reggi
regatta
regan
reeb
redwhite
redman1
redhorse
REDDOG
redder
redcard
red222
recover
recoba
rebeld
raver
ratten
rataros
RASCAL
raprap
rapid1
rangers2
rambone
rallye
rainman1
rafferty
raerae
radmir
Radiance
RADEON
racin
racecar1
rabies
R4zPM3
qwsazx
qwsaqwsa
qwertzu
qwertyuiop10
qwertyas
qweqwe12
qwe123456
quincunx
quietkey
quiet1
quelle
queenb
quarks
quad
qscwdv
qMEzrXG4
qazxswedc123
!QAZxsw2
qazxsw2
qazxdr
qazxcdew
qazwsxqazwsx
qazwsx1234
qaz12wsx
QAgsuD
q22222
q1a1z1
putt
pussykat
purple01
punish
pumping
pulp
pukimak
psych0
psalm69
ps253535
proxima
protected
propro
promopas
projects
prisma
prints
princesse
Pride
pretoria
pretender
prestigio
presence
prescott
preggo
predators
precisio
Precious
powerr
powerhou
power5
poutine
potpot
postbank
posse
portvale
pornostar
pornosta
porn1234
porkpie
popcor
poopoo1
poolside
poochy
polock
polo12
polkaudio
polito
poker2
poker0
poekie
pngfilt
ploplo
playground
PLAYBOY
platin
pixel
pitter
pistons1
pistol1
pirates1
pinoy
pinky123
pinkpussy
pinkey
pinkerto
pinguino
pingu
pineda
pincher
pinarell
pimper
PIMP
pill
pilipenko
pika
piesek
Picard
physical
phoenix8
phoenix3
phobia
phishin
phinupi
philosophy
philo
phelge
phatfarm
phalanx
pGsZT6Md
peyote
peterp
peterg
peter22
pest
perseus
persepho
perrit
pepper11
pepote
PEOPLE
pensacola
pens
penman
penhorse
pelvis
pele10
peekab00
pedal
pecos
peanuts1
Peaches1
Peace
pbyfblf
paycheck1
paycheck
pawnee
pawelek
paully
paul01
PATRICIA
patpat
path
pater
past
passwordstandard
Password01
passthief
passking
pass88
pass22
parts
parolamea
parman
parent
Paraklast1974
pappnase
papasmurf
papa123
panthers1
panther5
pangaea
pandoras
pandora2
Panasonic
Pamela
palmeira
palm
paladine
pagedown
pacopaco
pacer
pace
p2ssw0rd
ownage123
OUTLAW
outhouse
outbreak
ou812345
otter1
osceola
OSCAR
oriana
optiquest
oneputt
okocha
oinker
ohyeah1
ohlala
ohboy
office1
october6
october3
octavius
obsession
obsessio
oakville
nynyny
NUNZIO
numpty
(null
nufc
nUADdN9561
nthtvjr
nowayman
nouveau
notlob
nothanks
notes
nosenose
nosaints
norseman
noodle1
nokiax2
nokia6500
nokia2700
noir
noentry
Nnnnnnn1
nitemare
nintend
nimble
nikkis
nikita99
nike1234
nigger123
nicolas2
nicolas1
nicksfun
nicki1
nickey
nick01
nichol
nhfycajhvths
nhecsyfujkjdt
nfqcjy
nexxus
newzeala
Newyork1
newpassw
newlove
newcar
nephew
nepal
neophyte
nene
nemezida
negra
neelam
needed
nedkelly
necro
nbuhbwf
nbibyf
nausicaa
naughtya
naturals
natty
nastik
Napoleon
napkin
nadano
mypass1
myles
mykiss
myhoney
mycats
mvtnr765
muskan
musik
museum
munchen
multipas
muledeer
mudslide
mudbone
mucker
mtnman
mtgox
msouthwa
msconfig
mrblonde
mozar
move
moulin
motox
Motorola
motorman
moschino
morocco
moriah
morgaine
moonrake
moonlite
moom4261
mooch
montenegro
montage
monmon
monkey24
monkey00
monitor1
money99
money4
molly2
molley
moimeme
moeman
mobility
mmxxmm
mmmmm1
mkvdari
mjollnir
mixers
mistie
mistic
mistery
missyou
Missy
missoula
misiek1
misha1111
mirumir
mirella
minty
minot
milo17
milliona
milkman1
miledi
mikmik
mike99
mike007
mikasa
midge
microbe
micky1
micki
mickey7
mickey22
mickey11
mickey01
michiko
MICHIGAN
Michaela
miata1
miami305
messina
messages
mesohorny
merman
merengue
mercedes1
Member1
meloman
melnikova
melin
melanie2
megha
medin
meatwad
mcgraw
mcclure
mccain
MBKuGEgs
maxwell2
maxthedo
max1998
mavis
maude
mattias
matthew3
matthew0
matters
matt22
Matt1
matrix99
matrix7
matmat
mathis
materia
masturbate
masterma
masterba
massimiliano
mashoutq
mashamasha
masha1998
masha1
marzipan
marv
marthe
marryme
marley12
marleen
marimari
mariami
mariamar
maria12
margret
margera
marge1
mardigra
marcelit
maranello
mapleleafs
mansour
manon
manimal
mandi
manageme
mamusia
mamula
mamasboy
maltby
malcolmx
malabar
makenzie
makavel
mahatma
magpies1
magoo1
magnu
magic7
madma
MADDOG
mada
maandag
m7hsqstm
lytghjgtnhjdcr
lynsey
lyalya
lvbnhbq1
luthor
luners
lund
lumpy1
lui
luger
ludic
lucozade
lucky99
lucifer666
luci
lucero
lowlow
lowery
lovethem
lovesuck
lovespor
lovesong
lovergirl
loveline
lovehina
loved
love4me
love20
louisian
lou1988
lotrfotr34
loser2
losbravo
loraine
lomonosov
lolopc
lollol123
loftus
locura
locos
Lllll1
livestrong
littleone
littlegi
littlebear
litebeer
listing
linnea
linkinpark
lineback
lillo
lill
liljoe
liliput
lightfoo
Light1
ligeti
lifestyle
liebherr
lida
liarliar
leyton
levine
letmeino
letmego
lesbian1
lesabre
lero4ka
lenora
leighann
legoman
Legend
lechef
lead
laz2937
laverda
latrice
Larisa
laotzu
lanzarot
Lantern
landers
lamppost
lamour
laluna
lalala1
lakerfan
ladeda
l123456
kzktxrf
kyocera
kwiatuszek
kuzmich
kronik
Kristin
krillin
kourniko
kot123
koskesh
koolhaas
komarov
kolort
kokain
kohsamui
kodeord
koalas
knudsen
knuddel
Knight1
kmN5Hc
kloster
klinger
KLEANER
Kkkkkk1
kkk666
kittykit
kingman
kingdom1
king99
king1
KING
kimo
kimmer
kimbo
killin
killerbee
killer666
killem
kiler
KGveBMQy
keywest1
keylargo
kevind
kevinb
kevin69
kevin11
kernow
Kennedy
kellie1
kees
kcng
kcid
kazama
kaylin
katyusha
katharina
katerin
katebush
KATANA
kasia
karlmasc
karla1
karima
Karen
karakara
kanmax1994
kangol
kanat
kanako
kamilek
kaluga
kalo
kalman
kakosja
kailayu
jxfhjdfirf
juvis123
jutta
jupite
junior24
junior123
jumpjet
july20
julija
juggerna
jossie
jorge1
jordana
jordan7
jonah
johnson4
johnsmith
johnnyd
johnd
john77
john44
john33
joeblack
joe
joaquim
jkz123
jJvwD4
jjjjjjjjjj
jjjdsl
jinjin
jimmyp
jimmy69
jimmy12
jillian1
jibber
jesusis1
jersey1
jerkyboy
JEREMY
Jenny1
jegr2d2
jeffhardy
jdog
jazzmin
jazmyn
jaydog472
Jasper1
jarhead1
januari
jamshid
james22
jamdown
jamaic
Jake1
jaden
jacobsen
jacklyn
jackhamm
jackass2
Jack
JABell
jabba1
iverso
italien
isthebes
isbest
ironhorse
iro4ka
irma
Irish1
INTERNET
intermilan
intelinside
insurance
inspect
ingersol
inga
infidel
industry
indigo1
Indiana
indi
image1
IMaccess
im2cool
iluvu
iluvme
iluv69
ilusha
iloveyou12
ilovemusic
ilovejes
ilonka
iforgotit
ifiksr
idinahui
identity
Iceman1
icefire
icandoit
iago
hygge
huskie
husain
humme
humans
humanoid
huggies
Hudson
hubcap
html
htcnjhfy
houser
hotstuf
HOTROD
hotlove
hotcunt
hotbot
hotboi
hoser1
horacio
hopeful1
HOOTERS
hondaman
hondacr
Honda
homie
Homer
HOME
hollyy
Hollage
holeshot
hoddling
hockey22
Hobbit
hkger286
hits
Highland
hidalgo
hfcnfvfy
hextall
herman1
Herman
hergood
herbst
herber
heracles
hellgate
helge
heihei
heidie
hefner
Hector
headhunter
hball
hatehate
hassle
harsingh
Harry1
harriso
Harold
HardwareId
hardup
hardpack
hardguy
hardest
HARDCORE
hardaway
hannelor
hannah11
hamzah
hammock
hammerhead
hammer99
hamlin
Hamilton
hambone1
halt
halloo
hallodu
halford
hal2000
hacke
gutierrez
gutierre
gustavo1
gusman
gunfight
gumdrop
Guinness
guille
gtogto43
gtnhjdyf
grumman
groundho
groover
grog
grits
grigoryan
grifon
greshnik
Grenden
GREG
greenlee
greenegg
greenday1
greenda
green55
green4
greekgod
greek1
GreatzYo
greatnes
greatdan
Great1
grazia
grandson
grabber
gould
goshawk
gordy
gordon2
gopnik
goofus
goof
good4you
goobe
golfer01
golf1234
goldi
godsgift
godisgreat
goddes
goathead
goater
glory1
glasss
glassjaw
glasnost
glance
glamis
gjlfhjr
gjkrjdybr
gjhjlfcjqrb
gizmodo2
gismo
ginogino
ginnie
gillis
GIBSON
giancarlo
giampaolo
ghtlfntkm
ghjtrn
ghjcnjz
ghjcnjabkz
ghjcgtrn
ghbjhbntn
gfhjkm13
gfhfyjbr
gfhfvgfvgfv
gfghbrf
gfgfrfhkj
gfg65h7
gettysbu
getfucked
Geronimo
geroin
geometry
gennaro
gennadiy
gefest
geetha
gbljhfcs
gbljhfc
gbfcnhs
gavin1
gavaec
gautam
gaudeamus
gattaca
gass
garik
gamgee
galleries
gallego
galinka
g5wKs9
g123456
fyutk
fylhttdf
fylhtq1
fvfnjhb
futebol
furka
fuhrer
fuels
fuckyou8
fuckyou6
Fuckyou2
fuckyou0
fuckuall
FUCKING
fuckgirl
fsunoles
fsd9shtyu
fromhell
FRIEND
freezing
FREE
fredy
FREDDY
freddo
freaksho
franken
franke
franka
Frank1
france98
fourstar
fortunat
Forever
forest99
Forest
ford123
ford11
fondle
folly
foda
flyingv
flyfly
fltkbyf
flight1
fleur
flashnet
Flash
flappy
flaco1
flabby
fkbcrf
fjnq8915
fizika
fiveiron
Fishing1
fish99
firstone123
ffggyyo
fevral
fest
ferrara
fenwick
feldspar
feeble
feature
fCc5NKy2
favorite4
fatbitch
fastman
farts
farrier
Fann
fanboy
falconer
faith2
faber
f12345
eyebrow
extra300
exocet
exile
exclusiv
excited
example
everclea
event
euro2000
EUGENE
Eugene
estrellit
espinosa
escrow
erwin1
erreway
eroero
ernies
ermine
entertai
ensemble
endgame
emma22
eminem12
emilka
emely
embrace
ember
eman
elvina
elusive
elroy
ellada
eliot
electr
elain
eKLhiGcz
einstei
eiffel
eggroll
effects
edibey
eatass
easy1234
ears
eagle99
eager
dynomite
dwl610
durandal
dunno
dunedin
dumont
dummer
dukies
dukers
dude69
dude1998
dude1234
dude1
ducttape
duckey
duchess1
duce
ducat
dthjybxrf
dsds
Ds7zAMNW
drum66
drugs
Dro8SmWQ
drizzit
driscoll
drain
dragonfi
dragon20
dracul
dowling
dougla
douchebag
doubles
dorothy1
dori
dopeman
dopehead
dopamine
doohan
donttell
donsdad
donn
dolphins1
Dolphin
doller
dolce
dogma1
dobbs
dlanor
dkalis
djtiesto
ditka
distant
disne
dishes
discord
dirtygirl
dirtybir
dirt49
dippy
dima1989
diavolo
diann
diamond7
diagonal
diadora
dhtlbyf
dfyjdf846
dfktynbyrf
DEXTER
devilmay
deutsche
deskjet1
desirae
design1
dervish
derosa
depp
department
denwer
dennis2
Deniska
deni
demon123
dell50
deles
delerium
delenn
delay
deidara
decade
debussy
dearborn
dear
ddd123
david4
david11
dave55
DAVE
dascha
darth1
darren1
dark1
dare
dardar
darcy
darcey
darby1
darb
Danny
Danijela
danidani
dancers
damnyou
damilola
dameon
dame
daledale
dalamar
Daisy
cvbn123
cuzz
curiva
culebra
cuddly
Cuddles
cthuttdf
cruises
cross1
criss
crisp
crimea
creek1
cram
cowd00d
cowboy22
cowboy12
COURTNEY
courtne
counte
coulter
cosmo123
coronas
corona1
cornhusk
cormac
cork
corgi
coppers
copland
coolguy1
cool1234
cooking1
converge
control2
conor1
Connie
conduit
comrades
Compaq
communit
commandos
command1
come2me
comatose
comand
Colorado
color1
colacola
coincoin
cognit
coco11
cockgobbler
cocacola1
cobra12
cnthdjxrf
cntgfyjdf
clownboy
cloud1
clothing
cleocat
clements
cleary
cleanup
Clayton
claws
classi
clash
cjymrf
cjkjdtq
cindee
cincinna
cimbo
ciccione
chynna
chulo
chulita
chuchi
chubb
christopher1
chrisrey
chris25
chris10
chomp
chode
chitty
chips1
chink
chinito
chilis
chile1
CHICAGO
chia
cheyenn
chewbaca
chevy69
chest
chessy
cheroke
cheops
cheezit
cheese2
cheerlea
cheechee
checkito
cheats
chasmo
chargers1
changer
chanelle
chane
chanc
Champion
champ123
cgtwbfkbcn
cestmoi
cessna15
cer980
cepseoun
celtic1888
cdtnkfyrf
cbufhtnf
cbr600f3
cbhtym
caustic
Catherin
catboy
caso
cascada
carvalho
cartma
carrion
carp
carolann
carnaval
CARMEN
carlos123
carleton
caribe
capture
capstan
capital5
canvas
canopy
canoneos
cannibus
canman
canesfan
cando
canbeef
canalc
camry
campari
cammie
CAMERON
camaron
calves
calumet
calpoly
caldera
calbear
Calavera
cairo
cagliari
cacique
cabezon
c43dae874d
c0rvette
byron1
byrjuybnj
bykemo
bycnbnen
buzzzz
BUTTHEAD
butthea
butterbean
Butter
Butler
busman
bushwick
bushbush
burnt
bunnyman
bunky1
bundle
bullyboy
bullwinkle
bugsy1
bugmenot
buffy2
Budlight
buddy3
buddog
Buddha
buckets
bubba11
BUBBA
Bryan
brunos
bruins77
brucew
brownlov
broken1
britton
britches
brisco
brillo
brigit
brielle
bridgette
bridge1
brick1
bria
brewery
brewcrew
Brenda
Bremen
breed
breaking
breaker1
brandon3
brandi1
brandan
brampton
brainy
brain1
bpgjldsgjldthnf
boywonde
boyd
boycott
bowen
bouvier
boundary
bouncy
botafogo
boss429
borodina
born
borden
bootmort
boomerang
boombox
bookman
boobys
boobss
bonscott
bonobono
bondbond
bolita
bogomol
bogdana
Bobby1
bob2
bnm123
blueone
bluedragon
blue28
blue00
blood666
Blood
blonde1
blogger
blob
blink1
blessings
blankman
blanch
blakes
blair1
blahblahblah
blackros
blackmetal
blackhole
blackhat
blackfly
black9
black666
black3
bitten
BiteMe
birdman1
birdcage
birch
biplane
billyray
billyk
bills1
billet
billbob
bill1234
Bill
bilbos
bikman
bijoux
bigun
bigted
bigsexy1
bigrod
bigmack
BIGMAC
bigjuggs
bigfeet
bigears
bigdong
bigbrother
bigboner
bigals
biddy
bicep
bibigon
biarritz
betrayal
bestboy
bespin
berwick
bern
berlin1
berkley
benzene
benwin
Bentley
bensam
benn
benelli
benefit
bendog
bend
below
bellows
bellas
beginner
beerss
beer69
beer1234
beefbeef
beckie
bechtel
bebita
beatoff
beatbox
bears34
bearcub
bear2327
beanhead
bdr529
bcnbyf
bbonds
bbbbbbbbb
bbbbbb99
bb123456
bazuka
bazaar
bayer
battle1
batman13
basta
basshead
Basketba
basilisk
basel
baseball12
basalt
baroque
barge
bard
BARBARA
baptist
bankshot
bandit01
bandido
banderos
bandana
bananza
Banana1
Balls1
balin
baldman
baldie
balata
baklan
badseed
badminto
badluck
badaboom
bad11bad
babyruth
baby1234
babochka
babalu
b1234567
b00ger
azucar
aztec1
azfpc310
azerty12
ayi000
awdrgyjilp
awdawd
avr7000
avon
average
avenge
avatar1
avata
Av473dv
aura
august22
Audrey
atwood
atwater
ataris
astron
astonmartin
aston
assss
asssex
assmaster
asshole3
assets
Assassin
assa123
ashley01
ashash
ashaman
asdfasdf1
asd123qwe
asaasa
as12345
artimus
artem2010
artem123
arshavin
arrowhead
arowana
arnie1
armor
arminia
armine
armen
areyuke
areyou
ARENRONE
aquemini
april26
april22
appollo
APPLES
apple5
apology
aphrodit
apartment
Aoi856
antrim
antonio2
anthro
anneli
annamaria
anna1985
anna1984
anja
anisimov
anisha
aniram
ania
angelita
Angela1
angel10
andy1
andrew22
andrew11
andrew01
andreika
andie
anders1
anderlecht
and123
anadrol
anabelle
amparo
amberlee
amazonas
amazed
amaranth
am4h39d8nh
Alyssa
alston
alskdjfh
alphaome
allochka
Allison
allianz
aliso
alieva
alices
alias1
alfredo1
alfaalfa
Alexey
alex12345
alerts
ALEJANDR
alecia
alabama123
alabam
aiwa
aishiteru
airmail
agile1
aerobics
aekdb
adnama
adilet
adidas11
adding
adapters
adaptec
adamski
acuario
actros
ace1062
acdc123
accounting
accountbloc
access16
about
abigale
Aberdeen
abcde12345
abcd12345
ABCD1234
abc1
abbydog
abbyabby
abby123
abbas
ab12cd34
a666666
a23456
9Z5ve9rrcZ
9ball
999666333
9955
9837
9638527410
963214
9393
9333
91919191
9085603566
9051945
9004
8vfhnf
89876065093rax
88998899
887788
880888
8778
87654321q
870621345
87062134
85218521
8481068
8302
8123
7seven7
7ofnine
7mary3
7eleven
789963
7899
78978
78965
78917891
78621323
785001
777222
777
7718
750750
7477
7300
72chevy
7274
718293
70707
70077007
6987
6969696
687887
6874
6846kg3r
67stang
67390436
66996699
6699
666222
665566
6655
665259
6633
66005918
65mustan
6556
64256425
6424
6279
6263
6169
5string
5nizza
5C92V5H6
5916
5792076
5574
5556633
555555d
5535
552233
5513
5512
5510
54725472
5458
54545
5449
5434
542001
5417
5415
536536
5288
527952
52545856
523523
5220
521521
515515
51525354
515069
5125
5118
5049
4real
4me2know
4EBouUX8
4cancel
4901
4823
47ds8x
471111
4701
4664
4648
4610
456rty
4565
45645645
4562
4506
44556677
4454
4433
4404
4366
4300
42684268
4254
424365
4206969
420666
420024
4159
4153
41514151
414243
4125
4100
3e4r5t
39533953
37913791
37583867
3722
369741
36925814
3639
3611jcmg
3574
3570
3469
3422
3374
33553355
33221
3292
3278
3275
3247
3242
316271
3151
31415927
3123
31122010
31121999
311094
311076
31101970
31101965
310893
310890
310872
31081997
31072002
31071998
31071965
31071961
31051965
31011969
31011966
31011959
306306
30624700
301278
301277
301274
30121972
301171
30111997
30111961
30111958
3011
301095
301094
30101970
30101969
30101964
30101961
30101960
300993
300988
30091967
30091962
300896
30081997
300771
30072001
30071996
300694
30061971
30061960
300493
300475
30041957
300394
300374
300371
30031969
30031960
30031957
300172
300161
2much4u
2i5fDRUV
2big4u
2913
29121997
29121960
291172
29111974
29111969
29111968
29111960
291083
291075
291074
29101970
29101961
290993
290977
290875
29081962
29071958
290693
2906
290575
29051966
29051965
29051961
29051960
290493
290491
29041999
29041960
2904
290372
290292
290276
29021960
290172
290161
29011970
29011959
28infern
287Hf71H
281297
281294
28121972
28121963
281195
281179
28111996
28101975
28101967
28101963
280994
280981
280893
280876
28081999
280779
280776
28071968
28071966
28062000
28061964
280596
280570
280476
28041963
28031998
28022000
28021967
28021955
280177
280174
2763
27262726
2718
271293
271267
27121971
271194
271173
27111995
271077
271074
270964
27091999
27091962
27091959
27081995
2708
27071998
27071968
270707
270679
270673
27062000
270595
270571
27051959
270476
270473
270465
27041999
27041968
27041961
27041960
270393
270368
27031970
270293
270277
27021999
27021963
27021962
27021960
270179
270178
270172
2677
2666
2651
2643
261298
261277
261271
261269
26122000
261195
261194
261170
26111964
26101965
26091967
26081969
26071998
26071962
26071960
260696
260672
26061998
26061964
26041998
260376
260263
26021959
26011997
2597174
2583
2578
2566
255ooo
255555
2550
2523
25212521
2520
2515
25128
251272
25111958
251065
25101967
25101958
25101954
250973
25091969
25091966
25091958
250878
250872
25081998
250796
250795
250676
25061999
25061968
25052505
25041964
250370
25031961
25031960
250281
25021998
25021964
250177
25011966
25011960
25011959
2482
2468013579
2464
241296
241279
24121967
24121966
241199
241073
24102410
24101973
24101969
24101962
24101958
240996
240993
240975
240970
24091997
240773
240771
24071971
24061998
24051967
24051958
24042000
24041997
240396
240372
240367
24031967
24031961
24031957
240280
240279
240277
240276
24021964
24021962
240177
240171
240169
24011965
24011962
240000
2371
2350
2342
23372337
231297
231293
231270
23121967
23121962
231169
231161
23111968
23111964
231072
231067
231064
23101957
230996
230975
23091967
230893
23081966
230774
23068
23061998
23061968
23061964
2305822q
230574
230573
23051969
23051966
23051965
230497
230478
23041968
23032303
23031968
23031965
230295
230175
230169
23011967
23011963
23011960
230023
2299
2292
228822
22856
2279
2270
226622
2263
2250
2241
22362236
223366
223107
2228
2226
221987
22132213
221297
221274
221270
221175
22111968
22111959
221075
220996
220992
220968
220892
220872
220871
220794
220775
220774
220769
220767
22071966
22071963
22061969
220599
220575
220573
22051967
22051961
22051960
220498
220472
220462
22041956
220372
220368
22031997
22031966
220294
22021970
22021963
22021962
220202
220178
220175
220160
22011999
22011958
2200
2133
212212
2121212
212009164
211279
21121969
211192
211175
21111968
211069
211068
21091996
210875
210694
210675
21061966
21061960
210568
21051963
210481
21041962
21041956
210376
210373
210371
21031967
210195
210193
210180
210178
21011967
202202
20121964
20121959
201175
201174
20111997
201075
201073
20091989q
20091966
20091962
200877
20082000
200795
200771
20071999
20071959
200707
20061964
200576
200573
20051969
200492
200474
200472
20041999
20041968
20031967
20031964
200298
200279
200278
200263
20021956
200174
200172
20011965
20011962
20011957
200111
200101
200007
1Wwwww
1Sunshin
1qazxdr5
1qazxcv
1qa2ws3ed4rf5tg
1q2345
1Player
1Pass
1-Oct
1Murphy
1Mmmmm
1Lllll
1Iceman
1Heather
1Green
1golfer
1Gggggg
1Diablo
1derful
1david
1chance
1Bigmac
1andonly
1Amanda
1996gta
19944991
199411
199103
198821
1987198
198711
198701
198686
198625
19852
19851985p
198512
198425
1984198
198321
19822891
198206
1980198
197926
1978197
197676
197575
19755791
197225
197200
196820
19461946
193728
1928374655
19281928
191287
191284
191282
191277
19121967
19121959
191183
191180
191179
191168
19111995
19111969
191086
191078
19101998
19101973
19101961
19091969
19091964
19091962
19091958
19081998
19071999
190679
19061965
190594
190586
190575
190566
19051967
19051965
19051962
19041959
190389
190379
19031998
19031969
19031964
19022001
19021966
19021959
19021956
190188
190166
19012001
19011973
19011968
19011960
1870
1860
182838
18254288
181295
181280
18121998
18121961
18121960
181193
181176
181169
18112000
18111965
181081
181078
181075
181070
18101999
18101998
18101973
180994
180885
180876
180870
18081997
18081961
180774
18072000
18071966
180698
180696
180695
180680
180676
180672
180669
18061969
180570
18041962
180373
180371
180364
180360
18031964
18021963
180172
18011968
18011963
1774
1772
17711771s
1760
1725
1722
17151715
171275
171269
17121995
17121966
171181
17111996
17111968
171071
17102001
17101968
17101967
170995
17091998
17091968
170894
17081969
170798
170795
170770
170680
17061967
17061959
17061706
17052000
17051998
17051969
170497
170494
170475
17041998
17041960
170394
170378
170366
17031966
170294
170272
17021999
170171
17011964
1671
1646
1633
1617
161276
161191
161175
16111998
16111961
161078
161074
16081965
16071960
160698
160694
160669
160659
16061965
160566
160477
160471
16042000
16041967
160377
160374
16032000
16031998
16031996
160277
160264
16022000
16021968
16021966
160177
16011967
16011962
16011960
159951159
15975391
1597535
1597532
159456
1592
158uefas
1575
1569
1563
155155
1540
1537
1527
1522
1517
151295
151294
151293
151275
151271
151269
15121999
151215
151177
15111997
15111963
15111960
151093
151082
151065
15101967
150896
150894
150880
150878
150872
150772
150770
15071969
150596
150569
15051966
150475
150466
150464
15041999
15041965
150396
15031964
150299
150298
15021960
150197
15011966
15011960
149521
1476
1475
1473
147147147
1468
1454
1450
1435
14159265
14142135
141312190296q
141296
141295
141279
141271
141097
141075
141071
140995
14092000
140775
140766
14061972
14061968
140597
14051963
14051954
14041957
140397
140394
140372
140293
140262
14021967
140191
14011962
14011961
1384
1381
1376
1370
136900
1357913
134679q
1346795
133133
1330
132Forever
132000
1313131313
1313131
131296
131292
131271
131270
13121999
131075
13102000
13101964
13101963
13101961
130975
130969
13091997
130861
13081965
13081959
13071996
13071966
130673
13062001
13062000
13061972
13051999
130471
130462
13041970
13041966
13041963
130378
13031966
130277
130274
130262
13021970
13021963
130198
130197
130177
130176
130174
13011961
13011960
1283
1270
12481248
12457896
123qweqwe
123qqq
123lol123
123jlb
123four
123978
123654z
123589
12350
1234qwerasdfzxcv
12345y
12345j
123456rrr
12345699
1234567qwertyu
12345678m
123456789y
123456789Q
123452
1234512i
123451234
123412341234
123342
123321w
123321qaz
1233215
1232580
123212
123181
123174
123111
122778
122381
12201220
121973
121380
121299
121257
121214
121200
121196
121195
121170
121163
12111969
12111967
12111961
121096
121067
121061
120998
120977
120966
12091968
12088
12081208
12071999
12071967
12071960
12071207
120698
120696
12068
12067
12061964
12058
12051971
12051961
120499
12041997
120398
12031960
120273
120199
120166
12012001
120004
1196
1189
1187
1160
1157
1148
11381138
11251422
112279
112233aa
11221
11211
111lox
111984
111980
111978
111973
111964
111558
111299
111289
111271
111269
111222333000
11121999
11121969
11121
111195
111174
111166
111161
11112002
11111998
11111997
11111969
11111911
1111112
111068
111067
11101967
11101964
110977
110972
11091999
11091969
11091961
11081966
110798
110759
110667
11061999
11061998
110597
110575
110563
11051961
11051960
11041968
11041964
11041956
11038
110375
110373
11032001
11031997
11031963
11031961
11031960
110274
11021960
110195
110178
110175
11011961
1081
10801080
104328q
104104
1037
102181
102100
102000
101991
101671
10121999
10121966
101210
10111998
10111968
101068
101065
10101967
10101964
10101960
100997
100969
10091963
100893
100866
10081969
10081966
10081962
10081960
100796
100794
100775
100768
10071998
100675
100673
100669
100665
10061968
100584
100572
100562
10052000
10051998
10051967
10051965
100493
10048
100470
100466
100458
10041965
10041964
10041961
100396
100391
100368
100367
100366
100261
10022001
10021960
1001sin
100194
100169
10011999
10011996
10011966
0973
0968
091294
091280
09121999
09121998
09121997
09121962
091196
091191
09111971
091096
091077
09101998
09101962
090996
090994
090969
09091959
090878
090877
090876
09081963
09080706
090777
090694
090675
09061997
09061966
09061962
09061961
090592
090471
09042000
09041958
090390
09032001
090287
090285
09022000
09021966
09021965
09011968
09011967
09011961
09011960
0892
0820
081291
081276
081272
081194
081170
08111997
08111974
081092
081084
081072
08101958
080990
080981
08092000
08091965
08091956
080895
08081962
08081960
08080808
08080
080794
08071966
08070807
080692
080682
080675
08061965
080565
08051967
08051966
08051961
080478
08041970
08041958
080389
080377
080375
08031965
08031962
080297
080294
080277
08021962
08021960
080188
080179
08011969
08011962
0781
0730
0717
071275
071272
07121998
07121968
07121966
071198
071192
071169
07111971
07111962
07111960
071080
071078
071073
071070
07101997
070895
070892
070799
070771
07071959
070697
070685
070678
07061963
07061962
070587
070581
07052000
07051998
07051970
070476
07041965
070396
070379
070358
07031998
07031971
07031965
070296
070294
070277
07022001
07021998
07021963
07011967
0682
0659
061278
061276
061262
061195
061182
061085
061071
06101968
06101961
060994
060980
06091998
060881
06081971
06081970
060798
060790
060776
060774
060773
06071968
06071966
06071962
060668
060662
06061963
060599
060595
060495
060488
060476
06041963
06031965
06031955
060294
06021965
06021960
060176
060166
06011963
0584
052677
051982
051970
0514
051293
051259
05121965
05121959
051192
05111961
051088
050984
050976
050893
050882
050878
050876
050862
05081970
05081968
050793
050779
050776
050772
050573
05052001
05051968
05051963
05051959
050496
050493
050479
05041971
050396
050393
05031970
05031969
050296
050293
050292
050287
050286
050279
050275
050269
05021967
05021962
050178
050175
05011967
048ro
0488
0483
0478
041284
04121996
04121964
041191
041176
041169
04111964
041084
041079
04101962
040996
040988
04091970
04091969
04091968
04091962
040894
040891
040872
04082000
04081997
04081966
04081959
040773
04072000
04071998
04071967
04071959
040683
04061969
0406
040594
04051999
04051968
040473
040471
040470
04041967
04041955
040384
040373
040368
040366
04032007
04031999
04031968
04031964
040287
040277
04022000
04021970
04021965
04021963
040192
04011962
031281
031275
03121999
03121998
03121969
031198
031169
03111973
03111970
031075
03101966
03101961
03092000
03081966
03081963
030796
030794
030776
030771
03061960
030591
030569
030568
030564
03051996
03051966
030469
030367
030365
03032010
03031960
030291
030277
030197
03012000
03011970
02551670
021283
021277
021272
021271
02121995
02121969
021194
021180
021170
021096
02101966
02101958
02101957
020975
020881
020876
02081997
020798
020795
020779
02071967
02071963
02071961
020699
020682
02061966
020597
020593
02051999
02051963
02042006
02041965
02041964
02041958
020381
020376
020375
020374
020297
020277
020270
020269
02022007
02022002
02021966
02021963
020193
020178
02011999
02011967
02011961
02011955
0191
0162
011270
011263
0112358
01121998
01121996
01111965
011091
01101967
01101964
010994
010977
01091967
01091964
01091959
01081965
010778
010775
01062010
01061998
01061965
01061961
010564
01051957
01041967
01041963
010368
01032004
01022002
0101dd
010158
010157
0088
00700
00198
001978
0014
0008
0005
000011
00000ty
000002
000000z
zzaaqq
Zz123456
zuluzulu
zsecyus56
zse4rfv
zoozoo
zlozlo
zippos
zgjybz
zebra123
zcxfcnkbdfz
zavilov
zapidoo
zanardi
zachar1
yvonne1
yuitre12
ytpyf.
youngs
yodude
yjhbkmcr
yjdujhjl
yjdbrjdf
yhnujm
ygfxBkGT
Yfnfif
yfcnzvjz
yeti
yellow5
yellow22
yeahright
yasacrac
YANKEE
YaGLASph
xzxzxz
xxxp455w0rd5
xoxoxoxo
xiaoyuA123
xfhkbr
xcat_xca
wycombe
Wwwwwww1
wrongway
write
wowlook1
worldwide
worldwar
wolley
wolfee
wodahs
wkmcpmn
witcher
wireman
winner12
WINDOWS
winam
willyboy
william8
willey
wilkinso
wiley1
wildon
widder
Wicked
whynotme
whitehea
whit
wheaton
whatluck
whatis
whalen
werule
wert12
welcomes
weinberg
weihnachten
weihnachte
webtvs
websolutionssu
Webmaste
weasels
water12
wartburg
warp
warm
warlord1
warlock1
warhammer40k
waltrip
waltham
walnuts
wallstre
walls
wallpape
Walker
walhalla
walera
wakeboar
wake
wakawaka
waiter
wahwah
wagoneer
wacko
vwpassat
vovan
vova12345
voronina
vonnie
volvofh12
volunteer
volodja
voivod
vladlena
vlad123
vjnjhjkf
vivia
visigoth
virgos
vipvip
viper7
viper69
viper01
violet1
Vincent1
Viktor
vikin
vika1998
vika1996
videoman
Victor
vfyxtcnth
vfvf12
vfuflfy
vfubcnh
vfrcbvjd
vfhbyfvfhbyf
vfcmrf
vester
veruca
veroniqu
veronik
ventura1
venetian
vending
vehxbr
vbitkm
vaz2115
vasile
varsha
varela
vanhorn
vanes
VAMPIRE
validate
valerik
Valerie
valerian
Valentina
VALENTIN
valenok
v123456789
uuuuuuuuuu
uuuuuuuuu
uthvfybz
usmc01
unseen
United1
United
unison
uncles
uhtqneyu
ufkjxrf
udders
tyson123
twelve12
tuvieja
tusk
turin
tupac1
tummy
tuesday1
tubaman
tttttt99
tsmith
trusty
truskawka
truelov
truegrit
truant
trouble2
troubl
trotters
trooper2
tronic
trixi
trim7gun
tribunal
triad
tresor
trekbike
treehous
traxdata
Travis1
travieso
traveller
trash1
tram
tracy123
tplate
toyman
toxicity
toscana
torquay
toppdogg
topnotch
toontoon
tony45
tony44
tony12
TONY
ToNNa
tommyb
tomb
tomass
tom204
tom
tokyo1
toke
toddler
today2
toccata
Tobias
titti
Titten
titone
titania
tirpitz
tiptoe
Tinker
timote
timm
time2go
timberwo
tima
tiikeri
tight1
tiger8
tiger21
tiger13
tiffanie
tierra
tiddles
tiburo
thurber
throne
throatfuck
thoth
thomas22
thom
thicknes
theword
thewolf
thetaxi
thestone
thespian
thesims2
thereds
theodora
themis
thefrog
thefly
thecount
thebeatl
thanku
thank
TGkBxfgy
tgbxtcrbq
Texas1
tester1
testament
tereza
teresa1
teratera
tequil
tenor1
template
temp1
telus01
telefoon
telefone
teeter
TcglyuEd
tbear
taylorc
taylor11
tautt1
Taurus
Tatiana
tassadar
tart
targa1
tarawa
taratata
taproot
tanushka
tantric
Tanner
tannenbau
tankist
tanis
tangsoo
tango123
talk87
talented
takeme
takako
tabletop
sys64738
sympathy
symantec
swifts
Sweets
sweeties
swee
swansong
suspend
Susanne
susan123
Susan1
surgut
surge
Surfer1
surfe
superm
superdude
superdav
supercop
supera
Super
sunnys
sungod
sundog
sundial
SUNDANCE
summer08
suffering
suckfuck
success2
subscriber
stupor
stunts
stuffs
stuffing
stuffed
studmuffin
strikers
strike3
strelka
stratocaster
strateg
stpaul
stonie
Stones
stoker
stoked
stockhol
stinkyfinger
stimorol
still
steveh
steve22
steroid
steph123
Stella1
steffan
Startrek
Stardust
Star1
stanstan
Stanley1
stangs
standrew
standing
stall
stainless
stabbin
sssss1
ssbt8ae2
squires
spuddy
spritzer
Spooky
splitter
Spitfire
spinners
spinnake
spike2
speedy2
speck
spawn7
sparrow1
sparky99
sparky11
sparky01
spankme1
spammm
space199
soybean
sovereig
southwes
soundwav
sosexy
sort
sophieh6
solder
sofiko
soccer8
sobolev
soarer
snowwhite
snowstor
snowcat
snowbal
snoopy2
sniper123
sniffles
snazzy
SNAKE
smoot
smith22
smeg
smalltit
smalldog
slutfuck
sloeber
slobber
sloan
sling
slender
sleeve
sleddog
sleazy
slavko
skylight
skyfir
skyeseth
sklave
skiller
skidrow
sketchy
skanky
sixer3
sito
sissy123
sisisi
sirrom
sinnfein
Simon
simbacat
silvia1
silver5
silver01
siffredi
sierr
sidney1
siddhart
shumaher
showbiz
Shooter1
shocks
shockey
shmily
shivers
shithead1
ships
shineon
shinchan
shilling
sheree
shenmue
shemp
shellac
sheetal
sheena1
shedevil
shebadog
shavkat
shatter
sharper
SHARK
shant
shango
shameles
shalini
shadowru
shadowman
sexybo
sextime
sexmad
sexi
sexfreak
serjik
sergiy
sergant
Septembe
seppel
semaj1
sell
selecta
Secret1
seabass1
sdfsdfsdf
sdbaker
sD3utRE7
scubas
scubaman
scrapy
scrapp
scrapland
scorpian
scorp
scooter3
scoopy
scoop1
schwing
schuster
school12
scholes
schalke04
scanner1
scanman
sayuri
Saving
saved
saurus
saucer
satish
satine
sassy2
sasha777
sasha1991
sargsyan
saralee
sarahh
saraann
sapporo
sanyco
santorin
sanson
sanna
sanctuary
sanction
sananton
Samurai
samuel12
samson12
SAMSON
sammyy
sammy11
samfox
sambo1
samar
Samanth1
sama
salvado
salima
salim
sale
saladin
sakic
Sailing1
safrane
safado
sactown
sacha
s1s2s3s4
ryder1
ryan01
rustyboy
rusty5
russia1
RUSSELL
ruskin
rushman
rupert1
runnin
runne
rumba
rugbyman
rufuss
ruffus
rueben
rudenko
ruddy
rubberdu
rstlne
roxyroxy
rotter
rossiya
rossigno
rosies
rosebush
rosalia
roos
rookie1
rondo
romer
roma1993
rollrock
rollover
rollers
ROLAND
roisin
rockyy
rocksta
rockshox
rocket21
rock1234
ROCK
robotic
robotec
Robinson
robert22
robb
roadhog
rkbvtyrj
rjycnbnewbz
rjhjyf
riptide1
rinker
rimini
rigid
ridgeway
rick1
richy
Richmond
Richie
rich123
rhfvfnjhcr
rhett
rfpfyjdf
rfntyf
Rfnthbyf1988
rfhbyrf
rfghjy
reviewer
revelati
retter
retsub
retrac
retnuh
restore
Renegade
remmus
remi
rellim
relic
reiter
rehman
regine
regin
regedit
refer
redsox20
redsox11
redshirt
redlion
redlands
redhill
redcar27
redbank
redarmy
recipe
rebate
reamer
rbhjxrf
rbgtkjd
razvan
ray123
rawr
rasul
raque
rank
ranita
ranger75
ranger6
ranger5
ranetka
randie
rammstein1
ramina
rambos
rambo2
ramana
raman
ramadan
ram123
rakas
raissa
RAIDERS1
rahul123
rafale
racism
rachel69
racecar02
rabbit12
qwest123
qwertyy
QWERTYUIOP
qwertyu123
qwerty32
qwerty100
qwerttrewq
qweqw
Qweasd123
qweasd1
qwe123qwe123
qwas
quixotic
queens1
queenas8151
quart
quaresma
quantum1
quantex
quail
qscesz
qqqaaa
qqq11
qazxswe
qazxcvb
qazxc
QAZwsx123
q12we3
putangina
PUSSYS
pussylips
pussy12
push
purple69
purple13
punchy
pumba
pugdog
ptichka
psychic
prout
prototyp
protection
prostreet
prostotak
prolog
processor
probably
prisonbreak
priscila
prince11
primes
presidente
Prelude
pray
praveen
ppppppppp
powerpla
poulette
pouch
potte
pothole
postie
postage
Portland
porno2
porn11
poppi
popi
poopypan
poopi
pools
poohbear1
PolniyPizdec110211
polkilo
polkadot
polin
policeman
poiulkjh
pointman
pogoda
pocus
poacher
plywood
playstatio
playgrou
platonic
platinu
platini
plaisir
plain
pkunzip
pjkeirf
pizzle
pistola
piPEUTVJ
piotr
pills
pilchard
pietje
pie123
picket
piccolo1
photowiz
philos
Phillip
philippines
phili
philbert
Phezc419hV
pfobnf
pfizer
peugeo
peterm
peterburg
petera
peter69
peter5
peter2
perverts
perrine
penquin
penpal
peni
penguin6
pendej
penchair
pedrito
peanutbu
peacock1
pd25
pcgamer
paula123
paul10
patterson
patrick4
patrick3
patient
patch123
paswoord
pasture
passwordpassword
passwo1
Passes
pass1wor
pasha1
parviz
partyman
partridg
parsley
pardon
parapet
paranoya
paraiso
paraguay
paradox1
parachute
papichulo
paolo1
paolit
pantyman
pants1
Pantera1
pansy
pangit
panda123
pancake1
panam
pamplona
pampa
PAMELA
palpatin
palpal
pallina
pallet
pakalolo
pageup
pages
padova
Packard1
pachanga
p3orion
ox3ford
overflow
overcome
outpost
outland
ou81269
ottom
osipova
ortezza
orion7
orenburg
opossum
opopopop
opelgt
opelagila
oooooo99
ooicu812
onlin
onetwo34
one2one
omnislash
Omega1
OLIVIA
oliver2
oleg123
oldpussy
ohmy
ofcourse
ofclr278
odt4p6sv8
odonnell
octobre
octavio
octave
Oblivion
oaktown
o123456
nymph
nurgul
nudegirl
novosibirsk
notme
nothere
not4u2no
not4u2c
nospam
norton1
norma1
noremac
nord
noodles1
nondriversig
noller
nokiadermo
nokia7070
nokia6230i
nokia5200
noahnoah
nn527hp
njkmznnb
nixon1
nitsua
nissen
ninjutsu
ninja123
ninenine
nina123
nikita2000
nikita1998
nightfal
nigel1
nicole23
nicole12
nicola1
nicks
nickers
nhfkbdfkb
ngc4565
nfyz
nfkbcvfy
nextgen
newto
newspape
newcomer
neveraga
netsnip
netnwlnk
nesta
neptune1
neo123
Nemesis
nell
nekoneko
neeraj
neel21
needajob
navyman
naturist
natural1
nathalia
Natalia
nascar08
naruto010
nargiza
narfnarf
napster1
nairda
Nadine
N7tD4BJL
myturn
mystery1
my_pass
mynewbots
mymoney1
mylake
mustang67
mustaine
musket
musiclover
music2
music101
Music1
muse
muscle1
Murphy1
munson15
munkee
munchy
muncho
Munchkin
muleman
Mulder
muhammed
mugen
muchacho
much
mst3k
mrpibb
mrbig
movie1
Mouse1
mould
motoxxx
motorrad
mother12
motel
motdepass
mostafa
moskwa
morse
morganstanley
morelia
morefun
moose69
Moose1
moores
moonwalk
mooman
Mookie
moody1
mood
montydog
monster9
monster7
monkey9
Monitor
mongini
money8
money5
moms
mommy2
momanddad
moman
molodec
molly13
molecule
moishe
moise
mohan
modular
modesty
mobila
mnbmnb
mkonji
mjbnbna1
miyvarxar
mitzie
mitzi1
misterme
missys
mishutka
mishra
miruvor79
mirinda
Miranda
minutes
minority
minnesota_hp
minimo
minicoop
mini14
mingle
mine69
minarets
millie11
millerlite
miller12
milkmaid
milka
milan1
mikejone
mike10
micmic
mickmick
mickey69
mickey2
michou
MICHELE
michel1
mets1986
meteoro
metalhead
metalgea
messenge
merlin21
merlin11
merced
mercator
melvin69
melt
melony
melon1
melkiy
melissa3
melis
mel123
megamon
meesha
meeker
meduza
medtech
medley
medias
mcmcmc
mcintyre
mchale
mcgrady
mcdaniel
mcclain
mazepa
mazatlan
mayhew
maxine1
maximu
maxcat
maureen1
matveev
matty1
matti
matt01
matilde
master7
master55
master13
mAsTeR
massie
maslov
masiania
mascha
maryann1
mary11
marten
marque
marocas
marmalade
mark3434
mark13
MARK
marinochka
mariner1
manut
mansikka
mansfiel
mannix
mani
mandel
man1
mamma123
mamapap
mamaliga
mamadou
mamada
malyshka
malysh
malaria
malacon
maksmaks
makeit
maja
mailer
mahina
mahendra
maguire
magnit
MAGIC
maggie10
maga
maestro1
maersk
maemae
madrox
madnes
madmax11
madison0
maddi
macross1
maasikas
m1garand
Lzhan16889
luxor
luvbekki
lutscher
lunacy
lukas123
luisfigo
luigi1
lucycat
lucky9
lubimka
luansantana
ltybcjdf
lozano
lovezp1314
lovesyou
lovess
LOVER
lovedick
love5683
love24
love15
love12345
love0
lovable
Louise1
LOUISE
lostlost
loreli
loploprock
lopez1
loonie
looking4
longman
london123
lolz
lollie
lol1
logcabin
logans
loc
lllooottt
llbean
llabesab
ljkkfh
lizzy1
lizbeth
Lizard1
lizabeth
livefree
littlewhore
littleslut
littlefuck
lisaann
linlin
lindy
lindam
lindac
lilylily
lilmama
lilli
like123
lightspe
lifestyl
Lifehack
lidiya
libertin
liar
lialia
LgNu9D
lfytxrf
lexxus
lexus300
letterma
letmein4
lesmis
leonleon
lemmon
lektor
leica
leia
legs11
legolas1
Legacy
leet
lebaron
Leaving
Leather
leander
leaf
lbvfcbr
lazareva
layer
lawnmowe
lawina
lavrik
lava
lauri
latexx
latenite
laszlo
lasse
larryg
lark
larionov
larina
laralara
laptop1
lapo4ka
lani
lando
lalit
lafayett
ladylove
lacrosse1
lacroix
lacrimos
l12345
.kzirf
kumar123
kulikov
ksyusha
ksmith
kruemel
kristall
krist
krishnan
krimml
krille
krieger
krebsen
kravchenko
kramkram
krakatoa
kracker
kowloon
kotton
kotova
kosssss
konnichi
kolpino
kolosov
kolonka
koller
kolawole
kokot
koichi
knows
knowles
knight7
kmfdm1
klmklm
klingon1
klimova
klesko
klepto
kkkkkkkkkk
Kkkkkkk1
kita
kissit
kissed
kiss123
kiselev
kirbys
kiokio
kinkin
kink
kingss
kinglear
king11
kimm
kimbo1
KIMBERLY
kilmer
killswit
killer77
killer01
kiersten
kicker1
kiborg
kiba1z
khankhan
khalif
keyword
kevinm
kevin2
kershaw
kerberos
kenn
kenji
kendo
kelloggs
kegger
keating
kd5396b
kbpjxrf
kayla123
kaunas
katlyn
katinka
Katie1
Kathy
kathmandu
Katerina
kat123
karter
karlmarx
karizma
kamaz
kalyan
kalimera
kaka22
kajlas
kahless
kabuto
k9vVos0a
k123456789
justlook
justin123
justin10
justin01
justice2
Justice
justic
justforf
junta
junior8
junaid
jumpshot
jumbos
july27
julias
juliane
Julian
julemand
Jrcfyf
jpthjdf
joyous
JoXurY8F
joshua3
joshua19
joshua10
josh12
jose12
jorel
jorden
jordan45
jordan18
jordan00
jokerr
jokerjoker
joker13
jojo123
johnnybo
johnatha
joaqui
joanna1
jlettier
jkmxbr
jkbvgbflf
jjjjjjjjj
jitterbu
jinxed
jimmy99
jimbo69
jimbo2
jhrl0821
jhonny
jhonatan
Jhnjgtl12
jhereg
jG3h4HFn
jesuschris
jesuschr
jessicam
jessica6
jesica
jerryb
jerry123
jerome1
jerky1
jerkin
Jenny
jeniffer
jenelle
jekyll
jeff12
jedimaster
jazzman1
jayne
jayhawk1
jayboy
jawbreak
jasonk
jason11
jasmi
janne
janie
janessa
janeair
jammers
jamesm
jamesh
jaiden
jackster
jackpot3
jackme
jackfrost
jackfros
jack99
jack23
Jack1
jabroni1
ja0000
j0shua
izzard
itsme2
itsasecret
itdoes
istina
issmall
isabella1
ISABEL
is3yeusc
Ironman
ironlung
ironfish
irish123
ioanna
invest1
inverse
interior
inter1
insulin
inout
innate
infotech
informer
Inferno
indig
indian1
imperia
imissu
imhome
imfree
imac
iloveyou143
ilovemar
ilovelucy
iloveluc
ilikepussy
ikmvw103
ifoptfcor
ideal
ichbin
icewater
iced
icam4usb
ibragimov
iberia
Ibanez
iamgreat
iambigal
hydepark
huskerdu
hurryup
huntsman
hunny
humtum
humpin
humanity
Howard
houndog
hottuna
hots
hotfun
hotdo
hotdick
hotchkis
hot1
hornier
hophop
hoothoot
hoople
hoohoo
honey69
HONEY
hondavfr
hondas2000
Homer1
holyholy
holycrap
holde
hogtie
hockey9
hockey77
hobbes12
hjvfhjvf
hjlbjy
hitmen
hirsute
himmler
hilde
highjump
hifive
hideki
Hhhhhh1
heywood
hesse
hesoyam1
hershe
henry8
henry123
help123
HELP
hello6
hello23
helicopter
heli
Heineken
heike
heehee
hedJ2n4q
heather6
heathen
hcir
haze
hayman
havok
hatman
hasting
hasan
haruka
hartmann
hartland
harryp
harry2
harlock
harley13
harlequi
haribol
hardtoon
HARD
harada
happytim
happyness
happyjoy
happiest
happie
hanse
hannah12
Hannah1
hanley
hanibal
handily
handicap
hanako
hampster
hammett
hammer69
hammer22
hammer12
hamada
halftime
hagrid
hagakure
hackett
hacker1
gznybwf
gwendoli
guthrie
gusto
gustaf
gunny1
gunite
gunit
gulnar
gullit
guitarman
guitarma
guitarhero
Guitar1
guinness1
guillermo
guenter
guano
gtnhjczy
gti16v
grossman
grinding
grind1
grimm
greyhawk
gretzky9
gresham
grendal
greese
greenlan
greenhouse
greenery
green45
green33
green17
GreatGoo
gre69kik
gravy1
grapple
graphix
graphite
granat
gram
Gracie
gotyou
gotime
goskins
gosha
gorge
gordan
goodmorning
goodboss
good123
gonzo123
gonchar
gomango
golfer11
golf123
golf01
goleta
golding
goldenboy
gokugoku
GODZILLA
godown
godhead
gocart
gobulls
gnasher
glowworm
gladiolus
gjkzrjdf
gjkysqgbpltw
girls69
girasole
gimpy
gimmesum
gigemags
gibb
ghjuhfvvbcn
ghjrjgtyrj
ghjkl
ghjk
ghbdtnbr1
gfhtym
gfhjkm11
gfhfpbn
gervais
germain
gerald1
gepard
genoveva
genetics
genesis2
GENESIS
gemini69
geekboy
gedeon
gbplf123
gborv526
gawain
gators96
gatinho
gathering
gasto
gash
Garrett
garnier
gangan
gameday
galvesto
galatasa
galaktika
gagagaga
gaffney
GABRIEL
Gabrie
gable
g0dz1ll4
fylhsq
Fussball
further
funnycar
funkie
funfunfu
fulhamfc
fuerte
Fuckyou
fuckya
fucky
fucktoy
fuckitall
fruitcake
frontosa
frodo2
FRIENDS
freyfvfnfnf
fresco
french1
fregat
freedom0
freeclus
freecell
free30
fredrau
fredonia
fredie
FRANKIE
frances1
Frances
france1
fractals
foxmulder
fourx4
fourkids
foster1
forrest1
forreal
Formatters
foreign
fordfocus
ford01
forbin
footslav
folgore
fodder
Fm12Mn12
flyvholm
flynavy
flute1
Flower1
flori
florenci
flirt
Flipper
flipoff
flinders
fleece
flash2
flameon
flagman
flag
Fktrcfylhf
fktrcfyl
fktirf
fjfjfj
fjdksl
fitz
fitnes
firema
fireice
firedept
firebug
fiorentina
fiocco
fine1
finale
filmstar
filles
filip
figa
fifafifa
fifa2011
fiend
fica
fhutynbyf
ffff1
feuerwehr
ferrina
fernie
FERNAND
ferarri
fenomeno
fellows
felix123
felipe1
felicidade
felici
fefefe
feeds
fearme
fdfyufhl
fckfck
faustus
fatso
fatmike
fatima753357
fatfat
fate
farmland
farmhous
farfar
fantas
familie
falls
falken
Falco02
Faith
fahayek
fabius
f56307
ezmoney
ezequiel
Express1
execute
exceed
ewing33
ev700
etketk
Eternity
estes
espn
escrima
erererer
ereiamjh
ercole
erathia
equate
epervier
enormous
enlighte
enigm
engineering
emporium
emokid
emmajane
emma01
EMINEM
Emily1
emerson1
emanue
elvisliv
elvir
elspeth
elsie
elliott1
ellehcim
elixir
elites
elise1
ELEPHANT
ekbnrf
Ekaterina
eire
eight888
egoregor
eetfuk
eduardo1
edgar1
edcwsxqaz
ecosse
economist
eclipse2
ebenezer
eatmyass
eather
easypass
eastbay
earlgrey
eagle7
dylans
dyanna
dwells
Dwayne
dutchie
Dusty
dupree
duper
dune2000
dukey
duke12
duhduh
dugan1
dugan
dufus
dudder
ducati74
dubois
duarte
dtybfvby
dsmith
drumandbass
drongo
drilling
dredd
dreamgirl
dreame
drawoh
drachen
dr8350
dover
doublet
dorman
dorkdork
dorcas
doom12
doody
dood
dontgotm
dontforg
donnelly
donnell
donkeykong
donke
donatello
doming
dolphin9
dolore
dollar1
dolla
dogpile
dogphil3650
dogfuck
dogbert1
dog2
doda99
doctorwh
doctorj
dock
dnevnik
dmb2011
dkjfghdk
divedeep
disable
diploma
dimon95
dimo4ka
dimes
diman
dimaggio
dima2009
dima1998
dima1990
dildo1
dilara
Digital
difference
diet
diem
dickens1
dick123
dianas
diana2
Diana
diamondd
diamond8
diamond6
diamond2
di7771212
dgoins
Dexter
dewar
deuce22
deuce1
detour
destinee
derren
dermot
derby1
denhaag
demolition
demarco
delta7
delta5
delray
dell11
delite
DEKAL
dei008
deflep
defect
defcon4
deedlit
dededede
DECEMBER
debby
deathblo
death6
deadfish
daywalker
dawid1
davids1
david777
david21
david13
dav123
darksun
darksta
darknigh
darkhors
dany
dannym88
Daniil
daniel11
dangit
danger1
dangel
dandelion
dancer2
danbury
danang
damsel
damiano
daleks
dakota2
Dakota1
daggers
d50gnN
d1234567
cynthi
cyklone
cvtnfyf
cvbn
curzon
curlew
cuntfinger
cumin
cumhard
cudacuda
cube
cubby1
cubana
cubalibre
ctvtyjdf
Cthutq
cthlwt
cthdbc
cstock
crue
cronus
crispin
cressida
creams
crazyd
cranes
craig123
cracky
Coyote
coven
countr
cosimo
corvette1
corp
cornish
cornfed
cornell1
corneliu
corn191
coralie
cora
copernic
cope
cootie
coors1
coolwhip
cookie2
cookbook
construction
constantin
connor11
connelly
connecte
congas
confidence
confetti
Compute1
compaq123
comicbooks
colts1
Colt45
coloring
collection
colbert
coimbra
cody123
coco12
cock22
cobbler
cobb
cntkkf
Cnfybckfd
cnfnbcnbrf
clusters
clove
clockwor
clitty
cleo123
claw
clarkkent
cjhjrbyf
cityboy
chuluthu
chula
chucko
chuckle
chuck123
Christy
christiaan
christa1
chrish
chrisg
chris13
chri
choker
chitra
chippewa
chinni
chinchilla
chiffon
chiefs1
chico123
chevyy
chevytru
chevyss
chevy3
chevalier
chesters
chessmas
Cheryl
chelsi
chelsea4
chelsea3
Cheese1
CHEESE
Charlotte
Charlott
charliem
charlie111
charit
chappie
chaplain
chante
changeme1
chancy
chances
CHANCE
chamberl
chaching
cezanne
cessna172
celicagt
cecilia1
cdznjckfd
cdtnkzxjr
cccccccccc
cbvjyf
cbr929rr
cbarkley
cba321
cathryn
cathleen
cathay
casting
castill
cassis
CASSIE
cassidy1
casio1
cartmen
cartagen
CAROLINE
carolina1
carlsber
caring
cardss
carbone
capo
canto
cantina
cannon1
candyeater
candance
canaries
camneely
camelo
calla
calimer
caine
cachero
cache
cabledog
caball
c32649135
c00kie
byteme1
byrne
bypop
bvlgari
buzzword
buzzkill
Butterfl
butane
busybee
buster99
buster88
busines
burton12
burltree
bunyan
bums
bumhole
bullrun
bulat1996
buhjvfybz
bugg
buffon
bueller
budster
BUDLIGHT
bucks1
buckman
buck123
BUCETA
BUBBLE
bubbl
bubb
brussel
brushy
brucey
brooksie
brooklyn1
brood
BRONCO
brogan
brody1
brittani
britni
britanni
brinkley
brillian
Brigitte
brigham
bridger
brianw
brett123
brescia
brennan1
bren
brazen
bravado
brasco
brandon6
brandon00
brandnew
branco
branca
brady1
brace
bpvtyf
bozo123
bowmore
bounder
botanik
bot2010
bosch
borgia
borealis
bordello
boogiema
boofer
boochie
boobs69
booboo11
bonn
boneyard
Bondage
bond9007
bombero
bold
bogdanova
bodie
bodean
boca
boby
bobrov
bobrik
bobolink
bobo123
bob111
bmw528
bmw328
bmvm3e46gtr
blurry
blunder
blumpkin
blue92
blue30
BLUE22
blue135
bltynbabrfwbz
bloomers
bloodlus
blome
blight
bleu
blessyou
BLAZER
blasted
blass
blademan
blade55
Blacky
blackwhite
blackhorse
blackfin
blackboo
blackadder
black5
black23
bjbjbj
Bitch
bisous
bison
birthday2
birthday133
Birgit
birdsong
bipbip
billygoa
billyg
billly
billa
bilbob
bigtitty
bigsmall
bigmouth
biggus
biggio
biged
bigboy11
bigbone
bigblue1
bigberth
bigballa
biedronka
biafra
bhfbhf
bhecbr
berner
berlioz
berli
ben1234
beltran
belt
belo4ka
belmar
bellybut
belluno
beer1
beeman
beefer
bebert
beb
beaver12
beatty
beatme
bearss
bear13
Beagle
bdaddy
BBBBBB
bballs
bautista
batmonh
batman21
Bastard1
baseball9
bartman1
barstow
barsch
Barney1
barnard
barnacle
barnabas
Barcelona
barabbas
barabash
bantha
Banshee
bankrupt
bandman
bandits
bandband
bambi1
bambam1
bama1
baloo1
balls2
balls123
ballroom
baja
baily
baileys
baer
badiman28200
badder
backwood
backhome
backd00r
babyphat
babo
babie
ba25547
b0hica
azimuth
az12345
axiom
Awesome
awesom
awake
avtoritet
avril
Av626ss
autocar
Authcode
austin2
aust1n
aurelien
aureli
auburn1
athene
athena1
Athena
atep1
atease
ataman
astonv
astonmar
ASSMAN
assert
aspect
asmodean
asiaasia
ashraf
ashley69
ashley19
asguard
asdzxc123
asdflkj
asasasasas
arzen
artur1
ARTHUR
artem777
Arnold
armyof1
armastus
aregdone
archibal
archer1
aracel
arabia
apples123
apex
apeshit
anupam
anthony5
anthony0
antananarivu
answers
anna1997
anna1990
anna1986
anna1982
anna13
anit
animals1
animal2000
anil
anger
Angels1
angeleyes
angeldog
angel77
angel3
angel21
anetka
anemone
andzia
andrew123
andrew10
andress
Andrei
andorra
andiamo
ANDERSON
anchorat
anastas
anamika
analysis
ametist
amersham
americas
amberr
amberdog
amazonka
alysha
alskdj
alphadog
alons
alondra
almeria
almanac
allways
allston
allister
Allison1
allard
Alison
alino4ka
alina1995
alice123
alia
alford
alexandra1
ALEXANDR
alex92
alex2010
alex1987
alex1981
alex1973
alex1971
alemap
alcoholi
albright
albertjr
ajax01
airbrush
aidan1
ahmed1
aguilas
agnes1
aftermath
aekara
advice
advert
adroit
adpass
adios
adidas69
adidas12
adamson
adama
adadadad
activation
acme
acheron
acess
acer12
acehigh
Account
accobra
Access
abkbgg
abiodun
abcdefghijk
abcdef12
abandon
Ab55484
aachen
aaazzz
aaaassss
aaa123456
a8kd47v5
A6piHD
a333444
a1b2c3d
a1b1c1
a123654
a123456z
A12345678
9HMLpyJD
99ford
9988776655
9966
9933162
98766789
987654123
98745
9874
9821
9691
963210
9556035
9293709
9288
9141
91328378
9124852
9085084232
902101
9012
900900
88mike
88887777
887766
8855
8822
880088
8788
86chevyx
8642
8633
85bears
85858585
8456
8454
8421
8244
8215
8096468644q
8088
80808080
8055
801010
7iMjFSTw
794613258
789qwe
789456123a
789056
7825
7779777
777123
7759
7747
7730
770129ji
7654321q
7557
7506751
747200
7411
7377
7255
7210
7111
70707070
6gcf636i
69pussy
6999
6970
6942987
6913
68stang
67vette
6769
666444
6650
663366
6573
654321z
6532
6485
645202
6440
636322
628628
6218
611611
6070
6061
6011
6001
5speed
5alive
59382113kevinp
5884
5878
5864
5791
57699434
5678ytr
5677
5588
55665566
55555r
55555d
5554
55495746
5543
552861
552255
5502
550000
5478
5469
545645
54354
5435
54343
5431
5337
5299
5278
5226
5211
5210
51502112
50325
50000
4RzP8aB7
4987
4930321
4900
486486
486255
483422
478jfszk
4748
4673
4651
46466452
4638
4590
458458
45678912
45654565
45632
4553
4552
4542
4524
4500
444888
444444444
4443
4440
441232
4357
4350
4290
4264
4253
4246
4227
4222
421421
420smoke
41526300
4144
41424142
41234123
4110
4108
4101
4060
40404040
382563
3822
3816778
3777
3691
3669
36633663
3659
365365
365214
36169544
3611
358hkyp
3575
3536
3461
3459
3440
3434245
3401
3370
33213321
3318
330000
32633263
3260
3254
3245
3236
3226
3222
321qaz
32123
3212
3182
3181
3150
3146
3142
311420
311296
311293
311273
311270
311265
31123112
311113
311081
311074
31102000
31101964
31101961
310875
31081998
31081965
310794
310776
310597
310596
31051999
31051967
31051962
31032000
31031998
31031997
31031965
310178
31011968
31011961
3055
3050
3040
301293
301276
301273
30121997
301195
301193
301170
30102001
30101998
30101966
30101962
300969
30091958
30091956
30082008
30081959
300797
30071970
30071965
30071964
300676
30061961
30051966
300479
300474
30041960
30041955
30031996
300197
30011964
30011960
2h0t4me
2dumb2live
29palms
2941
29121967
291195
29111962
291072
290996
290970
290963
29091996
29091968
290893
290878
290874
290872
29081972
29081964
290797
29071968
29071962
29061999
29061964
29061960
290597
29051968
29051962
290495
29041971
29041965
29041963
290375
29031965
290175
29011999
29011998
29011995
29011967
2870
2869
28292829
281273
28121966
281176
281174
281172
281168
28111960
28111958
281094
281093
281078
28102000
28101964
28101959
280980
280977
280975
280969
28091996
28091966
28091959
280867
28081998
28081966
28081962
28081953
280777
280762
28072000
28071996
28071965
280670
28061962
280473
280469
28041997
28041960
280375
280374
28031968
280278
28021964
280178
280176
280172
28012000
2797349
27282728
27272
271292
27121999
27121968
271171
27112000
271060
27102000
27101961
27091964
270892
270876
270875
270874
27081961
270773
270767
27071999
27071964
270674
27061969
27061964
27061962
270596
270564
27051967
27051964
270477
27041997
27031969
270273
27021964
27021957
270199
270176
27011971
27011963
2660
261274
26121969
26121967
261171
26111968
26111965
26111956
261094
261076
26101963
260995
260971
26091958
260898
260891
260880
26081998
26081966
260765
26071964
260698
260694
260651
26061966
26061961
260570
26052000
26051999
26048
26041961
260274
26021998
26021968
26021965
26021960
26021956
260177
260170
26011998
26011962
26011960
25892589
2586
2568
2544
254254
25412541
25362536
2534
2533
2528
2525252
25202520
2519
251297
251269
251265
251251
251200
251194
251175
251174
25111998
25111996
25111967
25111960
251099
251069
25101968
250992
250969
25091999
250894
250866
25081963
25071961
25071959
250694
25061997
25061957
25061954
250569
25051966
25051955
250473
250470
250467
250381
250371
250363
25031963
250274
25021999
250197
250181
250174
250166
25011954
2499
2480
2476
247247
24242
2421
24121963
241194
241161
24111996
24111969
24111964
241075
240973
240961
240899
240871
240870
240868
24081999
24081972
24081966
24081956
240778
24072000
24071970
24071968
24071961
240674
240666
24061966
240576
240575
240571
240563
24051999
24051969
24051962
240475
240469
240464
240366
24031973
240292
24021968
24021960
240176
2389
2354
2351
23342334
23242324
231456
231266
23121995
23121968
23121961
231199
23111997
23111970
23111965
23111962
231078
231073
231069
231068
23101963
23098
230978
230974
230967
230964
23091997
23091965
23091964
230894
23081997
23081960
23071970
23071964
230695
23062002
23061999
23061965
23061963
230493
230376
230368
23031999
23031955
230270
23022302
23021963
23021955
230167
230160
23011962
227227
2261
224455
22121996
22121966
22121961
22121957
221170
22111966
22111961
22111954
221077
221076
221059
22102000
22101962
220969
220961
22091967
220876
22081966
22081962
220797
220772
22071961
220670
22062206
22061999
22061997
22061965
22061964
220597
220576
220567
22051966
220499
220492
220473
22041999
220395
220375
220370
22031967
220271
22021965
22021959
22021955
220199
220172
220171
22011961
2170
2156
2140
212325
2120
2113
21128
21121964
21121963
211197
211196
211168
21111960
211111
21100
21092109
21091965
210774
210768
21072006
21072001
21071966
210707
210689n
210680
21061964
21061962
21061961
210578
210499
21042104
21042000
21041970
210377
21032001
21031959
210295
210291
210272
21022000
21021962
210171
210167
204060
2023
2022958
201272
201199
201195
201173
201170
20111966
20111962
20111960
201067
20101999
20101958
200973
20091967
200895
20081957
200775
200773
200676
20061968
200577
20051962
20051959
20042005
20041966
200395
200264
200166
20011997
20011973
1Xxxxxxx
1Wildcat
1w1w1w
1Tommy
1Tiger
1Tiffany
1Star
1Snoopy
1s1h1e1f1
1Rangers
1Rabbit
1qwertyu
1Qqqqq
1q1q1q1
1Nascar
1monkey
1michael
1ladybug
1King
1Jones
1Jjjjjjj
1Jackson
1Inside
1House
1Gandalf
1Eeeeeee
1Creativ
1Camaro
1Black
1Beer
1Bbbbbb
1Baby
1a1a1a1a
199613
199515
199410
199226
19921993
199117
199112
199017
198921
198719
198624
1986198
198619
198618
19855891
198523
198520
198516
198511
198413
198411
19833891
198325
198324
198311
198222
198219
19821
198020
197929
197901
197474
197419
197010
19471947
19380018
19372846
192837465q
19216811
1915
191296
191285
191280
19121962
191187
19111972
19111966
19111964
19111961
191089
190982
190981
190980
190972
190968
19081968
19081957
190792
190772
19071997
19071963
190678
19061999
19061968
190593
190580
190579
19051963
19041962
19041958
190395
190393
190281
19011963
1895
1892
1888
1885
186186
1827
181212
181196
181174
181173
181172
18111968
181095
181076
18102001
18101996
180971
180968
18092000
18091966
18091964
18091960
180892
18081968
180797
180796
180781
180776
180772
18071965
18071960
18061998
18061965
18061962
180574
18052000
18051971
18051966
18051958
180478
18041999
18041998
18041968
180365
180276
180268
18021967
18021961
18021959
180171
18011954
1778
1739
1726
171297
17128
171191
171169
171161
171072
171070
17098
170972
17091999
17091972
170875
170874
170866
17081996
17081970
17081960
170794
170776
17071999
170675
170668
17061965
17061962
17061960
170575
170565
170375
17031963
170296
170280
170276
17021964
17021962
170196
170172
17012000
17011998
17011969
17011960
165432
1627
1613
16121966
16121961
16121957
161168
16112000
161071
16101966
160868
16081998
16081964
160798
160778
16071964
16071962
16071959
160663
16061967
160569
16051999
16051998
16051968
16051960
160497
160470
160394
160375
160370
16032001
16021999
160171
16012001
159357123
1590753
157359
1560
1559
1554
1552
1546
1539
1525
1513
151263
15122000
1512198
15121967
15121960
151172
151170
15111968
15111965
151096
151095
15101959
150996
150968
15091964
15081967
15081960
150778
150775
15071963
15061999
15061997
15061973
15061970
15061964
15061960
15061953
15058
15051960
15051959
150497
15041998
15041960
15041954
150395
150394
150374
150372
150369
150367
15031962
150296
150294
15021998
15021959
15021957
150176
150170
15011969
15011967
15011959
1481
147258369a
1459
144444
143000
141592
141294
141293
14121962
14111965
14111963
141111
141095
141076
14101410
140968
14091998
14091968
140875
140872
140864
140863
140857
14081962
14081960
14081958
14081957
14081408
14071974
14071960
140675
140673
140670
14062000
14061966
14061960
140572
14051998
14051968
14051962
140473
140472
140467
140465
14041999
140370
14032001
14031966
14031962
14028
140270
14021964
140198
140171
140166
14011964
137955
136913
136666
1361
1359
1358
1356
1350
1349
1346798520
13467985
13467982
134134
13261326
132546
13201320
131282
131276
13122001
13121967
13111968
131097
131073
13101968
13101965
13101310
130994
130971
13091998
13091965
130869
13082000
13081968
13081967
13081961
13061998
13061997
130595
130565
13051957
130494
13041999
13041997
13041967
13041962
130374
130364
13031998
130294
130276
13021968
13021962
130172
13011959
12play
12inches
1297
12891289
12758698
125wm
1258963
125690
12569
1249
12456
1241
123xyi2
123vika
123test
123qweasdzx
123qwe12
123qwe1
123boots1
123a456
123888
123699
1236951
123592
1234qw1234qw
123456Aa
1234567f
12345678i
1234567890qwerty
1234567890qaz
1234567890p
1234567890o
1234567890987654321
1234556
12334
123321456654
123124
123103
122863
122345
122333444455555
12222
121ebay
121989
121984
121978
121961
121458
121412
121297
12120
121177
121174
121171
121168
121121121
12111998
12111968
121111
121097
121060
12101965
12101959
120898
12081968
120799
120761
12072001
12071968
12071966
120670
120669
120666
12062001
120576
120563
12048
120469
120466
120361
12031963
12031959
12021958
120168
12011999
12011969
12011963
12011955
119966
11881188
118200
117711
1146
1142
1139
11311131
113096
111993
111988
11198
11142
111260
111222333444555
11121998
11119999
111196
11118
11114444
11111967
11111966
11111962
111115
111114
111096
111064
11101965
11101961
110994
110974
11091967
110898
11081954
110793
11071957
110668
11061954
110573
110570
11057
110564
110561
11051957
110496
110470
110466
11041999
11041966
110374
11032000
11031959
110273
110262
110259
11021963
110202
110174
11011965
11011958
1098
1097
1096
1076
1072
106106
105105
10501050
1039
1036
1035
1034
103190
10304
102775
102398
102375
102030q
101996
101987
101979
10151015
10131013
101268
101265
101202
10111997
101062
1010321
10101959
10101957
10101955
101
100973
100869
100867
100865
10081971
10078
100767
100698
100694
100693
100663
10062000
100594
100591
100569
100555
10051999
100471
100469
100461
100395
100390
100372
10031966
10031963
100276
10021999
10021966
10021962
10021957
10020
100162
10011965
10011964
0987654321a
0977
0924
0921
091985
091298
091270
091263
09120912
091198
091193
091181
091173
091171
091076
090976
090968
090963
09091965
090874
090869
090778
090774
09071967
09071964
090594
090565
09051968
09051963
090495
090463
09041969
09041963
090394
090391
090379
090375
090372
09031967
090273
090272
090266
09021962
090188
090187
0901
0886
0872
0824
081294
081274
081259
081255
081186
081180
081179
08111998
08111963
08111960
081085
081076
08101966
08101961
08091997
08091962
08091960
080893
080874
080870
080869
08082000
080790
080773
08071999
08071998
08071969
08071964
080699
080691
080690
080676
08061969
08061962
080595
080593
080494
080482
08041997
08041973
080384
08031997
08031960
08031959
08031953
08021961
080190
08011960
08011959
072777
0726
071294
071293
071291
071278
071276
07121960
071173
071172
07111999
07111961
07111959
07111917
071079
071071
07101998
07101963
07101958
070970
07092000
07091963
070898
070876
070875
070869
07081999
07078
070774
07071965
07071960
070695
070693
070680
070677
07062001
07061969
070574
07051965
0705
070478
070388
070378
070372
07031960
070295
070287
070271
07021966
07021962
07021960
07021956
070194
070180
070176
070173
07012000
07011999
07011960
0688
0661
0613
061274
06121966
061193
061190
061176
061171
06111968
061090
06101959
060992
060971
06091955
060864
06081965
06081963
060768
06071955
060592
060577
06051967
06051955
060494
060396
060377
060370
06031960
060271
060269
060266
06021969
06021962
060182
06011996
0585
0565
0526
05121966
05121964
051166
05111959
051094
051079
051076
05101964
050982
05091963
050895
050874
050873
05071999
05071962
05062002
05061997
05061958
05052005
05051969
05051966
050492
05041999
05041960
050381
050372
050365
05031967
050305
050288
05022000
05021961
05021957
050195
050185
050181
050173
05011961
0477
0466
041957
041294
04121962
041174
041170
04111996
04111956
041075
041067
04101975
04101965
04101960
04091963
040895
040876
04081969
04081963
04081958
04081955
040793
040772
04072001
04071960
040698
04061972
04061966
040593
040564
04052008
04051957
040497
040462
040461
040460
04042007
04041968
04041966
040396
040376
040375
040371
04032009
04031965
04031962
040283
04022009
04021962
04021960
04012001
04012000
04011995
04011964
04011961
0393
0387
0377
032678
031279
031278
03121961
031193
031186
031185
03111998
031095
031073
031072
03101998
030993
030992
030989
030967
03091998
03091961
030863
030775
030770
03071956
030670
030668
03062000
03061961
030609
030576
03052005
03051962
030497
030494
03041963
03038
03031961
030293
030292
030276
03021964
03021962
030194
030183
030176
030171
03011999
0292
0256
02121966
02121961
02121960
02112000
02111971
021080
021068
02102001
02092000
02091960
020891
02081964
02081962
02081961
020794
020792
02071956
020673
020670
02061999
020595
020594
020577
020562
02051965
020494
020396
02031962
02031959
020299
020296
02021960
02021956
020181
02011962
02011959
0186
0185
0182
0164
0144
0143
0130
0127
012369
0123654789
0116
0114
011295
011272
01121968
01121960
01121959
01121957
01120112
011187
011181
01112011
01111966
01111964
011079
011073
01101960
010992
010975
01091957
010876
010797
01071961
010711
010693
01061969
010593
010571
010556
010487
010457
01042005
01042004
01041962
01041954
01031997
01031968
01031965
010294
010279
010275
010274
010268
01022006
01022001
010201
010167
0101198
01011948
007000
002200
000888
000023
000008
zzz777
zymurgy
zxzx
zxcvbnmzxcvbnm
zxcvbnma
zuzuzu
zugang
zrx1100
zpflhjn1
zorro123
Zorro1
zontik
zola
zkexifz
zipdrive
zipcode
zion
zimmer483
zhipo
zeynep
zeuszeus
zero000
zcfvfzkexifz
zaq12wsxcde3
zapato
zantac
zafhjdf
zacharia
Z3Cn2eRV
yyyy1
youth
youngman
yoshio
yoshiko
yoshi1
yorkshire
yolande
yokosuka
yodaddy
yjdbrjd
yfnecz
yfhrjnbrb
yfeiybrb
yfcntyrf
yesican
yelhsa
ybrjkftdf
ybrbnjcbr
ybrbnbyf
yardman
yannis
yanni
yankees4
yamoon6
yamahar
yamaha12
Yamaha1
yagodka
yacht
xzsawq
xxxyyy
xxxx1
xwing1
xtr451
xsw2zaq1
xoxo
xjy6721
xiomara
xela
xanth
Wwwww1
wutang1
WUTANG
wu9942
wspanic
wroclaw
writing
wrist
wrinkle
wrestling1
wpass
wowsers
worldnet
workwork
wordz
wooody
Woody1
wonderwa
wonderla
Wolves
wolfone
woking
wlafiga
wisteria
wiseass
Winter1
winner69
winder
wilmar
wilma1
WILLOW
william6
WilDroid
wildchil
wiggy
whore1
whoosh
wholesale
whizzer
whitetail
whitecat
White1
whassup
weymouth
weyfvb
wewiz
wetsex
wetlips
wetdog
WESLEY
werken
wendigo
weetabix
ween
weeds
webweb
WebUIValidat
webhead
weave
weasel1
WEASEL
wear
wazoo
waters1
waster
wasp
WAS.HERE
wasdwasd1
warranty
warhorse
warhamer
WaPBBs
wantsex
WANKER
walstib
wallstreet
walker2
wahooo
wahine
wachovia
w74156900
vtlbwbyf
vthrehbq
vsajyjr
vova1992
voshod
voronov
voorhees
volvos60
Volume
volante
void
vladivostok
vlad2000
vkfwx046
vjqvbh
vitamine
vitalogy
vitalik1
Virginia
virgin1
violett
violentj
viole
vinicius
vikings2
VIKING
vika1234
vijaya
vigor
victor12
vicious1
vgfun2
vfrfhjd
vfkmxbr
vfieyz
vfhfnbr
vfctxrf
vesuvius
vespucci
verymuch
vert
vernost
verner
verne
veritas1
verboten
veget
vbhjh123
vbhjckfd
vaz21083
vaz21074
vatican
varenik
vardann
vardan
vannasx
vangelis
value
valmet
valid
valeron
valent
valakas
vaffanculo
vaders
vader123
utmost
uthfcbv
usermane
USA123
urgent
uptheass
upland
upinya
unlucky
unicron
UNICORN
undone
undernet
underhil
unclebob
UkqMwhj6
uiuiui
uhfdbwfgf
ufufhby
ufdhbr
ubvyfcnbrf
tzeentch
tyrese
typhon
tybalt
twotone
twothree
twoods
twinturb
twinks
twenty2
twats
turntabl
turga
turbo911
tulpan
tuller
tudor
tubular
tubgtn
tubbie
tu190022
tsalagi
tryout
tryit
truelies
truc
trrim777
Trouble
tropico
tropicana
trill
trident1
triathlo
trever
tremblay
treker
trek5200
TREBOR
trashed
transcend
trafalga
trabant
trabajo
toybox
towser
totosha
toshiro
toshib
tosca
tory
tortilla
tort
torrey
Toronto
torock
toritori
torito
toreador
topside
topshelf
tooting
toonsex
toolfan
tony69
tontos
tonka1
tomomi
tommyy
Tommy
tomatoe
tomasz
todd12
toby22
tobasco
toasters
toadman
toad24
tnvols
tnt123
tlaloc
tiziano
Tits1
titititi
titian
titan2
tinroof
tine
tinchair
timothy2
timer
time123
tilley
tileman
tigger3
tigertig
tigers2
tigerr
tiger77
tiger6
tiger3
tidwell
tickled
tiburon1
thwack
thvfrjdf
thunderc
thuglove
thor99
thommy
thomasd
thomas21
thinline
thing1
thicker
thibault
Theresa
thenet
thedark
thecure1
thebus
theband
thaipron
texastec
Texas
tetley
terry123
terrorist
terris
terrific
terrell1
terrano
tense
tenorsax
tenn
temujin
templer
telescop
telegrap
telefon1
tehran
tedesco
teddybeer
Teddy1
tedd
technica
techman
techdeck
teamlosi
teagan
teacher2
TDEir8b2
tdavis
tazman1
taylor9
taunton
tatyo
tatiana1
tatarstan
tash
Tarzan
targa
tapestry
taoist
tanyshka
tanita
tanguy
tangos
tampa1
tamera
tallboy
takeout
tailhook
tahira
tagada
tafkap
tabby1
systemofadown
system12
syste
syoung
syndicate
syndicat
sybase
sword123
swetik
sweetu70
svetochka
svenska
suzie1
susie1
susan69
surfer69
supratt
supert
supermom
superme
superman123
superhero
supafly
sunshine69
sunshine2
sunse
sunny2
sunitha
sungam
sunburst
sunburn
sumter
sumo
summer22
summer13
summer03
sultry
sultana
sugarman
sueann
suckmy1k
suckem
SUBROSA
sturm
stupid12
stud69
stthomas
struppi
strong1
strip4me
streeter
stratcat
storm7
Storm1
stork
storey
stopstop
stopper
stoppedb
stockpor
stjohns
Stinger1
stiefel
stickers
stickdaddy77
stevie1
steven2
steve12
stephi
steamforums
steamboat
steam181
stayrude
StarWars
stargat
starbase
star77
star6767
Star
stang50
Stallion
stacker
Stacey
Ssssss1
ssssss1
sss123
srikanth
squidly
squats
squat
squad51
sputnik1
sprunt
spring12
Spring
spotligh
sportage
spook1
spittle
SPIRIT
spinne
spill
spiff
spieng
spider10
sperme
speedster
SpecialInsta
Special
spec
spazzz
spasm
spartak1922
spartacus
sparrows
sparky69
spare
sparda
spandau
spacejam
spaceace
souschef
sou812
sorpresa
sophie01
sookie
sony1
sonoio
sonic593
songline
sone4ka
something1
sombrero
somali
soma
soloy
solid1
soho
softcore
softball1
sofi
socool
soccer01
snuffles
snow123
snot
snooch
snitch
sniff
snarf
snappy1
snakebit
Snake
smutsmut
smukke
smokewee
smitten
smile4u
smile2
smd123
slushy
slevin
sleepyhollow
sleeps
slayers1
slavery
slang
slammin
skytel
skyman
skylinegtr
Skorpion
skinnass
sixflags
sisyphus
siskin
singer1
singapur
sindhu
simon12
simens
silverdo
silverch
silver77
silence1
sigge1
sigchi
sig229
siena
Siemens
siding
SiDDiS
shwing
shutout
SHORTY
short1
shockwav
shitty1
shitman
shit12
shit1
Shirley
shire
Sherwood
sheppy
sheer
sheep1
shazaam
shavon
shaunc
shatner
sharipov
shaolin1
shante
shanta
shandi
shamal
shaky
shakers
shadow9
shadow88
shadow14
shadow00
shabazz
sexybeas
sexy4me
sexy22
sexy101
sexxybj
sexstuff
sexking
sexiness
sevenn
Service1
servic
sergserg
SERGIO
sergey7
serafima
senorita
seminar
selur
selrahc
Select
selassie
sekirarr
segundo
segovia
seemnemaailm
secure1
sebring1
seasea
scurlock
scudder
scubad
scuba10
screamin
scrappy1
scottb
scott11
scotlan
Scorpio1
scooby11
schnell
schloss
schlange
schedule
schalke0
scary
scape
scally
Sb211st
sayaka
sawtooth
sawadee
saving
savchenko
satur
satisfaction
satcom
satchel1
Sataniv1993
sassydog
sassycat
saskatoo
sasha1998
sasha11
sascha1
sarmat
Saratoga
sarahw
saraht
saraha
sara123
sapo
sapfir
saoirse
santini
santi
santana5
santaclaus
santa234
sanja
sane4ek
sandy12
sandlot
sanders2
sanders1
sanchin
sana
san123
samo
sammy7
sammons
sambuka
sambora
samatron
samant
salsas
salsa1
salom
sallyann
salle
salgar
salford
salas
sakina
saki
sahar
sadomaso
sacrific
sachiko
rynner
ryan12
rusty21
Rusty
rustik
russell2
RUSH2112
rururu
runners
Runner
run4fun
rugby8
rugby123
rudyrudy
rudie
rubyrose
rtyuio
roza
rousseau
roselle
roseline
rosehill
rosebudd
rosarosa
roofus
ronson
Ronnie
rona
romann
roman12
rolltide1
roenick
rodder
rocky11
rockwood
rockhopper
Rocket
rockcity
rocinant
robot1
robby1
roast
roamer
roadrage
roaches
rmracing
rmfidd
rkelly
rjkjrjkmxbr
rjirf
rjdfkmxer
riordan
ridered
rideme
rick69
richey
richard0
RICARDO
Ricardo
ribs
rhtyltkm
rfnz123
rfhfnt
rfdrfp
reyna
reyes
revel
resort
reset1
rere
renfield
removed
Remember
rekmubyf
reina
reid
regula
REGISTER
regina1
reggio
reggie31
regency
reeper
redtop
redsox19
redryder
rednose
redhawks
redhat50
redddd
redbul
redball
red666
red333
recluse
recife
recess
rebel12
rebeka
readynow
rdflhfn
rcfhlfc
razer
rayner
rayban
ravinder
rattrace
ratmir
rashley198
Rapunzel
rangersf
ranger98
randee
ramse
ramire
ramir
rami
rambler1
ralliart
rajput
rajkumar
rajendra
rajah
rainmaker
rainforest
raff
radium
radist
radio123
radiant
racket
rachell
racer2
rabbit66
R3Vi3Wpass
qwertzuiop
qwerty999
qwerty8
qwerty4
qwerty09
qwerty01
qwertasdfgzxcvb
qwertasd
qweras
qwer11
qwe456
qwe234
qwe1234
qwaszxerdfcv
qwaszxedc
qwaser
quique
quinten
quintain
quinta
quietman
questor
quell
queequeg
quarters
quacker
qqqqwwww
qpqpqp
qewret
QAZWSXEDC
qazwsxc
qazwsx12345
qazwsx11
qazsew
q1w2e3r4t5y6u7i8o9p0
q123q123
pyro
pyramid7
pygmy
putty
puttputt
puto
PUSSY1
purple11
purge
pureevil
purdy
punter12
pumpk1n
pumapuma
puffy1
puffdadd
puertori
pudding1
puckhead
publix
prunes
providian
promo1
prolong
prolinea
proghouse
profits
proekt
prodojo
process1
privet123
private5
privado
priss
printers
princesit
prince2
primas
price1
prevert
prevail
preppy
preludes
prank
praline
pqNR67W5
PPPPPP
poznan
power666
power12
power01
powe
poutana
potvin
potsmoke
potsdam
potpie
potapov
posh
porosenok
porol777
pornlover
pornlove
pornclub
poppers
popochka
popeye1
popart
poopo
poopie1
pooped
poop1
poole
pooky1
POOHBEAR
PONTIAC
pongo1
pondus
polpolpol
polo99
polina2009
polimer
Police
pol123456
pokpok
pokerman
pokemon00
poise
pointblank
point1
poes
podiatry
PLUMBER
plhy6hql
plextsofttm
playhouse
player21
playboy6
Playboy
PLATINUM
platina
plat1num
plastik
plasticp
planter
plant1
pizarro
pivkoo
pitboss
pissword
piroca
pippolo
pippo1
piper2
pipeman
piopio
pinpon
pinoyako
pinkfl
pimpjuic
pimphard
pimaou
pilote
piet
pidoras
pickens
philou
philip1
phenmarr
phase2
phaedra
pfunk
pfhbyf
petty43
petticoa
petshop
petert
peter7
pete14
perth
percussion
percussi
perch
peppino
peppie
pepepepe
pentable
pensacol
penny2
penguin8
penfloor
pencil1
peludo
pelepele
peking
pegas
peewee51
PEEWEE
peck
pecan
peach1
pauly
pauljr
paulinka
Pauline
paul11
patti1
patten
patatina
patat
password22
passwd1
passw
passsword
passssap
PASSPORT
passpage
passover
passive
passit
passin
passat99
passa
pass111
pasion
parvin
part
parsec
parma
parlay
parks
parkhead
parcel
parasha
paramount
paradoks
Paradise
papageno
paolino
PANZER
pammy
PaloAlt
palladin
palevo
palace22
paki
painters
painkill
paigow
padrino
pabst
pablo123
pa55wd
Pa437tu
p1nkb178
owns
ow8jtcs8t
oussama
ousooner
otisotis
otherside
othello1
oslo
osito
orphan
Orosie1
Orlando
orion123
orange11
opusone
optimus1
optics
opinion
Ophelia
opening
opaopa
Ooooooo1
oompah
onward
ontheoutside
onetwo12
onelov
omni
olson
olliedog
ollieb
Olivia
oliver99
oligarh
olesica
oleg1996
oleg1994
oldskool
oksanka
ojp123456
oi812
ohotnik
ohiost
ogoshi
oglala
oDgez8J3
obvious1
o0o0o0
nyyankees
nytimes
nymets1
nutsac
nusrat
nurich
nunzio
number10
numb
ntktdbpjh1994
nthvbyfnjh2
nsync
now0new
novato
nounour
nottoday
nottingham
notgood
nosredna
nosorog
nosmas
norwalk
northside
normand
norman1
normal1
nona
nomore2
nomi
nokia6131
nodnarb
nitros
nirvana9
nine09
nimajneb
nikolay9
nikolaevna
nikkita
nihaoma
nicole18
nicole01
nicelegs
ngentot
nfyznfyz
nfyz123
nfhtkrf
newyorke
newpass3
newblood
nevins
neverwinter
neverman
neurosis
neumann
network2
Network
netpass
nepenthe
nelly1
neko
ne_e_pod_chehyl
nazi
nazarov
nazaret
nazarenko
naumova
natron
nathan22
nataxa
Natalie1
NATALIE
NATALI
nastyanastya
nasca
nailed
nahtan
nahlik
nagoya
naenae
nadya
nacho1
nabisco
n0th1ng
mythic
myth
myriad
mylover
mykitty
myjdxtcxks
mygal
mustek
Mustangs
mushrooms
murphydo
mundell
multiscan
muffinman
muffer
mudhen
mudbug
muchacha
msvcr71
m_roesel
mrmojo
movies23
moviebuf
mouse2
moumou
motzart
motto
motoguzz
motaro
mostro
moshe
mortalkombat
morrowin
morphius
morgue
moparman
mooose
Moonstafa
moonshot
moondanc
moo123
montesa
monteiro
montee
Montana1
MONTANA
MONSTER
monoxide
monkey4
monitor2
money77
money21
monarchs
momoney1
mommys
molten
mollusk
molli
moller
moist
mogul
mogli
mockba
mmmnnn
Mmmmm1
miyuki
Mistress
mistral1
misti
mistered
misia1
mishmash
misha123
misfit99
mironov
minotavr
minmin
minina
minim
minicooper
minfd
mine11
milner
millan
mildew
milburn
milaya
mikey2
mike31
mike12345
mihael
miguelito
midiland
mickey99
michal1
michaelm
michael12
mice
mibbes
miasma
mhl1974
mexicali
method7
metal123
mestre
mervin
mermaid1
mendoz
mendes
menards
MEMPHIS
melly
melany
meister1
megaton
megan123
megamega
Megafon77
meetoo
meester
meeko
meditation
medicus
medical1
medeiros
meat1492
measure
me2you
mdmgatew
mccool24
mccall
mazdarx
mazdamx5
mayo
maxsim
maximus2
maximize
maxie1
max1
max
mattylad10
matthewj
matthew6
matsui
matrix123
Matrix1
matic
mathie
matchbox20
mastery
mastert
master66
massive1
massim
maslova
masked
mascitti
MARYJANE
mary123
mary12
mary1
martin01
martijn
martha1
marston
marsmars
markers
marist
marisela
mario12
Mario
marinus
Marines1
marijke
marielle
marie123
Marie
mariana1
marial
MARIA
marcus2
march15
march11
maratik
marantz
maraca
mar123
manzey20
manteca
mansfield
manor
manly
manifold
manassas
Manager
mamma1
mami
mama22
mama1965
mama1964
mama1
malutka
mallards
Malibu
mala
maks5843
maks2010
makenna
makcim
majic
maintenance
maint
mainstre
mail123
mahogany
mags
MAGNUM
magicone
magic2
maggie01
mafia1
maestr
madrigal
madinina
maddog69
maddawg
madarchod
macross7
MacMac
mackin
machone
macedonia
macdog
macbook
mable
ma123123123
m7N56xO
luv269
lupe
lukas1
luis1
ludvig
lucy11
lucious
lucie
lucidity
lucciano
lubimaya
lozinka
lovinit
Lover
lovepuss
loveland
lovelady
lovelace
lovehurt
love55
love4you
love4eve
love3
love10
louis123
lostboys
lore
lopesk
looping
looking1
longlong
Longhorn
longboard
lompoc
lommerse
lollol12
lolkin09
lolki123
loli
lokit
logout
logitech1
logging
LockingServi
lobzik
lobolobo
Lllllll1
Llllll1
lkjhgfdsazx
liziko
lizardki
livid
lively
livelive
littleminge
littleguy
littleb
LITTLE
lissalissa
lise
linette
lincoln7
LINCOLN
lincol
limbaugh
lilone
lilmike
lillys
liliane
lilacs
likeme
Lights1
lightbulb
lifesux
lifeis
lickme2
lickin
lexlex
letssee
leto
lester1
lesli
leshka
leonov
leones
Leonard
leon123
lenchik
lenard
lena2011
lena12
legshow
leghorn
leggy
Legend1
legend1
leftie
leftee
leedsuni
leedsu
lee
ledger
leandra
leader1
le33px
lcrastes
lbc999
lazarev
lawn
lawler
lavonne
laura2
laufen
latte
latrobe
latisha
latinus
latinos
latin1
latham
lately
late
latching
LASVEGAS
larousse
lankford
lanfear
lances
lampar
lamina
lamerz
lamborgini
lambo1
lalala123
laketaho
lakers08
lainth88
ladle
labour
kzkmrf
kyle123
kyle1
kyla
kyjelly
kvartira
kurwa
kuolema
kungen
kulikova
kuken
Kudos4Ever
krystle
krystal1
krysta
kryptonite
Kristen1
kreker
Krauss
kraft
kpcofgs
kovacs
kosta1
kornet
koontz
koolkid
kook
konfeta
kondom25
kolesnikov
Kolding
koketka
kociak
koblenz
kobayash
knopfler
kneel
kleiner
klaipeda
kkkddd
kki177hk
kite
kisulya
KissMyAss
kissme1
kissfan
kirpich
kirova
kips
kinsella
kinkysex
Kingston
kingshit
kingrat
king13
kimono
killit
killerman
killerb
killer6
killer00
killed
killas
kiddie
kickin
kickbox
khongbiet
kfgeirf
kevinr
kevinn
kevinl
kevinh
kevinc
keri
kensington
kenshin1
kennyb
Kenny1
kennel
kenned
kenmore
kemp
kelton
kelly12
kelebek
keksa2
keiser
keats
kdkdkd
kazuya
kaylynn
katyakatya
katushka
katiebug
katie2
kathi
kasperok
kasey1
karuna
karpova
karolin
karmann
karavan
kansas1
kamelia2011
kamel
kallis
kalleank
kalender
kalambur
kakdela
kaioken
kacie
kablam
jZf7qF2E
jyothi
justonce
Just4Fun
juntas
junior13
june1503
june1
jumpup
july22
julietta
juanch
jscott
josiew
joshua0
josepha
joseph11
jordan20
jones2
joliet
joker777
jojoba
johny
johnnn
johnjr
john10
johansen
joesph
jobsearch
JOANNE
jnrhjqcz
jkelly
jjjjjj1
jimb
jiggas
JGTxzbHR
jetboy
jesus33
jessica3
jessee
jergens
jeremi
jenson
jennyk
jennyc
jennjenn
jennan
JEFFREY
jeffery1
Jeff
jeep99
jeebus
jed1054
jdavis
jc05595
jblpro
jazzed
jazz1234
jazman
jaytee
jawbone
jawa350
JAVIER
jasmine9
jasmine3
jas4an
jarret
janus1
janssen
janets
jan123
jamjar
jamesw
jamesl
jamesjames
jamese
james19
jakeyboy
jakes
jahbless
jaffa
jadejade
jaded
jacuzzi
jacopo
jackoff1
jacko1
jackiech
jackie69
jack5225
jabberwo
ivan1996
iubire
istanbu
isolde
islamabad
isidor
isdead
isaia
irusik
irongoat
irondesk
ironcity
irnbru
irisiris
irishlad
Ireland1
iraffert
invoice
invite
into
instruct
institut
innova
ingres
infix
inetcfg
indonesi
indien
indianer
indeep
impossib
implant
imladris
imelda
imbored
imani
imaloser
imagination
iloveyou11
ilovetits
ilovetit
ilovemyfamily
ilkaev
ilikeporn
il2fw2
ihateyou1
igor1234
ignaci
icon
icicle
ichwill
ichliebe
icequeen
ibpjahtybz
iamthe1
hunt0802
hunnybun
hunglow
hunden
huckle
huck
hubba
htyfnf
howlin
howl
howies
howhigh
howareyo
Hover
Houston1
HOUSES
houghton
hotshot1
hotrods
hothothot
hothead
hotel1
hotcat
horosho
HORNEY
hornet1
horndogg
hoppie
Hooters
hooray
honeydog
honda450
honda01
homyak
holly2
Holly
hollister1
holio
hold
hokuto
hogg
hogfan
hockey69
hockey4
hockey14
hobnob
hoangen
hjvfy
hitch
hiroki
hippies
himura
himalaya
hilliard
hijodeputa
hijinx
hijack
highway1
highspee
highheels
highest
higgins1
higashi
hfpldfnhb
hfpdjl
hewson
hesoyam123
hershil
heroine
hermine
heresy
herbert0
hepburn
hemant
HELPME
helping
hellbound
hellboun
helens
hektor
hejsan123
heinz57
heimdall
heiko
heehaw
hedge
hecto
hecmax
hecfkrf
heavymetal
heavymet
hawkey
hawaiiguy
hauser
hatrick
hatebree
hassel
harveys
harsha
harrison1
harr
harmless
harlot
harley88
harem
hardwick
HARDON
hardee
hard69
harakiri
happyhappy
happyface
happycat
happy13
happen
hanford
handy1
hammie
hammer11
hamm
hamburg1
halsted
hallelujah
hakuna
hakaone
hackedit
H9iyMXmC
h4ck3d
h397pnvr
h200svrm
gxtkrf
gvanca
guss
gusev
gurumayi
gunsmith
gunnison
Gunner
gundog
gundamwing
gundam00
gulla
guitare
guenther
Guardian
guapo
guadalupe
gtynfujy
gtnhjpfdjlcr
gruppa
grumpy1
grudge
grow
gromova
groin
grizzlie
greygrey
greyfox
greta1
grepw
grenoble
grego
greg78
greetings
greengre
green42
gree
grayfox
gravedig
Grateful
grass1
granvill
grammar
graham1
gottago
Gothic
goteam
gorila
gorges
gorden
gorbunova
gopinath
googly
goodlove
good4me
Goober
goniners
gomez1
gomer1
golos1
Golf1
goldone
goldie1
goldenbo
gohogsgo
gogolf
gogetter
gogagoga
godsend
godless
god123
glue
glossy
glock1
gleb
gladius
glacius
gkfdfybt
gjpbnbd
gizzy
gizmo2
giveit
gingin
ginger123
gineok
gimmie
gilgamesh
gilead
gigio
gigantic
gibso
Giants1
ghjuhfvbcn
ghjatccbjyfk
ghfgjh
Ghbdtnbr1
ggggggggg
gggg1
gfitymrf
gfhjkm1234
gfhfyjqz
gfhfdjpbr
gfgfif
gfgfgfgf
getajob
gestalt
gerlinde
gerd
gerbera
gerasimova
gerar
geral
georgia2
Georgia1
george13
Geoffrey
genetic
generale
gendalf
gems
gemini11
Gemini1
gemeni
gehenna
geeque
gbgtnrf
gayman
gaylor
gayathri
gavrilov
gauthier
Gators
gateway3
ganteng
ganges
gandalf3
gandalf0
gandako
gamer123
gameplay
gamecocks
gambit1
gallen
gage
gadina
gabriel12
g1234567
g0away
fynjyjdf
fynfyfyfhbde
fyfnjkmtdyf
fuzzie
fusilier
furnace
funnel
funker
fun4all
fujimo
fufnfrhbcnb
fuckthem
FUCKIT
fuck99
fuck666
fubared
fubar123
frown
frogman1
fritze
frigate
fries
Friday
freyja
FreeSpace
freema
freedom8
freda
fred20
freakme
freakboy
fre_ak8yj
frasse
frank69
FRANK
FRANCE
fozzy
fourty
fourplay
foundation
fotze
forzaroma
forward1
foru
fortune1
fort
forplay
forgetme
fords
fordgt40
ford50
forced
footsy
footie
fooey
foo123
folio
folgers
fofofo
flywheel
flyers99
Flyers
flyboy1
flowing
FLOWER
flopsy
flippe
fleshbot
fleabag
flavi
flat
flake
fktrcttdf
fkrjujkbr
fizban
fiver
five55
fitzgerald
fishstic
fishfinger
fisheye
fireplug
firegod
fire13
finding
fincher
filipina
filial
filatova
figure8
figona
fifa2010
fifa
fiero
fidodido
fiction6
fibonacci
fiasco
fhrflbq
fetus
festiva
ferret1
ferrero
fergis
ferdie
ferdi
fengshui
fenerbahc
fences
feets
federov
feather1
fcgbhby
faucet
fathead1
fatdick
fastfast
fastest
farming
Farmer
fargus
faramir
faqfaq
fangio
fanatik
fallengun
fall99
falcon69
fairchil
faceman
f0cus1
expresso
Express
expos
expired
excellence
evropa
evh5150
every
everto
events
evenpar
euclid90
Esther
esthe
essen
espoir
esenin
escaflowne
ervin
ertyuiop
eriksson
ericcc
eric99
eric11
erdfcv
****er
equine
epstein
entrar
entrada
enron714
enolagay
enkidu
english1
engels
enfant
energ
ending
endeavor
encounter
enchante
empire11
emotions
emergency
emergenc
elves
elmoelmo
elmer1
elliemae
elgordo
elevation
elessar
eleonor
elbert
Elaine
el345612
egoiste
eeeeeeeee
eeeee1
edward2
edward11
eduard1
edmonds
ededed
eddie2
Eclipse1
eatmeat
easy1
earnest
eagles12
eagleman
Eagle
%E2%82%AC
dylandog
dweezil
dweeb
Dvdcom
duty
dustin1
dustbin
dunwoody
dulce
dukeman
duke33
dugway
dudu
DUDLEY
DUDE
duckhead
dubesor
dtheyxbr
dtcyeirf
drumdrum
druhill
drucker
drool
drift
Dreams
dream2
drea
dre3dre
drakcap
dragstar
dragoon1
dragon666
dragon33
dragon18
doulos
Douglas1
doug1
dott
dotdot
doss
Dortmund
dorothee
dorothea
dorene
doors1
doog
doodlebu
donna123
donking
DOLPHIN
DOLLAR
dogleg
doggy123
doggdogg
dogdays
dogbutt
Doctor1
dmitrij
DmfxHkju
dkfcntkby
djkxbwf
djctvm
djamaal
dizzle
divina
divin
divider
divad
DISNEY
discordi
discman
disarm
dinah
dimitry
dima1985
Dima123
diggit
DIGGER
dietpeps
Dieter
diesirae
diario
diamond4
dfhrhfan
dfhdfh
dfdfdfdf
dfdf
devotee
Devils
devil69
devastator
deuce2
destiny2
destini
desi
deshawn
desember
derrek
dereks
denture
denny1
denis1988
demoman
demetriu
delta6
delonge
delirium
deisel
deepsix
deeman
deebee
dedham
decline
decibel
decent
debeers
death2
deandean
deadzone
deadmoin
deadmau5
deadfred
dead13
dbzdbz
dbnfkbyf
daystar
daxter
daxdax
davinchi
davin
david22
dave41
dave2
dave01
datho
dasein
dartmouth
dannyd
danny001
danno
danna
daniel3
dange
dandie
dance123
damian1
dale3
dakota99
dak001
daisuki
dagobah
daffyduck
Daddy
dabdab
d41d8c
d1d2d3
czarny
cymru
cyclone1
cybrthc
cuyahoga
cutoff
curtains
currahee
cunningh
cumquat
cumberla
cum2me
culoculo
cubsfan
ctrhtnyj
csm101
cscscs
crystal0
Crusader
crock
crip
crhbgrf
Creativ1
crazyj
cranston
craiger
crackpot
cqub6553
coyote1
cowdog
coupon
cougars1
cottage1
cosmodog
cosette
cosenza
corsano
corrado1
coron
cornelius
cornelis
corine
corecore
coorslit
cooper2
cooper11
Cooper1
coon
coolio1
cool-ca
coolbree
cookie13
cookie123
Cookie1
convair
controller
contro
contrasena
contax
consulta
constanc
conny
conno
connell
connard
conklin
confed
conducto
conditio
compost
compac
combs
coma
com
colucci
colo
colleg
colin123
coin
coffee2
coffee12
cody11
cocotte
cocomo
cock1
cochrane
coal
clubcapt
clk430
clitring
clique
clickit
clearwat
Classic1
classe
cisco69
cintaku
cinque
ciccia
cia123
chuvak
chumpy
chris999
chris6
chris5
chris33
chris200
chopsuey
chlorine
chippie
chipmonk
chiphi
chinnu
chingada
chinadol
chimp
chileno
chicony
chicken0
chicc
chicago0
chevy01
chester3
chesss
chess1
cheryl1
cherry12
Cherry
chelsea7
cheetahs
cheesey
checkm8
chart
charlus
charlize
charchar
chaparra
changing
change12
changa
chanel5
Chandler
Chance
chaika
chacha1
cfif
cfiekmrf
cfdbyf
cesa
cerebro
ceramics
central1
centra
celos1
celeste1
Cdznjckfd
cdtnkfy
cdtnf
cbljhjdf
cbcmrf
caverns
caveat
cavalla
cause
catolica
cathrine
cathie
catchme
catch2
catapult
catania
castle1
cassie12
Cassie1
casper123
casita
carro
carri
carreras
carper
carmina
Carmen1
carlsbad
CARLO
caritas
carame
Captain1
capri50
capitano
canter
cant
cannelle
canfield
candyfinger
CANDY
candoo
camster
campus100
cameron7
CALVIN
call06
cakewalk
cairn
cagiva
cage
cactus1
cabin1
c7e4f8EzqH
byoung
buyer
buttss
Butthea1
buster69
buster3
buster123
bushmast
burzum
burundi
burro
burrfoot
burden
Bunny
bung
bundy1
bumsen
bultaco
bullnuts
buldozer
bujhmbujhm
bugssgub
buffy1ma
buffs
buffal
budman1
buddy4
BUDDY1
buck01
bubbly
bubbles2
bubba7
bubba12
bryan123
brutu
brunob
bruce123
brownn
brother2
brooze
brooms
bronc
broadban
brittni
britania
brillo021
brille
bricky
brice
brianp
briang
briane
brianc
bri5kev6
breeder
breakout
breakdance
breads
breach
brea
BRAZIL
Braves
brave1
braun
brandon8
Brandi
br5490
boyfriend
boxxer
boxman
BOWLING
bouche
bouboule
bossss
bosslady
boscos
borracho
borodin
born2run
boris2
boredboi4u
booty69
booster1
boomer22
boolean
boogyman
BOOBS
booboo2
Boobies
bonnies
bonker
bongwater
bondra12
bond0007
BOLLOCKS
bolbol
bolat
bokser
boing747
bogger
bogdan123
bodybuil
bodo
bodhi
bobi
bobcat12
bobbyt
bobbyjoe
bobbybob
bobby18
bob69
bmw635
bmw328i
bman
blur
bluewave
bluesky1
blues2
blueroom
bluejay1
bluegreen
blowpop
blowj
bloodred
blitzkrieg
bliss1
bleed
bleacher
blanks
blackpus
blackmor
blackgir
blackfoo
black10
blaat
bkmifn
bjork
bjarne
bitches1
Bishop
birthday28
birthday27
birthday26
Birdie1
bioman
binker
bink
bine
bimbo1
bimbim
Billyboy
billee
bigwaves
bigtuna
bigtee
bigrig
bigmax
bigman1
biglips
bigkev
bigjake
biggums
biggame
bigfoo
bige
bigdon
BigDaddy
bigbubba
bigboys
bieber
bidule
bicho
bibibibi
Bianca
BG6nJoKF
bftest
Beverly
betty123
bettis36
betsie
betsey
betmen
bertuzzi
bertus
berti
bernie51
bernie1
berna
berlingo
bergen09
beppe
BENSON
benny2
bendis
belly1
bellend
bela
BEETLE
bedbug
beckys
beckman
beckham23
bebeto
Beauty
beaulieu
beardog1
bear99
beano002
beachy
beaches1
Beach1
bdfysx
bcrich
bboy
BAZongaz
Bayern
battery1
basura
Bastard
bassey
basse
baskets
basketball1
basia
baseball7
baseball11
basebal1
barth
bart316
barsic
barney01
Barnes
barmalei
barf
bardak
Barbie
barbel
baobab6
banglade
bangalor
bandicoot
bandar
banaan123
bammbamm
bama12
ballad
baldeagl
bakesale
bakerman
baka
bailie
bahia
bahbah
bags
bagman
baddog1
bacteria
bacons
BABYLON
babyfac
babyblu
baby22
baby12
babuin
babebabe
babare
b26354
azzurro
azure
azat
awo8rx3wa8t
avion
avalon11
AVALON
autum
australia1
auntjudy
august9
august29
audia8
atom
Atlanta1
athlon64
astronomy
astroman
assman1
asslicke
asshole123
asmodey
asmara
ashley24
ashes1
asher
ash123
ASDFG
asdasd22
asad
arvind
artichok
artemis1
artema
artem1995
artem1992
artcast2
arsenii
arsenal14
arsenal0
arrive
arnold1
armchair
arlingto
arlen
arkasha
arkady
arjuna
arianna1
arequipa
arenas
ardmore
arashi
arab
april24
april14
appliance
applejuice
appeal
apollo8
aperture
apache64
anytimetoday
anya
antonioj
antonio3
antiflag
antichrist
anthony8
anthony4
anonymer
anointed
annoy
annerice
annelise
anitha
animes
anime123
animalsex
angora
angelz
angelo1
angelia
angelangel
angel20
angel17
ang238
andy76
andrey1
andrew99
andrei123
Andre
ander
anatoli
anar
analanal
anais
amours
amoroso
amizade
amit
amin
america2
amenra
amenamen
amen
amberly
Amber1
amanda10
amamam
amadeusptfcor
alydar
always1
alvin1
alton
altman
altezza
alphasig
alltheway
allies
allie1
allen34
allen3
alla98
alisaaa
alina2006
alina123
alfonzo
alexx
alex97
alex74
alex2
alex1998
alex1995
alex1982
alex1975
alex10
Alex1
aleshka
aleksi
alegna
alchemist
albert12
albatro
alaric
alan1
al123456
akvarium
akuma
akshay
akita
akinfeev
akakak
airways
airjorda
aiden1
agatka
agate
agahaja
afroman
afrodite
afrika2002
affe
aessedai
aerith
aerdna
aeneas
Adrianna1
adriane
Adrian
adkins
adjuster
adilbek
adi7id5
adelante
adebayo
addpass
adalbert
acuracl
acumen
action1
Action
access88
abuela
abra
abihsot
abeille
abcabc55
aassaa
aass
aaron12
aaa123aaa
a22222
a1s2d3f4g5h6
A1B2C3D4
A1B2C3
a123456b
A123456789
99ranger
999999999999
999555
98xa29
989989
987654321g
9875321
97979797
96ford
9632
9311
9310002
92856
9199
9173
917190qq
911119
8995
8969
8910
89032073168
8900
888889
8885
8877
8811
8807031
8800
8687
8668
8541
8538622
8523
8521
8520456
82828282
824358553
8218yxfz
7997
7911
789512
7895
7883
78789898
7791
7789
77879
7781
7777777z
7777777s
7776
7767
776655
7755
76689295
7652
7591
7576
7532
7456
7444
741123
740000
73997399
737737
7374
727727
7227
7221
7212
7201
7195
717717
7177
7173
7159
713713
70sguy
6yhn7ujm
6inches
6997
6963
6943
6910
686686
6833
6741314
671fsa75yt
6688
6663
6644
6600
6575
65656
650000
6500
64chevy
6375
6369
6364
636332
6266
6215mila6215
6043dkf
5unshine
5gtGiAxm
5f68t9
5element
5969
5880
5853
5844
5837
5747
5692
56836803
5654
5565
55555N
5545
55443322
55378008
5521
5515
5487
5465
5463
5446
543211
5430
5427
5412
5335
5318008
5280
5272
52415241
5222
5163
51515151
5150vh
511647
50cen
500600
5001
4speed
4seasons
4nick8
4ever4
4950
49494949
4921
48n25rcC
4874
4862
4840
4815162342lf
4801
4756
4754
4717
46and2
4682
4588
45674567
4561
45544554
4521
4512
4509
45014501
44e3ebda
44884488
4447
444455
444111
4425
4410
4387
43724372
4344
4331
4312
4279
427287
4265
4247
4237
4229
422422
420420420
4187
4143
41214121
4117
4115
4077
4061994
4030
388388
3845
3824
37Kazoo
3710
36dd
36987
36985214
3655
3654
3633
3625
3599
357357357
350350
3481
34773477
3457
3443
342500
3376
3358
334334
3339
3335
3331
3326
3315
3314
3309
3303
3296
328328
3269
323323
3213
32113211
32023202
318318
3161
31359092
312mas
3126
3121
311295
311271
31121965
31101997
31101963
31101958
310878
310873
31081961
31071970
31071964
310575
310573
310568
310558
31053105
31051998
31051961
310375
310367
31031959
310310
31021364
31011963
310000
308win
301271
301197
301175
301167
30111971
301075
301071
301068
301060
300zxtt
300977
300968
30091966
300894
300891
300878
300875
300868
30081996
30081955
300784
300776
300772
30071968
30071963
300672
300668
300570
30051964
30051962
30051961
30051957
300460
30041958
300391
300376
30032001
30031961
30031937
300177
300170
30011955
2yKN5cCf
2vRd6
2legit
2hot4you
2hot4me
2boobs
2balls
2991
2975
29622962
2951
29292
291279
291277
29121970
291175
29111964
29111958
29111955
291093
29101964
29092001
290877
29081997
29081970
290773
29071965
29071964
29071963
290594
290593
290570
29051999
29051958
290469
290373
29031967
29031966
29031963
29031960
29022000
2900
28822882
2878
2875
2868
2866
2855
28121996
281166
28101999
280993
28091997
28091968
28091960
280890
28081963
28081958
280795
280774
280763
280697
280672
28061967
280574
280572
280569
280496
280491
280478
280474
28042000
28041968
28041961
28041958
28032000
28031958
280272
28021971
28021959
280197
28011965
28011960
2737
2730
27128
271275
271273
271270
27122005
27121997
271197
271176
271174
27111964
27111962
27111960
27111958
27111957
271097
271079
271075
271068
27101968
270979
270976
27091997
27091960
270873
270869
27081967
270796
270771
27061966
27061960
270576
270573
270568
27051966
27051958
27051957
270498
270478
270474
270468
27041964
27041959
27041956
270399
270396
27031967
27031964
27031962
270287
270271
27022000
27021958
270194
270173
270167
27011965
2654
26262
2613
261292
26121960
261191
261173
26111963
26101997
26101996
26101970
26101960
260975
260970
260965
26091963
26081957
260778
260697
260665
2606642yra
26062001
26058
26051965
260473
260469
26041968
26041962
260397
260372
260371
26031966
26031965
26031964
26031955
26028
260278
260275
26021963
260174
260168
26012001
26011965
26011961
2599
258046
2580258
257257
2559
2558
2557
2529
2513
251276
25122001
25122000
251169
251168
25111999
25111962
25111954
251098
251073
251066
25101970
25101962
250993
250967
250965
25091962
250877
250873
250871
250767
250759
25071998
25071956
250675
25061966
250591
250579
25051997
25051962
25051961
25051960
250493
25041958
25031970
25031966
250276
250273
25021960
250176
250171
25011997
25011964
2500hd
2500aa
2491
24861793
24688642
246801
2462
2454
2441
24282428
2426
2422
241978
241275
241269
241264
241241
24121961
241174
241169
241162
24111963
241097
241095
241066
24101998
240967
24091969
24091964
24091962
24091954
240898
240872
24082408
24081965
24081963
24081958
240795
240776
240770
240769
24071963
240697
240696
240662
24061962
240572
240566
240499
240478
240471
24041999
24041965
24041960
240392
240376
240360
24031968
24031963
240296
240273
240263
24021965
2401pedro
240170
24012000
24011969
24011964
23WKoa0FP78dk
2380
2367
2361
234561
2336
23252325
2319
2316
23121965
23121963
23121958
23118
231170
23112000
23111961
231098
231097
23102001
23101968
23101967
23101961
230993
230968
23091960
230875
23081999
23081998
23081965
23081963
23081962
230797
230768
230767
23071969
23071966
23061997
230597
23058
230570
230567
23051964
23051963
230496
230474
230463
23042304
23041963
23041960
23041958
230381
230369
230367
230363
23031970
23031957
230296
230273
230265
230230
230198
230177
230172
230159
23011964
230101
2282
2281
2278124q
22422242
2238
223355
22224444
221980
221976
221969
221294
221277
221263
22121997
221196
221182
221178
221174
221173
22112000
22111964
22111962
221061
22101971
220997
220894
220873
220863
22081968
220796
220763
220697
220671
220668
22062000
220574
220557
22051998
220497
220454
22041965
22041961
220363
22031961
220296
220274
220268
22021968
220169
219219
2188
2185
2180
2178
2177
2157
213546879
2128
211273
21122001
211194
211169
21111962
2110se
211095
21108
211072
21101962
21101961
210969
21091999
21091997
21091963
21091962
21091959
210896
21088
210873
210872
210862
21082000
21081963
210766
21071968
21071965
210673
210666
21061968
210569
210563
21051966
21051960
210476
210459
21041965
21041964
210372
210369
210365
21031961
210296
21021960
210198
210168
21011959
21011954
2075
201980
20121999
20121963
20121961
20121960
20120
201196
20112000
20101967
20101966
20101964
20101961
20101959
20092000
20091997
20091963
20091961
200899
20081968
20081954
200794
200776
200770
20071961
200698
200697
200672
200668
200661
20062001
20062000
20061998
20061969
200597
20058
200570
20052007
20051999
20051970
20051960
20041997
2004-11-
200394
20031963
200297
200271
20021966
20021965
200195
200190ru
200176
200170
200161
20011958
1zxcvbnm
1Winter
1Video
1Surfer
1Steeler
1Spanky
1Sexsex
1Rrrrr
1Richard
1qwe2
1qaz2WSX
1q3e5t7u9o
1q21q2
1pizza
1Panties
1Packers
1Ooooo
1Oliver
1newlife
1mustang
1Mouse
1month
1Monster
1Michell
1Magic
1lover
1Legend
1Kkkkk
1Iiiiiii
1Golf
1Gateway
1Freedom
1Flowers
1Ffffff
1escobar2
1Doctor
1Crazy
1Cowboys
1chicken
1Celtic
1Carolin
1Bill
1Bigdick
1bigdick
1Banana
1Badger
1Arsenal
1Angels
1Abcdefg
1a2b3
199619
19952009
199511
199422
199415
19932916
199315
199311
199224
199216
199129
199020
198922
198917
198913
198911
1988198
198803
198712
19871
19861987
19851986
198505
198326
19832
19831985
198282
19821984
19821983
19820
19811983
19801982
197919
197811
19780
197700
19761977
197611
19735
197325
197119
197101
196869
196565
196100
19211921
191987
191276
19122000
19121961
19121958
191176
191170
19111956
191061
19101966
19101959
190970
19091960
190893
190881
190870
19081967
19081965
190794
190793
190790
190782
190774
19072000
19071998
190693
190673
19062001
19061956
190591
19051969
190476
190390
190376
19031961
190280
190275
190274
19021967
19021965
19021958
19021902
190192
190183
19011970
19011951
1868
1863
1861brr
1850
1833
1819
181272
18122000
18121966
181194
18118
181170
18111967
18111963
18111961
18111960
181066
18101957
18101956
18091963
18091961
18091955
180677
180671
180573
18051961
180496
180493
180468
18041970
180396
180378
180367
18032000
180281
180273
180272
18021953
180178
18012001
18011961
18011958
1779
1773
1770
1768
1754
1749
173173
1727
171296
17121969
17121961
171197
17111963
17111959
171095
17101961
170968
17091955
17081961
170797
170796
170772
170768
170760
17072000
17071960
17071707
170694
170573
170566
17051968
17051964
17051960
170460
170374
170369
17031998
17031961
170279
170270
17021998
170169
17011999
17011962
1700
1678
164164
1632
163163
1631
1630
16128
161275
161270
161266
161262
16121964
16121960
161174
161159
16111999
161076
16101969
16101967
16101962
16101957
160981
160976
160974
16091967
16091962
160896
160872
160869
160867
16072001
16071999
16071958
16071957
160674
16061963
160574
160568
16051964
16041972
16041966
16041961
16041959
16031961
16031958
16031955
160297
160279
160271
16021967
16021964
16021958
160176
160175
16011971
16011966
15975312
159357q
159357852
1593575
1591
159000
1571
1553
1542
1530
1529
15253545
1524
15128
15121962
15121957
15121955
151163
15111998
15111964
151073
151071
151066
15101961
15101960
15101510
15091968
15091966
15091954
150780
150773
15071999
150697
15061961
150597
150571
15051968
15051962
15051961
150495
150465
15042000
150376
150370
15031998
15031960
15031959
15031956
150300
15028
150276
15021966
150177
150172
15011965
15011961
1488ss
147852963
147456
147369258
14691469
1462
145678
14371437
14331433
14314
1427
1426
142500
1419
1413
14121956
14111411
141093
141091
14108
14102001
140976
140975
140966
14091996
14091965
14091963
14091960
14091959
140897
140896
140891
140871
140868
140865
14081997
14081967
14081961
140784
14078
140760
14071969
14071967
14071966
140695
140674
140596
14051967
140505
140373
14031998
140296
14021961
14021959
140197
140175
140174
140173
140140
14011999
14011965
1399
1391
138500
1382
136479
1357924
135789
135642
1354
13481348
134679a
134652
133andre
13221322
13191319
131274
13122000
13121966
131198
131193
131192
13118
131166
13111961
13111960
13111958
131095
13101997
13101960
13101959
130976
130973
130966
13091970
13091961
130898
130894
130872
130868
13081969
13081951
13071961
13061966
130594
13051966
13051965
13051964
130473
13042000
130392
13031962
13031961
130293
130272
13021997
13021965
130166
13011956
12qwer
12QWaszx
12monkeys
1266
12581258
125267
125000
124c41
124536
123max
123ewqasdcxz
123b321
123as
123a123a
123987456
12398
12389
1237654
1236798
12358
12345tgb
12345abcd
123456zzz
12345678w
12345678d
123456789qwer
123456789j
123456789asd
1234567892000
1234567890m
123456789000
1234567887654321
1234562000
12345543
123321qw
123180
123123asd
123123789
1231230
1230987
123007
12261226
122183
122177
122173
12213443
122012
121996
121990
121988
121985
121968
121957
121883
121882
121477
121256
1212312121
12121998
12121960
121166
121073
12101997
121012
12092008
12091964
12091959
12091958
120862
120772
12077
120765
120665
120656
12061962
120600
12060
120572
120567
120565
120564
12051958
120505
120497
12049
12041959
12038
12031999
12031966
12021964
12018
120158
12000
11king
119955
118801
1169900
11551155
11471147
11432006
113078
112971
112375
112358132
112175
112172
112111
111990
111986
111972
111965
111962
111298
111277
111268
11121966
11121961
11121112
1111988
111168
111164
111160
11111965
11111963
1111111111a
111111111111111
111098
111092
110960
11091960
11091956
110867
110866
11081965
11081956
110767
110763
110761
11072000
11071970
11071964
110699
110662
11061969
11061966
11061963
11061962
11061961
11061958
11051996
11051958
110506
110460
11041969
11041959
110366
110364
110361
11031962
11021959
110197
110165
110159
11012566
11012008
11011968
11011960
1093
108888
1087
1061
1053
1052
103082
103069
10293847qp
102938475
10287
102498
102466
102288
102282
102276
101988
10198
101970
10197
1012NW
101294
10121967
10121958
101199
101194
101168
101160
101158
10111959
101057
101054yy
10101998
10101965
100966
100963
100958
10091972
10081998
10081965
10081963
10081959
10081953
100800
100771
10071999
10071963
10071957
100671
10061964
10051961
10051005
100467
10041967
10041962
10041958
100394
100293
10021002
100165
10011974
100110
0994
0920
091293
09121967
091177
091175
091174
09112000
09111999
09111968
09111961
09110911
091094
091090
091085
09101964
090995
09091998
09091967
09091962
09091961
09091958
09091957
090892
090886
090884
090796
09071971
09071963
09071961
090660
09061964
09061963
090579
090564
09051960
090492
090478
090466
09041998
09041997
09041956
090399
090395
09031998
09031970
09031963
09022001
09021999
090183
090181
09011999
09011966
09011959
0830
081292
081290
08121963
081193
081184
081181
081171
08111958
081098
081091
081077
08101965
08101959
080997
080994
080993
080991
080982
08091958
080896
08081966
08081964
08081963
08081959
080799
080792
080791
080782
08071963
080697
080666
08061958
080572
080570
08052000
08051969
08051965
08041964
08041963
080398
080395
08031958
080295
080293
080274
080199
080193
080192
080183
08011965
08011964
0795
0773
071277
071270
07122001
07121954
071174
071168
071161
07111970
07111968
07111964
07111958
071098
07101968
070976
07091996
07091969
07091967
070879
07081968
07081967
07081960
070773
07071966
070673
07061971
07061967
07061965
07061958
070497
070496
070493
070491
070474
070472
070469
070386
070375
070374
07031963
07021999
07021968
070185
070183
07011959
0694
0689
0669
061982
0617
061299
061275
061270
061266
061170
06111998
06111997
06111969
06111966
061078
061072
06101999
06101966
060988
060983
06091999
06091997
06091965
06091962
06091960
06091959
060880
06071997
06071965
060698
06061961
06061960
060570
06051970
06051958
060506
060498
060491
06042000
06041998
060392
060389
060379
060373
060372
060369
06031964
06031961
06021999
06021967
06021964
06021956
060195
06012000
0594
0592
0590
0589
0582
052098
051292
05121958
05121956
051198
051196
051168
05111969
05111964
051072
05101973
050966
05091968
050894
05081964
05081961
050795
050771
050765
05071960
050681
05061967
050570
050484
050473
050462
05042001
05041959
05041957
050399
050394
05031968
05031966
05031953
05022002
050174
050168
05011964
0490
0489
0487
0485
0481
0479
042000
0413
041293
041265
04121965
04111997
04111960
041093
041069
041062
04101963
04101955
040993
04088
040877
040869
04081996
040796
040792
040693
040678
040571
040569
04041964
04041961
04041959
04041956
040393
040381
040378
04032010
040286
040276
040274
040269
04021998
04021967
04021961
040195
04011967
04011960
0378
031975
031268
031172
03112001
03111966
03111964
03111962
031087
03101967
03091967
03091958
030874
030873
03081965
03081964
03081957
03071970
030678
03062001
03061968
03061967
030592
03051999
030475
030472
03041996
03041965
03041961
030395
030374
030363
03031967
030295
030274
030270
03021968
030196
030195
030169
03012001
03011965
03011956
03011955
0295
028526
0285
0272
0258
0252
021983
021982
0217
021495
021298
021295
021293
02121965
021193
021175
02111969
02111968
02111957
021077
021072
021071
021056
021021
02101998
02101969
02101961
020976
020968
020962
02091997
02091959
020878
020874
020872
020869
02081960
020799
020797
020778
02072000
02071968
02071965
020698
020694
020663
02061967
020573
020571
020492
020462
020460
02042009
02042007
02042002
02041963
020368
020363
02031961
020304
020298
020268
020265
02021965
02021957
020171
02011956
02011952
02011949
0192
0179
0159
0153
0148
014702580369
012012
011299
01121964
01121961
01121950
011196
011188
011174
01112001
011097
011069
01101999
010970
010968
01091939
010899
010872
010869
010798
010794
010780
010771
010770
01071998
01071968
01071962
01071960
01071957
010668
01061997
01061959
010598
010575
010568
010567
01051958
010497
010477
01042002
01041959
010407
010397
010396
010293
010273
010272
01021968
010197
010108
008800
0080
0072
0065
0049
003842
0034
0018
zzztop
zxcvbnm123456789
zxcvbn123456
zxcvbasdfg
zxcvb12
zxcvb09876
ZwT2sBzL
zugzug
zucchero
zsxdcfv
zsnes1
zsexdr
zsergn
zoso
zorrope
zootsuit
zolushka2
zoltar
zoey
zlatan
zipzap
zippo123
Zildjian
ziggydog
ziggie
zhv84kv
zhongguo
zemanova
zeeshan
zeek
zasxcd
zarazara
zaqwerty
ZAQ12WSX
zapp
zachman
ZACHARY
z1x2c3v4b5n6m7
z1x2c3v4b5n6
yuyuyuyu
yummies
ytpfdbcbvjcnm
youknowi
yougotit
yoshimitsu
yoshimi
yonder
yoman
yocrack
yield
yfxfkmybr
yfifhfif
yesyesye
yeoman
yelrah
year
yeahman
ybrjkftdyf
ybrecz
yawetag
yasmeen
yankee23
yamyam
yakima
y2k
xz33333
xxxwow
xxx12345
xtvjlfy
xtcnth
xs4all
xfiles1
xenon1
xenia
xcvxcv
x1y2z3
x123456x
x002tp00
wynter
wxcvb
wxc123
Wwwwww1
wwwww77
wwww1
wwwooo1234
wwjd
wurst
wunder
wtfwtf
wsx123
wrestle1
wrapper
wool
woodfish
woodbury
woodall
wonderbr
wombats
Wolves1
wolf123
wolf100
WMINet
wjc200
witchy
wiskers
wisdom1
winter98
winter0
winstonone
winston6
winsome
winged
windows2
windfall
winbig
wimbledon
wimbledo
willy123
Willie
williams1
willer
Wildcat1
widow
widew
wideopen
wicke
whyme2
whole
whodaman
wheelman
wheeling
wheelie
wham
whack
wett
wethepeople
westerns
west1234
wesker
werty123
wert21
werrew
wend
welcome7
welcome5
welcome4
welcome0
weiss
weiland
weider
weeks
webby
wealthy
wazzkaprivet
wawa
waves1
watson0
watso
waterdog
water5
wasd1234
warspite
warman
wapku1
wapbbs_1
wanting
wankher
Wanker
wanadoo
walter34
wallie
wallace2
walkers
w3e4r5t6
w00tw00t
Vvvvvv1
vtldtltd
vthokies
VRe2nC3Z
vovan_lt
vova2010
voronova
Voodoo1
vonsclan
volga
voice
vocals
vmDnygfU
vjhjpjd
vivace
vitalik123
vital
viruss
violine
vintage1
villegas
vikes
vika2001
vika1995
vika12
viglen
vigil
ViewSonic
victoriya
vicelord
viborg
vgfun
vgbh12
vfvfyz
vfvfnfyz
vfvfif
vfvekmrf
vfuybnjajy
vfufpby
vfkzdrf
Vfitymrf
vfif1986
vfhnsyjdf
vfhmzyf
vfhbegjkm
Vf279sm
vetter
vespa123
vermeer
verbier
verbati
vepsrfyn
venom123
venger
vbvbvb
vbhjyjdf
vbhjndjhtw
vault
varken
vans
vanina
VANESSA
vandy
vandread
vanburen
valusha
vallarta
valetudo
v55555
v00d00
Uuuuuu1
utrecht
Ussy1
userpass
user1122
useful
urbana
uragan
upskirt
upiter
universidad
union1
underwea
underage
ultracash
Ultimate
uiorew
uhtvkby17
uhfyfn
ufptkm
ufkxjyjr
ucht36
ubnkthrfgen
u812
u23456
tyui
tytytyty
tylerca310
tyler12
twiste
twinstar
twine
twentyon
twenty1
tvmarcia
tuscany
turke
Turbo1
tupacs
tummybed
tulip1
tuffgong
tucke
tucano
tubby1
tsadmin
truths
truly
truitt
trueman
trottel
tropez
trontron
trolo
trixter
triston
tristin
tris
trips
trieste
trickster
trickste
trfnthby
trevino
tressa
tremendo
treech
tree123
tray
travka
transalp
trannies
traitor
traills
tracey1
Tr2Amp25
towel
tour
touareg
totti10
totti
totenkopf
toshka
toshi
torres9
torotoro
topsy
tootle
toothpic
toontown
tools1
toofast
tony22
tomuch
tommyk
tommy55
tomch
toluca
tolkein
token
tocool
tobyto
toby12
toby11
toblerone
toadfrog
tktyrf
tittie
TITS
tish
tiptip
tinsel
tinmouse
Tina
timpani
timoteo
timoshka
timmys
timmay
timexx
timdog
timbuktu
tile
tijean
tighthole
tigger13
tigerz
tigersha
tiger23
tiger00
tico
thundercat
thugstools
thresher
threee
thousand
thorne
thimble
thetford
thesun
TheSpot
thesimpsons
thepro
theme
theman22
thejam
thegoat
thegirl
thecakeisalie
thebrain
thebitch
thc420
thankful
Thanatos
than
textbook
test22
terter
termit
tennis22
tennis01
tempo1
temp12
tejano
teenfuck
teendrea
technik
teamase
tdm850
tazzy
taunt
tatonka
tati
tater1
tatarka
tastee
tasker
tasha123
tarragon
taro
Tarheels
tanner1
tankdog
tanelorn
tanager
tamplier
tamar
tamada
tallis
tallica
tallen
talavera
takethat
takefive
takecare
tailspin
taganrog
taff
taekwon
tactics
tachyon
taburetka
t5r4e3w2q1
t12345
SYSTEM
syssec
sysman
sydnee
swizzle
sweetman
sweet987
sweet666
sweaty
swearer
swapna
svtcobra
svoloch
suvorov
sutvsc5ysaa
sustanon
surfboard
sureno
superstr
superr
superpower
superj
superdan
supercat
supercal
superbob
super99
Super1
suomi
sunspot
Sunshin1
sunsets
suns
sunder
sumsung
sumsum
summer02
Summer
suleiman
sulaco
sukisuki
suka
suitcase
sugar2
sudhir
suckass
suck69
subzero1
subspace
subrosa
stylist
studstud
studly1
studentka
stuck
stryper
strstr
Strosek
strongbo
streams
streamer
stpiliot
storm123
stooges3
stony
stomach
stokecit
stjude
stixstix
stix
stings
stillers
stigma
stiffie
stickit
Stewart1
stewar
stevesmojo
steven6
stevem
STERLING
Stephanie
Stephan
stepashka
sten
stella12
stelios
steer
steen
stblow
stayout1
stauffer
starzz
startrek1
stars2
starkey
starchil
star21
STAR
stanthem
stalker2
stacked
sssata
sslazio
sridhar
squirtle
sqloledb
spy007
sprit
springfi
Springer
spotted
spotify
sportsca
spore
splits
splicer
spitz
spionkop
spiffy1
spiderman3
spider8
spider7
spider2
spider16
speed2
specter
specialp
specialized
specialist
spazz
Spartan1
spam69
spacebal
soylent
southbea
souleater
sorrel
sorokin
sooner1
Sony678
sonnys
sondheim
solly735
soller
soledad32
solana
sodomy
Socrates
socken
soccer77
soccer6
soccer23
snoopydo
Snoopy1
sniper01
snh4life
sneezy
snares
snafu2
snafu1
smurfett
smuggler
smooth15
smokey22
smoke20
SMITTY
smellyfe
smelly1
smallvill
smaller
sluts1
sluggy
slot2009
sloop
slocum
slingsho
slickone
slayer123
slavka
slavic
Slave1
slaphead
slalom
skywalk1
skyline3
skyclad
skunk1
skotina
skiski
skirts
Skipper
skillzz
skidmore
sizinici
sixtysix
sixpence
sitepass
sistem
sissinit
sissi
sisko
Sirius
singles
singl
sinatra1
simonsays
silvermo
silvergo
silver69
silver22
silvan
sigp229
signs
signin
signatur
sigma2
sight
sierra01
siegheil
sicilian
sicher
si711ne
shumway
shrine
shrdlu
showoff
shortman
shortcake
shopping1
shopmenu
shoots
shootist
shitt
shit1234
shinning
shinjuku
shihan
shibuya
shianne
SHERRY
sherr
shergar
shelle
SHELBY
shel
shazza
shazia
shawty
shauns
sharinga
sharan
shaq34
shann
shankly
shampoo1
shambala
shaikh
shagg
shadrach
shabnam
sfgsfg
seymur
sexy21
SEXX
sexsites
sexsex1
sexs
sexpics
sexforme
sexesexe
sex777
sex4free
sex101
severn
SEVEN
setting
servette
sergiu
sergey12
Sergei
sergeevich
serafina
sequence
septiembr
seniseviyor
semperfi1
semperf
selhurst
segasega
seek
seeing
secreta
secret99
seaver
Seattle1
seatleon
sean123
Seamus
sdh686drth
scurvy
scuba123
scratch1
scorpius
scope
scooter5
science1
schreibe
schokk
schnitzel
schlitz
scatter
scarpa
sazd
saxo
sawsaw
savings
savannah1
SAVAGE
Sauron
saul
satyam
saturnin
Saturn
sato
satisfy
sathya
sasuke1
sasuk
sasitare
sasha2011
sasha1993
sasha13
sasha111
sasha007
Sascha
sarita2
sargeant
saretta
saravana
saransk
sarakawa
sarahd
sarah7
sarah13
santas
santafe1
sanremo
sanjos
sanguine
sanfrancisco
sanek123
Sandy
sandra11
Sandra1
Sandman
sandi1172
sanderso
samuraix
samura
samuele
samsa
samogon
samina
samia
samcat
samba1
samara63
salter
salomo
salo
sallydog
saline
salamanc
sakura1
sahtm080
sahtm069
sagittarius
saginaw
safronova
sadie2
sabrosa
s9te949f
s1s2s3
ryryry
rutherfo
rutabaga
rustic
Rustam
russi
russel1
RUSLAN
rushhour
runrig
runner12
rulesu
Rules1
ruggiero
rugby2
rufus2
rufina
ruffin
rube
rubarb
rsturbo
rs2000
royroy
roykeane
royjones
roxanne1
rowboat
rounder
roskilde
rosi
roses1
roseanne
rosalina
rosalba
roper
ROOSTER
rooney10
ronster
RONNIE
ronaldo99
ronaldo123
romance1
roma2010
roma1996
roma1990
rolyat
rolo
roleplay
roleguy
roflol
rodeos
rockster
rockstar1
rocko1
rockbottom
robust
robles
robinb
robertos
robert6
robert19
roads
Rjycnfynby
rjvgjn
rjpkjdf
rjnjatq
rjhjdf777
rjgtqrf
riverat
risky1
risky
ripley1
riorio
rinker1
ringbuch
riki
riggins
riff
ricorico
rickshaw
richelle
richboy
richardo
richard8
ricci
riccard
rhh8319
rhbcnbyrf
rfybreks
rfrfitxrf
rfhvfyftd
rfhfdfy
reynald
reymysterio
revers
revenue
revell
retype
returns
retry123
retraite
reston
resin
reserved
reptymrf
repooc
renrut
renown
renob
renfrew
RENEGADE
renaldo
remmah
relaxweb
rejoice
reinhold
reiko
reglisse
regime
refinnej
redwoods
Redwing1
redsox99
redsox3
redsox24
redsox12
redsox01
redskins1
redrobin
redpoint
rednex
redial
redhed
redheart
redfield
redeyes
reddick
reddevils
reddead
redass
red789
red1sox
rebon
rebellio
realsex
reality3
realhard
reach
raven11
raunchy
rauf123
rattrap
ratliff
ratface
rate
ratcat
raptors1
rapide
rangy
Randy
randle
rampart
ramon1
ramman
ramin
ramble
rakkasan
raiser
raindog
raiders0
Raider1
raide
ragers
rafaela
radion
radial
radar123
rada
qwsxza
qwertyuiop12345
qwertyuiop12
qwertys
qwerty555
qwerty1992
qwerty0
qwedcxza
QWEasdZXC
quincey
quiksilv
quicksand
Queen1
queball
quasi
qualcomm
quadra
quackers
qsefthuko
qqqqqqw
qqq777
QcxdW8RY
qaz26101778
q777777
q4n2Jdeh
q1w2
q1234q
q123456q
Q12345
q123123
pussy24
pushistik
purple7
purple3
purgator
purdey
purcell
puppylov
punto
pundai
punany
pumice
pumas
puki
puissant
puffpuff
pucker
publius
psycho78
Psycho1
psiholog
psa6400
prune
prozak
proverka
proud
protozoa
protecti
prosser
pronin
promote3
prokuror
prohor
progressive
progon
profiles
profil
problemas
probegt
privetik
prive
privates
priroda
priory
Prince1
preserve
Presario
PRECIOUS
pratibha
pr1ncess
Ppppppp1
ppooii
PPj22WE
pp00pp00
powert
powerof3
potters
potenza
potapova
positron
positano
posaune
portishead
porsche8
porridge
porndog
popey
poot
poopster
poolboy
pookster
Pookie1
pook
poohead
poochie1
pony76
pontia
pomme
polyakova
polopo
polo123
polly123
pollon
polkpolk
politika
polis
policia
poli10
pol123
poirot
poesje
poepoe
poep
podonok
podarok
PMTGJnbL
pmedic
Pm209mt
plushka
plumpy
plumpers
plumb
pluck
plowboy
PLAYTIME
playlife
platonov
plains
pjkmabhz
pixels
pivopivo
pitpit
PITBULL
pisello
Pirate
pippone
pippi
pipa
pino
pinkys
pinky2
pingi3
pineapple1
pimpdady
pimp13
pilsung
Pillow1
pillage
piledriv
pigglet
pigface
pies
picaso
picapica
picabo
pianino
physic
photoshop
photogra
phoeb
phipps
philemon
phil1234
phigam
pharma
phantom3
pfuflrf
pfqxtyjr
pfqwtd27121988
pfhfnecnhf
peugeot406
pets
petrik
petras
peterd
peter3
perviz
peruan
peru
persist
permanent
permanen
Performing
peresvet
pepperon
pepper14
pens66
penile
penelop
pene
peluch
peligro
pelham
pelado
peiper
peeps
peeler
peanut11
peachfuz
peaceman
peacemaker
payaso
paul99
Patton
patino
PATCHES
passwordd
password88
Password2
Passw0r
passtrader
Passion
pass3s
pass28
pass1821
pass13
Pass
paspas
party01
parliame
parkur
parker01
parallel
papote
papirus
papier
papasha
papas
papa12
paopao
panzer1
pangolin
Pandora
pandemonium
palmyra
palla
palani
Paladin1
palacios
palacio
pakistan1
pajarito
paint1
pagans
padron
padlock
padawan
packer4
packages
ozzmosis
ozwald
ozoju7
oxford1
owen11
ovaltine
outbound
ouachita
ou812a
ottokar
osmosis
oskar123
ortho
organs
orestes
oregano
orange88
orange6
orange22
orange10
opusxx
operate
open12
open1
opal
Oooooo1
oohrah
onspeed
onlygod
online12
onizuka
onetwothree
onetwo3
onestep
omega12
olle
olivie
oliphant
olioli
olietjoc
olga1976
olemiss1
olegdivov
oldno7
oldmans
oldboy
olaf
okaykk
oilcan
OICU812
ohyes
october7
oct2888
obsessed
object
oaken
o1l2e3g4
nursery
nunya
number8
nulife
ntktgepbr
noviembr
novak
notrub
nothing0
noser
norwegen
northpole
nopasaran
noob123
nomadic
nolose
nollie
nokian82
nokiae51
nokia5610
nobunaga
nobull
Nnnnnn1
njqjnf
nitrate
NIRVANA
ninth
nils
nikopol
nikonf5
nikko1
nikkin
Nikey63
nikegolf
Nihao123
nightshade
nightmare1
nietzsche
niconico
nicolette
nicole3
nicole123
Nicola
NICK1234-rem936
nicely
niccolo
nibiru
nhfycajhvth
nhfrnjhbcn
nhfkzkz
nfnmzyrf
neyland
newyork2
NewYork
NewYear
newport2
newpass2
newmoney
newmexico
newmedia
newborn
NetworkingPe
netware1
nether
net
nesterova
nerone
neron
nepbr2009
nemiroff
nekrasova
negrita
negr
necron99
NCC1701E
nbvehrf
navisite
nautical
nautica1
naumov
naumenko
Nature
natasha123
natalie2
nata1980
nastya2010
nastya1997
nasa
naruto99
narsil
narine
narf
narendra
nantucket
nantucke
nanner
namor
nadnerb
nadler
nabila
mystic1
myst
myspace2
mypuppy
myosin
myemail
mybaby1
mybabe
mutate
mustkill
mustikka
Muskrat
music7
murph1
murmel
murciela
murasaki
muppet1
mung
mundo
multisca
mukkula
muffin11
mudpie
muadib
msoracle32re
msdasc
mrwhite
mrmike
mrcool
mrblue
mover
mountai
mouloud
motilda
Mother1
mother01
moth
mosias98
morty
morte
mortars
morrisey
Morris
mor_pass
moroz
mornings
morello
morale
mora
mopar440
moose23
mooo
moons
moon69
moon1234
moolah
moocher
montse
montero1
montblanc
monkeybutt
monkey14
monk3y
monik
Monica1
moni
moneysho
moneybags
money69
money13
Money
moNDay2
MONDAY
monamona
molars
molar
mojo11
mohamma
mogilny
moggie
moderator
modem1
modaddy
mocelot
mocajo
mobile1
Mobil1
mmmmmmmmm
mko09ijn
mj2345
mj1234
mixmaster
miumiu
mitsou
MISTY
mister2
missydog
missions
minntwin
minin
minimax1
minger
mines
mindspri
mindfuck
militar
milfhunter
mikie
mike88
mike33
mike1969
mike19
middleto
mickeys
mickael
Mick
michiga
michaelp
michaeljackson
michaelg
michael123
micaela
micael
miatamx5
mgmgmg
mexica
metlife
methanol
metaxa
metaphor
merrill1
merlin2
merdes
mercury2
menow
menard
Memphis
MEMEME
memem
member1
melod
mello1
melita
meiling
megan2
megama
megabass
meetme
mecano
mdxpain
mdmgl004
mcmaster
mayurs
mayumi
Mayhem
maxsam
maxmotives
maxmax1
maxin
max1992
max12345
Maurice
mauric
maudit
matthewd
matthew4
matt23
matt10
matrixxx
matrixx
matrim
matelot
master666
master32
masson
massi
masser
masque
masonic
Mason1
mashmash
masha2010
marusy
marsala
marmeladka
marmaris
marmalad
markus1
mariss
Mariners
marimar
marillion
maria3
margherita
marco123
marche
march23
march17
march14
marcelin
maranath
Manuela
mantha
mantaray
manoj
manny24
mankind1
maniacs
manhole
mangus
mandog
mandalay
mandala
manchester1
managers
Manager1
mamour
mamou
mamiya
mamatata
mama777
mama1970
mama1961
malo
malloy
malishi
mali
maksimov
maki
makena
makaron
makalu
maisuradze
maiso
mailman1
mahoomar
mahmud
maha
magritte
magnum1
magnoli
magmag
magik
magichat
maelstro
madruga2
madlen
madi
maddog01
madara
madalena
macys
macy
macondo
maclaren
mackmack
maccom
m1m2m3m4
m1m2m3
lzlzdfcz
lynyrd
lynnlynn
lvbnhbtdf
lutz
lupo
lunar2
lumpkin
lullaby
luka
luisit
ludo
lucy123
luckyy
luckystr
lucky4
LUCKY
lucius
lucass
lucas12
ltybc
lth1108
loxpidr
lowers
LOVEYOU
lover123
loveme12
lovegirls
lovegame
loveall
love777321777
love4
love200
lotto
loserkid
lorna1
lorie
lords
loppol
lopotok01
loopie
lookat
lonley
longtail
longford
longfell
longest
LONEWOLF
lomond
lolman
lollero
lokomoti
loklok
loki2496
lohotron
logon
logoff
logjam
logan2
lofton
locutus1
lockedup
Loading
lloo999
llewelly
lk9slwGh3x
ljcnfkb
lizar
liza2000
livre
livia
LIVERPOOL
liudmila
liten
lisica
lipps
lipid
lingam
linear
lindalou
Linda1
Lincoln1
lilcrowe
lilac
likesdick
lightman
lifted
lifeguard
lies
lidia
licku
lick69
lichking
libertas
liane
lgkp500
lfiflfif
lexx
lexusis
lexus11
lexington
lexa
level1
letmeout
letmeon
letmein123
LetMeIn
letizia
lespaul1
leslie12
lera2000
lera123
leonor
LEONARDO
lennon1
lenina
lemuel
lekmcbytz
legolego
LEGACY
leee
leather9
leather1
lealea
lbvekmrf
LbnJGTMP
lazer1
lawsons
lavern
lauretta
lauren12
Laura1
lastcall
lassiter
laser123
LARRY
lariat
laranja
laplace
lanlan
lanky
lanesra
landau
Lancelot
lamer1
lambo
Lakota
lakes
laid
laden
ladder1
lachesis
lachen
labs
labrado
kyleregn
kursant
kurgn01
kurama
kungsan
kukuruku
kukaracha
ktjynsq40147
kss2773
KRISTINA
kriss
krazyk
kravitz
kravin
krauss
krasavchik
krakow
koukla
kotik
koston
koss
kornkid
kopa1994
koolman
koolkool
kontiki
konovalova
konoplya
kondrat
kolomna
kokopell
kokaine
kobebrya
kobe6666
knute
knopo4ka
knights1
knick
kneecap
knee
kmdbwf
kman
klovn
Kleopatra
kjkjkj
kizzie
KITTY
kissmy
kishan
kiseleva
kirusha
kirsten1
Kirsten
kirill1
kippy
kippers
kingwood
kingring
kingkon
King1
kindle
kimmi
kimber1
killer9
killer21
killeen
kiley
kikowu
kickers
khmer
kfgecbr
keyblade
kewell
kevin7
kessel
keroppi
keren
kentaro
kenseth
kenpo1
kenneth2
kennedy12
kenichi
keneand
kemo
kemerovo
kelse
kelly5
keepsake
keener
keefer
kebab
kearney
ke12fe13
kazoo
kazman
kazakhstan
kaytee
kayle
kaylab
katuha
katinas
katemoss
katanga
katalina
kaspersky
kasi
kashyyyk
karupspc
karola
karol1
karloff
karibu
kareta
karenw
karelia
kareena
karasik
kapriz
kantot
kankan
kanabis
kamina
kamilka
kamikazi
kamelot
kamakazi
kalpana
kalle123
kalle1
kaline
kalifornia
kalash
kalahari
kakaha
Kaiser
kaisar
kahlan
kafka1
kabouter
k1k2k3
JwHw6N1742
jwest
justinb
justin2
just4u
juni
junebug1
june16
july21
july14
july12
julie123
juke
jujujuju
juice5
juanjuan
juanjo
jtmoney
jr1234
journey1
jourdan
joshua99
joshua23
joseph2
joselon69
joselit
jose123
jordy
jordan9
jordan10
jonny123
Jones
jonass
jollymon
jolien
jokerman
JOJO
johnna
johnmc
johncen
john55
john21
john2
johan1
joeload
joe2000
joe1
jndthnrf
jkzjkz
jjohnson
jjjjj1
jizzeater
jive
jitter
jitendra
jism
jimmyz
jimmypag
jimmy6
jimmmy
jimkirk
jimbob1
jilly
JIGGY
jiggles
jigaboo
jiffy
jhbufvb
jg3h4hfn
jettas
jett
jeter1
jeter02
jetboat
jesussaves
jesus4me
jessup
JESSIE
jessejames
jerry69
Jerry
jerkface
jeremias
Jeremiah
jenna123
jembut
jelway
jeffwsb1
jeffrey4
jeffgord
jeffers
jeffbeck
jeannett
jaykay
jayde
jaycob
jaxson
javier1
jasonw
jasonlee
jasonj
jasonh
jasona
jason13
jason01
jasmine123
jasjas
japan2
January
janos
janin
janice1
janeen
jammygirl
jamie2
Jamie1
jamesy
jamesdea
james777
james6
james4
james10
jameel
jambos
jama
jake69
jake13
JAKE
jaguarxj
jagr
jacobson
jacobb
jacksons
jackfrui
jackdaw
Jackass
jack2
jack13
jabo
jabari
jaan
j1964
ivycold
ivette
itsmylife
itsmee
italie
italia1
Istanbul
issue
Island
isisisis
ishard
isgod
isaacs
ironwood
irena
iraq
irairaa
ira123
inventor
intrude
inter1908
inna123
inheat
Infalicall
indiana7
inca
imjakie123
imbue
imawesome
ilyas
iluvit
ilshat
illwill
illicit
illest
ilike69
ilford
igor1994
iforgoti
ifkfdf
idontcar
iddqdiddqd
iddqdd
ichiro51
iceman11
iceman01
icebaby
ibelieve
iamsocool
iamme
iamking
iaminlove
iamawesome
i12345
HZgG9umC
hyrule
hyperlit
Hyperion
hyman
hyderabad
hush
hurzhurz
huntin
hujhuj
hugues
hubris
hubertus
htrkfvf
htmlctl
hrothgar
hpSALGaY
hpesoj
Hp189dn
howie1
HOWARD
houra
hotty1
hotstud
hotporn
hotness
hotcakes
hotboy1
hotbitch
host
hoskins
hosiery
hosers
horse123
hornys
hormone
horizon1
hopping
hooks
honey12
hondo17
hondaa
honda200
honda123
holton
Hollywood
Hollywoo
hollan
holeinone
holdon
holcomb
hogwild
hogans
hoffmann
hockey33
hockey13
hobson
.hjxrf
hjvfyjd
hjpjxrf23062007
hjpjxrf
hjlbntkb
hitme
hitman1
hispanic
hindustan
hiller
hiker
hightide
hightech
hibernian
hhhhhhhhh
hhhhh1
hhhh1
heydude
hertz
HERCULES
herc
herbs
henry5
henry12
Henrik
henrie
henr
henkie
Hendrix
helpme96
hellokitt
hello1995
hello11
hellhoun
hedonism
heccrbq
heather9
heather4
heartles
heady
headroom
headhead
hawkwood
Hawkeye1
hasty
hassagjs
harumi
harrypotte
HARRISON
harold1
harness
harish
harhar
hardy1
hardhard
hardfuck
Hard1
happylife
happyhap
happyguy
happy8
happy6
happy200
happy11
happy10
hanswurst
hannah22
hand2000
halle
halfway
halberd
hal2001
hakim
haider
haha12
haguenau
hague
hackney
HackAren
h1d2b3
gznfxjr
gyozo
guybrush
guy123
gurken
gurami
gunsnroses
gunsguns
gunne
gulfstre
guitarist
guitar69
guitar11
guesss
gtnheirf
gthtrfnbgjkt
gtgtgt
grunt999
grump
groupie
groucho1
groovin
groom
gromov
grocery
grocer
gripe
Gregor
greggreg
greggg
greger
greg13
Greg
greenwav
green420
green15
greekboy
great123
graycat
grave1
grappa
grandmas
grandam1
grail
grafton
grafix
grace2
gozo
goyanks
govikes
gothi
gospurs
gorillas
gorilla9
goredsox
gordeeva
gorbunov
goran
goose5
gooliner
google10
goofy123
goodstuff
goodnigh
goodlord
goodjob
goodfella
goodby
good4now
goobie
gonduras
gondola
gomes
golive
golfboy
golf50
Golf
goldstei
goirish1
goin
goherd
gohabs
goggle
goga
gofaster
godzill
godflesh
god666
gobraves
goatmilk
go4itnow
gmac
GLORIA
gloomy
glock9
globes
glenny
glasha
glasgow1
gkfnjy
gjlcnfdf
gjgjdf
gjdtkbntkm
gizmoe
Gizmo
gitano
girish
gipsy
giotto
ginny1
ginger01
gimli
gillespi
gilgit
giampi
giallo
ghtpthdfnbd
ghoti
ghoster
ghjnbdjcnjzybt
ghjgfufylf
ghbcnfd
ghana
gggggg1
gfhjkm777
gfhjkm666
Gfhjkm1
gfdkjd
gfcdjhl
getitnow
gershwin
gerryber
gerri1
gericom
ger2man
georgio
george123
gentleman
GENIUS
genesee
generati
gemgem
geiger
gefccga
gearsofwar
ge0rge
gdansk
gbkbuhbv
gayle
gayguy
gay
gaviota
gaura
gauhar
gateway9
gateee
gasper
garvin
Garcia
garchadas
garbo
ganibal
gangsters
gangster1
gandalf7
GANDALF
gammel
gamepro
gamefreak
gallup
galleon
galen
galan
gadfly
gabbana
fzr600
fynjy
fylhttdyf
futbo
futball
furniture
furnitur
furelise
furby
funtime1
funnyguy
fun
fukoff
fuct
fuckzoey
fucku1
fuckthroat
fuckthemall
fuckstick
fuckstic
fuckoff666
fuckmylife
fuckman
fuckintits
fucker12
Fuck
fubar69
frugal
frozenfish
frost1996
frontline
frogss
frogface
fried
freewin
freeuse
freesex1
freemont
freeky
freeaccess
free12
freder
fred28
freakin
freakdog
frdfvfhby
frankzap
franky1
franklyn
frankly
frankli
frank51
francis2
frack
foxmulde
foxes
foxdie
fox12345
fourtrax
fostex
forzainter
fortran
fortknox
forsale
formel1
form
Forever1
forestman
forecast
fordgt
ford98
Ford1
forbidden
footloos
foolish1
foofer
foods
folders
foamy
Flower
floods
floger
fliege
fletch1
fleck
flattop
flatron1
flatboat
flash5
flanker7
flagpole
fktrcttd
fktrcfylth
fktif6115
fjysk762
fixxxer
fixitman
fivekids
fitzroy
fitness1
fishfry
fishey
fishead
fish22
fish12
firewate
firewalk
firetrap
fires
firehouse
firedawg
fire123
fire12
firdaus
finlay
financia
fillmeup
file4
fights
fight1
fifty5
fidofido
fiction9
fickdich
fianna
fgtkmcbyrf
fgjkbyfhbz
fghghgh
ferre
ferrarif
ferrari4
fermi
ferien12
feller
felix2
Felix1
felicita
feeney
fedotov
federer
feast
fdnjvfn
fdcnhfkbz
faustino
faulty
fatbo
fastfun
farzana
farme
farina
farber
fantazy
fantasy8
fannies
fanclub
falloutboy
falcon3
falcon04
faithy
faiths
fafyfcbq
faces
facelift
f67342
f1f2f3f4
f14tomcat
ezra
eyesonly
exxon
Extreme
extra330
exciter
ewqewqewq
ewqewq
ewq123
evilevil
EVERTON
ever
evamaria
ev7000
eusebio
europ
euroline
ethiopia
ethics
ether
ethan123
estoppel
estefania
espinoza
espagne
esmith
escort1
escola
ertyui
ershov
errata
eroica
ernes
epson1
epatb1
entre
entering
enigma2
enfuego
energy12
energy1
energia
Empire
emmarose
emma123
emirates
emilyann
Emili
embalm
elway07
elvis99
elric1
elmwood
ellwood
elke
eliezer
elevatio
elephant1
elenor
elena2010
elena1971
elemen
electronics
eldora
eldon
eldest
elayne
elates_y
elastic
elantra
elaina
ekimekim
eintritt
ehidkbd
egor123
edit
eddings
eddie3
ecwecw
ecurb
economy
economia
eckerd
ebonee
eatpie
eaton
eatadick
eastern1
earnhart
eagles22
eagles2
eagle21
e6pz84qfCJ
E2Fq7fZj
e12345
dynamics
duval
dusted
durex
durdom
duramax
duplex
dundas
Duke
duffie
duetto
dudley1
duder
dude22
duckpond
ducati1
dtrain
dsobwick
dsnine
drumming
drumme
druhay17
droop
drones
Drizzt
drills
dressing
dresser
dreamteam
dreams1
dreamer2
dreadful
drdre
drdeath
dranreb
dragonman
dragonforce
dragon44
dragon05
dracos
dozzer
doubt
doublej
dotson
dotnet
dorkboy
domodomo
dominik1
dolphin6
dolby
doh111
dognuts
dogmatic
doghead
doggy2
doggod
dogggy
dogdogdog
doesit
dodobird
docter
doc_0815
dmarink
djkrjd
djg4bb4b
djfpass
djeter
divine2
divine1
ditty
dispute
display
dirtywhore
dirtycunt
Directory
dipascuc
dinodog
dinochka
dinky1
dimka
dimidrol
dima3452
digi
differen
dietmar
diebitch
dictator
dickster
DICKHEAD
Dick
dianochka
diamondp
diamondb
diamond9
diamand
diabolik
dfymrf
dfrgui
dfktyrb
dfkmltvfh
dfhtybr
dfgdfg
dewdew
dewars
devries
Devil666
deviate
devante
dessar
despina
desdemon
derty
dert
derfla
derelict
dentista
dennie
denn
denis1984
demonik
deltafor
delta88
delta3
delong
delila
delights
delfino
dejesus
deivis
deering
Deepwate
deepika
deeann
dee123
decoy
decoder
decision
december1
decay
Deborah
debi
debbi
debaser
death13
deadsoul
dctvgbplf
dctdjkjl
dclxvi
dbm123dm
dazzler
Daytona
dawnie
Davis
david99
david9
david10
dass
darwin1
darvin
Darkstar
darkseed
darkmage
darkie
darkfire
darkdark
daria
danziger
dantheman123
danniash
Daniela
daniel69
daniel5
daniel26
daniel10
danechka
damp
damirka
damdam
daman1
dalton1
dalto
dale38
dale33
dakotas
dakotah
dakary
daisy3112
daisies
daishi
dailey
daidai
dago
daddysgirl
Daddy1
dadd
dabl1125
dabear
cvbnm
cvbcvb
cuteako
cushion
Curtis
currency
cupcakes
cunthole
cumboy
cucciol
csyekmrf
cscomp
cruzan
crust
cruising
crown1
crossman
crosby87
crm0624
Cristina
crazyc
crazy2
craxxxs
crate
cranberry
craigs
cowboys8
cowboys0
cousteau
cousins
countryb
countess
couger
couga
corrupt
correa
corpus
corporat
CORPerfMonSy
coroner
corone
corkie
corcoran
coppe
cool23
cool22
Cool1
cooky
cookie11
cooke
Consumer
constanta
conroy
connors
CONNIE
connex
conej
concise
concern
compatible
Compaq1
communic
commercial
cometa
column
Columbia
colts18
colins
colegiata
cole12
coldgin
cochino
cobra99
cobra777
cobra69
cntgfyjd
cnfhsq
cnfc35762209
clubmed
clubbing
cloud69
cloak
clk320
clipper1
clermont
cleaners
clave
clausen
clause
claudiu
CLASSIC
clansman
Claire1
ckflrbq
ckfdrf
cjxb2014
cjkytxyfz
civic97
cium
cipolla
CINEMAX
cincy
cincin
ciara
chunks
chuckd
chuck2
CHUCK
Christopher
Christi1
CHRIST
chrisbl
chris8
chris77
chris26
chris24
chris198
chris100
choppe
choirboy
chodu
chloes
Chloe1
chivas1
chispa
chipotle
chinky
chinga
chinaski
chimaira
chills
chikara
chika
chieftai
chief2
chidori
chicho
chicago23
chica1
chez
chevy11
chevette
chester9
Cherokee
chem
chello
cheezy
cheeser
cheeseca
cheeseburger
chech
cheburek
cheaters
chauncy
chases
chaser1
Charley
charless
charles4
charisse
chantal1
channel1
chandle
champo
cfymrf
cfvfzrhfcbdfz
cft6yhn
cexfhf
cessna1
cesare5
certclas
celtic33
Celtic1
Celtic
celt29
ceilidh
cdjkjxb
cdgirls
cdbymz
cccdemo
ccccccccc
cbreeze
cbljhtyrj
cavid
cataract
castell
casta
casper13
caseyboy
Casey1
cascas
casbah
carwash1
Cartman
carter80
carrick
carpe
CAROLE
carokann
carlos6
carino
cardman
carbon14
car12345
capulet
capucine
canno
canis
cancun09
canario
canada99
canada12
camus1
cammy
cammer
camilla1
camilit
cameroon
cameron2
cameron0
camaro2
calipso
calif
calida
calgary1
caleb123
caladan
cadmus
cadenza
cade
cabot
cabins
cabeza
cabbages
c00per
byyjrtynbq
byers
bydand
bwana
bvncnbnvvbn
butttt
buttock
BUTTERFL
butterbe
butter11
BUTLER
butkis
BUTCH
bushwack
bushmaster
bushka
burritos
burrito1
burrell
burp
burned
burmese
burlsink
burlpony
burgos
burford
bunter
Bunny1
bunia3
bundao
bumfuck
bullshit1
Bulls1
bulldozer
bulldoze
bulldogs1
bulldog3
bullbull
bullard
bulbs
buicks
buggie
buffy44
budz
Buckeye
buck13
bubblebox
bubbaman
bubba99
bubba8
bryony
bryana
bryan2
brune
bruiser1
bruise
bruce69
brown123
broward
brothel
bronwyn
brockton
britne
bringiton
briano
Brendan
brenda69
breizh
break1
bravo7
bravada
brannon
brandy69
brandy2
brandy12
brandon7
brandon5
bradle
Bradford
bradbury
br1ttany
Boys
boy1cool23
boxsters
bowling3
bowl36
bowbow
bouboune
bother
botbot
boston11
bore
booyeah
boots123
boopboop
boop4
boomba
booking
bookbook
boogle
Boogie
boogi
boogey
boogers1
boodles
boodie
boobies2
boobear1
Bonnie1
bonkers1
bongtoke
boney
bondone
bonafont
bombs
bomberman
bollen
boilerma
boggy
Bogdan
boffin
boeing1
bocman
bobsmith
bobob
bobo1
bobjones
bobbyj
bobbobbob
bobbobbo
bobbob1
boating1
bmwk75s
bmw740
bluntman
blunt1
blume
blueskie
bluelight
blueeye
bluedot
blueboys
bluebook
blue72
blue20
blue16
blowjob69
blofeld
blockbus
bleh
bldass
blcktrn
blazing
blarg
blah1234
blah12
blackwid
blackheart
blackhea
blacke
blackdragon
blackdra
black11
bkmyeh
bixler
bitwise
bismilah
birthday36
Birthday
birdbath
biolog
binford
billy69
Billy1
billionaire
billards
bill2455
bill063
bigtim
bigtex
bigslick
bigsam
bigpimpn
bigo
bigmac1
bigelow
bigdik
bigbull
bigbug
bigbud
bigbri
bigbird1
bigapple
bicycles
bible1
biabia
bhatti
beyblade
bettyp
beth69
beta1
bertone
bertbert
berrie
Bernie
berni
Bernard1
BERNARD
Bernard
bernadette
bermuda1
beotch
benz12
Bennett
benner
BENJAMIN
bendix
bemine
belveder
beloved1
bellum
bellini
Bella
belinda1
belfour
Beethove
beegees
bedas1
bebop1
beaversx
beatrix
Beatrice
beatles6
Beatles1
beastman
beasties
beast123
beagle1
beadle
bdfyjdbx
bbwlover
bbb111
bayonne
bayley
bayard
bathgate
batfink
batcat
baster
bass11
baske
bashar
barrier
barrabas
barnhart
BARBIE
barbarossa
barbaro
barata
baobao
banzay
bantik
banjoman
bangme
bangbros
Bandit1
bananana
BANANA
bambina
balou
ballzz
balloon1
ball123
balerina
balaton
balana
balaji
baker3
bailey99
bailey01
baggy
baggio10
badmofo
BADGER
badboyz
backyard
backspin
backdraf
babylon1
BABY
babe1987
babalola
babaji
baba123
azul
azreal
azores
azerbaijan
az09az09
axaxax
awesome2
awesome123
avtomat
avogadro
avenged
avdeev
Autopas1
Aurora
auguste
august30
august24
august20
august17
auger
audra
audia
atljhjdf
atlanti
atalanta
astronom
astronaut
astra334566
asteria
assmonke
asshole5
Asshole
assfucker
assass1
assasins
assaassa
ashole
ashley123
ashley10
ashlea
ashe
ashcroft
ashburn
ashat
asha
asem
asdzx
asdfgh123456
asdfg1234
asdf0987
ascent
asante
asa123
as5ffz17i
arxangel
artic
artful
artemartem
artefact
artanis
arson
arsenal9
arriba
argus
arenda
ardennes
araujo
aramat
aram
aquatic
aquariu
aqaqaq
april27
april16
april15
applejui
apple11
Apple1
apos
apollo17
apollo12
aolsux
anxiety
anupama
antona
antoin
anto
anthony9
ansel
annina
Annika
annapoli
anna2002
anna12345
anka
anitas
anicka
angus123
Angelica
angel8
angel18
angel007
andrews1
andrew69
andrei1
andrea99
andrea12
andand
anastacia
anarchy1
anakin1
anahit
Amsterda
amoremi
amman
amitech
amira
amigas
amicus
amex
ameritec
amerik
AMERICAN
amdamd
ambulance
Amber
amazing1
amarant
amanda96
amanda123
Amadeus
am56789
alumni
alto
altera
alon
aloevera
almonds
almeida
allycat
allofit
alli
allana
allah786
all4u9
alkanaft123
ALISON
aliona
aline
alina2011
alina2010
alina1998
alina1994
alina12
aliev
Alice
alic
algore
algerie
Alexand1
Alex8899
alex86
alex26
alex1985
alex1976
Alex1234
alex111
alena1
aldrich
aldavis
Albuquerq
alastor
al1916w
al1916
al1716
aksjdlasdakj89879
aksana
akmaral
akinom
akimova
akimov
akademia
ajtgjm
ajaxajax
ajajaj
aishwarya
airlines
aikman08
aiden
ahjkjdf
ahahah
ahab
agusti
agusta
agree
agnostic
afynjvfc
afhvfwtdn
affirm
aeroplane
adv0927
adumas
Adult1
adriano23
adore
adobe
admirer
admira
admins
Admin1
adman
Adidas
adept
addidas
adder
adapter
adam01
actuary
acts238
acolyte
ace111
access01
acca3344
absalom
above
abner
abc123A
abby12
abadan
Aaron1
AaAa1122
Aa123123
a789456123
a2a2a2
a1s2d3f
a159753
a1234a
a1111111
9Hotpoin
99strenght
99669966
9953RB
9871
985632
98256518
96328i
96206
9598
951623
9512369
9347167
929370913
9222
911rsr
9104587
9103
90609
901234
9007
9001668
9001
8seconds
89semtsriuty
8998
899445527
89614774181
8937
89132664230
89063032220m
8869
8863
87654321vv
8756
872rlcfo
8616
8555
8522003
852000
84878487
8487
8428ld
826248s
8255
8231
8228
813813
8090
7somba
7samurai
7elephant
7988
79797979
78978978
78951236
789451
78791
7854
7823
7773
7772
776677
7766
7762
774477
773400
7715
770905
7707
76ers
7654321a
7654
75757575
7503
744637
7424
741776
741741741
7417
7414
7369
7295
7266
725725
7256
72305z
7223
7140
7123
7114
7099474
69stang
69chevy
6974
696977
691111
690069
6891
6886
6811
67chevy
67975502
67899876
67896789
6776
6711
668899
66776677
667667
6668
66667777
6665
666123
6657684
6656
6628
6622
6596
6574
6555
6554
6541
6537
6510
6469
6351
6336
62826282
62336233
6198
6165
61386138
612345
6121
6105
600600
5ThGBQI
5daxb
59635963
5958
5811
5712
5665
5663
565758
5634
5631
56259090
5575
5557940
5557
5551
5546
554466
5523
5522
54gv768
5481
5476
5466
54645464
5455555
54335433
542678
540540
5393
53755375
5362
5345321aa
5340
5270
526549
5256
524524
5239
523252
5228
5189
5188
51501984
5124
5120
510510
5101
5067
5051
5012
4teens
4peace
4973
4855
4852
4824
4815162342q
4800
4782
4755
4707570
4665
4633
4579
4531
4522
451451
45123
44mag
4489
4479
44774477
446688
4456
4432
4332
4328
432100
4293
4274
4258195
4256
4252
423956
4236
420842084208555
4205
42014201
42004200
4166
4158
415415
41513042
4132
4130
4116
400000
3times
3kings
3bears
3968
396396
3900
3836
3731
3727
3662
360moden
3588
35783578
351351
3478
3462
34567890
3455
3454
3447
343536
3433
340340
3399
3387
3373
33669
3365
3362
3345
333555777
33351962
333333q
3325
3317
33143314
32823282
32566842
3251
3250
3246
324324
3240
321671
3216
3214789
3202
3171
3125
31233123
31133113
311298
311276
311275
311272
311200
311071
31101971
310898
310864
31081964
31081960
310799
310796
310774
310771
31058
310572
310569
310565
31051969
31051964
31051958
310372
310369
31031968
310173
31011964
30astic29
3078
3051
3037
3031
3028
3020
301301
30123012
30121968
30121966
30121964
30111969
30111968
30111963
30111959
301097
30102000
30101957
301000
30092000
30091998
300876
300874
300871
300867
30081962
30071967
30071960
30071959
300669
300666
30061963
30061962
300573
300568
300564
30051971
300497
300495
300472
30041998
300367
300364
300361
30032000
30031999
30031962
300193
300181
30012001
30011962
30011956
2wsxxsw2
2wsx4rfv
2times
2short
2letmein
2children
2992
291278
291274
29121961
291194
291180
291170
29111957
291069
29101999
29101968
29101967
29101960
290968
290966
29091967
29091965
29091963
29091959
29091954
290894
29081968
29081966
29081965
290791
290771
290764
29071998
29068
290673
29062001
29061961
29061958
29061956
290596
290566
29052002
29048
29041964
290396
29032001
29032000
29031999
29024
29021964
290166
29011968
29011965
2886
28642864
2864
286286
2854
2820
281990
281296
281295
28128
281272
281260
28121998
28121965
28121957
281196
281193
281170
28112001
28112000
28111998
28111965
281096
280973
280970
28092000
28091998
280894
280871
280858
28081969
28071962
28071959
280676
280664
28061999
28061997
280559
28051964
280456
280367
28031963
280293
280273
28021999
28021969
28021965
28021963
280198
280179
280168
28011959
280102
27912791
2773
2754
2749
2739
2733
2713
271272
27121998
27121965
27121962
27111968
27111956
27111955
271072
271062
27102010
27101964
27101963
270975
270971
270969
270877
27081965
27081963
270766
27071954
270695
270692
27061998
27061971
27061965
270597
270561
27051969
27051965
27051962
270471
27042000
27041963
270398
270372
270361
27032000
27031961
270276
27021968
270197
27011966
27011960
2672
266643
26532653
2621
261988
261979
2615
26132613
261296
261295
26128
261275
261172
261092
261075
261072
261070
261065
26101961
26101959
26101958
260980
260969
26092000
26091999
26091965
26091954
260873
260869
260797
26071961
26071958
260677
26061965
260595
260576
260571
260561
26041965
26041964
260378
260368
26031969
26031956
260268
26021967
260196
260173
260166
258012
25800
2563
2555
2542
2535
2518
251298
251266
25122002
25121968
25121965
25111963
251072
25101999
250998
250974
250966
25092000
25091965
25091964
250874
250868
25081967
25071967
25071966
250695
250678
250624
25062000
25061961
250568
250561
25052000
25051999
2505198
25051968
25051954
250497
250465
25041998
25041962
25041961
250376
250372
250369
250365
250364
250297
250272
25021963
25021959
250161
25011999
25011969
25011967
24gordon
2487
248624
2479
2473
2463
246011
2460
2457
2439
24252425
241974
2419
2418
2415
24132413
241297
241295
241294
241268
24121962
241197
241195
241175
241172
241163
241096
241069
241062
24101963
24101961
24101960
24101954
240974
240971
240969
24091967
24091966
24091965
240867
24081998
2408198
24081968
24081967
24081964
240798
24072001
24071999
24071965
240695
240693
240676
240673
240659
24061965
240596
24052000
240473
240470
24041968
240393
240374
240368
24031966
24031962
24031958
240271
24021967
240175
240168
24012002
24011961
2376
23692369
2365
235555
23542354
2353
23522352
2348
2347172123
2344
23412341
2334
233307
2330
2323232
232222
23212321
2320
231991
23122000
23121999
231193
231171
231168
231163
231075
23101964
23101962
23101956
230969
23091962
23082000
230775
23072000
23071967
230696
23062000
23061956
230569
230498
23048
230473
230466
23041998
23041965
23032000
23031997
23031959
23027
230264
23011968
22tango
2296
2290
22772277
2276
2260
224224
22412241
22352235
222222a
221995
221986
221984
221983
221298
221273
221271
221262
22121963
22121960
221163
221133z
22111997
221101
22108
221073
221062
22101963
22101959
220970
220963
22091963
22091962
220897
220875
220870
220869
220861
22081963
22081960
220773
220771
22071998
22071967
22071964
220698
220695
22061968
220572
220570
220566
22052205
22052001
22052000
22051999
22047
22041962
220398
220396
220369
22032001
22031965
22031959
22031958
220275
220270
22022002
22021999
22021960
22021958
220165
22012000
22011968
2195
2193
2186
2164
2155
2143658709
2143
2139
2137
213456
21142114
211299
211295
211280
21122000
21121970
21121962
211195
211164
21111997
21111966
21111959
21111957
211065
21102000
21101967
21101964
210974
210972
210971
210968
21091961
210870
210869
210776
210772
21071961
210697
210667
21062106
21062000
21061958
21058
210561
21052000
21051965
21051964
21051956
21051955
210497
210473
210468
210467
21041999
210368
210367
21032000
21031999
21031964
210297
210274
210199
210197
210174
210172
210169
210164
21012001
21011963
21011961
21011956
21002100
2099
2086
2079
2069
205gti
2053
2048
20462046
2042
2020202
2019
2018
2012qw
201298
201271
20121967
20121966
20111999
20111967
20111961
20111951
201094
201066
2010201
20101970
200970
200969
2009200
20091999
2008m2009
200897
200874
200870
20082010
2008200
20081965
200800
20071967
200696
20068
200675
200669
20061966
200569
20051967
200498
200470
20041969
20041960
20038
200363
200300
200276
200269
200268
20022009
20022008
20021999
20021959
200199
200177
200171
20011964
2000jeep
1world
1Ussy
1Ttttt
1Tigers
1Therock
1Steve
1Startre
1Speedy
1Sophie
1Smith
1Sluts
1rus27540102
1Rock
1Rainbow
1qwerty7
1qwerty2
1qazxs
1Prince
1Ppppp
1power
1Pookie
1nstant
1Mercede
1Maveric
1Marvin
1Maddog
1loveyou
1Junior
1Johnson
1Jjjjjj
1Jackie
1Hardon
1Hardcor
1Golden
1Giants
1Ggggggg
1faith
1Explore
1Eagles
1Dolphin
1Dakota
1Cherry
1Charles
1Carlos
1byday
1Brian
1bigdog
1Bastard
1Barney
1Balls
1Autopas
1Apple
1Angela
199812
199624
199610
199523
199520
199508
199500
199414
199404
199393
19932008
199308
1992199
199219
199218
199011
199003
19891959
198826
198818
198810
19880502
198724
198722
198702
1986mets
198623
19861988
198603
198521
198424
19841989
19831987
1983198
198305
198202
198123
198121
198100
198024
198022
19801984
198004
19788791
197521
197506
1967gto
196419
195959
195
19401940
193570356033
19251925
19231923
191985
191984
19191
19161916
191294
191273
19121971
19121965
19121964
19111999
191094
191072
19101997
19101964
19101963
19101962
190996
190995
190993
190978
19091966
19091953
19091909
190883
190882
19081960
19081958
190795
190780
190779
190778
19071965
19071960
19062000
19061963
19052000
19051959
190475
19041968
19041904
190391
190388
190378
190368
190293
190290
190278
190276
19021969
190195
190184
190178
19012000
19011999
19011966
19011965
19011957
19011956
18n28n24a
188118
18791879
187420
1874
1864
183729
1830
18121997
18121964
18121958
181197
181175
18112003
18111997
181098
181074
18102002
18101970
18101964
180977
18091967
18091959
180873
180863
180769
18071962
18071954
18068
18062000
18061966
180568
18051997
18051963
18051960
180469
18041960
180368
180361
180357
18031968
18031967
18031956
180263
18022000
18021999
18021958
180176
180169
18011967
18011965
17831783
1766734
1764
1763
1742
171980
171274
171266
171265
171176
17111999
17111998
17111711
171093
17102000
17101999
17101964
170997
170974
17091964
17091962
17091957
17091956
170899
170898
170773
17071998
17071967
17071963
170696
17061999
17061968
170597
170574
170569
17052001
17051961
17051956
170470
17041966
170360
17031958
17031956
170274
17021971
170197
170176
170168
170164
16fretb
1668
1667
1654
1636
1634
1622
161295
161292
161269
16121963
16121612
16111966
16111964
16111963
161073
161070
16101960
160973
16091969
160897
160871
16081970
160795
160777
160772
160761
16072000
16071966
160695
16061999
160593
160592
160576
160570
16051962
160499
160498
160475
160459
16041955
160397
160396
16031957
16031956
160275
160273
16021963
160168
160165
160164
16012002
16011964
159630
15935746
1587
1583
1579
15531553
1545
153246
152geczn
15241524
1520
151994
151985
151272
151173
151164
15111999
15111967
15111958
15111957
150998
150997
150972
15092007
15092001
15091963
15091956
150859
15082008
15081963
15081959
15081508
150798
15071997
15071966
15071961
15071958
150676
150670
15052000
15051955
15049
150469
150467
15041504
15032001
15031968
15031965
150295
150274
150273
150271
150266
150262
15021999
150169
150167
14ss88
1499
149200
1491
1490
1489
147963258
1478523
147000
1463
1451
14411441
1436
143333
14314314
14241424
14221422
141980
141261
14121997
14121968
14121959
14121412
141194
141193
14118
141160
14101967
14101958
140999
140965
140963
14091961
140893
140873
14081959
140796
140767
14071963
14071950
14061964
14061962
14061959
140594
14058
140571
140495
140469
140468
14041964
14038
140357
14031999
14031963
14031958
14031403
140298
140274
14022006
140209
140207
140200
140172
140169
14001400
1396
1394
1392
13854
1383
13795
13751375
1371280
136611gt
1363
1360
135798
13571113
13561356
1338
1332
132613
13245
1318
131295
13128
131273
131269
131268
131199
131197
131173
131169
13111962
13111959
131060
131058
13102001
13101973
13101967
13098
130979
130962
13092001
13091962
130867
130866
13081956
13081955
130768
13072001
13071965
130698
130671
130669
130664
130659
13062002
13061999
13061964
13061962
13061958
130597
13058
130573
130571
130569
130568
13051960
13051959
130470
130468
13041958
13041304
130396
130394
130372
13032001
13032000
13031955
13021967
130167
130163
130130
13011969
13011966
13011965
13011301
12q34w56e
12inch
129834
12981298
129129
12771277
127266
12601196
125896
123vv123
123qwerty123
123qwaszx
123qwa
123mmm
123llll
123joker
123asdf
123abv
1239056
1239
12378945
123654789a
123637
123569
123546
1234vfvf
1234aa
12345u
12345ss
12345qwert7
12345p
12345o
1234567i
123456789zz
1234567890v
1234567890d
12345672000
12345656
123456321
123451234512345
12341231
123321i
123321d
123321aa
123258789
123234345
12323
1231233
1231231234
12309
123077
12271227
122574
122555
122473
1223456
122083
121998
121995
121981
121976
121965
121964
121960
12196
121894
121663
121580
121473
121260
121244
121221
12122012
12121952
12121947
121212z
121211
121167
12112001
12112000
12107
12101967
12101958
12101492
120972
12091965
120869
12081959
120796
120769
120768
12071964
12071941
120700
12061965
12052003
12041964
120397
120359
12031962
120297
120293
120275
120268
120267
12022001
12022000
120198
12011959
12011201
11jack
11991199
118811
11501150
11411141
113411
11271127
112364
11234567
1122qqww
112280
112233qq
11223344a
112121
112099
111zzzzz
111975
111970
111961
111769
111222a
1112223
11122001
11117777
111162
11112011
111111w
11111112
111103
111073
11101968
110973
110970
11097
11091997
11091966
11091965
110896
110865
110863
110861
110854
11082000
11081964
11081957
110794
110773
11077
110766
110760
11071966
11071962
11068
110571
11051999
11051969
11051105
110497
11048
11042000
11041998
11041952
110398
110368
110367
110356
11031964
11027
110264
11021961
11018
110169
110167
110160
11012001
1045
102973
102769
102481
10242048
102400
102273
102030a
102001
101881
101699
101378
10128
101263
101258
101254
10121v
101166
10111999
10111969
10111964
10111958
10111955
101063
101050
10102008
10102002
10101969
10101958
100968
100962
10091957
100864
100862
10081957
100797
100792
100766
10072001
10071964
100699
100676
100597
10051971
10051958
100494
100473
10041966
100373
100359
10031999
10028
100271
100266
100258
10021968
10021965
10021961
10021958
10021952
100173
100167
100166
10012001
10011998
10011961
100007
0L8KCHeK
09apr15
098poi
0974
0926
0922
0914
091291
091267
09121996
09121959
091194
091192
091172
091163
091095
091093
091078
091063
09101997
09101961
090975
09092009
09091963
090882
090873
090863
09082002
09081998
09081965
09081964
09081961
09081957
090783
090779
090773
090762
09071965
09071960
090697
090693
090672
090671
09062000
09061965
090591
090572
090571
09051962
09051957
09051956
090498
090460
09041968
090373
090365
09031999
09031966
090271
09021969
09021967
09021961
09021959
090194
090178
090173
09011962
09011958
090100
0895
0884
0873
086421
0827
081500
081268
08121998
08121997
08121966
08121962
08121960
081197
081183
081162
08111966
08111961
081093
081071
081069
081060
08101968
08101963
08101960
08101957
080998
080980
080976
080975
080974
080973
08091959
08091957
080907
080899
080897
08081999
080793
080771
080762
08072000
08071961
080677
080672
080669
08061999
08061964
08061961
080592
080587
080573
08051963
08051959
080496
080495
080492
080487
080470
080467
08041957
080397
080396
08031999
08031998
08031961
08031955
08031952
08022000
08021998
080196
080191
08011956
0785
0783
0778
0725
071269
07122000
07121969
071090
071075
071072
071065
07101967
07101966
07101960
070993
070968
07091998
07091958
070894
070877
070870
07081955
070807
070768
070767
07071964
07071963
07071961
07071957
070699
07061966
070595
07052001
070475
07041964
07041959
070394
070377
070373
07031970
07031961
07031958
070292
070281
070279
070276
070274
070196
070195
07011968
07011958
07011953
0699
0692
0687
0684
0683
061980
061281
061272
06122000
06121997
06121968
06112001
06111962
06111959
061061
06101997
06101962
06101957
06091963
060901
060895
060878
060870
060868
06081999
06081960
06081958
06081955
060794
060777
060771
060763
06072001
06072000
06071969
060708
060699
06068
060674
060672
060663
060591
060575
060573
060572
060569
06051959
060461
060455
06041999
06041997
06041955
060375
06032000
06031999
06031962
06031957
060282
060270
06021963
06021961
060181
060177
060172
06011968
06011966
06011965
0601
05870587
0586
0583
05530553
052385
051966
051273
051263
05122001
05121997
05121961
051194
05111962
05102001
05101999
05101998
05091998
05091964
05091961
05091957
050897
050868
050863
050854
05081958
05072000
05071961
050700
050673
050664
05062006
05061969
05061965
05061961
050576
050560
05051965
05051961
050501
050475
05041967
05031959
05022001
05021963
050177
05011962
05011958
0484
0482
0442
0430
041275
041267
04118
041177
04112002
04111965
04111961
041099
041074
04101968
040991
040971
04091967
040873
04082006
040697
040674
040670
04062006
04062001
040595
040592
040567
04052001
04051962
040469
04042006
04042004
0404198
04041963
04041952
04040404
040386
040372
040367
04031954
040293
040292
04022010
04021956
04021954
040194
040178
040177
040170
04011998
04011969
04011959
0389
0386
0333
031995
031264
03121997
03121970
03121963
03121962
03120312
031189
031173
031171
031166
03111959
031098
031096
031000
030997
030973
030972
030969
03091965
030898
030895
030871
03082002
03081967
03081961
03071969
030699
030696
03061998
03061963
03061962
030573
030567
03051998
03051969
03051967
030496
030495
030477
030476
030471
03042009
03041964
030398
030372
030370
030369
030359
03031955
03022007
03021999
03021966
03021965
030192
030174
03011964
0268
02588520
02580258
021268
021266
021259
02121958
021171
02112001
02111998
02111997
02111963
02111962
021100
021097
020993
020963
02091999
02091961
020895
020889
020871
02082000
02081963
02081958
020793
020772
02062000
02061964
02061962
02061960
020570
020561
02051968
02051961
020468
020465
02042008
02042000
02041957
02040204
020378
020372
020370
02031963
02021962
020169
020158
02011957
02011950
020103
01870187
0181
0157
0151
01470258
0123698745
011268
011185
011178
011173
011171
01111999
01111957
011095
011077
01102011
01101955
010996
010995
010976
010969
01091961
010897
010873
010871
01081999
010795
010772
010767
010766
01072006
01071964
010675
010667
010661
01062011
01061964
01061954
010607
010597
010566
01052009
01052005
01052001
01051999
01051956
01051952
010496
010472
01041950
010356
01031961
01031956
01022005
01021957
01021954
010203a
010102
00948230
008008
00770077
0057
0053
0032
0020
0019
0016
00110011
001007
000000000000
zzzzzzzzz
zzzz1
zxcvqwer
zxcvbzxcvb
zxcvbnmmnbvcxz
Zxcv1234
zse45rdx
zrt600
zozo
zosozoso
zorro2
zoro
zork
zoopark
zombi
zippie
zip123
ziomek
zimina
ziegler
zheng2568
zexts364325
zerohour
ZEPPELIN
zcGihLKe
zcfvfzrhfcbdfz
zasxcdfv
zargon
zaqxsw123
zamzam
zakaria
zagnut
zaczac
zackzack
zackery
Zachary1
zabava
z1z1z1z1
Z123z123
z12345z
yusuke
yuppie
yukari
ytpyfrjvrf
ytgjvy.
youssef
yourmomma
youpi
youbitch
yodaman
yocack
yoass
yllek
yk2602
yfhrjvfy
yesyesyes
yessongs
yesplease
yes123
yepyep
yellow7
year2001
yavin4
yatyas
yasser
yasemin
yaroslavl
yancey
yanayana
yamazaki
yamaha01
yama
yakudza
yabloko
xxPa33bq.aDNA
xtutdfhf
xtkjdtrgfer
xtcxtc
xpcrew
ximena
xerox1
xehrf2011
xcxc
Xc473tp
xbox
wwwxxx
www777
www222
wutangclan
wTSFjMi7
wtpmjg
wtiger
wsx22wsx22
WSBadmin
wrong1
writer1
wren
wrangle
worr3619
wormy
workman
working1
workers
wordpas
wootwoot
woodrose
woodroof
woodpeck
woodman1
woodgoat
woodchuc
woodbine
wolford
wolf99
wolf13
wofford
wizard2
witter
wirenut
winter2
winter13
winner2
winkler
wingtsun
wingtip
wings19
windows7
willson
willis1
willie23
william4
will22
wildsex
wildfir
wildchild
Wildcat
wilbur1
wikus16
wifey1
widmer
widespread
widescreen
wick
wichser
whoppers
whoareyo
whitlock
whenever
WHATEVER
wfa4150
wewizcom
wewewewe
wetpuss
weterok
westpac
westies
west12
wertyui
werty12345
wert123
Werner
werewol
werd
wer234
wer138
Welkom01
welcome3
weed123
wedges
wedge1
webpass
web2age
web123
weazel
weare1
weakness
wbemoc
wayne0
waycool
Waterloo
Water1
washingto
wasdqe
warwick1
Warriors
warrior3
warren1
warpig
warhead
war123
WaPBBS
want
wannasee
wanda1
walter2
Walter1
Wallace
wales1
walentina
wakacje
waimea
wahoo1
w1w2w3w4w5
W1408776w
vytautas
Vv127pr
vulkan
vtvtvt
vtr1000
vtec
Vs310ct
voyager6
Voyager1
voxstrange
vova1995
vova1994
voron
voodoo69
voodoo22
VOODOO
vomit
volodia
volkswagon
volk
volfan
voldemor
volare
vladlen
vladimirovna
vlad2011
vlad12
vjqfyutk
vivi
vitebsk
visionar
visavisa
virtus
virtuoso
viper23
violin1
vinson
vinegar
vindiesel
VINCENT
villian
vika1999
viggen37
vieira
vidaloka
vidaloca
victory7
victor123
vicenza
vibe
vgirls
vfyzif
vfvfxrf
vfvfcdtnf
vfnhtirf
vett
vestal
VERONICA
vergil
verdes
verbena
ventana
vent
venise
vengeance
vehvfycr
vegetabl
vegavega
vegasman
vEf6g55frZ
vecnfyu
vcxz
vbybcnthcndj
vbrbvfec
vbkzdrf
vazelin
vasser
vasilev
Vanessa1
vandelay
valiant1
valet
valeria1
valera123
valer
vagrant
vaduz
vadim1996
uXMdZi4o
utyyflmtdyf
utythfk
usual
ustinov
usmc1
userexecute
usbhub
usagi
urracco
urlmon
urine
upyachka
updrop
upchuck
unleashed
unix
universo
united99
united123
unit
uniqueness
unions
unicum
undne
understand
under1
uncut
uncled
uncle1
ummagumma
umisushi
umbra
ultimatum
ulrika
Ukraine
ukcats
ujyobr
ujhjl312
uhoh
uhjpysq
ufdhbkjdf
ueptkm
udinese
uchimata
tyra
twister1
Twisted
twinsen
twinpeaks
TWEETY
twain1
tuttut
tutti
tutor
turntable
turnpike
turning
Turkey
turist
turbo6
tural
tunin
tungdom6
tunes
tune
tulley
tujhsx
tucker2
Tucker1
tucan
tube
ttt123
tsunami1
tspeter1
truong
trunks1
Truck1
troutbum
tropics
Tristan1
trish1
trio
trinity2
trimner
trick1
tribeca
triathlon
triade
trevon
trektrek
trekstar
tree1
travail
trans1
tran
tractor1
tracksta
tracking
trace1
towanda
tounge
tothetop
tothemax
tosh
tortor
toroto
Tornado
Topgun
topazz
topanga
toottoot
tootsie1
toomany
toolband
tony99
tony25
tonto1
tonnie
tonitoni
tomto
tommyg
tommyboy1
tommy999
tomcruis
Tomcat1
TOMCAT
tombrady
tomasa
tolkie
tofuck
tofu
tobias1
tobbie
tl1000
tittit
titikaka
tiraspol
tioga
tinotino
TINKER
tindoor
TINA
Timothy
timid
timezone
Time1
tima123
tilleie
tikitiki
tika
tigre1
tigger22
tigertiger
tigers7
tiger86
tiger5
tiger10
ticktick
tibia
tiagans97
thx138
throng
threeday
thomasj
thomas99
thissite
this4now
thetaz
thesmith
theshow
therocks
Therock1
therams
theonly1
theon
Theodore
theman2
themack
thekin
thekey
thehouse
thegreek
thegod
thecult
theboss1
theborg
thebends
thebean
theand
thea
thatguy
thanh
thailan
thai
tgacb
textex
text
texasboy
texas22
texan1
testo12
test12345
terranova
terra1
TERESA
Teresa
terayon
tenors
tennis2
tendulkar
telecom1
telaviv
teenies
tee0s
technician
technical
teamomuch
Tdutybq
tdutirf
TdfqUgL5
tboner
taylors
taylormade
taylor10
taurus1
tatum
tattoo1
TATIANA
tassen
tarza
tarrant
tarot
tarmac
tarantula
taran
taptap
tapis
tapeworm
tanzen
tanlines
tanks
tani
tangled
tamu
tamper
tamiya
tame
tamarack
talus
talontsi
tallon
talbert
taktak
tahoes
tagman
tabryant
taarna
t1234567
System1
syndrome
SyncMaster
synchro
sylviahans
Sylvia
sykes
SYDNEY
sxsxsx
Swordfis
swivel
switcher
swimmin
swift1
sweetpus
sweetboy
swanlake
SWALLOW
swain
sveto4ka
sveta1
sverre
svensk
svenja
suzan
sutherland
susubaby
sussie
suspects
sushis
suprise
supersuper
superman12
supermac
superg
superdut
superdave
superbir
superbik
super69
super21
supa
sunset1
Sunset
sunoco
sunn
sunglasses
Sunday
Sundance
suman
sulaiman
sugardad
suckmydic
suckmine
suckme69
subskin
submission
subaru1
suave1
stutt
stupid11
stup1d
stucker
struck
stroud
strom
strohs
stride
street1
str|ct9
stratus1
stratp
stratford
strasse
strahd
storme
stormbri
storm2
storm12
stoney1
stoneros
Stone
stogie
stoffel
stockholm
stlucia
stinson
stinker1
stills
Stewart
stevey
steven12
steve3
stefanescu
steeple
statue
statistika
static1
state1
stasstas
stasha
stas1992
starwars3
starwars123
Start123
starshin
starosta
stargirl
starfleet
starcraft2
starbug1
star33
star23
stanlee
stanisla
stalion
stainles
Stacey1
St123st
SSSSSS
ssss1
ssnake
sS6z2sw6lU
sregit
srbija
squeegee
squawk
squares
spyros
spunker
spumoni
sprint99
spring77
spring01
spring00
sporto
sport123
spongy
splice
splendor
SPLASH
spitzer
spitfire1
spiller
spike69
spidey1
spesional
sperling
spencer5
speedy12
speedste
specia
spastic
spartan11
Sparta
sparkplu
spares
spanners
spanky69
Spain1
southwest
southman
southie
southamp
soulja
soulfood
soslite
sosa66
sorbet
sophie3
sooty1
sonja1
soltero
solovei
solo44
solly
solitario
soldie
sokolik
sohail
soggy
sofie
sofa
sockeye
soccerba
soares
snyper
snuggles1
snowden
snow11
snooty
snoopy123
snoopy01
snipper
snipers
snark
snapple1
snappers
SNAPON
snakepit
snake69
snake12
smyrna
smoothe
smoopy
smokie1
smoki
smoken
smoke123
Smoke
Smitty
smit
smilie
Smiley
SmartNav
smarter
small1
slysly
slutz
slut1
slushslush
slurpy
slothrop
sloogy
SLICK
slaine
sladkaya
slackers
skunk2
skoals
skiers
skidog
skidder
skeeter2
skater12
skarlett
skapunk
sizzlin
sixstrin
sixsixsix
sitter
siren1
SINGLE
sinaloa
Simpson1
simonova
simonov
simonn
SIMON
simferopol
simbadog
simbad
silver21
sillyman
silkie
Silkeborg
silentium
silentbo
signed
sickfuck
shuhrat
showit
shout
shouby
shoshana
Shorty
shoeless
shivam
shirow
shirle
shippo
shipper
shelbygt
SHEILA
sheffwed
sheehan
shawns
shashank
sharpy
sharpie1
sharpei
sharon12
sharlene
shara
shanker
shaney
shanee
shane2
shamu
shakeel
shakazul
shaka1
shaila
shafty
shadow19
shadoe
shad
sh1thead
sgEGuKBM
seyila
sexystud
Sexyred1
sexypass
sexymf
sexy23
sexy2
sexx69
SEXUAL
sexo69
sewing
sewers
severian
seve
SetupENU2
settings
sesso
serova
sergun
Sergi
SERGEY
serena1
serda
serafin
September
sept
sensible
senhas
semtex
sempre
seltzer
sellit
selling
seledka
select1
selanne
seen
secret69
secret00
secbasic
Sebastia
sebas
seaview
seaquest
seadoo96
sdswgh
sdsdsdsd
sdicmt7seytn
scuba2
scrubber
Scripts
scouting
scoutdog
Scotty1
scottsda
scotter
scott7
scott3
SCOTLAND
scooby69
scofield
schumann
schroede
schoen
schnitze
schmid
scarred
scapegl
scamper1
scamp1
scammell
scale
scaffold
sazonov
sawblade
sawasawa
sawa212
savoy
saverio
savanah
saufen
sauces
satyr
saturn2
sasuke123
sasuke12
saspurs
sasha7
sasha14
sasch
sas123
sarolta
sardegna
sarcasm
sapphir
sapito
sapato
santorini
santaros
santana1
santan
santamaria
sanskrit
sandy3
sandusky
sandrita
sandra123
sandra12
sandies
sandi1
sandhill
sanderson
Sanchez
samuel123
Sampson1
sampdoria
sammy13
Sammy
samboy
sam999
salvia
saloon
salon
salmon1
salma1
salli
salida
salah
Saints
sahtm131
sahtm093
sahtm082
sahtm053
sahtm038
sahil
sagitarius
sagapo
safesex
sae1856
sadiemae
saddles
sacoremsg
sabra
sabado
saavedra
s211278
s1erra
s11111
ryebread
ruthruth
rutger
rustang
Russian6
russells
ruslan123
rusher
rush11
runo
ruiz
rugby9
rubikon
rubberduck
ru4692
rtyu4567
RT3460014
rovert
rover123
routine
rouse
rossy
rossman
rossini
rosie123
rosella
rosebud7
roseann
roscoe12
rosco2008
rosalyn
rosalita
rosado
root138
rooster2
Rooster
roone
room101
rono
ronaldin
romper
romochka
romanson
ROLLTIDE
rojo
rogets
rogelio
RODNEY
rodionov
rockytop
rocky7
rocky12
rocklee
rockhill
rocket7
rocker1
rockandroll
rock22
Rock
rochester
rocha2
robvandam
Roberts1
roberts1
robert8
robert4
robert23
robert123
robert00
robert0
robe
robbieh
robben
roadrace
rmpop
rmanis
rjpkjljq
rjkmwj
rjdfktdf
riverman
ritz
Ripple
ripper1
ripken08
ripe
riogrand
rino
ringding
rincess
rinaldo
right4
Rider1
rideau
RICORICO
rick123
richardl
richard9
ricbch4
ribeiro
ribalka
rhonda1
Rhonda
rhfcyjzhcr
rhbdtnrf
rhbcnb
rfvtym
rfvbkm
rfvbgt
rfnz11
rfnthbyjxrf
rfkbybyuhfl
rfkbajhybz
rfinfy
rfcgthcrbq
reza
reyrey
rexton
rewq1234
rewards
reviewme
revert
retriver
retreat
retep1
restart1
rest
resets
rerhsybrcs
reports
remont
remix
reiner
Reggie
refused
reel
REDUSER
redredred
redred1
redoctob
Redman
redlover
redlabel
redflag
redfish1
redcap
redbrick
red5thx
recneps
rebbecca
reallove
reality5
realest
readread
reading1
reactor
rdq5Ww4x
rc.itymrf
rc.irf
rbceyz
razorblade
rayne
ravenna
ravenlof
raven666
raven2
raven13
Raven
raulito
rauchen
ratiug
rational
ratbert
rastlin
rassilon
rasha
raser
rasca
rasberry
raritan
raptor22
ranier
rangerover
ranger82
ranger7
randyb
randell
ramtough
rammramm
ramcharg
ramarama
rainking
raines
Rainer
raiders9
raiders7
raider12
ragweed
ragger
rafting
raffle
raffaello
rafal
rafa
radford
raddad
radars
rackham
Racing
rachel7
rachel12
rabit
rabbit13
r1mini
r0ckstar
qwerty9
Qwerty11
Qwert1
qwerewq
qweqwe1
qweasdzxc12
QWEASD
Qwe1234567
qwe123321
quit
quiche
querty
querida
quasimod
quartz1
quartet
Qq123321
qetuop
qazxsw22
qazwsxedcrf
qazwsx123456
qazwer
qaz321
!QAZ1qaz
qaz123wsx456
q80661658441
q7w8e9
q3dm17
q2w3e4r5t6
q26606
pyfrjvcndj
PvHpX6
putana
PUSSYCAT
pussy6
pussy420
puspus
purple99
purple77
puregold
punk77
pumps
pumpkin9
Pumpkin1
pujols
puente
pudder
psycho72
prussia
proverb
prova
protec
prostar
prorok
propel
promotio
progres
progamer
priya
prior
Printer
princip
princess2
prince55
primos
prevost
preview
preved
pres
premio
prasanna
pppooo
pp04a
powmia
POWER9
poul
potolok
potent
Poseidon
Portugal
portnoy
porque
porntube
pornog
Porno1
pornboy
PORN
poptart1
poppos
poppe
poplop
popa
poopdick
poop69
poooop
pooo
pooner
pookie11
pooh123
ponomarenko
pompeyfc
polsk
polpetta
pollys
pollop
pollie
polla
polka1
politeh
polanco
pokus
pokie
Pokemon1
pokeman
poiqwe
pointbreak
pogosyan
poepie
poep123
podvinsev
podunk
podstava
podruga
plot
plokplok
plokiju
pljhjdmt
plaza
play69
play2win
play123
platter
plato2
platipus
pjsheridan
pizza2
pivo
pitmans4
pitman
pitcher1
pissonme
pisshead
piping
pioli
pinocchio
pinned
pinkyy
pinkrose
pinker
pink1
pinheiro
pingeye2
pinger
pina
pimpsta
pimpman
pimpit
pimpdogg
pikey13
pigskin
pigeons
piffle
Pierre
pierino
piddle
pickwick
pickl
pichon
Piccolo
Picard1
pibzk431
phooey
phoenix9
phoenix5
phoebe1
Phillips
PHILLIP
phildec
pheobe
phelan
pfqwtdf
pflhjncndj
pfchfyrf
peugeot2
petrushka
petrie
petrenko
peterbui
peter11
Pete
petals
PERVERT
persona1
persephone
perrys
perron
pernilla
pernell
perkin
percent
pepsi12
pepper23
people12
penwindo
penumbra
Penny1
Penis
pencils
pelosa
peikko
peggys
peggie
pegase
pederast
pedant
Pebbles
peanut2
peaches3
PEACHES
peace2
pcs2174
pcmcia
payless
Pavilion
paulista
paule
paul04
patton1
Patriots
patricks
patrick6
patito
Patches1
pasword1
passwurd
password33
password!
passman
PASSION
pass23
pass2012
pashtet
partridge
partner1
parson
parsnip
parry
parisi
paris75
parfois
paramon
paradize
paradice
papo
paperman
papasmur
paparazzi
papa1
Panthers
panthera
panther8
pantera6
pantat
palomo
palladio
pall
palito
paige2
paid
paddler
pacotaco
p0tat0
ozzyman
overseas
outrider
outrage
outlet
ou81234
others
otaku
otabek
ostsee
ossi
osman
oskari
osirus
oscarcat
oscar99
Oscar
osasuna
orxan
orochimaru
orochi
orion3
oren
orange9
opusopus
optiques
operations
open321
opaque
onslow
only4u
Online1
oneil
omytvc15
omySUt
omglol
omen666
omen
omega666
oliwia
olin
olga12
oleksandr
oleg1967
oleg12345
oleaut32
olds
oldlady
oldgold
oldcrow
okk34125
okayokay
offside
off
odranoel
odieodie
oddity
oclock
obscene
oberst
obafgkm
oakman
oakdale
nzceg251
nyvott
nyranger
NYMETS
nyisles
nx2000
nutt
nurjan
nunu
nuggett
nuggets1
nthvbyfk
nthk12345
NT5IIS
nsnabh76
Ns910cv
nozomi
noway123
nova99
notlim
notch
not4me
not4long
nostradamus
nosliw
noskcaj
nosbig
norwich1
norwest
northwoo
norsemen
noonehackme
nonnahs
nolimit1
nokianokia
nokia5700
nokia1600
nokia1100
noeli
nodnol
nmnmnm
nji90okm
njhnbr
nizmo400r
nixons
nissan35
Nissan1
nintendods
ninjitsu
ninja2
niniko
ninety9
nikoniko
nikki69
nikita2010
nikita1996
nikiforova
nigora
nighty
nightwis
nightfall
Nielsen
nicolle
nicnac
nicko
nick2000
Nick
nicholas9
nichelle
nicebutt
niceboy
niagra
nhjabvjdf
nhbybnhjnjkejk
nhbujyjvtnhbz
nfgbpltwq
newlook
neverhood
nevergiveup
netx500
networth
netnovel
nesterenko
Neptune
nelson11
nekochan
neggy
nefertit
needhelp
nedlog
necronomicon
neckk
neckbone
nebesa
Ncc1701
nbnjdf
navillus
navigation
navarr
naughty2
native1
nathans
nathanae
nathali
natawa
natasha7
natalja
natalee
nata2010
nastya1996
NASTY
nassar
nasnas
nascar18
naruto2010
#NAME?
nagging
nafisa
nadira
n1k1ta
n1a2t3a4
myway
mythology
mymgis41
mykonos
myeyes
mydear
mycomput
mybike
Mv943Fc
mutt22pu
mute
mustapha
musicbox
musical1
music69
music5
music11
murphy11
murcielag
muncie
mumu
mumford
muie
muhamma
muffmuff
Muffin1
muddog
mudddd
mudd
mucus
mucsaj
mtr1996
mtgl5r
mtdew
mt73sb
msjet40
Ms911sc
mrkmrk
mrfish
moxie7
mousemouse
mountie
mountaindew
Mountai1
mounds
moumoune
motylek
motu6697
morphy
morph
moron1
morgans
morena1
moran
morales1
mopmop
moorea
Moore
moontime
moonchild
moonchil
moonbar
moon5leg
monty2
montreux
montie
montella
montana2
monrovia
monreal
mononoke
monkman
monkey8
monkey55
monit
monica01
mong1ni
money3
money10
monette
moneta
monde
monalis
molder
mojojo
moisture
mohsen
mohinder
mohamme
mogwai1976
moejoe
model1
modder
Mmmmmmm1
mkjhfg
mjones
mj2323
miyagi
miwako
mitino
MITCHELL
mitch123
mistycat
mishaoooyeah
miser
misamore
mirrors
mirror1
mirko
mirand
miquel
minniemouse
minnie2
minkey
minigolf
mine4
mimino
millioner
miller01
millen
milking
milker
milano1
Milano
mikey5
mike20
microlab1
mickey13
Michele1
michelangelo
michaelk
michael69
miami99
miami13
metree
metfan
metalist
metalic
metalhea
metalgod
metalcore
message4
mervyn
merlin10
merde1
Mercede1
mensos
memnon
membe
meloni
melissas
Melinda
meli
meijer
megmeg
megazone
megan7
mefisto
meerkat
meepmeep
medicman
mech6666
meaty
measures
meaning
meanie
meade
mdmsii64
mdmolic
mdmnttd2
Mdmnis1u
mdmmoto
mdmgl010
mdmgen
mcse
mcqueen
mcnair
mcfly
mccloud
mccallum
mcafee
mc6288
mazdamx3
mazda123
maywood
mays24
mayflower
may12
maxxie
maxxam
maxwell7
maxmaxma
MAXINE
maximi
max528
max2010
max1234
mavs
mavipies
mausmaus
matthew10
matt69
matt25
Matt
matrix9
mata
masterg
master88
master6
master4
master0
mass234
masoud
mashinka
masha2011
mascara
masayuki
masaru
masana
masala
mas123
maryse
martymar
martmart
martinet
martin19
martin06
martell
marsbars
marrero
marquett
marmo3
marlins1
marley11
MARLEY
marku
markis
markin
markham
markel
mark77
mark44
mark23
mark2
Mark1
maritt
Marissa
mario6
MARIO
Marino
marines2
MARINES
marinas
marina15
marijane
mariette
Marianne
mariamaria
mariah1
Maria
marhaba
Margaret
marengo
marcuseckos
Marcus1
marcs1997
marcia1
march3
march22
march20
marameo
manure
mansoor
mansel
manolis
manning18
mankato
mangoo
mango123
mange
mando
mand
manara
mammas
mamata
mamaeva
mama2011
mama1960
mama1956
malmsteen
malmstee
mallrat
malkavian
malin
malib
malaki
malachy
maksimuss
maksat
maks1995
makayla1
makassar
makaroni
maiden666
maia
mahmoud
magnus1
magnumpi
Magnum
magnific
magius
magical1
magic69
Magic
maggie123
maffia
madzia1
MADMAX
MADMAN
madhatter
madd
madame
madalin
mad123
macdad
mabuhay
ma1lc0
m249saw
m123456789
m0ntlure
lytdybrbdfvgbhf
lyons
lynnette
lxgiwyl
lvd9341
luvluv
luv4ever
luton1
luton
lutheran
luster
luscombe
lurcher
lupit
lupin
lunge
lung
lunatik
lumper
lukester
luis2
luckyday
lucky22
lucky10
LUCKY1
luckee
lucid
lucia1
lucerne
lubasha
LTM9z8XA
ls6454
lplplp
lovesazz
LOVELOVE
lovejone
lovedoc
loved1
lovecraft
lovebu
lovebaby
love007
lousy
LOULOU
louisvil
louise12
louann
lothian
loshadka
lose
lorilori
lordof
loquit
lope
longneck
longjump
longing
longhaul
longboat
londres
london01
lombok
lolomg
lolita1
lola123
LOL5
lol
lokator
loh123
logroll
logologo
logo
logmein
logistics
loginov
login1
loggins
locote
Location
loafer
loadtoad
lllll1
llanelli
lklk
ljcnjtdcrbq
lizzy123
lizzie1
lizzi
LIZARD
liz8tysiu
litvin
littlehole
lissette
lisalove
Lisa1
lirika
lionss
lionhart
lion12
linton
lindse
lindsay2
lincoln2
limpkorn
limonade
limon
limeligh
lilo
lilmac
lillypad
liken
LIGHT
lickpussy
lickpuss
lickitup
libra1
liberty9
liberty7
liberdade
lfybkjd
lfieyz
leyden
lexalexa
lewka111
levy
leveller
letme
lesya
lesta
lessons
lesley1
leonida
lena22
lemont
leiter
leihak
legends1
legend2
legend12
legato
leetah
leecher
ledge
leckmich
leaving
leading
leaders
lcroft
lclprog
lbvfhbr
lbvf
lazyboy
lazio
layla1
lavazza
laurita
laural
laughs
laudrup
lattice
latrell
lathrop
lasha
larue
LarterLarter
larryboy
laputa
lapo1995
lantana
lanier
lange9x
landscape
landman
Lancer
lancelo
lampshade
lamonte
lakers2
laila
lafrance
lafayette
ladyhawk
ladybug7
ladoga
lacuna
lacsap
lackey
lacie
lachlan
labyrinth
kyoto
kvazar
kuzmin
kutter
kurica
kurban
kunt
kumite
kukukuku
ktc110
ks1977
krypton1
kristo
kristina1
Kristin1
kristie1
kozlik
kovaleva
koufax32
kotyara
kottayam
kotiko
koteczek1
koster
korobok
korgm1
kooler
kompik7
kolosok
kolkol
kolkata
koliko
kolian
kolesnikova
kolakola
kokoro
kojack
knucklehead
knoxville
knothead
knocks
knitting
knicker
km83wa00
kloten
klop12
klm123
k.ljxrf
Klingon1
klimov
klever
klepper
kleopatr
klasse
kkkkk1
kkk777
kiuhnm1
kittykitty
kittycat1
kitten2
Kitten
kitaro
kitaec
kissyou
kissme2
kisse
kirsikka
kirkkirk
kirillova
kirillov
kirill2010
kiparis
kinshasa
kingpins
kingkong1
kingkhan
king55
king10
kincaid
kimberley
kimba1
killshot
killkillkill
killers1
killer55
killer3
killer22
killacam
kikokiko
kiisuke
kiddo
kicks
kicking
kiana
kg5698
keynbr
keyfnbr
kevin9
kevin22
KEVIN
ketamine
kerygma
keraskeras
kenzo
kenshi
kendog
ken123
kellyj
kelly8
kelli1
keks
keiko
keepout1
.kbxrf
kbpfdtnf
kbkbxrf
kayode
kawa
katter
Katrin
katiew
katie12
KATIE
Katherin
kate123
katastrofa
kassargar
kassa1
kashtan
kasatka
kartoffe
kartina
karlito
karlit
karkar
karenina
karend
karena
karekare
kardelen
karatist
karas
karambol
kar120c
kapper
kappaman
kanus1
kamera
kamchatka
kambing
kamakiri
kalvin
kalipso
kalashnikov
kalamata
kakka12
kakaska
kaizer
kain
Ka12rm12
k1ll3r
k1f4c8
juttu123
justine1
justin3
jury
Junior1
june30
june23
june15
june14
june12
jumpers
jumbo1
july31
july24
july11
julit
juliett
julia666
jule
julchen
juiced
juicebox
juanpabl
jrracing
jrjrjr
joyboy
joshy
joshua13
joshua04
JOSH
josephphone7
jos
jordan98
jordan6
jordan05
jonpetter
jolly1
jokker
joker2
johnwoo
johnpass
johnny12
johnno
johnlee
johnie
johnboy1
john25
joggin
joeyjojo
Joey
joe999
Joanna
joanjett
joanbb69
jncnjq
jktujdbx
jktrcfylh
jktctymrf
jktcmrf
jkjkjkjk
jjjjjjjjjjjj
jjj123
jj9999
jixian
jitters
jimmyjim
jimmy9
jimmy5
jimmi
jim1234
jhonn
jgarcia
jfjfjf
jets12
jesuslovesme
jesusgod
jesusfreak
JESUS1
jesus01
Jester1
jessie20
jess1ca
Jerome
jerkit
jerker
jeremie
jennym
JENNY
jenkin
jenechka
jena
jellyman
jellos
jello123
jehuty
jeffry
jedi01
jeanmarc
jbond
jbjbjb
jayja
jayden1
jaws1221
jasper01
jason23
jaroslav
jantje
Janice
janetj
janeth
janel
jancok
jammie
jamessss
jamesg
james101
jamaika
jakub
jakejaka
jake02
jahlove
jaguares
jaden1
jacobo
jackyboy
Jackson5
jackruss
jackpot1
jackie2
Jackie1
jackie01
jackhammer
jackasss
jack69
jack55
jacinda
j10e5d4
j0rdan
izabela
iwillwin
ivory1
ivanko
ivanivanov
ivan1983
ivan1234
italias1
Itachi1995
ismailov
ishorny
isdaman
isback
Is211tn
ironma
irkutsk
Irish
irina1991
irina1989
irelan
ipo54tj45uy856
ionic
iodine
inxsinxs
investment
invernes
intubate
interrupt
internacional
intercep
integrity
intake
Inside1
inshallah
ingress
ingmar
ingenier
infra
indurain
indra
indahouse
incorrect
incident
impress
imperato
IMPALA
imin
iman
iluvgirl
iluvatar
iloveyoubaby
iloveyou3
iloveyou22
ILOVESEX
ilovesam
ilovepie
ilovem
ilovefee
ilovedick
ilovedan
ilovebri
iloveali
illini1
illiad
ilikepor
ildar
iiiiiiiiii
ihgfedcba
ignore
ignite
ie4bak
iddqd890
iddqd88
icky
iceskate
icenine
icecream1
ibragimova
ibill00
i9i9i9
hymen
hydro1
HV120dv
huseyn
hurts
huron
hunter9
hunter5
hummer99
humber
hull
hulahoop
hughjass
huggie
huckster
htvjyn
hpojscan
hoyas
HOUSTON
housing
housemusic
house12
hottsexx
hotpot
hotlanta
hotice
HOTBOY
hosty
horseshi
horsepower
hornyme
horner
hoodyhoo
honors
hongfund
honeyz
honda95
honda2000
holywood
holyman
hollywood1
holle
holla1
holl
holdup
hola123
hogdog
hofner
hoffnung
hoffman1
hocus
hockeyman
hockey30
hobune
hobgoblin
hobble
hobbits
hobbiton
hobbe
Hn261dn
hjvfynbr
hjcnbr
hitma
hithere1
hisham
hirurg
hippo1
hillel
hiheels
hhhhhh1
hghghg
hgasjasg
hfgbhf
hfcnbirf
heston
hess
hesham
Hershey
Heritage
herder
herbie1
herbi
hensley
henshin
Hennepin
hendri
hender
hemingwa
helpme12
Helpme
HelpHost
hellsbel
hellowor
hello7
hello101
hello10
hello01
helga
Helena
Helen
Heinrich
heine
hein
heimlich
heididog
hegemon
heffner
heeler
hedge123
heckle
hecfkjxrf
heather7
hearty
Hd764nW5d7E1vbv
hb4235
hazel5
Hayley
hayek
hayashi
hawthorne
hawley
hawkhawk
hawkes
hawk13
hawk12
Hawaii50
havelock
hattori
hatagaya
hasmik
haskell
hashim
hasbeen
harvest1
harryhoo
harry5
harrell
harol
harley03
harkonnen
hardie
harden
Hardcor1
Hard
haras
happy22
happy21
hansje
hanker
hangtime
hanging
handkerchief
hanalei
hamtaro
hammer35
hammer2
hammer01
hamid
hamer
Hamburg1
hambur
HAMBONE
hamasaki
hamann
hamal
halo1234
Hallowboy
haines
hail
hahahah
haha1234
haddad
habbo123
h72sfibbnl
H1Y4dUa229
h12345
h0lygr41l
h0ckey
gypsydog
gypsum
gypsie
gymnast1
gwar
gwapoako
gustave
gusset
gurpreet
gunz
gungadin
gunda
gully
guitar01
guest1
guerilla
guardia
guarana
gtogto
gthcjyfk
gthang
gtasanandreas
gtagta
grusha
groovy1
grommet
groan
grizzle
griswold
grishin
Gringo
grimreaper
grimreap
griffo
griffey1
greylock
greybear
gremlin1
gregster
greg12
greenwic
greenvil
greenone
greenlea
greencat
green9
green75
green10
greatwhite
greatday
grayson1
grasss
Graphics
granola
grandkids
grandkid
granata
gracious
grace7
gracchus
gq361hy
gouda
gotten
gothic1
gostosao
gosselin
gosharks
gordy1
gordo99
gordita
gordienko
gopats
goosie
goodshit
gooding
goodguy1
goodfuck
goodbye1
gonow
gonad
golovin
goliat
golfer69
golfer20
goldz
goldtop
goldroad
Goldfish
golddust
golddesk
Goldberg
goku69
gohan1
gofsu338
Goforit1
GOFORIT
goffer
godzils4s7
Goddess
gocougs
goblet
goatee
go4broke
go49ers
gmoney1
gmcjimmy
gloryhol
gloria1
glock45
glassic
gjyjvfhtdf
gjkjdbyrf
gjgjxrf
gizmocat
giucil
gitanes
gismo1
gisella
girlygirl
girls2
girlfuck
girlfrie
Girl1
girard
Giovanni
ginkgo
ginger69
gilliam
gilbert2707
ghostrecon
ghostface
ghostfac
ghjnbdjufp
ghislain
ghijkl
ghibli
ghghghgh
ghbdtn12345
gfhjkmrf
gfhjkl
gfhfktkjuhfv
gfgf123
gfgbhjcf
gfdkeif
getsex
getit123
getinnow
getin1
getback
getachew
gers
geronim
germano
German
gerger
geranium
george69
george4
george00
geogeo
geo123
gengis
geminis
gemini6
gemini13
gemini12
gelios
geewiz
geenidee
geddon
gdog
gbpltw147
gbpltw123
gavilan
Gautie
Gators1
Gator1
gateway6
gateway5
gastone
gasket
gasanov
garylee
garygary
garters
gargle
gardena
garden1
garbage1
gaping
gameman
Galaxy
galactica
gaggle
Gaeta
gaastra
g1nger
g00dPa$$w0rD
fyodor
fylht
fyfnjkmtdbx
fw190d
fuzzle
futile
futaba
furlong
funnys
funlovin
fungible
funforme
fujiko
fuckyous
fuckyour
fuckyoua
fuckyou3
fucktard
fuckme12
fuckit1
fuckinti
fuckher1
fuckersss
fucka
frufru
frostbite
frost1
FromVermine
frodobag
fritolay
Friday1
frick
freude
frem77
freeworld
freeway1
freesurf
freeshit
freebeer
fredric
Frederi
FREDDIE
fred66
fred2
Fred
franzi
franway
frankzappa
frank21
francuz
francia
fracture
fraction
fr33d0m
foxxx
foxman
fox1
foutre
fournier
foulball
fortyone
forty1
forms
forlorn
fork
foreveryoung
forestry
forest5
fores
fordfocu
ford99
ford350
footsex
footjobs
footfuck
footballs
football5
football123
footbabe
foobar1
fomina
follett
flyfishing
FLYERS
flux
flurry
flugel
floyds
floris
florida9
Florian
FLORES
Flipper1
fliper
flint1
fling
flexflex
fleetwood
flatbed
flashpoint
flashlight
Flash1
FLASH
flannel
fktrcfylhjdf
fktrcf
fisse
fishpond
fishman1
fishing4
fishies
fish11
Fish1
fiscal
firhill
Fireman1
firelord
fired
fiorell
finnish
finn
fink
findus
findit
Findaupair007
financial
finals
finalcut
final4
filly
fillmore
filling
filippov
filipok
filch
fila
figvam
figtree
figjam
fifnfy
fifa08
fiendish
fggjkbyfhbz
ffviii
ffffffffff
fffff1
fevers
fernwood
fernando1
fender12
felton
felixs
felixcat
felecia
feel
feefee
fedele
fdsaf
fdnjhbpfwbz
fdfsfaf
fcnfkfdbcnf
faxman
fattie
fatcow
fastfred
fasteddie
fashist
fartuna
farrar
farouk
farooq
farewell
faraway
farah
faraday
fantasm
fantasie
fanat1234
falmouth
fallout1
falkland
falcone
falcon7
falcon5
falcon21
faithless
fairytail
fairplay
fagget
fafyfcmtd
faceit
faceface
Fabian
f250
f22raptor
express2
explosiv
explorer1
expand
exorcist
exhaust
exhale
exciting
excelsior
excelsio
excel1
excaliber
exarkun
ewanko
evillive
evie
evgenij
evgen
every1
evenstar
evdokimov
evanston
evander
evan1
eugenio
eternit
estreet
estrada
estell
Es206en
erunda
erudite
erskine
erotica1
eroseros
ernest1
Erik
eriepa
eric69
eric1132
erect
equal
epsilon1
entertainment
entertain
enlarge
enjoy1
ENGINEER
Engineer
enginee
enders
emoboy
emmaus
eminem123
Eminem
emerso
embark
emar3114
emails
Elliot
elkhart
ELIZA1
elite2
eliane
elfriede
elena1975
ELECTRIC
elaman
eisbaer
einnor
eingang
eider
ehcrew
egypt1
eeyore1
edwardo
edwardcullen
edna
edisni
edinorog
Edinburg
eddieboy
ecnirp
echidna
eatpuss
eatmycum
eatme123
easyonmy
easylife
easports
earwax
earth1
earring
eamonn
eagles5
eagles11
eagle9
e214fre21
dyno
dylan123
dyexrf
dxtmsft
dutchboy
dustman
Dustin
duro
Durden
dunnowho89
dumplin
dumars
dulcinea
duke00
dugout
duffydog
dubstep
dublin1
dubbie
dtnthbyfh
dt58sck
dstars
dryfly
drugfree
drug
drpeppe
drone
dripdrip
drew11
dreamonline
Dreamer1
DREAMER
draw
drako
Drake
dragonla
dragon98
dragon8
dragon4
dragon35
dragon07
drafting
draco1
drac
douse
dory
dorthe
doral
dopey01
dooger
doody1
doodle1
dooby
donvito
dontlook
dontforget
dontdoit
donetsk
donatella
donaldduck
donahue
domovoy
domodedovo
dominoes
domedome
Domain
dolphin5
dolphin3
dolfijn
dolcevita
doingit
dogsss
dogmeat1
dogman1
doggy69
dogbones
doctorwho
dochenka
dmiller12as
dlgddm
dknight
djljghjdjl
djkxfhf
djeter2
djcnjr
DJAMAAL
diya2003
dixon1
divide
disturb
distal
disney12
dirkdirk
dirac
dios
diode
dino12
dindin
dimazarya
dimabilan
dima777
dima77
dima2002
dima1983
dima13
dilnoza
dilly
dillion
Dilbert1
Dilbert
digler
digits
digitex
digdog
dienstag
diebold
dick11
diamond0
diablito
dhtlbyrf
dfyzdfyz
dfrgifps
dfktxrf
dfcz
dfcbkmtdyf
Dfcbkbcf
dezamone
devitt
devil66
deutschl
detritus
dethklok
detective
destruction
desmond1
Desire
desig
derwent
depeche1
depart
denver7
dentman
dennis12
denisz
denis2011
denis1983
Denis
denham
dengad
denali1
den040791
demona
Demon666
demodemo
demidov
demetri
demetra
demchenko
deluca
deltatau
delta12
delegwiz
dekalb
Defender
defend
defcon5
deepred
dedbol
debtfree
deadboy
deadbolt
dddsss
ddavis
dbrecmrf
dbnfkbr1
daxada
dawg69
davison
davidt
DAVIDS
david6
dave77
dave22
davcprox
dauntivi
dastin
dasha2010
darya
Darwin
darlingt
darkover
darknite
darkness1
dapple
dannys
danknugs
daniel9
daniel7
daniel6
daniel14
daniel00
DANGER
dandelio
dancedance
dan3
dan
damore
damasta
dallen
dallas88
dallas33
dalia
dale123
daimon
dahmer
dagger1
daffyd
daddy69
daddy21
da010375
d36rkqdff
d1arrhea
d0ct0r
cygnet
cx18ka
cwoodson
cvzefh1gk
cvyx76h
cvetlana
cutgrass
cushing
cursor
curling
curioso
curio
cupid1
cunning
cumsalot
cum69
culloden
cuenca
cucu
cuco
cuca
cubs1
cubiche
cubamar
cthuttd
cthulhu1
cthueyz
cthnbabrfn
ctdthysq
crystal7
croydon
crowns
crosswor
crocket
croc
cristobal
cristine
cristan
crimes
criket
cricri10
Cricket1
CRICKET
crepusculo
creditca
crease
cream1
crazyhorse
crazyhor
crapcrap
crankers
cranium
cracks
cracking
cowsrule
cowboy11
covington
covingto
couture
courty
court1
couco
costing
cosmin
cosmetic
cosanostra
corsar
corrigan
corratec
CORONA
corduroy
copyright
copperfi
copperco
copley
cooper12
coolidge
cooldog
cookman
controll
CONTROL
continen
contex
consulting
constanz
constabl
consist
connor12
connolly
conner1
connecto
confess
computer12
compose
compiling
compete
compas
Common
commo
commit
commerci
Command
comma
comida
combos
colours
college2
colima
coleen
colecole
coke12
coitus
coglione
coffee11
codyboy
cody12
codered1
cocopops
coco1234
cocklover
cockcock
cocheese
cochabamb
cobble
coastie
coachk
CMiGTVo7
closter
clit69
clayman
claude1
clapper
clan
claire2
claddagh
ckjytyjr
ckflrfz
cjdtcnm
cindyl
cigarette
cider
church1
chunga
chukcha
CHUCKY
Chuck1
Chuck
chuch
christoph
Christine
chrisn
chris20
chris111
chris03
chowmein
chowdary
chouette
Chopper1
CHOPPER
chojin
choccy
choc
chloecat
chloe69
chkdsk
chitchat
chisholm
chippe
chiper
chipchop
chinos
chinit
ching
chinedu
chinatown
chimps
chiles
chikung
chien
chiemsee
chiefy
Chiefs
chicken6
chick1
chicago9
chicago5
chicago3
chevy57
chevvy
chester8
chester12
chery
cherrypi
chernov
chelovek
checkup
chasm
Charmed
charlied
charles7
charles0
chard
charade
char4u
chapper
chanta
chant
chanel1
chandu
chandos
chancho
champy
CHAMPION
chamorro
chalice
chaff
cGzFRhUf
cghfdjxybr
cgfhnf
cfnfyf
cfgfa03
cextxrf
certified
cerf123
centrum
centro
centric
celtics3
cellos
Celine
cegthvty
cedri
cedar1
cdog
cdcdcd
cchaiyas
cbkmdf
caution1
catsup
catsss
catseye
catrin
catman1
cater
catbird
caste
cassiope
cassini
cassell
cashin
cash1
casey12
cartmann
Cartman1
carson1
carsca
carsales
CARPET
carols
Carolin1
carmen00
carlos68
carlos10
carlo2
carletto
carita
carisma
caribbean
captaink
capsule
capser
cappy1
cappy
capitola
caocao
cantwait
canoes
CANNON
canino
CANCER
canales
canadiens
CANADA
camus
campo
campagno
camman
camion
Camille
cameron6
cameron3
Camera1
Camelot
camel123
Camaro1
calzone
calvin12
Calvin1
calv1n
Calling
calle
calicali
calibre
calavera
calamar
caillou
caesars
caesar12
Caesar
cadilla
caballero
c123456789
byyjxrf
buzzbait
button12
butter12
buttboy
butt1
butnut
butkus51
buster44
busta
busstop
bushra
burtons
burnette
burgerking
burgerki
burger12
burbon
bunner
bunda
bullss
bullnuts2003
bullgod
BULLDOGS
bulldog6
bulabula
bujinkan
bujhm123
Building
build
buheirf
buggin
Buffett
buffalo2
buddy99
buddy111
budda1
buckles
buchholz
Bubbles1
bubbah
bs2010
bruxelle
brunodog
brunello
brucie
browneyes
Brown
BROTHER
brothe
Brooks
brooklin
bronica
brittle
bristolc
bristol1
brinks
brijam
brianf
brian12
brevard
bret
Brent1
breeze1
brebre
breakdown
brazilia
Brazil
bravo20
bratpack
brant
branford
brands
brandonn
brandee
brande
Braindea
braindea
Bradley1
bradbrad
brad22
boxes
bowles
bowler1
bowens
boudin
boucher
bot_schokk
bot123
boston99
boroboro
boricua1
boracay
booyaka
boosted
boomer12
bookem
booger12
Booger1
BOOGER
booge
booboos
bonjov
bonger
bonding
bonapart
bombarde
bojangles
boise
boeing747
Boeing
bodensee
bobo12
bobby4
bobbilly
boba
bob007
bmwpower
bmw750
bmw540i
bmw318is
bmfc2353
bma2002
bluewater
bluewate
blueskies
Blues1
blueprint
bluebox
bluebir
bluebaby
blue75
blue456
blue34
blue333
blue24
blue222
blue18
blows
blowjob6
blowhard
blotter
blossoms
blossom1
bloop
blooming
bloodlust
blondie2
blimp
blaze420
blather
blas98
blank1
blammo
blaker
blakeca
blahbla
blacksonblon
blacksmi
blacksheep
blacklabel
blackk
blacki
blackflag
blackb
blackand
black99
black6
black47
BLACK1
bk.irf
bjones
bj200ex1
bittner
bitch2
bitbit
BISHOP
birthday52
birdie3
bird333
BIONIC
biologia
biloute
billyjo
billyc
billy5
biller
bigwilli
bigtimer
bigt
bigsmurf
bigsexxy
bigmoose
bigmomma
bigmac12
bigkahun
bigjohn1
biggen
bigdummy
Bigdick1
bigc
bigbut
bigbos
BIGBOOTY
bigbitch
bigballer
bigasses
biblioteka
bianka
BhRh0h2Oof6XbqJEH
bhbir
bevis
better99
berty
bertil
berth
Bersercer
berry1
bernd
bernardi
bernal
berl1952
berkshir
bering
berik
bergeron
beret
benway
benno007
benno
benj
bengel
bengali
belzagor
Belmont
BELLER
belle123
bellboy
bellamy
bellaire
belladonna
bella12
belka
belind
belgarat
belcher
beisbol
beerguy
beerboy
beer123
been
beeldbuis
beeble
Becky
beck69
Beaver
BEAUTY
beauford
beastly
beastie1
bears2
bearden
bear2000
beanies
beamish
beach4
bdog
bdfyjdyf
bbnyxyx
bball15
bba25547
baytown
bayram
bayou
bayamon
BAXTER
battlestar
bator
batman23
batman00
batistut
bastrop
bassboy
basket1
Basket
basil1
baseball21
baseball17
bartsimpson
bartfast
bars
barren
barr
barisax
barchett
barca1
barbus
bantu
banky
banken
banjos
bangcock
bandit11
bananas1
bananaman
banana2
ballyhoo
ballsy
ballsdeep
ballin23
ballarat
baldo
baldeagle
balance1
baiser
baffle
badstuff
badhabit
badday
badd
BADASS
backseat
bacall
babylon6
babyko
babygirl2
Babygirl
babybo
babybird
baby31
baby11
babolat
babe12
babbette
b1teme
b1t3m3
aztlan
azsxd
azizbek
azerok
axle
awake1
avinash
avarice
avaava
autobus
autobody
authority
Australi
austin20
aussie1
august8
august19
august10
augie
audubon
audre
audit
audi5000
attilio
attempt
Attack
atonal
asuka
astrolog
astrodog
astras
astra12
astor
astaire
asta
assorted
associat
asso
assess
ass904
aspirina
aspirant
asparagu
askold
askari
askar
asianlov
ashley22
asdqwe12
asdfzxc
asdfvcxz
asdasda
asd123asd123
asawako
as2579
as12az23
aryan
artist1
artillery
arthur69
arther
arthal
artemi
artem2000
artem1994
arte
artboy
arsene
arsenal7
arsenal6
arpeggio
arno
arnette
armyman
armyada2
arizon
aris
arguments
aregstyl
archimed
arbuckle
arapahoe
Aragorn1
aradia
arachne
aqwsde
aprile
april9
april4
april30
april29
april2
appraise
apppatch
apples10
appleby
Apollo13
APOLLO
apocalipsis
apart
Apache
anxious
anushka
Anubis
antwerp1
antonin
anton1992
antikiller
anthony12
antena
ante
anniee
annieb
annada2
annabella
anna88
anna1994
anna1992
anna1979
anna1
ANNA
anjaanja
anitra
aniolek
animales
animal2
ANIMAL
Angelika
angelfac
Anfield
andyboy
andy852
andy22
Andy
andria
andrewb
andrew33
andrew00
andrea69
andrea00
andranik
anastasya
Anastasiya
anastaci
anand
anal69
amy1
amulet
amstrad
amoros
amorcito
amoramor
ammonia
amino
aminka
amiga500
amg921
amber9
amber12
amaranta
amar1111
amali
alysia
alycia
alvarito
alucard1
altern
altec1
alta
alstott
alsa4you
alphabravo
alpha135792468
Alpha
alouette
alomar
allybong
alltime
allpro
allora
alloallo
alleyoop
allende
allall
alkogolik
alkash
alize
alisaalisa
alimov
alihan
algiers
algae
alf123
alexandro
Alexander1
ALEXANDE
alex88
alex87
alex73
alex66
alex24
alex1989
alex1983
alex06
alesi
aleksey1986
aleister
aldebaran
Albert1
ALASKA
alanon
alania
alaine
aladino
Alabama1
akron
akira123
akiko
akiaki
akella
akarkoba
ak471996
ajmccl
Ajax
airtime
airshow
aimhigh
aikman8
aika
aigerim
agustus
aguil
agent86
against
afternoon
afriend
afnbvf
afireinside
afghanistan
afc1903
afafaf
aeonflux
aekdb1
ADRIAN
adoxreadme
adonis1
adolphus
adnan
admirals
adm15575
adidas99
adidas23
adeola
adelheid
addition
adders
adamss
adamas
Ad12345678
acuratl
activex
across
acotec
ackbar
acidbath
achill
ace2luv
accurate
ACCORD
Accessibilit
access10
abuelita
abubakr
abnrgr
abercrombie
abe5
abcd123456
abcd1
abccba
abababab
ab12345
aaurafmf
aaaddd
aaaaaa11
aaaa1
aaa666
aaa333
aa123456s
Aa12345
a6543210
A514527514
a3930571
a2s3d4
A12345a
a112233
9ujhashj
9otr4pVs
9i8u7y6t
997755
9916
9911
9900
98stang
9891
987qwe
9874563210
987321654
9856
98219821
97ford
9791
9731553197
966966
96385
96321
95jeep
9550
9517883
951236
9512
9498
93939393
9375
93664546
9231wcf
91929394
91827364
9121
91191
911112
9107
9105425888
909909
907629
9035768
9021090210
9021
9008
8971
89586
89181502334
890iop
89057003343
8904
890123
8892
8891xel
8891
888666
88552200
8840
881988
8777
876876
8753
86248624
8591
858888
8554
85258525
8525
8495
8486
84488448
8400
8252
8246
8216
8202
81818181
8125
80camaro
80972694711
80808
8080
803803
80361665abc
78aajuh
789999
789951123
789852123
7897
78967896
789456123q
7880
787899
787898mich
7852
7828962
7827
781227
77sunset
7799
77930117
7777777q
777775
777007
7769
7758521
77557755
773377
770077
7663
7580
755555
7532159
753214
75315
74827482
7465
74477447
7423
741qaz
741963852
741369
74125896
7410258963
7388
7383
7375
7357
7311
7240
7231
7213
720000
71727374
712712
7106189
7100
70780070780
7011
700000
6y7u8i
699999
6981
6973
69716971
696696
6944
69426942
691702z
6896
68916891
67mustan
6771
66mustan
6698
66778899
666xxx
666hell
666666s
66613
6612
65impala
6588
6566
6546
6487
64546454
6443
6425
635csi
6312
6309
6280
626626
62432770
620620
6162
6146
613613
6110
6101988
5seks7
5962
5900
5888
5858855abc
5847
5744
5711
5708
5689
567432
5662
5657
564738
5616
5610
5606
55775577
557755
5567
5563
555aaa
5559
55555m
5542
553355
551155
550606
5500
5491
54745474
5467
5461
5457
54325432
5429
5418
5390
5356
53535353
5351
5320
52xmax
5283
5277
52745274
5266
5265
5257
52535253
52525
5250
5241
5234
5233
5231
5227
5219
5217
5214
520131
5175
5152535455
514514
5131
5119
511511
5114
5110
5072
5071
5063
5032
5022
4sure
4SolOmon
4rdf_king7
4p9f8nja
4991
4972
495812
4928
4923
4917
4903
4899
4891
4875
4865
483483
4815162342z
4770
4762
4758
4752
4731
4714
4702
470000
46824682
4669
466800
46534653
4645
459228
4591
4572
456963
45683968
4558
4557
455455
454454
4538
4515
4513
451236789
450450
4501
4496
4494
4478
4462
4460
4453
4449
444587qw
444466
4441
44224422
4414
4403
4348
43344334
4304
4287
4275
426426
4257
4245
423423
422119
4221
4202
420
4195
4175
4162
41144114
40plusdd
4089
4081
4080
4050328
4050
4042
40302010
4020
4018
3e4r5t6y
3dwe45
3children
3927
38dd
3833
383295502
3825968
3776
3762
3760
3734
3704
3700
369987
3660
3647
3642
3616615a
361619
358853
3582
3569
3562
3557
354354
3521
35153515
3500
34erdfcv
3489
3474
3468
3464
345123
3445
3444
344344
3411
3400
3390
3384
3383
33663366
33445566
3343
3336
33333v
33331111
333123
333
33253325
331199
331133
330033
3288
3272
32663266
3266
325632
3255
325225
32473247
3235
32343234
32333233
32303230
3220
32198
321890
321789
321677
32145
32123212
3195
317537
317317
3164
3157
3156
311rocks
311274
311268
31122006
31121968
31121957
311096
31101967
31101966
31101962
311000
310869
31081962
31081958
310797
310772
310770
310768
31071999
31071958
31059
310578
310570
310563
310562
31051966
31051963
31051956
3104
310370
31032001
31031999
31031966
31031957
31031956
310196
310165
31011999
310101
30seconds
3088
304304
3025
301978
3013
301295
301272
301169
30111966
30111964
301098
30101997
30101963
300996
300974
300972
30091999
30091965
30091959
30081966
30081963
30081954
300808
300766
30071956
300673
300664
30061965
30061958
300596
300593
300569
300567
30051954
30051953
300499
300498
300496
300473
300467
300466
30041959
300399
300397
30038
30031967
30031958
300160
2W93jpA4
2sexy4u
2q3w4e5r
2q3w4e
2-Oct
2br02b
2bon2b
2access
2999
2996
2978
296600
2954
2947251
2934
291987
291269
291266
291196
291168
29112000
29111997
29111959
291094
291076
291071
291070
291062
291059
29101969
29101966
29101965
29101957
29101955
29101953
290973
290972
29091962
290870
29082908
29081961
29081957
290770
290672
29061966
29061957
290598
290497
290474
290466
29041966
29041959
29041957
290395
29038
290376
290370
290366
290199
290168
29012001
29011969
29011963
29011958
29011957
29011955
2882
2871
286685
2858
2848
2826
2823
281987
281269
28122005
28121967
281194
28111968
28111962
28111959
281095
281067
281060
28101968
28101962
28101960
280972
28091967
28091963
280873
280869
280864
28082000
28081959
280793
280698
280696
280667
28061960
280595
280594
280571
28052000
28051965
280470
280466
280394
280371
280360
28031969
28031954
280298
280297
28021961
280195
280171
280167
28011958
28011957
2782
2778
2777
2775
2769
27442744
2735
27121958
271198
271196
27112001
27111997
271096
271070
271064
27101959
27101958
270998
270993
270973
27092003
27091998
27091967
27091966
270896
270893
27082002
27081999
270797
270772
270670
27061968
27041958
27031959
27031958
27031956
270170
270166
27012701
27011959
2700
2698
2684
2682
26802680
2674
26622662
2661
2645
2644
2633
2630
2629
261967
261261
26121968
26121962
26121958
26112001
26111969
26111962
26111961
26111960
26111958
26111955
261073
26101968
26101964
260966
260960
260958
26091964
26081964
26081960
26072000
26071968
26071967
26071963
26071953
260669
260662
260654
26061963
26061962
26061957
260565
260562
26051962
26051958
260496
260474
260472
260471
260470
260468
260467
260375
260365
26032002
26032000
26031967
26031962
260272
26022000
26021957
26021949
26011958
26011957
2590
258036
2580147
2567
2547
2543
252252
251299
25121964
25121961
25121960
25121954
251199
251196
25112511
25111969
25111955
251068
25101969
25101959
250999
250968
250958
25092007
25091959
250897
25081961
25081958
25081953
250769
250761
250697
250673
25061965
25061964
25061960
250570
250565
250469
25041965
25041957
250398
250397
25031954
25028
250266
25021965
25021956
250170
250165
25012001
25012000
25011963
25011955
24beers
2489
2470
246969
246813
2467
246642
24622462
245245
2451
2450
2435
2434
2431
241980
2414
241274
241267
24122412
24121960
241170
24111999
241100
24108
241074
24102003
240994
240966
240964
24092000
24091959
240866
240865
24081959
240777
240772
240768
240763
24072004
24071998
24071955
240683
240670
240664
24061961
24061957
24061956
240606
240597
24051968
24051964
24051959
240496
24048
240477
24041967
24041961
24041959
24041958
240400
240375
24037
24031965
240297
24021999
240196
24011998
24011966
24011963
239239
2388
23843dima
2384
238238
23472347
2340
2329
23272327
232123
231995
23152315
231296
23121964
23121957
231175
231173
231160
231159
23111967
231071
23101969
230999
230973
23091961
23081957
23081956
230770
230769
23071960
230667
230666
23062306
23061958
230565
230560
23051961
23042001
23041999
230397
230375
230370
230366
23031963
230267
230263
23022001
23021949
230173
230168
230166
230165
23011959
230000
2293
228363
22692269
2268
226688
2258
225225
2251
2237
2236345
223622
22360679
22342234
22322232
22299
22233
22228888
222223
222222000
222221
2219
22182218
2218
221275
22121959
22121951
22111963
221067
22101998
220971
22091966
22091955
22081961
220798
220762
22072000
22071959
22068
220667
22061953
22051976
22051956
220468
220466
220460
220457
22041963
22041959
220399
220366
220360
22031964
22031956
220299
22021964
220173
220170
22012201
22011967
21952q
2184
2171
21692169
2166
2153
2152
2146
2144
213243
21314151
21202120
21198
2118
2117
211298
211274
211262
21121997
21121966
21121960
211199
211177
211173
211160
21102110
21101959
21099
21091964
21091958
210874
21082001
21081968
21081966
21081964
21081960
210769
210668
21061998
210599
210595
210564
210498
210470
210464
210361
21031965
21031960
210303
21022002
21022001
21021968
21021964
21021961
21021959
210196
210173
21011999
21011965
21011958
21011955
2090
2089
2073
2071
2051
2045
20402040
2033
202122
20162016up
201296
201277
201273
201259
20122000
20121970
20121965
20118
201178
201176
201165
201160
201096
201072
201071
201063
201060
20102007
201010
20100
200999
200975
20091959
200900
200860
20081967
20081960
20081953
200799
200764
20071962
20071960
200666
200665
200659
20062007
20061963
200600
200596
200574d
200479
200473
200471
200468
200462
20041998
20041962
20041959
20041950
20031959
20031955
200299
200293
20028
200266
20021958
2002111
200210
200202
200168
20011960
2000000
1Yamaha
1winner
1Willie
1White
1w2e3r4t
1Vvvvv
1Voyager
1Trouble
1System
1Super
1Suck
1Stella
1Simpson
1ranger
1Raider
1Rachel
1Qwert
1qaz1qaz1qaz
1qaz0okm
1q3e5t
1q1a1z
1Peanut
1nternet
1Music
1Muffin
1Mountai
1Mookie
1master
1Manager
1Louise
1London
1Little
1Knight
1Justin
1Jerry
1Jake
1Hhhhhhh
1hello
1Hard
1Happy
1Genesis
1Frank
1Flyers
1Fish
1Elvis
1dragon
1Dogs
1Doggie
1Digital
1diamond
1Dddddd
1Dave
1Cookie
1Christi
1Chicken
1Chester
1Cassie
1Bullshi
1buddy
1bubba
1Booger
1Bigtits
1bigfish
1Bandit
1Asdfghj
1Alexis
1Alex
1Albert
1Abcdef
1a2a3a4a5a6a
19thhole
19delta
199828
199811
1997199
199612
19960610ilja
199513
199512
19942010
1994200414
19941996
199419
199406
199329
199323
199314
199312
199302
199301
199292
19922008
199203
199202
199191
199123
199119
199105
199090
19902006
199006
199004
19892009
198918
198907
19888891
198822
198802
198720
19871988
198715
198707
19870
198620
19852906
198526
198524
19851987
1985198
198510
198504
19850
198421
19841986
198419
198415
198383
198319
19822
198124
198122
198023
19802
19800
197888
197824
197822
197802
197711
197610
197519
197511
19732846
197321
19731981
19730
1972197
197171
197131
19688691
196500
19381938
19361936
192192
191993
191989
191194
191174
191173
191165
19111967
19111963
191079
191075
191071
19102000
19101954
190977
190976
190966
190963
19092001
19091959
19091956
190872
19082001
19081963
19081962
19071967
19071962
190680
190677
190668
19061964
19061962
190577
190565
19051999
19051968
19051966
19051964
19051956
19051953
190494
19042002
190394
190392
19038
190371
19032009
19032001
19032000
19031963
19031960
19031955
190299
190284
190268
19022000
19021999
190179
190148
19011961
19011958
19011901
19001900
189189
18901890
1886
1882
1878
1871
18631863
1854
1852
1842
1840
1835
1826
18241824
1823
18201820
181995
181264
18122003
181218
181162
181096
181072
181071
181062
18101958
180998
18097
180961
18092001
180894
180867
18081965
180770
180765
18071961
180666
18062001
18061961
180596
180564
18051967
18051959
180497
180471
180463
18041965
18041964
18041951
180369
180366
180362
180266
180197
180166
180161
18012000
18011949
179328
1783
1781
177777
1756
174174
1736
172165
171267
17121965
17121958
171195
171172
171170
171164
17111965
17111957
171096
171092
17108
171078
171074
171069
171066
171065
171060
17101962
17101957
170965
17091960
170860
17081965
17072002
17071964
17071954
170699
170676
17062002
17062000
17061956
170595
170592
170571
170563
17051999
17051962
17051958
17051705
170469
170466
17041999
17041997
17041958
170372
170358
17031969
17031968
170297
170295
17028
170271
170265
170258
17021960
170177
17011958
16666
1665
1662
164427
1644
161987
161985
161297
161268
161251
16121967
16121959
16111960
16111959
16111958
16111611
16108
161063
161057
16101965
16101963
16101953
160997
16092000
16091958
160875
160865
160861
16081999
16081969
16081608
160799
160796
160771
160770
16071968
16071955
16062003
16062000
160571
16051963
16051954
160496
160467
16041960
16041951
160400
160369
16031964
16031960
160276
16022008
160169
160166
16011965
159654
15951
1595
15935728
1592648
1585
1581
1566
1561
15541632
1544
1543
15421542
1541
1536
1531bs
15301530
15281528
15211521
151974
1519
15161718
15161516
15141312
151299
151260
15122006
15121966
15121961
15121959
151161
15108
151075
151070
151067
15101997
150971
15091959
150898
150865
15081964
15081954
150771
150769
150759
15061966
15061956
15061955
150598
150570
15052001
15031966
15031958
15031951
150297
150268
15021954
150199
150198
150173
150168
150165
15012001
14u2nv
1486
148148
1480
14791479
1478965
14751475
147369a
1472580
14714714
1464
1444
1442
143143143
14215469
142142
14211421
1416
14121999
14121967
14121966
14121965
141199
141174
141166
14111999
14111967
141069
141067
141062
14101999
14101964
14101960
14101957
140972
140969
140959
14091967
14091955
14081963
14081950
140770
140762
14071958
140669
14062001
140574
140566
140561
14052002
14051958
140499
140496
140470
14041959
140404
140376
140371
14031967
140276
140256
14022002
14022001
14022000
140177
14011963
14011957
1371
13651365
13591359
13581358
1351
13456
1344
134267
1335
1329
1328
1324354657
131995
131991
131984
131619
131297
131272
131267
13117
131165
13112001
131096
131093
131066
130998
130970
130968
13091966
130899
13081999
13081998
13081971
13081960
13081957
130808
130767
130764
13072000
13071959
13071957
130667
130660
13061965
130599
130570
13051962
130496
13041959
130399
13031958
130298
130273
130268
130260
13022001
13021961
13021955
130196
130158
13011967
12sambo10
12qwasyx
12beers
12andriy14
127721
127576
127560
12691269
1262
12561256
125480
12471247
124563
124321
123zxcv
123z123
123vvv123
123rep
123lol
123happy
123gjm
123ewqasd
123dog
123bob
123alex
1235123
1234rtyu
1234q1234
123498
123478
12345ru
12345qazwsx
12345qa
12345q12345
12345h
123456zxcvbn
1234567n
1234567j
1234567891011
1234567890qwertyuiop
123456789*
12345677654321
123456-
1234554321a
12340
12332111
123233
123182
123177
122896
122874
122867
122862
122782
122678
122599
122480
122379
1223505sayana
12233
122185
121999
121992
12198
121946
121899
121869
121577
12141618
121401
121374
121371
121369
121354
1213456
1212aa
12122002
121197
121192
12118
121169
121164
121160
12111966
121099
121058
121054
12102001
12101998
12101963
12101961
12101954
12099
12091960
120860
120859
12081966
120793
12071961
12071957
120668
120664
120659
12061966
120562
120558
12051957
120467
120460
12041957
12032002
12032001
12031967
12031956
120261
120256
12021962
120203
120194
120165
12011962
12011961
12011957
11771177
116211
114466
1135
113456
11331133
113257
1132
112774
112769
112763
112699
112371
112271
112198
112192
112163
111997
111989
111985
111977
111971
111966
1116jm
111297
11128
111272
111222333444
11112005
11111968
11111957
11111955
111111s
1111111111q
111097
11108
111079
111071
111070
111066
111062
11101998
11101959
11101958
11101957
11101775
111000z
110956
110873
11081958
11071965
11071958
110708
110698
110672
110661
110606
110599
110566
110562
11051953
110501
110499
110498
110459
110453
110450
11041967
11041962
11041961
110400
110372
11031103
110298
110267
110266
11021965
11021102
110199
110170
10dogs
10691069
1047
1046
103175
103173
103079
102485
102475
102380
102269
102175
10210
10201
101985
101983
101980
101975
101972
101966
101965
101774
101760
101664
101481
10141014
101267
101255
10121962
10121956
101213
101165
101161
10111967
101058
101023
10101999
10101954
10101950
100971
100961
10091964
10091960
10091958
100900
10088
100868
100858
10081008
100798
100764
10072006
100664
100662
100657
100656
10061965
10061962
10061958
100599
100499
100453
100362
100361
10031965
10031959
10031958
10031956
100298
100262
100256
10010
10000000
0px
0999
0989
0976
091982
091296
09121968
09121966
09121960
091166
09111997
09111963
09111962
09111960
09111959
091075
091074
091070
09101970
09101966
09101965
090964
09091960
09081968
09081967
09081960
090789
090770
09071959
090696
09061960
09061956
09051959
09051955
09051954
090475
090474
090467
09041961
090376
090374
090370
090369
090361
09031969
09028
090268
090262
09021963
09021957
090195
090192
090179
090171
09011963
0891
0885
0879
0876
0874
0864
0857
0814
081297
081275
081273
081271
081267
081265
081264
081258
08122001
081187
081175
081172
08111999
08111968
08111965
081097
081079
081078
081075
081073
081068
080978
080972
080971
080960
08091969
08091968
08091963
08082009
08082006
08081998
08081965
08071965
080706
080695
08061957
080598
080594
080575
080564
080561
080477
080476
08041999
080393
080373
080370
080266
08021954
080197
080194
080178
080173
080166
08012000
08011999
08011961
0799
0779
0772
071299
071296
071273
07121961
07121957
071195
071193
071176
071165
07111955
071099
071064
071061
07102000
070997
070977
070974
070972
07091966
07091961
07091957
07091955
070897
070872
070871
07081965
070793monolit
070769
070765
070706
070692
070672
070662
070660
07061998
070598
070597
070594
070586
070570
070564
07041970
07041957
07041956
07041954
070395
070376
07032000
070268
070266
07021965
070181
070170
070167
070166
07011996
0697
062676
06251106
062001
061981
061974
06121999
06121972
06121965
06121964
06121962
061173
06111999
061099
061096m
061091
061081z
061073
06101963
06098
060964
06091968
06091966
06082000
060780
06071999
06071961
06071953
060708q
060667
060665
0606198
06061967
06061965
06061957
06061956
06061954
060580
060579
060563
06051966
060478
060475
060474
060472
06041958
06031967
06031963
060293
060284
060272
060268
060255
06022009
06022001
06021955
060160
06011960
0579
0575
0568
052769
051582
051373
051267
05121962
05121952
05118
05112000
05111966
05111965
05111963
051093
051074
051071
051066
051064
051061
05101997
050974
05092000
05091959
050905
050898
050866
05081959
05081957
05081956
05081955
050798
050796
050769
05071958
050699
050695
050672
050667
05061999
05061970
050607
050605rostik
050598
05058
050558
05052008
05051955
050495
050494
050472
05041964
05041961
05041956
050379
050377
050375
050373
050364
05031957
050272
050268
050267
05021959
050205
050179
05011959
05011956
05011955
0495
0491
0459
042898
041370
041298
041261
04122001
04121958
041197
041195
041163
041156
04111963
041095
041077
041070
04101964
04101961
04101959
04101958
04101954
040997
040995
04098
04092000
04091964
04091958
04081968
040794
040770
040768
04071968
04071957
040695
040672
040662
0406198
04061967
04061960
04061957
040568
040562
040558
04052005
04052000
04051960
040472
040464
04042002
040397
040394
040389
040370
04032001
04031960
04031955
040260
04021959
040197
040176
040160
04011966
04011963
04011955
0391
0384
0380
0379
0356
033033
03210321
031976
031660
03130313
031292
031288
031260
03121966
03121965
03121960
031170
031168
031167
031163
03111965
03111961
03111958
031091
031070
031067
03102002
03101999
03101953
030994
03091959
03091957
030902
030896
030862
03082007
03081959
030803
030777
030773
03072002
03071997
030663
03061969
030559
03052007
03051959
030499
030467
03042006
03042003
03042002
03041999
03041960
03041959
030399
030396
03031957
03030
030297
030271
030268
03021961
03021955
030193
030167
030157
03012002
0287
0283
0282
0269
0260
0235
0231
0230
021979
021961
021498
02143006
021296
021196
021176
021173
021172
02111967
02111966
02111964
02111961
02108
021070
02101965
02101964
02101953
020999
020969
020960
02091966
02091963
020898
020897
02081953
020775
020768
020671
020668
02062006
02061963
020592
02051998
02051966
02051959
02051956
020472
02041961
02041953
020391
020367
02032011
02032001
02031965
02031960
02031954
020293
020175
020174
020172
0198
0196
0195
0193
0187541
0169
0163
01280128
012583
012578
012177
0119
011294
011266
01121997
01121962
01121958
011192
011166
01111968
01111960
011094
011078
01102002
01101966
01101962
01101961
01101956
010893
010861
01081961
010773
01072011
01072002
01071970
01071954
010673
01062005
01062001
010565
01051954
01051953
01051949
010469
010468
010456
01041949
010400
010395
010370
010369
010362
010359
01032007
01032002
01032001
01031958
01031957
01031952
01030
010299
010271
01022007
01021958
01021956
010191m
00seven
0099
0056
0045
0040
002112
002002
001983
001966
001963
001962
001002003
000999888
000911
000357
000311
000019
000015
000000q
ZZZZZZZZ
zzz333
zxcvbnm2
Zxcvb12345
zxcvasdfqwer
zxcqwe
zxc456
zxc123456
zuzu
zulu44
zsxmr7sztmr
zotova
zooker
zolushka1
zobrdjlrb1
zman
zkexibq
zjhhjhkj
zippers
zipper1
Zipper
zinger48
zima2011
ziggys
zgmf
zetazeta
zero11
zero0000
zergling
zenner
zenit1
zeke11
zeeman
zedzed
zcar1122
zaqxswcde123
zaq12
zapret
Zaphod
zapat
zamorano
zamir
zalman
zakary
zainab
zafar
zaebalo
z159753
z1234567890
yyyyy1
Yvonne
yves
yuschen
yurkamaliy
yungyung
yummmy
yucca
ytrhjvfycth
ytrewq11
ytrew
ytdpkjvfti
yoyoy
yourmum
yourface
yotefan
yoshida
yooper
yomama1
yoda99
yoda69
yobaby
yK66o2kzpZ
yjuufyj
yjcjhju
yinyan
yfnfif2010
yfcn.irf
yfcmrf
yesssss
yesno
ydnarb
ybytkm
ybrjulf
ybrjkm
ybrjkfbx
ybrbnby
yasuko
yashin
yannic
Yankee
yank33s
yamoon
yamama
yamada
yadira
yachts
yabadaba
Xzaqwsx1
xyzzyxyz
xxyyzz
xxx69xxx
xxlolxx
Xtreme
xthntyjr
xlanman
XFR184
xflavor
xep624
xegfxegc
xatuna
x1x2x3x4
wylde
wwwwww1
wwweee
www12345
wwfraw
wuhan
wsxcde
wsgktyjr
wretch
wreath
wrath
wqwqwqwq
wqsaxz
wpatop
wpakey
wowowo
worthing
World
wordword
wordpass1
wordman
word12
woodtree
woodelf
wonker
wonderwoman
Wombat
womba
woman1
wolfwood
wolflord
Wolf
wolcott
wizzer
wizard01
wittmann
witchblade
wiosna
winter10
winter06
winter04
wintcher
winston9
winslet
Winner
wingate
windowsn
Windows
windom
wilson2
willie2
Willie1
willian
willee
wildwolf
wildcat8
wildcat7
wifeyswo
wienie1
widzew
whoopie
whoisit
whitne
whitestar
Whiskers
whiskas
whirlwin
whipple
wheatley
whatisup
whatisth
whatfor
wetland
wetdream
westy1
westside1
westpoin
westminster
WESTHAM
westfiel
wessel
wesle
wertyuio
wentworth
wench
wellwell
Welcome01
weiwei
weirdal
weee
weeder
wedding1
Webster
webste
websex
weber1
webbie
weaknesspays
we5471w
wdsawdsa
wcrfxtvgbjy
wbemsnmp
waynee
wayne123
Wayne
waylande
way2cool
waxman
waverley
waveride
wavemsp
waukesha
wattle
water911
watchme
watchers
wastelan
Washingt
warty
warstein
warnow
warmth
warlok
warburg
wangchun
wamozart
walpole
walmart1
Wally1
WALLACE
walfisch
wakefield
waite
wags
wagons
wacky
waar
waaagh
w4st3
w4nk3r
w46ws7ufs
w2e3r4
w1w1w1
w11111
vyjujltytu
vwpolo
vvvvvvvvvv
vulcano
vtnhjgjkbnty
vtnhj2033
vtnfkk
vrijheid
vp3whbjvp8
voyager7
vova1234
vova12
vortech
vorobei
volvo480
volvic
volleybal
volks
volkl
vodkas
vocom401
vlasenko
vladisla
vladik123
vlad2010
vitriol
vitek
Vision
visible
visacard
VIRGINIA
vipper
viper999
viper13
viorel
violets
Violet
vinipuh
vindaloo
vincente
vince123
vinayaka
villeneuve
viktorovich
vikto
vikram
vika2005
vika2000
vika1989
vika12345
vicfirth
vice
vgfun3
vfvjxrf1
vfvfvbz
vfrcbvtyrj
vflb22
vfksijr
vfkmlbds
vfhvsirf
vfhreif
vfhbz007
vfhbyf1
vfeukb
vezugu7
vesy7csae64
veselov
veryhorn
verycool
verve
versace1
vernie
vernal
vergessen
verbose
venkata
veniamin
venecia
velocidade
velma
velhjcnm
vehfrfvb
vegetabl1
vegeta1
Vegeta
vegas99
vbyfcnbhbn
vbkkbjyth
vbc7ui
vaxvax
vanvan
vano
vane4ka
vandyke
vandana
Vampire1
valuta
valley1
Valera
valentinka
valente
valarie
vaibhav
vahagngsg
vadim2000
vadim1
vacances
v5150h
v1o2v3a4
v1l2a3d4
v12345678
v060197
uzasjhas
uzalknap
uyjvbr
ustinova
usnret
usmc0331
usmail
usbank
usa2003
usa1776
usa111
urinal
uriel7
upward
upupup
UploadLB
unnamed
UNKNOWN
unknow
unisys
unisol
uniqu
UninstallSql
underwood
underwater
undergroun
uncanny
umlaut
ujyxfhjdf
ujkjc1
ujhjcrjg
uehby92pac
udon0101
uce1
ublhjgjybrf
uandme
u2u2u2
tyson2
tyler5
tygrys
twiztid1
twistys
twister2
twinkies
twilight1
twiglet
tweezer
tweeling
tweek
twat69
twat123
tvtvtv
tusker
tushkan
turtle3
turtle2
turret
turok
Turner
turnbull
turmoil
turkey10
TURKEY
turboz
turboman
turbo123
tumeio
tumbin
tugnut
tuananh
tslabels
tscmsi01
Trumpet1
trudie
TRUCKER
trottier
TROOPER
trojan1
Trojan
trofimov
trodat
trinity7
trimix
trim
trifle
trifecta
Tricky
Trevor
tress
trent1
tremble
travis11
traverse
travelmate
trasfiv
transa
trandafir
traktor1
trainer1
trafficracer
tr1n1ty
toulous
toulon
touchy
touchit
tottenham1
tosca1
tortola
tortik
torsion
TORRES
tormoz
torin
torero
tore
toptotty
topping
Topgun1
topdogg
topcon
toothy
toools
toolkit
tool462
tonystar
tonya1
tonto123
tomson
toms
tompetty
tommyw
tommot
tomi
tomgreen
Tomcat
tombola
tomato1
tomates
toller
toll
toko
tokenbad
tofast
toetoe
toeman
toctoc
tochka
tobyboy
toby1234
toastie
Tn278sm
Tk3281022
tjones
titus1
titsass
title
titicaca
titanic2
tita
tireman
tips
tippytoe
tipple
timothy8
timofeeva
timmons
timetogo
time1
tilden
tilburg
tiiger
tigrou
tigras
tightcunt
tigger7
tigger21
tigger19
tigger10
tigger00
tigerlily
tiger9
tiger74
tiger62
tiger44
tiger4
tiffin
tiffer
tiffanys
tierr
tiemeup
ticino
tibbar
Thx1138
Thunderb
thunder6
thunder4
thunder123
thunder12
thumper2
THUGLIFE
thuggish
thug4life
thtvtyrj
thrush
thrower
throbber
threesix
threekid
threads
thorvald
thorin
thor13
Thor
thomsen
thomas35
THNKUWaP
thirteen13
thinks
thienthan
thewad
theteet1
thestuff
thesims3
theriver
thepope
thepain
themost
themes
themann
thelove
thelord
thelion
thekop
thegreat1
thegoose
thefall
thedude1
theblack
TheBest
tfjunwptzsjp
teymur
textile
texast
texas69
tevion
tettone
Test123
tessera
tessadog
tescos
terryter
TERRY
terre32
terrain
terese
tequilas
tenth
tenretni
tenfour
tenafly
TempPassWord
tempos
templar1
tempfire
tempe
telman
tellurid
telecono
tekken4
teet
teeoff
teenz
Teens1
teddy69
Teddy
technici
techn9ne
techn
Team
teague
Tdutybz
tdutybq1
tdutyb
tdhjgf
tbone69
Tazman
Tawny20
taurussh
taunus
taukappa
tatto
taterbug
tatas
taster
tastatur
tasmin
tashadog
tasha2
taser334455
tascha
tarzan1
taryn
tarquin
tariq
target74
TARGET
tarantin
tarantas
tantor
tanning
TANNER
tankgirl
tammany
tameka
Tamara
talitha
takhisis
taifun
tactic
tacos1
tablada
tab123
SystEm58
system2
sypher
syndikat
syncoo
syncmaster740n
symbiote
sydnie
sydney2
swpakey
swoop
swing1
swine
swimteam
Swimbike
Sweety
sweetums
Sweetpea
sweetone
sweetlip
sweetiepie
sweepstakes
swedes
sweaters
swaswa
swart
svizzera
sveta12
svensps820
suzukirm
suzevide
susant
Susanne1
susannah
surrender
surin50
surfmore
surety
surefire
supple
supervis
superuse
superpass
supermod
superkev
superk
supergas
superflu
super98
Super412
supe
supaman
SUNSET
sunglass
sung
sunflower1
sundin13
sunday1
sundari
sundaram
sunda
sunako
sun32
summit1
summer7
suka11
suites
sugary
sugar123
suesue
sucks1
SUCKS
Sucks
suckoff
suckmeof
sucke
success7
subtle
Sublime
subhanallah
stunt101
stunner1
Stuff23
strum
struan
stroitel
strobe
strips
String
Strike1
strangel
Strange1
straits
stosh
stormer
stone2
Stone1
stocazzo
stmirren
stmartin
stinkpot
stingy
STINGRAY
stinge
sthein
stewart2
stevied
stevevai
stevens1
steven11
stevec
steveb
steve0
stev
stesha
sterno
steps
stepka
stephanie1
STEPHANI
stelkhs
steelbed
stearman
stealth2
stcroix
stasis
stas123
starscream
starhawk
stargatesg1
starchild
starbury
star01
Standard
stan007
stampy
stalport
stalker777
stained
stabilmente
sssaaa
ssassa
sretep
srawrats
sr20de
squiggle
squeal
squaw
square1
spxports
spurs21
spurs01
spur
spunky1
spud22
sprung
sprugass
sprock
spritz
sprinkler
spring19
spree
sportsmen
spocky
splurgeola
spitball
spiros
spillo
spike9
spike12
SPIKE
spiderman2
sphynx
sphincte
spengler
Speedy1
speedbal
spectre1
speckles
species
Special1
SPECIAL
speakes
sparkle1
Spanky1
spankher
spangle
spader
spacedog
space123
Sp1251dn
soysauce
souths
southampton
sousa
sourire
soulglo
sosweet
sosodef
Soso123bbb
sore
sonya1
sonu
sonnyg
sonnyb
sonne1
sonic12
sone4ko
sommer68
somme
someguy
solrac11
solomio
soloio
soloflex
solnushko
solniwko
solit
solids
sole
sold
solano
sol123
sokol1
sohot
sodom
sodibe
socklint
soccer03
snowday
snow69
snort
snoopy77
snoopy5
snoopy25
snoop123
snejinka
snejana
sneaky1
snapscan
snakeyes
Snake1
Sn121ma
smxx5333
smutman
Smooth
smokey69
smithson
smirnof
SMILEY
smeshariki
smartone
smallone
smallman
smabokk
slumber
slots8
slots1
sloboda
sllottery
slit
slipknot66
slipknot123
slimmer
slimey
slickster
slick2
slbcsp
slawek
slastena
slappers
slapnutz
slammer1
slainte6
Slagelse
sl1210
skyrider
Skyline
skull1
skubrick
skrunt
skier
skeptic
sizemore
size13
sixpak
sitt
sisco1
sirius1
sinker
sink
sinilill
singh1
singers
simoncat
simon2
simba12
sima
silverstone
silvermoon
silveria
silverha
silverbi
silverbe
silver66
silver123
silmarillion
silica
silent1
silencio
sigmas
sigmar
sigma7
sierra12
siegi
siege
sideburn
siccmade
sian
shyone
shrestha
shoshone
shorinji
shorin
shooter2
Shooter
shone
shoehorn
shockwave
shoal
shkiper
shittt
shits
SHITHEAD
shithea
shithapp
shitfire
shitbrick
SHIT
shisha
shippuden
shipman
shipley
shinichi
shiner1
shikha
shibainu
shhh
sherma
sherm
SHELLY
Shelly
sheldon1
shelby2
shelby01
shelbi
shekinah
sheetz
shebas
shear
shawnd
sharra
Sharon1
sharmila
sharm
shark99
shark7
shareef
shapes
shannon7
shanelle
shandor
shambles
shalom1
shahin
shagwell
shagadel
shae
shadwell
shadowrun
shadow77
shadow6
shadow21
shadow20
shadey
shaban
sgi4501
sfetish1
sexyrexy
sexyma
sexygir
sexycat
sexybutt
sexyboys
sexybody
sexrocks
sexlife
sexkitten
sexgirl
sex4fun
several
sevendust
serum
serseri
serra
seroga
serious1
sergius
Sergio
SERGI
sereja
serega88
sereg
serbian
septimus
sept25
senthil
sensitiv
SemperFi
semarti
selin
seliger
seismic
seeya
seemann
seeley
seeitnow
seeds
seedless
seeall
Section
Sebastian
seattle7
seasick
seamaste
sealion
sealed
seacrest
seabird
sdsd
sdfsdfsd
sdfghj
sd90mac
scuttle
scsi
scrump
scruffy2
Scruffy
scoutsou
scottg
scotte
scott24
scorsese
scoremag
scorcher
scops
scooter8
scitex
scissor
schweden
schwag
schultz1
schnulli
schnuff
schmidty
schlepp
schillin
schilder
schatje
schafer
scarlet2
Scarface
scanners
scanjet
scampy
sbcgloba
saysay
saxon1
savoie
savita
saviour
satriani8
satin1
satan69
sassys
sasha99
sasha2002
sasha1990
Sasha123
sasasasasa
sari
saran
sarahjan
sarah9
sarah18
sarah12
sara1234
sara11
sapsap
sapiens
santtu
Santiago
santac
sanrio
sanne
sankofa
sangoku
sandy01
sandra69
sandma
sandieg
sandburg
sandbag
samurai7
samuel2
samuel11
samuel01
samsung9
samson01
samoyed
sammysos
sammysam
sammy3
sammy111
sammy01
SAMMY
sammie01
SAMMIE
sam12345
salvo
saltwater
salocaluimsg
Salem
salamon
sakana
saiyajin
saira
SAINTS
sainte
sahtm112
sahtm084
sahtm056
sahtm039
sagara
safron
sadvceid
sacore
sabrina2
Sabrina1
sabot
saber6
sabber
sabasaba
saadmweb
saabsaab
s7777777
s55555
s3sav3d
s1mple
s1234
ryuken
ryan24
ryan2000
rvdrvd
ruzanna
rustyw
rusty02
rustie
russell7
rushing
rushan
ruper
runs
runn
runescape123
Rulez1
ruiner
rufino
ruffryders
rucker
ruben1
rtyuiop
rtyfgh
rtrt
royce59
rowrow
rover2
round1
roughsex
roughrid
rott
rotate
rosy
roswell1
rostock
rossie
rosiedog
rosenrot
rosemont
rose22
Roscoe
rosana
rosaleen
rosale
roping
ropers
root66
rooftop
ronjeremy
ronja
roni
ronaldinho10
ron123
romulan
rominet
Romashka
romani
roma1995
rolly
rollon
roller45
rogerg
Roger1
Roger
rodnik
rod123
rockyb
ROCKY
rockish
rocket22
rocket12
rockers
rockdog
Rock1
robinso
robin2
ROBIN
robertr
robertj
robert71
robert69
robert24
roberson
robbo
robbery
robbert
rob
roadrun
rkfccbrf
rjytwcdtnf
rjyjdfkjdf
rjvfhjdf
rjrfby
rjkjrjk
rjdfkm
rjcvtnbxrf
riyadh
rivet
rivers1
rita123
risk
rise
ripples
rintintin
ringo123
rinat
rikitikitavi
ridder
Ricky
rickson
rickslic
richardc
rich83
rhumba
rhodesia
rhett1
RHbzxTGJ
Rfnthbyf
rfnhecz
rfkfiybrjd
rfhlbyfk1
rfgexbyj
rewers
revlon
review00
retard1
restrict
respond
respec
resources
Resource
resolve
resistance
resipsa
reset123
reprah
repo
repmvtyrj
repete
repeat99
renzo
renrew
reman
relics
relentless
relative
relapse
reisen
rehana
regulate
regor
regnig
regnar
registration
REGINA
reggit
Reggie1
regal1
refugee
reflect
referenc
reeve
reeree
redtiger
redtide
redsun
redsox21
Redsox1
redseven
redru
redrocks
redredre
redrange
rednef
rednec
redmen
redma
redline1
redhea
redgrave
reddot
redcoat
redcell
redbook
red718
red555
red500
red100
recorder
recliner
reckon
recently
receiver
rebellion
rebecca9
rebecca3
REBECCA
rebec
realtree
readit
rdpcfgex
Rctybz
rbrbvjhf
rbkmrf
rbhjdf
rbckjhjl
rbcjymrf
razvod
razor123
raynor
Raymond1
rayallen
ravnos
ravioli
raven99
rattlesnake
rattlers
ratio
rathbone
rasmu
rashida
rashid12
rara
raptor1
ranxerox
ranking
rangersz
ranger13
ranger10
ranged
randys
randrand
rancor
ramtruck
ramteid
ramses2
rammin
ramfan
rambus
rambow
ramblers
ramazi
ramage
ram2500
ralph69
ralph2
raleigh1
rakastan
rainbow5
raiders4
raiders3
rahul1
rahmat
ragtime
ragerage
rafael1
radnor
radiate
radhika
racsan
racing1
rachel01
rach
raceway
rabid
rabbit69
rabb1t
r5t6y7
r2u1s1h2
qwqwqwqwqw
qwqw1212
qwertyuiopasdfg
qwertyuiop123456789
qwertyui1
qwertyasdfg
qwerty65
qwerty55
qwerty54321
qwerty19
qwerty14
qwertqwert
qwert2
qweqweqw
qweasz
qwe1998
qwaszxqwaszx
qwaszx11
qwaqwa
qw12er
qw12345
qureshi
quorum
Quincy
quin
quilter
quilt
quill
quetal
quesnel
quenti
queers
Quattro
quant430
Quality
qqqqqqq1
qqqq1
qq12345
qpwoeiru
qeadzc
qball
qazwsxedc12
Qazwsx1
qazw
qazqaz123
qazqa
qader
q4946227
q1q2q3q4q5q6
q1819084
q123321q
q123321
pword
putin
pute
pussyass
pussy50
pussy5
pussy4
pussy01
PUSSIES
pushka
purple22
purina
pupster
puppylove
puppy3
puppy123
punt
punkstar
punkpunk
Punisher
punica
pumped
pump02
pulpfict
pulcino
puke
puhlik
puce
ptcruise
psychotic
ps2ps2
przemek
prowler1
provue
providia
provide
protecte
prost
prophet5
prophet1
prompt
prokopenko
profit1
profiler
professi
prof
ProductId20F
procyon
problema
proball
pride1
pricilla
prezident
pretzels
PRESTON
prefab
precision
precept
preben
pratap1245
pqpqpq
POWERS
powerrangers
powermax
powerlifting
powerbal
power200
POWER
powder1
powa
poupoune
poupee
potluck
potato1
postel
postal1
posey
portis
portico
portfoli
porsche7
porsche2
pornsta
pornoporno
porcupin
poppins
popluv
popcorns
poorman
poor
poopman
poop11
pooh69
poochunk
poobum
Pontiac
ponomarev
pongpong
pomodoro
pomada
polpot
polonais
polniypizdec110211
PolniyPizdec1102
polkovnik
polkan
polite
polipo
Police1
polepole
polar1
poison1
poiiop
pogopogo
podsm
podium
poco
PNP0600
pluto123
plunk
plumtree
plums
plumbum
plugger
plhfdcndeq
plextor
please12
playtim
playplay
playoff
playboy3
play190
plateau
plat
plank
pizda123
pisna4
pisci
pisces1
pisang
Pirates
Pirate1
pipoca
pipkin
pipefitt
piotrus
pintos
pinot
pinklady
pinkdot
pingisi
pinetop
pimp123
pimp1
pimp01
pilgrims
piggly
pigg
pifagor
piero
pieper
piccard
picachu
piaggio
pi31416
phuon
phreaker
phose
phoenix123
phoenix0
phish2
philosop
PHILLY
phillipa
phillie
philli
phill
phildo
phil22
pheonix1
pharcyde
phantom7
Phantom1
pfnvtybt
pfeffer
pettie
petruha
petro1
petri
peterr
peterpeter
petern
peterk
peterh
petergun
peterf
petercar
peter4
perver
peruvian
peruperu
peruano
Personal
persimmon
perry123
perra
perico1
perhaps
perfecti
Perfect1
Perfect
perdido
perasperaadastra
pepsi6
pepsi24
peppi
People
pentacle
pennant
penmen
penis7
penguin7
Penguin
Penelope
pencil2
pena
peloton
pelot
pelmeni
pelican1
pelaez
pekin
pegasus7
pegasu
peewe
peeping
peeing
peebles
pedro45
pedr
peder
peasoup
Peanuts
peakaboo
peak
peachie
peaches8
peaches7
peace7
pdaddy
pbvfktnj
pazzkrew
payson
paycom
pawnshop
pavilio
paulius
paulita
paul69
pattar
patsfan
patriots1
patrickj
Patric
patri
patio
paterno
patches2
pat123
pastrami
passzone
passworld
passport1
passon
passionate
passion8
pass789
pass321
pass12345
pass00
paskal
pascal1
pasanko
partytime
party123
parrotts
parnell
parmalat
parkplac
parklane
parker11
paramoun
parabellum
papper
paper123
papajohn
pantys
panther7
panther6
pantheon
pantech
paninaro
panel
pandora6
pandabea
pancho1
panch
panatha
panadol
pana
Palmer
pallone
palle
pallavi
palladium
paladins
paixao
paddles
pacman13
packing
packers2
PACKER
Packer
packardbell
Pacific
pacbell
pablo12
pablit
pabl
p9uJkuf36D
p0rnlove
ozarks
oyh7u4
oyasumi
oxana
overseer
overmind
Overlord
overdrive
ovechkin
outthere
outstand
outkast1
ou812ou8
ou8125150
ou8121
otacon
osiri
oscar12
oscar01
orwell84
orlov
ORLANDO
orione
orioles8
organist
organa
orders
orbiter
orbit1
optic
ophelie
opeyemi
operas
ooooo1
onurtitz
onotole
onme
onlylove
onit
onimusha
onelife
one2three
one1one
one123
omicron1
omgomgomg
omega6
omega200
omarov
omaromar
omarion
olufsen
olsson
oliviero
oliver22
oliver123
oliver12
oliver11
oliver01
oliebol
olga777
olga1988
olga1982
olga1979
olga11
olesja
olegator
oleg777
oleg1998
oleg1988
oleg1985
oleg1975
oleg12
oldgoat
oldblue
ojojoj
oigres
ohno
ohfuck
ogden
OFFICE
offend
oejunk
oded99aa
oceanside
ocean7
occash69
obninsk
oakpark
oakle
nutts
nuttin
nursultan
nuqneh
numnuts
number12
number11
nuknuk
Nugget
nudism
nudies
nudge1
ntyybc
ntnhflm
Ns410fr
np6168
now123
novosib
november1
novella
nouvelle
not4u
nosnos
nosnibor
nosleep
Nosgoth
Norton
northpol
northeas
norte
norstar
NORMAN
norge
nordman
nordland
noproblem
nopenope
nomer111
noland
Nokia6233
nokia6
nokia321
nohope
nohitter
nogueira
nogales
noemie
noemi
noelia
noanswer
noahfish
noah25
NOAdmi
nnnnnnnnnn
nmminmmi
njnjirf
njgjkm
nixon68
Nitti
Nirvana1
Nipples1
ninjazx7
ninja3000
nine99
nine11
Nimrod
nilson
nikson
nikotin
nikol
niknak
NIKKI
nikita2002
nikita1997
nikifor
nike21
nike11
nik123
nihil
nihao123
nightrider
nightcra
nifty9
nieves
niemtel
nielson
nicosia
nicolino
nicole69
nicole22
NICOLAS
nickster
nickelfi
nickcave
nick69
nichon
nicglobal
nicaragu
niblet
nibbler
nhjkkm
ng1971
nfqaey
nfpa13
nfhfynek
nextoff
newyears
newwave
newtown
NEWPORT
newlife2
newlif
newjack
newberry
neverever
neuroman
Networkingpe
nettiger
nets
netf56n5
netel99x
netbcm4e
nerual
neopet
nemesis2
Nelson1
nellis
nekromant
neirfyxbr
nefilim
neerg
neely
need4speed
nederlan
necros
necronom
Nebraska
ne14a69
ncc74205
ncbound
nbvjityrj
nbveh
nbanba
naylor
navistar
naturebo
natsuko
nats
National
nation1
natick
natia
nata1982
nata1977
nastyone
nastya1999
nastya123
naslund
nascar6
nascar38
naruto0
nargiz
napass123
naosei
nano93
nani
namrepus
namita
nalgene
nalani
nakedteens
nakata
nagshead
nagel
nadja
nadi
nadeem
nacichal
n2deep
n123456789
myxworld
myspace!
mydoggy
mycat
mybabies
mybab
myangels
my3boys
muzika
mustang66
mustaf
muskogee
musicals
MUSIC
mushu
mushmush
murugan
murry
murray1
murphy12
murka
murielle
murano
murali
mura
munk
mumble
multipass
multan
muiemuie
mughal
muggles
mudpuppy
mudlo1
muddy1
mtsadmin
msuJoe
mst3k1
msstate
MSPAUL
msimnimp
msdaorar
msadox
mrclark
Mp127mb
Mouse
mourid
moulton
MOTOROLA
motor11
motomoto
motogp
motherlo
mother22
mota
mossyoak
moskow
mosher
mosfet
moscow1
mosca
mortise
morimori
moria
morgan11
morfeo
moretti
moreporn
morelove
morelli
morefire
moose7
moose2
moonsun
moonrise
moon1
mooker
monyet
mony
monthly
montell
montec
monta
monsterkill
monster123
monro
monkmonk
monkie
monkeyba
monkey88
monkey42
monkey32
monkey19
monkees
monitor4
money6
money1234
money101
money100
Monday
monarch1
MOMONEY
momo123
momma1
moma
mollyy
Molly
Mollie
molitor
moksha
mojorisi
moira
moi123
mohame
mogens
mobley
mo5kva
mnmcmg
mnemonic
mnbvcxy
mixtape
mivid
mitico
mita
misteri
Mister
missmiss
misiaczek1
mironenko
mirkwood
mirkone
miras
miranda2
miracle1
mirabell
minsk
minpin
minkax
minima
minigun
mindwarp
minder
minato
mimic
milorad
million2
millhous
millhaus
miller99
miller11
milky1
militia
milesdav
mild
milan1899
miklos
mikita
mikey6
mikess
mikep
mikeman
mikele
mike7
mike2000
mike14
mikala
mihai
miguel1
midgie
midgar
middlese
Microsof
microsca
micra
michigan1
Michell1
MICHEL
michaelt
michaele
mibeb
miami123
Miami1
miah
mexico2
metsjets
mets31
metrolog
meto
methods
meth
metanoia
messier1
MERZARIO
merry1
merlo
merlin7
meribel
mercy1
mercuri
merci
mercedez
menzies
menlo
menina
menage
memphi
melvin1
melvi
melting
meltin
melman
melissaa
melania
meknes
Meier
meganb
medal
mecmec
meandme
mdmvdot
mdmtdkj2
mdmmcom
mdmmc288
mdmcrtix
mdmbw561
mdeth22
mdavis
md1234
mcneil
mcmillan
mclarenf
mckay
mcfc89
mcescher
mcelroy
mcdougal
mb811434
mazdamx6
maybenot
maybe1
maxxum
maxxtro
maxxmaxx
maxrebo
maximuss
MAXIMUS
maximum1
maximill
maximiliano
MAXIMA
max7043
max2007
max2002
Maveric1
mausbaer
maurice2
maulwurf
maturin
mattyboy
matthew5
mattfz
matterho
matt13
matson
matrox
matrica
mathman
matheus123
mathers
mathe
mateusz1
matako
mastro
masterok
mastercr
master33
master1234
masta
mast
massilia
masseffect
massage1
mason2
mashie
marzia
marylee
Maryland
maryan
mary69
maruska
marusja
marugame
martinka
martiniq
martin22
martin10
marsland
marsden
mars88
marmaduke
Marley1
marky1
markii
mark10
marjon
maritz
marine21
marine12
marinamarina
marilu
Marie1
maridon
maric
marian1
mariac
mariaa
maria32b
margus
Margit
marfa
Marco
marchand
march21
march197
marboro
marbles1
Marbles
maraton
maranafa
many
manutd1
Manuel
manse
manray
mannys
manmeat
maniaco
mangesh
mandms
mandal
manami
MANAGER
man22man
mamoxa
mamaipapa
mama99
malory
malmal
malkuth
malinda
maldonad
Malcolm1
malay
malandro
malaka99
malahit
makson
maksimova
makomako
Makl1234
makeover
mainst
mailroom
mailmsg
Maiden
maico
mahjong
mahaon
magodeoz
Magnus
magman
magico
magicc
magic22
magic12
maggie99
maggie13
magand
magamed
mafiaman
madre
Madonna1
madmax1
madman1
madjack
madison5
madison4
mademan
madelin
made40media
maddogg
maddoc
maddie01
madafaka
macross2
mack11
maciej
machi
mach
maceo
macca
macc
macavity
macabre
mabelle
m1a1
m0n9b8
lyric
lynch1
lydia1
Lv125is
luvfeet
luv2fish
lush
lumbur2
lumber1
luki
lukasz1
luisluis
lugosi
ludovico
ludicgirls
lucy22
luckzz
luckycharm3
lucky21
lucife
lucid1
luchit
lucer
lucas2
lube
Ltybcrf
Ls101vt
l.qvjdjxrf
lpkoji
lowride
lowman
lovesucks
lovesu
LOVERBOY
lovelost
lovelong
LOVEIT
lovehim
lovegood
lovebuzz
loveass
love98
love6
love45
love44
love26
love101
love00
louloute
louise01
louie123
lotta
loserboy
loretta1
lorencia
lordik011
looped
looner
looc
longines
longboy
lonewol
lonestar44
lolololol
lollllol
lollipop1
lolilol
lolek123
lolada
Lol12345
lol000
lokos1998
loki99
loin
lohloh
logon1
logic1
loganx
Logan1
log3
loewen
lodewijk
lockup
locdog
local1
lobby
lobah
loaf
loads
lmao123
lllllllll
llessur
llebpmac
llabtoof
lizliz
liza2010
liza2009
liza123
livres
livesex
Liverpool1
liverpo
liverp
littler
littlefo
littlecunt
litespee
listless
lissa
lisbeth
lisamarie
lisa21
lion62
lion123
liolik
linux1
linn
linley
linguist
lindsa
lindasue
lindab
linda2
LINDA
linalina
limousin
limon32988
limelite
lilwayne1
lilly123
liller
liljohn
lililili
lilija
likethis
lightwav
Lightnin
lietome
liesbeth
lidstrom
LIBERTY
liberia
liberati
libbie
lianne
lianna
liamliam
lfiekmrf
lexus200
lexa123
lewlew
lewiston
lewdog
levus
levent
lettre
letsgome
lets
letmein5
letartee
lessthan
lessee
LESLIE
lera2010
Leopold
leonova
leonar
leoemo12
leodog
lens
Lenochka
lenny123
lennard
leningra
leigha
leiden
lehf2010
legslegs
Legolas
Legion
legen
leftwing
leftfiel
leedsfc
ledom
ledge00
lecken
Leavemealone
learn
leapyear
leaper
Leader
lbyjpfdh
lbyfvbn
lbvjysxm
lbvf123
lbdfy1
laydown
lavina
laurenc
lauren69
lauralee
laur
latinum
latimer
lateral
LasVegas
lastman
lash
laser2
larryr
Larry1
laraza
lannie
langdon
lanette
landslid
lanalana
lampard8
lammer
laminat
lambofgod
lalla
lalita
lalalalala
lakomka
laker1
lake55
lainie
lagger
ladodger
ladiesman
lacika
labuda
l0nd0n
kyler
kyle11
kylacole
kvadrat
kuuipo
kurwa1
kurtkurt
kukkuk
kukkanen
kucher
kubiak
ktyfktyf
ktyecz
ktutjyth333
ktm250
kthecz
krystyna
kronic
kroket
kristoff
kristofer
kristofe
kristiina
kristi1
krispy
kriskris
krishna1
kris10
kriginegor
krebs1
krazykat
krasnov
krammer
kowalski
kovtun
kouter
kourtney
kostroma
kosmos1
kosmonavt
koshak
kosarev
korvet
kornienko
kornev
korner
korn666
kordell
kopilka
koolkat
konmar12
kommer
komltptfcor
kokosik
koka555
KODIAK
kochan
kobetai
knox
knopochka
Knights
knightrider
knight11
knight01
kmdtyjr
klubnichka
klover
klim
klavier
Klaus
kkklll
kkk123
kjyljy
kjujgtl
kjkj
kiwi12
kittyhaw
kittyca
Kitty
kittles
kitti
kitfox
kitchen1
kitakita
kisswave
kissm
kisses1
KISSES
kissbutt
kisa123
kirra1
kirill2002
kirill1999
kirby34
kirby123
kira1976
kippax
kiowa
kintaro
kinsale
kino
kingsway
kingpin1
kingdoms
kingdo
kingcobr
king5464
king01
kimcuong
kimbal
killia
Killer12
killer10
kilimanjaro
kikkeli
kiesha
kiekeboe
kiddkidd
kickback
kickapoo
kibbles
kiaora
kianna
kfrhbvjpf
keysersoze
kexifz
kexibq
kevinw
kevinj
kevin01
kev123
ketrin
ketchum
keshia
kerplunk
Kermit1
kermi
kerimov
kepler
kennyd
Kenneth1
ken25
kelso
Kelsey
kelly99
Kelly1
kelbel
kekkut
kekeke
keke
keithm
keeping
keep
keely
keane16
kaylyn
kayleen
kaye
katuxa
katoom
katman
katiekat
katiec
katie3
katie22
katie01
kathy69
kathryn1
Katherine
kate01
kasten
kassel
kass
kasper1
kasiunia
kasia123
karvinen
karton
karrie
karolek
karnak
karlsson
karissa
kardan
Karate
karapetyan
kapital
kanekane
kandi
kamlesh
kamali
kalamazoo
kakashi1
kaka123
kaitlyn1
kaisha
kaiser1
kahn4
kaefer
kadeem
kabanchik
kaball
kabala
justmine
JUSTME
justin99
justin22
justin16
justin0
Justice1
jurist
jupiter7
junito
juniors
jungle1
june2
june11
jumpy
jumpstart
jumpmaster
july30
july1
Julius
juliocesa
julie2
Julia
jules1
juicyfruit
judit
jpmorgan
jp1234
joshua21
josh123
josh01
josey
josette
joseph123
josemari
josemanue
joris
jorge123
jones123
jonas123
jonas1
jonah1
jon123
jomomma
jolson
jokes
joker3
jojo11
johny1
johnsmit
johnnys
johnny23
johnny22
johnb
john34
john1968
john13
joeyboy
joey11
joecool1
joder
jockstra
jobless
jobjob
joao
joanne1
Joanne
joann1
jo2deh
jNe990pQ23
jktujktu
jktujdyf
jkh4545jhk
jjames
jizzman
jimmyt
jimmy11
jimmy10
jimkelly
jimdandy
Jimbo1
Jhon@ta2011
jhkjdf
jhbaktqv
jghy452gf
JETSKI
jetpilot
jetjet
jetchip
jetaim
jet123
jesuscristo
jesus666
jesus1967
jessie01
JESSICA1
jessey
jerrie
jerr
jeri
jeremy2
jensen1
Jensen
jennah
jendos
jen123
jem777
jellybel
jelloo
jeffreys
jeffff
jeep4x4
jedidiah
jedi99
jeannot
jeanett
jealous
jcjcjc
jazz123
jazmi
jays
jaypee
jaymz
jaylyn
jaxx
javier12
javert
java123
jasper2
jason88
jason69
jason28
jason26
jason14
jasmine7
Jasmin
jasman
jareth
jardine
janic
janett
jane1234
jandikkz
janaki
janajana
jammy
jamiroquai
jameslewis
jamesj
jamesa
james9
james8
james21
jamall
jake22
jajaj
jaimito
jaguar12
jags
jagoda
jager1
jade22221
jacquie
jacobus
jacobe
jacksparrow
jackson6
jackee
jack88
jack2000
jabbahut
izolda
iyehjr
iwonka
iwant
itch
isvipebaby
istvan
isthebest
ismailova
ismae
islam1
iskakov
isign32
isgay1
iscariot
Isabelle
ironpen
ironkitt
irjkmybr
irish7
irene1
ipoipo
inxs
invincible
introubl
Intrepid
intermil
interfaces
insomniac
inseng
injury
ingri
informatic
infierno
infest
infect
ineedsex
ineedhelp
indobokep
INDIANS
INDIAN
indaclub
inbhkbw
imsocool
impuls
imhipp99
imgood
imaging
imagin
iluvlisa
iloveyou5
iloilo
illusions
ilikeike
ileana
ikmujn
ikickass
ikari
ihateyo
ignition
ifvbkm
iforgot2
if6was9
ieinfo5
idspispopd
idontknow1
IdeDeviceP0T
icthus
iching
iceman44
iceman22
iceking
icecubes
icebreak
iceboy
icebear
iceage
ice123
ibane
IB6UB9
iaxe105
iamdaman
hyper66
hype
hydros
husten
Huskers
hurensohn
hurdles
hunter45
hunter10
hummingb
hummer2
humility
humerus
hulkhoga
huhuhu
hugs
huggybea
hudhud
HUBERT
hubbabubba
huangjin1987
htubyjxrf
htdjk.wbz
htcgtrn
ht6236
hpmrbm41
howser
howe
howareyou
howard2
housemus
housemou
hotsocks
hotrob
hotpink
hothotho
hotfuck
hotboyz
hot69
hostess
hostage
hortense
horseshit
Horses
horsecoc
HORSE
horny4u
horntoad
hornets1
hornee
horizons
hore
horde
hops
hopper1
Hoover
hooters6
hootch
hoosier1
hoorah
hoopty
honour
honney
honeyboy
honeybab
hondastars
hondasi
hondac
hondaacc
honda750
honda600
honda400
hommie
homerhom
homer22
homer12
homeboy1
home69
home11
homage
holyspirit
holybible
HOLMES
holly12
HOLLY
hollands
Holland
hollaback
Holiday1
HOLIDAY
hoilamgi
hogman
hocuspocus
hockey6
hockey27
hockey17
hockey123
Hobbes1
Hjvfirf
hjvfir
hjkhjk
hitsquad
hithard
hitchcoc
historia
himanshu
hillview
hillary1
hightowe
highschool
hifi
hicham
hfvfpfy
heyyo
hey123
heureka
hertford
Hershey1
HERSHEY
hernando
hermano
hermanni
herkimer
herehere
Herbert
hennesse
henkel
HENDRIX
hemingway
helo
hellohi
hellobob
hellobaby
hello111
hellboy1
hella
hell66
helaman
hefty
hebrides
heaven12
HEAVEN
heaton
heatherg
heatheat
heartbreaker
heart2
health1
headspin
hbnekz
haystack
haylie
hayden1
havesex
havefun1
havasu
havanna
haustool
hatrack
hatebreed
hate2003
Hash
harryc
harrold
Harris
harlie
harleyma
harley97
harley66
harley4
harley20
harland
hari
harekrishna
hardi
hardflip
hardc0re
harbinger
harbin
harare
Happy123
happpy
hanuma
Hannes
hann
hank1
handles
handgun
hammy
hammet
hammerti
hammerfall
hammer00
hamlet1
hameleon
hamdan
hailey1
hagbard
hackit
Hacker1
habeeb
h2oh2o
h1234567
h0ck3y
gymrat
gwendolyn
guyver1
gussy
GUSSIE
gurgen
guppy1
gunsnros
gunshy
gunner01
gungrave
gunayka1995
gummy
gummi
gullwing
guizmo
guitarr
guilt
guide1
guidance
guerrer
guarddog
guadalajara
gthdsq
gscgsc
grounded
grooves
groggy
grisou
grinnell
grimley
griffe
grete
Gregory1
Gregory
greg99
greg1234
greenz
greenhou
greenhor
greenbean
greenapple
green88
green13
greco
grecia
greatman
grazie
grati
grands
granda
graf
grader
grad
grabit
Gp437oi
gowron
gotribe1
gotone
gothmog
gothica
gotech
Gotcha
gostar
gort
gorod312
gorky
gorf
gopackgo
goonline
gooner01
google2
goodpuss
goodnight
goodguys
goodall
good1234
gonz
golubeva
Goliath
golgotha
golfman1
golfer2
golf2000
golf19
golem1
goldpony
goldgoat
golden12
Golden1
gohokies
gogita
gogirls
goforit1
gocaps
gobolts
GOBLUE
goblins
gobears1
goalie1
glucas
glowing
glorioso
globe1
glisten
glenna
glazed
glastron
glam8394
gladiator5
gl3bk02k
gjyjvfhtyrj
gjujlf
gjlheuf
gjkbnjkjubz
GJCkLr2B
gizzard
gisel
girona
girls4me
giRLI3s
ginola14
ginger99
ginette
gimnazjum
gillingham
gillen
gille
gigaset
gidday
Gibson1
giblets
gibbs
giancarl
giambi
ghtdtlvtldtl
ghoul
ghost9
ghost2
ghjuhfvf
ghjirf
ghjghjghj
ghjcnjkjk
ghjcnj33
ghjcnhfycndj
ghjbpdjlcndj
ghjatccjh
gherkin
gfkjxrf
gfhjkz
GFHJKM
gfgfyz
gfgbhec
gfdtk666
getsome1
getoffme
gertruda
gerrard1
gerrar
germes
georgios
georgie1
georgia9
GEORGIA
george99
george23
george10
GenuineIntel
gently
gentile
geno
genlee
generato
gekko
gegrby
gegege
geert
geaux
gbdjgbdj
gazette
gazebo
gaygaygay
gavrilova
Gauthie
gatorfan
gatorbai
gator65
gateway7
gateway0
gates1
gas006
gary1
garrick
garr1234
garp
garet
garcia12
GARCIA
garber
Gankutsuou1989
ganga
ganes
ganapath
gammon
gamemaster
gambling
gambia
gama
galvez
galois
gallows
gallerie
galleria
galler
gallatin
gallant
galapago
gain
gaia
gabriel7
gabit
fynjkjubz
fynbkjgf
fylhttdbx
Fyfnjkbq
fybcbvjdf
fuzzbutt
furrball
furface
funone
funnybunny
Funny1
funnies
fungi
fulvia
fukyou
fukuyama
fujisan
fudge10
fudd
fuckyou4
fuckoff8
fuckmyas
fuckinglove
Fucking
fuckfuckfuck
fuckboy
fubu05
fSId3N
frye
frunze
frosty12
Frosty
frostie
frontlin
froger
fritz123
frighten
friendz1
friend12
frente
FRENCH
frem
freeza
freewilly
freetraffic
freeserv
freemind
freemaso
freeman2
freely
freelander
freefuck
freedom6
freedom123
free99
Free1
frederiksberg
Freddy1
fred999
fred34
fred10
FREAKY
frazer
frauke
frantz
franklin1
Frankie1
frankenstein
frankd
frank11
francoise
FRANCOIS
Francois
framed
Frame1
frail
fquekm
fpfkbz
foxrun
fox
foursome
foureyes
founder
foto
Foster
fossil1
forzamilan
forza
forvard
Forum
Fortuna
former
formel
forgo
forgetmenot
forfar
foreverlove
forever2
fordvan
fordmust
ford250
ford2000
footy
football9
football7
football6
football4
football11
foolfool
fooler
foodman
fonz
foghat
fogger
focal
fnord23
flynn1
flyers10
flutes
fluid
FLUFFY
flown
flowerss
flowers2
flower34
flotilla
florida8
florencia
FLORENCE
floral
flomaster
fliegen
flhrci
fleets
Flatron
flannery
flames12
flam
flakey
flack
fktrctq1
fktrcfylh1
fkmabz
fkbyf123
fixed
fivehole
fitzgera
fitch
FISHER
firsttime
firsova
firm
firkin
firing
fireston
firefall
Firebird
Firebir1
firebir
firebal
fire99
fingolfin
finger1
finfin
findlay
filofax
Filipo3
filik16
filatov
fiji1848
fifi123
fifa09
fickle
ficke
fibber
Fhvfy6
fhntvjy
fhntv123
fhbyjxrf
fgjcnjk
fghjk
fghjfghj
ffffff1
fff111
fernan
ferment
ferien
fergo
ferfer
ferenc
ferch
fenriz
fennel
fenian
fender21
fender01
felipe12
felcher
feetlove
feenix
feelings
feeler
fedorenko
fede
fdhfvbyrj
fctymrf
fazer
favre04
faulk28
faty
fattire
fatter
fatpig
fatman1
fatguy
fatfuck
fatfree
fatal1ty
fastford
fasteddi
fast1
fashion1
farrow
farra
FARMER
fariza
farid
fargo1
fara
fantasi
fanta123
fanfare
faMily
famille
fallacy
falcon4
fakename
fagsman
faggot1
fagboy
fafa
fadi
face2face
fabio1
fabfour
faberlic
F64579820f
f2n93
eyelid
extremes
expres
exiles
exciteme
except
evrika
evilive
evileye
evil1
evets1
evertonfc
Everton
EVELYN
evaluate
euteamo
euphoniu
eumeamo
EulaComplete
etud
etrigan
ethyl1
ethereal
etetet
etalon
essential
essentia
espiritu
esperanto
esmith22
escorts
escorpi
escondido
esco
erving
ermakova
erling
erkin
erikerik
ericsso
eric98
eric88
eric01
ERIC
Eric
erfurt
ereyes4269
erdna
erase
ephraim
entry170
entrez
entree
Enterprise
entered
enrique1
enomis
ENGLISH
england6
eng53533
end
enclave
emulator
emporio
empir
emmons
emmit
emit
eminem11
emilyg
emilyany
emily22
emile
emerica1
emeral
emanon
email1
elzorro
elway1
ELVIS
eltons
eltigre
elsled
elsalvador
elsaelsa
eloisa
elmago
ellswort
elliedog
elkabong
elizavet
elizabe
eliseev
elflord
Elephant
eleniko
elene
elenas
elena1977
elena1973
element2
electro1
Electric
eleanor1
elcid
elaine1
eject
eisregen
einstien
eggseggs
eggjuice
eggert
Efwe5tgwa5twhgd
effie
eeeeee1
edwards1
edward22
edward10
Eduard1
edik123
edgehill
edgars
eddie12
ed1234
ebirtog
eatthis
eats
easyrider
easy2
eastham
easley
earthquake
eagles25
eagle69
eagle4
eagle111
eagle055
e280bis
e1l2e3n4a5
e123456
e0000206
dylan2
dyke
dying
dwilla
dvtcntyfdctulf
duvvvvvy
Dutchman
DUSTY
DUSTIN
dusti
durian
durable
dup1991
dunlap
dunker
dunduk
Duncan
dumpy
dumbass2
dumb11
dukes1
dukenuke
duke21
duke13
duggan
duecebox
due911q
dudester
dudess
duckbutt
duck1
ducati91
dubuque
dublin01
dtynbkznjh
dsfdsf
drusilla
drumms
drummerb
drummer2
drumbeat
drumbass
droz9122
drowssa
droffilc
drizzt1
drizzle
drippy
drewski
drew123
drella
Dreams1
dreamlan
dream123
drayton
drake123
dragonx
dragonss
dragonslayer
dragonma
dragonlord
dragones
dragon67
dragon55
dragon17
dragon16
dracula1
draconia
dozier
downset
downdown
douglas2
doudouth
douce
double07
doright
doos
doorbell
doom2004
doolittl
doogie1
doogan
doodl
dooder
donovan1
donor
DONKEY
donk
donaldo
DONALD
dominio
domehard
dolphin7
dolores1
Doit
dogtown
dogone
doggss
Doggie1
dogged
dogeral
dog4life
doedoe
dodge99
DODGE
doctorno
docteur
dnalor
dkfljxrf
Dkflbckfd
djdfdjdf
djcross
dizzie
dixie123
diver69
Diver1
ditch
Disney1
discrete
discos
dirtypop
dirtdog
diomedes
dinkus
dinkie
dinkey
dinho
dingaling
dingalin
diner
dindon
dinar
dinadina
dimanche
dima2011
dima199
dima007
dillinge
dilate
dikkie
digital9
diggle
difranco
dietcok
Diesel1
DIESEL
diehard1
diego12
didou
dido
didenko
dickhea
dicaprio
diana2002
DIAMONDS
diamondg
diablo69
diabetic
dflmqljm
Dfktynbyf
Dfkthbz
dfknjhyf
dfhbfyn
dexter12
devils95
Devils1
devil13
devil12
deven
develope
devan
destiny0
dessie
deshon
deshaun
descarte
derrida
derric
derive
derderder
Dennis1
denise01
denis1995
denis1989
denis1986
denis1985
denice
denchik
den12345
demur
demonio
demon6
demon2
demon13
demiurg
demina
delwyn
deltron
deltapi
delillo
delicia
delfina
dekcah
degrees
degr9369
defrag
defende
deesnuts
deer99
deepspac
deedra
DEEDEE
dediko
decor
december12
decca
debugger
debbie12
deathwish
death66
Death
deadmazay
deadguy
deadbird
deadass
DDDDDD
dddd1
dctvcjcfnm
dctcerb
dbrfdbrf
dbnfkmrf
dbdbdbdb
DBCE51
dawn69
dawgpound
dawgdawg
davron
davila
davidf
david98
david25
david24
david23
david200
david19
david18
davenport
dave11
Dave1
dasha1999
das123
dartman
darshan
darnit
darnell1
darksid
darks
darkroom
darkling
darkcity
darkblue
dark007
Darius
darima
daria1
dari
darhan
dapdap
DaoCiYiY
dante666
danser
dannyg
danni123
Danni
dankster
dankdank
danildanil
daniel77
daniel22
daniel20
daniel13
dangermo
dancer12
Dancer
dance4life
dan1el
damons
damo
damari
damage1
dally
dallas00
dalene
dalejr08
dakini
daisy12
dagfadg
dagame
dafotre
daewo
daeih69
daddy3
daboyz
dabomb86
daba3ff
d1d2d3d4
d192009
CzPS5NYNDWCkSC
cyrille
cypress1
Cynthia1
cymbals
cyclist
cyberpun
cwilliam
cvtifhbr
cvbnnbvc
cvb123
cutout
CURTIS
curacao
cuntlicker
cuntface
cunny
cumtome
cumstain
cumon
cummy
cuestick
cucina
cubssuck
ctvtqrf
ctswaj13
ctqkjhvey
ctktlrf
cstock1
csmith
cruzeiro
crooks
crook
crjnbyf
critter1
criton
cristiana
crinkle
crimedog
crewman
crete
crazyass
crash123
cranford
cranberries
craddock
crackwho
crackass
cr1cket
cpcpcp
coyee
cowboyss
coverall
coupons
Country
cough
couch2
COTTON
cosby
corte
corsair1
corral
corraggi
corona42
cornman
cornea
corliss
corinthians
corenti
corelli
CORAZO
coquet
Copper
copies
copa
coos
coolshit
coolin
cooldood
cool-cat
coolbugi2000
coolass
cooder
convex
constan
consilium
conn
conlon
confmsp
conejito
comstock
comply
compliance
compass1
compaq11
compaq01
comp967r
command2
comicboo
cometome
comedia
collet
College
collector
collecto
coldshot
coldcold
coinage
cody13
cody1
cody01
Cody
code3
coda
cocoliso
cocoas
COCO
cockss
cockpit
Cock1
coccinel
coby
cobrasvt
cobra11
Cobra
cobol
cnhjbntkmcndj
cnhfntubz
cnfkrbh
cnfhjghfvty
cnfdhjgjkm
cneltynrf
CmXMyi9H
clout
clouseau
Cloud9
clotilde
cloth
clockwork
clock1
clitrub
clioclio
clinique
clinch
clementine
clemen
cleburne
claudia9
classic2
clark123
clannad
clan123
clacker
ckfdjxrf
civilization
citizen2
citabria
ciprian
cippalippa
cindyb
cielo
ciccone
chupas
chupakabra
chupacab
chuggy
chucknorris
chucki
chronicle
Christy1
chrisf
chris9
chris7
chris30
chris00
chorly
chloedog
chiro1
chiquito
chiqui
chinch
chinadoll
china123
China
chimera1
chill1
Children2
chigga
chieftan
chief123
chicklet
chicken8
chicken4
chicane
cheyenne1
CHEVYS
chevy327
chevy123
chevie
cherokee1
chelsea01
chelly
chefchef
cheetah1
cheering
chee
chedder
checkitout
checkin
chechen
checco
cheaphornybastard
chawanxan
chateaux
chasman
chasity
charter1
charmander
charliedog
Charlie9
CHARLIE1
charles9
charleen
charla
charizard
chaos2
chanti
chantelle
ChangeLangMs
chancer
CHAMPS
Champ1
chaman
chadley
chaddy
ch3cooh
ch3ch2oh
cgtkcbyuth
cgfhnfrxtvgbjy
cfyzcfyz
cfycfysx
cfvjujy
cfgabh
Cf510cr
ceyhun
cervelo
cervante
certain
CENTRAL
cent
censored
cemetery
celt
celeron1
CE5939AE
cdtnf123
cdfhobr
cderfv
cccc11
cbr954
cbr600f2
cayley
cavendish
cauldron
catv
catullus
catskill
catriona
catrina
catnap
cathat
CATFISH
catch1
catbox
catamoun
cataldo
castrol
castaneda
cast
cassy
cassey1
casin
Cashed
casanov
casado
caryl
cary
cartoon1
cartel
carrot1
carros
carrol
Carrie
carrera1
carpets
carolynn
carole1
carmona
carmine1
carmin
carmilla
carmen2
carmelit
carmack
carlas
caribbea
caress
capullo
captian
captai
caprisun
capper
capacity
cantstop
CANTONA
canopus
canons
canon123
cannabi
canel
candyy
candygirl
candy69
candy3
candle1
candel
cancer69
canari
camry98
camry1
cami
cameosis
camaroz
camaro01
camano
cally
callofduty4
calista
caline
California
calicat
caliburn
cajuns
cairns
cagliostro
caesa
cadilac
caddy1
cachito
cabview
cabby
c0mputer
c0l0rad0
c0cac0la
c00kies
byte
byrdman
bygger
bvc7xr635
butyl
buttrock
BUTTONS
button1
buttlick
butthead1
butters1
buster13
buss
busdriver
burton13
burnin
burlroad
bure10
bunty123
bunsen
bunkys
bumpkin
bumbling
bully1
bulls6
bullman
bullish
bullett
bulletproof
BULLET
Bullet
bullen
bulldog8
bulldog5
bulldog4
bulger
bulge
bujhtdbx
buheirb
bugler
buggss
buggers
buggerme
buffy12
Buffy1
buffster
buffman
buffalo7
buena
budligh
buddy9
buddy5
buddy22
buddy13
buddy10
Buddha1
BUCKEYES
Buckeye1
buckethe
buccaneers
bubun
bubbles9
bubbacat
bubba9
bubba222
bubba13
bubba111
bu7re8au
bsaltz
bryguy
brydges
bryant24
bryanna
BRUTUS
brute
brunswick
Bruno
BROWSEUI
brown2
bros
brookes
brompton
brolly
broker1
broil
brody36
brmfcsto
brixton
brissonl
briony
brinki12
brimstone
briguy
brighto
Bridge
bride
brianr
brianj
brian5
BRIAN
brentwoo
bravo123
BRAVES
brause
bratva
brasov
Brasil
brantley
brake
bracket
br0ken
boywonder
boyar
boxhead
boxerdog
boxbox
bowzer
bowlin
bowie1
bouncing
boulevar
boudreau
boubo
bosun1
bosox9
boske
bose
bosco2
boreal
borak95
booooo
boooom
booobs
boones
boonedog
boomeran
books1
booklover
boojum
boogs
boogies
boocat
boobs4me
boobs12
booboo22
Booboo1
booblove
boobee
bonney
bonneville
bonjours
bonita1
bongwate
boner2
Boner1
boneca
bonanza1
bommer
bolo
bollie
bolder
bojack
boink
bogner
boeing777
bodyman
boddyb
bobwhite
bobs
bobo1234
bobjoe
bobette
bobcat1
bobbyv
bobbyorr
bobby5
bobbie1
bobbi1
Bobafett
bob777
boardwal
bo45
bncnbxc
bmwmrx7
bmw850
bmw325ci
bmbmbm
bm1440
blush
bluntz
blujay1
bluish
blueprin
bluelove
blueligh
bluehen
bluehair
bluegold
bluegirl
blueee
bluedog1
blue57
blue4
blue27
blue07
Blowme1
blowjoe
blooms
Bloody
bloodmoon
bloodhou
blojob
blog
blocks
blizzard1
bliznec
blinn
blinkme
bling1
blend
Blazer1
blaster2
Blaster1
blaste
blaque
blaney
blakes7
blake9
blake4
Blades
blade3
Blade1
blackwol
blackwat
blacktie
blackstone
blacksto
blackmagic
blackhor
Blackdog
blackcar
blackbla
blackbas
black7
black69
black21
blabla1
bjc2110
bjc210
bjackson
biznes
biturbo
bitter1
biteme11
bisquit
Bismarck
bishkek
Birdie
birdi
birdhous
biodtl
bingo2
bimbam
billygoat
billycat
billy22
billy12
billll
billfish
billb
bill22
Bill1
bilge
bilabong
bikeboy
bikebike
bigtree
bigtits6
Bigtits1
bigphil
bigmoe
bigman69
Bigman1
bigmac25
bigkat
bigjugs
bigjack
biggy1
bigfat
bigeye
bigdude
bigdog2
Bigdog
bigdeer
bigdawg1
bigdady
BIGCOCK
bigbum
bigboy69
bigboy40
bigboy22
bigboat
BIGBIRD
bigbertha
bigbear1
biene
Bhbirf
bharath
bhammer
bexley
bettina1
betta
betito
beside
beset
bertho
bergie
berger1
berge
bens
benny123
benjis
bene
bendan
benbow
belong
belmondo
belldandy
bellaa
bella2
believe1
bekzat
being
behold
beet
beeswax
beergood
beergod
beer13
Beer1
beenther
beeboo
become
beckham1
bebito
Beauty1
beaujeu21
beattie
beats
beatriz1
bearded
bear98
bear40
bear22
bear1234
beani
beach2
beach123
bdiddy
bcrfylth
BCbAWHrJ
bbunny
bbsbbs
bball2
bb1234
bayarea
batten
batt
batshit
batman88
batman20
bate
bastogne
bastar
bassma
bass1234
basic1
baseball10
baruch
barrye
barros
barrett1
baroni
barnowl
barmen
barkey
barkas
barham
bardot
barcelona1
barbee
barbara2
baran
BApass
banone
bango
banff
bandini
bandid
bandicoo
bandgeek
banda
bananen
bananas2
banana11
banaani
bamse
bambus
bambuk
bambucha
balto
balsa
balong
ballplay
ballbust
balearic
baldwin1
baldone
balandin
balaban
balabama
baking
baked
bajaboat
baines
bailey123
bahrom
baggage
baddog2p
baddawg
badboy123
badboy11
badazz
backoff
bach4150
bacchus1
babyjane
babydol
babydog
Baby1
babson
babnik
babeland
babcom
babalon
b12345678
b0r3dy
azzhole
azxs
azertyuio
azerty01
azerbaycan
azer123
aze123
AZaz09
azarov
azaliya
Az5625
axman
axctrnm
away1
awawaw
avionics
avila
aviator1
avert
Avenger
Avatar1
avante
avadakedavra
auxerre
autopsy
autism
Australia
austin99
austin97
austin7
auio
august27
august21
august01
aug1971
audir8
audencia
aubie
atropos
atrick
atocha
atikin
atiixpad
At_ASP
atartsis
asuncion
astrahan
astragte
asteri
assunta
assume
assmonkey
assman69
asskicker
assistant
assassas
asqw12
aspnet
aspen2
aspasp
aslwit
asil
ashutosh
ashima
asheron
asdf;lkj
asdfhjkl
asdfghj1
Asdfgh1
asdf777
ascot
as5fz17i
as123
arzamas
ARTURO
artur4ik
artlover
artlight
article
artem1998
artem1991
arshad
arsenal123
arsenal12
arrogant
arriflex
arrecho
arnie100
armyofon
armyboy
armbar
armalite
argos1
argon
Archer
archbold
aral
Aragorn
arabian
aquile
Aquarius
aqaqaqaq
aq12wsde3
aprill
april23
april18
april11
Apples
applebomb
apple9
Apple
apollo44
aphid
apartmen
aparna
apacer
anytka
anything1
anvar
anubis1
antoshenechka
antonino
antonia1
anton1989
antihero77
antic
antanta
anon99
anomie
Annie1
annetta
annemarie
anna1999
anna1998
anna1996
anna1978
anna11
Anna
ankle
Animal
anikin
anibal
angst
angry
angina
angies
Angelus
angels2
angels02
angella
angelie
angelidis
angelic1
angelfire
angelface
angelbaby
angela21
angel2010
angel100
ANGEL1
angel0
anfiska
anett
aneste
andy2000
andy01
andsexy
andrey1992
andrew7
andrew21
andrew17
andreita
andreit
andreas2
andrea2
anderson1
ancona
anasha
analii70
anakin99
ANACONDA
anacond
anabella
anaana
amoureux
among
amlink21
amity
amirov
amilcar
amie
amidamaru
ames
american1
america7
amer
amc20277
amberd
ambercat
amber3
amber01
amazin
amaze
amarok
amara
amante
amant
amanda2
amanda13
ALYSSA
alumina
alternativa
alternativ
alteclansing
alster
alpha9
alpha69
alpha4
alpha190
alpaca
aloof
along
allthewa
allsaints
allsaint
allpass
allnite
allis
allin
alley1
allens
ALLEN
allahuakbar
allahakbar
allabout
alla123
all4love
alive1
alitalia
alisa2010
alina2003
alina2000
alimony
alice99
alibi
alfresco
alfetta
alfagtv
alfa01
alexpass
alexmike
alexis12
alex98
alex28
alex2009
alex15
alex14
alessi
alena1992
alena123
alekss
aleksandar
alekos
alejandro1
aldoaldo
albertin
alannah
alamo1
alacran
akrobat
akmal
akimbo
ajtajt
aisling
airway
ainsley
ahegme
aguirre
agreed
agathe
agata1
agadir
afternoo
afterglo
afro
Africa
afkmmwsbz
afight
aezakmi123
aerospace
aerospac
aeroplan
aeroflot
aerodeck
aekdb448
advertis
AdreNoliN
adminpass
administrato
admin12
adler1
adil
adidas123
ADGJMPTW
adg123
adelya
adela
adeade
addie
addictio
added
addadd
adameve
adam22
adam21
ada123
acuras
acura32
activity
actarus
acmila
acidic
acesfull
ace2000
accura
accounta
Account1
accordex
access31
Acarrids
ac1062
abubakar
abracadabr
abogado
ableable
abitch
abington
abingdon
Abcdef1
abc123de
abc123abc123
abbygirl
abbie1
abbeyroa
abbasov
abalone
abakan
abagail
ababagalamaga
abab
ab123
Ab101972
aaron8
aaliyah1
aaabbbccc
aaaaaaaaaaa
AAAAAAAA
AAA111
aaa11
A7777777
a2345678
a1a1
a159357
a13579
a123456789a
a102030
99999999999
999991
99991111
999222
9970
9948xx
98cobra
98989
988988
9875
98741
9865
9853
976976
9665
9663
963741852
9632145
9559
9527473q
951951951
951753852456
9510
9471
9448
9392
933084
92k2cizCdP
9298
928928
92631043
9250986
9226
92129212
9200
9192
9166
912345
9123
9115
91129112
90proof
9095
9088
9070
9050
8ball8
8997
89898
8950
8932060
890890890
8905
89023346574
8898
88888888q
888333
888222
8866
88488848
8810
87stang
87898789
8769
8758
875643
8733
8722
8704
8590
8583737
852852852
852741963
850912
8489
848711
848586
8475
8411
840840
8316
8311
82dabn
828828
8263
82465
8232490
8217
8215010
8190
8184
8137
8134
8127
810199
8086
8082
8050
8024
8011
80085
800000
7sajzasj
7mmmag
7hjksdjk
7ecffkx8
79927992
7981
7946135
7924
78vette
78965412
789521
789012
78900987
789000
7874
785412
78451
782ehuws
7816
7810
7808
77887788
777xxx
7777r1
77779999
7777778
7777777f
777777777777
777776
7775
7774
775775
77531911
7744
7735
773311
7728
7727
771177
7679
767300
7664
7612
759486
755755
753dfx
753421
7531
7480
7445
7436
7419
741852963q
74125
741177
7410852963
7410852
7402
7398
7333
7325
730000
72727
7170878g
7116
710710
710420
708708
7072
7057378
7029
7009
7006
69pass
69mustan
6980
6971
69691
6966
6932
6928
6912
6902
6861
6844305
6819
6781
6777
676869
6765
675675675a
673108090
66mustang
6678176
6675
666devil
66696669
66677
6660666
6655321
6651
6636
662662
6606025
65mustang
6572
6571
655005
6543211
654312
65412
6533
6512
6462
6454
6449494
6416
6411
6370869
6357
63206320
6307
62vette
6294
6272
6255
6252
6248
6235
6233
623000
6215
6204
6189
61616161
6120
6119
6117
6055
5klapser6
5978
5972
59595959
5953
592111
58915891
5885
5882300
5882
5874
5869
5867314
5859
585585
5855
5854
580709
57vetguy
5789
5761
5755
56tyghbn
5672
5670
56654566
56525652
5647
564321
56325632
558855
55681293
5562
5561
5560
55555s
55555l
555
5531
55235523
55013550
5483
5480
547896321
5470
544544
5432167890
5414
5388
533333
5316
5302
5301
5300
5267
526526
5236
52325403
5230
5224
5223
5221
52135213
5212
52015201
5201
5199
5174
5168
5166
5157
5156
515050
5144355
5144
5133
5130
5123
5121
511006q
5102
50cents
5040
5038
5011
5010
4rfvbgt5
4r4r4r
4ngF4g2
4horseme
4girls
4getit
4access
49erfan
4999
4982
4977
4969
4951
4943tabb
4936
4922
4897
48916052a
48914891
48844884
487111
4866
486213
4858
4845
4819
4789
4784
4774
4767
4735
4697
4664996
4647
4644
4643
4641
46225778
4615
4613
4595
459459
4586
456456456q
4555
4547
454647
4544proj
4527
4517
44street
4495
4485
4480
4476
446644
4465134444
4463
4459
445544
4452
44446666
44445
4438
4424
44234423
4420
4415
441441
441144
4406
440044
4367
4346
4339
4336
4334
4329
432432
43215678
431311
4311
4295
4277
4273
4269
4262
4251
424424
424344
4243
4240
42324232
4220
4210
4208
4203
42000
4174
4164
4161
4151
4150
4145
4140
4139
4136
4133
4127
4124
4122
410410
4090
4066
4047
4037
4025
4023
4017
4010
4004
3speed
3993
3964
3961
3933
39273927
3910
38super
3881
3872
3852
3841
38323832
382003
3781
3780
3740
37333733
37113711
369272
369123
3689
3684
3683
367900
3673
3667
36523652
3650
364364
3640
3620
361111
3604127
3595
3585
358358
35791
356356
354eli
3548
354545
3524
3522
3520
3519
3488
34851290
3478526129
3477
344444
3438
3435
34343
3425
342342
3420
3417
340cuda
3406
340000
33yank
3398
337799
3375
336933
3360666
335335
3353
33467
334365
3338333
3338
3337
33335555
333333a
33303333
3322607093
33153315
331331
3304
3282
3280
3276
3270
326532
326326
3261
325698
325678
3240500777
323432
3228
3216789
3215987
321000
3208
3189
3176
3160
3155
3137
3135
31321dj51982
3132
3130
31253125
311313
311260
31121998
311111
311069
31101999
310870
31082001
31081963
31078
310773
310761
31072001
31071956
31052001
31052000
310368
31031958
3102
31011962
30secondstomars
3086
308308
3080
307307
3063
304050
3039
3036
3033
301269
301261
3012292113
301199
30119
301174
301173
30111998
301099
301069
301063
301056
30101967
30101959
300992
300960
30091960
30081999
30081998
300795
300774
30072000
30071998
300697
30062000
30061966
30061964
30061959
30061957
300566
300563
30051958
300469
300464
30041945
300398
300373
300370
300369
300368
300363
30031966
30031956
30031952
300176
30012002
30011958
30011953
2smart4u
2pacshakur
2dogs
2cute4u
2bears
29922992
29912991
2970
2968
2964
2961
2960
2958
2955
2953
2936
2930
2926
2919
291273
291265
29121968
29121959
29121955
291199
291169
291166
29111961
291098
291097
291096
291073
291061
290971
290961
29092002
29091958
29091951
290895
290876
290871
29082000
29081958
29078
290774
290767
29071966
29071961
290699
290698
290696
290671
29061953
29058
290573
290567
29051957
29051955
29051953
290496
290468
290462
29042904
290368
290365
29022008
29021968
290176
290174
290170
290164
290160
29011956
28912891
2877
2876
285485
285285
284968
2843
284063
2833004
28282
281985
2815
2814
281261
28121999
28121956
281171
28111955
28108
281075
28102810
28101956
280965
280962
28091964
28091958
280907
280870
28081954
28081952
280796
280770
28071998
28071963
28071953
280668
280666
280560
28051959
28051958
28051955
280498
280497
280494
280471
28041956
28041955
280361
28031962
28031957
280303
280275
28022001
28021957
280196
280163
28012001
2796
2787
2774
2767
2758
2757
2729
2725
271987
271299
271281
271276
271268
271256
27122003
27121963
27121952
271167
271160
27111969
27111966
27111965
271078
271001
270977
270974
270972
270966
27091961
27091955
270871
270866
270860
27082001
27081953
270799
270769
270757
270665
270574
270570
27052000
270472
27042002
27042001
270377
270367
270363
27032001
270274
270272
27021959
27021956
27021955
27011964
27011961
27011957
2690
2681
266666
266266
2653
2650
263739
262728
261996
2616
261294
261259
26122002
26121965
26121963
26121961
26121959
26121951
261198
26117
261169
261168
261167
261162
261158
26112002
26112000
26111967
26111959
261074
261069
261068
26101967
26101957
260974
260967
260868
260867
26082000
26081963
26081961
26081959
260771
260770
260769
26068
260671
260667
260663
26061999
26061958
260569
260567
260564
260560
26051960
260461
260459
260370
26032001
26031958
26031957
260299
260269
26012002
25tolife
2592
258852258
2588
25845
25832583
25822582
2580852
2579
2577
2574
25692569
255ooooo
2556
25544
2553
2548
25451a
2545
2540
2533162
25292529
252903
252
25197
25162516
2516
251296
251294
25121962
251167
251164
251159
25111965
25111957
251111
251070
25102006
25102000
250964
250961
25091960
25082007
25081959
25081951
250772
25077
250766
25071963
250698
250696
250670
250669
250659
25061998
250596
250572
250566
250562
250560
25052009
25051970
25051963
250500
25041959
250368
250356
25032001
25031958
25031952
250303
250293
250269
250268
25022001
250199
250168
250162
25002500
24hour
2495
248163264
2478
2471
246802
2461
2458
24552455
2438
2437
243243
2430
2429
2428
24262426
24202420
24162416
241299
241273
241266
241263
241255
241203
241166
24112000
24111966
241064
241063
24101999
240968
24092002
24091958
240897
240895
240874
240862
24082000
240797
240774
240767
240766
24068
240669
24062000
24061963
24061959
240565
24051960
240500
240472
240468
240460
240459
240404
240274
240269
240261
24021961
24021952
24011956
2398
2397
2393
2390
2387
2360
235623
23552355
235200
2352
2348TYty
23462346
234556
2343
2339
233445
23232323q
232
231996
231990
231987
231983
2318
2317
231423
23132313
231277
231268
231267
23121966
231164
231070
23101960
23101959
23101958
23092000
23091959
23091958
23091957
230900
230872
230871
230865
23071989a
23071957
230697
230672
230663
23061962
23061961
230600
230572
230566
230467
230462
23032001
23031958
23031953
230297
230266
23021956
230163
230155
23012004
23012000
22red22
22ffkeij
2295
229229
228899
228228228
2279428
2267137151
22558899
22558800
225533
22482248
223333
222322
2222333344445555
221991
221990
221989
221985
221322
22128
221267
221222
22121967
221206
22113
22111957
221063
22101968
22101955
22091961
220907
220867
22082001
220799
22078
22077
22071958
220699
220669
220666
220665
220663
22061959
22061957
220568
220561
220555
22052002
220464
22038
220364
220355
220297
22028
220273
22022000
22011959
2199
2197
2190
21812181
2179
2173
2165
2163
2161
215215
21422142
2138
2136
21222324
212121sex
211983
211270
211267
21121954
211198
211159
21111961
211070
21107
21101958
21101957
21101954
210967
210961
210957
21092001
21091960
210898
210893
21082108
210797
21078
210771
21071958
210698
21062001
210598
210566
21051999
21051962
21051958
210471
210469
210462
210461
210359
21031962
21031958
210275
21021950
210211
210165
210162
210159
21011960
210
2098
2097
20932093
2088
2080
20652065
2056
2054
2050
2039
20302030
20222022
201990
20132013
20129
201266
20121955
201197
201168
201163
201161
20111957
20108
201069
201068
201065
201057
20102002
200996
200966
20091956
200896
200873
20081999
200769
200757
20071965
20071952
200700
200695
200660
20061999
200574
200565
200564
200555
20051951
200507
200500
200469
200467
200461
20041961
20041957
20041956
20041955
200400
200398
200372
200370
200368
200366
200365
20032001
20031958
20031957
200265
20022000
20021955
20021952
200201
20020
200194
200167
200165
20012008
20012004
2001200
20011999
2000char
1Zzzzzz
1Yyyyyyy
1Xavier
1wizard
1Windows
1wildcat
1Warrior
1w2e3r
1Uuuuu
1Teens
1Sucks
1Suckit
1Sssss
1Shelly
1Service
1Sarah
1Sandra
1samira1
1Sally
1Rocky
1Reddog
1Raiders
1qazwsxedc
1qaz2wsx3
1q1q1
1Psycho
1Princes
1o3t6res
1Nathan
1Molly
1Marine
1Marcus
1Lucky
1Lisa
1Lights
1liasita
1kitty
1Kermit
1Jimmy
1jeffrey
1Jasper
1Hooters
1Hobbes
1Hermes
1Harry
1Gabriel
1Freddy
1dollar
1Directo
1Ddddddd
1David
1Cricket
1Cracker
1Cock
1Cobra
1Claire
1City
1Carmen
1Captain
1Brother
1bonjour
1Billy
1avvatar
1August
1aszxm
1Asdf
1Alexand
1a3g5m
19kilo
1999666
199900
19988991
1998199
199712
199711
199696
19952008
199510
199494
1994199
199418
19932009
19930901w
19930305
19922009
19922
199206
19911993
199116
199012
198929
198927
19891991
198908
198902
19882
198819
198815
198708
198666
19862005
19862
198617
198614
198613
198601
198507
19848
198422
198412
198405
198323
19831986
198310
19821986
19821985
198214
1981198
198119
198105
198025
198011
198007
19792000
197821
197812
197723
197719
197701
19761978
1976197
197617
197612
19741977
197401
197346825
197323
197310
197224
197219
19690902
196819
196767
19671297
196700
196600
1964delt
196411
196111
196000
195800
195600
195501
194700
194362
19431943
194145
194123
19351935
1928374650
19283
191295
191261
19121999
19121966
19121963
19121955
19118
19112000
19111959
19111951
191096
191092
191088
191074
19091998
19091968
190895
19082006
19081999
19081954
190796
190773
190770
19072002
190708
190696
190694
190674
190667
19061961
190595
190572
19052003
19052001
1905199
19051960
19051958
190496
19048
190467
190466
190460
19042001
19041999
19041960
190375
19037
190365
19031967
19031958
19031956
19031949
190273
190269
19021964
19021955
190193
190000
1897
1889
188888
187777
1862
1845
18381505
1832
183183
1829
1828
182000
18152229
181298
181296
181274
181268
181266
181262
181257
18121967
18121955
18121954
18117
18111964
18111958
18111956
18111954
181067
18101961
18101960
180976
180973
180967
18092003
18091962
180897
18088
180877
180858
18081966
18081960
180800
180697
180673
18061960
180599
180597
180571
180561
180558
18052005
18051968
18051957
180505
18048
180467
18042001
18041961
180398
180376
180370
180363
180298
18021960
18021956
18021802
180174
180159
18001800
17days
1797
1794
1788
1786
17761968
17711771
176176
1745
1735
1730
1729
172040
171987
171979
171298
171295
171270
17121999
17121963
17121956
17121955
171192
171167
171160
17112001
17111962
17111951
17101959
17101949
170971
170959
17092000
17091967
17091963
17091954
170896
170893
17088
170868
170861
170859
170856
17081963
17081957
170799
170769
170767
170766
170759
170758
170670
17062001
17061963
17061954
170599
170572
170567
17051954
17041961
17041959
170406
170364
170273
170263
170260
170251
17021959
17021956
1701a
170179
170163
17012010
17011955
1696
1691
168888
16777216
1656
1650
1648
1641
1639
16281628
161992
16199
16197
16171617
16161
16137055r
161299
161298
161265
16122000
16121962
161163
161067
161066
16101964
16101958
16101956
160971
160970
160963
16091957
160895
160860
16082002
160808
16077
160769
16071967
160670
160668
16061961
16061960
16061958
16061956
16058
160573
160558
160494
160472
16042001
16041957
16041604
160399
160368
160367
160364
160356
16031997
160296
160272
160269
16021957
16021954
16021953
160202
160170
16011999
16011958
159987
15997357
15975328
1597
15935700
1589
1588
1586
157408
1572
156789
1555
155115
15451545
15411541
15381538
1528
151986
151975
151297
151274
15121964
15121512
151197
15111956
15111955
15111954
151099
151068
151062
15102001
15101999
150999
150973
150970
150969
150965
15091967
150907
150861
15081958
15081957
150776
150768
15071965
15068
150673
150668
150664
150657
15061968
15061967
15061965
15061963
15061957
15051505
150471
150468
150462
150460
15042003
15042002
15041968
15041955
150368
15027
150265
15021963
15021956
15021955
15021949
150195
14f7245
1498
1484
147852a
1472232
1466
1456321
14523
1449
1448
14361436
14291429
142536a
142414
142356
142000
141298
141297
141267
141264
141260
141259
14121960
14121955
141200
141170
14111962
14111960
141070
141060
14102000
14101965
14101963
14101962
14101954
14098
140970
14091958
140870
140869
140861
140854
14081968
14072008
14072006
14072001
140693
14068
140671
140664
14061999
14061967
14061965
14061954
140599
14052008
14051961
14051951
140457
140456
14041967
14041960
14041952
140362
14032002
140267
14021958
14021957
140204
140168
140160
140153
140128
14012006
14012001
14011966
14011401
140000
13erin3
13972684
13799731
1377713
137465331
1374
136969
13666
1364
13579000
1352
1346789d
13451345
13246587
132457
1324354657687980
13211321
131990
131985
131983
13181318
131719
13161316
13151315
1315
13141516
131261
13121965
13121961
131194
131167
131163
131162
13111967
13111966
13110
131098
13107
131065
13102007
13101958
13092003
13091958
13091957
130860
13081964
13081962
130805
130796
130765
130760
130758
13071999
13071960
13071307
130701
13068
130668
130666
130665
130562
13051967
13051961
130498
13048
130463
13041957
13041955
130367
13031963
130267
13021999
130170
13012001
130120
13001300
12string
12qwert
12q34w
126969
12591259
125634
1252
124567
124512
12411241
123w123
123stella
123sas4758
123qwertyuiop
123qweR
123qwe4r
123Qwe
123q456
123poi
123muda
123jkl
123india
123e456
1239875
1237890
1236987a
123698745a
12369874123
1236987005
1235711
1234zxc
1234tp
1234rfv
1234Qwer
1234q
1234go
1234F4321
1234aaaa
1234aaa
123499
12347
12345zz
12345ua
12345roma
12345asdf
123456S
1234567y
1234567qwerty
12345678t
12345678qwertyu
12345678l
12345678k
12345678f
123456789azat
12345678999
123456789987
12345676
12345654
123453
123421
1234131
12340000
123321l
123321as
12332144
123184
123163
1231313
123123w
123123r
123123az
123123aa
1231239
123123123z
12312300
123078
123060
123012
123003
122900
122869
122852
122679
122676
122580
122572
122344
122269
122221
122198
122170
12214221
122080
121993
121982
12197
121967
121787
121770
12161216
121578
121570
121567
121512
121482
121481
121377
121355
1213141516171819
12129
121254
121247
12121999
12121958
1212123a
12121234
121161
12112004
121100
121064
12101957
12100
12097
120961
120959
120954
12092004
12091971
120900
120863
120853
120848
12081999
12081963
12081923
120800
12080
120771
12072008
12061958
12061953
12051955
12051954
12050
12047
120465
120454
12041958
12041955
120399
12039
120365
120362
120360
120358
120357
120265
12021965
12021956
12021951
120172
12016
120151
11qqaazz
115476
11441144
1136
113399
113077
113069
113049
112state
112plz
112956
11291129
112778
112770
112678
112581
112578
112500
112399
112382
112374
112358132134
11234
112283
112276
112272
112270
112161
112081
112065
111zzz
111995
111967
111963
111953
111266
111261
111222333q
11121958
11118888
11116
111159
111158
111121
11112
1111199
11111961
111119
111111aa
111101
111069
111065
111063
111050
11101999
11101996
11101970
110997
110968
110959
11092002
11091963
11091959
110899
11082006
11071968
11071963
11071960
11062001
110568
110565
110560
110557
11051963
110463
110457
11042002
11041954
110406
110396
110365
11032002
110296
11021958
11021957
11021956
11020
110164
11011955
1091989
1082
106969
105000
1048576
10351035
103199
103180
103179
102981
102888
102780
102578
102576
102568
102478
1024768
102476
102462
102456
102370
102356
102275
1021521
10211021
102078
102030123
101994
101982
101963
101780
101711
101677
101666
101594
101578
101495
101361
101299
10127
101259
10122001
10121963
10121953
101214
101212
101172
10117
10111961
101102
10110
101059
101053
101010a
101000
100995
100964
100959
10091966
10091962
10091959
100898
100895
100894olol
100863
10081961
10081956
10081951
10072002
10068
100670
10067
10061957
10061953
10061006
1005198
100501
10042007
100399
100369
100365
100364
100358
100357
100270
100260
10021963
100198
100195
100170
10012002
10011958
10011950
100111
10001
0okmnji9
0o9i8u7
0995
0993
0992
09910991
0991
0988
0987poiu
0987612345
0985
0983
098098098
0980
0979
0975
0962
0935
091674
091297
091274
091271
09121964
09121963
091170
091161
09111964
091073
090984
09092001
09091969
09091956
09091955
09091954
090875
090870
090868
09082000
09081959
090809
090794
09072004
09071956
090674
090595
090570
090569
090559
09052001
09041959
09041953
090382
090378
090377
09032002
09031962
09031953
090292
090257
090193
090182
090175
090174
090172
09011965
0900
089300
0882
0875
0868
0867
0856
0855
0853
085213
0826
082000
081955
081269
08121999
08121961
081208
081195
081167
081157
08112000
081101
081095
081063
08101967
080996
08091952
080860
08081968
080776
080772
080767
08072001
08071967
080696
08061959
080579
080577
080567
080560
08051960
08051955
080498
080493
080473
080465
080461
08041955
080392
08031951
080300
080278
080272
080264
080259
08021966
08021959
0802
080177
080168
0798
077777
0775
0774
0750
0746
0741020
0732
0727
071262
07121999
07121962
071162
07111957
07111956
071097
071063
07101965
07101959
07091965
07091964
070907
070896
070868
070867
070865
070863
070861
07081962
07081952
07071962
070696
07061999
07061957
070596
070579
07051962
07051958
070470
070397
070381
070370
07032006
07031966
07031964
070275
07022002
07022000
070197
070177
070174
070161
07011955
07010701
0698
0693
0685
0678
0662
0638
062274
061295
06128
06121998
06121967
061178
061166
061162
06112000
06111960
061098
061093
06108
061067
061059
06101960
06101958
060995
060969
060963
06092000
060899
060894
06082002
06081954
060767
060760
060660
06062002
06061959
060597
060574
060568
060564
060561
06052005
060504
060499
06041966
06041956
060366
060299
060297
060277
060274
060263
06021952
06011962
06011953
0588
0578
0577
0574
0555
053098
0530
0528325452mr
052585
051979
051974
051973
05180518
051298
051268
051264
05121969
05121967
05121963
05121954
05120512
051199
051195
051173
051172
051171
051170
051162
051160
05111967
05111960
051099
051067
05102000
05101962
05101960
05101958
05101956
05101955
050994
050971
050969
050967
05092001
05091955
050865
050855
050800
05072002
05072001
05071967
05071963
05071955
050675
050669
050662
05062003
05062001
05061962
050606
050599
050597
050567
050566
050565
05051956
050481
05042007
05041962
050398
050367
050361
05032001
05032000
05031956
050299
050294
050261
050199
050169
050166
04yvette
0472
0447
0441
0432
042376
041988
041970
041677
04128
041276
041268
04121999
04121961
041199
041196
041161
041159
04112000
04111998
04111969
04111967
04111962
04111949
041100
041098
041068
041065
041063
04101998
04101957
040973
040967
04091999
04091956
04087
04081999
04081957
040769
040767
04072006
04071999
04071965
04071961
040669
040668
04062004
04061963
040573
040563
04051964
04051961
04051954
040467
040465
04042010
04042008
040395
040369
040363
04032003
040295
040294
040275
040267
040263
040174
040168
040164
04011999
03whel
0397
0382
0372
0341
032257
03160316
031299
031266
031261
03122001
03122000
03121968
03121955
031191
031175
03112000
031066
03101965
03101963
03100310
030995
03098
030975
030963
030958
03091970
03091964
03091963
030866
030865
03081960
030774
030763
03071961
03071958
03071957
030673
030667
030665
030661
03062002
03061964
03061954
030596
030556
03051953
03051952
030498
03048
03041962
030364
030355
03032004
03031965
03031962
03031954
030294
030275
030272
03022001
03021959
030170
030164
030163
030161
03011998
03011966
03011957
03011954
03011951
02987654321
0290
0280
0277
0276
0273
02650265
0259
0247
0229
021974
021294
021274
021269
02122000
021164
021159
02111954
021094
021093
021092
02102000
02101999
02101959
02101955
020995
020961
020899
020867
020864
020860
02082002
02081956
020771
020770
020767
02071962
02071960
020664
02061959
02061951
020572
020566
02052001
02052000
02051960
02051950
020508
020499
020471
020470
020469
020464
02042005
02042004
02042001
02041956
020360
02031956
02021958
020197
020168
01mina
0189
0184
0180
0174
01477410
01200120
012000
011291
011274
011260
01122006
01122001
011175
011172
01111963
01111954
011096
011092
011076
011066
01101954
01092003
01092001
01091954
010907
010896
010867
01082006
01082001
01081958
01081955
01078
010759
01071959
01070107
010699
010697
010674
010663
01062007
010599
010561
010559
010553
01050105
010465
010463
010460
01042009
010403
01040
010398
010394
010367
010365
01031964
01031959
01031955
01031953
01031950
010297
010264
010260
01021951
010190m
01011949
01011920
010107
009009
007777
00769
007123
00700700
0068
0066600
0058
004937
0035
0031
0021
001974
001972
00197
001300
001234
000ooo
0000aaaa
00009870
000044
00000000a
zzzz1111
zyryab
Zxcvbn1
zxcdsaqwe
zxcasq
zxc789
zxasqw1
zx12zx12
zx1234
zvfqrf
zvereva
zverek
zuzanna
zuzana
zuma
zuerich
ztrewq
zrjdktd
zpdtplf
zozozo
zowie
zounds
zorr
zorina
zonk
zombie13
zolotoi
zofran
zn87x54mxma
zMpIMejE
zita
zippy69
zipp
zimzim
zimarules
ziggyh8
zifnab
zhorik
zghjcnjcegth
zeroxm
zero12
zenitram
zenith1
zenden
zelenograd
zelda64
zekedog
zeitung
zeilboot
zdenka
zazar
zatoichi
zasranka
zaremba
zaqzaqzaq
zaq321
zaq1qaz
ZAQ12wsx
zaparilo
zangetsu
zakhar
zak123
zaibatsu
zacker
zack01
z1z2z3z4z5
z1sn8h6m
yzf600
yzerman19
yz250
yxes
yuu777
yurik1
yulya
yukons
yukmouth
yuka
yuhjnm
yue12345
ytrhjvfyn10
ytrhfcjdf
ytrewq321
ytrewq123
ytrewq1
ytrcbz
ytktpm
ytkmpz
ytgfhjkm
ytcnthjdf
yrrral
yrogerg
Yqra61b6
youtoo
yousuck2
yoursony
yourmother
youporn
yount19
youngmoney
young8
YouNg3sT
youfuck
youcef
youbet
yoshii
yolanda1
yoko
yohoho
yogesh
yloe
yjhvfkmyj
yjdjvjcrjdcr
yjdjrepytwr
yildiz
yfnfkz
yfnfif123
yfnfif1
yfnfi
yflz13041976
yfevjdf
yfdctulf
yfcnz1996
Yfcntymrf
yellow8
yellow77
yellow3
yellow2
yeller
YELENA03
yeknom
yeasty
yearight
year2005
yeababy
yc248
ybrjkfq1
yasu30
yarrum
yanks99
yanks23
yankees23
Yankees2
YANKEES1
yankee2
Yankee1
yanke
yad8yugg
xyzpdq
xxx999
xu71eab7
xtrem
xsw222
xpressmusic
xposter
xoxota
xmodem
xlh883
XFR432
XFR182
xesxes
xeljdbot
xdr5tgb
xavier12
Xavier1
xaverian
xandra
wyclef
wwwwwwwww
wwewwewwe
wutangcl
wurly64
wtfwtfwtf
wrigley1
wpaflag
wowman
worms220
worceste
wootay
wookiee
Woody
woodworm
woodsy
woodster
woodson2
woodshed
woods1
woodoo
woodlands
woodhead
wood1
wonger
WONDER
wombles
wolfy
wolfpak
wolfmann
wolff
wolfenstein
wolf17
wobbly
withe
wishy
wired1
winton
winter20
winter03
WINNIE
wingding
windy1
windowsxp
windows98
winch
wilmingt
wilmas
Willow1
williamt
william9
wilhelm2
wildflower
wilderne
wildcat6
wilbert
wiezda
wideglide
whoop
whizbang
Whitney
whitley
whiterabbit
whiterab
whiteoak
whitehouse
whitecap
white22
white2
whisk
wheezer
wheeler1
whale1
Wetzlar
wetsuit
wetpus
westy
Westside
westover
westha
westbury
westbrook
wesman
wesley12
wertz
wertyuiop
wersdf
welsh
WELCOME1
weihnachtsbau
weg228
weeeee
Weed1
webley
wealthy1
weak
wcwwwf
wcwnwo
wazza
wayne2
watson1
watering
watergat
waterfalls
water2
WATCHER
watanabe
warwagon
warrior6
Warren
warre
Warner
warhawks
warezz
warder
WaPbbs
wanna
wankel
WALTER
wallyy
wallys
wallow
Wallace1
wallac
wakefiel
waiwai
Waiting
waffle1
waddle111
w4ebkss4
w1ll1am
w123456789w
vwbeetle
vtkmybrjdf
Vsavb7rtUI
Vs896ct
vr4m6d
Vr265tu
vpered
voyageur
vovo4ka
vova666
vova1996
vova1988
vote
voodoo3
volvo123
volv
volumes
vogue
vmax
vlasov12
Vladik
vlad12345
vjybrf
vjwfhn
vjlthfnjh
vjkybz
vjhcrfz
vjbltnb
vivo
vivere
vitamins
vitamin1
visiting
vision11
visconti
virginia1
viper97
viper666
vipe
viorica
VIOLET
violate
viola1
vinogradova
vilnius
Viktoria
viking99
viking44
videogame
video123
VICTORY
Victor1
vicodin
VHpuuLf2K
vfylhfujhf
vfvfvjz
vfvf
vfuybn
vfrcjy666
vfrcb
vfqjytp
vfndttdf
vflbyf
vfktymrbq
vfksi
vfhujhbnf
Vfhufhbnf
vfhrtnbyu
vfhrtdbx
vfhbyf123
vfhbrf
vette77
vetrov
vesna
verywell
version1
verseau
verse
vernon1
vernice
verdad
veranda
venuss
venuk48
venturi
venture1
vengeanc
venedig
vehfdtq
vegas69
vbvjpf
vbscript
vbktlb
vbhytuhfv
vbhjytyrj
vazgen
vaz2105
vavoom
vava
vaults
vatson
vasya111
vasquez2
vasilenko
vaquero
vanya123
vanner
vanila
vangog
vanderbilt
vamos
valya
valvoline
values
vallon
valkrie9
valkerie
validpwd
Valhalla
valhala
valerija
vale46
valdes
valby
vakula
vaillant
vail
vadim1995
vadim123
Vader1
Vader
v111111
uyeptjnx
uwa2df2n
utica
uthvbjyf
uthnhelf
usuck
usher
usgrant
usafpaca
ursus
urology
urlcache
upsilon
upside
uproar
upnda1re
uPfpRJew
unusual
until
united2
unitec
unitas
unified
uncletom
un4given
ummagumm
umass
umar
ultravox
ullrich
ulalas
ujkjcf
ujhjljr
ufdyfrecjr
uerori34
uconn1
uchiha
ubitch
ubisoft
ubetcha
uberl33t
tzewserr
tyrone1
typer
tynio
tyler00
twokids
twoboys
twizzle
twit
twirl
twinge
twincity
Tweety
tweetie
tuyy
tuttar
tute
Turtle1
TURTLE
Turtle
turnkey
Turkey1
turism
turion64
turbulen
turbo98
tuntun
tunisie
tunica
tunguska
tums
tumbleweed
tully1
tucker01
tuareg
tttyyy
ttigger
tsutomu
tsclient
trytobra
trythis1
tryme
tryfan
try123
trustno2
trust23
trunte
trumper
truelove1
troytroy
troube
trotfox
troppus
troper
trombon
trolling
troll1
trojans2
Trojan1
troi
trixie1
triumph7
triton1
tristian
trishul
trisha1
trippe
Trinity1
trini
trigga
trieu1
trider
Tricia
tribe12
TREVOR
treviso
trend
tremont
treebark
treb
treasury
trazom
travis12
travies
travian
travers
TRAVEL
trave
tratra
trapper1
transsex
transporter
transistor
transform
transex
trancer
trammell
tramado1
traktorji
traktorist
trains1
trainers
tracy69
TRACTOR
traci1
tracer1
tracee
traccount
trac
tr0uble
toyota2
toyota01
townshen
towman
towerman
towels
toward
tove
totty
tottie
totten
toto12
toskana
toshiaki
torrejon
torpedo1
toronto2
torie
toribi
tora
toppers
topaze
top100
toots1
toolman1
tonyd
tony8669
tony64
tony20
tony11
Tony
tonio
tomthumb
tommy11
TOMMY
tomislav
tomcruise
tomcat01
Tomato1
tomasito
tom111
TokioHotel
toki
tokens
tokarev
tokamak
tojo
Tojiik85521133
toenail1
toddster
toddly
todd1234
today123
toccoa
tobycat
tobrin
tobie
tobe
tnuc
tnt2244
tmnet12
tmac
tm1205
tlf1625
tl1000s
tkjxrf
Tkbpfdtnf
tjb611
tizian
tisha
tion
tinuviel
TINTIN
tini0022
timurka
timtom
tims
timoxa9
timmyd
timecop
timbre
tilly1
tihonov
tihomirova
tigr
tightpus
tiggy1
tiggy
tigern
tiger88
tiger15
tiger007
tige
tieten
tictoc
ticotico
ticonder
tickle20
TICKLE
tical1
tiberiu
tiamaria
thuy
thunderr
thunderbolt
throb
thrifty
though
thomass
thomas3
thomas23
thomas0
tho279z
thirty3
think1
thin
thickone
thicket
thiaguinho
thexfile
thewiz
theused
thetwins
thethird
thesky
thesheep
theseus
thersh
thering
there1
THEONE
Theodor
thenight
thenet1
themask
theman69
thekidd
thehill
thehawk
theguy
thegreatone
thegam
thefirm
thedrago
thedoctor
thecow
thechef
thebone
thebird
thebig1
thebat
thebaby
theanswer
tharmika
tgirls
tgif
texas5
texas01
TEXAS
tetra
tete
tetatet
testtest1
testings
testify
tester2
terse
terryc
terror1
terro
Terrapin
termin8
terence1
tennyson
tenn1s
tenbears
temuri
tempor
Temple1
telex
telefo
teknik
teken
teh0123
teens2000
teddyboy
tecum
teclado
techno69
tech1200
tech1
TEAM
teabags
tdhjctnm
tbird1
tazztazz
taylor6
taylor5
taylor22
taxtax
taxes
tawney
taureau
tattooed
tatoshka
tatianna
tashia
tartaruga
tarnsman
TARHEELS
taraska
tarasenko
tarah
tanyas
tanya1985
tansy
tankman
tanka
tangtang
tango55
tanger
tammyb
tammi
tamm
tamik
tambov68
tambov
talofa
talktalk
talia
talant
takuang
taken
takeda
takataka
takahiro
taisiya
tai
tahir
tadlock
tadatada
Tacoma
tacky
tack
table1
tabatha1
tabarnac
t123456789
swipe
swinglin
swingin
sweitz
sweetz
sweetsweet
sweetpea1
sweetkiss
Sweetie
sweetest
sweetdreams
sweet18
sweet12
SWEET
svobod
svintus
svetlova
svadba
sv650s
suzana
suzan1
sutherla
susu
susisusi
susanm
surya
surgict
surfin50
surfer01
surfdog
supertec
supersport
supermodel
superman69
supercool
super88
super10
sunset99
sunnyb
Sunflower
sunday12
suncoast
sunbelt
summer96
summer4
summer2010
summer09
summary
sulfur
sukumar
Suka1985
sujata
suhrob
sugar3
sugar01
sugabear
suffocat
sucky
suckss
suckscock
Sucks1
suckmyballs
suckmy
suckme1
Suckit1
Suck1
successful
succeed
suburb
styxstyx
stutter
stupidas
Stupid
stunning
stump1
stuff123
studios
Stud1
strunz
strungou
strudel
stron
STRIKE
strict
stricker
stretch1
strega
straydog
straws
strawman
strawberr
strangers
stpstp
stover
storming
Storm
stoop
stonehenge
stoneh
stomat
stol1234
stlblues
stinke
stinger3
STINGER
sting123
stiller
stilgar
Stick1
stewart20
STEWART1
stewarde
steviera
steveste
stevenson
stevenm
stevemc
steveg
steve5
stepup
stephen2
stepha
stensten12
stella2
steklo
steffe
steep
steelroa
steeldoo
stedman
stealthy
stead
stayaway
stavropol
stavange
station4
stasi22
starwars2
starwars12
Starwars1
stars123
starrs
starlog
stargate1
starcraft1
starch
stanhope
stallard
stalker2010
stalingr
stal
stair
stagy
stage1
stag
stacia
stac
stabler
St801nyl
sss333
ss_pass
ssomeone
ssj4
ssgohan
srvsrv
Squirrel
squared
squad1
spurt
spukcab
spudley
spudboy
sprouts
sprinte
springbo
sprayer
spotlight
spotdog
spongebob1
spokes
splint
splean
splashed
SPITFIRE
spitfir
spite
spinney
spikelee
spikee
Spiderman
spider69
spider01
spicedog
speleo
speedy17
speedbum
speedbir
speed123
speckle
special7
special2
spearman
spazzy
spasibo
Spartan
spartak1
Sparrow
sparky2
spar
spanky11
spank69
spank123
Spanish
sp1200
soyelmejo
souvenir
soupnazi
souper
soultake
souljah
souledge
sossina
sosososo
Soso12eec
sorghum
sorensen
soray
sopwith
sophie11
sonrisa
sonofa
sonnenschein
sonnensc
sonica
soni
sonechko
sondek
someone1
solveig
solter
solon
solomo
solo1
solito
solene
SOLDIER
solcom
solare
solan
sokrat
soiree
sohorny
softer
SOFTBALL
sofija
sofian
sofia2010
soccer88
soccer08
soccer05
soccer0
SNUISUBU
Snuggles
snowolf
snowman2
snowma
SNOWBALL
snouty
snotball
snopro
snoozer
snook1
snoman
sniffpol
snick
snegovik
sneeky
snayper
snax
snatch1
snare
snapon1
snapdrag
snake666
snake11
smutt
smuthut
smoking2
Smokie1994
smith12
smile11
smile101
smetana
smashed
smartguy
smallz
smacks
sm4llville
sm4llvil
slyder
slutpupp
slutgirl
slut4u
slugfest
slowmo
slovenija
slovak
slough
slots7
slots
slopes
slop
slonopotam
slipper1
slipnot
slimline
slimjim1
slimfast
slickrick
slickdog
sleutel
sleeper1
sledhead
slavej
slap2000
slant
slamslam
slamming
skywalker1
Skywalke
skynard
skyliner34
skyliner
skyler1
skydive1
skrilla
skool
skippy11
skindeep
skimbo
skill
skiff
skies
skeeve
skcus
skaters
skateordie
skateboarding
skarbek
skagen
sk8ing
sk8er
sixpac
sixkids
siva
siunga12
situs
sitoweb
sith
Sister1
siste
sisson
sissdem5
sisko197
sisi
sis630
sinus
sinne
singular
singsing
sindy
since
simulator
simpson2
simples
simple12
simonp
simonb
simms
simmons1
simian
simcha
simbaa
simba01
silverstar
silverki
silver3
silver23
silver10
silveira
silvano
sillybil
silkroad
silkman
silke1
silikon
silage
sikorsky
sigma4
sigep
sig226
sierra2
siegfrie
sidonie
SIDNEY
sider
siddartha
Sic8885
sibley
shyboy
shut
shura
shultz
shulman
shsvcs
shrugged
shriram
showmethemoney
showdown
shotta
shotput
shotgunn
SHOTGUN
Shotgun
shotgu
Shorty1
shorelin
shore6
shooter9
SHOOTER
shocker1
shmoo
shkoda
shizuka
Shithea1
shitbox
shirl
shires
shinta
shingle
shinebox
shine1
shimsham
shiloh1
shikamaru
shibby1
shiatsu
sherin
SHERIFF
shelly12
Shelly1
shellfis
Shelby1
shelbie
sheil
shed
shazzam
shazam1
shaz
shawn123
shawarma
shauna1
sharla
sharkboy
sharkbit
shards
shaquill
shaqfu
shaoli
shantell
shannon9
shannon5
shanic
shanes
shanel
shane12
shanae
shalom18
shale
shakeit
shakeela
Shaggy
shafter
shafer
shadrack
shadow98
shadow0
sfhj5484fgh
sexyslut
sexysara
sexym
sexygurl
sexybab
sexy777
sexy2000
sexy13
sexmachi
sexaddict
sex4ever
sewell
sevinc
severo
seven07
setset
sethanon
sesese
servers1
server1
serswet
serres
serpent1
serotta
serha
serggalant
sergey2010
serg123111
serezha
sepia
seoul
seo21SAAfd23
senor
sending
senator1
sempron
Semperfi
sempai
semmel
SEMINOLE
selfmade
seldon
selacome
sektorgaza
seitnap
sehnsucht
segeln
Sega123
seenow
seekup
seducer
sedge
seaworld
seaside1
searching
sean69
sean11
sean01
seals
seal01
seafox
seabrook
sdfsd
sdfg
scumdog
sculpt
scubadiver
screwball
scredir
scratchman
scrapple
scrape
scout5
scottd
scott5r
scorpio4
scorpio3
scorer
scooterb
scooter9
scooby22
scoobnot
sclgntfy
schulze
schroeder
SCHOOL
School
schnuffe
schnucki
Schmidt
Schatz
scavenger
Scarlet
scarf
scam
scalpel
scalp
scalia
saxet
savin
savages
savage2
saute
saule
saudi
saucony
saturnsl
saturn96
saturn69
sassey
sashay
sasha666
sasha5
sasha2003
sasha1999
sasha1987
sasha1985
sasha10
sash
sasas
sasaki
sasa123321
sarahr
sarahjane
sarahj
sarahann
sarada
sapphira
saphira
sanyok
sanyo
sanya1
santro
santiago1
santhosh
santer
santander
santande
santaklaus
sansoo
sanmarco
sanman72
sanjana
Sandy2562
SANDY
SANDRO
sandra13
sandpipe
sandman7
sandman2
sande
sanda
samusara
samtheman
samsungs5230
samsung5
samsung12
samstag
samples
samoth
samone
samoa
sammyp
sammyjo
sammyg
sammyd
sammyb
sammy98
sammy66
sammy23
sammilly
Sammie
sammi1
sammas
samman
samjack
samaya
samantha2
saman
Salvator
Salvador
saltwate
saltine
salta
salsal
salomon45
salomon1
salohcin
salmankhan
sallyb
sally2
salgado
saleen1
salary
sakara
saintes
saint7
sailors
sailon
sailo
saidin
saibot
sahtm102
sahtm101
sahtm094
sahtm045
sahtm004
sahelp
sagitario
sagesse
sager
sagar
sagan
safrcdlg
saffrejo
Safeway
safet
sadsadsad
sadsack
sadida
saddlers
sadattim
sadamaza
sacura
sacre
sacha1
sabirov
saban
saadmcfg
saab900s
s69!#%&(
s555555
S4xnHsdN
s229683
s123456s
ryoohki
ryno
ryan21
Ryan
ry65v3a
rwuser
rutledge
rustyy
Rusty1
RUSTY
rustin
russian1
Russia1
ruslan4ik
rushin
rurouni
Rupert
runt
runoobe
rune
RunDLL
runamuck
rumford
rumba1
Rules
ruler
Rule
ruger9mm
rugbys
rubydog
ruby12
rubleva
rubbers
rtvthjdj
rt934tt
rreedd
royhobbs
Royals
Royal
rover88
rover75
route666
Route66
rotimi
rosso
rose01
rosaria
rosamari
rosali
rootau
rooste
roost
rooney1
ronnoc
ronda
RONALDO
romy
romeo2
ROMEO
romcops
romaska
romantica
roman2
roman1994
roma2000
roma1997
roma1234
rohan
rofl123
RoFemyA3
roebuck
Rodney
rodne
rockyone
rocky44
Rockstar
rocksalt
ROCKS
rockohamster
rockies1
rockets1
rocket2
rock13
rock11
rocio
rochell
roche
robusta
robotron
robinn
robina
robin4
robertson
roberts2
robert7
robert17
robert10
robalo
rob1
roach1
rkty200
rjynhjkm
rjvgfc
rjpjxrf
rjktymrf
rjirf1
rjifhf
rjhjktd
rjcvjyfdn
rjcnhjvf
rizla
RIVERA
RIVER
rivendel
riva
risolvop
risa
ripper69
Ripper
riposte
ripclaw
rink
ringmast
rimny77
riley2
rilero
righto
rigging
rietriet
ridgebac
ridehard
ridebmx
riddik
ridcully
rickyd
rickyb
rickover
rickjame
rickard
rick01
richieri
richie1
RICHIE
Richards
richardr
richardp
richardb
richard4
rich69
riceman
ricco
ricardit
rican
rica
rhtgjcnm
rhtdtnrf
rhtdtnrb
rhine
rhfgbdf
rhbcnz
rhbcnbyf123
rfvtyrf
rfrnfr
rfrfirf123
rfpone
rfpfrjdf
rfnz2010
rfnz
rfnfyf
rfltncndj
rfhfcbr
rfgrfy
rfatlhf
rf101b
reymisterio
review99
review1
revenge1
retupmoc
retribution
results
research1
repsol
reppep
renuka
renshi
renegad
renee2
renee123
rendezvous
renaul
renata1
rena
remind
remedios
rembrandt
remaro
rellek
rekord
reklaw
reklam
rekcuf
reign
rehcfyn
regit
reggie12
reg123
reece1
Redwings
redwin
redsoxs
redsox34
Redsox
redseal
redros
redqueen
rednight
REDNECK
redips
Redhead
redhat91
redhat500
redeem
Reddog1
reddo
Red7Stork
red777
red456344
rector
recruiter
RECORDS
recchi
rebelins
rebel10
realtor1
realesta
ready4u
reaccount
rc10gt
rbgfhbc
razvedka
razraz
razina
rayzor
raytheon
rayra
rayjay
rayburn
rawkus
raving
raver1
ravenous
ravenn
raushan
raul2000
rattus
ratchet1
rastro
rash
rasaki
raptor01
rania
rangerov
ranger97
ranger9
ranger66
ranger32
ranger3
ranger23
ranger22
ranger19
randyman
randall1
rancid1
ramzan
ramones1
ramdisk
rambling
ramarao
ramani
rallyman
rallen
ralf
rake
rajini
rajani
rajan
raisa
rainier1
rainey
rainbowsix
rainbow9
Rainbow6
rainbird
raina
raikkonen
raiders8
Raider
rahimov
raheem
ragnaro
raghav
rafanet
raekwon
radu
radrat
radmila
radisson
radiolog
radiation
rader
rackem
Racing1
rachel99
rachel2
rachae
racerx1
raceme
raceman
rabbit99
rabat
R7uGnm
r5t6y7u8
r55555
R3v59p
r3r3vi3wacc3ss
r03461
R030989
qwertyuiopasdfghjkl
qwertyuiopasdfgh
qwertyasdf
qwerty96
qwerty84
qwerty76
qwerty72
qwerty56
qwerty2000
qwerty1993
qwerty18
qwerty17
qwerty123321
qwerrewq
qwerpoiu
qwerasdzx
qwer666
qw12er34ty56
quoz99
quote
quite
quirly
quinn1
quinlin
quijote
quicky
quicks
queue
quepasa
Queens
quedog
quarry
quarantine
Quantum1
quanta
quackqua
qsdfghjk
qsdfg
qrg7t8rhqy
qqww1122
QQQQQQ
qqqqq2
qqq12345
..qlVVcvDeeRo
qbert1
qazzxc
qazxqazx
qazxcde
qazx12
qazWSXedc12
qazwsx7
qazse123
qazedc123
qaz2626
qaz1wsx2edc3
qaz111
qaqa
q3538004
q2w3e4r5t6y7
q1w2e3r4t5y
q1q2q1q2
q123Q123
q123123123
q1205199333
q111111q
q1111111
python1
pyroman
pyrex
Pyramid1
pyfrjvcndf
pwned
pw5600
pw4sex
puzzles
putters
putput
put
pussyhole
pussygod
pussydick
pussy9
Pussy69
pussy18
pushpa
purplehaze
pupil
punahele
pumpitup
pumpit
pulpfiction
pugster
pugsley1
puggy
puffdaddy
pucci
puavbill
Pt206ps
psytrance
psalm91
proy33
providence
prostaff
prosoft
properties
propagan
promoter
promod
projekt
profound
profess
probe1
proach1
pro123
prize
Private1
privat1
pristine
Printers
princy
princess3
princess12
Princes1
prince19
prince10
primate
prettygi
pressup
pressed
presidio
presents
prem
prelude2
prelest
predator1
preach
pranav
pragmati
praetorian
prabhu
ppussy
ppp000
powerpuf
powerplay
poweron
Power1
postal2
posta
portugue
portrait
portofin
porthole
porte
porovoz123
pornoo
porn12
Porn1
porn01
porksoda
popup
poptop
popping
poppel
popop
poper22
popcorn2
popapopa
popa123
pooters
pootang
poopypoo
poops
pooppy
poopoop
pookie69
pooja
poof
poodoo
poodles
poochi
ponygirl
ponch
pompiers
pompie
pomapoma
polyakov
polska2
polosport
poloman
polli1
politica
polipoli
polino4ka
polina2008
polina2005
polina1
polici
polecatt
polaris2
polara
polanski
pokopoko
poko
pokemon9
pojke123
poiuyt1
pointy
pogues
poderoso
pocomoke
pocahontas
plutos
plutarch
plunge
plugh
plough
pleasur
playit
player22
player2
player11
playboy8
PLAYBOY2
playah
platte
platos
plasticm
plasticf
plasticb
plante
plans
planetar
planet99
planar
placenta
placebo1
pizzaa
pizdez
pitviper
pitts
pits
pito
pitney
pissy
pissflap
PIRATE
pippip
pipicaca
piotrek1
pioneer5
pinkslip
pinkpony
pinkmoon
pinkish
pinking
pingpon
pingon
pines
pinder
pilou
pillars
pilgrim1
pike2012
pike1868
pikapi
Pikachu
piglet69
piglet1
piggy2
piggy15708
piesek1
pierre1
PIERRE
pier
pieface
pie12345
pie
picture1
pictman
picsou
pickme
Pickle
pickerin
piccol
Picasso
picard47
picard01
pianeta
piacenza
photography
phishman
Phillip1
Philipp
phazer
phatcat
pharmd
pfrhsnj
pfqrf
peyton18
petticoat
petrusha
petrosyan
petpet
peters1
peter001
PETER
persson
personne
perpetua
perova
peropero
peroni
perish
perform
perfectexploiter
pepsinsx
peps
pepper99
pepper10
pepete
pepe01
pennydog
Pencil1
pelon
pellet
peeter
peetee
pechenka
pease
pearlja
peacenow
PEACE
pdnejoh
pchela
pbeach
payne1
payman
pavlota19
pavel123
pauline1
paulas
Paula13e
paula12
paul77
paul22
patryk1
patroclo
Patrick7
patrick5
patricia1
patou
patoloco
patlabor
patina
patholog
patchess
pasty
pastis
pasta123
passwort1
PASSWoRDassword
Password12
password101
PASSWORD1
PASSWoRD
passwod
passwd01
passw1
passkey
passgas
Passat
PassAgen
pass2000
pashademon
pasa
party69
partie
parpar
parola12
parkers
paris2
parfour
paredes
pardonme
paratroo
parasol
parapa
parana
paramed
paragon1
paradiz
papuas
paps
papoose
papone90
papaw
papa1234
paokara
panton
panthose
panther9
pantera2
panova
panini
panina
panika
panels
pane
pandora7
panda97
panchit
PANAVISI
pan27043
pammie
pam2233
paloma1
palmer1
palme
palette
palermo1
palce
palamino
paladino
paladi
pala
Pakistan
padraic
padma
paddy123
paddle1
paddingt
packs296
packman1
PACKARD
pacific2
paashaas
p51mustang
p3corion
p0tl8dje
p0rnstar
P0oooo00
p08158
ozzyfan
ozzfest
oyoyoy
owned123
owenhart
overhead
outlaw1
outatime
ounce
otrends
osvald
ostate
osit
osier
oscarito
oscar69
oscar11
orvokki
orville1
orologio
orinoco
orian
orhideya
orhidea
org4sm
oreocat
oreo11
ordnance
ordinateur
orazio
oray74
orange13
optional
optimal
OPERATOR
openupno
opelastr
opa123
oodles
ontheroad
onrop123
ononon
onlyone1
oneworld
onestop
onedog
one1two2
one1
ondine
omygod
omglolomg
omfg
omegaa
OMAR
olusia
olly
ollie123
olk98usr
olivier1
oliver10
olifant
olga77
olga2010
olga1984
olga1978
olga1971
olegna
oleg1992
oleg1991
oleg1973
oleg1234
oleacc
oldcar
oklapro
oioi
Oilers
oiauerk39
ohmss101
ogrady
oflove
oflife
offering
ofen6
ofborg
oduvanchik
odinodin
Odessa
odess
odbcinst
octubr
october31
octet
oconnell
oceania
obobob
oblako
objsel
obinna
obama
oasiss
Oap9UTO293
OAKLAND
oakenfol
nyrangers
nymets86
NYLONS
nwctrinity
nutty1
nursing1
nununu
numnum
nummer1
number4
number22
nukenuke
nugs
nubnub
nubia
nuance
ntfsdrct
ntense
nozadze
noxious
nowayin
noviembre
november2
NOVEMBER
nova12
noumea
notrab
notone
notnot
nothing2
notepad
nostril
nosova
nosotros
Norway
northwest
northland
norris1
norrie
norad
nopain
noobie
noo2ga
nonnie
nomeacuerdo
nolimit6
nolimit2
nola27
nokian97
nokia72
nokia6600
nokia3120
nokia3100
nokia12
nokia11
nohanada
noclaf
nochnik104
nobody1
nobby1
nobber
noahsark
noah123
no1z
no1knows
nntpapi
nnnnnnnnn
nnnmmm
nnamdi
Nm310fn
Nloq_010101
nivlac
nivek1
nitty
nitra
nithya
nishiki
nisha
nirvana2
ninpo
ninochka
ninjamonkey
ninja900
ninja69
niners1
nimnim
nilufar
nikolya
nikolj
nikki6
nikki12
Nikki
nikita2011
nikita1994
Nikita1
nijmegen
nightly
nightlife
nigger2
nigels
nigar
Nicrasow212
nicolo
nicoletta
nicoleta
nicole19
nicole0
nicolay
Nicolas
niclas
nickjonas
nickc
nick21
nici
nichole1
nicanor
nhatrang
ngga
nfyz1987
nfnecz
nfhfctyrj
nfhfcjd
neznakomka
nextone
newyork0
newt7899onrs
newsman
newmark1
newleaf
newkid
newfound
newboy
neversmile
neversaynever
neversaymypassword
neverlan
nevera
NEVADA
Network1
netter
neto
netnet
netmadge
netlpd
netip6
netel90b
net1394
Nessus09
nesakysiu
nerf
nepali
neon99
neo20xx
nenita
nemesis7
nemesis6
nellie1
neither
neilneil
neil27
nehpets
neekeri
needy
need
necromant
nebulous
ndisip
ndbyrb
ncc1701b
nbvjxrf
nazar
naughtyb
nato
nationals
nathanm
nathan01
nathal
Natasha1
nataku
nata777
nata12
nat123
nastygirl
nastyass
nasty69
nasty6
nasty123
Nastena
nastay
nasir
nascar48
nascar4
nascar12
narvik
narutouzumaki
narcis
naranja
napper
nanna
namath
nakatomi
najah
naima
nahtanoj
nagato
nagash
nagano
naga
nafania
nafana
nadia123
nadanada
nacnud
nachodog
n7Dj3Saa
n123at
mytest
mystra
mysmut
mysex
myrzik
myoplex
mynigga
mylif
myjeep
MYGIRL
mybud
myangel1
my4kids
mwalsh
muzzy
muzyka
mutty
muthafuc
mutation
musty
mustang50
muskoka
muskies
musik13
musicc
music12
musial
mush
musashi1
musa
murre
murka15
murillo
murf
muratti
murasame
munter
munky
mundaka
MUNCHKIN
mumanddad
mullin17
mulder12
muhamed
muggs
muffinma
mudflap
mu11igan
mswrd632
mstask
msnetmtg
msinfo
mscorsecr
mscorpe
mscormmc
mscorie
msadds32
msadco
Ms241cr
ms1234
mrtibbs
mrmagic
mpgs
MOZART
mowers
moveit
mousy
mousee
mous
MOUNTMGR
mountain1
mound
motorspo
motorola1
motl855
mother3
motel6
mostar
mossman
moss25
mosesblk
moser
Morrowind
Morris1
morpho
morozko
Morgoth
morgan23
moreman
moreira
morango
mops
moppie
moose11
moore2
moondog1
moondance
moojuice
moog
monza
montrell
Montreal
montre
monterrey
montana8
monster3
monster0
monkeynuts
monkeydo
monkeyas
monkey33
monkey15
monitor3
monimo
mongush
Monday1
moncho
monchi
monange
monaghan
momoko
mommy3
moments
mombasa
moloko1
molly7
molly5
MOLLY
mojo123
moiseeva
mohsin
mohicans
modelt
model10
moccasin
mobetta
Mo987vu
mntwins
mnlicens
mnbvcxza
mmmkkk
mmmbeer
mmm147258
mmm123
mmartin
mmaaxx
mm1234
MLForman
mjordan2
mjohng69
mj23
mitter
mitsub
mite
mitche
mistyblu
misty69
mistik
mistert
misterma
mistere
misspigg
missmolly
mississipp
missis
missing1
missin
misamisa
mirabella
mintman
minster
minoan
MINNIE
Minnesota
minky
minkie
ministr
minion33
minioc
minimi
miniman
minge
minett
minecraft1
mine99
Mine1
mindy123
mindcrim
minaise
mimmo
mimi12
Milton
milto
milou
milord
millos
millman
millie12
miller69
millar
milesdavis
miles123
Miles1
mildred1
milanka
milamila
mikvarxar
mikimaus
mikeyt
mikey69
mikesch
mikem
mikell
mikeb
mike57
mike111
mike09
mika12
mik6178
miheeva
miguelange
miguel12
mifune55
midwife
midas1
microtek
mickel
micio
michaeln
michaelf
michael13
michael10
micah1
miaumiau
miami69
mia0561
mfmhzn5
mexiko
mexico86
metzger
metron
metroman
metheny
meter
metcalf
meta
mess11
mesohorn
meshugga
merl
merkava
merino
meriba
merdas
Mercury1
mercenary
mercado
mention
mentat
mensa1
mens
memor
meme123
melaniec
meissen
meisha
meiser
meinolf2
meiner
meimei
mehves
mehoff
megusta
Megiddo
meganfox
Megan1
MEGAN
megagerka
meep
meenter
meemaw
medus
medstar
medico
medicare
med123
mecanic
mebaby
me262a
me123456
mdmzyxel
mdmusrk1
mdmtdkj7
mdmsun2
mdmrock
mdmnttp
mdmgl006
mdmgl005
mdmgl002
mdmcpq2
mdmboca
mdmaiwa5
mdmaiwa4
mcnasty
mccord
mcclane
mccarty
mbrown
Mazda626
mazda323f
mazda2
mazafaker
mayer
maybelle
maybach
maxxim
maxogo
maxivan
max666
mawmaw
mausen
maura
matto
matthewp
mattes
matric
matr1x
matiss
mathmath
mateus1
mateo1
matado
masterx
master999
master9
master20
master101
masina
masi
masha1995
masamasa
masahiko
maryna
marylin
mary1234
martys
Martini
Martinez
martin3
martens
marshall1
Marshal1
marsface
marron
marmstad
marlb0r0
markymark
markovka
marko1
market1
mark99
mark84
mariu
mariol
mario7
mario69
mario2
Marinaro
marina86
marina20
marina13
Marigol
marico
maricel
marianas
MARIAH
Mariah
maria7
Mari
Margie
Margarita
margarida
marder
marcop
marco12
march7
march27
march26
march25
march24
march198
march16
marcelo1
marcellu
marcel1
marbury
maraud
maranata
mar
mapleleaf
manzan
mantis1
mantel
manpreet
manowar1
manowa
manouche
manon1
manny2
manmanman
manko
manjula
manito
manit
manina
manija
manhood
Manfred
manester
mandymoo
mandigo
mandate
manchesterunited
Manchester
manatee1
manasa
mamoru
mammut
mammon
maminka
mamedova
mambo5
mamasha
mamanunya
mamami
mamakin
mamadas
mama555
mama21
mama1998
mama1982
mama1971
mama1955
mama1953
mama13
maluco
maling
maldito
malden
malady
MAKSIM
maks96
maks2011
maks1996
makisupa
majora
mainstay
mainline
mailme
maikel
maigan
maide
mahope555
mahmut
mahmudov
mahalk
magus
magura
magrat
magoos
magill
magika
magic3
magic10
magic01
magee
magal
mag123
mafald
maelstrom
mady
madriver
Madness
madmonk
madmoney
madmax2
madmac
madison7
madhavi
madge
maddog20
maddog13
Maddog1
Maddog
macron
macon
maclean
mackster
macko
macizo
maciek1
machete
macfly
macca64
MACBETH
mac2olli
m55555
m3m3m3
m221087
m1a2r3i4
m0nster
m019m1
m00m00
lyrical
lynnie
lyman
Luzi2005
lusty1
lusaka
lunit
luna123
lumpur
lump
lumen
lula
lukoil
luke1234
luiza
luismigue
lughser
lufkin
Ludmila
lucy69
lucky77
lucky111
lucille1
lucile
lucca
Lucas
ltlvjhjp
ltdeirf
lsutigers
lslsls
Lsk8v9sa
lsdlsd
lovett
lovesit
loves1
lovers2
loverboy1
Loverboy
loveplanet
loveme69
lovem1
lovely2
lovelisa
loveing
lovein
lovei
lovehurts1
lovebug1
love9
love89
love27
love1986
love17
love16
loureed
louisvuitton
louis11
louie2
lotuss
lothlorien
LOST4815162342
loserman
loser69
losang
Lorraine
loreto
LORENZO
lordofth
lordgod
lord123
loquito
loot
loops
longcock
loneranger
londoner
london21
london10
lolpot
lolp
lolo1234
lolo123
lollakas
lolipo
loliloli
lolikas
loki13
loki12
loki01
logs
logist
logdog
logan12
loga
lofty
locur
locoman
locksley
locker21
locals
local3
lobit
lmnop
lkjasd
ljvjdjq
ljhjujq
ljhjattd
ljdthbt
lizzy2
Lizzie
lizet
lizardsquad
liven
livelong
litvinov
littlefucker
littled
Little
lithe
lita
liston
listerin
lisalis
lionkin
linuss
linker
lingua
liners
lineika
lineage123
lindyhop
linder
lindak
limpbiz
lilyrose
lilyfire
lilies
likuna
likethat
lightyear
lightyea
light2
light100
ligaya
lifecare
lien
lickthis
lickers
Lick1
licious
library1
liberato
libelula
lhfwtyf
lhfrjif
lhfrekf
lfymrf
lfybkjdf
leyla
lewinsky
levski
levis501
levina
leviatan
letsrock
letmen
letmec
letitgo
letgo
leszek
lera1998
leprechaun
leopard2
Leonid
leonardo1
LEONARD
LeoGetz
leocat
leo12345
lensman
lenoir
Lenny
lena1996
lena1990
lena12345
lena1234
len4ik
lemony
lemondrop
leman
legere
legendar
legal1
leeway
leeward
leeman
LEELEE
leefl850
leedsunited
ledoux
ledanac
leclerc
leche
lebanon1
leardini
Leanne
leandr
leaky
leadership
lbpfqy
lbfyrf
lazybone
lazyass
lazers
lazaro
lawrence1
lawrenc
lauris
laura6
LAURA
latigo
latifah
latifa
latif
lateef
lasto4ka
lastdon
lastchance
lastchan
laska
lasdkh
larryh
large1
lardog
lapina
lapata
lanvin
lantern7
lantern6
lanmannt
lanka
lands
landon1
landen
Lance1
lambretta
lambert1
lambeau
lalena
lala1234
lakini
laketahoe
lakers13
laidback
LAGUNA
lagavulin
lagalaxy
lafarge
ladybugs
lady123
Ladies1
lada2110
lacy3
labtech
lablab
labas
l8g3bkde
l84ad8
l30722
l1e2n3a4
l1510s
l0sk2e8S7a
kyra
kyle99
kyle2000
kyle12
kykyky
kuznecova
kutje
kurvica
kurdistan
kurac
kunsan
kuldeep
Kubrick1
ktyj4rf
ktyecmrf
ktjgjkml
ktjgfhl
Krzysiek12
krystina
krutoi
krunch
krswood
krsone
kristof
kristina123
kristia
krista1
krissy1
kris123
kreativ
kraven
kraut
krasava
kranta1
KRAMER
krame
krallen
kournikova
kotofey
Kostya
kostia
kostenko
koskos
kosenko
korsika
kornhead
korn69
kopper
kopet
kopeika
kool123
kooky
koniak
Kondom25
konakovo
konakona
komputer1
kompot
komarik
kolumbus
kolos
kolombo
kolokolo
koljan
kokikoki
kojzgsf
kojiro
koeman
kody
kodi
kodaks
kochanie1
kobe66661
kobalt
knut
knoxvill
known
knowit
knot
knittin
knight2
knifes
kneesox
knacker
kn1ght
kmjnhbgv
kmh12025476
kmg666
klop123
kleevage
KL?benhavn
klaxon
klavdia
klara1
kkonradi
kjubyjdf
kjubyjd
kjubrf
kiyoshi
kitty7
kitty69
kitty12
kittty
kitten12
kitka
kitchens
kisulja
kissshot
kissrock
kissinger
kissel
kiss2000
kisha
kirill1996
kirill1995
kirik
kippe
kinski
kinky2
Kingpin
kingly
king74
kimura
kimosabe
kimmel
kimlee
kimjjang
kimi666
kimberlee
killteam
killeri
killer45
killer4
killer1234
kill123
kikakika
kika
kiera
kielbasa
kickboxing
kickball
kickas
kiakia
kharkov
khalsa
khali
kgosfm
kfycth
kfdfylf
kezman
keynes
keyboards
kevint
kevina
kevin66
kevin3
kevin21
kevin0
kevdog
ketch
kester
KENWORTH
kenwort
kenny2
kenguru
kenbob
kellyp
kellyk
kelly13
kellie11
kelebe
keksik
keitha
Keith1
keikei
keeshond
keepit
kearns
keane
kealoha
kds2141
kbytqrfpkj
kbxyjcnm
kbndbytyrj
kbcnjgfl
kazane
kayser
kaylee1
kaylas
kaylan
kayden
kayce
kawazaki
Kawasaki
kaviar
kaufmann
katze1
katysha
katya1
katrinka
katrien
katja1
katier
katiee
katiecat
katie69
kathym
kathyl
kathyb
kathmand
katey
kater
katarzyna
katarsis
kasser
kasia11
kasablanka
karyn
karper
karpenko
karlson
karlik
karlie
karenc
KAREN
kareltje
kare
karamazo
kapanadze
kaoru
kankudai
kandy
kanazawa
kanaka
kamloops
kameleon
kambala
kamakura
kamael
kalli
kallen
kalikali
kale
kaka12
kaise
kailee
kaikias
kahlil
kadabra
kacperek
kachok
k7wp1fr2
k240889
justlove
justjack
justin8
justin6
justin20
justify
justice4
JUSTICE
justform
just1n
jupiter5
jupiter4
jupiter3
junkers
june2902
june2719
june20
june19
june13
jumpstar
jumpmast
jumphigh
jumper1
julyjuly
july10
juliet1
juliem
julief
julie69
julie01
juliann
JULIAN
juliaa
Julia1
jukjuk
juice123
juggalos
judo
Judith
juanjos
juanj
juanc
juan23
jtccbill
jt1234
JScript
JroReadme
jrock
jovian
joshua5
josh1234
Josh
josel
Joschi
jornada
jorgito
jordi
jordan13
jopajopa
jookie
jone
jonata
jollyrog
joker8
JOKER
Joker
jokeman
jojo99
johnwayne
johnny25
johnlove
johnjay
johna
john3
john27
john17
johanson
Johannes
Johanna
jogger
joeybear
JOEY
joeseph
joejoe1
joeimlea
joeeee
joeblow1
joebar
jocelyne
jobshop200
jobhunt
joaopedro
jo1jo1
jmiller
jmhj5464dcx
jmarie
jmac
jktu
jktcz
jjjj1
jj9684
jizzer
jimmymac
jimmyjoe
jimmy3
jimijimi
Jimbob
jGlo4erz
jetsfan
jetsam
Jethro
jesuslives
jesus4
jester11
jeste
Jessie1
jessica9
jessica5
jessica12
jesika
jerry3
Jerry1
jeriryan
jeremy123
jennyy
jennyfer
jenny12
jennifer8
jennif
jenney
jellob
jeffgordon
jeff99
jeetkune
jeeptj
jeepcj
jeep2000
jeep01
jeejee
jedi123
jedi1
jdogg
jd4430
jcyjdf
JCasas
jb1234
jazzmine
jazz12
jazira
jayz
jaynes
jayme
jaylan
jayc
jaws3d
jawa
JAVIE
javelina
javany
jaspers
jasper123
jasper10
jaspal
jason8
jason76
jason007
jason001
jasmines
jasmin1
jasja
jarrell
Japan10
janwood
janusz
janson
jannik
janete
janes
janek
Jane
jander
jamin1
jamieson
jamied
jamieb
jameso
jamesn
jameslee
jamesf
james111
JAMES1
jambo1
jamar
jamais
jamaican
Jamaica
jake21
jake00
jailer
jaguarxk
jaguar01
jagoff
jade12
jade1
jacobyte
jacob22
Jacob
jackson9
JACKOFF
jackle
jacking
jack8on4
jack15
jack00
jacare
jabba2
j123456789
ivashka
ivanovna
ivan777
ivan1984
ivan12
iuliana
itin
itchitch
italians
isxxxvip
issexy
isotta
isnice
ismayil
Island1
islan
isildur
isidro
isidoro
isidora
isetup
ISABELLA
irongate
ironcouc
ironclad
irjkf1
iriver
irishboy
irish88
irish11
irina1980
irina1978
irfan
iran
ira1985
ipswitch
ipswich1
iponow
ipodnano
ipod
ioio
Intruder
inthere
intervention
interdit
interceptor
intents
integra9
instation
Install
inspired
insdprgm
insan
innochka
inman
inline6
inky
injector
initiald
inhale
ingrid1
ingraham
ingot
info123
Infantry
inetopts
ineedyou
ineedajob
ineedajo
indycars
indulge
indu
indio
indie
Indiana1
index1
indabag
includecatal
imsingle
imsexy
impeach
impalas
immorta
immense
imdaman
Imaging
imagery
imafreak
iloveyou7
iloveyou.
ILOVEU
ilovekat
ilovejoe
iloveindia
ilovebig
illini11
ilikecheese
ikillyou
ikikik
iisrstas
iiiiii1
ihateniggers
igor12345
ignatenko
iggyiggy
igeldcheat
ig2651
ifhbyufy
IECONT
idspispo
idol
idiocy
idinaxyi
icwtutor
icpicp
iconnect
icehockey
icehocke
icedog
ice
icansk82
ibytkm
ibiza1
ibis
ian123
iamthebe
iamsorry
iamgood
iambob
ialmnt5
i740nt5
i23456
i123456
hypnosis
hyannis
hvac
huzzah
huthut
hustlers
hushhush
hunter6
hunter06
hunter00
hunt4red
hunnybunny
hunbun
Hummer
humblepi
hulkhulk
huivam
hugo1
huckfinn
hubbahubba
htubjy
htptlf
hrpsy
hpotter
hpkaaa
housetab
housedoo
Hounddog
hotwomen
hotwire
hotteens
hotte
hotpuss
hotmomma
hotfries
HOTFRANK
hotbuns
hotbo
hotblond
hot4u
hot4sex
hosting
hostel
hossman
hosebag
horsepow
Horsens
Horse
horrible
hornyy
horned
hornblow
hoppla
hoppel
hoppe
hope123
hooters69
hoolef
hooker2
hooker1
hoohaa
Honolulu
honey24
Honey1
honda6
honda00
homestar
homerun1
homer7
homebody
homealone
homburg
hombres
holygrai
holt
Holmes
hollycat
hollabac
holborn
hoi123
hoghog
hofstra
hoenix
hockey7
hockey15
hobie1
hobbit1
hobbies
hmmapi
hkmp5sd
hk1997
hjvfirf1
hiya
Hitman
hither
histor
hirotake
hirohiro
hiro09
hireme
hinckley
hina
hilo
hilmar
hilaryduff
hilander
highroll
highboy
Higgins
hiding
hideaki
hialeah
hhhhhhhhhhh
hhadkd99
h_froeschl7
hezekiah
heymoe
hewett
hettie
hessen
heslo1
hernia
herndon
hermite
Hermes1
Hermes
hermann1
herm
here2
hercul
Herbie
herbalife
Hentai
henry7
henery
Helsinki
helpmeno
Helpme1
helmer
hellojed
hello4
hello21
hellish
hellep
hell312
heliski
hejhej123
hejhe
heisenberg
heimat
heidiho
heidelberg
hegel
heatherb
heather3
heated
hearts1
heartbeat
heartagram
headman
headbang
head69
HCAppRes
hbomb
hbceyjr
haywire
hawke
hawk33
hawk11
Hawaiian
HAWAII
havock
havens
haveit
haveblue
hatstand
hathor
hatch
hasilein
hasegawa
HARVEY
Hartland
hartke
harry69
harry4
harry12
harringt
harriers
harrahs
harpos
HAROLD
harmonie
harleys
harley10
harley05
harkonen
Hardon1
hardon1
hardluck
hardkore
harcourt
harbinge
harass
happyg
happyfeet
happyass
happy77
happy4
happ
hans123
hannover96
hanniba
hannele
hannas
hannah7
hannah3
hannah0
hankyung
hankyun
hankhill
handiman
Handball
Hamster
hammy1
hallon
haller
halina
halflif
halcon
hakunamatata
haker
hairypus
hairyass
Hailey
hailee
haile
hagler
hagar
hafeez
Hacked1
H2Tmc4g358
h0td0g
gwydion
gvd900
guwip5
gustavus
gusdog
gus123
Gunnar
gunmen
gummie
gumboot
gumbee
gulshan
guldana
guitar99
guidog
guggen
guestpas
Guest1
guessme
gudvin
guanaco
gu1tar
gtycbjyth
gtnhj328903
gtnhj123
gtnheif
gthtdjhjn
gthgtylbrekzh
gthcgtrnbdf
gsktcjc
gruzin
grunting
gruner
grundig
gruffy
gruesome
grub
growl
grow4
groves
grounds
groundhog
grouchy
grotto
groper
groentje
GRIZZLY
grizly
griz
grinnel
gring
grimjack
grigri
griggs
griffi
Griffey1
greyson
Grendel1
greg11
greensky
greenpea
greenl
greenguy
greengrass
greenfield
Greenday
greenber
greeley
greeen
greebo
greatful
grateful1
grata
grassman
gras
grapevin
grapefru
grape22
granules
grandma2
grandia
grampa
graha
grad2000
graciela
gracee
grace3
govols1
gouge
gottogo
gotahack
gossipgirl
goreds
Gordon1
goracing
gopens
googlecheckou
goofie
goodpass
goodnite
goodboy1
goodbo
good12
good11
gonzoo
gonzo2
gondon
golubev
golosa
golly
Gollum
golfer22
golf10
golf02
golem
goldwind
goldwin
Goldie
goldhill25
golden2
golden11
golden01
gold77
gold1234
Goku
gohard
gogoboy
gogo12
goforit2
godzilla1
godman
godis1
gocolts
gochiefs
gobucks1
gobshite
gobeavs
goatass
goat11
gnik
glorybe
glofiish
globule
glassy
glaser
glamdrin
glady
gjleirf
gjkyjkeybt
gjakova
gizmodom
gizmodog
Gizmo1
giving
giuliett
gitarist
girth
girlsgir
girlpower
giovani
giovan
gink
ginawild
gin55ger
gimli1
gijane
giggsy11
gigem
gifgif
gide
gibralta
gibber
gianfranco
giacomin
ghjrkznsq
ghjgtkkth
ghjghj22
ghjcnjdkfl
ghjcnbnewbz
ghj100
ghfrnbrf
ghfgjhobr
ghbywtcc
ghblehjr1
ghbjhf
ghbdtncerf
ggggg1
gforce1
gfnhjy
gfktdj
gfifgfif
gfhrtn
gfhnbz
gfhjkmxtu
gfhjkm21
gfhjkm2011
gfhjkm123456
gfhjkbr
gfhflbuvf
gfhfktkm
gfgfvfvfz
gfgfg
gfcnthyfr
gewitter
getwet
getusome
getright
getone
getmoney1
getlucky
gesine
gersh
gerrie
germ
gerkin
gerasimov
gera
george9
geoman
geography
gentlema
genoa
geniusgenius
genesis9
geneseo
generous
generali
general2
general007
gemmas
geller
gelato
gektor
geiler
geibyrf
gege
Geezer
geeks
geddy
gbhfymz
gbdfcbr
gb2312
gazprom
gaz29wak
gaypride
gayatri
gayane
gawker12
gavr
gautier
gaudy
GATOR
gatinha
gatherin
gastro
gashish
garwood
garry123
garnett2
garman
gargar
gargantua
gargano
Garden
garde
ganja420
ganduras
gandalf4
gamez
galochka
galley
galland
galiya
galin
galati
gainer
gaggag
gagarina
gaby777
gabriel6
gabby123
gabby12
gabbag1
g3ny5yof
fyz123
fyutkbyrf
fynjy123
fynbdbhec
fylhtq123
fuzzfuzz
futures1
Future
fussel
fuser
fuscus
funnyboy
funding
funchal
fun4us
fumbling
fullmeta
fullhouse
fujiwara
fujifuji
fugger
fuesse
fuerza
fuckyu
fuckyou5
fuckyou11
fuckyea
fucksuck
fuckoff9
fuckoff123
fuckital
fuckingshit
fuckings
fuckball
fuckal1
fuck1108
fubar2
fthjgjhn
fryguy
fruit1
frosted
Frosch
fromto
Froggy7
frog13
frog1
frisson
frill
Fright1
friday11
friar
fretless
fresh123
frequent
freerun
freepussy
Freeman
freelance
freejack
freehold
freefly
freedom11
freecom5
freebee
freds
frederico
fredek
freddog
freddie0
fred62
Freaky
freaknas
freaking
Freak
frdfhtkm
frazzle
franzisk
frankie3
frankb
frank55
frank333
frank13
FRANK1
fram
fragile1
foyer
foxxxy
foxtail
foxhole
fourramv
fourcats
fountain1
fortitud
forsyth
forsex
formula2
formica
formic
formee
forget1
fordf100
fordcar
fordboy
ford351
force10
footsies
footlock
footfoot
footfeti
footed
football24
football22
football10
fonfon
fonda
follies
folk
fokina
foible
fofinha
fM2zxc49
flypaper
flyleaf
flyers25
Flyers1
flvbybcnhfwbz
fluffer
floydd
FLOWERS
Flowers
flower123
floss
florida6
Floria
Floppy
fliptop
flippo
flints
flim
flight23
Fletcher
fleshy
flee
flatro
flatiron
flashme
flash80
flash7
flaquit
flapwnage
flanner
flameng
flagstaf
flags
fl4rg3n
fktrcfirf
fkmnfbh
fixture
fiveten
FITTEC
fission
fishstix
fishdog
fishbulb
firstaid
firewolf
firewave
fireside
firefox1
FIREBIRD
fireball5
firearms
fire77
fire1234
fiorella
fineass
findou
final1
filo
fill
figueroa
fignewto
figment1
figafiga
fifty1
fifififi
Fiesta
fieruld
fieldy
fids
fidelio1
fibers
fiber
fhyjkml
fhnehbr
fhneh123
fh18p2ss
fgtkmcbyxbr
fgh123
fewer
fetishes
fetisch
ferraro
ferrari360
Ferrari2
fenomen
fenice
fender99
FENDER
fellas
felixthe
felix7
felix12
FELIX
feetman
fedya
fedeisor7
fearthis
fdsf
fcnfyf
faxmodem
favorites
fault
FATHER
fatcat22
fatb0y
fatass1
fastporn
fassenoc
fassen55
farty1
farthead
Farscape
farmacia
farkas
farhana
farfel
fantasys
FANTASY
fantan
fansrus
fandorin
familygu
falling1
Falla123
faldo
falcon01
fal4317
fairport
fagott
fagg99
fackoff
faceboo
faaxma
f1atus
f14tomca
ezrider
ezcleo
eyeless
eybdth
extent
expo
explosion
explor
expedition
exotica
existenz
Excalibur
ewqdsacxz
ewelinka
evseeva
evinrude
evette
everybody
everett1
Everett
Eventlog
evangeline
evad53
eva2000
eva123
eurostar
euro2004
eurek
eugenie
eudora4
etude
etaylor
estrange
estel
esteban1
esselte
espraber
espire
especial
eshesh
escargot
escape1
escapade
esbjerg
ERywgan5
errol
erotika
erocdrah
ermakov
erkebulan
eric13
eremin
eremeev
eqeS606898
epping
epidemia
entity
enterr
ENTERPRI
enterent
ENTER
entele
enric
enhanced
england2
engeltje
engel1
encounte
empower
empacher
emotional
emoney
emoemo
emocore
emmylou
emmy
emmi
emmapeel
emmalou
emmalee
emma11
emin
emily3
emilian
emiguo
emeralds
emerald2
Emerald1
embers
Elvira
elvi
elsworth
elodi
elmerfud
elmejor
ellsworth
elliot1
ellina
ellens
Ellen
ELIZABET
eliz
Elijah
elieli
elias1
elian
elia
elfman
elephants
eleni
elena2011
element7
electrical
electri
elate
elan
eladio
ekx1x3k9BS
ekaj
eintracht
eights
eieiou
egypte
egwene
egipto
eghfdktybt
eggnog
efremova
efgh
edwin1
edward7
eduard0
edlight3
edifier
edgerton
edelveis
edededed
eddie4
EDDIE
edcvfr
ecuador1
ecuado
econom
ECLIPSE
eclair
echostar
ebbs
eaters
eateat
eatcunt
easynews
easyed
eastpak
eastlake
earthy
earlmill
eanut
eagles00
eagle777
eagle6
eagle22
eagle12
eagle01
dziadzia
dybvfybt
DXN36099
dvdrom
dustyboy
durkin
duran2
duran1
dupa12
dunkan
dundun
dundee1
DUNCAN
dumpty
dumptruck
dumitru
dumbo1
dumas1
Duluth
dulles
duke99
duke14
duilio
dufresne
duece
duduka
dudnik
dude13
dude10
dude01
ductile
duckies
duck123
duce22
ducados
duc916
Dthjybrf
dtdtdt
dtcyf2010
dtctkmxfr
dt426a37
dsnfksr
dslack
dsaewq
dsade
drunks
drunkard
drumnbas
Drummer1
DRUMMER
Drummer
drugba
DROWSSAP
droptop
droid
drkenny
drive487
drinkme
drillsgt
DrExploi
drew87
drew1
Dresden
dreher
dreamworks
dreamwor
dreamtea
dreamin
drazil
dranoel
drakyla
drake2
Dragoon
dragoo
dragonbo
dragon85
dragon29
dragon27
dragon19
dragon100
draconian
Dr342500
dpxtrm
dps140786
DPCDPC
dozers
downloads
doverdel
douc1234
dostup
doronina
dornier
dorien
dorf
doowop
doorstop
doorss
doordie
doolittle
dookie1
doodlebug
doodle12
donut1
dontstop
Donnie
donnalee
donnab
DONNA
donkey2
donkey12
donita
dondi
donatas
Donald1
domovoi
domolink
DOMINO
domingue
dolphine
dolphin8
dollop
dollbaby
dollarbill
dolgov
dolce1
dolboeb
dolan
dogshow
dogs123
Dogs1
DOGS
dogpatch
dogmatix
Doggy1
doggiest
doggg
dogface1
dogeatdo
dog111
does
doeboy
dodgy1
DODGER
dodgeman
dodge01
dodadoda
docent
dnomyar
dnodno
dnjhybr
dmitrieva
dl1119
dkny
dkfl123
dkfcjdf
djmuls
djlzhf
djibouti
djhjyjdf
djengis
djclue
dixies
dixie2
divided
diverdow
divan
diunilaobu8*
distress
displays
dishwash
disguise
discworld
dirtysouth
dirtyone
Director
dipset1
dinozavr
dinodogg
dinmor
dinker
dinkel
dingoman
dimonchik
dimon1992
dimdim
dima38821
dima1991
dima1988
dima1986
dima1984
dima1972
dilly1
dillon1
dillhole
dillan
dikobraz
dikkelul
dikdik
digital2
Digital1
diggerdo
digby
dietcoke1
dieguit
diediedie
didel95
dickss
dicklips
dick4u
dicarlo
dianita
dianes
diamondz
diamondt
diamondj
dialup
dialtone
diakonos
diactfrm
diablo12
dhl123
dfybkkf
dfvgbh12
dfubyf
dfp2110
dfkthbr
dfgdrb5se4
dfgdfgdfg
dfgdfgdf
dfg123
dfcbkbyf
dfcbkbcr
df3sypro
dezembro
dewdrops
devinn
devils22
devildoc
devildo
DeviceClass
devere
devadeva
deus
detroit6
detroit4
Detroit1
DETROIT
detnews
DESTINY
destination
desperate
desktop1
desklamp
desiree1
desertfo
desadov
dern
derail
denzil
denson
dennise
Denni
denisdenis
denis12345
dendenden
den4ik
den1020834880
demon66
demetrius
delux
delton
delta11
DELTA1
delt
deloitte
delo
dell1234
delet
delavega
delane
deke
deja
degenerationx
default1
deere1
deeply
deepdeep
deena1
deeker
deed
deecee
dedushka
dedmoroz
deco
december2
decaview
deca
debra1
debiloid
deathman
DEATH
dearest
deanna1
deaner
DEAN
deadspace
deader
deadcat
dead12
ddss
ddkk
dd7799
dc2000
dbz123
dazz
daze
dazdraperma
daywalke
daytrip
dayna1
daylily
davout
davita
davinc
davies1
davidhbk
david33
david1984
david16
david15
david14
david09
davey1
davenpor
dave28
dauphine
daugavpils1
datuna
dasreich
dasdasd
darwei
darts1
darsol
DARREN
darnoc
darmstad
Darkside
darkomen
darkhorse
darkcave
dark66
dark12
darjeeling
dariu
darinka
daring
daphne1
danyelle
danton
dannyl
danny22
dannii
danner
danilova
danijela
danifilth
danielm
daniel4
daniel27
daniel24
daniel19
daniel17
daniel0
dania
dangle
danette
dancin
dancer13
damon2
damnation
damie
damann
damaged
daly
Dallas22
dallas2
dalibor
DALEJR
daktari
dakota88
dakota11
dakar
dak06ota
daisho
dainty
dagmara
dafydd
dady
dads
daddyd
daddyboy
daddy01
daddies
dadad
dackel
dabass
da0206sf
D36E96D
D36E96C
D29EF7
d12345678
cynical
cylinder
cydonia
cyclope
cybershot
cybermax
cxzcxz
cxfcnkbdxbr
cwizintr
cville
cuttie
CUTLASS
cuteme
cursive
cursed
cups
cupoftea
cupidon
cupido
cupcak
cupboard
cuntlips
cumwhore
cumsluts
cumshot1
cuminme
cumberland
culotte
cuerv
cuddles2
cuchito
cubbys
cubans
ctvthrf
ctrnjhufpf
ctrhtnfhm
ctrhtn47
Cthulhu
csrnsdrfh
crystal9
crystal8
crystal5
cruzados
crusoe
crunchie
crump
cruisers
crowe
crouch
crosser
cromo2002
crimso
crhtgrf
creeksid
creeks
creech
credo
CREATIVE
Create
crazyone
crazyguy
crazydude
crazydog
crazy88
crazy69
craz
crawling
crawdads
craft1
crackle
crackerj
Cracker1
cr250
Cq883tv
cprofile
cpe1704t
COYOTE
coyot
cowshit
cows2
cowmoo
cowgirls
cowboy23
coward
cowan
covet
coupcir
cougar99
cossacks
cosmocat
cosit
cosine
cosima
cosgrove
corycory
cortana
corsa1
corps4
cornwell
corning
corney
cornerst
corker
coriolis
cori
corgis
coreys
corellia
core2rap
cordov
cord
copper12
coorslt
coolz
coolit
coolguys
coolcat1
coolbob
cookies2
cookiemo
cooked
conundrum
conundru
controle
cont
consultant
consult1
constitution
conrado
conrad1
Connor
Connie1
conifer
conger
confusio
coney
conejit
condos
concho
conch
concetta
comrereg
computer123
comphh
compare
compaq99
comp1234
comfort1
comedyclub
combined
colter
colonels
colman
Collins
colleges
colita
coli
coldone
colchester
colada
coelho
codie
coder
cocobean
cockslut
cockroach
cockface
cock12
coccinella
COCACOLA
cobra6
cobra5
coaxial
coasters
co2002
cnfylfhn
cnfrfy
clyde7
clung
cluedo
clownfis
closure
Clitoris
clitclit
clip
Clinton1
Clifford
clicks
clergy
clementin
CLAYTON
clayto
claudy
claudett
Claude
claud
classof0
classifi
classical
classica
class99
class1
clarky
clarkent
clare1
clarabino
clancys
CLAIRE
ckjdfhm
ckfltymrfz
cjybthbrcjy
cjrhjdbot
cjkyw
cjklfn
cjkjdmtdf
cjcfnmdctv
city1
cisneros
ciro
cipa
ciotion
Cinnamon
cindyc
cindy123
Cinder
cilia
cilantro
cicely
ciaran
cia187
chutiya
CHURCH
chuleta
chulai
chuckste
chuck99
chsz20
CHRONIC
chrisw
Christina
CHRISTIN
Christ1
chrisr
chrisman
chrisi
ChrisBLN
chris74
chris07
chopper2
chong1
cholco01
chocolate2
Chocolat
chocola
chocha10
choad
chloe2
Chloe
chlo
chix
chivas11
chiswick
chips98
chipper2
chipper10
Chipper
chipman
chintu
chinny
chinka12
chimpo
chimney
chime
chilla
chijioke
chiens
CHIEF
chickie
chickenb
chicken3
chickade
chichago
chiang
chevy9
Chestnut
chester123
cherry7
cherry20
chernova
chemnitz
chelsy
chelsea5
CHELSEA1
chella
chekhov
chegevara
cheever
cheeseman
cheese123
cheese01
cheery
cheerful
check6
chechnya
chau
chatroom
chassis
charts
charoot
Charly
charlotte1
charline
charleston
charles5
charity1
charger7
Charger
characters
chaps
chappi
chanter
chantel1
channa
changes1
Changeme
change123
chanchal
champer
champa
champ24
chaka1
chad1
chaca
chaazmo
cha
cgfhnfrvjcrdf
cfvfzkexifz
cfvfzcxfcnkbdfz
cfvfhrfyl
cfvcjy
cftvgy
cfnehy
cfkfdfn
cfifvfif211
cfieyz
ceylon
Cessna
certobj
cerritos
cephas
cepeda
cents
celtics33
celtic12
cellardo
celexa
celestine
celeste2
celebrate
celebrat
cecille
cecil1
cecece
cece
CE6AC8
cdtnkfyf1
cdtnekz
cdjjlf
ccccc1
Cc219fi
cbvtycbyjrbz
cbvcbv
CBR900RR
cbcbcb
cbanch
cazador
cavs
cavalera
catz
catttt
cattail
catracho
CATHYL
cathal
catera
CATDOG
catch222
catbutt
catawba
catatoni
cat666
cat12
cat111
casull
castings
castilla
cassin
cassie01
cassel
cassady
casper11
casket
casino1
casillas
cashel
cashcow
cas123
cartman2
CARTER
carryon
carrick1
carpet1
caroll
CAROLIN
caroli
caroleen
carnut
carnie
carnage1
carlot
carlosa
carlos13
carib
cariad
careers
carebears
cardoso
caramail
captain9
captain7
captain2
capstick
capone1
capon
capman
Capital
cap232
cap123
caniinac
cancun1
canarsie
canarias
Canadarr
canada01
camvid30
campfire
cameron9
camello
cameljoe
camela
camaleo
cam123
calypso1
callum123
CallSceSetup
calloway
calley
cacete
caccola
cacao
caca123
cabyrc
cabrera
C72E74A2
c5vette
c1234567
bytor
bytccf
byrnes
byrd
byntuhfk
bygrace
bygone
bycgtrnjh
buzzy1
buzzbomb
buziaczek
butty
Buttons
BUTTMAN
Butter1
BUTT
buthole
butche
butchdog
busy56
busway
busterb
buster7
buster0
bushnell
bushmill
bushhog
bury
burwell
burto
burst
burnley1
burnham
burlroof
burge
bunnyhop
BunniHoni
bunker1
bunk
bulwark
bulsara
bulma
bullwhip
bullrider
bullocks
Bullet1
bulldog9
Bulldawg
bullcrap
build1
buhbuh
buggs
bugger1
bugfree
buffy99
buffy69
bufford
BUFFALO
Buffa1
buell
budman22
budlight1
bud123
bud1
bucs99
bucko
buckner
buckdeer
Buck
bucaneer
bubbler
bubblebu
bubbagump
bubbagum
bubbaboy
bubba01
bubabuba
bsanders
bs2020
bryant8
brutus12
bruteforce
bruski
browntro
Browns1
browner
browncat
BROWN
brotherhood
brophy
brooker
BROOKE
brook1
broncos3
bronco7
Bronco1
brock1
brochet
broadcast
britty
britany
brinkman
brindisi
brigitta
brigid
brief
bridie
brickhou
Brianna
brianl
brian13
brents
brennen
bremer
BREEZE
breez
breeanna
brechin
bream
breakin
breakdow
brazil66
brawley
bravo2
bratty
brasskey
brasse
branston
brandonl
brandon9
Brando
brancusi
Brady
BRADLEY
bradipo
brad123
BRAD
bpevhel
bozwell
boyce
boyblue
bowwo
Bowling
bowl2000
bowflex
bowel
bout
boulou
boulder1
bouchra
bottleca
bots
botany
BostonLi
boston69
boston01
bossyak123
bossman1
bosse
boss123
boss12
bosox1
bosom
Bosco
borzoi
Borussia
boriss
bordeau
borat
bora
boppers
bootboy
bootboot
boooty
boomstic
bookend
boogie2
Booger
boobz
booby1
boobs123
booboy
booboobo
boobers
bonzodog
bonsoir
boniface
bongload
boneym
bones123
bonedadd
bone1
bondie
bondages
Bond
bonbo
bonaire
bombon
bomberos
bomber123
Bomber1
bollywood
bolleke
bolle
boleslaw
bolbo6a6s
bolabola
bokonon
bokkie
boiler1
bogy
bogie1
bogeyman
bogdanov
Bogart
bofa
boeing73
BOEING
bock
boccoli
bocachic
bobweir
bobthedo
bobolina
bobmarley1
bobman
bobhope
BOBCAT
bobby69
bobby3
bobbles
bobbafet
bob743
boat11
bmx4life
bmwz3
bmwm33
bmwk1200
bmw320d
bluphi
bluewolf
bluesy
bluesky2
BLUESKY
bluemonkey
bluehawk
bluegree
bluegrass
bluefrog
bluecrab
blueboy1
blueberry1
Bluebell
bluebel
blue74
blue666
blue43
blue17
BLUE123
Blue123
Blowjob
blount
bloody1
bloggs
block2
blizzar
blitzkri
blitzer
bliss3
blip
blinkers
blinder
blinded
blehbleh
bledsoe1
bleat
blbjn007
blasto
blaser
blank123
blakstar
blake123
blahblah1
bladez
blade13
blackwoo
blackshadow
blackmai
blacken
blackcow
blackangel
black8
black73
bjsbjs
bjoern
bizzy
bizzaro
bizness
bits
bitchsla
Bitches
bitch12
bitburg
bisou
bisons
bishops
bisho
birthday0
birthda
birgitta
birdseye
birdseed
BIRDIE
biosinfo
binnie
binnen
binman
binky2
bingobin
bingo69
bingo5
bingle
binge
bina
billydog
billies
billie1
billg
bill12
bill01
bigwin
bigtrain
bigsteve
bigshit
bigs
bigron
bigrock
bigrick
bigrat
bigqueer
bigpipe
bigone2
bigmig
bigmatt
Bigmac1
bigge
bigfish1
bigern
bigeagle
bigdoug
bigdog99
bigdog12
Bigdaddy
bigcoc
bigcheese
bigcats
bigbush
bigbuds
bigboobi
bigbloc
BIGBEAR
BIGBALLS
bigballe
big1foot
bidden
bibika
bhbitxrf
bhbhbh
bgbgbg
bezparolya
bevo
bevinlee
beverly1
between
betula
bettys
betterth
betina
bethbeth
betacam
beta12
bestpker09
bestial
bestever
besson
bert12
berrys
berryman
bernadett
berk
beringer
berezin
berenger
beowolf
benzino
bentley2
bentle
bent6
benso
benni
benjij
benitez
bengt
bengrimm
benard
ben
belvoir
belvedere
belove
belomor
belo
bellss
bellow
bellhop
bell123
bell1
belive
Belinea
belief
belgique
belgar
belgacom
belette
belaya
begone
beggar
beeson
bees
beers1
beerlove
beer22
beenie
beefstew
beefheart
beccaboo
bebemi27
beatles2
BEATLES
Beast
Bears1
bearboy
beamer1
beales
beabea
bdusty
bdunn1
bdsmbdsm
bdfytyrj
bbbbbbbbbbbb
bbbbb1
bbbb7777
bbbb1
bball24
bball123
bball12
bb66PP
bazzy1
bazzer
bayern1
baubau
batmans
batman8
batman22
batman10
batist
bater
basti
bastard2
bastage
basswood
bassmaster
BASSMAN
bassi
bassdrum
basket12
basin
basf
baseball6
baseball14
baseball123
barthez
bart123
bart01
barrymor
barry20
barriste
barrio
barrab
barony
barney123
barges
barbeque
barbariska
Barbados
barashka
barak
barabba
barabashka
barabas
banquo
bannon
banning
banner1
bankbank
banister
bandit99
bandit123
bander
banbury
banano
banana69
banana123
banana01
banan123
bamberg
baluga
baluba
Baltimor
balrog12
baloon
ballys
BALLS
ballou
ballin1
baller22
ballas
Ball1
balinor
balers
baldisar
balans
bakunin
baker123
bake
bailbond
bagpiper
baghouse
Baggio
bagged
badreligion
badgir
badgers1
badgas
baddad
badbrad
badboy21
Badboy
badass12
badas
bad1
backstre
backflip
baccus
baccarat
bacard
baca07
babyoil
babyjay
BABYDOLL
baby15
baby0
Baby
babula
baboso
babo4ka
babay123
babatund
babar
babaev
bababooey
bababooe
b747400
b486arn
B2rLkCJG
b16delta
b0ngh1t
b0nehead
azzarra23
azxsdc
azxcvbnm
azsxdcfvgbhn
Azsxdc123
azflkjw1
axis
axant5
AWESOME
awdqseawdssa
aware
aviles
aviano
avenir
avellino
avatar12
AVATAR
avalo
automobile
automati
autohaus
aussi
aurora1
Augustus
augustine
august26
august23
audrey2
audirs6
audirs4
audiaudi
audi90
atytxrf
attits
attilla
attil
attic
attest
attentio
attend
ATTACK
attache
att923
atsupas
atropine
atmosfera
atljhjd
atliens
atiradn1
atherton
athen
aten
ateam
at_asp
asusasus
astros1
astri
aston1
asterlam
astarta
asswhole
assneck
assisi
assholee
asshole69
assfuck1
assfan
assboy
assassi
asp123
asiansex
ashwini
ashot
ashley3
ashley13
ashleigh69
ashfield
ashamed
aset
ASDFGHJK
Asdfghj1
asdfgh0
asdfg6
asdfdsasdf
asdfdsa
asdf123456
ASDF1234
Asdf1234
Asdf123
Asdf1
asdasdasdasd
asdaasda
asd9fgh
asd789
Asd12345
ASD123
asan
asain
As123456
arusha
artur123
arttatum
arts
artista
ARTIST
artis
artifact
Artemis
artemida
artem2001
artem1988
arrow123
arron
array
arrack
aroma
Arnold1
armani1
Arkansas
arkada
Arizona1
ARIZONA
aristide
arise
ariella
arianne
argos
arcoiris
ARCHIE
aragor
aqwzsxed
apsara
april200
april20
appletree
apples2
Apples1
appleapp
apple4
appetite
aotearoa
antonios
Antonio1
antipov
anthonys
anthonym
anther
ansari
anonimo
anomaly
anny
anniversary
Annie
anni
annamarie
annalise
annalee
anna79
anna69
anna25
anna1983
anna1980
anna1975
anna18
anna17
ankit
animatio
animas
animal12
Animal1
anichka
ania123
anglin
angie69
angie01
angharad
angers
angelos
angelone
angelik
angelgirl
angelfir
angelas
angel66
angel24
angel23
angel200
angel16
angel15
angel101
angel00
andy24
andrius
andrey2010
andrey1234
andrew9
andrew77
andrew6
andrew5
andrew23
andreu
andresito
andres1
Andreas1
andrea10
andrea01
andre3000
$andmann
andersso
anavrin
Anastasi
anarhist
analman
analia
ana123
amylou
amygrant
amygdala
amster
amraam
amorsit
amorphis
amoco
amish
amfiton
america0
amer123
amend
ameise
amcuk
amco442
amble
ambert
amazon1
amanita
amanece
amandas
amanda19
amaizrul
amadeu
am1234
Always
alvarad
alva
Alucard
alter1
altavist
altamira
alrighty
alpo
alpha99
alpha66
alpha101
ALPHA
aloha123
allworld
allsorts
allsex
alliswell
alliecat
allentow
Allen
Allan1
all4u7
all4u6
all4u4
alkohol
alison88
alisokskok
alisha1
alina98
alina777
alina1997
alik
alijon
alienware
Alicia1
alicia1
ALICIA
aliceadsl
Alice1
alica
alhimik
alfiya
alexsander
alexandr1
alex93
alex555
alex55
alex2539
alex2006
alex1994
alex1993
alex1991
alex199
alex1984
alex1980
alex1974
alex1967
alessa
alertpaydoubl
alertemailms
alerte
alero1
alembic
Aleksey
aleksandrova
aleksandrov
Aleksandra
alegra
ale123456
alden
albrecht
albireo
albertus
alberto2
alberta1
alban
alaskaml
alaska12
alas
alanya
alan123
ALABAMA
akvamarin
akula
akuankka
akerke
akbota
akademik
ajones1
ajones
aiyana
aitken
airtours
airship
airplanes
airplan
airpark
airone
aionrusian
ainur
aint
Aikido
aiken
ai1370
ahamay
agrippa
agnieszka1
agnieszk
aggies00
agent47
agent00
agave
agata
afynjv
after8
african1
afresh
afhnjdsq
afhblf
afght
aexp2b
aeross
aeiou1
aegean
advisory
advanta
advance1
adsads
adrienn
Adrian1
adriaan
adorable
adnega
adivina
adidas22
adidas10
adgjmptw0
adgjl
adfasdf
adewale
adelman
adelle
Adelaide
adelaid
add123
adbt14226
adanac
adair
actor1
actions
action2
acroyear
acissej
acinom
achilleus
achiever
achieve
acetone
accusync
AccReader
accounti
accountant
accoun
accord99
accessme
access49
access3
access21
acc3ss
ac4479
abyfycbcn
abuser
abuelo
absolut1
abramo
ablett
ability
abelard
abeatle
abe123
abdullayev
abcjm
abcdefghijkl
ABCDE
ABCD
abc_123
abbot
abbeyroad
aarong
aaron2
aaron11
aaro
aapjes
aadams
aaaaa2
aa1998
aa12345
a58Wtjuz4U
a550777954
a1b2
a1a2a3a
a1a1a
a12s3w1
a11853
9inchnai
9incher
9fingers
9dragons
99harley
99999a
99990000
9994
99899989
996969
9965
9949
9934
9933
9915
991199
98919891
988776
98789878
987654a
987654321w
987654321d
9848xx
9823
9812
9789
96randall
969
9654
9652
9611
9609367
95altima
95959595
9563
9525
951753a
9514
9512357
9511
9394
9360
93399339
9339
93339333
9303
9295
9283
927927
9248
9234
9211
919293
9191403
9151
9149
91199119
911777
9112
9110024
910910
9101989
9099
909000
902860
9022
9016
8yssrcxt
8ikjhy7u
89857
8982
89658965
89128830153
89055521933
890000
88ford
88dan88
88888888d
888444
8872
8856343
8851
8841
8816
881488
8766
8765436
8731
8723
87158715
870498
8691
8679
86753091
86753
8666
8654
86428642
86400
8589
8587
8563
855200
8531
8515
8492
8482
8472
8433
8410
8388
8384
837291
8362
8295
8284
8280
82517
8251
82466428
8245
8230
8222
8186
8183
8161
812812
8128
8118
80lt80lt
80990606390
80969260620
80966095182z
8091
8089
80679047880
80672091913
80663635606
80633459472qw
8041982
800620
7houdini
7995
7963
7939
7906
789512357
7894562
7891
7886
7877
7859
784512963
7811
779999
778877
778548
7783
7779
777777q
7777777v
776969
7757
7753
77441
770770
7668
7665
7650
7648
75987598
7595246
759153
7571
753698
75321
753159456
7530
751953
7473
7469
74527452
7428
7421
7420241
7420
7418
741456
7407
740106
7385
7366
7361
7360392
7351302
7334
7326
7308
729729
72779673
7275
7250
7246
7243
7238
72277227
7218
7214
7200
717273
7172
717071
7166
7162534
715715
7155
7147
7129034
7122
7115
7080
7058
7049
7046
7012
7002
6strings
6serv9
6BC8A365
69sex69
69love
69erin
69bronco
69886988
6985
6978
6972
6969696969
6968
695847
693693
6929
691969
6903
68iypNeg6U
68chevy
6890
6872
6871
6835acdi
67ford
6780
6779
6773
6746828
6722
6713562
66stang
6696
6673
6671
66706670
6667370
66668888
666667
666666z
6666661
666661
66554433
661944
6615
6611960
660066
658346
6569
6567
65458845
6545
6523
6519
6504
6501
6496
6482
646646
6461
6449
6436
6422
6420
6412
6410
6400
63chevy
6390780
6378351
636963
636234
6345
63366336
63286328
632632
6325
6322
6311
6300
629334
6292
62896289
6286
6282
6271
6246
6234
6196
6182
6181
6177
6160
615615
6155
61536153
6151
6137
6123
6122
6114
6108225
6103
609609
6095586
6030
6028
6022
6019
6018
601601
6013
6009
6002432
5td76use
5clint
59pennsy
599eidhi
5977
596444
59575153
58GREEN
5893
588588
5877
585885
58585
57ford
579579
577777
577191
5771
57595153
575859
575575
5733
5714
56chevy
569874123
5679
567666
56745674
567123
5666
5658
5647382910
56468553
56465646
564236
5611
5595
5585
5566778899
556633
556611
55558888
555566
55555t
5552
554411
553zolf21
5534
553322
55277835
55255525
5514
551255
5511
54chevy
5495
5468
546252
5459
5451
5443
5436
54322q22345
5425
5407
538538
5380
5374
53665366
5361
5346
5344
5341
5324
53115311
5310
5305
5281
5273
52545658
525352
5247
523614
522552
5218
5215
52145214
5206
5205
5196
5177
5138825
5136
5090
50694201
504504
5036
5021
501501
500705738
50005000
4wheeler
4today
4mandy
49merc
4998
4990
4984
4975
4974
4959
4925
4919
4887
4863
4857
4850
4849
4843
4837
4820
4815162342s
4811
4799
479066
4769
4763
475747
4750131
4750
47474
4743
4737
4733
4729748
4713
4700
46948530
469469
46855343
468468
4680
4668
4667
46624662
4661
46604660
46540535
46494649
4648246482
4634
4628
4624
4598
4592
4589
456870
45665
456123q
45612378
454987
45344534
4528
451384
45124512
45034503
4491
4475
447447
4467
44665555
4464
444719
4446
4445
4442
44324432
4431
4427
441122
4405
440000
4352
4351558q
4340542zx
4335
4333
4315
431431
42p37
4276
4272
4270
4269115
42674267
4254254
42514251
425087
42506
4244
4243216
42344234
4228
4214
42124212
4204life
420187
4192
418541646
4180
4168
415666
4155
4147
413413
413121
41304130
4129
4121412
40404
40124012
4005
40044004
3somes
3J8zegDo
3drcgiy6
3angels
398399
394600
3940
3936
3925
3923
3920
3916
3911
3891
3873
3866
38553855
381381
3803
3785
377377
37733773
3758
375375
373996
37133713
3713
3708
370370
3702
3696
36913691
369100
36903690
3675
3672
365850413
3651
3641
3638
3632
3626
3622
36143614
3614
3608774
3606199
3578vb
357000
3546
35403540
35353
3532
3530
352352
351472
3510
3508
3504
35003500
34lestat
3494
3465
345891670
3454051maksim
3446
34433443
3441
342434
3424
3423
3418
3408
339933
3391
338833
338338
3371
336905
3366441
3361
335566
334918
333777999
33366699
3324
3319
33133313
3312
33113311
3310
3307
3306
3304895
3299
3297
3281
3279
3277
3262
3243
3241
3229
32233223
322322
32167890
32132132
3212321
321111
3208080
3205
320000
3197
3193
3190
3186
3184
3180
3179
3177
317573
3172
3169
3168
3167
31553155
3147
3145
31423142
312400
3121013
3117
3116
31143114
311299
31122007
31122005
31122004
31121962
31121961
31121900
3111995
31108
311070
311064
31103110
31101959
31101953
310866
31081967
310779
310766
310756
31071968
31071960
31071955
3106
310571
31051959
31051954
31051952
310397
31035518
31033103
310199
310198
310172
310171
310170
310162
31012003
3082
30703070
3067
305256
3044
3024
3022
30201
301mas
301297
30128
301268
301266
301264
301260
30122004
30122002
30121965
30121963
30121957
301198
30112000
30111960
301096
301077
301074
301062
301061
30101999
30101965
300998
300978
300964
300958
300870
300864
30082000
30081957
30081952
300773
300768
30072002
300698
300655
300600
300565
300562
30052003
30052001
30051967
30051960
30051955
300468
30042001
30042000
30041953
300395
300372
300366
30036
300198
300169
300166
300165
300003
2timer
2tight
2slick4u
2seams4u
2nipples
2insider
2hearts
2guard
2ewq1
2dollars
2cool
2beornot
2b1ind2c
2974
2959446
2925
2921
291298
291295
291272
291268
291259
29122000
29121963
29121962
29121957
291197
291174
291161
29111967
29111953
291066
291065
291064
29101998
29101959
29101956
290997
290969
290962
29091966
29088
290866
290862
290858
29082001
29081960
290762
29071957
29071954
29071952
290665
290662
290599
290577
290568
290561
29052001
29051964
290461
29042002
29041954
290378
290361
290360
29031956
290264
29021952
2902
290197
29011964
29011960
29011953
28ttqaq
2899
2897
2892
2857
2827
2821
28198
2816
2813
281299
28121961
281206
281204
28118
281162
28111963
28111956
281111
28110
281074
281070
28107
281069
28102006
28101953
28101952
28091962
28091961
280866
28081957
280775
280771
280768
280766
280765
28071967
28071958
28071956
28071955
280662
28062001
28061965
28061963
280568
280563
28051998
28051963
28051956
28051952
280472
280467
280465
280460
28041999
28041957
28040
280373
280366
28032001
28031999
28031965
28031959
280296
280271
280266
280263
28021962
280170
280159
28011951
2799
279279
2788
277rte87hryloitru
2771
2756
2750
2746685
2736
2719
271297
271274
271263
27121956
271199
271175
271168
271155
27111963
271076
271066
2710198
27101965
27101962
270997
270970
270960
27091963
27082000
27081962
27081960
270798
270774
270765
270760
27071966
27071959
270698
270667
27061961
27058
270566
270562
270497
270467
270464
27042009
270366
270360
27031965
270269
270267
270265
270261
270175
270171
270168
270162
270156
27011954
27011952
2687
2685
2659
2636
2635
2623020
26222622
261986
261297
261273
261268
261200
261197
261176
261166
261160
26112611
26111999
26111954
261071
261063
261061
261056
26101999
26101956
26101954
260993
260964
260963
26091962
26091960
260896
260876
260870
260865
260864
260855
26081956
260796
26071987m
26071957
260666
260660
26061954
260597
260568
260566
26052007
26052001
26051966
26051961
26051957
26042002
26041959
260399
260369
260363
26031960
26031959
26031953
260297
26021961
26021955
260197
260195
260171
26012010
26011953
260000
25or624
2594
2591
2585
25844125
258369147
258079
2580369
258013
2576
2571
2565
25632563
25502550
25456585
2538
253425
25242524
252025
251995
251992
251987
251982
25198
25152515
251268
251260
251258
25121967
25121959
25121955
25118
251172
25111959
251106
25110
25107
251063
251062
25102001
251000
250997
25092001
25091963
25091955
250899
250898
2507905048
25078
250764
250763
250762
25072002
25072001
25071955
25068
250674
250671
2506198
25061962
25061958
250567
250559
25052002
25051958
25051950
25049
250475
250471
250468
250466
250399
25038
250355
250308
250298
25011948
24992499
24842484
2483
2481
24802480
2474
246888
246812
246789
2454240
243546
2432
2424242
2420
241971
241963
2417
2413
241270
24122004
24121959
24121958
24121954
241171
241168
241167
24112411
24112001
24111997
24111960
24111959
24111956
241070
241068
241065
24102001
24101956
240972
240965
240954
24091963
24091956
240856
24081962
240799
24072002
24071966
24071962
240703
240700
240660
24061958
240564
24052002
24051998
24051965
24042003
240373
240370
240361
2403082
240298
240268
240267
240266
240257
24022402
24021959
24021958
240199
240156
24011950
239133
23802380
237241
2370
23682368
2368
2354381
234678
234589
234548
23352335
2335
23267601
23262326
231982
231976
231965
231298
23128
231265
231263
231260
231256
23122008
231167
231158
23112007
2311198
23111957
23111956
23102007
23101966
230959
23091999
23091963
23091956
23091954
230895
230873
230870
230867
230866
230860
230850
230798
230755
23071999
23071955
230661
23062006
23061967
23061954
230561
23052003
23051960
23051900
230505
230495
230468
230456
230454
23041962
230398
230371
230362
230359
23031960
230303
230250
23021959
23021958
230199
230174
230156
23011952
230103
2297
2289
22882
22872287
22752275
2271
22622262
225577
225566
22532253
22512251
2244668800
2239
223300
2231
22302230
22292229
222333444
222324
22232223
2222223
221982
22198
221963
221941
221433
221296
221269
221261
221258
221255
22122002
2212198
221198
22118
221169
221167
221159
22112003
22111965
22111953
221092o
22107
221069
221066
22101999
22101954
22101953
22092007
22092002
22091958
220856
22082208
22082003
22081999
22081964
22081959
22081956
220808
22071962
220700
22067
220661
220660
22062001
22061951
220571
220559
22051957
22051955
22051954
22051952
220471
220469
22041955
220400
22032203
22031955
220302
220269
220267
220264
220260
220259
22022202
220222
22022001
22021956
220205
220197
220167
22012001
21qazx
2198
21937
2174
217217
2159
215455
21382138
213546
21342134
21324354
21292129
212222
212136
211991
211987
211297
211266
211265
21121961
21121
21118
211170
211166
211158
21112
21111999
211096
21101965
21101960
210994
210970
210963
210897
210866
210860
210857
210765
21071962
21071956
21071955
21070
21067
210661
21061965
21061959
210597
210557
21051953
210404
21037
210366
210363
210362
210354
21031957
21031956
21031954
210269
210261
21021963
21021958
21021955
210200
21019
210170
21012003
21011952
21011
210101
20seats
2084
207207
2072
2065
2059
2058
2038
2037
2035
2027
2026
202021
202020a
202010
20201
202
201994
201984
2017
20128
20127
201262
201255
20121997
20112001
20111959
201074
201058
20102010ss
20101963
20101960
20101956
20098
2009198
20091955
200872
200864
200863
20081958
200808
200805
200798
200762
200761
200674
200670
200664
20061957
200599
200598
200594
200567
200561
20052008
20052003
20051961
20051955
20051953
200465
200464
200455
20042008
20041958
200373
200369
200360
200359
200353
20032004
20031999
200255
200251
20021954
200197
200153
200010
1z2z3z4z
1Yankees
1Wizard
1Walter
1Viking
1vette
1Tucker
1Truck
1Tomcat
1tiger
1Texas
1Testing
1Sucker
1Stud
1Steven
1Spooky
1Speed
1Slut
1Sierra
1Secret
1Rulez
1Rules
1Roberts
1Ripper
1Racing
1Qwertyu
1qazZAQ!
1qazxsw23
1qazaq1
1qaz2wsx3ed
1QAZ2WSX
1qaz23
1px
1plus1
1pepper
1penguin
1Pencil
1patrick
1Mother
1Morris
1moretim
1moose
1Mine
1Marino
1Linda
1Leonard
1Kitty
1Kevin
1Kenny
1Jungle
1Joseph
1Jester
1james
1Infinit
1hundred
1honda
1Helpme
1Heaven
1harley
1Hack
1Great
1gnogno2
1Girl
1Gemini
1Gators
1Gator
1Galaxy
1Forever
1forever
1Ford
1Florida
1Fishing
1Enter
1Drummer
1Dreams
1Death
1Dancer
1d1d1d
1Cooper
1Connie
1Compaq
1Chaos
1Cccccc
1Calvin
1Brandon
1Boston
1Boobs
1Blaster
1Birdie
1billion
1Bigman
1Bernard
1Beaver
1Animal
1Alicia
1alex1
1Airborn
1Adrian
1Adidas
1adgjmptw
1Accord
1a2b3c4d5
1A2B3C4D
1a2b368c
19mm5409
19km527
199909
1998vlad
19982001
19982000
199800
199725
199714
199701
199700
19961996a
1996123
199522
19952010
19951996
1995199
199519
199514
199509
199413
19941201
199405
199403
19932010
199316
199313
199310
199300
199215
199213
199208
1991pmoy
199120
199118
199018
199015
19900125
199001
19900
1989god
198919891989
198915
198914
198909
198905
198829
198823
19881987
198812
198801
198725
19872008
198719871987
198718
198716
198703
198626
198612
198609
198606
198605
198604
198602
19860
198525
19851989
19851984
198518
19851
198509
198444
198426
19842005
19842
19841985
19841983
198416
198409
198404
198402
198401
19832005
19831984
198312
198306
198302
198230
198211
198209
198205
198201
198198
198128
198107
19799791
197928
197921
197915
197904
197826
19781
19777
197708
197707
197706
197704
197666
197631
197630
197624
197622
197577
197525
197503
197444
197428
197425
197407
197382
197333
197330
1973197
197313
197312
197304
19722791
197221
19722
19721975
197212
19711972
197106
197071
197070
196999
1968gto
196888
196878
196827
19677691
1966gto
196464
196312
196011
195819
19577591
195111
19450509
19374628
193746
193711101994a
193333
19291929
19241924
19216803
192021
191983
191981
19198
19181716
191765
191274
191272
191270
191268
191255
19122001
19121956
191178
191172
191171
191164
19111998
19111968
19111957
19111953
191093
191084
191080
19101999
19101958
190994
190992
190975
190973
19097
19092000
19091955
190898
19088
19081961
19081955
190797
19078
190775
190765
19071961
190697
19068
190666
190660
19062002
19061955
19061906
190573
190569
190564
190500
190495
190492
190478
19041961
19041957
190372
19031968
19031952
190272
19021957
19021952
190200
190197
190175
19011953
1890
1883
187666
1873
1866
18571857
18481848
1844
1838
1834
1831
181972
1816
1815
181259
18121945
181204
181180
181178
181171
181161
18112005
18111959
181097
181092
18101959
181000
180996
180972
180966
180964
180962
180869
180861
180859
18082003
18081962
18081956
18078
180773
18072001
18071959
18071957
18071955
18071950
180674
180668
180667
18061955
180594q
180566
18052002
18051964
18051956
18051955
180465
180458
18041959
18041958
18041957
18041956
18041954
18041953
18040
180372
18036
18031957
18031954
180270
180262
18022001
18018
180170
180164
180158
18011962
18011959
18011801
1792
1790
178353
178178
1778397
17631763
175175
1743
1741
173468
1731
17308913
171991
171272
17121962
17121951
17121950
171198
171166
17111966
17111960
17111958
171097
171075
171073
171068
17101958
17101955
170996
170966
170962
170961
170957
17092002
170897
170870
170869
170867
170778
170771
170765
170763
17072001
17071965
170698
170667
170664
170663
170660
170568
170464
17042004
17041962
17041956
170399
170398
170371
170368
170363
17032005
17032000
17031962
17031960
17031949
170268
170257
17021955
1701ab
170175
170165
17012001
17011968
17011959
17011950
170100
1697
1693
167349
1673
166166
16611661
1658
1653
165165
1645
1642
162636
16261626
16251625
1622br
16201620
161988
1616161
161422
161296
16121999
161197
161166
161123
16112002
16112001
16111969
16111965
16111956
161111
161097
161062
161061
16101959
160999
160998
160996
160968
160967
16092001
1609198
16091964
160768
16071969
16071963
16071956
16071952
160672
160667
160666
160662
16066061
16062006
16061959
16061954
16052002
16052001
16051966
16051959
16051957
160474
160473
160468
16042003
16038
160371
16032007
16032002
160298
16028
160268
160260
16021962
16021960
160196
160156
16012003
16011955
15gtha
159874123
15987
15975382
159753258456
159741
15951595
1595159
159515
1594
159357z
159357s
159357lik
159357159357
1593
159265
159263487
15801580
1576
15701570
1568
1549
153828
15357595
15351535
153045
15263748
15251525
152121
151976
15141514
151268
151267
151262
15122001
15121953
151175
151169
151157
15112006
15111961
15111959
151098
15102003
150962
15091960
15091509
150901
150875
150870
150869
150866
150862
15082002
15081999
15081952
15071962
15071955
150706
15069
150671
150669
1506164
150607
150568
150566
150565
150562
15051999
150499
150473
150463
150459
15041961
15041958
150398
150366
150360
15032000
15031949
150269
150264
15021958
15021950
150194
150171
150164
150163
15011958
15011956
15011952
14bestlist
149149
1488ss1488
1485
1478963215
147258369q
1467
14581458
145263
14311431
141994
141982
141979
141973
141274
141254
14121998
14121963
14121958
141214
141197
141173
141169
141161
14112001
14111997
14111966
14111959
141098
141073
141066
14102006
14102003
141000
140997
140996
140973
140971
140967
14091966
14091951
140898
140867
14082007
140774
14071965
14071956
140699
140672
14061955
140567
140565
140559
14052001
140497
140464
14042003
14042001
14041965
14041954
14041404
140375
140369
140367
14031969
14031956
14031955
14031953
140266
140257
14021956
140206
140196n
140167
14012002
14011960
139713
1395
13881388
137900
13761376
1368
13671367
135qet
13551355
13467913
134500
1340cc
13401340
1337ness
13377331
1334
13271327
132639
13243
132321
132132132
132123
131313a
131313131313
131264
131259
13122008
13122006
13121959
13121957
13121954
131196
131176
131156
13111957
13111311
131063
13102006
130964
13092008
13092006
13091963
130858
13082001
13081308
13078
130773
13072006
13071967
13071964
13070
130663
13061967
13061961
13061957
13061954
13051969
13051952
130499
130465
130455
130398
130371
130363
130358
130355
13032002
13031999
13031951
1302alex1994
130265
130258
13021959
13021957
13021100
130175
13012005
13012002
13011958
12qwer34
12many
12gauge
12ab34cd
12891
1286091
128256512
12781278
127777
127562
127549
127486
127001
125712571257d
12567
125555
12533
125125125
1245780
12441244
123zxc456
123yfcnz
123wert
123to123
123qwerty456
123qwe45
123qwe4
123qazwsxedc
123pass
123iop
123go
123ddd
12391239
123789a
123789852
123654123
1236540
1234zx
1234r
123490
12345zzz
12345zxcv
12345www
12345six
12345M
12345lox
12345love
12345ira
12345den
123456oe
123456az
1234567g
1234567e
1234567aa
12345678n
123456789Z
1234567899876543
123456789123456
123456789101112
1234567890l
1234567890g
1234567890123
1234567812345678
123456654321a
1234562
123442
12344
123434
1233456
123321v
123312
12325
123164
123160
123154
123123qw
123_123
12311994
123070
123061
123056
1230456
122977
12291229
122779
122757
122699
122566
122491
122477
122470
122400
12234
122087
122071
122001
121971
121969
121959
121881
121880
12182
121783
121774
121695
121586
121581
121576
121478
12141
121357
121351
121314a
12131415q
12127
121264
12122007
12122006
12121956
12121313
121198
12116av
121156
12111948
12109
121062
12101962
12101960
121004
120971
120958
120956
120934
120867
120864
12081957
12081956
12081953
120803
12078
120763
120748
12071954
12071953
120667
12061959
120599
120566
12051960
12051956
120455
12041952
120405
120366
120364
12032000
12031955
12031954
120271
120266
120258
120254
12021959
120208
120171
120164
120156
12011958
12011951
11eleven
11921192
11791179
117463
11711bbl
116611
11561156
115500
11461146
113611
11339977
113366
113344
113300
11321132
113082
112879
112790
112683
112674
11261126
112611
112568
112566
11251983
112470
112467
112396
112321
112300
112290
112282
112277
112268
11226
1122112
112181
112178
11215
112131
112011
111991
111968
111958
111674
111555999
11151115
111376
111354
11131113
111251
111234
11121964
11121957
11121956
1111zz
1111qqq
111141
11111956
11111948
111111v
111111d
11111111q
1111111111111
111110
111095
11101110
11101
110998
11092000
11091955
11091109
110902
110901
11088
110853
11081955
110806
110801
11078
110768
110765
110757
11072008
11071999
11071961
11071956
11071954
11071107
110707
110666
11062009
11061951
110567
110559
110469
110461
110455
11041960
11041958
110397
110395
110370
110354
11031958
11031953
11029
110265
110263
110258
110168
110157
11012002
11011956
11011954
1100101
110000
10xby49k
10toes
10904
1071988
10617906
105400
1051983
1047977
1038
103099
103050
103030
102969
102767
102680
102583
102571
102570
102503
102484
102473
102399
10236
102300
102294
10221022
102200
102178
102171
102101
102081
102070
101abn
101977
101967
101962
101949
101886
101818
101781
10166
101579
101566
10152417
101489
101400
101298
101261
101260
101253
10121960
101219
1012010
101162
101153
10112001
10111950
101110
10107
101054
101048
101025
1010198
10101962
10101010m
101006
10098
100960
100955
10092009
10091954
100896
100873
100872
100871
100854
100844
10081999
10081955
10081954
10080
100769
100761
10072003
10071959
10071956
10071955
10071954
10071949
100705
100658
100655
10062006
10062001
10061955
100605
10058
100563
100560
10052001
100468
10042010
10042008
10042000
10041957
10041954
1003198
10031950
100297
100264
100257
10022007
10022006
10021956
10021955
100199
100163
100161
100156
10011959
100106
0wnz
0995359291
0987654a
0981
092002
091986
091979
091878
091865
09141974
09140914
091295
091278
091265
09121961
09121957
091199
09111998
091067
091064
091057
09102001
09101999
09101960
090998
090973
090967
09092006
09091966
090895
090893
090865
090862
090861
09081958
09080908
090776
090775
09072000
09071957
09071953
090708
090676
090666
090664
09061958
090573
090568
090555
090494
090469
090371
090364
09031968
09031965
09031957
090282
090279
090274
090265
090264
09021955
090199
09011969
09011955
0899
0898
089089
0890
0881
08800880
0878
0852123
082280
081989
081983
081980
081299
081270
081260
08121958
081173
081096
08101997
080968
080967
080962
08092001
08091961
08091954
08090809
08088
08081956
080800
08072002
08071959
080700
080665
08061960
080597
080566
080559
080474
080471
080468
08042000
08041960
08041959
080369
080368
080367
080362
080361
08031949
08031947
080270
080268
080252
080250
08022001
08021956
080195
080176
080169
080167
08011958
08011954
0789
0771
077077
0768
0747
0735
072000
071956
071377
071297
071271
071266
071265
07122006
07121965
07121956
071203
07111967
071095
071094
071093
071091
07101961
07101956
070973
070967
070962
07091959
070874
070862
070859
07082004
07081953
070798
070796
07072001
070679
070669
070667
070666
07061964
07061955
070608
070575
070573
070571
070569
070565
070562
07051968
07051952
070499
070495
070464
07042001
07042000
07041955
07031969
07031967
070297
070278
07021958
07021957
07021954
070191
070175
070171
070162
password
123456
12345678
1234
qwerty
12345
dragon
pussy
baseball
football
letmein
monkey
696969
abc123
mustang
michael
shadow
master
jennifer
111111
2000
jordan
superman
harley
1234567
fuckme
hunter
fuckyou
trustno1
ranger
buster
thomas
tigger
robert
soccer
fuck
batman
test
pass
killer
hockey
george
charlie
andrew
michelle
love
sunshine
jessica
asshole
6969
pepper
daniel
access
123456789
654321
joshua
maggie
starwars
silver
william
dallas
yankees
123123
ashley
666666
hello
amanda
orange
biteme
freedom
computer
sexy
thunder
nicole
ginger
heather
hammer
summer
corvette
taylor
fucker
austin
1111
merlin
matthew
121212
golfer
cheese
princess
martin
chelsea
patrick
richard
diamond
yellow
bigdog
secret
asdfgh
sparky
cowboy
camaro
anthony
matrix
falcon
iloveyou
bailey
guitar
jackson
purple
scooter
phoenix
aaaaaa
morgan
tigers
porsche
mickey
maverick
cookie
nascar
peanut
justin
131313
money
horny
samantha
panties
steelers
joseph
snoopy
boomer
whatever
iceman
smokey
gateway
dakota
cowboys
eagles
chicken
dick
black
zxcvbn
please
andrea
ferrari
knight
hardcore
melissa
compaq
coffee
booboo
bitch
johnny
bulldog
xxxxxx
welcome
james
player
ncc1701
wizard
scooby
charles
junior
internet
bigdick
mike
brandy
tennis
blowjob
banana
monster
spider
lakers
miller
rabbit
enter
mercedes
brandon
steven
fender
john
yamaha
diablo
chris
boston
tiger
marine
chicago
rangers
gandalf
winter
bigtits
barney
edward
raiders
porn
badboy
blowme
spanky
bigdaddy
johnson
chester
london
midnight
blue
fishing
000000
hannah
slayer
11111111
rachel
sexsex
redsox
thx1138
asdf
marlboro
panther
zxcvbnm
arsenal
oliver
qazwsx
mother
victoria
7777777
jasper
angel
david
winner
crystal
golden
butthead
viking
jack
iwantu
shannon
murphy
angels
prince
cameron
girls
madison
wilson
carlos
hooters
willie
startrek
captain
maddog
jasmine
butter
booger
angela
golf
lauren
rocket
tiffany
theman
dennis
liverpoo
flower
forever
green
jackie
muffin
turtle
sophie
danielle
redskins
toyota
jason
sierra
winston
debbie
giants
packers
newyork
jeremy
casper
bubba
112233
sandra
lovers
mountain
united
cooper
driver
tucker
helpme
fucking
pookie
lucky
maxwell
8675309
bear
suckit
gators
5150
222222
shithead
fuckoff
jaguar
monica
fred
happy
hotdog
tits
gemini
lover
xxxxxxxx
777777
canada
nathan
victor
florida
88888888
nicholas
rosebud
metallic
doctor
trouble
success
stupid
tomcat
warrior
peaches
apples
fish
qwertyui
magic
buddy
dolphins
rainbow
gunner
987654
freddy
alexis
braves
cock
2112
1212
cocacola
xavier
dolphin
testing
bond007
member
calvin
voodoo
7777
samson
alex
apollo
fire
tester
walter
beavis
voyager
peter
porno
bonnie
rush2112
beer
apple
scorpio
jonathan
skippy
sydney
scott
red123
power
gordon
travis
beaver
star
jackass
flyers
boobs
232323
zzzzzz
steve
rebecca
scorpion
doggie
legend
ou812
yankee
blazer
bill
runner
birdie
bitches
555555
parker
topgun
asdfasdf
heaven
viper
animal
2222
bigboy
4444
arthur
baby
private
godzilla
donald
williams
lifehack
phantom
dave
rock
august
sammy
cool
brian
platinum
jake
bronco
paul
mark
frank
heka6w2
copper
billy
cumshot
garfield
willow
cunt
little
carter
slut
albert
69696969
kitten
super
jordan23
eagle1
shelby
america
11111
jessie
house
free
123321
chevy
bullshit
white
broncos
horney
surfer
nissan
999999
saturn
airborne
elephant
marvin
shit
action
adidas
qwert
kevin
1313
explorer
walker
police
christin
december
benjamin
wolf
sweet
therock
king
online
dickhead
brooklyn
teresa
cricket
sharon
dexter
racing
penis
gregory
0000
teens
redwings
dreams
michigan
hentai
magnum
87654321
nothing
donkey
trinity
digital
333333
stella
cartman
guinness
123abc
speedy
buffalo
kitty
pimpin
eagle
einstein
kelly
nelson
nirvana
vampire
xxxx
playboy
louise
pumpkin
snowball
test123
girl
sucker
mexico
beatles
fantasy
ford
gibson
celtic
marcus
cherry
cassie
888888
natasha
sniper
chance
genesis
hotrod
reddog
alexande
college
jester
passw0rd
bigcock
smith
lasvegas
carmen
slipknot
3333
death
kimberly
1q2w3e
eclipse
1q2w3e4r
stanley
samuel
drummer
homer
montana
music
aaaa
spencer
jimmy
carolina
colorado
creative
hello1
rocky
goober
friday
bollocks
scotty
abcdef
bubbles
hawaii
fluffy
mine
stephen
horses
thumper
5555
pussies
darkness
asdfghjk
pamela
boobies
buddha
vanessa
sandman
naughty
douglas
honda
matt
azerty
6666
shorty
money1
beach
loveme
4321
simple
poohbear
444444
badass
destiny
sarah
denise
vikings
lizard
melanie
assman
sabrina
nintendo
water
good
howard
time
123qwe
november
xxxxx
october
leather
bastard
young
101010
extreme
hard
password1
vincent
pussy1
lacrosse
hotmail
spooky
amateur
alaska
badger
paradise
maryjane
poop
crazy
mozart
video
russell
vagina
spitfire
anderson
norman
eric
cherokee
cougar
barbara
long
420420
family
horse
enigma
allison
raider
brazil
blonde
jones
55555
dude
drowssap
jeff
school
marshall
lovely
1qaz2wsx
jeffrey
caroline
franklin
booty
molly
snickers
leslie
nipples
courtney
diesel
rocks
eminem
westside
suzuki
daddy
passion
hummer
ladies
zachary
frankie
elvis
reggie
alpha
suckme
simpson
patricia
147147
pirate
tommy
semperfi
jupiter
redrum
freeuser
wanker
stinky
ducati
paris
natalie
babygirl
bishop
windows
spirit
pantera
monday
patches
brutus
houston
smooth
penguin
marley
forest
cream
212121
flash
maximus
nipple
bobby
bradley
vision
pokemon
champion
fireman
indian
softball
picard
system
clinton
cobra
enjoy
lucky1
claire
claudia
boogie
timothy
marines
security
dirty
admin
wildcats
pimp
dancer
hardon
veronica
fucked
abcd1234
abcdefg
ironman
wolverin
remember
great
freepass
bigred
squirt
justice
francis
hobbes
kermit
pearljam
mercury
domino
9999
denver
brooke
rascal
hitman
mistress
simon
tony
bbbbbb
friend
peekaboo
naked
budlight
electric
sluts
stargate
saints
bondage
brittany
bigman
zombie
swimming
duke
qwerty1
babes
scotland
disney
rooster
brenda
mookie
swordfis
candy
duncan
olivia
hunting
blink182
alicia
8888
samsung
bubba1
whore
virginia
general
passport
aaaaaaaa
erotic
liberty
arizona
jesus
abcd
newport
skipper
rolltide
balls
happy1
galore
christ
weasel
242424
wombat
digger
classic
bulldogs
poopoo
accord
popcorn
turkey
jenny
amber
bunny
mouse
007007
titanic
liverpool
dreamer
everton
friends
chevelle
carrie
gabriel
psycho
nemesis
burton
pontiac
connor
eatme
lickme
roland
cumming
mitchell
ireland
lincoln
arnold
spiderma
patriots
goblue
devils
eugene
empire
asdfg
cardinal
brown
shaggy
froggy
qwer
kawasaki
kodiak
people
phpbb
light
54321
kramer
chopper
hooker
honey
whynot
lesbian
lisa
baxter
adam
snake
teen
ncc1701d
qqqqqq
airplane
britney
avalon
sandy
sugar
sublime
stewart
wildcat
raven
scarface
elizabet
123654
trucks
wolfpack
pervert
lawrence
raymond
redhead
american
alyssa
bambam
movie
woody
shaved
snowman
tiger1
chicks
raptor
1969
stingray
shooter
france
stars
madmax
kristen
sports
jerry
789456
garcia
simpsons
lights
ryan
looking
chronic
alison
hahaha
packard
hendrix
perfect
service
spring
srinivas
spike
katie
252525
oscar
brother
bigmac
suck
single
cannon
georgia
popeye
tattoo
texas
party
bullet
taurus
sailor
wolves
panthers
japan
strike
flowers
pussycat
chris1
loverboy
berlin
sticky
marina
tarheels
fisher
russia
connie
wolfgang
testtest
mature
bass
catch22
juice
michael1
nigger
159753
women
alpha1
trooper
hawkeye
head
freaky
dodgers
pakistan
machine
pyramid
vegeta
katana
moose
tinker
coyote
infinity
inside
pepsi
letmein1
bang
control
hercules
morris
james1
tickle
outlaw
browns
billybob
pickle
test1
michele
antonio
sucks
pavilion
changeme
caesar
prelude
tanner
adrian
darkside
bowling
wutang
sunset
robbie
alabama
danger
zeppelin
juan
rusty
pppppp
nick
2001
ping
darkstar
madonna
qwe123
bigone
casino
cheryl
charlie1
mmmmmm
integra
wrangler
apache
tweety
qwerty12
bobafett
simone
none
business
sterling
trevor
transam
dustin
harvey
england
2323
seattle
ssssss
rose
harry
openup
pandora
pussys
trucker
wallace
indigo
storm
malibu
weed
review
babydoll
doggy
dilbert
pegasus
joker
catfish
flipper
valerie
herman
fuckit
detroit
kenneth
cheyenne
bruins
stacey
smoke
joey
seven
marino
fetish
xfiles
wonder
stinger
pizza
babe
pretty
stealth
manutd
gracie
gundam
cessna
longhorn
presario
mnbvcxz
wicked
mustang1
victory
21122112
shelly
awesome
athena
q1w2e3r4
help
holiday
knicks
street
redneck
12341234
casey
gizmo
scully
dragon1
devildog
triumph
eddie
bluebird
shotgun
peewee
ronnie
angel1
daisy
special
metallica
madman
country
impala
lennon
roscoe
omega
access14
enterpri
miranda
search
smitty
blizzard
unicorn
tight
rick
ronald
asdf1234
harrison
trigger
truck
danny
home
winnie
beauty
thailand
1234567890
cadillac
castle
tyler
bobcat
buddy1
sunny
stones
asian
freddie
chuck
butt
loveyou
norton
hellfire
hotsex
indiana
short
panzer
lonewolf
trumpet
colors
blaster
12121212
fireball
logan
precious
aaron
elaine
jungle
atlanta
gold
corona
curtis
nikki
polaris
timber
theone
baller
chipper
orlando
island
skyline
dragons
dogs
benson
licker
goldie
engineer
kong
pencil
basketba
open
hornet
world
linda
barbie
chan
farmer
valentin
wetpussy
indians
larry
redman
foobar
travel
morpheus
bernie
target
141414
hotstuff
photos
laura
savage
holly
rocky1
fuck_inside
dollar
turbo
design
newton
hottie
moon
202020
blondes
4128
lestat
avatar
future
goforit
random
abgrtyu
jjjjjj
cancer
q1w2e3
smiley
goldberg
express
virgin
zipper
wrinkle1
stone
andy
babylon
dong
powers
consumer
dudley
monkey1
serenity
samurai
99999999
bigboobs
skeeter
lindsay
joejoe
master1
aaaaa
chocolat
christia
birthday
stephani
tang
1234qwer
alfred
ball
98765432
maria
sexual
maxima
77777777
sampson
buckeye
highland
kristin
seminole
reaper
bassman
nugget
lucifer
airforce
nasty
watson
warlock
2121
philip
always
dodge
chrissy
burger
bird
snatch
missy
pink
gang
maddie
holmes
huskers
piglet
photo
joanne
hamilton
dodger
paladin
christy
chubby
buckeyes
hamlet
abcdefgh
bigfoot
sunday
manson
goldfish
garden
deftones
icecream
blondie
spartan
julie
harold
charger
brandi
stormy
sherry
pleasure
juventus
rodney
galaxy
holland
escort
zxcvb
planet
jerome
wesley
blues
song
peace
david1
ncc1701e
1966
51505150
cavalier
gambit
karen
sidney
ripper
oicu812
jamie
sister
marie
martha
nylons
aardvark
nadine
minnie
whiskey
bing
plastic
anal
babylon5
chang
savannah
loser
racecar
insane
yankees1
mememe
hansolo
chiefs
fredfred
freak
frog
salmon
concrete
yvonne
zxcv
shamrock
atlantis
warren
wordpass
julian
mariah
rommel
1010
harris
predator
sylvia
massive
cats
sammy1
mister
stud
marathon
rubber
ding
trunks
desire
montreal
justme
faster
kathleen
irish
1999
bertha
jessica1
alpine
sammie
diamonds
tristan
00000
swinger
shan
stallion
pitbull
letmein2
roberto
ready
april
palmer
ming
shadow1
audrey
chong
clitoris
wang
shirley
fuckers
jackoff
bluesky
sundance
renegade
hollywoo
151515
bernard
wolfman
soldier
picture
pierre
ling
goddess
manager
nikita
sweety
titans
hang
fang
ficken
niners
bottom
bubble
hello123
ibanez
webster
sweetpea
stocking
323232
tornado
lindsey
content
bruce
buck
aragorn
griffin
chen
campbell
trojan
christop
newman
wayne
tina
rockstar
father
geronimo
pascal
crimson
brooks
hector
penny
anna
google
camera
chandler
fatcat
lovelove
cody
cunts
waters
stimpy
finger
cindy
wheels
viper1
latin
robin
greenday
987654321
creampie
brendan
hiphop
willy
snapper
funtime
duck
trombone
adult
cotton
cookies
kaiser
mulder
westham
latino
jeep
ravens
aurora
drizzt
madness
energy
kinky
314159
sophia
stefan
slick
rocker
55555555
freeman
french
mongoose
speed
dddddd
hong
henry
hungry
yang
catdog
cheng
ghost
gogogo
randy
tottenha
curious
butterfl
mission
january
singer
sherman
shark
techno
lancer
lalala
autumn
chichi
orion
trixie
clifford
delta
bobbob
bomber
holden
kang
kiss
1968
spunky
liquid
mary
beagle
granny
network
bond
kkkkkk
millie
1973
biggie
beetle
teacher
susan
toronto
anakin
genius
dream
cocks
dang
bush
karate
snakes
bangkok
callie
fuckyou2
pacific
daytona
kelsey
infantry
skywalke
foster
felix
sailing
raistlin
vanhalen
huang
herbert
jacob
blackie
tarzan
strider
sherlock
lang
gong
sang
dietcoke
ultimate
tree
shai
sprite
ting
artist
chai
chao
devil
python
ninja
misty
ytrewq
sweetie
superfly
456789
tian
jing
jesus1
freedom1
dian
drpepper
potter
chou
darren
hobbit
violet
yong
shen
phillip
maurice
gloria
nolimit
mylove
biscuit
yahoo
shasta
sex4me
smoker
smile
pebbles
pics
philly
tong
tintin
lesbians
marlin
cactus
frank1
tttttt
chun
danni
emerald
showme
pirates
lian
dogg
colleen
xiao
xian
tazman
tanker
patton
toshiba
richie
alberto
gotcha
graham
dillon
rang
emily
keng
jazz
bigguy
yuan
woman
tomtom
marion
greg
chaos
fossil
flight
racerx
tuan
creamy
boss
bobo
musicman
warcraft
window
blade
shuang
sheila
shun
lick
jian
microsoft
rong
allen
feng
getsome
sally
quality
kennedy
morrison
1977
beng
wwwwww
yoyoyo
zhang
seng
teddy
joanna
andreas
harder
luke
qazxsw
qian
cong
chuan
deng
nang
boeing
keeper
western
isabelle
1963
subaru
sheng
thuglife
teng
jiong
miao
martina
mang
maniac
pussie
tracey
a1b2c3
clayton
zhou
zhuang
xing
stonecol
snow
spyder
liang
jiang
memphis
regina
ceng
magic1
logitech
chuang
dark
million
blow
sesame
shao
poison
titty
terry
kuan
kuai
kyle
mian
guan
hamster
guai
ferret
florence
geng
duan
pang
maiden
quan
velvet
nong
neng
nookie
buttons
bian
bingo
biao
zhong
zeng
xiong
zhun
ying
zong
xuan
zang
0.0.000
suan
shei
shui
sharks
shang
shua
small
peng
pian
piao
liao
meng
miami
reng
guang
cang
change
ruan
diao
luan
lucas
qing
chui
chuo
cuan
nuan
ning
heng
huan
kansas
muscle
monroe
weng
whitney
1passwor
bluemoon
zhui
zhua
xiang
zheng
zhen
zhei
zhao
zhan
yomama
zhai
zhuo
zuan
tarheel
shou
shuo
tiao
lady
leonard
leng
kuang
jiao
13579
basket
qiao
qiong
qiang
chuai
nian
niao
niang
huai
22222222
bianca
zhuan
zhuai
shuan
shuai
stardust
jumper
margaret
archie
66666666
charlott
forget
qwertz
bones
history
milton
waterloo
2002
stuff
11223344
office
oldman
preston
trains
murray
vertigo
246810
black1
swallow
smiles
standard
alexandr
parrot
luther
user
nicolas
1976
surfing
pioneer
pete
masters
apple1
asdasd
auburn
hannibal
frontier
panama
lucy
buffy
brianna
welcome1
vette
blue22
shemale
111222
baggins
groovy
global
turner
181818
1979
blades
spanking
life
byteme
lobster
collins
dawg
hilton
japanese
1970
1964
2424
polo
markus
coco
deedee
mikey
1972
171717
1701
strip
jersey
green1
capital
sasha
sadie
putter
vader
seven7
lester
marcel
banshee
grendel
gilbert
dicks
dead
hidden
iloveu
1980
sound
ledzep
michel
147258
female
bugger
buffett
bryan
hell
kristina
molson
2020
wookie
sprint
thanks
jericho
102030
grace
fuckin
mandy
ranger1
trebor
deepthroat
bonehead
molly1
mirage
models
1984
2468
stuart
showtime
squirrel
pentium
mario
anime
gator
powder
twister
connect
neptune
bruno
butts
engine
eatshit
mustangs
woody1
shogun
septembe
pooh
jimbo
roger
annie
bacon
center
russian
sabine
damien
mollie
voyeur
2525
363636
leonardo
camel
chair
germany
giant
qqqq
nudist
bone
sleepy
tequila
megan
fighter
garrett
dominic
obiwan
makaveli
vacation
walnut
1974
ladybug
cantona
ccbill
satan
rusty1
passwor1
columbia
napoleon
dusty
kissme
motorola
william1
1967
zzzz
skater
smut
play
matthew1
robinson
valley
coolio
dagger
boner
bull
horndog
jason1
blake
penguins
rescue
griffey
8j4ye3uz
californ
champs
qwertyuiop
portland
queen
colt45
boat
xxxxxxx
xanadu
tacoma
mason
carpet
gggggg
safety
palace
italia
stevie
picturs
picasso
thongs
tempest
ricardo
roberts
asd123
hairy
foxtrot
gary
nimrod
hotboy
343434
1111111
asdfghjkl
goose
overlord
blood
wood
stranger
454545
shaolin
sooners
socrates
spiderman
peanuts
maxine
rogers
13131313
andrew1
filthy
donnie
ohyeah
africa
national
kenny
keith
monique
intrepid
jasmin
pickles
assass
fright
potato
darwin
hhhhhh
kingdom
weezer
424242
pepsi1
throat
romeo
gerard
looker
puppy
butch
monika
suzanne
sweets
temple
laurie
josh
megadeth
analsex
nymets
ddddddd
bigballs
support
stick
today
down
oakland
oooooo
qweasd
chucky
bridge
carrot
chargers
discover
dookie
condor
night
butler
hoover
horny1
isabella
sunrise
sinner
jojo
megapass
martini
assfuck
grateful
ffffff
abigail
esther
mushroom
janice
jamaica
wright
sims
space
there
timmy
7654321
77777
cccccc
gizmodo
roxanne
ralph
tractor
cristina
dance
mypass
hongkong
helena
1975
blue123
pissing
thomas1
redred
rich
basketball
attack
cash
satan666
drunk
dixie
dublin
bollox
kingkong
katrina
miles
1971
22222
272727
sexx
penelope
thompson
anything
bbbb
battle
grizzly
passat
porter
tracy
defiant
bowler
knickers
monitor
wisdom
wild
slappy
thor
letsgo
robert1
feet
rush
brownie
hudson
098765
playing
playtime
lightnin
melvin
atomic
bart
hawk
goku
glory
llllll
qwaszx
cosmos
bosco
knights
bentley
beast
slapshot
lewis
assword
frosty
gillian
sara
dumbass
mallard
dddd
deanna
elwood
wally
159357
titleist
angelo
aussie
guest
golfing
doobie
loveit
chloe
elliott
werewolf
vipers
janine
1965
blabla
surf
sucking
tardis
serena
shelley
thegame
legion
rebels
fernando
fast
gerald
sarah1
double
onelove
loulou
toto
crash
blackcat
0007
tacobell
soccer1
jedi
manuel
method
river
chase
ludwig
poopie
derrick
boob
breast
kittycat
isabel
belly
pikachu
thunder1
thankyou
jose
celeste
celtics
frances
frogger
scoobydo
sabbath
coltrane
budman
willis
jackal
bigger
zzzzz
silvia
sooner
licking
gopher
geheim
lonestar
primus
pooper
newpass
brasil
heather1
husker
element
moomoo
beefcake
zzzzzzzz
tammy
shitty
smokin
personal
jjjj
anthony1
anubis
backup
gorilla
fuckface
painter
lowrider
punkrock
traffic
claude
daniela
dale
delta1
nancy
boys
easy
kissing
kelley
wendy
theresa
amazon
alan
fatass
dodgeram
dingdong
malcolm
qqqqqqqq
breasts
boots
honda1
spidey
poker
temp
johnjohn
miguel
147852
archer
asshole1
dogdog
tricky
crusader
weather
syracuse
spankme
speaker
meridian
amadeus
back
harley1
falcons
dorothy
turkey50
kenwood
keyboard
ilovesex
1978
blackman
shazam
shalom
lickit
jimbob
richmond
roller
carson
check
fatman
funny
garbage
sandiego
loving
magnus
cooldude
clover
mobile
bell
payton
plumber
texas1
tool
topper
jenna
mariners
rebel
harmony
caliente
celica
fletcher
german
diana
oxford
osiris
orgasm
punkin
porsche9
tuesday
close
breeze
bossman
kangaroo
billie
latinas
judith
astros
scruffy
donna
qwertyu
davis
hearts
kathy
jammer
java
springer
rhonda
ricky
1122
goodtime
chelsea1
freckles
flyboy
doodle
city
nebraska
bootie
kicker
webmaster
vulcan
iverson
191919
blueeyes
stoner
321321
farside
rugby
director
pussy69
power1
bobbie
hershey
hermes
monopoly
west
birdman
blessed
blackjac
southern
peterpan
thumbs
lawyer
melinda
fingers
fuckyou1
rrrrrr
a1b2c3d4
coke
nicola
bohica
heart
elvis1
kids
blacky
stories
sentinel
snake1
phoebe
jesse
richard1
1234abcd
guardian
candyman
fisting
scarlet
dildo
pancho
mandingo
lucky7
condom
munchkin
billyboy
summer1
student
sword
skiing
sergio
site
sony
thong
rootbeer
assassin
cassidy
frederic
fffff
fitness
giovanni
scarlett
durango
postal
achilles
dawn
dylan
kisses
warriors
imagine
plymouth
topdog
asterix
hallo
cameltoe
fuckfuck
bridget
eeeeee
mouth
weird
will
sithlord
sommer
toby
theking
juliet
avenger
backdoor
goodbye
chevrole
faith
lorraine
trance
cosworth
brad
houses
homers
eternity
kingpin
verbatim
incubus
1961
blond
zaphod
shiloh
spurs
station
jennie
maynard
mighty
aliens
hank
charly
running
dogman
omega1
printer
aggies
chocolate
deadhead
hope
javier
bitch1
stone55
pineappl
thekid
lizzie
rockets
ashton
camels
formula
forrest
rosemary
oracle
rain
pussey
porkchop
abcde
clancy
nellie
mystic
inferno
blackdog
steve1
pauline
alexander
alice
alfa
grumpy
flames
scream
lonely
puffy
proxy
valhalla
unreal
cynthia
herbie
engage
yyyyyy
010101
solomon
pistol
melody
celeb
flying
gggg
santiago
scottie
oakley
portugal
a12345
newbie
mmmm
venus
1qazxsw2
beverly
zorro
work
writer
stripper
sebastia
spread
phil
tobias
links
members
metal
1221
andre
565656
funfun
trojans
again
cyber
hurrican
moneys
1x2zkg8w
zeus
thing
tomato
lion
atlantic
celine
usa123
trans
account
aaaaaaa
homerun
hyperion
kevin1
blacks
44444444
skittles
sean
hastings
fart
gangbang
fubar
sailboat
older
oilers
craig
conrad
church
damian
dean
broken
buster1
hithere
immortal
sticks
pilot
peters
lexmark
jerkoff
maryland
anders
cheers
possum
columbus
cutter
muppet
beautiful
stolen
swordfish
sport
sonic
peter1
jethro
rockon
asdfghj
pass123
paper
pornos
ncc1701a
bootys
buttman
bonjour
escape
1960
becky
bears
362436
spartans
tinman
threesom
lemons
maxmax
1414
bbbbb
camelot
chad
chewie
gogo
fusion
saint
dilligaf
nopass
myself
hustler
hunter1
whitey
beast1
yesyes
spank
smudge
pinkfloy
patriot
lespaul
annette
hammers
catalina
finish
formula1
sausage
scooter1
orioles
oscar1
over
colombia
cramps
natural
eating
exotic
iguana
bella
suckers
strong
sheena
start
slave
pearl
topcat
lancelot
angelica
magelan
racer
ramona
crunch
british
button
eileen
steph
456123
skinny
seeking
rockhard
chief
filter
first
freaks
sakura
pacman
poontang
dalton
newlife
homer1
klingon
watcher
walleye
tasha
tasty
sinatra
starship
steel
starbuck
poncho
amber1
gonzo
grover
catherin
carol
candle
firefly
goblin
scotch
diver
usmc
huskies
eleven
kentucky
kitkat
israel
beckham
bicycle
yourmom
studio
tara
33333333
shane
splash
jimmy1
reality
12344321
caitlin
focus
sapphire
mailman
raiders1
clark
ddddd
hopper
excalibu
more
wilbur
illini
imperial
phillips
lansing
maxx
gothic
golfball
carlton
camille
facial
front242
macdaddy
qwer1234
vectra
cowboys1
crazy1
dannyboy
jane
betty
benny
bennett
leader
martinez
aquarius
barkley
hayden
caught
franky
ffff
floyd
sassy
pppp
pppppppp
prodigy
clarence
noodle
eatpussy
vortex
wanking
beatrice
billy1
siemens
pedro
phillies
research
groups
carolyn
chevy1
cccc
fritz
gggggggg
doughboy
dracula
nurses
loco
madrid
lollipop
trout
utopia
chrono
cooler
conner
nevada
wibble
werner
summit
marco
marilyn
1225
babies
capone
fugazi
panda
mama
qazwsxed
puppies
triton
9876
command
nnnnnn
ernest
momoney
iforgot
wolfie
studly
shawn
renee
alien
hamburg
81fukkc
741852
catman
china
forgot
gagging
scott1
drew
oregon
qweqwe
train
crazybab
daniel1
cutlass
brothers
holes
heidi
mothers
music1
what
walrus
1957
bigtime
bike
xtreme
simba
ssss
rookie
angie
bathing
fresh
sanchez
rotten
maestro
luis
look
turbo1
99999
butthole
hhhh
elijah
monty
bender
yoda
shania
shock
phish
thecat
rightnow
reagan
baddog
asia
greatone
gateway1
randall
abstr
napster
brian1
bogart
high
hitler
emma
kill
weaver
wildfire
jackson1
isaiah
1981
belinda
beaner
yoyo
0.0.0.000
super1
select
snuggles
slutty
some
phoenix1
technics
toon
raven1
rayray
123789
1066
albion
greens
fashion
gesperrt
santana
paint
powell
credit
darling
mystery
bowser
bottle
brucelee
hehehe
kelly1
mojo
1998
bikini
woofwoof
yyyy
strap
sites
spears
theodore
julius
richards
amelia
central
f**k
nyjets
punisher
username
vanilla
twisted
bryant
brent
bunghole
here
elizabeth
erica
kimber
viagra
veritas
pony
pool
titts
labtec
lifetime
jenny1
masterbate
mayhem
redbull
govols
gremlin
505050
gmoney
rupert
rovers
diamond1
lorenzo
trident
abnormal
davidson
deskjet
cuddles
nice
bristol
karina
milano
vh5150
jarhead
1982
bigbird
bizkit
sixers
slider
star69
starfish
penetration
tommy1
john316
meghan
michaela
market
grant
caligula
carl
flicks
films
madden
railroad
cosmo
cthulhu
bradford
br0d3r
military
bearbear
swedish
spawn
patrick1
polly
these
todd
reds
anarchy
groove
franco
fuckher
oooo
tyrone
vegas
airbus
cobra1
christine
clips
delete
duster
kitty1
mouse1
monkeys
jazzman
1919
262626
swinging
stroke
stocks
sting
pippen
labrador
jordan1
justdoit
meatball
females
saturday
park
vector
cooter
defender
desert
demon
nike
bubbas
bonkers
english
kahuna
wildman
4121
sirius
static
piercing
terror
teenage
leelee
marissa
microsof
mechanic
robotech
rated
hailey
chaser
sanders
salsero
nuts
macross
quantum
rachael
tsunami
universe
daddy1
cruise
nguyen
newpass6
nudes
hellyeah
vernon
1959
zaq12wsx
striker
sixty
steele
spice
spectrum
smegma
thumb
jjjjjjjj
mellow
astrid
cancun
cartoon
sabres
samiam
pants
oranges
oklahoma
lust
coleman
denali
nude
noodles
buzz
brest
hooter
mmmmmmmm
warthog
bloody
blueblue
zappa
wolverine
sniffing
lance
jean
jjjjj
harper
calico
freee
rover
door
pooter
closeup
bonsai
evelyn
emily1
kathryn
keystone
iiii
1955
yzerman
theboss
tolkien
jill
megaman
rasta
bbbbbbbb
bean
handsome
hal9000
goofy
gringo
gofish
gizmo1
samsam
scuba
onlyme
tttttttt
corrado
clown
clapton
deborah
boris
bulls
vivian
jayhawk
bethany
wwww
sharky
seeker
ssssssss
somethin
pillow
thesims
lighter
lkjhgf
melissa1
marcius2
barry
guiness
gymnast
casey1
goalie
godsmack
doug
lolo
rangers1
poppy
abby
clemson
clipper
deeznuts
nobody
holly1
elliot
eeee
kingston
miriam
belle
yosemite
sucked
sex123
sexy69
pic\'s
tommyboy
lamont
meat
masterbating
marianne
marc
gretzky
happyday
frisco
scratch
orchid
orange1
manchest
quincy
unbelievable
aberdeen
dawson
nathalie
ne1469
boxing
hill
korn
intercourse
161616
1985
ziggy
supersta
stoney
senior
amature
barber
babyboy
bcfields
goliath
hack
hardrock
children
frodo
scout
scrappy
rosie
qazqaz
tracker
active
craving
commando
cohiba
deep
cyclone
dana
bubba69
katie1
mpegs
vsegda
jade
irish1
better
sexy1
sinclair
smelly
squerting
lions
jokers
jeanette
julia
jojojo
meathead
ashley1
groucho
cheetah
champ
firefox
gandalf1
packer
magnolia
love69
tyler1
typhoon
tundra
bobby1
kenworth
village
volley
beth
wolf359
0420
000007
swimmer
skydive
smokes
patty
peugeot
pompey
legolas
kristy
redhot
rodman
redalert
having
grapes
4runner
carrera
floppy
dollars
ou8122
quattro
adams
cloud9
davids
nofear
busty
homemade
mmmmm
whisper
vermont
webmaste
wives
insertion
jayjay
philips
phone
topher
tongue
temptress
midget
ripken
havefun
gretchen
canon
celebrity
five
getting
ghetto
direct
otto
ragnarok
trinidad
usnavy
conover
cruiser
dalshe
nicole1
buzzard
hottest
kingfish
misfit
moore
milfnew
warlord
wassup
bigsexy
blackhaw
zippy
shearer
tights
thursday
kungfu
labia
journey
meatloaf
marlene
rider
area51
batman1
bananas
636363
cancel
ggggg
paradox
mack
lynn
queens
adults
aikido
cigars
nova
hoosier
eeyore
moose1
warez
interacial
streaming
313131
pertinant
pool6123
mayday
rivers
revenge
animated
banker
baddest
gordon24
ccccc
fortune
fantasies
touching
aisan
deadman
homepage
ejaculation
whocares
iscool
jamesbon
1956
1pussy
womam
sweden
skidoo
spock
sssss
petra
pepper1
pinhead
micron
allsop
amsterda
army
aside
gunnar
666999
chip
foot
fowler
february
face
fletch
george1
sapper
science
sasha1
luckydog
lover1
magick
popopo
public
ultima
derek
cypress
booker
businessbabe
brandon1
edwards
experience
vulva
vvvv
jabroni
bigbear
yummy
010203
searay
secret1
showing
sinbad
sexxxx
soleil
software
piccolo
thirteen
leopard
legacy
jensen
justine
memorex
marisa
mathew
redwing
rasputin
134679
anfield
greenbay
gore
catcat
feather
scanner
pa55word
contortionist
danzig
daisy1
hores
erik
exodus
vinnie
iiiiii
zero
1001
subway
tank
second
snapple
sneakers
sonyfuck
picks
poodle
test1234
their
llll
junebug
june
marker
mellon
ronaldo
roadkill
amanda1
asdfjkl
beaches
greene
great1
cheerleaers
force
doitnow
ozzy
madeline
radio
tyson
christian
daphne
boxster
brighton
housewifes
emmanuel
emerson
kkkk
mnbvcx
moocow
vides
wagner
janet
1717
bigmoney
blonds
1000
storys
stereo
4545
420247
seductive
sexygirl
lesbean
live
justin1
124578
animals
balance
hansen
cabbage
canadian
gangbanged
dodge1
dimas
lori
loud
malaka
puss
probes
adriana
coolman
crawford
dante
nacked
hotpussy
erotica
kool
mirror
wearing
implants
intruder
bigass
zenith
woohoo
womans
tanya
tango
stacy
pisces
laguna
krystal
maxell
andyod22
barcelon
chainsaw
chickens
flash1
downtown
orgasms
magicman
profit
pusyy
pothead
coconut
chuckie
contact
clevelan
designer
builder
budweise
hotshot
horizon
hole
experienced
mondeo
wifes
1962
strange
stumpy
smiths
sparks
slacker
piper
pitchers
passwords
laptop
jeremiah
allmine
alliance
bbbbbbb
asscock
halflife
grandma
hayley
88888
cecilia
chacha
saratoga
sandy1
santos
doogie
number
positive
qwert40
transexual
crow
close-up
darrell
bonita
ib6ub9
volvo
jacob1
iiiii
beastie
sunnyday
stoned
sonics
starfire
snapon
pictuers
pepe
testing1
tiberius
lisalisa
lesbain
litle
retard
ripple
austin1
badgirl
golfgolf
flounder
garage
royals
dragoon
dickie
passwor
ocean
majestic
poppop
trailers
dammit
nokia
bobobo
br549
emmitt
knock
minime
mikemike
whitesox
1954
3232
353535
seamus
solo
sparkle
sluttey
pictere
titten
lback
1024
angelina
goodluck
charlton
fingerig
gallaries
goat
ruby
passme
oasis
lockerroom
logan1
rainman
twins
treasure
absolutely
club
custom
cyclops
nipper
bucket
homepage-
hhhhh
momsuck
indain
2345
beerbeer
bimmer
susanne
stunner
stevens
456456
shell
sheba
tootsie
tiny
testerer
reefer
really
1012
harcore
gollum
545454
chico
caveman
carole
fordf150
fishes
gaymen
saleen
doodoo
pa55w0rd
looney
presto
qqqqq
cigar
bogey
brewer
helloo
dutch
kamikaze
monte
wasser
vietnam
visa
japanees
0123
swords
slapper
peach
jump
marvel
masterbaiting
march
redwood
rolling
1005
ametuer
chiks
cathy
callaway
fucing
sadie1
panasoni
mamas
race
rambo
unknown
absolut
deacon
dallas1
housewife
kristi
keywest
kirsten
kipper
morning
wings
idiot
18436572
1515
beating
zxczxc
sullivan
303030
shaman
sparrow
terrapin
jeffery
masturbation
mick
redfish
1492
angus
barrett
goirish
hardcock
felicia
forfun
galary
freeporn
duchess
olivier
lotus
pornographic
ramses
purdue
traveler
crave
brando
enter1
killme
moneyman
welder
windsor
wifey
indon
yyyyy
stretch
taylor1
4417
shopping
picher
pickup
thumbnils
johnboy
jets
jess
maureen
anne
ameteur
amateurs
apollo13
hambone
goldwing
5050
charley
sally1
doghouse
padres
pounding
quest
truelove
underdog
trader
crack
climber
bolitas
bravo
hohoho
model
italian
beanie
beretta
wrestlin
stroker
tabitha
sherwood
sexyman
jewels
johannes
mets
marcos
rhino
bdsm
balloons
goodman
grils
happy123
flamingo
games
route66
devo
dino
outkast
paintbal
magpie
llllllll
twilight
critter
christie
cupcake
nickel
bullseye
krista
knickerless
mimi
murder
videoes
binladen
xerxes
slim
slinky
pinky
peterson
thanatos
meister
menace
ripley
retired
albatros
balloon
bank
goten
5551212
getsdown
donuts
divorce
nwo4life
lord
lost
underwear
tttt
comet
deer
damnit
dddddddd
deeznutz
nasty1
nonono
nina
enterprise
eeeee
misfit99
milkman
vvvvvv
isaac
1818
blueboy
beans
bigbutt
wyatt
tech
solution
poetry
toolman
laurel
juggalo
jetski
meredith
barefoot
50spanks
gobears
scandinavian
original
truman
cubbies
nitram
briana
ebony
kings
warner
bilbo
yumyum
zzzzzzz
stylus
321654
shannon1
server
secure
silly
squash
starman
steeler
staples
phrases
techniques
laser
135790
allan
barker
athens
cbr600
chemical
fester
gangsta
fucku2
freeze
game
salvador
droopy
objects
passwd
lllll
loaded
louis
manchester
losers
vedder
clit
chunky
darkman
damage
buckshot
buddah
boobed
henti
hillary
webber
winter1
ingrid
bigmike
beta
zidane
talon
slave1
pissoff
person
thegreat
living
lexus
matador
readers
riley
roberta
armani
ashlee
goldstar
5656
cards
fmale
ferris
fuking
gaston
fucku
ggggggg
sauron
diggler
pacers
looser
pounded
premier
pulled
town
trisha
triangle
cornell
collin
cosmic
deeper
depeche
norway
bright
helmet
kristine
kendall
mustard
misty1
watch
jagger
bertie
berger
word
3x7pxr
silver1
smoking
snowboar
sonny
paula
penetrating
photoes
lesbens
lambert
lindros
lillian
roadking
rockford
1357
143143
asasas
goodboy
898989
chicago1
card
ferrari1
galeries
godfathe
gawker
gargoyle
gangster
rubble
rrrr
onetime
pussyman
pooppoop
trapper
twenty
abraham
cinder
company
newcastl
boricua
bunny1
boxer
hotred
hockey1
hooper
edward1
evan
kris
misery
moscow
milk
mortgage
bigtit
show
snoopdog
three
lionel
leanne
joshua1
july
1230
assholes
cedric
fallen
farley
gene
frisky
sanity
script
divine
dharma
lucky13
property
tricia
akira
desiree
broadway
butterfly
hunt
hotbox
hootie
heat
howdy
earthlink
karma
kiteboy
motley
westwood
1988
bert
blackbir
biggles
wrench
working
wrestle
slippery
pheonix
penny1
pianoman
tomorrow
thedude
jenn
jonjon
jones1
mattie
memory
micheal
roadrunn
arrow
attitude
azzer
seahawks
diehard
dotcom
lola
tunafish
chivas
cinnamon
clouds
deluxe
northern
nuclear
north
boom
boobie
hurley
krishna
momomo
modles
volume
23232323
bluedog
wwwwwww
zerocool
yousuck
pluto
limewire
link
joung
marcia
awnyce
gonavy
haha
films+pic+galeries
fabian
francois
girsl
fuckthis
girfriend
rufus
drive
uncencored
a123456
airport
clay
chrisbln
combat
cygnus
cupoi
never
netscape
brett
hhhhhhhh
eagles1
elite
knockers
kendra
mommy
1958
tazmania
shonuf
piano
pharmacy
thedog
lips
jillian
jenkins
midway
arsenal1
anaconda
australi
gromit
gotohell
787878
66666
carmex2
camber
gator1
ginger1
fuzzy
seadoo
dorian
lovesex
rancid
uuuuuu
911911
nature
bulldog1
helen
health
heater
higgins
kirk
monalisa
mmmmmmm
whiteout
virtual
ventura
jamie1
japanes
james007
2727
2469
blam
bitchass
believe
zephyr
stiffy
sweet1
silent
southpar
spectre
tigger1
tekken
lenny
lakota
lionking
jjjjjjj
medical
megatron
1369
hawaiian
gymnastic
golfer1
gunners
7779311
515151
famous
glass
screen
rudy
royal
sanfran
drake
optimus
panther1
love1
mail
maggie1
pudding
venice
aaron1
delphi
niceass
bounce
busted
house1
killer1
miracle
momo
musashi
jammin
2003
234567
wp2003wp
submit
silence
sssssss
state
spikes
sleeper
passwort
toledo
kume
media
meme
medusa
mantis
remote
reading
reebok
1017
artemis
hampton
harry1
cafc91
fettish
friendly
oceans
oooooooo
mango
ppppp
trainer
troy
uuuu
909090
cross
death1
news
bullfrog
hokies
holyshit
eeeeeee
mitch
jasmine1
&amp
&amp;
sergeant
spinner
leon
jockey
records
right
babyblue
hans
gooner
474747
cheeks
cars
candice
fight
glow
pass1234
parola
okokok
pablo
magical
major
ramsey
poseidon
989898
confused
circle
crusher
cubswin
nnnn
hollywood
erin
kotaku
milo
mittens
whatsup
vvvvv
iomega
insertions
bengals
bermuda
biit
yellow1
012345
spike1
south
sowhat
pitures
peacock
pecker
theend
juliette
jimmie
romance
augusta
hayabusa
hawkeyes
castro
florian
geoffrey
dolly
lulu
qaz123
usarmy
twinkle
cloud
chuckles
cold
hounddog
hover
hothot
europa
ernie
kenshin
kojak
mikey1
water1
196969
because
wraith
zebra
wwwww
33333
simon1
spider1
snuffy
philippe
thunderb
teddy1
lesley
marino13
maria1
redline
renault
aloha
antoine
handyman
cerberus
gamecock
gobucks
freesex
duffman
ooooo
papa
nuggets
magician
longbow
preacher
porno1
county
chrysler
contains
dalejr
darius
darlene
dell
navy
buffy1
hedgehog
hoosiers
honey1
hott
heyhey
europe
dutchess
everest
wareagle
ihateyou
sunflowe
3434
senators
shag
spoon
sonoma
stalker
poochie
terminal
terefon
laurence
maradona
maryann
marty
roman
1007
142536
alibaba
america1
bartman
astro
goth
century
chicken1
cheater
four
ghost1
passpass
oral
r2d2c3po
civic
cicero
myxworld
kkkkk
missouri
wishbone
infiniti
jameson
1a2b3c
1qwerty
wonderboy
skip
shojou
stanford
sparky1
smeghead
poiuy
titanium
torres
lantern
jelly
jeanne
meier
1213
bayern
basset
gsxr750
cattle
charlene
fishing1
fullmoon
gilles
dima
obelix
popo
prissy
ramrod
unique
absolute
bummer
hotone
dynasty
entry
konyor
missy1
moses
282828
yeah
xyz123
stop
426hemi
404040
seinfeld
simmons
pingpong
lazarus
matthews
marine1
manning
recovery
12345a
beamer
babyface
greece
gustav
7007
charity
camilla
ccccccc
faggot
foxy
frozen
gladiato
duckie
dogfood
paranoid
packers1
longjohn
radical
tuna
clarinet
claudio
circus
danny1
novell
nights
bonbon
kashmir
kiki
mortimer
modelsne
moondog
monaco
vladimir
insert
1953
zxc123
supreme
3131
sexxx
selena
softail
poipoi
pong
together
mars
martin1
rogue
alone
avalanch
audia4
55bgates
cccccccc
chick
came11
figaro
geneva
dogboy
dnsadm
dipshit
paradigm
othello
operator
officer
malone
post
rafael
valencia
tripod
choice
chopin
coucou
coach
cocksuck
common
creature
borussia
book
browning
heritage
hiziad
homerj
eight
earth
millions
mullet
whisky
jacques
store
4242
speedo
starcraf
skylar
spaceman
piggy
pierce
tiger2
legos
lala
jezebel
judy
joker1
mazda
barton
baker
727272
chester1
fishman
food
rrrrrrrr
sandwich
dundee
lumber
magazine
radar
ppppppp
tranny
aaliyah
admiral
comics
cleo
delight
buttfuck
homeboy
eternal
kilroy
kellie
khan
violin
wingman
walmart
bigblue
blaze
beemer
beowulf
bigfish
yyyyyyy
woodie
yeahbaby
0123456
tbone
style
syzygy
starter
lemon
linda1
merlot
mexican
11235813
anita
banner
bangbang
badman
barfly
grease
carla
charles1
ffffffff
screw
doberman
diane
dogshit
overkill
counter
coolguy
claymore
demons
demo
nomore
normal
brewster
hhhhhhh
hondas
iamgod
enterme
everett
electron
eastside
kayla
minimoni
mybaby
wildbill
wildcard
ipswich
200000
bearcat
zigzag
yyyyyyyy
xander
sweetnes
369369
skyler
skywalker
pigeon
peyton
tipper
lilly
asdf123
alphabet
asdzxc
babybaby
banane
barnes
guyver
graphics
grand
chinook
florida1
flexible
fuckinside
otis
ursitesux
tototo
trust
tower
adam12
christma
corey
chrome
buddie
bombers
bunker
hippie
keegan
misfits
vickie
292929
woofer
wwwwwwww
stubby
sheep
secrets
sparta
stang
spud
sporty
pinball
jorge
just4fun
johanna
maxxxx
rebecca1
gunther
fatima
fffffff
freeway
garion
score
rrrrr
sancho
outback
maggot
puddin
trial
adrienne
987456
colton
clyde
brain
brains
hoops
eleanor
dwayne
kirby
mydick
villa
19691969
bigcat
becker
shiner
silverad
spanish
templar
lamer
juicy
marsha
mike1
maximum
rhiannon
real
1223
10101010
arrows
andres
alucard
baldwin
baron
avenue
ashleigh
haggis
channel
cheech
safari
ross
dog123
orion1
paloma
qwerasdf
presiden
vegitto
trees
969696
adonis
colonel
cookie1
newyork1
brigitte
buddyboy
hellos
heineken
dwight
eraser
kerstin
motion
moritz
millwall
visual
jaybird
1983
beautifu
bitter
yvette
zodiac
steven1
sinister
slammer
smashing
slick1
sponge
teddybea
theater
this
ticklish
lipstick
jonny
massage
mann
reynolds
ring
1211
amazing
aptiva
applepie
bailey1
guitar1
chanel
canyon
gagged
fuckme1
rough
digital1
dinosaur
punk
98765
90210
clowns
cubs
daniels
deejay
nigga
naruto
boxcar
icehouse
hotties
electra
kent
widget
india
insanity
1986
2004
best
bluefish
bingo1
*****
stratus
strength
sultan
storm1
44444
4200
sentnece
season
sexyboy
sigma
smokie
spam
point
pippo
ticket
temppass
joel
manman
medicine
1022
anton
almond
bacchus
aztnm
axio
awful
bamboo
hakr
gregor
hahahaha
5678
casanova
caprice
camero1
fellow
fountain
dupont
dolphin1
dianne
paddle
magnet
qwert1
pyon
porsche1
tripper
vampires
coming
noway
burrito
bozo
highheel
hughes
hookem
eddie1
ellie
entropy
kkkkkkkk
kkkkkkk
illinois
jacobs
1945
1951
24680
21212121
100000
stonecold
taco
subzero
sharp
sexxxy
skolko
shanna
skyhawk
spurs1
sputnik
piazza
testpass
letter
lane
kurt
jiggaman
matilda
1224
harvard
hannah1
525252
4ever
carbon
chef
federico
ghosts
gina
scorpio1
rt6ytere
madison1
loki
raquel
promise
coolness
christina
coldbeer
citadel
brittney
highway
evil
monarch
morgan1
washingt
1997
bella1
berry
yaya
yolanda
superb
taxman
studman
stephanie
3636
sherri
sheriff
shepherd
poland
pizzas
tiffany1
toilet
latina
lassie
larry1
joseph1
mephisto
meagan
marian
reptile
rico
razor
1013
barron
hammer1
gypsy
grande
carroll
camper
chippy
cat123
call
chimera
fiesta
glock
glenn
domain
dieter
dragonba
onetwo
nygiants
odessa
password2
louie
quartz
prowler
prophet
towers
ultra
cocker
corleone
dakota1
cumm
nnnnnnn
natalia
boxers
hugo
heynow
hollow
iceberg
elvira
kittykat
kate
kitchen
wasabi
vikings1
impact
beerman
string
sleep
splinter
snoopy1
pipeline
pocket
legs
maple
mickey1
manuela
mermaid
micro
meowmeow
redbird
alisha
baura
battery
grass
chevys
chestnut
caravan
carina
charmed
fraser
frogman
diving
dogger
draven
drifter
oatmeal
paris1
longdong
quant4307s
rachel1
vegitta
cole
cobras
corsair
dadada
noelle
mylife
nine
bowwow
body
hotrats
eastwood
moonligh
modena
wave
illusion
iiiiiii
jayhawks
birgit
zone
sutton
susana
swingers
shocker
shrimp
sexgod
squall
stefanie
squeeze
soul
patrice
poiu
players
tigers1
toejam
tickler
line
julie1
jimbo1
jefferso
juanita
michael2
rodeo
robot
1023
annie1
bball
guess
happy2
charter
farm
flasher
falcon1
fiction
fastball
gadget
scrabble
diaper
dirtbike
dinner
oliver1
partner
paco
lucille
macman
poopy
popper
postman
ttttttt
ursula
acura
cowboy1
conan
daewoo
cyrus
customer
nation
nemrac58
nnnnn
nextel
bolton
bobdylan
hopeless
eureka
extra
kimmie
kcj9wx5n
killbill
musica
volkswag
wage
windmill
wert
vintage
iloveyou1
itsme
bessie
zippo
311311
starligh
smokey1
spot
snappy
soulmate
plasma
thelma
tonight
krusty
just4me
mcdonald
marius
rochelle
rebel1
1123
alfredo
aubrey
audi
chantal
fick
goaway
roses
sales
rusty2
dirt
dogbone
doofus
ooooooo
oblivion
mankind
luck
mahler
lllllll
pumper
puck
pulsar
valkyrie
tupac
compass
concorde
costello
cougars
delaware
niceguy
nocturne
bob123
boating
bronze
hopkins
herewego
hewlett
houhou
hubert
earnhard
eeeeeeee
keller
mingus
mobydick
venture
verizon
imation
1950
1948
1949
223344
bigbig
blossom
zack
wowwow
sissy
skinner
spiker
square
snooker
sluggo
player1
junk
jeannie
jsbach
jumbo
jewel
medic
robins
reddevil
reckless
123456a
1125
1031
beacon
astra
gumby
hammond
hassan
757575
585858
chillin
fuck1
sander
lowell
radiohea
upyours
trek
courage
coolcool
classics
choochoo
darryl
nikki1
nitro
bugs
boytoy
ellen
excite
kirsty
kane
wingnut
wireless
icu812
1master
beatle
bigblock
blanca
wolfen
summer99
sugar1
tartar
sexysexy
senna
sexman
sick
someone
soprano
pippin
platypus
pixies
telephon
land
laura1
laurent
rimmer
road
report
1020
12qwaszx
arturo
around
hamish
halifax
fishhead
forum
dododo
doit
outside
paramedi
lonesome
mandy1
twist
uuuuu
uranus
ttttt
butcher
bruce1
helper
hopeful
eduard
dusty1
kathy1
katherin
moonbeam
muscles
monster1
monkeybo
morton
windsurf
vvvvvvv
vivid
install
1947
187187
1941
1952
tatiana
susan1
31415926
sinned
sexxy
senator
sebastian
shadows
smoothie
snowflak
playstat
playa
playboy1
toaster
jerry1
marie1
mason1
merlin1
roger1
roadster
112358
1121
andrea1
bacardi
auto
hardware
hardy
789789
5555555
captain1
flores
fergus
sascha
rrrrrrr
dome
onion
nutter
lololo
qqqqqqq
quick
undertak
uuuuuuuu
uuuuuuu
criminal
cobain
cindy1
coors
dani
descent
nimbus
nomad
nanook
norwich
bomb
bombay
broker
hookup
kiwi
winners
jackpot
1a2b3c4d
1776
beardog
bighead
blast
bird33
0987
stress
shot
spooge
pelican
peepee
perry
pointer
titan
thedoors
jeremy1
annabell
altima
baba
hallie
hate
hardone
5454
candace
catwoman
flip
faithful
finance
farmboy
farscape
genesis1
salomon
destroy
papers
option
page
loser1
lopez
r2d2
pumpkins
training
chriss
cumcum
ninjas
ninja1
hung
erika
eduardo
killers
miller1
islander
jamesbond
intel
jarvis
19841984
2626
bizzare
blue12
biker
yoyoma
sushi
styles
shitface
series
shanti
spanker
steffi
smart
sphinx
please1
paulie
pistons
tiburon
limited
maxwell1
mdogg
rockies
armstron
alexia
arlene
alejandr
arctic
banger
audio
asimov
augustus
grandpa
753951
4you
chilly
care1839
chapman
flyfish
fantasia
freefall
santa
sandrine
oreo
ohshit
macbeth
madcat
loveya
mallory
rage
quentin
qwerqwer
project
ramirez
colnago
citizen
chocha
cobalt
crystal1
dabears
nevets
nineinch
broncos1
helene
huge
edgar
epsilon
easter
kestrel
moron
virgil
winston1
warrior1
iiiiiiii
iloveyou2
1616
beat
bettina
woowoo
zander
straight
shower
sloppy
specialk
tinkerbe
jellybea
reader
romero
redsox1
ride
1215
1112
annika
arcadia
answer
baggio
base
guido
555666
carmel
cayman
cbr900rr
chips
gabriell
gertrude
glennwei
roxy
sausages
disco
pass1
luna
lovebug
macmac
queenie
puffin
vanguard
trip
trinitro
airwolf
abbott
aaa111
cocaine
cisco
cottage
dayton
deadly
datsun
bricks
bumper
eldorado
kidrock
wizard1
whiskers
wind
wildwood
istheman
interest
italy
25802580
benoit
bigones
woodland
wolfpac
strawber
suicide
3030
sheba1
sixpack
peace1
physics
pearson
tigger2
toad
megan1
meow
ringo
roll
amsterdam
717171
686868
5424
catherine
canuck
football1
footjob
fulham
seagull
orgy
lobo
mancity
truth
trace
vancouve
vauxhall
acidburn
derf
myspace1
boozer
buttercu
howell
hola
easton
minemine
munch
jared
1dragon
biology
bestbuy
bigpoppa
blackout
blowfish
bmw325
bigbob
stream
talisman
tazz
sundevil
3333333
skate
shutup
shanghai
shop
spencer1
slowhand
polish
pinky1
tootie
thecrow
leroy
jonathon
jubilee
jingle
martine
matrix1
manowar
michaels
messiah
mclaren
resident
reilly
redbaron
rollins
romans
return
rivera
andromed
athlon
beach1
badgers
guitars
harald
harddick
gotribe
6996
7grout
5wr2i7h8
635241
chase1
carver
charlotte
fallout
fiddle
fredrick
fenris
francesc
fortuna
ferguson
fairlane
felipe
felix1
forward
gasman
frost
fucks
sahara
sassy1
dogpound
dogbert
divx1
manila
loretta
priest
pornporn
quasar
venom
987987
access1
clippers
daylight
decker
daman
data
dentist
crusty
nathan1
nnnnnnnn
bruno1
bucks
brodie
budapest
kittens
kerouac
mother1
waldo1
wedding
whistler
whatwhat
wanderer
idontkno
1942
1946
bigdawg
bigpimp
zaqwsx
414141
3000gt
434343
shoes
serpent
starr
smurf
pasword
tommie
thisisit
lake
john1
robotics
redeye
rebelz
1011
alatam
asses
asians
bama
banzai
harvest
gonzalez
hair
hanson
575757
5329
cascade
chinese
fatty
fender1
flower2
funky
sambo
drummer1
dogcat
dottie
oedipus
osama
macleod
prozac
private1
rampage
punch
presley
concord
cook
cinema
cornwall
cleaner
christopher
ciccio
corinne
clutch
corvet07
daemon
bruiser
boiler
hjkl
eyes
egghead
expert
ethan
kasper
mordor
wasted
jamess
iverson3
bluesman
zouzou
090909
1002
switch
stone1
4040
sisters
sexo
shawna
smith1
sperma
sneaky
polska
thewho
terminat
krypton
lawson
library
lekker
jules
johnson1
johann
justus
rockie
romano
aspire
bastards
goodie
cheese1
fenway
fishon
fishin
fuckoff1
girls1
sawyer
dolores
desmond
duane
doomsday
pornking
ramones
rabbits
transit
aaaaa1
clock
delilah
noel
boyz
bookworm
bongo
bunnies
brady
buceta
highbury
henry1
heels
eastern
krissy
mischief
mopar
ministry
vienna
weston
wildone
vodka
jayson
bigbooty
beavis1
betsy
xxxxxx1
yogibear
000001
0815
zulu
420000
september
sigmar
sprout
stalin
peggy
patch
lkjhgfds
lagnaf
rolex
redfox
referee
123123123
1231
angus1
ariana
ballin
attila
hall
greedy
grunt
747474
carpedie
cecile
caramel
foxylady
field
gatorade
gidget
futbol
frosch
saiyan
schmidt
drums
donner
doggy1
drum
doudou
pack
pain
nutmeg
quebec
valdepen
trash
triple
tosser
tuscl
track
comfort
choke
comein
cola
deputy
deadpool
bremen
borders
bronson
break
hotass
hotmail1
eskimo
eggman
koko
kieran
katrin
kordell1
komodo
mone
munich
vvvvvvvv
winger
jaeger
ivan
jackson5
2222222
bergkamp
bennie
bigben
zanzibar
worm
xxx123
sunny1
373737
services
sheridan
slater
slayer1
snoop
stacie
peachy
thecure
times
little1
jennaj
marquis
middle
rasta69
1114
aries
havana
gratis
calgary
checkers
flanker
salope
dirty1
draco
dogface
luv2epus
rainbow6
qwerty123
umpire
turnip
vbnm
tucson
troll
aileen
codered
commande
damon
nana
neon
nico
nightwin
neil
boomer1
bushido
hotmail0
horace
enternow
kaitlyn
keepout
karen1
mindy
mnbv
viewsoni
volcom
wizards
wine
1995
berkeley
bite
zach
woodstoc
tarpon
shinobi
starstar
phat
patience
patrol
toolbox
julien
johnny1
joebob
marble
riders
reflex
120676
1235
angelus
anthrax
atlas
hawks
grandam
harlem
hawaii50
gorgeous
655321
cabron
challeng
callisto
firewall
firefire
fischer
flyer
flower1
factory
federal
gambler
frodo1
funk
sand
sam123
scania
dingo
papito
passmast
olive
palermo
ou8123
lock
ranch
pride
randy1
twiggy
travis1
transfer
treetop
addict
admin1
963852
aceace
clarissa
cliff
cirrus
clifton
colin
bobdole
bonner
bogus
bonjovi
bootsy
boater
elway7
edison
kelvin
kenny1
moonshin
montag
moreno
wayne1
white1
jazzy
jakejake
1994
1991
2828
blunt
bluejays
beau
belmont
worthy
systems
sensei
southpark
stan
peeper
pharao
pigpen
tomahawk
teensex
leedsutd
larkin
jermaine
jeepster
jimjim
josephin
melons
marlon
matthias
marriage
robocop
1003
1027
antelope
azsxdc
gordo
hazard
granada
8989
7894
ceasar
cabernet
cheshire
california
chelle
candy1
fergie
fanny
fidelio
giorgio
fuckhead
ruth
sanford
diego
dominion
devon
panic
longer
mackie
qawsed
trucking
twelve
chloe1
coral
daddyo
nostromo
boyboy
booster
bucky
honolulu
esquire
dynamite
motor
mollydog
wilder
windows1
waffle
wallet
warning
virus
washburn
wealth
vincent1
jabber
jaguars
javelin
irishman
idefix
bigdog1
blue42
blanked
blue32
biteme1
bearcats
blaine
yessir
sylveste
team
stephan
sunfire
tbird
stryker
3ip76k2
sevens
sheldon
pilgrim
tenchi
titman
leeds
lithium
lander
linkin
landon
marijuan
mariner
markie
midnite
reddwarf
1129
123asd
12312312
allstar
albany
asdf12
antonia
aspen
hardball
goldfing
7734
49ers
carlo
chambers
cable
carnage
callum
carlos1
fitter
fandango
festival
flame
gofast
gamma
fucmy69
scrapper
dogwood
django
magneto
loose
premium
addison
9999999
abc1234
cromwell
newyear
nichole
bookie
burns
bounty
brown1
bologna
earl
entrance
elway
killjoy
kerry
keenan
kick
klondike
mini
mouser
mohammed
wayer
impreza
irene
insomnia
24682468
2580
24242424
billbill
bellaco
blessing
blues1
bedford
blanco
blunts
stinks
teaser
streets
sf49ers
shovel
solitude
spikey
sonia
pimpdadd
timeout
toffee
lefty
johndoe
johndeer
mega
manolo
mentor
margie
ratman
ridge
record
rhodes
robin1
1124
1210
1028
1226
another
babylove
barbados
harbor
gramma
646464
carpente
chaos1
fishbone
fireblad
glasgow
frogs
scissors
screamer
salem
scuba1
ducks
driven
doggies
dicky
donovan
obsidian
rams
progress
tottenham
aikman
comanche
corolla
clarke
conway
cumslut
cyborg
dancing
boston1
bong
houdini
helmut
elvisp
edge
keksa12
misha
monty1
monsters
wetter
watford
wiseguy
veronika
visitor
janelle
1989
1987
20202020
biatch
beezer
bigguns
blueball
bitchy
wyoming
yankees2
wrestler
stupid1
sealteam
sidekick
simple1
smackdow
sporting
spiral
smeller
sperm
plato
tophat
test2
theatre
thick
toomuch
leigh
jello
jewish
junkie
maxim
maxime
meadow
remingto
roofer
124038
1018
1269
1227
123457
arkansas
alberta
aramis
andersen
beaker
barcelona
baltimor
googoo
goochi
852456
4711
catcher
carman
champ1
chess
fortress
fishfish
firefigh
geezer
rsalinas
samuel1
saigon
scooby1
doors
dick1
devin
doom
dirk
doris
dontknow
load
magpies
manfred
raleigh
vader1
universa
tulips
defense
mygirl
burn
bowtie
bowman
holycow
heinrich
honeys
enforcer
katherine
minerva
wheeler
witch
waterboy
jaime
irving
1992
23skidoo
bimbo
blue11
birddog
woodman
womble
zildjian
030303
stinker
stoppedby
sexybabe
speakers
slugger
spotty
smoke1
polopolo
perfect1
things
torpedo
tender
thrasher
lakeside
lilith
jimmys
jerk
junior1
marsh
masamune
rice
root
1214
april1
allgood
bambi
grinch
767676
5252
cherries
chipmunk
cezer121
carnival
capecod
finder
flint
fearless
goats
funstuff
gideon
savior
seabee
sandro
schalke
salasana
disney1
duckman
options
pancake
pantera1
malice
lookin
love123
lloyd
qwert123
puppet
prayers
union
tracer
crap
creation
cwoui
nascar24
hookers
hollie
hewitt
estrella
erection
ernesto
ericsson
edthom
kaylee
kokoko
kokomo
kimball
morales
mooses
monk
walton
weekend
inter
internal
1michael
1993
19781978
25252525
worker
summers
surgery
shibby
shamus
skibum
sheepdog
sex69
spliff
slipper
spoons
spanner
snowbird
slow
toriamos
temp123
tennesse
lakers1
jomama
julio
mazdarx7
rosario
recon
riddle
room
revolver
1025
1101
barney1
babycake
baylor
gotham
gravity
hallowee
hancock
616161
515000
caca
cannabis
castor
chilli
fdsa
getout
fuck69
gators1
sail
sable
rumble
dolemite
dork
dickens
duffer
dodgers1
painting
onions
logger
lorena
lookout
magic32
port
poon
prime
twat
coventry
citroen
christmas
civicsi
cocksucker
coochie
compaq1
nancy1
buzzer
boulder
butkus
bungle
hogtied
honor
hero
hotgirls
hilary
heidi1
eggplant
mustang6
mortal
monkey12
wapapapa
wendy1
volleyba
vibrate
vicky
bledsoe
blink
birthday4
woof
xxxxx1
talk
stephen1
suburban
stock
tabatha
sheeba
start1
soccer10
something
starcraft
soccer12
peanut1
plastics
penthous
peterbil
tools
tetsuo
torino
tennis1
termite
ladder
last
lemmein
lakewood
jughead
melrose
megane
reginald
redone
request
angela1
alive
alissa
goodgirl
gonzo1
golden1
gotyoass
656565
626262
capricor
chains
calvin1
foolish
fallon
getmoney
godfather
gabber
gilligan
runaway
salami
dummy
dungeon
dudedude
dumb
dope
opus
paragon
oxygen
panhead
pasadena
opendoor
odyssey
magellan
lottie
printing
pressure
prince1
trustme
christa
court
davies
neville
nono
bread
buffet
hound
kajak
killkill
mona
moto
mildred
winner1
vixen
whiteboy
versace
winona
voyager1
instant
indy
jackjack
bigal
beech
biggun
blake1
blue99
big1
woods
synergy
success1
336699
sixty9
shark1
skin
simba1
sharpe
sebring
spongebo
spunk
springs
sliver
phialpha
password9
pizza1
plane
perkins
pookey
tickling
lexingky
lawman
joe123
jolly
mike123
romeo1
redheads
reserve
apple123
alanis
ariane
antony
backbone
aviation
band
hand
green123
haley
carlitos
byebye
cartman1
camden
chewy
camaross
favorite6
forumwp
franks
ginscoot
fruity
sabrina1
devil666
doughnut
pantie
oldone
paintball
lumina
rainbow1
prosper
total
true
umbrella
ajax
951753
achtung
abc12345
compact
color
corn
complete
christi
closer
corndog
deerhunt
darklord
dank
nimitz
brandy1
bowl
breanna
holidays
hetfield
holein1
hillbill
hugetits
east
evolutio
kenobi
whiplash
waldo
wg8e3wjf
wing
istanbul
invis
1996
benton
bigjohn
bluebell
beef
beater
benji
bluejay
xyzzy
wrestling
storage
superior
suckdick
taichi
stellar
stephane
shaker
skirt
seymour
semper
splurge
squeak
pearls
playball
pitch
phyllis
pooky
piss
tomas
titfuck
joemama
johnny5
marcello
marjorie
married
maxi
rhubarb
rockwell
ratboy
reload
rooney
redd
1029
1030
1220
anchor
bbking
baritone
gryphon
gone
57chevy
494949
celeron
fishy
gladiator
fucker1
roswell
dougie
downer
dicker
diva
domingo
donjuan
nympho
omar
praise
racers
trick
trauma
truck1
trample
acer
corwin
cricket1
clemente
climax
denmark
cuervo
notnow
nittany
neutron
native
bosco1
buffa
breaker
hello2
hydro
estelle
exchange
explore
kisskiss
kittys
kristian
montecar
modem
mississi
mooney
weiner
washington
20012001
bigdick1
bibi
benfica
yahoo1
striper
tabasco
supra
383838
456654
seneca
serious
shuttle
socks
stanton
penguin1
pathfind
testibil
thethe
listen
lightning
lighting
jeter2
marma
mark1
metoo
republic
rollin
redleg
redbone
redskin
rocco
1245
armand
anthony7
altoids
andrews
barley
away
asswipe
bauhaus
bbbbbb1
gohome
harrier
golfpro
goldeney
818181
6666666
5000
5rxypn
cameron1
calling
checker
calibra
fields
freefree
faith1
fist
fdm7ed
finally
giraffe
glasses
giggles
fringe
gate
georgie
scamper
rrpass1
screwyou
duffy
deville
dimples
pacino
ontario
passthie
oberon
quest1
postov1000
puppydog
puffer
raining
protect
qwerty7
trey
tribe
ulysses
tribal
adam25
a1234567
compton
collie
cleopatr
contract
davide
norris
namaste
myrtle
buffalo1
bonovox
buckley
bukkake
burning
burner
bordeaux
burly
hun999
emilie
elmo
enters
enrique
keisha
mohawk
willard
vgirl
whale
vince
jayden
jarrett
1812
1943
222333
bigjim
bigd
zoom
wordup
ziggy1
yahooo
workout
young1
written
xmas
zzzzzz1
surfer1
strife
sunlight
tasha1
skunk
shauna
seth
soft
sprinter
peaches1
planes
pinetree
plum
pimping
theforce
thedon
toocool
leeann
laddie
list
lkjh
lara
joke
jupiter1
mckenzie
matty
rene
redrose
1200
102938
annmarie
alexa
antares
austin31
ground
goose1
737373
78945612
789987
6464
calimero
caster
casper1
cement
chevrolet
chessie
caddy
chill
child
canucks
feeling
favorite
fellatio
f00tball
francine
gateway2
gigi
gamecube
giovanna
rugby1
scheisse
dshade
dudes
dixie1
owen
offshore
olympia
lucas1
macaroni
manga
pringles
puff
tribble
trouble1
ussy
core
clint
coolhand
colonial
colt
debra
darthvad
dealer
cygnusx1
natalie1
newark
husband
hiking
errors
eighteen
elcamino
emmett
emilia
koolaid
knight1
murphy1
volcano
idunno
2005
2233
block
benito
blueberr
biguns
yamahar1
zapper
zorro1
0911
3006
sixsix
shopper
siobhan
sextoy
stafford
snowboard
speedway
sounds
pokey
peabody
playboy2
titi
think
toast
toonarmy
lister
lambda
joecool
jonas
joyce
juniper
mercer
max123
manny
massimo
mariposa
met2002
reggae
ricky1
1236
1228
1016
all4one
arianna
baberuth
asgard
gonzales
484848
5683
6669
catnip
chiquita
charisma
capslock
cashmone
chat
figure
galant
frenchy
gizmodo1
girlies
gabby
garner
screwy
doubled
divers
dte4uw
done
dragonfl
maker
locks
rachelle
treble
twinkie
trailer
tropical
acid
crescent
cooking
cococo
cory
dabomb
daffy
dandfa
cyrano
nathanie
briggs
boners
helium
horton
hoffman
hellas
espresso
emperor
killa
kikimora
wanda
w4g8at
verona
ilikeit
iforget
1944
20002000
birthday1
beatles1
blue1
bigdicks
beethove
blacklab
blazers
benny1
woodwork
0069
0101
taffy
susie
survivor
swim
stokes
4567
shodan
spoiled
steffen
pissed
pavlov
pinnacle
place
petunia
terrell
thirty
toni
tito
teenie
lemonade
lily
lillie
lalakers
lebowski
lalalala
ladyboy
jeeper
joyjoy
mercury1
mantle
mannn
rocknrol
riversid
reeves
123aaa
11112222
121314
1021
1004
1120
allen1
ambers
amstel
ambrose
alice1
alleycat
allegro
ambrosia
alley
australia
hatred
gspot
graves
goodsex
hattrick
harpoon
878787
8inches
4wwvte
cassandr
charlie123
case
chavez
fighting
gabriela
gatsby
fudge
gerry
generic
gareth
fuckme2
samm
sage
seadog
satchmo
scxakv
santafe
dipper
dingle
dizzy
outoutout
madmad
london1
qbg26i
pussy123
randolph
vaughn
tzpvaw
vamp
comedy
comp
cowgirl
coldplay
dawgs
delaney
nt5d27
novifarm
needles
notredam
newness
mykids
bryan1
bouncer
hihihi
honeybee
iceman1
herring
horn
hook
hotlips
dynamo
klaus
kittie
kappa
kahlua
muffy
mizzou
mohamed
musical
wannabe
wednesda
whatup
weller
waterfal
willy1
invest
blanche
bear1
billabon
youknow
zelda
yyyyyy1
zachary1
01234567
070462
zurich
superstar
storms
tail
stiletto
strat
427900
sigmachi
shelter
shells
sexy123
smile1
sophie1
stefano
stayout
somerset
smithers
playmate
pinkfloyd
phish1
payday
thebear
telefon
laetitia
kswbdu
larson
jetta
jerky
melina
metro
revoluti
retire
respect
1216
1201
1204
1222
1115
archange
barry1
handball
676767
chandra
chewbacc
flesh
furball
gocubs
fruit
fullback
gman
gentle
dunbar
dewalt
dominiqu
diver1
dhip6a
olemiss
ollie
mandrake
mangos
pretzel
pusssy
tripleh
valdez
vagabond
clean
comment
crew
clovis
deaths
dandan
csfbr5yy
deadspin
darrel
ninguna
noah
ncc74656
bootsie
bp2002
bourbon
brennan
bumble
books
hose
heyyou
houston1
hemlock
hippo
hornets
hurricane
horseman
hogan
excess
extensa
muffin1
virginie
werdna
idontknow
info
iron
jack1
1bitch
151nxjmt
bendover
bmwbmw
bills
zaq123
wxcvbn
surprise
supernov
tahoe
talbot
simona
shakur
sexyone
seviyi
sonja
smart1
speed1
pepito
phantom1
playoffs
terry1
terrier
laser1
lite
lancia
johngalt
jenjen
jolene
midori
message
maserati
matteo
mental
miami1
riffraff
ronald1
reason
rhythm
1218
1026
123987
1015
1103
armada
architec
austria
gotmilk
hawkins
gray
camila
camp
cambridg
charge
camero
flex
foreplay
getoff
glacier
glotest
froggie
gerbil
rugger
sanity72
salesman
donna1
dreaming
deutsch
orchard
oyster
palmtree
ophelia
pajero
m5wkqf
magenta
luckyone
treefrog
vantage
usmarine
tyvugq
uptown
abacab
aaaaaa1
advance
chuck1
delmar
darkange
cyclones
nate
navajo
nope
border
bubba123
building
iawgk2
hrfzlz
dylan1
enrico
encore
emilio
eclipse1
killian
kayleigh
mutant
mizuno
mustang2
video1
viewer
weed420
whales
jaguar1
insight
1990
159159
1love
bliss
bears1
bigtruck
binder
bigboss
blitz
xqgann
yeahyeah
zeke
zardoz
stickman
table
3825
signal
sentra
side
shiva
skipper1
singapor
southpaw
sonora
squid
slamdunk
slimjim
placid
photon
placebo
pearl1
test12
therock1
tiger123
leinad
legman
jeepers
joeblow
mccarthy
mike23
redcar
rhinos
rjw7x4
1102
13576479
112211
alcohol
gwju3g
greywolf
7bgiqk
7878
535353
4snz9g
candyass
cccccc1
carola
catfight
cali
fister
fosters
finland
frankie1
gizzmo
fuller
royalty
rugrat
sandie
rudolf
dooley
dive
doreen
dodo
drop
oemdlg
out3xf
paddy
opennow
puppy1
qazwsxedc
pregnant
quinn
ramjet
under
uncle
abraxas
corner
creed
cocoa
crown
cows
cn42qj
dancer1
death666
damned
nudity
negative
nimda2k
buick
bobb
braves1
brook
henrik
higher
hooligan
dust
everlast
karachi
mortis
mulligan
monies
motocros
wally1
weapon
waterman
view
willie1
vicki
inspiron
1test
2929
bigblack
xytfu7
yackwin
zaq1xsw2
yy5rbfsc
100100
0660
tahiti
takehana
talks
332211
3535
sedona
seawolf
skydiver
shine
spleen
slash
spjfet
special1
spooner
slimshad
sopranos
spock1
penis1
patches1
terri
thierry
thething
toohot
large
limpone
johnnie
mash4077
matchbox
masterp
maxdog
ribbit
reed
rita
rockin
redhat
rising
1113
14789632
1331
allday
aladin
andrey
amethyst
ariel
anytime
baseball1
athome
basil
goofy1
greenman
gustavo
goofball
ha8fyp
goodday
778899
charon
chappy
castillo
caracas
cardiff
capitals
canada1
cajun
catter
freddy1
favorite2
frazier
forme
follow
forsaken
feelgood
gavin
gfxqx686
garlic
sarge
saskia
sanjose
russ
salsa
dilbert1
dukeduke
downhill
longhair
loop
locutus
lockdown
malachi
mamacita
lolipop
rainyday
pumpkin1
punker
prospect
rambo1
rainbows
quake
twin
trinity1
trooper1
aimee
citation
coolcat
crappy
default
dental
deniro
d9ungl
daddys
napoli
nautica
nermal
bukowski
brick
bubbles1
bogota
board
branch
breath
buds
hulk
humphrey
hitachi
evans
ender
export
kikiki
kcchiefs
kram
morticia
montrose
mongo
waqw3p
wizzard
visited
whdbtp
whkzyc
image
154ugeiu
1fuck
binky
blind
bigred1
blubber
benz
becky1
year2005
wonderfu
wooden
xrated
0001
tampabay
survey
tammy1
stuffer
3mpz4r
3000
3some
selina
sierra1
shampoo
silk
shyshy
slapnuts
standby
spartan1
sprocket
sometime
stanley1
poker1
plus
thought
theshit
torture
thinking
lavalamp
light1
laserjet
jediknig
jjjjj1
jocelyn
mazda626
menthol
maximo
margaux
medic1
release
richter
rhino1
roach
renate
repair
reveal
1209
1234321
amigos
apricot
alexandra
asdfgh1
hairball
hatter
graduate
grimace
7xm5rq
6789
cartoons
capcom
cheesy
cashflow
carrots
camping
fanatic
fool
format
fleming
girlie
glover
gilmore
gardner
safeway
ruthie
dogfart
dondon
diapers
outsider
odin
opiate
lollol
love12
loomis
mallrats
prague
primetime21
pugsley
program
r29hqq
touch
valleywa
airman
abcdefg1
darkone
cummer
dempsey
damn
nadia
natedogg
nineball
ndeyl5
natchez
newone
normandy
nicetits
buddy123
buddys
homely
husky
iceland
hr3ytm
highlife
holla
earthlin
exeter
eatmenow
kimkim
karine
k2trix
kernel
kirkland
money123
moonman
miles1
mufasa
mousey
wilma
wilhelm
whites
warhamme
instinct
jackass1
2277
20spanks
blobby
blair
blinky
bikers
blackjack
becca
blue23
xman
wyvern
085tzzqi
zxzxzx
zsmj2v
suede
t26gn4
sugars
sylvie
tantra
swoosh
swiss
4226
4271
321123
383pdjvl
shoe
shane1
shelby1
spades
spain
smother
soup
sparhawk
pisser
photo1
pebble
phones
peavey
picnic
pavement
terra
thistle
tokyo
therapy
lives
linden
kronos
lilbit
linux
johnston
material
melanie1
marbles
redlight
reno
recall
1208
1138
1008
alchemy
aolsucks
alexalex
atticus
auditt
ballet
b929ezzh
goodyear
hanna
griffith
gubber
863abgsg
7474
797979
464646
543210
4zqauf
4949
ch5nmk
carlito
chewey
carebear
caleb
checkmat
cheddar
chachi
fever
forgetit
fine
forlife
giants1
gates
getit
gamble
gerhard
galileo
g3ujwg
ganja
rufus1
rushmore
scouts
discus
dudeman
olympus
oscars
osprey
madcow
locust
loyola
mammoth
proton
rabbit1
question
ptfe3xxp
pwxd5x
purple1
punkass
prophecy
uyxnyd
tyson1
aircraft
access99
abcabc
cocktail
colts
civilwar
cleveland
claudia1
contour
clement
dddddd1
cypher
denied
dapzu455
dagmar
daisydog
name
noles
butters
buford
hoochie
hotel
hoser
eddy
ellis
eldiablo
kingrich
mudvayne
motown
mp8o6d
wife
vipergts
italiano
innocent
2055
2211
beavers
bloke
blade1
yamato
zooropa
yqlgr667
050505
zxcvbnm1
zw6syj
suckcock
tango1
swing
stern
stephens
swampy
susanna
tammie
445566
333666
380zliki
sexpot
sexylady
sixtynin
sickboy
spiffy
sleeping
skylark
sparkles
slam
pintail
phreak
places
teller
timtim
tires
thighs
left
latex
llamas
letsdoit
lkjhg
landmark
letters
lizzard
marlins
marauder
metal1
manu
register
righton
1127
alain
alcat
amigo
basebal1
azertyui
attract
azrael
hamper
gotenks
golfgti
gutter
hawkwind
h2slca
harman
grace1
6chid8
789654
canine
casio
cazzo
chamber
cbr900
cabrio
calypso
capetown
feline
flathead
fisherma
flipmode
fungus
goal
g9zns4
full
giggle
gabriel1
fuck123
saffron
dogmeat
dreamcas
dirtydog
dunlop
douche
dresden
dickdick
destiny1
pappy
oaktree
lydia
luft4
puta
prayer
ramada
trumpet1
vcradq
tulip
tracy71
tycoon
aaaaaaa1
conquest
click
chitown
corps
creepers
constant
couples
code
cornhole
danman
dada
density
d9ebk7
cummins
darth
cute
nash
nirvana1
nixon
norbert
nestle
brenda1
bonanza
bundy
buddies
hotspur
heavy
horror
hufmqw
electro
erasure
enough
elisabet
etvww4
ewyuza
eric1
kinder
kenken
kismet
klaatu
musician
milamber
willi
waiting
isacs155
igor
1million
1letmein
x35v8l
yogi
ywvxpz
xngwoj
zippy1
020202
****
stonewal
sweeney
story
sentry
sexsexsex
spence
sonysony
smirnoff
star12
solace
sledge
states
snyder
star1
paxton
pentagon
pkxe62
pilot1
pommes
paulpaul
plants
tical
tictac
toes
lighthou
lemans
kubrick
letmein22
letmesee
jys6wz
jonesy
jjjjjj1
jigga
joelle
mate
merchant
redstorm
riley1
rosa
relief
14141414
1126
allison1
badboy1
asthma
auggie
basement
hartley
hartford
hardwood
gumbo
616913
57np39
56qhxs
4mnveh
cake
forbes
fatluvr69
fqkw5m
fidelity
feathers
fresno
godiva
gecko
gladys
gibson1
gogators
fridge
general1
saxman
rowing
sammys
scotts
scout1
sasasa
samoht
dragon69
ducky
dragonball
driller
p3wqaw
nurse
papillon
oneone
openit
optimist
longshot
portia
rapier
pussy2
ralphie
tuxedo
ulrike
undertow
trenton
copenhag
come
delldell
culinary
deltas
mytime
nicky
nickie
noname
noles1
bucker
bopper
bullock
burnout
bryce
hedges
ibilltes
hihje863
hitter
ekim
espana
eatme69
elpaso
envelope
express1
eeeeee1
eatme1
karaoke
kara
mustang5
misses
wellingt
willem
waterski
webcam
jasons
infinite
iloveyou!
jakarta
belair
bigdad
beerme
yoshi
yinyang
zimmer
x24ik3
063dyjuy
0000007
ztmfcq
stopit
stooges
survival
stockton
symow8
strato
2hot4u
ship
simons
skins
shakes
sex1
shield
snacks
softtail
slimed123
pizzaman
pipe
pitt
pathetic
pinto
tigercat
tonton
lager
lizzy
juju
john123
jennings
josiah
jesse1
jordon
jingles
martian
mario1
rootedit
rochard
redwine
requiem
riverrat
rats
1117
1014
1205
althea
allie
amor
amiga
alpina
alert
atreides
banana1
bahamut
hart
golfman
happines
7uftyx
5432
5353
5151
4747
byron
chatham
chadwick
cherie
foxfire
ffvdj474
freaked
foreskin
gayboy
gggggg1
glenda
gameover
glitter
funny1
scoobydoo
scroll
rudolph
saddle
saxophon
dingbat
digimon
omicron
parsons
ohio
panda1
loloxx
macintos
lululu
lollypop
racer1
queen1
qwertzui
prick
upnfmc
tyrant
trout1
9skw5g
aceman
adelaide
acls2h
aaabbb
acapulco
aggie
comcast
craft
crissy
cloudy
cq2kph
custer
d6o8pm
cybersex
davecole
darian
crumbs
daisey
davedave
dasani
needle
mzepab
myporn
narnia
nineteen
booger1
bravo1
budgie
btnjey
highlander
hotel6
humbug
edwin
ewtosi
kristin1
kobe
knuckles
keith1
katarina
muff
muschi
montana1
wingchun
wiggle
whatthe
walking
watching
vette1
vols
virago
intj3a
ishmael
intern
jachin
illmatic
199999
2010
beck
blender
bigpenis
bengal
blue1234
your
zaqxsw
xray
xxxxxxx1
zebras
yanks
worlds
tadpole
stripes
svetlana
3737
4343
3728
4444444
368ejhih
solar
sonne
smalls
sniffer
sonata
squirts
pitcher
playstation
pktmxr
pescator
points
texaco
lesbos
lilian
l8v53x
jo9k2jw2
jimbeam
josie
jimi
jupiter2
jurassic
marines1
maya
rocket1
ringer
14725836
12345679
1219
123098
1233
alessand
althor
angelika
arch
armando
alpha123
basher
barefeet
balboa
bbbbb1
banks
badabing
harriet
gopack
golfnut
gsxr1000
gregory1
766rglqy
8520
753159
8dihc6
69camaro
666777
cheeba
chino
calendar
cheeky
camel1
fishcake
falling
flubber
giuseppe
gianni
gloves
gnasher23
frisbee
fuzzy1
fuzzball
sauce
save13tx
schatz
russell1
sandra1
scrotum
scumbag
sabre
samdog
dripping
dragon12
dragster
paige
orwell
mainland
lunatic
lonnie
lotion
maine
maddux
qn632o
poophead
rapper
porn4life
producer
rapunzel
tracks
velocity
vanessa1
ulrich
trueblue
vampire1
abacus
902100
crispy
corky
crane
chooch
d6wnro
cutie
deal
dabulls
dehpye
navyseal
njqcw4
nownow
nigger1
nightowl
nonenone
nightmar
bustle
buddy2
boingo
bugman
bulletin
bosshog
bowie
hybrid
hillside
hilltop
hotlegs
honesty
hzze929b
hhhhh1
hellohel
eloise
evilone
edgewise
e5pftu
eded
embalmer
excalibur
elefant
kenzie
karl
karin
killah
kleenex
mouses
mounta1n
motors
mutley
muffdive
vivitron
winfield
wednesday
w00t88
iloveit
jarjar
incest
indycar
17171717
1664
17011701
222777
2663
beelch
benben
yitbos
yyyyy1
yasmin
zapata
zzzzz1
stooge
tangerin
taztaz
stewart1
summer69
sweetness
system1
surveyor
stirling
3qvqod
3way
456321
sizzle
simhrq
shrink
shawnee
someday
sparty
ssptx452
sphere
spark
slammed
sober
persian
peppers
ploppy
pn5jvw
poobear
pianos
plaster
testme
tiff
thriller
larissa
lennox
jewell
master12
messier
rockey
1229
1217
1478
1009
anastasi
almighty
amonra
aragon
argentin
albino
azazel
grinder
6uldv8
83y6pv
8888888
4tlved
515051
carsten
changes
flanders
flyers88
ffffff1
firehawk
foreman
firedog
flashman
ggggg1
gerber
godspeed
galway
giveitup
funtimes
gohan
giveme
geryfe
frenchie
sayang
rudeboy
savanna
sandals
devine
dougal
drag0n
dga9la
disaster
desktop
only
onlyone
otter
pandas
mafia
lombard
luckys
lovejoy
lovelife
manders
product
qqh92r
qcmfd454
pork
radar1
punani
ptbdhw
turtles
undertaker
trs8f7
tramp
ugejvp
abba
911turbo
acdc
abcd123
clever
corina
cristian
create
crash1
colony
crosby
delboy
daniele
davinci
daughter
notebook
niki
nitrox
borabora
bonzai
budd
brisbane
hotter
heeled
heroes
hooyah
hotgirl
i62gbq
horse1
hills
hpk2qc
epvjb6
echo
korean
kristie
mnbvc
mohammad
mind
mommy1
munster
wade
wiccan
wanted
jacket
2369
bettyboo
blondy
bismark
beanbag
bjhgfi
blackice
yvtte545
ynot
yess
zlzfrh
wolvie
007bond
******
tailgate
tanya1
sxhq65
stinky1
3234412
3ki42x
seville
shimmer
sheryl
sienna
shitshit
skillet
seaman
sooners1
solaris
smartass
pastor
pasta
pedros
pennywis
pfloyd
tobydog
thetruth
lethal
letme1n
leland
jenifer
mario66
micky
rocky2
rewq
ripped
reindeer
1128
1207
1104
1432
aprilia
allstate
alyson
bagels
basic
baggies
barb
barrage
greatest
gomez
guru
guard
72d5tn
606060
4wcqjn
caldwell
chance1
catalog
faust
film
flange
fran
fartman
geil
gbhcf2
fussball
glen
fuaqz4
gameboy
garnet
geneviev
rotary
seahawk
russel
saab
seal
samadams
devlt4
ditto
drevil
drinker
deuce
dipstick
donut
octopus
ottawa
losangel
loverman
porky
q9umoz
rapture
pump
pussy4me
university
triplex
ue8fpw
trent
trophy
turbos
troubles
agent
aaa340
churchil
crazyman
consult
creepy
craven
class
cutiepie
ddddd1
dejavu
cuxldv
nettie
nbvibt
nikon
niko
norwood
nascar1
nolan
bubba2
boobear
boogers
buff
bullwink
bully
bulldawg
horsemen
escalade
editor
eagle2
dynamic
ella
efyreg
edition
kidney
minnesot
mogwai
morrow
msnxbi
moonlight
mwq6qlzo
wars
werder
verygood
voodoo1
wheel
iiiiii1
159951
1624
1911a1
2244
bellagio
bedlam
belkin
bill1
woodrow
xirt2k
worship
??????
tanaka
swift
susieq
sundown
sukebe
tales
swifty
2fast4u
senate
sexe
sickness
shroom
shaun
seaweed
skeeter1
status
snicker
sorrow
spanky1
spook
patti
phaedrus
pilots
pinch
peddler
theo
thumper1
tessie
tiger7
tmjxn151
thematri
l2g7k3
letmeinn
lazy
jeffjeff
joan
johnmish
mantra
mariana
mike69
marshal
mart
mazda6
riptide
robots
rental
1107
1130
142857
11001001
1134
armored
alvin
alec
allnight
alright
amatuers
bartok
attorney
astral
baboon
bahamas
balls1
bassoon
hcleeb
happyman
granite
graywolf
golf1
gomets
8vjzus
7890
789123
8uiazp
5757
474jdvff
551scasi
50cent
camaro1
cherry1
chemist
final
firenze
fishtank
farrell
freewill
glendale
frogfrog
gerhardt
ganesh
same
scirocco
devilman
doodles
dinger
okinawa
olympic
nursing
orpheus
ohmygod
paisley
pallmall
null
lounge
lunchbox
manhatta
mahalo
mandarin
qwqwqw
qguvyt
pxx3eftp
president
rambler
puzzle
poppy1
turk182
trotter
vdlxuc
trish
tugboat
valiant
tracie
uwrl7c
chris123
coaster
cmfnpu
decimal
debbie1
dandy
daedalus
dede
natasha1
nissan1
nancy123
nevermin
napalm
newcastle
boats
branden
britt
bonghit
hester
ibxnsm
hhhhhh1
holger
durham
edmonton
erwin
equinox
dvader
kimmy
knulla
mustafa
monsoon
mistral
morgana
monica1
mojave
month
monterey
mrbill
vkaxcs
victor1
wacker
wendell
violator
vfdhif
wilson1
wavpzt
verena
wildstar
winter99
iqzzt580
jarrod
imback
1914
19741974
1monkey
1q2w3e4r5t
2500
2255
blank
bigshow
bigbucks
blackcoc
zoomer
wtcacq
wobble
xmen
xjznq5
yesterda
yhwnqc
zzzxxx
streak
393939
2fchbg
skinhead
skilled
shakira
shaft
shadow12
seaside
sigrid
sinful
silicon
smk7366
snapshot
sniper1
soccer11
staff
slap
smutty
peepers
pleasant
plokij
pdiddy
pimpdaddy
thrust
terran
topaz
today1
lionhear
littlema
lauren1
lincoln1
lgnu9d
laughing
juneau
methos
medina
merlyn
rogue1
romulus
redshift
1202
1469
12locked
arizona1
alfarome
al9agd
aol123
altec
apollo1
arse
baker1
bbb747
bach
axeman
astro1
hawthorn
goodfell
hawks1
gstring
hannes
8543852
868686
4ng62t
554uzpad
5401
567890
5232
catfood
frame
flow
fire1
flipflop
fffff1
fozzie
fluff
garrison
fzappa
furious
round
rustydog
sandberg
scarab
satin
ruger
samsung1
destin
diablo2
dreamer1
detectiv
dominick
doqvq3
drywall
paladin1
papabear
offroad
panasonic
nyyankee
luetdi
qcfmtz
pyf8ah
puddles
privacy
rainer
pussyeat
ralph1
princeto
trivia
trewq
tri5a3
advent
9898
agyvorc
clarkie
coach1
courier
contest
christo
corinna
chowder
concept
climbing
cyzkhw
davidb
dad2ownu
days
daredevi
de7mdf
nose
necklace
nazgul
booboo1
broad
bonzo
brenna
boot
butch1
huskers1
hgfdsa
hornyman
elmer
elektra
england1
elodie
kermit1
knife
kaboom
minute
modern
motherfucker
morten
mocha
monday1
morgoth
ward
weewee
weenie
walters
vorlon
website
wahoo
ilovegod
insider
jayman
1911
1dallas
1900
1ranger
201jedlz
2501
1qaz
bertram
bignuts
bigbad
beebee
billows
belize
bebe
wvj5np
wu4etd
yamaha1
wrinkle5
zebra1
yankee1
zoomzoom
09876543
0311
?????
stjabn
tainted
3tmnej
shoot
skooter
skelter
sixteen
starlite
smack
spice1
stacey1
smithy
perrin
pollux
peternorth
pixie
paulina
piston
pick
poets
pine
toons
tooth
topspin
kugm7b
legends
jeepjeep
juliana
joystick
junkmail
jojojojo
jonboy
judge
midland
meteor
mccabe
matter
mayfair
meeting
merrill
raul
riches
reznor
rockrock
reboot
reject
robyn
renee1
roadway
rasta220
1411
1478963
1019
archery
allman
andyandy
barks
bagpuss
auckland
gooseman
hazmat
gucci
guns
grammy
happydog
greek
7kbe9d
7676
6bjvpe
5lyedn
5858
5291
charlie2
chas
c7lrwu
candys
chateau
ccccc1
cardinals
fear
fihdfv
fortune12
gocats
gaelic
fwsadn
godboy
gldmeo
fx3tuo
fubar1
garland
generals
gforce
rxmtkp
rulz
sairam
dunhill
division
dogggg
detect
details
doll
drinks
ozlq6qwm
ov3ajy
lockout
makayla
macgyver
mallorca
loves
prima
pvjegu
qhxbij
raphael
prelude1
totoro
tusymo
trousers
tunnel
valeria
tulane
turtle1
tracy1
aerosmit
abbey1
address
clticic
clueless
cooper1
comets
collect
corbin
delpiero
derick
cyprus
dante1
dave1
nounours
neal
nexus6
nero
nogard
norfolk
brent1
booyah
bootleg
buckaroo
bulls23
bulls1
booper
heretic
icecube
hellno
hounds
honeydew
hooters1
hoes
howie
hevnm4
hugohugo
eighty
epson
evangeli
eeeee1
eyphed

123456
123456789
qwerty
password
111111
12345678
abc123
1234567
password1
12345
1234567890
123123
000000
iloveyou
1234
1q2w3e4r5t
qwertyuiop
123
monkey
dragon
123456a
654321
123321
666666
1qaz2wsx
myspace1
121212
homelesspa
123qwe
a123456
123abc
1q2w3e4r
qwe123
7777777
qwerty123
target123
tinkle
987654321
qwerty1
222222
zxcvbnm
1g2w3e4r
gwerty
zag12wsx
gwerty123
555555
fuckyou
112233
asdfghjkl
1q2w3e
123123123
qazwsx
computer
princess
12345a
ashley
159753
michael
football
sunshine
1234qwer
iloveyou1
aaaaaa
fuckyou1
789456123
daniel
777777
princess1
123654
11111
asdfgh
999999
11111111
passer2009
888888
love
abcd1234
shadow
football1
love123
superman
jordan23
jessica
monkey1
12qwaszx
a12345
baseball
123456789a
killer
asdf
samsung
master
azerty
charlie
asd123
soccer
FQRG7CS493
88888888
jordan
michael1
jesus1
linkedin
babygirl1
789456
blink182
thomas
qwer1234
333333
liverpool
michelle
nicole
qwert
j38ifUbn
131313
asdasd
0
987654
lovely
q1w2e3r4
0123456789
gfhjkm
andrew
hello1
joshua
Status
justin
anthony
angel1
iloveyou2
1111111
zxcvbn
hello
1111
jennifer
hunter
naruto
bitch1
welcome
159357
101010
tigger
147258369
babygirl
jessica1
parola
5201314
robert
fuckyou2
696969
102030
0987654321
loveme
123456q
apple
pokemon
mother
money1
secret
anthony1
purple
q1w2e3r4t5y6
baseball1
qazwsxedc
1111111111
abc
buster
matthew
andrea
soccer1
basketball
hannah
freedom
golfer
chelsea
passw0rd
george
trustno1
friends
william
iloveu
amanda
number1
chocolate
qwerty12
summer
flower
charlie1
maggie
pakistan
samantha
asdf1234
letmein
asshole1
superman1
marina
147258
batman
fuk19600
butterfly
010203
qweqwe
29rsavoy
forever
1
mustang
sunshine1
ashley1
internet
london
666
harley
alexander
xbox360
00000000
12341234
q1w2e3
pepper
family
loveyou
50cent
joseph
whatever
!
jasmine
orange
user
junior
cookie
martin
qweasdzxc
212121
1qazxsw2
password12
google
password2
111222
lol123
hello123
jordan1
shadow1
patrick
3rJs1la7qE
ginger
nicole1
mylove
arsenal
12344321
abcdef
love12
232323
VQsaBLPzLa
taylor
myspace
brandon
angel
12345q
brandon1
chris1
diamond
snoopy
asshole
qweasd
starwars
matrix
mickey
school
jonathan
melissa
eminem
1234561
cjmasterinf
lovers
1234567891
nikita
richard
1342
yellow
12345qwert
oliver
q1w2e3r4t5
cheese
a123456789
christian
290966
wall.e
12345678910
12413
sophie
tudelft
DIOSESFIEL
dpbk1234
PE#5GZ29PTZMSE
bailey
U38fa39
mercedes
victoria
147852
asdasd5
matthew1
abcdefg
peanut
456789
red123
happy1
sandra
benjamin
dragon1
444444
123654789
$HEX
elizabeth
prince
amanda1
angels
angela
qqqqqq
samuel
banana
barcelona
ghbdtn
computer1
michelle1
william1
hockey
monster
carlos
justin1
antonio
qwertyu
nathan
55555
123789
0000
killer1
11223344
chicken
lucky1
gabriel
welcome1
zaq12wsx
jasmine1
silver
hunter1
bubbles
hottie1
purple1
andrew1
daniel1
liverpool1
1qaz2wsx3edc
rainbow
morgan
natasha
fuckoff
jackson
austin
vanessa
mommy1
madison
adidas
xxxxxx
252525
america
james1
metallica
slipknot
chicken1
87654321
jesus
NULL
0000000000
alexis
!ab#cd$
spiderman
steven
ferrari
lauren
456123
robert1
147852369
qwaszx
buddy1
butterfly1
!~!1
tinkerbell
bandit
danielle
0123456
nicholas
hannah1
qwerty12345
1234554321
asdfasdf
pokemon1
nirvana
destiny
scooter
cookie1
123qweasd
loveme1
chelsea1
chocolate1
1234567a
juventus
rachel
111222tianya
qazxsw
zzzzzz
monica
stella
america1
999999999
jennifer1
freedom1
taylor1
741852963
yamaha
victor
00000
qwertyui
a1b2c3
ronaldo
1password
smokey
david1
money
daddy1
cocacola
a838hfiD
1234abcd
joshua1
123asd
buster1
myspace123
booboo
madison1
samantha1
heather
7654321
elizabeth1
poop
tigger1
family1
mustang1
142536
november
jasper
lovely1
diamond1
success
edward
music1
valentina
harley1
sweety
tennis
zxc123
friend
qaz123
whatever1
thomas1
nothing
N0=Acc3ss
super123
casper
Password
chester
Exigent
password123
cheese1
spongebob1
mynoob
hahaha
hellokitty
098765
alexandra
canada
david
1q2w3e4r5t6y
dennis
december
olivia
a1b2c3d4
playboy
sabrina
patricia
summer1
friends1
mexico1
dakota
barbie
loulou
johnny
music
123456m
Password1
lover1
maggie1
pretty
123hfjdk147
nicolas
qwert1
charles
phoenix
rebecca
thunder
sexy123
iloveu2
123456789q
batman1
beautiful
carolina
4815162342
vincent
jeremy
spider
master1
heather1
weed420
Sojdlg123aljg
pepper1
sebastian
yankees
dallas
pussy1
cameron
caroline
peanut1
guitar
startfinding
midnight
i
iw14Fi9j
yankees1
elephant
124578
scorpion
sexy
tweety
bubbles1
fuckoff1
cowboys1
fuckme
fucker
louise
dolphin
852456
patrick1
loser1
mother1
lalala
naruto1
veronica
melissa1
sparky
newyork
adrian
123456s
september
heaven
alexander1
jessie
crystal
tigers
k.:
p
iloveyou!
chris
gemini
raiders1
135790
zxcvbnm1
peaches
merlin
12121212
spongebob
scooby
stephanie
shannon
james
246810
1a2b3c
555666
sergey
lovelove
202020
159951
precious
123456j
lakers
manchester
ginger1
134679
cristina
apples
a1234567
qqww1122
pussy
daniela
jackson1
123456b
jackie
rocky1
asdfghjkl1
sakura
qazwsx123
yellow1
flower1
apple1
010101
newyork1
sammy1
alex
muffin
cherry
poohbear
richard1
nigger1
test123
destiny1
flowers
slipknot1
cooper
753951
monster1
paSSword
baby123
mexico
blessed1
toyota
spiderman1
beauty
fuck
emmanuel
genius
winston
tiffany
charlotte
741852
iloveu1
diablo
onelove
tiger1
badboy
maverick
joseph1
winner
mickey1
creative
beautiful1
softball
hotmail
421uiopy258
brittany
1314520
aa123456
asdf123
lastfm
manuel
sayang
kristina
austin1
stupid1
hottie
booboo1
murphy
stalker
carmen
doudou
qazqaz
scorpio
m123456
pimpin1
pass
badoo
garfield
0000000
fuckme1
scooter1
151515
aaaaa
brandy
kitty1
myspace2
steelers
compaq
claudia
123456d
rabbit
bailey1
crazy1
august
isabella
orange1
october
q123456
green1
black1
samson
aaaa
angelo
1a2b3c4d
9876543210
boomer
junior1
12345678a
shorty1
tyler1
456456
kimberly
guitar1
cowboys
shorty
passion
soleil
christ
1v7Upjw3nT
111
albert
andrey
ranger
dexter
lucky7
popcorn
babyboy1
bitch
alyssa
brittany1
123456abc
forever1
fucker1
barney
1122334455
blessed
metallica1
1029384756
karina
krishna
cameron1
california
christian1
melanie
j123456
password!
happy
963852741
woaini
danielle1
samsung1
gangsta1
icecream
letmein1
qwerty123456
eagles
love13
qwert123
uQA9Ebw445
fucku2
smokey1
leonardo
asdfgh1
police
christine
windows
bismillah
miguel
iloveyou12
:
snickers
arsenal1
7758521
bubba1
cowboy
denise
pretty1
george1
q12345
winter
dancer
coffee
player1
fernando
maxwell
swordfish
rangers
horses
francis
951753
martina
fylhtq
chivas1
secret1
s123456
marlboro
qwerty1234
kitten
lauren1
twilight
florida
141414
pass123
YAgjecc826
jason1
54321
nathan1
sydney
pumpkin
molly1
dolphin1
vfhbyf
natalie
hiphop
skater1
fishing
bond007
kobe24
barbara
loveyou1
tiffany1
john316
cassie
iloveme
hardcore
stupid
fatima
alexis1
rockstar
abc1234
123456z
playboy1
321321
123123a
greenday
baby
maria
angelina
starwars1
google1
b123456
school1
bonnie
123qwe123
SZ9kQcCTwY
lucky
father
courtney
sexy12
007007
crystal1
abc123456
fluffy
kissme
marseille
trinity
sweet1
candy1
qwerty7
password3
alejandro
a
pookie
roberto
sarah1
player
justinbieb
turtle
poohbear1
simone
corvette
jackass1
lolita
jonathan1
steven1
alicia
lollipop
jackass
123456c
786786
biteme
honey
motorola
nicholas1
friendster
angel123
portugal
iloveme1
simple
012345
vfrcbv
brooklyn
morgan1
darkness
rainbow1
shelby
slayer
natalia
snowball
chicago
454545
aaaaaa1
1234512345
people
lovers1
sharon
golden
snoopy1
shannon1
raiders
123qweasdzxc
sweetie
789789
teresa
blue123
242424
awesome
boston
victoria1
pamela
wilson
ssssss
mike
kevin
test
klaster
123456k
kenneth
bonjour
tucker
catherine
hockey1
pa55word
9379992
password.
eminem1
love11
mnbvcxz
logitech
redsox
remember
popcorn1
kevin1
isabelle
P3Rat54797
seven7
steelers1
qwe
marcus
bulldog
yfnfif
cricket
lakers24
edward1
tweety1
qazwsx1
123456t
single
lizottes
nastya
amber1
sarah
blessing
marley
rockstar1
fender
aaa111
willow
camille
aaaaaaaa
florida1
peaches1
bella1
carlos1
connor
d123456
love4ever
cutie1
indian
goodluck
marie1
loveme2
marine
hammer
chance
stephen
121314
123456l
z123456
santiago
strawberry
abcdefg1
bigdaddy
daisy1
thunder1
asdfghjk
marvin
mmmmmm
vanessa1
happy123
abcd123
fuckyou!
iverson3
hotdog
svetlana
arthur
1212
never
tintin
234567
iceman
orlando
satan666
superstar
babygurl1
090909
johnson
fyfcnfcbz
freddy
rachel1
magic
qwert12345
chester1
loverboy
miller
cookies
parker
azertyuiop
porsche
teacher
5555555555
angelica
yourmom1
bullshit
sunday
christopher
love1234
travis
5555555
evildick
666999
monika
nissan
qwer
asdfg
midnight1
williams
please
55555555
spencer
aaaaa1
gateway
tiger
dallas1
111111a
charles1
321654
gracie
raymond
ladybug
sweetpea
rush2112
greenday1
sunflower
1123581321
baby12
jason
precious1
lakers1
brooklyn1
stephanie1
undertaker
m
12345t
sweetheart
ihateyou
zachary
emily1
fktrcfylh
123698745
tamara
asdfjkl
21212121
456852
lebron23
andrei
paradise
doctor
kawasaki
PolniyPizdec0211
a12345678
money123
171717
sophia
winnie
bianca
bigboy
22222222
qqq111
jacob1
andrea1
john
julian
pantera
lucky13
poopoo
lollol
3d8Cubaj2E
lorenzo
sasuke
babyboy
nascar
hahaha1
vladimir
abc12345
sierra
shopping
career121
12345qwerty
genesis
christina
bandit1
mylove1
cool
nelson
abcd
january
sweet
qq123456
scarface
159159
montana
ricardo
dolphins
giovanni
frankie
soccer12
johnny1
facebook
changeme
zxcvbnm123
jerome
sassy1
password11
123454321
qw123321
dakota1
australia
southside1
soccer10
zoosk
maryjane
Ð¿Ñ—Ð…Ð¿Ñ—Ð…Ð¿Ñ—Ð…Ð¿Ñ—Ð…Ð¿Ñ—Ð…Ð¿Ñ—Ð…
brenda
rebecca1
baller1
honey1
jeffrey
xavier
eagles1
ryan
getmoney1
brianna1
realmadrid
8675309
k.
scooby1
westside
minnie
bobby1
vampire
linkinpark
asdasdasd
francesco
inuyasha
1478963
asdfg1
falcon
123456r
green
laura
1q1q1q
aaa
rosebud
katie1
alex123
111222333
asdfghj
iG4abOX4
sergio
nigger
sterling
sophie1
claire
100200
italia
ronaldo7
timothy
jaguar
mariana
maksim
abigail
isabel
sairam
520520
jackie1
savannah
bigdaddy1
courtney1
disney
bigboy1
nigga1
blue
zaqwsx
love22
c123456
dancer1
1qwerty
musica
single1
123456aa
valentin
brooke
oliver1
chicago1
cherry1
london1
cjkysirj
alberto
jesus123
565656
blabla
maria1
warcraft
patches
cat123
mahalkita
banana1
P
monkey123
hollister1
alyssa1
lover
butter
walter
black
alessandro
778899
W5tXn36alfW
tigers1
password7
danny1
awesome1
bestfriend
dominic
gabriel1
michele
gateway1
oscar1
sex
cancer
helpme
volleyball
yuantuo2012
marie
123456g
princess12
love69
justine
chouchou
bitch123
champion
france
kitty
element1
963852
jasmin
fishing1
4444
darling
united
manutd
teddybear
regina
natalie1
passwort
francesca
181818
abcdef1
maximus
rafael
buddy
victory
qwerasdf
animal
student
hawaii
apple123
spirit
jamaica
carter
kayla1
gabriela
mariposa
abcdefgh
love23
super
yahoo1
rental
eddie1
dreams
sexy69
cheyenne
babygirl12
poop123
1234321
england
eduardo
valeria
zachary1
1986
bob123
antonio1
sniper
napoli
panther
willie
redsox1
hallo
zaq123
calvin
veronika
111111111
lol
nintendo
copper
millie
georgia
ybccfy
dog123
brianna
123zxc
happiness
diesel
monkey12
mohamed
123321a
camaro
bigdog
7895123
100000
engineer
bitches1
estrella
grandma1
princesa
oksana
gloria
penguin
virginia
skater
scarface1
suzuki
martin1
blue22
donald
123456e
PASSWORD
1234560
newlife
chris123
ï¿½+ï¿½ï¿½ï¿½ï¿½ï¿½+ï¿½ï¿½ï¿½ï¿½ï¿½+ï¿½ï¿½ï¿½ï¿½ï¿½+ï¿½ï¿½ï¿½ï¿½ï¿½+ï¿½ï¿½ï¿½ï¿½ï¿½+ï¿½ï¿½ï¿½ï¿½
123qaz
leslie
jimmy1
sweet16
anderson
abcdefg123
77777777
blahblah
wwwwww
aleksandr
shelby1
adriana
kisses
giuseppe
softball1
skyline
audrey
fucku1
trouble
badboy1
rey619
tristan
celtic
vkontakte
love101
pimpin
simpsons
liberty
7777
jeremy1
godisgood
angels1
262626
cupcake
twilight1
skate1
potter
bradley
warrior
qw123
miranda
pumpkin1
barbie1
sexsex
100
147896325
smile
hesoyam
debbie
ruslan
online
maddie
jessie1
pink123
speedy
taurus
loveyou2
olivia1
ladybug1
wizard
allison
pierre
domino
benjamin1
apples1
silvia
kingkong
bobby
monday
polina
fuckyou123
honda1
mercury
nokia
rascal
pepsi1
6969
silver1
angela1
florence
adgjmptw
cookies1
margarita
hallo123
monique
258456
fuck123
9111961
love14
pass1234
children
zzzzzzzz
tyler
123451
cristian
star
justice
password5
booger
knight
mamapapa
dreamer
siemens
esther
soccer11
hollywood
qawsed
password01
monkey2
cassie1
anna
inuyasha1
amoremio
sister
gregory
191919
serenity
natali
sabrina1
N8ZGT5P0sHw=
prince1
rangers1
camila
123456qwerty
ncc1701
1bitch
nirvana1
ronald
business
texas1
element
avatar
panasonic
gangster
serega
brandy1
asasas
25802580
missy1
colorado
jenny1
microsoft
cowboy1
909090
1989
sammy
jupiter
stanley
madonna
123456p
serena
valerie
superstar1
legolas
Groupd2013
31415926
dbrnjhbz
rocket
megan1
airforce1
apollo
3Odi15ngxB
internet1
westside1
qwer123
brooke1
kelsey
pebbles
system
catdog
christina1
flowers1
Passw0rd
sultan
icecream1
bulldog1
redneck1
123457
123987
gizmo1
johncena1
danger
chichi
donkey
nfnmzyf
asdzxc
india
titanic
compaq1
thebest
kirill
javier
hamster
myspace!
223344
gangsta
packers
asdasd123
pookie1
hitman
kathleen
qwqwqw
cupcake1
skittles
sports
coucou
frankie1
P@ssw0rd
aaron1
christmas
molly
casper1
qti7Zxh18U
blondie
football12
smiley
snickers1
lasvegas
sam123
445566
september1
2222
jayjay
basket
elena
ireland
110110
123456789m
k123456
tommy1
jesus7
madrid
marshall
vegeta
people1
minecraft
terminator
security
drowssap
sparky1
123456789z
19871987
poiuytrewq
j12345
pauline
jackson5
jetaime
p@ssw0rd
ronnie
skippy
kimberly1
rammstein
alexandre
scotland
nikki1
rocky
asdfjkl:
motdepasse
stefan
celine
harrypotter
aaaaaaa
babydoll
manman
violet
dddddd
192837465
pizza1
legend
321654987
iloveyou.
bella
truelove
harvey
tanner
runescape1
fantasy
peter
casanova
friday
robbie
katrina
philips
spencer1
francisco
cool123
viktor
exigent
fluffy1
qwertz
chocolat
christophe
phoenix1
poiuyt
z
bambam
jesus777
99999999
1qaz1qaz
323232
pussy69
killer123
rhbcnbyf
alejandra
muffin1
kelly1
stonecold
aurora
chivas
loser
gordon
love21
gandalf
lalala1
jasper1
a1s2d3f4
spanky
love10
mitchell
g9l2d1fzPY
jack
babygirl2
19851985
welcome123
franklin
russia
carpediem
aaaaaaaaaa
linked
zaq1xsw2
megaparol12345
travis1
admin123
daisy
lorena
froggy
smiles
douglas
handsome
shithead
1blood
tatiana
santos
little1
anastasia
unicorn
5555
12369874
savannah1
tinker1
sweetie1
jenny
dIWtgm8492
1234567q
super1
margaret
viking
muhammad
maxwell1
pppppp
sexyboy
phantom
fatboy
m12345
tomtom
080808
monica1
ballin1
eclipse
andres
elijah
maurice
piglet
baxter
123456654321
pikachu
india123
platinum
gangster1
garcia
passport
jesuschrist
kelly
sandra1
hotmail1
mahalko
charmed
loving
272727
corazon
katherine
michel
myspace12
access
bunny1
123321123
wisdom
mozart
snowball1
147147
asdfghjkl:
patches1
abcde
chloe1
horses1
D1lakiss
98765
church
everton
12345m
nicola
peace1
marcus1
trouble1
13579
dylan1
tinker
161616
candy
69696969
valentine
grace
sandy1
hercules
123456f
beatrice
puppy1
cooper1
wolverine
12345s
mama
jamesbond
jamie1
theman
anton
19841984
toshiba
cthutq
maradona
emily
gibson
787878
bingo1
green123
marcel
lolipop
maganda
penis1
turtle1
amsterdam
joanna
fashion
mercedes1
yahoo.com
123000
19861986
britney
boston1
goldfish
power
james123
kitkat
network
lawrence
pass1
112358
beatles
winston1
saibaba
princess2
trevor
promise
norman
14789632
hotdog1
idontknow
hollywood1
damian
star123
123456y
diamonds
trinity1
ihateyou1
kkkkkk
cutiepie
soccer13
bulldogs
felipe
yoyoyo
heaven1
enigma
marion
angel12
brian1
jayden
germany
mario
onelove1
369369
soccer7
casey1
sasha
brother
matteo
max123
melody
jimmy
success1
simona
julien
hjvfirf
loveu2
digital
english
reggie
shalom
power1
einstein
forever21
karate
135792468
hello12
bubble
nathalie
benfica
billy
spartak
hahahaha
harrison
timothy1
mom123
123456123
danny
kingdom
poopoo1
admin
gunner
ranger1
1234asdf
anhyeuem
helena
sasha1
buttercup
argentina
water1
cocacola1
polska
soccer123
omsairam
saturn
hg0209
manager
georgia1
stephen1
baller
282828
forest
12345r
johncena
sweets
elaine
maryjane1
dragonball
milano
stargate
colombia
brian
19891989
captain
infinity
pandora
amelia
trfnthbyf
dianne
eagle1
redskins
digital1
sexybitch1
general
pogiako
dinosaur
zidane
7894561230
colt45
spring
sureno13
arnold
catdog1
jesse1
eugene
teddy1
penelope
19921992
runescape
paintball1
little
blood1
test1234
summer08
billy1
nadine
myname
therock
rusty1
fatboy1
ciaociao
football2
swimming
wesley
travel
Telechargement
zxczxc
orlando1
nonmember
grandma
password4
654123
tennis1
shithead1
denise1
thuglife
bbbbbb
vRbGQnS997
nothing1
nigga
asd
subaru
chacha
tequiero
moomoo
charly
penis
chopper
comeon11
lacrosse
12345j
scoobydoo
butter1
gracie1
sadie1
zxcv1234
iverson
bowwow1
123789456
bullshit1
020202
faith1
kitten1
monique1
pink
victor1
wordpass
bullet
r123456
duncan
a11111
1qa2ws3ed
adrian1
laura1
thx1138
russell
love15
cutiepie1
flatron
sebastian1
gordon24
sexygirl1
123321q
ilovegod
asdf12
pickle
mememe
mar
kristen
143143
kittycat
420420
bamboo
mylife
e123456
walker
oscar
boobies
cleopatra
pascal
alaska
testing
dragons
??????
19821982
qwerty321
pippo
porsche1
perfect
password13
hummer
justme
303030
Megaparol12345
sammie
smile1
19801980
david123
teddybear1
baseball12
blue12
joker1
dustin
katerina
cynthia
11112222
mario1
harry1
qazwsx12
fabian
samuel1
fuckyou69
cecilia
roland
2
golfcourse
070707
daddy
magic1
313131
alfred
martinez
elephant1
2004
fktrctq
katie
ass123
yahoo
ilovejesus
l123456
123456123456
houston1
allison1
smoke420
godzilla
bernard
ganesh
peterpan
mybaby
brutus
pitbull
buddy123
iloveme2
skittles1
spurs1
logan1
x4ivygA51F
9-11-1961
ciccio
pineapple
panthers
napoleon
chopper1
honda
drummer1
louise1
holiday
11235813
federico
music123
houston
startrek
vincent1
qazxswedc
alabama
mohammed
qwe12345
cambiami
iloveyou3
christine1
gggggg
friendship
911911
pa55w0rd
pokemon123
mountain
boomer1
steve
galina
12301230
vfvjxrf
college
biteme1
raymond1
bitches
looking
bhf
bradley1
packers1
berlin
lindsay
linkin
isabella1
hassan
hacker
booger1
987456
my3kids
scotty
storm1
19831983
martha
5211314
123456789s
bigdog1
catch22
mariah
marco
catalina
wildcats
solomon
caramel
michigan
oicu812
44444
butthead
myspace.
13131313
vampires
philip
amber
cheer1
753159
sunny1
peewee
bob
charmed1
change
hiphop1
yourmom
mybaby1
theman1
strength
panther1
tommy
badass1
jjjjjj
cdtnkfyf
charlotte1
barcelona1
hardcore1
bubba
1loveyou
pussycat
spitfire
myself
Tnk0Mk16VX
babygurl
qweasd123
chanel
fender1
howard
andreas
megan
bluebird
a123123
123456987
carolina1
asdqwe123
sexygirl
sandy
popeye
matt
ybrbnf
pickles
2012comeer
medicine
autumn
something
evelyn
misty1
cutie
naruto123
peter1
soccer2
maxime
miriam
10101010
grace1
fordf150
asd123456
ilovehim1
moonlight
caprice
lonely
123098
t123456
skipper
damien
llllll
angel2
10203040
YfDbUfNjH10305070
spider1
johnson1
deejay
giulia
africa
joel
saints
bananas
bonita
password10
tucker1
rodrigo
runner
joanne
000
567890
archie
birthday
77777
baseball2
trixie
mark
789123
dearbook
spike1
19951995
null
password0
q1q1q1
pimp123
blackberry
lilwayne1
king
maddog
sugar1
linda
elvis1
66666666
the
ffffff
firebird
kermit
jake
phoebe
aaliyah
7758258
123456n
alison
s12345
22222
s
123465
salvador
barney1
sexy101
drpepper
melanie1
miracle
aaa123
c
mypassword
caitlin
wxcvbn
fred
harry
ironman
thebest1
natasha1
ferrari1
fuku00198
d
usa123
lololo
102938
pebbles1
898989
abigail1
a111111
thumper
familia
rfrfirf
spartan117
chance1
goober
2222222
qwerty11
brenda1
monkeys
cassandra
aaron
2cute4u
darren
135246
tiger123
always
smokie
steve1
freddie
nick
poopy1
genesis1
panget
guinness
chiara
athena
personal
alabama1
jaimatadi
gators
israel
darkangel
ellie
evony192
19881988
smoke1
knopka
hershey
budlight1
peace
lovebug
alicia1
pencil
mikey1
a1a1a1
predator
ka_dJKHJsy6
alejandro1
torres
hayden
newport1
montana1
111111q
marcos
lvbnhbq
QWERTY
bigdick
20102010
chevy1
fuckme69
sporting
indonesia
fernanda
aezakmi
olivier
devil666
147369
pizza
aquarius
dragon123
bonnie1
kelsey1
mexican1
12qw23we
1234567890q
future
franco
vikings
rahasia
222333
jayden1
44444444
diana
sunset
lovelife
love01
theone
Sample123
b
penguin1
lizzie
bearshare
denver
my3sons
remember1
drummer
lorraine
12345d
aaliyah1
lindsey
davide
scott
nemesis
blondie1
mike123
hector
holly1
tarzan
jeremiah
brasil
badass
pimp
magnum
temp
boogie
death1
connie
capricorn
12131415
wrestling1
private
potato
special
Ð¿Ñ—Ð…Ð¿Ñ—Ð…Ð¿Ñ—Ð…Ð¿Ñ—Ð…Ð¿Ñ—Ð…Ð¿Ñ—Ð…Ð¿Ñ—Ð…
good
manuela
cherokee
florian
asdfasdf1
kenneth1
blablabla
sexy13
lincoln
friend1
sheila
christ1
yvonne
minnie1
turkey
dipset1
yamaha1
veronica1
punk
summer09
a1s2d3
love09
passer2011
sex123
kennedy
2hot4u
marine1
maddie1
cricket1
nikki
selena
goldie
cooldude
giants
broncos
123qwerty
juliana
myspace3
buddha
skateboard
sk84life
chloe
buttons
westlife
norte14
lizard
kissme1
111qqq
defender
dumbass1
favour
shaggy
vampire1
456654
darkness1
tequila
daniel123
azerty123
1984
bball1
assassin
testtest
youbye123
samurai
dragons1
sk8ter
505050
hello2
14531453
penny1
11111a
federica
marian
killa1
dance1
explorer
simple1
ibrahim
death
matilda
dickhead
qwer12
pioneer
ducati
babylove
formula1
crazy
angel13
janice
789654
micheal
password9
jayjay1
hailey
wangyut2
363636
1987
l
dfvgbh
marissa
gilbert
cheyenne1
canada1
f
faith
12345z
monkeys1
dominique
tokiohotel
xxx
j
delete
miller1
deedee
alexandra1
cantik
1985
kenny1
12345k
mama123
connor1
antoine
papillon
111555
123455
dolphins1
haha123
123456h
babyblue
pitbull1
emerald
1313
love16
miranda1
343434
beauty1
fondoom
sebastien
hhhhhh
simon
teacher1
monalisa
ekaterina
19941994
larisa
hearts
jeffrey1
sapphire
disney1
england1
alex12
wolves
jamie
warren
surfer
subzero
gustavo
arizona
bear
puppies
freeman
19931993
april
julia
1234567899
vision
k
telefon
1myspace
jacob
pink12
sydney1
dragon12
killer12
theresa
agent007
123456789j
getmoney
33333333
picasso
idontknow1
linda1
morris
spooky
julius
336699
design
camilla
wrestling
jamaica1
racing
lucky123
9999
salvatore
loverboy1
shanna
19901990
fuck69
pinky1
panthers1
snowman
brownie
lollipop1
murphy1
kkkkkkkk
random
hughes
1princess
death666
shirley
321456
cjkywt
roberta
digger
miguel1
stefano
zoey101
19811981
dude
benson
money2
sierra1
jayson
sputnik
9999999999
watermelon
iloveyou7
654321a
alpha1
special1
valera
bambam1
8888
bluefish
525252
american
voodoo
malibu
123456w
rabbit1
dodgers1
slayer1
amore
carmen1
april1
money12
frank
blahblah1
poopie1
123123q
050505
dustin1
elijah1
cuddles
fucking
winter1
ily123
liliana
fuckit
scott1
frank1
abcde1
karolina
shelly
bonbon
90210
6666
tigger2
justice1
1234566
adidas1
shadow12
harmony
fuckit1
deborah
qazwsxedcrfv
1lover
babydoll1
sam
king123
paloma
golden1
bethany
pimp12
julie
celeste
sachin
906090
123456qwe
marines
bulldogs1
hotrod
forget
369258147
bollocks
daniele
gerald
dalejr88
abcde12345
132435
mustafa
password00
6hBf28W791
kisses1
broncos1
sweetpea1
ficken
kitty123
buttercup1
987456321
alessia
dominik
zk.:
lilmama1
kissmyass
mommy
stellina
123456asd
d12345
dragonfly
karen
bitch12
matrix1
980099
loser123
dominic1
password8
lindsey1
stinky
sublime
ronaldinho
volcom1
asdasd1
shit
summer07
jacobs
garrett
hotstuff
smiley1
qweqweqwe
gundam
24680
19911991
beckham
maison
blood5
candy123
0.00000000
thegame
nightmare
water
235689
best
bunny
ghjcnj
doggy1
password69
thailand
password22
simpson
sexymama1
raven1
february
lala123
stella1
lovebug1
viktoria
oooooo
newlife1
josh
doggie
soccer3
201301
redwings
aspirine
tobias
pirate
badger
energy
charlene
adam
emilie
5678
Ð¿Ñ—Ð…Ð¿Ñ—Ð…Ð¿Ñ—Ð…Ð¿Ñ—Ð…Ð¿Ñ—Ð…Ð¿Ñ—Ð…Ð¿Ñ—Ð…Ð¿Ñ—Ð…
dickhead1
letter
123456789k
master123
dennis1
n
geronimo
gregor
redneck
riley1
beaver
atlanta
atlanta1
dadada
mariam
funny1
garden
545454
country
mommy123
james23
mookie
electra
buffalo
curtis
xavier1
scorpio1
yousuck1
god
barbara1
justdoit
massimo
marley1
pakistan1
olga
122333
ytrewq
19781978
tatyana
josephine
1980
qawsedrf
ladygaga
f123456
singer
carrie
soccer9
lover123
yankees2
popopo
godislove
cuteako
valencia
insanity
sk8ordie
molly123
twins2
creative1
fountain
harold
driver
redskins1
suckit
rose
3333
mollie
poop12
queen1
kristen1
dexter1
bella123
bitch2
ï¿½+ï¿½ï¿½ï¿½ï¿½ï¿½+ï¿½ï¿½ï¿½ï¿½ï¿½+ï¿½ï¿½ï¿½ï¿½ï¿½+ï¿½ï¿½ï¿½ï¿½ï¿½+ï¿½ï¿½ï¿½ï¿½ï¿½+ï¿½ï¿½ï¿½ï¿½ï¿½+ï¿½ï¿½ï¿½ï¿½
liberty1
rolltide
madmax
german
dylan
jazzy1
valentino
christmas1
vanilla
connect
clowns
burrito
october1
sunny
schalke04
preston
prettygirl
tornado
panda1
stacey
cloud9
willie1
sammy123
pavilion
vacation
love08
tottenham
5hsU75kpoT
callie
broken
love143
hey123
coffee1
2222222222
fish
hihihi
UsdopaA
fireball
yankee
privet
bobbob
shakira
soccer14
noway
akopa123
illinois
pantera1
rockon
newcastle
samsam
daniels
kkkkkkk
shadow123
drpepper1
sexy11
scarlett
season
gabby1
cedric
teddy
melvin
avalon
a1b2c3d4e5
321123
usdopaa
lucas
12345679
ashton
froggy1
shamrock
tomcat
shawn1
marius
simba1
mariah1
frances
eternity
12345b
vagina
volcom
wallace
goodboy
rosemary
marlon
lollypop
paris1
bubble1
rooster
topgun
sasasa
g123456
psycho
patricia1
332211
warcraft1
123456789d
gerard
qwerqwer
donkey1
dick
young1
dodgers
milena
canyon
magnet
kristin
blackie
sanane
1jesus
989898
1945
manuel1
redrose
bacchus
Linkedin
19791979
zombie
01020304
flores
poopie
phillip
area51
taco
fatass1
12
gabrielle
holland
magnolia
784512
naruto12
314159
666777
budlight
1951
fresh1
tanner1
chandler
1982
hello!
11111q
maxmax
jellybean
soccer5
paramore
romeo1
stratfor
istanbul
john123
4200
ragnarok
goddess
sunflower1
andromeda
dollar
redbull
sweety1
cinderella
michael2
mamama
mason1
bigred
laguna
9999999
warrior1
november1
rocker
dinamo
258258
passion1
lala
delfin
1022
sasuke1
blacky
marines1
030303
1234567890a
sanchez
annie1
fuckme2
tattoo
cool12
hamilton
batista
2000
galaxy
000111
dillon
police1
education
whitney
rosario
henry1
porsche911
bogdan
antonella
gregory1
michigan1
alessandra
cookie123
cxfcnmt
99999
yoyoyo1
sunrise
copper1
casablanca
vikings1
20092009
wilson1
1988
starcraft
vivian
enterprise
famous1
OcPOOok325
lionking
marissa1
samira
temppass
100100
19751975
lucifer
my2girls
a1a2a3
rooney
patriots
zxasqw12
qazwsxedc1
ghbdtnbr
123456789l
sabina
fuckyou12
isaiah
judith
respect
cme2012
yahoo123
reddog
chargers1
yasmin
sparkle
passat
wayne1
iluvu2
aaron431
brother1
stanley1
samara
simon1
country1
bettyboop
blazer
swordfish1
1010
nigeria
3333333
info
theone1
marketing
december1
newport
dog
dorothy
karen1
p123456
amores
boobies1
alice
hola
chris12
leonard
spam
catherine1
98765432
sobaka
julian1
kent
ricky1
kittycat1
patriots1
manson
hershey1
outlaw
sidney
1qa2ws
dance
johanna
monkey7
family5
998877
holly
stratus
moomoo1
sara
holden
monkey11
anything
bluesky
blueeyes
kurt
samson1
perfect1
carter1
1979
willow1
andreea
000001
twinkle
123456789p
carlitos
coconut
haha
scoobydoo1
lester
skyline1
roxanne
madeline
rosie1
fucky0u
south13
douglas1
butterfly2
pisces
bentley
blackjack
122001
mamamia
newton
bigdick1
19961996
redhead
hotties
mahal
boubou
corona
baby13
peewee1
micheal1
baseball7
desiree
wow12345
gogogo
caroline1
dupont
shane1
hongkong
b12345
pickles1
ticket
marilyn
space1
bobmarley
classic
wonderful
qwe123qwe
ethan1
1q2w3e4
widget
zvezda
laptop
kevin123
thuglife1
youngmoney
underground
indiana
w123456
acmilan
hailey1
smile123
224466
1983
7777777777
4321
tripper
yomama1
red
fireman
renata
billabong
777888
annette
bernie
ï¿½+ï¿½ï¿½ï¿½ï¿½ï¿½+ï¿½ï¿½ï¿½ï¿½ï¿½+ï¿½ï¿½ï¿½ï¿½ï¿½+ï¿½ï¿½ï¿½ï¿½ï¿½+ï¿½ï¿½ï¿½ï¿½ï¿½+ï¿½ï¿½ï¿½ï¿½ï¿½+ï¿½ï¿½ï¿½ï¿½ï¿½+ï¿½ï¿½ï¿½ï¿½
blossom
chase1
williams1
football10
lakshmi
joe123
makaveli
456321
almond
ninja1
sugar
panda
sigma
love24
burton
google123
clifford
pepito
daddysgirl
morena
stormy
1357924680
cartman
kristine
nikola
washington
freckles
bishop
trigger
1q2w3e4r5
hendrix
password23
tristan1
cracker
detroit
beatriz
lilwayne
oblivion
giovanna
spike
gizmo
germany1
fortuna
paul
kayla
callum
maverick1
parker1
soccer4
bscirc
alfredo
lisa
bettyboop1
divine
sister1
coupons
megaman
353535
poison
broken1
myspace.co
juggalo1
star12
blah
blue13
blowme
060606
markus
jeter2
coming
starfish
Welcome1
toronto
sandrine
amigos
ronnie1
telephone
jordan12
thankyou
renee1
stardust
chubby
billybob
258369
armando
skywalker
rebel1
freddy1
snowman1
babies
lindsay1
montreal
herman
jesse
777
hotboy1
jester
ncc1701d
football7
alladin79
mierda
k12345
heyhey1
random1
1977
peugeot
monkey3
333666
cassidy
mandy1
therock1
myspace7
albert1
arianna
casey
max
savage
just4fun
mate1
20082008
hernandez
spiderman3
horse1
marianne
apollo13
paintball
katherine1
789987
azerty1
fucklove1
godbless
mobile
baseball3
robinson
munchkin
hayley
000000a
eeyore
1asshole
ronaldo9
punkrock
icehouse
skeeter
sharp
serenity1
brownie1
everton1
chemistry
joejoe
292929
gothic
paris
warcraft3
ireland1
sergei
missy
bubblegum1
hotstuff1
mykids
claudia1
gators1
1981
hookem
jrcfyf
12345qwe
griffin
kaktus
dietcoke
asdfg123
bitch69
cashmoney
cashmoney1
steaua
brazil
1236987
jack123
ilove1
snuggles
snowflake
martini
entropy
bubblegum
1q2w3e4r5t6y7u8i9o0p
piazza
deftones
longhorns1
123456789o
aobo2010
redrum
kaylee
nicole12
damilola
christy
aol123
marlboro1
loveme123
callofduty
michaela
pegasus
bluemoon
tony
flipper
sheena
omg123
spanky1
marshall1
Michael
eric
192837
catfish
bruno
superman12
please1
jerry1
juliette
521521
garfield1
ILOVEYOU
artist
something1
birdie
mouse1
carson
blueberry
warriors
tyson1
1122
PolniyPizdec110211
12345abc
september2
millie1
speedy1
cheater1
sexxxy
wicked
claudio
cracker1
mackenzie
19761976
unknown
sanjay
michal
trevor1
janine
lancer
great1
brandi
5xfgs3Ii9D
stefania
sommer
arizona1
paddle
love18
superman2
1978
y6p67FtrqJ
timmy1
hanuman
universal
monkey13
hammer1
jojo
lighthouse
password6
rock
coco
marcelo
656565
pop123
rosebud1
angelito
dalton
testpass
rocky123
winner1
kingston
bozo
esperanza
roscoe
cat
andre
singapore
scrappy1
skyhawk
rjntyjr
rayray1
doodle
rocknroll
magdalena
jordan123
boxcar
rajesh
cougar
thumper1
slayer666
braves
yolanda
1234qwe
fake123
enrique
n123456
service
rrrrrr
cubs
allah1
helpme1
love07
black123
flamingo
tester1
pinky
linkedin1
rastaman
extreme
dkflbvbh
blizzard
baseball11
1qwert
antonia
soulmate
112211
sharon1
qwertyqwerty
skate4life
1babygirl
incubus
office
point
marisa
gjkbyf
ramona
*****
alexia
butthead1
kolobok
fellow
bastard
raquel
buffy1
derrick
jeanne
nuttertools
blackcat
cynthia1
iforgot
369258
19731973
momdad
yomama
mememe1
my2kids
godfather
zxzxzx
elvis
mamita
1990
sexy14
banane
maximus1
123456789123
ironmaiden
1991
geheim
lkjhgfdsa
mister
fatcat
semperfi
qwerty2
coolio
mommy2
angel7
sassy
elodie
richie
mendoza
3
pastor
tasha1
lane
revolution
fisher
santana
whitney1
as123456
indigo
purple12
ilovehim
account
angie1
rascal1
leslie1
225588
colombia1
poppy1
soccer15
raptor
maria123
wicked1
jay123
cccccc
hilary
fiesta
baseball10
maxine
t
1a2s3d4f
felicia
toyota1
ilove
111aaa
amour
motherlode
12qwas
1monkey
clover
debbie1
shopping1
nks230kjs82
galatasaray
123456as
milan
just4me
dreamer1
sexybitch
golf
kaitlyn
camero1
priyanka
tyler123
fashion1
tootsie
powers
rfnthbyf
praise
target
ricardo1
rayray
c12345
babygirl13
112233445566
ashley12
biscuit
princess10
evolution
pwd1234
romain
trooper
webhompass
blonde
23232323
preston1
lightning
bianca1
rbhbkk
felix
SKIFFY
alejandra1
ivanov
westham
sports1
wildcats1
princesse
lollol1
olamide
585858
alexandru
tttttt
champion1
yugioh
research
12345c
88888
cutie123
pokemon12
number2
nichole1
lilly1
animal1
ashley123
animals
johnjohn
labrador
g-unit
nathaniel
paulina
dingdong
12345g
smallville
lavender
annie
boricua1
jakarta
12345l
imissyou
19771977
hitler
sonic1
vagina1
love12345
susana
gladiator
january1
rodney
russell1
qqqqqqqq
sweetness
moose1
handball
quentin
scruffy
jojo123
1976
playstation
mauricio
gemini1
marijuana
justinbieber
lovelove1
twister
anamaria
daniel12
moloko
19971997
zk.
classof09
ibanez
techno
my2boys
redred
simpsons1
ariana
chipper
sammie1
ingrid
azsxdc
eastside1
family4
monkey22
sherry
12345678q
windows1
suckit1
alessio
hobbit
bananas1
dave
papamama
suzanne
987654321a
danilo
aragorn
warhammer
casino
hottie101
kaitlyn1
naughty
nick123
derrick1
trinidad
123love
joker
25252525
baseball5
daddy123
unreal
henry
xxxxxx1
oceane
laurent
carebear
anthony2
dusty1
12345671
pinkfloyd
raphael
nicole123
jason123
reggie1
pizza123
zxcasdqwe
bigred1
esmeralda
street
stewart
1975
monday1
pickle1
immortal
000000000
iceman1
andy
truelove1
allen1
panzer
gabriella
hehehe
atlantis
beatles1
gibson1
larry1
spartan
katana
123456v
shane
girls
power123
zeppelin
vincenzo
julia1
vaffanculo
metal666
surfing
happy2
369852
mission
qwe123456
hornet
jerry
football11
darwin
virgin
asddsa
cadillac
corvette1
mary
diana1
garrett1
123456789987654321
loveless
scrappy
applepie
aurelie
radiohead
heyhey
zxcvbn1
snowboard
123456qw
counter
brown1
frederic
private1
babycakes1
insane
rodriguez
stinky1
believe
19741974
larissa
1234abc
godisgreat
inlove
youtube
1Fr2rfq7xL
julie1
puppies1
sexy01
hayden1
diablo2
111213
scarlet
logan
aaaa1111
soccer22
6666666
MaprCheM56458
baller23
424242
wedding
cheryl
kittykat
michael123
sophia1
randy1
teresa1
nintendo1
valerie1
wonder
sublime1
arturo
coolman
weed
bowling
gabriele
eleven11
harris
monitor
watson
asshole2
esteban
qqqqqq1
robbie1
lolo
logitech1
flying
hallo1
pepsi
sherlock
iloveyou13
pineapple1
1992
fuck12
skate
iloveyou22
smith
roman
qweasdzxc123
vfhecz
clement
pamela1
marianna
fireman1
autumn1
jajaja
baby11
money6
man
hannah123
caitlin1
granny
zxcvbnm,./
kenshin
qwertyuio
cindy
rough
w1985a
peter123
australia1
gorgeous
what
pasaway
dthjybrf
clayton
angelica1
mathew
justin123
fuckyou3
787898
nascar1
pancho
anderson1
denis
r
sandman
888999
Unknown
sampson
emma
poopy
blake1
chrissy
verbatim
phantom1
wildcat
tdutybq
nugget
w1980a
trisha
jakjak
breanna1
myspace11
frosty
asterix
2468
cindy1
alibaba
monkey5
skorpion
maureen
motherfucker
jumpman23
apache
chico1
kickass
graham
wwe123
vfrcbvrf
sprite
babyko
riccardo
asdf3423
123456789123456789
paige1
homer1
andre1
gagged
rockon1
drowssap1
coyote
ernesto
colleen
jose123
sunshine2
808080
pornstar
qwerty6
purple123
lasvegas1
habibi
nana
fuckyou.
brendan
empire
marlene
enter
5532361cnjqrf
123456789b
fernando1
sarah123
w1979a
sooners1
love17
rusty
voyager
madman
iloveyou14
258963
romance
heart
smudge
college1
cotton
1974
password21
horse
wolfgang
armani
detroit1
irish1
nevermind
secret666
football9
23456789
collins
a801016
miamor
ghetto1
angelina1
vfksirf
dixie1
inferno
juliet
highheel
chrisbrown
z1x2c3
w1990a
123567
theking
bethany1
a23456
kelvin
bowwow
fire
abhishek
1a1a1a
norton
ultimate
jersey
retard1
bryan1
tester
fighter
backspace
osiris
987987
zaqxsw
disturbed1
francis1
kaiser
f00tball
control
1a2b3c4d5e
carebear1
gbpltw
spiderman2
free
robin
mitchell1
polaris
katrina1
iloveyou4
ericsson
gonzalez
bigman
134679852
sexyboy1
airforce
awful
campbell
chevrolet
babyface
jojojo
aleksandra
haley1
1598753
w1989a
jungle
cookie12
soccer17
car
deepak
hawaii50
xyz123
romashka
jillian
mermaid
cassidy1
qwertyuiop[]
ninja
donald1
whore1
irina
jellybean1
ghost1
boobs
carole
24682468
devils
200000
francois
football3
hakr
123456ab
halloween
axio
morrison
blaze1
cactus
global
motocross
111000
abraham
chevelle
sarita
fucklove
h123456
skolko
iloveyou11
princess13
1020304050
unicorn1
vladik
hunting1
kenny
blue1234
buttons1
lucas1
415263
162534
princess11
soccer8
pyon
soldier
sandiego
halo123
southpark
sentnece
1973
erika
america10
schatz
london12
anjali
aditya
emilia
laurence
daisy123
1million
moreno
ash123
kissmyass1
phone
austin316
prayer
elvira
q123456789
nature
bryan
universe
aztnm
hola123
1969
master12
diego
doggie1
h
pk3x7w9W
romeo
starlight
toulouse
richmond
86
desire
cinnamon
holiday1
allstar
mexico13
punkin
puppy
hunting
isaiah1
airborne
w1982a
charlie2
w1984a
viper1
steph1
raven
patience
university
147741
nokia1
1993
keyboard
mastermind
jonas1
kucing
kramer
delpiero
lestat
unique
farmer
phillip1
action
adriana1
qwe321
noodles
britney1
abcdefghij
carina
xxxxx
crazy123
boogie1
window
2cool4u
renault
hawaii1
passwort1
hamster1
rocker1
merlin1
jesusislord
33333
sayangku
castle
football5
d71lWz9zjS
virginia1
rocket1
ganteng
emanuel
thegame1
flower123
angel01
lennon
house1
purple2
baxter1
timber
cuddles1
xxxxxxxx
letmein2
ktyjxrf
yankee1
joey
25251325
w1986a
justin12
14344
sabine
my
jesus12
cheese123
whynot
1angel
jefferson
nnnnnn
iloveyou5
meghan
aliali
stars
sexylady
12345678900
eleonora
iloveyou123
fucku
jeremiah1
nichole
r2d2c3po
qazwsxedc123
mamamama
malcolm
kiki
franklin1
w1988a
xxxx
raider
sucker
kathryn
malina
backend
lover12
angel11
sexy15
bobcat
UvGX8f8232
1994
a1a2a3a4
emilio
7
iamthebest
jessica123
1314521
makayla1
slimshady
ghetto
nellie
reaper
stephane
tomato
bruno1
faggot1
794613
amorcito
aspire
cheche
treasure
family6
cannabis
house
babygirl10
calvin1
sirius
wordpass1
titans
Ñ
rockyou
assass
sandeep
maestro
metal1
salman
walter1
123ewq
vodafone
pirates
alisha
mushroom
love33
jesucristo
rebelde
ï¿½ï¿½
stuart
deedee1
w1983a
Ð¿Ñ—Ð…Ð¿Ñ—Ð…Ð¿Ñ—Ð…Ð¿Ñ—Ð…Ð¿Ñ—Ð…Ð¿Ñ—Ð…Ð¿Ñ—Ð…Ð¿Ñ—Ð…Ð¿Ñ—Ð…
deniska
babyblue1
mouse
taekwondo
amelie
kotenok
cheval
messi10
naughty1
billabong1
peanuts
9
hottie12
kennedy1
webster
lonely1
giants1
hannah12
philippe
345678
malika
goldfish1
chantal
natalya
president
firefly
baseball13
charity
1000000
amazing
168168
netlog
w1975a
southside
james007
A123456
scruffy1
deathnote
skate123
princess3
catcat
maurice1
chrissy1
nokia6300
princess7
lucy
hottie123
faithful
556677
kingkong1
theking1
suckme
nicolas1
helene
lawyer
agnieszka
history
12345678901
lillian
w1987a
qqqqq1
mississippi
1995
love123456
united1
vietnam
marvin1
dudley
kristin1
opensesame
mexican
1andonly
rebelde1
jake123
19721972
guadalupe
blackie1
captain1
1230
rambler
father1
pearljam
soledad
angel3
mimi
newcastle1
hermione
qweewq
babyboo1
rochelle
hudson
simba
melinda
national
falcons1
franky
spunky
summer06
dating
pimp101
taytay1
landon
sailor
kamikaze
543210
pingpong
corey1
chevy
dracula
pussy123
hunter12
indiana1
soccer21
calimero
myspace13
granny1
brittney
saints1
southpark1
boomboom
rfhbyf
jessica2
nelson1
seattle
gandako
misty
oxford
adriano
1a2s3d
1234568
dan
games
viewsonic
mike12
download
marcela
big
ABC123
skippy1
w1981a
angeles
qqq123
yamahar1
herbert
colorado1
w1978a
diablo1
forgot
jocelyn
1234569
diesel1
121212a
jackass2
fenerbahce
pentium
svetik
castillo
1qaz
sylvia
159632
littleman1
renato
g
renegade
noodle
whiskey
international
juggalo
ironman1
felix1
amadeus
american1
freaky1
microlab
sally1
676767
bonjovi
erica1
ivan
trumpet1
dumbass
devin1
teamo1
victory1
3rJs1la2qE
redman
sexy23
mnbvcxz1
shadow2
daniela1
summer12
killbill
annabelle
penny
palermo
charlie123
ihateyou2
beverly
megane
hellfire
nursing
claude
yousuck
eclipse1
ryan123
hearts1
jordan2
friday13
shelly1
sharks
information
lover2
12345678s
skipper1
ashleigh
8
love4u
teamo
horny
vfvekz
interests
qwertyu1
justme1
6543210
betty1
cosmos
bridget
beyonce
gunner1
home
luckydog
man123
freaky
w1976a
rosita
marie123
ab123456
tyrone
mohammad
onepiece
r12345
friends2
billie
bronco
princess01
password1234
789654123
1972
kasper
153624
panama
manolo
natalia1
moose
romania
foster
123456789c
babylon5
kyle
sexylady1
redhead1
2323
guest
caesar
wombat
d9Zufqd92N
nicole2
alpha
dallas214
ilovemymom
jobsearch
discovery
abdullah
route66
blowjob
nissan1
jenna1
darius
myspace5
savage1
chiquita
bitch!
135791
qweqwe123
blue11
qwertyuio1
qwert12
ali123
chipie
666888
vitalik
batista1
15426378
kiss
vanille
wesley1
tarheels
wolfpack
andrew12
shadow13
dolores
19981998
dirtbike1
august1
goodman
felicidade
rhfcjnrf
classof08
123456789r
football21
anita
123456789t
t12345
deadman
asdqwe
1zn6FpN01x
3girls
123456qq
arschloch
guillaume
leticia
hobbes
2005
elisabeth
woody1
belinda
payton
seven
golfer1
shiloh
w1977a
jeff
doraemon
aleksey
western
squirrel
blood
sparta
mirage
werewolf
lampard
skeeter1
madonna1
mittens
soccer23
momdad1
lucas123
123mudar
ricky
inside
dude123
mikey
sampson1
devil
lincoln1
pass1word
dominique1
emo123
white1
1family
sadie
eddie
junjun
terry1
killer2
thanks
batman123
lacoste
pimp69
babygirl3
asd456
pompier
memory
rommel
nascar24
alenka
allstar1
hot123
alex1234
andrew123
cassandra1
honeybee
lilman1
inlove1
enter1
murray
darkside
winnie1
kittens
ciao
million
trucker1
texas
rooster1
AKAX89Wn
qwert6
kinder
kaylee1
oscar123
gerrard8
ashton1
brandi1
hotgirl1
javier1
luciano
2121
karina1
marathon
hello1234
matias
hottie2
libertad
shutup
louloute
zxcvbnm:
asdfgh123
freak1
Password123
3rJs5la8qE
g13916055158
sweetness1
manutd1
zxcvb
vladislav
bleach
strong
cellphone1
ssyu1314
lovehurts1
hi
blue42
science
miami305
coco123
lovingyou
babycakes
princess!
rachael
lilian
etoile
leanne
dfkthbz
3children
monkey69
soccer16
audia4
damian1
karachi
elliott
memphis
120120
football22
falcon1
v123456
sherman
swimming1
again1
123QWE123
alberto1
krystal
chicken2
258852
eunice
chandra
chichi1
mathilde
heart1
sandro
jacqueline
tonton
vfvfgfgf
nutella
jehovah
2girls
josh123
james12
violeta
a000000
fallen
goober1
q1q2q3
domenico
leelee
azsxdcfv
ji394su3
kristina1
fernandez
p4ssw0rd
michael12
jobs
farfalla
odessa
chris2
kamila
soccer6
chocolate2
132456
michele1
alfonso
maxima
manman1
gloria1
island
johndeere
my3girls
fussball
qarglr123
963258
4
joyjoy
money5
12qw34er
ronaldo1
gerrard
green12
boo123
scotland1
001122
angie
loveme12
newjob
sexy21
lacrosse1
turkey1
peace123
bigfoot
sunshine12
catfish1
foxpass
Ð¿Ñ—Ð…Ð¿Ñ—Ð…Ð¿Ñ—Ð…Ð¿Ñ—Ð…Ð¿Ñ—Ð…
1230123
5
iloveu123
474747
jean
roberto1
123qwer
6V21wbgad
2sexy4u
layouts1
fuckyou7
airplane
volume
thompson
verizon1
nightmare1
dalejr8
pothead1
attila
china1
robin1
danny123
TempPassWord
sasha123
cute
krystal1
corona1
porkchop
change1
king12
timmy
eileen
ganda
sayang1
mathieu
angel5
misiek
kokoko
melina
nopassword
regina1
mama12
milton
dawson
qwertyuiop1
dancing
shooter
singer1
Qwerty
badgirl
mymother
designer
macmac
camaro1
anubis
000007
nikolas
nancy
papa
alexandr
cheater
elizabeth2
hamlet
janjan
12345abcde
toshiba1
potter1
hooters
maiden
drjynfrnt
alex13
adgjmp
motorola1
peyton
01234567
jonjon
monkey!
makayla
tacobell1
ilovemyself
patata
marjorie
amandine
bullet1
fktrcfylhf
harvey1
elliot
sk8board
carlos123
fallen1
ashlee
behappy
emily123
bobby123
newpass
hunter123
desiree1
malaysia
tigger12
erica
Omni
ass
12345e
fuckthis1
nancy1
flames
goodgirl
ï¿½+ï¿½ï¿½ï¿½ï¿½ï¿½+ï¿½ï¿½ï¿½ï¿½ï¿½+ï¿½ï¿½ï¿½ï¿½ï¿½+ï¿½ï¿½ï¿½ï¿½ï¿½+ï¿½ï¿½ï¿½ï¿½ï¿½+ï¿½ï¿½ï¿½ï¿½ï¿½+ï¿½ï¿½ï¿½ï¿½ï¿½+ï¿½ï¿½ï¿½ï¿½ï¿½+ï¿½ï¿½ï¿½ï¿½
manunited
qqqq
123450
eduardo1
salome
12345p
chosen1
1234567890-
112112
kakashi
blonde1
curtis1
waheguru
q
123456x
xiang123456
myspace01
theresa1
platinum1
eagle
priscilla
poppop
pedro
kendall
love45
chargers
babylove1
loving1
baby01
rolltide1
PolniyPizdec1102
attitude
newman
flamengo
diamonds1
project1
nascar88
nina
ramirez
losangeles
chronic
gladys
5150
poisson
marina1
jasmin1
kendra
socrates
dwade3
salvation
wachtwoord
cristiano
doggy
iubire
inter
spongebob2
killme
464646
hellohello
ilikepie
figaro
thomas123
paula
admin1
player69
kayleigh
moimoi
brittney1
qqqqqqq
rose123
danila
syncmaster
viper
mnbvcx
leo123
fuckfuck
lourdes
champ1
mario123
sweet123
loveya
presario
freddie1
breanna
facebook1
amerika
john12
steph
express
cartman1
1qaz!QAZ
dodge1
password14
qwedsa
linkedin123
kingdom1
loser12
heckfy
pangit
amber123
happy12
polska1
skyler
school123
fatty1
yasmine
honey123
alina
nounours
brucelee
357159
Qwerty123
cookie2
larry
digimon
insane1
tazmania
jacob123
hell666
fu7u4a#$$$
professional
wanker
321321321
fitness
963963
8888888888
wow123
mookie1
69camaro
opeyemi
Eh1K9oh335
cheetah
eeeeee
surfing1
freestyle
nokia123
m123456789
pontiac
oracle
member
pacman
tuning
converse
jerome1
qdujvyG5sxa
caleb1
xxx123
sally
poland
nguyen
11221122
shotgun
hernandez1
booty1
girls1
doberman
poppy
fuckoff!
keith1
geraldine
placebo
http
dodger
beavis
futbol
sexy10
lupita
search
castro
lovelife1
eastside
ï¿½+ï¿½ï¿½ï¿½ï¿½ï¿½+ï¿½ï¿½ï¿½ï¿½ï¿½+ï¿½ï¿½ï¿½ï¿½ï¿½+ï¿½ï¿½ï¿½ï¿½ï¿½+ï¿½ï¿½ï¿½ï¿½
caramelo
kristi
z1x2c3v4
24681012
central
lilly
abcdef123
whocares
l12345
johannes
636363
lexmark
microsoft1
emerson
marika
sissy1
757575
tony123
dante1
playa1
vvvvvv
walker1
040404
ziggy1
bitch101
voiture
candice
201314
virginie
martine
chicco
hector1
honesty
snake1
cardinal
mylife1
2112
homer
bangladesh
pasword
church1
sailing
milagros
122002
babygirl11
sexymama
anaconda
sniper1
mexico123
planet
topolino
110092
12345f
rock123
hariom
dragon2
samsung123
musique
lollypop1
lionel
coupon
mamma
shasta
ashley2
sexy16
Aa123456
maryam
lobster
laurie
dragon13
musicman
bintang
sesame
bomber
a654321
jessica12
baseball9
abracadabra
555777
general1
scotty1
xander
1357911
20002000
Daniel
gotohell
benny1
bill
porter
boots1
nofear
gianni
stars1
delphine
18atcskD2W
1996
racecar
tacobell
love19
yfdbufnjh63
angel10
summer123
333
1q2w3e4r5t6y7u
bigboss
omg199
gonzales
oklahoma
student1
taylor12
anthony123
smooth
bigtits
whiskers
testing123
1970
vfczyz
nounou
safety
walmart1
ilovesex
123aaa
darkstar
sylvester
myfamily
alfaromeo
betty
wolf
excalibur
969696
juanita
badgirl1
myspace4
0102030405
laetitia
zxcasd
blue32
velvet
trunks
19071907
tabitha
555
queen
harrison1
trumpet
buster123
morgane
celtic1
tammy1
coolio1
password99
bright
buckeyes
car123
littleman
7uGd5HIp2J
whatthezor
marta
donna1
kitkat1
summertime
star69
abcabc
library
debora
ganesha
741258
dream
messenger
snowflake1
simone1
katelyn
amanda123
solnce
quincy
love4life
jesus2
yoyo
wrangler
katie123
carolyn
martinez1
wanted
paradise1
111112
lovers2
cintaku
c43qpul5RZ
rctybz
love25
leopard
qwe1122334
selena1
sexy22
suresh
111333
buffalo1
kim123
openup
armagedon
radio
london123
lovehurts
party1
manish
wendy1
zxcvb1
kirsten
baby14
mersedes
megadeth
okokok
gerard1
familyguy1
lizzie1
monamour
allen
trombone
prodigy
frogger
water123
vanilla1
cartoon
carrot
101112
123456781
gsxr1000
1971
beyonce1
surfer1
CM6E7Aumn9
martha1
roadrunner
satellite
landon1
123456A
piglet1
hellboy
smile4me
gunners
angel101
lee123
stoner420
happiness1
harmony1
brandon2
abcd12
eleanor
baseball8
pupsik
love88
komputer
joseluis
layout1
1truelove
electric
rambo1
carla
sundance
shaman
bigman1
aussie
godisgood1
marino
love20
demon1
freebird
beast1
fuckoff2
jazmin
pakistan123
moocow
smackdown
monaco
ihateu
matt123
shaggy1
nickjonas1
cutie12
19691969
12345654321
blah123
briana
marisol
firefox
business1
ismail
dangerous
kisskiss
ben
mandy
snakes
marcin
register
p0o9i8u7
nokian73
rachelle
bhbirf
8ix6S1fceH
shadow11
groovy
margot
isabel1
wolverine1
easy123
anakin
tangkai
squirt
thankgod
insert
thomas12
teiubesc
friday1
jennie
fredfred
trabajo
conner
4runner
garcia1
miley1
james2
ballet
ï¿½ï¿½ï¿½ï¿½ï¿½ï¿½ï¿½ï¿½ï¿½
brigitte
baker3
ethan
oakland1
maroon5
rootbeer
asshole123
ashish
jeanette
2525
tottenham1
lakers8
dfktynbyf
carmela
ford
packers4
iw14Fi9jxL
weezer
20012001
jose
mackenzie1
summer11
ramses
glitter
angelika
goblue
heslo
theboss
mystery
career
voyager1
sonia
bobbie
love77
sahara
kathleen1
deanna
stevie
sascha
hotrod1
ilovegod1
hummer1
sofia
lowrider
mammamia
melisa
welcome2
moscow
66666
raider1
lola
iloveher1
momof3
I
Parola12
pikachu1
imagine
gianluca
369852147
2002
snake
akatsuki
ronald1
stranger
a123456a
mattie
whatsup
white
bryant
ramesh
dogdog
giggles
aaa123123
chucky
dima
omega1
852963
billybob1
qazzaq
filippo
computer12
sparkle1
anastasiya
chandler1
rebound1
babybaby
qwerasdfzxcv
zxcv123
senha123
sunday1
alex11
wassup
qwertyuiop123
bentley1
robert123
yellow12
kicker
falcons
lorenzo1
tina
alvaro
asd12345
married
blasted1
darren1
daredevil
bingo
spanish
ernest
kIkeunyw
vectra
madness
1234qw
happyday
beagle
rainbow6
claire1
jericho
butterfly7
supernova
maman
ilovemom
morpheus
dandan
LinkedIn
miami1
rfrnec
emmanuel1
kangaroo
football23
ntktajy
neptune
accord
carol
sexsexsex
tigger123
sailormoon
metal
cooldude1
philly1
patrik
bangalore
hotboy
strike
brooks
nobody
famous
alice1
878787
guardian
soldier1
mine
cecile
becky1
freak
smart1
M
desmond
simran
me1234
gameboy
clarence
sonic
q1234567
running
alexandria
amanda12
2580
buster12
369963
derek1
joshua12
blueberry1
standard
arlene
marijuana1
omarion1
zzzzzzz
evangelion
fantasy1
amazing1
iloveyou8
crazy8
poop11
hamburg
kathy1
scania
dragonballz
trigger1
capslock
yvette
ultima
adam12
hitman1
ViPHV5J736
me
kakashka
giorgio
escape
456
sean
chargers21
cats
lalalala
dublin
qweasdzxc1
Thomas
purple7
ghost
hannibal
gameover
fuck11
clayton1
pas
suckmydick
999666
penguins
trixie1
moneymaker
shelley
sharma
oleg
last.fm
stacey1
jenny123
Million2
camera
oranges
qwerty13
ramones
courage
mateusz
junebug
9876543
cristal
******
pink11
mongoose
pyramid
carrie1
johndeere1
myangel
1999
000webhost
smith1
shirley1
mumbai
cooler
cfitymrf
wasser
mylove123
172839
estrella1
wolves1
clinton
8888888
redhot
loveu1
welcome12
caterina
randy
philly
enrico
asdfg12345
654654
ace123
juicy1
mother123
3333333333
bubba123
q2w3e4r5
dannyboy
sergio1
19701970
salope
pa
zipper
1966
michelle12
anarchy
koshka
roger1
1231234
benny
nelly1
westham1
biggie
lesbian
pooper
charger
angel14
security1
movies
sameer
13243546
kentucky
delta1
queenie
matematica
sexy1234
.adgjm
125125
juanito
danger1
coldplay
lokomotiv
michael7
schalke
collin
alonso
namaste
ilovemom1
iforgot1
mommy3
babyphat1
159263
monopoly
mazda626
741963
cherry123
flash1
funny
z12345
stingray
200
katarina
bonita1
fuckyou13
ï¿½+ï¿½ï¿½ï¿½ï¿½ï¿½+ï¿½ï¿½
1968
univers2l
patriot
014789
trinity3
nintendo64
tom
goblin
Patrick
jeffhardy1
1qazwsx
bernardo
valentine1
qweasd1
santosh
batman12
medina
1z2x3c
retard
snowboard1
blackdog
backspace1
dorian
algerie
hendrix1
bushido
asdfgh12
bitchy1
v
joe
leavemealone
marino13
lonewolf
flyers
aubrey
swimmer
sakura1
moneyman1
mickeymouse
cristo
sooners
jesusis1
myspace08
momma1
2fast4u
donnie
jimbob
baby1234
01230123
cucciolo
umbrella
louis
6666666666
denver1
diego1
123456o
20202020
tracey
goodbye
686868
abc123abc
god123
12qw12qw
killer7
katelyn1
110
rodney1
megaman1
anthony12
knight1
575757
fletcher
bitch13
hellothere
soccer18
yellow123
lol12345
love06
angelo1
kickass1
trance
iloveu!
king23
hello5
margaret1
christy1
guigui
nonono
fuckyou666
hello11
122112
summer69
vfhufhbnf
741741
joker123
goldberg
kristian
angel22
bball23
love99
ana123
donovan
morales
magic123
858585
zxcvbnm,
22446688
paladin
brutus1
brown
vitoria
kendra1
belle
515151
buffy
2001
rupert
barsik
wutang
jordan11
software
madina
woodstock
dalton1
my3boys
bigmac
dondon
mattia
punisher
rosie
sisters
000123
11
hayley1
cheese12
playboy69
none
waters
987321
trucker
football13
poodle
dan123
jimmy123
gilbert1
godzilla1
baby08
bubbles2
angelique
antony
baseball4
callie1
147963
machine
lilmama
adam123
shawn
manisha
girl
mountain1
1997
tractor
fortune
houston713
windows7
primavera
madden
piggy1
snuggles1
reebok
kieran
eugene1
sonny1
godfather1
babatunde
gorilla
lahore
together
buddy2
gratis
goldie1
myname1
bastard1
briana1
holahola
jeffhardy
integra
mechanical
qwert1234
postal
basket1
hot
server
benito
redalert
bugsbunny
gretchen
dragonfly1
......
button
jesuschris
december12
princess5
polopolo
maldita
june12
12345w
money$
ferret
1a2a3a
wildcat1
hanna
honeyko
daphne
money23
bayern
wendy
hollister
smitty
romano
dookie
duke
hussain
tiger2
michelle2
busted
kendall1
qwaszx12
michael3
maryann
baby23
family123
everest
roger
alucard
candy12
bears1
letmein123
iloveyou10
pudding
bearbear
sandiego1
123456789n
babygirl01
papito
benoit
blaster
sparrow
10203
19711971
mathias
dont4get
prakash
kamasutra
vegeta1
estelle
nana123
535353
catarina
booboo2
616161
monty1
tootsie1
Megaparol
beach1
katrin
holden1
trucks
help
2010
legend1
jared1
852852
bitchass1
anna123
404040
anime1
hondacivic
sponge
better
wizard1
cardinals1
sexybeast1
guillermo
pokemon2
cheesecake
television
love00
spirit1
blue23
poker1
summer10
noodles1
414141
as790433
devon1
english1
elaine1
spartan1
ben123
123456789g
prelude
fabulous
andres1
reading
nikolay
beckham7
hurricane
peekaboo
tyrone1
#1bitch
pussycat1
studio
spooky1
positive
20022002
britt1
memphis1
manager1
mon
estrela
alaska1
skylar
baseball22
contact
beethoven
maximilian
kristy
arthur1
grizzly
lancelot
chanel1
loved1
loveya1
popo
francisco1
sunny123
scorpion1
taytay
coolcat
shadow01
hihihi1
cody
audrey1
santiago1
devil1
dimitri
1football
turner
hunter01
taylor123
cheer
babyface1
always1
coolguy
alpine
lena
innocent
joyce
tkfkdgo
kosmos
muslim
goddess1
infiniti
soccer09
fatass
fytxrf
jewels
norman1
lawrence1
1q1q1q1q
allah786
silence
74108520
original
monkey01
joaquin
ravens
aqwzsx
chickens
blades
pedro1
mamour
pink13
packard
nathaniel1
balls
supergirl
meowmeow
Alexander
jesussaves
hayabusa
chicken123
connie1
sandy123
112233a
medion
gerardo
domino1
yellow2
woaini1314
colton
ybrjkfq
babygirl14
hotmama1
anjing
carlo
chelsea123
cleveland
love55
eleven
pallmall
hawkeye
767676
frances1
werder
edison
cha
center
7753191
q11111
hotshot
flower12
2008
tattoo1
tanya
dragon11
marco1
comfort
higgins
yfnfkmz
passpass
trooper1
666666a
longhorn
beach
chloe123
softball12
dragoon
poonam
my4kids
giorgia
incorrect
leandro
kontol
trebor
morning21
warlock
joanna1
email
gunit1
chipper1
oakland
kosama
tarheels1
matthew2
team
demon666
grapes
temp123
128500
mariano
dillon1
dragon69
shutup1
arianna1
myspace10
goofy1
lemons
orange123
qqqqq
j123456789
fabiola
striker
krista
terry
2007
noname
dmitriy
director
unique1
sanchez1
puppy123
faithful1
destroy
youyou
money3
crimson
eatshit
annette1
jacques
mariposa1
gamecube
jersey1
ilove69
moneyman
lesbian1
mexico12
gegcbr
cocoa1
dirtbike
gatito
juancarlos
santana1
marcia
network1
braves1
chuck1
Jundian2011xr
eureka
fucking1
milana
dell123
sylvie
stormy1
chemical
minime
pencil1
kawasaki1
demon
fatcat1
puertorico
jones
123456i
92k2cizCdP
daniil
dharma
mihail
2006
paradox
mazdarx7
weasel
1234zxcv
thirteen13
mishka
french
fuckyou22
fallout
howard1
dad123
meredith
Abcd1234
nyq28Giz1Z
grandpa1
printer
cancer1
redbull1
angelbaby1
ab1234
anything1
cavalier
hentai
paramore1
123456789e
145236
triumph
lulu
noelle
william2
iloveme123
starbucks
pimp13
rdfhnbhf
monkey10
sunshine7
jesus01
luciana
david12
elefante
class09
fatman
purple11
taylor2
lovergirl1
love2010
matthias
1967
mama1234
summer01
smiles1
brendan1
159753456
qqqq1111
iamnumber1
sassy123
haters1
222
apple2
jasmine2
pepper12
e12345
mckenzie
lala12
qaz
portland
mahesh
khalid
0987654
kentucky1
longhorns
vb
knights
boss
justin2
321
loveyou123
susan
prasad
1998
revenge
whiskey1
soccer101
showtime
holla1
gatita
joshua123
e
mankind
123456789abc
1fuckyou
456987
stoner1
hope
kimkim
sevilla
yfcntymrf
kjkszpj
cristina1
babyboo
yamahar6
boobs1
pepsi123
456456456
lebron
impala
dream1
doodle1
hejsan
zouzou
onlyme
maymay
felicidad
333444
jones1
lol1234
lovegod
auburn
riley
kipper
kittykat1
srinivas
azamat
angel21
zaqxswcde
marvel
purple13
tom123
cardinals
1hottie
manny1
hunter2
soccer!
741258963
coconut1
griffin1
whatsup1
asdfzxcv
rooney10
notthat
abrakadabra
administrator
895623
oluwaseun
irock1
a123654
monkey6
baseball21
dimples
janelle
zxcvbnm12
chase
balaji
shasha
silly1
robert12
sheba1
terror
batman2
pippin
ivanova
pirates1
vinnie
home0401
baby22
lady
stalker1
ismael
finalfantasy
ilovemusic
camilo
stoner
jordan01
evelyn1
jenjen
broadway
addison
brayden1
souljaboy1
cutegirl
kaka22
runner1
rodriguez1
violin
green2
telefono
emanuele
rfn.if
shotgun1
beer
hithere
dkflbckfd
hanson
333777
cepetsugih
vancouver
ellie1
spectrum
258000
123459
baby15
daughter
ilaria
roxanne1
nikita1
outlaw1
mason
dfcbkbq
jenifer
fuckface
salmon
nasty1
sexyme
pavilion1
braveheart
120
mmmmmmmm
Blink123
cathy
fra
camille1
balance
selina
monroe
starcraft1
giggles1
frogger1
qazxsw123
dfkthf
chris13
children3
babygirl7
rachael1
agustin
football4
halloween1
warriors1
football8
asdfghj1
boy123
cosmo1
amarillo
113113
797979
stinger
12312312
evgeniy
bruce1
flash
747474
bratz1
chronic1
coolgirl
bobo
diosesamor
boxing
adventure
bordeaux
roxana
pooppoop
007
biscuit1
kissme2
angel23
joker13
QWERTYUIOP
meandyou
beetle
mykids3
werner
purple3
apple12
kaykay1
999888
imcool1
agosto
tracy1
dimple
domingo
irish
chivas10
andrew2
393041123
cantona
s123456789
cinema
temp1234
luna
penis123
vfibyf
jonas123
ashlee1
artemka
12345n
coolcool
oakley
kansas
torres9
bacardi
erika1
beanie
maggie12
thug4life
italia1
1212121212
reagan
fallout3
missy123
kitty2
tyson
lionheart
budweiser
temitope
kenzie
tiesto
rocknroll1
columbia
gillian
19681968
junior123
harry123
dogs
topsecret
king1234
number3
brandon12
loredana
skater123
titans1
burger
bumblebee
number
start123
scream
simpleplan
waterloo
libero
1mother
angel15
assass1
bender
fossil
loves1
amours
legion
373737
iloveyou69
irene
woody
leonie
bernadette
hannah01
home1234
vishal
996633
Jessica
iloveme!
jumper
kitty12
ludmila
romina
secret123
kayla123
changeme1
jenna
rivera
pelusa
1z2x3c4v
citroen
4444444
blessings
kaykay
teddy123
thirteen
beloved
buckeyes1
jjcG16dj5K
dietcoke1
hermes
hubert
Charlie
keith
eduard
tupac1
daniel2
smackdown1
myspace9
khushi
1964
passwords
jorge1
carmelo
heroes
123qwe123qwe
qwerty77
krasotka
gizmo123
lovergirl
fuckface1
archana
kleopatra
password15
amelia1
prissy
2020
cobra1
hollister2
anime
pirate1
online1
busted1
hoover
yomomma1
monkey4
wonderland
jorge
susan1
orange12
celtic1888
bigmoney
legolas1
gambit
chivas11
dorothy1
donna
monster123
lukas
ballin
114477
loser2
alex01
su123456
stones
giraffe
yahooo
money7
jesuss
svoboda
overlord
baby101
blackjack1
mommy12
almighty
cute123
commando
amalia
megan123
lovesucks1
salvador1
johnny5
jazmine
rustam
escort
nick12
honest
goodness
wertyu
flower2
friends123
thierry
damien1
loves
zigzag
mustangs
archer
xfiles
alinka
lamborghini
parrot
iloveyou23
bloods
school12
141516
14141414
12345h
1965
star11
kelly123
maggie123
hotty1
nicole13
princess21
sssss
19051905
belle1
1qazzaq1
pass12
theodore
patrice
newpassword
ihateu1
cutie101
diamante
stefanie
cgfhnfr
health
dominican1
qwerty777
mallory
buckeye
brandon123
fuck0ff
shibby
asd123asd
eragon
andy123
jupiter1
princess14
d2Xyw89sxJ
fyutkbyf
ayesha
brothers
mittens1
lifesucks
olayinka
honduras
qqwwee
qaz123456
12345qw
leonardo1
lillian1
anne
hellsing
battle
killers
sucesso
vicente
justine1
1234rewq
168ASD168
blanca
toto
birthday1
maddog1
nicky1
ihateu2
cherokee1
jazmine1
monkey23
vicky
stargate1
charley
hockey12
123abc123
23456
willy
lizard1
life
mustang2
plastic
12345600
georgie
rebeca
chelseafc
Michael1
richie1
Dragon
thesims2
pot420
ericka
melody1
westwood
pothead420
lucky2
retired
rambo
starbucks1
bitch3
2sweet
sexy09
renee
mother2
1111qqqq
cinta
demons
lewis
dauphin
system1
01010101
shitface1
123admin321
harley01
multiplelog
plymouth
josh12
1money
mark123
red1234
lolipop1
bowling1
allah
henry14
gsxr750
konstantin
963258741
luke
kate
hermosa
corinne
password09
bernard1
keeper
biology
sephiroth
derek
gabrielle1
albina
don
951357
kontakt
hannah2
lowrider1
mexico10
duchess
cricri
silent
789789789
romero
camaroz28
myspace23
poncho
pooper1
market
maurizio
nicole11
baby10
www123
123456789w
mondeo
piccolo
lineage2
pandora1
tiger12
qqqwww
weed123
myspace101
welkom
nevaeh1
helloo
momo
celtics
taishan2011
manila
gandalf1
venus
Jennifer
animals1
evergreen
iloveyou21
eatshit1
786786786
artemis
tricia
estrellita
bloody
1234567z
hottie!
nikki123
danica
love44
matador
leelee1
ferari
toffee
wallace1
alexander2
alexalex
123698741
girlfriend
loveu
projectsadminx
marilyn1
married1
sponge1
brayden
jack12
money11
someone
blowme1
cowgirl1
bobbob1
toledo
highlander
jktymrf
1221
torino
surside13
titanic1
volkswagen
2good4u
bartek
00112233
pdtplf
bkl29m2bk
pavel
fabrizio
babyboy2
mayday
sleepy
twins
444555
assman
sullivan
isaac1
484848
annamaria
g12345
herbie
ufkbyf
darlene
april12
blabla1
happydays
fgtkmcby
seattle1
a1s2d3f4g5
cheese2
preciosa
temple
uhfybn8888
rainbows
senegal
pollito
jordan3
11111111111
wenoob
pimpdaddy1
masters
imperial
gay123
yandex
kiki123
coolman1
iamcool
number9
frederick
pacific
rossi46
passport1
hooters1
prettyboy1
journey
luis123
quality
georgina
560076
mylord
becky
chubby1
lola123
scooter2
tamara1
moneys
rootbeer1
kenken
ou812
diane
maribel
warning
cowgirl
buddy12
love2009
shanti
rereirf
0123
minerva
asroma
lights
jordan13
spring1
alex10
nadia
123458
sweets1
karine
gavin1
elmo123
lewis1
jasmine123
aiden1
jose12
halflife
jermaine
burton1
myspace22
baby09
capricorn1
shogun
dortmund
zxcv
ichliebedich
viviana
mariel
spitfire1
fusion
utopia
free123
zaqwsxcde
painter
catania
carlotta
baseball23
stitch
omega
azertyui
jonas
computer2
000999
zxcasdqwe123
sexyme1
stealth
a123321
jeffery
mehmet
sexylove1
mathew1
???????
three3
horny1
mihaela
corazon1
carmel
ginger12
qwer4321
bagira
turbo1
swimmer1
techn9ne
moon
jesusfreak
hercules1
sandman1
lemonade
mango1
arnaud
lovely2
2345678
wellington
nurse1
ilovechris
punkrock1
millwall
p12345
daniella
lassie
daniel01
pazzword123
mummy1
massage
unknown1
youandme
huhbbhzu78
chico
bennett
635241
loveislife
patate
87654321q
neveragain
kifj9n7bfu
gator1
7007
7777777a
gordon1
ali
dominika
silverado
123456789qwe
number7
lizzy1
987123
joejonas1
myself1
tasha
1sunshine
colleen1
teamo123
kodiak
1235789
kill
tigger01
adrien
zazaza
jamie123
redwings1
kathryn1
sucker1
wayne
karate1
kayode
latino
dancing1
whatever!
start1
peterpan1
bighead1
mhine
nigga123
confused
rtyuehe
sonyericsson
lalala123
butterfly3
myspace09
6
balls1
bubbles123
gfhjkm123
abc321
rihanna
cannon
123412
anthony3
73501505
delta
magnus
asdfghjkl123
addison1
left4dead
brighton
francine
malaga
austin12
Shadow
jamesbond007
maddy1
charger1
networking
poetry
zacefron1
stunt101
carol1
fatman1
jesus3
clarinet
conrad
ohiostate1
whisper
cavallo
Michelle
hi1234
celeron
smooth1
yolanda1
mission1
sexy18
cellphone
ramram
faster
walmart
princess22
madison2
babe
beaner1
technics
resident
aerosmith
india1
youtube1
salomon
bitch11
mike1234
010
cafemom
senior09
choupette
sagitario
november11
cobra
sunshine3
shanghai
mazda6
igor
19671967
ashley11
astonvilla
durango1
snoopy2
ï¿½+ï¿½ï¿½ï¿½ï¿½ï¿½ï¿½ï¿½
angel16
jeffery1
latina1
princesa1
testing1
a00000
mykids2
pompom
dance123
7412369
jG3h4HFn
yanyan
mollie1
grizzly1
434343
benji
blazer1
buddyboy
koolaid1
benben
mafalda
1234567m
matheus
support
loulou1
squall
demon123
jade
june22
margarita1
qwe1234
dddd
blacky1
hohoho
trust
1qay2wsx
demo
115599
dt123456
soccer19
roscoe1
lisa123
dreams1
12211221
Sta
147896
gertrude
linda123
polo
madagascar
727272
astrid
coleman
iphone
gabby
matilde
durango
tabitha1
volley
bobmarley1
bitch01
nicole3
working
iloveyou9
splash
kingsley
jackjack
zombie1
princess4
carbon
pussy2
carson1
joshua01
daddy2
badminton
desert
20052005
europa
warszawa
skater12
reaper1
hollie
fuckthis
dusty
toby
maksimka
dirty1
1963
felicia1
linkedin2011
n12345
raiderz1
candyman
cheetah1
babygirl15
a112233
willy1
faggot
madeleine
vfitymrf
summer2
babygirl5
storm
fuckyou5
kathy
murder1
1231231
violetta
jerusalem
warren1
w66YRyBgRa
viktoriya
sexsex1
baby07
yummy1
loveme3
blackrose
1234567s
blackbird
laura123
159753a
alexa1
fullaccess
ahmed
ms0083jxj
8522003
peyton1
respect1
emiliano
kostya
popo123
green7
davids
june23
sunita
roxy
pearl1
hfytnrb
chaton
carlos12
baker
panda123
adelina
myboys
chevys10
kathmandu
ariel
becca1
1596321
czz000
miracle1
notebook
megasecret
michael23
america123
nokia5800
ryan12
apollo1
ananas
ihatethisgame
musica1
shakira1
werty
Princess
ncc1701a
susanne
playstation3
19651965
archie1
pothead
jokers
ariel1
bertha
7896321
meatball
131415
bigmoney1
imnumber1
forzamilan
nacional
browns
caca123
fre
sandhya
pimp11
kingking
marcello
blake
hacker1
yannick
racecar1
15151515
moonlight1
shit123
smelly
caca
smart
cantona7
mercury1
chris11
diamond2
benji1
pulsar
spartans
boricua
555556
yvonne1
isabelle1
lucky12
josefina
tommy123
babygirl09
Nï¿½odefinido
201010
classic1
bunny123
babygurl12
saskia
stewart1
geoffrey
harrypotte
select
delacruz
1a2a3a4a
solution
10577
butthole1
ilove123
allie1
powder
gaston
nestor
triskelion
pinkie
condor
liverpool8
chivas123
oldman
start
1475369
nanana
ale
606060
remington
kakaka
jake12
qqqqqqqqqq
alegria
lilman
david2
iloveu12
123456789h
gabriela1
maximum
music101
qwe1asd
skyler1
girasole
didier
ginger123
rakesh
money100
honduras1
london22
disturbed
arsenal123
madeline1
poochie
poseidon
mulder
celica
davidson
revenge1
bruce
sparkles
777999
bossman
fabio
crjhgbjy
silvana
chacha1
123456789f
monika1
grumpy
fxzZ75
seagull
you
colts18
yxcvbnm
front242
muppet
login
chicca
momomo
p455w0rd
cody123
superfly
tyler12
blade
w12345
mariya
132465
57chevy
clifford1
coco12
aileen
1loveu
bear123
leader
2009
kim
gaurav
iamcool1
sexy08
dylan123
198
joejoe1
1qazxsw23edc
portugal1
paolo
tomtom1
noodle1
bigpimpin1
senior08
mileycyrus
survivor
Robert
123654a
vanesa
tomate
senior
mike23
sara123
freckles1
makemoney
willis
mississipp
pepper123
godsmack
finger
celeste1
bautista
vendetta
seventeen
ncc1701e
camelot
junebug1
lovestory
pooh
pablo
briciola
helloworld
tresd5
jermaine1
fuck666
skinny
semperfi1
rabota
jess123
pierre1
121
bubbles12
mikemike
work
poipoi
pictures
pornstar1
princess23
sasha12
adeline
superman7
sprite1
knicks
pillow
ltybcrf
daddy12
charlie12
bebe
Pa55word
livelife
juan123
oklahoma1
cancel
kashmir
tdutybz
jess
hotmama
hospital
boo
4myspace
sweden
X3LUym2MMJ
2003
45454545
skiing
chrisb1
hamish
tyler2
cleveland1
maniac
meghan1
billy123
trojan
june13
handsome1
blueeyes1
spyder
roses
beaner
moises
steelers7
blade1
rhiannon
slipknot6
nightwish
yankees13
four20
101101
aaron123
ilovehim2
357951
anthony7
mystic
san
labtec
hammers
crip4life
lifeisgood
daewoo
dragon7
indians
october10
wolfman
stryker
tammy
sexyman1
tekken
marie12
yyyyyy
qwerty78
orchid
coolkid1
keisha
africa1
iverson1
navigator
gotmilk
584520
ashley13
myspac3
334455
bionicle
humtum
1loveme
simpson1
waterfall
999
noisette
mimi123
jordan5
huskers
scottie
luther
superman3
psycho1
yahoomail
20072007
motocross1
jared
armando1
123456.
1iloveyou
nataly
rasmus
clarissa
shorty12
fisherman
baby21
hello9
zxcvb123
abcde123
hardrock
annalisa
safari
159753123
june21
darkangel1
hotgirl
chucky1
babe123
789632145
celina
awsome
rockets1
elisa
rjycnfynby
patito
1michael
cbr600
milkshake
lightning1
monkey21
greg
simsim
myspace8
montgom2409
tesoro
bitch5
solomon1
-
s8YLPe9jDPvYM
classof07
google12
love2008
560037
newstart
bigbang
classof201
stallion
wonderful1
firebird1
olenka
sterling1
daniel11
playboy123
forest1
evony1
1435254
nicole01
kaka
121121
frog
hustler1
razvan
blackman
poo
baseball6
snoopdog
haha12
female
franck
company
159159159
bhebhe
adewale
whisky
mallorca
freeze112
0192837465
killer11
green13
myspace69
adelaide
daytona
cimbom
emachines1
paola
19031903
baseball24
reality
bball
april20
m1234567
monkey101
tomorrow
mathis
peanut12
legenda
shorty13
shania
mobster1
bunnies
868686
ecuador
sunset1
199
bookmark
bangbang
rjynfrn
alison1
sausage
lavoro
peanut2
thomas2
northside1
class08
naruto2
198888
johnpaul
subway
andrew11
cuteme
justin01
brian123
amazon
leoleo
oliveira
pharmacy
fish123
duncan1
forget1
maximo
nopass
kalina
lifesucks1
vbkfirf
albatros
banshee
lil
foxtrot
new
giacomo
steffi
william3
freedom2
littlebit
sheldon
capone
keegan
central1
glamour
beaver1
april21
thursday
Indya123
mollydog
reggae
gringo
bounty
greece
25011990
rowena
princesita
adekunle
robinhood
lorraine1
zaraza
cowboys22
march17
heineken
qw123456
cheer123
space
sexy17
palmer
fuckyou11
light
coolboy
professor
646464
april22
1q2w3e4r5t6y7u8i
mazafaka
homework
dbrnjh
koroleva
radio1
principessa
gothic1
baseball14
angelus
z00000
10
godis1
lampard8
husband
persik
nugget1
killer13
corey
landrover
tequila1
redred1
a1a2a3a4a5
heidi
kfhbcf
dwayne
rancid
medicina
candle
negrita
cotton1
school2
beckham23
cooking
veronique
faisal
bookworm
answer
godhelpme
dragon01
fghtkm
catwoman
smelly1
friendly
phone1
matahari
pleasure
ludacris
19991999
july21
will
saturday
mygirls
springer
shawty1
fuzzy1
zhjckfd
buster01
babylon
aliens
chillin
peluche
triton
tsunami
maryland
cutie2
jensen
black12
1diamond
mickey123
randall
marihuana
hello3
love26
frosty1
football24
nokian70
candice1
12321
ilikepie1
robert2
coolcat1
pink22
adeola
baby16
pandas
venera
webster1
ankara
reddog1
simon123
cancun
12345qwer
control1
flyboy1
queens
venezuela
thomas22
default
w
blueblue
asd1234
ssss
roxy123
incubus1
angel88
anuradha
ashleigh1
pancho1
reset123
guatemala
ssssssss
applepie1
12345v
garbage
manowar
mickey12
food
project
alexis12
kikiki
gremlin
ghostrider
m0nkey
1366613
butler
gorgeous1
kenwood
jillian1
qwertyui1
pok29q6666
bonehead
22334455
pimp23
jaguar1
rammstein1
minette
forrest
mitch
leonard1
amy123
password08
123asd123
eeyore1
1234567j
godofwar
amoure
create
junior12
farida
dude12
beaches
n1frdz
emerald1
june16
love777
mighty
thomas01
ordinateur
23jordan
ZXCVBNM
george123
krokodil
nastia
kittie
therese
giovanni1
password88
jessica3
password24
account1
racing1
angel07
az123456
383838
pat
lucia
auburn1
abcd123456
sadie123
qazzaq1
lovebird
mommy11
a1a1a1a1
venice
meme
flipper1
rogers
novo
bigbird
big123
qwe789
bengals1
jasmine12
versace
maggie01
mary123
heidi1
satana
123456789v
malachi
greenday12
family2
veritas
porkchop1
tatiana1
eight8
terrell1
verona
puppylove1
legacy
tootie
dipset
holland1
mazda323
homeboy
zander
baker1
deutschland
manning18
open
april13
zxcvb12345
1475963
yuliya
margherita
tomas
my1love
janet
mango
family3
12345677
iguana
birdman
123456aaa
poptart1
1234565
123abcd
tweetybird
louis1
south1
lovely123
&#2336:
London
porn
1q2q3q
mom
blossom1
shorty123
thelma
chivas12
chosen
qwerty69
samantha12
lucille
speed
aberdeen
martin123
hockey11
orange2
candy2
fabrice
love27
ebony1
l1nk3d1n
barbados
1357913579
biteme2
tkbpfdtnf
????????
weezy1
go2hell
tuesday
fanfan
guitarra
michela
killian
lucy123
speaker
456789123
munchkin1
godislove1
latina
220
sprint
pancakes
grover
melvin1
escorpion
liberte
626262
ashley01
twister1
basketbal1
payton1
mynameis
k.lvbkf
guadalupe1
babygirl21
edward123
ray123
hottie3
il0veyou
training
bassman
21122112
progress
qwaszx1
123123123123
zelda1
melinda1
june11
grandpa
myspace0
angeline
violet1
sexybaby1
roberts
love34
grace123
motherfuck
ghjcnjnfr
q2w3e4
scully
guilherme
john!20130605at1753
333333333
skyblue
123890
cherries
buckeye1
forzaroma
janette
taylor01
music2
newmoon
14881488
wednesday
indira
andrew01
clemson1
kittens1
april23
whiteboy1
peanuts1
mummy
fighter1
2children
789852
dinesh
ilovepussy
deftones1
619619
tenerife
march
mariana1
chris01
dallas22
alisha1
jingjing
pankaj
icarus
eternal
707070
parkour
jaden1
history1
c.ronaldo
justin11
fuckers
luis
pietro
ignacio
babygirl!
bellissima
huskers1
kungfu
goforit
babygirl16
rosalie
zeppelin1
redman1
mancity
deanna1
nokian95
110085
lovesucks
vertigo
destroyer
cadillac1
good123
amor
lesley
babygirl08
princess15
evanescence
roma
123321123321
pepper2
Byusdg23
smoking
56789
ripper
winchester
holmes
Ð¹Ñ†ÑƒÐºÐµÐ½
love4you
dilbert
sexy07
1232323q
z123456789
duckie
doctor1
ï¿½+ï¿½ï¿½ï¿½ï¿½ï¿½ï¿½ï¿½ï¿½
number5
rashmi
18n28n24a5
great
rawr123
fabregas
sexyman
operator
babygirl23
possum
09876
19641964
kings1
jordan10
freeman1
gotcha
phoebe1
rjhjktdf
xxxxxxx
technology
angel69
bessie
210
panties
jesusc
billyboy
rafael1
arnold1
comcast1
apsk54321
tara
dixie
music4life
Andrew
gotcha1
time
suzuki1
bridget1
paige
principe
concrete
anita1
porno
monsters
battlefield
mother12
ayomide
nike
pirata
turbo
lolo123
missyou
carolyn1
fergie
pakistani
z0102030405
april15
greenbay
chivas13
grandkids
789
home123
whatever2
indian1
roller
mylene
bruno123
horizon
besiktas
yeah
1232123
kiss123
qwerty666
dutchess
janet1
&#2336;
monkey8
owt243yGbJ
ursula
nikolai
blingbling
angel4
bigfoot1
chevrolet1
nigger123
qwerty01
maynard
101
24242424
emotional
qwerty789
marcella
manu
redsox04
qwegta13091990
boris
armstrong
717171
bandung
zainab
iluvu1
maradona10
pauline1
football20
cock
lord
as1234
madalina
joey123
badboy2
748596
april14
2424
sherman1
paula1
colts1
biggie1
1414
budweiser1
alexa
louie1
confused1
snoop1
star13
cherie
9293709b13
theused1
sweet12
valeria1
dalila
kochanie
adonis
214365
bailey12
zzzzzzzzzz
village
street1
zenith
theboss1
333222
nursing1
ppppp
prashant
love5683
buster2
travel1
cazzo
shorty2
yesyes
hunter11
chuck
kirsty
ontario
wisdom1
ariana1
june24
qwerty22
clover1
Sunshine
slavik
leo
morris1
emma123
vicky1
barkley
0147258369
rastafari
samtron
!qaz2wsx
donnie1
777666
march12
aaasss
spike123
softball11
abby
petunia
sharingan
shady1
catalin
dick123
lovely12
aaaaaaa1
leonid
.adgjmptw
abiodun
dogdog1
111111111111
donovan1
qwerty5
223322
mash4077
130
dollar1
momof2
111999
stevie1
mystery1
mimosa
paperino
chicken12
lalaland
hyderabad
liverpoolfc
20112011
Ð¿Ð°Ñ€Ð¾Ð»ÑŒ
nelly
soccer08
nokia3310
canela
redrum1
money4
iloveyou15
princess8
marriage
sextrime1
bertie
explorer1
aa123123
100200300
famille
breeze
losers
jesse123
yumyum
numba1
iloveyou09
italian1
daniel13
marlin
p@ssword
sousou
amanda2
argentina1
patty1
mar123
dottie
charming
blizzard1
pizzas
123456abcd
mostwanted
110011
pobeda
antares
patrizia
medved
compton1
bonheur
fantastic
123stella
110120
santos1
iloveher
rhonda
martina1
sssssss
crazy12
bradford
butthole
lopez
daisy12
magali
bugger
234234
lynn
chinnu
angelbaby
jocelyn1
mandarin
hamilton1
love89
honda123
football09
sunderland
tropical
mallory1
desperado
discover
puppylove
march1
samiam
pimpin2
drogba
159
family12
edwards
jamila
rebels
321678
wishbone
qwerty!
losers1
ludovic
looser
booty
malcolm1
mafia1
conner1
medical
PRINCESS
5poppin
fuckyou6
transam
supergirl1
cookiemons
helen
pistons1
livestrong
sidekick3
babygirl4
pokerface
lee
bestfriends
manson1
test1
carlton
jessica7
matthew12
iloveyou6
sidney1
tigrou
deadman1
hannah11
hater1
sammy12
1962
kimbum
young
christian2
pringles
lovehate
juventus1
85208520
smoke
bugsbunny1
commander
gianna
password19
gwapo
papapa
nipper
1234509876
bharat
pie123
loveis
punkin1
friends4
bobobo
enrique1
fred123
mat
nikitos
142857
jesus4me
picture
black2
cabbage
jesus!
asdffdsa
scarlett1
green11
shmily
vacation1
gonzalo
linkin1
qaz123wsx
glitter1
rodolfo
pupuce
games1
mellon
jackpot
harley123
737373
123456zxc
2bornot2b
bogart
lamont1
italiano
valentina1
lemon8
peters
zasada
dalejr
lance
goodbye1
123456789.
charlie3
yugioh1
212223
rhjrjlbk
rolando
goodlife
extreme1
abcdefgh1
badboys
tulips
cool11
sweetgirl
roman1
management
14121412
2128506
delete1
pluto
hejhej
offspring
never1
slick1
eric123
gabriel123
schatzi
nissan350z
michael11
blink
felicity
momanddad
bones1
amistad
pablito
star1234
angel18
dodgeram
sheila1
softball2
august12
isabela
thedoors
monkeybutt
hyundai
trial
one
zacefron
candycane1
12qw12
china
jordan7
113355
ferdinand
spunky1
chaos
summer99
heritage
butt
20062006
kobebryant
badman
lover69
jamal1
bruins
19631963
cecilia1
kumar
booboo12
spanish1
1anthony
gameboy1
hidden
4children
babygirl69
1butterfly
princess9
splinter
naveen
cruzazul
fantasia
sexyback1
2blessed
baseball15
natural
leather
hello.
freeway
morgana
nathan12
bridge
jaihanuman
aa1234
april16
september9
joseph12
lickme
Ð¿Ñ—Ð…Ð¿Ñ—Ð…Ð¿Ñ—Ð…Ð¿Ñ—Ð…Ð¿Ñ—Ð…Ð¿Ñ—Ð…Ð¿Ñ—Ð…Ð¿Ñ—Ð…Ð¿Ñ—Ð…Ð¿Ñ—Ð…
hjccbz
harriet
lopez1
sonali
leon
light1
zorro
51505150
stanislav
exodus
bailey123
Argentina
booboo123
fxzZ75yer
benedict
mmmmm
dodge
katkat
football!
doodoo
aptx4869
qwertasdfg
malachi1
peanut123
cinnamon1
fuckyou4
dolly1
242526
stepan
gorilla1
fktyrf
mitsubishi
angel6
murder
blue10
caramel1
electro
gold
wifey1
theend
soccer20
Doomsayer.2.7mords.V
soccer24
myspace07
pink101
sneakers
nevaeh
nokia6233
march23
highland
bristol
dookie1
scarlet1
coolguy1
imgay1
natacha
pepette
assasin
121283
mildred
joshua2
micaela
kannan
AZERTY
maria12
150
omarion
tweety2
revelation
psalm23
halo
nathan123
vjcrdf
monster2
june14
weather
summer05
password07
19661966
corolla
il0vey0u
lespaul
martins
adrienne
janice1
Charlie1
bologna
klapaucius
ariane
rasengan
arsenal14
polarbear
austin123
aprilia
skinhead
sha
cevthrb
bossman1
jessica13
777555
ciara1
H2vWDuBjX4
wookie
strong1
june10
709394
snowwhite
228228
deborah1
logan123
bball12
soccer07
bluebird1
alexis123
april10
sexybabe
caballo
william123
kimmie
poochie1
lexmark1
fireball1
hedgehog
keyboard1
password20
1004
lolita1
michael01
angel8
adv24
pearl
angel08
gggg
scooby2
chuckie
april11
margie
momoney
110001
barbie123
maciek
june28
shinigami
1cookie
ruby
everything
shooter1
27653
maddison
bailey01
love02
love4me
19411945
fishes
christie
AAAAAA
00001111
devildog
chuchu
chivas100
scout1
aardvark
blessing1
poussin
badger1
kellie
soprano
250
john1234
crackers
lenochka
beautiful2
march11
delfino
sherry1
scvMOFAS79
july23
01011980
kirsten1
ilovejusti
twisted1
caline
maggie2
cookie3
matthew123
seniseviyorum
shitty1
june17
trenton1
sleepy1
pacman1
bloods1
skylar1
picard
smarty
chronic420
qazqazqaz
xboxlive
jelly1
destiny2
110688
jazz
holly123
hello7
joseph123
eagles5
funky1
chiefs
nicole7
piramida
michael13
colton1
vanhalen
softball13
green3
rebel
246813579
dr.pepper
number12
135798642
amormio
chewy1
harley12
lucky777
victoire
marcopolo
titties
bluebell
110019
thegreat1
aries
ladies
vernon
sagitarius
ghblehjr
october31
monkey9
secure
885522
1a2s3d4f5g
nevada
mikayla
123123qwe
writer
casey123
nikhil
creation
piper1
forzainter
diablo666
Letmein1
angel9
snapper
kenworth
marcos1
eldorado
march22
daniel19
corrado
annika
blackops
seamus
liverp00l
x123456
italien
asshole12
dom
shark
kelley
darius1
believe1
jennifer12
apples123
magandaako
skinny1
ravens1
faith123
trojans1
232425
finance
123456789asd
beast
andrej
bigben
christelle
imcool
softball7
andre123
kenzie1
josiah
dragon88
baby69
softball10
firefly1
you123
starlight1
i23456
snoopdogg
piggy
carmelo15
recovery
bitch23
alvin
maryjane42
amethyst
bulls23
mazda3
vittoria
rainbow123
janina
andreas1
juan
laguna1
paper1
aikido
sherwood
bambino
123456qwer
abcd12345
shamrock1
twinkle1
children2
april17
W5tn36alfW
princess16
sacred
gilles
warlord
slamdunk
jane
babygirl22
soccer01
doreen
qweqwe1
Benjamin
hogwarts
supersonic
crazy4u
qwerqwer2
orion
tony12
010203040506
killa
110075
lipgloss1
123kid
cazzone
angeleyes
denisa
america12
qwerty99
greeneyes
kagome
joanne1
Jordan
dragon5
banana123
starfish1
columbus
holla
porcodio
hotpink1
goldeneye
isaac
alissa
nevermore
josie1
eqeS606898
sunshine!
pallina
champagne
mmmmmmmmmm
winmx1
456123789
madden1
1213141516
esther1
bushido1
morning
paper123
mariajose
cougar1
sky123
badbitch1
lily
fordf250
forever2
harold1
theonly1
ninja123
davinci
gucci1
bass
houses
rufus1
qazxsw1
trololo
monkeyman
bebe123
cambridge
anfield
vlad
bollox
rovers
cornelia
blue21
1960
design1
restart
cougars
byebye
all4one
090807
nabila
cookies123
crosby87
derp12!@
mustang69
onedirection
kacper
gidget
sweet2
golfing
??????????
friends!
zarina
cheese!
borussia
killer666
tracy
pop
mexico2
123369
purple22
hurricane1
knights1
football14
viking1
europe
362436
skater2
chris23
400053
yfnfkb
Matthew
lacey1
wonder1
palace
allahu
urmom1
vishnu
babybear
123258
bonsai
eatme
cristian1
pussy12
mike11
fucku123
august11
xxxxxxxxxx
septiembre
starstar
johnlock
dimadima
billie1
buddha1
drake1
littlebit1
muskan
princess08
nimrod
twilight12
window1
bajingan
digger1
cherry12
20032003
fatima1
march15
brady12
lipgloss
opelastra
riverside
santino
popeye1
march13
caravan
birdman1
wilbur
april24
iloveyou08
serena1
987789
irinka
ilovehim!
nolimit
131421
nicole21
Bailey
bleach1
hooligan
560078
bishop1
theused
12345asd
mygirls2
illusion
command
makaveli1
russel
ready2go
achilles
computers
taylor11
zxc123456
aaaaaaaaa
pablo1
acuario
venkat
granada
elliott1
55555a
sexysexy
kevin12
june15
a123098
123soleil
underworld
password17
cinder
monkey14
shadows
julieta
7elephants
inspiron
mamochka
aishiteru
123a123
vermont
peaceout
oliver123
lemon1
heaven7
google.com
fart
prissy1
harper
southern
crusader
hillary
chinese
moritz
lamont
caitlyn
tweety12
rocky2
1player
jubjub
mclaren
230
1001
milkshake1
samuel01
florencia
panasonic1
samanta
pinkfloyd1
sangeeta
sweety12
sasuke123
ducky1
satan
snooker
jojo12
sarajevo
pasquale
fullmoon
lillie
dynasty
mermaid1
Brasil
u77789
1zxcvbnm
darrell
anarchy1
slipknot66
sheeba
dana
13
passwd
lenovo
june26
naruto11
darkstar1
chaos1
feder_1941
classof200
easter
potpot
drew
cucciola
kirby1
12345qaz
999000
brodie
solange
gymnastics
140
hurley
sterva
music12
eminem123
walnut
ziggy
pradeep
sophie123
sammy2
bella12
girl123
japan
secrets
fearless
fuckme123
praveen
montecarlo
baba
zanzibar
0147852369
azazaz
monster12
firefighter
myheart
caliente
chris10
peacock
eminem12
luckydog1
frank123
carola
goose1
shitface
bretagne
roxane
stonecold1
aurore
banana11
oregon
elizaveta
rose12
jesus77
gsxr600
cessna
zxccxz
princess09
wildfire
messiah
rajkumar
buddie
matilda1
snoopy123
dagger
pudding1
twisted
dell
pretty12
654987
murcielago
babygirl9
penis69
818181
mypass
pasword1
guerrero
vijaya
ijrjkfl
kolawole
rosemarie
chihuahua
money4me
crazy2
bryant24
butterfly8
architect
sabbath
junior2
kakashi1
nicole22
june
topcat
lorena1
mocha1
hooker
glasgow
<blank>
louie
wright
july22
juanita1
pancake
yummy
cesar
hilary1
1superman
camera1
clara
1qazxc
palmtree
mikejones1
cristi
203040
gordo1
malik1
070809
tricolor
rockstar12
polaris1
loretta
kasia
theatre
Ð¿Ñ—Ð…Ð¿Ñ—Ð…Ð¿Ñ—Ð…Ð¿Ñ—Ð…
alexis09
sexygurl1
monty
1515
Password01
bigcock
maricel
july14
sailboat
ste
kkk123
millenium
nolove
1nigga
varvara
dollars
guess
darklord
history278
gfhjkm1
olawale
1961
123a456
floppy
xbox
printer1
topper
naynay1
tototo
2011
Liverpool
chobits
lupita1
brazil1
jesus33
march21
tango
nickjonas
baili123com
987654321q
koolaid
patriots12
midget
pioneer1
march18
1234ab
angel17
gunit
hottie13
peterson
hustler
jimenez
narayana
nicky
alliance
rossella
1000
denden
phillips
dynasty1
texas123
sonic123
youssef
windsor
uganda
ibanez1
michael5
craig1
softball3
darling1
yoyo123
hilton
password77
snapple
bitch22
traktor
pooh12
420weed
moneymoney
peachy
1chance
dark
feather
july12
friends12
jesus11
emachines
usher1
mirror
0000001
fuckyou8
wedding1
1hotmama
kavita
laurita
butch1
malibu1
fireblade
pinky123
pedro123
seven77
adebayo
familia1
d123456789
198000
partizan
futurama
april18
mygirl
dayday1
jktxrf
polly
myspace200
deerhunter
love1
moremoney
chennai
lover13
yellow11
alondra
dkflbr
pr1ncess
tango1
kool
mymusic
miamor1
olesya
password16
hamburger
jonny1
matthew3
1234567b
molson
amsterdam1
solrac
1212123
august13
nssadmin
question
june18
greens
mylinkedin
itachi
kimberley
666555
sun
chippy
lottie
qwertzuiop
couponSC10
buster11
june25
moonshine
jazmin1
ludwig
110017
666333
nana12
09876543
kalpana
amor123
boobear1
mattie1
mimimi
dontforget
audia3
friendofemily
darlene1
zebra1
lance1
baller12
allan
bloody1
helen1
shaolin
nutmeg
marie2
nike123
jose13
saturn1
senior07
wagner
diego123
sf49ers
family7
italian
cruise
philips1
jack1234
mikaela
skywalker1
cupcakes
barselona
piolin
devilmaycry
santa1
dolly
kronos
y123456
sony
456258
qwerty21
mickey2
holyshit
doodoo1
19283746
alexey
852258
bumbum
photo1
jamjam
sriram
tekiero
seven777
matt12
8PHroWZ624
converse1
savanna
joshua11
future1
startrek1
pimping1
sonia1
clemson
francy
photos
guinness1
dayana
sixteen
irishka
ad123456
h12345
1daddy
muhammed
athena1
mac123
thegreat123
iluvme1
onetwo3
raiders13
crossfire
lkjhgf
meagan
147896321
<password>
basketball1
impossible
beverly1
shadow7
optimus
elefant
budapest
chris3
zyjxrf
suzanne1
pontiac1
ralph
number11
123qwert
blackhawk
johann
jobshop2002
babygirl19
heartbreak
bossy1
12348765
promise1
kosova
amigas
june20
ballin23
ezekiel
lonestar
fisher1
august23
lov
boobear
patton
password33
lobster1
2gether
alfredo1
ï¿½+ï¿½ï¿½ï¿½ï¿½+ï¿½ï¿½
22
chris14
radhika
alvarez
loveless1
green5
familyguy
cerise
cthtuf
superman23
robinson1
sinner
israel1
ichigo
children1
pretty123
tortuga
volvo
kaka123
grenouille
kawaii
dragon22
ashley7
laptop1
monkeyboy
pokemon11
patty
tommaso
desmond1
foobar
darina
loveme!
liverpool9
kkkk
ralph1
sam12345
puppydog
espoir
brandon3
???
remote
cachorro
2babies
fabien
qazqaz1
german1
fabienne
meme123
layla1
4444444444
lollollol
valley
poppy123
555888
hhhh
clouds
macarena
a7777777
slimshady1
speed1
qwedsazxc
12345678m
kaitlin
ladybird
myspace21
lucifer666
root
zxc
112233q
cheers
atomic
angel09
wolfie
420
trojans
19191919
2wsx3edc
oktober
shweta
bmx4life
canadian
tigger11
khadija
dolapo
sdfsdf
3odi15ngxb
godlovesme
latino1
333555
trinidad1
dante
idunno
lauren12
1q2w3e4r5t6y7u8i9o
terrell
asshole!
love28
open123
edwin
class07
1122334
240
francisca
mia123
anthony5
lipstick
hotpink
meow
teamomucho
not4you
jefferson1
anthony13
natalka
nebraska
110119
today
lemon
2lovers
maimai
december25
nomore
6543211
jasmine3
Ð»ÑŽÐ±Ð»ÑŽ
che
blaze
poohbear12
kyle123
sparks
1love1
zxasqw
naruto13
009988
nastena
986532
babes
france1
tecktonik
hanna1
Passwort
august21
159357456
rainbow2
filomena
ilovemysel
sasuke12
tolkien
123123123a
iluvme
evil666
clinton1
lucero
river1
xtreme
mylove2
petrov
morgan12
adrianna
redroses
person
simba123
1mommy
George
25800852
iamthe1
magpie
football08
player2
zzzzz
1pussy
1231
cool1234
20122012
ghbywtccf
trenton
april26
transformers
smitty1
s1234567
bigsexy1
master2
nicole14
coltrane
taylor13
october13
951159
k123456789
millions
pentium4
marija
4everlove
angelita
musical
majestic
raffaele
ruben
surenos13
looking1
0000007
longhorn1
j1234567
sexual
sveta
fucker2
bonjour1
hinata
dani
1secret
medusa
1melissa
minicooper
love100
alfred19
595959
jansen
123456789i
idontcare
nextel1
Welcome123
ukraine
red12345
techno1
april25
supermario
joejonas
westcoast
horney
penelope1
190
harley2
party
fkbyjxrf
kissme123
megatron
money101
qazwsxed
393939
twiggy
steven123
cheeky
dilligaf
goldstar
conejo
nicole10
qazxcv
killer5
bosco1
nwo4life
hottie11
78963214
goliath
april19
132132
money22
klaudia
123698
baller3
jackson2
march24
love92
loco13
170
candygirl1
musicman1
matthieu
luigi
damnit
1111111a
philip1
dee123
strider
andrea123
dwayne1
powerful
althea
Abc123
cordoba
fuckoff123
brandon7
guatemala1
richmond1
mmmm
candycane
56565656
melo15
cheryl1
margaux
james3
diamant
florence1
geneva
march10
ï¿½+ï¿½ï¿½ï¿½ï¿½ï¿½+ï¿½ï¿½ï¿½ï¿½ï¿½+ï¿½ï¿½ï¿½ï¿½ï¿½+ï¿½ï¿½ï¿½ï¿½
kingfisher
gfhjkmgfhjkm
tennessee1
suicide
phillies
ohmygod
pathfinder
august22
cucumber
jay
carter15
1959
1fucker
drakon
stinker
marseille13
today1
123456qaz
carrera
cococo
snow
asdfghjk1
chase123
ginger2
capital1
playgirl
abby123
valerio
susanna
minouche
sonny
tanya1
180
bluesky1
malena
karthik
daddygirl1
flavia
football33
123zaq
159852
pepita
mushroom1
jackal
mikayla1
june19
tmm
poop1234
avalanche
princes
carpenter
yourmom2
bermuda
deutsch
garnet
charlie01
forgot1
jethro
samurai1
mckenzie1
prince123
zodiac
kimmy1
cdtnbr
supernatural
ferguson
197777
novembre
eliana
deskjet
mazdarx8
123456798
weare138
zero
genius1
tits
killer69
blaze420
pooh123
money10
yesterday
chris5
ï¿½+ï¿½ï¿½ï¿½ï¿½ï¿½+ï¿½ï¿½ï¿½ï¿½ï¿½+ï¿½ï¿½ï¿½ï¿½ï¿½+ï¿½ï¿½ï¿½ï¿½ï¿½+ï¿½ï¿½ï¿½ï¿½ï¿½+ï¿½ï¿½ï¿½ï¿½ï¿½+ï¿½ï¿½ï¿½ï¿½ï¿½+ï¿½ï¿½ï¿½ï¿½ï¿½+ï¿½ï¿½ï¿½ï¿½ï¿½+ï¿½ï¿½ï¿½ï¿½
r1cd38d
mamacita
rosemary1
jordyn
clancy
nicole23
maxine1
moimeme
freebird1
753357
charlie7
radiohead1
obiwan
april28
topher
rock12
really
thomas11
myspace14
indya123
intruder
fabulous1
bear12
crimson1
justin13
ewanko
edgar1
curious
fuckyou9
fucklove13
shilpa
chelle
959595
enter123
17171717
turtles
rahman
running1
1957
fiorentina
topdog
reddevil
monkeyman1
roswell
hahaha123
gymnast1
capoeira
condom
paul123
narnia
20082009
ferreira
julia123
belinda1
knowledge
money09
powell
vasilisa
halima
tinkerbel1
killers1
july15
bitchy
superman11
kennwort
lukasz
333999
e3r4t5y6
anders
candace
blue99
trains
daniel10
bombay
sonnenschein
joelle
goaway
bonjovi1
asshole69
computador
sheena1
user888
alex22
ddddd
Ð»ÑŽÐ±Ð¾Ð²ÑŒ
chris22
football6
hopper
lespaul1
1chicken
tralala
ihateyou!
260
geminis
jan
marlene1
archangel
criminal
131420
qwerty23
36mafia
artist1
balla1
chris21
virgo
None
.
cash
bacon1
7758520
corleone
828282
aa
oreo123
100500
romance1
june27
florin
seven11
Master
borabora
b123456789
000777
qwerty.
princeton
flight
123q123
frisco
money13
stephan
cesar1
america2
pink1234
tennessee
madagaskar
cartoon1
jonjon1
rainbow7
121234
slut
margarida
darrell1
qwerty0
afrodita
nfytxrf
wazzup
a1111111
hey
caleb
f12345
tommyboy
march25
Nicole
222111
crevette
maggie11
DANIEL
loveable
hotshot1
elwood
charmaine
saxophone
lover101
oranges1
9876543211
160
misfits
dynamite
a121212
asdfjkl;
MICHAEL
password18
expert12
emerica1
pimpin69
moskva
100484
boobie
telephone1
norbert
annaanna
purple!
shankar
iloveyou16
cathy1
sinbad
Hannah
milkyway
l6ho3tg7WB
love05
ne1469
manhattan
sanders
froggie
sugar123
1234567d
underoath1
hazel
karen123
gmoney
nemesis1
expert
555555555
april29
gamecube1
angel666
Joshua
babygirl20
aurelia
tartaruga
momanddad1
craig
sample123
libby1
werwer
lingling
cutiepie12
presley
bam123
hihi
sharpie1
hejsan123
gribouille
171204jg
lol101
multimedia
george12
srilanka
austin01
misty123
computer123
bitch7
miami
patrick2
erin
alex14
mitch1
krishna1
edward12
krissy
priscilla1
boobie1
louisa
malinka
211314
121212q
pete
ohyeah
5482++
steven12
666666666
zzzxxx
minnesota
emanuela
severine
kassandra
012345678
serendipity
ashley3
meatloaf
miguelito
cookie11
souris
sweetlove
colocolo
havana
annie123
boxing1
princess19
1234567k
physics
mamasita
infinity1
asasasas
boyfriend
camper
cobain
karma1
shiva
lolalola
harris1
panic!
dontknow
1dragon
cunt
happy7
sexybaby
scream1
niklas
alexis2
yellow5
coolkid
poiuy
eloise
jehova
q111111
eugenia
berenice
1213
400101
shiloh1
undead
polpol
pepper01
654321q
trigun
angels2
sexybabe1
august14
love2love
dupa
bigboobs
kasia1
olumide
147
boomboom1
victor123
loser5
wz362308
summer2010
henrique
aggies
12345678900987654321
nokia5300
empire1
bighead
mahalkita1
terminal
hello2u
diana123
divorce
dinara
blanche
alcatel
premier
gideon
258741
lisalisa
q1q1q1q1
chino1
march14
ranetki
1958
chelsey
hockey10
checkers
M1chp00h
hopeful
mylove12
maggot
sanjose
angus1
pink10
lovehate1
fuckoff69
qwerty3
baptiste
67mustang
zebra
password12345
crackhead1
gbhfvblf
allmine
ocean
bdfyjd
moocow1
yjdsqgfhjkm
ashanti
zimmer483
nico
june30
ale123
zzzzzz1
mexican13
samsara
amanda11
bigmac1
gayathri
lion
diane1
purple5
kingpin
sneaky1
sinaloa1
rookie
1onelove
myspace6
goodday
marc
steve123
imesh
toronto1
789123456
pretty2
champ
loveyou12
cookies2
haley
corina
mikael
starwars3
pepsicola
numero1
kylie1
stalin
lunita
berry1
babygurl2
o123456
johanna1
coralie
Jordan23
gbcmrf
poppop1
tajmahal
forward
12369
godsmack1
josephine1
bassman1
tripleh
woohoo
satish
9562876
cv1230
lotus
shitty
1357908642
fabiana
jason12
manzana
alpha123
voodoo1
hotchick
million1
salazar
987412365
benjie
nicole27
momoney1
jehovah1
jeff24
ulysse
oliver12
zxcvzxcv
james11
sander
1qaz!qaz
rockets
milka
whiskers1
service1
jesus10
pharma
science1
snatch
Hello123
kool123
godson
bjk1903
marty
linkedln
789456a
abcdefghi
gwapako
sexy24
smoker
annabelle1
iloveyou01
elena1
cute12
libra
3456789
devin
juice
death123
74107410
nigga12
football32
pink14
tina123
kayleigh1
khalil
sofia1
aubrey1
dbnfkbr
20042004
bakugan
malboro
claudine
april27
seeker
orange11
neopets12
firenze
medion1
summit
november19
Martin
tangerine
hello13
lilbit1
brennan
laurel
savior
truck
190986
mmmmmm1
avatar1
1233210
soccer99
imthebest
azertyu
juice1
blue14
alex21
syracuse
loser!
zerocool
wolfpack1
mariela
regine
fuck1234
blackcat1
scorpions
blanco
detroit313
iloveu3
1231230
fucked
denmark
c123456789
woshiyazi
asdfqwer
henry123
july10
Anthony
ghbrjk
giorgi
spikey
green22
memories
shalini
zsazsa
mrf11277215
sanandreas
lucky3
koko
Richard
black13
silverado1
journey1
browns1
quincy1
passer2010
zalupa
coleman1
newyork2
samantha2
operation
one2three
kiara1
quantum
vegas1
homerun
0o9i8u7y
popcorn2
1q2q3q4q
wanker1
lambert
puddin
rob123
302010
sapphire1
yeshua
military
magnolia1
jimbo1
iluvu
zzz123
sunshine11
moncoeur
spoiled1
racoon
july13
july16
tree
mama11
300
killme1
avril
iloveindia
luckyme
obama08
for
honey2
poupette
ramones1
teodoro
virus
candace1
etienne
198500
nookie
bababa
afrika
rochelle1
ocean1
western1
peaches2
vince
guitar123
lili
marek
xanadu
breezy
lamar1
keystone
jonny
goodgod
t:
dfa72dfj
cbr600rr
birillo
neelam
pissoff
rasta
hellyeah
jordan22
player12
poptart
benson1
a987654321
goldwing
camel
Justin
boots
mykids1
the123
calypso
????
superman13
bobcat1
vampir
whoami
nitram
football55
darthvader
superman5
capital
memorex
o
roland1
torres1
avery1
herman1
samsam1
trustnoone
poohbear2
robert01
270
bonkers
notredame
fucker!
love666
july17
glenda
playboy2
fuck13
ffff
julio1
198600
karaoke
bombom
joyce1
ann
chunky
carla1
master11
liverpool2
maximka
020
felix123
corsica
12qwerty
dentist
savanna1
nigga2
ethan123
nadejda
challenger
dialog
coolness
andrew13
madison3
biatch
villanueva
ademola
flamingo1
spidey
selene
fuckyou23
cougars1
ellen
catcat1
crack1
chopin
agatha
carmine
resume
moses1
plumber
faker1
ventura
truck1
222555
848484
ilovejosh1
electric1
artur
213213
rasputin
donuts
romario
zoloto
yOp7s55
00000a
1qaz2w
nicole!
1123
drama1
fitness1
carpet
pppp
purple4
shivani
falcons7
bluedog
pallavi
123456789A
romantic
martine1
personal1
doktor
waffles
atlantic
fantomas
olimpia
flipflop
marmar
tazman
scott123
baby18
livelife1
driver1
number10
birmingham
aladin
oceans11
limpbizkit
celtics1
waterpolo
matisse
number8
assassin1
sashka
mister1
brady1
357357
number4
momof4
lilly123
moonbeam
october23
12345y
machine1
garage
v12345
paulina1
critter
159874
picture1
hummerh2
yellow3
oblivion1
918273645
werty123
sprint1
smokey12
123xyz
indians1
express1
123123456
momo123
tatarin
alex23
and
october12
aurelien
leonidas
hip-hop
hotchick1
funfun
2012
jjjj
chocolate!
june29
alphabet
hottie01
declan
slipknot666
tink123
armageddon
chelsea2
q12345678
anonymous
diciembre
hotsex
1234567t
03082006
ashley21
y
fun
brando
bobafett
hooker1
android
helena1
polly1
hello22
dominick
winners
iloveyou0
cosita
sylvain
doodles
loveable1
cosmo
kenny123
yfcntyf
qawsedrftg
tania
oxygen
196
joseph2
aabbcc
123qqq
march19
salamander
liliana1
integra1
fuckers1
D
deacon
nigger2
anthony11
sheryl
Iloveyou
navarro
alfie1
1955
aaaaaaaaa1
soraya
snoopy12
football44
H1xp2z2duK
poopy12
easy
4wheeler
pompey
loveforever
09090909
tigger13
90909090
myworld
bird
mickeymous
disneyland
gonzalez1
rugby1
blueboy
jagger
callum1
marcel1
monkey99
yogibear
rhfcfdbwf
golfclub
ultras
saratoga
bigben1
brittany12
C
skate12
ollie1
goodtimes
breezy1
smokeweed1
sausages
aaabbb
karla1
1357
because
aurora1
chelsey1
yangyang
newport100
pizdec
junior13
rusty123
A12345
krolik
sexxy1
duck
frisky
reddragon
rosie123
armand
e23456
july11
asdasd666
barracuda
kids
reynolds
godbless1
alan
amizade
fingers
lauren123
p0o9i8
ronron
carlos13
perrito
x
austin11
palmeiras
tessa1
dejavu
crawford
1jessica
roadking
3edc4rfv
excellent
Maggie
blessed2
chi
molina
wetpussy
loveit
audia6
smirnoff
ruben1
football25
browneyes
280
princess18
gmoney1
634142554
esmeralda1
football15
daffodil
starwars2
bruiser
carlito
bigboy2
idk123
flavio
astonmartin
georgie1
William
dingdong1
Change1234
resetme
i123456
bla
78945612
tigger22
queenie1
angel24
gabby123
aaabbb2
shadow3
cfvceyu
stone
gollum
march26
october21
gustavo1
charmed3
twinkie
preacher
Buster
ilove2
star22
piotrek
baseball25
jennifer2
tupac
clemence
servus
cortez
hammer123
tracey1
fire123
lilbit
anna12
kavitha
abbey1
asdf11
bubba2
bigboy12
S
kamil
thethe
shasta1
dogs123
master01
chelsea12
prettyboy
asawako
bluestar
prosper
bullseye
001001
pizza12
gerald1
farhan
lovegod1
biteme69
typhoon
13572468
145632
aleksei
camila1
timber1
randall1
qwertyuiop12
connect1
hugoboss
tim
whocares1
webmaster
march31
sexyass1
pimp01
paranoid
brett1
223456
cameron2
crazygirl1
leopold
aqwzsxedc
1stunna
john11
estefania
lucky11
elvis123
riverside1
janelle1
akira
target1
blood123
schule
cleopatra1
another1
q1q2q3q4
chocolate7
bobbie1
zephyr
elsalvador
marisol1
cruzazul1
9876
needforspeed
model1
gypsy1
brewster
gotmilk1
thalia
duchess1
arcangel
mic
chica1
jFgvCqBuzUG
wewewe
jazzy
desember
blood4life
film@123
chris18
maiyeuem
backstreet
jonathan12
grumpy1
austin2
bella2
santa
droopy
myszka
wilfried
apollo11
gtnhjdbx
sekret
1hello
gagaga
august18
fabian1
morgan123
smudge1
dupa123
lexor123
197
august19
951951
biologia
march16
july24
jesuscristo
maddy
new123
sharky
sienna
valhalla
matty1
varsha
mickael
ana
double
collin1
asshole3
bastian
ashley!
august16
sarah12
intrepid
secreto
rencontre
iloveyouba
westside13
artem
werty1
tahiti
carlitos1
bollocks1
271282
march27
badboy123
1qaz2wsx3edc4rfv
michaela1
clueless
dodger1
bigmama
sexii1
blues1
hitler1
blink123
cosworth
Hunter
963369
shevchenko
LOVELY
shreya
ant123
william12
4jesus
boeing
zxcvbn123
stimpy
slovensko
123admin32
cody12
lady123
ctrhtn
4545
1111aaaa
doobie
wireless
miles1
carine
rhfcjnf
money08
capucine
eddie123
9874123
TOPBUTTON
bitch21
stefan1
494949
gucci
supreme
reunion
magical
piccola
agustina
nenita
trust1
kfgjxrf
shadow22
migrationschool
godwin
dddddddd
letsgo
tricky
78787878
myriam
noemie
mistral
vinicius
aassdd
mischief
oreo
gary
calculator
kat123
198400
abc123!
highschool
mustangs1
fishy1
gwapoako
mudvayne
celtic67
daisydog
niners
radical
philipp
orange3
mongoose1
jon123
rivers
stewie1
jaime1
cookie13
qw1234
numberone
killer23
hazel1
weedman1
lovely69
tootie1
ASDFGHJKL
357753
miles
purple23
kazantip
bears
gabriella1
moussa
potato1
paper
melissa123
massage1
matthew7
hellboy1
pepper11
marron
loveme4
stasik
blue15
fyfnjkbq
bitchass
march20
mikey123
mars
667788
olalekan
ksenia
zidane10
cuteko
1956
july27
payton34
nuvola
hockey7
august15
peanutbutter
hillbilly
citizen
gangsta2
insomnia
surabaya
rocketman
abraham1
12345687
090790
baby17
genevieve
hunter3
dominik1
butterfly6
Jesus1
loveu4ever
1moretime
maminka
baggio
formula
120679
japanese
heka6w2
boob
march28
overdrive
919191
fordfocus
14789
wiggles
michael4
crazy13
harlem1
wally1
tipper
123wer
august25
celtic123
babygirl8
money21
poupee
1234567890-=
a666666
espana
angelic
keepout
superman!
1234567u
fxzz75yer
boxer1
1gangsta
my204856
edwin1
engine
sunrise1
michelle3
vfntvfnbrf
chocolate3
119119
d4
shaun1
sunsh1ne
amanda01
deathnote1
timtim
grapes1
Doomsayer.2.7mords.VV
profile
qwerty88
nipples
013579
ashley14
ggggggg
love93
zzzz
jessica11
gorillaz
bolton
shashi
cuties
mother3
smarties
peanut01
dummy1
bigbird1
lexus1
greeneyes1
lolololo
thiago
play
Elizabeth
lbvjxrf
ou8122
armyof1
david13
august28
qwaszx123
emerson1
aventura
bowser
aze
poodle1
depeche
redfox
leigh1
godblessme
kickflip
yahoo12
southpole1
caitlyn1
capone1
sancho
augusto
qwezxc
cheese3
hithere1
december19
oldschool
blogs123
nokia6600
drag0n
contrasena
reglisse
babies1
getajob
david01
awsome1
bigballs
justin10
charity1
my.space
casper123
Trustno1
delilah
avenger
charlene1
200200
danny12
lenlen
zelda
iiiiii
qaz12345
misha
chiquita1
danielle12
1225
juliana1
metalica
noviembre
music!
burger1
dani123
jesus13
qw3rty
quiksilver
bernie1
july18
justin3
tiburon
Christian
777777777
chris15
665544
october22
qwe123asd
dragon10
joyful
rasta1
babygirl18
marion1
melbourne
mommy4
redhot1
ashley16
smokeweed
chipmunk
ddd
pokpok
rubber
hockey13
ludacris1
pereira
poncho1
woaiwojia
asdfgh01
gatorade
sepultura
sheba
123odidol
michael!
molly12
gaetano
homie1
redfish
sixers
mark12
valery
love03
jeff123
pancake1
hilaryduff
01234
preeti
rosanna
maemae
princess07
liquid
naruto10
caracas
divina
riverplate
virgo1
britt
iriska
nathan01
july28
usher
sunnyday
vika
1hunter
jackie123
tanker
october7
lester1
canabis
magician
dada
chinita
heyheyhey
nicole16
765432
qwer12345
makemoney1
passme
lifetime
mmmmmmm
intermilan
sexygirl12
ggggg
bigmama1
ljxtymrf
zzz111
sooner
keisha1
tictac
ahmed123
chick1
subway1
18436572
whatthefuck
babygirl07
anthony01
obelix
Samantha
crocodile
game
yourmom!
anastasia1
luis12
rebekah
1234567891011
candyman1
nice
papa123
broncos7
pillow1
windowsxp
marty1
chicken!
kristy1
summer!
19621962
thompson1
alexan
love94
dave123
yahoo!
freestyle1
mail.ru
mahalkoh
peace2
purple01
fake
shelley1
200991
lover3
lucky5
universal1
madinina
jordan21
manunited1
karima
webcam
october2
198700
aaa123456
dynamo
molly2
toby123
boyboy
social
tribal
bigboi1
killbill1
scoobydoo2
hello12345
pink23
asdzxc123
jjjjjj1
01011990
dawn
chinedu
fucker69
him666
888
Ð¿Ñ€Ð¸Ð²ÐµÑ‚
tornado1
dinosaur1
julio
rodina
gatinha
orion1
mike13
777333
050
dogcat
dddddd1
killer3
qaz741
XBLhInTB9w
hhhhhhhh
jelly
akshay
telecom
patrick123
babyphat
olamilekan
lancaster
charley1
rhonda1
silent1
R9lw4j8khX
bastardo
chihuahua1
guitare
camaro69
revolver
giselle
rocco1
homero
matheo
qaywsx
ilovealex1
freedom7
smokey123
nike23
zxczxczxc
groovy1
123546
muriel
whitesox
merda123
vortex
daniel7
goodgirl1
rfhnjirf
salut
reese1
brett
barry1
vittorio
cupcake123
bigguy
caonima
swords
135135
vadim
chantelle
marquis1
yellow22
greentea
ledzep
ilovenick1
Harley
huskies
darnell1
starfire
hello0
starcraft2
nibbles
biohazard
fuckmylife
poison1
dead
goodluck1
henderson
sal
icu812
friends3
yvette1
tatata
nadine1
redwine
forgotten
hottie5
emperor
meatball1
1killer
macaco
sonata
natascha
sanjana
norway
jill
bullfrog
murzik
frozen
edgar
bingo123
melissa2
sexybeast
elisha
gansta1
12131213
dallas12
rusty2
constantin
skate2
bettina
leanne1
deluxe
holidays
mike22
mustard
camping
pepe
chaser
penny123
sport
kickflip1
popcorn123
arschloch1
atticus
sandra123
kisskiss1
titi
rick
spotty
bdfyjdf
speaker1
sherwin
snapple1
naomi1
gggggggg
rocco
cats123
solaris
mV46VkMz10
kingston1
zxcasd123
tantan
common
people123
july29
030201
james01
tmnet123
studio1
michael8
tequiero1
albania
square
thankyou1
333666999
wwwwwwww
petra
andrea12
jimbo
napoleon1
august17
raquel1
princess6
du8484
holyspirit
need4speed
cherry2
pumas1
friends4ev
redrose1
alena
chunky1
markiz
apples12
abc456
bumblebee1
bradpitt
zzs000000
cam
chris17
xtseo2011TDX
patricio
nadia1
chris7
redline
peaceful
kayla12
poi098
july19
luisito
cruiser
goodboy1
princess69
my1space
chicken3
qqq
1223334444
honeys
samuel123
sta
ripley
bigbear
jester1
ambition
mommie1
kenshin1
290892
trucks1
dayday
clever
bitch6
bronco1
freeze
qwert5
lovelovelove
hola12
narayan
art
caralho
jessica01
access1
mobile1
gareth
charlton
lfitymrf
jarule
eugenie
grateful
jonathon
1020
deepika
vova
snakes1
120279
newpass1
superman10
bball11
sunlight
vanessa123
august10
triplets
malaka
track1
dammit
sicilia
rhjkbr
colin1
metalgear
blackman1
tim123
hansen
july25
cherries1
gutierrez
hellomoto
fucker123
lovers123
graffiti
??????@mail.ru
silver123
magenta
bitch14
elizabeth3
konrad
bryant1
saraswati
martin12
patryk
asdfjkl1
maya
baby06
password55
1babyboy
chavez
knuckles
bouncer
152535
lizzy
amber12
somebody
tabby1
-deleted-
batman11
nirmala
jungle1
biloute
chandu
falloutboy
pancakes1
rugby
letmein!
lilith
246800
all4me
kkkkkk1
bud420
1qw23er4
zaragoza
tamtam
3angels
alfred1
doghouse
6358986
angel777
remington1
ilovemybab
aussie1
bitch09
16051980
aguila
marquis
iloveboys1
magda
baseball17
spongebob3
zero00
*123456
Jesus
river
twelve12
gitara
marsha
222222a
blowjob1
bisous
asdfg12
meister
sukses
bball3
ilovemike
admiral
scout
april2
111122
pimpin101
awesome123
2345
google2
kansas1
198200
kamala
costarica
darryl
apple3
alohomora
destiny123
199999
titleist
fuckyoubit
reading1
hastings
piano1
18181818
shearer9
!QAZ2wsx
fuckyou420
fuckyou21
sasa
adadad
georges
torrent
spartacus
number23
august24
brad
mad
pooppoop1
michoacan1
chivas9
fantastic4
truman
956208q
alone
bruiser1
cristiano7
iamgod
pixie1
warning1
gustav
qwerty00
redhat
newzealand
hotwheels
6strings
amanda13
lakeside
colette
welkom01
brandon5
french1
mamma1
brandon13
fK3456abc
december10
warhammer1
niggas1
shark1
007bond
151617
johnathan1
12s3t4p55
fantom
tyuiop
030
lol123456
atreyu1
bennie
hitman47
timoxa94
king11
cyclone
1ashley
greenbay1
ashley22
worship
190494
yousuck2
davis1
showme
gregorio
stupid2
walkman
iloveme12
anthony4
daniel22
charli
penguins1
miriam1
colby1
yfz450
elisabetta
siemens1
pppppppp
mommie
cerberus
123147
kobe08
fergie1
nautilus
compton
1friend
lovable
jerry123
dwight
123abc456
Marina
thesims
122334
picasso1
crazybitch
playtime
098098
bluemoon1
julius1
1shadow
0o9i8u
midnight12
ssssssssss
ximena
tessie
007007007
rotterdam
mayhem
nosferatu
yellow7
westlife1
ramazan
purple10
evelina
compaq123
stupid123
lulu123
mandy123
jesus101
heather2
butch
dad
space123
angel1234
gfcgjhn
dreaming
rapper1
america13
collins1
dmoney1
stone1
wer123
butters
gthcbr
sunshine01
rob
tinker2
lfybbk
040506
angel06
august31
dragon3
calibra
musiclover
husband1
gu1tar
allahuakbar
camelia
bar
gunsnroses
feyenoord
99887766
cheer12
demon1q2w3e
zaq12345
python
gatorade1
howareyou
olanrewaju
james13
123456789123456
tresor
sassi123
gofish
hannes
toutou
jessica!
lpl
president1
gettherefast
A
killerman
roses1
football07
papichulo1
heavymetal
minime1
nina123
garden1
shivam
digimon1
65mustang
julianna
april4
solidsnake
tttt
pwtest
Andrey
dasha
baller2
112
rugrats
floflo
png
dreamcast
u23456
PhoeniX
partner
pepino
countryboy
farmer1
ginger01
honda250
soloyo
sexy19
cloud
hotmail123
aishwarya
liverpool5
southern1
banana12
guitar2
milashka
aidan1
345345
bitches2
football34
ashanti1
ashley10
deusefiel
evolution1
chestnut
heavenly
princess24
devils1
123123z
L
bubbles3
secret2
flores1
florent
october11
clementine
cousin
shauna
ilovematt1
popstar
1223
camara
anitha
dancer12
dragon21
Liverpool1
seahawks
kidrock
chevelle1
sexy#1
link123
anakonda
scottie1
puzzle
zero123
maryland1
campbell1
dra
110018
pimp4life
ksusha
maureen1
butterfly9
pommes
july31
carrot1
platon
geetha
geheim123
andrew3
jordan4
vipers
hampton
no1knows
anusha
pink21
shearer
find_pass
518518
lover5
sheridan
fiorella
homies1
snoop
mommyof2
3698741
karolina1
mcdonalds1
christin
kitchen
mistress
kowalski
smokey2
myspace4me
motherof3
liverpool123
diamond123
chris16
predator1
happy3
rfn.irf
april30
tarheel
B
nicole5
love2007
123456789*
internazionale
bernice
000666
daniel3
852741
tunafish
seahorse
sidekick1
lovers12
ramirez1
jasper123
fidelio
michael10
smile2
1234qwerty
sporty
asd666fds
hotty
salamandra
bubby1
octavia
loveyou!
1235
c00kie
pizzahut
goldfinger
bbbbbb1
system32
bball22
bengals
hurley1
LOVE
jackson123
walleye
dawson1
carlton1
01012011
2twins
shahrukh
ananda
march29
demon1q2w3e4r
ï¿½ï¿½ï¿½ï¿½ï¿½ï¿½ï¿½ï¿½
marie3
baggies1
method
october14
bvp33W7epU
tracker
klopklop
gospel
pinkpink
monroe1
morrowind
lordjesus
princess17
dragoon1
jackass123
whitesox1
clarisse
october15
butters1
princess20
snowie
ruthie
ringo1
chicks
masamune
alligator
kolbasa
vivian1
balloon
nessa1
love420
rufus
sarasara
beloved1
oioioi
mike69
mygirl1
1baseball
whatup1
immortal1
jordan45
ankita
einstein1
leonel
wert
mohamed1
cutie13
havefun
insurance
hottie4
pink15
krista1
mandrake
taylor10
zaqzaq
football.
carebears1
football69
denis1
magick
magicman
apples2
123454
1flower
adrian123
destiny7
popo09
789456123a
alianza
nicole15
candela
beatrice1
viper12
shane123
bigone
iloveme3
snowy1
maisie
players
watson1
grant1
1112
stacy1
3daysgrace
stuff
alex15
bobby4
rjhjdf
thisisme
octubre
kids123
matrix123
silver12
eatme1
19601960
siobhan
azert
origin
68camaro
friendofjoan
mateusz1
lululu
y23456
paradis
gallardo
362514
hellomoto1
password45
mindy1
mel123
1010101010
bitch4
doremi
Victoria
dragon99
poop69
mark_963
loser101
tereza
&hearts:
green23
jalisco1
bounce
gayatri
deadhead
pistache
embrace
taylor3
saretta
roberta1
rbOTmvZ954
tortue
gamer
titanium
lennon1
harish
lara
5plK4L5Uc7
jim123
nellie1
magnum1
raistlin
nfy.irf
alisa
dakota12
leroy1
jade123
maria13
aramis
wareagle
continue
grandad
090
uzumaki
eistee
stewart20
fraser
159357a
Taylor
portable
tunisie
goofy
avinash
painter1
23
jamesbond1
stuart1
bearbear1
a55555
0007
martini1
myspace06
eri
hey12345
ballerina
yourgay1
rashid
tata
kaitlin1
verizon
aloha
pandabear
hansolo
cornwall
qwerpoiu
july20
beretta
nanny1
b-ball
bobdylan
quattro
weronika
21
1qaz@WSX
poiuytre
omar123
sixty9
lovesex
alexia1
147258369a
1nicole
starwars12
jayson1
samsung2
reliance
juliana123
eternal1
chuckie1
wisconsin
adrenalin
jimmie
belinea
squirt1
notredame1
jessie123
blackout
myboys2
killzone
bangkok
liz123
animation
cocaine
bigfish
alyssa12
mac
ola
o23456
vasiliy
shakur
jaime
kkkkk
nokia5200
booster
flo
twinkie1
sisters1
gunther
forrest1
thebeatles
marie13
catman
ruby123
singing
12346789
fatty
children4
nickolas
bertrand
diva123
102030405060
hannah10
kat
windsurf
rerere
vera
hockey123
xiaoxiao
bandit12
youknow1
combat123654
p4ssword
coccinella
angell
superman123
love32
salasana
babygirl6
vjqgfhjkm
queens1
marimar
princess123
555555a
bookie
slinky
whatever4
class2010
mustang50
member1
marie05
bmw325
herbert1
fuckfuck1
rfntymrf
5845201314
contrase
nick11
sophie12
monkeyboy1
serseri
suslik
doodlebug
555444
public
tzir25l5KN
12345678d
3.1415926
star10
harekrishna
chingy
5X1CJdsb9p
whatever12
monkey15
schneider
vienna
marita
4girls
thailand1
maserati
meandyou1
rooney1
july26
777888999
vivien
electrical
khaled
bacon
august26
vintage
capetown
fuckyou0
aliyah
bible
peterbilt
shazam
november12
jacob12
consuelo
senator
michael21
Qwerty1
mel
grant
inuyasha12
ddddddd
sheffield
softball5
reno911
omni
love96
pegasus1
squirrel1
jaybird
snoopdog1
jammer
nurse
gina
chad
pipoca
love90
brandon11
getsome
infantry
London01
thematrix
1chris
perros
ohiostate
hugo
qwerty10
richard123
dedewang
rapper
sandwich
ashley15
Natasha
pigeon
lacrimosa
password25
hello4
30media
ilovemykids
punisher1
cookie!
kitties
cocksucker
downtown
tundra
peace12
pooter
137900
diamond12
lemons1
dedede
whatup
combat
cvzefh1gkc
stronger
queenbee
chloee
doggies
filipe
coca-cola
pol
Qwer1234
richard2
pimpdaddy
makaka
roxie1
jason2
wrangler1
playstation2
japan1
terrence
Tigger
macdaddy
tigerlily
1FpTJTl919
uzumymw
freedom123
1234123
hockey99
justin21
1dollar
blues
187187
India123
jesusloves
twins1
west
q123123
generation
rich
loveme22
johnnydepp
sauron
madman1
corentin
Jackson
sheetal
abby12
bubbles!
scheisse
niggers1
softball14
bart
robert11
airplane1
rescue
auditt
world
can
player123
egorka
101090
arod13
heyheyhey1
baltimore
lopata
kurtcobain
rocky12
armani1
cutie11
bambi1
jazzy123
tatjana
edward2
meenakshi
W1aUbvOQ
danish
surprise
mariners
040
rachel12
ottootto
bismilah
gwapoko
flatblocker
chocho
mustang67
gaelle
sokolov
122122
michael22
dreamgirl
hottie69
sharks1
ann123
algebra
barbie12
rudolf
babyboy123
checkmate
welder
skyliner34
himanshu
merlot
lollol123
aerosmith1
llama1
blaster1
joselito
hunter5
october3
stuttgart
david11
sylvester1
centrino
zach
sex101
060
barry
hockey2
pink16
nik
realestate
romans
dodong
honolulu
nascar8
bob1234
blue44
stoney
santafe
Sergey
beamer
&
27081989
918273
sinatra
vietnam1
1mustang
juju
longbeach1
football99
turtle2
analsex
boss123
guess1
princess.
daughter1
kirby
romane
charlie5
camel1
keller
lolol
julie123
scamper
keywest
purple8
vickie
jasmine7
couscous
myfriend
cheese11
miley123
sally123
1sexybitch
wasabi
skaterboy1
carlos2
trisha1
noelia
butterfly5
tenten
lynlyn
funtime
bitch08
maxim
camion
linker
naynay
mickey01
kamran
matematika
native1
zorro1
400064
softball22
ang
weather1
eastside13
ricky123
camden
500500
peach
tony20
softball8
nokia5130
sony123
bailey2
12345x
brebre1
justin22
halo12
birdie1
poophead1
asasas1
forever123
foster1
iloveyou18
antonina
sch
popopopo
heartless1
wassup1
trapper
blacks
1qazxsw
tiamo
7894561
bobby12
love66
love95
bubba12
boyfriend1
sahabat
august27
bryce1
nenette
demon1q2w3e4r5t
trinitron
iluvyou
property
italy1
beebee
vacances
290
ninjas
johncena12
may
divine1
devine
171819
dundee
browneyes1
korova
saopaulo
dfytxrf
junkie1
weston
1jordan
1a2a3a4a5a
0147852
101088
tiziana
pistol
forgetit
nipple
gangsta6
rafaela
putter
19
antoinette
jeannie
hunter13
proview
myspace201
9958123
sephiroth1
active
dirty
chintu
ASDFGH
bootsie
coolgirl1
hello99
pegaso
october16
rita
010989
paris123
noah
newyear
godslove
carter3
allie
junpyo
kimber
taurus1
cullen
olive
lovejesus
harley69
hej123
lynette
500072
roshan
1234as
emokid1
titan1
fiona
zaqxsw12
annmarie
hockey19
transport
unlimited
allyson
harvest
trustme
fyutkjxtr
iloveyou143
surf
curious1
tigers12
cutter
musical1
cowboys9
island1
aries1
jordan14
tink12
fun123
bastien
1954
fcbayern
hot97hot
cesare
berlin1
mallard
Jessica1
satan1
2CxdN8S271
grayson
vaishali
anamika
number6
r123456789
nike12
saviour
kevin11
?????
steph123
fernandes
tigger3
plasma
cheerleader
and123
salinas
celticfc
gunnar
dougie
frodo
diehard
987654a
jim
stephanie2
!QAZ1qaz
520530
march3
concorde
12345six
edinburgh
community
johnboy
mouse123
ï¿½+ï¿½ï¿½ï¿½ï¿½ï¿½ï¿½+
static
slipknot12
wheels
annemarie
omar
badboy12
bra
mutter
happy5
hungry
rockie
topgun1
01234567890
pimp14
becca
loveme69
1224
chris6
bball10
riley123
subaru1
1234aa
foxracing1
gravity
cancan
opopop
jj1234
monkey.
sensei
J1V1fp2BXm
everlast
tiger5
swallow
13141314
seminole
fanny
marias
last
romana
misfits1
sunshine13
tommie
Dragon01
111777
hunter10
sternchen
silly
berkeley
eleanor1
rb26dett
globus
favre4
felipe1
ernesto1
nickel
kermit1
ilovejosh
mazda
1234567r
purple21
leedsutd
ilovematt
papaya
fragola
123lol
nokia3100
1234567Qq
marta1
hannah3
elizabeth7
azerty12
hudson1
serpent
metallica2
bangbang1
yU5L97wK8Q
qazxsw12
1qwertyuio
dieter
yahoo2
renegade1
blackwater
nevermind1
marielle
killer99
bismillah1
coolbeans
squash
yassine
daisy2
Matthew1
doglover
harvard
cnfybckfd
gcheckout
hothot
historia
superman69
samsung12
chinna
fudge1
alexis01
hikari
124578963
vader1
ryan11
bubble01
username
976431
thunderbird
Nikita
idontcare1
hopeless
getmoney2
maomao
letme1n
looney
meridian
divorce1
poopy123
airbus
bigpimp1
october17
normal
fluffy123
ball
mcdonalds
sport1
123467
cindy123
psychology
123a123a
gordito
gamer1
emanuel1
miamia
black5
12345zxcvb
ingodwetrust
hfljcnm
123581321
poker
coach1
catalina1
nicole18
prudence
cornelius
justin7
mommy5
russia1
buddyboy1
flowers2
acc123.
1818
brendon
messi
1baller
ola123
colin
arcobaleno
masha
jjjjj
junior01
doggy123
iloveu7
nat
nicola1
morrison1
catdog123
lolipop123
eraser
humberto
1apple
junior10
brayan
butcher
orange7
12love
cake
trident
blue45
gracia
celular
titeuf
michael9
mamadou
10101
duke123
Linkedin1
football77
booker
rockstar2
happyfeet1
ib6ub9
david3
augusta
spaceman
flames1
coventry
sdf7asdf6asdg8df
19611961
successful
sunshine5
mason123
kevin2
mysterio
blanca1
ashley23
nicole08
12345asdfg
harlem
manning
libra1
badazz1
prince12
hillbilly1
anthony23
ffffffff
colors
1212121
1life2live
iloveyou24
thecure
hiphop2
1brandon
universo
honeybear
earth
babybaby1
tempest
applesauce
hannah7
cancer69
estate
dragon23
rememberme
1919
zoomzoom
Superman
goose
1peanut
tardis
abc1234567
oceans
amylee
football123
primus
bennett1
call911
bad
qpalzm
station
olaola
3babies
alanis
vikram
shotokan1
nono
121213
star14
ginger11
cVZEFh1gkc
peanut11
atreyu
mariella
champs
01091989
krissy1
austria
green4
horse123
august8
cheer101
apple5
987
manchester1
emily12
qwertyasdfgh
sticky
banzai
bv123
honeybun
159258357
emogirl
salem1
reuben
james22
cooter
darkside1
nymets
sheldon1
girl12
bailey11
jessica5
plastic1
1computer
august20
hippie
fuckme!
batman13
hateyou
diamond7
iloveyou19
iloveboys
motherof2
muffins
changes
12345678901234567890
abc123456789
charlie11
manny
pierce
pyramid1
iceberg
66mustang
hawaiian
chelsea11
newnew1
chewie
haslo1
snuffy
420247
naomi
davis
maxence
sawyer
3Qdlqb49jS
nic
nastenka
963741
mahmoud
sprinter
Warrior1
alcatraz
shiela
marlon1
morgan2
foxylady
kimmy
sergej
october25
matthews
inferno1
talisman
cloud1
jer2911
poiuyt1
brownsugar
neopets
xander1
Sunshine1
glenn
living
justin5
adidas123
59trick
bizkit
tarheel1
babyboy12
kolokol
kareem
monmon
olivia123
alicante
october5
emma12
larissa1
johnathan
torpedo
hello23
karukera
1123456
tiffany2
1z2x3c4v5b
hhhhh
hoe123
superfly1
roxy12
daddys1
castor
princessa
angie123
george2
shepherd
rjitxrf
honey12
tonino
devon
nigeria1
october18
12345612
nokia5230
l123456789
vandana
miguel123
max1234
cypress
hamburger1
michelle7
buddy01
monkey77
123456@
stayout1
weed12
panama1
qwerrewq
songoku
skater13
piper
halflife2
jen123
ivan123
taz123
beth
meteor
malik
march30
wtf123
butterfly0
bitch.
adrianna1
david7
lionking1
icecream12
bryan123
purple14
woaini123
planeta
josie
bbbb
dramaqueen
compaq12
killer01
shit12
carly1
thekid
magic32
songbird
vargas
octopus
seahawks1
scooby123
football01
marisa1
daniel23
winter12
flyboy
ramon1
iloveyou20
milton1
ballet1
family1st
alondra1
santacruz
macintosh
reynaldo
Samsung
samuele
drizzt
hell
fredrick
@!@
love91
sunshine4
htubcnhfwbz
pink01
011194
arielle
stardust1
aragorn1
bieber
looser1
myjesus
coke
rachel123
Sophie
abcdef12
silvio
waffles1
kris
babyg1
15
punker
commerce
dupadupa
iloveyou17
didididi
aminata
iloveyou07
bff123
doogie
14725836
dannyboy1
october8
r4e3w2q1
jello1
jesus07
24862486
obinna
paulette
123qwe456
philippine
123456zz
1qazse4
chris69
ilovemike1
romans828
sausage1
43214321
Tester01
aze123
viviane
constance
tweety123
james5
mireille
sexyred1
ladybug2
travail
12345aa
killa123
atlars10
com
angel25
159357258
chuckles
juan12
athlon
bobo123
1111qq
carmel1
mackie
whitey
tractor1
godspeed
november20
hope123
king13
needajob
brandon01
nfy.if
star23
triangle
shruti
elmo
121288
ecuador1
tycoon
bbbbbbbb
hammed
tree123
shawna
whisper1
timberland
patrick12
horses123
peach1
test12
jarvis
3344520
shinobi
1717
ashley18
pussys
love29
dudley1
franky1
cookie7
polo123
kishore
nevim
bigbrother
liliya
zildjian
papichulo
Id6c3wr6uN
psicologia
madzia
1harley
pistons
19591959
ser
patriot1
a1234567890
bynthytn
ipod123
kitty5
ultimate1
800620
chanel5
love4eva
november18
hellfire1
westcoast1
nicoleta
mercado
chicken7
groove
aguilar
mail
peppino
accounting
woaini520
angel19
secret12
babygurl13
chicken5
karla
iamtheone
michal1
hockey14
aku123
crazydog
jimbob1
bones
goodnews
bookie1
qwertz123
limegreen1
lalakers
dangerous1
777777a
mango123
piano
passions
Football
terrance1
Blink182
sixteen16
den
killyou
babe12
hassan1
cookie01
football88
sugarbear
JESSICA
girly1
vagina69
anabel
567567
london11
erick
spinner
wednesday1
casper12
format
antonia1
Qwerty12
cassie123
people12
shadow10
tigger69
katharina
integrity
lucifer1
barber
kamilla
morgan01
classof06
123456789x
nefertiti
jessica21
091296
superior
money01
character
070
cottage
augustus
playstatio
yoshi1
1472583690
cheyanne
chipper10
100986
fhntvrf
bbbbbbb
buckshot
fujitsu
michaeljac
sassy2
bacardi1
ilovehim12
message
starburst1
mcdonald
rachid
cheerleade
jennie1
cacaca
sansan
voetbal
windows98
jjjjjjjj
tianya
ilovemymum
yasmin1
Andrea
panchito
bandit01
131061
megadeth1
zavilov
400067
gjkbujy
popova
kittylove
123123aa
winxclub
www
sara12
tommy2
schumacher
jenkins
poi123
phil413
mighty1
jazzman
butterfly4
scooby12
soccer.
fickdich
gordita
flyfly
sylvia1
753753
123red
1bigdick
jordan08
everyday
casino1
yes
academia
852369
ballin2
8eight
totti10
sasasasa
cheech
justin23
shayla
flame
nathan2
salami
baseball20
charles2
mam
modern
killer22
Killer
eminem2
myangel1
120197
mortal
word
dale88
lakers08
rfhfylfi
kambing
kamil1
babygirl17
24crow
lola12
robert13
jellyfish
specialk
deadpool
pelican
132465798
alberta
gwapa
PAULINE
leah
simmons
aldrin
quadro
sexylove
1heart
gundam1
jacky
yosemite
bibiche
hottie7
Brandon
world1
fox123
yesenia
hgfdsa
psalms23
my2sons
mary12
portland1
goat
giancarlo
hgrFQg4577
nash13
hahaha!
cupcake2
bugatti
aragon
luke123
1235813
greyhound
softball4
gogo
fy.nrf
rahul
bottle
romeo123
blue55
flowerpower
hellos
house123
mexico11
terence
cherish
icecream2
impreza
emerica
strange
Oliver
nuggets
runescape2
muffins1
12monkeys
danielle2
lauren2
passord
wiggles1
qwerty111
happy11
antoine1
gavin
newday
asdfghjkl:&#39:
tauchen
blue24
?????????
haters
lover4
starr1
nbvjatq
102102
minicalibra
chinchin
gateway2
portia
ghost123
monkey24
delicious1
major1
saffron
galileo
sheriff
ghbdtn123
mashka
lavinia
gilberto
ghhh47hj7649
bangsat
1234567y
1234567890z
patch1
555222
hansol
kerstin
b1234567
mustang66
alien
saurabh
838383
terserah
football18
anton1
oriflame
bosco
shayne
pinocchio
matthew11
misiaczek
manfred
graham1
jesus5
dutchess1
madden08
angeleyes1
grandma2
anime123
kitten12
t123456789
apocalypse
diamond3
amparo
rehbwf
jake11
1012
mingming
gigi
rocky5
myspace15
calle13
dictionary
1234567l
153426
uranus
kramer1
pulamea
rodrigo1
lololol
jake1234
cba321
boys
only4me
mendoza1
dimples1
quality1
august29
zimbabwe
zhou1980
phillies1
jingle
1v7upjw3nt
09051945
guitar12
360flip
jaylen
patatina
bronson
jordan!
begemot
cupcake12
poopoo2
windmill
daniel14
october27
bobesponja
monitor1
jimjim
barosan
59mile
bigsexy
summer7
ant
1121
engineer1
19weed
number13
marcin1
bravo
1asdfghjkl
jackie12
thomas13
lucky21
kartal
vision1
sassy12
chickens1
imagine1
grammy
tyson123
pinklady
hawkeye1
taylor7
kokakola
dallas123
qwerty9
monica123
1aaaaa
maxell
asturias
weezer1
royal1
jkl123
mephisto
october24
graciela
COREGMEDIA
moses
QAZWSX
J
mimi12
possible
teresita
zxcvasdf
southside3
melissa12
josiah1
buck
bball21
dancer2
thegreat
120702
madhuri
ssssss1
simple123
redsox34
milkman
sunshine22
hockey17
braxton
olatunji
01011985
gemma
123456789aa
kthjxrf
bab
prettyme
love04
soleil13
lawson
lipton
qazwsx1234
janvier
chico123
economics
parents
121106
cookie5
reload
george01
gagarin
horses2
anissa
kiki12
hallo12
shawn123
homer123
fener1907
blowme69
cocoa
katie12
shibby1
orange22
reginald
chris08
newman1
redbone1
rosalinda
lexie1
poophead
dodo
friendofGerly
lauretta
buckwheat
someone1
talent
lucky8
quebec
daisymae
monster3
stronzo
matty
tonyhawk
cosmic
water12
loveya2
dragon666
boom
jasper12
fred1234
winter08
jameson
jelszo
dick69
underdog
pat123
alfie
ilovemydad
sister2
baby24
firewall
god777
soccer25
nate
blue33
soccer33
380015
123321z
sissy
dino
skidoo
woofwoof
poo123
terrance
tamahome
killkill
tomboy
chilli
jordyn1
champions
89898989
zacatecas1
shasha1
z1x2c3v4b5
kjrjvjnbd
echizen18
girls2
piramide
iamgay1
evony123
ramiro
prosperity
james21
gromit
pixies
hannah13
marco123
1210
dfhdfhf
mayowa
Chelsea
beyond
335577
tolulope
yesenia1
baseball!
sushi1
080
kamote
inactive1996Aug
tarakan
carnival
russian
marble
dick12
198900
pawpaw
angel05
1233211
boogers
ilovemyfam
sparky123
poupoune
4ever
biggles
televizor
nicole4
buddy11
blue01
crazygirl
iw14Fi9jwQa
221122
golfball
liverpool0
googoo
shad0w
bigboss1
66bob
fightclub
greedisgood
1summer
stanford
oilers
DBM
girlie
sr20det
happygirl
chris1234
1230456
gogeta
worship1
connection
hurensohn
caballero
october20
christopher1
scratch
0123654789
ellen1
puppy2
asa123
zipper1
prelude1
12step
chinni
barcelone
clark
froggie1
hockey9
bigboy123
smokin
roadkill
ministry
virgin1
sinclair
francesca1
winter11
452001
jenny12
cena54
employment
national1
mommyof3
raindrop
kitty3
12qw!
april7
ifeanyi
irock123
ellobo
1234567890qwertyuiop
&hearts
patterson
Xt97794xT
mike01
hackers
ilovegirls
warlock1
R
Gfhjkm
prosto
judith1
tata123
vfhujif
october6
delaney
schnecke
wowwow
policia
forzajuve
prasanna
silvia1
matthew5
s0ccer
140473
reader
frodo1
tobias1
jeanette1
brooks1
ashley5
spaghetti
junior11
00110011
lily123
321456987
audi80
54321a
alliswell
airborne1
maurice4
maldini
mickey7
monkey16
marinka
barkley1
bahamas
banana2
cachou
28081976
markie
flamenco
avemaria
mat123
tacoma
147147147
25257758
01478520
colombo
sowhat
razor1
yahweh
vfndtq
puppy12
lithium
joshua3
couponmom
andrew22
privacy
paprika
love2011
1newlife
popular
baseba11
f:
fynjirf
chat
november17
zlatan
twenty20
bahamut
vjkjrj
eastwood
maryann1
people2
lioness
rebels1
1pimpin
74123698
metall
safety1
asdf12345
christa
1234556
pro100
look
1michelle
sk8erboi
comeon
delilah1
steelers43
joshua13
malone
vfhbirf
viewsonic1
nick1234
karamba
jordan6
james7
meggie
albion
mortimer
tripleh1
jello
superduper
sexy25
lemonade1
08520852
copenhagen
advocate
guevara
fffff
jaylen1
hotdog123
ebenezer
amatory
1111122222
baseball09
567tyu
iloveu4
irene1
Ginger
741236985
mozart1
love56
beyblade
motorcycle
almost1
madison123
bratz
69cougar
SAMSUNG
kitty7
november23
kamikadze
560034
caveman
braxton1
bramble
Voyager1
derparol
qwerfdsa
rfgecnf
10201020
porter1
imthebest1
198300
mario64
anthony6
foolish
brittany2
mustapha
gayboy1
ou29q6666
14
office1
freefree
encore
midnight2
jarhead
mimine
16161616
independent
dancer123
superman21
bobby2
16
october4
chula1
just4you
bitch07
jack11
november10
status
leeann
winwin
rfvfcenhf
playa
greenwood
852654
tiger7
undercover
pheonix
volley1
159875321
dean
67camaro
szczurek
raven123
girlpower
vergessen
sherri
12345o
november21
brent1
purple69
outkast
waterfall1
bmw123
natural1
marguerite
counter1
Jasmine
sunshine10
zapata
deeznuts
december20
dima123
12345678j
qwertyasd
chris07
chaselo
barrett
keenan
1badass
tiger23
holein1
jericho1
komputer1
michael6
400093
kiara
sexyblack1
cavalo
leilani
baller21
daniel15
ortega
benten
lineage
speedway
chapman
malish
eskimo
zeynep
slipknot2
friends7
123QWE
greatest
demilovato
astalavista
nonono1
yes123
haslo
dogfood
Amanda
pimp10
fergus
maplestory
jessie12
stacy
churchill
stress
joker12
0okm9ijn
wolfgang1
qweasd12
bribri1
tigerwoods
jeronimo
quartz
as12345
brokenhear
violette
night
destiny3
beefcake
jancok
baracuda
890890
DRAGON
juanjose
ronaldo123
wanrltw
loser4
heyyou
justin!
asswipe1
nigger12
nicole09
shahid
yasmina
onlyme1
first1
hello10
sixsix6
vulcan
chief1
12344321a
humble
qH6xl1p9xJ
unlock
moo123
myspace99
money69
brilliant
grisha
1211
Spinner
voyage
titan
marymary
fisherman1
hippo1
26262626
arsenalfc
kidrock1
m1chael
amdturion64
twenty
sweetiepie
ilovemykid
kratos
cnthdf
puddles
jacob2
N
baltimore1
sean123
18273645
100001
idiot
allen123
clyde1
december21
madison12
madmax1
stolen1
random123
hindustan
lotus123
demon1234
mack
p00p00
asdf123456
daniel21
vodka1
niceguy
thunder2
Michael123
kolkata
doomsday
crystal2
979797
skate8
wojtek
super12
golfgti
!@#$%^
cingular1
johnny123
bombers
1asdfgh
shadow5
kochamcie
dell12
astros
qwertz1
october28
maria2
emily2
wally
**********
pinkie1
angus
hockey22
ANGEL
noway1
november22
marketing1
999111
zx123456
123asdf
123four
makeup
slonik
petrova
slave1
delpiero10
9638527410
gretchen1
chainsaw
justyna
melodie
chewbacca
goalie
mas
i&lt
vehpbr
kerry
zxcv12
786110
lions1
stayout
nestle
energy1
pa$$word
telecaster
andrew7
luca
sacramento
zamora
itsmylife
hondas
1abcdefg
hardware
asian1
ilikesex
pastor1
mikimiki
198611
ewq321
hunter7
icecube
fff
maxpower
slapshot
walrus
stereo
october26
earnhardt3
10293847
lansing
trombone1
hellow
kostik
juliet1
puppys
dragon77
bigballs1
maynard1
hamada
biker1
whiteboy
blackdog1
powerof3
alonzo
2000comeer
mailman
Ashley
saints25
Aleksandr
shampoo
elway7
jordan15
xxxxx1
good2go
carlota
hi12345
loveme11
banshee1
12340987
nick13
kay123
aleksander
tascha
lkjhgfdsa1
vanessa06
mukesh
skating1
reshma
tekila
babies2
redstar
xoxoxo
doudoune
titine
hootie
alexis13
anthony15
baby2008
mmo110110
wersdf
janek1
korn
orange13
opernhaus1
arturo1
delldell
lolek123
campeon
7415963
fuckit2
woodland
harman
pandabear1
trouble2
69mustang
flower11
crepusculo
cabron
merda
praline
everett
coolbeans1
THOMAS
7779311
jonathan2
carol123
humphrey
hello6
astra
dfcbkbcf
7ugd5hip2j
joey12
nokia5530
monkey88
robert3
november13
shadow21
luisa
waterboy
inter10
johan
01012010
beaches1
daniel5
password44
green420
paulo
demon12345
gogogo1
JOSHUA
coolboy1
eric12
jessika
charlie4
swagger
easton
cassie12
stars123
c2h5oh
123456789+
01011991
monkey1234
#1pimp
kameron1
van
justin16
311311
alice123
lancer1
august30
apelsin
joy123
nomore1
armada
soldat
221188
tiger11
hhhhhhh
persona
delgado
delicious
fat
taylor5
presto
joshua10
ï¿½+ï¿½ï¿½+ï¿½ï¿½ï¿½ï¿½ï¿½
beachbum
cocoloco
manson666
funmilola
ken123
graduate
scuba1
summer22
lalaland1
jordan24
sarah2
ruth
priya
july30
NICOLE
codered
d1234567
lazarus
jingles
faraon
steven2
gymnast
wsbe279qSG
night1
anchor
jordan07
francia
Jonathan
parola123
shawna1
turner1
presario1
wutang1
wdtnjxtr
johnjohn1
china123
baseball16
taylor21
colonel
frog123
freaks
22071972
powder1
tarzan1
fresh123
alfonso1
rollin60
prestige
spurs
perfection
virtual
ANTHONY
portal
cool123456
midget1
denali
lisa12
clipper
smile!
life123
frederik
jorge123
mario12
april5
othello
valencia1
sexbomb
vfvf
ilovemylife
darnell
leland
myfamily1
family01
cjytxrf
honesty1
arkansas
jessy
jen
igorek
love4ever1
socks1
packard1
justina
123password
brianna2
free12
m1am1b3ach
chick
jasmine5
Tristan01
marina123
loverman
zack
Pa55w0rd
coldplay1
dantheman
reyes
just4u
brendon1
mechanic
1charlie
westwood1
mike21
december22
hopeful1
pippen33
realnigga1
myhoney
robin123
reefer
batata
joshua7
aaaaaaaa1
andy12
winter99
marmite
chicharito
martyn
loser11
plumber1
short1
100261
10pace
martian
shoes
raziel
password89
noreen
fivestar
avrillavigne
3000gt
tinker12
hollywood2
starburst
taffy1
400076
roberts1
minhasenha
shopper
catdog12
dogman
09061976
xxx666
clarence1
maryrose
afghanistan
themaster
jazz123
stunna1
500000
12345123
graphics
anthony21
plokij
samuel12
rainbow12
mafia
superstar2
131
ilovemyfamily
soccer06
crash1
ezequiel
ganja
nolove1
lavigne
murray1
lebanon
homework1
cookies12
amoramor
cyprus
bigtits1
academy
admin1234
mellow
kings
ilikeyou
confidence
october19
elliot1
ppoo0099
lovehim1
ghghgh
cronaldo
suckit69
120389
lakota
sarina
thomas3
filip
ashley69
12345i
manon
slider
32167
mozilla
chrysler
angele
stewie
usarmy
tiger13
dennis123
baller22
parlament
montgomery
sweet13
brasil1
global1
mirela
31x7T5XBke
mishijos
iloveryan
pendejo
boris1
gold123
wyatt1
happyfeet
strange1
slick
kill123
traveler
jack01
diabolo
november15
laurah
tryagain
vauxhall
angle1
alexis11
aleksa
hammers1
bball24
niunia
thisisit
erik
govols
popcorn12
paloma1
merde
butterfly!
treasure1
jewel1
20092010
nata
pittsburgh
drake
bmx123
32323232
gisela
tyler11
dewayne1
candle1
praise1
giraffe1
sparrow1
fish12
etnies
timepass
luv123
kkk
mckenna
homers
asdfghjkl;
dragon6
ï¿½+ï¿½ï¿½ï¿½ï¿½ï¿½ï¿½
lonnie
socrate
ashlyn
mylover
herrera
alanna
rosa
weed69
baddog
lavezzi
meowmeow1
giulio
positivo
13579-
horses12
baybay1
harley11
online123
brisbane
hotsauce
gigolo
fxzZ75$yer
domenica
nicole07
123456u
firefox1
Joseph
ordenador
milo
aloha1
son
harry24
amanda3
poulette
tennis123
fcporto
summer3
spongebob9
1master
transforme
braden
berserk
feuerwehr
designer1
ilovesam1
brooke12
cosmin
oasis1
moumoune
simba11
jarrett
venom1
kamehameha
redcar
gangsta123
153153
swatch
sexy20
mustang7
purple6
cutie3
showtime1
123456788
baboso
capricornio
yeahyeah
bmwbmw
maxmax1
lavanya
button1
1236
alyssa123
shakespeare
rosario1
12345689
dragonfire
lisboa
poop00
hottie14
prayer1
minimum
1justin
limegreen
loveme23
mate
crystal123
justin14
fffffff
cnfkrth
meredith1
pimp22
neworleans
qwerty55
pennstate
bandit123
lavender1
anno1602
linked1
123456zx
kittys
121290
benjamin15
mulligan
zakaria
patrice1
aug
baseball18
dolores1
woodstock1
m0nk3y
carpediem1
all
arcadia
cooler1
dddddddddd
pussy101
queen123
wanda1
cbr900rr
poptropica
angelok
bigtime
nowehaslo
fghjkl
nicholas2
mack10
jessica10
vfhbyjxrf
muffin12
939393
matt1988
fuc
element2
prophet
foryou
kyle12
fishbone
music4me
laughter
kitty13
seaman
110024
fred12
black666
tiger3
hm9958123
1soccer
dolphins13
erick1
jamess
qwertyytrewq
wanted1
juniper
sophie01
1234qaz
ninanina
andrew21
december13
vitaliy
dogcat1
liverpool7
kaycee
swathi
fcbarcelona
missouri
chris09
lauren01
builder
pinguino
eternity1
bronx1
yamaha125
calcio
dfg5Fhg5VGFh1
austin13
748159263
ghjcnjq
timberlake
viriato
protect
cool13
funny123
destiny12
sweet666
bucket
misskitty
12qw34
presley1
richards
circle
mini
computadora
krasota
jessy1
Thegreat123
bologna1
metroid
lovely7
hustle1
screen
sirena
erika22
wertzu
suicide1
iloveryan1
nokia6230
lapochka
drums1
alina1
mollydog1
pumpkins
10011001
kelvin1
whatwhat
cardinal1
century
shayshay1
ram
911
fat123
bravo1
lilwayne12
zoe123
totoro
counterstrike
blue16
ï¿½ï¿½ï¿½ï¿½ï¿½ï¿½ï¿½ï¿½
tippy1
phuong
fullmetal
salsa
4money
esperanza1
allahis1
dKxjIzc282
euteamo
markiza
challenge
cas
elmejor
ilovelucy
k1234567
morena1
softball9
1597530
newnew
buddy3
1024
marie11
jonathon1
baller24
13241324
daddy01
sun123
121289
m@d!z
Nathan01
kanchan
sugarbear1
boobies2
rjhjkm
gbenga
febrero
ballin12
sooner1
sss
sathya
amor12
202122
quGRqFo825
bagpuss
superman22
batman3
beckham1
michelle11
mathematics
bonbon1
kumar123
football17
shadow69
danilka
ilovealex
ilovedogs
kameron
ryan962052
profit
dragon76
helpme2
federal
andrew10
dance4life
heartless
iverson03
waffle
jesuslovesme
Naruto
Nicholas
cardiff
amanda!
cars123
tamere
pizza2
mmm123
madden07
mari
milacek
green10
baggins
augustine
a12121212
871982
rashad1
september3
bbbbb
ilovecats
tessa
massive
hoover1
ghjdthrf
redline1
555333
143
abcxyz
mommy01
ken
marker
ketchup
trojan1
izabella
bling1
love111
JORDAN
redwood
maddison1
henrik
salamanca
1234567c
music7
lukasz12
eagles12
Melissa
nkechi1
daddy3
1robert
sunshine69
1245
marbella
jobhunt
gjhjkm
ramsey
daisey
perkins
wordlife
awesome!
lover11
angelito1
1qaz2wsx3e
germania
newyork123
cocaine1
krishnan
apache1
pimpin12
ipswich
education1
bunnies1
pearls
walalang
lover21
stacie
hunter08
lennox
rochester
punk123
wwww
beagle1
123qazwsx
426hemi
babygirl24
fuckshit
ashley17
1destiny
130130
michelle13
1907
rjyatnrf
frogs1
muscle
kristine1
tigger7
suckme1
october29
dododo
gopher
gunners1
tujhrf
tomcat1
pavlik
heythere
beardog
matthew01
40028922
fishtank
dabears
elmo12
131313a
dimension
dookenr1
pearljam1
harsha
powers1
1011
chioma
chris4
bambou
hammond
music3
november5
ddzj39cb3
41034103
fucklife
babykoh
renren
kaikai
wildman
snapper1
llll
michael69
angeli
francoise
starwar5
woshishui
3sYqo15hiL
januari
sassie
zeus
newpasswor
400706
noiembrie
felicita
scorpione
1william
jessica14
nataha
159753159753
hannover
paulie
kobe
lorenz
password27
denzel
amoureux
fresh
ichliebedi
198111
sailing1
blue69
feline
forzanapoli
giuliana
1a1a1a1a
amanda21
615243
phil
bambi
nideknil
saveme
cowboys81
anurag
jelena
shortie1
FOOTBALL
coolness1
jam123
sanjeev
1453
food123
gucio
girls123
modena
jasmine13
star15
A123456789
gator
loserface1
foxy
mydear
baltazar
William1
150801
robocop
natasa
jaiden
killua
victoria12
stinky01
millennium
13791379
abbie1
putangina
shayne123
5050
loveme7
peppe
austin10
holler
1953
sushi
123852
mangos
concord
black3
venus1
lickme1
michael.
hamburg1
lovelygirl
dadadada
pimp21
kasey1
playboy12
negro1
lunatic
mykids4
selenagome
nascar3
brennan1
cannon1
chris24
chicago23
12345as
josette1
ineedyou
aq1sw2de3
kitty11
parola1
dropdead
1950
pookie2
123456789y
pollo
leeloo
timmy123
aaron12
Love
funky
googletester
macaroni
fake12
311070
super8
blackrose1
canelle
newjersey
fletcher1
gizzmo
kingpin1
mybabies
01012000
amanda22
books
raptor1
forever12
poop22
papapapa
brucelee1
laracroft
habiba
mancity1
daddys
198800
lololo1
magical1
411014
olivia12
raj123
ilovesex1
bryson
guiness
2angels
love321
imissu
bluedog1
hawaii808
meme12
teodora
qwqwqwqw
william7
virgil
tyler13
suerte
marusya
nikki12
summer13
shayla1
justdoit1
marinara
118118
serious
kagome1
kampala
jordan8
rfhfvtkmrf
franci
longbeach
326159487
redfish1
angedemon
777111
vh5150
hacker123
tay123
barbie2
3232
daytona1
10987654321
pascale
brooklyn2
mickey11
134679258
doglover1
november16
whynot1
ryjgrf
automobil
mustard1
movies1
sincere
cinzia
200669
smoking1
goodgood
dim
teste123
december23
justin15
xdqwerty
grease
mybaby2
star21
197800
batman01
edward17
103196
stigmata
lakers32
val
marseille1
starbuck
333888
misterio
karma
boulette
warner
junk123
inter1908
asas
yankees7
meadow
jaigurudev
dolphin2
beanie1
dkssud12
888666
scotch
2hot4you
trent1
shoes1
0101
getout
airport
meathead
felipe123
llamas
bri
chivas#1
shadow99
blessed7
andreia
3s43pth5aea
because1
ilovejoe
nat123
polarbear1
felice
newuser
women
romaroma
222222222
surena13
daemon
alexander3
langga
brothers1
bazooka
pjkjnj
tingting
dog1234
agathe
villevalo
475869
anthony22
vince1
301197
ww111111
fishfish
skating
poker123
bummer
soleluna
rasheed
hal9000
messi19
olusegun
lucy12
troy
stinger1
blue77
stinker1
1237895
loser13
nigger69
no
cvbhyjdf
batman7
opelcorsa
forgiven
absolute
gerardo1
olechka
football54
premium
angel20
valley1
stratocaster
Freedom1
candy11
001100
madness1
slut69
bigbooty1
batman23
assholes
bolaji
happydays1
tanginamo
primrose
198511
temppassword
angels3
aligator
allahakbar
flounder
nessa1234
ford150
loser3
12101961
pokemon10
111666
bottom
leika1
november2
scrabble
amber2
goodies
sweet69
snoopdogg1
bumble
dottie1
lolotte
19821108
mahalq
252627
angel99
staples
pocket
tombrady12
wwwwwww
electronics
tuesday1
jessica22
racer1
bbbbb1
solitario
mcgrady1
hawkesbury93
cuttie1
sk8erboy
mommom
bicycle
choochoo
paola1
misha1
quentin1
adonai
weaver
goodtime
angel77
happy22
bonito
espagne
shandy
yomomma
barca
terrys
ï¿½ï¿½ï¿½ï¿½ï¿½ï¿½ï¿½ï¿½ï¿½ï¿½ï¿½
198411
shell
sanjuan
154322358
g00gle
mickey13
love!!
daisymay
art123
1234567891234567
dj1234
251314
H
cvthnm
unicorns
buffy123
steffen
glamorous1
miroslav
leicester
lydcc20091314
october9
elements
yfcnz
perico
second
titties1
madison5
munchie
weedman
paddy1
bribri
aparna
sam1234
moonstar
bunny12
12345abcd
feather1
k.,jdm
money07
wolfman1
alex07
peyton18
shadows1
cristo1
hf
painting
tichuots
pampam
december11
jessica4
caramba
55667788
meagan1
estela
original1
waters1
mirella
leralera
cooper12
senior06
aphrodite
ilovesam
198612
bunny2
saphire
yourmom123
nolimit1
minnesota1
5551212
X99QOmx561
w8woord
NhA7EbF6kP
chevy350
dude11
negrito
april6
pleasure1
onetwo12
abundance
lozinka
avalon08
shelby12
123123123q
loveme13
black7
dumdum
apple22
zebulon
3sisters
forgotten1
bhaby
lonewolf1
deshawn1
fernanda1
steele
ilov3you
hello8
hX28o9e646
flower4
sup
adam1234
iamhappy
boosie1
phyllis
assman1
2short
rainman
123q123q
gemma1
dayton
marietta
johnny12
taekwondo1
baller123
kelly12
keepout8
manuel123
fearless1
joseph11
jake01
pro
jewel
852123
annabell
itsme
canada123
cfiekz
dozer1
rabbits
27272727
mivida
ï¿½ï¿½ï¿½ï¿½+ï¿½ï¿½ï¿½ï¿½ï¿½ï¿½ï¿½
uuuuuu
angelface
rampage
loveyou3
ntktdbpjh
123456780
lunaluna
1200nerds
vinnie1
123456asdf
400072
yellow13
Q1w2e3r4
willem
92Dk2cidP
marta7
elizabet
slacker
mouette
kayden
u
callaway
roserose
my-space
green14
alemania
shanice
hawaiian1
austin3
1q2w3e4r5t6
monopoly1
star01
david23
loretta1
tulipe
zhang123
jayden08
damilare
achille
gearsofwar
adeyemi
onetime
david5
fuzzy
amoreterno
160403
winter09
bebita
pedarsag
traffic
italy
ram1500
badman1
121001
1chocolate
bitch15
marilou
lenny1
corbin
missie
powerpuff
Soccer01
satanas
scooter123
bad123
lokita
klinger1
record
headshot
johnny2
nextel
chiqui
shadow23
ashwini
yaroslav
michael14
birdie123
marishka
loco123
198585
tyler01
ernie1
dakota01
senha
habbo123
198989
123456789qwerty
calico
smirnova
sphinx
lina90
ownage
edxk20qMfS
jaycee
damon1
salima
brent
cascade
temporary
tytyty
rajendra
oatmeal
ficken1
bracken
schumi
fucker12
desire1
missy2
holyshit1
treefrog
robot
joy
fduecn
native
jan123
159753852
naruto101
yahoo100
ulises
itsme1
tweety13
newthree51
123qq123
adrian12
jesus#1
perry1
Lzhan16889
pink69
triple
language
jayhawks
dashka
pfqxbr
tbone1
lovemom
adolfo
swinger
moemoe
maricar
ilove?
total90
deandre1
december17
maranatha
july
gadget
engineering
north1
clemente
tkfkdgo7
e93c50
bebe12
keepout1
gandhi
pqntmt1247
wdtnjr
Lauren
123654987
real
hunter99
zoosk1
2010comer
dominick1
sunshine8
rowdy1
0r968ji9ufj6
leinad
perach
candy13
canon
haylee
mag
678910
1faith
invisible
evan
nobody1
password32
gardenia
kate123
lighting
plus44
monalisa1
peaceout1
lalitha
parole
tyler5
ilovenick
transam1
zaxscd
robotech
000786
breakdance
wyoming
kristal
sword
27352735
charlie!
montero
smile12
ludivine
musician
sexy06
@@@@@@
nasty
fer
powerman
koko123
kayla2
panic1
mirantte
yaallah
important
bankai
fourteen
gotohell1
salvation1
vitamin
raduga
123admin321A
guitarhero
greenday2
mustang5
dynamic
spider123
amoureuse
shorty3
chelle1234
cubbies
luv4ever
rktjgfnhf
klaudia01
woofer
yankees23
playgirl1
pictures1
login123
pocahontas
spikes
fuckthewor
lady12
pedrito
Alexander1
alone1
cream
hallohallo
lukas1
cutie5
fuckyou09
puppet
Arsenal
rudeboy
yomismo
rudy
kurama
tigres
carajo
enigma1
inna
onetwo
spiderman7
amy
frankfurt
girlsrule
rachelle1
alfa147
kakakaka
rai-131
liza
juanito1
K
cornell
reilly
w1991a
nanook
december2
under18
positive1
catlover
1qaz@wsx
f4u*123
tonya1
onkelz
lfybkf
juventini
ollie
boogers1
25
sardegna
password06
bigblue
moneys1
stretch
kseniya
198787
myhome
CHARLIE
rain
merida
iluvme2
Anthony1
cristh
ella
thomas10
28282828
sidekick
borboleta
samsun
shubham
chocolate5
1andrew
satyam
chingy1
peepee
joseph01
4391634m
Pa$$w0rd
pass9876
michel1
trabalho
stealth1
chevy2
ahov
polska123
vermont1
kaiser1
constantine
cristy
vbifyz
allen3
schatz1
ophelia
quicksilver
rockandroll
sailor1
fuckyou10
malice
solnishko
NARUTO
hillary1
lilpimp1
chinchilla
smokey01
miracles
310
win
buddy7
thedog
blackstar
04022000
tilly1
jules
peppermint
nadege
isabel972
12345678r
another
gentle
Danielle
3526535265
armenia
wert1234
boy
essence
waswas
football28
devildog1
lynn123
spongebob7
messenger1
popopo1
koala
zhd741220
memphis10
401107
jjjjjjjjjj
deadmau5
escalade
carl
porno1
ncc74656
rupert1
shaun
oscar12
werter
haribo
oldschool1
september8
lloyd
cowboys2
wildwood
13587930210
teddy2
change1234
jumper1
galaxy1
smile0_0
library1
ab12345
paramedic
maritza
reborn
qwertqwert
katie2
elizabeth9
emo666
doughboy
pass_2011
l1nked1n
naresh
juanpablo
astrid29
april8
qazwsxedcrfvtgb
bball13
poopmaster
korean
twenty1
speedo
13571357
lover23
antivirus
bunghole
critter1
helicopter
000006
itachi1
619rey
har
gfgfvfvf
esteban1
110016
damnit1
12344321q
raiders2
houdini
hbhc8290826
only1me
nescafe
427468
bahia1979
forever7
baseball08
1234love
pingpong1
LOVERS
grande
maria666
asakapa
babybear1
games123
marquez
01011981
mentos
qwerty8
auriane
neverland
laddie
morgan11
mynameis1
1purple
junior88
masters1
solitude
cameron123
antonio123
mongol
nicole.
victor12
rivera1
ahmed1
villa1
jon
spartans1
mewtwo
11110000
198686
liberta
557799
hitachi
p@$$w0rd
minemine
17
sweetie2
beowulf
joel123
spoiled
castillo1
nicky123
hal
198512
flowers123
fischer
atlantis1
173928
soccer69
katya
paladin1
143143143
imyaimyaimya
mamma123
jose1234
jubilee
kool12
benny123
zwickau
heythere1
whore
SUNSHINE
spears
12345zxc
alyssa2
123456!
cuttie
sabine12
arvind
twingo
zxc841219
Dalejr88
14629227
29422277
mustang65
gaara1
notorious
anthony10
spionin8688
edwards1
929292
aqswde
madison7
123987456
112020
101089
313313
thizz2
fowler
mmmmm1
juggalo420
gianna1
high420
andrews
31313131
ghjuhfvvf
florian1
pilipinas
carissa
ramona1
larry123
confirm
december18
bball123
chachi
llllllll
chris101
december15
Kirill1990
germaine
0420
jakejake
ww651118
nicole17
myspace24
green21
husker
201001
12365478
omshanti
elizabeth8
bea
sammy01
fucklife1
gtavicecity
macdre1
skinner
krazy1
iloveyou<3
byteme
0987
gangster12
24
123456+
prince2
hollie1
raspberry
lucky4
jordan09
jimmy2
myspacepas
baba123
barnes
heyyou1
82214989
bubbles13
soccer77
luckies
football95
shaina
1234567898
10241024
trunks1
browning
circus
sodapop
lhfrjy
chriss
password1!
synergy
salam
broadband1
happy13
fylhtq12
madison4
anthony9
hotdog2
asdf:lkj
marigold
blbyf
hellraiser
yogesh
112345
will123
shorty7
hshshs
freestuff
babyboy3
seminoles
money1234
asdasd12
mari123
baseball19
mobsters1
louise123
finley
prova
blake123
latoya
baylee
d0r1nc0urt
gusgus
canard
kittie1
wasdwasd
bubbles7
buckley
jazzie
derick
mudvayne1
cronaldo7
mullet
silkroad
********
davidic1
1211109032
baseball33
harvick29
striker1
RTW150809
22152182
stoned
midnite
jessica69
t36473647
Sebastian
ï¿½ï¿½ï¿½ï¿½ï¿½ï¿½ï¿½ï¿½ï¿½ï¿½ï¿½ï¿½ï¿½
sincere1
chadwick
prodigy1
wildchild
venezia
bird33
nibbles1
killer6
fuckyouall
92298899
elisabeth1
David
san123
435453
780813
amrita
godgod
lonsdale
djkjlz
#1stunna
edberg
petey1
ariadna
flame1
pl
pennstate1
ettore
hotmail.com
absolut
nikki6
brandon4
fucku69
anthony14
mamamia1
1treehill
cedric1
den221991
198100
orange5
myrtle
production
fuckmehard
ram123
beans1
cool10
pasadena
arabella
blaine
texas12
fletch
honda125
madison01
handyman
kims89
198711
may123
cheeky1
carlos10
nedved
november14
andrew23
mariusz
transit
1bigdaddy
kellie1
53472235
magda1
victoria2
pushpa
ilds4edad
lou
pixie
luis13
cocotte
aquarius1
todd
angela123
teamo12
washburn
jiefang007
staredobre
mosquito
200888
121286
addicted
586016
quality123
H8LLP9F
flower5
qpwoeiruty
hate
124124
psp123
kisses2
xsw21qaz
sparkles1
red456
bitch10
resing1965
chevyz71
khan
stevens
007700
karakartal
jojojo1
cupcakes1
lala11
ash
duckie1
caramella
monster13
153759
platypus
05200520
rebekah1
november7
boeing747
Sandra
rhiannon1
w123456789
7410
a4tech
vfcnth
eatme69
012012
football16
lucian
1,00001E+14
198412
lananh
hellas
perfect10
peggy1
mohammed1
23skidoo
golfing1
money9
rihanna1
tetris
bayern94
oooooooo
tl281188t
nautica
littleone
charisma
giogio
xige5516726
kismet
520025
gggggg1
sundance1
serrano
florida2
pushkin
valkyrie
chiefs1
jjjjjjj
tasha123
vanille1
uhfaabnb
hockey16
madryt
9632147
hikaru
ploppy10
alucard1
reveur
Welcome
110091
1qwertyu
lakers123
muhammad1
greene
wrestle1
darkman
Beethoven9
hannah!
yayaya
pajero
charly1
vanessa12
jeep
toilet
roseann
20
tinman
newcall
ducky
alivioo
vuc7neyu0
185800
player13
police123
Alexandra
123ert
diva
eugenio
niki
mbahurip
battery
jkljkl
uchiha
ovr220278
Blackcat123
sexy1
turtles1
madrid1
564335
magdalena1
ANDREA
mm123456
edoardo
degrassi1
sales
summer5
weasel1
annabel
killer4
pussy7
serkan
april123
19561956
pimp1234
dogshit
charlie13
dimebag1
7418529630
zzzzz1
darkknight
december16
buzhidao
ADELINE
fordf350
bitch1234
paisley
flower3
gwarmonster
bartman
hunter22
yemi19900911
leigh
belmont
alesha
80
johncena54
654789
muffin123
meteora
popstar1
ilovedavid
mibebe
nuggets1
brandon10
skank1
shadow!
ekmzyf
prototype
cat1234
peanut3
pink07
piffish
colibri
raluca
gfs2z6wb
kookie
smokin1
homies
qazxswedcvfr
nicole6
spolana
juninho
halifax
kindness
gossipgirl
kapej111
mmm
book
qICiqdP162
phx602
hellen
elizabeth0
loveis1
sunfire
buddie1
tortoise
jasmine11
athens
michelle!
buddah
melania
ryan1234
shitshit
supervisor
leticia1
The
tigger21
alex16
anthony8
angel!
butter12
morales1
dtxyjcnm
bhbyrf
roro1024
zaq1zaq1
electron
2wsxzaq1
citron
dragoste
lucille1
monkey09
kangaroo1
tennis12
31081981rs
reason
password66
050965
amanda69
123456789qw
comedy
poepen19
jkjkjk
ilovejohn
locura
PovlmLy727
nigger!
159753258
swampfire
123qweASD
dontknow1
shorty11
arslan
pppppp1
foolish1
bible1
radeon
realtor
lovemykids
p5415420
Jordan2345
godisable
monkey33
12345678z
valeriya
139381512
anthony!
25393275
volume1
tyler3
poser2
happy1234
1234567g
bball2
behappy1
jeremy12
kassie
babymama1
zander1
roderick
dou
didine
weiwei
hambone
znt:
bon
monkey07
jesuslives
groupd2013
maggie3
firestorm
firefire
uphill45
68582988
puppydog1
69charger
frogs
11111111a
supa1906
mamita1
dede
monkey08
eggplant
blunts
moreno1
mustang01
01011987
bartek1
mywife
fathead1
lil123
1abcdef
1q2q3q4q5q
choice
gummybear
anechka
jimmy12
Minecraft
19571957
mierda1
Secret
dieguito
eli
vegas
cortez1
xaxaxa
spyder1
queenbee1
paluso00
whatever7
shrimp
mjdsf11
j4n4jel4
shanice1
rodrigues
18
1amanda
123123321
cumshot
Brodie10
acapulco
1952
trapdoor60
kristel
nascar20
snorre98
7seven
maggie13
olitec00
Superman1
248001
sonoio
petram
ballon
mumdad
acts238
linkedin11
vascorossi
sharpie
bigpimpin
crazy101
qwarty
jkiuztdftL57
lovely!
paraiso
alex18
justus
jenni
bob101
connard
5children
swapna
wang123
iloveyoux3
trina1
pokemon3
thissucks1
kitty6
kiss12
Xantria10315
batman69
aabb1122
gangsta12
idiot1
kuana230345
ophelie
starwarsfan10
taylor!
fluffy12
civic1
lindinha
familiyafamiliya
patience1
lexus
viper123
bluejay
pommes123
5a8b9c2d
maxpayne
cksdnd12
aksrms8010
fiona1
111888
awei1616
buffett
teddybear2
pumpkin2
policeman
futyn007
gigabyte
lilili
bhjxrf
infamous1
fruity
candygirl
uchenna
sable1
bouboule
star101
shayshay
rambo123
niggers
lebronjame
frosch
alesana
0987654321q
gutschein
attack
blkdrag0ns
1598741
supernova1
finger1
dragon9
13245768
justin08
marilyn59
blablabla1
lightning2
astig
topbull
astros1
dakota123
wrasloco11
skaterdude
catdog2
blah12
luc
poilut
aa224466
500016
randyorton
singing1
myspace00
placebo1
ulisse
jewels1
lilica
brandon!
killer21
ornella
Usa12345
jadakiss
fubar09
nacho1
angels12
foofoo
myblocker
JESUS
19941028
mustafa1
pissoff1
jessica8
Rhinos111
0147896325
almighty1
kokokoko
clapton
4826159
26665806
sverige
kar
Teonamaria1
fuckthat1
candies
advance
volcano
Asdf1234
sn00py
mal
salem
124356
marmotte
haloreach
hockey5
juancho
water2
courage9
ronaldo17
good4u
jiang8kevin
allmine1
shaheen
destin
kokomo
ficken76
avenged
jewish
bonanza
chocolate9
dakota2
dangerous12
Isabella
1272446
loyola
seigneur
tiger10
tiger22
nineteen
jasmine4
nerone
mercurio
mark1234
bluerose
mis
Looby123
ice
sexychick1
railroad
november25
wildthing
anetka11
recovery1
rancid1
chambers
fritz
ZbychLas
allrecipes
punjab
axelle
cds04121989
masterkey
1324
princes1
fucku12
ray
fx-one
latifa
12345678k
pipeline
motorhead
happyhappy
iCXkyB7972
1daniel
yfhenj
londres
vitor1268123
369369369
rosales
september7
asdasdasd1
mamapapa1
monkey17
123456789qaz
sithlord
monica12
1jasmine
skater11
lena123
1023
araceli
wendell
kurwamac
healthy
povray14
nfvfhf
don123
glasses
1Q2W3E4R
bloodz1
lloyd1
password123456
music11
vicecity
painkiller
159357r
aviation
849vak17
kurdistan
peppers
ringo
lillie1
q1w2e3r4t5y6u7i8o9p0
mysecret
rockers
smokie1
cutie01
texas100
www111
saitou
4567
killemall
altair
11121314
focus
mutant
tony1234
action1
berry
mamikawada
aa261599
bucky1
jul
stitch1
epsilon
alchemist
christmas2
bigbear1
killer10
jessica15
Diamond
element123
weronika1992
a5201314
2211
tintin1
62543234
rodeo1
sweetangel
ghosts
honda450
antonio2
scarface2
icegirl
upperd7
clovis
oreo12
nena123
128128
thomson
@bigmir.net
jdd04257
anfisa
maiden666
catholic
j5644574
doggystyle
trueblue
camilla1
freiheit
Twinkle15
leopoldo
jetsmets
serdar
hornets
tenshin
chilly
19581958
ashraf
b2spirit
emirates
jordon
valeri
1002
konfetka
zaq1
ehdgnl12
ABCD1234
sipfhair
cheguevara
baller5
doodlebug1
aquila
nathan11
Football1
Ð¿Ñ—Ð…Ð¿Ñ—Ð…Ð¿Ñ—Ð…Ð¿Ñ—Ð…Ð¿Ñ—Ð…Ð¿Ñ—Ð…Ð¿Ñ—Ð…Ð¿Ñ—Ð…Ð¿Ñ—Ð…Ð¿Ñ—Ð…Ð¿Ñ—Ð…
M01759766727
sandie
1867sb
summer00
barakuda
neo123
19451945
baby2009
vergeten
juju1987
584521
ernest1
class
campos
april9
Neworleans12345
marygrace
po918dg
tyrael04
liam
kjifhf
william2631
calgary
december31
learning
clifton
400050
pass1478
jordan9
norton1
me1212
superwoman
singh
rogelio
Leika86
keystone1
luna123
1905
kara2711
sonics
Aug!272010
noelle1
062593
jessi1
green6
choclate
green15
2fresh
october30
kissing
avalon1
brenden
gogirl
homerun1
vampiro
blabla123
frontier
rosalia
corbin1
katana1
sexy4life
frisco415
purdue
letmeinnow
party123
wasted
naruto7
1234567h
u83xu3u83
kirkland
sushma
crack
vfkbyf
master69
danielito
eli123
101080
candy5
alain
honeybun1
passward
spitsy16
Yggdrasil4
pallino
n123456789
dianna
stupid!
ss563563ss
carpet1
voldemort
bamidele
lynette1
angels123
mazda1
macdaddy1
letizia
robert7
attitude1
poiu07
iminlove
dinero
charly2004
hannah5
Computer
dilbert1
94246843
shelby123
ferret1
crystal12
superhero
jackmore1
ohshit
susie
fathead
32342711
james10
toonarmy
wiktoria
stargazer
infinito
floyd1
shriram
rockey
single2
superman8
coco11
aliceadsl
Madison
irving
kalyani
maryjoy
nomeacuerdo
52hoova
happy01
idefix
gfynthf
sabrina123
perro
cxfcnkbdfz
seminoles1
cannibal
mnbvcxz123
renuka
richardson
wealth
45678
ashley6
nation
qq1234
myspace77
pink09
tigers2
sandra12
piepie
222444
Komputer12
1Olmetec1
145145
soccer88
yfcn.if
ROBERT
fb1907
c6h12o6
leningrad
musik
lalita
u8t6e4
heavenly1
Mamika10
david21
deadly
satsuki
impact
fire12
alleycat
yolo
ashley09
football19
poland1
pollux
mousse
cookie4
523456
Kevnwo128
trackstar1
ytreza
spongebob0
crybaby1
pauko97
kaleb1
abayomi
teenaa111
staples1
pessac
gogators
akademiks11
denis123
fourkids
cabbage1
shadow14
battle1
ewelina
youandme1
carpenter1
fairy
Seahorse1
pie
natiichen999
maiden1
lover22
dallas2
vaughn
21052003
jessica23
fhctybq
tanzania
1cutie
goblue1
james1234
roger123
125678
27254931
1loves
pass11
ABCDEF
goodtimes1
pepsi2
halo219
courtney12
llama
dallas01
swetha
marmalade
l1verpool
hockey21
ldgend
iforget
moon123
django
budman
newstart1
concrete1
cleo
ganja420
andrea2
charlie10
threekids
david22
hamburg15
basketbal9
werewolf1
qq18ww899
complete
hermione1
ilovejoe1
london01
5656
maximiliano
lost
hunter07
nokia5310
326598
Tarzan00
alfa156
truth1
pentagon
85218812
killer9
killjoy
iPad
chocolate8
Nwolf72
orient
buster13
vicky123
meow123
pioupiou
h4t3cr3w
dfktynby
lauren11
incredible
velvet1
Smb0512bz
luckyboy
tricky1
steflio3123
hello69
198311
001579238
bharathi
michelle01
94327579
bettina23
hunter4
bucuresti
zerozero
cordell123
411001
29694419
minimal
110034
Stani06
werock1
monarch
courage1
hannover96
Heather
batman22
bond
thibault
andre1986
matthew4
sentinel
nummero1
black11
summer2008
fleurs
love30
123456789101112
yvonne90
jarox1301!
seinfeld
love87
kittykitty
sexybitch2
farley
jordan99
vfhnsirf
ashwin
john13
cloclo
43922572
mlb229
money8
notebook1
bin
alvin1
cacca
sex666
shurik
santhosh
football27
franca
heather12
bl8LYGB0
alex2000
homeboy1
ayodeji
qazplm
starwars111
ziggy123
semangat
dizzy1
breaker
kambal
Biscuit22
slipknot9
together1
ibanezjs
rainbow3
banaan
green17
haha1234
hydrogen
Kinomoto89
pt120439
fragolina
evgeniya
passw0rd1
123321aa
mahendra
ludi1234
video
Maburro
Mercedes
yomisma
ebony
skeleton
LARA1308
lokoloko
1zn6FpN01n
missy12
ch0c0late
tigger!
121282
cowboys12
soccer05
Boobies2
abhinav
felix1952
medical1
ilove12
Pa
110059
whistler
maciek06
jarrod
pokemon7
markus1
godlike
stumpy
gs1905
superman4
pakistan12
nikolas1
candy3
farmacia
123321qwe
Charlotte
mikemike1
0range
hehehe1
madona
boomerang
Princess1
succes
someday
kartoffelpuffer
ijrjkflrf
nickiminaj
passcode
ashley08
Barcelona
52253823
m12345678
spider-man
27412678
sabbath1
1nigger
agustus
matt1234
raiders12
mayquinn2
1987123
55665566
wiseman
loco
sweet18
q1q2q3q4q5
david10
devil123
wwe619
shalom1
april3
iloveyouso
198712
gonzo1
pugsley
dario
abc@123
alejandro2
zack123
milan1
agnes
redhorse
cherry13
garbage1
520LOVE101182
halo22
mojojojo
515253
doodles1
chelsea7
loyalty
smoker1
1asdfg
illini
starry
linked123
matyas2001
leopard1
barley
melrose
elise
stupid12
spice1
buttface1
qaqaqa
1233
hannahmontana
nothings123
j0rdan
yumyum1
12346
love456
pa$$w0rd
montreal1
34343434
tuputamadre
135792
10200718
ciccia
96101z
yasemin
jesusis
huskies1
montagne
boxers
malvina
bowwow2
LEOlong1985
vodka
kelley1
mental
braves10
cutie10
chris!
888777-
march5
cannelle
qwertzu
love1314
jesus1234
21152117
Sandberg5
ska02ska
d41d8cd
march6
44332211
malishka
6817zd57
listen
ffffffffff
twiztid1
Lightpower12345
nikita123
bmw320
300300
misfit
000000000000
chantel
somerset
1234567890123
dell500
duster
rfhfgep
SUPERMAN
bella01
jaiden1
kissmyass2
mandingo
lolly
nanou4552
jammin
raprap
lenalena
blackpool
majesty
mommy7
aladdin
vbienrf
hans4Queck
vaibhav
L5L5L5
qq123123
henderson1
saigon
openup1
smirnov
hillside
gangbang
vale46
caca12
sunshine21
tuangbi
123456az
girlygirl1
Zaq12wsx
kakashi21
link
newjersey1
maella1311
2w3e4r
101086
bertha1
thebeast
102030a
197900
1grandma
football56
31337a
fysihz5g
messiah1
hello01
Fenchel55
thissucks
gaudens
saddam
l3tm31n
nashville
qazedc
KILLER
barbiegirl
1204
junkmail
berger
custom
surethang
boroda
jcdenis1
pennywise
ilovelife
madmad
morango
123666
bunker
98989898
evelin
098poi
robotics
brody1
hockey3
123234
grayson1
jewish1
moose123
watever
Beast556
riddick
dar
1america
creeper
finland
qwerty123456789
a6543210
paopao
orange!
mckenna1
CrowBird
gaylord
312312
mu080295
coyote1
1234qq
techno13
honeybunny
laska
nikki2
shorty14
nandini
yfnfirf
1freedom
hollister3
622906268
sad123
pinguin
1234asd
Legend22
hampton1
nicholas12
220389
emoboy
qq123456789
2sisters
booboo11
rose1234
horror
ghbdtnrfrltkf
123456mm
cocococo
crackers1
twelve
thecat
fktyeirf
110025
1214
manu123
sedona
cars
231
karo13
rotten
jesse12
123edc
1314
pilgrim
ohyeah1
britt12
thriller
alana1
treguier
sim
addl0223
madden09
sangeetha
mkal2707
br00klyn
ilo
brown13
shayna
monday123
smokey13
angelseye22
farfallina
chitown1
ilove3
chief
cookies!
cole
buddydog
lotus1
Stefangreil1983
jackjack1
naruto5
makenzie
0909
limited
791159392
monkeys2
hannahmont
jet
hfleuf
121285
lebron1
priscila
Redab1993
letitbe
pelota
danny2
myfather
virtue1234
southside2
bri123
wheeler
julieann
aninha
zooyork1
adrienne1
serafina14
4mykids
111680
leonor
bou
brandnew1
naruto9
fuckit!
ladiesman1
me12345
heart123
wishbone1
redbone
dark123
2kroliczek
total12scherz
Baseball
1234567p
single123
201
nene
bright1
abcdefghi1
poiu0987
cutie14
jmoney1
slash1
lover14
sample
hockey8
stunner
cummins
ogplanet
tulipan
dracula1
freeway1
adams33486
lakewood
chocolate4
o12345
12345678987654321
bitch666
010180
marsik
crybaby
sweet17
gabriel2
FUCKYOU
111111111111111
whoknows
kkkkkkkkkk
contra
sss111
SPEz3012
julie2811
ch
lucinda
vijay
smokey420
cutiepie2
daniel18
max12345
mormor
chicken11
f1uUHZa723
eve
moi
razjel1
november8
tinkerbell1
cierra
a54321
tapout
rose24731
mildred1
qwert54321
pendejo1
150556
trainer
softball21
studio54
jasper01
lisamarie
shortie
damion
getsome1
kimmie1
Mickey
goldberg1
reloaded
eva
wpcAKir264
r1234567
wert123
eatpussy
emilio1
myspace88
132680
par
armstrong1
cervantes
anthony08
rooney8
buddy5
whitetiger
power12
mickey3
54321q
vader
joshua21
4224035
andreita
viola
mario140773
accounts
asswipe
sunshine9
manolito
64impala
badgers
alex17
umbrella1
mob123
oojs4ykl
ruler1991
paquito
dav
ramon
treflip
november24
BBLeo1zz
tendulkar
marilena
william5
angel27
oldnavy
green8
legendary
rhodan01
Nathan
voltaire
fuckyou88
guardian1
weyersheim
honey215
carebears
cool22
ripcurl
linusd8
vanessa2
rainbows1
depechemode
bandit2
gidget1
purple16
dabears1
01011988
marko
axlrose
armorgames
superman01
dkz1999
lucie
sodapop1
santamaria
father123
m1chelle
pg260365
mexicano1
sexymama12
bumper
121284
sacha1234
winter01
mgreen39
moderncombat
q1a2z3
baller13
stella123
hola1234
nazareth
christina2
19810301
november27
ZZ8807zpl
theband1
123459876
nimbus
mendez
dance12
december28
rockon!
dora123
tuxedo
nice123
pizzahut1
lucky10
billiejoe1
getlost
Polenka1
magazine
bootsie1
beast123
la
gruby12
taiwan
jesus143
babababa
duncan21
olivia2
ace
southwest1
pomalo123
rocky3
863560
theshit1
Somanypickles27
forever3
ahbird1984
norma1
01470147
services
MICHELLE
mil
moonmoon
chr
jujuju
latoya1
dd123456
191191
vanhalen1
leliane50934
lmapacey
gggggggggg
smith123
peggy
shorty69
august2
papatoma1
forsaken
fudge
wayne123
sammy7
159487
rabat1945
333221
optimus1
Rachel
imelda
aczx7812
sadsad
chanelbag
puttana
hester23
blunt420
johnny1959
rashad
masina
herbalife
jessica.
daniel16
pussy5
yancai
12345A
lovers69
andrew5
678678
awesome2
sexe
123456ok
Madonna12
hattie
saint
257ers
hello101
oasis
damaris
desadesa
libby
bored1
drifter
fuckme12
onlyyou
sanders1
blix729
1234five
2password
nickie
monstercha
a1169619
badboys2
pascual
kitty101
itisme
brooke123
gab
bambolina
nottingham
softball23
cubbies1
marian1
nancy123
onlyone
4rfv5tgb
Pokemon
lacey
edmond
puppies2
purple9
1tigger
purple15
cowboyup
maxima1
rangerover
3232547
wrestler1
castle1
momo12
przyjaciolki
beavis1
morton
yellow!
123678
viagra
moonshine1
123zzz
zombies
stripes
SDream
christian7
lenka
wigolf
hawkeyes
21864812
satnam
Tanja1993
butterball
mexico01
cooper123
erotic
music5
rosaria
fuckyou01
iloveyou88
bergkamp
50505050
ahmad
ligabue
pookie12
mpeater
wsxedc
sevgilim
jomacapa
crash
lolo12
lilwayne2
edmonton
hollie99
advent
youporn
eastern
benfica1
jesus23
E2yFp41B
b00bies
8008070
tkfkdgo1
lacoste1
Zesh1412
makulit
jasmine01
ignoranto
henni1907
hooper
music13
dragon8
1007
monster7
zac123
crunch
escola
soulja1
good12
han
dark666
faca210898
northern
dogshit1
grateful1
december14
goodmorning
lovebug2
bff4ever
chris19
flyers1
yaoiisgrand
fineboy
221133
rosco1
haha11
1ofakind
Roanne42300
murali
nokia3250
allsop
candy101
fantasma
01012009
qw12qw12
graffiti1
rs11220
pokemon9
sokolova
clown1
776158ab
one234
phoenix888
102
jyothi
123456789as
sk8ers
lilmama2
mexico7
kerry1
rover
alex24
1234567n
marie7
oliver01
maldives
bubbas
baller11
1205
xlsl9963
icetea
islamabad
aaaa11
c1234567
laurel12creek
1E+14
kingfish
kfcnjxrf
bball14
91866709
2w3e4r5t
chutrung
malcom
tadpole
cavs23
560001
Mase4ever
yoyoyoyo
deirjj
edmund
mom1234
qwertyu8
romy01
1106782
seanpaul
escobar
coco1234
fucked1
bangaram
kassandra1
andrusic1
yandi20080527
manuel12
Ezekiel11991
marek14michal
fuchurli
lovehurts2
721521
jimmie48
raffaella
LIVERPOOL
monterrey
haggis
unforgiven
Lancia037
golfinho
davidoff
yanks1
484066
barker
jordan06
fidelity
boomer12
Gambion32
0icOtpd785
hateme1
guillermo1
trivium1
treu14
042945d
rakaii
scanner
qwerty4
Puma123
landmark
dogg
ronaldo07
november3
arsenal12
cosmopolitan
muffin2
ice123
ossi2000
qyahzn
gigaman8891
author
1shorty
hermann
alyson
101087
yt
assface1
cxy831126
rocks
fabregas4
bibi
lucky6
bre123
mufasa
117117
keegan1
mercy
ibicguwjic
comcast
heartbroke
sparky12
Mustang
carnage
apple11
greatone
becker
monkey18
trandafir
blackout1
birdhouse
fossil1
winter123
delphi
saxophone1
jes
121292
floyd
101085
87calis
metal123
lucky77
123ABC
sestra
blue88
qwe456
josh13
Power999
carrots
xbonesx
working1
holler1
Boguska123
tmvlzj12
156156
skillet
illuminati
w12101957
snoopy13
rover1
black22
lightbulb
milk
gazelle
1208
emmanuelle
maddox
74699723
super7
jenjen1
chandan
bball5
jasmina
cal
cream1
2933455
michael18
aguilas
wrigley
komodo
sig53num
shorty01
baby05
wubin007
ballin3
brebre
Grine89
popper
teetee1
iloveu13
8008beb
ruqueb
marvel5454
covenant
00
yamato
cierra1
aaaaa5
hotlips
kris10
camden1
butterflies
madara
Thebears12
doug
aimee
eragon1
sammy13
555000
181920
wan123
black23
20070509031
asdfghjkl12
789321
james4
1bigdog
bobcats1
testtest1
67529353
46265216
solo7590
2pacshakur
bukola
forever4
papabear
iloveu22
marie23
panorama
samsun55
brother2
assh0le
soulmate1
pink08
kylie
robert22
lydia1
crysis
prisca
peepee1
italie
colgate
waldiw82
salmankhan
skateordie
batman5
robinho
icthus01
123333
michael08
malik123
malaysia1
chelsea8
tigger5
chitarra
jm0753
almario927
thinking
dogs12
jjjjj1
rosa123
kakaroto
eighteen
1102
heterosexual
hardwork
meowmix
jamal
maganda1
kira
smashing
mateus
poster
lapinou
awesome12
wolf123
monster5
gisele
weekend
Phoenix
giggle
makeup1
mariama
sheshe
capecod
spiker
lucinka
alpacino
neopets1
breathe
Madison1
tracker1
waterman
thieric
arabella24630
jigsaw
tigger23
patron
chasity1
guesswho
softball15
justin18
dominion
jojojojo
killer1234
anjana
Royals22
junior3
2727
seatleon
2416101113
calderon
concepcion
chinook
xred4654
micah1
rdukv46x
soukayna
hummer2
lovejoy
bela2404
edwardcullen
money4940
aimee1
alex99
jr1234
alterego
siempre
heinrich
america7
anatoliy
khan123
Jose1995
bingbing
power2
chivas2
120n2X
diego10
cat15175
winter07
z1234567
march7
overkill
eightball
1zzzzz
soulfly
killa12
michael15
3d8cubaj2e
metro1
ania1986
chanelle
x12345
098890
mostafa
weed13
lasalle
dipset5
pluto1
sandoval
red321
jolinek33
Meatball99
01011986
110110110
smokey11
vfvfvfvf
ada
600041
my5kids
000009
philly215
quake3
slut123
pokemon5
hockey4
monyet
lilli2006
myspace16
fishing2
focus1
superboy
pilot1
myspace17
seneca
1banana
tronwell
weenie
krystyna56
newton1
sinned
20072008
whoareyou
23628221
geniusv
raleigh
rksk3210
71191926
pri
festival
minister
simson
pranav
myboo1
petting
yomamma1
daredevil1
sebastian106
peace!
gautam
Monkey
marie14
slunicko
nitro1
baby25
angela12
badoobadoo
b00b00
cookie23
jackie2
oliver2
jayden07
cameron12
royal
gobucks
panda12
aja152
trader
lionheart1
buceta
dabomb
theodore1
fifa2010
he635789
224488
mm170667
igetmoney1
bears54
freedom!
rayman
elite1
lestat1
shaney14
marica
snake123
85726648
easyas123
fallen_angel
colour
racerx
puto81
jackpot1
Knackwurst8853
mommom1
852456i
400059
pingvin
carnaval
110058
pimp15
asdewq
s12345678
turtle12
111444
miki
3141592654
irock
5234055
volkova
dbrecz
nicole8
betty123
teetee
baby02
veri1234
lizbeth
pop168168
dalbas73
Ð½Ð°Ñ‚Ð°ÑˆÐ°
pinky2
2246926
frisco1
hoffman
121287
hello14
money14
parolamea
baritone
gennaro
0p9o8i7u
tommy12
giulietta
1124
james69
EthanRyan01
kjiflm
jimena
paul12
Mikael412
198484
supreme1
arianne
godiM001
pussies
tony13
andrew!
lucky69
istanbul34
rockford
march9
P1466186
fullmetal1
yoyo12
independen
lovely3
1215
ghjnjnbg
chemical1
babygurl14
thedude
4me2know
croskey
sindhu
atletico
kitten123
carito
lilsexy1
salerno
bitches!
imsexy1
Caroline.
taylor14
heather123
accountant
1badboy
shania1
carmelo1
gdcc9921
marshal
juan13
bratz123
michaeljackson
221
wil
licorice
create1
megafon
cradle
renee123
adv23
sammi1
1111111q
444
mayank
clarinet1
sol
FieSta01
abcabc123
tomek
odette
kaboom
clochette
mammina
grandad1
milly1
ziom82
gabbie
babygirl06
ohcaptain
electronic
pinkpanther
friends5
feathers
incognito
tkgsoo083bsr
volimte
lehjxrf
angola
heeren981a
nougat
Ezekiel11989
hallie
perry
Vanessa141175
shawty
d6ug7epz
noel
astroboy
teapot
253314
alisher
nebraska1
proverbs
grinch
kinky1
marsel
mytime
kaden10
cats12
channel
4567890
destinee
killer45
shashank
spiderman4
layla
Freedom
sabine21
daniel07
lovemom1
lilou
lilmama12
Cr1st1an
terrence1
maribel1
sampdoria
47593893
skittles12
ggg
ravens52
kenya1
proverbs31
cars98
bill123
pakistan786
kipper1
bobcats
leeds1
poiuytreza
dolphin7
ilcerchio
mygirls3
889900
timfranzke
beans
metallica6
freedom12
01011984
zippy1
nataliya
wonderwoman
119911
password?
jessica9
15731573
crescent
black21
211
qwertzui
justin69
198410
computer11
mustang123
deeznutz
pablo123
tagesgruppe2010
hockey15
??
speranza
MD1998PB
cronos
ashley4
mamina
kingjames
robert69
jemima
gbgbcmrf
hans
nickelback
ytrewq1
schokolade
marie22
manjula
nglw9840
chris06
morelle45
gilmore
wilma
charline
uae_boy
jp72l05w
baller10
karaoke1
pimpjuice1
1947
neeraj
renate
freemusic
jibopogie
redemption
november30
columbia1
taylor4
robby1
palomino
lucky07
anthony07
christo
camron1
lana
fialka
fatboy2
alexis10
tweety3
pimping
redsox12
grazia
memorex1
chester2
hanson1
monange
josemanuel
nene123
shell1
12312345
12345678c
1209
rapture
starship
yorkie
holycow
hermosa1
Jasper
summer21
zaq1xsw2cde3
enocnayr
football45
texas2
futbol1
zk.:
51615801
kaifer124
blackhawk1
raiden
acdc123
020304
estrada
yasmine1
redskins21
vitor1
1948
abc123123
silverkey3
8520
clark1
miguel12
tiffany123
namaste78
maddie123
j12345678
slimjim
hiphop123
dewayne
ledzeppelin
kolodiy
oscar2
mia305
dresden
hateme
wiccan
blueangel
tanisha
elmira
socorro
precious2
airsoft1
flower7
miniclip
jonas3
hernan
joseph3
marvel1
tater1
sweethome
oliver11
qwerty66
dimasik
35365123
jonny5
blueboy1
live4him
12345678b
527728
baby19
06LB18
abercrombie
danika
defender101
shannon2
kasandra
love2006
foundation
newvision
jack13
108108
299kgj8hgf
111111aa
neneng
asia
pink18
splendid
hateyou1
mexico3
password34
cayman
nessie
dale
prison
tania1
haley123
mjdh065
welcome6
webber
cutlass
bigboi
toaster
cg9600
crazyman
22021988
jadebibou
cheer08
weewee
bob12345
lahmy1
baseball.
lumiere
justin07
fluffy2
toulouse31
893208
goliath1
123456ss
faith7
salsa1
gerrard1
airtel
Nastya
zebra123
qwertyu123
what123
trapdoor39
madafaka
marykay
lllll
beeline
horny69
abiola
john23
maik1996
ananya
barton
amina
perkele
cabrera
1236547
utjhubq
maryanne
794613852
tanaka
godson1
kitten2
rockman
979575
mesedka
c0mputer
greg123
domdom
jackson12
zxcvbnm0
197979
nasser
lucky22
papers
imissyou1
woshishei319
lahoumti
wow
lilred1
dominator
olympus
allyson1
Aysa2423
qwe123qwe123
hondacbr
kxdw0980
nashi1996
master13
dylan12
1420839army
matt11
110006
federer
jolene
doctorwho
Alex
fenohasina39
kaulitz
love2000
samir
12356
maxix565656
44f16f17f
iforgot2
QQQQQQO
c00kies
buddy13
ks120473
rhino1
sophie2
anton123
mclarenf1
123443
patch
chidori
november26
motorbike
asassin1997
guruji
taylor22
facundo
1701
sunshine23
billiejoe
hippo
astray
kehinde
gal
nmt89109328673
flash123
nuclear
velocity
asd321
80173Rroom5
midori
Julian1705
16246149
savings
poot62
soso
pangga
marques
560066
sonysony
halo1234
oluwafemi
fraise
wrestler
casandra
fireworks
bulldog2
babi123
junior5
elizabeth5
tayuya44
julio123
george11
qwerty67
pussy4me
ee19920528
gremio
132040
123456789000
qamilek1
chantel1
renard
leloto
kiwi
xup6xup6
lover!
89173371487v
qawsed123
lh6209lh
987987987
d1e234tp
oooo
112233qq
forgetmenot
Vanessa
albatross
774517397
15727666
1234567890qwe
borec123654
26r10d
magma9824660
pussy3
toutoune
sinister
315315
b4272327
inibif47
morenita
klopik
dardevilk
dimas34rus
brinchen23
tracer
8-9899578642
chowder
nemo
tristen
212212
9508402243id
89058895869cth
brown123
fgjrfkbgcbc34
kretsaha53
cristal1
rachel2
hejhej123
1loser
holuha00
manchesterunited
123456*
mummy123
vladcherktecktonik
eileen1
101092
lenny
jumanji
duke12
huangfeisuny
brady
3tktkthth
silverfox
312881040
james14
lightbulb1
emmitt22
esidez57
brenna
44442013vkkv
chimera
198312
montoya
november9
mymusic1
bo1997
littlegirl
qazwsx11
1357reti99
521125
paula04
dallas11
bublik
lover7
destiny5
searching
camel232
padilla
adsl120
family11
bullet695
13301827475
josh11
G
looney1
olufiz14
brandy12
25nuvaha
11231123
soccer1234
toni
Summer
ramzes
1590736tany
rejoice
dental
harley13
sarika
nj2mp73t
snoopy01
80fefune
baraka
narendra
9121318barssuki
butter2
taco123
sonya
funtik
andrade
119872653
ashutosh
k25061405u
juliadronina1996
disco1
qw10081973
andrey1412ua
110096
maine1
usarmy1
578322
iloveu143
marcus123
3106934abc
william11
05081980bija
19541954
mortgage
blackburn
lucky01
metallic
alexis3
ethiopia
gualapmi
011151zangetsu
d04081999
latrice1
fragile
yfnfitymrf
reflex
payback1
hacked
junior08
lanlan1234
51200000
j:
ccopacell1
pookie123
jandre007
laurie1
islam
mustang12
newyork12
amnesia
cam123
josh1234
ktvt6tn9
jeremy123
moldova
cisco1
cow123
buzzard
ltybcrj1992
dougie1
loveme01
class06
esprit
m8a8vHr6
beardog1
080365
hoodnigga1
1urkilbth674
casanova1
nicknick
november6
maggiemay
814336633
dank420
cameron3
starter
asshole5
pimp09
bella13
coke123
madalena
1488
mosima11
honda2
chemistry1
lukas123
min
mother01
rastaman1
kirik26trimyasov
ellie123
ranjan
12three
gummybear1
bullet83
treehouse
sasin414
asemmanis
alex08
theboys
punky1
japanese92
settembre
mcr123
dedamiwa
angel26
iopjkl12
qawsed1
spanner
bristol1
belinea85
sexygirl2
klg604
usuck1
blackbird1
aspen1
love31
justin17
ingo10477
britt123
soccer00
junior8
jessica16
jesus4life
diplomat
juicy
freedom3
fanculo
e123456789
antonino
p123456789
nevergiveup
tiptop
c3por2d2
fuck22
aquamarine
pasha
kimberly12
Whiskers1
jeannette
zy19791201
190190
dusty123
anushka
spongebob5
gaby123
Austin
cyber
maks
andg1705
q2345678
xzibit
arsenal11
comics
1pepper
honeybee1
126126
toriamos
mayra1
kapusta
rolandia42
fabolous
goodlove
newlife09
disaster
jonasbroth
scraty98
enjoy
matthew13
shotokan
immanuel
asdfghjkl0
royals
sassygirl
vangogh
dadounet
911turbo
semarang
lucky9
poulet
mocha
vaemai31
bella11
jarhead1
dianita
1abcde
potatoes
u79999i
alexander7
hello21
zxc123zxc
bijoux
susie1
peekaboo1
ju2002
totototo
goaway1
northside
211211
moneyman87
bimmer
queenb1
clarissa1
agnieszka1
rhfcfdxbr
princess06
comet1
marcus12
giuliano
patterson1
1234567890987654321
jayden2
cristobal
snickers2
scouts
ooooo
conpro73
sakina
bitch16
spider12
pregmar2
happy!
candy7
inflames
hannah4
123456789zxc
john2567
database
nicoletta
sdsdsd
723723723
maika2006
iloveu5
arkansas1
26
jesus4ever
login1
aquino
fuckyou14
hopkins
reptile
neptune1
1basketbal
560043
7eleven
110070
bryce
ï¿½ï¿½+ï¿½ï¿½ï¿½ï¿½ï¿½ï¿½ï¿½ï¿½ï¿½ï¿½
gayboy
joshua22
justin4
slater
chanda
chicken4
imation
gudiya
ele
andi121382
seymour
1111112
T
sweet15
019283
was123
giselle1
redbird
kenwood1
lookatme
1993ga4mi
13489277
hotdogs
underoath
friend2
donaldduck
snowy
shorty15
mypass1
ronaldo10
EtnXtxSa65
kitty69
transfer
killing
hohoho1
a159753
woowoo
chewy
jackoff
tiger01
john22
iamawesome
broadway1
donato
jam
dopeboy1
F
jess12
patrick7
schilf02
banner
114114
capitals11
crackhead
01011982
pimpin3
lala1234
money15
zpaqrt2963
shadow9
cutie4
ilovejohn1
baby88
shorty5
gemelli
engel00007
dodgeram1
Morgan
aabbccdd
bulbul
15516210
vflfufcrfh
martinique
sandokan
iluvyou1
JOSEPH
1203
milanista
hshn7669
love333
madelyn
gag5691
jesus22
clarke
rahul123
eagle123
happyday1
kikikiki
13Marino
bloods5
66613666
mischa
koupelna
major
oregon1
monty123
piccolo1
silver2
grecia
tiramisu
euphoria
chelsea01
jessica18
tucker12
please123
111188
18297649
bulgaria
jac
satria
marcio
leilani1
1orange
shiningeagle
locked
harley07
rajeev
redwin3d
carroll
llllll1
patrick3
301285mn
frederick1
salama
121233
cookie22
blue25
biscotte
Naruto924
sonicx
mNbmNbmNb
rossia19
freak123
mara
osvaldo
ramos
198282
robert23
tink
wolf359
sonyvaio
sisters2
sutton
starwars03ja
burrito1
sainath
45533990
harley08
srikanth
fkbyrf
allstars
fu00190
samson123
love2012
sober3
wm0001
hhh
josefa
december24
SHADOW
kristi1
wanderer
binky1
cookie10
aldebaran
michael09
stubby
angel02
nvidia
54226269
120689
nthvbyfnjh
galant
mydream
marisha
mad123
johndoe
Teufel99
vidaloka
garlic
swansea
t1234567
ilovejames
password42
mandarina
inter123
mona
escorpio
MASTER
dbnfkbq
jetski
xenosaga1234
david69
mob4life
telefon1
ilovedogs1
smurf1
55chevy
yellow23
cassius
rohini
reality1
emeline
111985
uhbujhbq
band123
sweetgirl1
darwin1
oieoie
Snoopy
blacksheep
loveme21
tabatha
iloveher2
kamil555
blackboy
sanjose1
121088
isabell
1aaaaaa
better1
peugeot206
happyman
apple7
november28
search1
menace
fuckyou08
snoopy11
spiders
memememe
myaccount
petrovich
gabber
burnout
mexico5
olive1
69664848
kahitano
joana
blade123
Virgilio12
linkedin01
1234567e
audi
roscoe131
fantasy7
suckdick1
fairy1
concetta
lakers12
kmk420
sofiane
jayjay123
misiek1
ilovemoney
blackbelt
nicole69
smithy
chairman
topdog1
pieter
teejay
poop101
trikers21
december29
radical1
therapy
12345789
Angel
runaway
Tielandros01
happy4
thomas21
srbija
qqqwwweee
daniel17
130989
approtec
warwick
brighton1
stargirl
rosana
dsadsa
number22
rubberduck
dutch1
89272585
gillian1
1hateyou
missing
viet12
herbie1
vampires1
258147
honeypie
biteme!
ghjcnjgfhjkm
bush25
impala1
zz123456
ouioui
19551955
callme
8PHroWZ622
austin7
gunit50
emmawatson
andrew14
killerin66
angelgirl
court1
merdeka
station1
diamond5
pisces1
christian0
farside
dancer!
pinpin
bbb123
111987
megan12
love86
jnkwear1
alex12345
tigers11
youknow
falp5050
softball!
civic
1q2a3z
bank24
sammy11
photo
170845
abcdefg12
29271188
tarantula
angel675
ballack
cadbury
november4
jason13
elcubano1893A
urdg5psk5
doggy2
ASHLEY
ashley07
1matthew
mantis
player23
tigers123
terry123
frost
ANDREW
avenger1
thanks1
lucky23
uzumaki2
bro
123580
daddy5
slimjim1
loveyou7
nonenone
htown713
197878
kmzwa8awaa
chicca39
karishma
27140621
ltdjxrf
ganster1
67890
brianna12
zxcvbn12
leroy
kokot
rfgbnjirf
xiomara
secret!
leader1
christoph
Q0tsrBV488
tropical1
grasshopper
alan123
95135876
secrets1
meimei
cuervo
musift10
bremen
PASSWORD1
source
goku
monte1
love98
twilight13
naruto14
playboy13
wwwwwwwwww
shannon123
chango
fucku!
ozzie1
jaw138whet330
jaisairam
caterpillar
lydia
gaspar
eagles10
2233
73439984
Pokemon1
lucien
kuwait
venom
hannah99
fugazi
residentevil
8616695
clyde
83742222
iloveu.
idiota
haylee1
123963
james15
kevin13
poopy2
32flame
asshole.
puddles1
alyssa01
a696969
poupou
rex123
heitor250493
metropolis
saint1
r041stcu
dlfaor09
vfhbjk1801
poohpooh
infinite
valentin1
1234567w
brandon14
Wokami
rider1
czsxumtf
diva12
golf123
abc123.
cooter1
vitolino10
audiopel
verena
glacier
blood12
dickens
qqqq11
kevco33
littlebear
wrinkles
amanda10
baller15
11223343
strelok
vector
luckystar
johana
hotdog12
pussyeater
jokers1
cookiemonster
hi123456
katiebug
seaside
brandon8
valdez
daddy11
female1
columbus1
sk8ing
bas
zaphod
medina1
greenday!
shanna1
luther1
cyclops
696969a
wwwww
princess25
woody123
carollo12
tinker123
michael07
P@ssword
fab
goodwill
switch
bigmike
bunbun
abbey2010
876543
shine
smiling
ozzy
gutta1
engelchen
valentino1
nico39
raerae1
Tokio1
akasha
angeles1
nederland
Beastie0
nathalia
nolose
magno456
pfkegf
1114
Gopher12
owt243yGbh
mustang3
three
aaaa1234
support1
nodoubt
tomas1
fishman
Brammi1
peleleco
yyyy
leno4ka
karlita
anastacia
daniel!
skydive
112200
pacheco
vandah
lin456
ernie
299792458
zimmermann33
yeahbaby
paddy
badboys1
Berlin
daniel4
grinface
charlie8
pidaras
mother11
london2
sherlock1
linkedin4me
102010
karlos
01011989
king22
capitan
tigger10
tangina
ghjcnbnenrf
sunkist1
manuela1
packer
moomoo2
hunter69
march2
1lovers
mom101
dzxtckfd
scooter12
654456
comando
kavkaz
bradford1
yoshi
dei3mutter
earnhardt
marbles
sha22una
1616
cooldude09
reggae1
lilone1
13579a
gerardway1
19960122
blood2
andres123
chica
pacific1
111116
fosters
softball6
emotion
furball
ballack13
kendrick
bugger1
snowwhite1
chinese1
Kolkol90
nicole24
newdelhi
chess
256256
irock!
whitepower
loplop
22janv67
undergroun
mariage
lucky14
nhanngu
9198425200
pimp07
197600
120588
casillas
w3wjnhek
zhenya
wright1
summer2009
auckland
560017
sha123
stallion1
redsox24
kenshi21
con
tttttttt
robert21
hawkins
476730751
12345678l
senthil
linda12
01011983
cali
highlife
elizabeth4
ltymub
500034
mojo
chino
pianoman
wildlife
666satan
rolling
dancer11
skater3
sc00ter
gargamel
120789
59230120
kardelen
mauro
oluwatosin
volvo1
sexual1
tvs3108
jesica
flipflop1
perez
kocham
peacemaker
Pitapooe1
orioles
1getmoney
beijing
amanda7
hijodeputa
199000
ralphie
jellybeans
Vesproongh12
Vladimir
king21
3456
erwin
Gabriel
ryan01
150781
lauren!
hollow
wendy123
palmtree1
Caroline
jacky1
600017
7heaven
jorgito
ravindra
howdy
leedsunited
vadimka
diabolik
pourquoi
website
brm600
carlita
Bandit
march8
puddin1
khongbiet
ayanami
alina123
Pass1234
brandon6
keke123
nihaoma
refresh
jhonny
gre
girlsrule1
ricard
super2
musashi
alexxx
thursday1
dmsgk0103
2q2w3e8r5t
grendel
gracey
marie15
travis12
kevinbg01
goodyear
774411
yana
mindy
desktop
butler1
robert5
3Tutso24qF
just
hyperion
tank
worker
pepsi12
apinoy
brandnew
janine1
alex69
Delivered
caracol
sophie11
broker
whatever3
sc00by
chrono
shady
440226
jayhawk
fake11
skittles2
valkenhayn
ripple
carlos01
reagan1
xerxes
nofear1
ural
ballsack1
starman
63245009
comanche
umit1406
goldenboy
karappinha
lowell
saleen
magno07
skater8
cfif
jacopo
brook1
theend1
minecraft123
umberto
hotsauce1
mordor
webkinz1
blind1
pringles1
strobe93
bryson1
ihateyou12
buddys
mycomputer
iloveyou00
yacine
sanfran
sean12
260686
triforce
fucklove12
123qweasdz
opendoor
133113
familyof5
koolio
dinner
ballsack
tomek1
111986
pioner
hunter21
hovno
X8coQx1F1zh
spikey1
123159
laura12
2626
brandy123
jaypee
ganja1
qsdfghjklm
socks
baby03
1cowboy
aaa000
xsdsxs
hamtaro
kristian1
chowdary
jkl
babies3
hunter09
manana
mor
thunder123
campanita
abbey
lovehim
bigben7
realtor1
lancia
198211
39073588
cocodrilo
cheyanne1
vesper
jackson3
tech
redsox07
120286
jesus.
vinayaka
smooch
almeida
dance2
nokia7610
alex06
qazxcvbnm
pimpin123
astro1
gobears
hardy1
poopface1
cobalt
pitiponc
ocean11
cheer09
sheep1
bernice1
crap
carly
tiger21
happy6
fox
calendar
ï¿½+ï¿½ï¿½ï¿½ï¿½ï¿½+ï¿½ï¿½ï¿½ï¿½ï¿½+ï¿½ï¿½ï¿½ï¿½ï¿½+ï¿½ï¿½ï¿½ï¿½ï¿½+ï¿½ï¿½ï¿½ï¿½ï¿½+ï¿½ï¿½ï¿½ï¿½ï¿½+ï¿½ï¿½ï¿½ï¿½ï¿½+ï¿½ï¿½ï¿½ï¿½ï¿½+ï¿½ï¿½ï¿½ï¿½ï¿½+ï¿½ï¿½ï¿½ï¿½ï¿½+ï¿½ï¿½ï¿½ï¿½
ama
chester123
1101
mintal24
anapaula
marcus2
gunther1
12345677654321
sexy77
fuckshit1
marie5
110049
12qwer
82597971
jenn
bball15
121087
honeymoon
jackass12
requiem
republic
4friends
taichi
bathroom
5550123
biology1
jemoeder
boxer
v3xAfy4k3Y
football42
angelic1
0123654
400080
sunflowers
money99
randy123
enamorada
demons1
sexy45
nicaragua
maddie12
1winner
198212
hewlett
namour
electro1
magodeoz
1qaz3edc
jenifer1
thing1
january12
sebastian2
math
sixtynine
cheeks
aaaaaa6
sayangkamu
neville
fritz1
connor01
andersen
hustla1
tickle
vtldtlm
cincinnati
profile1
leeminho
Metallica
newhouse
ppppppp
125478
kristie
hornets1
fresno1
greatness
steven01
bear11
danny13
inlove2
satellite1
basti_1014
peanut7
paulchen
5stars
junior23
1thomas
oldnavy1
rerjkrf
babyboy13
1sexygirl
jardin
filter
loveit1
cj:
sunflower2
anna1234
FAMILY
jbond007
faster1
carcar
teddy12
parliament
generals
121984
christel
baby2010
gagoka
fun4me
girls3
peanutbutt
magica
pinball
westside12
alissa1
hardon
bolivia
gaetan
30seconds
1104
keaton
lavalamp
10971199
ccc123
ganster
1ty2an3JA
01233210
d9189498
richard3
098123
john01
$money$
stafford
mystic1
cristine
heartbeat
lipy110593
slasher
hongkong1
1queen
endless
futuro
bonehead1
carvalho
thunder12
jesper
dblock1
silver7
gamemaster
001234
michael17
basil1
herbsmd
maple1
timeout
hottie22
g123456789
candles
melissa7
28
keke12
eastside5
butter123
Z
atticus1
blue18
121416
Zmx870919123
str
danzig
fester
babaji
BRASIL
vball1
truffles
1103
ambrose
rivaldo
Jackson1
peanut13
1lovely
poppie
1949
christoph89
cnfcbr
120589
toocool
baybay
mike10
maxie1
bullshit2
march4
01012001
magpies
puravida
joshua5
cherry7
me123456
210210
yomama2
Raumschiff
harley06
backsdau
twilight2
lourdes1
thecrow
gypsy
)ryan
pogi
92246247
napster
judy
1903
alien1
eliane
ILOVEU
sunshine.
gladys1
monkeys123
naruto22
560068
Jennifer1
chispita
susieq
money!
yesyes1
allegro
purple17
ragnarok1
bikini
nashville1
vivaldi
shikha
120587
venkatesh
xx123456
gardner
jmoney
joseph13
555999
hockey18
copyright
paintball2
daniel08
6661313
toby12
kujawka98
messina
booboo3
familie
loyalty1
skulls
whatthe
philippines
kayden1
batistuta
february1
spongebob4
justin6
jellybelly
bloodz
emmett
cannabis1
omgomg1
rustydog
tilly
hurricanes
angelface1
12451245
diablo123
bender1
lina
167943
cooking1
beruska
lollipop12
shadow0262
cash123
Joonah
747546
angel03
bnm123
dogfood1
milkman1
master10
willis1
sexychick
pikapika
she
1school
cannondale
martin2
dogwood
oceano
verygood
alexander0
gaygay1
mario2
dakota11
ponpon
101288
football81
Skelitor66
gabriel12
juliocesar
purity
tucson
soccer02
vernon1
siddharth
sunshine123
dougal
nananana
elcamino
venture
passer
choppers
barney123
2121321q
brooklyn12
110009
fofinha
horace
tra
camels
kazanova
lovehina
12101210
meatloaf1
keyblade
63145151
bearcat
natashka
dotcom
juillet
woohoo1
muschi
fuckit69
vinny1
timosha
sami
michelle19
3doorsdown
workout
L58jkdjP!m
w1970a
belinha
pepper5
lpz93sssKqw8Q
sandy12
seashell
110022
liz
talk2me
babyangel
fag123
tweety01
1234567890p
brenden1
jonalyn
Merlin
198222
honda12
120687
sinaloa
darian
paige123
daniel.
kelebek
fallout1
bunnie
analyn
mamatata
vagabond
caleb123
ninguna
justforfun
1kitty
audi1991
casa
fandango
star16
cheese7
weirdo
keeper1
violin1
mafioso
banker
benedetta
guyana
death13
009009
slim
2boobies
mexicano
mauricio1
military1
12231223
gohome
999777
goodman1
baguvix
gra
4freedom
mer
xxx111
karim
smeghead
fancy1
qvo78evm
nate123
isis
T7U9Hx
tito
polinka
m1ul9x9i20
signature
.ktymrf
120788
graces
anisha
alizee
mother4
5610405
m0nster
panpan
686611
Password12
superman9
werilopert
repytwjdf
respekt
boston12
tyler10
zodnat
piggy123
loxpider
louisiana1
1234567f
113322
555551
dixie123
batman21
newspaper
tata1964
volcom123
wwewwe
soccer03
branden
love2hate
sss123
123www
alex09
a12b13c14
ingeniero
beastie
ya623349
celinesimon
1jennifer
donjuan
27
peachy1
nadegda
sweety123
king10
bh90210
longlong
olivetti
tonyhawk1
home12
nick01
nicole88
wweraw
joker69
gamers
money24
ss123456
maricon
hate123
gambler
mjordan23
pollito1
1badbitch
goodies1
andrea01
mike14
roosters
vikavika
azacos
nothing123
manutd7
EBEANS
adidas12
qazwsxedcr
balboa
kissme12
050607
katelynn
fishes1
zoezoe
qw12345
rosetta
pomidor
myworld1
interista
HARLEY
angelgirl1
yousuck!
matchbox20
pass@123
joshua23
jonas12
edward11
123cat
odyssey
vicekw
delaney1
babyblue2
allan1
samantha11
pink17
cheese4
delight
thedog1
barbiedoll
cool23
Mod7tygrysow
chitra
michelle10
polpetta
scarface12
marcelle
li0903
hhhhhhhhhh
seaways
01
emopunk
8675309a
j0nathan
freedom08
thekid1
30303030
tyler7
wingzero
frenchie
fishy
yellow01
chukwu
james09
Blessed1
silver11
roman123
deleon
ginevra
osiris1
glenn1
lashay1
1125
askimsin
113456
monkey25
norwich
booter
december7
sanantonio
yenyen
rakista
lovebirds
pan
salamat
hott
emi
toietmoi
shelby2
michelle5
kill666
lol123lol
wareagle1
pippen
12233445
konijn
alexus
cholo13
sweet5
james07
tucker2
ilove420
playmate
cowboy69
maggie10
baseball07
brian12
1buster
fripouille
blackboy1
happy12345
villa
preety
connor12
niggas
dagestan
12341234a
hero
chatte
program
Hello
december5
super5
korona
zzz
bubbles11
skull1
tomato1
malibog
im
1ï¿½2ï¿½ï¿½3ï¿½ï¿½
passwords1
dancer13
pokemons
gobucks1
avenged7x
121090
white123
sarah11
kiran
masterchief
12152325
1brother
tony11
astral
knicks1
sheep
ankara06
jesus08
govinda
franco1
cyborg
007008
hokies
ivanka
Baseball1
moo
milo123
jackass3
feniks
i12345
010191
cowboys123
baby20
mateo
jerico
dada123
naenae1
golfgolf
emokid
andrea11
1029
castro1
hate666
brandon22
snowball2
dor
bessie1
sensation
anita123
gladiator1
billy2
a123456b
Soso123aljg
1tweety
adam11
jujuvivi
arwd89
irisha
huhuhu
soccer44
lfiekz
jordan05
sky
futebol
jb1234
888888888
wer
220a220a
excite
Abenteuer
h123456789
cherry69
tiffany12
Dennis
dct
stormdogs
alpine1
qazxsw2
dexter123
dbnfkz
omgomg
SuperManBoy
hallo1234
azsxdcfvgb
fullhouse
LasVegas
sukasuka
qwe123123
justme2
888777
protection
azazel
cards1
galadriel
pilot
forfun
naruto1234
saleem
koolkid1
Melanie
free4all
mybossmyhero1
napoleone
sugars
taylor99
nascar48
blink-182
killer101
brenda123
bronson1
norris
flego0815
10101990
Rebecca
west123
jaja
lovemusic
nairobi
3647226
fuckoff666
112255
mexico14
monster11
tatertot
chillin1
football52
beta
1226
padlock
f1f2f3f4
141
!qaz1qaz
venezuela1
kathy123
iiyama
chantal1
1220
hakeem
yjdsqujl
010190
hellsing1
justin09
xyz
reklama
geronimo1
satriani
ybrbnjc
urmom
blondy
rossana
foxtrot1
andrew4
poopie2
1357900
10101987
pinetree
946hvt
economia
121986
penner
poopoo123
jojo11
volcom12
rocky4
cicero
121312
william01
jacob01
poiuytr
gulliver
cavalier1
forever!
1323456
daphne1
52525252
dahlia
ayodele
1Q2W3E
reallove
lovemyself
121987
lights1
rerehepf
witch1
december27
raketa
brownies
stellar
lilmama123
lisenok
vbkfyf
08080808
buttercup2
lonnie1
ERS
boohoo
pokemon13
mayflower
411038
a12345a
january13
cccccccc
choco
everett1
csyjxtr
36363636
turtle123
gloria123
bitchs1
vasile
krishna123
august5
karol
sex6969
helmut
Password2
asshole7
vintage1
willard
secret7
SECRET
sexyass
planet1
gigi123
december26
margera
333111
helper
7783757s
nadezhda
momomomo
sakshi
killer14
tushar
560008
corndog
101084
north14
1201
madeira
thunder7
jamie12
1monster
myfriends
paco
gooner
harry12
slash123
keekee1
hotwheels1
tristen1
escape1
fanny1
nevertarget7
775533
bigdaddy2
love<3
james08
julian123
helloween
upyours
rocky11
lucrezia
trinity2
peacelove
nyjets
bebebe
caveman1
cor
2212
elizabeth!
ass1234
deathrow
slappy
elias
1christ
oldman1
windsor1
danone
dream123
yzerman19
highland1
kid123
devin123
element12
peaches123
tapout1
lili123
casimir
macho1
120488
celtics34
solutions
assassins
x7vs8mxg
151
wocaonima
football66
simeon
12345670
nguyen4thewin
dublin1
1003
12345ab
samantha3
twilight!
meowmix1
yasmeen
jenkins1
colasisi
naruto3
redwing
munchie1
eagles11
morozova
christian3
jason11
six666
rogers1
lalala2
zaqwsx123
rafael123
alphaomega
yj2009
182182
ilovepink
playball
open4me
polonia
sprocket
michael16
defiant
rottweiler
Antonine1
fotbal
ser123
peace7
august4
candie
rastafari1
david1234
privacy1
158158
nbvjif
juliet123
freedom09
ï¿½ï¿½ï¿½ï¿½ï¿½ï¿½ï¿½ï¿½ï¿½ï¿½ï¿½
dragon14
malaya
campus
sexy33
sweetypie
darryl1
nathan23
jaguars
lover01
obama09
bre
Ð¼Ð°ÐºÑÐ¸Ð¼
123456789@
alex88
k47Rizxt2G
hippie1
rocknsock1
512512
perlita
p939468
1025
Jasmine1
zydfhm
jamesbond0
heaven2
cheese5
hellyeah1
carlos11
bombon
ashley.
richard12
kahuna
wormix
mikmik
aaron2
jessie2
aceace
mormon
cobras
nutrition
december3
blackangel
cheddar
resistant50m
1234O8o
avril1
honeybear1
douchebag1
sayonara
ballin123
bugaboo
sticks
robert10
cbcmrb
20102011
person1
70142021103
naruto23
joker2
casey2
contreras
mommy6
rachel01
intel
111111z
drpepper23
desperate
smiley123
tuffy1
angels7
brodie1
161718
ludovica
qaz1234
muerte
hendrik
blessme
malakas
babmicmar
ceasar
shadow6
taylor6
manning1
tanner12
black6
morado
abcdabcd
lynn12
game123
poop13
hannah22
gangsta13
qwerty555
fr33dom
yellow4
198610
500003
canucks
arsenal10
hoihoi
saved1
minnie2
lipstick1
kkkkk1
theboy
lepidus
merhaba
968574
windows123
181181
hunter06
rose11
liliane
159123
metin2
babyboo2
dupont24
rocky7
epiphone
shadow666
741236
mailru
hawks1
westside2
tigre
belle123
master7
anakin1
Jcfs32014
250588
pink88
burgerking
good4you
somierda
america11
dmoney
frankie2
touchdown
inuyasha2
loveme4me
giuseppina
250250
sexo69
90801
cooper2
packardbell
Barney
classof11
54545454
joshua19
Brandon1
tierra
pool
1228
mortgage1
1joshua
daddy13
197500
1Thursday
iloveyou33
allah123
marcelino
sullivan1
jaybird1
kevin7
Fyfcnfcbz
boner1
looloo
Kristina
niagara
clara1
yingyang
purple.
bazas52
ladies1
drakula
things
shampoo1
export
martin01
wildflower
baseball99
kamil123
Chelsea1
Fktrcfylh
marie16
fucktheworld
jesus111
cacacaca
292tom
alexandre1
sonic2
all4love
millwall1
jalen1
l1qoH9wq2U
master5
aquarium
natalie2
cattle
kailey
chris8
okokok1
plants
choco1
fuckme3
dennis12
tigger4
111984
flatron1
jennifer3
barber1
gracie01
eagles2
lectures
ceckbr
anna11
paranoia
andy1234
friend123
96132925
junior22
calabria
rrrrrrrr
elise1
timisoara
chicho
bowler
cocktail
12123
bobdole
g4life
micky
wood
november29
010203a
level27
steelers12
800001
net
foxracing
bud
mutley
alex2010
patrycja
baby2007
tumbin
rosita1
0931541082
321ewq
premier1
timmy2
hahaha2
olympia
snowbird
direct
checkers1
theman123
111111m
guerra
4561230
summer04
social1
hhhhhh1
muneca
bichon
accord1
war
sweet11
booboo13
vfhbyrf
doggies1
david14
lumina
angel143
120590
australie
schoolboy
bouncer1
canada12
yankees123
baboon
password92
hammerhead
bonkers1
egghead
stockholm
400607
qw12er34
booboo22
120688
hilltop
killa2
jessica6
happyness
ltkmaby
stargatesg1
dylan2
skater5
minnie123
hottie23
millionaire
appletree
schatzi1
chenchen
111189
password93
cisco123
dfghjc
fuckoff12
angelique1
050585
aabbcc123
cody11
sexsex69
granite
steven11
chocolate0
300000
teamwork
hotdogs1
test12345
1107
mussolini
123456lol
pinky12
taylorswif
sneakers1
135799
flexible
sabaka
1218
latitude
communication
colt1911
withoutu
nokiaa
army
santander
v1ct0ry
411027
smiley13
batman10
pointer
minnie12
mumanddad
supriya
zafira
dollface
120586
kkk666
matthew8
cara4coM
summer4
jonatan
abdallah
kumari
chowchow
groucho
gizmo2
sabres
147258a
cristiana
HUNTER
airsoft
master22
payaso
jade12
sonnenblume
mapamapa7
250585
nathalie1
tiny
101189
jordan16
avalanche1
logan2
drogba11
fotografia
monita
blackheart
WILLIAM
lollipop0
chivas14
badakhshan
paparoach
donatella
omega123
charles123
bitch9
1432
family10
joseluis1
hakunamatata
radar1
rodman
december30
password123456789
gangsta3
1134
guitar7
120489
spiderman5
graceland
aaff
becky123
taylor08
sweet10
777000
159963
223311
dbrekz
sixsix
mavericks
marie10
120690
180888
3762352
rockstar!
ericson
1234qwerasdf
wisconsin1
shorty101
macross
flora
hoosiers
werdna
chelsea10
christine2
cunt123
shitfuck1
default1
memyselfandi
rbcekz
minchia
bambina
110048
pepe123
medellin
sunny36
cessna172
bowling300
buster22
jakub
andrzej
derevo
2much4u
ZV_!80lo
spice
Chester
ranger12
Butterfly
MaStEr77
nbvcxw
katia
3434
griffey
gonzo
serebro
MONKEY
liberdade
1105
gallagher
casper13
jojo1234
jazzie1
tititi
open1234
01011970
hunter23
tricia1
chucho
lachlan
cheer2
michelle22
sommer1
Dakota
lakers2
sujatha
1005
morrissey
brains
mama22
trapper1
balls123
makoto
joshua08
wibble
austin99
123ï¿½ï¿½ï¿½ï¿½ï¿½
elena123
brandon15
peaches12
micron
ghana
slutty1
johncena2
13311331
klondike
family!
bball33
marie21
luckygirl
remo1d72a
coconuts
wrestle
sarahjane
hotgirls
tyler4
wellness
antoni
nicole06
45M2DO5BS
essence1
qwerty89
brandon9
cesar123
spongebob!
luv
kukolka
retired1
vladvlad
nicotheo
camaleon
bean
jake13
sexy4u
Bonnie
zmf1704c
wawawa
haslo123
hazard
badass2
erika123
ros
111222a
cheer!
indonesia1
cdtnjxrf
belladonna
daydream
gungun
ceckbrcerfkbxyjcnm2
bateau
hehe
tonytony
elephants
iklo
seccion33
maxi
bettyboo
mewmew
negro
lonestar1
barron
maumau
Internet
aspirin
aqswdefr
sanjose408
dragos
hollister7
jediknight
martino
maximovie
branden1
sexysexy1
yakuza
snow123
enzo
121085
gaby
boner
fart123
1james
eagles20
gomez
fernandez1
draven
cashflow
antonio12
526452
january11
crf450
bartender
june06
2daughters
matthew6
enfants
brooke2
portsmouth
faith2
hahahaha1
andrew15
zelda123
martin6
070787
lassie1
dudeman
4r3e2w1q
minecraft1
chantelle1
alex1995
oskar
zzxxcc
JENNIFER
ooo000
subaru29
players1
camaron
tombraider
favorite
crazy88
seth
1booboo
texas10
sharmila
poohbear3
templar
password02
romero1
blood666
manatee
eagles123
segredo
chellam
nika
fatty123
football50
monaliza
dulce1
bedford
110288
Bennie!!
aiden
soriano
eminem11
1samantha
123123m
nantes
q1w2e3r4t5y6u7
637846
engage
doris
lakers23
12312300
alexus1
kanada
7seven7
hottie10
19870212
170787
shraddha
businka
hunnybunny
impulse
brandon21
silvestre
mobydick
string
blue17
zach123
fatfat1
far
celine1
banjo1
panter
boring
as
skate3
fruitcake
bull
chloe2
kieran1
hottie16
aaaaaa11
aeynbr
tiantian
jaguars1
vepsrf
jackdaniels
supermom
121985
larson
paixao
sammy3
198011
boobs123
121280
helios
food12
semsem
laser1
purple24
mjmj12
maria11
101285
bmw525
friends11
30
karina123
nicole9
anais
james6
mimimimi
lewis123
searay
oakland510
rhapsody
1qw23e
168888
9lives
33rjhjds
habbo1
dragon4
porche
nigga5
258789
dingo1
dudedude
jamesdean
jennifer8
120288
william4
password87
robot1
qazwsxe
lesley1
meg123
sayang123
lopez123
hottie15
hockey77
101188
oks65b6666
spongebob8
papito1
500081
1batman
moochie
middle
rockrock
legacy1
213141
nookie1
slugger
albany
bomber1
vick44
163163
shakti
jayjay12
service45
123xxx
sapper
patrol
magic12
interpol
cdjkjxm
ashley8
numbers
buffon
temptation
125521
mikhail
joujou
abubakar
christie1
jennifer7
smail.ru
purple18
jessica17
10101991
nameles
nova
icandoit
winamp
single09
stallone
baseball01
xtube
billy12
marios
gangsta74
edward13
babypapa
asss
olga123
yf
hatred
yankees3
ashley19
cowboy2
bajskorv
irishman
sugar2
peace3
tomahawk
10102010
asshole11
121188
999888777
kelechi
adorable
bell
kamiloza
compass
hannah08
isadora
2monkeys
slash
bethel
951753852
qwerty654321
chris9
johnnie
hoosier
ferris
looping
333333a
proton
swagger1
6820055
imawesome
cowboys13
999999a
chicky
motley
caesar1
120000
elenanesterova
muaythai
sakura12
walleye1
mother5
ducks1
arielle1
aurelio
adamadam
video1
flossie
123123s
121089
mamacita1
keywest1
020406
bitch18
wwwwww1
gulfik
fishing123
dimafilippov
753951852
1222
ohmygod1
5845211314
mrbean
2brothers
tmoney1
jalisco
400601
corey123
10000
James
natalie123
primetime
thanatos
gundam00
newone
spice333
101286
crazy11
stripper1
Christine
myspace18
gracie123
sefa1986
heather7
pavlova
1013
sisters3
brandon23
nighthawk
603575
jones123
1dumbass
conan
snivanie
soccer27
fatboy123
jasmine10
yuliana
nilesh
ops111
assword
byron1
ad2021
joseph7
taffy
volkorez
owolabi
milan88
etnies1
j0shua
delaware
naranja
man55580
------
slava
rrrr
greece1
225522
marylou
michelle4
missika
baron1
Gleiser4
saleens7
glory1
bmw318
maxwell2
ilovedad
nutter
whatthefuc
july0788
january22
rightnow
pink24
de
yourmom12
teamo13
1202
213456
110588
carmen123
123456Q
happyface
hasan
h2opolo
michelle21
boys123
kj
abe1973
jessejames
atlantida
honeybunch
stingray1
shadow15
edwina
carissa1
powerful1
boss167
varico
newlife2
smiti1
beatles4
mia30
gemini2
123ass
customer
hatelove
bellissimo
ingeras
1babygurl
babygurl3
q1234567890
wizard101
gady123
t326598
1236547890
kokoro
simonona
pooter1
michou
computer5
cunt69
sex1234
capslock1
slaptasis
dorcas
tobydog
qwerty1517
soccer55
waterboy1
camillo
evelyne
cranberry
yeahyeah1
k2010302
robert1708
ernestsantikov
bubbles5
shirankova42
620850
matthew10
crunk1
quadd
shiznits
august7
elektro73
123555
100686
lailas
kelsie
lyva84
LOVEME
kotox76
michelle14
vitaminka88
maxpredator
1mickey
jimelen
kotyk22
dorota
vibi123
shuhrat007
sulamifcherenchikova1979
vkuradovetc
mushroomka
yanchikchmoki
fredfred1
moshco
summer2011
1qasw2
varga43
musyka85
vkrbashyan
troika93
dantheman1
1234567qwe
lenyi
lifestyle
vfvfvskfhfve
princess99
spread-hop
myzone
baronessa87
gorlonis
olgastrashney
god7507
123321456
sta93
cobain1
arkoximsp
dfdfdf
daewoo65
kuzya-ser
eremei_vasechkin
loveko
nif686
forgin
679956
thug__
maksimka876
charlie6
22222a
vkorotin
rtertuy77ijyhu7i
grih-rom
casper2
volkova.ksyusha.89
kotkova37
maks.abramov.99.99
kotmichanik
valya.kryuchkova.1990
d9160847880
papuskin
ramsia1986
volkovoi_net
muhon
strekoza79
sunnyest
lorik197110
pokey1
r_masick
betsynx0kof
aliya.mutallapova
aleksej.shorin.86
gifema
buster10
bellaboo
maksimilian_nasirov
5695595
shukshinasveta
erast.82
rio7777
nusha.88
renkanom
prosvirkind
spection
solomaha-denis
sagalil
valya-garanina
galina9181
soloveibormalei
oksana130279
robby
zabivay
kotya_bagdan
jeremie
lexa.maxus
560029
okein
tema-bushelev
sans2010
alexrv_06
inar_ka
enyvbuois
maria-fam
g1hp
guldaniya.galina
sgga
len_nik44
lopew
sivenkovklin
skrip-natalya
filatovaev1981
63val63
blond72
sergeev2212
raymonde336schwegel7331987
zarinalin87
tyrell
miha-nov
djedenhit
e.ovcharova
sofya.kulikova.87
elwooo
marinaorlova1991
vkot_2010
shukurova-ismigu
yulyasik2002
123654q
taskaev777
borismf5tsh
volohovich-t
smirl
maxonina22
trustme_k
sewewf
mbrim
len4ik31
stronghold
serban24
rezo_2010
victorclavier
varduhigohar
vkravchenko
annagor20
volkovanata77
kirill.kirillov.2013
sin1_19
supervista
wwwksenechkawww
kotovichvalentina
cowboys09
texasdoor
artov.95
mknaxhxeh8yp3tf
sheela
nbvcxz
vargden
mkjhgf1996
11-05-1992
kovalienko63
ghusieva1958
julia_eduardovna
vip_trading
mihail_alekseevskiy406
sidorow64
rer-tuy
hugo854lataille1988
andreyka.gorshkov.98
aleksandr.ustinov.2012
stavr75
fggjkbyfhbq007
maxim3999
tolstyh.oxana
regina-rebina
mishanna1936
gluxov70
rickjames1
bolshoj_zmej
sgydvntep
kotovas-70
mir-180991
aleksis1611
oleg2ci
summer.fruit
x444am
vkoomare88
sraka105
zabolotnov1968
61atnakaeva
beloved_a_devil
zablo
yulianaz85
volfram.kozlov173902
possum1
veralipatnikova
rena.vano1990
antonichmeli
zabolotneva_ira
sheba417yorck1986vxm7
ineedajob
rus20dem
nika_kisa88
madtubes
kotikova_n_m
zabelina12391
ghrhfh
kovalskaya-t
emo_limonad
stassenka
baleri22
opiumbaron
goman1985
yy.tt.67
dmitrii-skargo
yuliasha87
mr.stas192
dimok091
antonls
spiridonmarkin1982
bandidas747
hismatdan
radik070775
victori1967
serg-niki20
marina.shapovalo
cheetos1
shar-vin
firakoki
masjnj67
boromirus
sredina-va
vihlaeva2012
cutegirl1
mol.kos
mam_p
mihail-saratov
1qaw321
ggolob
sevgeyq9v7kor
ksushapanda
vm.shlykov
malhotra493ozzy1991282151
lobkova.1979
delirium9111
sava_72
radion-dankov
valya.2057
romka_ya93
6610_2006
arina-sharapova-80
jannaarhipova
rusali_1979
dnina666
forgiven1
kovach8
d-x-m
mavriciy
burchenkovi
subprodukty
6651953
isaulov.a
nust007
stone_mitich
stecova85
irinabrig
stas.gorodissky
lucky17
rashaun966krager1993
victoria.kl106
vadyusha.isaev.83
oleg272727
lexir777
sonya200102
rusiphon4
sor1989
imabitch1
miss-evgeniya-93
ivankaterinchenko
mkolendzyan
panmen188
gheniagabb
hermina617berno1990f6i
sergan11
kudielia.anna
asa62
valya-city
varich-masha
ser_kuzmin
qwert.0002
olga.rumyanceva.1985
kovalevagn2057
vkors
victoria989
101083
asil.dovlatov.1982
kotova.69
svetlana-mironova-13
venta021
6552090
max_masha
nastina33592
sirazhdinov.shamil
alena_plotnikova_1995
elenst14
netti-88
vkoval87
vks1zz9v_7ceu69
sveta-kisil
313233
plankova2012
varadero
u.hohlov
tarik-66
raskevichtanja
stepanov_georgij
yluy1981
duskolyan
innabuk
mpnaduysi
anna2976
victoria14.09
samitluiza1
razdvatri3
mirlan_o
nikolay_thebest
mobiline_b
teh-consul
zabludshaya
asabsmelik5g
marinochka.zhelannaya
rachelle289ariyoshi5251987
derector-85
narashchivaiunoghti
kotovam85
volgograd.orlovka
aliev0583
75fs
kir-ettk
slavik200887
rinat-88
serash2240
belinova14
computer3
madcow
mmakssimka
galinkaru
zabirov2
r6a50de3ujwtog4
surooo777
su4ik
shaquillesecx10
ksyusha.kulagina.91
loveone
sssuka80
mudok
ravich92
oleginator1
zabolotniy.a
kelly2
bolatov.almaz
bavixepym
stas_the_best.ru
macegorova.mariya
nastya-b86
sopli22
monp5haynes
prosto_chelkynchik
serpa7
zabor.hut2
dud_1995
kirill999_97
maitland571ka1994
axssyha
vkontkate
grishin0308
jasmin-ris
ribka227555
volkova.elena.13
111zabavina
vkryshkin
djdjfedor
i18bzbk3ay8
mikhayildopy
asotjan
mozellbranou81e
simonova_lyudmila_73
777kroxa
matrassesotk
stason729
ok20.07
nataliystre
nata271283
kukatov86
mklmkl22
tyumchenko_ok
dovbeshkosushova.1972
thehock
aukewpyrt
miuaybecv
olga.kazakova_85
almaz_kiramov
marina.ushakovaznuv
ms.cc.gg
vktorov
golubinskij.87
spn5
fler_2351
julija2010x
spuvd
volhsara56
yansubina
6572757
natalya.dmitrieva.1978
yana.kolomoets
ira.klopot
apalkova.tatiana
bayrafis
yxelik
scsc78
bulka-a-shah
renesmeecallen
ifuckyou1987
vkovshut_annab1988fg
elensobko
silantyi1987
zarygalina
olesya.kolchina
igaev90
irina280374
tor8585
shevcov_alesha
elynca96
botafogo
ghkdf14
volodya-ivanov-63
mutalim.gusenov
djhjyf010
silakova.nadezhda.2012
olechka061187
victorfrunz
ktv910
ahmed_orudzhov
guzel.t.f
sergey.lushnikoff
voroshilova.liliya
maxa-06
oksanav-13
goderdzikarxjxv
helga_557634
moscowcallin
victor_evdokimov
sirik010875
levenyatko2007
victoria392eliezrie1992frp
moshkin1998
vic685
zaxarov-1976
maxemys
slipchenko2004
manovitskaya
zabelinaalena
igorek-filatov
constance626boilard1987
aleks-270379
rendakova_sveta
sodikov.talat
dok74rus
sss-nastya-sss
rauzawcsiv
victoria-berkat-energo
simonovskiy1970
raduga388
sorokina7778
artemblya
erofka
maxchislov
soyma.ivan
siiifonjiknalivai
victoria_shkurco
ksyuta76
smail2u
mayrik67
minkova_i
sungatullinad
reginka2393
sp.zakaz
mishaghbdtn
milay-ven2011
rexrex
albina-1945
julia.olga
kubnik
mmedinaa
275-22-74
miss.marina.nikolaeva.2013
spamar33
astigor
victoriandr01
zaborskiy80
maximus1393
sigreic
89217657066
sergeevna_10.10.91
sin-gulya
valya.ivko
victoria_002
rita497
valentina.victoria
djtatko
kuchelaeva
maksus_2003
stella354926
margo.emi
aminin94
dan_cheb
serj-gr1966
strelka.m
almira
raduga2508
ratashn67
ms.dolgikh
stan021092
kudrina1962
stas_kolos
andrei_rew
egor.vasilin
blyad_be_90
sukasbliat
len_rin_kagamine_02
marininys
annhen1
vgizetdinov
fedorov717
sergey_brrr24
mnenrad6983616
denis_nazarenko
pokopushkin
kirienko_svetlana
13grom
sidorval
rcalgif86
style_style
semina-alina
zezina80
andrey.shalanov
antoha50a
7777_74
6917123
666fafnir
valya.korobeynik
elvira198927
sophieytorf
komnatnyy88
milanova-kira
torgsotra
6215348
oksanaorgadykova
varfeevich
ch_vitalij
raif.21
evgenii-shenderovich
egorov_maxim
kudakova.83
gvinpinka123
feram0n
yanaluch
svoron1977
irochka-ova
e-eremeeva1976
dima199219921
qwertykolakola
svetlana26rus
dimapet09
mikalyalia
mariagoncharenko
galina-davidyuk
galinka_korneeva
foks8484
manka198707
miraa_84
zarina_sabirova
piankova72
maximova_elena77
mrdmarina
varfolomeeva0990
svetlana_07
nadjaem
panda_3108
srcuqq1_2j1h3rbf
sibiryak5
valya-sidenko
olqa_motosova
victoria_91
olyashev12
yulia-dubrovina
ghrimachiova64
ya_nochka86
volgirevagv
volfram.kozlov123633
dolgushina.76
nata_titj25
sergei_man9
9602929770
isatelt
TheSmokin
nastyaanciferova
olga.lekarewa
alexdok76
aydani_
voliahim1891
sfasdfsdfa
michel69.69
shponka35
lexaafanasiev84
milankasanakoeva
mikhailova-w
limonyk
dima35360
dmitrij.mironov2014
vika.krivonos.1995
andreyka.zhilin.1981
arinayu0
vkulak
mariannaz2
sh_o_a_2013
rinat.76
andruhova.1982
www.ivan-18
angarova81
olya.i.02
victoria-dyatlova
drozdovaksusha
florida123
kakosja
xalitova1988
mar_prod
vova436
kudrjashova62
nargiz-a
s-firsova
sharmaine005foskett6071988
silenakriv
mitia159
svetik_kryuchkov
zarinochka_b
vkundeyai
antusenok_zhekonya
shishmarev76
maksim.bychkov.1986
lady.procenko71
seregakalygin
slava_kulbidyuk
serova2008
bazueva.1990
golga.70
lisicyna704
mocanuv
kuchierova1994
lllllll
volkova.67
moss032
stepa-2009
kovshikova1981
vihrova1974
ravshan1017
armyach-aleksandra
slastenka93
natasha_19.65
vkpxrnoda
mjuan5ogm
valya.gorodn
r.polinin
neslyxovska
sergio.b93
victoria.20000
reyrtutyd
89140041205
dimlimonov
dr.karaul
maximova.60
ira202909
g_alisa1502
mkalancea
pridprid
vikatc
zabloczkaya2012
listopad.iuliia
simorodok62
canon1
zarinka1111
kovrnatasha
tamriko0942
naz-74
levana928
akkolesnikov
onamrdiu
yulia_yulia_13
djon.net
yahnox75
kuponatora
filatov_and
zabotin_sasha
prozukin-shift
mila90974
ber
n_pletneva
oleg.jann
kovalha
cartoons
dymkovpavel
slava.grinco
volga11955
molchanova_tlt
goluboglazka08
marinadeduxinaa
lupashku89
natatuma79
vashenko.u.u
djmaikl86
sm.karat
qwedcxzas
andrey-1983_08
blackpearl
dianochka1924
mishas001
max6751
bad_boys_adience
rozlori
manin-d
ololoeva-99
chucha0810
vakantie
6125060
bytopmcd
zuewamarija
kotopes_o
spring938burston0001990
serega-cash
manuliktatyana
zenit-talnah
olgha.pietrova.1979
rerghr
dana-14
kurmangazieva_gulmira
oriflame_1910
melmel
vika-selfish
sungelika86
volhina-73
seregjvich
maria_q
osynadepu
mzyankin
101020
misch.sosnin
playboy7
sigora79
aztyvl_ka44ze
yushinazena2009
ben_a95
safronov_3112
mito.lo
ignatova_1978_09
ralphc8xf
avkhachev78
valya-lera1
pyanzina_elena
sorokina-999-01
sonia-91
motrya.larina
sakoshka_masha
glafira110169
rbtsozeva
vkoryano
hamulakvitaly
zarina_loves
max.kirilov.90
shunia0505
milena699803
rkamkin.karoli1988mp
mahmudali1987
bolno_18035
rezvanov_a
shirshov.1968
zabolotnova31337
nat5g
olegshut
nati.beridze.92
riwr2hky4w3tjgg
tender
mixaxa2003
kotova_74
posoxina.88
avetisyanartur
morozovavalya28
voloshink
kuliiev.79
kuznecovviktorr
eanovozhilov
valya-valya-1982
varida.alibaeva
raisa720290
mandds1mg6bv8re
aksenov.dms
sergei1986inna
lena5stars
rita_nizhnik_r
prikoluxa
avikuzen
standard1
oxana.o
crosby
mojurus5575566
machukreeva
arividerchi_shatalov
zolotarev08
lisenkogv
rexocinod
ghalina_1971
rzaev_ilgar
ivanov2305
6430130
tema.barabin
never_desponding
litosik
dimebag
varfolomey_72
azik_06
pletnevakaterina
simonova5570
karusev_spb
felix.1957
dove797
gofman_osk
rahmudinov92
tasya.5
volokitina.olga
kati-leva
fishbaracuda
rogovsasha123
777dashuta157
ms.polza
hallucinationse
magic-n12
azefirov.inno1987.r
davidstrokov
lexa-let4ik
gjcaixxx
victoriy70
bakuman.manga.drawing
mirellabroersma1987570
mordva1783
mityukova.anya
stroikarat
welder1
zarinaismailova
mylfard
qwertyuiopasdfghjkl151515
k.u.r.t
sergey-personal
starpozitiv
victor_sakhalin1990-20
dimulya.vasilenko
alfakran
fs.swl
safonova.1967
evial_marina
mede_voda
kuchinovao
sporu-netu
aylyan2001
anna.savickaya.1986
vartk
ivanovamotya
blackangel09021
slonenok1009
vihotsieva94
simonoff-dj
regawf7ss1dm7rn
krick.bk
golovizina_elena
aceeva.irina
vicusa.tatyana
gidrometeoburo
stalker_lemurrr
volik-yulia
mks.01
damira.shagabutdinova
tishenkoff
malina_bratsk
0210-605
jeka-ka85
aqwleeb_6e0pk59
mks33
iurkeawov
ksyukha1990
mak301988
football26
andohz
kejan82
simakov_evg
sieuwaprd
tema_ku
sogevigdil1981
jeter02
valya.lantux.83
jekan860803
ylik1911
stsnatasha2008
zaborov_t
volkovaolguna
dgonni86
maxa-78
universidad
matveev792010
gadjieva.gulmira
famar219948
valya.shapoval
vs-nd
fyujk.fyukf.87
connor123
sbally_64
6041074
slava-45
zevs_ev
annywka_86
kinyabuzova.eleonora
e_dovich
popovkin83
fomalex10
alija-gatina0
sgtrsgh
sunnny56
laobidenko
strezhetova
sovin.sv
zabihullin99
stason16.92
wwwamador91
aza_93-93
sergej_de_sad
olga.ponomarenko.2012
sattorov-q
armada-n
marimax.85
leto-nataly
TheCrazyMaxim
26.09.67
sov1_86
maria-demidchik
eloisa
korostelev_3333
fjodorova-natashenka
avto55.rus
ari-kyarova
valya.klimenko.87
sergey.melnik-1996
londra
serikpaevna_92
vik22535477
frant_nat
voljanka1976
koala_1995
nemochkao1975
marina_stryazhkova
fotinia-66
oleg-andry
rogovivan72
stepanov.ag
evgenkac
barkov_65
serg.aleg
fatimah
hrustem65
sergdock
ry1dtv
gaar_vitalik73
balentinra
monaliza2786
shilard
strange.lena
sataieva.elinka
babich.e
romanova.natalya.96
redko5
abrejkina
gatina_albina
trofimishe
volodina.elena66
lizasp07
6450716
arturamirov89
black10
t_v_belyakova
efimkin_igor
ilya_al_80
aram198309
sergio-emperior
samsuchonok
arsik-di-noxcho95
fardubay
zarina_zhasan
fedotovsa76
laser
palmer1
mihailpezhemskii
sosexy1
antsiferova1973
monk3y
serg-ks.87
kamazist.tsobenko
mogychajagopa
dimitr692010
gholovach75
zachodnio
skorpions23.5
shorty23
serega_torov
telegina_65
parfenovav
llll.70
ramis_bairamov
simmons1
raisa_smelkova
compaq2
ss_1983
kafedra_oisp
ametistfatal
dua82
shea019bernabei1992
donskihv
varika0
marielwfledlow
dimastic
volkslt35
leeann1
bikers
nastenabendel
amigo
kudryavcevavalya
ilovekiss
nikkie
ryabec.m
myhouse
lexa290195
lipovv70
shakmakovataisiya1992
79621601378.kirill
ryan13
143love
10101989
halohalo007
231288
an4oys12120
vedro.ru
marcia1
1space
monica2
january23
sexy_julija
bigdaddy69
pepper13
codered1
dawid
loser7
chocolate6
criminal1
monkey55
1guitar
bubblegum2
231089
rfnz
brianna123
alcohol
ei33a
chrome
gargoyle
560100
bwFq23jp7F
douche1
alchemy
sinead
1taylor
bonnie123
10231023
1mexico
joshua07
candys
badboy69
whyme
asshole4
denise12
selenagomez
nfhfrfy
thedoors1
joachim
danielle3
bigger
gatto
1357997531
mshelp12
hussein
coolcool1
bailey13
02020202
festus
dindin
doom
bondage
newlife08
hannibal1
1junior
7878
motherof4
girlpower1
buster3
edcrfv
matrix12
rock101
mylove4u
providence
keekee
080888
120388
1206
elohim
560032
moses123
hummingbird
pierrot
kilian
maciek1
travis123
200100
hybrid
2gelaF3h4A
babloo
zaq1234
skate13
554433
loser.
fulham
marek1
corndog1
123456qqq
waffle1
1black
lauren13
alvarado
december8
sexyback
ashlyn1
ronaldinho10
5482
shocker
sleeping
ï¿½+ï¿½ï¿½ï¿½ï¿½ï¿½+ï¿½ï¿½ï¿½
august08
minou
shithappens
indy500
michelle23
pwlamea10
adeniyi
101091
elias1
mark11
soleil1
michael24
f123456789
savemoney
ivonne
stas
aa12345
kikay
3monkeys
ï¿½ï¿½ï¿½ï¿½ï¿½ï¿½ï¿½
avery
raerae
1hotdog
chance12
101187
biodun
sabrina2
peaceful1
Barbara
miamiheat
yellow21
lobito
micky1
petrus
angela01
friends.
julianne
nokia6630
f22raptor
dude1234
nipples1
cntgfy
nickname
1231231231
tsubasa
firetruck
dre
103103
outkast1
zimmerman
damiano
shanshan
sloneczko
oneone
espresso
manda1
firstlove
doughboy1
imagination
reddwarf
5tgb6yhn
kristinka
jeff12
sorry1
maria10
ararat
fourteen14
helloyou
splash1
3stooges
gorillaz1
jesus21
conrad1
kamal
tiny123
rock11
tillie
freeride
mikejones
fuck_you
freeme
friendly1
nbuhtyjr
chelsie
my2babies
jaiganesh
sunkist
rockband1
laila
beemer
emergency
youtube123
223366
060686
010188
12345678p
1021
luckie
password90
burberry
dia
audi100
reece1
snookie
Johnny
830928urodziny
llllllllll
tina12
miley
198510
alaina
daniel99
praisegod
ukraina
leila
pitufo
12121987
GEORGE
batman!
2bitches
rey123
monterrey1
saun
anutka
sorry
1dream
mikado
jenna123
putamadre
stocks
120987
amerika1
guzman
nokianokia
lostlove
seven1
buddies
papa12
maxx
organic
yoda
petewentz1
708090
pass007
hardstyle
matrix2
rubber1
rockwell
password91
getalife
ÐºÑ€Ð¸ÑÑ‚Ð¸Ð½Ð°
halo23
bailey10
xboxlive1
jjj123
dragon15
newman12
thomas7
ramana
cayenne
wertwert
blahblahblah
maggie22
margera1
preacher1
thomas23
fabricio
chelsea3
yankees12
toujours
margosha
12541254
Jessie
troll
mentor
12351235
cake123
martin11
aa112233
csyekz
loveme5
omar12
qwerasdf1
718293
gbyudby
ficken123
princess88
scarecrow
r0ckstar
12121990
dianka
brenda12
january21
perez1
mercy1
arcoiris
massimiliano
120686
cho
030609
markmark
jackson7
naruto01
steeler1
imogen
bigblue1
5xq57cGseB
Tuermchen
number21
hannah07
suarez
000333
rose13
mamo4ka
souljaboy
niknik
king01
196969
amanda15
123321s
invincible
august3
lyonnais
richelle
43211234
dilara
gamer123
400097
brigada
google3
avanti
ahovwpib
guerrero1
hel
savita
milly
slayer123
1106
50cents
blackmetal
qqaazz
i81u812
t1gger
midnite1
hassan123
randolph
kakadu
LPPnLdTZX
10101988
trapdoor43
charlie9
chloe12
playa69
020508
rerecz
iminlove1
apple4
michelin
405060
qwerty09
nisha1
coorslight
mydick1
vasco
gaygay
szymon
0o0o0o
redalert2
sangoku
chivas01
purple77
custom1
bbb
400001
daniel6
gamecocks1
stgiles
brittany11
derek123
123456prof_root3.sql.txt:,
welcome01
ig4abox4
lulu12
energie
monkey00
hattrick
bicicleta
london10
hellno
bearcats
tyrese
49ers1
hicham
12123434
happy10
aidan
susana1
harley03
cookie14
alexis7
truth
RICHARD
pinkrose
rexona
sweet3
555111
dudeman1
roflcopter
bball4life
gretta
linden
micah
murat
silence1
jimmie1
lolly1
bonethugs
babygirl25
patrick5
aka1908
anthony69
Computer1
123456ï¿½
fingers1
infamous
pippin1
antalya
baldwin
senorita
949494
ron
edwardcull
101082
apple1234
sewing
olivia01
44magnum
fer123
carina1
pornstar69
Pepper
blowfish
accent
foreveryou
cowboy12
visual
jonasbrothers
aaaaaaaaaaaa
jordans23
120485
altima
rosewood
cameroon
oakley1
sarge1
lambchop
morten
sydney01
Tiffany
dfghjk
breeze1
cherry11
lover15
pppppppppp
flirt
lockdown
francais
angel04
1superstar
101287
852147
coventry1
111983
green16
alfa
ofelia
Hallo123
amanda18
woaini521
asstastic
amber13
brock1
COMPUTER
niko
nicolo
lala22
zeeshan
magadan
greentea1
qwerty14
sunshine6
dongdong
jomama
zigzag1
010109
okidoki
leomessi
fuck23
titleist1
123dog
contacts
101289
hungry1
in2806rbk
stefani
veracruz
conway
jitendra
lexington
gandon
octobre
seatibiza
alex05
today123
balloon1
marcelo1
tmoney
wingnut
atdhfkm
kbctyjr
HANNAH
sakuragi
sonne
sweet!
fight1
jeremias
mikkel
198811
101290
locoloco
ilia16739
htubyf
punjabi
filipino
koukou
molly11
JUSTIN
mourad
percy1
highbury
family05
beautiful7
annann
cheer13
defense
disney123
peace&love
thetruth
babygirl.
single12
books1
olo65b6666
qsdfgh
jess1ca
nascar08
jigga1
rapunzel
alexei
hyacinth
1elizabeth
14521452
mohawk
melissa3
skater7
110388
hunter6
chelseafc1
Richard1
135
flowers12
wellcome
kristopher
buzz
j3ssica
nakamura
redneck2
maddy123
nitro
reggie25
hardrock1
12345678t
owen
blink1
morgan13
brianne
bear1234
booger2
112244
offspring1
600042
mike15
alex25
charlie22
3030
quinton1
mike08
michi
natale
12345trewq
asdfghjkl;&#39;
taylor07
newbie
optimist
bassoon
jayden123
dawid1
flower10
vedder
fuckm3
roflmao
purplehaze
150150
gilligan
dionne
marlin1
3429795
macbook
baker123
josiane
yorkshire
110589
baby77
11211121
dragon00
ashley24
fallon
tyrell1
noah123
ramadan
1buddy
draco
webster7
tretre
volkov
romanov
fuckyoubitch
25tolife
sugarplum
147852963
baron
chesterfield
230388
andrea13
spider2
baseball27
sexyone1
10111213
perro1
sidewinder
okinawa
chevy123
pervert
david4
forester
whatever.
dickie
force1
fresita
torres09
arlene1
anthony09
mememe123
marie01
chevy69
delta123
tarantino
pheonix1
1password1
brandon08
connected
dunhill
katelynn1
margie1
diamond4
cheetos
2828
disco
zaxscdvf
clock
classof10
cloudy
ginger13
ziomek
bolero
millie123
wilson123
jesus4
gewinner
cassie2
dallas13
1poohbear
270787
limerick
kodiak1
hinata1
ZXCVBN
cghfqn
bluebear
Angelina
usnavy
reefer1
9379992a
weare1
mallard1
051988
korn666
del
jesus09
junior7
Ð°Ð½Ð´Ñ€ÐµÐ¹
noemi
rebeka
happyme
mustang99
camron
290989
alphonse
riders
godfrey
10121012
football51
denise2
pass12345
123456prof_root2.sql.txt:,
soccer04
industrial
puneet
420420420
justin8
1207
angel89
trance1
chicago2
rockstar13
robson
mydaddy
dayton1
w1w2w3
blaise
120888
blue07
jayjay2
Manchester
sidekick2
lighter
pitbull2
gatsby
nurses
ilovemommy
jeremy2
cali123
misery
amanda23
gbgrf
benjamin2
201201
cherish1
azer
ashishbiyani
135797531
060708
sometimes
fifa09
coffee123
120585
kalinka
sarah13
raiders123
drums
cadence
bigfish1
584131421
makarov
jacob11
100688
th0mas
nene12
carlo1
a11111111
jayden09
88889999
rene
virgilio
lmao123
ÑÐ¾Ð»Ð½Ñ‹ÑˆÐºÐ¾
kush420
123400
titoune
dogface
a123a123
MOTHER
eroticy
1bigboy
mika
raja
tennis2
cneltyn
111980
dell1234
iluvyou2
leighton
alexander9
myspace33
kobina
012345678910
elektra
http://www
gol
jj123456
grammy1
110789
130588
artemis1
beatriz1
amitie
cutie7
alexis5
calcutta
geibcnbr
jeanne1
Genius
doghouse1
nick22
onelove2
megan2
147123
biggirl
mnmnmn
1031
peanut22
merlino
manyak
hilton1
blue52
chanchan
auggie
macgyver
chemist
suck
sporty1
520123
jazzy12
gracie2
S9QxA9Yn9Cc=
ahmad123
120988
lovealways
110487
turismo
summers
1120
suckit2
STALKER
cookie101
pittbull
terror1
nicole19
football30
ross
kirsty1
fling1
sesshomaru
russland
bubbles4
imsexy
joshua4
thatsme
tabasco
ou8123
downtown1
selina1
plies1
savior1
1cheese
plymouth1
manga
erica123
Virginia
universe1
explore
detective
sa123456
bigboobs1
emploi
143445254
cocochanel
08082008
4242
crazyboy
joshua06
cowboys21
destinee1
forsaken1
gaylord1
tiziano
lekker
ytngfhjkz
junior21
jeannie1
322223
brabus
bitch24
o0o0o0
priest
bettyboop2
jose14
gfgjxrf
david15
afghan
asdfghjkl2
l1234567
september6
andrew69
zxc12345
deathmetal
water5
thelma1
flip
abcd4321
asdf4321
paint1
sweetbaby
vfylfhby
20080808
furkan
camino
star55
janeth
owen10
lovely11
volkodav
orange4
gremlin1
lions
10001000
258025
@yahoo.com
dima1995
skater14
FOREVER
doris1
bogota
9268356683
pinkgirl
greenapple
121291
dragon24
nana11
110989
trent
forever13
ladybugs
110065
aslan
hollister5
Angela
1227
zxcdsa
cyy813zRvR
210588
1david
vanguard
emma1234
nadeem
evil
metoyou
phenix
aliyah1
grandma3
mexico15
ilovetyler
ottawa
paradiso
bella10
rockstar7
sexy12345
capullo
yellowcard
renaud
101010a
12345666
pepsimax
shamil
dance101
ababab
tooshort
Samantha1
shelby01
520520520
cheese13
01478963
alex77
shorty10
9874563210
rebecca123
224422
nachos
ï¿½+ï¿½ï¿½ï¿½ï¿½ï¿½+ï¿½ï¿½ï¿½
1478520
shamus
420smoke
tahoe1
cinder1
7890
11223
shocker1
rockstar10
mustanggt
furniture
everquest
221288
harryp
chetan
197300
mailbox
solo
guyana1
hottie6
chrisb
jessie01
Ð¿Ñ—Ð…Ð¿Ñ—Ð…Ð¿Ñ—Ð…Ð¿Ñ—Ð…Ð¿Ñ—Ð…Ð¿Ñ—Ð…Ð¿Ñ—Ð…Ð¿Ñ—Ð…Ð¿Ñ—Ð…Ð¿Ñ—Ð…Ð¿Ñ—Ð…Ð¿Ñ—Ð…
3344521
misskitty1
lalala12
000ooo
abbie
214214
google11
258258258
macbeth
orgasm
ghbdtn1
myboys3
kaden1
bluetooth
remote1
stranger1
1qa2ws3ed4rf
topgear
bartender1
john3
louise12
heartbreaker
trucking
141001
112233aa
snapon
daddy7
emmitt
jaqueline
12251225
JUNIOR
skyblue1
fabolous1
keesha
fxzz75
healthy1
jajajaja
molly01
elisa1
qa27111985qa
cooker
vthctltc
1133557799
passwerd
whyme1
qwerty56
vfhrbp
1jackass
deshawn
beograd
datnigga1
rostov
transformer
fruity1
salina
CHELSEA
Olivia
blunt1
password101
amor13
grunge
chocolate.
rugrats1
A123456a
blade2
romania1
1joseph
pavlov
amanecer
tubby1
lambda
credit
400063
shadow88
fortune1
pawel1
toomuch
1madison
vjhrjdrf
willy123
bronze
niggaz1
fusion1
ckfdbr
buggy1
uruguay
1tiger
schmidt
guitars
wtpmjgda
poetry1
sunshine09
sweet6
131211
hockey33
aremania
pinnacle
glory
Ð¿Ñ—Ð…Ð¿Ñ—Ð…Ð¿Ñ—Ð…Ð¿Ñ—Ð…Ð¿Ñ—Ð…Ð¿Ñ—Ð…@mail.ru
quinton
lexi
bigdog2
gmail.com
cheer07
cerveza
allblacks
Soccer
dancer87
kotek
sweet7
Ð¼Ð°Ñ€Ð¸Ð½Ð°
guitar3
august6
screwyou
100888
120486
198622
fordtruck
green77
bb123456
sujata
nygiants
ibrahim1
funfun1
jason01
boobs2
betsy1
beautiful3
231188
iceland
trees
cool101
maymay1
bimsta
sassygirl1
matthew23
hannah14
lovers!
alex101
123412341234
5203344
jimboy
babushka
jacob3
tommyboy1
subwoofer
blu
maestro1
iloveyou77
560075
jesuslove
10101986
rookie1
sonnyboy
michelle8
princ3ss
dolly123
cherry3
leon123
greenday7
hannah6
samantha7
dorian1
135789
hihihihi
cookies3
work123
naruto99
shinobi1
retarded1
suckit!
asgard
shithead2
florentina
memyself
maddie01
december9
120487
123321qq
jenny2
jesusislor
james17
idunno1
rukawa
evergreen1
recipes
eatme2
player3
emily13
blaze123
Mustang1
jas123
1raiders
otto
davidson1
bluegrass
shanthi
salmon1
warcraft2
iloveben
gurudev
carolina12
keith123
mollymoo
crayola1
Patrick1
olives
bartolo
polish
peanut5
aguilas1
khalil1
uptown1
chicken.
movie
wilfred
222888
12141214
dipshit1
143001
shauna1
tri
duracell
5683love
nostromo
1yellow
molotov
officer
1dancer
dorina
cla
green33
000011
howdy1
492001
prettygurl
astro
jason5
00998877
icecube1
ilovepink1
carlos22
120989
vfvf123
carlos23
Matrix
puffin
vfnbkmlf
bubble2
gomez1
charizard
wookie1
naked
mikey12
superman6
destiny4
raissa
franny
miguelangel
weiner
costa90
CARLOS
school11
dom123
samantha13
ï¿½+ï¿½ï¿½ï¿½ï¿½ï¿½+ï¿½ï¿½ï¿½ï¿½ï¿½+ï¿½ï¿½ï¿½ï¿½ï¿½+ï¿½ï¿½ï¿½ï¿½ï¿½+ï¿½ï¿½ï¿½ï¿½ï¿½+ï¿½ï¿½ï¿½ï¿½@mail.ru
lerochka
apple23
560093
sosiska
rfnzrfnz
1008
blowjob69
carlos3
maggie7
hard
skylark
bball32
200588
dandan1
hemant
midway
543216
naruto15
oxford1
8080
belfast
hottie21
sofiya
filosofia
nothing2
bunnys
smart123
flossy
sowhat1
mysterio1
happylife
ginger22
family8
september5
guitar11
squeaky
shitfuck
frisky1
mariamaria
saranya
111982
pussy23
password26
saturday1
svetka
170986
lfhbyf
123!
denisse
buddy10
superman.
mangas
different
fatiha
shannon12
pratibha
freedom11
chispa
james18
orange23
callofduty4
pf
3131
godschild1
amber11
football72
ghbdtnghbdtn
94793763
friends6
olabode
celestial
emo4life
tripod
1redneck
pinhead
fs7600
pendragon
whatever11
martyna
whitey1
BATMAN
alex2008
mike24
jacque
harriet1
hobbit1
punker1
film
daniel09
123hello
sslazio
400092
fantastic1
jason21
pipiska
loveme.
morozov
retire
shorty21
dipstick
murugan
dasdas
121989
charmander
paragon
shay123
1234576
n111011
Christopher
tacos1
cupcake3
peaches3
crazy69
goofball
alias
timothy2
boulder
alex777
bulls1
sysadmin
sparkie
jaden
amanda14
yankees27
drumline
24081986
morgan10
sneaky
sakura123
austin5
pepperoni
decembre
strider1
ilikepie2
laserjet
conchita
travis2
courtney2
jellyfish1
philou
leviathan
cameron7
200300
chance123
marlen
333222111
tweety7
lin
friends13
monday12
methodman
fleur
timeless
lbfyjxrf
carmen12
anth0ny
231231
damion1
adrian2
sparky2
nigga3
loreto
eastern1
dammit1
chance2
fatboy12
ryan22
120887
130988
montenegro
taetae
emily3
tigger14
122
george3
thor
memory1
oriana
2580456
daisuke
worldcup
edgar123
fucker.
sunitha
sonia123
deguzman
natasha123
topbutton
god1st
poop25
meandyou2
carletto
chip
mcfly1
pepper22
tonight
daniel69
bimbo
mantra
deleted
palembang
whosyourdaddy
rock1234
champs1
hotgirls1
claymore
2hearts
Stephanie
Q18lG49iq8BhU
varsity
palestine
makenzie1
mooses
graziella
z1z1z1
foot
bitch8
aventura1
221286
triumph1
12241224
blackmagic
balloons
achtung
wonderwall
buttface
zxzxzxzx
nathan3
carioca
temple1
nelly123
ddddd1
133133
loki
tiger4
class2011
411007
yinyang
lindas
gangster2
peterbilt1
garuda
babyboi1
chris20
rachel11
merlin123
byebye1
abuela
metro
197000
buster7
oluwasegun
250587
321cba
kenworth1
loca123
duke11
rico
kahlua
alla
harper1
sexy88
killswitch
black69
acidburn
scareface1
payday
111187
12311231
katie3
newyork7
weedman420
buddah1
yetunde
samara1
only1god
alex20
vlad123
itsasecret
ketchup1
120986
vancouver1
br
Nicolas
tianna
13579246
four
mountaindew
angel007
machoman
301087
steelers86
berserker
BABYGIRL
warpten
yourmom69
jajaja1
1911
karine73
Patricia
greengrass
120889
carotte
madison11
clarice
minerva1
guadeloupe
77778888
toto123
sydney12
peter12
james16
jocker
marialuisa
jos
carter2
baby89
lisa1234
68mustang
a987654
xtreme1
cocacola12
robertson
christiane
FLOWER
123myspace
cancun1
strike1
1015
helsinki
p00hbear
12qwasyx
ginger3
dazzle
23wesdxc
peace11
pianos
091209
hollaback1
countrygir
cs_000
fatoumata
tumadre
javier123
baraban
ban
tequieromucho
edward01
arshavin
daniel20
hibiscus
profession
abc.123
miaomiao
sexy55
angel33
bidule
cherrypie
aztecs
wetpussy1
ANTONIO
jesus14
joshua14
bella3
bullrider1
bmw
lunchbox
frog12
happys
220788
loveu3
collie
logan12
suzana
shana1
amadeus1
heaven123
neoneo
121186
1233211234567
cowboys8
john14
january17
74123
skater101
patches2
disciple
shadow4
cross
sexygurl
MATTHEW
kevin01
nonsense
100689
klimov
sar
loveyou4
flower22
smokes
brooklynn1
Louise
generic
120490
bruins1
chicks1
nina12
verano
fuckubitch
madhavi
mu0LFpv2
110686
tatertot1
delfina
18121812
cancel1
ruffles
kingdomhearts
asdf456
198383
jason23
110889
carling
heybaby1
soprano1
love123456789
lucia1
Johnson
cactus1
cheese.
fagget1
1sister
sorrow
success123
polo12
rainbow5
triniti
rainbow69
dianne1
luigi1
pollo1
786000
rugrat
penis!
rocks1
playboy3
freshman
yo
mexico23
iloveu11
loaded
redeye
1234567v
bball4
dortmund09
commodore
karamel
brian2
softball24
amore1
nigger5
emolove
baseball44
p0o9i8u7y6
track
datsun
ranger01
iamgreat
joshua18
127127
kolkol
oberon
shana
090989
buster5
caution
evaeva
december6
bitch420
chevy454
manny123
adams
dumbledore
marmar1
return
stockton
vidanova
ford123
diamond6
iris
bebeto
231090
changes1
password78
speak2me
mami123
110389
kirakira
110888
lottie1
monster!
barrett1
crespo
theworld
killer007
augustin
gilmore1
mus
aini1314
rjcvjc
amit
sweetu
turnip
darknight
ilovecody1
spillo
k1ller
julian12
5252
1216
Maverick
alicia123
hogwarts1
jose11
boom123
tamerlan
happy69
cadence1
sixpack
lovey1
john69
198911
001973
wingman
120187
chessie
iluvu!
beverley
hotmail2
110088
capcom
marcela1
mia
hehe123
patagonia
paris75
lovable1
223223
david07
sober1
sofia123
save
drew123
custard
sgdHhfC4x2
freddy123
maritza1
02021987
kzkzkz
luckyone
knuckles1
1qqqqq
gnusmas
mimoza
brooklynn
ivana
November
8letters
grimreaper
discus
technics1
trustn01
daniella1
jomblo
crazy7
geisha
intelinside
cardenas
annalena
nicolas123
pig123
bbbbbbbbbb
scooter3
gracie12
lazaro
lanena1
jjj
henry12
storm123
gangsta7
blue56
upyachka
matthew9
starlite
smile3
marie08
help123
220687
eliza1
nastja
121185
address
partygirl1
dragon101
william13
1qayxsw2
costarica1
nihao123
bluejays
babygrl1
hilltop1
vampire666
wankers1
shalimar
iseedeadpeople
play123
command1
smartass
harley3
carlos21
bilancia
polipo
georgiana
speakers
rescue1
cheese22
135531
123lol123
candyfloss
freefall
clifton1
mouton
BUSTER
moumou
198522
Chris
123445
fucker5
hannah23
whatwhat1
blondie2
matt13
biatch1
12121986
bisexual
taylor23
daddyo
savannah2
teamo2
mexico9
ganapati
120790
rrrrrrr
zebras
cosmo123
daniel06
sandrita
198012
12356789
shinchan
peppers1
indigo1
khankhan
asd123123
321987
Edward
california1
solitaire
orchidea
january10
jaihind
ginger7
316316
katusha
family09
811224bai
pizzas1
nemo123
amanda16
typetogether
hedwig
sugarbaby1
bb1234
pajarito
bootsy
bitanem
my123456
dwight1
worldwar2
121988
12many
punk12
1111aa
ich
Cooper
22061941
carnage1
suburban
gfgfgf
gabriel7
nicole25
210688
vijay123
vladimir1
kareem1
arrow
1217
ben10
profesor
january28
123sexy
popcorn3
slipknot13
0202
Friends
element5
flower13
1rockstar
openopen
shuttle
my4boys
jimbeam
420000
vodafone1
phones
bailey7
tombstone
gasgas
sambo1
jackie01
woainima
loco12
analog
741147
lamejor
feelgood
jayla1
love4all
vaishnavi
banks
beautiful!
masyanya
jordan17
provence
jameson1
luckey
110786
softball16
abraxas
killah
hawk
camcam
doggy12
Isabelle
yourmama
vinay123
gostosa
angela2
Garfield
1drummer
snappy
qwerty90
daddy23
6789
filipa
joshua99
watford
sangita
12121988
sup3rman
mydick
argent
loveall
fhvfutljy
joaquin1
fresno
rocko1
shippuden
rosina
poop99
michelle69
flower!
110990
tx9Z6ht5eO
luckys
u6kz2lppto
raghav
pompiers
123123qq
benjamin12
minimini
miguel13
pentium1
Vincent
pandas1
pugsley1
secreta
diving
summer23
happy101
balong
lamine
556655
babes1
flaquita
bamako
emily11
razor
1369
happybunny
koolio1
fuckthat
forgive
building
bel
pooky1
asdasdasdasd
tomasz
kantutan
100486
cherry5
prospect
a2a2a2a2
shizzle
muffy1
hunny1
rockydog
hunter05
fafafa
liefde
123qwe456rty
cedrick
jordan18
220288
denise123
leanna
defender1
trinity7
rollin
jun
weiner1
roseline
helloo1
pussylover
notorious1
mummypapa
pA1ub65udD
pepper3
neenee
ab12cd34
thizz1
millos13
ch33s3
cutie15
junior09
papercut
december4
07071987
sitaram
lanena
wallpaper
171
eduarda
blue08
jojo13
010185
221088
GoxyBoib
beaumont
whore123
casey12
pepsicola1
lauryn
crayola
z010203
birdhouse1
mousey
1234567qwertyu
cowboyup1
qqqqqqq1
godswill
dragon!
fighting
sas
vk_vk_777
Sabrina
qwerty15
loraine
superb
music01
moustique
deskjet1
7788521
melissa13
caligula
sco
canes1
survivor1
bombers1
moment
matthew!
chelsea13
goodnight
120188
Samuel
Batman
lizzy123
110590
sadie2
xzsawq21
intheend
miss
dtkjcbgtl
chippy1
deandre
110045
nirmal
snikers
libera
bowl300
tool
biscuits
jenn1fer
fuckhead
01011978
pookey
legoland
idontknow2
kashif
pepper7
sting
killer!
021084
alonso1
jane123
kendrick1
cheska
1234go
innocent1
winter10
slippers
jasmine8
10101985
xsw23edc
doobie1
scooby-doo
goirish
sexy100
elvisp
6poppin
topsecret1
johnny7
superman14
201088
bong420
lover6
198210
zero12
namaste1
assfuck
yankee2
firdaus
audir8
123456789987
redwall
pineda
chameleon
111111s
skeptron
crissy
juanmanuel
football31
makita
dexter12
blondinka
hopper1
january25
smiths
stonewall
maggio
1stlove
junkie
saturno
kelsey12
ruby12
blinky
roselyn
blunts1
january2
dipset2
thc2000
mysterious
champ123
creator
bhbcrf
minina
babygurl01
12121989
maggie!
london99
himmel
191
hope12
lori
ilovejason
Ð°Ð½Ð°ÑÑ‚Ð°ÑÐ¸Ñ
bailey3
vorona
knowledge1
pekpek
bigass1
brandy2
element7
miller12
nissan240
ibiza
120685
1hannah
anaana
1128
deuce2
fabiola1
dance!
christa1
lucydog
hahaha3
140289
pumkin
hambone1
marley420
sucess
bambola
dagmar
jesse2
1478
cheer11
luvbug
seminole1
110489
cubalibre
cooper01
tony14
wade03
masterp
netball
catcher
ashley9
dallas21
nico123
peluche1
angelz
morocco
emo
sergio123
eliza
eumeamo
crusher
jingles1
thrasher
chikita
egor
easter1
230689
kassie1
567765
postman
kukuku
Abc123456
krypton
pussy13
francesco1
bowman
music4
bhabes
guadalajara
juan23
jologs
jared123
snoopy7
0p9o8i
evgenia
cole123
786
adrenaline
jiggaman
password12345678
justin06
ghj
sandy2
100585
oooooooooo
code
rkfdbfnehf
gaming
lolol1
gary123
fbU89bxx5F
babygurl15
fatfat
starlet
frenchy
MUSTANG
ver
fucku3
flvbybcnhfnjh
220688
123456love
maggiemae
000000q
silvester
foreverlove
jeanie
subzero1
facebook12
green9
hounddog
lion123
jacob13
yokohama
karuna
printing
11223344a
parol
bitchs
smileyface
carlito1
301090
whatever5
piccolina
05051985
bigbuck1
olgaolga
usmc1775
5454
chips
ioioio
ilovejake1
150585
senveben
vanity
godofwar1
fuckyou99
acdc
eastenders
iloveyou25
allegra
topolina
vertical
under1
kayla13
tastatura
stokrotka
pokemon22
sweet14
EXIT_WINDOW
dotnet
jordan03
cocopuff
12121
gameover1
pizzaman
3151020
braden1
bowwow12
gogo123
biggirl1
olatunde
sashasasha
makmak
sunshine19
mom&dad
198912
skynet
silly123
copper12
vbhevbh
chris25
angel12345
ready
rainer
pooh13
poopoo12
watever1
flyfish
#1hottie
lucky101
tori
luvme2
godofwar2
220488
prabha
blowme2
construction
poornima
EUdlEKB645
sunsun
a0123456
frimousse
fars419
001986
nature1
daniel9
jordan02
acosta
rockstar11
chocolate123
iloveyoubaby
1ladybug
198722
nyt
my3babies
il0veu
andrew08
sommar
wings
orchard
120385
harley99
glamorous
girlygirl
anupama
nurlan
231189
jules1
1233214
121003
jennings
harley7
f14tomcat
spinner1
eagles36
shekinah
sexy26
1christian
sylwia
qazqaz123
buckshot1
mama12345
alcapone
noob
nirvana123
duck123
meuamor
okay
hannah06
hooter
08081988
eduardo123
andromeda1
january14
war123
iloveyou99
woman
castello
minmin
kimberley1
prabhu
grandson
sadie12
mooney
mamasita1
bigbutt1
nicole20
supercool
boston123
2244
w1965a
albert123
junaid
4brothers
arjay
kwiatek
master23
apple13
1212312121
catnip
jennifer11
4twenty
mexico86
jessa
jetaime1
zuzana
psalm91
classy1
9thward
crayon
szeretlek
1111114
bubbles01
chaos123
iloveyou
nokia2000
890
whitetail
a789456
001985
120390
10101984
mylife2
porshe
loveu123
tester123
family08
1108
sanpedro
damage
garnett
saratov
alex19
stefanie1
juanjo
dragon18
docrafts
besties1
dadmom
2pretty
sting1
fynjybyf
bert
twiztid
hello111
elizabeth6
senior10
inspector
120785
password1234567
takecare
origami
fuentes
trujillo
4meonly
1127
dino123
sweetmother
hondas2000
tucker123
eldiablo
camping1
pet
cameron5
master1234
cutie09
110062
atlas1
MARINA
oluwole
boomer123
creature
SANDRA
giordano
secret01
iphone3g
wakeup
ladybug7
bennyboy
ginger5
cameroun
1028
101284
soloio
100487
barney12
kasper1
corrie
goonies1
bowhunter
diana12
sugarbaby
1234me
1sexymama
mirko
coolest1
spalding
amapola
snowball12
funnybunny
spencer2
stephy
1412
bigbooty
koliko
123121
cocker
franzi
smoothie
phillips1
cnhtktw
kapitan
ashley06
supermen
noob123
121277
lokiloki
dickface1
new_user
2friends
ihateyou.
sara1234
funtimes
blackjack2
13691369
avgust
bumbum1
saheed
grape1
crazy3
543211
westside3
jewell
lollipop2
baobao
1forever
understand
wireless1
starr
jordans1
zimmer
paulita
sonoma
melani
harvest1
shadow8
sasa123
babygurl10
davida
201090
annick
london2012
130688
mamama1
death12
fuckin
killbill2
110690
annamarie
1109
120386
olya
six6six
tink13
120584
123520
coco13
highway
bubba3
gabby12
21122012
jenny13
trainer1
loveme09
01011992
steven13
240484
samantha01
10101980
120484
a1b1c1
bojangles
anthony18
angel28
15963
robyn
qwerty2010
bucket1
acmilan1
bullshit!
pimp08
chocobo
irule1
sheeba1
miami123
espace
twenty2
squishy1
QAZWSXEDC
230588
Cameron
lickme69
1Q2w3e4r5t
acer
yomama123
pink33
012
crazy5
147852a
edgardo
dbz123
jordon1
one23456
QWE123
holiness
australien
turkiye
saphira
hanane
tuborg
mickey22
110386
121187
cartagena
high
green18
pisica
gfhjdjp
theman12
ball12
001984
louis123
toaster1
sssss1
taylor15
acura1
widzew
onetwothree
cromwell
treacle
gogetta1
yourmom.
maddalena
jezebel
senior1
malagu
121200
jelly123
Rammstein
sierra12
iloveit
alexandra2
andika
mountains
sharingan1
3aNs97t397
1346798520
destiny01
spiderman9
south
555666777
t-bone
159456
0808
brownpride
chivas7
fiesta1
elephant2
gay
supers
xxx777
january27
blue101
198310
bonovox
me2you
becool
ladybug12
SAMUEL
skates
trees1
inter1
mama13
byajhvfnbrf
fiorellino
bigbaby1
beerbeer
grace2
cowboys24
spurs21
MARTIN
Michelle1
kevin3
phoenix2
senha1
nigger.
Ferrari
dancer3
222666
3brothers
vwgolf
230589
springfield
alinochka
black9
shorty22
redeemed
sinatra1
900900
secret11
12031990
ericka1
greenman
cornbread
tigris
olabisi
oneday
chipmunk1
mustang05
terranova
ariel123
finally
spa
septembre
warlord1
ladygaga1
tsunami1
alex1994
lightsaber
smokin420
shamanking
aaliyah2
qwertyuiopasdfghjkl
cummins1
thomas!
beethoven1
lionelmessi
14321432
snicker1
melany
jazz12
joshua05
44445555
nikolka
richboy1
cookie21
1017
peaceandlove
russian1
jasmine6
peanut!
johnsmith
football75
gtnhjdf
january7
versace1
198812
vineyard
951753aa
131189
frankie123
1hxboqg2s
january16
deltaforce
80808080
hanumanji
lancaster1
lala13
Charles
frogman
myspace25
120287
258
Florida
pussy11
zaq11qaz
leeds
maldonado
joshua09
2cute4you
polska12
iluvhim1
discovery1
521314
123345
welcome3
djljktq
samantha!
redalert1
beastmode1
astra1
love78
axel
221287
chillout
diamond11
dina
7654321a
smiley12
mickey5
Denise
harley10
angelwings
121281
eva123
maniek
ezekiel1
melina1
alfie123
barcelona2
jack22
sparky11
02580258
corky1
polly123
sunshine08
geraldine1
120190
royalty
dingding
maya123
ANGELA
cholo1
willsmith
jasmine9
nothing0
parigi
kalyan
helpmegod
justin99
311
050588
agata
larkin
trish1
gertie
2bad4u
farhana
dragan
redapple
5566
zachary2
159789
shiraz
mamans
sex4me
baby_girl
kicker1
181
11223300
mitico
sassie1
hawthorn
mailman1
wildfire1
poopsie
280888
32103210
kmzway87aa
hobbes1
ichigo1
january18
fran
candyland1
111289
ladybug123
basketball23
poopie123
yeah123
1411
r2d2r2d2
seventeen1
alex1993
isaac123
january15
writer1
whiterose
simply
volunteer
summer6
babygurl16
glendale
batuhan
ilovedad1
yjwfn73J
marcos123
familyof4
20091988
jaclyn
poppet
pepper!
100588
adminadmin
blue09
every1
tipper1
lalala3
avenged1
chelle1
moemoe1
password28
Slipknot
Andreas
persib
159753q
badbitch
glasses1
volare
petunia1
monique2
senior2010
natnat
snickers12
spoon
woodie
paroll
teatro
casper01
11001100
soccer45
p1234567
221090
loveforeve
140290
220689
freelancer
fanta
commander1
numlock
bermuda1
w111111
aline
pimps1
100490
feedback
234432
bluedragon
sweet22
assholes1
hidalgo
gangsta5
matter
harmonie
bigmike1
morgan3
gonzaga
ybrjkftdbx
basil
hurensohn1
guitars1
southafrica
daniela123
verseau
vans123
muzika
massey
ronaldo99
251088
blueblue1
steel
man12345
happy21
isa
winter06
theo
hotshit1
slayer69
1cowboys
atmosphere
sankar
january19
Porsche
westie
oc247ngUcZ
120787
lorelei
milenium
pajaro
253634
Murphy
prachi
1QAZ2WSX
19531953
aleksandar
barcellona
00123456
space4me
reddragon1
lastfm1
0505
class10
bubbles8
12312
jessi
tito123
bamboo1
tyler14
250788
applejuice
yellow10
precious12
julissa1
rock666
malaika
1113
burgess
leone
freedom4
josh14
251
666000
hitman2
mickey10
madhatter
walton
369147
thomas5
bubbly
tabby
catman1
jake22
lord123
maddie2
hannah09
12121991
stuff1
baubau
250589
jeanpaul
money20
jayden01
221289
greta
djdjxrf
dawgs1
michoacan
chocolates
789632
vickie1
000005
gogogogo
090990
delta88
dolphin123
metalhead1
lalala!
kitty4
carmina
sweet21
120786
bigass
ilove4
1812
askim
rfntyjr
12345678i
fuck14
fausto
degrassi
fatgirl1
96321478
patrick11
qwepoi
mauritius
daisy01
jose23
12ab34cd
mclovin1
vicious1
piyush
long
earth1
angel55
mensuck1
nokia1100
edward3
muneca1
zackary
ariete
bubulina
211288
guitarman
230988
himalaya
jolly1
demetrius1
rebecca2
02
valeriy
6173580
jose15
supra1
ashlynn1
234
FRIENDS
bowser1
newworld
pooja
informatica
120886
asdfg1234
alskdjfhg
katzen
m1m2m3
1horse
bling
udacha
higgins1
january26
czz123456
octavio
rom
123aze
complicated
12345u
dkflbvbhjdyf
live
6y4rV0a992
evangeline
fuck777
110890
empress
jonathan13
izabela
sassy101
gunslinger
1richard
bandit11
101186
lincogo1
caprice1
tit
nikoniko
advanced
2311
Arsenal1
darshan
harley05
kanarya
00000007
volcom2
alex1996
v123456789
1heaven
coolest
mother1234
82468246
..........
love1995
fenway
rocky6
cheerios
12121985
prince22
jensen1
workhard
kk1234
raj
pacers
poontang
maelle
1q3e2w4r
oscars
jason22
198181
250388
okmijn
dogsrule1
kerala
9090
maltese
jose10
shinichi
nakita
bella22
gossip
baller4
Asdqwe123
chiquito
thalia1
akira1
241188
infotech
soledad1
121086
yasser
seos1234
halfpint
davina
stopit1
fuck-you
david17
Natalie
popcorn7
rudolph
cj
ttttt
carver
asdfgf
weston1
anand
180180
guildwars
lolilol
acer123
410210
241088
shobha
console
hollydog
bullfrog1
password94
love1994
230987
raphael1
lsutigers1
booyah
olaoluwa
roxie
1qazwsxedc
yfnfkbz
Alexis
loser22
coach
vinayak
password05
destiny11
5683
marcolino
misspiggy
dasher
iceice
123444
karin
sunny2
1prince
madison6
capitano
wolfie1
PassWord
devilman
andrew16
director1
tamika
nazgul
020288
snicker
cris123
lock
kris123
cooper11
right1
1maggie
marivic
omega3
jennifer13
bored
roma123
ddd123
niggaz
collection
jetta1
annabella
roxygirl
100789
bryanna1
orange01
tango123
130686
qwer11
vanvan
ravi
charlie08
robyn1
6666661
piotrek1
12332100
milan1899
david6
zippy
kitsune
redeemer
tigercat
tomorrow1
claudiu
bibibi
00000001
babyboy7
softball08
120290
col
hannah02
sportster
samiam1
110788
sacrifice
psalms
grenoble
021
101081
jayden12
cochon
1ï¿½2ï¿½ï¿½3ï¿½ï¿½4ï¿½
nena12
andrew07
dakota13
lashawn1
squeak
didi
googlecheckout
foufou
daisy13
200808
pawel
rich123
froggy12
05051989
mylove3
bigdick69
nguyen1
j3qq4h7h2v
john21
excellence
september4
1234qwert
killer09
1946
utn05wWy
st
qwertyuiop12345
holysh!t
szerelem
kitty!
imperial1
happiness2
jessica08
bobo12
210990
martita
dima1997
weeman
steel1
louie123
daniel1234
pepito1
taytay123
brando1
jacinto
servant
23031990
spoon1
rainbow!
july07
pronto
passe
logout
maniac1
jesus8
catlover1
asdfghjkl9
loveme1234
ladybug3
asdcxz
number14
211221
landscape
best123
spankme
reebok1
love97
superman19
gatinho
asakura
bonifacio
face2face
hack
redsox11
12345678911
babyj1
090988
phoenix7
Wanted123
cuntface1
honeydew
quaresma
samolet
aassddff
987654321z
fathima
speedracer
phone123
heyhey123
ricardo123
bismark
corinthians
bello
rubbish
mongolia
chavez1
12300
iloveyou!!
hubert1
forever5
jasper2
nokia8800
vitamia
bengals85
cabron1
120491
maxdog
1014
baseball34
davies
james24
12349876
billyboy1
sh
130689
dallascowb
tanya123
first
camacho
basketba11
nikole
amanda5
starz1
chelsie1
Smokey
dragon1234
1026
superman24
squishy
maximius
lizaliza
fan
bigcat
hottie07
wilbur1
kennwort1
budgie
aliska
master3
fuckoff3
reynolds1
196666
mopar1
trout1
parola12
sparks1
america01
dreamland
naples
mapuce
Nirvana
77777778
caring
140288
wildbill
love1993
7thheaven
shantel1
angelfire
121190
gerber
penguin123
eintracht
tre123
anthony16
terra
chappy
101184
viktorija
kimberly2
tanisha1
911119
pogiko
seadoo
imperator
11111z
262728
hunter14
220188
kingdom2
alexander5
password:
isobel
010407
5starchick
lover10
penis2
daniel24
garrison
sadness
hamlet1
fuckhead1
hollister9
foxfox
quinn1
kevin22
preciosa1
avenir
marianne1
sami123
her
weewee1
maricris
foxfire
freshman1
12q12q
kiko
swag
sanane123
ciara
daisy11
stephan1
sexymomma1
shosho
yesterday1
amaterasu
princeton1
qazxsw21
2000000
hockey23
dancer101
robert!
isabella2
bloodlust
1nonly
1030
121084
carlos7
amores1
shopper1
monkey27
paolita
schlampe
jennifer01
210987
anthony06
salvo
chuchi
linkme
jas
ilovesex69
Yankees
123456654
stop
123456qwert
rockie1
800800
aaaaa11111
roxy11
Cameron1
patpat
bavaria
115115
a222222
addict
monito
village1
prisonbreak
perfume
vfvfvf
Darkness
square1
johnnie1
godiva
mot
blazers
z123123
barcelona10
654
blah1234
birgit
halo117
TIGGER
schnuffi
user123
130690
happy23
contrase+ï¿½a
info123
bububu
shine1
stoney1
stronger1
referee
pin
lola1234
romanova
mine123
madison08
20101987
sparco
1234561234
matthew21
andriy
montana16
dmitrii
dulce
taylor8
lookout
blacks1
iamgod1
sunny12
carley
sycamore
110490
chandigarh
erasmus
ultraman
01011977
passionate
120387
compact
fortaleza
420allday
hrvatska
lexi123
queen2
novikova
newlove
planning
godfirst
aaa333
369
rayray12
pretzel
karolinka
thornton
sparkey
lockout
texas13
pongo
katina
q123321
120985
love1992
250590
cypress1
internet12
imthe1
asdzxc1
spring08
leland1
goodfood
anthony17
hesoyam123
brianna3
moe123
1126
monkeys!
asroma1927
leopardo
horselover
3353212li
linklink
poohbear13
xxx333
mike07
padres
lauren10
matthew22
david08
100388
espinosa
izzy123
victor2
101190
passcode1
samina
141288
vvvvvvvv
1fuckoff
duke01
f00tba11
girish
22332233
boozer
vaz21099
onelove123
manasa
catwoman1
liezel
almost
baller14
belkin
123456789qq
110003
120990
daisey1
desperados
dolfijn
SAMANTHA
Svetlana
hitler88
crystal7
ponies
tupac2
zinedine
2wsxcde3
andrew06
cowboy22
bohica
princess94
greenhouse
amylee1
995511
herkules
leather1
143444
65656565
josue1
linux
get
1234567890qw
alex1992
skeet1
120890
roadster
joemama
iloveu8
babycakes2
thistle
dre123
nebula
slipknot69
hayastan
123098a
top
1playboy
filler
PARTS
2puppies
3141592
architecture
rubyred
soyelmejor
sonic12
mouser
gangster13
newyork5
tammie
blubber
hotel
waiting
angel00
111223
biker
ilovekevin
ambulance
czekolada
zoltan
kitty22
kisses123
sasha1998
Benjamin1
boss302
fuckedup
dalejr08
*******
happygirl1
clarita
jason3
dtythf
gatita1
mommy101
NBvBB32fa9
kitty10
thebeast1
010181
computer!
@mail.ru
bonethugs1
221189
findus
buddy23
alexander8
phyllis1
password95
johnboy1
azzurro
tttttt1
1alexander
hottie09
flhtyfkby
gangstar
mymoney
feeling
Diamond1
contest1
redsox123
celtic88
diamond8
15975346
lovers3
Christina
marquise
110586
adventure1
centurion
hiphop12
death2
pepper10
saiyan
superbad1
united123
hotty123
akatsuki1
07072007
sweetdream
pap
aisha
admin12345
lauren3
shaker
internet2
attention
110015
august9
100889
jughead
001987
princess95
smartboy
rudeboy1
ocelot
hotbabe
231186
cutie23
anna13
ma
lolz
miguel10
spiffy
rhbcnbyjxrf
jeanine
blackbelt1
231088
willywonka
ironman2
music22
exchange
120885
denny
hesoyam1
smurf
manuelito
excalibur1
1234578
1928374655
oatmeal1
michaels
ninja2
waldemar
mavericks1
metalhead
shikamaru
dee
lucy1234
tonka1
bitter
doors
iluvu123
kenny12
makenna
lilwayne3
junior07
ve
hannah05
belarus
400058
kayla11
panther2
q2w3e4r5t6
elektro
ppppp1
aberdeen1
baby143
babette
110985
sa2rawybas
football80
purple99
camilita
olds442
231286
mandela
avrora
150388
homerj
petite
charles3
all4you
candy01
kozerog
livewire
johnston
getmoney5
marciano
karmen
herohonda
sexymama2
alonzo1
clay
agente007
karoline
brandon16
booboo7
jet'aime
fuckher1
pebbles2
thugstools
monsoon
queen12
spoons
kane
juju123
edward!
monies
369874125
2wsx1qaz
josh23
890iop
hamza
wordup
123456kk
qwer123456
vlad1997
shadow16
drago
getmoney12
sdfsdfsdf
rockhard
ktutylf
witch
vicious
veronica12
411028
boating
eric1234
love42
tweety11
air
nathan10
greatday1
allaboutme
purple09
140688
198721
summer8
goodcharlotte
1music
beetle1
papounet
001002
king15
100827092
andrew6
LOVEYOU
JASMINE
matheus123
111288
baseball123
jesus15
knockout
1234567abc
210487
islander
bastet
241
tierra1
parol1
dingo
handball1
dasha123
tigger08
rosalina
val123
natalie12
abimbola
attorney
corinna
naosei
baylee1
chingon1
111186
british
1597535
cjytxrj
mickey23
hotboy2
tigers10
CHRISTIAN
olajide
melisa1
pride1
1hotboy
0815
theatre1
fallenangel
963214785
wrestling2
facebook123
garibaldi
juggernaut
26041986
01011975
120483
ererer
escort1
nirvana2
nomercy
cccc
liebe
radhasoami
princess92
!qazxsw2
thakur
freak69
spotty1
trapstar1
blackhole
210586
220022
gerrard08
mommy10
cumming
bharti
letmein12
five55
220589
super1231
silva
segun
power5
franz
milkyway1
travel88
jesus666
ayobami
vasquez
Yankees1
29
kb9zc8uxtx
kylian
1george
freedom5
benita
nightwish1
cameron01
stunner1
kevin21
ser12345
blahblah2
ashley20
lyudmila
bigpimp
horizon1
hotsex1
diabetes
arrowhead
master21
heaven12
missouri1
PAKISTAN
kryptonite
jledfyxbr
pramod
hippos
maranata
faith12
bmw325i
vic123
cambodia
foo
wolf12
emogirl1
reporter
marie09
tayler
310589
lovebug123
deadly1
niharika
123789a
201286
wildchild1
blood13
157157
starwars123
meathead1
1001WDST
daisy3
oswald
cruzeiro
paroli
hammertime
player11
alexis08
babygirl#1
100589
mamabear
100289
brittany7
ï¿½ï¿½ï¿½ï¿½ï¿½ï¿½ï¿½ï¿½ï¿½ï¿½ï¿½ï¿½ï¿½ï¿½ï¿½ï¿½
candy69
baby12345
belize
speed123
shadow00
baby1
2210
loser6
manman12
zcxfcnkbdf
y12345
latin1
1006
150688
justlove
moochie1
maniez
neenee1
sososo
iulian
asdfg6
iloveyou05
loser01
ian123
muffin11
210890
111988
gordo
1219
karen12
michelle.
ikechukwu
cat12345
brighteyes
duarte
303677
dog12345
andrew17
emma11
17931793
fifa08
lucas12
111286
ngockhoa
mayfair
blumen
death2all
230687
110587
salinas1
10121990
mamusia
251089
justlooking
vermelho
241086
hopeless1
vasantha
clitoris
joey11
friends4ever
cassie01
shimmer
210789
smartie
halo3odst
joaopedro
backdoor
chester12
chicha
banana!
210690
1love
mazdamx5
John
froggy123
lera
computer.
02021988
skate11
submarine
ApjSqpM844
lovely01
marrakech
230393
cyclones
nick16
princess89
cocoa123
saravanan
monkey44
family13
hockey6
230390
110687
teclado
vignesh
cbr1000
b12345678
hercule
sexkitten
sabrina12
magico
mai
mikey2
251090
Jesus123
football06
jean123
bruce123
ipodtouch
ron123
kara
cubano
weirdo1
ghbdtndctv
slinky1
42424242
jc1234
murphy123
key
brittany!
abc123abc123
198523
penis12
metro2033
tabatha1
damian123
blackmamba
margo
15975300
210188
trey
230389
junior14
231087
ggg111
maroon
100489
dancer7
lovingyou1
seguridad
volodya
compassion
151188
asuncion
question1
2balls
1492
killer88
123456321
emilie1
micasa
outback
maruti
cruiser1
momdad123
123654789a
oli
anubis1
nevada1
alexander4
winniethepooh
wildthing1
jolly
asian
weapon
danial
rockin
kareena
karissa
55555q
jaydee
madison10
soumya
lifeline
230688
159357123
088011
kikokiko
go
lovegirl
charlie07
ilove13
shelton
beach123
testqa12
rfnmrf
acacia
fender123
pbvfktnj
omerta
210488
310588
tre
homealone
erin123
09
11121987
pimpin7
sugar12
moore
love911
fairways
web123
boston2
Chocolate
goonies
brandon09
behemoth
ric
tigger07
131088
mohamad
201288
spawn1
super10
323323
sunday123
justin24
131186
softball09
eyeball
emotional1
candy22
charleston
newmoon1
197700
equinox
happy8
loveispain
325325
angel95
charlie21
06061986
43046721
police911
birddog
jasper11
1bulldog
saravn
150890
trustNO1
dodgeviper
prince01
velasco
ambrosia
vampire13
5432112345
iwantyou
nikitka
bowhunter1
antoshka
hahaha12
ducks
fiction
tennis11
l1verp00l
Linked
wonderman2
cornell1
destroyer1
thomas69
llcoolj
paolino
arjuna
FREEDOM
cvbhyjd
maria15
barca10
cbr900
100890
xsplit
loca13
arcangel1
atalanta
machines
cross1
postal1
taylor09
22112211
brandon07
buterfly
topher1
kikugalanetroot
pimpjuice
raiders7
bianka
azrael
alcantara
lucylucy
moomoo123
bassmaster
rfgbnfy
thethe1
family04
urlacher54
muller
cameleon
love520
rhodes
infantry1
sevens
gametime
22011988
newyork3
marci
ukflbfnjh12
center1
231086
husker1
varsity1
kevins
sarmiento
remember2
guille
140789
daniel88
kotek1
job
lanzarote
251188
nick10
asshole13
raheem
january29
bujhtr
factory
261088
jesse13
chelsea!
teufel
nana1234
princess05
carlos14
55556666
tiger6
bahamas1
smarty1
iloveadam
christ7
abc_123
roosevelt
woodside
katie11
amicizia
january3
teddie
bitches69
spiderman0
pitbul
louisiana
bff4life
victor13
serene
music.
symphony
icecold
100389
123123asd
termit
12341
destiny13
amo
911911911
maniak
251288
balla
010189
tiger69
bigbig
katy
jasons
pretty3
ninja12
jamielee
poop23
anthony.
delboy
abcdef1234
100687
jaredleto
killian1
1010101
znt
silvestro
mj1234
sammy5
110987
thedon
201289
summer2007
foreveryoung
197400
mandala
fishface
kittycat12
catsrule
230383
danielita
fuck420
ingrid1
elvis77
scirocco
prikol
bryant8
stoned1
dolphin12
chris05
zombie666
buster69
ï¿½+ï¿½ï¿½ï¿½ï¿½ï¿½+ï¿½ï¿½ï¿½ï¿½ï¿½+ï¿½ï¿½ï¿½ï¿½ï¿½+ï¿½ï¿½ï¿½ï¿½ï¿½+ï¿½ï¿½ï¿½ï¿½ï¿½+ï¿½ï¿½ï¿½ï¿½ï¿½+ï¿½ï¿½ï¿½ï¿½ï¿½+ï¿½ï¿½ï¿½ï¿½ï¿½+ï¿½ï¿½ï¿½ï¿½ï¿½+ï¿½ï¿½ï¿½ï¿½ï¿½+ï¿½ï¿½ï¿½ï¿½ï¿½+ï¿½ï¿½ï¿½ï¿½
1580@welcamino
martinka
246246
sunnyboy
4linkedin
goodie
donkey123
johnson2
mindfreak1
andrew18
petra1
grand
candy10
apples11
eniola
lebanon1
joseph10
daisydog1
ilovelucy1
DIAMOND
Ð â„–Ð¡â€ Ð¡Ñ“Ð Ñ”Ð ÂµÐ Ð…
skills
zxcvvcxz
redskin
ham
hannah9
myspace666
momma
mets
surgery
bonnie12
goodlife1
sticky1
010186
al
sasha2
09870987
niceday
carlisle
delmar
stanton
brewer
floppy1
qweasdzx
admin12
thatshot1
mike16
deejay1
lovely21
gracias
carlos15
wyatt
destroy1
fresno559
151288
passwor1
brownie2
iwantu
yadira
drumline1
boytoy
savannah12
198710
monkey92
jarrett1
220388
bitches123
bismarck
alex00
daddy69
roller1
openit
triplets3
mombasa
220487
tunafish1
barefoot
rocky13
daniel8
kukushka
makarova
curly1
thomas14
100190
jeremy01
cookie69
Winston
buddy1234
1spongebob
manutd123
ade
dance3
241089
orange10
maria01
Ronaldo
cheesy
diablo12
closer
scuba
simplicity
reese
ï¿½ï¿½ï¿½ï¿½ï¿½ï¿½ï¿½ï¿½ï¿½ï¿½
getmoney08
media
animal123
surfsup
purple08
130589
Q1w2e3r4t5
292814lolo
rickey
raoUjFL963
bubble123
happy420
mentira
heybaby
danielle7
singapore1
coronado
400703
sarah01
flyaway
scooby11
alexander6
bambam123
fightclub1
raptor660
martin13
sword1
120783
131131
mabuhay
tolentino
kitty01
password31
candyland
crush
georgina1
liuchang
blades1
monster4
dipshit
stars12
my3angels
cubswin
emmaemma
die
guam671
greens1
tumadre1
orange21
sombra
troy123
longlife
220987
sorrento
pearson
220690
aprile
soccerball
jaishriram
192168
andrew99
stretch1
$money
bubba7
mydaddy1
161
jeroen
milica
210489
trick1
tara123
lhepmz
tagada
charon
metallica7
rerfhtre
nickolas1
fuckup
Marie
titans10
company1
motivation
900000
cars12
goodguy
tiger9
b00ger
u0HgtKt617
schnucki
joker5
green69
1qazxcvb
frdfhbev
131286
favour1
lovely22
luvme1
1234QWER
killah1
VICTORIA
theater
dima1996
shelby11
emily01
3636
peacock1
lifesux
131087
robots
gilipollas
blazeit420
angel94
david18
400066
coline
firefighte
tinatina
mustang07
78907890
nigel1
puppys1
sexyone
easytocrack1
stream
donkeykong
Oassw0rd
new975wen
angel2008
john10
ratchet
buttmunch
101001
jackoff1
cris
passwor
turtle3
family07
ohshit1
ccccccc
google5
120189
lawyer1
noles1
goalie1
filhos
dabest1
aleks
50000
beer123
yaalimadad
blaine1
inspiron1
everest1
hancock
baggies
timur
florida12
mike18
110984
feifei
alex1990
buratino
brad123
daking1
123fuck
world123
MTIzNDU2
creamy
peace13
beacon
bronte
boobies!
spidey1
fyyeirf
edison1
katarzyna
fuckoff.
thetruth1
microphone
olemiss1
grace12
marlyn
sammydog
231187
kovalenko
198623
13421342
hellokitty1
nolan1
mohamed123
underdog1
stones1
231289
ledzep1
americano
210385
erhfbyf
tiara1
5544332211
11011990
lickit
qwerty33
AMANDA
hustle
gelato
imani1
donbosco
monkeys12
poiuy1
taytay12
100488
mama10
karinka
manny24
moises1
rajput
thesims1
ilovedan
survey
badass123
Bubbles
nigger3
michelle08
destiny6
1jackson
ismael1
mishra
wealthy1
hellome
lemon123
rockstar3
14021991
chango1
pft:
010187
jumong
jarjar
sexy34
newyork11
Nicholas1
dani12
204060
politics
labtec1
123321456654
favorit
dickson
monkey0
vivalavida
greeny
asdfgh123456
201186
liteon
bella08
hellno1
supra
bambam2
whore69
computer7
studioworks
buddy101
88888888a
giggs11
ayrton
mindless
21071988
baby92
kitties1
aj1234
230585
220590
123pass
samson12
lc519QlpuU
nikki13
february14
panda2
love007
zachery
fish1234
uptown
gonzales1
fishhead
bloom
halohalo
fh
flower01
71
ilovecats1
sunfire1
lambert1
kaka12
gfhfljrc
231190
sickness
buddy22
grandprix
veritas1
hihi123
robins
madison07
september0
banderas
manhattan1
110887
sardar
candy23
yang123
nishant
knitting
222000
110790
shinoda
maksik
qwert11
oooooo1
michael06
youngblood
cute11
clippers
honey3
slipknot7
150690
dragon25
realtek.
luv2shop
711711
tammy123
scarabeo
pickles2
sexy05
ally
godlove
shadow17
thewho
231085
qwerty17
jessie11
080880
kk123456
adelaida
021288
pigpig
230789
secretary
dadada1
jamie2
brokenheart
sara2000
cxfcnmttcnm
playa4life
pimpin23
qwertyuiop1234567890
123579
maxmaxmax
tabata
monkey19
fleetwood
toodles
piopio
1256
hotman
leckmich
knockers
music08
ALEXANDER
fredrick1
qw12qw
robert14
my4girls
bedrock
alvarez1
icecream!
Schalke04
peanut10
onlyone1
welcome7
cthulhu
paula123
1018
machado
August
cheer5
daffyduck
mustang88
pistol1
316497
beachbum1
megastar
Brandy
pitchoune
oussama
gjmptw
algeria
hannah15
1mexican
carlos5
lilone
Jeremy
1hotgirl
Antonio
radost
michael19
matt22
123qaz123
tony69
nicolle
K.:
i<3you
yamaha250
rocawear1
crf250
superman15
morley
tazmania1
221087
fuckabitch
lovely23
hottie8
muziek
dooley
sanmiguel
knickers
beast666
sweetlove1
guitar13
210988
redneck01
january31
kisses12
mannheim
Steven
110486
fake01
mm1234
maui
soniya
jayden06
olakunle
jodie1
monterey
tashkent
345543
jiajia
mommy23
gaga
060689
reyes1
scenic
110005
joaninha
bball20
children5
concept
hello00
arrows
1friends
derek2
34erdfcv
211187
cristiano1
oliver10
kathrine
eagle2
bilbo
pantyhose
doudou1
kolyan
110986
marnie
saunders
think
sissy123
titanik
william8
Logitech
cowboys7
110390
guanajuato
threesome
maria23
chaparrita
king14
olivia11
my_space
rebirth
Brittany
tututu
hothot1
abbott
tygrysek
Silver
hottie9
nathan13
rock13
hayabusa1
dbjktnnf
kids03
hinder1
4family
slayer12
tigresse
den123
n0thing
1016
123baby
jordan98
11041988
05051987
jomar
brianne1
penguin2
123456aA
buddy4
bailey22
111290
pretender
purple25
gina123
shreeram
stripes1
12091209
browny
simons
abercrombi
pascal1
geneva1
flubber
abacus
reeses
100590
31121987
miki123
godschild
halowars
1whatever
PATRICK
wanda
tempesth1941
fgFr56Hfve6
samuel2
myshit1
dogman1
parrot1
dante123
111088
12345qq
12021988
999333
3691215
iloveyou89
apostol
250188
angels11
700091
pallavolo
mama01
elissa
w1960a
lakewood1
anfield1
molly7
01234567891
130789
forever22
recall
zhanna
nathan08
220585
cyclone1
bhavani
221186
alex123456
superman20
zaqwsx1
hoochie1
money16
century21
chips1
christian9
amateur
hockey101
ladylove
jessica09
jello123
reussite
bebeko
cisco
deepti
lilman2
waldo1
130585
130586
corsair
XXXXXX
triathlon
1234567895
buddy6
cfvfhf
tweety5
benetton
pasport
solene
larsen
paul1234
137137
bitch00
240587
joseph22
z1z2z3
carolin
030388
clocks
shorty!
e8sZn4e5zC
nino
horton
radar
281188
r0bert
bigpoppa
GABRIEL
joey1234
karina12
decker
19101989
yessir
jack10
thomas4
asasin
misha123
honey01
blue20
bless1
gan
duende
parolparol
waterpolo1
humbug
rebel123
121091
060690
cocorico
chukwudi
160686
marie4
dickies
!@#$%^&*()
chubbs
aspire1
guesswho1
brooklyn5
1heather
bubba01
rostik
raiders24
bosslady
ilenia
comedy1
boyboy1
marathon1
chamber
emilee
150290
lovely.
kurtis
jeanjean
ipod12
131089
123Admin321
bobobobo
chinito
casper11
amir
comets
100586
vengeance
34523452
gallina
tt1234567
fresh12
w1234567
ilovekyle1
max333
fuller
tippy
sonson
261089
yo1234
harry2
calogero
saviola
spider13
albino
metalgear1
blanka
120583
2myspace
100987
aguilera
med
kayla5
kamilek
amanda17
cory
jason69
loveyou.
george13
101291
nicegirl
nnnnnnnn
euclid
251187
aspen
daylight
bloody5
cheer4life
peoples
tweety14
210388
maks123
bug123
170588
110287
palacios
relisys
dragon89
arellano
spaceman1
roseanne
pujols5
zxcvbnm7
aeiou
moroni
casa123
david16
january8
nipper1
actress
241186
babygurl09
12041990
whitegirl1
socom3
hallmark
bear01
packers12
jacob5
v000001
pussy6
963214
bat
zinger
password30
147369258
small1
west12
ilovegod2
jaisriram
mommy22
231184
muppet1
tundra_cool2
112233445566778899
lisette
frisbee
paperclip
viviana1
ripper1
summer02
angel92
popsicle
210587
genius123
carman
221190
princess27
lilkim1
111981
krzysiek
rolando1
aakash
808state
suzette
lovebaby
cyrano
molly3
morkovka
987654123
nicolai
ada123
duffy1
severus
mouses
algebra1
ub6ib9
death6
forever.
trase1990
codename
Heather1
skater69
sebastiano
mustang73
19491001
bike
soccer26
220988
tenchi
anderlecht
videogames
christi
january24
mashina
woailaopo
preethi
finnegan
love2dance
198425
suikoden
02021985
joshua15
sexy27
pogiako1
dmitry
shaolin1
heather3
anthrax
boss12
austin22
jana
lambofgod1
mahalo
loveme08
miley12
january6
michael88
pretty7
121983
nike10
friend12
rjcnbr
poiu
chinadoll
naruto21
balla23
bigdaddy12
stan
whatthe1
emma01
ljrnjh
12051988
amarelo
frank12
maelys
eddy
sweet23
integral
pencil2
230487
domingo1
cornbread1
1q2w1q2w
jannat
nickcarter
kochanie1
dfgdfg
outsider
bongbong
alex2009
987321654
miller2
beware
eeee
cena123
ginger!
draco1
12121992
dima1998
babyangel1
xtkjdtr
goarmy
spinning
975310
goodwin
rossi
21101986
estrellas
ladyluck
kil
linlin
122436
star17
222324
leeroy
301
230888
nigga23
tatanka
jesus1st
050589
Ireland
dummy
babe13
heaven11
yellow.
adam01
vanessa13
ambers
nadia123
251286
peterson1
cowboys11
4r5t6y
linkedinpass
98741236
150488
sairam123
wildman1
12344
marie17
dimitri1
58585858
20101988
ball123
cashmoney2
executive
Veronika
mommy13
girly
records
just1n
misamores
jeanpierre
abc123def
110289
barbados1
100690
assclown
merlyn
Peanut
jimenez1
123zxc123
bass123
pass2
nicole05
101283
233223
908070
redbaron
amanda.
madison06
kayla3
shadow77
100886
glass
fannie
comet
nikola1
110886
per
gabriel10
1world
butterflie
orange8
galway
astana
albero
ilove7
milano1
123456Aa
251183
nipple1
daughters
231287
01011979
monkey06
iamgay
greatest1
summerof69
kitchen1
lau
cowcow
amadeus55
saverio
dead123
babygurl7
220588
corinne1
antonio13
comeon111
marriage1
19501950
drummerboy
schwarz
314159265
138138
010184
nisha
shaira
gotenks
sk8forlife
1stupid
agent
tigers08
outside
lumberjack
entrar
tacoma1
pharmacy1
rizwan
sammy101
rock4ever
09877890
patric
melissa11
lovex3
alyssa3
lizaveta
alexis4
arhangel
josh22
teacup
nolongthing
silenthill
bal
hairspray1
mariner
Lovely
richman
alltimelow
one123
southwest
caravan1
smile13
dandelion
love555
bella09
forzalazio
pimp24
jackson01
computers1
gaviota
magics
glenda1
nick14
maria5
jocelyne
rhbcnbyrf
gemstone
popolo
bigboy3
paramore12
lebronjames
loading
ayanna
dragon55
badass12
hunter03
JEAdmin
110787
billgates
habibi1
radek
getmoney09
kiki11
230989
dragon16
666devil
qwqwqw1
marie07
220888
students
260689
spike2
dkair8dda
121990
rahasia1
stella12
test01
momof5
balance1
lovely5
150590
naruto!
gonavy
xavier12
asdfg5
apple10
jordan.
bubba13
sparta1
halo2
a123sd
navyseal
400709
miroslava
130487
spawn
lilred
dondon1
lakers11
marie18
1129
29292929
teabag
hunter!
powell1
24681357
w1w2w3w4
cbr1000rr
bluesman
eagles05
lovesick
ceejay
150587
01012008
monkey66
tan
orlando2
sonya1
120391
darien
dempsey
sublime420
a123123123
data
poopface
jordan25
kaplan
ignatius
230986
hacked1
1beauty
thejoker
flapjack
loverboy12
killer66
1ginger
blacklabel
monster69
mayamaya
fylh.if
fairies
assface
austin08
500082
damon
beautifull
bricks
allh11
12021987
wer11111
jurassic
290988
bollywood
michelle09
joecool
20051987
charlotte2
nicole89
lautaro
beastmode
james8
oinkoink
220587
5678910
198919
jonathan3
Dallas
baby93
dade305
volvo850
josh01
neopets11
softball17
110387
000555
redskin1
hotmail.co
zaq12wsxcde3
rupali
gabi
go4jobs
number24
devon123
singh123
landry
madison8
210689
popcorn!
van123
chaser1
bitch17
171288
220586
yaya
giggle1
gallery
zxcvbnm12345
230786
oscar13
negative
gsxr1100
w1973a
WELCOME
dfcbkmtdf
monbebe
101282
hannah8
moore1
kissme3
fender12
alex02
02021986
w1969a
cheddar1
poop09
charcoal
mymyspace1
tookie
201020
655321
candy14
220890
nikolaev
bacon123
farcry
kukuruza
love222
daddy4
lambretta
rodent
mexican123
vika123
teacher2
ginger10
lbc562
junior15
87654321a
rabbit123
run4fun
111989
cheshire
110585
jacinta
110007
brookie1
Ð°Ð»ÐµÐºÑÐ°Ð½Ð´Ñ€
sheriff1
lakeview
magalie
lmfao1
silver01
micro
apples!
spiderman8
ma123456
fishon
summer.
sexyboy123
anatomy
infoinfo
el
elijah2
10021987
fr33d0m
cazzimiei
master99
baby26
3e2w1q
ilovemom2
date
0303
dede123
sharp1
linda2
tweety21
sacha
shadow1234
mifamilia
stripper
molly5
BCP201109a
120691
cullen1
justin05
purple88
whitehouse
251186
mario13
baller7
12031993
gato
angel2009
001453
020292
maryjane420
110292
alyssa11
cutiepie10
joshua!
gar
1312
baby04
boomer2
lilkim
141289
2crazy
moonie
220289
beavers
iamsexy
promotion
091088
shortcake
landrover1
funmilayo
sept11
anthony24
builder1
12121984
cherub
option
emyeuanh
ambassador
fernando12
lamour
yogurt
carnell1
sakthi
dana123
rawr12
hunter00
sdf7asdf6asdg8df1
iloveme4
134567
190989
nick15
forever23
fenomeno
genova
asshole22
12345678912
gryphon
champions1
qazxsw111
040484
confirm1
harald
sanfran1
120684
unreal1
pi314159
jesus100
fordfiesta
chapstick1
batman08
131187
tanker1
seeyou
silver22
wrigley1
hoffman1
orange6
221086
destiny8
pauleta
magic2
yz250f
mike17
joyful1
sulaimon
pussy4
terrible
speedy123
honey7
siobhan1
abcabc1
baby33
thomas99
sexyma1
disney12
131288
yamyam
johannes1
150489
151286
cheech1
lansing1
girlie1
ruthless
drache
lilangel
ruthie1
198080
magicman1
jennifer5
10111986
january20
lamisma
200585
caldwell
googoo1
boobs69
gambit1
101079
oleole
adams1
fuckyou101
holly12
200489
candy4
whales
archer1
hannah03
redneck69
121002
hearts2
lorenza
goldman
tomas123
172839456
wweraw1
150989
070788
PRINCE
001982
000013
789520
120292
bunny7
producer
zmxncbv
princess02
a1l2e3x4
kevin5
milagro
franks
william10
sparky01
ï¿½ï¿½ï¿½ï¿½ï¿½ï¿½ï¿½ï¿½ï¿½ï¿½ï¿½
100387
neil
lostsoul
northstar
photoshop
flaca1
rosalba
evertonfc
kevin10
marsha1
oaktree
marijuana4
ollie123
1942
mylover1
120891
14101987
2312
normandy
bambam12
socrates1
MERCEDES
asdfgh1234
krasnodar
single08
passion2
210389
poppin1
mascara
heroes1
brandie1
maricela
kill12
iloveadam1
miller123
satana666
brittany13
lover45
password56
123456456
england66
defjam
star24
community1
fri
21061989
cutie16
shining
221221
dork
15021990
sammyboy
black01
ben100
daboss1
evildead
fktrcfylhjdyf
villevalo1
coo
shabnam
alex2005
safira
99XfXlo19uI
massive1
money25
15101987
samurai7
jesus25
cosimo
system123
Catherine
dollface1
pretty11
mot2passe
william!
a777777
munster
wasted1
ffffff1
muruga
nik123
111089
c0cac0la
arrow1
dallas08
dead666
brujita
dancer01
inspiration
201189
stopit
sydney123
mik
110488
hermine
middle1
qwerty007
scratch1
poohead
10101992
kevin23
burning
nanou
orchidee
dreambig
delfines
1teacher
gianfranco
cccccc1
eddie12
jandikkz
delfin1
nhfrnjh
saudade
500032
Passw0rd1
matvey
666666q
playmate1
deniro
261
22223333
sativa
mamako
select1
151090
Qwe123
mike1
sexmachine
220390
wombat1
250789
bubba11
gretzky99
xoxo123
1944
tomasek
yorkie1
200688
alejandra2
javier12
yusuf
kungfu1
241189
1rainbow
rj
lollol12
sienna1
invest
brookie
12021990
shaq32
311287
Sparky
hummel
02021989
dfaeff34232
jagger1
pokemon99
waterski
rockandrol
donthate1
hockey88
120892
sergeant
shiner
austin!
1234a
wakawaka
rocky01
Thunder
papatya
poklop
yandel1
inspire
199200
location
softball20
skunk1
kitkat123
amadou
angel93
garland
123q321
strelec
141088
bellabella
99problems
ballin!
killer8
seether1
121189
1austin
q963258741q
january5
wheeler1
poobear
300487
jenni1
bella5
little123
isa123
melati
powerade
gateway123
cali4nia
cows
christian5
fiore
1337
shyanne1
menace1
tomboy07
123654123
6lfXlo629uI
201187
lalito
josejose
heather69
gerry
150589
veterinaria
protoss
royalty1
cherrypie1
pass01
dogsrule
toffee1
rockstar5
class2009
photography
davids1
morelia1
kerrie
rockstar69
bubu
moulin
210590
davey1
news
314314
kobe123
dominguez
1carlos
hooligans
Ty2t1hv3oC
madelyn1
hollister!
ira123
operation1
santa123
lol111
25121987
robert4
jarvis1
1234567890qwerty
121279
crazyhorse
free2bme
megatron1
240588
jasmine14
NIKITA
bananas2
princess93
maryse
julissa
usmc0311
ilovedick1
22051987
121083
richard7
skater4
251189
251085
fuckall
211088
savana
sempre
11335577
kleenex
notvalid
camelot1
jarred
aeiou123
fucku13
111185
230189
chainsaw1
grand1
logan5
01020102
hallodu
lauren22
chivas09
sossos
sleeper
kacper1
spongebob6
dumbbitch1
cayden
loser23
200587
austin07
hunter8
19877891
purplerain
stardoll
Purple
261186
L1nk3d1n
120784
mymom1
freedom10
cortina
football40
lukasz1
230190
lucy11
treysongz
vic
partytime
198621
skiffy
10101983
20101986
w1974a
monkey666
nikko
ooooooo
t1nkerbell
jaishiv
20081991
psyche
honda400
splinter1
olufemi
marina12
tracie
tyler6
revolucion
mateo1
jasmine08
robert15
purple33
alex2006
vfiekz
140287
nicholas3
hammer12
nick23
eagles22
198422
nikanika
gentleman
anointed1
escuela
jakey1
hester
pony
bebito
Sara2000
systems
ritchie
0123456a
laurentiu
444777
2dumb2live
sevenof9
cambridge1
lafayette
armadillo
muzyka
joshua02
summer14
A1234567
myspace100
parol123
jamesb
7777777s
155155
muskaan
pololo
110008
laurine
candy6
1229
ï¿½ï¿½ï¿½ï¿½ï¿½ï¿½ï¿½ï¿½ï¿½ï¿½ï¿½ï¿½ï¿½ï¿½ï¿½ï¿½ï¿½ï¿½ï¿½ï¿½
cool99
carwash
sexytime1
dunlop
boobies69
warehouse
08
wimbledon
music10
west13
987410
221085
12051987
seaweed
cutie22
blue19
261188
wazzup1
07070707
zxcvbnm,.
bigboy11
400705
booger12
donna123
fuckyou18
misfit1
13231323
bookworm1
19111991
1pitbull
katie13
594love168
zaqxsw123
357mag
sk8er1
jason7
bosslady1
iddqdidkfa
shadow09
cocacola2
251200
14021990
motor1
gjkbyjxrf
toluca
matt01
antonietta
1stlady
321qaz
tyler22
sherwood1
train1
TMM
laura2
holmes1
forever11
efnesonline
patrick!
sporting1
soccer94
141087
adrian13
larsson
357magnum
#1princess
1379
LINKEDIN
vlad1996
guido
yankees11
westside5
dallas09
grover1
chaitanya
mikele
902100
sexpistols
enTu6ea64H
ferrarif50
ammaappa
arman
buckwheat1
100988
vertigo1
lynne
terezka
nini
samsung7
killer77
cody13
angle
images
130788
789963
paddington
200988
bigdog12
bigshow
dolcevita
dirk41
angel2010
1Q2w3e4r
schnuffel
uifKjhF522
maggie4
1027
kasey
111990
producer1
america9
ya
money88
seniors08
slipknot!
baby90
140987
sweetness2
farrah
wsxqaz
benji123
glamour1
trabzon
400068
220986
caden1
rbd123
styles
150390
celia
240890
mansur
cutter1
pimp16
sammy10
hunny
alicia12
yuriy
qwerzxcv
crazy4
sanlorenzo
apple01
kendal
froggy2
230890
ilovetom
123456789012
0707
anastasija
rajani
steven7
110285
babylove12
youloveme
201086
201087
julianna1
ilovepie
replay
121991
michelle20
kitty9
brasilia
lampshade1
101987
zidane1
whitewolf
thekiller
492529
22121986
baddest1
fuckthis2
lego123
chirag
brown12
starfox
illinois1
forum
justin9
giants10
brunette
anetka
cheesy1
123sex
taylor9
sk84ever
guizmo
1402
432156
winona
scooter7
telefoon
bigbutt
memento
070789
friends10
dj
batman6
gasman
diver1
changeit
ï¿½+ï¿½ï¿½+ï¿½ï¿½ï¿½ï¿½ï¿½ï¿½
oladimeji
oluwaseyi
gutierrez1
finger11
200488
bigbuck
ih8you
120384
honda600
school3
mahal1
love67
pampers
shabana
eighteen18
mystical
xavier123
2510
molly13
d21lWz1zjS
maksim2425
worldwide
guyver
lakeside1
030383
69chevy
parissg
110988
spike12
jewelry
240486
ahmad1
paraguay
kinky
w1971a
bhaskar
mommy08
crossroads
haterz1
dude101
sierra123
alexis07
lover09
pasion
10071987
titus
101986
ready1
fifa10
iloveu23
maman1
211086
moto
change123
queenb
811009
costello
baby00
w1972a
mama23
ryan23
110027
fuck21
downhill
gfdkbr
prophet1
james9
a555555
paperclip1
201184
100288
gj
amber01
thunder5
w1ll1am
gerbil
aeroplane
sanctuary
151189
shriganesh
goarmy1
hyper1
Florian
bolivar
122222
media1
pokemon!
twiggy1
22021989
44448888
chaparra
2202
michelle9
pineapple2
snoopy3
1478523690
143jesus
15031988
salvatore1
020289
tasmania
nokia2700
woodrow
12041988
llamas1
douche
16121987
080890
141188
football89
sweetdreams
teodor
moomoo12
jujuba
270488
boneca
14101991
karel
lilgirl1
mariners1
player01
biotech
fgfgfg
nacho
nolan
gretzky
222777
winston2
loshara
shailesh
Scooter
nathan7
12021985
sasuke13
zacatecas
130990
qazwsx123456
cameron4
bryanna
mahalko1
Rainbow
2fast4you
gorda1
jennyfer
tucker01
bubbie
sooty1
chicken6
editor
faith01
serious1
laluna
198666
finance1
fussball1
january9
pla
tigers01
zachery1
ilovey0u
kirikou
jordan1234
brain
12031203
21031988
990099
110689
rangers123
princess28
pickup
head
godslove1
brandy01
steeler
goodlord
farscape
raven12
20052006
matchbox
jonathan7
hannah21
250987
198520
sagittarius
springer1
cowboy123
tampabay
stud
ttd955AudG
161288
thinkpad
theforce
rampage1
babydaddy1
bryan12
develop
dumdum1
281
5201314520
230590
sunshine14
jasmine09
jupiter2
240688
johnny13
jeannine
ghfdlf
linked2011
140689
shawnee
001978
12101988
joseph21
chris88
121982
headhunter
lovepink
220486
2511
smurfs
lozano
rhjirf
ariadne
lfybkrf
dash920
fairytail
marky
unicornio
lambofgod
84569280
fucklove2
austin14
lalalala1
snowdrop
yygjmy1984
twoboys
tig
560038
ger
pastel
260690
240485
iloveme7
tbilisi
151287
kylee1
poderoso
cupcake11
cutie!
blondi
sunshine77
scooby13
elnene1
netscape
cc123456
121980
sports12
John316
greenday3
pelon1
1110
25101987
1331
raccoon
231084
justin1234
060688
marybeth
kishan
tylers
851216
12101987
purple07
100189
heritage1
thunder3
boots123
climbing
andrey1983
reece
navidad
1957chevy
13121987
golden12
220789
smiley2
rachel13
250689
dragon.
adamek
251289
bugsy1
110188
paxton
tianna1
14041987
4angels
brahim
gavin123
140292
Elizabeth1
chicken22
awdawd
what12
10111990
150389
wutang36
juicy123
mymail
paramedic1
nbvjirf
skate101
beth123
120883
200789
400078
football78
patrick13
north
ravinder
131086
doberman1
kristie1
triple6
mp3player
wert12
ANGELS
carino
100787
angel637
fraggle
asdfgh7
thomas08
dude13
flipmode
deeppurple
1708
colegio
bojangles1
sector9
biteme123
BASEBALL
tarkan
sony12
tobi
danny7
123QWEasd
nigga!
AjcuiVd289
120285
misty2
sampoerna
251086
superstar3
antigua
mallika
210187
bibles
booboo01
joseph5
levi
usausa
football35
hennessy
100386
aa1234561
airwolf
nautica1
tekken5
lauren7
dragon64
sassycat
ilovemark
4204life
smokey3
gerhard
shadow.
gwada971
barbar
brand0n
hickory
ballin5
amigos1
121992
helmet
kingofkings
chacal
mercer
tmobile1
mayumi
james06
sexy89
julia12
silver13
131290
tigerlily1
reverse
lovers4
ashley88
1Q2W3E4R5T
jedi
050690
iloveyou4e
009900
121278
kimber1
240590
12361236
andy11
alex03
2w2w2w
gregoire
cerfcerf
ikenna
arlington
2kool4u
gizmo12
bhbyf
section8
titus1
green101
ttttttt
glorious
alexis22
20071987
ulrich
redfred1
libelula
141186
mustang11
samsung01
gumball
jesusc1
1313131313
serafim
10121987
1alexis
lamborgini
patrick01
felicity1
JxsGx2Yd87
smilla
achilles1
fiatpunto
bananas!
130680
policy1
gohan
ilovebrian
drunk1
ï¿½ï¿½ï¿½ï¿½ï¿½ï¿½ï¿½ï¿½
ratman
chandra1
230486
654852
perla
imcute
joebob
bootie
pflybwf
15121986
aggies1
101183
santorini
firebolt
22121989
warthog
gunjan
charlie69
nathan06
ultra
150588
sweety2
bone
VANESSA
kikiriki
Boomer
130389
vale
angel0
crazy14
w00tw00t
unhappy
prince11
taylor06
5t6y7u8i
mexicana1
facile
lovely6
oyster
shadow101
sai
summer03
king24
mayang
waswas1
q123q123
joshua16
210486
781227
Prince
z:
redsox2004
pimpin5
hottie08
toxic
13031991
04041988
sarah7
024680
140988
rabbit12
120282
cutie08
takamine
fleming
babyboy08
ilovekyle
doritos
251290
12061990
pinkey
dude22
checker
qeqeqe
vfpfafrf
meganfox
heart2
230586
socom2
maggie5
hotness1
coco10
fghfgh
1100
wowwow1
kamlesh
obama1
john15
dallas23
amigo1
091
nike11
redsox33
furious
brittany10
bridge1
sammy6
karla123
159357852
popular1
19521952
vicki1
donuts1
wiccan1
present
melbourne1
ralphie1
2255
P@$$w0rd
181088
cody1234
121080
zxcvbnm2
111287
vinny
destiny08
300688
mygirls1
thesims3
rocketmail
ilikeit
green1234
hoochie
ulysses
198719
110685
241190
Chicago
qwerqwer1
honey22
elizabeth.
england123
qg9543bh7
totti
jinjin
hugo123
999666333
zack12
marwan
sk8er4life
Williams
austin06
privat
654321m
merlin01
staind
mellow1
246824
260488
alexis14
brutal
anarchy99
modem
jorden
alex04
havefaith
Sydney
wayne2
guitar!
down4life
3003
newbaby
231285
cet333333
david09
fishin
shredder
14121987
150888
links123
specialk1
10121988
deeznuts1
120884
12345aaa
1dontknow
alanna1
lolwut
barbie13
199119
jeanluc
iamtheman
luke12
dog101
rayane
barbie11
happyboy
sissi
non
210191
hamham
angel98
horse2
tratata
autocad
bisounours
dantes
mowgli
alex1991
blessings1
leslie123
14041988
des
100685
exercise
19761968Serg
03
king101
pfchfytw
lovelove2
vick07
pakito
benidorm
1117
sol123
allison2
marilu
560047
daisies
danielle13
400054
aaabbbccc
1912
zaq!2wsx
ajtdmw
bigapple
dj123456
fujitvpass
yellow6
binbin
sandwich1
150788
thankgod1
120289
pdq4RV
raiders3
sandal
vip123
250584
101191
3amigos
airjordan
emily7
mcnabb5
100286
owens81
kazuya
211188
g1234567
vfhrbpf
optiplex
aerobics
crusader1
bigcock1
a13579
1tinkerbel
regional
cupcake!
olaitan
rules
dicembre
pussys1
terri1
210386
bucks1
jayvee
221177
cagliari
zooyork
jirka
admin2010
denzel1
villegas
chrisbln
mommys
angel96
antonello
amarillo1
horses!
220686
scott12
jordan69
kittycat2
nicole99
fuck.you
redbird1
Christ
lucy01
studmuffin
carroll1
govols1
elamor
destination
cocolino
cashmere
artista
abfkrf
14071987
palomita
mari12
blue92
12345678g
qaywsxedc
yuyuyu
23041987
blah11
560016
tyler23
brooke11
02061986
246890
zackary1
110110jp
02021984
dolphin13
mary1234
hawkins1
lucile
hottie#1
beatle
taylor16
210989
kernel
signal
kookoo
151086
198555
mullen
rose22
emilia1
murphy12
teenager
motor
dreamer13
Qwertyuiop
skate4
123123w
Casper
almeria
koala1
140285
elmo13
cordelia
liebling
erickson
hunters
iloveweed
polpol11
121082
22121987
michell
harini
abidjan
americana
ceaser
pitcher
lily12
sandra2
glasgow1
cokolada
midnight3
conejita
kilimanjaro
_
tiffany7
harley22
dumbass2
tiger14
101077
honey5
choupinette
rowing
130888
PRETTY
1009
anonymous1
11111111111111111111
cocaina
wolfwolf
Carlos
josette
nymets1
tweety22
1941
hawk1020
12345asdf
assfuck1
horse12
14021992
ginette
131289
25121986
speakes
kaushik
federico1
hamsters
231185
523523
jedimaster
pelangi
201190
skibum
diamond9
bandido
22041987
rocking
doritos1
hollister4
270790
130587
buddydog1
samantha8
tweety16
buford
8989
rebecca12
fatass123
babydoll2
raiders14
darlin
tagged
ferrari123
bubble12
140286
zezette
johnmark
tank123
iloveme13
shazia
251287
trevon1
01011976
jessica07
racheal
11121985
Ab123456
110684
password96
p3avbwjw
brandon17
JONATHAN
donny1
slacker1
victoria7
48624862
chad123
myspacesuc
clockwork
westwest
syracuse1
1nternet
Jackie
housemusic
austin23
connor2
celebrity
demola
serge
alex1997
music09
ghjghj
lost4815162342
eight
jackie11
vjhjpjdf
kosovo
11021987
fifi
fastcars
rrrrrr1
120984
13121312
220990
imtheman
141287
andrea10
summerlove
willie2
1112131415
bettis36
261184
kenny2
120393
250888
haider
makelove
280688
shadow24
beer30
110385
271088
andrew24
trish
player7
forbidden
lokita1
01031980
jasmine!
12121983
02061987
carmelita
satelite
loverboy2
ï¿½+ï¿½ï¿½+ï¿½ï¿½+ï¿½ï¿½+ï¿½
james101
19071988
ndaCebx2wx
lifetime1
monkey89
120782
111090
chingon
lost123
baylor
think1
bigtime1
skaterboy
bluenose
Midnight
400005
cj1234
100990
1410
1234554321q
25051990
cute13
101185
developer
bachelor
260188
iceman12
samantha10
dredre
kucing1
homeless
250989
manutd99
piston
123a456b
monet
090987
pink25
latrice
aeropostal
poptarts
trading
tink11
turion64
susan123
marley123
dollars1
bubbles22
dildo
headache
220485
tookie1
fifa07
Godisgood
Sfring31
auto
coffee2
madison05
naveed
110190
wholefoo
dragon17
starfire1
santacruz1
tigerlilly
shadow18
030405
Basketball
sensizim
geegee
jasmin123
07
mammoth
arsenal2
1qazxcvbnm
pen
qwsxza
mickey21
210685
20061986
michael20
verito
chaos666
player5
261288
14021987
maries
12101986
spades
green88
alibaba1
iloveyou27
popo12
mina
charles12
wannabe
chewbacca1
dr
17ciao72
1elephant
oskar1
14921492
hondacrx
lottery
maria7
101078
kane123
karol1
4seasons
goofy123
pretty13
258654
lyndon
comfort1
12101990
hamish1
napalm
linkedin.com
karizma
green01
na
130687
justin19
cristovive
100788
nettie
666111
coincoin
emily5
star77
espanol
honey11
i234i234i234
veteran
binky
10121991
020890
3blindmice
govind
dragon66
winfield
230686
230788
famous123
king09
danielle!
peace101
labrador1
1130
colby
gothic666
101292
jonah1
130189
madcat
chitown
mandarinka
trout
tijger
maria22
edith1
color1
joseph08
shimano
guccimane
20021986
1lakers
clueless1
kalimera
commandos
nieves
karthika
conan1
mario66
seraphim
101098
babygurl11
current
escaflowne
freddy12
bigboy23
jackson10
201089
saibaba1
mouse2
110583
joshua8
damola
yourface1
burbuja
elephant12
juan316
110584
Family
sweetie12
251185
danger123
120291
vsijyjr
0404
shit11
kamikaze1
bigtruck
110691
ileana
katka
bongo1
215487
sammi
buster21
oscar22
2kitties
12321232
azerbaycan
myspace007
200990
geology
tony22
10031987
ryan21
10121986
deepfrequency
161188
13051986
kelli1
121006
daniel05
chobits1
guitarra1
freeatlast
samsung11
loveme10
ciaoo
halo33
nanny
nana13
121182
sexything1
mu
fuckitall
140488
loser69
horses11
ilovemydog
271288
ARSENAL
120681
yellowstone
andre3000
michelle15
250890
ganpati
lovem3
macedonia
delldell1
me4ever
daniel25
crazy!
invalid
bella1234
andrew05
winner123
izzy
qawsed12
zaqqaz
.ktxrf
khushboo
310000
d12345678
171285
maria3
201005
puppy101
martial
sk8sk8
exclusive
020689
please12
qaz123qaz
naenae
perla1
cena12
jesusrocks
12081988
stlouis
mortalkombat
ranetka
100101
brandie
25121989
novikov
20051986
dominican
sexgod
12332112
jonny123
annmarie1
mathias1
doorknob
june08
spiderman6
banan
02041987
230289
love85
220386
radhaswami
locker
smile7
warrior2
strength1
rap123
ellabella
shorty16
superman09
star88
ï¿½ï¿½ï¿½ï¿½ï¿½ï¿½ï¿½ï¿½ï¿½ï¿½ï¿½ï¿½ï¿½ï¿½ï¿½ï¿½ï¿½+ï¿½+ï¿½ï¿½ï¿½ï¿½ï¿½ï¿½ï¿½ï¿½ï¿½ï¿½ï¿½+ï¿½ï¿½ï¿½ï¿½ï¿½ï¿½ï¿½ï¿½ï¿½ï¿½ï¿½ï¿½ï¿½ï¿½ï¿½ï¿½ï¿½ï¿½ï¿½:
onions
arsenal7
jasmin12
yoyoyo123
futura
124
brandon18
musician1
mike09
twilight4
ferrari360
shay12
echo
yourmama1
woofwoof1
mami
3kings
211289
holyghost
horacio
naked1
complex
Stella
danielle11
myspace19
bud123
chicken13
Ghbdtn
bruna
treetop
iskandar
America
kev123
espinoza
sesso
yoohoo
live4ever
morning1
shinji
12011987
laxman
daddy10
kaiden
great123
isabella12
chepalle
piscis
13121988
clock1
oscar01
0cDh0v99uE
greyhound1
serg
cassie11
100785
smalls
seamus1
mounir
milosc
456789a
140690
jazzman1
peacelove1
mary13
samael
iloveangel
paint
shorty4
pingping
19091990
pinklady1
fly123
151088
final
football36
bella7
171189
number15
211290
110484
12031987
ranger123
renee12
buttsex1
shyanne
constant
170589
cf
123asd123asd
alyssa13
dave12
maximum1
pompey1
diamond01
Australia
salmo23
211186
241187
parveen
jagoda
jackson4
alexa123
bladerunner
1cherry
vivere
U6e6r9hwiX
20021987
cheer10
snoopy22
deputy
waleed
albania1
wind
vfy.yz
smokey7
kiwi123
hereford
redfred
fuckbitche
pippopippo
andrew09
tiberius
560085
family06
sathish
stargirl1
keyblade1
21121987
ganjaman
ashley101
korea
katlyn
Flower
tyler08
sanfrancisco
cupcake13
mediawire
callisto
123jesus
reeves
yfcnz123
panties1
bianca123
rhubarb
raiders18
newports1
Cookie
qqqqqqqqq
iloveme.
a333444
140788
210185
lizzard
pink77
meriem
13121984
230690
l0veme
cyber123
12121982
hospital1
1tunde
motion
browndog
speedy12
life12
345
130985
ijeoma
shizzle1
magellan
buster!
n1gger
manuel13
230889
gulnara
porto
matt69
baby99
sarah3
hsm123
271
11121986
emoemo
luna12
gumby1
92702689
12081987
PURPLE
grandam
111182
tropicana
1killa
ihatelove
boat
basement
undefined
01011993
shadow08
poker21
flowergirl
steelers2
120983
summit1
dave1234
jose01
mymother1
Ð»ÑŽÐ±Ð¸Ð¼Ð°Ñ
testqa1
aviator
por
peaches7
w1968a
koleso
dimon
karissa1
blade55
Summer11
Ð»ÑŽÐ±Ð¸Ð¼Ñ‹Ð¹
licker
green!
sailboat1
fast
nick101
1dallas
bennie1
alana
911111
selena123
jabroni
rubens
rfkbyf
foxhound
vfrfrf
ilovedaddy
money77
mustang89
131285
d85lWz0zjS
morelia
momdad12
lady01
amanda4
230288
rrrrr
playing
carmine1
twilight09
181188
02021990
ttt
prowler
shree420
lianne
funfunfun
angel29
au
301188
murphy01
zachary12
butt123
mariah12
1scooter
mas123
vivienne
rolex
211286
natedogg
Trinity
261286
hoops
splendor
carlie
789456123q
coffee12
ren
ladybird1
freakshow
23101987
block
jobseeker
15101986
jamison
12031991
100485
20021985
sanya
bigbob
jordan04
600040
008008
lover16
shortcake1
roc
141086
varanasi
147789
23021989
violeta1
240388
fuckyou17
blessed3
fiat500
urlaub
amiret2015
sonora
striper
110683
princess77
210788
kenneth123
spooner
225225
mingus
sasuke2
10011989
alphabeta
twilight7
joe1234
pasadena1
rhythm
hillcrest
shirin
ckjybr
fifteen
durham
thinking1
united99
mouche
131188
trustgod
badgers1
archangel1
jacqui
bluedevils
bogey1
qwerty87
fuckyou00
angelus1
saywhat
videos
BRANDON
504boy
281281
101181
broken2
sac916
240988
230787
11922960
190788
charlie23
September
maracaibo
rachele
dopey1
mustang06
juanma
lucknow
josemaria
260388
joshua6
opennow
klingon
narnia1
120692
220786
starwars11
daisymae1
0147
computer01
1newyork
150987
spliff
bitch4life
bullsh1t
beauty123
reddevils
14021989
jakester
newera
7e9lNk3fcO
chelsea5
william23
greatman
Junior
101095
elite
ballin07
dildo1
mariaa
240489
03031988
avangard
pongo1
rosamaria
19031987
ilovejess1
profesional
z123456z
daisy7
hewitt
ï¿½ï¿½ï¿½ï¿½ï¿½ï¿½ï¿½+ï¿½ï¿½ï¿½
226001
shawn12
246801
acoustic1
pushok
100287
franko
lin123
krusty
walnut1
america3
barclay
sheba123
lssy123
pookie3
beauty2
bigbucks
priora
matmat
210787
honeykoh
13031990
spectrum1
hot101
chicken8
vSjasnel12
punk77
yfcnzyfcnz
232629
bully1
antonov
clint
12151215
jasmine23
111110
191288
gendut
ja
700007
141285
paola123
gabriel3
dealer
Tucker
wishes
888555
camprock
050590
poohead1
garima
AMERICA
mmm111
carolina2
kisska
pink99
1stunner
02031987
105105
bigboy13
glock17
46709394
planner
110191
natedog
fruits
maria14
lake
311288
monteiro
goodjob
mum
151190
198325
197200
clown
azerty1234
skulls1
christian8
mercedes2
hot2trot
barnaby
green55
crown1
fla
bigguy1
271190
250688
gio123
monkies
warhammer40k
steveo
170288
0911
sohail
10051987
daddy6
10041991
freedom01
klootzak
indochine
dimension1
kyle11
alesana1
mutiara
chauncey
model
hentai1
kids1234
antonio3
150188
250790
alex2007
joaquim
byron
131190
berlingo
beamer1
kaleigh
spiral
mahogany
101182
22051991
10111987
highlife1
ganeshji
rockin1
toblerone
jahjah
soccer95
candy!
justin88
211190
221282
camero
171188
passed
julien1
111284
masha123
marvin123
100887
1Ck75iflgA
nayeli
bellevue
baseball00
joshua04
200689
cowboys5
swingers
yogibear1
something2
options
tony23
241090
janna
willow12
badboy13
171171
12101989
garret
andr3w
shawn2
moremoney1
joan123
charmaine1
100100100
jakers
morgen
230488
original21
kelsey123
qpqpqpqp
destiny9
sinbad1
ilya
moon12
death101
rotten1
271189
10101982
20121988
fuckyou15
kostas
deaths
luciano1
stratford
130488
shayna1
letsplay
blackcat13
johnwayne
drake123
roy123
120185
poi
baller32
elmer
lucylu
290688
221284
shadow07
chowder1
10251025
aq1sw2
zildjian1
grapefruit
trailer
pravin
fuckit123
mini123
18021988
wiktor
yfcn.irf
jennifer!
teamobebe
checco
policy
legends
5201314a
twilight11
fontaine
iam
train
pelikan
babymama
volvov70
050290
hackers1
rewq4321
gizzmo1
luckycharm
let
retarded
tanechka
jimmys
12031992
moustache
kolade
dogpound
753951456
4getmenot
monica13
ilovejake
aceracer
framboise
crazyfrog
130684
yzerman
steph12
10051991
apples3
angel111
sunbeam
douchebag
killall
epiphone1
anal
gitrdone1
horsey
120591
football65
10051988
phoenix602
trustme1
carmella
monet1
green99
twinkles
melancia
southpaw
ilovejb
2104
210889
goo
bigdawg
auction
horney1
starshine
160486
150889
music23
geography
purple101
100185
bru
lilly12
june07
28091992
tony01
bushra
jumoke
babyg1rl
240589
03031987
01470258
bolton1
loreal
220989
marlena
taetae1
yYxTHH8J9k
wicket
crazy6
peralta
010182
sridevi
corncake21
gossip1
star99
paradigm
bigpapa1
noaccess
bridgette
221184
kingofking
vfrcbvec
mensuck
hao123
1patrick
20031990
151289
southeast1
danny11
glock40
massacre
fucklov3
enfant
190588
imcool2
111086
nomar5
concordia
arsenal01
lbhtrnjh
coldbeer
m1m2m3m4
201188
good12345
fil
figueroa
movingon
1pretty
021090
flanker
drama
superior1
130489
little2
nba123
quimica
fuckoff13
infernal
eric11
softail
becca123
gohan1
120184
221100
220787
rachida
gfhjkm12
wenwen
yahoo11
gorila
quest
heather11
makaveli7
peter2
katie01
keeley
23121988
soccergirl
aaaaa6
240990
5thward
180889
140787
p@55w0rd
cookie6
loveme14
vlad1995
samoht
passwordd
02081988
master666
150586
cinders
smoke123
198112
saw123
jodete
pasword123
smile5
lietuva
venere
abudhabi
inessa
fire911
virago
2013
fred11
pinkpink1
oneway
makenna1
1father
14101985
240689
Natali
molotok
21121989
bertie1
sammie123
rayray2
berries
272829
holla123
smile11
kuba
malang
100587
brandon69
celestine
basile
chloe01
garnett21
poopies
250787
superbowl
yecgaa
12071990
nonstop
max2000
d2iTsr81jO
puppy7
fifty50
maggie08
tunisia
mustang68
skiing1
skate5
chasity
shrimp1
james19
bear13
kira123
michael99
sistemas
mandie
dorado
700700
rockies
210790
fxzz75$yer
sinner1
69chevelle
pantera666
cutie07
bogoss
hahahahaha
alhambra
mental1
baby2006
10121989
147852369a
taratara
121184
aa1111
1qazaq1
assunta
02071987
211189
mike88
zoosk123
ramrod
holger
lover9
lokesh
124816
tigers7
lilly2
220584
tamanna
220685
sxUaIehAtp
azucena
choose
ghbdtnbrb
daywalker
zoey123
tigger99
famiglia
pimpster1
princess33
cutie6
sonny123
111190
160288
123456789aaa
arigato
thinkpink
marimari
sexy28
steven3
mizzou
15121987
hitomi
toluca1
jannah
hidden1
110485
cookie9
870621345
love247
mahmood
303303
afrique
261185
irock2
suckit123
flower6
buttmunch1
britta
951236
joan
joker23
daycare
05
1234512
21051987
mylove01
tigers13
01041988
fling123
cioccolato
koolkat
gordo123
banana7
19101990
tbone
brooke01
punky
yomama12
198777
12331233
01021985
josefine
gators15
pierce34
bradshaw
prout
toilatoi
125
1person
240986
24091991
17121987
photos1
bulls
ghana123
320320
dreamteam
fetish
chien
johnson48
hockey24
kayla01
derecho
tiger101
2310
tiffany3
bigboy7
carter12
mustang95
qwertyasdf
filipek
sashok
chichi123
alicja
flanders
121979
35353535
pretty5
bergen
brown2
kosova1
130790
040488
10071991
development
juliane
136136
miamiheat3
2boobs
planb1
shantel
newbaby1
farzana
smokey69
19051987
qwerty24
killa5
cowboys08
sinister1
gfhreh
kevin14
aaa222
joshua03
jordan20
fairytale
abcxyz123
abegail
robinhood1
herrera1
120893
letter1
dontcare
171286
houdini1
natusik
111978
310191
vova123
syzygy
laila1
george22
wizards
3216732167
wxcvbn123
160389
20041987
mani
lister
ipod
tanner2
120581
dylan01
killer15
smile22
wendys
valdemar
racer
150986
gansta
mama2010
game12
20101989
davinci1
suzie
gamble
110044
kissmoko
220886
manalo
Tigers
111285
ryanryan
00000p
karl
whitehorse
011
22101987
light123
moondog
odessa1
201285
130289
121981
12031986
03031990
analsex1
princess00
bnmbnm
210390
nikenike
finalfanta
william9
fslhggi
fight
www333
hotmail12
190988
brittany3
kiana1
261187
johnny3
Ð²Ð¸ÐºÑ‚Ð¾Ñ€Ð¸Ñ
ranger2
janicka
1914
200586
apple6
daycare1
cipolla
hotstuff12
natalie3
MONICA
1q2
2morrow
240790
211287
bailee
mommy!
toystory
sexxy
m123123
1peaches
ashley1234
zach12
thedude1
01061988
mexico100
ykvpoia569
sexy32
password86
monkey20
111111d
17081945
1daughter
boomer11
sweeney
lakers13
221185
140588
171088
23452345
godis
Guillaume
200686
juarez
filimon
22121992
tangerine1
dollie
danny01
20031987
wodemima
nathan07
sammie12
123pro
140585
11051987
myheart1
moimoimoi
angel100
mexico21
austin4
bluebell1
230985
power3
124563
tivogliobene
abdul
xbox123
250990
younes
lagarto
aquiles
tomika
number123
fruit
switch1
160590
15041987
bobobo1
shrek2
punk101
annapurna
money12345
suckdick
collingwood
chocolat1
madden06
Fylhtq
claudio1
13041987
chrissie
misty12
ducati999
reefer420
130685
25051987
alliance1
jimmy7
10121985
220889
marykay1
fortress
jamar1
sunshine07
pokemon4
marykate
nevermore1
romans12
vfrfhjdf
paradox1
26842684
juventus10
Good123654
cfvjktn
250386
240789
23121987
fabio1
pavement
mark23
william22
pogiako123
vbhjckfdf
monster23
010390
221089
240586
theman2
whatthehell
sweetpea2
bluegrass1
suchka
jaroslav
amine
dakota3
alberta1
peabody
Qwerty12345
dustin12
7153
bratz12
15051990
linkedin12
azzurra
mon123
redsox2
peluchin
vincent123
candelaria
10061986
198521
121191
Eminem
560095
le
rabbit2
karapuz
escalade1
visitor
laylay1
angelochek
reginald1
zappa1
johnlennon
23091989
mexican12
lelewa123
chuck123
fucker3
505505
270988
jeter
michael25
colts
www123456
paris2
jake10
cowboys3
manju
cutie9
tyler07
frederico
hoops1
200002
casio
perkins1
booboo5
18081988
741123
chris89
6Acaxa54bE
flower23
260988
PATRICIA
passions1
181187
shop
ï¿½ï¿½+ï¿½ï¿½ï¿½ï¿½ï¿½ï¿½ï¿½ï¿½
doughnut
loop1206ssdsff
pavithra
frankie12
sameera
220887
sadiedog
130890
charlie99
anette
mustang9
221285
punkie
2m66xF2AJT
1Ð¹2Ñ†3Ñƒ
akanksha
barca1
bidemi
gertrude1
100885
barney01
liljon
fckgwrhqq2
motorbike1
2happy
harley09
bandit13
dingle
kailey1
tanner123
vincent2
bounce1
alialiali
workshop
platano
199111
coelho
jimbeam1
norma
bigblock
black14
1danielle
asshole23
higher
13031987
newyorkcity
mimi13
orochimaru
satchmo
patton1
active1
sliver
easton1
gamecocks
sixers1
140889
jeepers
bitch06
michelle16
sesamo
cygnusx1
fakefake
dragons2
kurwa1
ZAQ!2wsx
guitarman1
ritter
fir
milk123
amir123
milomilo
281288
veronika1
070790
14121988
bambino1
zaza
241288
joseph23
hank
trinity123
sunshine24
notreal1
polaroid
zujlrf
whore!
animal12
endurance
shower
111184
klaudia1
thebest123
fyutkjr
22121988
joshie
batman4
jockey
100883
freedom07
cfifcfif
140586
12111987
myshit
myspace20
terran
sanford
elenka
trivium
maravilla
VICTOR
cheche1
10121992
ivanivan
people3
p0p0p0
TAYLOR
kanika
1357246
candyshop
tayson
natedog1
130188
meg
louise2
judoka
michelle6
almendra
toolman
meryem
301088
ï¿½ï¿½ï¿½ï¿½+ï¿½ï¿½ï¿½ï¿½ï¿½
dragon09
pokemon8
apricot
8balls
1budlight
baby91
havefun1
120680
bourbon
funny2
309309
chachacha
bobby3
health1
willow123
02071986
ragdoll
bobby7
zaqwer
11qqaazz
230485
kapow
11121990
openme
angelo123
jacob10
0987poiu
waterloo1
mathilda
280588
sil
14101988
2501
230187
moinmoin
yamamoto
qwert2
market1
fruitcake1
karamelka
surrender
laredo
anhtuan
itsme123
butterbean
superman88
broadband
primera
240488
230387
anibal
godawgs
mashenka
250686
victor01
karting
crfprf
parakeet
nikitina
retro1
palomo
monkeys3
521521521
savage2
11021989
200288
freunde
zoe101
250586
010889
seo12345
789qwe
krystian
diamond13
e1234567
christian4
harvey123
130190
bionicle1
21031986
240787
lilli
030390
fy.njxrf
sexyred
w1966a
fuckyou07
li123456
22071986
198822
lovebird1
2ealtD3y4Y
beatrix
rrrrrrrrrr
princess26
puffy1
dutch
taytay2
turbo123
asia123
pimp#1
steven22
asddsa123
pimp420
flowers3
eeeeeeee
hatebreed
pad
love1996
15051985
amber3
boycrazy1
1904
asd123456789
240687
amorcito1
lovesong
marie6
250288
manpower
tweety08
121092
080889
blue02
artur1
puppies123
olidata
jobjob
jaja123
jellybean2
101985
joshua17
260687
600020
mark13
11031990
12051205
bigmomma
400071
antonio7
741
101984
250488
280690
180288
wentworth
w1967a
toast1
ali12345
241290
15091987
panasonik
linnea
liverpoo
04041991
iloveyou*
22362236
0147258
fiddle
123456sa
chance01
caramelo1
celina1
261190
1jonathan
player21
rugby123
thomas15
exotic
n1234567
02051987
Brooklyn
...
gravity1
nikolaus
esperance
traviesa
21121990
110189
15051991
elnino
lovely13
Maria
78945
oliver13
maintain
elisabet
201012
reeses1
chaplin
11091986
hostmaster
ilovemama
tiana1
cheer4
gabriel01
456123a
123777
ggggg1
tonto
tulipano
redredred
tiamat
geirby
rainbow11
dancer22
star33
311286
Destiny
mexico#1
13121991
garage1
claude1
02031988
001983
redcat
mick
kaylie
4711
camila123
1908
291189
25051985
longhair
elijah12
wetter
mattmatt
240985
toocool1
duffer
170686
hunter02
howell
220220
scoubidou
bonzai
092124
25061987
cornflakes
150990
12061987
20051988
lollie
lucky15
11041990
200986
171090
02031989
munich
301089
1skater
skyrim
230790
gerardway
101192
daisymay1
coco22
sara11
love1990
sincity
22021991
grillo
psalm139
alexis06
miguel2
waseem
31121986
melanie2
hansolo1
aiden123
king69
420time
kimba1
14021986
beejay
02101987
cookie8
fatass2
sexy99
cc1234
records1
fuzzball
600001
jarrod1
vindiesel
010690
170890
123smile
mommy09
miranda2
100786
babyboy5
111111111a
spiderman123
hotties1
110885
161086
123123e
tyler!
r2d2c3p0
steam
w1964a
spanien
coke12
15975321
stephie
maxim1
eliska
squeaky1
198619
125689
katherine2
ozzy123
rocketman1
balls2
vaseline
andree
140686
cabernet
311088
cameron10
topper1
andrews1
15051986
kittys1
rider
darian1
secure1
princess96
kbcbxrf
brooklyn7
lionel1
nastya123
michelle18
yankees26
james!
quique
23021987
binladen
240685
bluewater
crawford1
10000000
291188
130984
22041988
skull
yamaha123
fuckoff7
andrew8
nnnnnnn
asterix1
cheergirl1
Porsche911
226016
cliff
morgan7
allie123
frank2
karola
kitten11
daisy5
megumi
weeman1
23101991
name
150487
OLIVER
10051990
231183
seventy7
kathrin
mbtVibranike
311089
indian123
commercial
jay1234
winter2
liljay1
intern
01041987
heretic
ufhvjybz
good1234
prozac
230188
sprout
hunter9
nolimits
knockout1
greenwood1
radio123
ruger1
kestrel
robert18
cyril
001980
carlsberg
030688
dbityrf
evgenii
20041988
asdfjkl:1
#1love
channing1
3006
toby1234
borussia09
tanguy
gustavo123
luckystrike
thomas18
310789
legendary1
charlton1
19021988
150689
blitzkrieg
maulana
theshit
26031998m
ilove5
jumpjet
diddle
ranger11
blue27
kozlova
townsend
moreira
angelika1
mulberry
250487
juvenile
ribbit
iloveyou06
volvos40
tanja
pepepe
ppp123
Victor
black8
bella07
tyler15
cool14
dietpepsi
loveyou13
william6
100187
lucky16
babygirl95
2512
helen123
maryjane69
200787
25121990
198525
250986
anathema
sweetie123
240889
Ruslan
austin21
ilovesarah
bubbles101
fastcar
Christmas
dagger1
70chevelle
sasha1996
ivan12
aircraft
271087
111191
antonin
200690
250486
16061987
lolek
none123
badboy11
nameless
donkey12
rus
16101987
superman08
estella
140283
cazzo1001
biscuits1
10061988
luana
chamonix
sixers3
fromage
pallmall1
290990
112288
beaker
270788
breast
nokia6303
kelsie1
medic1
234561
yourname
susanne1
mimi11
kurosaki
vvvvvvv
198625
080886
eeeee
purpl3
presidente
bigjohn
panzer1
goldorak
kingkhan
iamlegend
raven2
brasile
jackie13
wordup1
qazwsx2
11111986
babyd1
pulcino
slayer6
belier
robert6
canary
booker1
h-town
50cent1
jeremy11
11121991
josh15
reymysterio
guesswhat
030393
raisin
10031988
penguin7
jackie3
chocolate12
mark01
trebor1
happyface1
mapleleafs
zapato
cabezon
leahcim
zxcvbn123456
123456000
qazwsxedc12
agent47
star18
34
barkada
dark12
cluster
charms
kantot
stephani
kraken
111975
281088
raptors
yourmother
gattina
19021991
shelton1
yaya123
ilovefood
roxy101
rasengan1
dinosaurio
tyler06
100290
optima
grass1
jerkoff
140890
20061988
01021990
1111111111a
271185
default_password
pooh11
sundar
20031989
lexie
blue66
ABCDEFG
terra1
tree12
carbon1
rockband2
271289
taylorgang
300888
hollister8
zamzam
woowoo1
181286
145300
cyrus
princess#1
140388
1marine
money17
12345678n
demonio
dragster
281287
110286
crazyman1
cheese23
1lovegod
201085
lucero1
america5
cheese01
freelove
neverdie
meaghan
pokerface1
eagles7
joh
kelsey2
310189
pants
edward22
dawkins20
90909
tink101
122987
dinmamma
123bitch
annaba
paparazzi
killer55
fake1234
darkness2
010388
250988
12081990
130986
mark22
123456777
bongo
griffith
plokijuh
tijuana
20121990
honeyb
25101989
hello15
boomer01
justin03
bullseye1
changeme123
barbosa
260586
sophia123
jollibee
a88888888
baggio10
2pac4life
brenna1
cyrille
120392
erik123
231181
110063
130187
23051991
tweety15
mustang13
workout1
110892
sexi123
clear
ubnfhf
softball18
playboy!
princess91
chateau
marcella1
nokia3210
mercedes12
iloveallah
220292
123321qw
150988
blandine
123usa
1019
281190
porn69
1qwerty1
20061987
1love4me
orioles1
110383
hello55
joanie
monte
Dbrnjhbz
funny12
nokia3230
im2cool
green24
jimmy3
roshni
tottigol
150787
121293
020788
gears2
rose14
mybuddy
carrots1
140590
160589
260588
cucumber1
02031986
02041991
rachel!
Angels
starstruck
wuschel
checkmate1
vlad1998
stamford
110785
megan11
daiana
310310
200989
eagles01
130887
rfnthbyrf
151183
soccerstar
characters
Caterham7
12061988
wilma1
heckfyxbr
icecream3
rosey1
11061987
sergiu
peanut08
ballers1
vero
Ranger
010183
windstar
140886
brotherhood
experience
050689
boycrazy
lefty1
brooke3
mahalcoh
willie123
aristotle
golden123
loveyou22
nyc123
098765432
17071987
alphabet1
skater15
1beautiful
skyline34
4christ
shades
4040
matthew07
aniolek
xavier2
lullaby
drifter1
yahoomail1
aftermath
230285
heather!
insight
sultana
jasmine07
rosa12
mamont
moneyy
charisse
wilson12
laurel1
lighter1
password03
barbie3
200788
arsch
bolinha
scofield
nicholas7
161286
alisa1
andresito
pass_word
casamento
fujifilm
150288
alex1987
30041991
candie1
500018
Kevin
persia
steelers6
imgay123
hecnfv
thegirls
11081988
14785236
joker7
candies1
westbrom
130787
roxy1234
scandal
444555666
mustang08
saphir
grape
color
01031988
12081991
gotigers
19101987
chelsea9
money18
matt23
werwolf
Ð¼Ð°Ð¼Ð¾Ñ‡ÐºÐ°
nigga4life
25051988
orange99
kimchi
usmc
gunbound
grandma5
loser14
ashl3y
Julian
ricky12
portos
dancer4
198519
1115
161085
cocoliso
destino
10041987
rocker123
051288
bigbaby
daddy22
jeff1234
kirby123
constance1
120882
saniya
tinhyeu
chapman1
angellove
salame
a1234
vodoley
locos13
198322
23021990
poobear1
super3
crazy22
greenbay4
000888
needjob
1tiffany
10041990
ilona
18811881
vbktyf
ï¿½ï¿½ï¿½ï¿½+ï¿½ï¿½ï¿½ï¿½ï¿½
481516
151087
230287
08154711
040985
singles
lauras
200389
170590
nicole1234
jerald
020686
calculus
12071988
cloud7
undertaker1
121294
Zxcvbnm
never4get
bailey08
dixiedog
dashadasha
johnny11
jk1234
ï¿½+ï¿½ï¿½+ï¿½ï¿½ï¿½+ï¿½ï¿½
nicaragua1
1iloveu
wilhelm
harley02
noone1
120683
truman1
130486
celeron1
stephany
toledo1
jump
your
austin02
flaco1
fallout2
blunt
23031991
bluegreen
natalia123
jessica20
blazers1
merchant
170585
baptist
pimpin!
andyandy
saraswathi
aaron11
10081987
danmark
thomas07
ninjas1
sam123456
wakeboard1
22031991
mircea
11031991
jacob7
mega
20041990
250190
malossi
little12
09091987
sananelan
chicago7
10011992
shane12
popcorn5
porsche944
michael05
angelica12
110029
110591
nekoneko
anya
killer.
manumanu
olayemi
250189
luismiguel
signup
cookie.
131185
baller33
4babies
05081988
harley!
dora12
alvaro1
fatima123
120580
21041992
pastis
elgato
12345678w
fel
onizuka
tictac1
nathan22
kamal123
ugly123
bharath
sebring
diamond10
myspace27
nelson123
barbie7
120480
220385
123rf
140589
princess03
210189
2015
force
fuckyou77
jessica19
02071988
lessthan3
loveangel
damian12
150289
laika
220885
061
scooter5
honest1
underwear
199100
elenita
monica01
forever8
mindfreak
11111987
niewiem
ss1234
goku123
vjfLkiG522
justin20
twokids
popcorn11
050587
a789456123
1passion
140587
14011987
444666
13121990
15081990
billbill
littleman2
vatoloco
content
guccimane1
180590
mak
qqwweerr
link1234
290488
single!
yfnecbr
david!
nietzsche
choclate1
14021985
diablo11
leah123
caro
100492
bobby11
foreverlov
qweras
blackdragon
22091991
booboo69
pazaway
yellow9
twitter
adelka
demetrius
woodward
internacional
170688
sheree
170488
star07
ranita
tanger
mysecret1
120283
simba2
isaiah2
titou
bless
w1963a
201080
cricket123
10041004
3eHd1ixi1Y
malayalam
101011
ktm125
maggot1
siegheil
ï¿½ï¿½ï¿½ï¿½ï¿½ï¿½ï¿½+ï¿½ï¿½ï¿½ï¿½ï¿½
12041986
hello09
100884
angel2007
sharky1
16101988
caribou
197575
9988776655
07071988
cherry22
250489
all4him
alice12
400004
snooker1
141089
saab9000
wanadoo
gizmos
140990
super11
wargames
cthuttdyf
models
q1w2e3r
lampshade
111979
przemek
hooper1
23121986
bilbao
19051992
sexy66
200685
smirnoff1
asd123asd123
vette
mko09ijn
bigpapa
static1
cfytxrf
thuggin1
fish11
gfhjkzytn
abc789
12021991
getrich
samarth
drew12
1311
money55
yazmin
test11
benton
skazka
goldmine
albastru
66778899
201000
caroline12
CAPA
parker12
manolo1
justice2
12081986
myspace45
781001
kassidy
sweetie3
1kitten
davidd
15121989
termite
poop90
evolution8
brewster1
18061991
140188
241085
catherine2
12031988
june2008
chino123
020290
131090
20081990
medium
kikimora
fuckyou89
Diablo
funeral
sad
sexisgood
billyjoe
nokia6120
spring09
281189
10021990
123456789012345
bubba5
mary11
grease1
ginuwine
garcia123
CHOCOLATE
mitch123
play2win
sector
greedy
priya123
april04
5858
mynigga1
coglione
bigboy69
bitchface1
angels4
ilovehim.
killzone1
21436587
anne123
25101990
quantum1
230684
iceman2
201290
6string
gospel1
essendon
coniglio
ashlynn
johndeer
15051987
looking123
rafa123
consultant
shygirl
metallica9
lizbeth1
100790
daryl
dagobert
maharaja
sasha1995
triplex
twentyone
170586
marduk
mickie
lashay
nike13
sancho1
rjnzhf
241286
estrella12
heidi123
picachu
Valentina
adelante
reckless
221183
shivers
130592
190586
fiocco
onmyown
21021986
summer77
aaa12345
cherry14
mydog1
255255
download1
raul
leadership
john3:16
23021988
david24
cellulare
11qq22ww
adrian11
mustang98
02061988
amante
cousins
lolman
swordfish2
angelangel
a102030
elisha1
141290
3112
hadley
impala64
200589
iamhere
251284
150687
jody
madame
justinb
10011986
mariam1
brandon06
alternative
261087
rainbow13
pickles123
pimpin13
tomasito
030389
14111987
hannah16
171086
tobydog1
12041991
11061991
andres12
vjq
05050505
matthew08
241087
gutentag
October
ihatelife1
grandkids3
13121986
199512
300588
laloca1
stephanie3
Admin123
five
carlos18
150486
walking
potter7
120592
120791
gfhkfvtyn
hjvjxrf
angel91
punkass
vfhecmrf
197911
lynne1
asshole9
contessa
diehard1
taz
carla123
150789
oneluv
duranduran
rangersfc
ivanna
150686
wild
friendofArriane
100591
ballin13
mckinley
delores
liljon1
anna88
410206
carter123
redwood1
goforit1
marysia
abhijeet
s7777777
muffin01
bigdawg1
bucky
171290
19121991
hejhej1
jayhawk1
dropdead1
210686
mandi1
MELISSA
securite
otis
27101987
az1234
edalwin12
12051986
thomas09
jack23
sirius1
kamila1
mommy1234
reaper666
woodlands
spot
paulinha
741852963a
babygirl99
niconico
23051987
bubbles14
02021982
tantra
121183
mike33
140389
20101984
giada
sergeev
spain
myhouse1
alfabeta
170388
cahaya
15041988
destiny10
browning1
230290
bigdog123
160890
rodion
061288
aqwxsz
grandma4
star08
free11
1crystal
mail123
100186
seniors09
kurwa
210684
19121986
claudia123
pimpin01
oreo11
wildone
110592
quest1
22552255
17121990
asdlkj
lovesucks2
caccola
shaved
commando1
vredina
miyuki
blacklab
jiefang998
mimmo
130590
moymoy
olivia3
020389
finish
fitzgerald
qwerty101
bowwow123
100188
lampard1
zippo
lovey
11041991
lazio
040490
rocky10
bossboss
cutiepie13
larousse
jose21
hunnie
210985
10121984
1254
terrier
sports2
serafina
banana5
jacques1
bienvenue
janeman
170289
310590
polopolo1
badass69
teodio
chicago123
ali123456
deicide
mariela1
zazazaza
loveee
turtoise
dragon0
140489
221084
javon1
13021990
soccer28
221290
police12
18041991
blackice
270989
alex1998
milanisti
mariko
bailey07
bimbo1
112212
golf1234
56835683
hallelujah
xyzxyz
artem123
petey
197676
cod12qw75RqYi59n
1fatboy
murdock
13041988
crystal3
11031987
987654321m
chopper2
angels01
stephen2
grass
ducati1
13061986
20061991
andone
snicket
cochise
rosemarie1
pamplona
130891
hetfield
scooby3
prince7
sarita1
winifred
hopkins1
confident
justina1
13101987
careers
bearcat1
q1w2q1w2
020688
110784
eunice1
13371337
babalu
vfvektxrf
oscar11
10051989
dannie
11092001
rocio
chinky
alex92
hotbabe1
skinner1
dolphin3
cou
250685
181186
240788
sawyer1
jess1234
asdjkl
thecat1
marites
ma1234
twins123
271089
alex007
1candy
dasha1
Ð¡Ð
101295
anelka
sunmoon
bustamante
dogboy
160688
diploma
lakers09
10031989
010192
ripcurl1
katenok
180690
220187
jazzy2
20021991
steelers10
jayden3
1lovejesus
july4th
olemiss
tori123
healing
nikeair
gennaio
121978
assclown1
Scooter1
getmoney3
johnny01
kellys
a22222
numbers1
260490
nalini
240686
221187
25121985
sunshine20
Hockey
zalina
hollaback
taylormade
stefany
berry123
samantha5
salazar1
skillet1
guitar69
31121990
120186
rehman
04
aaron13
gaucho
jesusis#1
george7
alf
kallie
rhinos
120383
walik007
lemuel
breaker1
husky1
rogue1
alex2001
scarface13
11021988
210984
mike25
alex1
tuktuk
kevin07
nikko1
maharani
baby45
winnipeg
archery
kay
iloveyousomuch
dreamon
bently
gucci123
dizzy
scissors
touchdown1
212121a
1234567890123456
keykey
magyar
roldan
manga1
12091989
qwerasd
130286
malawi
sheridan1
Peaches
ilike69
alicia2
helpme123
lahore123
allahabad
281290
regenbogen
23061990
cheer06
150790
mexican2
sp1derman
tigger09
198421
babygirl88
prague
principal
illmatic
444888
rafiki
230587
200887
nokia3110
sabado
ventura1
antony1
straight
monkey05
cheer3
lapo4ka
asdfgh2
180388
intel1
prancer
fuckl0ve
bringiton
Boston
171287
mailkuliev
sequoia
NICOLAS
kingjames2
baby55
anaconda1
hero123
polini
gui
edelweiss
donkey2
fifteen15
tiffani
reyrey
shuffle
deep
danil
jaylin1
nigga13
choppers1
m654321
alexis23
asdasd11
des123
fidodido
copper123
210589
210886
Aleksey
liverpool12
milagros1
millerlite
140484
basura
wicked13
horses101
700001
74185296
diana13
20062007
110391
scroll
baseball69
20021989
130886
03041991
footba11
kartik
23051990
peewee2
mogwai
tucker11
mariah2
segun1
black4
droopy1
maybe
candy21
nata123
47474747
260590
super6
77887788
dungeon
mirinda
W
monika123
123007
07071986
mememe3
playa123
231092
nokias
bluegirl
19511951
nana01
111183
301190
whiteout
gabriel13
scorpio7
july04
171186
harvard1
austin8
02041988
1dolphin
wwe12345
lovebug12
powerade1
21011991
galicia
colombia12
stewart14
snuggle
tequilla
020282
Starwars1
301286
060788
020590
allday
02051986
19071989
cartier
lamborghin
15061987
element3
wilfredo
rfhjkbyf
261090
cheer7
belleza
dingbat
1steven
flawless
17121991
internet123
130288
181089
cosita1
josh21
emolove1
bubbas1
0001
1sexylady
icarly
mona123
12031985
220186
hammy1
adidas11
251190
rainbow4
grandkids4
aka123
vendetta1
13121985
20051985
230785
21051991
taratata
ï¿½ï¿½ï¿½ï¿½ï¿½ï¿½ï¿½ï¿½ï¿½ï¿½ï¿½ï¿½ï¿½
azerty123456
sunshine88
pasta
V
thickness1
bigmomma1
160588
tweety23
hearty
april08
25101988
abcdef123456
joker11
20081987
ALEXIS
cecelia
260589
mariane
babyblue12
joker666
ryan14
qwerty25
joel12
rubina
hockey01
passion8
multisync
bismilla
tomandjerry
lucky18
int
breakfast
matthews1
da
loveme6
mustang6
jijiji
02031991
19031993
261083
charlie09
pokemon23
251182
fuck1t
bobdylan1
smoke20
15071987
agostino
cuba
williams2
tigger15
lelouch
nokia6500
122003
310585
pepper4
teachers
southpole
friends101
roxygirl1
mikolaj
duckduck
a147258
southside4
jasmine15
123456tt
2410
spaces
gethigh420
dadsgirl1
jessika1
come2me
konoha
metallica8
dreamer2
ruben123
riddle
chrissi
jonathan10
girl11
stupidass1
monkey95
10111011
150190
element13
nevershout
salavat
050586
eddie2
250690
28121987
football64
midnight7
suckme69
babe101
rocklee1
mankind1
200390
199412
basic
nikitin
hunter04
uekmyfhf
as0620
estupido
180587
dakota10
egypt1
winner12
cioccolata
050788
250886
jerrey232x
tallulah
301285
dawidek
almera
winniepooh
verde
220290
020287
1brittany
solnze
deb
hamster123
sbc123
f1f2f3
virgule
12051992
cardinals5
198321
jigger
antiques
000222
lucky007
thanh123
katerina1
webkinz
hannah04
22031990
vfkbyrf
fresh2def
sony1234
sammy22
edouard
tigertiger
ralphy
12051990
henriette
10041986
loser1234
taztaz
X60zAY0468
sharan
10091990
honney
mickey14
150386
culture
120991
iloveu14
250286
namrata
234567890
athome
11121989
powerhouse
january4
vaz2106
@elit-centr.com.ua
georgia2
mischief1
hubbabubba
withlove
2014
300687
koteczek
pimp06
fuckyeah
kid1412
111282
murda1
novell
210786
290788
robert08
forward1
Gracie
mangoes
lakers34
montes
brock
fastball
15101985
gmail
051289
freedom13
character1
babygurl!
house2
123888
love6969
yellowrose
babyboy01
froggies
kashmir1
pebble
wlafiga
erick123
charis
rhianna
01011994
fullmoon1
beepbeep
jack111
24688642
getout1
glamur
darby1
130390
ribeiro
bandito
qazxswedc1
11081987
sexytime
Happy123
norbert1
events
deacon1
11061986
123456789-
23101985
MAGGIE
2505
love36
15101990
debra1
6Cxd2X986x
sandra01
1bubbles
honey23
makedonija
ladiesman
juegos
06061987
k12345678
catalyst
230292
24041991
keenan1
26061989
1turtle
180588
puma
friends8
584131420
toptop
password98
nnnn
frazier
liquid1
pussy!
tiger8
honda99
nicki
bieberfeve
animelover
fyabcf
korn123
311086
lolek1
melissa5
tormenta
monster22
acquario
raiders11
zangetsu
juanes
myspace44
mothers
kasumi
21031991
arcade
nutmeg1
rubicon
bonnie01
geo
600004
dawg
0311
211087
olivier1
class2012
22061987
07071984
carmencita
11071989
151187
100783
260986
10061987
qfcFgdA3zx
333000
babygurl08
der
ok123456
dany
22071987
laylay
flirty
jackass69
tanner01
notagain
queen23
pickle123
airjordan2
26101987
220282
robert16
smoke2
1119
utyyflbq
gocubs
280689
stirling
25051989
mayday1
pinokio
300690
buster99
karaganda
tinker11
redsox5
janessa1
layouts!
timati
030588
aa000000
hollister0
210190
200187
prime1
02081989
lovelife2
oluwatoyin
peanut4
cookie15
11071987
willi
hockey27
sammy14
240690
roswell1
agadir
password29
s123123
state1
alexis05
badabing
bebe13
johnny!
caraculo
erotica
memories1
365365
sasquatch
18091991
raffles
spring07
aminat
hrithik
kilkenny
roxette
ce
141189
110491
20031991
stickman
altoids
1smile
fenix
260989
123456jj
oliwia
dragonslayer
271090
25101991
anhyeuem1
170685
faerie
killer24
shannon7
abigail2
1green
hogan1
carrillo
booboo10
klklkl
elliemae
rockon123
240987
avatar123
190589
paulinka
13031985
genesis11
softball07
jesus9
nathan5
110882
loopy1
muslim1
father12
s111111
carlos69
anonelbe
egorova
player22
rodger
261289
lollypop12
sa1234
101094
14031991
richard01
monsters1
160490
adenike
ally123
web
caballo1
sydney11
monster8
pussy22
furball1
190789
13061990
lalaine
fuckyou24
yourmom3
cool21
kilroy
bluejay1
281289
80sbaby
270688
huihui
stephy1
13121989
banjo
jakarta1
3535
020687
pooh14
allgood
josie123
stupid11
mates
te
260691
morgan5
quick1
kanker
12071991
251285
bobbys
alkaline
23081990
seo123456
renee2
198723
lordlord
pedrinho
14041992
11021985
240989
100984
lucass
ilovehim3
repmvf
yeahright
im2sexy
aezakmi1
loveyou5
souleater
23061987
lekkerding
ani
120120120
050988
underoath7
double07
23041986
smile4u
timberwolf
190488
chevalier
chelsea08
dilligaf1
hjvfyjdf
150886
160587
moc.oohay
25031988
function
300590
w1962a
love1989
23051988
carsten
kin
111177
bee123
next
301288
jsbach
iggypop
BARCELONA
shabba
21031990
1eminem
15987
lucky24
260190
green25
yingying
dustydog
nantucket
tijuana1
jm1234
monkeylove
cody01
iamsexy1
Claudia
celica1
cock69
666666s
110582
screamo
milwaukee
mailbox1
456asd
crips1
jordan00
abc123xyz
181290
nathan05
raymond2
june09
250490
schwein
tissot
1943
paupau
111087
pisolo
emmarose
xxkk01234
7u8i9o0p
foxylady1
carmen2
domain
kitkit
01021988
islam1
ghbhjlf
lilwayne23
fishtank1
coocoo
grandmother
setembro
harshita
30031988
15021987
puppy3
asd789
051
MATRIX
02061989
mario3
130490
crispy
100882
22041986
05051988
soul
230891
198010
josh16
13051987
WoE45bYzRY
diablo3
p0pc0rn
B1LKeB6711
12051989
shit69
22061989
guitar5
kaleigh1
iloveeric
06061988
sochi2014
peoples1
romeo2
11111985
marquez1
juan1234
emin3m
hireme
greywolf
millertime
pumpkin12
football84
lyubov
kitty23
ambika
21031987
thecure1
tomcruise
12061986
14051987
gogators1
jackson11
zappa
210785
junior16
agenda
Mother
qwerty18
310888
paulinho
rusty12
230386
looking4
135795
bammargera
deepblue
wakeboard
upload1
andreeva
110692
100985
juniper1
colors1
banana3
tigers07
verbatim1
120880
131425
BUTTERFLY
madhu
12111211
merlin12
spider3
ole4ka
dukeduke
11011991
nirvana7
angels13
angel.
20071988
Ð½Ð¸ÐºÐ¸Ñ‚Ð°
iopiop
30061987
austin6
tigers09
jiujitsu
fatbitch1
dfcmrf
291
240487
asshole6
10011985
watch
skateboarding
quinn
oldsmobile
101988
mirabelle
010788
cash12
12081208
123456ma
buffett1
chase12
maruska
13101988
7788250
11101991
jigsaw1
liza123
spectre
fvthbrf
sound1
13111987
common1
timoha
19051988
shorty6
280188
baby27
bitch88
chinatown
ilovesteve
280882
12121212a
13101986
matthew14
00000000a
baseball32
bondarenko
Twilight
220692
16041987
210186
?
chapstick
18121991
060789
liverpool4
bayarea1
carolann
zinaida
bulldog12
adebowale
280889
slayer2
1223456
alireza
superman18
668899
WZF2SmE498
24111987
love1991
12061991
20061989
harley04
mizuno
270587
roxy13
titilayo
hemmelig
ender
12021202
121081
10011991
000000000000000
cameron11
renata1
150785
yellow8
1happy
dasani1
football00
booger123
mariah123
cyber1
142536789
adedeji
bella23
11251125
maria21
120191
12071989
pochacco
198319
alex95
daddy101
livelaughl
penny2
boytoy1
12101992
cybershot
allahisgreat
jadakiss1
161190
albert12
grace7
jack24
napoli1
folgore
error
hotsex69
20081988
02051988
06061990
summer9
hillside1
161287
150786
07071989
rovers1
201283
1shithead
kingjames1
schools
minhavida
young123
gtkmvtym
vaz2107
school5
andrea.
lilman12
patty123
titina
ï¿½ï¿½ï¿½ï¿½ï¿½ï¿½
010688
Welkom01
tigger24
pollon
live4love
augusta1
greek1
20121985
170790
220285
fredrik
yellow99
sexy67
mi
oluwatobi
valenzuela
16061986
bananas123
saphire1
chouette
bleach123
clotilde
120682
Hawaii
rotary
martin10
12071987
210687
4455
tabbycat
16021990
freaks1
gfgekz
samira1
tatatata
butcher1
robert24
49ers
160989
199212
120582
gam
betina
1midnight
lucky88
12101985
bungle
21121988
tigers3
198910
fuckedup1
100682
12121980
vikings28
tigerman
resident1
dizzle1
221091
mario5
161187
250889
rayray123
silicon
noname1
deniss
10021989
05061987
271286
m111111
horatio
500038
pleasant
20051991
sable
241285
anabelle
modesto
heart12
avenged7
240490
piazza31
micmic
king99
2412
225566
yomamma
17021991
frankie3
claudette
111192
clarkkent
sensitive
vip
200487
alan12
nathan!
161090
ktjybl
140487
saisai
090986
030987
tamika1
yanina
shushu
sasuke11
princess98
basket12
manpreet
honda01
24101988
160290
perfecto
daria
google.
070786
160985
katie5
paralelepipedo
Maxwell
myspace55
jayden05
beau
iliana
070890
bailey24
sunshin3
160888
19091985
qwertyuio0
211285
nostradamus
deer
caruso
tiger1234
babygirl02
twenty4
thewall
muyiwa
10041989
pumkin1
lifeguard
01031989
camryn
17031987
sou
bolabola
sensor
myszka1
101520
maktub
immaculate
crissy1
123asd456
mclaren1
lifegoeson
shelby13
cheeks1
chucha
inlinked
020888
elpaso
crazyboy1
shyshy
sos123
poohbear11
mystique
khalsa
signin
1234567A
joker3
email1
comein
majiajun
homie
161189
SOPHIE
chicken69
series
HELLO
missingyou
pawpaw1
godawgs1
kiran123
pipipi
fonzie
Inuyasha
shipping
17101987
diamond21
wolverines
leonora
22061988
271186
alistair
bullrider
nin
surendra
pennylane
friends01
feyenoord1
japanese1
bottom1
silencio
andrew.
17121985
170389
tigger77
eureka7
nessa123
magaly
espada
isaias
110291
alpina
piepie1
papamaman
terremoto
13061989
vasilek
lilboy1
crappy
280488
110290
sweden1
888000
110682
david8
sandra11
15031990
raulito
18101988
17051988
11091989
dasani
15031991
4vgYvq46aJ
stars2
humble1
invictus
quick
159357159357
rerfhfxf
131085
11bravo
xoxo
apple21
12011988
luis15
samuel11
10111988
delano
sasha11
corporation
santos123
Melissa1
annabell1
5841314520
1234567890s
twin
13081989
310586
jacobo
kisses4u
22041991
13971397
frida
virus1
11021992
ashley99
prison1
bmwm3gtr
dragon07
230990
family101
leslie12
crusty
devilmaycry4
141190
130987
1number
121181
andre12
naruto4
q1w2e3r4t5y6u7i8
121295
260684
esqueci
mausi
25121991
19051989
minniemouse
tulip
Canada
pinkgirl1
harpreet
260290
nena13
finlay
jessica24
lucydog1
22061991
4209211
261285
pizza5
01061987
manuella
251084
alex94
wangwei
13051988
121221
130683
errereer
mario10
futbol10
football74
260685
clouds1
06
angelie
quaker
chicken9
littleone1
weed11
love2u
ryan10
30101987
trabzon61
201083
4everyoung
654321j
phoenix13
l0vely
kisses!
031286
a!515253
1597532486
icecream7
trigun1
hanna123
kissme!
hockey!
jennifer19
habana
jack07
gifted
160487
valiant
ilovemyson
vangie
eumesmo
peanut69
SNOOPY
classical
shinigami1
hey1234
computer4
kiki13
johnny23
crazy23
hearts123
lan
13081991
juliette1
260688
gen
mayfield
16061988
april07
hellow1
mahavir
automobile
dfcbktr
peepers
pink89
kenneth2
sarahs
10101993
alyssa10
daddy09
george10
28101991
formule1
lalalalala
250582
02051989
maryjane2
231290
channing
abby1234
001979
boxster
26061991
270990
penguin12
nicolette
jumping
123456bb
290388
pants1
kiki1234
david9
softball00
25031987
smartass1
10021988
20091991
rochester1
bitches3
mamanpapa
tazmanian
nnnnnnnnnn
cuteboy
hallie1
121192
20021990
dirtbikes1
11041986
ballin22
celibataire
washburn1
fungus
p6264758
ichbins
fhntv1998
stupid3
198110
7US20
jesusjesus
beebee1
bailey5
777444
outback1
231282
numberone1
198419
23091986
198423
kostyan
hangover
luis14
160987
junior18
jerkoff1
jackass!
Monster
atlantic1
sophia12
holly2
hyper
limewire
123321fvfv
hombre
auntie
tweety6
tiger99
123a321
dinky1
blahblah12
16081988
micha
141085
Apple123
290987
home12345
klaus
kadett
brody
nachito
1chelsea
315920
lambo1
19031990
mikaela1
10031992
johndeer1
gulnaz
241091
fuckyou16
031187
mymummy
sudhir
buckley1
vovavova
music1234
190888
199012
oswaldo
amiga
persoff
Hallo
040489
eminem69
123569
260789
100691
rarara
edcvfr
100991
thundercat
buddy14
sabina1
lakeland
katten
112234
honza
pink06
critical
envision
honey21
goodness1
morgan22
05051991
atlas
tru
badboy3
swim
getalife1
12061989
sureno
gateway12
atomic1
jimmy5
454647
270873_
21041988
21091987
bigjoe
sarang
05051986
scott2
02041986
11041987
amoroso
bubba69
edwin123
ï¿½ï¿½ï¿½ï¿½ï¿½ï¿½ï¿½ï¿½ï¿½
11031985
271187
purple89
chivas15
daftpunk
zombie13
lalo123
annie12
21121985
live2love
faith777
adidas69
magic7
crazylove
maldito
198720
21061990
10021991
lateralus
canaille
forgetful1
fubar1
marcus01
101293
14021988
161285
1118
appleapple
a1s2d3f4g5h6
POKEMON
happybirthday
kakarot
d54q7xjmhx
fuckmenow
african
cloud123
210585
mybabies2
andrea21
151283
kayla10
holahola1
13071987
pizza3
16101986
pray4me
juggalo69
markie1
kailash
love35
gangsta101
tyler09
pink00
01021986
turtle13
23021985
020388
peanut07
170786
angel90
corner
pizza11
irina123
a1b1c1d1
230489
Lvbnhbq
cfrehf
2020327
lapin
chewy123
monster6
louisville
210490
babygirl27
17121986
pepper23
21011987
faith3
c00per
robles
11051990
1234qwerasdfzxcv
newlife4me
ford250
freebie
sargent
240186
78963
victoria3
kamera
mautauaja
coc
1smokey
010488
thibaut
zoozoo
cheap
blood3
example
gerson
ganesh123
ASD123
ayden1
ineedmoney
130385
offshore
kampret
a23456789
babyboy11
101202
ballin21
hollywood7
funtime1
261290
sexkitten1
jennifer21
23091991
amber14
cde34rfv
qwe123rty
alex1999
01071986
poohbear5
100891
leicester1
baby94
croatia
151290
motylek
coccinelle
130784
micheal2
15021991
turk182
whatever69
orbital
280886
tortilla
hawks
website1
261189
231182
soccer96
vicelord5
eleonore
class2008
111111qq
11081989
pookie11
moonchild
100684
spiderman!
afolabi
toilet1
jennifer23
medico
sridhar
tatyana1
tin
100692
chelsea4
210683
afroman1
30031992
speech
maggiemay1
140291
basset
brain1
scoobie
tttttttttt
021089
cheyenne12
missie1
220391
arisha
include
220489
321meins
220284
bitch#1
1sweetie
volgograd
141187
cippalippa
shemale
021088
1nicholas
s1s2s3
24689
zxc1234
04041986
100390
stephens
beauty12
asnaeb
rhino
22111989
191188
fkm:
cnhtrjpf
Ð¿Ñ—Ð…Ð¿Ñ—Ð…Ð¿Ñ—Ð…Ð¿Ñ—Ð…Ð¿Ñ—Ð…Ð¿Ñ—Ð…Ð¿Ñ—Ð…Ð¿Ñ—Ð…Ð¿Ñ—Ð…Ð¿Ñ—Ð…Ð¿Ñ—Ð…Ð¿Ñ—Ð…Ð¿Ñ—Ð…
antelope
vfvfbgfgf
packer1
lechat
tweety07
babalola
421201
bailey99
face
sonu
bianca12
violator
wendell1
pecker
190590
charlot
cantor
280388
000012
20121986
30121986
226010
lambada
12031989
book123
123212
dragon33
fairview
hammerfall
morgan!
booboo!
married2
alex1989
iloveyouu
SUMMER
dewey1
nittany
pimp99
joey13
zoey
cookie17
241084
110384
irvine
vegas123
270984
rockband
161084
innovation
jonesy
300589
icp123
aniyah1
bubbles23
15021985
1234567i
henry2
amit123
jeevan
sunnyday1
10011990
treble
kimkim1
njkcnsq
tasneem
cheesey1
yagami
candy15
living1
strasbourg
sin
core2duo
anonim
dulcinea
271188
mylove11
12021992
panda13
dunkin
321321a
snowman2
25021988
12561256
198424
accept
fuckuall
swetlana
19031985
kickboxing
01101987
eatshit2
081
26041988
ccccc
01021987
mujeres
fartface
2pac
doubled
momdad2
bmw2002
agusia
melissa01
les
heineken1
21guns
love2you
schubert
iloveamy
carnival1
sure
shogun1
mickey07
jacksparrow
jenny11
travolta
callaway1
mariska
crockett
291088
happy99
toolbox
pumpkin3
18041987
senate
230185
ifeoma
nate12
18121989
dancer5
100191
notnow
ac
password*
fylhtqrf
babita
140390
21021991
NATHAN
250687
imabitch
19071991
margareta
11021990
gauthier
ionela
Albert
hazelnut
031089
25101985
290689
01011974
sex12345
mynewlife
austen
roosevelt1
irlanda
patrick4
28041987
godrules
03031986
prometheus
140790
sexiest1
pittbull1
z12345678
160889
matt21
220684
PCwAC33gb9
18021991
14061988
bella4
13061987
010102
cerber
georgette
andrea22
19041988
satan6
marie!
football85
785612
lulu889jdddd
05061986
alexis02
dol
jojo22
ride4life
121004
comida
270789
gjvbljh
223355
automatic
cyrus1
sea
30secondstomars
deadhead1
school10
171085
bradley2
daniel00
09091989
nyyankees
rollie
bobby5
140385
iloveher!
kate12
cassey
luis1234
510510
buldog
sabian
punjabi1
alexander123
candles1
875421
kl098709
members
100491
rocker12
251280
11121984
281185
bigboy5
steelers36
bobbyjack1
slovakia
dodge1500
170988
epson
denton
believer
devendra
davedave
10021986
cielo
18051990
140985
17021990
blbntyf
shygirl1
12091991
ibrahimovic
98769876
yourmum1
ibelieve
herewego
123qweqwe
geforce
monserrat
jonathan11
sierra01
dynamite1
071188
oliver22
adedoyin
190587
152152
abcde1234
caliente1
orange.
124567
channel1
02051991
lilfizz
pussy21
edward7
bastos
andrea3
tampa1
11071991
09091990
padrepio
radiation
yan
ralph123
150592
parsons
04041989
021286
jaipur
500029
elwood1
198765
polkmn
pochta
marzia
12021986
10011987
weed4life
jennifer69
benben1
20071990
220785
130388
lumber
snow12
leon12
123qwe321
200285
torito
110891
thelord
plopplop
marker1
cherry!
jodie
tiamaria
january30
524645
154154
13071988
brianna7
1234we
scooby01
keller1
gabbie1
wilder
justin.
140986
301085
01071987
hyphy1
260489
pookie01
01071985
houston2
jacko
marley12
iloveme11
22111991
12041987
140984
020987
calista
diedie
myson1
120284
lilfizz1
bullshit69
turtle11
clever1
nokia12
brooklyn3
terrapin
salute
county
10011984
marjorie1
abuelita
sexy44
23101990
systemofadown
letsfuck
happydog
1q1q1q1q1q
sachin123
emoemo1
gjgeufq
11061988
luis10
airport1
matrix01
06061985
29710455d
musics
10031991
sarah22
pokemon0
superman07
101280
270188
girasol
runaway1
mickey69
06061989
wellcome1
loveher1
wojiushiwo
snoopy!
23031987
010108
271284
juggle
180490
fender2
a147258369
semper
jammin1
blue34
pomme
desert1
050595
10051986
214
seb
babygirl123
260288
stalingrad
231091
uhf9QDH
vicente1
santi
angie12
x1x2x3
120482
100989
madzia1
abdulla
chicas
hailey01
21061987
alex2002
riviera
101093
29121987
200386
19051990
coklat
metroid1
aquafina
111977
falcon7
1122331
mickey4
longhorns2
boysoverfl
gretel
28051991
mila
jrcfyjxrf
240187
131191
mir
mustang8
millicent
123123d
davidb
lovess
army123
owner
200800
22051990
sudhakar
mariaelena
pompom1
malatya44
asa
160388
chijioke
loveyou11
151184
201084
movement
betito
01041986
victor11
pluton
gogreen
daniel89
heartagram
lea
120281
Anastasia
cutiepie11
12111991
15081987
ilovejacob
doc
tuscany
140486
170785
brianna5
1234567qw
webcam1
bugaboo1
1303
12001200
11111989
25041987
heynow
bedroom
aaa777
120183
lego
mohsin
letters
cowboys01
watkins
kalani
271184
lovegame
210289
poop10
keerthi
MONEY
qwertyui2p
020488
urmom123
eagles09
130186
candyshop1
nosmoking
gemini69
4815162342lost
2110
bulldogs12
mamica
paris12
melon1
crappy1
greenday13
521000
jus
performance
250185
montrose
please2
dolphins2
12041989
luckyme1
England
eric13
everquest1
132
zorro123
john1010
270487
01081988
ashley93
really1
trey123
olivia13
kassidy1
ruslana
melon
zindagi
piranha
vfhctkm
ppp
gb15kv99
101210
260486
wasd123
200290
paulpaul
skaters
r1chard
200882
outlaws
281286
101193
kevin15
vince15
amaya1
291287
eminem13
051290
tyrese1
123456..
tanusha
061290
310787
metallica!
13031992
brooke13
rock&roll
260790
mommy07
nippon
311285
hardcore69
allo
18121990
michael0
happy4u
160585
condom1
21041987
viola1
jojo23
riley2
111976
turtle7
poohbear7
soccer32
1405
leavemealo
money33
nicki1
crazy10
290687
Samsung1
charlee
bianco
160390
budda1
16071987
taco12
matthias1
star67
kitty8
godfirst1
jayhawks1
03041987
11071988
1charles
sulaiman
171187
alright
01091987
MICKEY
energia
manman123
agustin1
250887
brasil10
pasta1
18021987
23011985
gta123
freshstart
mustang03
fruit1
willard1
annie2
11061990
sowmya
sopranos
optical
pepepepe
18121987
170484
cassy1
2204
andrew9
marmaris
arsenal4
180990
tigger16
bus
111991
phish
meme11
majestic1
hometown
laura13
1nathan
304050
03061986
demonic1
1310
211089
lalola
rose23
654321s
67676767
525525
waterford
tempest1
dthjxrf
alexis6
tracy123
carmela1
revival
mickey!
190985
romulus
junkyard
zxcvbnm8
211085
charlie.
10061989
allthebest
yannis
ilov3u
15011987
piesek
ocampo
dean123
310388
loveme8
1308
sumerki
gjyxbr
twinboys
040888
190288
170987
199011
babyboy09
redwing1
vaughn1
rommel1
glass1
050686
silver3
hooch1
20031986
nassim
goodfellas
03041986
iloveyou02
Alyssa
chester7
francine1
haruka
bliss
more
santaclaus
niranjan
april01
stevens1
loser21
311090
123Ð¹Ñ†Ñƒ
falling
010888
02081986
informatio
300388
azer1234
freeze1
fxnocp14
9876541
whoops
160689
22021990
takeshi
13081988
01041985
chooch
19061987
clancy1
percy
bolanle
bailey!
portvale
luckyman
irock12
199312
1200
19091988
lthtdj
plmokn
banger
24101986
sarah5
backpack
mine12
11111991
rendezvous
hotmail.
13051991
landen
teardrop
240585
211283
laloca
hitesh
hardcore12
skater10
220286
amber5
17051990
210484
julito
20051992
firetruck1
19041991
adrian01
monella
260788
DAVID
canadian1
fakefake1
130591
130885
gamefreak1
space2
beerman
lexington1
denya2531914
Karina
tinker01
findme
tomboy1
transporter
221281
16051988
a3eilm2s2y
020588
bluestar1
beezer
130287
sayang2
casamia
260390
240389
bambie
300686
220185
sham69
201092
200591
classy
peanut23
smile4
jesus12345
jennifer10
rideordie1
zoomer
welcome11
oriental
junk
16897168
sammy4
13011987
austin09
iddqd
gcb
250785
250683
polish1
selim2010
311289
360360
200289
280988
tigers22
547896321
david06
10061985
joseph4
yogi
one4all
129129
ducky123
loca12
chiken
161089
daman1
pokemon101
ritesh
020286
monique12
sananto210
love234
lovelove12
20071989
cricket2
SWEETY
03031983
19091986
160787
jose22
001981
jeniffer
310190
sexy02
24101987
xyzzy
11021991
fresh2
marcopolo1
vostok
fakeass1
05051990
shanny
traveller
skillz
pianoforte
271086
140888
143445
amira
q2w3e4r
trackstar
198620
babycat
babyboo12
marihuana1
montana2
pikachu2
madison13
utility
10081985
4everyours
22061985
051186
jamison1
duke22
kulangot
killer00
subtitle
forklift
barefoot1
voltage
iceage
bokbok
shannon3
charm
cards
love2shop
1234567o
bouchon
sab
madhouse
caution1
010589
opel
princess45
14041989
199511
20121991
24121987
firestar
diabolika
fire11
nicole03
02588520
threeboys
150887
3210
king07
beefcake1
star09
08081986
junior4
michelle17
william08
football82
sorriso
15041991
long123
21121991
210887
190490
010588
rakker
11011987
allahallah
12121993
301184
23101989
willie12
lakers01
manoj
27051988
andrei1
bunny13
someday1
ï¿½ï¿½ï¿½ï¿½ï¿½ï¿½ï¿½
sophie13
tujheirf
teagan
wormwood
160488
0711
28101987
franziska
stlouis1
afrodite
golf12
199612
Zachary1
norwood
23081988
doodie
26061990
kelinci
baobab
130387
ily1234
mou
official
13111990
deidara
micro1
elmejor1
ilovetim
10051985
filefront
nithya
dobermann
300488
bunghole1
radcliffe
01061990
imsocool1
110283
yanochka
mylove13
20121987
robert.
papi123
cristianoronaldo
180589
capricorne
240289
ter
181086
ducati916
damn
nando
aloysius
lulululu
antigone
1qqqqqq
daniel27
manman2
lockdown1
231082
samantha21
jkjkjk1
luisa1
kayla7
1antonio
824655
1fishing
remedios
haleigh1
ella123
direito
28081991
dodo123
midland
170985
snooky
mariola
140989
170789
elemental
live2die
alysha
hell123
fucku7
free1234
chevys
4141
180687
hailey2
lover1234
101281
600018
panget1
poppies
bayern1
passion123
mickey08
230490
paco123
magazin
annisa
rimini
261086
clement1
spanky123
Mike
turquoise
cali13
eminem3
andalucia
Shannon
04041990
charl1e
230885
sales1
wilkinson
110392
annarita
zaqwsx12
compton310
153246
14121989
texas11
cute14
shareaza
Kirill
belmont1
conquest
sisisi
bread1
melons
031
melanie123
dance11
smithers
justin02
anaclara
i97wb6sxq7
asshole21
myspace111
bestia
tyler8
screwyou1
123321qweewq
blondes
bigballer1
badoo123
hannah1234
1910
170486
firehouse
nessuna
220191
catania46
poop1
edith
17111986
13061988
az147258
030990
johnson123
20091989
sophie10
allen12
270588
linus
1234Qwer
dragon20
20121989
duke1234
240288
020789
253545
2205
13021987
cupcake7
jacko1
170485
tazman1
16121986
maddog2020
treetree
raja123
crystal13
josh69
301086
111180
ghbphfr
lesbian69
princess97
7410852963
kitten7
chloe3
110492
shaggy2
031189
reddy
cookie09
01071988
outlawz
tatina
100584
vfnhbwf
coleen
ch1cken
19071987
251083
jetta
angel45
hotboy12
aguila1
cereal
shortstop
brazil10
sports123
marusia
moogle
wsx123456
kacenka
h97e7IjwwB
lionlion
busdriver
wsxzaq
primetime1
boston11
volkan
pam
28021992
110884
240386
babyboy07
asdfasdfasdf
Christian1
dance13
onetreehill
130290
010590
280800
010389
12041992
marinella
alex89
130485
miami3
swapnil
180886
matt14
dragonlord
cap
nokian
1906
peanut21
a123
021188
17101991
alligator1
lopas123
smooches
180887
arshad
pete123
11101986
moi123
sassy01
281087
21101987
230591
temporary1
whiplash
11051988
iloveyou26
131287
18031988
riverrat
25111986
yahooo1
cowboys#1
shakes
197811
pointblank
250691
#1girl
marinela
110791
samdog
cherry01
03031989
ania
jessie13
semenova
04041987
versus
311087
091190
thelove
311085
flawless1
ï¿½ï¿½ï¿½ï¿½ï¿½ï¿½ï¿½ï¿½+ï¿½ï¿½ï¿½
12011985
231284
thuglife2
andrew02
5236
300587
zxczxc123
chaussette
220983
mitchel
austin05
pink20
240390
270689
dakine
rashida
sasori
ELIZABETH
indica
110883
justin25
cintia
a0000000
16101991
gareth1
20081985
swagga1
140887
manda
gatito1
wally123
200687
hannah.
puerto
yuanyuan
26121990
pamelita
salam123
thedoctor
180986
spence
CrkUrrP954
john16
diamond23
bobafett1
adonis1
a7654321
120992
747747
isabell1
24121990
181191
18121986
22101986
10qpalzm
love43
jennifer22
google!
181090
rocket12
246135
13021991
250583
sambuca
marriott
201185
mashamasha
tommy3
160786
pacino
junior24
freedom69
biologie
e3w2q1
12111986
fucku22
cunningham
primax
rush
lacika
acting
31031987
15071986
alex93
lalakers1
azerty31
14101986
madison9
podolski
200188
alex2004
11241124
vipers1
December
b33m6yghef
131183
210485
dmb2010
JACKSON
salma
connections
270589
16101990
holas
mathys
potter12
060685
love4god
hiphop101
080989
cheese101
12061985
pro123
victor10
zaq1@WSX
22031984
hornet1
anthony05
lbyfvj
nicole26
puerto1
12021989
alex1988
sanjuan1
honey13
04041985
13061991
martusia
password@123
cinta1
random12
leanna1
200485
02101986
200886
mexico18
intel123
a1b2c3d4e5f6
morpheus1
motors
aekara21
121180
2111
07071990
soylamejor
halley
heaven77
j654321
WsYDCIG761
140187
26061987
wordlife1
tilly123
11051989
cassie13
sprinkles
20011987
21071987
21101988
ca
181289
271290
heidelberg
lildee1
secret69
231191
150285
exeter
friendz
260485
fakegirl1
monkey45
600000
251184
ratchet1
moonpie
parker2
198326
deportivo
cowboys10
gabe
cosmos1
amirah
ian
ethan01
200592
nikki11
skittle1
07071977
queeny
LONDON
15051989
cement
kinglove5
tigger6
muscle1
1305
miley101
william.
230685
andrea23
submit
050591
badazz
paramount
diank123
babyphat12
pinky7
charter1
kolibri
climber
heyman
05071986
27121989
ryder1
alexis03
gattino
cherry101
nigel
skate7
batman99
thomas06
bigbang1
24041990
24121986
200885
160687
citibank
veronica2
hotlips1
anthony19
omomom
MYLOVE
way2cool
rainman1
reyna1
maggot666
sunshine33
danica1
12roses
bogart1
hanswurst
terence1
festina
loveme101
kalender
saranghae
blair1
230886
24051988
brandon.
espiritu
yamaha12
cvtifhbrb
cassie3
mcaBdaw2vx
e6fc37
sherif
rudy123
lordgod
archibald
121977
22111986
170989
strannik
Pakistan
novita
16111987
212
111181
yahoocom
chulo1
16121991
291085
laughing
fairway
280585
merrill
cascada
1qazxcv
baby28
130393
koalas
barbie10
lisa11
blanket
scamper1
250285
120479
14121991
boston34
austin98
12051991
25101986
kittens2
chatting
heyhey2
290590
311290
momma2
19021990
230392
walters
02011986
ladder
31101991
hunter15
baseball06
fakename1
griselda
sallie
191088
24061986
dominic2
1234567aa
14021984
dell11
010489
math123
&lt
chichi12
matvei
ferrer
snyder
julian01
hilfiger
aggie1
brat
21081987
landlord
catdaddy
Frankie
edward23
thienthan
thisisme1
newhope
flygirl1
12051985
020490
elvira1
280390
motley1
iloveyou28
Aa123456789
200484
030589
daniel04
olivia10
yashar
hummerh3
ab69432
redblue
210288
ericsson1
denny1
purchase
140209
130892
WWWAAABBB
barcelona9
marianita
mireya
dashawn1
sherbert
21232123
danny3
myspace34
thomas6
strawberry1
misiaczek1
kalleanka
strike3
pimousse
150685
sister3
ovidiu
xm55xExBZS
19111987
02071985
holeinone
yusuke
mohammad1
cherry6
271285
lorenita
blind
160788
23041991
250684
300689
obsidian
luck
solotime
hendra
buster08
gogirl1
fashion123
michelle123
marquise1
godis#1
gremlins
barcelona7
ghtktcnm
02021980
prinsesa
030890
phoenix123
koolkid
manuel2
221283
geheim1
04061991
wysiwyg
avatar12
golova
undead1
asmara
victoria11
jaime123
navajo
02071984
chivas23
yankee13
17891789
mafia123
224455
netgear
ljubav
1230321
kyle1234
mehdi
d54p7xjkha
20031988
thomas.
21021987
horses3
17041986
iskander
flakes
mason2
teamo15
02091988
sas123
130391
180685
300585
misael
cruise1
sammys
treehouse1
141090
halloo
230883
stefano1
brenda2
197474
gwendoline
glory2god
171289
xoxoxo1
monster10
30061988
beautiful8
karlitos
14101989
25121988
t5r4e3w2q1
ifeoluwa
fische
281089
pre
chyna1
duckies
love2005
crips13
22021985
baikal
01021989
17101990
130386
washere
wilson2
Polina
caramail
201284
010689
shutup!
sahara1
killa3
141182
okok
fremont
109876
310890
bottle1
cool12345
lokito
11031988
stop123
jakedog
deneme
deepali
nuts
061089
14031990
170490
summer15
armystrong
151186
25091987
10101981
4mutdfgvtp
22081990
dork123
thebitch1
14121990
a1a2a3a4a5a6
yolande
vecmrf
130785
101214
olamide1
ranjana
nana10
236236
playtime1
bettyboo1
200891
whores
0987654321a
101980
230191
whitetail1
heyy
10071986
takethat
270490
molly10
Fluffy
adidas2
200387
kickme
duckman
black15
26031991
290190
babygirl05
151282
mutabor
12081992
250595
me&you
1edward
jeter1
17111987
marchelle27
1505
cinthia
101989
10031990
superjunior
nick21
sugarplum1
ugly
deedee12
trabant
charter
azalea
taylor02
100683
258369147
cvb123
060691
ipodnano
cheers1
carnation
123111
040690
justin101
cakes1
aa123456789
rodrigo123
lovely4
blood23
heaven01
ytpyf.
rockey1
tophat
taylor18
220884
davenport
p00pie
170888
woodman
190990
sniper123
310591
avenue
ww123456
131291
likeme
19101988
freaky69
18101987
mexico22
8uxzd1b3BD
76543210
wartune
lostlove1
roberto123
aosamples
110783
soccer89
160189
210584
14051991
hello90
010687
will12
cellphone2
revathi
abby11
oldskool
170984
1512
whatever13
21091990
pooky
15121990
191289
superstar7
100583
versailles
241281
waterart
230791
newports
hyundai1
Bismillah
16021987
flight1
samuel10
banane1
183461
5t4r3e2w1q
lisa01
fenster
bagheera
1709
harrypotter1
hamza123
soroka
ayanna1
moving
2sweet4u
dickies1
02021992
4music
15111988
bloodz5
14061989
250784
monamona
magister
12345.
hector123
230584
final1
221191
311284
44556677
guido1
280489
w1961a
macika
123456ll
100383
cocopops
sexman
joseantonio
football53
10011988
rosco
blueskies
123123abc
031288
20101990
100284
imfree
daddy08
crafty
my2angels
scout123
bball34
iloveeric1
robert17
4567891
12345676
polkadot
280590
fhntvbq
tiburon1
99
netball1
mommyof4
301186
natasha2
270785
170487
screamer
joshua24
14111986
500001
hotrod69
crazy01
sunflower7
krasavica
02101985
mason12
15081988
bubbles10
kierra
ilovelife1
zanoza
a123456789a
fuckthis!
220291
rickjames
12456
james25
mimi1234
02021991
tobiloba
14101984
bobdole1
slipper
Rebecca1
101982
pooh23
smiler
loser10
gabby2
ahmet
343536
footbal
cabinet
sonne1
12354
140786
changed1
100283
manowar1
11031983
neversaynever
100184
football0
220491
240190
proview1
moose2
19021987
j8675309
costanza
jonathan01
qwertyu7
survival
darkness12
cutiepie3
wwwaaabbb
ï¿½ï¿½ï¿½ï¿½ï¿½ï¿½ï¿½ï¿½ï¿½ï¿½ï¿½ï¿½
22051986
251282
22061990
magomed
200590
251987
699669
plane
nanette
123alex
22101985
19481948
steven10
marmelad
34567890
kazeem
280486
210290
court
23101986
09091986
s3cr3t
q12we34r
15101988
rfnhby
13101989
muffin!
laranja
shi
4wdaxQ642F
12101984
kusanagi
tinker3
ilovedanny
110067
cstrike
r12345678
toejam
ballerina1
bergkamp10
devonte1
250985
baghdad
lieben
engel
mendes
hellos1
151185
monkey02
210387
beluga
anilkumar
210691
160988
millie12
1234q
cuisine
bears123
vfhcbr
babylove2
freelance
macdonald
delores1
okocha
15101991
onetwo34
12091987
followme
humility
rfcgth
pieman
insert1
naruto6
daydreamer
tempo
hernandez2
maine
dan1el
sexiest
delete2
11111111q
doggie2
rivers1
charlie14
02091987
Gandalf
jesus6
asaasa
famous12
1ï¿½2ï¿½ï¿½3ï¿½ï¿½4ï¿½5ï¿½ï¿½
john117
shadow0
24101989
22011987
george!
Marcel
hockey44
031086
051287
iphone4
6969696969
tony21
3uc9xN53xH
jesus2009
ilovemum
kaliber44
3rdward
leila1
love84
240786
cometa
ashash
saddie
pass2word
21011988
12101991
gunit123
soccer93
pimpin11
wan0425
Hamburg
110483
19121988
andreev
philadelphia
right
cool15
Marine
gosia
limone
insurance1
Jesus777
230385
boris123
prosper1
ginger4
june01
nicole87
BsXXbGs322
twitch
cobra11
pocholo
saab900
10121983
bootycall
chris12345
zachary3
5213344
job4me
241183
tweety09
20091985
jack21
uqa9ebw445
wutangclan
florida7
scooby7
260990
dallas10
SAYANG
13101992
100384
baberuth
bebo123
Tobias
021087
rocket123
chance11
hairball
matrix11
isabel123
140685
198524
fabiano
mastercard
pizzapie
technical
shay
puffetta
261085
salomon1
4horsemen
11011986
cannavaro
nnamdi
31121985
nicole94
fanatic
hedgehog1
170683
salaam
130786
teixeira
1victoria
flower8
prunelle
music21
rodolfo1
270489
gtnhjd
gangsta4
blackwidow
110020
18051988
lakers3
nike90
parkour1
ansari
Windows
22021987
laurette
cooper3
session
bubblez1
kompages4u
mojito
19041990
bommel
vanessa3
120481
c12345678
carlos1234
shaquille
jesus17
030386
computer10
godloves
sexy00
chouchou1
denise01
hailee
happy2008
mcgrady
emily10
25111987
bob111
231192
overlord1
12041204
skunk
020586
lavalamp1
maryjane13
johanne
papasito
babygirl92
fubar
831012
hothothot
collette
02051985
520
46494649
twenty3
quake
24031990
marko1
sexythang1
luv2dance
house12
sexyboy12
01081985
wilmer
ramone
steven69
26031987
babygurl21
vanessa7
compaq11
babouche
oakwood
1cheater
natas666
020589
joemama1
ignacio1
zero1234
star45
tigger88
peace5
sexsexsex1
130383
34567
Victoria1
281191
kt
banana69
vivi
monique123
muttley
triple3
10081990
080885
din
cretin
171087
geordie
195
taliban
bobert
loop
25262526
ferguson1
bernhard
232323a
panchita
masaya
sheffield1
anggandako
catfood
180686
061289
bridgette1
live4god
frogfrog
dothedew
justindrew
sept23
daytek
15121985
21021989
23111988
hottie17
1407
marie8
puteri
lunatica
river123
131282
jimmy11
160190
Cassie
jkmuf
qaz321
godisone
nikolaeva
kerouac
111qqq111
vfylfhbyrf
mickey6
azqswx
deedee123
22111987
310587
301187
halamadrid
cherry10
11071985
01041990
21061991
131084
sfgiants
161289
neverever
130291
emo101
annushka
290589
william21
bengal
q123456q
kenya
Phoenix1
layla123
skidoo1
141185
junior06
elijah01
brothers2
Iloveyou2
10061991
200490
lesbians
humberto1
hitman123
021187
briggs
161088
heartbroken
zapper
a:sldkfj
22091987
130582
geo123
12111990
lilangel1
jakob1
fuck01
ilikeu123
jeremy13
99998888
malatya
iloveweed1
alex2003
kam
andrea7
heslo123
kombat
qwerttrewq
audirs4
sunshine17
moneybags
210384
25101984
miamiheat1
clowns1
ovechkin8
helpme!
necromancer
19081988
imsocool
26061986
buster23
jd1234
never123
shaman1
20111987
170489
20061990
dogface1
wayne12
03031991
key123
boiler
200889
octavian
LOULOU
cualquiera
patryk1
awesome11
nightwolf
cocopuff1
anh123
050790
maksimus
scorpio11
jasmine21
marie24
yousef
cayden1
simple12
mexico!
tony10
adam13
only1love
what3v3r
farrell
sherri1
020690
anyone
23011990
24041987
thequeen
0102
hangar18
110095
liverpool10
120578
110284
banana13
15081989
650829yjm
26051987
vEf6g55frZ
jake23
traffic1
william07
130691
24081988
rockstar21
17071985
luis23
17101988
pentagram
discover1
31121991
17041987
10111989
wannabe1
100292
95368452
recruit
halloween2
310786
everton123
010787
doggydog
blobby
family9
01011971
manger
BENJAMIN
jianfei000
sam101
fedorov
anselmo
monster9
jaylin
130285
250389
kitty14
tunder
marjan
220387
ilovejesse
trash1
william69
peanut6
13021989
20101985
rachel3
291286
jerry12
yellow25
selena12
151084
swinger1
kelli
vf
1bunny
230286
piggie
hotness
02081990
texans
18091987
250385
louise01
paoletta
amazon1
lina123
allstars1
natividad
lyndsey
igor123
ladder49
bball7
babycake
220490
23031985
20121983
sunil
Blessed
breizh
railroad1
advantage
phish1
outcast
bubbles.
ar
130783
23071991
121275
251087
kingtut
cinco5
mullet1
maxim1935
101180
14091990
ray619
ethan12
120881
1cupcake
170889
sistema
260587
jamal123
020485
300486
greetings
bhavana
26031990
050989
mahalqoh
197812
janet123
235235
koffie
job123
310187
maverik
smile101
198920
winners1
kensington
29662012
1cameron
lakers10
hotstuff2
evan123
02041985
bronco2
christia
46464646
18041990
eagles21
Florida1
sandia
a131313
bebe11
19091989
270289
durban
21021990
melissa22
arashi
thomas88
assword1
andy13
110120119
longman
101279
13041990
poptarts1
nelson12
120981
marius1
24061987
barbie!
198819
jimmy69
11101985
bolita
warwar
pedro12
Miller
bear22
ily4ever
paulo123
supper
221092
diego12
copeland
sierra2
andrew1234
nas
paisley1
buckaroo
qwasqwas
160885
vampire2
solnyshko
100592
180688
camper1
nicol
29071986
porky1
pamela123
17101989
jasmine16
daddy21
19081991
kissme11
230384
forlife
schlumpf
280884
georgi
1muffin
vierge
GINGER
310788
21051988
010585
051188
safeway
19091991
joseph14
20031992
01051986
24101990
Leonardo
charger69
040486
ruthless1
291087
schlange
smokeweed4
hotpants
spi
volvo240
nathan21
zackery
13111986
852000
151091
jaxson
ronaldo09
020285
281085
16031987
mybaby12
pooh22
irina1
jackson6
babe11
260888
purple27
ghjkju
meister1
11091990
porn123
021085
001976
maestra
cheeto
7894
021021
04051990
198323
01031984
21111986
internatio
fuckass1
seether
qwerty1234567
paquita
steven!
291086
jerrylee
23101992
30031990
rock69
010890
cleaning
2103
hunter24
itdxtyrj
marauder
amstel
country2
180890
terri
700019
router
godofwar3
i84Avh9ltI
nikolaj
knoxville
lotlot
Scorpion
280887
15041990
211282
ozzie
demon13
14121985
balder
quasar
jasmine22
constanza
000008
halflife1
hotmomma1
fucker11
link12
moonstone
Monika
01031987
141184
blank1
kingkong12
051190
tobytoby
panhead
why
wasser1
megapolis
rutgers
drummer2
bitch25
mymoney1
110030
zoom
110185
ï¿½+ï¿½ï¿½ï¿½ï¿½+ï¿½ï¿½ï¿½ï¿½ï¿½ï¿½ï¿½ï¿½ï¿½
city
20132013
februari
030686
concord1
02051984
280280
lakota1
jessica88
conejito
260385
leandra
skater!
77889900
booboo9
201011
invader
freakout
22121991
simba12
400051
ala
87878787
210591
fakeone1
trident1
genesis2
nicole92
destiny07
301185
18051987
301189
cheaters1
chachi1
benzema
89216279708a
310790
19121989
Dolphin
28061991
candida
123456789u
newday1
heyman1
sabine1
spiderpig1
myboys1
24031987
Nadine
Test123
21051990
231988
liam123
1honey
250591
120780
040590
boosie
sarasota
Tennis
mustang10
avocado
220383
taylor05
09091985
steph2
160289
sapito
clutch
lolypop
22101988
241289
grandson1
1231231234
grinder
dev
angela11
170990
48484848
monica11
10041992
mayaki
fairlane
peace4
15021989
180389
abcdefghijk
hansel
sharon123
king08
iluvmlml
123478
partyboy1
peewee12
Daniela
javelin
joseph15
290188
ari123
jonathan5
grundig
david12345
dreamz
musik1
mustang04
31051991
12345678909
120492
rohit
maple
27041988
14091987
but
babygurl5
22011991
05061989
poohpooh1
passwerd1
stacie1
25061985
11121988
slipknot8
stubby1
madison04
bones123
123456789Q
lilmike1
highway1
stefan123
fdfnfh
Maksim
zxc321
25091986
963210
bitches12
310188
chewie1
mamata
babygurl69
gamecock
amanda07
everlast1
margret
03031992
bobb
110593
madden10
25081994
sandi
17061986
sleep
jukebox
biagio
dance5
100392
anna2010
150983
22051989
balling1
050688
261284
dolphin5
logitech12
123!@#
taison
hello321
johnny69
201002
02091986
200189
monday01
paredes
4given
02081985
30061986
p51mustang
passpass1
130889
loveone1
cheyenne2
jason10
010289
thomas17
20041985
orange14
1232
141286
badboy7
chill1
sabres1
090690
29041991
15111986
deeznutz1
10021992
21041989
3110
gringo1
arunkumar
killing1
150884
130884
22041992
michelle07
lucinda1
11021986
000002
3qvn5K4qgV
bball25
130484
imhot1
cachito
030590
171183
yankees22
speedy2
11091985
be
200790
passera
060692
25011991
a999999
burner
snuffles
parisien
160287
luvyou
7Fxf3Jba8t
cristopher
13111985
celinedion
4myself
198626
banks1
111123
lizeth
lovekoto
171190
beautiful0
oscar3
longer
skittles!
nortex4
ms1234
12041985
silverstar
tadpole1
15081991
22081991
charlote
170287
060990
robert07
spurs123
198624
140284
18101985
270290
151182
25081988
doitnow
wes
robert09
251283
mirian
230884
pokemon6
whatisit
nicholas11
lkj65b6666
260692
211090
jobsearch1
020990
number1mom
looker
research1
yoyoma
mommy8
cingular
iuliana
shitshit1
rocket88
harley5
300990
prescott
paranoid1
creeper1
23071985
24041985
clint1
080891
111091
patrick8
lobo
glover
kabal
326326
nineteen19
220683
020486
figaro1
15091989
oreo1234
240991
eight888
400016
pumpkin7
bimbim
mariangela
28081990
01061989
25061991
20081986
gemini13
fuck10
ramsey1
panthers12
fivekids
230186
2208
26021990
Steelers
10031986
110393
kingkong2
29041987
01031985
12091986
kitkat12
110052
acoustic
barbie01
testament
240189
123123r
amanda24
viceroy
100784
findajob
charlie06
20041986
19071990
northwest
rawr
punkass1
13011989
problem
guiness1
526282
060687
sveta123
montse
100680
nutty1
capecod1
nikeair1
penpen
03111987
jennifer4
10071990
aloha123
roosters1
1408
wwwww1
19051986
10061992
fiammalex1@hotmail.it
23021991
13031986
theIigD4x2
021287
rocky22
1066
15121984
nononono
01081990
alex96
copper2
210286
not_needed
djdxbr
hottie.
23061988
170583
frontera
juggalo17
02081987
alexis99
willsmith1
cazador
alex27
241287
10311031
10111985
ipswich1
24101991
cabrio
octavia1
24061988
rfhfvtkm
010490
anna01
woman1
010587
silver69
27071991
190688
11011989
josecarlos
hate12
takashi
lover8
banking
gracie11
23051986
152207
shante1
texas5
22031989
fluffy11
30121987
11111qqqqq
01061986
br549
antani
20051989
25041988
skinhead1
cheer14
21121986
word123
140189
academy1
hibernian
katarina1
vicki
ipodnano1
holybible
t12345678
padrino
natalie7
john18
rabbits1
amorsito
22091988
happy9
141284
greenpeace
15061988
rug
left4dead2
8562835
steven21
23051989
sithlord1
18061987
290587
love#1
mike06
sully1
010290
mike20
school01
rocawear
mandeep
sweetp
190388
sugipula
lkjlkj
sister12
xcvbnm
ï¿½ï¿½ï¿½ï¿½ï¿½
amyamy
playbill
donut1
25041991
dawn123
04051987
fgjrfkbgcbc
tangkay
27071987
33445566
nascar12
290585
240784
howard12
hammond1
heaven777
116116
saxon
11061992
belette
bubbles69
melissa!
katerinka
talita
cammello
urgay1
thesaint
baboy
lithium1
15121982
steve12
121994
xep624
26011990
lovinglife
280288
andreina
walter123
spiders1
danni1
steelhead
green45
20011989
snoopy69
dragonforce
040487
wildcard
01051985
haleigh
am1234
1234456
amisha
26041991
playboy11
intelligent
01091985
10091986
lola11
alexis!
240286
bam
totally
eagles08
sincity1
198444
rocklee
22101990
7410852
pussy01
motown
19121987
real123
chestnut1
130284
14061991
nodoubt1
ï¿½ï¿½ï¿½ï¿½ï¿½ï¿½ï¿½ï¿½ï¿½ï¿½+ï¿½ï¿½ï¿½ï¿½+ï¿½ï¿½
ronny
osprey
311282
alexandro
bunny11
140386
260387
jumbo
080690
eyeball1
painless
angel97
170190
ciprian
trevor12
drpepper12
julian2
20091987
nepal123
020986
marta123
ethan2
irish123
280386
240785
setter
280290
21071986
280890
charles7
197666
140387
13041991
20021988
dickface
jacobblack
123456-
ilovejon
nasa
11061985
haggard
corazones
tiger88
dora
dionisio
teens
ilovejose1
youth1
30041987
230984
alexis21
thug
swansea1
regent
18091985
blake12
191087
cad
12091988
him123
030789
scooter11
pratik
15121988
tess
venice1
jada123
josh10
111085
9inchnails
24121989
canarias
08522580
topogigio
curly
chairs
pocitac
hardcore!
boobies123
eastwood1
maxwell123
maddie11
aero87
sandra13
nightshade
mayhem1
shockwave
fordtruck1
chris33
lala10
14071986
a232323
belldandy
31
963963963
110681
13011988
01091986
steven23
hailey12
codegeass
material
anointed
552255
berkut
hailey123
090390
alaina1
wasd1234
vfhbif
tellme
pretty!
beast12
nnnnn
mamaliga
yC6AbQSFjo
laugh1
18101986
alino4ka
140983
05061990
lala23
cardiff1
29091987
mexico4
vendredi
littlefoot
newport2
19051993
041
dam
mother7
mushrooms
marble1
bingbong
16021989
21041990
madison!
770880
10071989
marmite1
150490
towers
pikachu123
vfrfhjys
Orlando
01041983
budlight2
james12345
19001900
paris11
unlimited1
050888
alvarito
arlette
vaughan
19051991
gabika
19933991
catcher1
051088
rjdfktyrj
loveislove
ravi123
30031991
11031993
11201120
laverne
fucklove69
mousepad
210885
melo123
230683
brian13
150891
cavaliers
rockon2
lastochka
sunnyside
wyoming1
haircut
30101986
160986
jayanthi
jablay
cottoncandy
271828
greta1
210888
alex1985
ammananna
fishy123
chilly1
5.254.105.20:test
quilter
160387
giallo
12011990
kruger
501501
180788
270189
rainyday
04041984
orange69
16121989
ilovejay
22031988
dakota7
ritika
bereza
jarule1
frieda
cd123456
thomas16
sc00byd00
dimanche
wiggle
556644
connor11
281186
7777777q
060684
gizzy1
america.
mothermary
hunt
25962596
150291
teddybear3
121993
hellohi
jordans
vjzctvmz
smitha
02101984
14121992
betsy
070784
mylove!
magneto
110983
wwe
badboyz
death69
Ð Ñ—Ð Â°Ð¡Ð‚Ð Ñ•Ð Â»Ð¡ÐŠ
sterne
dylan13
852741963
mariee
220790
thechosen1
blood14
111283
samsamsam
08081991
211185
heyhey12
dev123
131182
plumbing
171284
loquita
imissyou2
brianna4
angel87
21051986
travis01
aisyah
marissa2
sunshine16
tandem
iloveyou93
sassy7
lauren5
12071992
obsession
partygirl
ciaociao1
201082
kimmy123
23isback
26101989
sayuri
261287
zse45rdx
terrible1
davidvilla
251192
yflt:lf
180585
punk13
catnip1
junior69
begood
player14
RONALDO
amanda08
ilovekim
150384
20061985
Password11
mandolin
040491
17121988
coolio123
starwars6
macbook1
12081985
fro
Indianalib
270386
geronto
windows2
babygirl89
iphone1
041188
jeffgordon
23081991
150783
rain123
888888a
theclash
sage
30051989
engine1
time2go
magenta1
15031989
tinky1
tigran
cashflow1
samuraix
231291
1w2w3w
hello88
adidas10
alfons
Admin
170885
dentist1
091091
sweetthing
frankies
vfrcbr
11021102
bundy1
snoopy10
29091988
yassin
fernan
nermal
beto123
graduation
rosalind
dreamboy
11081992
123money
mydreams
051089
cordova
werthrf
gangsta!
170185
miranda123
karachi1
cindy12
block1
09091988
maria1234
111100
23031989
canario
84268426
king55
therion
honeypot
turbo2
23011991
26101988
02071991
151284
16121988
flyhigh
aeiou1
dashboard
thunderbolt
gillette
jamiroquai
lucky08
171185
Dexter
matthew06
17041991
sergio12
moss18
560040
560094
farah
grisou
piper123
adi123
mattman
17051991
dogbone
lotion
trx450r
220682
nicole93
killerbee
rachel7
snookie1
291290
junior17
ravikumar
callme1
renault1
nicole02
anamaria1
eveline
kiko123
hannah00
katiebug1
yukon1
brandy11
blue00
280686
85200258
27041990
elijah123
031285
zoe
belly1
afroman
newark
lilmomma1
megan13
010487
worinima
300586
11041989
batman09
mustang02
a1314520
redsox13
lolpop
150684
richard5
zkl858
alma
thekillers
210982
suzie1
01101991
ginger69
redneck12
20031984
0110
tacos
blazedup42
belochka
15071991
1puppy
welldone
love&hate
rick123
len
Martina
lickme2
250984
29041992
cobra427
canada11
10081988
audis4
kwiatuszek
kai123
230887
charito
abogado
babby1
howie1
5t6y7u
fatina
nascar2
chinadoll1
lander
1404
life101
100391
ivette
marvelous
281086
030690
jorge12
170491
hunter101
whores1
061285
jerson
600600
23041992
danny22
2305
hydro1
vanessa11
hotgirl2
escobar1
sweetypie1
r123098
nascimento
cobra123
ciaran
switzerland
gusgus1
ballin11
200385
katze
girls12
31121992
131284
xavier01
jose18
florida3
141083
success2
27101989
winslow
270986
athlon64
orologio
30041985
++++++
011088
11121112
dustin123
harhar
nala
hockey20
ciccina
april09
Adgjmptw
omolara
victoria10
23031993
outlook
topcat1
1302
280989
andrey123
16081991
1power
cohiba
rockme
nicole00
290389
danny5
020487
11111984
geoffrey1
131082
luckie1
110032
komando
lovechild
youyou1
15021988
sushi123
weedweed
abudfv
14121986
iloveyou92
homo123
bitch33
fuckher
17021987
09091991
kikker
fabio123
babygirl26
nan
number20
11031989
150885
music4ever
23041990
hjlbyf
inlove!
22081987
maranda1
kiskis
Starwars
27101986
pawelek
2411
sammy21
260889
budget
bubby
89mustang
wolf13
Pakistan1
samson01
joann1
230491
xswqaz
killme2
220891
austin9
urmila
tia123
qpwoei
27061988
happyy
chess1
14231423
321abc
30051985
honda3
thunder11
7894561231
micheline
butterfly.
vovchik
sexme1
123456xx
berliner
061088
pokhara
pookie13
31011990
dylan3
Qy5tOgR996
dec
18071991
bearcats1
17051987
chrystal
220190
15051984
hoebag1
coquine
pooh15
123-123
rustem
22021992
madera
010486
paulie1
limpopo
210583
nosey1
shanta
bohemia
murmur
06061991
love1986
caribe
forbes
romeo12
orange88
flower.
princess32
zxczxc1
12091990
barney2
00001
kusuma
yankees21
iloveyouma
qwert123456
green08
210991
namita
riddick1
220883
160485
libertad1
3yIxda15hR
periwinkle
cjrjkjdf
typewriter
canton
kyle13
glenwood
airmax
010786
180789
110014
24071987
underwood
192021
300986
sandydog
130681
devil6
looking4u
sister123
1598753a
031188
morrow
231280
050584
yfafyz
cowboy11
111291
chivas3
19960309
22011992
mansfield
29101991
04051988
simonsays
disney2
soeusei
superhero1
16061992
mumtaz
ranger99
a111111111
pig
181288
7474
22121990
15031985
191185
2929
moody1
javiera
20101992
199019
buster14
24041992
23061991
jonah
shark123
291186
15031987
bonsoir
13101990
master00
26121988
18101991
10091987
helpme12
eminem.
220984
chacho
guyguy
210491
escorpion1
22101984
17101986
hhhhh1
cracker2
051185
dd1234
roxy01
13091988
23091987
golfnut
30031987
w1992a
jitterbug
gheorghe
11101990
slbenfica
z28camaro
jejeje
gamefreak
dumb
gblfhfc
hotmomma
yniQnmK733
master88
25041990
raven13
020585
12365
a2345678
zaza123
chivas101
susanita
watashi
hollywood3
shawnee1
20101991
ground
tennis01
mouloudia
chris99
01081984
lauren21
emilka
198810
stamps
report
missyou1
2508
limewire1
rohan
daniel02
291185
cascades
topaz
110881
libras
haha22
01051990
people11
hereiam
cherry15
rajasthan
babygirl94
rainier
rapido
bestrong
01051987
pimpin21
gunter
210391
pretty10
animal2
blueman
24051991
160187
poohbear4
bailey4
10041985
200388
devdas
ytyfdb
180387
winter00
caliber
wizzard
troubles
hunter88
palace1
cortney1
frontline
toby11
210181
shrek1
159951159
jackiechan
batman14
121093
jesuscrist
mythology
asteroid
dreamgirl1
240982
fatality
160790
120381
241284
ozzy666
250186
150584
1415926
duffy
159753456852
damaris1
150591
coco01
ateneo
250592
mariana123
251180
190690
kierra1
ms123456
140783
134134
dallas5
281283
hamster2
31031988
281182
bubbles21
amador
jer
superman77
stellar1
success7
151085
finalfantasy7
budman1
22051988
123124
fosters1
parker01
kfylsi
peggysue
reeree
QWERTYU
toast
luis11
240185
301289
natation
180188
lucylou
samantha4
benedikt
angels5
kissass1
02081991
asdfghjkl:'
backup
ou8124me
14081988
fake101
amber7
dickdick
180190
a2a2a2
220691
sept22
280490
amanda6
190188
7sO2ekbc6R
ramadhan
ham123
ihatethis1
personnel
luminita
231080
bramble1
stepanova
oliveoil
nora
pelon13
megan01
02021993
raymond123
2504
15081986
23121985
280487
310785
comrade
dating1
cbrown1
florina
carousel
chico12
03061988
hacking
300785
ryan15
181085
imtheman1
jenny01
ghjnjrjk
161091
Orange
zoolander
14041986
yoshi123
290486
12fuckyou
mercedez
three333
welcome5
elias123
araceli1
narut0
20000
dreaming1
nessa
26021988
kumasi
140687
justin00
lbvekz
.kzirf
fuckin1
150187
12041984
nigger11
jesusteamo
norfolk
25051991
joejonas12
beautiful9
19121990
makayla2
141091
13031989
28121988
booboo4
nathan4
fatgirl
130583
diamond22
overdose
290185
bitch99
samantha14
123456ty
kelly7
olaniyi
8inches
soccer34
ownage1
mocha123
school9
28021985
30101985
freenet
291289
02011987
specialized
kaylie1
1243
garten
chivas5
changed
250484
02021983
109109
nuggets15
killzone2
2304
useless
sokolik
miller31
707707
170689
fresh23
12061992
foofighters
230284
busayo
loveth
02071983
121193
180489
happy77
codmw2
444444444
100293
strekoza
220985
putri
110495
henrietta
jenny7
23031988
jake14
summer88
sal123
rufus123
18031987
191286
030685
gjgjdf
taylor17
rylee1
field
chuckles1
mychemical
020284
amor15
24041989
31051990
chidori1
janaki
jordan97
money111
199222
santafe1
iloveyouto
tavares
redcar1
donte1
511511
leedsutd1
goducks
jesus333
darcy1
fishfood
spencer123
andrew88
020279
02101988
24011991
anytime
baller69
01081987
MANUEL
iloveben1
jesus18
120982
monkeyface
15121992
210184
16101989
zxcvfdsa
dominika1
smokey22
thrice
alex98
smartguy
zaratustra
jordan19
seniseviyoru
bulldog123
250184
tigger8
blondie!
mandragora
14041990
123456789ï¿½
15061990
oliver3
110010
ran
23111987
butter11
rancho
thinkpink1
25011988
290690
samsung3
qwerty16
140186
18061985
coffee11
240682
bugaga
telefone
raleigh1
shayne1
czarina
omotayo
katalina
533656
27071989
12071984
hottie24
ballin7
22111990
beertje
15051992
sarah10
photograph
luisito1
13021986
xyz12345
anthony02
richter
141282
280389
yellow77
nikki7
11081986
dogger
shrek
cortney
201192
water3
fynjif
jeffrey2
salzburg
gangsta23
29051990
baby-girl
dick11
booty2
10081991
100285
09051985
fuckme.
loveme16
ytyfdbcnm
zxcvb12
fucker4
justin04
18061984
zxcasdqwe1
12081989
soccer92
josef
mw0501
fuckmyspac
10041984
sigma1
kingking1
music07
139139
14121982
analiza
140583
homersimpson
sembarang
20021984
250885
dakota99
battery1
300989
10081989
marlins1
dodododo
fidget
muscles
24091986
miles123
enternow
21031985
zackery1
marcus11
chris77
20071986
bonnie2
150492
25021987
300390
dancer14
batman8
picolo
may2008
220591
15081985
floriane
famous2
device
chi123
nuevavida
180691
passione
memorial
15121983
vkontakte.ru
5254143
allen2
summer16
9852a9
280586
svetlanka
196900
hunger
sidorov
3edcvfr4
coolman123
mami12
kalle
makassar
rodrigue
221182
mememe2
rebelde123
montserrat
metallica0
snickers3
eminem7
heather5
157359
100385
naseem
cocacola123
100892
trina
25051986
hardstyle1
24111989
18061990
audia8
pep
semaj1
deepthi
sexy29
iluvme!
fuck3r
26121987
o123456789
888168
yellow33
200890
koshechka
crazy4you
rjpthju
1234562
roadkill1
1sweet
14051990
shooting
4071505
alberto123
blanco1
mitzi1
Lakers
251292
est
kelsey11
diamonds2
23061989
nadezda
booty123
blueballs
bowwow3
hameed
j111111
2468101214
bailey06
28051990
love1987
womble
daddygirl
mandy12
krystle
peewee123
aaazzz
hjkl
falcon12
finest1
buttfuck
010988
buster4
hellspawn
rosette
heath
22051992
13081987
taureau
lorien
melrose1
blackburn1
chevy01
112000
embassy
cowboy01
billkaulitz
madeleine1
motogp
10121993
22071991
lunchbox1
pelican1
pregnant
supermom1
wraith
210986
ellis1
corolla1
secret3
281282
120879
13121983
8ba9Klw1cE
iloveny
1909
willow01
0okmnji9
15071988
10121982
031289
22021986
291184
isidora
fullhouse1
teddys
corporate
kookie1
water11
baloncesto
pitufina
karisma
17031992
kashish
onetime1
mamulya
clearwater
20111986
230482
Marion
gfnhbjn
25091989
241185
123zxcv
25091990
dudes
drpepper2
23121991
mae123
birtanem
01031986
091286
love41
110480
11081990
400614
12345678e
11111112
jesus2008
nokia5700
century1
iceberg1
786123
bullets
fishman1
christiana
gigigi
hydro420
monster21
261082
astoria
iloveaaron
madhav
dancer08
crazy21
babilonia
smegma
18061988
buller
ricky2
friendsforever
trevon
aisha1
vatoloco1
cameron6
150186
20091984
pretty6
fred01
mirror1
ï¿½ï¿½+ï¿½ï¿½ï¿½ï¿½ï¿½ï¿½ï¿½
1596357
1spiderman
18011987
log
245245
300987
PEPPER
artem1999
kalimero
080887
14081991
friends08
america#1
m1garand
bemine
biteme12
killacam1
makina
guessit
111111j
h1234567
03031984
161184
071290
carebear12
21061988
220783
cheer01
27071988
kristal1
lll
241192
18081990
15091990
Lucky
06081991
190290
kimbo1
17041989
songbird1
husky
brick1
12061984
pascha
nevets
taylor03
020587
22121985
picnic
kumar1
qaz123123
198821
prettywoman
10091985
bassplayer
melissa69
kirara
babyboy23
stumpy1
maggie07
100482
24121991
gramma
28121990
nikki3
bobby13
password81
marc123
02071989
abnormal
david19
debil
maemae1
27051986
121208
the1andonl
ripken
1510
guitar01
slippery
190689
cuteangel
03061985
loveme24
21081991
22081986
emprego
lifelife
fire1234
smellycat
heath1
2101
106106
112113
19061991
001988
hotman1
123432
ryan07
030988
13love
eggman
200985
24051990
111084
yoyo11
tiger15
jazzmine
150000
mario11
241184
041187
lucky99
26031988
23102310
16041991
01051988
10111983
hhh123
270690
251094
andrea14
Courtney
30121988
26021985
mobil
ericeric
cheese69
bil
geelong
footbal1
littleboy
14081989
newone1
170189
pastis51
100192
comeback
23242526
050990
hotshit
16061989
210892
madrigal
satisfaction
080988
psalms91
mansour
redondo
02051990
iloveme5
deeven
130584
imcool123
28101988
19031991
23071986
lagwagon
261084
farouk
hockey69
180292
260785
rockys
menina
BARBIE
carefree
131181
friends9
burnout1
852456a
lovejesus1
sept16
buddy07
1life1love
lealea
11101987
240888
sandy11
uf
ripazha
myhusband
31121988
luvu4ever
270784
230792
281091
15987532
mystuff
tigger18
301287
thought
chauhan
120980
24071990
150385
23041985
joyjoy1
01101984
2303
YYZ59gtP100
meadow1
jimmy13
genuine
passat1
27121991
600028
lakers21
11031986
07071992
889988
baldwin1
boulot
password85
01081989
volvos60
180391
carlson
tgbyhn
citrus
talgat
19121992
lenusik
iamtheking
14081986
funstuff
250485
thedon1
cutify
ujnbrf
letsgo1
cow
silver21
aznpride
191089
single01
solo123
240188
met
spaghetti1
yayang
amazonka
Tinkerbell
bears23
stick
sarah!
hiroshi
beer69
Gy3Yt2RGLs
shreeganesh
24021990
leaves
111www
advokat
27091991
not
7794422
caseydog
220484
301084
fonseca
donny
987456123
29061990
hysteria
wade
230784
28101986
ooo
modelo
12345678h
150984
sharik
catscats
1.23457E
sexygirls
azerty01
josefina1
june2006
1234567890m
freeme1
211091
pearl123
glorioso
11051991
1234321q
llcoolj1
6D2-24E5r
emm
1truth
dominique2
aptiva
14061986
cutie21
23111989
250287
bridges
150286
mikel
jackman
300490
161087
hair
slugger1
21061986
29101990
babyboo123
190285
250491
eagles13
f1234567
1937
orwell
houses1
snuggle1
421301
sophie3
slammer
crocodil
papi
110991
peaches!
11051984
hippo123
tebow15
101178
25051984
chaingang1
100582
sashenka
218540
03061987
210383
215215
14061987
coors1
icecold1
1westside
22101991
betty21
vfkmdbyf
02041990
larsson7
cole12
sasasa1
07061985nina
steven5
gattuso
repytwjd
google1234
11071986
univers
sassy11
halo3rocks
raw123
rodeo
17121984
shorty09
matthew09
28051987
8520456
baller01
pinocho
197611
keykey1
110382
24081991
280790
shortstuff
21101991
130792
superman16
bestfriend1
gfhfif
shyshy1
coolie
moveon
101213
laptop123
ashley05
22041990
081288
051092
cousin1
300190
09876543211
camaro68
15071985
class11
jp1234
born2win
goth666
transcend
riodejaneiro
planes
06011982
darlington
17041992
161282
132001
bluefish1
salinas831
patricia12
chicken23
mistake
shekhar
28101985
darrin
19471947
123123l
1900
22081988
.adgj
manamana
snatch1
sasha13
yamaha2
091288
chill
200580
cardoso
macho
21101989
270389
poilkj
omen666
shahzad
iluvchris1
120382
awerty
stampede
ottobre
onlylove
198601
gender
tyler21
120678
25071987
hill
654654654
weird1
290588
emil
dragonz
process
300485
vavilon
21011986
17081988
colombe
ramakrishna
babygirl93
poubelle
kumkum
181185
060988
290487
pfqxjyjr
04021987
p2ssw0rd
18081987
aileen1
apollo12
aserzx1
olympic
020989
demian
mechanic1
1357642
ilovemark1
27011988
aardvark1
keke
180987
christian!
6666667
140891
pocket1
konami
milly123
sentra
ministry1
kiersten
sample1
angel2000
27021990
myebiz123
happy14
070990
why123
anicka
240591
grandkids1
ZZZZZZ
welcom
roflmao1
civilwar
wallst
johny
border
duck12
maggie21
snoopy5
cookie08
divorced
parker123
500028
iloveno1
15111987
link2011
21041986
05091984
2106
090588
imperium
hotpussy
barone
21021988
shadow89
babygirl96
star25
08081987
Tweety
300788
bipbip
17071990
29061988
040890
irule
puppies12
aaaaaa12
cock123
20011988
230991
211284
nikita12
291090
calabaza
Lucky1
honda7
mermaids
janeiro
dominica
massimo1
antman
JUVENTUS
shells
sutherland
franco123
beavers1
tigger17
nexus
canine
13101984
blue06
adebola
wagner1
pumpkin123
tygrys
loveu12
missy01
140490
03071987
george5
gamma
catering
281082
mustang23
16101985
10021984
2597758
mongo1
bauhaus
1hotmomma
220287
mae
champ24
030490
lashawn
pelumi
221987
kimerald
ashtray
10071988
Shannon1
199300
hellboy2
agatka
30081988
05031987
ohbaby1
asasasasas
wtpfhm
carebear2
kelly11
billion
110021
rolltide12
mommydaddy
apollon
260386
kaylin
januar
samsung5
anna22
lol321
hearts12
kakawka
260391
Jack
snowhite
badboy23
ciocolata
230391
david25
mike19
170386
Abc12345
280289
alisson
radmila5
arthur123
ripley1
231283
jacob22
blue456
021086
cleo123
camaro67
260187
01021984
inzaghi
24021986
maradona1
pressure
29031988
asdfdsa
110981
191186
atx512
tugboat
040485
1forgot
29011987
awesome3
110186
19061990
brit
Crystal
tommy7
football76
cucaracha
iron
030689
sweetboy
143441
reggie12
okokokok
150383
12111985
270985
bigone1
mansoor
cacahuete
cerulean
ocean123
matt17
prince3
midnight13
090985
250883
20041991
gaby12
michael27
23031986
luanda
copito
matrix23
alfalfa
holloway
david88
Gemini
hubby1
puppy5
11101988
sexxxx
darkmoon
211184
02031984
kill3r
23121990
aaaaaa2
bang
28091987
020785
morgan99
080892
01021992
sweet4
131092
ladydog
rajarani
12071985
pennywise1
b1tches
gunner12
05051992
281092
310387
winning
vfvfgfgfz
bionda
passes
jesse3
mykids5
gjkbyrf
13071990
19101986
ronnel
anime12
kkk111
ducati996
lilian1
290390
kelly13
dominicana
gfhnbpfy
azteca
elvispresley
korea1
09080706
kaiden1
daughters2
15091986
united7
jolina
sambo
shorty18
moonwalk
airjordan1
8iIw4Ct9Rq
manzanita
stephanie7
100791
310784
170387
sierra11
131192
kayla14
favorite1
rainbow22
popeyes
torero
piggies
laura11
13031988
161283
easy1234
pooh1234
090991
wildones
10221022
moremore
050789
cubswin1
catalan
27031990
bubbles9
gilgamesh
nisha123
medieval
timmy12
16041988
25041989
200884
marlee
25021986
04071988
qweqwe12
irochka
class05
fickdich1
dallas7
28021988
george23
PW2012yr
vergara
dicker
ugochukwu
shelbygt500
aliens1
faceoff
19061986
buddy8
220483
conor1
ira
belgium
robbie123
311091
20061984
pedersen
hayden123
01041991
omar13
samwise
blank
phantom2
250991
minion
wal
rahmat
pimpin09
10091991
angel2006
30071987
heather01
daniel98
zagreb
football58
vfufpby
boondocks1
yeshua1
expedition
17101985
iloveamy1
eagles3
020390
lover24
01121986
zippo1
240691
fudge123
smeagol
live2ride
1928
joey01
20051990
flower21
22031987
butthead2
26101983
tigger06
martin23
151089
pantek
helpdesk
a1234a
codelyoko
28031991
amandeep
011086
181182
201287
tata12
Qq123456
261182
muffy
130983
crazy15
14081987
estefany
joseph!
17041990
amanda09
mike101
arina
gambler1
chandana
060890
200892
iaminlove
kikina
198123
yankees5
aaron3
1q2w3e1q2w3e
19866891
021289
sparkey1
buggy
nena
16101984
230583
petter
270890
18101989
170784
tiger77
cutie8
bulldog3
mustang21
hannah18
17021988
15101992
11091991
Audrey
pernille
grace01
21091991
010288
grandkids5
29121986
171089
280987
halo13
sarah69
26121986
26101984
peoria
tigers!
poopie!
buddys1
panatha13
mexico17
hollis
froglegs
190785
seth123
Raiders1
nicholas5
flygirl
170887
25091991
14101992
magic13
170390
lebedeva
27071990
2horses
hallo12345
jonathan123
170286
Steelers1
mom12345
milan123
tonyromo9
halo360
cook
bailey05
bulldog7
lemans
10081984
access123
tho
billabong2
maddox1
antonio10
140885
oneone1
170186
lbvfcbr
trevor123
tunde1
24041988
brittany14
antosha
210483
150692
semenov
69eyes
player10
dipset3
221083
lfc123
mustang4
sadhana
cool01
bulldozer
nick69
hatice
17031991
25071989
airwalk
dozer
25071991
inside1
amaury
280891
jr123456
834001
ellis
dnstuff
12011991
cherry4
A1B2C3D4
certified
love_me
mamaku
gwendolyn
cupido
rock10
241182
12121981
021285
freespirit
musique1
monkey26
server1
diablo13
mykids03
ransom
a010203
kandy1
superuser
NATASHA
Viktor
040589
19031988
lalala.
logan01
jammer1
mividaloca
P4vKINRw6x
louloutte
300889
12041994
230692
03030303
230782
221984
daniela12
160891
kellen
08031990
soulmates
patches123
CRISTINA
mj2345
fin
suzuki750
301080
topaz1
andrew19
Friday
adrian10
22051985
click5
INTERNET
sultan1
14071990
springtime
eagles23
160491
victoria13
asskicker
hardcore2
bichette
STEVEN
karina13
anthony25
pickle2
lover08
ballin24
tyler101
jenn123
sexything
chino13
mashimaro
3100
hippopo
hanihani
280786
hotgurl1
15021983
031287
sleep1
31051988
yemisi
Kimberly
smokey10
280587
andy01
pookey1
Natalia
19141914
181189
191090
delorean
abcdef2
14051985
jesus24
mustang00
rjnzif
weller
030687
vampire123
190891
14051988
qwe223
140492
john17
adgjmpt
bug
FRIEND
back2back
memyselfan
toytoy
31101990
primus1
gurpreet
Jonathan1
MidCont
tiago
toni123
ferrari2
maggie23
ikillyou
18051989
whatever22
200287
alyssa7
gtkmvtyb
it
21071989
football60
020790
ccc
tinker13
02041989
yessir1
boeing737
17091985
sexy2009
221292
02101989
22081985
lisbeth
31011989
11111988
100481
aman
260593
sasha1997
erevan
260189
yahoo3
hotdog11
melmel1
duke13
love1997
03031993
251091
261191
05121985
290786
cordero
23101984
fuckhim1
010193
diciembre1
xchange
cookies5
151191
punk666
01031990
genocide
arrowhead1
281184
arroyo
pinky3
journal
24051989
1clen1
gonzalo1
daisy22
mommy21
261183
melita
frost1
generic1
graves
1gangster
amor10
03061990
315023
02101990
homehome
120579
rotimi
21101985
nikolina
Shadow1
197511
25051992
karatekid
411006
persian
121212w
rollins
nikki01
player4
parsifal
yandel
rhfdxtyrj
group
29041988
newyork13
football67
23081989
westside23
210000
intranet
football70
vbkbwbz
963
25041986
eeeeeee
Trfnthbyf
20111985
setiawan
96969696
26041990
mariusz1
princess90
191187
liarliar1
buddy69
maybe1
werock
zaq
31121989
trains1
supersuper
edward21
pinky13
poohbear14
bama12
lucy13
jordan95
mike77
segreto
josh18
grace5
100483
zWN6Vbdvpj
puppie
23091992
nigga11
chris26
Angel1
221226
21021984
07051987
teamo.
260987
steve2
melissa21
16031990
taylor.
08081985
weed101
dirtbike12
yummy123
220380
gracious
gaara
22071985
20031985
shift1
051286
190000
musicmusic
17061991
11091987
tj1234
ane4ka
24031988
21081990
raiders5
godsgrace
15051988
120595
SaUn
hoosier1
george69
katlyn1
22081989
derrick2
ghost13
hotty101
sosexy
Awesome
akolang
11041984
jenny10
220881
24121988
cantik1
baxter12
vasant
yankees02
ilovetony
pomodoro
270987
560010
180386
040788
030387
560102
london7
puppet1
cletus
000000m
lover.
stockton1
050890
mybabygirl
22111985
flowers7
101983
241291
attack1
honey143
choochoo1
1liverpool
jamaica2
16121990
23111990
danny14
carlin
nafisa
mabel
290789
grounded1
hannah98
18011991
10021983
f0rever
joeblow
booyaka619
201191
vipergts
sammie2
250391
harry7
satanas666
thedevil
18081989
131213
elegance
gracie3
one1love
198505
sexygirl10
Elisabeth
hardy
201183
parachute
240492
magick1
jerome123
03051990
johan1
oscardog
18021989
mimama
200684
messi123
191285
180786
135642
pooface
princess04
19021992
missing1
11071990
demonic
region
buzzer
ryan16
andrada
261192
tasha12
270586
ford12
251080
19061984
05061992
ryan69
ilovetony1
31121984
150883
cubby1
alleycat1
28021986
181287
taylor04
feliks
28021990
31031986
23071990
dalejr1
28111986
lucas10
041088
basketball12
chevy1500
anhnhoem
11111983
170191
pimpin07
dewalt
papa1234
14081990
10041988
15011985
booboo23
nathan09
liverpool3
mars13
zaebali
47114711
onimusha
14061985
akusayangk
130384
19011989
150191
270388
macska
001977
sean1234
jeffry
daxter
14111985
maimouna
megamanx
10031993
rodica
marshal1
poppy12
hookup
lordoftherings
class2007
wertyuiop
19111985
nokia2
roadking1
dearest
rockstar22
sassy3
lilman123
190585
14111991
30041992
buddy08
tessa123
16041990
sasa1234
vjybnjh
tweety10
01011
20071991
13051985
meggie1
thatshot
181285
seafood
skater01
120978
zhangwei
280885
mnb123
220192
severin
heroin
kobe81
amber69
pimp00
andrew04
lovestinks
200186
030888
Rangers1
level42
joshua9
21021985
miamia1
031088
Xbox360
0277127298
rogerio
23101988
31101988
laugh
19251925
mommys1
feelings
ramarama
stokecity
shamim
mira
25031991
abc111
150482
ABUSE_123456_ABUSE
baluga
n1cole
201182
sammy23
987654321s
petr
091189
27051987
100382
19091987
taker1
190584
mariano1
alcohol1
12341234q
master77
250383
michael77
simon12
jack69
alabama12
18111987
16091988
18121984
myjesus1
pappy1
lauren14
22041989
Snickers
mylove22
9itz78vUfW
d68pyfuH2V
peaches01
hermano
akomismo
legoman
sahana
minino
colnago
odz1w1rB9T
linkedinpassword
patrick9
master007
check1
22031986
29031991
liana
banana22
120792
060790
141191
300389
301280
superman25
wallace2
flower9
pigpen
070792
chicken10
051285
260484
16051987
lance123
babyboy4
aqaqaq
god4life
ronaldo12
20081989
14061990
breathe1
shelby10
011287
kilokilo
lildevil
03071986
iloveme23
26061985
2107
27021987
worlds
sayangku1
ragnar
pravda
golaso64
pupkin
sno
2201
20041989
rex
10021993
monster666
taterbug
rfhfufylf
28121986
green09
16021988
webmaster1
31101989
rfvbkkf
210781
sharmaine
291284
100881
134679a
programmer
yellow14
110581
291190
bell123
cherie1
fatboy69
raindrops
100291
bmw520
thorsten
jacob4
rock01
1rabbit
baxter123
008hotboy
saints12
raymundo
gundamwing
redsox7
271192
yellow69
lucas2
250786
Russia
monkeygirl
rosalie1
moomin
shadow33
17091991
alex666
nasreen
istanbul1
destruction
gnbxrf
19121985
251291
calvin123
160785
roderick1
173173
13091986
dogs101
black101
harmon
301182
19011986
mercure
killa23
cameron13
270187
20011986
29091991
1bitches
snowy123
198602
lizzie123
17071991
son123
Patches
16061991
15061985
sizzle
april05
40404040
180488
alex33
eskimo1
damned
040688
122345
22101992
zizou
magic5
xxxxxx6
a333333
forgetit1
dreamers
tgPw53j3kG
dalida
sweet101
eric01
amanda19
02081984
derby1
nonloso
17091986
jannie
221181
ramon123
tony15
sai123
henning
freesex
180486
10291029
venture1
joker21
yakumo
black1234
181282
madison09
031186
180290
sucks
sampras
ford01
flying1
peridot
fluffy01
tigers06
kevin69
29101987
10101994
sexy30
daniel77
davidm
asdfgh6
sounds
aaaaaa123
gaspard
170687
hailmary
280286
kitten3
mimino
290586
22061992
lollollol1
zxc789
penny12
faizal
tristan2
arvin
151285
dragonfly2
alyssa5
baby95
180487
continue1
hotty12
iloveu9
10071985
310386
purple19
prada1
chobit
220189
doofus
nestor1
bunnie1
tecnico
passord1
hollyy
123213
ciao123
131184
230682
subhash
delsol
11101989
tiffani1
17111989
9052950013
beastie1
210891
ybrjkftdyf
mustang22
christ123
storms
250000
ramkumar
paganini
sigmund
forever14
j11111
danidani
paakow
myrtille
135798
27111985
081289
290992
seagulls
weaver1
luisfigo
0o9i8u7y6t
stephanie0
emilee1
blue12345
conker
22442244
baseball26
myboo
03101991
369874
gabi123
love54
ilove23
091188
300886
Sonnenschein
jesus20
23121989
197373
dfczdfcz
ï¿½+ï¿½ï¿½ï¿½ï¿½ï¿½+ï¿½ï¿½ï¿½ï¿½ï¿½+ï¿½ï¿½ï¿½ï¿½ï¿½+ï¿½ï¿½ï¿½ï¿½ï¿½+ï¿½ï¿½ï¿½ï¿½ï¿½+ï¿½ï¿½ï¿½ï¿½ï¿½+ï¿½ï¿½ï¿½ï¿½ï¿½+ï¿½ï¿½ï¿½ï¿½ï¿½+ï¿½ï¿½ï¿½ï¿½ï¿½+ï¿½ï¿½ï¿½ï¿½ï¿½+ï¿½ï¿½ï¿½ï¿½ï¿½+ï¿½ï¿½ï¿½ï¿½ï¿½+ï¿½ï¿½ï¿½ï¿½
maja
monster01
29091992
westside7
280788
bunnyboo
411411
30071986
1504
valter
antwan1
27081990
13041989
peanut09
190786
marito
23091993
kimono
blbjn007
31071986
12stones
june04
marie9
aleale
Monica
arpita
bugs
02061991
oneandonly
1bailey
naruto95
Fussball
Tanner
15041986
33
therese1
cheeseburger
nikki69
ciccione
batman9
020885
godisgood2
26061988
27121990
dance4
15253545
sexy92
kornkorn
zurich
160484
footprints
rehana
conquer
2105
social123
200987
loren
joystick
bagels
fsd9shtyut
Nfnmzyf
babygirl45
euskadi
25061989
imyours
36987412
carwash1
general01
198219
291183
sassy13
21121992
29051991
lakers7
alex1986
291288
21051985
badgirl2
actress1
190687
Forever
23011989
23041988
#1lover
070888
1bandit
firestarter
sushil
Arthur
280492
21111991
stevenson
soyfeliz
zolika
kiwikiwi
dada12
cutlass1
198426
orange44
bateria
kurniawan
daniel03
241283
400057
like
1301
pickle12
craig123
Ð¿Ñ—Ð…Ð¿Ñ—Ð…Ð¿Ñ—Ð…
mybabe
251191
3000
chicky1
852
gino
blast
ami
400002
jovana
chatter
lidia
12051984
matthew16
daisuki
9inches
playground
hehehehe
marbles1
computer22
tonya
180592
adadeh
hayward
310389
dj12345
ttr125
lookin
bigpoppa1
19011987
geezer
ibragim
zachary7
rc.itymrf
yyyyyyyy
23021986
penis5
13101991
dima1994
201282
30121985
18051985
donald123
26081987
19101991
07091988
john1
29061989
180989
scooby69
spacemy1
fallen123
allure
021189
killjoy1
netnet
saffron1
131083
030587
10061990
13061985
28021991
250382
160883
100282
rachel10
sharif
orlova
wings1
chiaretta
852963741
14011992
210784
al1234
25111985
hannah101
biedronka
skater22
cassano
bulldogs2
150683
mc1234
ilonka
atlanta7
25081987
ilovefood1
otioti
22061986
money06
steelers07
oluchi
brenda13
parts
191287
24021989
patron1
31071991
280892
freed0m
tweety!
321qwe
miami13
ilovegod!
baseball05
dulcemaria
streetball
avengers
nichols
shorty07
delhi123
120493
mkmkmk
170692
120593
290986
rusalka
210682
rat123
idontno1
citadel
carl123
Aa123123
williams12
12345@
LztEz2xe98
import
kids04
270390
reeree1
godsgift
2332
bilbo1
1511
dejesus
chanchal
21081986
160489
jerick
dimochka
riley12
240583
mariachi
02121988
double1
210285
john24
15021992
sasha2010
pepper33
sarada
pollo123
151281
040889
pedros
sammy1234
school7
dragones
patrick10
27081991
DANIELA
ctcnhf
hol
fuckoff11
240387
komatsu
raiders01
chaparra1
1love2
21061985
dragon19
dididi
shiva1
heavy1
memole
onelove12
solano
14031988
morgan4
18101990
26021991
burzum
simcity
moonbeam1
19121984
241083
june02
java
moneybags1
tan123
831001
neo
01011973
250505
aaaaa2
chandru
wendys1
saloni
pistola
patita
souljaboy2
spirou
4747
220693
199411
nicholas01
080990
18021992
norte4
311283
die666
longbow
456963
16031988
260786
patrick22
mariateresa
superman17
panchito1
220791
13091991
140982
lilchris1
nigger7
murphy11
macaroni1
deanne
2stupid
gemini12
delphin
babigurl1
four44
theodora
02041992
170892
mcdonald1
28081985
bong
ajay
rockstar23
cool55
spider11
cherrycoke
camilo1
shippo
197100
170290
160690
may2006
pixiedust
161186
tyler05
snooker147
baileys
daddad
bambush
scrapper
abcdefg2
sclub7
221986
14011991
wrinkles1
devika
mamusia1
yourface
121976
nani
football87
140483
yahoos
29091989
17091987
Spencer
olegoleg
catcatcat
discount
win123
2206
badbad
Travis
14111989
yourmom7
190485
scimmia
hawthorne
starsky
shortys
240287
30031989
dalmation
fuckoff420
222221
17031989
absolute1
homies13
01091992
sniper12
01101986
nicole101
gardener
yousuck123
nottelling
sydney2
260783
bartlett
a159357
10091984
20091986
17101992
001
april06
slipknot3
butchie
mazahaka
harder
11223355
schultz
pooja123
yugioh123
warwick1
jonas101
lbvf
1123456789
defiant1
mariaclara
199315
gemini22
naomie
baseball28
031090
pierce1
230484
210884
24041986
scorpio2
muenchen
magpies1
majeed
cheeze
settings
100million
aaron01
scrappy2
matteo1
candy16
24091987
21081985
24021991
boriqua1
30051990
cherry23
polizei
green44
19111986
alienware
google7
301183
lol666
loveme9
linksys
orange9
turtle22
hertha
jaimie
22071988
emoboy1
orlando123
Thunder1
jesus16
17021992
sokrates
zemfira
170788
111974
280990
rolling1
black09
03101989
cvbncvbn
seymour1
bl
160284
skittles3
310186
041286
69love
lovergirl2
paul11
23061992
yoyoyo2
cherry21
lenchik
1snoopy
neverland1
070889
4343
190287
kalle123
210983
230184
delhi
different1
291187
sunny7
skater32
pinky5
kotkot
clarion
11111990
040691
140582
070783
rosado
brian11
MLqdakf8yt
fuck101
qwerty86
75757575
yusuf1
lilrob1
230283
Isabella1
melly1
nannie
29051987
summer2006
maxie
matt10
170591
121079
lady11
221082
mavrick
rita123
julienne
140684
tes
shorty17
fuck88
141082
021190
18021990
serenity2
050592
140282
myspace89
12481632
001002003
scumbag1
12071986
010686
fontana
kaleb
uncle
jayman
150485
03061991
heslo1
171184
1vanessa
trythis1
bichito
organic1
andrea5
555123
molly1234
fuckoff5
cuties1
p00kie
cosanostra
triton1
qwertasdfgzxcvb
cfiekmrf
fericire
football73
my1andonly
140494
1badgirl
25021990
fevrier
Brooke
300385
traviesa1
011090
sophie!
231081
270885
welc0me
hello24
pimp18
12password
01101988
roofer
ilovecody
091287
crown
071287
nero
style
shoes123
131281
adetunji
westside4
kamilka
110580
23051983
140591
rangers11
02061990
3141592653
160583
ilovemybaby
ja1234
keepitreal
123789654
030786
carlos17
kochamcie1
eagles07
nepali
giants21
meemee
broncos24
15111990
30031986
1pumpkin
ppp000
girls69
mymommy1
mervin
01061983
rickey1
cathy123
rennes
310584
27011987
ciaobella
my2dogs
1mylove
08021990
killer07
airhead
simon2
elijah3
agbdlcid
031290
millos
small
10102020
220892
lynnette
zaqxsw1
25061986
fgrd58es24
1304
mike45
dude69
050687
rose10
candy1234
medicine1
05061985
wingchun
STELLA
10051983
01121990
071
198333
milito
sarah14
happy08
balls69
orange33
nique1
chiodos1
pork
wonderboy
naruto16
25071985
16111990
burgos
raffaello
mamalove
ashlie
240885
270590
pomona1
thebeach
240887
250290
020988
dietpepsi1
21031989
babu
rose01
chambers1
141283
250187
270288
020787
hockey25
041291
jj
180684
29041986
gemini11
skate!
010107
20101983
santino1
babie1
imapimp1
130292
290985
piloto
sunshine15
dos
orquidea
mickey16
060683
ilovescott
280789
badoo1
angel30
01021991
300685
royboy
khalifa
especial
1258963
19491949
21071992
18121985
17071986
spain1
qq12345
mclovin
411048
mojomojo
goodone
garland1
reptile1
tyson2
xzxzxz
apple9
190686
myname123
260887
01071989
17011989
alvin123
virgos
garfield2
concon
southampton
041189
14031987
4me2no
kidney
alexis9
aleman
1morgan
27061985
02061985
06061992
1sammy
jeremy7
pink19
111292
31101987
110293
fatboy13
faith11
tyler16
normandie
04081987
red100
truelove2
24121984
anyuta
bismillah786
vin
230882
29031990
21111987
250191
james33
guess123
23091988
creation1
july08
7788414
26041989
babochka
051090
Dmitriy
walkman1
graphic
aurora32
esquire
zaq123wsx
111zzz
parabola
basshunter
10021985
wybe4591
198918
111281
traci
estrelinha
felipe12
Fuckyou2
25081989
6children
nouveau
3rjs1la7qe
1116
kit
waylon
aguilar1
sept12
mahadev
monkey28
091285
chelsea14
JAMES
iii
golf18
scuola
linkinpark1
13071989
26081988
orlandobloom
katekate
12021993
klubnika
smarties1
560025
281083
poop21
cassius1
bosco123
slayer13
vidhya
300985
northern1
mark21
alladin
asshole01
stephen123
clapton1
228
chubbs1
310889
11041985
220583
pimpen1
bogus1
144144
010586
priceless
16121985
james20
ramadevi
jeepster
anonimo
9898
polar1
knives
babygurl07
21041991
04061988
16081990
nicole77
amirul
sheckler1
swift
chicago12
alpha2
joshua98
12081983
28121989
10211021
15101984
shella
010886
suisse
spock1
skippy123
kindergarten
d1amond
12021981
donomar1
198225
gitrdone
raptor700
198820
30051987
8x2h4Fddap
willow2
rosie2
08081992
rock4life
260287
hibernia
24031986
greengreen
modupe
monami
babylon1
iloveu6
kasey9
koolkool
GEMINI
kingcobra
29051986
18111986
15061991
180884
graeme
pr1nc3ss
saveme1
fatdog
02011989
gambia
paterson
berber
30101991
cookie1234
11921192
fantasia1
trotter
170690
yankees09
marlins
loveman
001974
maggie99
26121989
angel44
241282
121095
150287
220384
kfvgjxrf
tables
ashley25
17071989
5151
2526
snoopy21
natura
130491
skaters1
19071985
thriller1
15111989
oldspice
280691
blahblahbl
231083
171083
miramar
lovely8
2020fb
heather4
gunman
number17
alexis15
23081987
16061990
kerri
darkness6
leones
1593575
Einstein
03121987
tribal1
India
040789
85858585
1zxcvbn
140391
27041989
6363
tampabay1
19061989
milford
swerty
watsup
17061987
hillsong
celtic1967
hondas1
amazonas
26051986
ï¿½+ï¿½ï¿½+ï¿½ï¿½ï¿½
truand
slipknot11
daniel26
wangwang
rainbow8
010179
l3tm3in
250390
lovemama
rockout1
270786
mywife1
ryjgjxrf
170587
darrel
coco23
vampire12
potter123
cashew
55
041289
tyree1
00009999
160586
bigdog69
bailey09
jackdog
diamond08
gussie
trinitron1
camila12
password67
vfhvtkfl
07071985
revilo
sw0rdfish
munmun
kevin1234
lenore
23111992
290386
211291
calipso
amoretiamo
ronnie123
sourire
Babygirl
frenzy
ocarina
douglas2
feeder
041186
jesus2010
10051984
steffi1
@gmail.com.mx
sue123
hunter77
brasil123
bellas
dallas3
angels!
nachos1
sergeevna
230492
lolipop12
061286
140592
VERONICA
analaura
199712
stifler
panthers2
17061988
hang10
mr
elvis2
grandma12
carole1
deathstar
bhushan
zambia
tanga
sanjay123
parasite
kwabena
doreen1
emmanuel12
30051988
01091988
smartgirl
pipicaca
princess0
elloco
15011986
farhad
seanjohn
kaitlynn
shorty08
duchesse
26011987
ÐºÐ°ÐºÐ°ÑˆÐºÐ°
030392
thomas05
sexy2008
tomjerry
isaiah12
danielle5
anupam
160789
148888
argyle
emily4
temporal
05071990
shinta
calvary
contreras1
Zachary
160990
loved
chase2
zhongguo
ryan06
29121985
21111985
01081986
freshboy
getfucked
16051991
sexygirl13
21011985
sports11
myspace777
goblin1
fanta1
130482
123456me
poiuytrewq1
291283
spring12
04061984
ange
23021984
25011987
23051984
051191
bella06
loveyou8
27021992
CHARLES
23041989
millie01
11011984
doggys
21011989
121296
06071984
220482
250580
underwear1
safina
newyear1
271182
04061987
bandit7
bella21
68686868
03091987
rediska
momo11
horndog
28071988
isabella3
justme123
lamar
luvbug1
15111985
loveme18
110782
26091986
adidas3
091186
umesh
01011972
flowers5
200584
nigger4
vqsablpzla
12345678f
cookies7
300988
02071990
29071987
arsehole
Manuel
zoulou
werwerwer
100681
291291
123321m
040588
26071990
25031986
agnese
150691
01061992
johnnyboy
030787
18091986
abdullah1
1472580
love1988
apple8
password04
ADRIAN
kokoko1
dustin2
goldfish2
labyrinth
rainbow9
halifax1
grzegorz
ticktock
miumiu
football62
harman1
15011990
12111984
02091989
malandi
180191
agassi
20091990
270685
video123
libby123
400013
dancedance
23081986
chris27
blacksmith
240884
agyeman
josue
10111984
money2009
11061989
superstar!
wholesale
16111989
percival
010990
22071989
montevideo
pimpin6
lowrider13
180689
20121992
calypso1
sanjo408
lala14
justyna1
22031985
tanner11
ou812ic
vette1
suckmycock
pretty01
tayler1
perrine
210287
101179
13051992
zxcvbnmmnbvcxz
alleluia
fuckyou33
29061987
joshua20
05091987
ubuntu
15031986
mybuddy1
17051985
bracken1
coucou1
011289
160791
28031990
14041984
chico2
dolphins12
davion1
010789
e65r82kni2
malin
peaces
toodles1
jorden1
beulah
stetson
trauma
tinytim
27061990
281090
paige12
23061986
ryan08
evanescenc
yellow15
sexyboy2
260984
21121984
10091988
nintend0
Kp9v1ro7lH
polo1234
1234567654321
meow12
diablo22
1503
belair
beltran
paparoach1
berenice1
antique
25011985
football71
jhonatan
caballos
nigga4
strawberries
pipi
purpose
160591
310885
23051985
darklord1
08081990
love1212
kuba123
271084
iamfree
Chester1
020891
110693
kenobi
houston123
dogbert
28011987
tarantado
213
allied
danny21
mitchel1
jeremiah2
02121986
14071988
03051987
dakota5
18021986
02031983
malaka1
andi
ginny1
harding
kipling
danielle10
hayden01
skadden
MARIA
baddog1
negrita1
300186
candi
honda11
articolo31
bathroom1
sparkie1
topaze
dylan11
ghbdtnekmrb
zelda64
180385
turtle5
197346
q1w
iheartyou
univer
23071988
14031989
whore.
ashley89
sagesse
jessy123
JESUS1
butter5
sept20
23011987
200500
diosmio
scrubs
123123b
19371937
cri
19051985
sssssssss
hattie1
10111991
playboy21
jerry2
30041986
Ð¹Ñ†ÑƒÐºÐµÐ½Ð³ÑˆÑ‰Ð·
laura01
13071985
513513
emily!
gr33nday
janie1
11223311
bird123
awesomeness
210492
a12341234
loubna
goldeneye1
01041989
Natalie1
ramiro1
veggie
01031992
mouse12
clothes
Gabriel1
vfktymrfz
davis123
special2
040492
28081992
25021991
Marcus
170584
narciso
putain
EDWARD
281285
fucking69
theduke
demolition
granger
max007
raiders21
24091990
2wsx2wsx
261283
14071992
23031992
nascar99
395007
Harvey
nutella1
danny10
vining1
prinzessin
E
welding
170891
ilovepaul
kaffee
pimp17
bashir
jingle1
magic3
ashton123
1940
aq12ws
copycat
fortunato
lexi12
jackdaniel
haroon
brianna13
27041987
bigblack1
03041990
Google
killer44
chicka1
dupa12
77777771
cowboys!
blackberry1
yamakasi
manoj123
280387
drive
eyeshield21
300787
lavander
lacey123
hottie18
05081987
akinola
bubbles09
29121990
omolola
171182
25021992
30041988
orchids
paiste
ORANGE
230681
200691
12011989
010100
sternchen1
maxcat
28101989
02091985
280191
050583
lllll1
271287
dallascowboys
lifetec
dragonball1
joke
200284
biggles1
portakal
151083
1peace
lookout1
squall1
211183
1a2b3c4d5e6f
pimpin08
carlos16
26021987
taylor69
year2010
cendrillon
29011990
06071987
SOLEIL
554455
bandgeek1
rebelde12
playnow
michael26
allalone
mamababa
navarro1
football43
04081986
20081984
23121983
dexter11
mather
alyssa07
meandu
apocalipsis
sparky13
pass-word
16011987
140892
bla123
18111988
abba
ponchik
trilly
aqw123
16051989
rulez
mexico09
hockey30
blackwolf
17081992
tweety4
26041987
loveisgood
fucku5
1stborn
31101986
christian6
blitz
Raiders
level1
isabel12
ridwan
athletic
17021986
ramos1
imran
raihan
130483
201081
151151
marcelina
Pass12sa
shruthi
biblia
myangels
babbygirl1
pink55
20111984
121094
22041983
money44
560071
inuyasha13
osborne
asdasdas
VINCENT
tigers23
rene123
vasileva
19021985
logan11
15011991
seadog
change12
music6
luke1234
thebitch
pleomax
blackstone
alakazam
guru
150483
8602229096klo
silver5
mexico8
13041986
sonja
tania123
vadim1
ihatelife
hottie1234
lachlan1
marieta
1marie
061189
12431243
fool
radheradhe
mafia2
dancer21
tayl0r
16011990
toonces
blueberry2
246813
05101988
mama21
270483
whatitdo1
199199
130184
teehee
crow
abby01
football92
Russell
ttt123
17071992
14011988
1blessed
gun
25061988
199123
310583
ilove22
101990
justinbeib
301290
19031983
fotboll
mylove4
metallica3
cookies11
filip1
310185
katyperry
170284
240886
221081
191989
flakita
101979
gwapito
vitalina
speedway1
nightmare2
985985
pusspuss
29101985
180883
iloveyoumo
bethoven
160584
161185
endless1
270286
aisling
landen1
250289
270591
28031986
evans
56785678
felixx
1redhead
dfkthbq
final7
lafouine
femmes
superman99
shiznit
tina1234
lavanda
240692
sunshine99
wangjian
qwer789
dinheiro
iforgotit
christoph1
asdasd123123
241280
sasha2003
alamakota
01021982
miyvarxar
bayside1
hardc0re
tnt123
h1992iding
wwewwe1
ab
280285
Sarah
audioslave
jordan33
andron
mariobros
lisamarie1
cali12
faith56
180784
281284
koko12
samba
tyler1234
redwine1
super13
catdog11
bestbuy1
mollygirl
211083
version1
sexycani1
vtuf36jhufpv
skylinegtr
brianna01
onegod
260487
230680
300786
france98
fordgt40
june05
bears34
041290
poop666
declan1
199090
cupcake5
25121983
ashley02
mummys
Tiger
bubba10
Dragon1
25051983
orangina
mnbvcxz12
gordito1
corine
horses13
reggie31
jj12345
falling1
samuray
starwars!
bembem
1234567as
michelle24
warfare
130991
guardian101
littlemiss
poppydog
kobe23
14031986
260985
basebal1
loser45
thing2
anneke
040990
120693
tolkien1
song
210183
avefenix
031291
12031984
norwich1
lor
sunnie
soldado
tink01
260886
ghana1
ghost12
korean1
reggina
cookie16
kinder1
110982
124578a
28031989
fireflies
280190
323046
nathan8
ochoa1
ball23
23071989
dennis2
iluvu12
11051992
tasty1
19101985
europe1
pride
panther7
melnik
leonleon
march08
spierdalaj
reckless1
jailbird
kl123456
northwest1
alyssa08
28071991
geraldo
dadmom1
oscar10
19101984
121975
happyone
31011987
sirisha
181091
band
21111990
cordell1
14011986
maggie14
23011986
live4life
dallas9
napoli1926
fireworks1
13091990
111083
310887
1johnny
dabomb1
300890
181291
041085
200483
atchoum
Golden
08081984
stella2
190889
101177
22021983
yjdbrjdf
fashion101
200384
11011985
11091992
lisa69
08021987
020672
danny23
othello1
chevy4x4
scooby22
10011983
654321b
dakota22
fercho
nacho123
men
gosia1
hektor
18041984
fly
1406
12091985
05071988
widescreen
jacky123
13051989
gr8ful
millonarios
steiner
19011990
steven14
click
jamie13
micaela1
maxman
katie7
redlight
softball19
alexander.
mohawk1
ï¿½ï¿½ï¿½ï¿½ï¿½ï¿½ï¿½ï¿½ï¿½ï¿½ï¿½
almighty5
courtney3
catalunya
hershey2
tigers5
diavolo
marat
180485
05071991
Password1234
28041986
jobs4me
emmajane
18041988
godfather2
contact1
020283
24111988
penelopa
4321rewq
03011987
miranda12
elliemay
jessie3
family22
bunny3
inlove123
labello
money00
290991
alex26
280484
25091985
sexy56
cimbom1905
29111991
28061990
sunshine25
23071987
qweasz
110482
njhygtfTB567
080884
28121984
calendario
28081988
130782
rfhfrfnbwf
satori
asshole8
clementina
210580
7272
destiny09
christ12
400052
jasmin3
1234567x
100782
orchid1
16101992
241092
ÑÐµÑ€Ð³ÐµÐ¹
22121982
happy09
apples22
wolverin
19071986
lovers7
13111991
frenchy1
siddiqui
inuyasha!
231292
hollow1
220492
100183
Y
diva09
shane2
sasha01
Metallica1
smash1
ty1234
agape1
moss84
021282
xj453CxDXQ
bonner
dumass1
bloodline
01091984
04071986
28041989
190487
170385
fruitloop1
daddyo1
flyguy1
donner
mayra
1902
20011992
seniors07
javier13
270585
terry26
cortes
01091990
300584
tooter
41414141
1bowwow
yoville1
jumpman
dapper
26101991
guitarist
devilish
vero123
tasha2
pal
logical
101075
Galina
270886
160781
everyone
yankees24
springs
kaykay123
loveme15
pretty21
elegant
mother22
Monster1
061188
darkness13
thematrix1
25121984
107107
010178
barbara123
29121989
space12
230983
loveno1
123456789!
170183
06031987
forgetful
255225
01121987
houston3
200984
aezakmi123
mmklub
fortuna1
rico123
shadowman
05051984
shaikh
13101985
lissette
exclusive1
411037
koolkat1
stepanov
24101984
wateva
tryagain1
fahrenheit
22071992
gv5235523532
100982
jake21
123abc!
190386
lausanne
190390
131081
250682
hon
jumbo1
271283
skittle
juggalo666
Timothy
loveisblind
12hat93
30101989
02011985
bee
311083
monkey03
02041984
200583
qwqw1212
themaster1
pinkish
100581
seahorse1
hubbard
123456abcdef
maranello
dynamic1
g00dPa$$w0rD
barlow
310390
24021988
310588m
taylor24
alexis8
panther3
beasley
turkey2
js1234
annina
debbie123
music40
antonio11
15101989
1a23456
qwertyu12
050889
1478963250
241080
120781
sephora
13021988
22121984
anna1987
stone123
password!!
010987
kimber45
wolves12
russel1
iceman123
sharon12
ferdie
skooter
logitech123
money.
poohbear10
asimov
230992
sand
tiger45
mission123
johnson12
secret22
24081990
horseshoe
puppy11
juicyfruit
1booger
tuppence
megan3
29051989
13081990
desant
autobus
hunter98
270683
26121991
manusia
masterp1
22041985
p3rat54797
who
crips
sexylady12
123123k
pacopaco
03041985
juliano
24061991
redstone
909909
solid1
301091
bigshow1
morrissey1
vovochka
FERRARI
12181218
miguelito1
13031984
rockon12
mtndew
150593
metalcore
nokia6131
30091987
codeman
080898
16051986
17081990
virus123
robert8
190187
020889
051085
10z10z
purple20
mouhamed
noviembre1
02021981
bingos
nathan02
nemo12
110992
12011986
magpie1
architect1
naruto8
noah12
131283
070988
n1cholas
atilla
oluwakemi
26121985
urban1
061184
CAROLINA
24011987
zombies1
28051988
Buddy1
28061989
hellsbells
05101987
blueeyes2
hotguy1
12021984
071289
zxc5555
shelby3
26101990
kisser
27031987
hotass1
yesyesyes
27101992
123z123
raju
iforget1
snapon1
14111988
granite1
pau
lililili
teresa12
lifesux1
270485
18031986
hayden12
14071985
041090
24071991
amanda88
qweszxc
221180
freedom8
ski
gummybears
devious1
jayden10
cameron8
surveyor
carrasco
altavista
25522552
30091986
lemah
bading
31031990
marie19
09092009
wesley123
cascade1
546546
31031989
julchen
030288
tycoon1
161181
gold12
A1B2C3
13081986
benedicte
puta123
shy123
9875321
tundra1
kola
16071985
24121981
27111989
trash
taylor98
19081989
g86ua5qsn5
millions1
oneill
24061985
14041993
babygirl98
220283
godess
bigboy10
stunna
Parker
240290
16041986
monarch1
27051991
180491
150682
flowerpot
18091992
a101010
ilovegod7
11051985
pinto
16061985
170383
318318
246810a
emperor1
08091988
13051990
140691
getmoney7
sarkar
rororo
peace2u
lawson1
danman
1233456
soulja
nickel1
090688
412412
25061990
14091989
120677
crystal11
goodgod1
scampi
241191
laurence1
16091987
champagne1
101277
200785
takahiro
gasolina
260389
25021985
197912
100992
20011991
megaman2
tiff123
24051985
fucking123
Adrian
keshav
tat
basket23
filipp
ajajaj
tenshi
chuchu1
ilovejoey
lemontree
baerchen
bakugan1
23021993
16051990
kevin08
bomba
monkey94
gingin
bicycle1
171084
28041991
torrente
03021987
fuckoff6
abhi
loving123
16011986
1920
22091990
skinhead88
nathan04
badboy01
l0vers
maxpower1
291082
280483
16041992
101296
lifesucks2
batman88
lilyrose
157953
159753z
iloveu21
sweetcheeks
23322332
21091988
playboy5
tigger9
180787
winnie12
19111990
skysky
27071992
baboune
pooh16
blackstar1
hottopic1
peppy1
year2000
greenfield
iloveme22
04061986
26051988
killyou1
fartface1
martin22
887766
tyler99
pass123456
110893
kitten13
amber15
vfcmrf
haircut1
221080
250982
speed2
280186
23091990
karen13
spark
movie1
staci
apple!
28041990
dragon45
jackass5
020489
26031986
25031992
password-1
truong
20051983
raiders69
allday1
1307
k43a5vZtoX
password84
buchanan
iphone3gs
canelo
998899
monopoli
government
matros
qwqwqw12
05081989
181084
greenday11
0204
fuckit12
250783
anirudh
adewunmi
soap
allright
lukasek
windex
roudoudou
111280
fabian123
toyotamr2
15081984
Markus
01041984
chickie
maria18
m11111
darek
sieben
231079
dreamcast1
autumn12
1redrose
03101988
hemalatha
17121992
dragao
sojdlg123aljg
arquitectura
sprinkles1
22111984
amit1234
kalamazoo
jacob07
bomberman
12111988
kaykay12
techdeck
11love
navy
gladiatore
e10adc3949ba59abbe56
600010
chadwick1
04091986
04071990
cheese10
28071986
chessie1
lovers11
football90
06021988
nope
golfpro
260585
231986
delarosa
270888
spring01
19091992
passw
011288
Ñ‚Ð°Ñ‚ÑŒÑÐ½Ð°
arselect
foxyroxy
badgurl
2711
niceone
rubyred1
27121988
27021985
yamina
shammy
1trinity
cutie#1
saturn5
infosys
VALENTINA
Amsterdam
cannes
12011201
coimbatore
amber22
10031983
ines
vfhbfyyf
v1234567
07021987
popper1
oscar5
godisgr8
mybabies3
tuffy
snehal
corina1
derder
spring11
orlando12
courtney7
180390
honey6
realdeal
Ð¯
raiders#1
kellyann
20021992
11101984
tupacshakur
loser9
ronnie12
100693
blackhorse
magnavox
03041988
sarajevo1
18051991
nicole33
mylove23
balogun
241180
chaingang
02061992
58666z
eliott
alex97
280189
29121988
concha
HONEY
andrew25
pizzapizza
patito1
302001
17111988
07081985
30111988
051187
shit1234
22021984
munchies
4yfb2S753C
24011989
180882
bestbuy
normal1
270387
agent1
20081992
sagar
maggie09
killkill1
celestina
ktyxbr
260186
17011988
2smart4u
matty123
jessica99
flintstone
luckey1
28021989
fuzzy123
summers1
ï¿½
28061988
1234555
alena1
timothy123
marshmallow
20111988
siamese
jackets
030887
ceecee
06031990
180790
mommysgirl
22121983
150782
140384
16021991
240582
loxlox
322322
10031985
montpellier
20011984
pitbulls
270686
mara13
19081985
31071985
bunbury
240491
anasofia
332233
02061984
140485
leann1
100983
211191
confidential
010509
22111988
sexymami1
heaven3
seagate
181190
exodia
osman
23111985
1qaz0okm
therapy1
10101995
110880
Precious
masamune1
estelle1
041285
hihi12
escada
mccartney
ardilla
plant
040687
mignon
290787
jamies
200784
290888
22031992
recruiter
&#2354189:
saywhat1
211212
bub
121276
110183
lovers.
bobbobbob
dima2010
010177
flirt1
090388
247247
ester
pokwang
mailmail
gabriel11
rambo2
7788
topnotch1
3daughters
alex2539
999555
hullcity
20051984
goldstar1
camcam1
salado
31081988
secret13
auralog
220580
160386
10081993
edu2008
blood55
austin15
rose21
ingeborg
nbvfnb
120380
1901
jason1234
chester3
30101984
6Exe3Za97v
741963852
skippy12
legends1
grandam1
liarliar
raheem1
121995
110112
220581
rachel69
AAAAAAAA
rascal123
160692
240191
14121983
cutiepie!
230192
sexy31
birdy1
190583
10301030
13111989
paolo1
wg8e3wjf
lizzie12
pastrana
recon1
110680
bullit
macmac1
31011985
monkey93
02031985
John7502gee
191190
15091988
twilight01
06031986
azsxdc1
sassas
08091989
Stephen
jacks1
rubyruby
290187
richard11
101096
150283
livingston
artur123
vicecity1
04121987
121078
babygurl22
smith22
iloveu69
reyrey619
400049
30101988
icecream11
250387
230691
inkognito
tiger55
cronic
27111986
101991
2301
kimbum1
odyssey1
220784
120594
America1
fucklove!
16011991
abbygirl
alexis04
17011990
110064
tinker7
tw33ty
ufyljy
guildwars1
18011988
chaparro
yahooyahoo
cccccccccc
88002000600
darek1
lollies
whatisthis
lazio1900
catita
110980
iloveyou55
290983
130581
23091985
hellcat
swift1
lancelot1
london08
rolex1
eduardo12
13021992
17081989
getmoney23
18071988
Marlboro
jackson13
171282
18071990
lovepussy
jade1234
190684
love..
bubbles6
yana123
12051993
sampaguita
dasilva
20071984
110595
260890
tyler9
pratama
123412345
01031994
jrock1
toshiba123
trilogy
ymhPnmJ733
atybrc
200286
eve123
160384
gio
ishmael
pretty23
miguel01
asparagus
235711
marie69
buddy!
sasha777
johnpaul1
luv4life
180881
020386
matthew24
colossus
nikki5
adejimi1
giuseppe1
loren1
211292
22091989
270385
money777
21011990
sharpay
ngentot
cherry16
spaniel
talon1
cirrus
yxcvbn
01071991
bannono8
nothing12
panda11
upyours1
kelsey13
officer1
30121992
Jason
280685
bbking
minnie3
subhanallah
300790
matthew18
28041988
usuck2
mariposa12
01091991
texas3
20101982
airhead1
26101986
ok
cheeto1
billy5
x0x0x0
blitz1
25121992
a456789
160784
tiger24
calvin12
monkeynuts
260583
nastyanastya
061187
161280
kuldeep
100792
kids02
xtvgbjy
18021993
bullwinkle
111973
rebel2
moss81
zxcvbnm11
140683
191085
233233
25091988
Stefan
july05
monique3
blue321
live123
nafnaf
waco254
140991
150189
2207
270792
crush1
honeyq
kourtney
19081992
10051992
01love
190991
scarface7
100381
texas22
090992
acdc12
sawsaw
sept15
121272
cel
pizza13
danielle4
031085
24051987
gumby
daniele1
seabass
260491
caracola
greenland
hunter17
120477
27111990
17031985
serpiente
bunso
iloveyou44
250884
250791
10151015
daniels1
spencer12
asdfghj123
14111990
sunshine18
1133
071288
250283
michael89
hasan123
madyson
certified1
300188
shelter
skyline123
17081987
rasheed1
260682
surfboard
180880
rewind
1Ð¹2Ñ†3Ñƒ4Ðº
constanta
emilyrose
27031992
2kittens
240891
01041992
280985
240984
09091984
03051989
iamtheman1
boston5
248248
bat123
benladen
brandon24
24121992
15041985
290890
harrier
helphelp
17061985
dumbo1
das123
pharmacist
160185
mexicana
30051986
keens_1
Fktrctq
firedragon
Ð¼Ð°Ð»Ñ‹ÑˆÐºÐ°
slapper
445544
221280
poodles
jurgen
ilovejeff
salman123
lovely14
sexy666
hootie1
14021983
majiajun8888
patches12
redtruck
chatterbox
b1b2b3
wheels1
watsup1
14091988
angela13
pipper
offroad
15021986
198724
olympiakos
200391
buenosaires
520000
131091
190886
amira1
trails
050190
brooklyn11
marie93
flowers!
scumbag
denmark1
130982
260584
27031991
03121990
123e456
onepiece1
051087
dionne1
210192
saddle
15061984
diesel123
13211321
germain
hao123456
150791
04051989
football29
050787
partytime1
19101992
110481
day123
240483
sh0rty
110792
sept21
nowayout
triston
nando1
190685
26091991
241181
rock23
071189
14031985
nicole04
230980
061291
basilio
kitty21
this
10071984
zzzz1111
pussylicker
31051985
loving2
lovergurl1
coltrane1
070785
adidas13
abuelo
manage
67chevy
tiktak
28051992
davey
bruxelles
aaron7
myspace66
not4u2c
blinks
26021986
290485
emo4ever
251181
honda22
amber21
woodpecker
150985
111a111
Vampire
southside5
400022
orion123
carros
equityDev
030788
maxwell12
30051991
14041991
paperina
jonathan23
restaurant
11121992
rooroo
babyboy21
100580
140884
020291
opera
11011988
18051992
101099
07071982
buddy21
amber16
supernatur
ludwig1
blondie123
julia2
blanket1
bmw330
habitat
123456dd
pony123
010010
bear69
hartford
vasilica
winnie123
levis501
butterscotch
guadalajar
20111990
breath
08081989
070777
200486
dumbo
bethan
britneyspears
james99
nesha1
kickers
rock22
surgeon
heather13
shelly123
freakshow1
tattoo2
280192
kosova123
lavidaesbella
111115
blueyes
nacional1
pisello
blazin1
10081992
loverboy69
june03
280880
solyluna
tickets
010385
bestman
nikki23
george21
19011991
190387
william14
poopies1
baby66
swindon
01021983
nokian97
creamy1
pebbles123
james05
sports3
divinity
18011990
fields
13456789
17031993
nada
2good4you
swoosh
181284
05031989
forreal
berlioz
Maxwell1
280787
hockey09
wilbert
1hustler
250782
niners1
nicholas10
300885
130579
amari1
gat
2203
strega
fktyjxrf
thick1
260285
cat101
boogie2
steveo1
gotika
jaden123
*********
muslimah
waldo
04081988
catolica
wassermann
160482
040886
look123
kissass
010887
22021993
19011988
sandip
09071987
14021402
andrea15
kitcat
1qwertyuiop
7532159
lowell1
010483
110282
buck12
15061992
16091991
franny1
azeqsd
8vfhnf
12071983
300383
cervantes1
hanhan
melone
insanity1
230982
31081987
janae1
angwar77
kitty1234
5432154321
.....
27101988
donsun123
samantha.
football68
texas23
tootsie2
jayshree
batgirl
sept18
20042005
superdog
david20
28061986
151082
24021987
18031991
200190
sebas
password321
7uqbwx8N4Z
honda2000
30111987
brett123
emily6
marky1
cutiegirl
barbos
reyrey1
31101985
020382
nikkie1
281183
gunsmoke
logan3
erica12
02121987
music69
kingman
09071990
17011987
google4
a12321
nor
19081986
melissa4
131986
taylor00
Ronaldo7
17051989
lam
tommie1
190691
july06
leander
diddy1
261081
jade01
matata
dredre1
21111989
03051985
29051985
takuya
fuck1you
06061984
inuyasha11
29101992
lili12
jeremy23
qweasdyxc
antoha
helloyou1
22091986
290684
lilsis1
bree123
240983
23101983
020484
198606
19031986
pinecone
231281
method1
101278
august07
270482
deinemudda
sunil123
07041987
dental1
motherland
classified
kappa1
Abigail
green19
20071985
Pass
avensis
elocin
nb
04061990
triangle1
frogman1
saruman
ï¿½+ï¿½ï¿½ï¿½ï¿½ï¿½+ï¿½ï¿½ï¿½ï¿½ï¿½+ï¿½ï¿½ï¿½ï¿½
blunts420
17051984
redstar1
install
m00m00
07081991
cupid
1dickhead
111178
1derful
HuF7dkGd
27041991
dentista
metalica1
pooface1
mabelle
kinky69
MIGUEL
sunbird
dancer10
sho
30061989
14251425
blue26
ripper6
rosie12
Ð¹Ñ†ÑƒÐºÐµÐ½Ð³ÑˆÑ‰Ð·Ñ…ÑŠ
volvos80
kevin16
rossignol
251081
123z321
DESTINY
swagg1
150681
310886
170886
simone12
shaggy69
starstar1
13071992
fatdaddy1
&#2354189;
nygiants1
171283
230483
lollo
damascus
nicolas2
03051988
kamasutra1
mamasboy1
140681
freddy2
Lineage2
10111982
jeannette1
14091991
Rangers
s1s2s3s4
250182
A12345678
bassist
290584
dance7
jess13
03041989
04071985
badooo
james88
black24
dennis01
orleans
05021985
fottiti
051184
27111987
ash1234
softball25
apples01
Fuckyou1
QWERTY123
ade123
football63
malabar
ten
ilikepie12
25121982
13011986
012369
cody14
marcus3
forgive1
24gordon
11051986
girlgirl
alinaalina
25111988
marmota
letmein01
lovely10
giotto
nanna1
271191
lyndsey1
florencia1
2122
010485
17011991
300991
ktm250
simona1
carlos.
atreides
554466
america100
london09
thekids
jeanclaude
hondacity
medecine
paulus
anthony20
11081985
moctar
maroc
150192
070688
greg12
marianna1
alex55
01041993
19061985
220880
bayside
28101992
1welcome
16021986
bilal
choupi
010785
gaga123
babygurl4
love83
16071991
369741
Dominik
molly22
123456789R
191184
29081987
klara
matrix3
demetrio
nakata
19031989
metallica.
katie4
baseball77
starwars7
kazuki
football93
120894
lothar
beyourself
VHBtH55jec
gato123
fozzie
01012007
connor10
jobless
dylan5
miespacio1
ZRSzd9p238
pink92
was
300491
17121983
24101985
220782
rascal12
10021002
240584
allana
11111982
Shelby
integrity1
ukflbjkec
bugbug
kiara123
seasons
rjpzdrf
boeing777
babypink
smokey5
14151415
111992
97531
lion12
inday
230592
fairfield
bunny5
emily07
090890
jorgeluis
NOVEMBER
piotr1
cleaner
199414
180591
24111986
spikes1
654321z
pooh01
161281
15121991
diana2
261291
291084
800000
29091986
bioshock
bitch20
michelangelo
reina1
02031990
21111988
mydarling
june123
rockport
neworder
310582
badminton1
29041990
1245780
nicetry
kfgekz
tea4two
momo1234
a123456z
201280
loko123
Scotland
elmer1
mikevick7
kuttan
bornagain
vidaloca
tar
26111987
18111989
spamspam
dino12
19051984
spooky13
thebig1
169169
pokey
27121987
120878
analucia
romans1
lucky1234
19944991
060891
gamer4life
toontown
270384
FERNANDO
remedy
27031989
130192
scooter01
beasty
666hell
28081987
mustang!
freezer
tiffany11
thebomb
20011983
190790
19111984
mike420
friendster1
player101
hahaha.
18041985
simple2
heller
symone1
220781
19061992
frozen1
brandon05
198725
mojo123
29101988
mysp4c3
1billion
120779
tommys
23071992
19041987
murillo
ziomal
franki
arctic
vasya
121298
070590
goldgold
rapture1
05031988
zanetti
chukwuma
140482
12081984
bcnjhbz
aracely
03081987
morgan6
123498765
micheal123
06041987
bigsis1
giants56
fuck!!
1705
grandma7
muffin3
she123
290490
24111992
071187
iop890
friends09
130182
waterh2o
1712
salsabila
100393
jackie7
180988
elmo11
homo
flippy
gabriel5
dima1234
italiana
diet
290785
09041986
adedayo
carling1
280792
agnes1
zH8o9ly3gI
marusa
papagaio
25021989
05021987
shadow25
shannen
10041983
030488
230282
19031992
20111989
120494
31071990
aaa555
benito1
mitica
rucaxefu
pepe12
080585
25071984
190389
division
asd123qwe
password97
poopie12
jolanda
041086
040887
rumble
11071984
014702580369
1hahaha
17031990
diamante1
canterbury
honzik
vanessa10
200786
11031103
05051993
bannana
cornholio
151092
cuntface
murielle
jhenny
gitana
thumper2
halo11
morgan21
scoobydo
cookie24
110901
nehemiah
password.1
21071991
tortuga1
jake99
nanita
13071986
aravind
happy100
andria
27021988
210783
chuchay
laker1
jason08
2469
Welcome01
wishmaster
faith07
lucky09
starla
duane1
220592
money45
221093
02041983
boom12
13081985
satanic
giovana
lolo1234
talking
benjamin3
elevator
200883
jigga
donnell1
angel66
dflbvrf
001975
rikimaru
taylorlaut
brook
mixail
200282
august06
18081992
bagpuss1
pinball1
shield
18071986
thecrow1
softball33
kopa1961
deathwish
complicate
120495
pallone
amanda8
copacabana
040686
mature
freestyler
030692
texas01
red666
bisexual1
rajesh123
25111990
040587
22071990
030586
friends22
18031985
shanti1
19081987
hummer3
061087
soares
samsung22
katie!
919293
red111
surya
jennifer.
pomona
290783
hawkeyes1
hersheys
Marvin
vanbasten
idontknow!
ily143
domani
andrew20
single13
baseball55
quintin
2apples
football98
030889
babyboy14
prince13
050685
saab93
sanluis
21051992
ikaika
starchild
cookie99
15051981
141092
270582
01121989
john12345
120478
password_Rr
musika
adamant
usa12345
31121983
can123
18101992
tigers21
batman24
sevenfold
rfghbp
spirit123
1346795
labelle
joyce123
serhat
bratislava
scarface3
cornelius1
shadow06
020786
01061985
gibson123
connect4
harrys
160385
buggie
rocco123
lilboosie1
nathan14
w1959a
22011985
140785
licorne
ranjit
optic99
class1
23031983
silvano
ophelia1
01071992
22122212
buck123
anjink
QQQQQQ
roselle
951623
98mustang
EMAILONLY
spanner1
tazzy1
123123qweqwe
hayhay
lefty
djeter2
tinker5
lionne
commons21
maisie1
2404
321000
tiddles
bowie1
09051986
sexy123456
18041986
250483
206206
414243
08121987
holanda
ladygirl
pimpin4
28031987
disney01
asdfasdf12
heyjude
18091984
tylerj
5girls
1icecream
anthony03
25011989
sarahh
mustang09
tokyo1
perrita
ï¿½ï¿½ï¿½ï¿½ï¿½ï¿½+ï¿½+
098
01051989
cliff1
babamama
pilates
padfoot
rockroll
210692
030585
aspirine1
08061988
thaddeus
260286
thesimpsons
chair1
rafael12
snoopy23
jenny23
daisy10
alex91
lala01
031190
18041989
sluggo
lolipop0
08031985
twinkies
chilli1
060696
distance
giovani
jenny3
31081991
030384
5alive
200202
5fingers
british1
California
nini123
caligirl1
matthew99
enchanted
snowbunny1
masha1
1dakota
memyself1
13071984
4grandkids
nikita1998
amarachi
party12
walker12
pinewood
23011992
16071988
wiseguy
true
25071988
danny69
travis11
sean11
1andrea
nokia6230i
greentree
110055
1508
12041993
cutecute
220582
standart
kristoffer
domination
lovepink1
jean12
280391
starwars5
redneck123
antichrist
123589
18031992
1brooklyn
egypte
kroshka
sarah21
bullet123
19391945
babydoll12
sherrie
rebel01
milena1
14121984
kibbles
31081986
shiva123
311084
juve
nirvana!
kylie123
ï¿½ï¿½ï¿½ï¿½ï¿½ï¿½ï¿½ï¿½ï¿½ï¿½
28021987
shakur1
freelander
palestra
pamela12
280187
dimitris
cigarette
01031983
150784
kolokolo
0606
parent
qwasyx
pashka
1234567809
joseph09
marvin12
sarahb
pulpfiction
tyrant
kot
skidrow
babygurl23
prizrak
Andrew1
01101985
longboard
hatebreed1
1234zxc
marcie
picsou
ceecee1
1234er
break
monolit
pfhfpf
123kids
whatever123
carcar1
ilovehim7
mike12345
nazareno
11111981
181292
innuendo
klokan
shady123
budlight12
sirenita
rebelde2
16031991
martin21
carlos19
booty69
loveya!
excelsior
silvietta
05051982
02071982
171291
25101983
smokes1
190489
thomas9
loko13
23121992
ositos
09041990
kitana
Peter
trueblue1
hellome1
madison03
170384
jenny5
070887
horseman
23111986
hello33
4mylove
18061992
Test1234
08150815
160685
290686
270684
fermer
24121985
01071984
12061206
brooke10
monkey96
cameltoe
120793
15061986
07051990
dblock
DOUDOU
061086
farting
salim
fishstick1
bailey21
mollys
morphine
maryjane!
swifty
luisangel
haley12
toby01
chicos
11021984
strongbow
mybaby123
021292
160188
140784
FRIENDSTER
allfor1
sweet19
marcell
260681
29101986
brandon19
261091
villa123
030785
202202
hotboy123
24111990
khulet
puppies3
291089
jimbo123
truffle
t-pain
03011991
080390
04081990
07831505
ninini
bunny69
123423
03031985
marin
tumama
Laura
estrella2
chair
monkee
11031984
savanah
1qasw23ed
yungmoney1
robert25
sabotage
kissing1
adam22
gismo
1324354657
21011992
153351
raining
kali
kbnthfnehf
sweetbaby1
sugarpie
151080
deedee2
20041984
nicole95
uniden
killa13
bubba22
rosary
fifa2000
japan123
dianna1
03071990
30011986
baseball03
volkswagon
220681
FRI3Q9arjg
potatoes1
rome
jakarta10
654312
14111984
bluecat
fatboy01
katasandi
121005
sham123
200383
voltron
22101989
05031990
220792
dipset23
a77777
myspace321
courtney!
werty12
nessuno
Speedy
2306
110187
050886
neng2000
080883
tiger007
17041988
purple26
baltika
schweden
31081989
casper22
fart12
31051989
goober2
heaven07
6letters
251082
assasin1
Hiuyt75f
da1nonly
one2one
metals
bigdick2
amidamaru
wilber
marques1
rams
safari1
nasir1
220382
260791
christmas0
asdfas
burnley
reznor
05051983
masaki
cartel
nightwing
king12345
400708
brittany5
jamie11
ebony123
royale
20101993
newyork!
lolz123
f15eagle
1664
Lindsay
enamorado
powpow
110780
nigga7
pepper99
josh17
moosey
20121984
lauren6
hejsan1
warcraft12
reunion974
08031986
20071992
210582
ghbynth
francois1
030385
MORGAN
fucker7
hacker12
11031992
clean1
toohot
biking
dogwood1
fucktard1
vans12
12345678o
74747474
skyline2
valentino46
26061992
kayley
15061989
cvetok
circle1
ilovemylif
6669
worldwide1
26011991
050786
htown1
altima1
bigbass
carolina23
glock19
sczouvie26
stronza
151280
myles1
margo1
travieso
20041992
1804
16051985
teaching
apteka
faggot!
mano
winter05
animes
5bt2jtzTKE
dani1234
jackets1
19021986
22558800
muffin13
jakedog1
240681
091090
minnie01
r3m3mb3r
28031988
calamar
liberty2
martin7
abbey123
161284
180289
03071988
steelers09
thomas24
woodland1
princessa1
ZwJBVHy184
18041992
071190
18081986
magnus1
polska11
seun20
schatje
skittles7
root123
austin03
050582
darkmaster
babygirl0
6565
farscape1
charlott
24011990
16121992
deirdre
iloveyou32
74a82s78
nokia5228
king88
stars5
reggie123
badboy22
15111991
Florence
mueller
190984
January
allycat
22101982
skumar
31071987
wojtek1
SCORPION
25071990
3214789
efrain
140792
lovekiss
270391
spring06
29081986
Legolas
kronos1
warcraft123
05011987
feefee
oiseau
teresa123
jamesd
130692
tootoo
daz3d
26081986
300682
221079
joseph6
eminem!
prettylady
belles
21041985
geografia
01051991
pitbull123
25031989
30101990
090545
playboy23
darthmaul
19071983
adrianne
break1
300393
AUSTIN
kane12
retro
emeraude
1playa
20061992
230291
COOKIE
sakarya54
familia123
150491
bianchi
141987
25071986
chaves
08051990
modernwarfare2
babyboy6
delaware1
15041992
caligirl
12031983
1spirit
4j9r4rnTtP
27051990
single11
march03
24031989
thrasher1
14101990
170991
ï¿½ï¿½ï¿½ï¿½ï¿½ï¿½ï¿½
12111992
198327
20011990
khadijah
computer9
palmira
ginger23
mahmud
b0ll0cks
marcinek
040586
ginger21
luscious
mike99
chikita1
deniz
05021992
26051991
kaizer
fallon1
shreyas
mannie
010885
123456789zx
130392
051183
201180
dragon08
260289
polkadot1
oleg123
rahasia123
11091984
trogdor
drywall
nezabudka
19121912
260191
061282
230580
sweetest
sexo123
121000
rastas
05041988
godislove7
m000000
091289
17101984
scully1
wes123
nathan99
29121992
adriana123
change2
jordan96
14051986
greatness1
12081993
jets
30011987
baseball31
vyacheslav
5jN16uxpiD
ganapathi
my1234
030883
listopad
gather
kellykelly
stabilo
rama
destiney
ckiue73jp
karen2
jenny14
123blue
160887
11011101
almudena
16071992
199211
winkie
22011990
buzzard1
sk8er
060987
maarten
parvathi
100297
adelaide1
dallas07
250581
babygirl33
280385
mufasa1
05121990
wwefan1
amber10
28081986
1E
15091985
santina
86402241
baybee1
boyssuck1
xxxxxxxxx
cameron06
yankees25
Success
privetik
2143658709
tweety06
kruemel
danie1
ginebra
matkhau
before
twinky
18061986
chan
juan11
200683
030489
290489
1478523
181183
gjpbnbd
123bob
naruto.
panther5
11071992
002200
19071994
thunder13
Bajaonel12
77777a
prince10
666xxx
eddie3
03021989
28031985
cornel
lettuce
sexy90
beautiful5
sausages1
170691
cheerleading
20100728
pizza!
coolio12
duh123
alyson1
martinez12
mit
aniram
1502
ilovemyboy
26051989
dancer09
kirkwood
sexy93
060991
180286
crabby
star44
24091988
ilovehim13
baseball30
1111111111111
wingman1
boracay
010986
identity
stalker123
301284
27111984
080590
150981
06081990
070690
27041986
asecret
antonova
poppie1
chico13
nailpolish
superstar5
2403
calamity
10091992
closed
zealot
01101990
jacob08
07021990
haters123
191284
mark10
270186
chinyere
191189
johnny6
evgesha
02031982
hughes1
danuta
alhamdulillah
nmnmnm
macky
030379
janessa
boyscout
010391
dinamo1
juneau
jessica25
28111988
cecil
ï¿½ï¿½ï¿½ï¿½ï¿½ï¿½ï¿½ï¿½ï¿½
050490
melissa8
150980
snuffy1
22061984
sunnyd
cottage1
lauren.
310192
tokio1
elmo1234
7575
grady1
ALEJANDRO
13021985
harley883
football57
familyguy2
09121987
26101992
danielle22
gajanan
#1mommy
petersen
17031988
eee
iamsocool
bartman1
piero
liliput
123rrr
irakli
happy2009
29011991
02121991
chiquis
100879
08031987
Eagles
gloire
creed
1234pass
afonso
click1
Connor
18051986
15011989
weronika1
panther12
131001
021290
beautiful4
elnene
heather21
thomas1234
lacrosse2
sz9kqcctwy
808808
lila
marine12
031087
charmed123
itsallgood
gangstar1
ilovejoey1
baller25
Success1
85bears
mensah
1lilmama
ggg123
lilshorty1
adeline1
honda400ex
green07
trey12
lovers13
keaton1
erick1234
051083
sweetie7
amanda20
alkaline3
luna13
xiaoyu
15061983
june2007
271085
ZLEnK77nge
sport123
pink93
420bitch
120596
zaq1@wsx
13261326
21091986
morgan23
22021994
28462846
31081990
24051986
28091991
sheepdog
dfcbkmtd
789456q
barnsley
06021987
nov
peace.
190486
130880
superfreak
Margaret
300789
198702
sarah23
slipknot.
124578369
103
soccer#1
babyboy10
asdasdasd123
170391
nic123
15021984
loopy
smile23
19021989
5q2w3e4r5t
blanche1
jason14
loser15
290683
randolph1
finally1
music14
hs
sto
21081992
yamaha22
12041983
1,00002E+14
yamaha450
monkey98
tiscali
angel86
kodak1
kitten!
55555f
120182
19955991
121974
1236541
20041993
261282
010386
jessem1
itsmine
240680
qwertz12
iluvu4ever
190189
tempesta
09121986
puffer
sevastopol
batista123
andrei123
maeva
singh1
viridiana
150393
26111991
Fuckyou
florida08
destin1
15071992
bball44
dkflbvbhjdbx
12111989
20202
sadiemae
nights
brownie123
killer90
crash123
2509
nikki22
1whore
lollipop9
kankan
bastian1
yoyoyo!
123456789qwer
defence
suckit12
dickweed
shishi
24071992
midwest1
161182
Harrison
30091988
27101990
homes
198402
logmein
elshaddai
nike1234
121178
bluesclues
anna2000
rebellion
jansport
111179
michael02
2302
kappa
nester
1forall
060588
mollyb
1a2s3d4f5g6h
boxers1
260784
110281
mayuri
141080
pericles
ballin101
13081984
julio12
210581
14011989
gemini6
belvedere
jackass7
080688
281187
devin12
badromance
peters1
estudiante
a8675309
050189
mamedov
evolution9
160682
300189
26011989
dallas41
sticazzi
saavedra
qwertyuiopasdfghjklzxcvbnm
120379
090585
jaz123
adidas7
july2007
xiomara1
270184
271083
love200
0909090909
050691
crunch1
26111986
jacobs1
130882
jeffjeff
560054
raiders4
mylife123
27021991
dennis11
150391
170783
westlake
temptemp
050581
linus1
nbnfybr
progress1
haven1
jackie5
27121986
10071992
hamasaki
treysongz1
fuckme4
jack99
bitchin1
nation1
111222333444
brianna11
anarchie
03051991
nerina
100981
ryan18
loveboy
sanibel
28091988
hockey66
1020304
16111991
cexfhf
flicka
26071991
190787
idiots
tomatoes
bitch19
041089
faith5
08041986
12121994
020983
1969camaro
040689
144001
meadows
rustydog1
explosion
motorolav3
1w1w1w
jomama1
071088
210981
25122512
brielle
interior
newage
10101978
07021991
asaness
spankme1
19071984
holycow1
270285
misery1
davidek
viorel
Matthias
punto
2cookies
1jason
30011985
02031992
farmboy
27091987
jimjones1
allison123
melissa10
fresa1
211084
m1m1m1
Debbie
freak2
tazz
Sophia
.......
goodday1
jake08
ybrbnrf
251281
andrew03
160886
reds
austin04
27031986
bear10
laker24
scientist
sunflower3
granny2
tisha1
aneta
miller11
cookies4
1dreamer
david05
240184
260582
stolen
monica10
21121983
lulu22
qzwxec
galleta
180484
06081988
411021
blue28
juandavid
216216
190385
galaxie
260483
150595
28091984
mishel
good4me
blair
pass.word
crisis
tournesol
dirtbag
jeremy3
barman
09071991
12101993
training1
reason1
12091984
corky
09031988
rhfcbdfz
loves2
victory7
Scooby
senhas
071089
yan123
medvedev
280185
guy123
081287
17011985
z1z2z3z4
lild123
poderosa
22041993
150792
littleboy1
144000
larry2
09121988
boston617
dicks1
150382
lbvflbvf
lovely09
siegfried
wertyu1
231987
matthew17
7555545
louise11
bradpitt1
onyeka
honda95
clippers1
mysp
daniel95
04051984
23021983
cornwall1
vasilii
issues
venise
nayana
iheartyou1
123cool
junior19
1q2w
katie14
260683
cappuccino
lucaluca
240684
241986
Nathalie
amor22
141292
egypt
17021989
crystal01
u123456
david101
bravo123
karachi123
030886
ghosts1
marissa123
murphy2
beryl
casita
260983
100880
dragon27
screwyou2
1angels
cowboys23
kissmyass!
jerwin
hunter16
yahoo13
29041985
busted4
marie06
030485
terrorist
chesney1
progressive
161291
arquitecto
271082
sick
nickie1
08071987
jh
purple44
123564
nigga69
douglas123
abstract
07071983
freedom9
marlow
290887
naomi123
12091983
missy11
17121993
170782
vandamme
19891229
toothpaste
ghbdfn
17071984
c44n6vijgc
301282
qwerty44
nicnic
may2007
pizza10
06071991
112233123
putanginam
honda150
20041983
slutty
hejmeddig
hennessy1
lovers22
05061988
18121988
04051983
apples5
bluedevil
westport
27061987
sept13
juju12
fireman2
pretty4
livorno
26031984
tina11
chasse
Juventus
shift
04041994
hazel123
1710
15121981
300583
passion7
manhunt
motherlove
gericom
5000
eastside2
pieces
199595
041091
21061992
olivia08
mumanddad1
020383
ilovecandy
ichiro51
amormio1
Mitchell
peace22
barcelona123
qwerty91
mahima
anna1996
may1992
cordell
03051986
30051992
310891
jordan88
11071983
winter21
lukman
jeezy1
Chicago1
100479
jess11
volcano1
23121993
ckflrfz
21071990
amorzinho
powerpower
Vfhbyf
11101983
marife
170884
010790
4everme
qwerty999
marcy
patchy
26071988
mitzie
magallanes
2405
Claire
29051992
mexico.
daddy1234
29061985
060490
26121992
ilovemax
music8
karsten
palermo1
gus123
040988
cameron07
kelly01
060989
love82
07081989
walrus1
preston2
caddy1
tigger05
27071986
lovee1
janika
010685
ilovedan1
1415
stylus
eminem8
2beautiful
210392
270991
081090
kelly5
18101984
patrick23
bitch12345
cdtnrf
gotigers1
sept25
bitch45
bouchra
missymoo
bubbles08
123qweas
god666
jason4
11081991
homepage
cjcbnt
anna1994
twilight08
batman15
130791
313001
greenday5
09091992
melove
sara13
pinhead1
megans
babygirl32
060787
redrock
sravanthi
nicole28
carley1
dizzle
skate10
tigress
iamcool2
08031991
700064
160285
girl13
sexyguy
150484
barbie5
nomelase
rachana
fidelis
baby44
matias1
200983
jsmith
brisbane1
jesuis
natasha12
13091985
whopper
020294
fellowes
candy8
colonial
210482
allstar2
midnight11
beyonce2
bankole
250881
040989
16041985
197711
07071991
iloveyou94
bootsy1
020884
asdqwe1
prishtina
ruffles1
612345
30011990
210291
marley2
poohbear!
02121985
adeola1
angle123
03091991
070588
ghost2
america23
071186
twilight10
02031993
Pass123
maria16
300492
1604
200292
kick
1precious
02011982
ashley04
atlanta2
bunbun1
nic0le
ta123456
67shelby
boo-boo
02011984
09011987
destiny06
jayashree
benten10
capricon
02081994
6996
009d9cc2
05091989
1nation
charming1
131080
sputnik1
27011992
twilight17
blackbear
dragons123
spenser
missy3
thomas8
neon
azazazaz
soccer0
13051983
Andrei
1bullshit
03091988
123100
gtxtymrf
murzilka
11011992
zxcvbnm1234
dr0wssap
monkey97
05121989
061284
bailey23
04051985
cheerios1
06081987
12345!
appleseed
redrover
03021986
nariman
17011986
26091985
1warrior
l0llip0p
casual
cowboys31
purple1234
060290
pandey
26071987
250183
12091992
240683
greenleaf
yura
raiders23
boating1
catia
1593570
250681
nfyz
butt12
clubpenguin
141183
29081990
sasha1234
snake2
1chivas
kbpjxrf
271180
getmoney4
124512
13071991
170882
milou
781005
fatboy11
baby#1
220184
05011990
footballer
12358
23011988
22011986
180586
lol999
11051982
23061993
poohbear01
jennifer123
11111s
1shannon
196800
marina11
110294
130580
030985
1success
taken1
tiny12
050986
05111986
271092
broccoli
dthyjcnm
stimpy1
carcass
coopers
10111992
16081989
fuckevery1
america8
123qw123
160286
bratan
yourmomma
30031985
15011983
mysister
15031984
051086
020691
falco
04101988
ertert
windex1
fighters
dragons12
23111984
poops
nathanael
mackey
ecstasy
040787
gobears1
borges
flounder1
2loveme
002002
421421
zxcvbnm123456789
Monkey1
10121980
melissa23
generator
caracoles
jayden11
110184
avvocato
janie
maxxxx
25111989
getrich1
crf250r
torchwood
casiopea
030790
fuckyou!!
bedford1
westside6
281291
15041989
140584
13pass13
mechta
20011985
honda5
caster
23061985
2324
chilling
adamko
11091988
poppa1
Johannes
justice123
25051995
alex1984
passsword
01071983
2506
02011988
scipio
12345678v
taranto
king16
jessica06
bobo1234
10071983
28041992
backup1
121007
vargas1
federal1
2cool4you
austin97
needlove
dubai
19871015
janusz
21091989
kokain
starter1
ultra1
09071986
06051987
texas21
chucho1
anthony88
411057
barney11
kjiflrf
03081991
040790
silver23
dodgers13
020392
270783
020886
oreocookie
jc123456
08091986
philipp1
19041985
rjvgm.nth
coolbuddy1
310791
QWER1234
batman1234
nichole2
291083
120895
mollycat
dylandog
kitty666
qwsazx
puffy
27021989
123456pp
01061984
vallejo
2109
2r97xJ3xEY
gunnar1
131180
pescado
010783
jasper13
260185
28061984
roxy22
880088
198324
anna21
789000
cristian12
-9
1605
beater
leigh123
alchemy1
nanda
aaron5
12011992
270486
ronalyn
15071990
chalupa
adrenalina
sakarya
Qwerty1234
041185
twodogs
28051984
sales123
aquafina1
tiffany13
........
colonia
zzzxxxccc
longshot
hightimes
231180
sadiegirl
bronx
hawaii12
dawid123
buddylove
29111987
1810
supermodel
longview
220780
typhoon1
honeywell
mushr00m
sunday12
kissyou
12gauge
03021988
18121992
canada01
11111992
iloveandre
20111991
ilovetom1
elephants1
QxXM93Js
reboot
08071986
jetjet
mariposa2
25031985
310184
thinker
lauren23
3214
honey08
27021986
26051990
hater123
padres1
slipkn0t
1612
Spartan117
alien123
21081988
Panasonic
SPIDERMAN
illusion1
6yhn7ujm
lighting1
giuditta
noonoo
willys
05081986
essj408
budlight69
toxic1
dogbreath
zxcvbnm9
element4
ukfveh
recycle
qwerty1992
caravaggio
amanda9
18031989
sept17
ddddddddd
170982
sarge
norteno14
14071991
funnyman
iloverob
271181
110280
mccarthy
1lovehim
120181
jonboy
st.louis
03101990
199415
family23
musicovery
catanddog
ginger99
hayhay1
03071991
101070
11051983
25051993
300489
13101982
topino
081190
oliver7
SCOOTER
asawaq
jackson22
31051987
123wwe
chicago5
180185
teddy3
hawaii11
06071988
14071989
14081985
catrina
rishabh
24071988
playboy14
Jasmin
02091991
samedi
140185
pussy09
05071985
mary420
jet123
newlife10
firestone
cantante
aniket
condo
aaasssddd
112358132134
chisom
060288
analia
shadow55
plazma
victoria01
2h7Vkzo266
newjob1
250680
Barbie
lindsey2
19071992
cubana
Bradley
ds
carlos20
camaross
pennie
rican1
2503
qwas12
12021983
lexus300
chicano1
bertram
ctdfcnjgjkm
091283
aaa1234
angelita1
15111984
document
morgan08
philosophy
baller20
05041990
1qazxs
20081993
04091990
peaceandlo
mother!
190384
linebacker
051284
sept24
peaches5
loverz
thunder4
august09
270484
79797979
ANGELO
d41d8cd98f00
codeman1
momomo1
120192
smokey21
160983
300387
rfpfynbg
precision
candi1
15081992
Lakers24
090980
140383
gibsonsg
jade11
03081989
flashlight
Anderson
jackass13
doomsday1
islcollective
darla1
2108
forever18
pilote
iloveu10
24031991
jada
google13
mama123456
06071990
10281028
29081985
perrito1
precious3
ï¿½+ï¿½ï¿½ï¿½ï¿½ï¿½ï¿½ï¿½ï¿½
element11
scooter13
floriana
tanita
25061984
pickles12
011286
firework
gabe123
29061991
1776
22101983
07091987
hayden2
14021982
030486
mine1234
onelove7
grad2010
020782
hater
ss
0412
dandy1
emotions
taylor95
azer123
sexy6969
inlove12
rockford1
mercedesbenz
070780
05021991
blueballs1
mustafa123
5121314
600116
rofl123
jeremy22
osito1
200582
nas123
olivia07
020293
061190
casacasa
04051991
ilovedave
1naruto
cuore
bread
23121984
bowtie
hellou
manual
korn69
7f4df451
hoodstar1
`1234
24111985
sanglier
7788520
05121986
lateef
23122312
jayesh
29021988
11081984
21021992
jump4joy
dexter01
25091984
01061982
velcro
051189
joshy1
montag
140782
redone
bebang
linksys1
pervert1
pretty14
watford1
johncena10
28111991
strife
maldonado1
16051992
ville1
202020a
P4ssw0rd
ilikecheese
josh07
cestmoi
123max
hell0kitty
billy7
titan123
nathan6
yahweh1
12101982
tweetie
hastings1
vespa
maggie06
130481
mickey15
adgjm
dima12345
280183
dance4me
hondacrv
24071989
tendresse
22091985
bor
samantha9
edward5
mylovely
vivalafiga
milo12
05071989
demi123
29091990
x123456789
erin12
280983
061606
azsxdc123
blue89
coquito
060889
Rush2112
dod
clipper1
150185
red101
meghana
20021983
ghjkl
burning1
270190
crafts
glock22
takumi
resistance
daisyduke
febbraio
170791
texas7
anthea
jovelyn
saosin1
270887
zaq123456
199112
allahisone
24081987
bukowski
merdes
09021988
damilola1
rohit123
jazzjazz
vvvv
291191
Password1!
16031989
busybee
kartika
090983
yourmum
crusaders
patel
isidoro
ondra
miche11e
28101990
jeremy21
bandicoot
bigboy22
rebel12
101981
120377
mirage1
180285
sooty
23031984
titti
grenade
111193
021184
nokiae71
01011995
diablos
elefant1
dumnezeu
buddy09
confusion
28051985
cute10
317537
controller
flocon
macchina
honeyy
sascha1
vehpbkrf
delirium
ladydi
pft
walter12
161183
saber1
05071984
blessed09
25081984
199500
heat
03081988
150387
mauser
160383
girlsrock
asdasd456
717273
280591
26051993
indien
fifa2008
cuddles2
shahin
310892
pdtpljxrf
perrin
molly6
jamjam1
21051989
lalala11
passwo
200191
160982
21101992
califas13
morgan06
271183
orange77
11qq11
2812
gemini21
150282
11061984
x1x2x3x4
seaside1
mestre
liverpool6
040685
cheater2
lollipop!
hottie45
291292
03121991
justus2
02061983
27091990
21031984
081089
ballin10
150581
cheburashka
pan123
l12345678
jerjer
290387
121179
tyler03
yngwie
trashcan
lovers23
hotguy
fishers
forever17
poopy!
ÑÑ‡ÑÐ¼Ð¸Ñ‚
woodrow1
13051984
jojo10
020591
hope11
300692
011091
online12
martin5
ponce1
17071988
010203010203
nuggets3
19081990
260991
01031991
25081986
alex90
lovelovelo
vjz
shannon01
198502
1409
180991
alycia
22011989
st3v3n
mikey11
kingsize
qwerty2011
198627
199292
27041985
060886
iiii
29081988
nummer1
sexyme123
vandal
rosangela
bears85
290186
cognac
ciaoatutti
babyphat2
stanford1
artyom
290581
17101983
03061989
180892
azn123
25101992
farooq
heavensent
juan10
hotboys1
110194
bowler1
rfrltkf
frolova
1258
daddy14
friday123
matt15
spook1
meeko1
852852852
bonita12
abcde12
17061992
020584
306090
babe14
nomad1
lilibeth
Tristan
020188
candy9
030989
mymymy
benjamin10
baller34
190887
chinaman
sS6z2sw6lU
020387
vlinder
power11
BOOBOO
schnee
270891
platina
suckers
140682
100110
Sharon
kevin09
12201220
130781
198618
bubba4
qq5201314
saturne
111111k
campanita1
05031991
brooke!
mnbvcxy
260384
a888888
10121994
austin69
02021994
vanessa01
bigbro1
29091985
198615
130682
weed1234
0210
30071991
26021989
ilovesos1
Kathleen
nicolas12
2lovely
leonida
pearly
sven
movistar
160683
skater23
billy3
1725782
13121992
1metallica
qweqwe123123
jimmy01
03081985
tupac123
muffinman1
010791
friendofThenext18peoplew
instant
amour1
230781
brizet07
15935746
011087
13101983
071086
stoner69
skater9
NICHOLAS
reggaeton1
southpark2
twilight3
joseph69
junior05
18091989
ortiz34
06121986
manasi
hello77
papabear1
17081991
jake69
justus1
10sne1
alabama2
ringo123
ilove6
robbie12
17091988
flower14
talbot
whiting
197111
123456yu
21051984
170983
241082
blake2
leandro1
21101990
babii1
090587
morgan14
10031984
061090
kiera1
26121984
desdemona
myrtle1
garcia13
BEAUTIFUL
161082
191192
gfdkjdf
22091984
lizette
candys1
partners
Muffin
ali1234
230981
blackhawks
faith08
george4
celtics33
232232
john08
24021985
borman
qaz1wsx2
rebel69
tower1
loko
lovell
ultimo
gold1234
mal123
biblioteca
earl
school!
infinite1
091187
newyork23
2611
171091
506070
timofey
jolie
0000000a
ford350
27011986
1honda
fuckyou19
tara12
lee1234
forever69
hotone
gilera
132103
budbud
19844891
ashes1
patrick21
roy
d2Tqqn28tC
05061991
locust
allison12
07061988
fish22
tigrenok
fdsafdsa
prancer1
redsox08
1711
411004
1shot1kill
29061986
25081990
troyboy
manzana1
cummings
18071992
199216
doggie12
07081990
jaijai
winston123
13091989
20111992
03041992
131280
741741741
03011990
chloe11
080878
blueprint
nana22
rachel21
bordeaux33
qq111111
05031992
200982
13051993
18071987
cntgfyjdf
trueblood
220982
linkpass
dimarik
8seconds
soccer98
celticfc1
nokia5610
thesecret
asdfg2
cjcbcrf
pink94
16031985
malacka
890098
23021992
br5499
jailbird1
topaz.null
1939
151180
stella01
witchcraft
scorpio69
bella14
110380
13111984
030391
170392
69
viktor1
fahjlbnf
crystals
roucky
210882
15011988
yankees8
050188
91827364
jesus06
dimond
eagle3
18111992
kamisama
rat
chatchat
taugamma
catsrule1
g-unot
08041988
redwings19
shokolad
Yellow
17031986
23121982
180683
96321
cute23
coolcat123
050593
500015
09101986
170883
tommy5
stainless
110579
12345love
29081991
epiphany
davion
310181
140191
01091983
ballin08
121077
stitches
matthew15
Med
hello16
211092
ginger08
230481
shawty12
150582
302302
elsa
robert19
Marshall
frogger2
clemens
hallo11
07041988
16641664
090982
malika1
zcegth
anil
ramil
ghtpbltyn
198526
alyona
cara
addidas
16091985
guitar.
ilovesome1
13011990
09021987
monday11
16111986
famous13
270791
030691
honda13
dream2
merci
vazquez
monster14
sophie7
aceman
its420
225
marocco
181087
201291
bratz10
thuglove
776655
qwerty54321
25021993
normajean
triston1
werner1
peeper
ningning
13011991
13251325
161191
pasteur
hoppel
sassycat1
1pizza
020692
27051989
18081985
purple55
valentine2
gerbera
tarasova
mommy9
menthol
lestari
26011988
savanah1
dragone
superman00
beer12
17061983
10061984
nickj1
buster09
197355
rachel22
inglaterra
christina7
maryan
love&lt:3
filou
090078601
ginger9
lolo009
180584
bulldog5
180885
alskdj
02021995
05101986
kings123
tiger08
test123456
0123456789a
hulk
astronomy
sanford1
estrada1
juelz1
georgia123
karma123
10081986
05081985
milky1
20142014
21071985
lilmama13
190784
27071985
vagina2
fr
latasha1
invisible1
foreman
280292
xfactor
19841985
english2
queteimporta
30041990
career1
anshul
norris1
1newport
090490
faizan
12051983
jamaal
tweety69
soccer66
primo1
18071989
milesdavis
brian01
hayati
football79
125896
santhi
destiny23
bazooka1
mookie2
25081991
babycoh
starwar
folake
polkaudio
shaq34
21121982
20021982
251179
29051984
pisicuta
140981
lady13
27091985
tr
27081987
marryme
daviddavid
jorge13
123@123
need
21091984
tugger
250001
gforce
huang123
140491
bosley
15071989
loka123
melike
sexyness1
290886
forsythe
answer1
fucker13
12345ï¿½
1lucky
Veronica
rouge
salty1
temitayo
19041989
ballard
280589
211281
050580
gwapings
greedy1
31031985
schnitzel
welcome!
210992
rajeswari
Qazwsx123
taylor97
pencil123
1catdog
nokian82
qazedctgb
141281
bloodyhell
240883
defjam1
destini1
mother23
060589
justforme
jenova
190890
reg
ludovico
ninja13
291091
2ndchance
280687
a33k5Afgdh
02091983
07121987
134652
jesuss1
stephanie9
thunder9
optimusprime
michael33
sagar123
madalin
sexy111
fuckitall1
divya
bhavya
261181
my1baby
bhbyjxrf
12011993
07091982
spanking
manitou
imtheshit1
catsanddogs
MONSTER
garfild
spe
mimamamemima
hunter18
120395
alex1982
allyssa
idontno
hot1234
060783
snoop123
240992
babygurl18
banana01
dragon87
cayuga
vikash
qwerty93
bobby69
040388
cammie
gilberto1
zwilling
thepimp1
maximo1
2102
redneck3
170492
shutup2
stoopid1
600034
gunner123
ballroom
iloveandy
jason24
rockydog1
combat1
shazam1
17041985
richard13
1luckydog
bigbad#13
Formula1
paulino
180291
160186
180785
alameda
hunter1234
291092
1309
1925
1yankees
zombie123
4ever1
130181
03061992
alejandro.
katmandu
060391
198501
100180
14101983
ayoola
money420
teddy11
fluminense
BANDIT
07081987
justice7
061191
suzieq
ringer
manifest
290891
yingyang1
hitman12
mendez1
intrepid1
father2
fajardo
gjrtvjy
mikey3
120193
power7
cameron08
22081983
27061986
06081986
carmona
27081986
1qwertyui
04071987
revolver1
veravera
niki123
240892
101978
currency
missions
pain
julie12
samtron1
419419
onlygod
241292
luckycat
narutouzumaki
snooze
peanut14
siva
slytherin
04041992
171292
lozinka1
29071988
sillybilly
everclear
threekids3
dima1991
francis123
boohoo1
Ð°Ð»ÐµÐºÑÐµÐ¹
ABcd1234
Carolina
pink44
250981
250891
playboy15
bubba23
dodge123
210493
140680
010305
sharapova
robert9
encore1
starwars77
ronnie2
181083
67896789
devine1
batigol
08121986
ang123
martie
password82
bunny6
jamie3
asdf0987
kunimi92
tae123
chicago3
113311
070891
hugohugo
cute16
june2009
132546
likeaboss
1610
july09
Password3
!QAZxsw2
turtle!
edifier
destiney1
slayers
berbatov
crazylove1
classof05
wladimir
180985
matador1
Regina
23051992
230780
pumas
30061983
02051983
platano1
200692
31051986
correct
robert99
07051986
vwpolo
1597531
160884
281292
dude23
pentium3
kinsey
280684
26091989
kiss11
america21
just123
290591
gryffindor
gustave
phoenix3
kitten5
tigger25
babygrl
yourmom5
kenyon
bangkok1
nonnie
conor
sparky7
28121983
papera
jacob06
elements1
gregory2
28011991
181192
30081991
11111980
pelusa1
lauren4
singhisking
tiffy1
pepper21
bollox1
221176
now
scarecrow1
mattias
bocephus
janette1
quintana
080388
treefrog1
226688
logger
260882
jason6
sadie01
123456gg
sanity
babydog
12456789
kam123
tongue
max123456
aminah
gismo1
020985
silver33
redsox10
16121983
07071993
grace3
Qwert123
killer89
gethigh1
biggy1
gathering
ilovejamie
220981
rosebud2
12081982
05091991
buongiorno
qwe111
kissme69
genesis7
crazy08
monkies1
tyson12
homie123
sl1pknot
290288
blazin
madras
starry1
gordita1
fashion2
puppy10
ayomikun
09061987
13061984
australia2
lynn11
221985
070782
4peace
canela1
199494
riquelme
30061992
napster1
alessa
johnny22
spark1
230892
killer16
i_love_you
aguirre
198922
hollywood8
795001
mike00
cigars
300484
21031983
fffffffff
10111981
muffinman
caribbean
110479
04031987
harakiri
891
Linkedin2011
andrew00
01021980
sean21
14101993
09091983
22121994
17051992
01081991
kayseri
11051993
motorhead1
08061990
municipal
zachary123
booger7
13141516
260885
jackson08
tammie1
30101992
hashim
121996
marie88
Teresa
ari
16071984
pratima
winger
010692
shakespear
aleena
300386
rogelio1
cowboys88
04121992
michael28
lasagna
290984
rocafella1
010683
fifa
Summer2011
poopy7
jeremy!
962464
maya12
avondale
creed1
awesome7
morfeo
091087
ac1234
24091989
moonwalker
29071990
chris03
4815162342a
gagagaga
191283
golfvr6
070791
18111991
daddy07
xsw2zaq1
250384
caracas1
s1t2o3n4
180891
asdfjk
ghjcnb
saudades
davon1
007123
joseph16
batman101
peshawar
25111991
nielsen
fishing12
180980
15101982
912401
240481
mazdamx6
27071984
sammie01
sammy08
199400
danielle.
brutal1
porno69
dance10
#1baby
honda750
egorov
13071993
enough
04041983
zuzanna
210782
mexico1234
ryan09
brittany15
mammamia1
ferrets
sevenup
jennifer14
tomtom123
aa11bb22
kompas
100893
everlong
goody1
olifant
01061991
411033
1100101
derp
22091992
aaa666
nov151963
131517
110678
250393
poppen
softball01
jaymataji
corey12
jimjim1
daffy1
garcia12
isabela1
dancers
badguy
104104
hemligt
280582
asdfrewq
careca
30061990
123admin
aniyah
garner
kitty15
crip123
22111983
cooper13
151001
16041993
qwerty19
24011985
ingoditrust
weenie1
191987
04121985
1805
lonesome
funnyface
wateva1
lifehouse
romulo
fkmnthyfnbdf
230280
emily06
joshua69
010492
westside14
myspace26
derekjeter
bored123
1.23457E+11
sexybitch6
reader1
125690
ousmane
30041989
400069
aziz
10081008
samson11
21111983
sexy2007
tommy13
Buzzer
020784
26061984
18071985
baller8
PlanoTX
qwerty2012
metro123
250480
xfx3ayFJRK
171986
09051987
abulafia
red777
1fatcat
10061983
3334444
seviyorum
09081990
160783
eighty8
210292
lucky27
bambang
fran123
yahoo5
usuck
lol000
110381
brewers1
ï¿½ï¿½ï¿½ï¿½ï¿½ï¿½ï¿½ï¿½ï¿½ï¿½ï¿½
wmilan
10181018
fed
4646
breanne
yohann
badkitty
fatty2
020783
08121989
051291
11081983
monday2
dixie2
painting1
fatass12
16091986
mariposas
mackenzie2
shaggy123
over2yangshuo
lima
bumble1
1thunder
daedae1
hardcock
13101993
agent99
141192
conejo1
robert1234
pitufa
utjvtnhbz
kangoo
danielle01
qwqw
ukflbfnjh
THUNDER
myspace93
eastside12
abgrtyu
26091990
1506
111222333a
160684
batman.
murilo
031284
monkey87
reymisterio
jethro1
030382
180582
040494
jason07
112299
05021990
beckett
monia
13021984
fob123
YELLOW
saimon
06051988
gobigred
061287
198718
thereal1
mikamika
04041995
courtney11
31071984
ashton9
lockwood
gogeta1
Sample1234
ringhio
ethiopia1
baseball88
sharda
maxmotives
26121983
omega7
prince55
kyleigh1
couple
2507
29071991
09081985
23061984
avery123
sirene
0303456
06060606
cecily
17091990
babygirl00
dbrnjhjdyf
celtics5
Tamara
blessed4
17121989
sagapo
devochka
raspberry1
300983
07041989
230230
27061989
27051992
mackie1
31011991
emma13
bakery
rebel13
28111987
270192
yourlove
25011984
kaizen
shopping12
otello
280682
fnkfynblf
jiggaman1
renaissance
ilovej1
lennie
06041990
aydink
198206
04121986
chante
06071985
querida
28111989
140881
0411
dhjnvytyjub
marillion
school13
stella11
25011986
minamina
volcom7
270491
butt3rfly
knoxville1
tommy11
JEREMY
020384
301082
kia123
bombero
1306
wallstreet
199771
gondor
150583
11021983
greene1
graziano
merengue
20031983
150284
160192
brat123
lilmama09
FATIMA
headshot1
booboo6
180593
classmate
191183
1lauren
luglio
444333
azul
bootycall1
spongbob1
4128
020887
280184
20061983
carrefour
200893
max777
SILVER
atl123
tattoos
hotmama2
lookatme1
andrea69
lovekita
180984
Cowboys1
02081983
toscana
28091989
blackops2
baby123456
monthy25
ashok
120995
08061987
burhan
tricks
040585
www12345
tarheels23
290592
denise3
letsdoit
vanhelsing
das
omar1234
fuckass
texas210
azertyuiop123
10million
alex87
200783
210880
honey69
master9
starss
pockets
28081989
29071989
28071987
29041989
maianbinh
showmethemoney
12121995
paul01
foofoo1
lovers21
omicron
1234567890qaz
noway123
quilting
colette1
steph13
webkinz123
tartine
190987
05101989
100380
silver99
juli
asdfgh11
confiance
joshua00
Anna
thomas25
guilty
volcom13
11041983
shelby7
sonshine
cake12
eric22
windmill1
lilia
300982
16021992
murakami
741953
090686
concac
s11111
12345zx
15091991
28111990
misfits138
SCHOOL
spencer3
12161216
thankyou2
lozer1
06021990
santro
ligaya
saroja
ninette
kianna
221005
volvo740
03081984
17051986
calico1
getmoney$
mongo
honey14
adriel
spring99
10131013
pekida30
290383
sabre1
fastfood
280584
flirty1
computer13
050892
amber23
princess55
26071989
passage
11021993
strokes
21031992
20051982
pootie
if
dud
06021992
onelove3
iolanda
iamhot1
j696969
bounty1
adgjmptw1
270691
redbull123
draven1
alicat
parishilton
mexicano13
Katerina
eagle5
medvidek
one2345
william09
19061988
rickie
wonderfull
199191
021183
31P5WTDYG/WGQ
s654321
iloveyou95
191290
forever08
24121982
stasya
ladylove1
pacifica
1704
benitez
kbytqrf
qwerty32
gizmo13
creepy
diva11
02101991
mojisola
witness
gayman1
121111
morticia
blessed08
07051985
asia12
memo123
19101983
yadira1
olusola
romantic1
sound
metal4life
21111984
271080
09021989
love40
020992
dandy
123999
dede12
198406
091089
homes1
143637
anderson12
252525a
pass10
diamond09
angels22
prettyboy2
black08
software1
star19
bella101
merijaan
nanakwame
tiberian
jabber
backstab
natty1
16011992
06091989
27061991
121274
04021986
15041983
wale
missy5
capricorno
2fly4u
13061992
baseball02
1florida
freedom201
Ð¿Ñ—Ð…Ð¿Ñ—Ð…Ð¿Ñ—Ð…Ð¿Ñ—Ð…Ð¿Ñ—Ð…Ð¿Ñ—Ð…Ð¿Ñ—Ð…Ð¿Ñ—Ð…Ð¿Ñ—Ð…Ð¿Ñ—Ð…Ð¿Ñ—Ð…Ð¿Ñ—Ð…Ð¿Ñ—Ð…Ð¿Ñ—Ð…
011290
cutebaby
bobby22
23071984
dutchman
danielle14
231179
010285
yahoo1234
stick1
chandni
tennis10
amma
stupid7
sassy5
05071983
041287
playboy01
love2live
rtyfgh
wassim
kolokoy
29031985
schwartz
07051988
150580
250692
tweety8
26091988
130282
200291
brother3
raiders!
88998899
premiere
jamaika
kuroneko
071185
28011988
111994
adele
seansean
goose123
Rabbit
198605
36chambers
biancaneve
021291
159632478
050187
dancer23
hermit
111279
14101982
goober12
101008
220992
2309
mimi22
derick1
handyman1
taylorswift
merrill1
tabassum
tater
20021993
hemingway
1313666
26101985
buddies1
07081986
wendel
11121981
zero13
160892
151081
556688
farina
trista
15051983
rogue
120575
ferrarif1
mulder1
antonio5
killer17
love&lt
121008
31P5WTDYG
giovanna1
maricarmen
06011987
mohini
westfield
doncaster
jesse7
182838
younglove1
camprock1
orazio
indra
mierda123
010484
170582
21081989
fire13
1938
aladdin1
zucchero
18011989
runrun
23111991
198226
gjlcnfdf
karthick
05051980
02081982
290889
corwin
170792
forever09
december08
24061989
Portugal
271081
karate123
181184
workwork
141291
advance1
missy13
05051994
mironova
081188
chicosci
survive
mexico69
515515
abhijit
23112311
sept27
master4
020491
retard123
jasmine06
iomega
sexybaby12
Savannah
a87654321
roadtrip
250593
katy123
anand123
2810
1martin
meonly
01011996
prophecy
avisis7
follow
biohazard1
jojo15
buster07
270889
240384
money19
carrier
14041985
218218
master6
Genesis
01051984
060389
310383
cowboy7
samourai
12011984
diamond14
dumpling
pussyman
101074
sagitario1
gjikbdctyf
123123f
27091984
piggy2
030584
21101984
yasmin123
stalker2
kisses3
granata
family1234
180483
brians
gateway7
02111987
pokemon01
12071982
gui123
julies
jbgR3v7n3B
allstate
28051989
harleydavidson
charli1
090888
dastan
19091984
london07
colin123
cegthgfhjkm
280984
krisha
lerato
diallo
15101980
vanessa14
tommy10
juanca
autobahn
imgay
30071985
allan123
trini1
martin3
07021989
hotdog3
black07
kobebryant24
74gangsta
mariapia
molson1
19171917
joker14
flashy
240791
01021993
13091984
purgen
1q2w3e4R
28091986
LqFg4HWt
binkie
centrum
nina11
caboose
segundo
percussion
123321d
28051986
kevin18
tomek123
291285
400037
nascar03
14051989
05021988
landon2
solstice
chica123
120979
pimp25
iamno1
pewdiepie
120577
patsy1
16011989
at1234
norberto
Ekaterina
musica123
marcelita
08051991
electronica
01051983
220480
myspace05
tank12
ironhorse
mormon1
130281
300887
tristan123
luxury
26071986
040987
barbarian
16031992
borisov
cassandra2
moose12
30091991
13091987
goody
JASPER
qdyE17t1zV
161083
2610
02061982
lfiekmrf
04081989
06121988
timtim1
16081986
24061992
piglet2
100780
29081992
181082
babygirl28
turtle4
pea
coffee01
duckling
26031992
yahoo7
123123j
280291
skydive1
gayass1
04061985
01041980
xgx39zGISL
230479
301283
110578
debbie12
134109
scarface23
madison22
198613
paswoord
vivalabam1
250983
191083
bresil
190791
matute
260291
dale03
praisethelord
serenade
bart123
18111985
chiara1
BAILEY
saritha
talktome
southside13
261080
bumper1
16111988
sheikh
neverforget
lalang
19855891
angelbaby2
bobby6
neverwinter
babygirl91
alexande
loveyou9
01051980
28081984
dirt
dexter2
020791
lilbaby1
cheerio
789852123
5757
han123
07121990
devlin
daddy0
samsung88
conman
11qq11qq
marisela
sexyeyes
03091986
turtle01
111111b
130283
070488
bush
warrior12
150882
1111111111q
310884
yessica
scene1
130881
jordan101
29111989
hjcnbr
family.
cola
killer08
159951a
280284
brogan
230783
junior6
ton
banan1
southend
jahbless
nicole86
claire123
cicciobello
slowhand
22061993
020683
28011986
goirish1
13111988
asecret1
ciara123
morrigan
101294
03071992
global123
14061992
babyboy69
speciala
greenbean
5.254.105.20:test1
edward10
28071989
flute1
300591
stu
dance22
eastside6
spud
mathews
rainmaker
Pierre
matthew05
hatelove1
spanky2
chevytruck
nick08
histoire
170285
florida5
230293
ed1234
Panther
18091988
whippet
exodus1
rice80
poopypants
tamilnadu
300384
rossia
2307
.kbxrf
oleander
emogurl
200680
07031991
manatee1
roxana1
share
pissed
sarah15
faustino
arun
arsenalfc1
122500
butter44
cherry1234
spleen
150184
smokey!
SEyxE44hca
fridolin
paddy123
198818
fire22
ktyecbr
jolene1
OLIVIA
buttfuck1
08091991
gators01
coheed1
27121983
100579
nicole91
011085
gerrit
1qazzaq!
passwordpassword
mama55
limaperu
graphics1
pescador
20041982
fifa2006
10121981
06071989
thomas19
260696
airforce2
211987
gangsta11
bandgeek
27031985
091086
pussy10
jesusteama
arlington1
25061992
am123456
magic11
081081
superstar9
100182
kim1234
contract
joking
walden
saliha
1allah
odeyemi
mylove21
28061992
16111982
markos
qwertyas
1789
polito
01061993
soccer97
110494
300784
katenka
robert20
270183
bokkie
260383
appletree1
1people
toyota123
redhouse
j3nn1f3r
texans1
joey22
250482
198227
queer1
13011992
07031985
redford
220579
samantha19
198713
chesney
angela21
031185
lebowski
mandi
precious7
emmagrace
kal
anna1990
meandu1
maggie6
jaybee
Mexico
emily22
alyssa!
anglia
merrick
270185
21051993
megan7
260884
31121980
nostalgia
j0seph
trevor01
taotao
141180
290483
987654321j
pitbull13
ninonino
michaelj
1coffee
goku12
061185
aleyna
28121985
grace11
30081986
11041992
101195
password83
dounia
21011983
gerry1
check123
03021985
03011989
tessie1
melanie12
pickles!
tyler69
amritsar
marconi
adriano1
lemmein
groove1
25041985
200782
123hot
k1ll3r
bobo11
john09
18021983
170188
crayon1
megan!
31071988
26111985
jonathan14
191292
redsox9
198420
151292
letmein69
250892
mihaita
sergeeva
myaccount1
simone123
realtors
oldfart
27091988
danadana
mya123
haley2
marcus23
jonathan21
payback
250380
759153
agape
1pioneer
stupid.
puppylove2
jagdish
alex28
ashley00
SEBASTIAN
301180
180189
brittani
30071992
soccer30
29111988
danielle21
pagedown
hope1234
tiger07
ytyfdb:e
070989
toctoc
181283
mexico08
utopia1
21121993
carlos25
199313
christi1
240183
040783
football41
school4
olivia06
usa1234
kalinina
iloveyou03
admins
1z2z3z
ihateyou3
gjhjctyjr
kissthis
youwish
lolito
700000
280986
dipper
rocky1234
aayush
olivia7
kvartira
papasmurf
Nelson
secret5
141084
chris02
kaylin1
tor
def456
may1993
auxerre
020583
good4now
saosin
0203
physics1
56tyghbn
gooddog
ninja636
02061980
julian13
alicia01
smile01
fernando2
19041986
290385
191988
faggot123
josh08
ggggggggg
slam1984
260182
221291
shadow19
24111991
yourock
golden2
190582
150392
415415
021186
uncle1
jacket
dreamtheater
20051994
wow1234
cooper10
raikkonen
roygbiv
246802
15071984
enforcer
kayla4
logistics
benz
123456789love
number01
123qwe!
mobil1
25021983
blahblah!
q121212
michelle88
210791
13071994
jk123456
reilly1
231985
05021986
1crazy
130883
teddybears
kristof
ratdog
mychem1
serpente
02091984
Stalker
010684
badgurl1
lois
66669999
nothanks
050683
giants25
tripper1
michelle25
200185
sch00l
anabela
bryan2
patrick6
120195
naruto96
rae123
gameon
not4u2no
gallego
bigman2
me4life
28091990
210380
12pack
wesley12
electra1
1hundred
monkey32
funnygirl
030290
CARMEN
020385
yeahright1
081088
nokia6680
goleafsgo
19922991
sc0tland
yellow24
al123456
101194
2123
kerstin1
spades1
28111985
hotdog69
apple14
04021992
simonetta
shonda1
180791
vincent12
lover18
malkin71
080809
junior25
ferrari12
rod123
minimi
oscar7
mousie
nfnfhby
season1
okechukwu
tyler02
ololol
tirana
a234567
biotch
goldensun
06091987
05011989
ukrnet
sonechka
MADISON
steelers11
1sunflower
football61
order66
hbk123
karandash
qzwxecrv
24071985
951753456
21061983
040892
montecristo
03011986
christ01
sarkar123
081286
211080
muhammet
catholic1
karthi
270287
frankie7
240284
250492
qwert789
harley21
199217
02071992
registration
jacob14
manning10
05081992
manchas
maple123
06021986
stroker
258147369
12122012
justin98
050987
SABRINA
6464
trooper2
devil13
260592
180287
marley11
jacare
198717
revolt
omgwtf
dogfish
brittany16
angles
j0hnny
30051984
180184
johan123
pizzaman1
19111992
30111990
400086
beeper
scanner1
rowdy
060985
4sisters
080486
silva1
22051984
people5
040786
qwert7
circa1
200493
280180
bella6
10031982
05041991
facebox
220493
bmw318is
400055
short
midwife
130492
texas08
baran
06091991
civicsi
300691
18121983
teddy5
26081981
110879
terry2
shorty8
yankees4
lele
rtynfdh
jungfrau
183729
greenfrog
saleen1
mandingo1
thomas20
maggie8
image
080881
51515151
ewq123
190391
q7w8e9
cra
lovers5
03101984
28121991
lovely16
single69
robinho10
bailey14
TravelmoleOptin
1zg1H9suza
orange15
88
music15
babycat1
thankful
12071993
black16
lovebug3
independence
098765a
080787
master55
pixie123
160191
ladylady
pass13
ihatethis
24081984
ryan17
05081991
890123
12101983
281080
281192
310883
101069
ass12345
sarah1234
cereal1
iloveher12
pelado
supercool1
kimiko
forever15
mousey1
27121985
30061985
27101991
291182
090981
301192
260382
olympe
buttsex
197272
Raymond
25071983
140182
thongs
angus123
James1
giant1
tabby123
lick
gedeon
tiger09
030507
20121982
45m2do5bs
190491
251092
jose16
vagina123
mithrandir
cecelia1
000000z
24021992
Spencer1
seville
070781
blackpool1
pussie
young12
vika2010
shakey
jetset
09011991
re
311291
271193
09041985
contador
Deutschland
evangelist
bitch0
culinary
543543
1936
compass1
29011988
babygirl77
picard1
jojo14
purdue1
pottery
crystal5
Jackson5
wallet
08071985
05071987
akon123
brunos
already
tequieromu
divorced1
Carmen
freedom4me
levski
august01
fedex
nirvana666
amina1
hokage
140791
superman0
alperen
198022
yulya
060488
kundalini
kevin17
synergy1
fullback
femist22
cheese21
blueice
201181
passwrd
danita
07061985
jonnie
lollypop2
mary01
kinkin
shadowfax
ï¿½ï¿½ï¿½+ï¿½ï¿½ï¿½ï¿½+ï¿½ï¿½ï¿½ï¿½ï¿½ï¿½ï¿½ï¿½ï¿½
keebler
bass12
120293
betty2
winnie2
froggy11
pip
maggie05
josemiguel
060504
fdsa
amorypaz
belgique
union1
13041992
04091989
patricia2
778877
rapid
16081987
counselor
010170
22061982
08051987
young2
00000000000
100781
07041992
zaizai
INJECT
leilei
hotass
L1nked1n
110995
zoo123
nicole85
kik
210592
tam
peter11
30081990
22081992
racheal1
eastside3
20071983
14081408
ianian
1707
mich
micheal12
kevin4
vaz2109
pizza7
rfvtgb
584201314
shannon13
qwertyuiop0
siracusa
15091984
nepenthe
16011985
westside18
mylove7
cupcake4
2233445566
hatteras
chiller
010292
entertainment
kevin6
eddy123
28071985
park
jeddah
fl0wer
03121986
whitedog
000aaa
Ð»ÑŽÐ±Ð»ÑŽÑ‚ÐµÐ±Ñ
13011985
090590
04011991
280592
21061993
196000
150292
wildwood1
08031988
24091985
240385
20101995
120280
gusano
290191
lovebugs
lovely08
sw705547
kenzo
ichiro
matt6288
opelvectra
qawsedrftgyh
loveher
050887
28101983
huggies
28121992
fordmustang
dominic123
31011992
denali1
290982
lopez13
owned1
mountainde
just4now
jayjay11
gametime1
playboy6
030487
150150as
13661366
mjolnir
040380
123sam
123321w
portia1
12345678912345
060892
gokart
hbxfhl
wsx123
whywhy
mart
jahlove
red333
sid123
max101
hs:
yamaha01
hawaii123
shifty
30121991
bradley123
bubbles15
screwu2
morbid
breanna2
30121984
jordan2345
191182
25031984
jenna12
1403
18081991
getlost1
hiroki
LAUREN
betty12
foxy123
amen
badboy5
08031983
sup123
26031985
brittany01
06051991
270687
trekker
corey2
taylor96
gray
15111992
14051992
130893
sonnen
austin96
ratatouille
199513
141181
jack1
naruto90
ohbaby
27041992
black18
Rainbow1
sept10
cheaters
110033
mark69
070892
larry12
17111990
Serega
Cowboys
baby2000
ballin4
cupcake22
candybar
400081
16071990
301281
kiss1234
200881
cashcrate
240383
pimpster
20121994
sherly
040188
leoleo1
sailfish
jasper10
070290
170187
kitten69
101076
1811
tastiera
jamaican
140190
bitch55
111080
150982
24041984
curitiba
rincewind
logan13
130191
cooldude12
belen
03101987
doggy5
nana14
proteus
021283
26091984
07101987
haggard1
041288
mickey09
holycrap
andiamo1
nokia3220
30071990
11021982
matrimonio
money2010
aloevera
shanty
28011989
corazon2
221988
summer98
120808
livefree
sonofgod
jonathan19
737kkbLskV
chelsea22
warrior7
10081983
mononoke
prince23
486486
baskets
Zxcvbnm1
marzena
halliwell1
chester11
guitar6
brand1
jakob
030289
toyota2
22091983
damnyou
sexy95
godisgood7
nanook1
160992
18041983
shuriken
Hd764nW5d7E1vb1
futurama1
fuckme13
17081984
sonora1
jackrabbit
250292
godblessyou
lavieestbelle
myspace198
1323
saoirse
150480
27091989
yxcvbnm1
branson
blabla12
casey11
19011985
05091988
100679
s666666
198706
131179
axlrose1
dima12
nestea
dickhead2
pussy420
260891
#1cutie
zhanglei
20061994
emma22
travis13
300684
chaotic1
ogechi
manohar
weekend1
ilovekatie
loser09
fis
15101983
vinita
skate14
analla
titotito
williamson
sissy2
charlee1
181281
ilovemywife
aaaabbbb
yankees10
samoan1
rodgers
roger01
110192
samantha6
Scarlett
jasmine18
saltydog
061186
170981
199613
260282
jor
SOCCER
konrad1
198921
lildevil1
140280
honeyz
24101992
050692
vfifvfif
020190
010384
luv4eva
reward
QWEASDZXC
SMOKEY
linalina
daisys
annika1
1881
567891
mockingbird
florida11
pepsi11
2710
120180
01012006
17011992
14121993
barnabas
100194
countrygirl
nike22
560079
03081990
dieumerci
chriss1
black88
qwerty08
monkey34
101992
zenzen
fatjoe
30111985
stylin1
kirstie
030986
jehova1
10years
rallye
1blunt
corrine
manouche
joshua.
juan14
ok1234
500004
dickweed1
120977
120777
getmoney10
sexx
zx1234
karatedo
hogan
24101983
071284
stripe
cranberry1
EMINEM
serafin
pdiddy
25071992
3737
123masha
linkedin2
freeport
sickness1
diocane
poop12345
june1986
sweetie!
xcountry
mack123
24091984
900900m
30011991
dropkick
quake2
626626
olesia
tristin
w1958a
123456789987654
pop12345
enfermera
cmoney1
246
pizza101
030891
superstar8
24071986
hairspray
210792
yellow55
11081982
spike13
forever16
greenwich
270584
gab123
tink14
05091986
kalimantan
28021984
andreas123
iamhot
200880
Slayer
07041990
matthew.
160392
police2
04091991
riffraff
654321d
screamo1
style1
fastcar1
02041993
senna
mariagrazia
15071983
270782
vagina!
271291
dashenka
190286
oddball
mantle
12345qqq
tulip1
210680
030885
gannon
austin16
lauren16
silver10
gnomik
CASPER
manutd11
devilmaycr
250392
honey4
sweet01
crap123
26111992
ricky13
hatchet1
16031984
12021982
kimba
starz
pardon
aidana
19071993
longtime
210283
000000s
linkedin2010
alley1
jimmy6
password007
110002
evans1
ukraine1
1timothy
lulu1234
030684
dfgdfgdfg
ajibola
empires
creativity
300592
shanel
hottie06
alayna
198405
metallica4
1q2w3e4r5t6y7
0511
25081992
superpower
030991
rebeca1
11aa11
time4fun
guy
newyork22
love_you
26011986
heather22
17121982
1trouble
06071992
29121991
22031983
24081992
therasmus
duke23
12111982
letsrock
lbyfhf
beata
lilwayne5
newborn
danny1234
damdam
250882
timmie
8008
babcia
hotgirl123
rockstar14
qwerty100
theblues
100480
Bella
23091982
sdfghjkl
dea
010891
rap
ltleirf
07061991
menorca
pasha1
loveme07
destini
flyguy
pepper69
07021985
lon
volcom3
18061983
imawesome1
metallica123
sweetpea12
analuisa
230880
butter3
silver6
water4
shyguy
200791
forever10
140392
terminator1
26071984
190983
watanabe
newyork21
putamadre1
sadist
strategy
07111987
kelly69
peaches11
adelia
volcom11
26081985
redmond
igetmoney
fluffy13
orange24
kabouter
29031987
system12
Passwort1
Georgia
130577
17061989
10051993
petals
25011992
samantha23
yellow16
020189
03071984
kaktus1
210881
holley
whatnow
nickey
allahuakba
171192
160291
gwen
hardwood
penguin3
dirtysouth
raider12
kendal1
basher
dc1234
gratitude
kids12
300992
17111985
qwerta
claudius
naruto09
18081982
210693
12121977
friends07
password#1
14101410
kingsley1
plaisir
macman
gecko1
pablito1
malutka
liverpool.
danny15
zanessa
mimi01
120696
03081992
baba12
p3pp3r
scooby10
31081992
baller101
&3
buster6
300782
gotti1
mamasboy
genaro
sweet9
09041987
38special
rajaraja
mylove1234
1703
261180
09061986
290979
12581258
pimp33
DGf68Yg
m00000
211181
31101984
260782
sk8terboy
26091987
s0cc3r
coimbra
doodoo2
michael04
pumpkinpie
jaquan1
batman18
zara
patch123
thenumber1
120877
270983
02041982
24021993
131079
20091983
21061984
djhjyf
black17
250992
pika12
ovation
sexy911
yourname1
kas
conway1
moosie
sugars1
comrades
666123
fedora
petrucci
3@p@g#
way2go
drandreb
blackbeauty
winter22
kid
jack2000
qwerty07
dmitri
ihate1
star12345
19091983
jesse11
tenten10
19031984
26081992
14011985
molly4
ladybug13
mybaby3
carlos4
charm1
01081992
pam123
15121993
skip
14091986
artiste
apostle
19081983
brady123
razorback
lilmama3
booboo14
pianoman1
jordan32
tiffany01
07051991
31122008
lovestory1
212224
001989
agarwal
1steelers
565758
neptun
edward14
ashley03
210780
depeche1
29071985
gfhtym
ghbrjkmyj
dorothee
20062008
sexy94
wildrose
uniden1
artart
rebecca7
preppy1
millonario
johnson5
denise11
yijeong
enduro
loveme33
260292
badong
201179
taxman
baby_gurl
cassis
30111989
031192
300883
seinfeld1
islamic
acura
flowers4
160483
lakers22
record1
kristen2
191084
231177
laughter1
aol.com
mario7
reggie5
carlos6
egghead1
060888
b1b2b3b4
31031992
hartley
warsaw
king77
cielito
pimpshit1
13121982
26051992
201091
pass22
nahuel
31031991
italia90
12101981
110979
timoteo
pangetako
13581358
23081984
ruby1234
rangers9
buttercup7
Maximus
michael03
31081985
lan123
lokiju
itunes
alchemist1
lacrosse12
manjunath
alyssa4
lynn13
tt123456
unicorn7
07031990
16111985
darkwolf
davidc
torres123
meaghan1
1pookie
197612
truck123
uniform
04061992
troy12
23081985
180783
greatdane
100281
bubble3
seashore
lucienne
04061983
lol123123
ricardo12
moppel
06121991
antman1
hoova52
ivanhoe
12061980
tennis7
tigger02
dakota07
29011985
030791
canada2
angel31
canberra
run123
30031984
061283
19051983
edward4
wetwet1
110679
0212
123123qw
emelec
olivia5
Winter
gogo12
jeffhardy2
26011985
171281
tankist
suckme2
83773049
astrid1
love2
fatdaddy
1401
kenneth12
gators12
dima777
14781478
123456yy
passme1
angelo12
lovers01
mickey8
shanelle
0211
161092
bestbest
biotch1
161290
Bond007
nikita11
31011988
23041993
dededede
784951623
snowbell
fuckoff4
270392
daniel28
280493
got2go
tartar
lesbica
miller01
03121985
lolly123
goldrush
pedigree
johnny21
nineball
angie2
geometra
12121979
230993
30091984
120994
090288
18031993
gocats
scottish
baller08
pink27
poppys
florine
30091985
crusher1
010110
060188
16091990
123456cc
unicorns1
111111w
1501
brother123
bailey6
niko123
070886
thatnigga1
claudia12
RAINBOW
lovelace
missile
mylove69
220381
blo
snowflake2
bobby01
badboy21
Oksana
punani
nathaniel2
soccer90
123321zxc
sw3434!
198228
290790
akinyemi
chelsea09
bratz2
080789
sigrid
ilovejack
stereo1
crossfire1
180284
money0
251093
laura10
vfif
amazone
wrench
mydestiny
cats1234
125874
beefy1
heygirl1
220293
26111990
mike55
henry8
1southside
fuckup1
maurice2
pimpin.
mamounette
den1ks
cooper22
kilo
tay
ritinha
bunnyboo1
badboy10
sesame1
gianni1
tommylee
987654321k
spanky12
111993
patrycja1
27011989
01071990
ladybug5
qwerty1231
chicken01
300884
bahrain
myspace92
gayguy1
samarinda
omooba
coraline
fal
181280
copper11
030380
kaka1234
ghetto2
time123
041192
tikitiki
280883
25041992
LOUISE
as123123
03091985
steelers5
brooke7
kiersten1
250291
210381
daddy!
dipset12
nokian72
direktor
240482
solid
sebastian0
16121984
rere
vectra1
flossy1
sneaker
superbad
sandra10
dunbar
delgado1
polka1
tiff
nick07
foolproof
PEANUT
cosmic1
paige2
dragon420
090785
29101989
john07
REBECCA
klm123
nunzia
celebrate
spongebob.
05041985
buttons2
tristin1
040986
teadoro
starbuck1
05101985
sugardaddy
198701
princess87
bloodhound
milkmilk
sammycat
samantha22
zzaaqq11
dfczcghjcbnm
191991
chanti
1234563
bama
martin69
fermin
stupid01
cowboy13
buddy15
albert2
kjkbnf
uuuu
08051985
bandits
monster.
charlie15
lovely9
09021990
newcastle9
administra
11121983
tianshi
tiffany!
hickory1
gatitos
78kdow9sPF
06091990
richards1
knightrider
523456789
tiger33
0310
lolita123
hardball
0.0
260392
jackie22
steeve
01121985
teamo10
jac123
baby29
987654321d
010584
hjpjxrf
1234554321a
pozitiv
010175
03021984
22071983
talia1
katherin
111082
jackson8
georgetown
230480
tuttle
198705
25102510
blaze2
04071991
anaheim
pooh10
01101989
soccer91
pacifico
cool1
18121982
112266
bacteria
050388
chartered
jenny15
lisa13
football96
lovemusic1
enriquez
andrey1
21011984
sel
14111983
gumball1
Apollo13
danny6
undertow
1507
08081983
cfif123
flameboy
220593
monkey56
160882
america!
suzanna
7654321q
br1ttany
3838438
25031990
boston3
jordon23
gothic3
30121990
gangbang1
crazy16
bonds25
pepsi3
chula123
kishor
kayla08
ilovepie1
bella2010
protocol
Spartak
joao123
anthony99
6767
apsk0518
harrington
redcross
21091992
20071982
kameleon
211182
flipside
170781
netgear1
joakim
17091992
050891
skater4lif
27031988
pudge1
snowing
060680
ÐµÐºÐ°Ñ‚ÐµÑ€Ð¸Ð½Ð°
03021992
francisco2
/.,mnbvcxz
promises
cory123
010984
100980
fyfyfc
lennox1
trampoline
ponyboy
leighann
04051986
baseball0
20031993
marketa
Jeffrey
12281228
411040
reinaldo
homebrew
skydiver
simonka
090687
4getit
travelmate
basia
mawmaw
praveena
nadya
noble1
milwaukee1
babygirl90
Bianca
25051982
abigail3
918918
isuckdick1
120794
05061984
rapid123
booboo21
nancy12
2308
flamer
270777
21091985
billy69
woodwind
ihatemen
silver77
sergey-ivanov
sammy9
15031983
qazqwe
tamale
culito
29021984
Sakura
robben
usajobs
1611
07101991
twogirls
dima1993
170282
vanessa5
basket101
padilla1
farid
andrejka
300981
lopez12
spider7
kyle01
30061991
royals1
892
mikey13
Daniel1
13081993
boyssuck
060492
sadie11
ilovesean
dude01
17111982
salman1
23111983
2468013579
fuckyeah1
230183
babygirl97
maiyeu
google22
26021992
1maryjane
05091990
marino1
666999666
girlsrock1
choudhary
holycrap1
rocio1
02101981
pakistan1947
bummer1
yfdbufnjh
ninja7
hoffnung
dudedude1
070486
2707
lunallena
021092
anna23
30071988
BLESSED
samson2
bugman
080589
angelo4ek
reaper13
brian69
apartment
wicca
1qw23er45t
pazzword
zubair
020685
240693
barker1
300683
bitch77
google23
09061988
summer101
240882
beachbabe1
states
babatunde1
4success
baxter01
bhardwaj
23011984
sweetcandy
16061983
gracie08
assilem
available
031091
100694
011089
hunter25
123456789_
gostoso
silverchair
table
28061985
benjamin123
hermoso
050885
cenerentola
03041984
1kevin
oliver99
kaylee2
100181
1cookies
u1v7hHh7eF
fuckme11
peace10
whoknows1
290685
03071985
17061990
19861010
metal4ever
killemall1
110193
lovingu
YAMAHA
callum123
annemarie1
glendale1
yy123456
julita
schroeder
8xxg4Gcc9q
parker11
29031989
minnie11
python1
megan5
religion
mexico99
selene1
khalid1
nicholas13
07091992
24081989
16061984
thomas02
oliver!
redsox01
oladipupo
03031981
rissa1
qazwsx12345
pembroke
221178
240392
whore2
az12345
langley
10071007
23041984
hfvbkm
05091985
gerger
20021980
black99
strat1
janejane
130780
rufina
28041984
grandchase
obrien
bvgthbz
01021981
trogdor1
shan
chorizo
mafiawars1
010884
adrian3
ÑÐ¾Ð»Ð½Ñ†Ðµ
270707
grandma123
198198
010194
29071992
china12
honda4
juggalo2
hidayah
morrowind1
morton1
180392
wildcats12
14031984
moni
130382
nikki21
05021989
pinacolada
120294
jeremy69
cbhbec
011285
stupid5
30011989
redwall1
barbara2
jamesdean1
090984
30011992
140281
dupa11
bills1
abigail123
darkelf
mymommy
071291
091290
onmyown1
18111990
29031984
chandran
08041987
united11
26081991
luis21
lovejones
200581
katinka
fishsticks
100993
19001560
hotgirl12
bastards
piotr
30081987
alliecat
130679
happy07
18051983
030190
s8krIl9u4F
superdude
12345678u
marcus22
gateway3
zxcqwe
070188
150992
02021979
12345611
luis01
chester5
f5GhyjqHAv
apple69
Pauline
25101982
farter
joe12345
2911
198202
14081984
brandy13
yaq12wsx
vincent7
srikrishna
scooby5
02011990
tarpon
300580
151192
tito12
switchfoot
drummond
sasha5
lovelyme
icecream5
091185
09101985
pol123
13041993
250180
140992
420man
251193
buttercup3
12111983
ching
partyboy
charan
yupyup
121484
joeyjoey
260183
portugues
ritarita
willow11
300187
fordescort
560004
fjfjfj
kayseri38
newlife07
ak47ak47
666666m
123456_
110182
ÑÑ‚ÐµÐ±ÑÐ»ÑŽÐ±Ð»ÑŽ
jasmine.
deadpool1
Helena
sandra22
noel123
young10
cytuehjxrf
sheeps
Samson
brutis
abc1231
kaktys
triana
600073
291282
19121983
06071986
chacha123
iraira
pecker1
bedroom1
jamie01
dragon44
angela22
14061983
22041984
060681
zzzzzzzzz
150695
minolta
maryline
slonko
fuck99
280808
youwish1
matthew69
dallas88
kulit
11061983
frida1
imissu2
shann0n
comets1
farside1
black25
31051992
pantera2
111278
081085
jesuschrist1
tanning1
Letmein
tigger.
18101993
brownies1
auntie1
estefani
090287
lupin
nnnnnn1
asdfgh.
150892
250381
9749676621ok
kitkat2
071285
peace01
hewlett1
1808
jessie7
chevyman
sperma
horror1
30121989
tonymontana
08091987
lovesux1
210382
120694
brave1
jesusa
comeon1
123bbb
abe123
stokes
bubblebutt
zoomzoom1
bureau
310393
chris92
snoppy
velasquez
healer
honey10
qwerty45
211082
samantha123
220481
farm
romuald
12041982
11223344q
tennis3
blanco10
tazdevil
sovereign
message1
FRANCIS
legend123
samir123
savage12
nathan15
kirk
ladybug4
victorious
hulk123
sophia01
shimmy
legia1
harley4
200183
241178
london21
whisky1
alex1981
centre
13011984
smackdown2
ilovemyindia
cowcow1
196500
joseph18
pipo
wangjing
bear23
030491
131279
06061983
190783
07091990
semeolvido
jackie23
adrian23
marie95
felipe10
killer420
motorcross
24011992
2199127551
barbie22
mookie123
nine99
241078
24111984
street12
victoria5
il0v3y0u
tigger101
260284
sondra
ï¿½ï¿½ï¿½ï¿½ï¿½ï¿½ï¿½ï¿½ï¿½ï¿½
231293
111972
72chevy
03021990
08061989
031084
Wilson
170192
20091994
10091989
28091985
xxxzzz
pollock
bur
christina3
creative12
russell2
deepak123
28061983
aa111111
aaliyah3
ilovetim1
registrati
07041983
11011994
fylhsq
aquaman
31121982
minami
08031989
boys12
Siemens
ontario1
wallpaper1
110993
b00mer
haters2
violino
050386
babygirl03
solution1
180983
ichunddu
poopsie1
19101982
refinnej
sookie
rbh.if
arturik
autumn2
johncena11
samantha16
01071982
180692
raul123
01011960
pinpon
sparty
caca1234
october08
tajudeen
260787
19041984
TWEETY
250594
bittersweet
25091992
21101983
17011984
Spirit
rkelly
godsent
27111991
flower69
serenity7
111092
chili1
binder
130980
nataly1
addie1
bocajuniors
02081992
hpl
outside1
victoria!
happy4me
atkinson
770077
05121988
rfhfcm
monkeys7
bartolome
cathrine
mustang96
DECEMBER
mylove08
tehran
slipknot5
020191
peter5
u6e6r9hwix
banban
darkman1
element6
door
zachary5
socks123
0312
060390
bandit10
030984
dallas69
05101990
hottopic
q2q2q2
223
guismo
12021980
zoom1234
25031983
sebastien1
051084
100394
king25
20061982
29031986
qazxswedc123
randy12
rocky101
30081989
1pokemon
marco12
telefonica
ge0rge
boswell
240480
330330
soccer29
021082
brandon99
hit
crip13
sanju
260883
1qazxdr5
030884
147852zes
miruna
important1
11021994
babies4
militaire
011188
eliseo
svenja
audio1
fengshui
brian5
198025
makeitso
14022009
06021989
prospero
171180
single3
busta1
tori12
011011
malou
bintou
mounette
holymoly
sonic3
123mmm
210284
peepers1
sandoval1
princess34
10031981
060287
inicio
pop1234
rasta123
passwort12
katya123
chelsea07
1234567899876543
tweet1
sophie22
mitzi
240192
yomama!
061182
milacik
2200
190484
watkins1
230581
teddybear7
550055
20021981
102030102030
nicole96
nissan123
bambam11
123456789qwertyuiop
shyann
joshua25
haikal
22081984
emiliano1
K9g2xpce1E
crossover
Dominic
021185
198401
Leslie
barrera
powerpuff1
171280
official1
jaydon
02011983
denise13
spring123
1qazZAQ!
27081985
500026
manutd10
05121987
261193
m0rgan
andre2
111293
041292
01121988
8675309j
phoenix12
hun
29011992
symone
ilovebrand
titten
ajhneyf
gunawan
denver7
babyluv
peanut8
13591359
171191
fireblade1
milanac
carmen01
rocky23
mike6453
salsal
pink05
10111980
meatballs
devil12
charles5
steven15
shan123
210793
sundin13
prime
miniman
poopoo22
140581
180383
magoo1
17021985
dale123
giusy
asddsa1
sacred1
03071989
04101990
jacek
arafat
bebe01
08091992
1702
a7x4life
humphrey1
10051981
vanesa1
doogie1
outlaws1
jackie10
demon6
killer18
pissed1
Hamster
imhappy
07051992
amedeo
carlie1
1l0v3y0u
mirek
asdfghjkl.
rjyatnf
13121980
142536a
06101987
beehive
sexy91
bandit3
islanders
125125125
catfood1
morgan07
freeporn
220680
superbowl1
hotbitch1
romans8
04101986
gramps
198707
summ3r
superjunio
18021985
BEAUTY
momo13
1fatass
las
y0y0y0
137946
ingram
1tyler
rosalyn
elevation
29081984
wendi
081189
shaina1
Baxter
09051990
redroses1
1scooby
snake12
spicegirls
iamblessed
100478
310183
rfhbyjxrf
padang
08041985
hannah17
yang
puszek
1425
sebas123
smash
reggie2
shaaba
04011989
chevy88
qwertyui12
poppy2
300185
chastity
05051995
07061984
090788
love999
djamila
19101993
linkedin99
010493
aaron10
imsingle
lucrecia
kupal
18021984
280683
nicolae
400061
ert123
171181
13081992
jose17
monk
10101979
060885
070585
underwater
30101983
15041984
dctktyyfz
12abcd
timothy3
04011988
222222q
Dortmund
artemon
society
sherpa
pepperoni1
lulu11
nicholas4
25041984
weezie
berkay
geegee1
miomio
nathan03
04121990
mariguana
jacob6
1jeremy
sammydog1
dinger
bellaboo1
jlbyjxtcndj
chelsea21
25121980
costa
110781
blondie7
nsync
16081985
steven18
21031993
strato
198603
05031985
helpmelord
07021986
only4u
wooster
090586
cookie88
continental
dolce
18051984
grandkids6
mecanico
hammer2
110795
frodo123
impact1
217217
david99
auditor
SANTIAGO
081091
shinhwa
jeanmarc
06041988
090487
22071993
28011990
football83
fifa2009
21071984
raiders10
yoyoyo3
rrr
pool123
27091986
lady1234
07061990
sandhu
821010
antonette
killer0
icetea1
nina1234
myspace95
iglesia
rfvtym
lord12
simens
katie10
frfltvbz
awsedr
500008
16111983
landon06
emily23
langka04
bandit69
blacknight
cookie07
22071984
10081982
winters
admiral1
jjj111
cute15
riches
shkola
blondie12
zidane5
140183
austin00
Ñ€Ð¾Ð¼Ð°ÑˆÐºÐ°
wouter
chauncey1
06091988
198122
negra1
bebebebe
anna10
doodie1
080591
181081
06101988
2222221
coolkid123
annabel1
07021992
191985
190001
221192
thebear
17091982
04081992
galapagos
celestino
trouble3
07091989
230679
babyboy15
firestorm1
gary12
vatoslocos
inflames1
ALBERT
letmein7
oliver5
slurpee
sonja1
sasha1994
040482
0246810
makaron
football86
1forme
18091990
wizard123
india@123
151986
pyramids
bala
090979
adam23
angel#1
gblfhfcs
manimani
batman77
redsea
Simone
youaifa569
wilson11
669966
smarts
10031995
nfymrf
12101994
20101994
game1234
layton
chandrika
adolf
tweety18
slamdunk1
lyon69
dogbone1
osito
26111984
020991
everlasting
wenef45313
birds
26081990
26111988
1champion
hector12
26061993
nitrous
ibm
13011983
hunter55
ivan1234
210883
iceman69
haydee
09111987
06041989
010287
fodase
garrett2
1penis
hotline
w1957a
29111985
red123456
manchita
rascal2
ilove11
fucktop8
300382
mobbdeep
familia5
toothbrush
caro123
lauren18
dupa1234
totally1
enjoylife
hawaii2
051283
emelie
wootwoot
gil
Genesis1
iam2cool
phi
satine
sandy01
29111990
170293
18011985
ainhoa
jr12345
pippo1
qwertyq
013013
environment
chris143
161161
samsung13
14071984
050287
louisa1
panthers89
brit123
358358
sabedoria
123456789ab
breakdown
410410
070390
29061984
lubimaya
opaopa
buddy9
looloo1
bernal
slut12
baby2011
76767676
210577
alyssa06
230582
donut
mouloud
070689
12qw34er56ty
200909
coco14
alex1983
jesse5
daisy4
cool24
richard!
ASSHOLE
pookie7
boomer13
francis2
13041985
020582
kona
gabriel22
khan1234
311281
lupe123
ï¿½+ï¿½ï¿½ï¿½ï¿½ï¿½ï¿½ï¿½ï¿½
aleksej
63636363
cobblers
04031989
16081983
joseph07
akhilesh
thisisgay1
chaudhary
athens1
lovingme
steve01
binweevils
dipset123
130185
241081
27081988
playgame
bayliner
biggun
katharina1
fancy
2811
bigboy21
octopus1
1Qaz2wsx
1269
piano123
caceres
asshole101
travian
trevor2
basti
purzel
mario23
mic123
kyler1
glock23
RACHEL
20091992
killer25
candyass
Montana
16091992
05051981
211081
peaches4
n12345678
tobias123
03061984
yamaha11
foreverand
dfghjkl
191817
tigres1
090908
nirvana12
malaikat
zac
iguana1
cottoncand
match
matt16
allmylife
2502
110051
rosa13
daddy8
orange16
070793
chelsea15
13101310
2580369
prettyboys
31071989
kahne9
sixsixsix
260184
united12
dylan07
slipknot123
onyx
robocop1
hujhuj
7777771
301301
23021994
boudin
skate69
281084
motomoto
beleza
jeepjeep
ÑÑ‡ÑÐ¼Ð¸Ñ‚ÑŒ
horses01
161080
feanor
fatboy3
cheese8
come
050991
anna1997
010583
kozlov
madarchod
jade13
100179
football94
robertino
CHRIST
010782
09101987
boston7
198205
miguel11
navyseal1
azul123
Darling1
2802
10061994
randi1
050684
delia
woods1
tdutif
05121991
uytrewq
inshallah
poop01
david77
sparky69
jasonb
tacos123
27031984
crazy1234
carisma
starfox1
windy1
30101982
izabella1
12121978
071283
kris12
10091982
2209
garnier
rugrat1
08071988
papamama1
tiancai
HEAVEN
modesto1
trilli
27051993
bigman12
woogie
270580
02101983
drew22
16111992
123man
violence
chrism
240285
Angel123
over9000
changeme2
21041993
retirement
winner11
SEPTEMBER
frank13
180583
duckies1
tobago
06101989
rai
cody10
199393
vc123456
26031993
sept19
doggie123
12081994
tyty
ellada
mylord1
aarons
69966996
nicolino
fortis
26051985
03081993
26041985
karlmarx
skipper2
sugar11
500033
jannik
charmed2
callahan
leona
alex111
m1ch3ll3
2112rush
199515
070289
03101986
teamo14
naruto94
17111984
070389
741852a
que
eastwest
sundevil
fuckoff22
789521
08051989
29051988
liverpool09
hemlock
Katherine
zero11
12011983
04101991
evil123
050783
rocky21
010383
jamaica123
johnny4
zhuzhu
071286
godsfavor
bandit22
elina
brinkley
140781
ninja11
pretty15
blue777
yellow88
alexander12
07071994
leeryan
22051983
sonechko
231178
sammy07
froggy13
20101981
120875
mariokart
000069
cellardoor
angel34
peaches69
juanjuan
05061983
thomas89
yfcnz1
nastya1
22011993
260482
seeking
marina13
00000008
batteria
chris.
bogie1
10031994
w1955a
12213443
socool
anna1995
westside21
peanut06
basket11
unity1
07041986
midwest
crazycat
bahagia
011084
thebest99
27061984
Pebbles
081087
honda98
040885
1234wert
ilu123
karol123
hisham
101012
199311
oaxaca
mitten
010171
turkish
260680
290884
12081981
junior9
09031987
199611
montblanc
15021993
JMFxL78nhe
250193
branco
alianzalima
england7
roxy10
1f3Q8AunKE
casper69
comandos
001972
selamat
tinkerbelle
eclipse2
eddie13
pirulo
sharad
190591
02091982
aaaassss
200381
070885
frederique
vvv666vvv
porcupine
samuel13
03081986
spookie
998998
24seven
girafe
bj1234
33103310
naruto24
butch123
mancha
homeless1
gabby13
14031992
player15
200810
maddie3
s1s1s1
cghfibdfq
william16
10011993
jarrett88
21041994
tiara
sardine
trucking1
TPklmQ9668
mindless1
11111aaaaa
300482
trinity5
amanda06
estefania1
fernando9
rideordie
molina1
16051984
dancer16
202
Toronto
stephanie8
florida09
fuckoff9
griffon
sasanext
summer89
13041984
comedian1
manuel01
500050
fotball
bankhead1
060887
751953
carter01
198203
140192
04011985
01051992
scooter4
16071986
parfum
270284
newhome
lemonlime
marie89
alannah
raiders81
a1a1a1a1a1
chris04
311280
03011985
pringle
professora
sandi1
sexy03
saintsrow2
sangre
ryan24
keziah
maple12
daniel96
invader1
loulou123
kayla15
170283
andone1
master101
fktrcfylhjdbx
diva101
080292
2ps5wLc4xQ
060609
Kenneth
uchiha1
toxicity
200482
11111k
jonathan8
student123
lauren15
lovemylife
ginger6
1chick
170992
brian23
mikey7
180682
allahu1
2277
lsutigers
22061983
kiefer
michal123
heihei
171080
ginger14
kristofer
chad85
280282
07081988
god4ever
museum
jeff11
25041983
jo
06081984
jamaal1
manuel11
24071984
reddevil1
Lindsey
siberia
anna1998
leto2010
boss1234
11101992
nimrod1
nuclear1
scotch1
mando1
poohbear21
04031986
tuna
060388
051182
1606
hamster12
14051983
10111993
1234aaaa
21101994
121096
27071983
24011986
090290
savannah3
26031989
joao
rdfhnfk
anime101
09071988
270583
vivi123
030591
harry11
bujhm
butterfly123
220882
love50
mylife12
amber08
domingos
nixon1
07121986
qw1qw2
super69
hokies1
lola13
pancha
horses7
sat
191086
sexymom1
kcchiefs
04021990
ksooz
fishin1
250481
2552
230182
160481
lanlan
greenville
teamobb
ivan13
09091982
goofball1
montana123
jerusalem1
cookie18
melissa9
alessia1
awsome123
14041982
leslie2
nihongo
bleach12
1988comeer
yoville
southside6
291081
ja8yc8uxsx
17111991
05041989
09081988
marley01
DsmWssR955
jomari
eeeeee1
manhater
06101986
10041982
tongtong
070489
2606
nothing!
14081992
friday12
Elaine
starman1
amanda25
0410
maicol
nails1
170292
151985
daffodils
lele123
08021992
vanina
06121985
270982
redwolf
davidj
145263
140580
donald12
22041982
261281
100578
ace154ever
041083
cheeta
fernandito
18011984
nana23
jenny22
alalal
aolsucks
vitara
kevin!
400604
09101991
110394
mani123
3105
serendipit
emma07
loveguru
spacey1
shaquille1
pasha123
5starg
zamalek
100677
187
310384
reaver
porno123
123234345
romanista
132333
newlife7
booyah1
skaska
iloveu15
mustang94
wolves123
race
overload
william06
220578
rodriguez2
steven16
monkey78
atanda
zooropa
flavie
theone2
love1111
babe01
14091985
08101991
david.
050291
hannelore
hollister6
galang
siberian
140295
050387
200480
sashas
jayjay13
123pimp
gemini23
12345698
nassau
kitty16
08011990
gopher1
220183
luke01
eminem5
blue29
whodat
memo
babylone
money2008
invaderzim
unleashed
imbored1
choco123
basement1
money$$
factor
1thuglife
12501250
250781
198427
jayden04
wayne3
190282
favorites
050785
01081983
08061992
skate4ever
heater
guitar4
party2
merlin11
02041980
24031985
akinwale
060785
kai
bigboy14
Sebastian1
123happy
19851986
prince21
25021984
110577
jason18
lavida
hoobastank
18051994
steward
adi
221989
shannara
260892
boulder1
intense
zasranec
1pickle
diane123
milhouse
210681
27041984
ilovem3
hairy1
shutup123
180293
qwertyuiop1234
jimihendrix
huntington
sniffer
summer17
RiversideC
jazzy13
mikel1
rage
eden
groundhog
08021985
nfqcjy
1144
sundari
9379992q
computer8
poiuy6
hello45
poissons
1923
newyork10
160991
fkbyf001
flathead
grad08
010881
Mark
04011987
300192
baggins1
31011986
05121992
07011988
rachna
charchar
09061990
alanis1
010283
navigator1
lastfm123
puta
mostro
adeleke
lis
stafford1
10051982
159357q
classof12
010286
171082
1236540
kitty08
b111111
1321
yuiop
170382
rainrain
flashback
selena2
flossie1
mookie12
131984
wizards1
janani
boone1
hammad
UGAuG55jdb
barbie69
22101993
bonou2
060489
joker22
balla4life
haribol
dr4life
mclean
15121994
halliwell
dirtydog
buster15
20031980
pitbull3
pratap
18061989
striper1
jackhammer
ginola
nyq28giz1z
longdong
solare
amethyst1
10061993
brittani1
jordy1
160493
301191
g00ber
iseeyou
bitch89
1goddess
guitar22
cheese6
dallas24
240981
Yfnfif
brentwood
margarita2
2323232323
2406
travis3
roses123
favored1
300891
single10
160782
blow
love1985
090488
night123
alejandro7
tiesto1
kinetic
purple28
010892
Gordon
06051986
26121982
cupcake101
usa
apple99
packers04
cassie10
08101986
sarah08
lexus123
24051993
adam21
25081985
31051984
liljay
spider01
250780
atlant
anjing1
peejay
dolphin8
alegre
trevor11
dirtbike2
babolat
120394
masahiro
170483
yourmom11
lampard123
falcons2
24031992
18101983
lapins
hateyou2
blue05
wijaya
hanuman1
wang
frenchie1
050491
bet
180681
090189
vivitron
knight123
bakla
00000o
mansion
paralegal
060585
one1two2
voetbal1
21041984
jager1
lugano
328328
cleopatre
gfgfgfgf
gabriell
280782
manilyn
tigger33
codydog
kizzy1
cb1234
victorhugo
000003
tuananh
renzo
020592
imhotep
177177
garry
shadowcat
mariafernanda
weareone
fernand
280287
010106
2hott4u
doutdes
chinita1
iluv69
samy
23071982
j7777777
231278
cadets
requin
lmfao123
Lincoln
jonnyboy
mefisto
shannon11
01051982
firehouse1
killmenow
tennis13
Feder_1941
blondie3
fresita1
1chevy
traxdata
198607
marcos12
151987
4848
pele10
krakow
210593
24121983
mahler
22111982
blink183
123mom
080389
10101977
julian11
register1
caralho1
water7
1gabriel
21081984
princess29
01031993
tomtomtom
doorknob1
131987
1please
051082
liverpool11
melissa.
rc.irf
stupid4
olivia4
adrian08
asdfgasdfg
ak123456
500062
orphee
06121989
jonathan4
lafayette1
dinodino
jack08
26101993
nikon
02061981
03051992
190382
180186
040891
sweetlover
harajuku
chelsea.
ilovemymother
cameron9
password2010
sponge12
babyboy!
serpico
sammy69
fakeid1
aly123
benjamin7
26091992
pipopipo
joseph9
goodyear1
nasfat12
jenny69
steven4
deinemutter
abcabcabc
catgirl
04091988
heydude
naughty69
pollyanna
braydon
arenas
daniela2
freak12
7979
ÐºÐ¾Ð½Ñ‚Ð°ÐºÑ‚
11261126
blood4
pooh08
16021982
040583
Brenda
fletch1
200492
asqw12
fkbcrf
130480
151181
pantera123
jo1234
04031991
26041983
110594
alinutza
maciej
pimmel
gofast
190581
christen
getlikeme1
3004
bharati
katorse
13061983
101276
horses5
2bigtits
201988
100493
redeyes
1houston
everybody
ethan3
brianna10
11112
26071983
getmoney07
198224
satoshi
aaaaaa.
ajax
26061983
16031986
197411
cool69
251079
01071993
kayla07
sebastian3
190885
burak
060592
pacers1
kayla22
300882
221279
saltanat
110277
qweasdqwe
199218
270182
1pothead
delbert
delivery
2407
infiniti1
ramses1
duckman1
chocolat3
110694
louane
shayan
yamada
Walter
youandme2
eminem23
kisakisa
040291
cacapipi
13031993
290691
charlie16
drawing
7angels
jake15
04031988
surekha
12051994
tijgertje
ilove14
95mustang
superman33
19041982
whatever8
victor7
1112223
160492
020984
episode1
hobo123
qwerty20
sekhar
harry5
02031995
xavier11
20071993
12345678aa
gallagher1
kitten01
meduza
ethan06
garfield12
26081989
1w2w3w4w
skoda
jennifer6
17051993
annaba23
darklight
marie25
ipanema
04051992
020186
2525252525
chakra
14061984
orders
minombre
gwyneth
papillon1
fordman
a11223344
29091984
renault19
photon
250693
24031984
111222q
5353
02091992
rfhnbyf
keerthana
19081908
pencil12
penis11
shital
anaheim1
marie20
178178
hanover
gibraltar
mary22
joshua88
titanic2
619
rocky69
daniel92
darkhorse
arrakis
140780
21091982
scuderia
sophia2
ainsley
belkin1
15011984
Brianna
fireplace
16041984
edinburgh1
141986
rjnjgtc
jonathan16
191986
061084
monkey04
199696
1922
01061980
audition
ï¿½ï¿½ï¿½ï¿½ï¿½ï¿½ï¿½ï¿½ï¿½ï¿½
23091984
troia
anabella
080290
300680
29121984
breakdown1
pompon
04040404
descartes
amanda1234
golf11
30091989
060786
beaver69
260591
16041989
mylady
cowboy10
leonardo12
1423
031282
bluefire
nadanada
wander
08081980
buttbutt
bombshell
madyson1
arcadia1
maryjo
28031984
p455word
roxydog
lovedove
nigger9
blood6
bloodlust1
number33
monkey420
180283
smiley3
xpress
20051980
08021984
1malaysia
donatello
goofy2
deathrow1
babala123
kaunas
vtkrbq
harry01
a7xa7x
jake101
lisandro
gunblade
600033
july02
bizarre
kourtney1
salem123
elbereth
babe23
ripdad1
197512
kaulitz1
ladydog1
clare
Happy1
zhjckfdf
4thekids
290491
241987
xpressmusic
caroline2
coaster
25111992
ï¿½ï¿½ï¿½ï¿½ï¿½ï¿½ï¿½ï¿½ï¿½
191291
naruto0
240792
djdjdj
smiles2
28071990
0812
4xxlqU94yO
143341
candyapple
31101992
#1daddy
159753852456
jubilee1
123pop
courtney13
jesse01
nomad
121177
232
12081980
sticks1
1933
sniffles
21071983
240781
420pot
pato
04021991
0512
400021
324324
negros
client
010203040506070809
lovers09
140883
raymund
samsam123
30041984
ANGELICA
internal
bubblegum3
030381
280783
123452
1231233
paintball3
asdffdsa1
honey8
271280
schoolbus
251985
imran123
dillan
summer24
mewmew1
waffenss
princess44
TrustNo1
wazup1
lovely18
pebbles12
japan4
daewoo1
Steve
yourgay
felina
lifeguard1
Johanna
studly
dark1234
fiona123
19966991
leonie1
090289
bballer1
emmalou
kissthis1
dragana
bobsaget1
slutface1
battousai
198207
manuel10
7845120
290582
fhnehxbr
breebree
mylove09
i4gotit
tigers4
gatekeeper
55555s
02011991
lunarossa
1452
jupiler
1alyssa
251279
170481
deuce1
bumerang
inverness
22121993
vfhnbyb
122000
messer
010291
081086
juana1
keira1
normajean1
Vfrcbv
kiki01
131989
265349
30081985
020684
htrkfvf
07091991
kaibigan
ibukun
sargent1
beer4me
lemmings
03121988
041281
17111992
amoremio1
pitbull12
open12
oracle1
newuser1
77
jaclyn1
250282
shelby!
charlieboy
gabriel08
sushmita
marsupilami
montoya1
08051986
manny12
elijah07
tommy69
260492
teddy13
155555
01031982
Rocky
198507
170393
thelordisgood
buster9
23041982
020492
rachel24
elephant7
john33
50
gofish1
19021984
segovia
Dragon12
anjela
solosolo
440010
milion
martin06
polite
fulton
purchasing
telecono
28011985
lunatic1
280992
1a2a3a4a5a6a
perro123
302004
lilman3
adagio
cece123
hardik
yfltymrf
sexxxy1
sept26
pthrfkj
weedhead1
Hello1
bkmlfh
071282
spicey
jacob9
021281
spock
256buoWriZ
16051983
1212qw
20081983
babycake1
040682
denice
Alicia
malmsteen
1savior
1popcorn
motleycrue
fishcake
18dummy
chelsea23
dylan10
maria6
qawsedrf1
201079
wolfpac
jb123456
ihateyou7
lucky!
buccaneers
160282
1letmein
01101983
maldini3
freiburg
02121992
040591
18071984
ratboy
161192
270594
050985
deutsch1
jessie!
123.123
darcy
rediff
196700
06121990
Money123
virtue
blah22
yeah12
15321532
kasia123
ted
killer34
fender69
guyg56fghf
010784
supply
elijah08
01101992
rimmer
dominicano
190483
panda5
07121985
nowhere
030492
Abigail1
andressa
2712
mugsy1
071192
21101993
magique
021192
azerty789
sanders21
18081983
18081984
athletics
bigdog11
03031980
xantia
qasdfg
rainbow23
lynn22
fucklove14
papero
master15
football05
mohan
harley77
15071982
tempo1
taipan
121299
surfsup1
300582
1brianna
newark1
600078
cococo1
three6
230381
nasty69
pimpin22
lupita12
*love*
infinity8
05101991
260283
fuckme666
pretzel1
daniel97
skittles13
230180
110878
210695
vasanthi
scooters
070985
gene
17071983
nunzio
cazzarola
bb
ulrike
ducati748
pimp20
vvvvvvvvvv
christal
liebe1
021083
kaitlynn1
270884
28021994
vaness
gus
dezembro
alberto2
aftermath1
pharmacie
anhyeuem123
kinger
pooh09
10021982
kazama
treetop1
02031981
pancho123
02111990
sexybitch!
12345lol
cynthia2
06031988
sleepy13
colonel1
magiya
newlife11
joseph.
cheer22
welcome4
piglet12
201293
dreamy
07081984
hockey26
nyjets1
music9
popsicle1
201093
nina13
270495
deluxe1
loveme17
190291
c.ronaldo7
678901
shadow02
chargers12
trendy
jm123456
191181
antonela
vivek
raffy
joann
fuckme22
04091987
formentera
1qa
harlequin
salisbury
150780
sept14
13071983
22111992
201281
love1998
thatsme1
06021991
loquesea
marilia
chachita
vivalabam
dikoalam
sadie3
lolol123
30011988
daffyduck1
190481
190191
shivbaba
qweqaz
junction
sanches
16111984
150680
cxzdsaewq
nitsuj
nkechi
130183
305mia
eagles06
ambrose1
newmexico
chiave
19071995
comercial
d111111
seven07
mellissa
mich3ll3
nassima
zachary11
cometome
krisna
goalkeeper
mihai
diego13
nothing.
071191
290682
ronron1
qwertgfdsa
sk8ergirl
mother6
derby
miranda3
parkside
weezy123
ditto
salasana1
ingles
anthony101
08091990
chucknorris
slavka
ireland2
040190
31071992
golden11
mabel1
hustla
197810
1singer
19111989
19841010
ersatz
111111l
maria17
osbourne
allsop1
psicologa
27121984
011092
240493
cash1234
brand
kubrick
thanhcong
600024
chinook1
13021302
melocoton
090591
090789
290885
fuckit13
26091983
meatwad1
dillion1
logan07
3grandkids
marissa12
Cthutq
yahoo10
i123456789
hihihi123
kenken1
030309
baby67
merdaccia
devin2
311082
#1baller
farmville
06121987
ahahah
ilovemom12
whatislove
los
kahina
mojojojo1
aries123
210394
trophy
hoi123
sagittario
baby56
ferhat
hummer123
kamelot
hiawatha
onedirecti
goldfish12
302020
30061984
flasher
13011993
15121980
040191
400062
sasha12345
240881
chaotic
08021989
26071985
apocalipse
20081982
13031983
kaylee123
hooters2
chicken21
sim123
love2fuck
09041991
210480
xavier3
AZERTYUIOP
peace23
personne
Winston1
16021984
121012
tucano
illmatic1
140481
111081
12061993
neopet12
orlane
060791
09051983
squid
rollin1
demon12
1803
chivas21
football91
06091985
gfhjkmxbr
inuyasha7
heloise
sarah16
faustine
ybnkoia569
november08
remember12
beba123
newdom
ad1234
bmw330ci
23021980
hiphop7
hilario
1212qwqw
200781
angela7
240292
highfive
fabietto
06091986
bruno12
560003
Packers
keepsmiling
100894
04071992
keines
driller
310385
love4real
15901590
net123
25031993
abc123!@#
july01
150693
emily08
baba1234
abcd@1234
skyfire
bellbell
academic
katies
06011989
26051984
131293
feliciano
pretty09
qsefthuko
clockwork1
kelly3
i.love.you
cosworth1
bernardo1
lovesux
27081992
yuvraj
fuckhaters
whatever10
almaty
slappy1
160592
clean
diver
Chicken
loveya12
restless
041191
kaylee12
aikman
j3nnifer
810810
razzle
123012
myspace28
pretty8
241279
brittany8
140293
bofo100
jesus316
10061980
rempit46
coronel
2805
130000
azteca1
cacamaca
nani123
austin24
karebear
serega123
011189
jangan
1098765432
melissa14
0912
qqq222
toto12
m666666
missy7
hooter1
241991
thebest12
lauren8
123578951
east13
kaka10
limited1
toiyeuem
23071993
szkola
04071989
090689
28061987
orsetto
alivia
basketbal
yflt
07051984
blood7
birddog1
trafford
XJCrI66kfd
202001
kodaira523
220879
soulfly1
ward86
je
slapshock
alexis00
graduate1
colts88
driving
15081983
cre
1509
22051995
phillip2
17091993
12091994
hihello
180282
040481
020391
pepper14
brian21
27011990
scrabble1
05111987
kiki22
040290
16091983
2million
brittany18
newyork8
200792
jacoby
16121982
focker
08031992
7777777z
theking123
norway1
25011993
southeast
Millie
15041993
1tinker
zoccola
250679
mart1n
231193
muffin7
kathy12
27051984
georgia12
naruto93
gabriela12
kenseth17
chels1
05041987
nanana1
wolfen
031184
220182
canon123
yankees!
30091992
alex1980
spanky69
heinz57
dempsey1
zaqwsxcderfv
24061982
061192
15091992
allah99
child
fellowship
k123098
050288
energizer
05121984
18031990
cynthia123
bitchin
2143
130479
130981
qwerty765
07061987
02121981
160792
240782
alexis16
america15
lokomoko
171081
secreto1
asdflkjh
baseball29
yomomma2
220393
lakeland1
123456ad
rileydog
250878
yugioh12
250192
25111983
motard
chessmaster
08061986
luis18
1231231230
11271127
29111986
mybrother
PUSSY
alpha1906
benjam1n
150182
mamas1
05041986
notyours
11061981
1qa2ws3ed4rf5tg
number18
03031994
michael00
200392
centaur
marines2
yell0w
06031985
whatnot
08021991
scott69
09051984
280182
230881
marcus13
hari
fallinlove
brenton
wootwoot1
aymeric
lucas01
13091992
indy
teddy7
thething
star20
blanah
peanut15
bikerboy
randy2
brokencyde
05111991
kool-aid
precioso
charlie17
qwerty1990
dianas
annelise
260981
300191
joey23
332335
ashely1
kinga
iloveu4eve
meeting
junpyo1
choppa1
100495
adolfhitler
polizia
natalija
kathmandu1
24061990
061183
gauloises
nighthawk1
112131
08021988
mommy2be
1larry
fartfart
hot4you
200681
application
catdog3
bubblez
bianca2
charlie24
sem
250792
cosenza
111970
18011992
tink08
scott11
010592
040189
180382
ypt123
breasts
roxie123
290184
ava123
skunky
198515
040883
abccba
chrispaul3
22121981
tro
huevos
baby87
251194
041190
121973
meridian1
mag123
9086916264
vauxhall1
ducati1098
171987
02061993
iloveyou04
peanut99
coco69
diablo69
jonathan!
04121984
dracon
1802
040483
20051981
grihan
hat123
ï¿½ï¿½ï¿½ï¿½ï¿½ï¿½ï¿½ï¿½ï¿½ï¿½ï¿½ï¿½ï¿½ï¿½ï¿½ï¿½ï¿½ï¿½ï¿½ï¿½-ï¿½ï¿½ï¿½ï¿½ï¿½
3344
lookup
ana1234
170682
2408
Alexandre
wealthy
06041991
11011983
walker123
270592
caleb2
040785
1jackie
eeeeeeeeee
150378
190592
bellamy
1fineday
07031987
9988
natalia12
14041994
jaxon1
21091983
tBFj7No671
guzman1
rfczgecz11
bayram
iceman23
teddy01
sugar3
zoey12
power13
iloilo
pimp45
rfhectkm
asswhole1
ytgfhjkm
q1111111
tourism
10091983
poopers
07121989
tivoli
11121993
skorpion1
babyboy22
School
april2008
sasha10
tiphaine
lotion1
jasmine17
310882
15011992
joseph8
arequipa
brian22
Marianne
08021986
puppies!
301092
lucy22
lovejoy1
platoon
5grandkids
211293
090787
0612
bigdaddy3
210182
songs
money247
zxcvbnmzxcvbnm
genesis123
180992
04101984
oklick
fuck999
mopar
22021982
miss123
sa
cowboy21
27041993
sierra13
20304050
calliope
me4you
250980
020693
030680
pandit
23091983
boston10
08101987
nikki14
brielle1
obvious
fluffy!
brownie12
ihateu!
23081983
07101986
junjun1
123456kl
aparecida
christine3
lilwayne13
skorpio
skater6
rockstar01
bulldog11
timeout1
robert77
09081989
15111983
rhianna1
jerk123
mmm666
letsgetit1
kzkmrf
trickster
tw
280991
juehtw
telefono1
barsuk
sweeper
giugno
katie22
yellow17
27111982
rockstar4
azeaze
james77
01121992
29111984
301083
majestic12
15051993
250284
dragon26
honda69
melchor
niunia1
julija
saber
27101984
himura
bunny01
havana1
fuckyou87
290384
oxnard805
chiens
potatoe
28011992
130593
leapfrog
211111
novembro
040288
311292
240980
fairydust
5zgb2T764B
ass1ass1
820820
19051995
08101990
261092
korede
zoolander1
070794
humanity
200980
julie2
22011984
superhuman
09101990
horses4
fucku4
stargazer1
fregis
anna1988
2601
hjhjhj
newholland
NO
twilight14
07031986
vbkkbjy
campanilla
band12
241193
20111983
121269
123456789abcd
elle
metal6
24091992
digital123
220991
10011980
hannah97
Spiderman
wetwet
smack1
sergio13
cheerleadi
LUCKY
3010
poopie3
jack5225
buckfast
donnell
grounded
noentry
halina
06081985
200184
jessie10
marine01
missbitch1
bambus
trashcan1
curley
andrea16
301081
GFHJKM
66666a
rachel14
huangjin1987
murmansk
000111222
bunnys1
ditto1
letmein3
niniko
010691
1sweetpea
abigail12
199117
bhavna
199010
topgear1
14021995
kzueirf
230379
krokodyl
teremok
kiss13
water23
30121982
cartel1
1drowssap
ayinde
1apples
1scarface
marmalade1
amadeo
123india
martha123
11091983
gitler
robert06
2funny
braulio
12345678abc
gazette
nike21
06011986
evidence
04121991
151079
15001500
review
bf4ever
lampard08
2604
free4me
raistlin1
cmpunk
foreveralone
sassy10
anajulia
armelle
15101993
jazmyn
whateva
skoal1
gdn7414
8585
jagannath
carrington
lottery1
june1987
sammy!
charliebrown
130193
12041980
100280
bahamut1
230382
warden
2741001
shoelace
perfect2
101176
110379
crystal69
01011965
240893
drew11
neha
gundam01
miguel23
161988
lovesex1
040791
161292
1johnson
mickey18
anne12
z111111
bmw320i
minimal1
29101984
jake07
sarthak
jayda1
padmavathi
forever9
101097
09031991
Bentley
29031992
hobart
$hex
strat
02011981
jennifer9
mistress1
fuckhoes1
30041993
stef
kayla09
naruto18
25112511
270481
newyork4
160283
shotgun12
lara123
228822
dima1992
021284
soccer4lif
tester01
moomoo22
nicetry1
residentev
140882
19111988
darksoul
polka
31011984
AaVlG728
college2
montagna
230577
gabita
my2boyz
sajjad
171092
pooh07
getmoney6
surf123
greater
03091984
akucintaka
emilyann
ekx1x3k9BS
golfer12
rose15
gigigigi
222999
nt
greenday10
020880
annalise
rich12
1346790
14021993
220980
hahaha11
abosede
cdtnkfyrf
kayla!
dragon92
destiny!
zeke
eureka1
pokemon21
rad
boost1
peavey
cecil1
school09
mercredi
sally12
latisha
lalo
custard1
loislane
britney2
22111976
woobie
sept28
beaute
1603
flora1
leighton1
isidro
kennyg
221001
tinker10
bubbles16
bmw318i
tokio
chris#1
palestine1
ricardo2
a123b456
17021984
12345Q
slater1
03041993
smoky1
naruto17
ara123
jai
disc
playboy22
iloveu1234
helloman
abcdefg.
198309
14011984
198506
bopper
xk55xDxCYR
maxell1
030394
steven17
erfolg
05011991
china2
03051984
danielle8
homestead
hoanganh
012345a
diamond!
craft
03031995
kindred
booster1
donald2
panda3
199020
05081984
170684
ali786
ishtar
adrian21
oreo13
sept29
lauren99
kratos1
boxer123
water22
200192
gifted1
demarrer
chad12
hamida
cicamica
PLAYBOY
nikki8
150395
lytWa813iB
caspian
010195
puma123
dkssud
7896541230
141081
alesia
22051982
310392
nakita1
DENNIS
juergen
chloe5
patrick14
estopa
cancer7
halowars1
pitcher1
29011986
mack11
excellent1
2pSXVVd7
09121985
19281928
09081984
23091994
310792
optimistic
paokara
11101993
dirtbag1
06011988
alias1
alejandro3
gothic2
ncc-1701
27101985
help911
mariel1
bolivia1
school1234
59piru
aspirina
youandi
hakim
kardon
carlos24
171984
agata1
21121994
1sexyman
punkrocker
198314
boogie123
dexter21
kloklo
010681
calamaro
15111981
corona13
mikey5
29041984
1soldier
160880
22071994
1456
hotspur
mexicali1
mybitch1
sen
lashae1
tweety101
jordan93
121202
chichi2
071085
fourboys
myonly1
178500
140208
myspace90
belly
rayquaza
stratus1
060784
alesya
rangers1690
170170
28101984
1babydoll
olivia!
1qwerty7
ï¿½+ï¿½ï¿½ï¿½ï¿½ï¿½ï¿½ï¿½ï¿½ï¿½
wolverine2
lololol1
carbon12
02111988
assassass
molly101
jordan94
21031980
diogo
250579
brothers3
salam1
230281
stephen12
ethan05
161081
junior02
dogs11
22101980
27011985
jared12
komo123
dumitru
addicted1
020680
30031993
anacleto
candy09
wolf11
br0ken
290492
050489
emachine
opensaysme
khairul
kalima
dominican2
06051989
finder
escorpiao
myass1
23101993
ilovejose
25011994
jeremy10
bagpipes
rafal
12061983
xdf65b6666
150193
clinic
443322
mamoune
angelina2
brisingr
07121984
taobao887
spike11
mylife09
154263
iluvjesus
harbor
santos12
1barbie
wel
erika12
ljames23
jacob!
sybil
rakizta
120396
mommy24
031182
lindsay2
170893
08091985
kamryn
speakers1
shovel
030189
twentyfour
16031993
stomatolog
protect1
010176
10101996
yahaya
cincin
natalie5
igorigor
spider69
viper2
cupcake10
Corvette
putter1
301181
cheese9
11041980
cumberland
stephanie!
altoids1
280482
dario1
bigtruck1
girls4
200993
chrysler1
marcel123
gizmo3
071184
27111988
emmett1
06031989
pariss
010792
basspro1
26011993
dylan7
123123c
45683968
kamille
climax
1marcus
jeffrey123
380009
qwerty98
1aaliyah
poohbear08
abaybay1
doradora
solar1
131078
angel4ever
198413
241179
star89
121266
19021993
15081982
venus123
babyruth
play12
madurai
4815162342q
dunkin1
400000
09081986
churchill1
hola11
05101984
25101993
hayden08
radios
homestar
dakota4
nightingale
01041982
140692
skillz1
sys
Minecraft1
man1234
sluts
skater16
simplyme
111277
nemanja
joselyn
may1990
hakan
fraser1
dicks
linkedin1234
18121993
rascal01
poohbear15
1panther
football97
windows8
laura22
15061993
codybear
shaun123
genevieve1
dehradun
compaq01
010591
cherry8
198221
karan
honda97
lucila
fender01
240494
trinity01
02121982
danilov
041183
moschino
22101981
210993
111111c
131093
waylon1
8rlB9l1sqU
579395571
charlie18
eatpussy1
lovehim2
flubber1
06051983
280383
mollie123
198714
deangelo1
chatham
tommy01
morita
25011983
martinko
123123aaa
chanel2
buffy2
autumn11
england2
redfox1
polar
04011990
drumnbass
isaiah123
65432a
malakas1
17051983
knight12
08041984
guessthis1
261280
1420
babyface12
blanquita
casey7
missthang1
camila10
150880
lovesucks!
shah123
legenda1
faith13
14041983
gin
penguin11
alex2011
tombstone1
suzuki600
shippuuden
jackson9
godknows
emily14
231078
15031992
raster
020281
270682
metallica5
charlie05
vlad2000
meditation
09031989
robert88
19011993
vanechka
560027
Heaven
korn12
020580
199316
eminem21
vfr800
marlena1
pussy9
portugal7
27011984
marzipan
dirk
army12
15041994
codename47
hooligan1
hajduk
penney
postman1
redsox21
110894
queen13
moon1234
jeremiah2911
777222
mann
apple24
chapulin
asus
kokos
frankfurt1
opportunity
zepplin
tristram
smiley7
fedorova
kjv1611
bill12
250879
777123
03041983
anitas
vegeta12
nigerian
1teddybear
samuel7
2100
18121981
23031995
junior.
bosshog1
20011982
16091984
rebecca3
methodist
nine
mariarosa
pretoria
ribery
199514
qwerty76
Thomas1
smith12
lluvia
darshana
cicero1324
nick17
lemonhead
jeferson
anna14
smokey23
asdfghjklz
badass13
dragon007
andrea!
shaila
170482
11061993
jacob09
lifeboat
1q2345
turkey12
03111986
lupin3
alicia13
vasquez1
gocubs1
toenail1
danielle23
lumpy1
Welcome2
aaaaaaaaaaa
virgil1
111122223333
224224
moonman
victor3
25111984
06091984
100395
010387
death5
marieke
bmw316
23081992
boogaloo
lou123
07081992
291280
090191
josh101
616263
2612
lancers
lucky25
muffin22
javier2
04021988
alexis17
jojo21
loveyou23
smoothie1
pirelli
160393
0305
Nintendo
lyrics
saints123
fenerbahce1907
braces
21011993
stephen7
kyleigh
dallas81
gamestar
xi345BJFVP
edgewood
18051993
groningen
13111992
moonlight2
chienne
iloveubaby
2muchfun
frechdachs
251986
newera1
jenny21
forever27
12011982
anyway
15031993
10031003
chato1
150481
crazy09
baguio
iloveyou29
saddie1
merlin13
nexus6
chapis
199018
230493
282930
permata
16041983
sandy7
198616
220679
DDDDDD
tam123
bugmenot
banshee350
doggy7
djkrjdf
lovemenot
juandiego
letmein11
678876
sexygirl69
03011988
seekbang1
040592
198328
alevtina
sarah17
160984
babydog1
bobdog
030191
deb123
password54
08051992
horses10
1hotchick
sudoku
porsche9
01091981
090589
09041988
johndoe1
07101985
2sexy4you
06021984
nanonano
12345678ab
1z1z1z
332332
24061983
27061983
midnight01
sommer08
asda
s55555
06091983
010985
prabhakar
yourmom13
rockstar15
serrano1
baphomet
blackie2
30091990
iceman11
fred22
2541435
13121981
305305
190186
24051992
rafa
vitali
adinda
03111988
happycat
kjgfnf
vista
lala21
janka
21041983
lovepeace
1234567892
dayana1
aqua
samantha15
bondage1
14021994
deerhunt
050390
040409
06071983
92631043
linkedin10
14011990
ultima1
loser8
021191
daytona500
198916
21091993
kk
000420
leopold1
250880
spiderpig
peach123
080588
04101987
8888881
svetlana1
albany1
15021982
casimiro
tahoe
07051983
ihave3kids
greenman1
macherie
231093
babyboi
playboy16
payday1
juicy2
ivette1
010482
socialbook
doggone
coheed
05081990
04021985
morgan09
124536
240580
antonio23
branch
560064
old
malysh
monster99
kazbek
cooper7
pasodeblas
10011982
ganda1
tomkaulitz
weezy
timofei
gbaby1
coupons1
gokhan
1cutiepie
070987
blessed12
roleplay1
100193
gemini123
johnson3
hellomate
ï¿½ï¿½ï¿½ï¿½ï¿½ï¿½ï¿½
shopaholic
1726354
pineapple3
stressed
11051994
denver15
0214
SCORPIO
max2010
1iffQb66tW
foufoune
24071980
bungie
golfball1
freedom6
lild12
00001234
anna1991
150380
takeover1
kailee
carmen13
12051982
m55555
060984
jonas13
crusty1
ramstein
honey07
kir
170993
nick09
vfvekbxrf
eminem22
bozkurt
gordis
04041981
tetsuo
ness
JEROME
04081985
030892
220392
220793
sorento
567
270292
f0lhVBoK
23081993
2muchmoney
dududu
nightowl
greygoose1
castaneda
scopare
billy11
nayara
280982
190383
qqqq1234
Ð²ÐºÐ¾Ð½Ñ‚Ð°ÐºÑ‚Ðµ
bestie1
02071981
tunnel
hellobaby
rockhard1
25061982
teddyb
140993
spike3
dumass
casper7
economist
therock2
green27
stylist1
pokemon14
leonel1
1921
091292
11122233
02121990
lennart
exbntkm
spartak1
29121983
james.
ankush
hood
charge
caramelle
160691
13641364
12071994
best12
613613
magazine1
27121992
cristel
1qazxsw23edcvfr4
baby96
stitch626
xiaofeng
telekom
xavier07
krishan
dipstick1
141093
199600
danilo1
bhabie
241079
lena12
mudar123
fpna23aAS1
animals2
jesus001
chloe06
221992
jerk
29041993
reseau
cody22
280583
honey16
penguin!
160382
13061982
lioness1
400056
2401
29021992
kabayo
biscoito
moonpie1
JORDAN23
210481
dreamer7
dark13
pensacola
hoffmann
amber4
301291
02121984
roach1
cabeza
ROBERTO
in
lawman
ashoka
17081993
wolf1234
princess30
mughal
noynoy
17091989
080986
18111983
04101989
cute18
asm
05041984
yahoo.
Cheyenne
Donald
joshua1234
050883
slave
vampire6
piercing
05061982
cas123
121212z
brittany17
sophie5
chayank
251278
100695
02101982
1608
brother12
sports5
araujo
jasmine101
sanrio
double2
131985
sammy8
198403
100678
laulau
camille22
toyota12
book12
salsa123
123456dm
198503
avokado
booger11
14091984
44554455
02051992
linkedin13
eagle12
miangel
sheshe1
dabest
andrea17
brooke5
02031980
polipoli
scruff
Happy
X15piq8snJ
200992
m7777777
loveme88
tatenda
caboose1
00007
25011982
ilovesean1
151291
asd111
archie123
7123456
singlelady
relientk
tink10
mama14
mexico16
malfoy
fdhjhf
manutd07
slick50
karin1
22102210
03101985
240592
establish
anahi1
hanibal
030292
random2
passwordnew
domino123
lovemoney
bonnechance
191082
kumars
whatever9
google10
qwerty92
pookie69
010392
tdws011286
pigeon1
misspiggy1
madison02
1ranger
bobita
ashley95
61616161
22081980
09041984
ladyjane
22031993
iwillwin
avellino
021091
microwave
heart5
happy24
newmoney1
07031989
charles01
piglet123
ilove8
051091
chiboy
monina
26081983
02091990
sept30
zkmxbrbcbkf
bailey04
catfish2
kayla16
pimpin14
2705
financial123
nicholas9
latina13
Q1W2E3R4
iloveit1
130992
patitofeo
1single
zamora1
04101983
chester01
080192
crispy1
030395
jemjem
summer33
hancock1
aaron07
disney11
nadira
04111988
fuckit.
petros
151178
24121980
1denise
snakeeyes
120795
020792
box123
251984
cheese14
EMMANUEL
01091980
paarden
ethan07
matthew02
table1
nectar
jammie
alexander!
198125
joplin
love789
duval904
1stephanie
18061993
02101980
numb3rs
080689
badass3
samsung9
198223
200900
gladstone
28101982
ashland
1801
150679
123456xxx
16011988
sk8123
printesa
cavolo
myloves
818283
apokalipsis
121297
spencer7
sophie08
plankton
emma2007
mexico07
ilovej
121203
d1d2d3
040584
112233445
ranma12
flip123
141280
panda7
natali1
badshah
11121982
emily05
280283
sexygirl11
zse4rfv
mj2323
casper3
210193
quack
rennie
chocho1
hiphop3
Blondie
281093
lorna
sampath
teach1
bully
400077
bonny
softtail
06061980
280384
180893
shithead12
zxc456
poopy5
sundown
niccolo
06101991
091085
patrick15
27121982
221293
eloise1
qweqweqwe1
biquette
280878
desperado1
kika
080391
161986
220394
j3nnif3r
vbitymrf
tooshort1
pimp88
popkorn
vfieyz
bettina1
olivia05
zarate
billy13
03011992
beerman1
mickey17
240282
myspace94
24061984
110101
volcan
summer1234
060484
dallas8
santiago12
allstar12
logitech2
azn4life
cristianor
fordranger
toasty
girl101
hockey87
140880
1245789
031191
iloveemily
011190
asawakoh
30071983
steve13
ravipass
ktybyuhfl
winter5
17081985
198715
150579
res
11041993
abcdefg!
28041994
isabelita
201294
29111983
raghavendra
iamking
maranda
doo
pepper6
shorty9
swe
desktop1
qq
prisma
direct1
nicole0
090190
porque
kokomo1
puzzola
millie2
topdevice
ashish123
truckdriver
dan1234
kalvin
pattaya
336633
djghjc
jason25
omfg123
05101983
t5E1q9shfD
tracteur
mickey24
07041985
snowman12
cornerstone
cdznjckfd
abgos999
CountyLib
allison3
198608
protozoa
010883
01051993
120876
yoda123
040991
marshmellow
thebomb1
rafale
30081984
foggia
EFB
02051980
single07
alikhan
120378
andrea4
11051105
119110
gutter
vlada
harley88
171989
die123
bobber
talent1
teamojesus
machines1
leboss
09031985
yamini
yu-gi-oh
197910
bigdog13
198127
311080
johncena5
bigdick12
060884
cthuttdbx
nathan16
101274
230893
pimpin9
11061980
070189
y123456789
21012101
01081993
johnathon1
santos10
1monique
celia1
chickadee
crawfish
iloveme09
201292
02091981
rawr1234
yahoo22
nice12
tiffany5
Bailey1
Qwertyuiop1
290189
190883
19111983
homer2
rootroot
abcdef3
barry123
230277
peugeot1
harmonia
napoletano
vladut
15061982
chonchon
detective1
kayla6
memoria
vfrcbvjdf
nicholas8
Pw898klkaG
devon12
231279
mummydaddy
280881
loka13
180187
gunit2
141141
240593
alfaomega
tishka
lex123
hunter20
dope
hailee1
2402
ÑÐ²ÐµÑ‚Ð»Ð°Ð½Ð°
lizzard1
anarchy666
112233z
myspace32
pussy1234
1slipknot
11119999
innova
15111982
peinture
imperio
anna1993
stapler
120695
300483
13021983
hotdog7
230181
lauren08
sexybeast2
broken12
21061994
james27
200491
88keys
metalman
nikole1
backyard
ask123
08071992
09051988
sillygirl1
fktrcttdf
19121993
528528
700029
23101981
cecille
dav123
17111983
chupamela
alaska2
superpuper
05021984
gabriel07
12345671234567
sweet8
annies
deepa
gusanito
PASpass1234
devil2
adriano10
soulreaver
albator
poopoo!
eightball8
liverpool!
bigboy9
snoopy14
210579
08071990
lovefamily
batman00
j123123
1iloveme
junglist
4monkeys
070288
021182
tevion
mm
20061980
corona12
14091992
ilovemen1
Maximilian
151279
16061994
16071993
manis
domenic
2356
lufthansa
01111986
arizona2
buthead1
lindros88
extra
29101983
rfpfyjdf
28021983
beautiful6
infirmiere
ferrero
030484
kiekeboe
floris
07011987
06051992
marcelo123
gitano
100595
vandam
04031992
smiles123
worldofwarcraft
youtube12
020280
01101982
rose16
hammarby
09011990
30111986
120505
rudy102
sharlene
anthony04
maravilha
nhfnfnf
chloe10
bella05
16021985
peaches22
sandiego13
198917
02071980
snickers!
Daisy
leona1
megan10
genial
girija
chloe07
romantica
shopping2
dewa19
741000
010201
monique7
230995
moriah
el1zabeth
couture
Warcraft3
jerk77
ladybug11
20111981
oceanside1
nursultan
linkedout
polkadots1
mak123
07091985
560011
terry12
mixtape1
tacobell2
avrillavig
egyptian
marlowe
xavier13
aventure
04041982
1bubba
080488
mishka1
sexyako
050594
paco12
frog11
dawn12
02081993
050791
160391
02041981
160184
110181
dorothea
redsox3
ostrov
15051995
20011994
fordgt
ganesh1
24051984
08011991
13091983
london2010
bassett
falcon16
14021980
fuck15
198513
emma2006
harley00
vitaly
01101993
xdxdxd
qn4KBWv559
bourne
050784
ben12345
nene13
angeldust
facebook2
98765432100
jackson23
sandy13
askimaskim
kaitlyn2
pogo
p1mp1n
pokemon.
0510
bulldog13
balikpapan
leo1234
sociology
090786
122188
marshall2
a456123
marine2
ellipsis
310783
07091986
friends23
200682
1brandy
rabbit11
country123
mosaic
05031993
100793
lollipops
17091984
noneya
27051985
shyann1
gizmo11
bonita123
mike44
thegame2
06111990
ilovedylan
laure
23061982
gerasim
290292
hijoputa
ambot
zodiac1
sarojini
doc123
20101980
scotty123
godhelp
daquan1
whore12
invasion
dem
myname2
catalog
hearts!
140707
luke11
stanley2
260380
04111991
ikarus
06101985
02111984
bigtoe
azertyuiop1
tinytim1
100percent
power4
noone
200283
topmodel1
qwerty1234567890
02111991
dolphin11
mikey01
umpire
lilbitch1
poipoipoi
longjohn
090486
rugger
trust123
johnny08
140206
rjntyjxtr
poohbear23
3838
michi1
tony16
gotyou1
greeneyes2
06041986
bigjim
adriana12
201061
earthquake
pitbulls1
guitar10
kri
baboshka
qwaszxerdfcv
240381
peanut24
060189
02051982
071087
andrew27
100878
msn123
jason!
07021984
somalia
cassy
280485
260606
26011992
zuzanka
01031981
ilikeu
fidele
josh09
jt1234
pepsi5
06031983
banner1
mum123
110278
gizmo01
ooooo1
dd
azerty13
antonius
legion1
051192
kumaran
mark14
14031983
boogieman
012511n
natedogg1
rere123
bubba21
instinct
bar123
hockey55
jokerjoker
bella2009
jackass11
motherof5
bella!
fallen13
thehulk1
pearljam10
taylor1234
unicorn2
pretinha
ï¿½ï¿½ï¿½ï¿½ï¿½+ï¿½ï¿½ï¿½ï¿½ï¿½ï¿½
190982
boknoy
200280
190381
02040204
180182
nicole29
joseph19
110060
shepherd1
111234
happy88
friendsfor
17031983
170594
0104
bagger
310781
196400
trick
advertising
frazier1
260581
caritas
newtown
buster1234
martinek
corsa
blacky123
chilango
tanveer
hammy
karabas
barnett
green.
shitbag1
aaron22
2hot2handl
2605
love345
hello25
080190
30081992
anna1992
10051995
marecek
holder
jamari1
widzew1910
red555
110777
Killer12
231984
03031982
strings
sabrina7
marcus21
latisha1
angella
magnetic
050389
berlin123
b8cA6yz1nJ
hollywood5
woods
05011988
darknight1
freebies
yyyyyyy
1lovee
ALEXANDRA
sverige1
spotlight
johnny10
jadore
dragon95
logan10
57575757
yyyyy
fylh.irf
ralphy1
nazarova
franchise
kambing1
180394
19071982
gabriel4
taylor101
031283
tommy22
dubstep
homeschool
corleone1
march07
07021988
4g3uvrXn7W
rainforest
kohinoor
Robert1
michalek
24121993
king17
101072
1234567890d
trinity12
10081994
freemail
kyle22
171293
l0ll0l
200879
chloe08
angel333
frankie!
pepper9
17031984
hhhhhhhhh
lada
wingnut1
27101982
sweeney1
imhere
memyself&i
messi1
scarab
12901290
brandon101
smackthat1
senators
banana10
jakejake1
06031992
roblox
copper01
persephone
paulette1
a1b2c3d
spiritual
19081984
lovers08
Black
Iloveyou1
200678
310391
230193
72727272
blackass1
290781
623623
galata
HvqJvxVb76
servis
farhat
guitar101
redsox09
samarkand
artem1
0112358
alexis98
271984
fuckyou25
cameron!
191091
cathleen
123abcde
mariaeduarda
jesse14
160582
laurent1
madiha
220193
260982
jones12
05021993
BUBBLES
ktyecz
marie1234
pink95
120194
23041983
030681
slutbag1
29081989
friends21
cha123
03091990
211192
230380
chase01
46and2
hx28o9e646
070592
trinity4
pretty9
rtrtrt
31101983
erdbeere
twokids2
icare123
jason09
day
eggplant1
fit4life
1butter
13631363
cristo7
19861212
joker15
bartolomeo
0304
1500
glock45
landon08
poussy
vanilla2
protein
28071984
duke21
blonde2
whyme123
020781
maison1
1314258
alabala
eric21
secret.
adidas23
17121981
iubita
honey15
apple15
nelly12
babygurl19
bibi123
271091
221179
inuyasha3
anthem
quintin1
bigman123
zaq1qaz
pitbull7
3103
sunkanmi
illini1
sasukeuchiha
maharot
7sfqc8zI5D
22011983
holden05
bmw320d
faithless
Alexandr
natalie01
01234560
18101982
rui100
123fuckyou
cavalli
22061994
jeremiah29
fremont1
noonie
Freddy
soccerboy1
290484
sebastian7
genesis12
161987
parking
ilikegirls
fietsbel
godrules1
1loverboy
Montreal
donegal
sample1234
ilovepizza
06081989
123123456456
ibrahima
091191
cutie17
123456zzz
28121982
Dustin
magoo
16061982
1602
2486
300184
tabasco1
staystrong
armonia
16071989
260381
neisha1
hateu2
novell123
laralara
drewdrew
198121
050285
230294
montague
congress
b43m6xhiee
19821983
griffey24
denied
paloma123
starling
capoeira1
ryan05
alyssa14
170777
mybabe1
mustang93
airman
celtic7
21071981
gasoline
marleen
031092
seraph
money34
maddie13
asshole10
tigger00
collier
galatasaray1905
060289
pooh21
epson1
140381
password36
liberation
mariner1
danni
ammukutty
08051988
sebring1
kirstin
dsdsds
lilpimp
godlove1
chevy07
190683
andrea18
06051985
ninjutsu
falcon123
sweet09
mausi1
514514
11031982
rocko
emma2005
30031983
170593
220993
290192
triste
26111989
olivia22
adrian7
sorokina
ficelle
dwade03
emmalee
130381
chevy3
blondy1
asdasd12313d
grenada
guard1
mamamary
oladele
mario22
nemezida
hondacr125
Jaguar
imbored
max111
142142
lolipop2
PAMELA
willie01
marcus10
fatty12
castaway
08121992
mithun
smiley!
020681
09061984
SPIDER
twinkle2
stratos
251251
friend5
manzano
071183
finlandia
loulou2
198907
recon
17041984
14081983
brian14
091284
cutie1234
dragonfly7
natalie11
04081984
12051981
121075
hounds
bigboy6
090592
19051994
10041994
260992
Emmanuel
123Qwe
654321l
footy1
mello1
400006
nikki10
210479
091184
shake1
pangeran
rockers1
kurakura
rawiswar
av8Ygj1f2U
rfrfirf1
miguel14
iloveboys2
india1234
drum
1travis
21312131
claudia2
trill1
260781
lkjhg
peanuts5
autumn123
four4444
killa7
07101984
vbhjyjdf
30051982
199118
abdul1
saskia1
dragstar
111969
07061986
prashanth
10041993
magnum44
mim
fire666
210980
jonathan15
123700
123sss
monkey100
10021995
kiki10
231194
emachine1
brooke22
guineapig
071090
scholes
soltero
ramramram
25121993
111194
fairmont
190185
mimi14
lithuania
p12345678
198019
ï¿½+ï¿½ï¿½ï¿½ï¿½ï¿½+ï¿½ï¿½ï¿½ï¿½ï¿½+ï¿½ï¿½ï¿½ï¿½ï¿½+ï¿½ï¿½ï¿½ï¿½ï¿½+ï¿½ï¿½ï¿½ï¿½ï¿½+ï¿½ï¿½ï¿½ï¿½ï¿½+ï¿½ï¿½ï¿½ï¿½ï¿½+ï¿½ï¿½ï¿½ï¿½ï¿½+ï¿½ï¿½ï¿½ï¿½ï¿½+ï¿½ï¿½ï¿½ï¿½ï¿½+ï¿½ï¿½ï¿½ï¿½ï¿½+ï¿½ï¿½ï¿½ï¿½ï¿½+ï¿½ï¿½ï¿½ï¿½ï¿½+ï¿½ï¿½ï¿½ï¿½
riley01
bassist1
dakota08
reflection
3500sucks
operator1
bluedevil1
tktyf
050983
02091980
tekiero1
jeanmarie
090683
password72
abbie123
love79
020882
25051980
060590
jesus007
Harley1
titi123
hh123456
stetson1
burgundy
creative123
gangsta14
apokalipsa
faiths
CLAUDIA
hoover6
greenbean1
1realnigga
euro2012
ghostface
0405
malone1
sharon01
diva13
valparaiso
cute1234
25041993
whopper1
Godislove
231195
12031994
magnat
07111984
130380
mustang87
raven666
050984
24031981
home11
19851010
420bud
19041992
makeme
green20
london13
080492
090485
connor3
hottie911
pisang
princesa12
cigar
gembird
07061989
10141014
brenda01
franchesca
anu123
18021994
shadow92
130493
stanton1
kool11
nena15
redeye1
shepard
renee3
newyork9
da123456
horsey1
harlan
will1234
abcdefg7
direngrey
251177
asdfghjklzxcvbnm
sexyme2
cuba123
tamuna
backspace2
haleluya
katya1
14061982
carlo123
11041994
chopchop
19041993
021280
newspaper1
21051983
sexylady2
macbeth1
ilovejeff1
mandy2
eatme123
biarritz
ronny1
116688
18011986
lollipop7
schule1
08011987
ostrich
abhilash
15071993
girassol
280580
25021982
adeyinka
2223
maquina
iloveanime
290481
qaz123wsx456
ILOVEYOU1
tyler04
123123as
sektor
pascaline
johny1
357
shannon5
love37
natanata
8899
03121984
serial
watcher
ADIDAS
14121994
lalakers24
shorty24
jonathan6
040286
finland1
william15
ilovejustin
chanelle1
muhamad
amanda99
benjamin01
ciccio1
jason15
cindy2
fanta123
trailer1
strongman
talon
houston13
echo123
030286
shilpi
newfie
casper10
linares
15121512
14071993
061083
23071983
swords1
shodan
Cjkysirj
270494
vfhnby
tennis22
dustin01
211277
maint
291281
sexisgood1
allycat1
roksana
newmoney
anna12345
07101988
WWWWWW
julia11
luntik
costel
5225
thegame123
3friends
081092
honda94
aaaa0000
marcus5
orlando7
salesman
147258369q
iloveme14
26021984
qwerty27
juicey1
freedom22
031083
scorpio8
puzzle1
luckylady
kenton
mynumber1
innocence
pimper1
dancer07
29121981
dancer15
dragon777
280785
stup1d
deer123
nitin
021985
21031994
bonnie11
arabian
interpol1
aaaaaa7
07051989
horus
bayley
08071991
booger!
230879
apple101
lklklk
iloveluke
eagleeye
antonio9
19041983
sulochana
160681
max2008
STEPHANIE
amor1234
London1
ASDASD
mantas
redred123
ashton2
101197
130578
122009
adrian22
ukflbfnjh12345
golosa69
070284
elenberg
040480
25051981
cutie18
rasmus1
rahayu
gattone
jonathan22
sophie07
bear21
jadejade
vineet
cavite
everafter
slawek
005500
dragon90
itsme2
compras
pinky11
30111984
eduardo13
08091984
monaro
momoko
09011985
anna1986
Qazwsx
Chocolate1
christos
pot
savannah7
180492
slideshow
753dfx
021987
fuckme7
24011988
were
dakota06
110895
Douglas
cloudstrife
evicka
valladolid
file
31081984
we
yahoo23
austria1
08041992
centauro
stink1
210194
260481
lollol11
naz123
11081993
Sommer
531531
Isabel
get2work
jose20
181987
turtle69
pepsi101
051181
250394
billys
solsol
fallen2
friends14
squire
831011
hotstuff!
28zxrpvNFA
240391
killer19
camel123
mujahid
140193
vanity1
ice-cream
julio13
opera1
19121994
210495
30111991
steven8
031082
lisa22
10061982
30011983
bul
159987
shit666
53535353
11041104
jesuslove1
corpse
pa22word
:tytxrf
11111993
221278
majesty1
198628
formel1
orbit
travis!
mati
fuck00
dante666
tickle1
ilovelisa
irving1
091183
nigga.
richard69
abdelkader
03061983
nikusha
sec
060587
tink22
191281
tacotaco
031280
boarder1
22031994
supermann
220678
200600
aerospace
aissatou
fratello
popapopa
mortal1
hilda1
mylink
abc124
400028
chris28
ewelina1
topmodel
198716
06031984
dumbass!
17021994
abcdefghijkl
xiaolong
farts
stress1
loveyou14
thomas77
1freak
14091993
060191
sandor
saratoga1
ryan99
alberto12
199700
#1babygirl
thestrokes
pomona909
aj123456
scorpio13
gethigh
su224466
1806
us7860loans
bently1
hippy1
kubota
060986
faggot.
food11
gentry
#1player
miketyson
rajaram
130594
tippmann
tommygun
manish123
tigger27
witches
beast23
123456S
12051995
ozzy12
noriko
dudette
shante
kamkam
babygril1
investor
fifa06
hunting2
MEXICO
291080
nirvana.
walter34
21081983
racers
tweety24
24111982
050682
boss429
torque
jessica0
2flowers
080882
caca11
twins12
070388
yessenia
pink02
24031983
30121983
rangers2
jazzy15
jaeger
neverguess
190782
070587
danny4
Minnie
pantyhose1
25061983
doroga
Bubbles1
schooner
skate1234
wipeout
111093
tamayo
brandi2
ratbag
coolwater
chris4ever
050286
aceace1
190183
CAROLINE
11eleven
jack14
sum41
penguin13
rice
04061989
1580
forever6
adam10
novasenha
420666
06101992
lgkp500
a147852
arthur12
20032004
16011984
orville
david26
30051983
160581
sasha_007
fucku23
saranghe
pimpin420
olugbenga
753951a
buckingham
2603
silvermoon
jessie22
klop
tranmere
110087
janell
grillz1
alvina
211093
wayne23
30101980
bayonne
091084
Asdfghjkl
familyof6
heather23
221193
saqartvelo
v647947
27111992
oceanside
080386
260192
armagedon1
DANIELLE
snakeman
13021982
kenny7
izzy12
shuffle1
master2006
1arsenal
22121980
grandprix1
cosette
vista1
031292
gulshan
456456a
chang
teste
summer55
cleveland2
dfkmrbhbz
darkblue
back
second2
blackwhite
zoubida
shiznit1
090993
lover4life
vik
buckmaster
honor1
270882
pops
sana
dima1990
faith22
jojo07
palito
14071983
kenyatta
hitech
armaan
uzumaki1
gallardo1
latinking1
nikprommet
kibbles1
michael101
crispin
020581
denver303
asdfghjkl4
070591
17101994
adrian5
lingerie
delia1
kayla23
jump123
cnthdjxrf
vascodagama
buburuza
150183
monica69
jandi
darkone
vfr750
iloveyou96
timothy12
aidan123
10091993
81726354
123poop
02021977
9696
kekeke
matematicas
fallen12
myspace78
tr1n1ty
bigboy01
fresas
euro2008
15011982
rabbit69
203203
15421542
multan
luna11
060491
26041984
05011985
tweeling
12021994
cupid1
nash
171991
edward1901
07041991
florecita
193728
ilovemen
sickboy
scratchy
nasty123
04021989
glock9
06061982
300792
08121990
munch1
333555777
071182
31051983
bean123
calling
15041982
080308
13651365
america4
doubled1
26011984
060190
474849
abiodun1
05071992
q12345q
august88
happy15
hello44
2808
neogeo
120993
poopoopoo
shower1
butts
ninjasaga
06031991
16101983
geneve
tylerjames
shadrach
26051983
lovely24
sarah6
01081982
zxcvbnm1234567
graceland1
lebedev
05081983
snooks
kangta
macdre
courtney10
198509
maneater
tomodachi
13121993
bleeding
Moritz
cherry9
twist
venom123
steve69
salome1
123angel
inlove08
pheobe
emo1234
25121981
supercat
munchy
416416
tunde12345
020393
laguna2
030683
13071982
290382
grandma6
mossimo
180183
198609
140593
sabino
speedster
gumption
hemicuda
citizen1
kurapika
qwe123456789
bloodmoney
kiana
linda01
1234589
19011984
gardner1
6dnwch275049
charisma1
130793
aqwaqw
211278
15241524
think123
170184
loveing
beyonce123
giant
248655
29061992
numerouno
fable2
honda100
youngman
weg63TT243
elvis12
180579
west1234
toulon
tosser
shithole
whitesnake
Viktoria
breezer
tomiwa
lorena123
superstar4
030187
animals123
110478
zaq123edc
13121994
07031988
gkfytnf
tucker22
120177
jacob23
061085
gopinath
blessing12
011083
angel4life
24081985
splintercell
cassia
Hershey
karina2
transalp
tony24
tigger1234
yfcnfcmz
krystle1
bambam3
config
220280
jordan27
ani123
010284
mascha
12332145
05121983
correo
thuglife7
amorosa
lulu13
killer33
01111985
100777
david2008
246812
indeed
iamalone
lollies1
controle
bonobo
050184
sixflags
racine
CANADA
199413
anthony27
86868686
28021995
301194
rollin20
cutie45
harry6
dominik123
candygurl1
jesus4u
11031981
akshaya
motoguzzi
potatoe1
success12
quack1
231077
happy25
04121988
modernwarf
bossbitch1
96385274
210393
patrick69
jovita
sketch
Buddy
ishita
070586
dabaddest1
heather16
010983
boggie
mrniceguy
coco21
twins02
pumas123
kenguru
01111991
040187
sumathi
befree
tea
lonelygirl
scholar
kaushal
aztec1
951753a
270981
mama15
evamaria
farley1
bootie1
carmen11
schiller
19041994
23121981
torsten
harshit
mysore
04111987
02081980
spectra
miguel7
jason8
12345tt
baybee
shakeel
eldorado1
money666
4568520
140793
my4sons
dominic3
waheed
elephant3
sabrina11
wanshuai198202
03091992
lola22
mika123
gabby11
tommygirl
chrome1
venecia
041284
07101989
rowland
crafty1
03121992
12345688
20111982
102000
carver1
jennifer20
20091993
qpalzm1
batman07
devonte
300984
alright1
yankee12
face123
vimala
august05
icebaby
ubvyfpbz
longisland
21061982
bautista1
disaster1
04081991
290681
jack03
jayjay3
1927
jackdog1
310580
misiu
happy2010
peace09
asdfasdf123
010491
dontcare1
flopsy
stonewall1
16101993
27041983
honda06
23031981
2804
wentworth1
tombrady
hugo12
hobo
complete1
feathers1
310595
130280
stoopid
lilmike
lover17
cygnus
edward15
1qaz2ws
pa33word
crystal!
120202
kel
joey101
orange17
pioneers
dortmund1
warrior123
emma08
drama101
fucklove3
boyfriend2
09071984
impulse1
carlos9
maxi123
london23
06011991
030481
30041983
051081
aaliyah123
iamwhatiam
looploop
210395
la1234
070387
jochen
slipknot0
1234rt
230894
scamp1
puppy13
kikka
170480
22091993
jesusgod
lauren07
101977
12101980
bendover
pikachu12
amelie1
jaimito
josh19
bijou
katara
human
southside7
stupid13
11291129
04101992
fede
lovekills
miroku
1courtney
20112012
alskeo
breanne1
noemi1
alicia11
07121988
ecapsym1
asmita
Midnight1
500013
230594
11051981
198604
23061983
mickie1
Summer01
bettie
040582
benelli
andrzej1
maxdog1
05011984
purple06
samsung10
iloveamber
280784
ryu750103
1united
8765432
patrick17
hfpdjl
2904
071092
joseph24
120708
fucker666
renee13
sandstorm
sayang88
bhakti
28041993
gitarre
may1995
19081993
libido
251293
0811
basic1
201178
illidan
64646464
miaumiau
tekken6
04111986
191092
fizzle
lasalle1
jazz1234
maikel
08091983
06081992
wiktoria1
123qwerty123
197712
19091993
15051980
blue100
jojo99
041087
jenson
021181
060192
franklin2
198703
g76t94prm4
25051994
bella15
199812
perugia
050982
diosmeama
hermie
chris2008
diamond07
rudy12
22tt22
19421942
doggy69
08101988
quarter
vaz2101
sid
Mar
rembrandt
Destiny1
breaking
gbljhfc
161079
dance4ever
Hollywood
1daisy
juan15
pink90
hbw
211279
redskins89
09101988
21032103
wine
04121989
industry
courtney5
skater21
180181
1907fb
030188
hello17
cuenca
gtagta
28111984
ecology
hockey08
jackie!
devil69
sensual
lovelife!
080879
061082
omarion2
198825
qwertyy
luvluv
makena
playa2
muhkuh
13091993
198823
lorin
tarantul
hor
3011
11071993
mol
fatcat2
renoir
thunder8
bryce123
280481
eminem01
shroom
charlies
22071982
power10
030693
sasha1993
iloveboobi
texas09
laurinha
aaliyah7
nicole97
nirvana94
110053
harley6
boogie12
191282
brigitte1
6262
07101983
1maria
family21
198028
mardan
flower1234
werder1
160981
mogul
140184
09081992
160047
wal-mart
25111980
06111986
thomas03
timeline
030783
narasimha
121997
maria24
debbie01
ashley92
210678
swedru
pierino
220694
dusty2
playa12
rudolph1
gardens
violon
pasaway1
specialist
real12
piggys
ktyf
leonessa
aaron23
123456852
mother.
froggy69
mecanica
girl10
godloveme
ilovesara1
pumpkin5
shawty10
ashley87
weird
130779
16021993
03051983
katja
Fishing
polikloh00000
1husband
diegos
240783
hottstuff1
anna1989
valhalla1
jayden03
rfn.
vonnie
www777
070986
bandit1200
dummy123
13101981
alyssa22
100779
311081
120496
slunce
2121212121
aaron21
060792
ballin14
12031982
purnima
holy
breana
bananas12
sembilan
ginny
jack15
dreams123
150879
emma10
ashton12
winner01
dauren
jackson09
ruby11
1qazqaz
ou8125150
02121983
chloe13
13221322
jakub1
Azerty31
081290
smile10
0103
ghbdtn12
122448
jack06
myspace420
operations
chivas99
06051990
nicole30
198709
smoochie
230579
coolio2
maria69
corpus
241984
diva01
Michel
greenlight
qwertyuiop123456789
28041985
08031984
stepup2
24111981
14031972
brianna6
1silver
justdance
frog1234
151093
apples7
cunt666
kol
fagget
ilovehim4
sevendust
sammy15
noregrets
zamira
candy08
denisdenis
9yQss2h9uB
melody123
charlize
SLIPKNOT
01071980
18071983
rosella
oksanka
2boys1girl
pluto123
2pac4ever
mambo
BANANA
150991
caonima123
cronin
redblue1
chileno
1chrisbrow
diego2
lyrical1
nokia6700
verdes
05031984
01021995
bipolar1
30081983
20061981
kanyewest1
aida
freedom06
arnel
2236
29121993
monika12
matrix7
04041980
100593
flyfishing
ferrari430
dinero1
america14
ashtray1
centro
08101985
rintintin
198999
writing
09071985
barbie101
040680
n0vember
b1x7qN2tuG
rocker2
stephie1
090389
21222324
born2run
tony07
qaz2wsx
babygirl34
29051993
fuckit3
16121994
iluvher1
251178
colorguard
calinou
25172517
24051983
citation
444444a
victor22
soulman
abeille
raymond12
stussy
230793
dubai123
infected
twilight21
Simpsons
87654321q.
190292
broodwar
09031990
cleocleo
me123
smile.
cobra2
05071982
270593
07091984
23111993
030581
Handball
playboy101
funky123
crystal21
imation1
200494
281181
05051978
dreamteam1
meiyoumima
bobthebuilder
09051991
lindros
honda21
121207
181990
18111993
19051981
190289
150493
18041982
121196
juno
guapo
Yamaha
Ireland1
halloween3
sinterklaas
smiley01
30061981
jayjay7
xena
motmot
manu1234
09101984
code123
pheasant
abdoul
12111993
september11
brewers
london5
angela3
stevevai
2234562
warehouse1
hiya
laser123
ama123
babyface2
jordan26
010282
vfrfhjd
sarah4
hotdog!
bubba14
101000
jennylyn
09061991
1917
mariette
21111992
women1
Mozart
05031986
Buddy123
88mustang
197919
050487
19833891
pretty16
princess101
plasma1
nascar14
02468
spike01
lisalisa1
marti
marina01
italy123
boston01
johncena3
butkus
199410
l0nd0n
cooley
456rty
franta
Agent007
newyork08
gfgf
bandit5
katrine
11101982
595490067ua1
pipeline1
geniusnet
gator123
starscream
sasquatch1
chilidog
2806
nigger666
cyjdsvujljv
300693
assa
nyquist
timoxa
dodge01
treacle1
tennis!
antiflag
160993
exploited
gbljhfcs
buffet
ranking21
steele1
nabeel
envision1
pantalon
pferde
122133
honeybaby
brooklyn23
starwars4
martijn
cody15
2704
180384
sammer
herobrine
only4you
411052
kettle
francky
as123456789
200677
100594
simbas
carly123
199215
arsenal9
gfnhbr
mikee
railway
181991
joey10
sonu123
deathangel
23242324
14101981
bantam
170680
110378
kennedy2
16081992
Nokia
jessie21
maegan
slankers
03021991
600091
560005
penis3
vianney
15011993
0321
1357910
masterone
060187
halo03
241177
asdqwezxc
196868
pirates2
sexxy6
06011990
250779
LEONARDO
riptide
230693
sexy2010
17051982
petrik
blonda
godlike1
171985
W45bj9upkZ
may2009
lolalola1
asshole666
wyvern
chopsuey
kiffen
love001
ilovekim1
Pakistan123
37gudoplfs45
retard2
search123
maxwell3
12332
vedant
vince123
04091992
ilovebeer
newcar
10031980
tight1
liberty7
060292
30031982
gangsta69
Martha
graywolf
ballin15
23051994
26101982
adriana2
playboys
020682
20012002
wobuzhidao
280392
030983
pinoy
1234789
cajun1
lilsis
salgado
170381
181988
22061981
kelly22
270180
051282
batman17
richard23
buster101
playas
11021981
nitrogen
101976
heavens
Lh6RjX44qb
1580welcamino
mnbvc
honda07
lacrosse22
theman11
baby002
vovan
yoyoyo12
duster1
burton13
michelle06
14121981
mamichula1
trace1
boozer1
yeehaw
biteme01
115511
Borussia
bacardi151
10051994
baldur
310782
19051980
kieron
sexygurl12
pookie!
chupachups
danielle15
squirtle
condor1
lovinlife
bandera
291192
brick
Rhbcnbyf
kimball
17021993
198119
260880
scooby23
26111983
super4
porky
honey18
holstein
Ð Â»Ð¡Ð‹Ð Â±Ð Ñ•Ð Ð†Ð¡ÐŠ
221983
mathematic
john20
johncena9
davidlee
strangle
oladapo
sunny11
steelers08
cheyenne3
storage
faker
babyjay1
dinamit
170291
julian10
ABCabc123
slut101
963147
Trixie
christine7
29091983
kitty07
17081983
sicily
chocha
mustanggt1
110978
mirasol
nina01
wallis
princess31
www.com
03051982
05041983
goethe
custer
robert0
faith09
pandemonium
gembel
pinto1
basket123
fire69
peter01
galaktika
canuck
kawasaki12
123456286
hondacr250
05101992
crunchy
18111984
070984
qebEfcz3yx
sheryl1
single22
saiful
britt13
190884
stayfly1
asdzxc12
220281
suesue
198407
nurse123
star66
fade2black
12345678qw
01121983
janaina
broken13
Oblivion
ilovehim11
110037
minstrel
mineral
run4life
waterfalls
password76
madhatter1
walter2
27011993
1122334455667788
resource
zachary01
benjamin11
102030405060708090
love81
romantico
handy1
081183
austine
kairos
11051979
braydon1
Buttons
olushola
dickie1
160182
vampyre
yahoo9
piolin1
221010
squeaker
str8edge
ronald123
emocore
kingtut1
warzone
senior11
070884
1192
vball12
whatsup2
28031983
2288
170880
peaches13
700016
aa123321
monica3
techdeck1
190184
damsel
nemtudom
Chicken1
03111983
jennings1
04031993
gotham
regina123
stavros
12991299
adam69
filipino1
jeepcj7
consult
080987
lalala99
3101
marina2
wkgMkjH623
vaz21093
040692
shereen
tmobile
lollipop123
010907
jordana
victoria8
alex86
woaiwoziji
bobby18
iglesias
minute
13111982
funeral1
freedom21
joseph17
31051994
portis26
polisi
231294
226226
290583
200281
beef
mana
kevin06
amalia1
shangrila
bigpapi34
22091994
casey01
06041984
031281
20031982
hunter.
doomed
kaykay2
nightrider
aw96b6
kisha1
ame
borisova
1gateway
26061980
f76t93nqk3
mexico6
antonella1
graceful
beretta1
angela10
matysek
networks
barrister
061092
youare
121076
lakeshore
03071983
barbie23
150180
ganapathy
rfnz123
coupon1
pedrosa
rusty01
hamid
kiska123
poiupoiu
buzzbuzz
198617
king05
195555
080288
16061993
19091982
060883
03121989
cold
hearts3
t666666
KIMBERLY
poseidon1
14121980
symbol
ballers
12051980
lollol2
chapin
09021985
fuck18
burberry1
ceaser1
bob666
147001
123321asd
maeteamo
081284
110076
connexion
convict1
lemondrop
010581
steinbock
08061985
pretty22
20121980
sh123456
Allison
271281
28071992
spank
20041980
hangman
12171217
marianela
010682
d11111
10121979
125634
sammy16
bill1234
people4
16101982
180192
drumer
040881
bite
doctorwho1
saidov12345
5555551
monica22
100477
thisismine
zigazaga
17021983
logan7
mexico19
malini
200481
161193
wangyang
09091993
pepper88
creampie
juan01
snowman123
dove
ablegod
sugar5
0205
weddings
29071983
aria
tiger25
oreoluwa
balrog
rutherford
08121985
rockies1
edwige
pucca
hopehope
24061993
scooby21
rebecca11
31031993
500035
sweets123
311293
10071980
please!
jesus69
you&me
yogyakarta
joanna123
wonderwoma
03021982
matthew25
teddybear5
gayness1
starboy
shortstop1
SWEET
31011983
lifeislife
laddie1
gemini7
ghjcnjrdfibyj
xt:
doodle2
amor14
stryker1
08061991
101974
theodor
june1988
20041994
10121996
060385
05041992
198404
141293
LIAISONS
04091985
nana15
180581
approved
17091983
pindakaas
05091983
25061993
alohamora
homebase
michael29
anewlife
196300
lover07
09011989
bonfire
198808
stanislas
lovee
240780
momma3
tom1234
stephanie5
devotion
lokomotiva
sonrisa
warner1
tonton1
ataman
dimas
puppy6
1478965
clooney
1snowball
sallydog
poohbear09
sceptre
03081983
ilovedance
522522
nooneknows
gloria12
megaman123
22091982
Pascal
dead12
121412
29101993
dollarking5
master14
auguste
1314159
edu
south123
dignity
04011992
250893
kunkle70
260780
dixie01
rangers12
sisters4
bebe10
garena
pippa1
trixie123
lar
09091981
savatage
abhilasha
nokia1234
290792
31051993
hanter
rosiedog
sexyness
snowbunny
razorback1
04051981
bree06
261986
03011984
joselin
530530
nikiniki
gingerbread
robot123
fleetwood1
answer3
nani17
drummer123
kingfish11
shithead!
maritime
fordman1
Harry
blackgirl1
sweetheart1
ahmedabad
06041992
190682
chance13
987654321b
yondaime
P@ssword1
praxis
convict
edward69
morgan15
dillon12
puddle
anna1984
Garrett
janjan1
BADBOY
ashlie1
monkey91
cardinals2
grandkids2
mets86
081285
bloom1
dillon123
sweetpea3
31123112
dragon86
poohbear16
09041989
baby34
120196
patrick.
cabrera1
gingging
amidala
050579
silver88
110677
12345rewq
01121984
chika
keluarga
romantik
gonefishing
oasis123
neruda
201307
hurricane2
198126
ALEX
time4me
210282
tink23
caleb12
160980
28111983
sextoy
betrayed
061091
JESSIE
09071992
777aaa
booboo8
200777
ï¿½ï¿½ï¿½ï¿½ï¿½ï¿½ï¿½ï¿½ï¿½ï¿½ï¿½ï¿½ï¿½
HEATHER
llama123
02021976
utahjazz
sdfghj
applejack
andros
holidays1
fffff1
azerty0
250575
skye
melville
bunny101
sex4life
toenail
antonio21
blooming
trinity06
197999
180381
17061984
148148
010380
firefire1
spinach
pedagogia
harley8
14101980
pumpkins1
199213
11031980
godspeed1
mamere
02111986
deerhunt1
cantona1
1texas
coolman2
Danielle1
Disney
sexymamma1
nightfall
197312
021081
beast2
nargiza
290883
faraway
161180
love47
domino12
h0ckey
yummy2
gordo13
razor123
271178
ishola
naruto89
dreamer123
666444
120178
gangster3
11091982
league
250577
maria4
toyota01
jordan2323
july2008
kevin9
30011984
bambi123
04081983
smoker420
doodle12
hateme2
fhifdby
mangalore
Maddie
easyspiro
123434
anika
james89
jazz11
221195
love46
macleod
samuel3
linkmein
lala15
smartie1
louise22
Stanley
travis7
03121983
010880
jerome2
1penny
single23
galloway
310581
reyhan
280491
14061993
honeylove
kari
13601360
sakura2
kocham1
kasparov
270291
jones2
glider
280193
081291
120778
3001
isuck1
141278
080289
21071993
practice
vita
nevaeh2
pescara
plastics
17121980
mikela
blue03
23041996
messier11
materazzi
sunshine27
connor07
pilou
milaya
METALLICA
23041980
071986
partizan1
sublime2
tony09
financial
african1
220495
050488
060387
emma06
01021994
mikasa
golfer01
bullshit12
baldrick
19061993
robbins
kingdomhea
harry3
thunders
mexicali
jonas2
8787
198201
ivory1
cronic1
enfield
manali
ledesma
brad12
259421
calavera
rebecca01
manwhore1
P@55w0rd
gingersnap
elnegro
200578
riorio
rockbottom
monette
lemonhead1
assaassa
qaVcx411
14061995
natalia2
february19
oneblood
outlawz1
boston23
230979
dayday12
270492
270692
197346825
tink15
nana09
sports7
shantanu
131277
VFvihss591
killer95
summer78
170681
jojo69
120277
animation1
Qwerty123456
030185
gina12
2703
17101981
iloveash1
katalin
gasper
seesaw
29041994
thesexy1
paintball7
elsie
eagle7
il0veme
relentless
beaubeau
kreator
seniors
linda13
636322
june1990
ufkfrnbrf
sasikala
251095
ghfplybr
delta9
daidai
mayflower1
absolut1
evgeny
onfire
040183
tatum1
white12
cassandre
parents1
28091993
somerset1
1122qqww
spam123
1010220
rjyjgkz
hunter33
israel123
linked11
chapel
sansone
gr
sugar7
rocafella
210694
peugeot306
13201320
08121988
30091983
momma123
Tiffany1
11111d
baller09
patrick16
swanson
sharon2
12343412
dardar
061292
198409
fridge
chelsea69
angel85
natalka1
hartman
16021983
tyler17
flame123
thurston
may1987
woodson
andrea08
03111989
14071981
050681
ellen123
pepper09
templar1
muhamed
230779
dolfin
29091993
seawolf
may1989
nikki09
chomper
aeiouy
easy12
murthy
samuel22
locked1
01111989
problem1
CAMERON
dalton12
riddler
jane12
sdf
10071982
aaron15
23031994
020483
qazwsx741
281081
olympia1
nana08
mahalaxmi
chicka
coca
windows12
hatchet
pizza23
030784
14011983
tweeter
11021980
faith4
surprise1
swing
171279
kickass2
honda450r
beto
pak123
hussain1
claire12
highway61
muscat
dolphin4
natalie13
198302
itunes1
quilts
100778
1angela
mb1234
andrew33
seanpaul1
dakota05
16091989
fast123
kiki23
privado
31121993
130993
savina
02121980
cubano1
spot123
Sabine
kalhonaho
1corvette
happyme1
pegase
whatever0
orione
vol
28081983
198726
pilots
nanayaw
steven08
eric69
11111m
singsing
sanmartin
nokia11
termite1
joemar
bitchplease
weed23
buttman
apple25
smiley11
harley23
tiffany21
041987
blue72
100300
thuglife13
21021994
070686
backoff
bisola
powerrangers
omotola
090885
dragon91
050709
198901
thewho1
17071993
09081987
cobalt1
negra
suns13
djkrjlfd
bariloche
jeepers1
140579
tissue
fender11
spiderman12
hannah24
04061981
123456ww
vfnhtirf
blackwell
looper
pollita
squid1
already1
bellota
challenge1
analuiza
Staff123
121206
faulkner
gears1
milk12
polosport
skate22
delta5
tattoos1
sexygirl3
cartoons1
mike143
kurama1
oioioi0
199210
24021984
booman
seabee
0220
nestle1
bigal1
tuxedo1
speckles
24111983
morningstar
aaron14
hounddog1
folder
bobina
broncos2
wwjd
elpapi
adidas22
chu
CAMILLE
LLE1234
ijfrnhf7yhcy54bhy0cd
sandiego61
twentytwo
july03
rfkmrekznjh
shutdown
modest
kuba12
killer20
iloveu08
swastika
11071981
nicholas22
monkey67
11061982
irocz28
paranormal
payaso1
bluegreen1
heydude1
booper
240993
nano
babyboy9
aaaaaaaaaaaaaaa
23021982
colores
addiction
engel1
manu12
hans123
270779
millers
23101982
150994
170581
240382
cthlwt
sarah18
monkey29
owen123
number1fan
mau
16071983
mango12
07121983
smilesmile
frannie
24081993
030186
141989
56chevy
sometimes1
king18
onelife
241985
johngalt
jennifer15
05091992
dakota!
afireinside
fucking2
23031982
07111986
260293
1807
nivedita
dagreat1
montana12
rosedale
demon2
mexican3
yazmin1
sandy3
ilovedick
100278
james26
cool45
adamson
herbal
dominos
withgod
magician1
ryan2008
bill89
aaliyah12
sloppy
CHESTER
flutterby
linda10
barron1
stevo1
150379
231989
superstar6
pookie22
banker1
122007
angels27
cntgfirf
100378
jolanta
reset
d654321
myspace?
rachel5
tosin1
10102000
gayASSfagpastebinleaks
mostar
cfvehfq
12071207
yeahbaby1
123poi
chris95
asher1
shubhangi
240281
qazwsxqazwsx
CHRIS
01041981
dezember
1qa1qa
omega2
rac
Schalke
nigga14
harley14
cocoa2
200182
alyssa03
25091983
sveta1
07011985
090692
crip
jobs123
03091989
181094
lily1234
190580
d-block
uthvfy
13101995
220181
redeemed1
120476
06021985
willian
jude
ybrbnbyf
quepasa
falcon2
cutie24
010693
daniel90
121209
puebla
zephyr1
210696
dtlmvf
justin26
cris12
03091983
afterlife
Michaela
266469
johnny99
elvina
yummy!
fatcat123
06061981
salsero
eagles!
xthtgfirf
property1
kitty09
222333444
katie6
chevy08
22051980
04071982
100979
w1956a
honda08
anu
malakai
abpbrf
0809
yankee23
19051982
18031983
tiger18
1177
22041981
15031995
kacperek
070285
ronin
16121993
monica7
juice123
kaboom1
jameel
cute101
141985
BARBARA
99mustang
submission
17081986
210879
thomas33
darren123
angel2005
pink12345
395009
290791
links234
jujubee
sara22
300791
egoist
dodo12
08081994
cinema1
winter77
billgeitslox
pic
maggiemae1
cookies13
hindustani
140140
assistant
literatura
avengedsev
tt1234
99bottles
07031984
evertonfc1
OCTOBER
abbigail
kevin8
soviet
030582
jihoo
gibsonsg1
12031995
tata1234
minnie13
270581
25111982
251277
mimi10
bibby10
14071982
121972
nigger6
09011988
260494
POD-FIF
wrxsti
needle
220695
matches
Hunter1
Dragoste123
sunshine00
love75
380054
05111990
Warcraft
230279
bandana
ferdinand1
kdwcNpA362
031183
20052007
Willow
fuckme5
barbarella
hai123
4242564
maimuta
12345ty
061281
29061983
666222
242628
disney365
abelardo
limited2
maryjane12
ryleigh1
Mercedes1
ttttt1
110023
run
bicicletta
alyssa05
myname12
123489
sara01
081192
wizard12
emily15
maryjane7
dylan06
070584
hummer12
pridurok
1941-1945
14091983
070983
09021991
malik12
masmas
240283
04071983
mubarak
28091983
bitchpleas
sabrina3
kakashi123
union
050292
stacey123
richard8
170579
fener
11041995
bowie
m1ckey
008800
sruthi
tutu
baywatch
punk4life
haveaniceday
160693
bignose
1benjamin
andrew98
hunter45
240479
08041991
dances
awesome13
donkey69
peewee13
admin123456
chelsea16
thirty
gun123
booger3
march09
070490
310394
140279
twins22
23101995
carlee
mickey9
moondog1
nicholas!
1tigers
0852
20011995
10081981
chef
amor69
145
alpha06
25012501
19841020
bailey02
killme123
iloveme21
venom666
aslan1
finley1
200379
jose19
lalo13
EDUARDO
1twothree
jacob05
superboy1
.:
pimpin10
200479
orlando3
wilson01
docteur
sandie1
nad
monoxide17
090889
14111992
joshie1
koikoi
whitewolf1
garion
master17
stoned420
020187
080685
snoops
bugsbunny2
manutd01
010808
23562356
william17
chippie
gracie07
ljhjuf
daisy101
babynames
appleton
yaseen
vanshika
pussy14
jose69
ranger22
hello07
kayode1
jack05
sexbomb1
198518
diana11
keith12
sandys
brandon20
26031983
therapist
BISMILLAH
goldengirl
blahh1
xfqybr
upgrade
3155530
jacob8
06121984
bingo2
sum
21011994
020883
040285
05061993
15081981
allahswt
edgar12
21041981
01081981
kissme22
dylan14
22091981
123ewqasd
monstr
severino
maria08
bitchface
qNxE66l7or
747400
delete123
castrol
pineapples
nicol3
buffer
elmo14
01121980
nikki15
reaction
thinkbig
060678
wanita
benny2
18121980
290183
110493
02021978
w12345678
26081982
heather8
cyberonline
thisisit1
taxi
whitney2
301292
040681
0258
041182
gracee
bartek123
cutiepie01
castelo
180981
lars
18051982
2905
iloverock
number25
110877
willie3
tamara123
fastcars1
animator
pretty08
130678
bear14
23051993
stormie
789456123m
15091993
john77
maria8
15031980
password@1
040185
18011993
naruto00
526526
vieira
16121980
020481
carter11
swimming2
angel001
gotcha2
gangster5
30071984
tonka
eusebio
lovelost
aryan
141279
eric23
300892
rosarosa
10071981
farting1
452010
tomasko
eagles24
agamemnon
jhoncena
chris420
leelee123
fucku6
12121996
chrisi
vitor123
16101981
markymark
sexpot
ohio
27011983
calvin2
cooper24
cookbook
230395
fordmondeo
password111
christina0
butternut
pyramide
160793
nick99
pimppimp1
kwiatek1
maggie69
seifer
rockstar9
cbcntvf
samsung21
thomas00
10661066
081292
charlie0
140980
erlinda
brittany4
bailee1
montessori
alcala
god4me
hesloheslo
kinglove
michael87
16081984
tomoko
Buster1
forgotit
dragon93
elektrik
cassidy2
devin11
arowana
060286
macintosh1
smokey4
pumpkin13
310182
251078
qwerty098
granada1
130879
fatal1ty
bugsy
rockabilly
lilgirl
corazon12
090491
leeanne
lovecraft
0208
eduardo2
danzig1
p7678287
chiken1
17011701
777555666
1Ð¹2Ñ†3Ñƒ4Ðº5Ðµ
saravana
26041993
1472
08111987
220477
13041983
Start123
swarna
tallinn
030682
300880
20071994
18031984
Francis
samsonite
lilmomma
ranger69
ace101
spartan2
chika1
081084
qaz111
dudes1
0408
Swordfish
809
081184
rod
dreamcatcher
rawr11
081191
sapana
nick24
petruha
smulan
07121991
011185
karateka
080490
13021993
120376
turkey123
Michele
23121994
02121989
moveme
04011986
QAZwsx123
toulouse1
johndeere2
chen123
040880
creosote
jackson!
lucy10
albion1
27051983
15101981
gaara123
popcorn13
number69
070779
dima2000
290284
1234126
050693
greatone1
greenday.
qazsedc
saputra
shikamaru1
jimboy123
bitter1
0508
040784
Shadow12
09021986
zaqwerty
muscles1
amor11
sumatra
140480
3005
booby1
bajskorv1
Grandma
10101975
jaspreet
cum
spongebob123
789654321
695847
09021992
assinantes
transform
piligrim
04031985
jessica89
08011992
admin@123
33223322
smack
february2
26021993
061293
130293
figure8
boricua2
jamel1
basketball11
110377
20121993
paul13
extra1
100379
09031986
hfrtnf
00233
pooper2
Fender
cfymrf
24051994
freiheit89
030287
050880
whatever23
crabtree
boots2
top123
290993
fab123
chester!
magnum357
mike05
vaishu
ben1234
senegal1
08051984
oscar1234
babydoll13
juggalette
bionic
190393
deepspace9
cuthbert
mee
199510
oldham
0506
butter4
junior1234
19231923
29011989
270892
defense1
cheesey
180982
wang123456
gnocca
kalash
01061981
isaiah3
zse4xdr5
dad1234
brianna9
catracho
sexosexo
260379
richard4
david2010
hollywood9
bruno2
www222
fruitloops
brittany6
010105
shadow05
steven6
1qazxsw@
270181
100977
gorges
matita
propaganda
circus1
sean01
mylove5
northstar1
slider1
cesar12
goober123
boby
letlet
password50
morgan05
simpsons12
chris00
vince10
antonio01
10011994
alteclansing
paulin
Number1
prostreet
hotmom1
060682
frolov
27121980
jahjah1
tucson1
985632
050679
enterprise1
ankit
eszter
chivas17
petpet
eastcoast
brittany21
160479
211280
reallove1
edIz27v1kQ
dominate
260193
sweetlady
161078
lamination
12261226
huahua
Microsoft
zaheer
schneider1
lilromeo
ilovehim09
solotu
casio1
nguyen123
charlie101
eindhoven
qwertyuiopasdfg
211180
mpower
040287
pogoda
moomoo11
ojitos
plop
23121980
radha
247365
9ac9hb7vVX
kelsey7
danielle19
fj5tx19HiT
raven11
jimmy23
59fifty
oscarito
tigre1
1church
falcon01
abigail7
681774
DSK4R9bskh
21101982
stormie1
check
tweety17
198727
nextage
nagel
jeremy5
righteous
marokko
bitches.
081185
anna2009
qwer0987
Password10
120179
chicken101
stinky2
030882
12021996
frankzappa
shadow27
090484
martin14
09121983
spring10
211988
mumdad1
0lHhNw3v
haters12
pakpak
batterie
tonto1
sunshine06
bike123
snickers7
24091993
06011984
idiot123
89moocows
prada
vfiekmrf
12031980
fhbirf
guruguru
deluge
acapulco1
stern
akshat
hellodolly
qetuo
bnfkbz
andzia
1sarah
023023
persija
blackfire
chicano
francesc
number32
daddy15
olayiwola
casper21
111195
famous23
hatfield
090784
mickymouse
samir1
eitaeita
poppin
09051989
hayward1
barbra
syl
austin95
060591
Undertaker
songoku1
bliss1
ï¿½ï¿½ï¿½ï¿½ï¿½ï¿½ï¿½+ï¿½ï¿½
helper1
snakebite
220478
algarve
37213721
dell23
fucku11
hoodrat1
101102
r4evc8d8VS
newlove1
080894
freetime
121212qw
xsplit123
smother
mario1234
nichelle
botany
johnrey
perry123
100295
peterbuilt
senna1
Hawaii50
TOYOTA
181080
flavor
alejandro9
ctvtyjdf
myles
jackie69
Precious1
30033003
cameron05
texas713
newyork01
mama2009
2522
pacheco1
mybirthday
death7
160580
290780
torrie
shopgirl
mustang90
CHARLOTTE
powerstroke
windy
westgate
horses22
150181
teatime
vincenza
daniel94
welcome9
02101992
02051981
horny123
bella17
banan123
billybob2
31031984
SSSSSS
pinky22
310593
04091984
reliable
080586
18081993
08041989
benhur
ball4life
161985
guapo1
jamesbond7
soccer31
ingres
honda92
update
gracey1
godgod1
ilovecock1
number19
theboys2
281278
jacob21
055001984
vanquish
22111993
0122
198516
kenshiro
24041994
loveboat
princess*
210379
monica23
penis.
loveland
240293
powerrange
vinograd
pearson1
toyboy
linked4me
201077
snowboarding
bhabykoh
omgwtfbbq
dudu
raja1234
31415926535
school22
shaggy12
sexie1
stroke
19461946
271179
landon07
babygurl20
iluvme123
sophia11
hollywood!
sidonie
lanie
1juggalo
199800
blender
030184
nazarov
june2005
kurwamac1
sparky10
il0vehim
sexy87
torrie1
karolek
gepard
150494
daisyduke1
gamegame
198456
29051981
shadow20
looking2
alkohol
14love
casey3
400018
methos
15091982
07041984
07071981
chopper123
sexylove2
lipgloss12
191984
30111993
esperanto
ville666
blessed5
moncheri
kjyljy
shivaji
011283
070386
senior05
cuevas
789632147
1mercedes
kumara
114411
200382
gummy1
jazzy14
12111980
27091993
vampire3
blue30
manfred1
johncarlo
147895
booboo09
190892
actros
we1234
aston1
marthe
paul69
qwerty456
141991
sunny13
lax123
110195
richard21
apple12345
11071994
240181
casillas1
lauren69
tiger16
654321k
astronaut
113
08011988
250379
pimppimp
loveheart
110779
198614
Brian
Pokemon123
spider5
honda23
rjcnzy
eager
280581
bodrum
196565
nintendods
david33
09051992
alekseeva
reina
elijah06
mothers1
andrew77
deere1
hawthorne1
rc95kzbJ1V
19011983
landscape1
braindead
121098
darien1
maria25
James123
198415
boulogne
saya123
24101995
chynna
nascar29
lauren17
tigers15
winston12
bhumika
bailey8
crunchie
chris55
pimp90
durian
mandarine
shade1
lantern
070391
focused1
patti
gfkmvf
070286
diamond69
071091
wakefield
imgay69
04101985
volleyball1
kitty17
1adam12
111294
210978
molly07
281294
forgetme
brian7
shandy1
13111983
11223456
22224444
realnigga
fquekm
runescape123
oliver4
150280
vanessa22
nico12
stepup
02111985
znt,zk.,k.
021095
198023
easymoney
kookoo1
131178
alex1978
portishead
whateva1
wildone1
brooke4
1woman
fastrack
tur
b654321
010580
beth12
240291
gbolahan
kropka
ilovekayla
henley
sunshine0
modesto209
solita
ilove21
Crystal1
schnulli
01041994
justin27
nikolai1
mustang97
198307
dragonmaster
santo
kpkp1ee9W
basia1
cornelia1
coconut123
love57
frontier1
040389
aishah
haha13
hell00
kingdavid
farmers1
lalala7
dragon06
ramses2
111111r
seneca1
verunka
123456789qqq
mets1986
unlock1
2n66xG2zIU
15021995
thechamp
140693
lazarus1
30071989
daniel87
pendulum
lillo
oyekunle
elfenlied
babi
mishutka
13051994
speedy13
14051984
snowsnow
marymary1
moneytalks
styles1
nicole98
clarity
buster88
bodyguard
yozgat66
sweet08
020482
tommy6
remix1
arthas
SUSPECTS20
sally2
dbyjuhfl
jerseygirl
alterego1
260980
cutiepie7
danielle16
albert01
mania
08101983
31031983
bros4life
030285
010293
scrubs1
winter2011
texas214
a00000000
jaimee
giants11
asdfghjkl!
davido
kimberly3
11081994
defiance
mizio970
wee123
011191
justin33
whites
freddy13
rdfhnbhfyy
anthony0
krypton1
anto
froggy7
rubberducky
molko24bog
28071982
genoa1893
060485
freddo
08101989
clusters
newyorker
24041982
boston33
011292
joey69
husqvarna
mamabear1
chevy12
020894
luchito
staind1
jaylon
santarosa
phone2
crazy18
121270
dana12
01071981
kev
spagetti
bella18
118218
honduras12
hotty2
02111992
b55555
krystyna
18021982
198303
PRECIOUS
bigsis
luckystar1
help1234
purple00
jujuju1
babygirl30
andy22
16121981
29041983
tazzie
eu
vvvvv
kingme
alloallo
buster24
magic101
28121993
131294
brunswick
kelsey!
golf69
aston
todd123
shannon!
ville
partner1
billy01
mo1234
ayesha1
comcom
14081993
raymond3
tattoo13
autumn01
united01
oliver21
3215987
globe1
brian3
nissan350
aq123456
blessed01
01091993
22011982
23061994
peace420
dogs1234
icecream4
dil
janica
peterburg
040289
21031995
190500
smukke
callie12
bluebirds
dance08
jonas!
290580
22051993
jose25
london06
09061989
080691
malgosia
1chicago
pinkerton
urmom2
123iloveme
051280
RANGERS
hayley123
10111994
wester
lombardi
theresia
eastside21
married08
mj123456
lasers
3012
darkfire
220677
hungary
meemee1
thuglife12
obiwan1
peanut9
gladiador
snowboard2
caillou
critters
souvenir
king33
21021983
jiejie
extensa
preschool
peruano
121211
pa55wrd1
design123
adoption
phatty
17011993
13621362
13111981
skanky1
vbvbvb
030792
Cheese
sweethoney
frankie4
181092
alternativ
201295
1rebecca
cookie77
1house
fairies1
cayang
100grand
motocross2
peabody1
123456789qwertyuio
bebe15
lostsoul1
Death
olasunkanmi
091291
040493
toolman1
jamie69
skateboard1
avadakedavra
26061982
rainbow21
l1o2v3e4
pink26
220494
isabel2
anemone
safeway1
other1
free23
shrikant
112300
25041980
240694
fourtwenty
platini
198817
sagarika
Green
adrian07
190979
Spiderman1
000000j
cojones
ford69
lockhart
welcome99
anthony26
portillo
jarek
123wee
sandro1
laura5
daddy9
landcruiser
virtual1
21021993
pirouette
p.i.m.p
chelsea25
edmundo
090999
pretty18
jose123456
aneczka
Germany
CHRISTINE
grunt
greatwhite
wachtwoord1
081186
berta
28011984
260594
mickey06
parsley
iamcool123
abby13
17021995
tubby
06041985
ilovezach1
streets1
pickle3
moonstar1
10061981
270781
070291
blackbox
Blue
cuckoo
alfaromeo1
sarah07
dereck
negrito1
zack1234
100577
parana
boss11
09121984
tigger55
10021994
040781
011080
17051994
newhouse1
Sierra
080687
09081991
15051982
500009
cartouche
lthgfhjkm
onion1
carthage
hana
17081982
251983
power1234
steven09
merry
lenard
jamesm
lyalya
waheguru1
260881
mike26
britt2
zachariah
stanly
mvick7
Scorpio
13021995
rainbow10
john25
microbiology
220295
115569
bratz11
chili
101998
17101982
hulkster
100494
010393
asdfgzxcvb
alison123
ridebmx1
dimond1
1601
crystal10
31121981
alexalex1
spicy1
may1991
chase11
090386
211178
boston22
bench
19201920
124001
redrobin
23021995
daniel93
gigante
reverend
27101983
lagoon
heehee
midnight!
skippy2
yagmur
mantle7
29101982
161293
111971
090781
italiano1
sweet24
270283
197171
adarsh
07011989
bruninha
julias
261093
asylum
laundry
sialkot
shade
francisca1
summer25
08121984
fernando123
28071993
1london
enter2
hugues
mibebe1
slasher1
070708
ava
boomer7
sportsman
moneymike1
sexymomma
021193
061181
13461346
08061983
loveel
aaliyah22
2doggies
devan1
03111984
lothlorien
linkedin22
xinxin
jordan77
20041981
maxime1
nogard
iloveyou90
07011990
198909
010982
1qazXSW@
again
Ð´Ð¼Ð¸Ñ‚Ñ€Ð¸Ð¹
orpheus
231980
240579
alibek
jackson07
barbie4
chaucer
dreams2
warszawa1
09031983
shingo
198416
Robbie
26121994
dragon78
310881
240581
chomper1
080587
fourkids4
stephanie4
yupyup1
element!
lolade
575859
bwFqjpF
encyclopedia
lucas13
jacob1234
08031993
swagga
godtime
dodgers12
290482
hebrides
bob123456
my6kids
putita
frankie5
lovely15
dilemma
curtis12
16041982
earnhardt8
tot
maricela1
261987
trouble123
star00
198305
maconha
valverde
sexo
hyphy101
azizah
blader
06111987
Berlitz
mayara
jamesjames
mexico20
sadiedog1
everton1878
150893
steven07
sabrina13
mike34
bebe23
angela69
chupacabra
emily8
cute08
jamaican1
380007
makulet
gearsofwar2
080383
888333
donthate
azerty69
brahma
lafamilia
290784
lunetta
03101992
angie13
ladybug8
catdog7
070883
eric14
07101990
bartsimpson
cuteako1
twinky1
mitchell12
flower15
merkur
honda90
akoito
vfhufhbnrf
gothica
cre8tive
310382
lolo11
121271
morgoth
vitalya
hollydog1
friedrich
3sa8xK4xDZ
28zxrpuNFA
167167
danijela
021065
zayzay1
iluvjesus1
dance5678
7676
241988
denise23
pichon
cowboys69
hagrid
columbo
29011982
bugbug1
1597534682
oriane
arnaldo
bob420
technics12
boo1234
dani13
senior2011
david27
29011984
250493
fyfnjkmtdyf
wolf69
carlos09
dis
030881
birds1
valentina2
dianochka
131094
051180
070482
kolya
antonio.
09091980
punks
0123123
snow11
milord
mama20
chicana1
killa6
Linkedin123
09061983
2608
alex29
missey
apples.
ilovehorses
sharpe
15111980
050191
getit1
go1234
arturito
diesel12
antalya07
09061985
99999a
itiswell
081082
photo123
hajime
151293
sugar13
kokopelli
300993
29121982
24081982
125000
261278
35793579
blue82
310780
loca
archived
love52
numark
joey21
goodstuff
rowan1
061080
peterson28
matthardy1
198527
sammy09
061985
051985
chris111
chelsea6
080790
maggie24
uthvfybz
26081984
rowell
dicksucker
12091981
310381
felix2
flicker
290880
volker
sully
213243
jadzia
031081
commodore1
esther123
123asd88
montana7
tenerife1
1rachel
seaworld
1oliver
bigbro
yourm0m
megmeg
anderson2
swordfish7
jojo01
100600
101975
oldskool1
casandra1
16031983
010593
fuckya1
marie33
honey09
newhope1
hermanos
258046
batman007
26031982
shivangi
samantha18
tink07
miley2
30081982
driven
lucky20
mercado1
753951852456
mallorca1
papaslexzy
toscane
antilles
02011980
jess22
travel123
11331133
unitedstates
homers1
290981
azucar
kamara
29091995
roxy14
relax
210979
wiosna
westend
max666
13081981
whyme2
123321abc
cathedral
021080
buffie
roots
d1i2m3a4
scoop1
cherry18
sunday2
suicidal
coldfire
steffen1
021293
300581
11071995
091282
karlee
berries1
CRYSTAL
milestone
pangit1
11011982
14071995
jesus247
love1984
423456
110296
danny08
imback
rafaella
Charlotte1
middleton
bmw323
fatman2
600044
mexic0
m3tallica
faith101
prisoner
13031980
gabriel8
7758991
enters
300392
sandra23
198708
06121982
12111981
vasilev
13081982
123mnb
26071992
6031769
munch
200579
160193
outlander
okay123
waller
19011992
cocoa12
axeman
1609
pacman123
ripken8
342001
angell1
luckyboy1
010209
alysha1
arevalo
310380
briones
1234567890k
mamanjtm
ï¿½ï¿½ï¿½ï¿½ï¿½ï¿½ï¿½ï¿½ï¿½
sexygirls1
g1nger
jesus2007
rhfcysq
oreooreo
27021984
01081980
03021983
281094
JaspyB1990
jake06
300481
passion12
aa11aa
30031995
280893
kc1234
411016
jabulani
20061995
rainb0w
281293
11081981
iwantsex
5101520
Robert123
prestigio
carlos07
996699
justice12
maxtor
ufhhbgjnnth
angel32
2409
dickens1
colombia2
namibia
011082
1155
houston12
42069
181195
apple33
bobby10
pinoy1
jake5253
12041981
sobriety
190392
beasty1
vale123
beebop
fenice
parool
year2009
29031993
destiny22
30624700
nesrine
625625
joemalyn15
170592
050391
charlie88
peter3
olivia99
easyrider
susi
190482
1234567887654321
ashley94
deadline
201278
hunter44
love76
letters1
zxcvbnma
060880
10021981
clavier
741369
wambui
xfiles1
fucker6
loveyou21
280281
forever01
dayday123
tsv1860
11november
131076
nfbcbz
independiente
200793
whatever6
alexa12
nastya1997
jagr68
jp123456
toupie
cute22
devante1
hahaha7
trafalgar
humaira
butterfly12
firehawk
02111989
nayeli1
01051981
zepplin1
f12345678
180808
felicitas
190881
bayer04
cats11
konfeta
hjvfynbrf
mystical1
batista2
booty12
trece13
sweetie11
banger1
broken123
forget123
beautiful.
boober
soldiers
13041981
under
usher123
william18
sunsh1n3
nokiax6
5647382910
phatfarm
investment
123321k
01121991
hamzah
rfvxfnrf
gizmo7
nikki9
love4love
texastech1
trueno
chick123
hotrod2
penguin5
pootie1
29071984
030993
sempurna
080686
210477
nissan12
12300123
brandy7
pooh17
090808
199711
271987
kaylee01
samantha20
14071994
skyhigh
26011983
farfar
andorra
Trinity1
marko123
6cs2huAULF
oliver08
vanessa23
151179
babycakes3
nifemi
kjkjkj
petete
100794
123456hh
johnson7
winner2
100279
gangsta21
creative2
yellow09
year3000
111094
nigger13
mcqueen
bonjours
burunduk
babe69
dochka
iloveyou66
kirkland1
fuckyou20
daedalus
Master123
brooke08
HAPPY
sponge123
himera
280680
pimpin8
degree
kansascity
taylor93
123test
rosalinda1
abdul123
shippo1
190182
campione
shellie
arseniy
langlang
chris45
newlife123
070795
papa11
lovely07
teamjacob
sexyblack
theboys1
ï¿½+ï¿½ï¿½ï¿½ï¿½ï¿½ï¿½ï¿½ï¿½ï¿½ï¿½
310880
060693
luckygirl1
081180
15061981
riley3
18111982
TERESA
230994
kon
01061995
040386
frank11
screen1
raiders08
12071995
tanman
ihateboys
222223
bianca01
280381
khongco
hotdog22
kot123
kiki14
27031993
21011982
black77
121970
15031994
booman1
doom123
sweeties
navneet
beans123
logan06
090489
too
060982
Allah786
020480
chigozie
sherrie1
lanegra
270493
drink
michell1
worldpeace
04021983
malick
20302030
nam123
junito1
copperhead
denise22
ctht
kiwi12
101073
soccer100
vball
10121995
scooby!
241989
mickey99
ginger8
cupcake21
1800
monkeys11
danger12
122008
woodwork
charles11
306306
150281
03051993
gfhjkm1998
iloveu16
ilovejon1
17031995
sasha2000
gallery1
111079
joker777
290391
bigbass1
dagwood
holla12
popcorn4
irish2
110180
hawaii07
mahoney
sameer123
Packers1
14051993
070685
heather10
marquette
troubles1
ethel
fatima12
qwerty85
wedding08
dolphin9
fuck77
borneo
snookums
iloveyou45
050392
serduszko
crystal4
grey
isotta
mcflurry!
270992
mama09
coastal
kelsey01
lingling1
200679
peanut05
imissu1
zxcvbnm.
270980
070186
raptors1
hakeem1
billygoat
717717
18071994
hopefull
number41
aaabbb1
nigga6
09021982
pepper08
cory12
maxwell7
280593
110696
debra
speedy11
asd222
zouyong
single21
death!
123star
19861122
160680
capitals
elessar
cherry09
samrat
13101980
kiss22
babygirl55
family14
23111994
theking2
01121982
football37
gia
yankees01
goodbullet
lasagne
tujhjdf
38gjgeuftd
number44
forever24
Awesome1
reno
201078
bmw328
snaiper
skinhead69
101297
1chester
As123456
fucker22
glassjaw
acting1
income
enemy
12031981
sexylove12
orange55
210494
199017
corrado1
ball11
babygirl29
joseph99
governor
poppin5
45674567
delta2
lov3m3
03021993
ruffryder
3108
serval
provider
kipelov
naruto97
sillygirl
logan08
imrankhan
marty123
raptor22
davidg
198802
titty
partyone
mira123
asshole0
loulou12
120676
ferrari7
Liberty
lovelife12
030592
77585210
odunayo
1lovemom
brilliant1
padova
iloveshoes
Summer09
rosered
sonic5
bolbol
mobile123
0011
23111982
220595
28051981
kings10
556699
charmin
snappy1
mary23
199110
rubies
komarova
09011984
crystal9
06071993
19021982
maravilla1
160579
papacito
taytay11
romeo7
archery1
alex45
23011993
02031994
free2rhyme
ellaine
LETMEIN
F00tball
larry33
06101990
12q12q12q
shumaher
explore1
skrillex
091182
10041981
allstate1
180595
calvin01
tammy2
wasup1
loveme4eve
sassy6
13031981
whoareyou1
drew1234
chelito
19992000
spook
seaweed1
delima
evangelina
200981
panther123
bimba
fatkid1
linkedin7
sanders20
26041994
fuck12345
connor13
saitek
tulips1
fuck09
silent13
123056
13031994
25071980
midnight5
789456321
29011993
gaypride1
jimmy22
210679
Kawasaki
Gregory
steamboat
120278
lilsexy
061280
andysixx
smile1234
130494
all4jesus
240495
warriors12
kukareku
280692
28081993
mazdamx3
07061983
emma2008
justin77
jesse101
serina
pookie23
awdrgyjilp
210180
roberto12
reggaeton
entrance
bigdog3
tripoli
120475
BASKETBALL
lildude1
business12
honey!
#1sexy
821128
myspace197
nandita
killerboy
1shelby
wilton
holycross
micros
fatman123
qw
wuchun
omega13
christian.
gerard!
yfcntyrf
winnie01
030982
01011968
dopeman1
713713
saiyuki
loomis
broker1
molly08
holyghost1
sebastian123
bradley12
harryp1
secret23
suleyman
cooper08
250181
smile21
cronic420
wat
270393
131988
221277
vfvekmrf
shelly12
dick1234
160280
02081981
craiova
panthers11
nascar09
jarell
Krishna
23101980
17111981
090906
zadnica
050780
may2005
KARINA
odin
abacaxi
mellie
13101994
gibbons
29061993
886886
browneyes2
160594
080788
beauty01
240979
milky
110794
televisione
O
eatmenow
1country
natawa
verity
Kitten
miller69
001907
puppyluv
hecate
28041983
07011986
gintonic
280395
sexybitch0
alonso14
instrument
raimundo
#1angel
hillcrest1
240879
11281128
leonardo123
051080
legolego
rico12
DENISE
morangos
visions
boston24
280693
19841025
190283
m3lissa
reindeer
030893
dustin13
ethan08
serafima
myspace87
197311
08091993
hund
HwrIwxWc76
billionaire
123q456
1death
moondance
mimi23
richard10
katie69
seznam
tiger17
4077mash
legia
201987
christian123
elvisp1
25892589
maria9
12091995
FLOWERS
musicislife
tekken3
100877
01051979
element8
198027
lovelylady
millan
christin1
12071981
050680
peewee11
munira
alex78
Holiday1
brigitta
11011993
moneyman12
crip12
1hater
always2
02021973
iloveyouda
success11
lea123
methodman1
vergine
141988
verto00q
uliana
151078
packers2
190692
froilan
antrax
wonka1
bella16
pimpshit
tbaby1
080189
dressage
kelly10
fuckfuckfuck
danny16
080387
000000p
30061993
04041993
mama69
nono123
kitten22
rockman1
ami123
qwertyuiop123456
301078
jason33
mega123
twilight22
dundee1
rattlesnake
getaway
qwer56
220878
kasimir
sepultura1
140294
qwerty1!
apples4
realtalk1
zebra12
boombox
wanjiru
281180
15121995
040292
21091994
fenris
23011981
blaze12
moppie
sonne123
brianna8
ganteng1
26101980
renault5
dominic12
20011980
2801
6point
121194
xxx000
alexandru1
09111990
moscow1
chris93
syndicate
joker101
191982
pilgrim1
22031982
samoa1
myspace02
june1994
???????????
vampira
08081982
starwars10
ilayda
yflt;lf
shopping!
hutch1
070589
18021980
zcfvfzkexifz
slaughter
gandolf
18041980
antonio22
max2007
ladder1
080984
sweetlips
vantage
iloveyoutoo
lucky33
10121978
felix12
buster06
spacebar
26041992
wewe
erreway
books123
haseeb
hunt3r
jenna2
noAccess99
treetops
119900
wonton
841029
killerman1
vermillion
03031979
aggroberlin
4password
260393
13579q
majmun
huggybear
999991
as12as12
291093
doordie
quagmire
ilovetaylo
luciole
lame
mossyoak1
260678
keesha1
diplom
america22
dakota21
yousuck12
tatarstan
400102
q777777
blackdevil
Guitar
Hercules
12qwert
lacrosse3
mydogs
13051980
01091994
ratrat
draconis
blue94
Lisa
nittany1
25031994
01011966
bizkit1
300681
elvis1977
navyblue
30011993
alan1234
knuffel
chanel123
prank1
godrocks1
ilovebilly
210378
birdcage
not2day
010694
191081
Sasuke
klmklm
1809
killas
jessica05
162636
300180
divorce2
oscarwilde
400025
600094
ï¿½ï¿½ï¿½ï¿½ï¿½ï¿½ï¿½ï¿½ï¿½ï¿½ï¿½ï¿½
shameless
ganggang
madison23
200505
kan
saysay
221969
020185
123181
p@$$word
crystal8
ryan101
prov356
aachen
bhargavi
neymar
dream12
ginuwine1
091092
231095
wanglei
290193
morgan8
davidh
06111985
1sayang
baller6
09121990
151278
19091979
suckadick1
15081979
211986
05052005
kiss69
nerissa
littlestar
demi
jacks
18091982
shedevil
kaylyn
1justice
bootleg
theedge
redtube
sasuke10
kartoshka
charizard1
backflip
meltdown
JOHNNY
170580
milenka
9999991
meat
01061979
12280202
little3
xavier08
020295
Baby
ouk29q6666
wtpmjg
ihatehim1
robbie01
08121982
sasha7
matt18
1sweety
290692
killaz
ccccc1
gibson12
aabbcc1
giggles13
123411
111996
fynjybj
190281
danny101
14121979
12347890
13091994
123mama
anders1
jitterbug1
canito
27011991
blue95
1qaz2wsx3
skate23
raf
fakebitch1
tramp1
softball27
151177
bentong
brunette1
hahabitch1
base
nathan18
children6
bubba6
tristar
12345tgb
wcdd93H9pQ
moonraker
rhfcyjlfh
0070
poohbear19
111111t
svadba
pratham
danielle08
1929
21021981
24011984
080592
10071993
sexy78
Butterfly1
lolita12
m0t0r0la
rockyboy
adrian14
murcia
zelda2
klizma
thebest2
monisha
fernando10
20011981
bomb
katastrofa
loquito
827ccb0eea8a706c4c
thunder!
honey25
04031990
0708
24101980
faget1
198320
happynewyear
070991
luka
chance3
19101910
poltava
Iceman
elanor
the69eyes
verify
twilight.
02091993
lazarev
whatever21
crack123
july1987
060983
59635963
ifycjyhekbn
captiva
nubian
utjuhfabz
nascar123
600083
0105
hasan1
irish7
thehulk
gioia
mustang91
123qwe4r
13021980
081083
icebox
jahoda
001969
bobby23
kirana
spanish2
freedom23
135791113
220978
jokerman
manitoba
hilda
271293
16071982
frank22
linda11
kimani
131095
10041980
0507
j000000
110108
dairymilk
pepper8
02021996
mandalay
boy1234
zenaida
29091994
timebomb
happy777
poopy3
040683
1child
qwezxc123
shaggy2dop
050183
07071980
connor05
steffy
cocacola0
446688
19980621
kalashnikov
eryyv588
honolulu1
forbidden1
060405
6868
0611
purple45
kurwa123
jason17
200380
291178
alabama123
adeniran
881988
rich1234
vanessa4
scheisse1
harvey12
esposito
19372846
110596
455445
parkview
william24
18011983
markel
09021984
kingswood
werdna1
elguapo
15021994
hiroyuki
vegeta123
271292
grant123
ivan1990
33334444
120896
041280
300783
12041995
311279
secret21
198418
Bayern
rana
delonge
jesus88
sp00ky
jackal1
198306
moon11
alyssa99
pippa
df
karaman
031987
caocao
ilovecock
rayray13
1fish2fish
10061977
flyfish1
pohekale
penfold
love2002
nevaeh08
emily09
donkey11
hothead
08121991
florida07
13031303
10101974
198801
duc
papi12
30111992
reuben1
sriganesh
clermont
jazzy3
sw0rdf1sh
pjkeirf
maryjane3
ceasar1
lineman
turbos
mishmish
sydney10
28061993
11011980
pp123456
jamess1
baudelaire
people!
123passwor
pornostar
angelina12
reo
myfuture
password79
nokiae51
bigblack
labella
lfif
fender7
050575
jayjay23
alena123
clelia
Carter
osho
1love4u
leo123456
emily9
creepy1
elijah11
070797
17021982
samisami
24021994
080693
laszlo
deeter_1
160480
ch33se
squalo
classics
01111988
candra
boniface
nigga22
zak123
18011994
meline
july1990
30061994
butter!
giggles2
040893
terrace
fcbarca
alize1
eminem10
1olivia
adnan
fluffy7
imaslut1
julia13
farming
jessica101
senerity
223qwe
rigger
maria20
sandy5
13081983
2smooth
kevin24
qwepoiasdlkj
iceman22
350350
insecure
011284
080785
260280
070487
coolman12
arsenal08
pippone
pinky101
cheer15
carabinieri
timetime
NATALIA
280480
peace69
keys
valente
m1dn1ght
candido
1357902468
carmella1
luna1234
pumas10
140694
barney5
amanda00
lexa
090682
timon
784512963
matthew03
v12345b
11114444
191990
ranger00
woshizhu
juan22
meandu2
merritt
remark
enjoi1
hallo2
said
Ð¿Ñ€Ð¾ÑÑ‚Ð¾
555555555555
lethal
georgia3
eternel
20111993
salcedo
0112
050882
030709
JAYSON
vera123
13681368
samples
olivejuice
rabbit01
03041982
leo12345
deville
23061981
221199
123boy
cooper5
130995
1346
mason3
198528
22031995
140893
jennifer18
justin96
melissa15
20021996
cjkjdtq
Internet1
black!
cfhfnjd
everyday1
jeremiah12
Rocky1
loveu4
checking1
Playboy
16051994
allahoakbar
giddyup
hotboy3
saurav
120101
25031982
12061981
daking
decode
050289
peachtree
loreta
ronaldo2
2q87xI3vFX
jasmine05
palmetto
rosebuds
oswaldo1
soccermom
121232
QWERTYUI
sandee
chloe4
19851216
farts1
190700
lordshiva
volcom69
06071982
eraser1
211094
07101992
24101994
sheppard
gemeni
220979
asdfghjkl7
ashley27
ï¿½ï¿½ï¿½ï¿½ï¿½ï¿½ï¿½ï¿½
mounia
080188
louanne
11031994
paramount1
cristy1
100795
AVM6Ubdunj
kesha1
02031979
bing
player24
delrosario
yellowdog
3008
mazda323f
alfaro
ALBERTO
021986
21051981
manila1
gamecock1
goheels
deaddead
soccer87
byabybnb
bonjour123
iloveme18
tools
19841007
123645
money27
kahraman
15071981
yandex.ru
mammoth1
29111982
08091982
poops1
17031982
starwars13
awawaw
fkbyf
cutiepie5
Blackie
springbok
pocoyo
john123456
asante
papamummy
jack101
pumpkin!
millioner
311092
chrisbrow1
060882
13561356
raindrop1
060695
william99
24hours
hayden07
hoang123
ad
1926
stinky123
repsol
21041982
08121993
020396
cerberus1
ilovejack1
159654
tanushka
11081108
panda10
deerpark1
qqqqqqqq1
jamal12
firstborn
redd
28011980
mama777
homedepot
josh24
23081980
spider22
Franklin
ethel1
11301130
mohsen
kigali
26051982
smellycat1
ignition
naruto666
scooter!
coccodrillo
teapot1
040391
199811
fuckthisshit
29091982
jack09
123001
1516
mytime1
tigers24
zippy123
200606
brittany22
hollowman
matveeva
juarez1
15101510
jolie1
13041994
19061982
arsenal8
11101994
11091109
monkeys5
020394
141421
plm123
090584
fantasy8
transit1
14021978
sparda
peace14
17041983
02061979
vipvip
051987
station2
400079
mahmut
ryleigh
midland1
sutton1
yourmomma1
050385
aaaa12
18041981
andrea09
bond0007
140181
ashley98
school.
retail
Dragon123
matt24
hotel1
03061993
2500
boquita
khurram
mehmet123
valdez1
tyghbn
071082
redsox22
struggle
fgh
dakota14
mckinney
13041982
dcshoes1
tinman1
12091982
ninja5
anabel1
180679
manuel23
26011994
010382
ireland7
prayers
28101981
beach12
130794
iloveme69
youngbuck1
bigbitch1
shelby14
31031995
daisy6
25242524
librarian
20071981
helder
nitesh
klavier
250280
1amber
poop14
160183
205205
jada12
051193
iloveu01
thug123
solace
flash3
punksnotdead
bananaman
452452
nikoleta
honey24
060291
haylie1
kamina
frisbee1
curtis2
08021993
12061982
100895
smallfry
cruz
1kimberly
2523
charles4
27091983
rambler1
GvqJvxVb76
400099
oddball1
dakota04
261279
jarred1
220893
2609
premium1
01071994
05011986
07121992
09041992
tarragona
kondor
1bastard
tickles
fucktard
03061982
21051982
030579
cradle1
jacob99
15935700
nandhini
lialia
15121979
powerup
0011223344
198508
dunno
cnhjqrf
080385
madinina972
libellule
keshia
041282
timothy7
eusitu
331331
olympics
s00000
050485
wizkid
1935
skittles11
policja
fragile1
gznybwf13
sergey1
selma
mmmmmmmmm
161279
jonathan20
23051995
ortiz1
sexybitch3
140879
nikita1997
220777
tomasa
globe
maddie10
HPH2N89qif
elijah7
110395
nichole12
21101981
imgay2
genetics
budlite1
amber!
sexme69
sweetass
151077
lauren09
15243
x72jHhu3Za
09123456
takeiteasy
sweety7
31081982
britton
3578951
830830
01021978
slim123
loveyou10
24122412
090391
ilovenick!
23081982
16021994
lupe12
eR2SizO241
231277
kaylah
majka
290782
clinique
221982
29091980
lexie123
nike14
zacefron12
mypassword1
soc
shitass1
2425
lover25
31103110
june1980
rachel18
lildee
150978
Frederick
1A2B3C4D
270780
america09
shit22
199416
18street
13091980
janeway
jackblack
cassie22
dragon28
221194
technician
roro
bryan13
26041982
10191019
070982
rachel16
holly7
090791
momentum
babygurl17
mayfair1
270680
interest
29081983
linkbuild
ï¿½ï¿½ï¿½ï¿½ï¿½ï¿½ï¿½
tokyo
121415
angels21
030992
280679
miguel15
18031982
560048
281279
38383838
france123
edgar13
112008
madison99
21071982
19041995
jacob15
20011993
17041993
school6
cameron09
cakes
octavio1
bebert
bulldogs11
06041983
1hollywood
optiquest
250895
rocky8
rockout
2326
17061982
ilove10
nijmegen
bosshog
volodia
sing
23021981
subaru555
laverne1
071181
19041980
kisa
041082
praisehim
bhavesh
bienchen
22041980
lombard
150293
cowboy3
11091993
apollo123
pooch1
h80lsa
littledog
dog111
poiuytrew1
vanessa21
sasuke3
gopack
flowerpowe
kevin101
class2006
020982
minecraft12
teamodios
02071993
08101984
181180
runner12
a66666
haylie
ilikeyou1
topman
sanderson
270383
sp1der
260693
anthony28
110778
261079
241277
171988
15091983
nopass1
516516
hotboyz1
198215
punkpunk
kate11
17081994
polo11
060482
bellagio
0907
asas1122
cherrybomb
love2003
fujitsu1
198504
mommasboy1
1snickers
edvard
sommer09
270193
tyler24
1234ss
181279
Brigitte
28071983
ferec
babygirl04
27091992
irene123
richard22
skooter1
boring1
davidbowie
270793
alexandros
kenny13
babajide
lovebirds1
lucygirl
070185
ginger07
strummer
25101981
iloveme8
sutenm123456
Qq123123
nosferatu1
teamwork1
080491
ars
fuckoff8
mohammed123
beauty7
jake17
190284
am
buffalo66
babe1234
camryn1
mommy14
master09
sometime
201277
andreika
16051982
190681
omsakthi
juventino
lavina
imaloser1
240194
honda88
edward101
kurtis1
asdf45
25081982
offline
heinlein
docinho
iluvmyself
rincon
plplpl
black20
quasimodo
pickles3
snoopy4
136666
okinawa1
javajava
harrystyles
missy101
quintero
sports10
gadget1
King
cachondo
01031978
eightball1
14111982
ring
Colorado
11111979
nana07
bella69
11011981
duffman
cle
loveme20
ponyboy1
040884
060782
12011995
hated1
09011992
mangal
demetria
vtufajy
kuchen
kaduna
samantha08
siddhi
ch3rry
school08
jamie5
isaiah01
300595
omaromar
130978
tartan
quigley
041084
bambam13
171193
chelsi
07031992
090978
ebay
pepper.
osvaldo1
defleppard
160777
gotmilk2
pablos
vampire7
barnes1
02011992
haiti1
missmolly
05111985
hottie92
jlbyjxrf
thomas27
151989
fasttrack
2369
120798
Feuerwehr
chris87
iloveyoual
jackass4
021984
kittykat12
23041981
makcim
lero4ka
rufino
dartmouth
pissedoff1
19071981
babygirl31
02081979
pattycake
19101981
buster8
cacatua
kangar00
mamanjetaime
775577
250978
Jordan1
lilylily
raven7
alecia
141008
230195
shelby69
nicenice
ybrjkftdf
claudita
mason01
babe22
240894
hooch
05111988
310592
maria19
Lawrence
moneyboy
anna15
mistigri
phiphi
barbie21
bhutan
munkey
26111982
201094
shelby5
silviu
200779
qqwwqq
160381
norwood1
smokey6
zamorano
090188
acdcacdc
tina01
taters
breanna12
041279
shreeji
098098098
fordford
falcon11
budweiser8
shelby22
rianna
mistery
fine
goodlooking
anna69
mkomko
pe
granit
july123
coqueta
victor21
18031981
superman27
Joshua1
curtains
ocean12
isabel01
plaster
1penguin
lena1234
291181
123itsme
kings5
fuckoff0
151983
fruitloop
29011983
segreta
sexy4ever
andres13
05081993
cheeseball
marcial
parkway1
041283
20021995
morgan69
mc123456
veneno
qwertyqaz
loser55
09121992
aggies12
pecora
laposte
ilovebob
sweetsweet
girl23
camello
jayden23
270893
supergirl2
160893
f1f2f3f4f5
selamanya
geelong1
panthers09
230877
bernabe
pennys
dheeraj
261985
sinclair1
160379
lizzie2
justforyou
twilight5
17071982
looklook
xh246AIGUN
98765a
queen3
1290
mathieu1
bball8
ribbon
DALLAS
panatha
player9
abc123321
noncapa09
21021995
Pamela
filthy
hiroshima
maslo
codeblue
131278
stars13
13579000
oakwood1
angelica2
nirvana3
852456852456
spooky2
333123
display
888222
POLICE
KENNETH
football59
pet123
jennys
pizda
02071979
barley1
030508
kitty24
vbnmrf
empress1
08081981
060694
050185
221078
260878
lena2010
198807
ell
bears2
poontang1
baller07
police9
240380
luqman
devildriver
emergency1
babyjane
spears1
realmadrid1
vermilion
sparky3
09081982
pimentel
joshua77
sweetie5
paperboy
22021995
cheat
rose24
skeeter2
antwan
06111984
kangkang
rosenrot
mariposa11
230694
tyrone2
games12
234234234
141178
music88
figment
zimbabwe1
douglass
krzysztof
dylan4
301179
robert33
101996
joelle1
carrie12
precious01
lool
school8
170693
ARTHUR
martha12
ryan1
briana12
21111981
198124
troll1
honeydog
texastech
Arschloch
popcorn22
katita
ponies1
temitope1
160293
25021994
audrey2
familia4
sQ8Hm7l4
enter12
180693
terrie
04061993
ylenia
britty
1237890
nightmare6
touareg
7734
$HEX[687474703a2f2f616473]
mhinekoh
admin1213
gastone
28011993
john99
231176
splodge
maruthi
06121983
00070007
manikandan
qwerty65
600096
21021980
salinger
tinker4
sam111
seth12
godrocks
Master1
guitar21
24081983
190480
beckie
help12
1234567890v
13121979
lollipop3
monkeybut1
scotty12
minako
jinkazama
asian123
020892
mystere
zaqzaqzaq
alyssa04
elnumero1
29061981
240677
wiley1
28121994
jess21
jonbonjovi
nicole84
sesese
nolwenn
090185
garth1
180380
moskow
31051995
one111
ercole
Linda
999999999a
081280
texas07
hoho
112311
gaston1
cocoon
271093
fynjy
06101984
artistic
marie92
21091981
17071981
rocket11
matrix13
janosch
brussels
jesus19
mistrz
lex
luis22
blomma
gabrielle2
22081981
hen
mark18
gangster10
cookie25
harlee
110994
0741020
19021983
tiberium
royroy
19121980
doriane
4xeaxR653E
monster101
180482
activate
pussy8
011081
crazzy
alex44
acissej
170493
baloo
cowboys07
mamang
Dragons
aimee123
deeper
nonoy
snoopy6
ghjghjghj
drama123
blake7
11121994
killer187
45
king45
halo3
pooh18
180479
pangetka
hotboy23
24102410
1granny
andy21
1zxcvb
vinoth
nicholas6
decatur1
8181
199214
230578
deamon
29041982
090886
dri
spring2
31071983
270381
kovalev
29051983
291293
141179
fuck08
joecool1
foxfire1
ginger09
salento
tane4ka
kabuki
poser1
tinker14
secured
10011981
aaaaaaa7
130677
marine123
harika
jackie14
therock123
blackpower
011093
jennifer09
henri
miller22
c0l0rad0
eggroll
alex1975
neutron
nathan9
aleluya
123zxcvbnm
020993
260480
habeeb
gangsta.
nevaeh07
1706
lenin
doom666
Spider
jonathan18
joker6
naruto25
lilypad
ramani
080291
240877
16021995
050792
robin12
cricket12
110808
alina1998
140382
mahesh123
lagartija
051986
sexy04
thunder01
bubbles0
060586
cyclops1
diana15
panic123
ilovematt!
star56
schweiz
101993
112009
bochum
mikki
tony18
clarinha
120176
nikki16
michael30
fuckstick1
estrelas
mack12
0306
pen123
celestial1
leon1234
onelove!
160881
nicknick1
sweet20
090187
mateusz123
beach2
state
rockit
159159p
30111983
rockstar8
pissedoff
131990
fatso1
mirtillo
1234566543
jasper3
7410258
09011986
mnbvcx1
faceb00k
apologize
pamela2
500047
kometa
08041990
hornet600
500073
dollarbill
access12
killa187
ruger
brittany19
24051982
z11111
130195
13051982
444222
270281
crossbow
ahmet123
sonicboom
26011982
JACKIE
271271
28031993
love900
400074
luis17
jacket025
2titties
helene1
200979
december07
Music
sparkle2
pookie10
13031982
party69
victor23
friday2
chloe7
prdelka
sagopa
golfpro1
matematik
kara123
liberia
10021980
botswana
boob123
randal
tomfelton
23111980
qwerty80
vito
gangster7
Loveme
10111995
22121995
vengeance1
2pac2pac
handicap
198417
nikesb1
734992
070190
loveya123
yellow1234
30041982
159753258456
gilmour
shinee
misaki
bigpimpin2
270883
edward.
Winter11
csillag
hondaaccord
poopoo11
doggy3
dinky
snowball3
bigpun
iloveandy1
0101010101
159369
141195
manu4life
143baby
darby
ISABELLA
fredo
maluco
humboldt
30061982
seema
steelers01
17031994
arsene
050893
biotechnology
deleted1
frankie13
230978
london77
tigers14
julian08
28101993
julian3
weed14
chalupa1
june1993
101994
260580
alyssa02
malaki
teddybear4
bungalow
surf4life
sagara
bonethug
dejavu1
010992
qaz12wsx
rhenjq
songohan
baster
skills1
iloveyou91
bluecar
alyssa09
04111989
sweetwater
maffia
1vagina
holiday2
moulinrouge
combat18
711101
gioconda
rousseau
christina8
05031983
200393
marina10
dixon1
carrera1
piaggio
Goldie
1cecream
030981
180780
260181
pass@word1
mentari
Nissan
Banana
haritha
h2oh2o
291177
891011
grace13
speedy01
extension
andrea07
bhebheko
thc420
nike24
panthere
250993
scampy
paulo1
london3
vampire69
xyj44pe3GV
woody2
111199
buddy06
baldeagle
belova
andrian
70707070
carolina10
cambodia1
boarder
chris34
cherry08
hung123
akash
scary1
nelly2
15061994
Fishing1
130979
pene
gloria2
ortega1
bnbnbn
fiddler
budlite
sasha22
libertine
dominus
37373737
negative1
niallhoran
hottub
seattle206
kingdom12
091180
highlands
011184
matt07
220202
werty12345
23081994
man123456
eminem88
11223344556677
281193
shamar1
anissa1
tinker22
101071
edhardy
Valerie
03041980
radiator
thando
aastha
fastlane
bettyboop3
drink1
thejoker1
balls12
060487
bob1
butter7
amber17
Theresa
201177
rainfall
200010
1butthead
assmonkey
bellamia
01111987
marcell1
Ð¹Ñ„ÑÑ†Ñ‹Ñ‡
coolpix
beezy1
10091980
031180
120408
pussypussy
goliat
oldtrafford
tel
jza90supra
Roland
tippy2
130695
omgwtf1
huggies1
lidiya
090583
FuckYou
160281
2030
20042008
19031980
beaner12
14051982
beasley1
planb123
01477410
wilkins
08101992
hammer69
27051981
bricksquad
Fabian
nokia6280
brutus12
500036
mariami
181293
311277
tumbleweed
130194
2602
cherrie
29031983
topmost
198101
20152015
ï¿½ï¿½ï¿½ï¿½ï¿½ï¿½ï¿½+ï¿½ï¿½ï¿½ï¿½ï¿½ï¿½ï¿½ï¿½.
19101994
cassie7
shanks
1hateu
080992
1kingdom
070691
yanks
funhouse
england12
mamaia
wethebest
nsync1
laurita1
probation1
922i4Deebm
hiphop13
aaa999
061081
shabba1
01051994
280791
videogame
04081993
200181
lovechild1
sivakumar
macbookpro
11041981
03111982
pass4me
avril123
oficinag3
938271
parker3
050879
270282
blue98
friend3
145236987
peaches21
demond
55555r
hyperlite
Summer12
prettyboi1
naruto92
260676
09061992
fdfdfd
01061978
smooch1
wolf666
danny17
ibrahim123
stinky12
bigred2
ambiente
two
miami2
piggy12
1hiphop
bizzy1
rocking1
willie11
happy111
hammer11
ajay123
brutis1
123chris
230595
tee123
151980
mumumu
mariah01
140380
patches01
password2011
03091993
butterfl
fifa11
jazzy01
lisa23
131077
2580852
did
liverpool1892
uni
sandra7
maxthedog
bruninho
220995
23101979
gf
jonathan.
ancuta
123qwaszx
ourson
rap4life
261179
19121982
jerica
pancho13
maria.
270993
charle
05071993
180594
yankees08
121998
ionutz
Whatever
panic
050384
pumpkin11
dfdbkjy
18031980
daisy!
kinderen
nobita
28091982
fatcat12
cassie4
05061981
211985
jerome12
141078
3kitties
cs1234
290181
cabriolet
jason16
school101
08081978
philomena
weezybaby1
lyric1
mrcool
destiny21
goldwing1
11111111111111
print
fantik
jakers1
football#1
flashman
19861020
dallas99
lthtdyz
fishka
saab95
27051982
kirill123
viorica
maggie15
playaz
daisy14
secret007
larrybird
simone01
nitin123
201279
battleon
allezlom
24041983
worker1
coolbreeze
9YUE27RI
04121982
dannys
290680
230295
evil13
654321t
goodison
16061981
kungen
brandi12
ghjhjr
lordjesus1
tinkerbe11
brown3
21081982
06041982
frank01
inlove3
april2009
kemper
ihateu123
recherche
eugenia1
ephraim
030482
ninja9
adebisi
1lovelove
Forest
chains
mouse13
bricks1
208001
connor06
261294
ivan1980
050483
Pantera
09091994
280181
19851212
joschi
pepsi7
friends4li
nascar9
04111992
cassie!
24091983
Tiger123
thereisnospoon
islandgirl
giacomino
03061994
09101989
guntis
Charles1
malamute
mooseman
161095
gilligan1
naruto77
edition
lukaluka
lamer
curry1
meme13
vivamexico
gracie13
dipo01
efrain1
Cowboy
vitesse
abc987
crf150
KRISHNA
tamie
thuggin
kerrigan
taffy123
victor5
260479
527527
040392
300380
150477
24081994
21121980
leipzig
dispatch
27041982
carlos8
luigi123
180294
cmoney
tylerb
noggin
1Password
as12df34
rafal1
517517
09111988
301177
jesika
max2009
lutscher
cjrjkjd
sushila
010582
16881688
552233
hakuna
180393
reception
kl1234
denhaag
zorglub
7070
201095
angel78
25031980
maryjane4
220180
sheva7
muddy1
machin
scorpio3
sawdust
joseph05
keroppi
lynsey
mollymolly
messages
150979
cassiopeia
fgdfgdfg
700017
suman
ak47
01021996
twenty7
barnie
pippo123
lisichka
liberty123
wise
kanpur
08031980
050486
levani
sardor
kawaii1
mercedes123
sallyann
250194
stefani1
viktoriy
1488ss
asha
nick18
23061980
borris
shadow94
our3kids
PartSites
1911a1
mama08
yankees9
pupp!e
kyle10
dogmeat
pepsimax1
fuck_off
25081983
steelers!
24021983
daniel33
bitch44
porsha1
matthew04
three11
iluvhim2
emmalee1
4043vd
300679
200400
021988
jose24
123786
24041981
sonoma1
tumtum
84848484
hotstuff69
martinez13
ciaooo
loveline
123456hi
orbit1
lover4ever
23051980
198728
20092008
8wwH19duyJ
ilovepaul1
050393
q112233
kira12
seo21SAAfd23
28011983
progamer
courtney14
hailey3
14041981
pianist
mustang64
louise13
zaharova
mississippi1
cyclones1
14021981
temidayo
miniclip1
projects
22091980
ladeda
jak
SEXY
gangsta01
amor23
walker2
18011982
moncho
pizza1234
yoyo1234
lady22
cnjvfnjkju
MARIE
playboy4
prettypink
170695
natalie4
casa1234
Shorty
bling123
pavel1
diesel01
13521352
andrew26
chomik
crazy9
mike89
1982111
09031992
galaxy123
LORENZO
mario15
112500
rachel23
Duncan
june1985
barcelona0
lenny123
1sandra
asdf321
uIS9Zdgysn
190777
258013
djkujuhfl
1188
tevez32
061987
zaxscdvfbg
yoteamo
pinkpanthe
pawel123
SHANNON
schmetterling
sergey123
arabia
puppylover
alexandra7
travis21
050992
jkzjkz
littlered
latinlover
090685
vfkmxbr
lollipop11
mypass123
surabhi
danny07
lucie1
pisser
jimmy10
loll
psycho13
220577
october06
babyg
zeus123
bebe14
charger21
bubblegum7
11071107
17061980
thanos
divers
06011985
buddy111
pineapple7
171179
wenger
redneck13
210596
morgan02
teddy10
08011986
Summer10
frogs123
poopers1
19851225
280681
11111994
paola12
minimoto
11051995
251176
200707
8i9o0p
peperoni
hiphop11
112112112
310579
journalist
ghb
gangster!
175175
sweet1234
m2YdEgkDws
110000
04051982
candy18
carambola
kimberly11
amor01
narcisse
sasuke22
rayyan
lechuga
24031993
jacek1
ï¿½ï¿½ï¿½ï¿½ï¿½ï¿½ï¿½ï¿½ï¿½ï¿½ï¿½ï¿½ï¿½ï¿½ï¿½ï¿½
dkflbdjcnjr
usnavy1
260180
ramone1
craven
254254
fish13
pathetic
god1234
25111981
vsevolod
floare
04071984
anaelle
kis
nordic
october07
seppel
shredder1
between121
victoria4
dashboard1
romeo13
sloboda
canyon1
gunit12
winter2010
241293
081282
030780
brainstorm
05mustang
abbygail
silky1
mother21
bloodline1
27111983
1982gonzo
gollum1
paul22
211294
rezeda
lilmama23
toto1234
miercoles
198428
blond
baby32
130295
4949
10051980
wawa
777jesus
spike7
fashion12
z1122334455
higher1
disney411
gjikbyf
221294
1samsung
ballin09
CHICKEN
22021980
bulldogs10
babys
wahaha
jayman1
getfucked1
angel1995
ladybug!
derek12
amber6
jenny16
harerama
add123
02111983
kittykat2
brindle
tiffany22
secret6
04051993
fluffy3
sarumi101
nd2Ia8v8aZ
nelson2
02061995
197222
3009
24101993
hyrule
Timothy1
eliana1
24101982
06051993
folk74
crossword
3366
192939
naruto08
domi
sims
20031995
lovepeace1
zach11
040792
26051981
12011981
10051005
amber18
belize1
heart3
121074
180792
punk11
goldie123
2xtreme
otherside
198816
0000011111
240678
deerpark
fldjrfn
Ateneo123
babyluv1
500044
190193
kaydence
greenie
121205
grace4me
emeralds
james420
200577
lyndsay
06091992
booboo16
333eee
david28
fbobh_
chivas18
eagles81
111175
alma123
danger2
150993
lucky19
17061981
blackblack
semperf1
kanwal
27021993
nabil
jasper7
1320
likemike
kallie1
Apollo
br00tal
batista12
gnu
nikki08
sosodef
1323456789
192000
0o0o0o0o
20462046
04031982
dagestan05
andrea6
mcgregor
050981
753214
witspass1234
1lovelife
ilovemaria
041092
leumas
batman25
040477
spiffy1
11071982
mikimaus
zxcdsaqwe
iceman01
prueba
swimming12
15041980
jayne1
car1234
jamila1
RDxyD43hca
kitesurf
2706
nathan17
shadow93
dethklok1
rahrah1
121176
toy
lawless
playboy18
bigboy15
061093
051281
chummy
25091981
03091982
rbrbvjhf
boscoe
jorden23
05111992
19091980
maitai
eric15
Napoleon
mybaby!
twitch1
kalinin
aishat
pou
14051981
060780
210707
helives
mars123
alejandro0
inlove09
10041979
volvov40
370000
spiker1
happy4ever
brandon25
220794
020780
naruto88
rupesh
25091993
123456789az
goldenboy1
lynn01
666666d
qwaszxedc
deer12
NIRVANA
151193
mentiroso
hunters1
zkexifz
vlasova
george14
040393
masterplan
666777888
gri
love2001
ja8yc7txs8
31031982
mariah11
maggie00
notrust
getlaid
mario14
1samuel
43434343
princess86
ilovejay1
amitkumar
chicken14
cutiepie14
huseyin
010480
198923
memek
yesica
1001001
vicvic
5251410
050793
080985
raiders22
120295
trixie12
theboy1
jezebel1
diversity
160160
sexygirl14
ascona
050782
coffee3
Trouble
doctor123
03041995
bowman1
korokozabr
vfvf12
neversayne
812812
8282
roberto2
30071993
jessie14
28081982
michael92
ï¿½ï¿½ï¿½+ï¿½ï¿½ï¿½ï¿½ï¿½ï¿½ï¿½
110331rahili
cloudy1
leeds123
25101994
bullet12
jazzy11
131995
katkat1
06011992
physio
farah1
darker
bitch66
030781
02051994
lucka
shearer1
flower101
199314
otters
wildcats2
281280
jaylyn
redsox23
151984
alina1997
cheekymonkey
warrior3
maria12345
ilovedanie
usuario
guwapo
sp
sti
sebas1
huawei
luis16
271279
passing
RICARDO
dancer8
adadadad
godloves1
mobster
amor21
21031982
27121994
seagull1
n1rvana
travis22
free22
jerrys
22121978
honda05
zach1234
lemming
Charly
chayanne
wasabi1
lindsey12
louise3
29071993
cambria
05061980
gecko
2909
070287
11121980
jackie4
tomtom2
lover55
05021983
danie
250281
cheering1
skin
noproblem
1234anna
5121472
18041994
grace08
Norman
24021982
011282
reed
shadow91
arianna2
libra123
1softball
08081993
junior20
17041980
13091982
k.,k.nt,z
080286
barbie14
290994
020893
zarema
hlubkoj1
alicia3
fabian12
ugly12
malina1
neslihan
cupcake23
username1
14031980
janssen
0610
wrestlemania
sombrero
bigdaddy01
belial
springsteen
brenton1
anita12
marylou1
good123456
180000
13qeadzc
141980
gixxer
chiva1
jes123
saad123
cheese1234
14011993
camels1
15091980
tylers1
100195
25041994
gmail123
linux123
280994
hfytnrf
110996
hydro
peppie
anvils
200593
forensic
Valentin
skates1
ludmilla
060608
sledge
daughter2
04200420
mary10
MAHALKITA
cvcvcv
avocat
miller3
161179
faggot69
denisse1
alex85
arsalan
vanessa15
weed21
nigga21
michelle0
komltptfcorp
r2d2
filipina
19121995
karens
220875
shenlong
69qd5CgxhU
daddysboy1
15071980
180193
sexi12
godzilla2
collect
161984
teamo3
artwork
lakeview1
gilang
muffin69
040992
260679
cypher
140677
sex69
pepsi13
cute01
harmony2
super23
kushal
loklok
chris32
brebre12
mawmaw1
doors1
thatcher
261177
biteme3
81818181
postcard
010309
21111980
curtis123
greater1
060781
babie
250979
jabroni1
15071994
jack00
1myspace1
lakers5
fenton
hannah69
nicusor
120996
jump23
d666666
prince5
annamarie1
AnneA
99990000
happy16
peanut.
mommy06
28021993
renae1
vinter
gamma1
230678
inuyasha123
logcabin
manuel22
lab
athina
dave69
220994
vinod
Blacky
031181
titouan
karabo
junejune
ilovehim14
17121994
020679
050884
1934
198128
glock
hayward510
prateek
divino
flyleaf1
147896325a
smoke14
22051994
monkey12345
kayak1
garnet1
nathaly
blbyf[eq
20021994
discipline
910910
may1994
fredy
thunder69
ï¿½+ï¿½ï¿½ï¿½ï¿½ï¿½ï¿½+ï¿½ï¿½
ilovejosh!
a321321
playing1
prerna
12091993
peter1234
25111993
westbrom1
greatgod
chula
800020
denver3
17061993
harley98
brat12
bigdog01
11021995
tanner10
zack11
1jessie
161093
milo1234
walton1
070492
cola123
nathan00
chewey
cinderela
smasher
brebre123
chiquitita
branson1
hippos1
12340
1night
25121995
010579
lamejor1
shimmer1
babyboo13
24101981
lensois
050578
rfktylfhm
181989
rising
190992
sophie99
291180
maxim123
400007
110793
10071995
qwerty4321
turtle21
201193
02051978
lebesgue
johnathon
ÑÐ»ÑŽÐ±Ð»ÑŽÑ‚ÐµÐ±Ñ
301178
20031981
erine!
16051993
290579
121204
corinthian
05031981
Wolfgang
johncena13
shaka1
swiss1
mindy123
197412
lauryn1
daria1
120800
koko1234
savannah01
shilo1
blabla2
08041983
getmoney!
authentic
Slipknot1
STARWARS
230477
1325
brayden2
amber07
bakers
robina
white2
sakic19
argento
03061980
farthead
cerebro
MARIANA
240393
150894
kaspersky
tweety9
a444444
repbyf
Hammer
jughead1
free13
140477
250578
gemelos
130279
point1
petike
mary15
southpole2
10261026
mike27
fy
sealord
10071994
030583
grinch1
hbk169
20000000
sponge2
03101983
cannibal1
dragon2000
081295
130596
3.14159
semen
tony17
omglol
maramara
seafood1
kickit
crapper
ginger.
pepe1234
doggys1
lkjhgfds
coco15
tryme
nicole90
eggnog
moneyman2
kevine
wexford
130595
25091982
188188
ross123
marvin01
chester13
pockets1
riley08
champ12
carneiro
kamal1
bigred12
denilson
040984
bullet2
190492
candy17
hollywood0
14121995
joey14
pass_rRR
worcester
Bernard
frantic
november07
ras
mmmmmm6
171983
pimpdaddy2
michael200
plato
19031994
love888
rani
stephon1
diosteamo
250178
20022003
spirit7
bebe1234
azure
elefante1
Pumpkin
blue1
fanny123
angel321
987654321l
141177
2912
110179
tigers05
091987
busdriver1
boludo
elephant!
2021
lily11
111968
290182
jonas11
sekolah
ooooo0
07081982
barton1
nikki07
bit
bella8
1eagles
yoohoo1
matias123
sd123456
wisdom123
fenix1
bcgfybz
1523
080786
cool90
fangfang
26021982
bebe22
111176
13081994
alex1979
26081993
19081982
bbb111
azbuka
irfan
county1
paris13
150278
14701470
toots1
oluwaseun1
123w123
inlove13
DAKOTA
197610
recoba
mariomario
fatema
july2801!
vologda
interesting
biteme11
boluwatife
batman33
rfvbrflpt
iceland1
29081982
love2004
kyle21
blueangel1
bvgthfnjh
pac
9632587410
chelsea26
cinders1
insomniac
05021981
140979
ninja3
hollywood4
19411941
041181
aristide
flapjack1
301079
nokia73
220778
Ð¿Ð¾Ð»Ð¸Ð½Ð°
lillypad
06081983
roger12
102080
adriane
margit
qwerty34
090387
loveme143
nintendo12
14091994
20051993
141079
sukkel
270382
07101962
mellisa
huguette
19031982
pattie
19831984
ckflrbq
vjkjltw
kanchana
july2006
200780
Creative
naruto98
05101981
cookie33
merced
sparky22
scott13
831220
mollie12
mari13
torrents
hotdog5
incomplete
evh5150
0712
chip123
280879
armyman1
fabric
press
groucho1
woo
121273
141077
phil123
universitario
parker9
nita
hooters69
generallee
damien666
pentax
release
ironman123
611611
winky1
choice1
080683
180481
playboy10
artemisa
child1
anna1999
gesundheit
shop123
gothic123
goodgame
prestige1
bubbles07
thug101
pooka1
25041982
harleyd
panthers10
270480
bhagwan
feuerwehr1
jake05
lilo
boyz2men
p0kemon
09121991
families
gfhjkm13
102090
colts123
daisy07
june1991
101110
the1ring
sexydiva1
12345678910a
150478
15081980
jamie7
27071993
smurfette
199202
karlita1
8thgrade
supersexy
thunder6
darinka
designdeal
david2009
scooter22
bigbucks1
nyyankees1
strauss
frighten
magic8
gumdrop
dreambig1
922i4Ceebk
poop33
danny18
04071994
poopstain1
homedepot1
padmini
greg1234
7777777m
271983
jasper22
cowabunga
sayang12
hello2you
kisses4
198828
archimede
240779
niceguy1
superstar0
he
feedme
16091982
daryl1
19921993
nala123
catsdogs
k123123
24121994
baby2005
student2
19861987
08091994
jeremy14
031293
buddy99
innocuous
magic23
drinking
020981
111111e
jinky
sillygoose
billyjoe1
cutiepie4
BRANDY
27101980
edi
hatred1
ravenclaw
marijana
thanhtung
scooter10
summer18
240578
010991
010794
031985
fallenange
jeannot
020694
garrison1
240180
runescape5
saltwater
damn123
24041993
valerie2
sasha3
090892
roma1234
emily21
daedae
sweets2
lovebaby1
purple95
19071980
spider23
1521
223856
loki123
210478
mother13
snoogans
heather9
198301
marmaduke
pregnant1
christmas!
diediedie
patti1
minemine1
lilly01
tumble
1357924
geranium
07111991
31051982
anna16
30121993
sweetone
qwertyui9
trupti
shakir
madcow1
dude14
jeeper
mamamama1
anthony77
spongbob
lovebug7
canddcard1
01101981
kingfish1
zahra
darth1
abd123
june1995
miller5
horse3
tinka1
rolly
Stargate
nokia7210
180878
freedom77
malcom1
hailey06
moh123
120806
765765
perfect7
seahawk
123456da
papaji
amauri
king20
jamie23
brittany9
negro123
deangelo
love65
3kids4me
booger5
hanahana
123321l
vishenka
sasa12
quetzal
6060
251988
redsox15
sanane1
07031983
marinero
kiklop
remy
baby321
ventana
27061992
070182
020493
colacola
David1
holly11
010394
0666
66668888
sl1pkn0t
skater.
231990
kayla21
16111993
05031982
170879
302021
060793
angel420
allstar123
070880
Brianna1
17021981
ara
akucantik
25021981
florinda
191983
20091981
advent1
clara123
brittney12
rusty11
robertson1
sissy12
sayangmama
010882
belle2
anjinho
kevin20
route666
baker12
09081983
13061995
melissa6
030483
090684
eric10
caneta
171990
taras
purple66
22011981
619619619
240793
191280
cindrella
mugwell15
260493
1casper
071084
tangtang
fisica
Knight
frog13
sanchez123
katushka
august04
uandme
woshiwo
angel84
pavani
kajtek
amelia123
tamiya
fifi123
ghislaine
19822891
titanic12
melissa16
stardoll1
riders1
050507
miguel22
fktirf
toy123
layout2
190882
elendil
20081980
nikki18
mate1.com
03101981
jay12345
blackass
sports23
notice
sugar01
Molly
sayang89
07021983
zcfvfzrhfcbdfz
xxxyyy
logic
shireen
alb
lilmama08
fouzia
victoria21
gooner1
07011991
address1
fines
65432100
vladivostok
foodfood
17071980
01011969
plonker
chile1
0307
261094
0406
junior03
thiago123
zxcvbnm123456
shearwater
210677
anastasiy
dreamer12
AAAAAAAAAA
yorkshire1
1joker
jacaranda
courtney01
saxman
060679
26111981
140180
130977
player6
18051980
miko
fandome1
180280
199610
keke11
manorama
burgers
forest123
favola
04021984
loser08
21071980
satya
17041982
andy1999
god12345
200477
qwerty1991
heyhey!
sammyboy1
goonie1
aa1122
cjymrf
020408
skater17
master!
dylan05
morocha
bum
199122
12304560
qaswed
moonie1
fernando13
caren
darling123
21121981
310879
berkley
19061995
379379
catwalk
lorena12
panther11
shorty19
killa11
monkey86
buenavista
010280
swim123
091192
cuddle
pounds
mantap
orangejuice
010174
08021983
25052505
albert5
yomoma1
491001
121099
12091980
acer1234
22101994
vangogh1
28061982
danilova
fubu05
110977
mirjam
sugarray
mountain2
helium
angioletto
090284
alaska12
2607
051279
s1lver
Toyota
singer123
amruta
nurul
pancho12
dominguez1
belinea1
20101979
fantacy
Sabrina1
01031995
chrissy2
140393
020881
enculer
coquelicot
060285
anthony200
199219
1607
rvd420
117711
zion
280781
020381
mk123456
290380
annie3
assmonkey1
jessie5
pink87
20101978
bpvtyf
zhangjian
anjing123
samreen
Miranda
george99
phoenix5
chucks
240404
leonidas1
121969
22111981
scarface69
15051994
santos14
daisy8
samatron
nigger22
112123
missy22
ethernet
karpov
caramelito
oscar23
isaiah07
141978
15251525
02111982
andy23
traxxas
karate12
biggy
viktoria1
cheeba
09111983
bball101
orchestra
mazda123
allmine2
05081982
112277
beerpong1
justin89
bohemian
classof2010
nantes44
yaya12
teresa2
03071993
22041994
assault
pusher
alaska123
wright5
acer12
1979pool
vulture
070187
0206
stjohn
210779
azerty00
caridad
millenium1
cookie45
cheesehead
raiders8
211177
124421
evan11
whatever01
keri
23081981
13071981
mortadelo
150793
treehugger
tink09
260478
black19
random!
peace4me
meme1234
daulet
12011980
20081994
1318
170793
determination
tripod1
2803
galinka
siete7
teamedward
rashawn1
30011980
daniel30
10fingers
20111980
adam14
azeqsdwxc
jordy
kak
monimoni
08081979
redmoon
football48
zaharov
kenneth3
Newyork1
keagan
198925
timeless1
18061980
020278
paige3
boston13
anytime1
02022002
jacoby1
060593
yourock1
numbnuts
030782
198629
yatra
a1234b
stanley123
marshall12
twista
2rOH8tl433
greenday4
gfhfyjz
loveyou6
machete
220296
bootcamp
150677
solcito
jalen
12121975
140493
14031993
shasha123
sk8erdude
011985
jaychou
bigdog23
100476
caballero1
srisri
leah12
june1989
luciana1
lorenzo2
streets
universum
7171
eagles4
Beatles
luckyy
140203
gabby10
oxymoron
9uzp9jEk3F
Dolphins
160178z
31011994
babyboy16
ranch1
230593
freepass
godzila
041081
pilipino
brent123
081293
mikejones2
1357913
18091993
vfnehsv
spartan300
bubby123
15231523
barbie8
walkers
brina1
26101981
jackass23
17101995
milos
09110911
xavier23
060185
160394
21051994
playboy09
SyncMaster
buttermilk
lawnmower
wertyui
blast1
290493
goncalo
killas1
evan12
sweet07
02101995
driftking
marc12
dolce1
27081993
traveler1
matthew19
flower16
fenrir
sumitra
ll123456
katharine
tiffany8
261077
p00pp00p
Cdtnkfyf
konichiwa
0207
198204
bubba1234
100196
sweetness3
28051980
Maverick1
besties
basta
burlington
dro
220396
hater12
michae1
02081977
lowlow
lightblue
26071993
niceass
moosehead
081283
kenny3
fungible
130696
elixir
totoche
dimaraja
199022
19071996
buddy16
mishanya
vaz2110
james03
18101994
games2
teaser
kanishka
jake16
fuckingshit
alayna1
darkness7
150394
mul
casino123
mother10
101200
valentines
2587758
babyjack
dreamer8
sexme
dal
mate123
b123123
pappa
honda91
june1982
lola01
sleeper1
zabava
harvey01
lover33
sunnyside1
12051978
13061981
tomass
141277
2thick
bebegim
manjusha
adrian15
vanessa!
sonic10
salas831
dank
xzsawq
james02
cabaret
froggy5
frenchfry1
lovehurts!
joshjosh
triple7
solomon123
sandeep1
mini12
compaq6720
djamel
1love1life
champion12
kingdom123
abu123
19031981
stacy123
hotti3
01061994
02051979
060584
olololo
klaipeda
gangsta9
angels10
dragonite
SERGIO
101275
80808
bazuka
karla12
030479
jaguares
geoff
140679
dateme
poipoi1
eadgbe
buddylove1
musicas
260978
25041995
banana.
0302
papoose1
tonio1
roza
sigmachi
mariah13
myspace91
281988
196600
10271027
198408
020980
blackdeath
utrecht
271177
kristina12
220279
david02
polochon
04061980
kx250f
091988
marie26
hayden11
raju123
fisch
bobby21
aladino
0p9o8i7u6y
mario01
farmers
252
thunderbir
sportster1
usman123
010780
topography
shanda
elmo22
napolean
05011993
sidewalk
promise2
valiente
marcel12
steffie
sravani
shanker
d2xyw89sxj
bahamut0
joker10
swed420
vagner
01111990
miranda13
caspar
honeyhoney
Denver
18081980
16091994
sonyericson
grocery
marimba
merlot1
smalls1
chris2007
ohsnap1
john19
gamestop
redneck101
like123
kimberly13
z1x2c3v4b5n6m7
marinochka
160292
05011983
1yahoo
kolo
furious1
13051977
rosey
coondog
aman123
04081982
426426
1248
madsen
080792
patrick09
luansantana
552211
lecturer
cindylou
kamel
antonio4
gigi12
joker420
1animal
flash2
stratton
jayjay10
cardona
190192
spiderman.
jumanji1
coolme
30031981
gemini5
xiaoqiang
mickey101
touch1
reese123
magistr
yesiam
151294
jason06
mama33
LOST4815162342
nasigoreng
bogey
katie16
17051980
december09
sonic11
annaliza
281194
987654321p
161992
kimberly7
27101994
781028
329210b
kevin19
sp0ngeb0b
adolfo1
slipknot10
300980
jumeaux
mission2
cardio
sebast
564564
08031982
pAss2244
fuckstick
pumpkin8
300879
mark15
missy10
surinder
celebrity1
samsung.
jackie21
canadiens
kisses13
070582
240182
hubby
jazzmine1
comet123
sexi
shadow66
meatwad
190880
hell12
medvedeva
666aaa
25011995
healing1
starbucks2
876543210
lovinlife1
12e456
metallica666
thunder22
charmedp3
fadila
785412
290392
08011993
puppy9
k1k2k3
gouranga
griffey1
serser
03111991
xpr4Bf29uX
dima1987
adela
padmaja
21071994
150678
a1z2e3
29071982
1924
bear2327
mamateamo
123451234
31415
swiss
02051993
da1234
a123789
period
kamilek1
justice3
000000l
QWERTY1
froggy3
sss333
montez1
iloveboys!
jeremy07
Ricardo
juliya
texas817
newboyz
ghzybr
coracao
firewall1
skate15
medusa1
12345678999
jordie
katerine
sexygirl5
Jenny
1029384756q
210594
04111985
28011981
june2003
RJGo7We138
18121995
calgary1
801018
uyqlvip773
huy123
joyous
valeria123
nirvana13
brooklyn10
casper23
lissa1
30031994
jeremy08
shoe
020579
mykids123
01011967
halfpint1
261292
max1992
tomislav
sunglasses
cali22
timelord
08061984
sassy69
naynay12
toonarmy1
270191
nowayjose
guru1234
1savage
housing
ilovejen1
kickass123
140297
cocky1
28011994
kayla06
balerina
081080
gardening
killa21
bigdave
hello08
040882
rebekka
DsmVssQ955
life1234
cuddles123
elijah05
computer0
200978
1234aaa
eeyore123
brooklyn4
moon13
kristen123
cubbie
gaysex
25081993
loveyou69
bunker1
gunner01
safiya
271986
george08
seba
renee11
25632563
burn
dnflwlq
kal-el
steelers13
audiq7
05121981
25052005
woshishei
250479
271295
smelly123
handy
198313
311079
jess14
yellow18
19081980
gordo12
11111w
veronica13
e6pz84qfCJ
pinoyako
playboy8
bffl123
061294
cubanito
040983
15031982
fofinho
love74
cameltoe1
030306
100177
14041980
198688
azert123
mur
31121994
maximus2
aen:
alpha12
fucku666
tomcat14
star27
070283
440022
steph11
chelly
mandie1
teleport
bluebear1
bassbass
bluejeans
music16
spaceship
pookiebear
sanchita
godblessus
1234567890.
link11
02031978
boricua12
ranger13
pachuca1
070687
240679
cdexswzaq
08011985
791028
198308
cutie06
drummer7
enzyme
sloneczko1
12021995
seashell1
59595959
nusrat
js123456
maxwell11
danielle09
600006
min123
100377
purple34
nino123
unfaithful
lalo12
27121993
040693
shannon69
killer56
14785
2525775
crazyfrog1
13121995
neville1
050186
03111990
zamboni
cunt12
060392
krasavchik
babymomma1
CUTIE
041184
vander
fatboy5
hello89
centrino1
081182
3stars
ss23081937
dragonbal1
beccaboo
amazing!
24252425
angeline1
dravid
310893
12345678A
16041981
jennifer08
norfolk1
candycandy
20071995
mimi15
hotmails
14031981
130180
251077
11001001
mathew123
w1lliam
icanfly
tempus
colgate1
ohyeah!
170979
031080
apple16
17101980
kamari
royal123
asher
rodolphe
21061995
23121996
060386
amylynn
130877
aggie
scareface
babyblue3
stillwater
15021981
diamond16
john88
281990
20121981
louann
mememe!
16031982
icecream10
31101982
scubadiver
baobei
patches3
huckleberry
kbpfdtnf
happy18
buster00
meow11
090384
edward09
aniya1
270380
mouse3
111111prof_root3.sql.txt:,
monolith
qwerty000
tattoo69
markanthon
feefee1
junior99
habib
danny!
Phantom
leoncino
anarchia
amazing123
laura21
prieto77
adelina1
France
abcd11
seychelles
redhead2
270280
emily99
trustgod1
guayaquil
firman
bulgaria1
q8a74IppxD
23111981
230878
monster88
1289
coolchick
250495
30111982
cat111
zxcvbbvcxz
lucerito
schwanz
kokoloko
pink03
22111980
02011993
robert27
hartford1
robbie2
rascal11
gianmarco
price
fencing
130694
what11
cuban1
fairfax
hortense
katie8
112001
straight1
25362536
brenda11
squeeze
14091982
vipera
cardiac
qawsedr
pass99
28031981
hellya
07081983
virgola
411030
toolbox1
141094
norcal14
170395
david007
menthol1
luscious1
mansfield1
040780
secret4
nikita01
herminia
221295
werthvfy
kubus1
huhu
mallrats
020378
jack2008
300480
emirhan
czarek
henry5
theater1
BqkTqqN844
touchme
asdfghjkl;'
bitch05
dragon32
champ2
09111986
lilly07
530016
120474
petrol
delano1
1element
170181
tamarindo
sur1313
081187
050980
drumandbass
oskar123
67chevelle
teresina
match1
kokowawa
points
anna2008
marhaba
devilboy
mylove10
dirty69
198213
040608
040387
diamond15
volvofh12
2234
kaligula
290393
dylans
marvin2
patrick18
psycho666
garret1
budwiser
antonio8
sasha1999
110196
HGxnewx11
India@123
matheus1
jazzbass
david777
13081980
georgia7
shoaib
june1992
310194
checking
rock21
peugeot307
amin
daddy24
imfake1
1runner
ivanko
number16
godsgirl
070383
199121
31081993
pizza4
daydream1
dillion
concert
270681
tigger03
23071980
samvel
110295
ast
19061980
230896
courtney4
mai123
trollface
veterok
xswzaq
tucker10
310195
chamber1
227722
04121983
mcfly123
brooke14
665566
100178
yfnecz
gabby7
Caroline1
oilers1
silk
isaac2
gemini3
323
purple0
diva10
06121993
seduction
400400
dogdogdog
12041996
Vincent1
barbie09
12071980
06041993
grad09
wheelchair
0910
jackson21
12061996
salvador13
righton
miguel3
09876543210
amaral
orbita
mylove12345
hottie33
lucylou1
katyakatya
040479
damir
1211123a
varvar
mk1234
13051305
sandara
09031984
law
080991
fkkjxrf
anastasija3010
ridley
samantha09
pussy24
nika135
24051995
doggydog1
froggy!
21031981
redsox18
271094
inmaculada
iloveu09
061278
mynameiskhan
pulsar150
04051995
09121982
sunshine89
Tyler
chase3
pippi
alexis18
sydney99
mollymoo1
200101
23051982
080489
cancan1
valent
130693
vincent3
selassie1
SAKURA
kyle14
poooop
281179
sadie7
matej
trewq
211179
jeck23
071083
iloveshane
cannonball
MARVIN
gemma123
18041993
asdf1
clare1
julieta1
freewilly
allstar7
sucker123
010680
kaname
kaycee1
19841012
dcshoes
3e4r5t
ceramics
183183
271985
06061979
150381
brian10
25101980
tibia123
goyj2010
fff111
salina1
swamiji
ï¿½ï¿½ï¿½ï¿½
22051981
meena
woof
tabaluga
beanhead
sexsex123
bauer
persempre
elcamino1
buddy24
shadi
baxter11
Yvonne
scoobie1
130179
070483
janina1
matrix22
passwort123
09091979
super9
ferfer
asdf22
ppp111
simple23
jewell1
cacaca1
mychildren
spices
28031994
janek
sleeping1
040390
savage123
cassie14
ichiban
madhavan
party!
fake22
14111411
sweetp1
verde1
louna
newme1
rattler
sneaker1
0609
05021982
bos
katrina123
111174
211295
280579
03031977
monica21
denise10
mortis
dodge2500
chivas19
pinkstar
maggie33
mybaby08
jamaica12
kaydence1
alexis24
domina
12011994
icehouse1
amor18
sucka1
timileyin
angelidis
241077
buster55
oliver23
29031995
joedirt1
laura7
jayden5
stacey12
fuckyou92
keren
fishies
matrix99
070882
joseph06
eazy-e
peace21
bitches4
21101980
2910
200908
money32
400070
daniell
261178
9009
missyou2
banana23
jasmine99
14071980
227227
g-money
jh1234
a4s5d6
08071989
jennifer17
kexifz
merveille
capricorn2
jayden4
10011995
iiiii
guadalupe2
ï¿½ï¿½ï¿½ï¿½ï¿½123
aishiteru1
0407
27041994
220377
joseangel
120375
cupcake14
juniors
lalelu
Paul
peanut16
salimata
321789
mother02
bluesea
150505
16031981
omowunmi
obama2008
llewellyn
hello666
1472583691
nikita13
mariah3
otter1
gato12
derrick12
andrew101
30091994
joesph
chola13
khmer1
travis23
nikita1996
alisa123
bratty1
babeth
ac123456
Larisa
rocket2
gage
20121204
bakekang
bringit
12345ta
woodchuck
15101994
arsen
pepper07
angelfish
28111980
110807
jordan92
september21
2loves
shenmue
cowman
nicholson
ellison
iwonka
ghbrjkbcn
2521
270579
07111985
sizzla
01081995
michael93
nonlaso
dog4life
sorokin
seeker1
trouble12
marcin123
15031981
090292
weed4me
numlock1
ramzan
donomar
22021996
16031994
sexymama13
boncuk
frenchfries
aigerim
eyecandy
120576
meghna
tomate1
atharva
08111986
freak101
cooool
reggie01
01091982
230179
dumbass123
natalina
ballin69
rebecca13
260579
laura15
batangas
lj
aurinko
belfast1
yayaya1
snoopy8
samuelito
phoenix11
lorene
rfvbkf
122100
vikings11
omari1
candybar1
argentum
orange25
zebedee
hatter
skate.
dream7
audrey12
FrqNj0Zf5P
hawaii5
deedee3
ulysse31
181093
hector13
naruto69
lydia123
180493
610610
111211
070485
babyboy06
moonspell
hellbound
kayla69
010809
3825
197410
starshine1
debby
taylor20
dodgers2
560070
sprocket1
booboo15
tino
script
kikito
dragon05
Dkflbvbh
albert11
AAAAA
ed123456
omshantiom
qqqaaa
matt101
3Odi14ngxB
251195
friendofEarning$1
has
pickles7
faggot2
gracie06
170380
666666666666
zucker
carlos08
biskit
iloveme08
matrix69
peaches8
imcool!
123231
22081994
orangutan
100994
090385
bulletproof
lucas11
thirty30
huang
pilar
booo
olimpia1
sole
10091981
trewq1
allstar3
7things
chaos2
daisy21
131992
ALICIA
salamsalam
windows95
blood59
27101993
filthy1
schuyler
strela
stiffy
princesse1
devon2
parovoz
telemark
agriculture
31071982
180480
anamarie
chilango1
peapod
party101
210377
anacarolina
casey13
kolovrat
010894
glory123
God
shadow44
monique13
proute
queen11
petrenko
jack12345
asas12
katie101
cogito
micorazon
flower99
travis69
06111983
29041980
megan22
369123
fgntrf
total
02041979
12gage
april02
blackgirl
crjnbyf
barbie15
mylove07
iloveallman
281986
buster33
1345
idon
080706
bulldog10
cradle666
cashmoney3
przemek1
ernie123
bluejays1
280294
co2006
bree
novosibirsk
mike2008
jason9
bartok
Maggie1
356356
fucku8
20011979
ilovechad
kupa
14021996
16031995
michigan2
ilovegod12
i4IfBinFyu
10161016
Beatrice
katrina2
jennifer16
tanmay
philip123
deadspace
30081994
170195
surfer12
iloveyou34
chivas4
a99999
darkdark
sanmarcos
sadako
wipro@123
Falcon
suzy
5times
vacaciones
19861120
fuckaduck
wallace3
ihatemylif
ethan04
tigers8
coolboy123
blade3
holaquetal
dimdim
ajnjuhfabz
137955
scrapbook
FTrCVh5732
06111992
tirupati
interface
mina123
june1984
151988
asad123
pearls1
09071989
alyssa23
ranger5
tennis23
pinkys
11121995
aenima
paolina
pinklover1
maggie02
nafanya
sage123
captain2
goonsquad1
pimp32
apples13
verona1
44
071281
rostislav
cancro
nokiae63
amos
mercedes3
jesuslord
ksyusha
bermudez
123@abc
sundrop1
misato
cdtnf
051292
chris94
ashok123
january01
jose12345
071985
wendy12
granville
diana10
Ð»ÐµÐ½Ð¾Ñ‡ÐºÐ°
281178
dummies
11091981
loveme89
400610
pilsner
holybible1
domini
afdjhbn
arnie
biglove
Yaorqw12334
m0ther
1930
puppy4
rainey
180782
disturbed2
tipsy1
mosdef
likehouse
030809
narkoman
gypsy123
050809
marcus07
:lol
capri
27121981
lelele
gibson2
29101994
Trevor
tracks
master24
400026
deathstar1
171992
lorikeet
darkdragon
papers1
megan14
storm12
catracho1
221077
denis1998
pacers31
jazzer
wewewe1
ohmygosh
forum1
1adrian
23071981
alemanha
coffeecup
12021979
17031981
lucia123
qwer5678
pinheiro
500017
principe1
greenday21
zebra3
neelima
brittany.
chelito19
13061993
14081981
020380
milford1
ploplo
vlada1206
181179
gabriel9
elrond
03071982
whiteangel
01081978
Exi
sprint01
guitarist1
svetochka
messier
cheer16
Howard
stephanie6
peace15
220977
mermer
monster24
7777777d
151194
250195
30031980
kasiunia
19111993
getreal
aol1234
151276
091280
fred13
fish01
yfl.irf
wiggins
star1
12061995
jimjam
maggie9
Guinness
iloveme10
yellowbird
booba
managua
130394
miguel21
12121997
godsgift1
13061980
soccer56
bitches7
281177
198915
poolpool
mustang86
qureshi
tooltime
chatty
411013
010695
perritos
loser0
isabella7
frankie11
love213
mickey77
1hotmail
yelena
chile
lilmama14
1q3e5t
cherry17
rickross
shootingstar
1234567890abc
boomer22
bintang1
bubblegum!
220479
330033
rebirth1
puschel
fortytwo
123123t
protected
cable1
jetski1
17101993
arjun
brandonlee
tretre1
colby123
14101994
kittens123
pollard
giovanni123
popo1234
300391
nikki101
mirjana
000023
initiald
viktory
24071983
hailie
crawling
skater1234
polaco
makarenko
sunny3
ambers1
myemail
061180
24051980
astaroth
ace1234
03071980
laughing1
160894
ghost666
shovelhead
dirtbikes
nascar17
steph3
18071981
jeffrey12
21081980
coolcat12
thenewozer
gatubela
gladiolus
198517
29121994
munchies1
borrego
anatol
chris91
boondocks
$HEX[687474703a2f2f777777]
17111993
070583
computer6
alex4ever
blinkme
whatnow1
shotgun2
konfetina-kis
meesha
nokia12345
geujdrf
qazwsx3
barracuda1
fester1
79641777070
nothing7
xavier10
lulita
198001
Ferrari1
15041981
musicislif
sillyme
110279
dasher1
cyecvevhbr
natala
060193
love121
killer94
pus
ganesha1
nintendo2
chandler12
duisburg
scott23
hunter19
v00d00
01071977
pukimak
sukabumi
bashiru
guitar23
1a2345
potato123
anna1985
february13
barbie16
tralala1
010409
pixies1
juicey
010578
jack77
fannie1
270794
conner12
151277
omgomgomg
mullen1
professor1
22111979
pollos
crowley
daddysgurl
26121980
mikki1
pepper101
afbic
tafadzwa
afreen
050894
iloveyou87
madden11
001971
pigs
qweasdzxc12
holdon
iloveashle
070993
03011983
wales1
brandt
quan123
elsie1
crapule
birdy
17091981
judyann
317317
molly14
iamsocool1
washington1
nnenna
himawari
money4life
surfer2
654321r
izmir35
murder187
21091980
manojkumar
nadroj
03121982
mustang200
mariana12
230394
mama1
k654321
radiology
com123
mangos1
3107
loveyou
122017
woaini1
01011961
qsefth
Thailand
Margarita
jimmyboy
221076
flores123
jealous1
12041978
dragon94
victoria19
leet1337
120796
pantat
javito
250179
dannie1
270693
jordan28
papoose
123eee
enrica
summer2012
maverick2
fam
desertrose
uruguay1
121315
amalie
laura23
hammer01
612612
manuel21
legaspi
maggie16
torrance
proutprout
martel
orange20
delicia
41563445
sexton
120573
grandchildren
spencer5
delacruz1
500060
redlion
060583
nika123
theanswer
samantha69
villanova
h4ck3r
killaz1
21102110
jesse10
qwerty26
fountain1
130177
!@#$%^&*
basketba
ru4real
skullcandy
110120130
1sophie
humanoid
14725
ï¿½ï¿½ï¿½ï¿½ï¿½ï¿½ï¿½ï¿½ï¿½
140277
happy2day
unclesam
090891
qwas
fresh13
vatoloco13
pookie5
05101982
lover19
9xx7c8GseB
110699
rangers01
ibookg4
angie01
jessica27
tiffany6
198903
candy24
boutique
june2010
qwerty2009
tony08
heccrbq
meerkat
triforce1
efsane
321478965
130878
250478
armyman
rockstar6
fordfocus1
2517
lablab
070807
070992
duke3d
chips123
122016
kitty99
junkmail1
140878
soccerboy
omsainath
820919
hardcore88
eulalia
26011980
popov
1q3e5t7u9o
197211
lakehouse
untitled
pimp89
tawanda
199321
spaceship1
forfun1
cherise
zxcvbn2m
191193
bella24
ghghghgh
whiterabbit
19021994
orange1234
21011980
althea1
14011982
stuntman
baseball45
qwedsa123
driver8
imposible
dance07
180295
dotdot
cobaka
ladybugs1
Julia
pillar
mikey23
gabbana
vfrcbv123
longlegs
06091993
140577
mckayla1
bouba
michael94
160395
3007
ready123
080187
14011981
smokey14
bunny22
pussy08
sur
pouetpouet
rey
Assassin
boriska
babaloo
qwerty83
astra123
rushmore
01101980
tranny
bandit600
hea
161989
241095
09111989
050283
haynes
gotmilk?
adewale1
auggie1
010104
myfriends1
02091978
regency
amitabh
buttplug
rastus
barret
mcintosh
354354
28031982
020877
saphira1
17011983
sakura13
chicklet
101100
vyjujnjxbt
leoleoleo
112567
needles
04031983
ashley91
211078
johncena7
260194
candycane2
sheltie
jupiter7
27051980
260281
movement1
1golfer
411045
220877
slapshot1
angela23
carinho
myhoney1
Shadow123
30081993
petrovna
20051997
roxy21
mester
samsung23
231983
musa123
koketka
198209
scissors1
surx13
october09
richboy
hammie
heaven!
amanda89
lily01
pete12
applemac
taylor94
giggity
lkjhgfd
cocopuffs1
150881
29031982
rodman91
dragon85
supported
lax4life
bloodbath
dfymrf
233391
tiffany23
philips123
123qwezxc
king123456
jack2007
fowler1
manuel3
yesican
198913
balzac
babyboy8
ratfink
remi
melanie3
21081993
fantastico
mes
zmodem
classof13
shrooms
210396
stars7
boner69
31101981
iluvhim
230777
hophop
q654321
beatbox
joanna2
yeayea
butter22
march06
fatjoe1
blues123
badgirls
calvin23
maruja
fgtkmcbyrf
031986
080487
ashley96
06051984
123321r
17111994
asdfghjkl3
misia
scotty2
trista1
9000
y3p32FtrqJ
0308
shrestha
sarahi
ksenya
26101994
190380
170182
starship1
quinten
130994
mommy02
pookie21
hipolito
supersexy1
zhangjie
quatro
100277
010893
trailblazer
nastya1998
1willie
19011995
wee
kulot
mulligan1
060384
jeeves
massilia
bootymeat1
robin2
vvv
zapata1
bubba15
sarahj
1233215
BROOKLYN
jman123
13021996
shorty06
121268
10111979
30041980
ggunit1
justin28
doherty
011987
okmijnuhb
dickhead12
200693
selfish
2legit
fnaf
v1ctoria
mondeo1
16061980
rose18
160181
billabong7
playboy07
fyfrjylf
liverpool08
!!!!!!
wicked2
alvarado1
testaccount
michelle27
dell13
azxcvbnm
234wer
iloveyou1234
bigbig1
darrin1
sexymama3
cole1234
dctvghbdtn
337337
ladybug01
070692
wannadupe
serega1
myspace1!
28111992
asterisk
somewhere
boubou1
perpignan
241094
28041982
lovely17
Fernando
belladog
killer92
20052008
thirty3
fhntv
11021978
fuckya
dan12345
siesta
05081981
katie23
010995
papa01
bubble!
tina13
041180
dakota09
smile6
primavara
linkin123
22031980
5tgbnhy6
burbank
ddd111
loving12
martin16
sayank
uk7860loans
140695
qazws1
081985
03081982
maratik
fuck33
abhi123
070385
06061994
187211
a1z2e3r4
michelle33
marsbar
Melanie1
15101996
katie07
170394
reanna
31081983
110576
qwertys
rjpkjdf
compton13
fred69
jazz13
270395
leprechaun
150377
Power123
tolik
lorrie
allalone1
jumping1
water!
skeleton1
halcon
everquest2
azert1
hotboys
22061980
123451234512345
giorgio1
08111984
20051995
27081983
190493
farah123
111111prof_root2.sql.txt:,
26021983
260793
081281
dewey
vorobey
182blink
plokij1
22071981
h0ttie
regret
kristen12
07860786
chardonnay
silencer
q12we3
purple94
cookies22
cristhian
gotmoney1
twister2
Calvin
scoot1
cabbage95
32503250
gemini01
kobra
esperanca
sprite123
passworld
dawidek1
12101976
16031980
/.:
arrahman
cabral
isreal
500020
rianne
05111982
21041980
stylist
legal1
kenji
lauriane
030283
21061981
vanita
lemon2
251096
nathan69
280293
ma123123123
014014
payatot
Lucky123
schoolsucks
821016
021179
youcef
widder
0607
haohao
vacuum
muffie
05091994
ï¿½+ï¿½ï¿½+ï¿½ï¿½ï¿½ï¿½ï¿½
123454321a
daniel91
bluenote
buthead
theband
bogus
dthjybxrf
07111983
mare
butchy
bigcat1
teamo18
shoot1
mavs41
mm12345
071292
afi123
juan21
lovelyn
conker1
katie21
jenny6
terminal1
angel56
27071982
kyle23
fighting1
ghblehrb
bsd
edward16
russ
31071994
powered
rooster2
publicidad
chopper12
k111111
dfktyjr
080980
bonilla
17091994
adam1
fuckyou
dooley1
garrett12
genoveva
770770
011182
redboy
121255
rockyou1
debbie2
dany123
happy55
second1
kazakov
Dolphin1
Network
blue93
bigdaddy7
good11
chaman
SPARKY
14411441
mironov
07121982
goldie12
westham123
240594
123654z
26011981
bunny10
silverfish
01051978
rehjxrf
punk69
Buffalo
apolo13
valerka
170280
bianca13
leszek
jiggy1
22221111
chris30
hayley12
ihateher1
faith23
19061983
samhain
mahatma
101068
cupidon
micky123
blue2000
19851120
jasmine24
gofuckyourself
ooicu812
hg
andrea20
howie
070292
selfish1
qwerty84
200595
joke123
babyboy18
200180
05101993
corn
tolani
pillows
sasuke7
slava123
minakshi
120908
10111978
MMMMMM
playboi1
16081993
051984
170780
iceman21
351351
fazer600
nj9st4ye3f
fatma
robbin
swati
master33
vega
JMFxL78phe
13011995
198029
cm1234
denise21
fukyou
hola123456
carnell
snoopy101
womanizer
110976
elmo23
naruto07
chablis
yjdsq
aaliyah01
14111980
vodolei
1234567qq
gandakoh
alivia1
concerto
151990
micheal23
201303
joanna12
rocky07
20061993
4shizzle
hershey123
mp3mp3
kiki09
flute
cheer05
14081982
120296
mamani
linda5
060383
andrea88
matrix007
hall
eastside02
babykitty
19041981
brooklyn71
24041980
15011980
kevin12345
240295
andy69
baby78
bombay1
envelope
comment
footie
year2008
glaiza
130379
tormoz
mariza
fagg0t
aprils
master.
290480
kasturi
a111222
dani11
04061982
master08
fish23
19091994
shortys1
28031992
squad1
parish
15101979
february23
flower24
belgrano
miyaka
060284
mullins
asssss
saviour1
drizzt1
30091980
15161718
suppandi
alegna
cmpunk1
ï¿½ï¿½+ï¿½ï¿½ï¿½ï¿½ï¿½ï¿½ï¿½ï¿½ï¿½ï¿½ï¿½
king4life
nbvehrf
butterfinger
edward18
fan123
rfnfcnhjaf
12041977
applepie2
cooldude2
210994
solidworks
popo00
cassie5
idk1234
040186
locomotive
rainbow.
1472583
110119120
CAMILA
darren12
24692469
peewee3
joejoe2
maria09
020695
anatomia
0000aaaa
printemps
06061995
platypus1
kingdom7
peter13
rooney123
4forever
Barcelona1
mediterraneo
090884
frasier
07011992
adam2326
schlampe1
esercito
rockstar09
Daniel123
eddie01
30061980
martin18
deadwood
minimo
13011981
sexy321
0liver
bigger1
bobbi1
23012301
1418
kill1234
shanny1
marwin
javier10
dylan22
keyword
18081994
11101980
000000d
100202
tty
heaven17
10101970
tribunal
gladis
schoolboy1
14201420
123kdd
123456789ABCDe
rafinha
135790a
dessert
ilovekelly
livewire1
09021993
sheep123
08061993
091984
letmein.
banana99
jadawera
monster09
200994
turtle10
flavius
chicago11
20091995
fatboyslim
marifer
jarek1
bonita2
imabeast
1savannah
mybaby01
bubbagump
cheetah2
court123
footloose
220808
1internet
kitty77
skank
policeman1
commrades
bradley7
nikka1
life11
erik12
kaliman
change09
19871010
7thgrade
westbrook
liljohn1
flashpoint
calderon1
pornos
lauren88
lilly7
09041983
13061994
w2w2w2
spacey
mark16
boromir
group1
trigger2
280793
keeley1
talavera
london1234
mylove.
1111117
haddock
1um83z
011186
javier01
rachel6
rundmc
12061994
21021982
buster77
TIFFANY
restinpeace
vikas
cessna1
doomdoom
197888
kotopes
teamo16
270479
maryam1
sevilla1
ivonne1
harry13
shawshank
crystal23
password100
tarasov
michi123
blackjack21
091082
noah01
alice2
latvia
toots
zoom123
amber101
wade123
fuckoff21
26061996
forever07
1932
552200
dancer18
hallihallo
computer23
kayla9
briana123
14091995
pimenta
28061994
trinket
eminem14
hipopotamo
211079
blacklight
7Fxf3Jaa7u
eggs
chocol8
sonic7
baller44
coneja
dianadiana
karadeniz
familylove
takayuki
beaufort
tiger44
livia
serbia
desirae1
180781
planta
Snickers1
ÐºÐ¸Ñ€Ð¸Ð»Ð»
qwerty1987
ursula1
vanness
james111
Felix
leoncito
Killer123
hayate
cnhfyybr
j55555
518888
see123
bonnie10
joesph1
28051983
guessit1
adebayor
neopets10
141200
olarewaju
favourite
mama88
broomfield
manuel14
patrick08
holden01
04081981
babydoll69
daboss
babygirls
lampung
thespian
mecca1
tami
Miguel
5633634
islam123
ja8xb7txr8
brunito
28051982
justme12
malinda
050881
bigtimerus
riverview
lizzy12
champion2
wisteria
bangla
lovesyou
lilacs
siddhartha
thechamp1
superman32
snook1
master25
qwerty7890
essential
girl1234
coconuts1
erikas
zoezoe1
12041979
lucatoni
arwen
zaq147
26121993
may2000
denise7
coolie1
ass666
iphone4s
paris10
22091995
240880
booboo08
stiffler
rajinder
andrea99
shell123
jaykay
number88
triplet
131991
shamar
credit1
MAGANDA
31011995
farmall
frontline1
balla12
daffy
papercut1
280479
150279
166166
mondieu
vasanth
2bfree
15111994
20041995
180793
sonumonu
password75
olaide
31011981
nomercy1
25061980
2night
scooter8
24031982
titanic1912
mango2
rayan
derrick123
220278
spider10
nutter1
241278
11041979
slimer
albertina
brenda10
210893
erica2
040495
plants1
esteem
kittiwake
chula13
jake24
yogita
TINTIN
turtles2
reinhard
okmnji
luda
wowowee
Victory
ncstate1
03051980
titititi
joojoo
198906
coolkid2
porsiempre
master8
pink28
xingxing
tucker13
02031977
100976
dallas4
lm292979
butthead12
080981
210878
jonathan9
abc-123
dorotka
totito
rusty7
racecars
airmax95
golfr32
parkway
14051405
johnwayne1
05011992
jessica87
yakamoz
hope22
09071983
//////
hulkhogan
minister1
leslie01
ja123456
obvious1
compaq3
18031994
retype
canucks1
080285
696
lambchop1
291986
natanael
080908
tigger20
sorcerer
3211
leomessi10
mike007
redsky
matt08
barclays
goaway!
emma2004
080682
lal
nana21
daddie
600015
thug12
06031994
silly12
vishal123
sunder
badboy08
fillmore
chalet
paintball9
josh06
sabre
keneth
tiffany14
longwood
12271227
vaz2114
longlive
210578
versatile
bakabaka
superman89
schnauzer
keith2
gracie7
010103
sarahm
1horses
kelsey3
grisette
blueman1
biteme13
mamka
cupcake8
jackster
maldita1
rick12
31071981
15021980
jessica02
301279
123454321q
blood15
waterman1
197070
LOVELOVE
filles
diggler
auto123
nana16
SCOOBY
squeak1
05121982
giovanny
cody17
bridgett
fvcnthlfv
lalala5
arsenal23
31011982
masterman
lacrosse7
crf450r
celtic01
18061982
tigger44
kostroma
14101996
dutches1
Elijah
doodle123
15061980
060580
cancer12
o0o0o0o0
05091981
090383
nacional10
cheese99
200995
270881
church12
19841024
manson6
roxy23
joshua26
olivia04
sasiska
chris96
fucklove7
homer12
dvd123
21111982
february21
555aaa
renato1
angel1994
123698745a
060481
q1a1z1
jamest
jenya
whale1
22061995
february22
scooter9
n2deep
playa13
snapshot
wer234
LOVE123
amigas1
protector
hampster1
makarena
tulane
237237
protoss1
danser
batman89
airmax1
loser07
kendra12
011001
daisy08
princy
speranta
031983
lindalinda
carol12
montero1
29061982
nar
yanis
bitches5
06081993
2134
masakra
patr1ck
john55
potter2
stthomas
scammer
hunter95
guest1
kelly23
pedro13
09101992
ben101
march123
qwerty79
balbes
08071982
150977
july1989
sasha21
lacrimosa1
08111985
wqwqwq
intrigue
1597532
street2
oogabooga
nathan24
icecream.
lakshmi1
devastator
graveyard
chris007
austin17
55555m
23041994
061193
04011984
010169
09123456789
giulia1
travis10
030284
toggle
spooner1
drumset
himitsu
bnm
071280
16091993
lookingforlove
nunu123
abella
praisegod1
christina9
1080
electrician
11041996
gunit5
yusuf123
pussyy
socom1
yesman
taytay3
taylor25
24061981
1441
gatt
martin15
metal69
30051980
toymachine
pennies
Molly1
cattle1
founder
zulu
23021979
1dipset
ou812ou812
181985
tigger19
theking23
goodie1
30051994
trezeguet
19021980
sydney13
marie94
demond1
gazeta
040684
campion
08101993
german123
2481632
121195
kissy1
mokong
panache
biscotto
perfume1
bassam
U
storm2
arnie1
198905
120976
casey5
snickers5
08121983
mima123
123456:
08051983
21081995
caboverde
26121981
1a1a1a1a1a
motorrad
dominga
hello100
Bradley1
ra66it
whiteman
oscar14
maryana
220179
stjude
123rty
123456asdfgh
capsule
ltybc
handbag
asdqwe12
fresca
amistad1
treble99
cute21
speedo1
dave11
28121981
Thompson
master45
251989
271195
170294
langston
pwd
indiglo
cologne
050193
love72
pretty101
codydog1
queen5
lastchance
360modena
22071980
hockey29
123you
keepit100
sequoia1
cnhjbntkm
manny2
cs123456
yumiko
vivemoi
mckinley1
cracovia
110477
070580
murdock1
12345678bj
cheerful
1199
rohan123
fuckme23
50cent50
06061993
madisyn1
people.
091281
01041978
kathie
fackyou
142
evilone
connor08
sassy22
m00nlight
Viking
ginger77
8484
07021980
080684
ï¿½ï¿½ï¿½ï¿½ï¿½ï¿½ï¿½ï¿½ï¿½ï¿½ï¿½ï¿½ï¿½
ï¿½ï¿½ï¿½ï¿½ï¿½ï¿½ï¿½ï¿½ï¿½
pigdog
babybird
150594
lowes48
221002
dolphin22
30091981
bumhole
jujitsu
empty
bobbyjoe
nigger23
31071980
dbnzyxbr
10041995
lynn21
131993
saints2
250977
sanket
kristall
profit1
kaczka
bigdad
zsxdcfvg
daniel86
muhaha
married07
251992
zero0000
02041994
05051975
190981
karena
famous7
realdeal1
villamor
nigga9
nyasha
tanner3
blowjobs
babydoll3
16041994
1234500
iloveyoufo
sakura11
stupidbitc
molly8
305miami
crunchy1
090483
bellydance
07101993
04041979
16081982
190781
1lovebug
goodguy1
09031993
1234567812345678
20121207
covenant1
downunder
bball30
03111985
200594
cashcash
dustin11
truelove12
breitling
kamini
221275
brewer1
monster15
snickers11
160180
ximena1
wonders
lkjhgf1
411018
e65r82mnj2
111078
toosweet
coco101
snowfall
landon12
bonzo1
funtimes1
327327
21041995
orlando!
123abc.
23051981
render
chachou
chapter1
cyprus1
westside10
07111989
lakers#1
13111980
200396
07081993
123456789zxcvbnm
houria
james28
bailarina
190595
michelle05
121212121212
cr250r
060879
151991
golf01
081108
destiny05
26031981
16081980
ilovemicha
nano123
burak123
chante1
lun
198429
dazzle1
ghbjhbntn
zachary4
sierra7
annalyn
19121978
baranova
19111982
28041980
isaiah06
goomba
banana4
1scorpio
RAFAEL
angel1996
bukkake
junior!
09031981
joker01
panathinaikos
alouette
lupita123
160595
Domino
261984
06062006
chivas8
orange18
fkm
mesha1
psalm119
swaminarayan
jamesc
242242
12191219
600100
obama2009
chosenone
Vanessa1
da1andonly
200193
280695
password80
masood
julia10
popcorn23
molly9
conair
saints09
mylastfm
consuelo1
k.ljxrf
wicked12
nephew
mexico101
18071982
dixie12
spoons1
xt
misterx
241990
joint
tamtam1
knitter
koolaid2
Evgeniy
rinoceronte
overtime
200877
4554
tamila
christ2
fuckyou27
marie03
brice
ilove...
nfnmzyrf
abbydog
chester4
dethklok
141994
mastiff
star06
071081
198827
sandy4
desiderio
thunder10
canibal
papasmurf1
mahusay
140478
CATHERINE
27081984
wabbit
grad2008
hommer
010395
davide1
onspeed
15091981
11071980
pandapanda
prajakta
omar11
dr4g0n
happy17
15081993
slovenija
angel911
Ð Ñ—Ð¡Ð‚Ð Ñ‘Ð Ð†Ð ÂµÐ¡â€š
wumeiyun123
jag123
comanche1
060184
210778
aliona
saltlake
210280
xray
Asshole1
fender5
09051982
levi123
lilman13
ritchie1
playboy08
akinto
purple92
18071980
ch1234
daisy23
fishing3
jesse21
0102030
grace17
brooke23
141295
261989
bby123
22041996
15091994
31071993
ashes
3l3phant
18061981
ginger88
ujkjdf
220379
ruslan009
samantha07
makavelli
neznam
biabia
bitch100
72chevelle
muhtar
021093
fuckyou55
imafag1
17081981
231196
mitchell2
1american
bvb1909
linette
farmboy1
scrappy123
jamajka
090186
tiana
555151asd
ilove15
passwd1
Angelika
091989
nightfire
martinha
ravi1234
198806
sasha15
dennis10
06081980
taryn1
wethebest1
rollercoaster
260694
danielle18
super!
17041981
tink21
vaz2108
poptart2
playboi
muschi1
promo1
snowball11
md2020
elaine123
131193
040593
anthrax1
08011989
tomtom12
09041980
private2
sigaretta
LinkedIn1
dharma1
okiedokie
walter01
cancer22
wolfteam
090994
culo
070907
asdfghjkl5
febuary
karencita
steve11
turntable
16101995
sexxi1
040581
andrew89
011187
16051995
qazw21123
isabella5
19121981
zahara
broncos07
29021980
stringer
080692
1greenday
jake09
guitar666
zzxxccvv
290793
victoria9
mataji
iloveme9
hifive
drums123
091181
scooter69
raksha
30031979
steelers06
getpaid
hello777
qwas123
andrew28
ferrari355
BIGDADDY
ghjuhtcc
1437
09041993
300777
playboy9
myspace29
xbox3600
290595
sab123
leonhart
maiale
anna2002
asdert
samba1
algernon
pimp19
27061982
werty7
bunny23
260896
5Bhc2V875z
flashy1
pieisgood
saibaba123
qwertytrewq
pilot123
120399
oldtimer
090995
lochness
shanae1
rea
veracruz1
avanesov
spanky01
69bitch
ASDF
cretino
scrumpy
weed22
17011995
dylan08
24061994
8x2h4Eddan
iloveporn
270595
bulldog69
28051993
libellula
america08
crystal22
600002
411015
123456zxcvbn
Jupiter
johnny14
240394
gohabsgo
invu4uraqt
1thing
302017
MARTINA
jamezerazz
murtaza
mary14
27081982
238238
nixon
mustang5.0
nightjar
lindsey123
prowler1
morgan16
jacob04
welcome8
mommy33
in2deep
xyz789
rayray11
beachboy
finest
michael98
deuce
nerd123
hershey12
max2006
newlife3
160676
jabba1
underwood1
palacio
20212021
140794
kubicek
19831010
opeyemi1
aa12345678
see
ihatemylife
181986
bay123
garnett5
GARCIA
juan18
johncena23
bobby1234
140278
monkey007
philippa
cowgirl2
lulubell
felton
qwertyz
linwood
654321c
karlson
vanessa9
gabby3
01111983
14561456
thornton1
narcis
scotts
romantika
0174426
080893
palma
28101994
sarajane
nurbek
alyssa6
19888891
super22
69dude
selfmade
knuddel
linden1
media123
jogabonito
femme
bonny1
130478
carlinha
echoes
bubble5
SyyRRqBe70
cultura
15081995
10081995
300183
jasonlee
lauren06
arsenal07
090285
lindau
unicorn123
defcon1
julietta
savitri
myspace#1
voodoo2
150294
juicebox1
rajini
lindona
myspace199
lockheed
liv
13551355
abcdef.
198026
vodka123
dude21
fuck-off
gulmira
240294
tree1234
639374
airbus380
0810
damian2
271294
Gloria
masseffect
favoured
tigercat1
pizza22
sasha1992
kursant
020594
bagel1
vixen1
qwe058058a
ragini
sandeep123
snake3
fatboy7
29061994
111119
raylewis52
pokemon100
003003
jasper5
babi12
sexii123
marinette
bonus
1234ï¿½ï¿½ï¿½ï¿½ï¿½ï¿½
140777
3pointer
1470
grandkids7
masana
breana1
fortunate
010895
anusia
210795
foxy12
0321654987
erikerik
111222333444555
manga123
ioana
fishing101
rayban
perfect123
akhtar
19091981
celular1
231096
loveumom
15081994
albacete
energystar
199797
renee22
28011982
luvya2
26071994
070684
26021981
ilovejessi
sergio2
lastborn
moritz1
131292
24091982
stevenash1
7142128
cheeze1
babygal
barbarossa
us4ever
23091980
22132213
rafael10
GENIUS
alanalan
cody23
blahkg321
tyty123
199417
chris31
cinque
26111993
orwell1984
g12345678
zk.,k.nt,z
livelove
bdfyjdbx
babycute
281991
babys1
160694
fuckbitch1
tassadar
171094
secret99
250694
klondike1
MELANIE
psalm121
09011983
isabella01
holly01
zombie69
11051980
69pussy
mark08
james04
198020
dulce123
Diesel
bethann
myprincess
31101995
berry12
jojo16
19111911
monkey90
020277
noumea
140200
080983
pimp05
letitia
missionary
madison21
Summer1
mets123
toocute
olivia09
12345678x
hannes1
281078
1phoenix
3579
11101981
machupichu
freetown
198788
blue31
eating
27091982
alamierda
ivan2010
goodwoman
bulldogs3
13031995
famous5
kelly6
gangstah
honey17
23021996
19861225
voices
16101980
anjelika
231094
mickey88
models1
major123
15261526
kaila1
kenzie11
380006
27021983
molly23
301001
l1v3rp00l
boss23
sydney7
19841016
19101995
omg1234
09051981
080582
seabass1
susieq1
softball06
2r97xJ3xEX
connor04
19051979
sunshine66
billybob12
ajtajt
consulting
meme22
25071982
MUSIC
170180
030580
eoce59cL9U
dragon98
brooke07
111967
834002
190680
2702
broken!
thatsit
teacher123
21011981
usman
27031982
3345678
200279
depression
25212521
chancho
tecumseh
dance09
jag
horse11
DEKALB
cybernet
edu123
250377
carter10
tracie1
abs123
sophie06
bird12
100696
herbie53
123jkl
03071981
stephany1
givenchy
bobsmith
naruto100
khan786
Sym_cskill1
sydney2000
hotpink2
smiles12
corazon123
lilwayne11
180001
dakota02
sue
hailey05
melendez
samsung8
vane123
babilon
150895
q1w2e3r4t5y6u7i8o9
eduardo10
cj123456
devilman1
bogdan1
oralsex
serenity12
thurman
raven5
sex123456
jordi
candygirl2
computer21
kosher
montana3
23011983
informatique
agent0
magicaroma
1250
jamari
vitamin1
19011994
bodyboard
06111989
hailey07
judson
hunter97
2809
ilovematt2
dodgers99
redouane
ilovejess
topnotch
hollywood6
salmo91
covert
usa1776
grapeape
how
jak123
qqqqq11111
freddie2
ricardo13
alina2010
121010
grandmaster
tommy23
1590753
1986123
qwerty888
arcenciel
dance14
yamaha7
manuel15
27041995
23121995
alexsandra
190792
santiago2
babygurl6
Schatz
21051996
dasha1998
15051979
Ð¿Ñ—Ð…Ð¿Ñ—Ð…Ð¿Ñ—Ð…Ð¿Ñ—Ð…Ð¿Ñ—Ð…Ð¿Ñ—Ð…Ð¿Ñ—Ð…Ð¿Ñ—Ð…Ð¿Ñ—Ð…Ð¿Ñ—Ð…Ð¿Ñ—Ð…Ð¿Ñ—Ð…Ð¿Ñ—Ð…Ð¿Ñ—Ð…Ð¿Ñ—Ð…
flanagan
My
chance7
cameron22
elaine12
909
sasha1991
oooo0000
boyzone
28101980
brandy69
karkar
88888a
fluffy22
219219
411044
198704
170495
198902
sorry123
240395
stapler1
miska
gr8one
ranran
moocow2
Hello1234
lakshya
time2play
chevy03
chikis
sb1234
4f51eijViF
hennie
claire01
daddycool
evelyn12
spade1
iop123
pakistan2
stars11
225577
22081993
05091993
azkaban
aprilfool
victor14
latasha
20121995
andrea06
WHATEVER
13051981
layouts.
28071981
article456
11091979
556556
west23
jenny4
100800
luv2sing
191080
300780
char
salade
charlie77
hotline1
Gandalf1
kalani1
sh1thead
080282
080392
090492
snitch
26061994
playball1
zerkalo
dawgs
soloman
mario21
270880
browny1
euamojesus
130477
27101981
Katharina
maharaj
freitas
FLATRON
kasey123
mikes1
ortiz
spooks
221171
1brenda
123456po
lineman1
vika1998
061279
lainey
147456
090582
16071981
total1
eclipse3
2709
020593
spo
07081980
200293
teamo5
thelord1
sheree1
silver4
batman16
gtivr6
buzzy1
030378
leroy123
shah
juanluis
strokes1
1chopper
jamais
rudenko
barbie9
limonade
19977991
051278
phones1
21061980
bennet
kaylee3
kianna1
030593
1doggy
silver8
rockstar08
hotshots
190578
20121978
040580
3113
sarah09
austin512
lawliet
ranger21
stratovarius
pappa1
dindon
spania
asdewq123
150179
ï¿½ï¿½ï¿½ï¿½ï¿½ï¿½ï¿½ï¿½ï¿½ï¿½ï¿½
tambok
molly21
010481
tiger100
bacolod
091986
freya
moe
sweett
goodpussy1
261078
hellgate
reiner
121968
logans
ruby01
flyaway1
030192
turtle23
perros1
bella2008
blacksun
17061994
loveme19
18111981
roofing
baritone1
jaycee1
310894
14091981
partyof5
srinivasan
videogame1
kitty88
222222222222
030694
justinlove
tia
123pink
gone
richard9
antonio15
Student
07071995
070881
086421
love1god
zenith1
03121980
airbus320
pax123
sweater
love80
140779
hades
14041995
654987321
sticker
michiko
wii123
BARNEY
Hallombn001
1patches
01092007
vergil
lbvekmrf
campana
idspispopd
231295
candice123
franklin12
300793
060881
microlad
legend12
minkia
charlie25
meangirls1
160979
26071982
18091983
401105
10081978
denver123
sierra10
11111j
levent
littled1
sarasa
1232580
1bella
rossonero
230378
ulises1
1bigfish
4097870
black45
green12345
india1947
april03
hannah19
03051995
rhtdtlrj
cjdthitycndj
goodmother
blackfoot
stocazzo
assmunch
bruno10
cute09
korolev
murano
0309
fresh5
251295
4evermore
music24
roslyn
191180
090887
grahm
dallas33
bibiana
dfasnewa
bigboy09
1natalie
andreyka
123211
123045
sunset123
mary21
joseph02
kalle1
04101982
bikers1
jessem
165432
100402
007james
michelle28
141990
asdfgh5
keke13
260893
16081994
sexy96
takeda
under0ath
studly1
sugar10
1597532684
capricho
biochem
ramesh123
nicotine
cimbombom
302015
121110
brandy22
obituary
segura
1821
dragonheart
Gunner
jasper!
emmanuel2
roxydog1
reynaldo1
power9
30091993
01111984
takataka
010993
sopranos1
regis
schastie
02121994
tiffany69
julian07
gabriel06
mikes
neguinha
mvp123
joshy
roadstar
spots
sarala
14031982
proverka
scott01
brittany69
19841023
12342234
barrios
eagles14
pollution
bleble
pete379
IxrHx2Xc87
quovadis
toomuch1
151992
gunner2
5959
ingenieria
10121997
1234567qwerty
19851230
500049
wildlife1
Vikings
03061981
tilley
gthtcnhjqrf
wilcox
serdce
123312
19841021
pankaj123
westpoint
windowsxp1
nike15
260578
02061977
07111990
phone12
20091980
popcorn9
stars3
cb123456
camilo123
JUSTINE
surrey
oli123
160380
11081980
taylor19
060809
awesome4
21052105
peterpeter
25091980
twocats
jelly12
levente
ronaldo11
jamesh
airbusa380
200478
241194
sat123
casada
florentino
af123456
13111311
focus123
superdog1
280594
sladkaya
cdj:
sexy!!
bolinhas
12081995
elvislives
fukyou1
devante
010980
mason11
swanlake
tootie2
1knight
stuttgart1
raymonde
jesse4
tab123
microsoft2
icecream123
charlie04
lagrange
171980
lisa21
jollyroger
121100
trompette
shaney
candy07
290882
dranzer
jamshedpur
kumar1989
300781
150578
1525
30091982
phenom
windowsvista
annarella
slniecko
toothpick
grapevine
11081995
kendall2
wedding07
cheng
pit
skate08
pats12
stefancelmare
sarah9
240577
bff4eva
280779
zsxdcfv
browncow
dresden1
fishfish1
louise!
lauren9
28021982
alexsander
190593
haihai
101003
jaramillo
03051981
sempron
230977
200695
winter13
lexusis300
kickboxer
makayla3
122333444455555
nenalinda
speedtouch
disney08
71717171
199021
010879
peter7
stockings
corvette2
blazing
carolina7
flo123
13121996
ildiko
karen11
1stclass
hehe12
sossina
sharona
hay123
robots1
laruku
portocala
2babygirls
sparky!
cooki3
girls5
goodnight1
tarnay1
noah1234
240193
ahojky
tardis1
trompete
210777
SIMONE
gallegos
081986
aa3030316
sahil
130777
gracie10
lampara
06101993
airedale
222www
140379
rodel
offroad1
mannie1
04031994
filbert
121245
toratora
retard12
Aa12345
drachen
041985
jerkin
loveme25
natalie!
soufiane
25031981
goon4life
chicken0
pinkey1
rangers94
08011984
09120912
heroine
ford99
t1ffany
11031995
vijaykumar
pramila
srirama
1q2w3e4r5t6y7u8
squash1
marek123
110276
honeys1
dreamer3
puppyluv1
241195
nesakysiu
jenica
augustus1
chevy06
booboo99
280382
170980
daisy1234
230478
040595
goldsmith
rigoberto
warior
700020
96impala
abricot
lorelai
iluvu4eva
04011983
felicidad1
kisses5
borntowin
070778
sexgod1
100475
manutd12
andres10
040981
superdude1
grandma8
bitchez1
00000000001
06021983
frankie01
100575
thrash
plover
cristina12
dare123
slippers1
25232523
ricochet
matthew20
011293
261990
1122333
slowpoke
rfvtgbyhn
oops
041982
xYQ7Xcewqk
161983
261988
denver12
10point
chunk1
28041981
nissan2
1234567890o
25091995
nikita2000
blessed123
jamilah
juancito
chronos
july1991
bourbon1
deuseamor
job314
casa12
cerf
030880
211989
iamsam
160593
sammy06
ilovelisa1
marlou
hockey91
masamasa
kuku
ilovemegan
sofie
freak13
parisparis
251076
061984
orleans1
michelle26
08021982
wasd
08101982
bigdick123
020879
gramma1
19441944
06111991
2520
714714
l0v3m3
amiga1
987654q
1ballin
nerd
110054
lucretia
cocoloco1
misty11
shannon4
pugsly
bubbie1
raymon
071080
flames12
becky2
xiaowei
baby30
password74
041080
oneluv1
hockey07
colony
music000
jb12345
porsha
199615
cockroach
400008
140977
121500
klo123
maggie03
hassan12
mysp@ce
chloe05
30101981
jackbauer
101007
raven3
volcom22
cuteness
ariel12
brethart
halcyon
171982
03041981
gabbiano
222233
070683
25111994
merlin69
tunde
isaac12
jasonx
abc234
loverman1
120012
1478963258
gaby13
apples23
sweetie13
truelove!
slonce
jessie4
sweety11
sweetie4
290576
vulcan1
naufal
090792
relationship
vfvecz
dope123
whistle
18211821
c0mput3r
yeayea1
december06
colours
ashly
tampan
jenny17
020305
301294
july1993
livelaughlove
newshoes
300678
qwaszx11
madlen
fizzle1
100294
veverka
m3xico
sammie11
5555555tl
050678
penny01
110396
290980
motion1
090883
forget2
basil123
05091980
pazeamor
bell12
homesweethome
2442
ray1234
250894
brittany08
180979
ds1234
rhyzza
ferrara
recruitment
hooker2
purple32
ALYSSA
192837465a
gabby01
daniel29
Broncos
newlife12
poypoy
gladbach
cagiva
cleo12
190980
09061993
mateo123
melly
gumdrop1
oviedo
28041995
090291
Dublin16
penthouse
04031984
jacob101
cortex
08071984
wrestling3
rachel4
manmanman
liu123456
lonely2
ike02banaA
kamikazee
austin18
thomson1
080484
social12
020184
senior2009
omegas
lala09
09121989
sasuke14
travon1
140678
18021981
benjamin5
12345678as
24021995
mykids02
041986
cross123
coquin
re-enter
picchio
bulldawg
YfDbUfNjH
Emily
arbeit
ginger15
brandi123
musa123456
cshrc
school23
redskins2
100900
roofer1
818818
10051979
connie123
lickit1
tucker3
118720
lilmama10
250494
cheer21
codycody
09071981
poohbear22
08081995
11071979
chelsea17
junior04
ltr450
summer20
jgordon24
sourav
888444
owned123
21002100
27071980
MAHAL
Bushido
honda02
caliban
uraura
400089
fischer1
128
z1x2c3v4b5n6
saprissa
wife
tennis5
samm
danielle9
liberal
090580
buckethead
30041994
010781
google01
londoner
21051979
nose123
tevin1
slayer!
070184
198414
alyssa21
blythe
05111989
zsexdr
rocker13
26061981
dorine
ertyui
soloyo1
annie01
pimp34
nikolaevna
15011981
walther
palawan
112233s
98766789
pooch
shadow95
heather6
17101979
poopey1
kayla8
kanabis
hellogoodbye
animale
mama25
tiger20
tender1
lovemenow
1victor
dragon56
worthy
bradly
aiden07
reaper12
bilal123
ilovehim08
dorsey
sheraton
shaine
marlboro20
16021980
2wsx
giants12
ventilador
Beautiful
michelle89
ginger16
goodgood1
aim123
felony
301277
cruzazul10
ivan1991
252252
db1234
holla!
montella
callie2
savannah11
demeter
211200
decembrie
ilove24
perras
221175
chinatown1
a999999999
pebbles3
atelier
genius12
michael95
sonnyboy1
peace08
babyjay
050383
gudrun
251991
080791
19821010
monkey76
rednaxela
roulette
tanzen
fam1ly
dennis13
herring
MARSEILLE
travieso1
fartman
06121992
1spider
razorblade
kimora1
18091980
z23456
ruby22
m123098
emma05
marcus7
03031978
outdoors
greener
javi123
shorty25
ISABEL
31031994
semsenha
teacup1
sexybitch9
holley1
samiksha
Gateway1
ktnj2010
.kmxbr
123212321
lakilaki
genesis01
NEWYORK
neighbor
140395
20021979
ghislain
06091982
140000
125412
211077
100875
samantha17
Larded
callie01
01031977
kaya
monkmonk
gracie4
gabriele1
lucas22
careful
k11111
emiliana
alexito
amber09
benedetto
02061994
27121995
travelpack1
malakai1
03110311
111111p
tkachenko
score
brosb4hoes
gucci12
gamboa
nocturne
teacher3
759123asd
sing12
andy10
kinglove1
jesica1
cooler12
ilovesara
vida
FupYuxTa66
bailey03
flint
blackops1
aikman8
joseph20
carolina13
redheads
cookies101
mazatlan
complex1
bunny!
13011994
aaron08
14011994
tyler18
teentitans
israel12
simbad
meltem
301077
maryellen
brittany09
sandrina
loser24
claudi
jesus99
456852a
Santiago
16081981
31101994
05041994
banjaluka
alessio1
ovechkin
smalll
silver25
freelife
hoosiers1
matth3w
twilight23
desi
nastya1996
corrine1
zniRpnL744
080185
adana01
nissan01
bun
monica14
kattie
031279
19011981
25121978
444111
charles13
02071977
arshavin23
130795
ASDF1234
zombie12
hope13
cr
jesaispas
amber1234
rajan
240595
lovely25
080485
Xavier
240179
291987
detroit2
ÐºÐ°Ñ€Ð¸Ð½Ð°
dpetrucco2
1qaz2WSX
roflrofl
star2000
h12345678
Daisy1
rocky9
1gemini
laureen
marcoantonio
500600
single7
sexy35
loveyou09
lol1
aliya
girls101
jeremiah3
blackadder
kinshasa
abdoulaye
tuesday2
1qaz2wsx3edc4rfv5tgb
flight23
kleenex1
asmodeus
123.456
147963258
020994
280980
120600
iiiiiiii
10091009
tecate
130395
april2007
310594
160978
briana2
09071982
maksat
britney123
marcello1
bubbles24
simon01
lucky06
011291
erenity
monster0
villalobos
03111992
28121995
190181
11091980
141194
0123698745
2701
vanitha
PHOENIX
morocco1
ricky11
animax
myschool
monkey321
fedex1
148814
karina10
120108
babou
150794
03041994
18051995
wiseman1
crazylady
y6p68FtrqJ
pumpkin01
samanta1
blondie13
trustingod
flowers11
truffles1
awesome.
apoorva
ff123456
8933959
natasha7
123321as
weedhead
thumbs
troll123
050577
52xmax
ramayana
bailey15
199015
vision123
amp123
Marley
rosine
lucky111
aikido1
vulcano
1jacob
061986
doug123
08061982
cinghiale
nickjonas2
love214
dipset7
merlin2
deonte1
tunes
lolo99
trader1
random11
holdem
jimmyd
170881
600037
arfarf
lesbian2
RABBIT
korina
06061996
fuerte
honest3
johnnyboy1
mozilla1
annie11
njhyflj
14051980
101196
0502
hello!!
i98xb7sxr7
jetbalance
snoopy88
17121995
nathen1
boobs12
lucylu1
100496
020809
flavor1
666666k
scooby6
180580
160780
25282528
x2x2x2
volvoxc90
kartoffel
slavia
thrice1
19081994
110695
020793
200977
welcome10
ping
beagles
jakey
e65r82mpj2
delosreyes
doeboy1
charlotte7
chrystal1
sean13
docent
pink91
moneybag
19811982
chinonso
lokaloka
17121979
topina
zxcvbnmasd
rugby15
george07
10711071
180494
lovekids
noahsark
babyblue7
watup1
maggie.
people22
23061995
lera123
passward1
botbot
lianna
1515151515
19861025
6feetunder
eeeee1
4xebxR653D
121967
newgame9
isabella10
arsenal13
hahalol
pickwick
klimenko
pokemon15
sla
james32
correa
cheating
breton
bonzo
Tiger1
deerslayer
skate666
henson
money89
animales
dicky
29111993
zoology
260995
americas
puto123
joker4
XPEYGeh934
meme23
hocuspocus
150479
socute
summer66
blubber1
020479
nigga101
banana9
1love4ever
flor123
picaso
ancient
520521
25081981
ÐºÐ°Ñ‚ÑŽÑˆÐ°
13467982
02041977
joseph25
lilweezy1
bajs123
john06
softball.
molly!
redrum187
deutschlan
shakuntala
karlie
ford11
sedona1
newyork09
130894
h87va5rtp6
granat
cane
141983
faith10
34416912
omar10
alpha7
slapnuts
010406
tornade
emolover
nepal
stephen3
300182
spirit12
aku
rebecca!
25081980
170194
pincopallino
gratis123
rachel15
fresh3
chevy99
english12
gro
barbie.
hello007
program1
tingtong
kadence1
070192
090783
beegees
23011995
hellokitty123
310379
hansi
adorable1
jasonm
prince99
18071993
ecko72
dallas06
sports22
yh3hnr4869
09051980
britt11
010594
nonpayment
190594
Anne
X
170678
08011983
sslazio1900
retlaw
101103
1322
2238qwer
alejandra.
symantec
paul23
same
231991
19900991
prospect1
fatboy23
villarreal
160678
rbhgbx
astrology
sam007
07091983
311278
200011
daniel84
katelyn2
hj
love64
pidoras
anime13
guns
ns
safe
060980
20071980
arm
fraggle1
teddybear9
woodlawn
fripon
1qweasd
edward6
David123
300578
sunnydays
scorpions1
marcus14
remember!
04111990
27111981
aviation1
310179
t654321
dionis
15111993
3182
avignon
andrea8
colt
1unicorn
raiders09
sergio10
leslie13
icehockey
ladyinred
100675
fernanda12
kontol1
tlc123
010793
grange
mama16
lemieux66
valami
rocky14
one1one
160808
woodie1
190293
church123
beanbag
baksik
chevy22
srisai
141003
19431943
brunomars
heather08
563214789
KytFy2xd98
leelee2
hood123
pinky09
220277
jabari
110178
jimmyb
gettysburg
hampster
haruna
dinozavr
eybdthcbntn
16candles
anna18
joel1234
060582
loves123
arcane
0000000001
hawaii08
12345QWERT
ayyappa
tight
050506
lombardo
yulia
040182
syafiq
util
abkbvjy
silverback
brentford
goeagles
24031995
hollister.
090392
pounce
04021993
homeworld
456838
bannana1
iuytrewq
654321987
dragonking
05071981
564738
qwerty94
forsberg
230494
emily69
class2013
buster05
hood12
militar
fifty5
rainbow01
iloveu17
CHERRY
13456
hichem
misty01
211984
550550
petasse
akinom
panther13
kittycat3
askim1
0608
voitures
080191
rajraj
030594
09121981
Pumpkin1
papagal
boulevard
mickey28
hairdresser
dothedew1
lilwayne7
250678
kingofpop
14021975
privs
280380
dudinha
01021979
060981
antonio14
210294
aldo
iloveian
guinea
10101997
291193
141984
250677
twilight15
raymond7
2gether4ev
ypfu2vl856
jenelyn
bill1989
Roberto
haunted
199898
dar123
jellybaby
casper5
dark11
08021980
chrisb2
3141
element9
ashley0
death11
x7BktntLEz
marche
280495
aliali1
a012345
james55
1z2x3c4v5b6n
riverdale
291984
salon1
Babylon5
201111
margot1
goodwife
homegirl
supertramp
kangourou
vAl353nxhC
serenella
patato
newyork07
loser44
199116
penis7
070191
nnn
rayray3
mariposita
gokussj4
03081981
3651118xun
English
sm1234
zxc123456789
31101980
apaaja
123456789zz
aybaybay1
321321q
metal2
capetown1
steelers3
ybrjkftd
eliezer
darkangel2
11991199
25121979
Cool
basket2
bank
09041981
hibees
otter
qazwsx23
forgiveme
renton
chelsea99
robaczek
bemine1
football47
07051982
197819
titova
22041995
sistem
owahodarea
29011994
27031983
cooper09
090192
21081981
bassguitar
newport69
MIRANDA
sokol
19861021
lovelife7
vladimirovna
09111985
281987
goon12
steven.
160036
17051996
260477
250293
master18
xexeylhf
simsalabim
131295
jennifer24
srh420
kswiss
callie123
wordpass2
edd
calais
090184
yellow07
12asdf
east1999
kkkkkkkkk
7373
simba01
ilovelove
jennyt
server123
connect2
goonie
24031980
alex66
jujube
atlanta3
22111995
butchie1
040184
120597
516888
240978
saufen
daniel85
perola
poohbear07
03210321
trebla
141975
wqer1314
scoobydoo3
bismillah123
marie27
toosexy
boomerang1
happytime
angels23
toobad
emilys
omsrisairam
oreo22
allstar5
091083
spank1
coolguy123
paspas
elijah5
14011980
1qwaszx
mardigras
dogma1
123joe
198805
asdfgh!
bubbles17
1234rfv
07051981
01101979
191279
tiggy1
changa1
hung
suchitra
rhbcnb
life22
jaimaa
a456456
savannah10
131994
mojo12
medellin1
tunde123
jeep4x4
101995
sis
wicked123
water1234
530017
maver1ck
shalom123
090680
18021995
mindgame
pdiddy1
carter08
matisse1
olivares
ranjith
dancer24
david03
johnny8
grendel1
clarkson
josesito
product
beckham07
jaden2
423423
image1
tomdelonge
pepere
231275
webber1
19061981
redriver
sonnensche
alex31
carolina11
angelfire1
rasberry
alligator3
karina11
030291
poppers
aleks1
harding1
impreza1
070484
alex30
momanddad2
blackrock
fuckof
mexico619
123456er
class12
Aa12345678
tigger89
290578
050284
198908
12345656
vit
charissa
DOLPHIN
240195
198729
toby22
daniel007
HIPHOP
001990
megan69
biochemistry
210293
421202
18121994
nagesh
freddy01
hippy
carajo1
22111994
angelz1
kenny11
joshua28
asshat
marie.
talia
hayes1
were123
babacar
the1nonly
brittany23
guyssuck
roxy69
041983
silly2
dancer6
lancers1
pinky6
elantra
159263487
glassman
PINK90
198208
01012005
dilshod
showme1
brescia
290280
ironman12
280981
88552200
monica5
21071995
08051982
3939
emily1234
spacejam
laska1
Atlantis
Forever1
f75s83nqk3
necaxa
19861001
duramax
floresta
luv2luv
19071979
siddhant
190793
13121978
06091995
parvati
lahore1
rosie01
140778
honda93
0709
11041982
lizard12
250177
bigd
goldy1
gold44
sports13
texmex
qwas1234
04111983
200700
frog22
eiffel65
dolphin6
413413
25071981
130576
suresh123
rocky08
hannah96
wwd100
trixie2
jayant
freshman09
guevarra
kidman
caitlin123
liefie
kenny5
04111984
03021994
beatka
alyssa8
sagitaire
29091981
elmo69
erlan
morgan04
jamesp
yukon
anthon
260179
jamesbrown
ajtgjm
teabag1
novanova
1camaro
logan05
t-mac1
guster
14031994
021180
251982
antoxa
181079
260260
positano
987654321123456789
Savannah1
weener
27111994
simo
matthew88
27031981
puppy01
sakartvelo
stickman1
151982
chivas1234
16061995
08041993
guessit22
tima
tiger06
oscar21
sop
guimaraes
wulandari
annelies
blackwood
usher8701
markus123
chino12
gideon1
11121979
pinetree1
100606
010679
whoopwhoop
ponytail
piedmont
03081994
allison7
260979
mayberry
desirae
texass
wicked69
clumsy
hubbard1
01121993
josue123
020895
10171017
jake2000
753
dylan6
030366
victoria6
141992
CAPA2008
tellme1
051095
300579
19941995
231982
christop
wocao5201314
goldmember
kb1234
jaylon1
111296
26061995
ironfist
jellybean3
02061978
jack88
hosanna
sophia07
bledsoe
hjcnbckfd
manuel7
sh1234
260792
bqLk8kx79U
159357000
element69
aguilas10
poesia
201989
champy
becky12
17111980
mayann
windsong
raisa
220177
1winter
littleguy
zxcvbnmasdfghjkl
nasrat
kylee
shree
170281
nugent
bananas3
ElSalvador
11061994
020296
venugopal
punch1
green777
400606
bangor
hotone1
moneyboy1
wtfwtf
polpolpol
huxley
dalton123
101066
getpaid1
newborn1
06081981
peludo
last123
careless
larina
funnyguy
mimi09
021279
files
07061992
dragonballgt
swearer
753421
mjmjmj
baker2
090393
harlow
marcy1
pepperdog
cooper07
18041995
23091995
an123456
juliajulia
lynnie
zgmfx10a
xenogears
taytay13
poohbear6
hemi426
250395
knopo4ka
florida10
gygypyfyyyposhy
Houston1
goosebumps
yanira
ihave4kids
12ab34
Stephen1
podstava
mikail
2903
jeffrey7
28121980
hejhejhej
28081980
dalton2
al1916w
618618
omglol1
28091981
ph0enix
06101983
munster1
Ab7f23rSV
cavaliers1
welcome12345
caitlin12
250794
JAVIER
Sarah1
08041982
friendss
robert05
yourmom4
159635741
love1982
calvary1
eminemd12
stampy
60crip
black.
bigjohn1
mike28
prankster1
qazqaz12
bassey
gabriel.
muppets
florida!
caitlin2
080393
020509
max100
roisin
9512357
tamara12
firedog
bridie
84131421
july1988
limonada
121314a
030793
111995
27071995
bigboy4
coolkid12
030282
brownsuga1
radish
230695
1champ
chococat
dinmamma1
12081996
lucas3
pattinson
120776
2901
lmnop123
290180
nederland1
chance10
co2007
gestapo
041193
goldleaf
150878
08091981
181177
66chevy
100978
emoney1
lillian2
02041978
maddie08
06111988
barabashka
love1983
14022008
dogtown1
chris2009
andrew87
katie17
ppppppppp
300400
passion69
bundy
Ð¼Ð°Ð¼ÑƒÐ»Ñ
thomas87
Lizzie
pokesmot
strand
remont
brian07
21051980
vanessa.
cod
nancydrew
ilovemike2
project86
brown23
031193
rock14
110202
cooper21
tangos
baxter2
jenny8
121175
gjlfhjr
197328
bebo12
20091982
egipto
maus
311077
chevelle69
121971
farewell
02021974
geetanjali
1000000000
400103
toottoot
199115
senior12
Mnbvcxz1
happie
explode
kissarmy
200778
teamo7
86248624
canvas
pimp77
dragon02
l0vey0u
clothes1
adrian18
sanjar
taylor88
kobe12
dawood
califas1
starlite1
141296
21041979
05121980
gomez123
morgan9
shantell
forever25
crip60
01051995
312
011279
angels6
gracie05
legioner
Q123456
moiettoi
1888
Scotty
Bella123
050482
braves11
qwerty96
1q3e5t7u
laputa
070491
warrior13
131982
iloveu4eva
generale
angelia
padawan
25051979
08111988
130495
boing747
branca
Q1W2E3
zzz333
jesuisla
viva
willy2
noidea
090481
imabeast1
itsover1
15021979
nicolette1
Zz123456
gnomes
kazakhstan
080584
46466452
socal1
jake1
pelicano
americo
asdfghj12
sarinka
12041961
daimler
serginho
jazzy5
aznpride1
superman06
blackice1
wanda123
maddie!
element.
gandako1
power99
jimmy!
chaise
gtnheirf
opennow1
03081980
slim1970
21091995
mayra123
phatty1
nimitz
pepper00
legrand
trasher
450450
l111111
romeo3
05111983
kerry123
rfpfym
kalamata
27111980
nascar11
work4me
14051994
crazy07
mainstream
Windows7
nelson11
777771
300677
281984
temper
gjujlf
24071993
newmoon2
dembel
madhu123
mamana
1skate
inspire1
080907
micmac
thomas04
z000000
scott3
01081979
silverstone
05051979
sunanda
jasmin13
3700
emperador
111111f
brooklyn08
waikiki
danny8
pimpin06
LOVER
000000o
profesora
moonlite
ladyblue
18091981
bholenath
awesome5
170894
pamela01
aditya123
lilchris
c1c2c3
24011994
elaina
Cherry
lucky#7
sara10
fish69
310793
football02
bigmouth
laura3
ruckus
schatten
robert55
saraha
chouquette
atkbrc
andrea24
youare1
alexsandr
twinss
shay13
shutter
19841001
02091979
jimmy4
katze1
panda22
lovemybaby
skate6
star05
buzz123
060186
12345678qwe
kanyewest
maciek123
021194
money66
allysa
lucifer6
depressed1
june1996
188888
katieb
werderbremen
wakacje
tigrotto
160879
230895
monkey42
pipino
siouxsie
22101979
2times
09071993
insignia
taterbug1
tabaco
mylove14
bia123
buford1
1bubble
06011983
murphy13
public1
babygirl87
gengen
doremon
emmy
booby
19831985
cintaku1
420love
02121993
fire23
anna2001
42684268
150694
aicha
joseph88
freaky2
joyride
03091981
redhawk
1400
carson12
badgirl123
090681
031095
CANTIK
zsxdcf
passw3rd
michael91
12qazwsx
fleming1
gaypride
300594
02101979
fuckher2
likeyou
cbvjyf
yonkers
261261
daybreak
texas69
homeland
pink66
Kathryn
cool88
210281
337799
202010
solar
bronwyn
BLACK
asasas12
21042104
jaydon1
Cheryl
Rosebud
george9
berkeley1
may1996
emily16
112233112233
Azerty123
mallow
030894
chris29
moni123
13051996
600061
demolay
teamo22
canadien
24031994
nicholas21
mustang302
ranger10
happybirth
15011994
vanya
pinklove1
missy6
jessi123
29071981
198824
020395
Patches1
ï¿½+ï¿½ï¿½ï¿½+ï¿½ï¿½ï¿½ï¿½
frazer
09061994
1nothing
211001
issac1
kaka11
quidditch
bmw745
z1x1c1v1
keynbr
andrew92
190479
paragon1
221991
licorice1
erasure
spartacus1
0805
03121994
31031981
melton
25800
120675
lifesucks!
carambar
07091994
010807
01021976
fuckers!
150896
040478
ppppp0
ford1234
07091993
hinder
narayanan
hk
16011993
23011980
jeremy18
7753191a
cool16
amar
tonito
100proof
FRANCISCO
031179
sergik
050695
8en3dwDXPI
201276
abi123
Serenity
17021980
midway1
sexyboo1
191277
jasmine19
141002
121073
24111993
1nirvana
littleangel
tavolo
slipknot4
dopey
sanek
4everurs
vanessa18
1jimmy
richierich
1flowers
dimple1
RANGER
lipgloss2
coral
050781
r9e8w7q6
Smith
c0nn0r
10inches
pypsik
chris666
frenchfry
mine11
damian13
135711
haitian1
sashaa
fantasy2
2nqW7A1517
aitana
charmed12
andrade1
panthers08
18051959
iamcute
w1w1w1
198103
olddog
hotwater
stormy12
rtyrty
dragonlance
brandy3
babydaddy
sophie09
barros
aldrich
ballin8
300493
europa1
chibuike
250477
nazaret
26031994
240778
198021
nazira
hom
danielle69
freddy11
zacarias
4myfamily
diadora
radek1
01091979
18111994
my2cats
1molly
521
chello
09021983
haha69
alisha123
b11111
hehehaha
iloveluis1
there
rosales1
050484
1love!
shamus1
softball44
altagracia
manofgod
sophia10
holla2
bball42
001992
19871026
william05
150995
070895
08081976
spike22
80000
bozena
billy22
030509
michel123
Reggie
100896
198813
sharada
ilovesex2
Phoebe
purnama
kaylah1
newengland
bikes1
198304
sevens7
250378
latina12
19031996
gtasanandreas
marie101
100596
ummagumma
221166
nikki!
221094
jacob02
cozumel
karime
verochka
fussel
290693
fktrcfylh1
1955chevy
herpderp
123boo
ivan1996
appaloosa
ciccino
noonie1
001968
09061980
superm
010101a
jeremy4
jenelle
05041980
stuff123
feet
24071982
rockyroad
rutgers1
hanspeter
mona12
hoboken
060493
upyours2
butterflys
single15
Valentine
chutney
020496
qq11qq
martin1234
savitha
12011978
951
lmao12
xkhNmkI633
selmer
police01
dakotah
mountains1
bitch26
020103
marley13
goon123
1590
lover99
MARINE
122015
cacique
wiggle1
16091980
19841123
marin1
wawa123
040509
1sabrina
lam123
22121979
hawkwind
volunteer1
money1000
angellove1
anghel
e12345678
jackson05
jomarie
midnight10
ehlb3c18TW
julianne1
foreplay
22022202
winter7
09061981
04071993
270679
281079
smile69
221980
1985123
jillybean
ruby13
english123
030480
hashem
babygurl06
bergamo
willow13
duece2
25071995
198927
faith21
tigger04
aleluia
tomjones
020209
jesus2011
jesse22
2327
coumba
07111982
291179
sunny01
d-money
attilio
purple420
delta3
espejo
090977
urban
rjhjnrb1
123rock
jeanine1
paokara4
aloalo
dogpound1
beatit
rfgtkmrf
chris2006
08071993
atakan
buick1
spinoza
margaritka
abidemi
kimbo
dragon84
140895
bobble
allin1
crazygirl2
carmen22
2524
losenord
yyy
101009
clicker
googly
rangel
acm1pt
beyblade1
22021978
jeremy17
cool25
rangersfc1
brandon04
britt14
minnie7
sosa21
12121976
oaktree1
marley7
nomames
sadiegirl1
scott22
rocky99
arinka
Q
17041994
tiffanie
30051981
ashley90
torres10
sm0key
gobble
anneanne
poprocks
fr1ends
elementary
gfhfpbn
10031978
0120
kartina
totoy
vegas702
amarnath
socool1
050194
martynka
joepie
baboon1
dillon01
charlie19
hacienda
dbrnjhjdbx
halo02
greenday6
anakaren
080979
Uruguay
parris
love48
princess78
SjiecJ1A9X
Ð¾ÐºÑÐ°Ð½Ð°
classroom
sadie13
jesus00
19841018
123443211
455455
panacea
juicebox
kissme4
connor99
calhoun
050192
avrill
523698741
thelegend
rooroo1
brandon02
bball31
woofer1
proline
sheyla
bosnia
karman
pirulito
merganser
27061994
badboy14
pwnage
boxing123
Snowball
iluvgod
vfhbz
231276
jimmy21
antwon1
muchlove
fergus1
spammer
mygame
volcom!
clarke1
tiffany4
landon01
cfdtkbq
fishing4
1raymond
mommy03
dexter13
rosetta1
060979
mary69
110975
29051980
shivji
silver9
badboy6
holliday
animefreak
1234567asd
trolls
obama
asdf23
esoteric
paris01
831005
adesola
eat
210179
family15
totalwar
care
daddyyankee
music=life
cutiepie9
laura69
52hoover
goncalves
tribes
kimak1
jumpstart
14101995
annoying
101973
batman20
pothead2
police11
siempre1
farter1
070682
tonight1
katie15
chica12
lucario
senator1
virgie
6cctbbk516
myspace30
wetpussy69
bateman
simone2
benny12
dakota23
29011980
hideki
alba
daniel2008
david2007
bubba9
1sparky
sorrow1
070384
olympus1
nico1234
1234567890qwer
vidanueva
dutches
kitsune1
sweetie01
ponderosa
michael90
imcool12
010405
servant1
graciela1
trivial
08071983
171278
quackers
011280
salma1
230177
myspace76
chelsea18
misamisa
200820082
yamuna
porshe911
1stplace
12111994
marlon123
blondie101
sexylegs
gfhjkm777
noodles2
ghetto123
22101996
lazyboy
whistler1
p0kem0n
misbah
gravedigger
brennen
madisyn
13324124
vanna1
polonia1
sarina1
waddle
eagleone
forgot2
austin101
dbrfdbrf
zrjdktdf
leelee12
belle12
24011983
monsoon1
killer93
cindy13
545545
bowwow13
harley101
chanel05
12051979
huligan
198102
rfhbyrf
artichoke
shannon8
02101978
golfer11
deadend
amber8
14111995
241276
faithfull
june2000
sunshine26
biboune
puta69
sweeter
01121994
benzin
busterbrown
angela5
pirates3
slipknot01
nochance
transport1
martyna1
kissme7
122412
260894
3tb9xM42xI
edward08
09101983
27021981
maxou
franek
251276
mark12345
ktitymrf
mama2000
tiffany10
160877
200576
vanila
060486
munnabhai
human1
love1980
10061978
070893
mutual
230794
mychemicalromance
rf
flamengo10
aerdna
ahfywbz
199423
dalton01
ambulance1
patoche
white23
jenny20
freckle
melanie7
odie
ginger06
london20
sunset12
hai
150575
iloveyou78
021078
boomer3
renee5
collector
rent
password71
kimmer
astigako
380013
vika1995
lctstens
kakdela
thousand
infierno
121512
yeswecan
honda6
work1234
03091994
redrum666
shitface2
popcorn8
gangster6
22081982
251990
finnigan
07101981
panthers3
liljohn
05041993
841025
arihant
kacey1
d123123
sivas58
120200
gambino
5zgc2T764B
1qaz2wsX
cody101
jimmy1234
dance01
mamatha
duran1
spooky12
08111991
fucker9
200910
haywood
26051995
gjitkyf
kate1234
fulmine
zerocool1
bagdad
mustang.
carrick
cats101
bethesda
tiger!
161277
181984
walmart2
shorty88
gateway11
bellsouth1
morgan.
Fantasy
ballsdeep
62626262
realest1
040471
secret101
oyatayo
numero
rose99
myspace96
luiscarlos
sophie4
125800
telecom1
jess01
031194
techno123
screwed
12101995
06031982
pantufa
demonhunter
contest
45654565
boilers
lila123
bleeding1
Annette
melissa18
saadia
hartmann
aaron17
badboyz1
dancer.
nicole83
newyear09
crjhjcnm
19011982
010577
261277
rizal
26101995
bobert1
vladislava
Teacher
muffin5
fresh11
19111980
nandan
111113
anja
orca
vergessen1
djibouti
26121995
25021978
199317
1christina
frederic1
wwwwwwwww
jayden22
198106
fuck89
vadim123
anindita
11441144
randi
iloveyou31
abigail01
steaua1
tina22
22love
kaliningrad
070392
cayank
jesse!
120608
fishhead1
king06
killa14
silverfox1
tonio
SHARON
BRENDA
wasser123
santos13
824553435ss
dildil
august03
insane2
100576
ronald12
melusine
arancione
riley11
charliedog
blacky12
precious11
republic1
laksjd
jojoba
tinashe
05011982
1monica
c0ffee
mooooo
qwqw12
lollip0p
ravioli
tigger45
changer
user1234
24041995
ronnie3
110876
101175
1donkey
giraffa
munson
shit13
cvfqkbr
andypandy
160695
16011981
sexygal
290494
6161
jeremy16
Sammy1
161278
1cracker
sunny5
april1990
theworld1
hailey11
s123456s
herald
stubbs
2131
vortex1
irock11
ballbag
123-456
polo99
12101977
dam123
cc
capello
omalley
04021981
1300
greek
mexico24
risc
jar
alfredo123
nannan
water13
781006
mickey25
personale
210195
howareyou1
alexandra3
060676
caiden
04021982
050609
brasileiro
070382
steph69
ziggy2
30041981
821026
081980
annecy
honda500
jasper99
hiking
deano
1551
jesusmary
sweet25
Hamilton
mari1234
pablo12
twilight6
01081994
proverbs35
carmelina
allstar23
7stars
yankees07
yankees15
pimp12345
ionut
zhenyu2012
06081982
misericordia
icecream13
floortje
05021980
31011993
123098q
wertyuio
anulka
198024
fai
221196
04071980
unity
ï¿½ï¿½ï¿½ï¿½ï¿½ï¿½ï¿½ï¿½ï¿½ï¿½ï¿½
march05
proverbs1
240280
abcdef7
lovers07
sabrina01
19121979
xavier06
br00ke
pasuma12
tillie1
oceans1
nenita1
cheating1
091983
ashley86
1234567123
4488
optout
dockers
britt08
charles22
LAKERS
shane11
lordik
dwayne3
chris2010
NELSON
shakademous
romeos
300994
festival1
m696969
music25
love777321777
vlad1999
bingo12
lfytxrf
neverever1
020808
hair123
kicsim
katie08
chevy11
159753654
samsung6
tinker!
piupiu
ivan11
2nipples
dick22
4294967296
213546
blood21
071193
dangelo
defcon
jaymar
buttbutt1
560097
sunshine44
valerie123
27071981
spooky123
supermax
vfif123
baby111
22021979
SUCCESS
England1
general123
419
220895
06121994
cabana
sherbert1
marmot
11091994
feride51
logan4
4evermine
figure
fucker01
michelle99
181077
060581
blade12
0804
caldwell1
012012012
purple05
elviss
qazwsx321
poknat
123pormi
....
pharaon
Georgia1
zap
helga
18051978
listen1
shithole1
07111988
fififi
burnside
196767
071989
name123
coolgirl12
290593
anakku
010377
maggie88
060182
cancer123
popcorn10
krzysiek1
qscwdv
laffytaffy
school14
01041979
210895
honour
honey9
03121981
single14
iceman3
15301530
nick06
270778
081278
reece123
0password
14061981
161178
karina01
kakaka1
motorolla
210178
icecream8
dancehall
saxofon
frankiero1
homero1
cool77
sexyb1
janiya1
starkiller
ryan04
12091979
199001
moustapha
cesar13
gabriel21
meli123
ladyluck1
cash11
micro123
campeon1
pinky23
sandrock
010494
blah13
blondin
ben123456
blue04
051093
020494
pinky01
nokia5320
sander1
hahalol1
masterpiece
ilovemysis
090603
Ronald
vuitton
pisellino
sexygirl15
ayurveda
rasputin1
lemieux
d1d2d3d4
24081981
28031980
30121994
metalika
lilo123
11111978
3iverson
famous3
orlando13
ANGEL1
junkjunk
elijah4
creampuff
199016
watson831
Frankie1
monkey85
yjdbrjd
fH1hM1wL
sidorova
kamryn1
090286
191992
dina123
05061994
lady23
cashman
doll
bignose1
gorodok
dowitcher
051293
rangers10
450000
nataxa
evaristo
music17
snowey
smiles!
17041978
281077
overkill1
sexonthebeach
07021994
baklan
Australia1
Michigan
08061981
masterblaster
link4me
vivek123
joel13
foodie
silverio
281985
080877
shakira123
omegared
fltkbyf
robert89
221990
198216
ar123456
turbine
241982
040385
sandesh
bettyboop7
110897
241296
07041982
fdfd
homie13
lupetto
011281
polkovnik
divagirl
ghjcnjkjk
pentium2
9111
redgreen
osorio
ed
saunders1
1compaq
demarcus1
marlboro2
scooter23
cachorra
Chris123
rajeshwari
naruto20
archimedes
icequeen
lover44
gayfag1
duke10
titanium1
zul123
nelson01
ghostrecon
wanwan
nicholas123
eastside14
041094
hightimes1
booking
hamtaro1
1yamaha
Asd123
Hayden
51525354
20031979
scrooge
mcguire
dale08
gustav1
031276
1234ABCD
september12
triple1
sundae
andre3
randymoss1
qwertyasdfg
william20
thisismypassword
040382
chloe22
31051980
a252525
shawty2
07011983
frank3
council
030779
grad07
110035
jenny101
10081980
hariharan
tiger86
14101979
girl14
jeremy6
02051977
ass111
marinel
sugar22
gisella
241093
963321
cemetery
autism
intouch
isabella08
dietrich
110476
gates
aiman123
ronnie01
missme
upiter
01091995
300394
papasito1
courtney8
pok
hockey31
gibbon
180578
cadbury1
tiger777
oriyomi
xiaoxin
fifa2005
milka1
neopets22
hitler666
carlos27
Satan666
elvis01
adios
brooklyn21
0710
cutiepie09
20111994
branko
11121978
7539510
1aaron
edwards99
110177
lovegirl1
hihihi12
120797
galatea
borracho
ignazio
gsxr1300
porche911
180281
12101979
Camille
19841015
030493
fluffy5
cornflake
manwhore
ccc333
1916
dillinger
ISABELLE
rose17
07121993
bhatti
localoca
159357z
holidaysecure123
qwer13
ihatey0u
220596
buddylee
mono123
1maxwell
181277
220496
ghandi
140378
ability
mcfly
gbjyth
dude10
07051993
madeinchina
fuckyou66
04091983
31415927
pelotudo
Brittany1
abcdef6
scarface5
arsenio
evgeni
olaolaola
bobsaget
270879
mazinger
akasha1
whitecat
korsar
baby100
bubbly1
price1
mariem
301193
pussy15
8point
camacho1
stas123
lk123456
sd1234
access01
Winnie
babe21
engelchen1
gogiants
oldspice1
somebody1
malmal
welcome1234
babygurl9
pas123
miley15
slingshot
marie77
army1234
020301
bigdave1
ricardo7
annalee
becker1
210576
faheem
omoyah1
hawaii01
felicidades
fuckthemall
p@ssword1
birthday12
elite123
gutter1
fuckyou78
12345699
volvic
onelove420
pink45
drugs1
12071979
17011982
198926
pirates!
password666
starts
fumanchu
011183
shithead69
moonshadow
080284
fokker
lachen
qwertya
Lol123
gerard123
redrock1
220795
fermat
toyplanet
couture1
apfelbaum
newlife2010
buddy17
A1b2c3d4
25202520
mutley1
crazy17
mariajose1
130778
fake69
23081995
250576
trouble!
21111994
26021994
honeygirl
kontol123
geometry
beauregard
24051981
secret1234
reveal
hallo!
jasmin2
02061976
231456
13051995
23262326
luismi
vikings2
020678
24071981
09111982
90
120397
22101995
scarface11
juicy12
teddie1
kazakova
fluff
coffee!
199113
280494
shawn11
asakapa123
kinga1
breakers
number27
iloveryan!
10021978
99009900
118811
MM744m1
mittens2
jkl789
811010
amy1234
anna2007
300494
nichols1
monkeyball
paradise2
hole
05091982
hockey28
miller30
280993
pointe
akon12
zaynmalik
FUCK
volvo123
melody12
120276
poopdick1
250777
faramir
198815
07011993
julia01
120975
angelino
dusty12
bones2
stella13
rebenok
120606
03011993
hannah77
1legend
peaches23
valdivia
tulipa
14081994
12345678y
pepper24
reject
kor
sexymom
voldemort1
25cent
suriname
elbarto
Philipp
russia11
chicken44
estela1
199226
pintura
otis123
chanel12
torcida
lucky4me
allstar11
manuel.
dragon67
11111r
shine123
151076
nikita99
31101996
lastpass
dukedog
danielle6
flower08
cristofer
capri1
myself2
pathology
1234567890w
manny13
kayak
02021975
23032303
269269
charlotte3
michael85
luvya1
golddigger
gabriel14
pitbull5
mixtape
tochukwu
300381
hailey04
lesbo1
elijah09
voland
120674
blume
sucks1
natnat1
kaulitz89
taller
jason19
gohogs
ciara12
thomas92
451451
evelyn123
whales1
fergis
041093
montauk
05111984
yomama3
iloverob1
161991
stonehenge
05051977
22081995
booboobear
ne
nemo11
02081995
13111994
110220
mememe12
read
friend11
99889988
KEVIN
goodwill1
kravchenko
sonika
glorytogod
lynn14
dmitrij
allison11
2p76xG2yHV
210977
arena
LzuDz2xe98
230974
19021981
794613258
altec1
dedmoroz
fuckoff01
maracuja
becca12
superman55
600092
cheese24
789551
shanon
aprilia1
1315
16071994
symmetry
zzz000
houston7
tabbycat1
fibonacci
puppy8
morbid1
tanner13
60606060
dottore
toby10
130776
warfreak
welding1
dance8
imperia
19841212
swallow1
victoria22
Beauty
111965
dogtown
140795
21121995
lifesgood
cookie19
30121980
josema
srbija1
moody
123456Ð¹
160994
jeff22
a212121
eng
manson69
280979
lad
russia123
pimp55
drake12
grad2009
scarface10
07041980
3322
fastback
spongebob12
ï¿½+ï¿½ï¿½ï¿½ï¿½ï¿½ï¿½ï¿½ï¿½
400602
espana1
getrdone1
hate2love
trever
christine0
060483
woopwoop
babyjames
1loved
cenicienta
mygod1
caronte
6uldv8
201175
30061995
youaregay1
mickey05
220641
ashley26
jazzy7
jamie14
iloveyu
softball99
chingching
filudskou
qpalzm123
hate13
wesley2
monae1
fdfyufhl
230178
123456789qwert
25061994
28021980
02071996
wilmington
06091994
111095
18101981
333444555
stupid6
magdalene
140994
221222
13011982
18061994
qazplm123
230196
12031996
imsorry
economic
nelinka
dingbat1
bombon1
cazzoduro
steroids
carlisle1
lazy
shake
senior2008
17071995
050677
miller21
alexzander
akunamatata
faustina
artem1994
one2three4
020309
londonboy
music99
72nova
jacob16
barbie18
saladin
021980
bubbles18
pepper77
favre04
joshua27
pantera69
playboy.
skittles5
slaughter1
angel82
777vlad
20041996
lindaa
091985
alex84
Natasha1
616616
922i4Ddebm
glen
adrian17
cheer23
gujunpyo
08111983
katarzyna1
damien12
maggie1234
purple96
yellow45
040192
yunusemre
braeden
urmine
2807
15511551
honden
italia06
311078
070183
chevys1
kjhgfdsa
jordan55
mengmeng
ranger7
vaquero
trent123
22031981
02101993
darko
coral1
plague
241983
19861011
mikola
100995
honda10
rapala
babyboy17
balderdash
myhero
milamila
KR6sjhs412
lolsmileyf
toad
010609
kokolo
101005
gtnhjczy
01041977
03021981
258036
rem
drinks
baller9
brandon0
19932009
1zachary
seventy
051989
mamipapi
ca1234
Christopher1
lettuce1
fatbastard
1q2w3e4r5t6z
fuckaduck1
20111995
@123456
selassie
24061980
1toyota
fishface1
sasha14
111111g
31081994
qaz123456789
cheerio1
Scotland1
pass_Rrewq
christ777
13091981
carmen10
23252325
17081995
piter
GODISGOOD
300881
agness
bandit!
010379
Monique
13041980
mackdaddy1
karen01
superpippo
121264
emily03
shane13
maggie77
2loveyou
emery1
12291229
dannielle
heaven08
220896
Daniel12
gotcha!
10041996
pangitka
trinity6
chocobo1
catdaddy1
babygurl8
13061978
180194
blessme1
20081981
buttercup9
282001
200395
peanut88
SANTOS
GENESIS
290679
moskau
123456Z
hardware1
latrell1
petanque
lacrosse11
musica2
sofresh1
tokunbo
197719
170779
hghghg
sabiha
snacks
sasha111
198318
winslow1
hf:
sophie14
youtube2
19011980
louise7
1bullet
hiphop23
27071994
isaiah08
pf:
sammy17
happy2011
powerranger
25051975
halo21
tbird1
larenga
etienne1
2blueeyes
ronald2
2hdq6c9aZV
Pandora
asdf;lkj
jesusrules
fidel
10091994
hubble
08031981
dorky1
vlad1234
010777
240878
031277
bushman
akeem1
120203
pituca
20031994
penguin8
abbeyroad
aracely1
wazup
140495
maria07
hotspot
charlie27
success09
dinadina
POOHBEAR
isabella11
perez123
smiley14
tolits
florcita
1frankie
satguru
esenin
lollipop13
pepper06
aubree
jonson
22101978
lugnut
zachary13
050596
nectar2011
beyonce12
barbie6
david111
soukaina
050708
santi1
love000
26081980
cameron99
4040782as
placement
mexico2010
vavava
010294
420high
little11
2213
dorita
natalja
toothpick1
cms123
Sternchen
fire01
VALERIA
patou
kerberos
15111978
skittles4
michigan12
nbalive
reddwarf1
shane3
29101981
bubba08
king666
06021993
131983
pimpin24
farmgirl
rawr13
JULIAN
rf:
230278
asdfghjkl12345
01121981
1carmen
olivia03
reaper2
1918
180680
pupetta
robert26
adidas21
dimmuborgir
olympique
pimp100
boater
090509
gosling
retsam
annita
gravy1
mollie01
sexboy
joe101
jkmxbr
nexus1
290396
mojehaslo
130178
august02
botas76
shipra
23101996
spencer01
catdog5
123456789101
satan123
macondo
agostina
starmoon
blackandwhite
ewan
evolve
omega12
junior00
elephant5
18101995
ilovesos
02081978
pipetka
brookside
simple11
matt09
warrior11
khattak
011079
19851012
drevil
foghorn
gerard2
ferdinando
master0
faisal123
12wq12wq
301195
1fuckme
rediffmail
appaamma
swampy
gangsta10
pop101
cassey1
redboy1
snowdog
pinky10
unloved1
richard14
east
26091982
salami1
password420
loader
sadies
miahamm9
200999
080384
260695
poppop123
pintoo
19861210
copeland1
1A2B3C
26021980
24081980
h1h1h1
1913
kinjal
ibiza1
Ð Ð…Ð Â°Ð¡â€šÐ Â°Ð¡â‚¬Ð Â°
06041994
19851025
idonthave1
08111992
emma04
210176
iloveboobs
brooklyn22
htlbcrf
mancini
140296
mexican7
shawn3
gohome1
560084
heyyou2
myboo2
160101
290381
destiny14
urthe1
taktak
billiejean
94mustang
saints11
Liberty1
setsuna
121212s
yanayana
hakima
blinky1
21011995
gunner11
shelby500
solovey
jasper21
Terminator
michelle77
shiner1
15951
03121993
jaded1
02041996
sister5
JesusChrist
ariana12
7children
firecracker
sdsadEE23
gman
93mustang
lincoln2
aiden08
1234zx
godhelpme1
jessica77
q1w2e3r4t
northeast1
09041994
dubois
kluivert
wrong1
m0nst3r
eatshit!
090809
79ford
132132132
789012
jazzy10
anneliese
14021979
amin123
pink86
daniela13
naruto55
honeycoh
silvina
04011982
dancer88
ba
chelita
197510
0109
limelight
sukanya
coolio!
elfriede
fatman12
Honda
131996
140594
angel555
1miguel
26091995
Molly123
red222
1234545
dolphin!
gjyjxrf
rene12
13501350
karatekid1
040283
123456787
sativa1
love68
12061979
freerider
231076
tubgtn
parazit
jamie22
krokus
Paladin
allgood1
17031980
030182
kelsey10
Frank
25081995
morgana1
1326
player16
29051982
ela
powwow
gamers1
bas123
manuelita
coondog1
ulyana
ghghgh1
jessie23
krysta
wer138
alina1995
RAYMOND
squires
ellabella1
freedom.
bubbadog
steph22
010396
150295
fresh101
136479
bradley3
071180
buckie
sandra3
nemonemo
31101978
frostbite
donjuan1
13021994
thuglove1
sharkey
success01
lola10
dreams12
ï¿½ï¿½+ï¿½ï¿½ï¿½ï¿½+ï¿½ï¿½ï¿½
fall2008
baloch
29061995
cooldog
cocobean
pussy666
bassline
blastoff
patsy
andra
wasalak
281295
200694
billy6
25302530
12481248
chloedog
230778
777777q
sunnyd1
caffeine
steve0
220294
taitai
lagata
liverpool01
nokia8210
0409
31122009
010678
puppies4
30071982
06021980
djtiesto
rivendell
mark09
198699
10021996
PnUfSci218
laura14
dodgers123
floricienta
515051
136900
wildwest
02061975
210995
severina
angel1992
gogreen1
tristan3
nicky12
family03
thunder21
princesa2
284655
201986
jawa350
300695
basketball22
glenn123
NOAdmin
n.kmgfy
ashly1
bosna1
bitchass2
29031994
050509
hackme
nermin
30051995
4201
pass00
vicky12
151295
demonyo
justin97
babebabe
megaman12
112007
ole
sosweet
indya123D
anteater
star100
234589
queen7
gtnhjdyf
vinny123
sunburst
784533
cool33
will23
housewife
illegal
carson123
rhfcyjzhcr
grandslam
maxito
killie
sreedevi
dallas14
md1234
breakfast1
threegirls
janela
Phillip
jacob03
tacobell12
puppup
boonie
gor
04081979
lewis12
13111993
030980
nympho
201308
gwadada
password41
123456789asdf
3q2w3e4r3t
102288
purple29
stratocast
ichbin
anal69
jason05
2016
account123
dani3l
061079
walkitout1
tango2
waterlily
milla
corona2
diesel2
gangster11
amoree
3Odi55ngxB
carolina5
twins08
kaden
111275
2gangsta
hannan
29101980
adam07
06031993
lavidaloca
sniper2
riley7
16111981
money007
yukiko
odysseus
frankenstein
harsh
g123098
fitter
ninja101
bubbl3s
parade
minty1
noah11
myzoosk
alec
hotmail3
KytFy2xd97
19031995
libra10
021989
spiderweb
suleiman
12031997
waiting4u
deusex
repent
alabama3
110496
tennis4
iceicebaby
alyssia
27041981
lizeth1
123456jk
150577
08061994
Konstantin
rose69
1outlaw
amelia12
callan
luk
lee1993
buttons123
jack2006
110999
happy.
111076
darvin
189189
lotus7
kovaleva
25121994
chevron
120775
google9
kenzie123
marina22
180993
bitch27
mama07
badass23
pumpum
merced209
green28
160679
dogstar
04051994
123qwe4
emmie1
02111981
gena
bhabycoh
montez
20051977
123456rr
111111A
loveyou143
wwe4life
pornporn
13151315
dane
benedict1
martin07
sweetpie
bunny4
nene15
6grandkids
princess85
123456am
19821984
discreet
pink96
cholo
carter4
Sidney
sender
villeneuve
applejacks
zoedog
3355
niclas
bigdick9
030495
eugene2
mahaveer
11081978
14061980
shisha
23111979
brandon88
click123
brianna!
050281
crabby1
jelly2
davenport1
chocolate11
arc
martins1
ram2500
221993
kelvin123
1snowman
grace4
bananarama
florida01
everlastin
blakey
020192
wol
jayasree
oliver14
11341134
hermes1
pavlenko
010277
lovesexy
to
19841011
lovehurts3
peanut03
31081981
payaso13
joseph03
SPONGEBOB
angely
renesmee
aaron09
loser00
16051996
aristo
volley12
montydog
thierry1
Monkey12
Bulldog
101298
1358
ashu
ayushi
norman123
theone12
201007
priceless1
loco22
030595
ceres
20021978
090493
1bigpimp
tijger3417
banana6
dream5
punk01
rachel9
giants123
120673
dbrf
180195
bighead2
280898
1qw21qw2
halfmoon
taylor33
130296
badoo.com
richard.
double7
yay123
laketahoe
cookie55
29031981
mayotte
vivivi
woodward1
2bananas
northwood
gemgem
suzuki1000
4yfb2S753D
19051977
ayman2008
121201
hecfkrf
lotusnotes
abril
czz000000
hazard1
198002
mightymouse
010173
05111981
10021977
playstation1
jedidiah
simone11
199614
soufeliz
georgiy
mooney1
jumpstyle
kerri1
darknes
fylhttdf
layouts123
g76u94prm4
13031996
surfboard1
270379
12121974
230396
silva123
balla3
qq112233
katinas
16061978
260496
cowboy5
pinklover
19021996
ch123456
ghgh
wicca1
Friend
18031995
martin88
deedeedee1
01031976
07101982
ricky7
trustno2
poop55
notime
gg1234
25111978
secret10
18101980
malia1
shinedown
10051978
11081976
13541354
123258789
king360
knight2
darius12
love2sing
15041978
3password
Houston
preston123
vball11
assass2
25041981
02041995
daniel0
funkymonkey
kaylynn1
salamon
Kelsey
55555d
ghjcnjqgfhjkm
14111993
bungee
04081994
jebise
outcast1
1cheyenne
killed
shadow87
03101993
payroll
Zxcv1234
hppavilion
bongos
2907
gigino
gohard1
november05
coyotes
5monkeys
qwertyuio9
barrie
Brooklyn1
qq000000
fantasy12
flint1
1momma
hotboy5
t4_Us3r
fordham
290894
dean12
12inches
07061982
chakkara
1010110
23091981
adivina
gamess
fishbone1
angel1990
lovebug22
a1sauce
king007
090880
lokote13
153045
genie
wapwap
bloemen
12345ss
suzuki125
260794
PRINCESA
sandgrouse
joints
jeremy15
isabella4
010607
warface
2babyboys
bipolar
alltel1
yellow44
041178
141196
twilight16
love1999
socorro1
fktdnbyf
viktori
trinity07
yogurt1
cupcake9
linda3
paris3
sisi
19861012
america6
motita
porcodio1
100876
a12344321
stgeorge
haterz
tetete
seba123
1fireman
trinity11
sony11
mama2008
889977
cody16
music77
rodney2
101205
12891289
vollyball1
brown11
elemental1
afridi
110057
zodiak
eleazar
noodles123
1s2s3s
daili123com
effect
regina12
victoria14
red007
keshia1
trying
polymer
virtus
milind
jewel123
poohbear8
brianna07
paramore!
amani1
dani10
16101994
wolfenstein
jenny18
bernardino
anarchist
13021978
270894
solitaria
kanye1
britt09
martin4
bubbles88
literature
wizkhalifa
aceraspire
sherin
ginger00
insomnia1
23011994
pieface
081093
ghetto12
freeuser
198107
brett4
14111978
nosoup4u
12e3E456
andrew97
monsieur
treeman
larrys
cool18
sunshine28
chewy2
love831
guero1
an
ciara2
evgenij
crips6
45124512
inform
disciple1
kelly14
112111
15161516
04091981
112911
olubunmi
yukiyuki
523
180894
sexyboy13
11111977
antara
babajaga
elvin
nokian80
honda04
120598
261194
09041982
popeye123
31011980
hutchins
palestina
kikou
jin123
791010
gal220
sunnys
w2e3r4
19841026
hammy123
marsh1
theonlyone
sexual69
rosanna1
030895
soleil12
kingarthur
andyouone
19031979
coolcats
wanjiku
macey1
lloyd123
16111980
600053
19841986
bobby!
skate01
gagoako
210877
13041995
hector2
teller
samsung4
anna17
niger1
strikers
ï¿½ï¿½ï¿½ï¿½ï¿½ï¿½ï¿½+ï¿½ï¿½
564321
daddyyanke
tinamarie
azalia
260779
bonaparte
resident4
nascar01
110026
ukulele
lost4ever
green321
jeff13
17041995
texaco
norcal
jukebox1
gfhjkmrf
richard6
kisses7
thumper123
sussex
dirty30
181194
01111982
400012
polilla
199105
mineonly
maintenance
star87
hardcore.
3bears
ty123456
24021980
so
jayden02
hanako
volimte1
partridge
cloud99
ball1n
141982
starlet1
bulldog22
dylan03
nhoemnhieu
micha3l
051277
tennis09
Apples
cynthia12
120699
290978
26041980
iluvyou!
muaythai1
dupadupa1
huracan
yummie
01011964
jonathan08
polska2
911007
05071994
buknoy
urchin
oconnor
Peaches1
11112011
janiyah1
birdbird
bigshot
takishima
vlasov
xuanxuan
interiors
truelove7
raven6
anshuman
000021
knight11
faith06
qwe123rty456
marita1
promotion1
life13
bible123
thundercats
megan21
bigtits69
1235689
rubicon1
trudy1
14121978
shadmoss1
bundeswehr
040579
sarah8
crazygurl1
pussycat2
141095
cantona07
08111989
clones
SARAH
oliver07
conflict
thales
luna01
danyelle
george.
prudence1
samuel21
lilmama11
050293
bonneville
260895
usharani
barrington
668668
28081981
131177
michelle30
woohoo!
thisisgay
alexis1234
13666
28071994
c0urtney
R5GNqyRr
wembley
peanut17
dreamworld
01091978
change08
123king
260279
sarah88
saralee
18121996
kelantan
beerme
sexii12
dogboy1
horace1
christine8
acmilan1899
sandy10
harley24
xk45xDxCYR
danny09
patrick07
master07
braceface1
boylover1
28051994
mistydog
krish
27011982
douglas12
091081
cupcakes12
fucku21
amanda101
killer98
july1985
16121979
08121981
kitkat11
flor
studentka
dennys
myspace85
zayzay
sherzod
appelsap
pooping1
bentley2
7001850
200220
031195
yahoo12345
riley07
hakkinen
braves12
Love1234
green32
singer2
lovelove3
wildcats14
diva23
17071977
080895
struppi
ALEJANDRA
12081979
sister4
dustin3
ihateyou22
thomas98
freitag
010172
g86u94psn5
159753159
021295
lupita13
fun4all
carlos!
11101978
werock!
1236987450
mo
kondom
0902
prince14
fevral
blackveilb
1422
nadiya
ï¿½+ï¿½ï¿½ï¿½ï¿½ï¿½ï¿½ï¿½ï¿½ï¿½ï¿½
19881010
cycling
lovehurt
6323463
hacked123
hunting123
230808
bella9
1wifey
trieste
angel1993
galindo
220194
lissette1
baseball04
redneck7
ilove18
sca
080380
111197
tom12345
ilovelee
qazwsx!
justice4
raccoon1
gunot1
010208
gfhjkm11
notengo
cacaboudin
rke:
vika1997
teddybear!
hip
kel123
lynn10
ginger17
minnie10
flavour
ferarri
millie11
lala16
mmmmmmm1
snoopy77
vampire!
sundrop
loveme77
7896
punkrock10
alternativa
democrat
xxx007
13071995
1212345
allen13
people7
bear1
july1983
marco13
cessna152
clarkkent1
x100pre
18081981
samuel100
truskawka
ysabel
hardhead
190893
heather.
2527
10002000
260577
corona69
161177
barfield13
ashlee12
12111979
slainte
check12
vallejo1
troubled1
adam06
09051993
fosho1
199310
misiu1
nursery
boyz
butter01
harimau
kabuto
pepper15
lmao
basketball123
zardoz
beast13
060293
23031980
TRUSTNO1
alekseev
pepite
140978
july1984
iseeyou2
stanger
080283
rachel99
dr1234
february20
marvellous
vitor
victoria123
12wqasxz
12101978
121224
18011980
space1999
ninja6
sinsin
fakename
castanha1
kancil
111096
martinez2
benjamin4
akamaru
1tattoo
leeroy1
mario6
dreams.
170595
papino
mexican14
sundaram
trustno
atljhjdf
rosso
meetme
221095
jackass22
victor15
finn
poilkjmnb
matamata
19861028
hello18
160578
ferris1
tony88
04021994
15101978
16021996
missy69
homegrown
eatpussy69
15081977
evildead1
acb123
diogenes
talented
nirvana69
cheeko
gotenks1
chapin1
aaliyah5
deagle
121212m
dragon34
cracker123
sugarpie1
greenday14
brooklyn07
QWEASD
commerce1
pastry
dobber
cows123
06091980
chihiro
tati123
brillo
gary1234
huanhuan
aaron18
bronx718
southside0
flower88
naynay123
hawaii7
jasmine02
12071996
2325
tuwo4u9
1piece
143iloveyo
280794
cabrones
monkey31
jhonny1
mondragon
unicorn12
sunflower5
123456789zzz
chunchun
sj811212
bananna
0402
sexisfun
allaha
aikman08
segura88
101108
hanifa
magelang
cena619
jess23
050493
08051993
190695
eltoro
joking1
tampon
tecnologia
winkle
6666666666EMPULGARA
180495
mario9
alo123
anime4ever
smriti
Wow12345
fuckoff23
Aurelie
mikesch
alive
25121977
bmxbmx
280194
199710
150277
japorms
07091981
kasper123
faye
010295
qweqwe11
brayan1
1234567897
space3
ï¿½ï¿½ï¿½+ï¿½ï¿½ï¿½ï¿½ï¿½ï¿½ï¿½
119
xiaoyao
19911992
sassafras
nurudeen
26111994
valeron
2bon2b
160279
redsox!
baby98
camera12
diosteama
Blink1234
brianna14
garth
1christmas
maricon1
skins1
welcome@123
27021982
101972
chivas22
0704
player!
sallie1
kool1234
carolina3
172737
eminem6
chan123
memememe1
angels.
fakepage1
lineup1
farkas
walid
25101978
angel83
kapoor
himani
26081994
170895
surfer123
swordfis
aksaray
freewill
Dancer
120303
cool00
0077
GRACE
varela
keparat
trade
rtyuio
fisioterapia
bullets1
smile8
elshadai
vika1994
gameboy2
hundred
poop77
gas
my4babies
slayer11
liver1
win2000
goodluck123
301278
parkside1
abdulaziz
balaton
comandante
loveme99
11031996
lucio
trompeta
19851218
stefania1
sasuke23
071987
ï¿½ï¿½ï¿½ï¿½ï¿½ï¿½ï¿½ï¿½ï¿½ï¿½ï¿½
198809
friend7
magnet1
mikey22
161294
29071980
playful
15121978
arthur01
garry1
tester12
changa
020208
badboy9
banana8
ind
bluered
homosexual
garcia2
05091979
alihan
giveme
rebelde6
klasse
shannon10
n00dles
02081974
carbone
WINNER
198826
slick123
22022002
canada10
Little
bigsister1
maybach
hunter28
guera1
mandar
midnight4
010677
sandra21
19899891
singer12
joven
britty1
mikolaj1
fifa2007
orange09
laurab
sierra3
clo
ybyjxrf
fuckme21
bagong
judy123
jason101
blake01
freefree1
mahalkita2
corsa1
230373
mike32
Love123
14081980
16021981
husain
190579
19861111
canada99
12monkey
stupidgirl
010495
cooper4
jojo09
coochie
katydid
cupcake01
qwertzu1
301093
dallastx
andrea19
cateyes
bubba16
maremare
beauty11
432432
630630
frusciante
w2e3r4t5
sailaja
20011978
augsburg
1213456
atenea
sacha1
lama
rootbeer2
blackmoon
football38
1234321a
427cobra
diva22
030409
271988
020595
angels8
moomoo3
nichole3
1428
miramira
19081981
bball9
prometeo
958506
sandra15
metal13
dolphine
sumner
riddhi
dash
ytrhjvfyn
kisses11
0509
rip123
amc123
174174
HOTMAIL
qwert55
kitten10
ashley33
lizard123
kisses22
26031996
mudkip
040293
280780
130277
mobila
mylife3
y0mama
suka
chucky123
alleniverson
joker18
steve-o
23021978
09061995
trippy
pussy07
06061978
nova123
lfplhfgthvf
snowflakes
19101980
towanda
s000000
diva14
tw1l1ght
050995
24021981
chuy123
170478
260178
alex100
lancome
maribeth
2monkey
happy2be
srilanka1
eybdth
patrick24
3ZibUVmRx6
finch
grace777
wwe1234
abracadabr
230377
fauzan
131275
240379
07121981
Cristina
081179
oleg1995
watermelon1
ellamae
rellik
littlebit2
mateuszek
bitchnigga
connor5
multipla
asdflkj
anarquia
190577
michael96
04111980
18061979
checker1
teddy22
fuckthissh
suburban1
rocknroll2
iloveanna1
casper14
hardy123
poohbear9
100700
841023
catchme
gonoles
tou
vote4pedro
backoff1
osman123
1goodgirl
vencedor
311095
131176
ashford
06101994
gatonegro
pookie14
salvaje
avelino
orchard1
paterson1
cholo123
bodyshop
11111l
willi1
redbull2
terorist
07081981
july1994
181295
10121977
15061979
ï¿½ï¿½ï¿½ï¿½ï¿½ï¿½-ï¿½ï¿½ï¿½ï¿½ï¿½ï¿½ï¿½ï¿½ï¿½ï¿½ï¿½-+ï¿½ï¿½ï¿½ï¿½
magic01
171178
199102
040806
emily18
burton12
280279
trell1
missy23
boopie
gznybwf
harddick
080596
monique5
1234678
102103
261295
12340000
2simple
spawn666
Johnson1
headstrong
cuppycake1
21111993
reborn1
algebra2
080193
icecream22
cowboys4
maluca
chris98
12345665
010204
vulkan
888889
lia123
grind1
16121612
cathie
Ð¿Ñ—Ð…Ð¿Ñ—Ð…Ð¿Ñ—Ð…Ð¿Ñ—Ð…Ð¿Ñ—Ð…Ð¿Ñ—Ð…Ð¿Ñ—Ð…Ð¿Ñ—Ð…Ð¿Ñ—Ð…Ð¿Ñ—Ð…Ð¿Ñ—Ð…Ð¿Ñ—Ð…Ð¿Ñ—Ð…Ð¿Ñ—Ð…Ð¿Ñ—Ð…Ð¿Ñ—Ð…Ð¿Ñ—Ð…Ð¿Ñ—Ð…Ð¿Ñ—Ð…Ð¿Ñ—Ð…
parrotlet
dinosaurs
HarryPotter
271989
slickrick
010595
liu123
hunnie1
animals12
maples
16041980
determined
Ñ€Ð°Ð½ÐµÑ‚ÐºÐ¸
dokken
020379
7550055
lkj123
superbike
katie1234
password52
05031980
258123
ichbincool
jesse23
buffy12
240478
Sonnenblume
flaquito
searcher
mahindra
dupa666
lol123456789
deep123
sophie21
26031980
angrybirds
lesbo
cobras1
angela15
200805
kimberly10
skate21
dan1elle
darkshadow
drago1
Allison1
123456789lol
steinway
07011982
271079
simba7
100908
25061981
carolina01
bianca11
ryan25
261293
impression
170707
rose08
060992
4123
lll123
lovestar
miguel18
400094
malditah
16051981
180694
daddio
crazy24
dakota03
maxie123
250396
nancy2
sofija
19861214
qwerty95
ihateme
19221922
carrie123
titanic123
13091995
010795
070878
qwertasd
aq1234
jeff23
08021995
airwalk1
Adidas
jgthfnjh
tyler98
1californi
damian01
krysta1
13245
199505
kraftwerk
291194
vissen
fatdog1
basbas
pascua
2bFiy28byL
uzbekistan
ï¿½ï¿½ï¿½ï¿½ï¿½ï¿½ï¿½ï¿½ï¿½ï¿½
disney!
houston5
tigger68
mizpah
dmband
4horses
nok
pixiedust1
246855
bears12
draken
golosa
020507
iceman7
199323
brandon03
orange08
charlie33
CORVETTE
zzz777
lesbiana
230496
89chevy
16111994
santana2
olinda
mama77
pepsi01
07041994
shotta1
15041979
12589
drift
190505
12071977
raiders07
lolote
25082508
jazzy08
120707
andrew95
0301
paxton1
password..
bigcountry
skull123
270695
lehman
rjrfrjkf
modern1
19861026
seetha
2580123
kelly21
24112411
13thirteen
Tristan1
Captain
harleyd1
dolphin69
MICHAEL1
kitten6
281277
shaner
tristan12
renee01
puttputt
parker09
FUCKOFF
baller!
tampico
260394
cpt310
alisia
anil123
05041982
Celine
230677
nagasaki
carl0s
legoman1
prince08
aleksik
hernando
07021995
roddick
murena
motorsport
gogetter
germany2
0906
google21
120404
mygirl2
montego
anthony33
10101976
tenchu
jackandjill
25071993
babygirls2
1rocky
alexis.
karavan
2a2a2a
persian1
!qazzaq1
harpoon
27061980
amonra
zadrot
270194
zipzip
hfccdtn
190180
German
230876
angels77
131276
mark24
198877
crazylady1
chinwe
020577
01031979
salvador12
080480
yankee123
peppy
221174
Taylor1
remrem
04091982
09071994
thomas95
23051996
198719871987
gabe12
balou
muffdiver
lilita
731731
batmonh
198217
aiden2
smokey08
bhuvana
peanut02
ahjkjdf
cheyenne7
1strawberr
10011979
040594
damage1
airborne82
tgtgtg
29071994
poop88
romo09
10102008
toystory2
i&lt:3you
Shirley
password35
14041977
24011981
23071979
Ð²ÐµÑ€Ð¾Ð½Ð¸ÐºÐ°
09061982
irule123
chris44
260595
maya1234
alex1976
aquinas
130697
shorty.
america17
saved
regan1
chuchi1
nedved11
tinka
nathan.
elizabeth12
trabajo1
silvana1
mailme
292513
jill123
lz110110
ilovejen
natalie10
160606
963741852
delta7
569874123
money56
walhalla
020180
250277
solecito
mambo1
1kayla
asdfjkl123
interdit
abbaabba
polkadots
calvin11
Flowers
enfermagem
160478
esponja
markov
pikmin
kikiki1
500011
12021977
fullerton
rebel9
621621
safrane
Airforce1
dontae1
morgan00
04031980
231075
habitat1
spencer11
mnbmnb
vincent5
emi123
horse5
tree11
shadow03
mati123
andrew96
steph01
juvenile1
lemonlime1
fifty
20062009
181193
23212321
loveyou01
sammi123
02091977
olivia23
2500hd
idon'tknow
daniela.
missy4
shawn13
180576
bryan11
fucker23
maverick7
love411
lynn23
obi4amte
langer
04091980
andy14
override
brittany20
angeldevil
19831120
170295
susie123
24011993
kristen7
dancers1
relation
abby07
ajedrez
david30
26051980
pavlina
cherry07
bucks
bunny8
clutch1
040496
Default05
andy15
fanatik
toohot1
Elephant
ilovejim
salma123
increase
260993
theron
newyork6
brooke09
23041979
Paradise
Cricket
turkish1
b43n6whifd
alejandro5
tahira
sweety3
21121979
essendon1
sydney3
snowman3
t111111
193755
tiny13
hpotter
198914
200666
31133113
carton
sexygirl7
akira123
shitass
macca1
badtrip
kevin25
13021981
270195
play4fun
6flags
gendarme
whatitdo
offthewall
motherfucker1
iloveme15
vegetable
500007
paracetamol
cutie4life
bobbi
jovan1
redblood
14081996
krishnaa
h00ters
140578
powermax
sammie3
010306
nevergiveu
hoping
shitter
babycakes!
charles23
vixen
120809
biteme22
chicago13
dave01
grace10
tits69
toogood
hack123
peanut18
pagan1
polkaudio1
2125
270478
scorpian
ilovejimmy
qwe098
bigears
karen10
yes90125
karito
fight123
fever
nanny123
ï¿½ï¿½ï¿½ï¿½ï¿½ï¿½ï¿½ï¿½
derbeder
creature1
vinay
131619
1234546
ujkjdjkjvrf
brian1234
dodgers5
connie12
161990
557733
mykonos
crocodile1
200794
280995
gordie
01071979
167349
theking12
qwerty1989
hamza1
darkwing
ferrum
pookie4
ladybug10
aj12345
flyers88
191179
ricky3
ilovewill1
marie87
salocin
200495
cutey
ruffus
sniper13
garcia10
sabiduria
oscar15
austin1234
quarter1
bullock
joana1
sarahg
000000aa
21121977
naruto45
mariposa7
success08
600088
marcos13
pussy18
mcleod
151994
fuckem1
samuel99
123asdfg
chacha2
lilly11
boston21
fashion7
lulu10
rainbow14
lunatik
040782
16011980
051294
chitti
fuck24
hazmat
meinschatz
ds123456
lovely101
020794
fatboi1
player8
marshmello
coco07
131981
alannah1
01200120
nutcracker
112006
lplplp
shelbie1
150696
matrix21
010981
loser4life
912912
13091996
ilovemycat
031079
fashionista
mybabies1
301293
kar123
080186
100676
power6
vanessa8
bbc123
katie9
mexican5
tupac96
19861988
tiger111
actor1
03041978
23love
120297
801122
h1xp2z2duk
010205
emma99
kyle15
moonflower
monkeyballs
qazokm
betsie
ktrcec
ybhdfyf
qaywsx123
latinking5
cars1234
terrell2
k.,bvsq
prapor
iluvmom1
030181
isaiah11
zeratul
199422
aaron4
coocoo1
renee14
220779
sandra69
contender
300893
ivory
251259a
1vincent
240795
hadoken
10041997
samia
honey06
astro123
abbas
190780
lateralus1
bobbyboy
heart7
sissie
rossoneri
881122
puto
demarco
04021980
asdfzxcv1
bitch34
Max
zane
seedsnipe
meadows1
peanut77
ryan02
myword
mike2009
5324
worldwar
260495
manchester123
03071994
nrfxtyrj
dublin22
college08
brownbear
cbr1100xx
lilwayne10
land
babyb1
29051995
monaco1
sabian1
12string
257257
rawhide
muthoni
bocman
MERLIN
darjeeling
deception
inspired
wakeup1
01031996
220196
hendrix69
ska123
111196
sasha23
251001
riley06
stamper
ranma1
afganistan
071093
kaydee
09021994
30101993
ytrewq321
e5FhxkqIBw
heather14
1234567890l
goldilocks
nokia6610
110111
dylan!
digimon123
BONNIE
teddybear0
mister123
bebop
molly06
040879
ironhead
kimi
300181
sikander
badgirl12
passwordko
hirsch
jackfrost
dontworry
peterpan2
sunstar
vladka
30081980
sos
marie28
monkey111
curling
dgaf420
parola33
googie
2princess
111299
badboy4
phish420
yo123456
160577
budda
erikson
honda96
19851024
sherry123
jackman1
mybabyboy1
peggy123
snow1234
160278
boss01
16011995
teddyboy
king1
idontknow3
120500
242
31121978
got
051177
050180
coco99
08051980
elijah10
tramp
courier
cthuttdf
lovers9
123125
23011982
1597532468
13611361
chidera
iKAa4Kr257
02071978
sanju123
olive123
081984
140204
08111993
narutofan1
k1k2k3k4
kooldude
qwerty1995
020203
starbright
samone
hero12
121966
shithappen
joejoe123
fuckbitches
qqqqwwww
disney3
chevyman1
yakubu
myspace79
tupelo
yhj34:
polopo
bailey00
165165
hidayat
paper2
azimut
26071981
30041979
0201
03021995
pongpong
08031994
xavier5
103185
sonic13
240496
maharashtra
decatur
lindsey7
ethan11
dolphin01
barbara12
nirvana6
Rascal
Thomas01
winniethep
junkfood
rambo3
amigo123
110497
otrebor
pato123
08041980
01031972
freemoney
tractors
recycle1
zachary10
11031979
lady10
wewewewe
jalapeno
renee21
BABY
230194
iceman13
ballen1
4ever21
lovespell
WILSON
rockybalboa
coke11
planner1
nine11
28021981
141193
73jaGtk4q
061095
repair
nascar18
200277
ramjet
cuteness1
abc12345678
thomas26
onetwo1
sassy4
1520
emelia
sexyback2
antwerpen
cookies.
warrior5
cute17
peligro
henry3
boogieman1
19111981
bigdaddy5
fafa
samuel23
0676135313
angel2011
lacrosse5
edhardy1
abacab
cassanova
abcdefg5
ashash1
assmaster
sugarlips
andres2
040578
istvan
04081978
bandit08
irfan123
SIMPLE
201200
rohan1
25031995
27101995
gracie5
forces
physical
Creative1
rebus13
270270
flash12
1drpepper
drew13
grandtheft
kandy
29051979
kikakika
48151623
theman69
iluvsum1
560002
557755
ascension
lilika
011986
chata1
lovers6
cool09
dalmatian
voldemar
390007
martin09
aaliyah4
10021979
ittybitty
171294
sav
cf:
chaching
liver
hannah25
aaryan
sharpei
eddie11
velocity1
28111982
annabella1
club
ÐºÑ€Ð°ÑÐ¾Ñ‚ÐºÐ°
romeo11
070594
3e4r5t6y
10061995
kikinou
30121981
ihateschool
07031980
igromania
090109
legalize
shannon22
ilovesteph
crapaud
twotwo
saulito
821126
dakota00
11131113
scooby4
williams3
synyster
wow101
shinoda1
300593
andrea77
sonia12
thanku
55555b
j3r3my
31081980
estupida
1cricket
197310
punyeta
lebronjames23
16011983
mikomiko
heloisa
dashawn
anaisabel
lokoporti
bmw530
sunshine55
lilac
270795
gracie!
841010
ï¿½ï¿½ï¿½
supersport
sex111
america18
bubu123
mossyoak
221276
strawberri
kahlua1
godblessu
onelove.
jesus05
chick12
yoruba
chris86
ward
westminster
4000
hester1
eggroll1
ktyfktyf
19931994
janis
phoebe123
shiver
241241
123468
22011980
myindia
dmitriev
14111994
050381
zxcvbnm3
gnaget
golf72
18081995
lfiflfif
omnislash
cartman2
liyana
4gotten
ÑÑ‡Ð°ÑÑ‚ÑŒÐµ
lanier
cacat123
seedorf
28081995
findjob
iro4ka
gothic13
2wWerty1
bigdicks
781007
badboy09
brasov
28091994
rfpzdrf
Hailey
cnhfcnm
19861016
pikolo
alexandra9
mistero
04101994
021294
nomoney
brooklyn13
P4ssword
scruffy2
sammy99
14061994
disney07
030877
0108
070770
sammy18
player07
060109
07081994
14041404
medrano
cheese33
33333a
starbaby
gabriel09
lame123
11051978
mechelle
aekara
347347
lisbon
Inuyasha1
aa1234567
michelle00
pogime
daddy33
youth
devious
balmoral
yuki
ciclismo
glitter2
Matilda
170778
kessler
07071997
mama24
stripped
kenney
sub
brandy10
flores13
051295
highwind
misty7
justin94
havefaith1
socc3r
061295
lubasha
14031996
missy21
saba
17061995
brooke21
jackass9
ineedlove
marinamarina
vinvin
fluffy10
171077
northeast
danette
020276
vball10
sushant
shadow45
herohero
carebear3
ally12
isabella07
emma2003
15021502
123.abc
millionair
scroll1
181208q
lionking2
1234hi
lumber1
cycle
1doggie
kevinm
unlucky
unlucky1
baumhaus
abcde5
baseball35
tati
meisha
alices
apple88
wanted123
thering
scott5
kaylynn
motorola12
fishie
heartbeat1
innovision
280295
unodostres
281276
paciencia
2inlove
gang
999990
ssj4goku
02011979
050480
sphere
forzaitalia
dingo123
kelsea
eminem4
250877
direction
09111984
hayleigh
coaster1
zacefron14
thecool1
macchia
danielle20
jaguar123
080793
miracle2
24091981
guevara1
italia2006
james2008
arsenal09
02041976
712712
raine
cagney
080287
bulldogs7
x1234567
Kinder
ï¿½ï¿½ï¿½ï¿½ï¿½ï¿½+ï¿½ï¿½
313
07021993
73737373
knopochka
acdc1234
26111979
5841314521
azulazul
west11
noneya1
takoyaki
liana1
welkom1
killer911
ipod13
666425
pino
Chance
051983
babybash1
greyson
adaada
rahul1
audio
sex247
blockbuster
sb123456
permanent
redarmy
djembe
metal12
jasmine69
spicey1
sasha1988
263263
kongkong
lexis1
smeghead1
kissme13
master16
12d8a377
dragonlady
anastasya
luckyduck
pass4word
321654a
ashton01
ganjubas
lovebug11
141995
southend1
purple93
20041976
razors
clayton2
loverlover
ewelinka
campioni
hannie
dnangel
25091979
lasvegas12
boston08
120574
slifer
redzone
butterfing
estrella7
wolf22
rfrfrf
789456m
nessa12
red789
gourmet
290478
mason07
sergant
1236951
eloelo
210595
fireandice
03101980
paris7
ionel23
benjie1
mellon1
malboro1
telaviv
jess69
nobiles
buster.
fiamma
12021997
happyman1
21121996
sonics1
freedom101
miami23
Bethany
sairam1
hermana
nick1
johndavid
110066
busted!
che123
dolphin23
summer44
150779
2fine4u
14051979
223456789
stonecold3
63impala
babigurl
cintasejat
DEXTER
what1234
jessica26
1rocker
260994
joker1234
zoosk.com
dome
brianna08
rosinha
vir
jackjill
010477
pennylane1
190394
shitbag
281989
hunter27
omega5
02011978
maggie101
shay11
babyboo7
sonnie
miguel5
dakota69
clyde123
gizmo10
nyknicks
11021997
macario
glock21
220395
jonas15
cubanita
01011963
????????????
saipan670
050979
mynigga
norman12
gangsta15
niners49
slammer1
sveto4ka
171093
tink69
310196
bubba8
15081978
element0
inchallah
quilmes
oficina
pimboli
peaches09
dakota8
fuck123456
ptktysq
isidore
mobius
gman123
mirabella
goosey
pimps
joshua97
52105210
dhtlbyf
noodle2
zhanghao
marika1
poopy6
k7777777
andersson
lovers101
270694
070493
matilde1
14091980
mizzou1
qazzaq123
401202
21031978
12031979
kayla05
scarface21
bingoo
123ewqasdcxz
goodsex
dragons7
loveandhate
cutey1
13101979
ass123456
dallas31
farrah1
Willie
081193
mystuff1
17011994
091080
marcus09
1931
steve3
joseph1234
sanosuke
diandra
30111994
toucan
walking1
gabriel05
stink
sabinka
apple45
diarra
mike1985
timtam
119955
kitten4
031177
puppy!
dolemite
reyna
crazyme
171276
040982
anduril
GABRIELA
131978
ricardo10
fashionist
mahalakshmi
july1992
rocky15
poohbaby1
nigga15
17101996
joey16
cock12
drywall1
31031980
damnit!
vannessa
muzik1
pressure1
banana21
010308
28081978
zola25
surfing123
1winston
yourself
zakopane
kimberly01
insider
aust1n
13031979
mathew12
william25
112011
qweiop
07091995
205gti
AVMPWD
199125
outsiders
hollis1
ktm450
ecgt
24011982
straw1
weyfvb
2kisses
suka123
marmara
589589
polonez
061277
jaishreeram
buddy05
blacksabbath
goodbye2
27031994
emmylou
yinyang1
777778
987654321r
1promise
danika1
angelitos
omg
160294
law123
080595
200111
a741852963
mustang24
softball03
18051981
nameless1
hitachi1
pisellone
cameron03
03071978
0803
bratty
sparkle123
arsch1
pensacola1
123monkey
230495
happy33
redick4
290881
030978
firewood
280694
lover12345
151200
BRITTANY
2224
stevenash
teamo11
pirate13
aruba1
ziggy12
121999
dollbaby
304304
QDxzC43gba
vanguard1
200394
linwood1
09021981
vilnius
291077
barrio13
01021977
hogehoge
yannick1
18071995
arsenal3
james44
14181418
gg123456
tagheuer
25272527
199229
crystal6
nikita1995
gwapo123
mymyspace
smile99
170379
muffin4
dauphins
pinklove
yahoo0
gfhfdjp
snoopy15
fivestar1
raiden1
081987
25041979
wilfredo1
tyler00
620620
tyson01
trumpet2
warhammer4
dixiedog1
danielle17
ilovemax1
nono12
racquel
purpose1
r00tbeer
bandit21
asphalt
warhol
2314
prince69
555555q
cliffy
zz
demetra
popcorn6
colton12
09031982
newmexico1
diamond.
amanda02
kiss1947
199810
suvarna
msnmsn
happyhour
rayne1
gitara1
killacam
krazy
15091979
200506
010281
07011984
samuel07
november09
romans116
jason77
bigdog5
barbapapa
carmen3
cap123
eagles15
3kids
josh1
parfait
megan23
cassidy123
05121993
26091980
gators11
199525
denise08
11081977
tetley
winter3
lucas1234
duane
carnegie
xavier05
220476
browndog1
214dallas
wordpass12
123apple
14111981
andrea25
radhakrishna
viper69
23041977
joeblack
federer1
nikka
smilee
spelling
redskins26
rad123
abc123#
beats1
071207
christo1
12081977
24111980
13145200
jazmyn1
online2
laika1
demo123
jesusmeama
hayden06
15031979
armando123
ioanna
carmen7
smith2
mariana2
19841029
Nightmare
bulldogs09
27091995
folletto
tinkerbell12
w1954a
120697
grad2007
keroro
5432
stephanie.
hopewell
lizardking
lynnette1
piggy3
hoodrich1
loveindia
06021981
thirdeye
tuntun
100years
benson123
11081979
potenza
papier
ryslan
pooper12
nene14
ilovehim22
flaka1
010196
120874
holdenv8
010478
needwork
jack666
love102
22002200
satanic666
lildude
m987654321
reunion1
paula12
swamphen
01011999
seriously
azul13
2qefx7T3sY
alina12
9900
mickey19
ramchandra
playgirl69
think456
09091995
vienna1
Ð½Ðµ
jawbreaker
crayons
197319
w9998999
3452
smiley101
nikita2010
bringiton1
kiara12
1vampire
dragonfly3
selfmade1
hawaii05
cookies23
280478
12348878
iloveme01
runescape3
190478
guess2
sexybaby2
m1m2m3m4m5
latin
chaos13
17071994
82airborne
memito
kiki00
tiffany18
311001
ducky2
babyboys
james30
gail
LOLITA
10071978
qianqian
verizon2
lily13
bandaid
ayodeji1
290379
031178
ilikepie!
drift1
pom
myspace31
margareth
medeiros
nbanba
machoman1
mahnoor
shadow98
20091996
divx
01092008
nikola123
amirkhan
cal123
cubbie1
maggie17
william88
141294
stefan12
851010
abdula
django1
beauty3
aurelie1
selena13
ltz400
1alabama
sexythang
1011111
morgan03
clover123
ohshit!
chemicals
poohbear18
garrett123
rockwell1
ringostar
vehvfycr
cradleoffilth
jane1234
0802
gameplay
star26
sexygirl01
needletail
wewe123
eric07
1234!@#$
kailyn
140207
miranda7
arnold123
rover123
fuzzball1
hildegard
winter04
23111978
pacman2
restore
815815
10041978
shakal
120907
justme!
maddog12
bigdog7
061982
vfhvtkflrf
novgorod
jesse.
romance!
mylife08
alejandra7
limabean
198529
queen01
incognito1
peyton01
ihateyou5
lovespell1
pharrell
battleship
leolion
freya1
rafita
keineahnung
beatles2
florzinha
budapest1
marilynmanson
joaovitor
04071981
generals1
08111982
ngocanh
244001
alex83
shooters
loirinha
zif1313
sweet88
29111992
bluetooth1
12061978
1atlanta
fulcrum
tigers69
lildaddy1
friends15
sieben7
231993
jason20
11061995
franchise1
r26nnxJx7N
single101
alana123
121303
28061981
tupac7
bambucha
current1
bobbyb
16011994
t1gg3r
2black
chance22
wave125
310180
jesus27
goofy13
ruth123
291989
110796
hola22
ashland1
SILVIA
rrr123
lizette1
360001
dreamon1
papaya1
brille
greenway
156324
malena1
farthead1
archuleta
bamaboy1
jhkjdf
jopajopa
11031978
doremifa
250876
INDIAN
090581
momof6
yahoo6
1april
childcare
marlee1
f00bar
jacqui1
billard
sin666
adr
deleon1
1903bjk
edge
ZXC123
clairebear
ursulet
lkjh
11071996
loquillo
africa123
sanchez13
hyperlite1
buddy77
27072007
20042006
sneha
301095
fierce
042108
epa650
oscar69
eumesma
55555t
sorciere
pizzapie1
chichi11
24071994
fkg7h4f3v6
170878
julieanne
spider4
zero000
crackerjack
skully
jyoti
ludhiana
gabriel23
hannah95
rtyfghvbn
nose
bighouse
vader123
packers123
blessedbe
shonda
obelisk
booger69
696969j
qwerty28
monica15
271278
holidaysecure123$
27021980
14021977
145353
simpleman
divina1
megan15
sicherheit
s0ftball
49494949
skittles14
vertex
failure
charmin1
shinedown1
04041978
slayer7
031984
postoffice
notyou
longfellow
310395
03071995
112005
mike666
05071980
jemoeder1
198588
gomets
mercury7
oreo10
casado
600087
Madonna
Jehovah
kandi1
197922
campos1
catherine3
lilmama01
bert123
scream123
siciliano
smokepot
25061978
killa22
090482
224
fuckem
081181
ABC123456
homestead1
winston3
weevil
314
tomlinson
030183
healthcare
julinha
18091994
allie12
emre123
philly2
gangsta22
pumper
hay
bearshare1
rakesh123
1veronica
dat123
parrish
123456al
pegleg
backpack1
cherry24
adriana13
1peewee
lachula1
awsome12
101111
steves
giants08
080382
ladyred
11091996
aero123
bigdaddy23
bang123
window123
eastcoast1
reggie11
310378
eiffel
friday11
10031979
padisco
03021980
tina15
123456jr
25121996
19841028
dauphine
hanhphuc
lolliepop
110505
m1cha3l
elmo01
130278
password777
jose09
along
zxcvbn7
19851123
bajsbajs
morgan17
150576
jamuna
310779
adam15
27021995
ilovecake
198316
ytyfdb;e
hybrid1
northside4
di
chevy57
0703
maddux
funnyman1
viper7
Dominique
lovely1234
logan22
gemini77
friend4
smiley5
sluts1
0503
dc123456
om
kitty18
backlash
indya123d
gayman
280895
cytujdbr
jimmy8
ashley77
zachary6
dgkallday1
robert03
10081979
11111b
08061995
chelsea06
forevermor
Password0
lala69
colombia10
roland7859
slava1
russell123
cassie21
blazeit
gwendolyn1
volcom5
Valera
5525
irock101
putanginamo
220378
levi12
nathen
lukeluke
199101
susanna1
420stoner
seahawk1
darkness0
jobelle
pizza9
hagakure
iloveme6
201014
iloveshawn
cena
brave
00000m
rabbit13
rocky09
titania
168168168
roland123
Spongebob
10111977
1danny
roosje
mama99
jessjess
united10
gbrfxe
soccer2010
666420
cocker1
hailey08
061194
romanroman
greeny1
tippmann98
magnifico
shimmy1
akusayangkamu
quake4
lilboy
zhimakaimen
linde
heffer
chicago10
rain12
december01
abby10
68charger
jeremi
021982
diana5
arkangel
cutegurl
741085209630
sadiemae1
19841022
bailey9
sk8terboi
146146
dirtbike7
ladygaga12
15031996
heather18
366366
angelboy
asterlam
dadsgirl
050380
baby79
imtheone
AUGUST
drumset1
betrayed1
b696969
yohana
04081980
ala123
lucozade
mymama
1montana
maximus123
tippy123
stupid69
p@55word
siddhu
moose13
jeremy09
05051996
cooling
lover88
backstreetboys
dun
miley11
carhartt
bluem00n
091278
lizards
fritzy
ryan03
kitties2
198814
emily04
crip66
16031978
197930
jaimataki
wsadwsad
159487263
best1234
bigsky
kool13
club2030
roxy15
ringring
jamming
fear
12435687
reaper69
caught1
excal007
yasmin12
natacion
ilovedave1
josh88
1397
borat1
thanh
srisairam
bakura
griffen
bk.irf
no1cares
2519
211002
wjsswj
lotte
scooty
chacha12
hookem1
102100
Vladislav
060794
010508
apple.
purple30
15201520
chucky13
0125
travis16
lovemedo
jarell1
church2
kashyap
600032
poisonivy
republica
300976
bushido7
dalmata
23081996
mitali
130876
march2009
notyours1
sean22
piss
p1mpin
231175
crime1
676869
271194
mmmnnn
nausicaa
biondo
20111978
inventor
yearbook
timmy7
21314151
dell22
lemon12
060183
21121978
linking
din123
17746052
210794
bubba07
20031978
17011981
elmoelmo
baylor1
kfc123
151195
amanda87
jeff01
zxcvbnmm
bball08
perempuan
iceice1
loli
16091981
120473
monster17
040809
08111990
sabrina10
paintball4
weedweed1
BLCKD_SA_UNPAIDFEE_OCT06
kittens3
ï¿½ï¿½ï¿½ï¿½ï¿½ï¿½ï¿½ï¿½
lucette
060893
27041980
lenora
170479
22051979
4r5t6y7u
smile14
justin87
5Ahc2V875z
Rocky123
bryony
juan16
ewqewq
lion1234
xavier7
larryboy
mercedes01
palangga
09031995
1mouse
melissa09
massacre1
baseball42
bronzewing
foxmulder
pesciolino
maddog123
sadiya
hebrew
nuttertool
amanda77
rottie
bugatti1
violet123
drumnbass1
art131313
050501
311094
30303
batman19
198220
asdasd2
brown5
030979
10051977
simcity4
27081980
deshaun1
touche
sabato
lilbear
06051980
izabel
february18
happy2007
bluebaby
iverson23
coco24
chipchip
black33
031294
raider13
pappy
carlos26
emilien
300379
0604
201195
volleybal1
bijou1
crystal14
booooo
fuck16
panda01
daman
kellogg
194
bogosse
titans12
trouble7
freakazoid
pimp44
super1234
shanghai1
astoria1
140595
cello1
morgan24
111111111q
pretty17
miamor2
byyjxrf
american12
171079
hellyea1
daniel55
tennyson
27031995
1sexyboy
felipe01
marcus08
20091979
delight1
27031980
Italia
adidas5
figvam
inline
smith89
shane01
latrell
14021976
101203
duffbeer
090691
james34
kazumi
Windows1
parabellum
198105
t55555
1spencer
515000
sexy777
theory
terminator2
25021980
midtown
050696
06011994
040383
primavera1
271078
laboratorio
joedirt
261195
400088
zdenek
gangsters
urmom12
alfaalfa
wapiti
06101982
mad1son
14011995
honey101
football03
february12
Maurice
evropa
tucker5
bigd123
blaziken
110798
silver17
savannah5
05061979
poodles1
mark1
31121979
jasm1ne
sunflower4
linda22
mama111
flower33
29041995
851212
kingman1
catriona
galactica
dang
fenway1
cab
gerome
lilnigga1
bennyboy1
02051975
abstract1
chicago21
280177
star92
kilgore
blumentopf
sweetthang
199418
nonudity!
nuo0725nuo
poppins
11061996
291079
mitchy
manman3
03120312
maddy2
020979
101174
yfcn.
spider99
getbent
AcTlG728
pedro2
armitage
15995123
pebbles01
getcrunk1
821028
putra
dewdrop
minnette
santeria
20051979
tower
kostia
cherif
sprite12
angpogiko
811025
love7777
depeche101
scott7
wass123
110708
power23
kassy1
240977
141993
hat
wahoo1
natalie07
maddog2
dtown214
martin!
bankai1
200376
virgo123
pachuca
redwarbike
400060
031093
7e9lNk3fc01
211095
18121979
160295
09091999
sylvania
deimos
24071995
moksha
nagendra
angel1997
armand1
121300
28101977
radiance
k3ZeDhmExs
badman123
cowboy23
sadgirl1
181095
adrian09
tyler95
wsxwsx
198214
pljhjdmt
monkeys4
irish13
20081977
aradhana
aaron16
sameena
nagamani
ricardo07
july1986
drilling
findlove
pho
air123
04051980
120909
30121978
shoot
qazwsxed1
111111aaa
napoli10
chris0
louise21
jack2010
11121997
10061006
700006
zach13
nikol
devin7
170578
230596
yx12345678
ishaan
evette
may1986
Robinson
superman26
sus
lakers4
macho123
151196
friends0
050805
xxx12345
priya1
missydog
suc
hottie0
billy1234
123green
sashadog
kiska
ibarra
hapiness
expresso
sexy456
06121980
28111981
181078
5element
cenation
TFzwF44idb
tommy21
aqwzsx123
bc1234
101060
0504
ohmnamah23
playplay
Alaska
maggie04
1593572468
cubby
jasmin01
husan0890
wethepeople
vardan
panocha
bigdad1
atkins
210177
canelita
16081995
pinki
zarazara
laila123
15101977
gabrielito
jabberwocky
trapstar
12421242
QWERT
bigsister
123123p
swagg123
blood9
babyjoker1
henry7
pearce
poseinfopass
learning1
jasmine04
happyness1
b00mb00m
daddy06
vania
alpha01
mercurial
82828282
100400
sereno
191194
solidus
singleton
sonny2
1carolina
jasonjason
jamesw
ska
c44n6vijfc
farheen
slayer01
duck11
haunted1
myspace56
ladysman1
javier23
pedro10
iluvu13
spanky11
teresa01
david04
joel11
03011982
198329
mateus123
bandit23
290394
rererere
nate11
04101980
ella12
applepie12
brayden08
bellezza
shakila
catdog22
trujillo1
27091980
visa
1mariah
1hockey
impalass
Jerome
ArlingtonP
novartis
mohan123
03111981
jeshua
080508
251275
loudog
pokemon69
5qwerty67890
291985
qazxcvb
801010
3boys1girl
Administrator
shaylee
paige13
blue87
821021
210976
swimming!
azerty11
castel
ilovedogs2
chopper69
shelby8
cheat1
tension
hotrod123
pacsun1
godchild
peaches08
1qazxsw23e
madelaine
kala
rayden
minotaur
scouser
indie1
010296
140377
beachbabe
jackass.
dragon42
251980
piscina
ziomek1
lisette1
peregrine
mortimer1
001991
inuyasha5
yahoo4
dont
eleven1
sanpedro1
22011994
caleb01
050877
Katrin
25011981
110797
hostel
lamont2
zitrone
blood11
brooklyn6
jacks0n
eclipse99
blue90
kangaroos
150777
0501
bigdog22
pra
merry1
boobs!
libran
rebecca5
darla
jack2005
unbreakable
250279
goldy
Spanky
anuoluwapo
getmein
261095
fuckyou06
alicia7
markova
richgirl
24422442
chris100
Amelia
Brutus
pele
osipova
lexicon
23061979
tommy1234
stason
170577
waqas123
010979
051990
071178
030879
beaumont1
19851987
icebox1
mhine1
adam18
skeet
olivia6
greenday123
rockrock1
290678
phoenix9
debtfree
hitman23
romanson
db
pharaoh
ELEPHANT
magic22
jesusloveme
george6
26041978
290194
booger01
171177
030679
argentina2
110676
danil123
Password5
jackie15
uzumakinaruto
021178
20041977
launch
yellow20
que-veux-tu
4u2nvme
playa23
jarda
50505
anna2011
batista619
thi
engenharia
dukenukem
amojesus
judaspriest
music4u
bballer
steven19
fresh09
troy14
moon22
louie2
hooker69
fortuna95
801212
007008009
krystal2
101107
081294
sexyman2
23101994
050608
160179
dong
rams28
1manarmy
030496
tanner22
zhang
money26
carman1
Hardcore
EquityDev
lolo13
260879
14themoney
1inuyasha
theone11
oldlady
BIANCA
estella1
andover
black12345
2589
rachel17
bulldogs08
250778
brazil123
bigballer
22061996
boucher
ryan2007
yankee7
16121995
mrmagoo
florida13
anchor1
10101972
overcome
96mustang
196363
sims2
bubble11
220696
taylor92
200876
friday01
quercus
19851126
movingon1
hullcity1
speeds
123qwe1
kaitlyn12
minimax
16061977
zuzia1
190195
rabbit7
foothill
741456963
f246865h
09051979
kamelia
beechwood
halloduda
pathan
blasco
sangria
snitch1
lost12
bigdaddy10
francheska
godman
crappie
231992
nicole32
0107
201076
january08
198829
marypoppins
barcelon
17101978
blessed07
chaz
ovation1
0901
rangga
booga1
newlife201
120671
18101979
abbydog1
boy123456
lynn69
pocket12
13071980
neuken
tinker23
190794
05041981
stars!
t-money
sniper01
paul21
010779
lindy1
chase10
JEFFREY
cuteboy1
blue222
100999
leopards
paints
ghjrehjh
171095
070282
ss12345
viernes13
moimoi1
mambo5
050895
changepass
checkitout
notmine
23071994
hello34
deviljin
goodfella1
baronn
gocards1
bailey16
28081994
19072007
13011301
050282
bella04
15051978
coconut2
malcolmx
allen23
300193
smo
zyltrc
02120212
killer321
demain
melanie13
keebler1
25121975
asshole14
100808
070981
bethany2
iloveluke1
inlove4
amouna
tequiero12
070581
NASCAR
dolphins7
963852741a
girl22
legolas2
jeep123
haseena
c654321
221096
murphy3
travis5
02101977
rats
e-mail
yamaha46
blowfish1
1721k1721
aphrodite1
ameera
jerry13
140202
justme3
123690
monkeys101
080994
Enterprise
teddybear8
kenny01
balloons1
geroin
busted2
maria88
blackmore
browne
ridebmx
hisgrace
country12
dogma
FLORIDA
lukino
anhhung
noobnoob
fairfield1
130996
adam08
021077
bambam69
1isabella
lauram
fuck17
130294
kizzie
291295
minato
katia1
821023
20111979
davidka
19861121
cotton12
dziubek
titimi
27091981
27061981
120607
teen
miamibeach
marina2010
Happiness
chevy09
katty
sweety13
scooby14
space11
ferrarif40
basketbal2
090976
ilovealex!
250294
281195
WILLIAMS
lightimes
781022
210197
roger2
start12
wallflower
happy00
23011996
LOVERBOY
suffer
ghjrehfnehf
alex34
structure
scotia
141010
MURPHY
android1
120898
310193
qazwsx7
20121977
tigers6
16081978
francis3
302012
triplet3
hottie34
789456123z
000999888
amrutha
anthony89
jessee
punkista
corinna1
farhan123
mascot
pokemon00
lust
advanced1
vlasta
tootles
jane22
michael31
25071994
radharani
04041977
amaretto
03101978
salut123
valkiria
nightcrawler
word12
erin11
maxamillion
herbalife1
qaz4532
anatole
henrys
10091979
superman87
achiever
101172
11011979
carter5
kippen
fritzi
lover34
fuckyou32
emma21
puggy1
marley3
cardenas1
persimmon
lizzy2
141075
rachel.
161993
dumbdumb
twinkletoes
reallife
janedoe
rootbeer12
pendragon1
nicholas14
scimitar
001905
533533
50cent123
cammy1
plumeria
schach
panther4
lebron6
harley66
trotter1
dick101
bakker
11223366
fyz
pieman1
november06
okcomputer
sebastian9
blockhead
trythis
1234567890r
elaine2
01100110
020495
pennydog
qwe123zxc
636234
local1
lanalana
artem1996
mason08
11091995
shumaila
purple02
dallas!
osama
fdcnhfkbz
1QAZ2wsx
coco09
coolhand
narutokun
jobros1
asas123
19871120
jessica92
hello20
hotbox
080483
1emily
bass1234
flyhigh1
191079
anjani
experiment
leg
misia1
mark17
lasher
killme666
shagufta
892892
jazzy09
1255
amande
peanuts2
football49
sa12345
020607
landser
universita
raven01
2908
claret
carter23
linkedinlinkedin
14021997
giangi
200575
star94
100796
goddey
bb12345
isaiah05
251274
transform1
08021994
02101976
781024
dossantos
dupablada
gabriel15
down
13111978
pimaout
Ñ‚ÐµÐ»ÐµÑ„Ð¾Ð½
aaa111aaa
monkey777
060897
30111981
19861023
20041978
greentree1
29111980
marialuiza
14061979
justin31
198218
26011995
jupiter5
poczta
spider8
199322
maman123
nov1988
181278
05011980
miguel17
22882288
pink04
rickross1
08011982
monkeys13
cat666
gallo
1cooldude
daniel101
itachi123
jakubko
1688
inuyasha10
not4me
sandy22
aaron!
anhyeu
boston07
jarjar1
JESUSCHRIST
080783
310895
gwapo1
190679
rose101
coolkids
070481
200178
302016
maverick12
sg
rainbow24
angel79
jason99
151993
271277
pogi123
bach
jasons1
dickinson
mommy69
06021982
maitre
figueroa1
libertas
220594
ballball
nautical
502502
30051993
gizmo5
lovergurl
buster16
jamrock1
modeling
PEACHES
luchino
boricua123
haha23
riccardo1
blue78
051079
jamesa
600014
beanbean
modified
keane16
scorpio21
jesus2000
angelyn
palmier
diplomats1
redrider
theblock
passwort!
sarinha
medic
mydog
redneck!
090283
tab
brennen1
ichich
billions
15021978
babygirl78
zanzibar1
diana14
sorella
pooh06
202030
190707
lightyear
sanchez12
280577
begonia
bloodrayne
playhard
pointer1
george15
noknok
sexxx
cyrielle
121518
30111980
Carrie
211193
disney10
199225
17051981
maddy12
darragh
meninblack
271990
261982
Kelly
killer87
291983
twoboys2
13041978
theflash
alejandro8
95959595
buttcrack1
shawn23
sambuka
Pikachu
blume1
wilson3
mathews1
hoilamgi
multipass
04011981
lolo90
nodrog
1kisses
musico
smokey09
jason88
01121995
penang
matr1x
johnston1
correia
161094
muckel
lurdes
191177
03101994
theman23
4eternity
porkypig
hi123
ali110
jenny08
jasmine03
1278
xxxpass
poochy
mommy30
n1n2n3
180676
11011995
sn1ckers
armada1
newport123
28071995
wwweee
pratiksha
6699
harry1234
191294
joshua96
sofly1
336336
peaches9
luzifer
211194
dotty1
sixflags1
sebastia
2q2q2q
desiree2
0403
bebita1
117
shelby67
cuoricino
duality
kyokushin
austin20
marco2
ronin1
niggaplz1
201985
flower09
anna99
201009
101204
220178
surenox3
fuckth1s
040282
09091978
aur
170994
ilovegreen
outlaw2
230976
loveangel1
tommy4
daddygurl1
12021978
asd1234567
111276
lavigne1
dancingqueen
cassie16
1lovemusic
nappy1
eltigre
mrkitty
baller4lif
esther12
mc9Ad9w2ux
CANCER
23051978
mark07
blazed1
ballin01
04071995
monique11
ï¿½
swag123
june1983
258963147
mohana
portfolio
ghjcnjz
160878
newport12
hardcore13
miniman1
Chris1
bigben07
lfc4life
thebigboss
831010
alenushka
SAMSON
pocoloco
beck
kopretina
heart13
juster
ivana1
machina
20061979
olawunmi
17081980
jabalpur
040284
040281
golden7
ladiesman2
ilovemywif
140178
nick12345
gohawks
220576
07061994
05011981
15031978
CLAIRE
1boston
music18
alukard
anushree
bluewater1
nurse2
helloma
jessie16
staticx
200177
1bigman
jojo08
gldfzPY
peckerwood
22051978
rewq1234
1fluffy
zz1234
dizzy123
asusasus
moron
0721
matthew98
melkor
111077
wZQ8Xcfxqm
shukla
itsover
dick23
saumya
susann
ryangiggs
tebogo
0209
dolphin21
javier11
241176
39393939
230101
sexy420
pothead69
rusty5
babyblue13
buffys
magodeoz1
180777
040384
ikbengek
kasandra1
020878
cool100
zandra
mercedes7
matlock
poopy11
pooop
murphy10
steven06
renee16
harmonica
dustydog1
20111996
jake2008
Kristen
Sammie
080784
micha1
woshishen
kodak
200278
vans13
160895
colorado2
nicole31
rangers1873
nich0las
XBOX360
claudia7
alastair
777555333
wildcat2
googles
sassari
lucius
bufalo
angel67
florida4
19861216
angel81
040895
warren123
crazychick
11021996
internet.
fate
mario69
ï¿½+ï¿½ï¿½ï¿½ï¿½ï¿½+ï¿½ï¿½ï¿½ï¿½ï¿½+ï¿½ï¿½ï¿½ï¿½ï¿½+ï¿½ï¿½ï¿½ï¿½ï¿½+ï¿½ï¿½ï¿½ï¿½ï¿½+ï¿½ï¿½ï¿½ï¿½ï¿½+ï¿½ï¿½ï¿½ï¿½ï¿½+ï¿½ï¿½ï¿½ï¿½ï¿½+ï¿½ï¿½ï¿½ï¿½ï¿½+ï¿½ï¿½ï¿½ï¿½ï¿½+ï¿½ï¿½ï¿½ï¿½ï¿½+ï¿½ï¿½ï¿½ï¿½ï¿½+ï¿½ï¿½ï¿½ï¿½ï¿½+ï¿½ï¿½ï¿½ï¿½ï¿½+ï¿½ï¿½ï¿½ï¿½
praktikum
28111993
jessie15
joseph04
ptybnxtvgbjy
211276
12011996
laflaca
screwu
david29
koolsavas
imogen1
analsex69
lilboosie
aaron69
driftwood
sami12
hearts7
single4
asad
hotwings
erwin1
warped
jack55
prince1999
federation
bulacan
Muhammad
198514
19942009
aquario
09051995
06071981
00123456789
angers
sarah06
xh248zHHTM
matt00
batman45
20121979
29091979
sunset2
euronics
171194
120506
170494
sydnee
17121977
lilflip1
ruchika
sparky99
eragon123
cameron21
babyko1
!q
riley5
guarana
170694
dragon96
aaaddd
bulldog9
passrett222
getsilly1
29121980
courtney6
201275
forever0
scholes18
informatika
197822
youngbuck
199120
panthers7
fukoff
promote1
redbull12
230675
tapper
ganondorf
nutsack1
coco16
19401940
Wolverine
grove1
steven24
blbjnrf
joshua95
02031976
12101996
olivia02
pepsis
211983
panthera
kennedy123
turtle6
minnow
romanenko
pfqwtdf
111108
aga
sabita
petewentz
Arizona
Whatever1
14031995
1cooper
aiden06
ivan1994
031094
lovelife3
clover12
snoopy24
dominos1
2229
wwwooo1234
martell
01071978
4vdaxP542G
freshmen
22021981
coolchick1
27011994
olimpo
toocute1
bennington
santa12
autumn13
68chevy
deus
050382
amanda27
jimmypage
jettavr6
1eastside
midnight6
Qwert12345
cooper23
116
sandy1234
06041995
1beast
km1234
23021977
badass21
konnichiwa
1jesus1
kuning
allegro1
bmw328i
toro
20061996
1blondie
261991
kisses01
honda300
junito
nickjonas!
pimpc1
cody69
jonas14
cpPzfRC933
ï¿½ï¿½ï¿½+ï¿½ï¿½ï¿½ï¿½ï¿½
250795
291294
toyota11
fifa2002
drumstick
mariah7
julie13
connor03
25051976
giggles123
shorts
101208
omnamahshivay
mila123
kitkat13
dance23
rambo12
terenaam
barrow
240876
cali14
snipes
060281
hamradio
020676
halo10
23091979
240994
sexmeup
110776
flaming
liline
letmein0
vangelis
100975
mrs.brown
vjzgjxnf
chava1
southsid3
030377
dustin!
njdevils
1miller
coco08
dimabilan
123456go
accenture
171195
111997
080583
30111995
050182
27011995
191278
250196
travel2
miller23
lorna1
verbal
pinnacle1
barbora
241075
james92
linkedinpw
noodle123
Business
mystikal
skyler2
kucingku
june1981
100497
wezzy1
george27
cooldog1
tiger2000
zozozo
victory2
yonkers1
sanson
220894
king00
natty
kofola
akril2442
gfccdjhl
intimate
alwaysandf
ecureuil
and125
nnanna
55555z
judge1
partha
devera
rikki1
111966
01111992
prasanth
skyking
x123456x
03011980
bcrich
4422
123iloveu
evenflow
24091980
anna07
jianjian
batteries
080993
28021978
Qwertyu1
teagan1
161980
gg
02071994
carolina.
16011982
nichelle1
171078
melissa07
112004
210999
jun123
ololade
kaleb123
vlad1994
120897
110043
omarion21
001967
anna1983
hansen1
a7CkuntLDy
denis1997
berserk1
arizona123
regal1
134
china13
angel1991
411019
123789852
mike02
181992
MARCUS
28031979
emma2009
lazyboy1
201202
dx1234
billygoat1
parekoy
Giovanni
ESTRELLA
crickett
all123
sargento
peace1234
canguro
mr1234
jayne
mimi08
rockon11
20081979
chijioke123
miracle7
wy1000000
supercar
blind123
sparhawk
torben
casting
ancient1
ruicosta
pumba1
mapleleaf
mybaby09
susmita
lilj123
britain
25031996
121071
molly09
ilovejosh2
21101995
serfeliz
claire2
johnnycash
PORTUGAL
james45
gerard12
020977
marajade
blocked
268268
ï¿½+ï¿½ï¿½ï¿½ï¿½+ï¿½ï¿½ï¿½ï¿½ï¿½ï¿½
nfyznfyz
271077
13579135
vojta
dfcz
02011975
pdbDfby2xx
180379
isaiah7
phuket
800008
anna08
buttonquail
20101997
marietta1
000webhost.com
lawnmower1
july1982
stooges
151176
preety1
charli3
111295
qwerty82
furby1
333777333
argentine
bigbad
emmagrace1
160494
maxwell5
101006
220475
l0veyou
rocksteady
lop123
florida8
19861123
suzette1
dima1999
ÐºÐ¾Ñ‚ÐµÐ½Ð¾Ðº
110297
311093
casper4
021409
sactown916
peter22
budala
rollie1
19871988
060494
28031995
31101993
timbaland
candy25
lisa10
babe15
oscar4
bai
max2005
paintball5
13101978
audrey123
katherine3
01011997
repytxbr
nishizhu
110299
10051996
bobrik
july1997
packman
falcon69
10091995
billy4
28121978
monkey30
tmac01
291094
gem
tigers9
123123g
cvbn
123456www
101206
121097
gavroche
martha2
olivera
imkool1
q1234q
821025
199128
bastille
makemyday
denpasar
12356790
03101982
goduke
25051978
masaka
blue96
peluso
rebecca10
euzinha
ANDREI
197801
laura16
sparrows
Abc123456!
5588
pendeja1
gfh
20022004
190280
cuatro
03071979
bhabyq
muttley1
ricardito
latitude1
sayang90
schoolbus1
01041995
oakridge
07031995
gay4life
zero666
alanya
justintime
foosball
musica.
okay12
forzatoro
cooler123
18121978
jenny1234
hazzard
raiders99
section1
matthew0
honeydip1
chiquito1
300479
board1
prince4
learn
deadmeat
061179
eueueu
23081979
ancona
06091981
dragonman
TGzvF55idb
19841027
austin94
marissa3
sakamoto
speeder
malvern
pierluigi
vallejo707
payment
2708
hiroko
lunanueva
sdfg
070593
momsgirl1
gfhjkm2
fuckface2
olayinka1
asas1212
RAIDERS
pimpman1
xfhkbr
blossoms
catty
done
wobble
aurevoir
fuckmyass
ptcruiser
19850101
gracie22
karnataka
panda101
05031994
chowchow1
cvbnm
crying
anatoli
133001
victory123
24091994
girly123
yfcmrf
music2010
antonio18
melon123
karate2
alex1977
05011994
mokona
coaching
tomwelling
reddy123
dishant
mikey69
apolon
140479
momndad
17051995
powerman1
Alabama
firedog1
jeremy06
sonu1234
290378
270995
121108
tekken1
jazzmin
secret77
natureza
030577
London123
executor
bulldog23
nokia1600
22031978
04041996
081194
ar1234
ca123456
zxzxzx1
kurczak
putas
smiling1
061988
2514
angel1987
asdf00
bella2007
rotterdam1
miguelange
jimmy9
trouble13
gators2
hugoboss1
samone1
mybusiness
17151715
121198
23051979
freedoms
ilham
puma12
satchel
april2006
burgess1
yellow00
veronica7
080293
livelife2
spartak1922
lilly13
petruska
steven9
caca13
assman69
365214
@@@@@@@@@@
chr1st1an
donald01
ap1234
1239875
1234567889
cookies8
cece12
juanpablo1
Asdfghjkl1
gabriel6
tiger34
redshoes
rodnik
deloitte
bandit6
bahadur
macias
holly5
walker01
ï¿½ï¿½ï¿½ï¿½ï¿½+ï¿½ï¿½ï¿½ï¿½ï¿½ï¿½
140995
victoria.
4649
14081979
skank123
qwerewq
stasia
soloman1
angels02
baranov
780504
luver1
zzzzzzz1
alicia10
vasilina
number99
bananas7
mariahcarey
graduate08
clear1
samir21
neronero
stocking
boylover
vikas123
franklyn
951951951
kazuma
nephilim
clements
peaceman
thatha
friskie
den1ska
lynn15
030578
lesego
kisulya
dakota15
26091993
peanut33
aaron6
123456zxcv
sereda
jayden7
weight
goldflake
black0
220976
angela!
wigger1
bluegill
14031978
12121973
a134679
1bobby
london44
diablo6
kenny23
boggle
puffdaddy
sharkboy
robertina
imaloser
nini12
scamp
cleaning1
180279
58565254
ranma
hottest1
jhane
ivan1989
25222522
colchester
barborka
jamie10
12122008
jewelry1
tammy12
727727
090782
tyshawn1
nessie1
130575
25101995
pollen
25011980
jay-jay
``````
20041979
shianne1
nate23
madden12
cocodog
chimchim
forreal1
phillies08
gfdkeif
jackson.
bigdaddy13
kaskad
123654789q
CRISTIAN
110475
loco69
andre11
papapa1
ashley97
161295
bonsai1
nana06
lj:
pretty07
cheer8
master89
enomis
010608
2mylove
lindsey3
al1716
alicia22
stomper
mummy2
0213
savana1
250994
pakistan47
totoybato
george8
toyota99
29081994
12345654
8686
rom828
clover4
allyssa1
24685
hottie25
scout2
loveit2
charlie03
nokiax2
stank1
singsong
tiger321
julius123
miriana
30011982
inlove07
RED123
minotauro
19101979
luis123456
robert93
eatshit69
pirata1
shaddy
290694
01051976
19001570
allthat
0106
dima1986
anything2
Ryan
oioioi1
1469
Ð¹Ñ†ÑƒÐºÐµÐ½Ð³
Horses
131195
100375
Ð½ÐµÐ½Ð°Ð²Ð¸Ð¶Ñƒ
poiu1234
1235678
27091994
memorial1
ads123
honda03
pavel123
15091978
140394
mala
jack16
270278
silentium
121199
710710
fuckyou111
adrian06
davidr
flower77
badass11
felino
221978
primary
211075
3310
060994
bulldog4
210296
qwe123!
678900
dollie1
197619
0921
newyear08
molly99
dios777
musicrocks
timoshka
askim123
dunamis
15051975
guillaume1
general2
payton12
diva21
25101979
rawalpindi
ihateyou4
300694
458458
mikey6
03061979
king19
dartagnan
240277
jessica03
sebastian5
dodge2
forlife1
199419
flower18
2662
benjamin!
ariana123
beemer1
12051996
791127
jamesr
behappy2
Winter2011
150476
south12
24051996
vika1996
2244668800
2people
jolly123
051982
barmaley
basketcase
060282
myspace86
comp
hottie19
pusssy
madison200
holly13
198007
cocacola7
skyline12
1q2w3
guyver1
doorbell

040794
cayman1
ernestine
gerber1
150495
bunny14
211991
jelena1
tink16
imsohood1
560103
030396
softball32
dudu123
redneck21
03061995
180478
poopoo0
balla123
golfer69
yeller
bailey98
karim1
logan6
200596
21062106
mnbv
02081976
21021996
lidia1
amour100
sasha007
deliver
danecook1
call
kitty55
snoopy07
roxas1
00990099
red234
georgy
rfybreks
Smiley
whitefang
may1985
sniffy
yilmaz
19851011
diamond24
charles21
09121993
xfk3bxEZQJ
mickey1234
newyourk
honda89
011980
loser12345
18021978
JOHNSON
ares
chris85
phoenix01
sarasota1
181994
lulu01
2906
malachi2
gold11
floripa
casetta
winnie11
oguzhan
mama1970
04061994
number34
beograd1
fuller1
michele2
creatine
p000000
nimisha
weymouth
polo00
granger1
27091979
03031996
qweewq1
201983
all4god
sooty123
120772
eagles9
amor16
hotbaby1
jack007
040894
lilly3
abbygirl1
superstars
oliver09
samboy
joinme
qazxdr
041177
15041995
lev
donna12
cagnolino
polita
1police
frank69
22081996
040877
redder
bball6
gangster4
8123
1967gto
19861218
240178
12081978
011094
bigworm1
1hotrod
ted123
2hot4tv
blood69
falcao
mustang92
jordan29
37217086
070393
beto13
ball22
thumper12
3377
soccer35
08081996
07081978
foofighter
jeff69
yummy69
wilderness
1indian
cfkfdfn
iceage1
100775
rhbcnz
henry11
pineapple!
080896
michael55
2333
barca123
hotpants1
pequena
lasvegas2
bro123
brody123
rooter
bradipo
silversurfer
kiki99
loveyou15
lilman23
miamore
meandme
1819
celery
rofl
sizzle1
280195
diciembre2
1inlove
1138
crafter
killer91
rayados
hawaii!
cestlavie
alyssa16
maddie5
jacque1
surrender1
hugo1234
james2010
280379
06031981
brutus123
bella88
austin88
1357911q
rfkbybyf
fcbayern1
longhorns3
cherrys1
03091980
romel
070494
haselko
serpent1
mama1960
myspace*
11111975
789789a
confused2
babs
wonderful2
Charmed
icecream9
stadium
redstorm
51535759
180179
29061980
03111980
j666666
vazquez1
zahira
dear
140896
compaq13
sys64738
baby86
robert02
venkata
24041979
saraba
pickle7
120873
ladybug9
ellehcim
197555
malta
28071980
richard07
delta4
mattman1
andruha
lilolilo
bonefish
23071996
babygirl44
balthazar
blood101
marvin11
franks1
callas
080493
claudia13
george24
imahoe1
3ub9xM53xI
super14
27081981
megryan
ataris
sir
haha101
iloveu18
02031974
erika13
dhananjay
internet11
grande1
peace9
15121977
confirmed
singlelife
smetana
250496
a246810
1718
septembe
joejoejoe
jujujuju
mamaypapa
091979
cedar1
bandit4
dollhouse
197830
ilovemom!
pepper16
jonasbros1
jacklyn
yamaha69
senhasenha
22031979
perroloco
skyline7
lilwayne4
pokemon98
vincenzo1
17021977
101273
sophie23
27011981
golfman
197212
1424
maurice3
precious5
15021996
hellboy666
acevedo
frufru
dickhead69
steven20
Mario
GHBDTN
199129
asesino
26091981
fynjyjdf
eric09
mama1964
zhangyu
06021994
daddy#1
iloved1
steelers#1
111075
kisumu
291278
triada
iamtheone1
thesun
17011980
inuyasha15
199911
ploppy
412
cneltynrf
dakota98
cancer2
27111978
neger123
x1x1x1
mostaganem
040609
757757
jake00
iloveblue
141176
01234561
chubby123
splender
jayboy
maveric
adg123
Redskins
luxeon
3horses
050777
10101968
1lovechris
christina!
WIBsH56kec
letras
asdfvcxz
jesse15
dayang
wildcats11
petroleum
lilmamma1
solaris1
11101995
tony25
071984
010207
lawton
robert28
scorpio123
abdellah
MAXWELL
letmein9
15935728
adebayo1
super15
tragedy
askimbenim
anneso
1771
14121977
sarah99
rand0m
bumhole1
jkjk
surbhi
shoes2
070980
chinedu1
juggal0
elijah04
110875
greggy
nissan300
Holiday
ibadan
holiday123
qwerty1993
pinkness
carter22
diddlina
24011980
loserface
matrix10
821015
aldana
masloboinikova1987
1november
jellybean7
hahaha5
guitar15
tina69
remilekun
sammyjo
741230
31011979
princess81
Godzilla
050694
ilove1234
100398
19871024
bashful
gregory3
twins3
cats22
serenity3
zxc098
120300
spike1234
epsilon1
iloveu88
00000000000000000000
tailor
18031996
1asdfghj
woodbine
aaa888
gonzalez12
36912
100396
220195
33443344
aaprintbb
santaclara
maggy1
customs
patapouf
dread1
samual
22111978
predator2
dcltabih01
060894
cricket7
4rfvbgt5
jaja12
tooth1
MAMAPAPA
888111
cupoftea
250295
anthony00
319319
0602
humans
mara123
jess10
sanchez2
nenene
310877
1turkey
coach123
010696
wolves2
bellatrix
092
classof99
mooses1
030478
poepen
chimera1
kleine
51286700
160779
123123123123123
25051977
mylove15
badboy15
westside11
liverpool05
1Q2w3e
goodwin1
billy23
tropicana1
lovecats
rosewood1
suave1
tyrone79
24061978
sarafina
nicholas.
alitalia
431001
cookie06
ueptkm
020409
anais1
aslan123
camp
stairway
rowley
scoobyd00
071293
19851030
161982
05081994
tvinktvink
kyle16
diva08
06011993
heybabe
ziomek123
monument
portugal17
191980
17121996
queeny1
050878
culinary1
alison12
bassie
jumpman1
manola
020206
21101979
pierre123
bailey77
sensesfail
faith77
rio123
kartal1903
kimora
wood123
140396
falcons07
03051979
781003
sixkids
panino
worms
121102
fallen3
kevins1
referee1
barry20
pw1234
ginger101
rko123
password47
runner2
audis3
shanae
codyboy
priyaa
trek
210295
nicklas
master12345
passion3
babi1234
password_1
bailey17
whittier
19051978
150877
barrel
blood22
240377
asd123321
shadow04
south3
france2
kissable
athlete
navyseals
snuggles2
24101978
noviembre2
peugeot406
deadeye
080580
bmwe30
light12
bitchbitch
submit123
cdtnkzxjr
chelsea88
RONALD
killroy
bronze1
18111980
jesse69
sqdwfe
050492
tha
90107142a
danielle07
drugs
john05
zagadka
zxc123123
seniors06
svoloch
norwegen
twin12
gallo1
billy10
shemale1
010408
loser16
080807
show
dementor
kobena
ballard1
jea
qqqaaazzz
kollol
231981
pa44word
surgery1
dixon
college09
heaven22
kirstie1
02051995
bigpun1
1cassie
qwest123
Sammy
counter123
benbenben
140575
maryj420
frances2
25352535
manner
020608
02041974
blazed
101270
blubb
lbyjpfdh
061989
coolbaby
denise14
Jacob
200894
midnight22
060283
121197
5678dance
260294
180477
bas3ball
lolnoob
shorty20
06121981
231978
gazprom
nupe1911
violet12
bigworm
051094
vivian123
pussy6969
will22
final123
bear07
bloodgang
1rooster
999999999999
110376
19061979
julia7
hottie94
panther10
151094
Money
sassy14
solutions1
600005
abcdef5
5starbitch
chois777
mike123456
preppy
deuce22
puccini
02051976
19021995
jeffrey3
sylwia1
12091978
199025
kukuruku
livinglife
morenita1
14081995
oneshot
271991
rocker101
10011978
120305
skate9
californication
plant1
iloveu0
cody21
tribe1
Freddie
samuel5
07041981
spagna
wedding09
19081978
dima1989
mittal
player17
3128
26111980
felony1
badcat
leon13
chipper2
shelby07
godisgood!
michael86
goodboy123
cat123456
victoria08
18011995
Vqz6QyO294
duhduh
171277
Britney
august123
domain123
ak1234
whatsup123
5522
vfuflfy
rockstar.
jon101
dragon30
american2
abcdefgh12
040193
camila01
waldorf
milani
cassie23
spit
mementomori
280678
solitario1
soup
qwerty112233
hadiza
thissucks2
213546879
abarth
080482
071179
15091995
bondar
tobeornottobe
9090909090
r654321
dayday2
elijah03
michelle03
qweasd11
22091996
zak
laney1
011295
deidre
chris90
rollingstones
crochet
asdfzxc
27071977
crap12
rekbrjdf
25021977
05091978
jacquie
29081993
musicbox
bigdogs
261076
eyeliner1
watitdo1
09101981
polo13
lady21
asians
qqqqqqqqqqqq
050181
bubba101
blueline
password43
cocacola!
24111994
lagbaja
treytrey
werwer1
billy!
k.,k.
architetto
090595
pershing
drunk
gshock
31051979
djibril
Brandi
kalifornia
coffee22
ain123
10041977
jongjong
tears
friendofYOUCANMAKE$200-
kevin99
whitley1
paige11
198929
Marines1
sexymama10
paloalto
gustavo12
honda00
olivia21
bills
brentwood1
piccione
sk8mafia
eltonjohn
071983
rowan
christiano
050900
malyshka
dakota6
alfa123
jazz01
diplomat1
sunshine05
150396
jazmine2
olivia8
14371437
lovebites
123132
020709
february16
bigballs2
qqq123456
paulwall1
ash101
marykate1
codigo
yellow08
10121975
jeancarlos
matt06
qwerfv
1q21q2
jade23
bulldog6
pivoine
grzesiek
estudio
666667
kagandahan
060382
tbs13
09111992
bachata
kk12345
pfhbyf
25412541
loverz1
kayaking
010479
panthers!
121210
zachary8
rothmans
spicy
honor
21081979
muskie
vikingo
22041978
19881212
Bobby
pelusita
14031403
sandals
14071407
26051994
doggy11
ithaca
04101993
30041978
271982
catsmeow
oyindamola
121262
castellano
ipodtouch1
12345zzz
twingirls
newlove12
lp123456
loco11
closer1
gemini06
miami12
boulet
031995
surfing2
190693
shivan
cgtwyfp
2528
mpc2000
zinzin
kiley1
allochka
c123123
morgan98
555566
308308
dookie2
joycee
overcomer
199023
paige01
megan4
010307
sexygirl23
harley55
peyton12
jdq4j8Lu3A
iloveanna
06051982
141070
7891011
vickey
jordin
iheartu2
dragonage
Champion
rowena1
live12
monkeyman2
201194
2515
25021995
Susanne
thecrew1
metropol
cosmo2
chloe09
180577
shines
160178
120499
rocket01
caiden1
gandaako
sebastian8
chrissy123
filip123
22021997
240378
171994
c111111
bobby14
elloco1
dfktynbyrf
25081979
lovesloves
childofgod
180476
luis69
nfhfcjdf
hoopla
cameron23
11011978
teddybear6
29081980
49ersrule
bitch02
110275
2q3w4e5r
moonriver
0523213511
220676
payne1
1288
sexygirl9
gucci2
2518
readme
ser123456
reymond
shantell1
310578
postal2
jessica93
15061978
untouchable
caden
zx12cv34
galileo1
along1
maulwurf
andrea1234
that
edward8
456abc
110675
funkytown1
jayden21
09021995
771177
21061978
vaches
080982
alegria1
noname123
sdsdsdsd
chester22
callum01
howard2
scared
armenia1
mireia
532532
120400
mark25
clarinette
kokotko
ghostface1
060677
isaiah5
fatouma
palmtrees
happening
200878
anna2003
iloveu07
1524
teejay1
cdjkjxb
showbiz
124589
subwoofer1
diaper
sweets12
3219993xx
040696
21061996
redfire
iamme
Leonie
200608
myspace001
iloveme101
1two3four
purity1
valleyforge
06071995
250793
bigbob1
cac
23142314
191095
16121976
030293
lovehina1
antonio6
sexycani
051383
shelby08
chicago6
carey1
tweety19
197929
drummer12
lovie1
17091995
68chevelle
espinoza1
betmen
drink7up
kurdistan1
getmoney11
chidinma
196464
bianca10
201208
MUFFIN
jorge10
jamieson
funk
hater2
octave
kangen
webbie1
carlee1
haribo1
katika
dolphin10
ily101
08071980
etoiles
record10
love1010
schnecke1
420420a
dominic7
taliesin
PASSION
martin99
georg
qazplm1
davinchi
28101995
06101980
79camaro
hometown1
walter11
23041978
20021997
cora
olaolu
ender1
marocain
010279
vj
eleonor
kiki21
jabbar
ilovenick2
winter2009
firewater
cin
tony19
040381
iniesta
hgf4h3fhf
13271327
gamer12
granny12
fisher2
robroy
silverwolf
master66
5544
07061981
ilovejorda
jd123456
rosebud123
o1234567
123_123
999998
Antoine
831013
allison5
co2008
lipton1
cabelo
coolkids1
13051978
fuckoff88
30101995
hitler123
110028
karina15
17012003
vanessa6
020575
dagmara
Jiang520
colima1
24kobe
nepal1
jhajha
kiesha
grumpy13
20101977
cristiane
devin3
260195
dasdasdas
fahbrf
09111991
vigilante
pontus
030307
edw
11aa22bb
harrydog
unlucky13
mgoblue
gillespie
barcode
778866
abdullahi
olga2010
24021996
study
19951996
Montana1
geoff1
musashi1
restart1
didi123
boomer10
worksucks
sandra5
160977
gloves
dork12
04071979
ktyecmrf
amamam
270293
frankreich
my1stlove
1905gs
040474
chick3n
SEX
090893
ladybug6
sinead1
ujhjljr
pokemon88
tinker9
141096
kirstin1
fiftycent
hardcore7
reserved
redneck08
robert30
ï¿½+ï¿½ï¿½ï¿½ï¿½ï¿½+ï¿½ï¿½ï¿½ï¿½ï¿½+ï¿½ï¿½ï¿½ï¿½ï¿½+ï¿½ï¿½ï¿½ï¿½ï¿½+ï¿½ï¿½ï¿½ï¿½ï¿½+ï¿½ï¿½ï¿½ï¿½ï¿½+ï¿½ï¿½ï¿½ï¿½ï¿½+ï¿½ï¿½ï¿½ï¿½ï¿½+ï¿½ï¿½ï¿½ï¿½ï¿½+ï¿½ï¿½ï¿½ï¿½ï¿½+ï¿½ï¿½ï¿½ï¿½ï¿½+ï¿½ï¿½ï¿½ï¿½ï¿½+ï¿½ï¿½ï¿½ï¿½ï¿½+ï¿½ï¿½ï¿½ï¿½ï¿½+ï¿½ï¿½ï¿½ï¿½ï¿½+ï¿½ï¿½ï¿½ï¿½ï¿½+ï¿½ï¿½ï¿½ï¿½ï¿½+ï¿½ï¿½ï¿½ï¿½ï¿½+ï¿½ï¿½ï¿½ï¿½ï¿½+ï¿½ï¿½ï¿½ï¿½
ye123456
hotie1
1530
oct
moose3
151515a
samsung69
michelle02
ihateyou11
brian08
juggalo123
060698
pierpaolo
nick92
040294
babykitty1
q000000
maryna
240895
erica13
8marta
dakota9
150808
CHOUCHOU
n2XcFgjCvr
sexybitch7
meomeo
bro3886
genesis3
apple17
johncena!
hantu123
mygodisgood
ninja69
flblfc
2manykids
lakers88
wingwing
rocket22
countdown
babiigurl1
271196
123456R
Dan
charger06
01081977
cheese44
27101979
ensenada
p8ntball
gertie1
steve22
papyrus
300577
muffin10
270179
01021997
schoolgirl
041195
ddd333
olajumoke
wondergirl
altec
27121979
brooklyn09
Josephine
pontiacg6
camile
bono
skippy11
diable
stoffel
hitokiri
neopet
wichita
marten
nikitosik
dancer17
capitaine
chrischris
antwerp
123e123e
raiders9
juggalo6
040695
1421
theman22
EXCITE
password64
martin24
ameena
judas
linkedpass
lovinit
vanessa16
jonathan17
silmaril
55255525
741852963q
bailey69
shelby4
blessed!
tropic
custodio
198928
usg242
240279
150676
ballin6
1toomany
123456pa
motherwell
antigua1
winter2008
lovemonkey
19851015
201075
marruecos
myspace84
always123
311294
ghjcnjghjcnj
1359
akucintakamu
64chevy
acrobat
rayray7
gaara12
5262499
171295
a123654789
jujubean
reynald
poop111
Kristin
gamlet
kamari1
666666g
melissa24
justin95
viridiana1
juggalo13
27051994
heybabe1
yahoo99
27111979
asdasda
molly69
blinker
chokolate
berry2
littlered1
vasili
snoop2
Tdutybq
ilovebryan
lucifero
johnson4
dinner1
xiaozhu
myjobs
08081977
88488848
841028
network123
martin17
samdog1
villas
bronte1
pauljohn
12041976
february17
phelps
bobby9
123killer
mabait
020795
sucker2
19831020
ginagina
rancher
qwerty987
65impala
blake3
ghostman
0331
chicano13
bandit77
laptop12
allister
021079
daddy16
200496
jack04
vfhbyf123
loveu!
abi
mexico06
adrian4
buggie1
wiktor1
090193
eddie23
Beckham
privet123
198803
spalding1
melanie!
29121979
allblacks1
tdubdub05
mexico25
040679
helena123
111106
ass101
whyme?
05021994
boys2men
yeahboy1
smoke12
cagada
555666a
harlie
gratis1
deadlock
smokey99
olivia14
precious13
redsox8
tutifruti
esmeralda2
lightfoot
199228
Buddha
magic6
lola23
cinthya
081279
170795
201102
marybeth1
120100
kim12345
lol100
26061978
3bitches
panda23
creole
07101994
sundin
happyfeet2
dragon52
091193
142434
secret00
091293
3foZaqb33Q
bigbang123
180778
radmila
djerba
rajawali
oran31
lfieyz
escapethef
gavilan
hannah88
wolfy1
cousins1
loveisgod
jennifer07
mafalda1
hotaru
2dragons
121069
19861015
04091979
iamlucky
ksenija
kayla17
alucard666
street123
welcome22
280394
qwerty1986
easyeasy
srivastava
strongbad
rotciv
ulster
school07
xavier21
babylove3
charmer
jr1234567
p0k3m0n
dimo4ka
dylan04
noel12
daisy15
w8aGc47klA
may1988
05061978
hummerh1
040576
heather07
animal11
della1
diana22
mollygirl1
oracle123
kevinb
270994
04111982
79137913
021983
kirsche
bhabyqoh
ema
130396
220272
040180
smi
tanja1
elena12
mariac
19851020
toshiba2
sexydiva
ana123456
webkinz12
gotrice
yunita
280707
pizza6
jayjay01
170278
123456ff
zebra2
system2
035690
number55
Pookie
cameron14
jade10
bebop1
nastusha
051980
toughguy
denis1994
omonoia
chris82
jeopardy
198586
portugal12
partyhard1
110974
08031979
1loveher
121265
toyosi
maha
jovan
qqqqqq11
landon123
210175
shawty123
black55
071277
fuckit7
mkvdari
littleman3
Madeline
surround
0903
fabric1
alltheway
doom12
chargers13
scouting
gay1234
bandit99
1stoner
tennis21
specnaz
13031978
1xxxxxx
hanka
bart12
jorge2
poop45
16121978
scooter6
britany
dome69
travis199
katelin
flocke
Holland
@yahoo
1lovebaby
forty2
biggay1
212224236
ammaamma
redman2
fktrcf
lilly5
trousers
allegria
strongbow1
mamuka
tenor1
matt633
estudante
calilove1
06051994
citroen1
estrella10
brenda14
jade08
27081994
tay-tay
sea123
jiji
210575
122123
r1r2r3
stuffy
sunshine32
08011981
damian11
soldier2
Honey
disney5
def
191981
28081996
ticotico
leighann1
cjhjrf
webcode1
angle12
icp666
wwe.com
111007
smurfy
katy12
nitram1
action123
andre23
jenn5366
qwerasdf1234
makimaki
monkey68
mirka
mackdaddy
store
olalekan1
nasrin
200001
190379
chechen
rugbyman
salvacion
180695
123741
031077
erica11
mylove24
13771377
sandra14
031078
120974
24111979
rockstar16
vegeta2
beauty!
andre10
virgen
magda123
elenaelena
penny7
momo10
calender
drumming
gago
tope123
hobiecat
doggies2
310178
masons
pickle!
dodgers11
fyfnjkbq777
overseas
skittles10
bocephus1
katyusha
28972323
rocky12345
quinto
denise09
22031996
120603
226622
chevy98
bombom1
ismail1
pietra
furniture1
lolcats
rollins1
sunday7
poplar
meatman
factory1
211195
30071980
fishing7
281076
b1teme
jazmin123
password65
metoo
300977
ilovenikki
23071977
emma2000
jimmorrison
030677
pageup
sexybeast!
suhasini
redlight1
ï¿½ï¿½ï¿½ï¿½ï¿½ï¿½ï¿½+ï¿½ï¿½ï¿½ï¿½+ï¿½ï¿½ï¿½ï¿½ï¿½
goldengate
010896
dates
290479
kalbo
dude15
tomasz1
902860
6shooter
rishi
rebel4life
lolada
pakalolo
chivas16
youngluwe
02031975
pes2010
dreday
fyyf
balling
evette1
29041981
raver1
425425
rankin
alluser
morris123
lolek11
nd4spd
jobert
siopao
ryan2006
nanna
devilz
212121q
rapstar1
oluseun
jktu
lilmama15
sarah19
young23
113114
84728472
ezequiel1
gromit1
yahooid
lollie1
iloveu101
nate1234
18041996
1618
28061980
aelita
212321
adithya
prezident
143000
mitchie
1kelly
disney7
babubabu
hawker
sodomie
grandpa2
Fuck
p3anut
ronaldo77
buster25
06071994
08041981
060993
kailua
ivan1992
marijo
jay101
poopey
cherep
rusty3
shutup12
iloveu24
snoopy17
asdf13
240177
115
nicky2
portman
230708
rockstar123
june2002
textile
goobers
pimpette
nokia6020
myspace03
sunlight1
imsexy2
darkn3ss
sorina
19861024
290895
shona
pippy1
martin08
november01
montano
allahhoo
myl0ve
041984
13061306
30011978
helenka
Loveyou
motdepasse1
25051996
140876
duran
shakthi
monica.
ilovealex2
lauren05
taxidriver
666665
password001
12121313
08021981
22121977
queensland
bratz9
lov3ly
youyouyou
killer100
classof2011
Ashu1992
13121977
corey11
shelia
swisher1
camaro2
houston23
chicken24
100275
anastas
prince07
vb[fbk
251294
carranza
loverboy7
maddog69
god101
loris
vojykGi959
145623
281983
07101980
seo123
070193
lovelove123
bigguns
snoopy16
willow3
19861226
02111993
fresco
whitesox05
061983
bball09
harry10
hotmail11
buddy18
1jasper
bambam01
Aragorn
angelheart
stryper
04061996
31121995
ambre
titties2
foxglove
phobos
bogie
1234tt
hartnett
777777s
1fucku
tallman
Greatday1
teamoo
100176
chevy04
tiffany15
1fender
1coolguy
miyavi
sashimi
6655321
220975
pass55
batman666
computer20
guthrie
19851111
josh20
saxaphone
pitbull69
dolphins3
19851125
sweettea
lamalama
hailey5
angie11
patty12
krystel
19871023
1balla
elisa123
19011996
aga123
sharma123
scorpion12
gabby5
221075
080408
310878
08091980
001007
jamie21
gonefishin
sandman2
shrooms1
ilove16
pakkness
fredom
onion
110400
cleaner1
100776
sanjay1
becool1
280894
060309
barchetta
1q23456
h0llyw00d
17111979
malade
041293
tobacco
cdbymz
180895
gisselle
ida123
080494
cerveja
pepsi69
misty13
05071979
281176
197710
14101978
qwerty1994
shahnaz
michael97
kayla18
flatland
Warrior
05111993
kiki15
swat
grace22
olga1987
lips
720720
1xavier
230303
tosca
refillmotives
ruslan123
lovely19
stiletto
anjaneya
index
06111982
angel999
kissme5
growth
19841017
qwerty1988
emily02
eeyore12
nigga10
210894
masala
LORENA
Apple
animal69
011294
111274
spirits
friendofEveryEmailyouproc
booda1
021981
slipper1
yodayoda
peugeot106
armin
danny9
311276
famous11
janganlupa
snowstorm
31071995
qw1212
mistake1
deano1
alberto13
google6
luna22
underpants
pouncer
m121212
26071995
joshua89
kikumaru
grigri
kaikai1
loveyou08
sexy36
highbury1
snooper
18081977
Sephiroth
Ashley1
brandon98
henry01
cancer13
hottness1
angel1989
free4ever
fakespace1
131413
090282
powerfull
16041978
821018
password57
march2008
app
180278
cubs1908
444455
private123
141981
stupid101
lovebug13
david00
Julie
dukedog1
4561
celebration
dukester
furman
hunter96
peekab00
sparky5
forsberg21
741852963z
stressed1
1239
1lilman
andrusha
ficken666
03041979
28111994
milady
pickle11
cinco
606606
tugboat1
120507
dick13
player09
Qwerty11
simpsons2
pooping
260877
07031993
dementia
1boomer
hellhound
blowme!
iloveyoujo
needmoney
xavier09
southport
babygirl56
labirint
615615
07081979
version
marley22
nando123
cd1234
turandot
creep
200809
oso123
alexandra0
1236987456
jayjay22
practical
lalala22
30111979
mommy16
tennis07
iloveyou42
fuck07
fucker8
tito13
qqqqqqqqq1
legal
spiderma
unhappy1
welkom123
290879
ilovehim5
sonicx1
010908
221074
master20
naynay2
orange19
jab123
lucas23
111169
choose1
playgurl
wesley01
kimmy12
guapa
room101
dukes1
tete
chantell
23011997
rebound
ssssssssssss
15061977
fullerton1
morris12
060594
komodo1
17011996
luiza
cookie00
110896
parent1
0421
sac123
iloveliz1
cowgirlup
050993
pietje
college123
cipollina
martin.
paintball0
massari
fenerli
suck1t
Compaq
30101979
vtx1800
guitar9
croatia1
11061979
12121970
159357258456
dragonfable
sunshine02
gonzo123
031988
yggdrasil
melimelo
kmdtyjr
morgan18
p1ssword
preview1
cocacola3
lyts123
19021979
051981
141312
horse7
matt88
anna09
159874123
colocolo1
momo22
MNBVCXZ
carota
bharat123
346100
02121979
sunflower8
shafiq
1jayden
03011981
21091979
fuckit420
290395
080780
angler
jasond
07071979
camara1
sara23
tyty12
400020
funny5
mexico88
muse
051179
tomoyo
bac
artem1995
lilmama5
lichking
11061106
100874
sean23
northside2
akbar
naruto19
rinrin
bethany123
keisuke
deedee11
25091996
townsend1
0908
gillou
123466
sowjanya
198315
laural
stakan
stayaway
29091978
lazaro1
linked1n
07051994
ficken69
160995
sana123
valeria2
741456
243243
shadow28
krayzie
sandra18
pussycat69
ontheroad
hoover74
1234432
hellohi1
colten
fucknut1
qpwoeiru
adaaja
wilson23
shawn22
wilbert1
denise5
&#2335:
masato
gershwin
heartland
03051994
equilibrium
lonley
23031978
loo
adam16
sasha1987
george06
camille2
nargis
JAGUAR
ride
wu-tang
jessica94
123music
07011981
199523
mutter1
apa123
kundan
wZR8Ycfxrm
virginia2
darion1
Eugene
7732844
francis12
december05
pot123
fishbowl
chivas07
rwanda
24121979
307307
310778
159258
soleil123
bellavista
florentin
0024657
29111981
cupcake15
andrew94
5555566666
sara7272
19952009
friends06
bigmoney2
wyatt123
radhekrishna
orion2
fas
04011993
153
0987612345
198006
1qweqwe
warriors2
07031982
marlen1
080782
kurt123
jamie4
rostov8888
james29
101199
cello
spicer
geordie1
harley96
rbceyz
g-unit1
060194
ololo123
james00
210676
041988
radiant
tiffy
paparazi
196200
david2000
tayla1
spawn123
july1980
billups1
03101995
thetwins
oioi00
kyle69
florida22
nitro123
nofx
tweetie1
broken3
020596
bass11
781020
7777777c
1949101
231994
030803
Panther1
chrono1
frank5
jh5thrwgefsdfs
talleres
pacman12
Jayden
hulagirl
1change
123kkk
tata11
emmajean
bootleg1
darkone1
qwerty02
COCACOLA
scales
020609
window2
megan16
february15
260777
agatha1
keira
beowulf1
100dollars
wenyin12
19851228
drugfree
victoria23
dancer9
prieto
07021981
05041995
Monkey123
fifa2011
shahrukhkhan
fireball2
orochi
01061977
christ11
kingdomhearts2
maryjan3
198008
020477
sugarfoot
heaven13
nbibyf
87chevy
travis15
anatomy1
05051997
george77
peaches6
julio10
h0ller
lashae
trusting
vitinho
080593
boondock
football101
single16
motoko
edmonton1
sexybitch4
reaper123
wanderers
taruna
bmwe36
951753852456
curry
ryanjames
20051976
24041996
skeletor
anna2005
131400
alaska11
Maximus1
legend2
loco1234
29051994
chucky12
saracen
blond1
vball7
081277
shanda1
imsohot1
link123456
yousuck3
000000k
lala101
198104
291991
richie123
aotearoa
ianuarie
Cleopatra
vagina12
bonita13
mish777
asd654
gemini88
mycats
30031977
incorrect1
rustik
flower17
250776
travis09
stroker1
smudge123
clock123
oddworld
oxygen1
010506
brian4
04031981
2bitch
k55555
ms
100299
rosendo
240896
r00tb33r
26101996
july1995
badcompany
cbhtym
teach
123asdzxc
271095
brandy23
mypassphrase
26041995
szymon1
1q1a1z
shetland
renren15
713houston
reload1
eatmyshorts
boragud02
nanay
lynn16
ste123
zwinky1
14061996
13511351
allen11
imcute1
abcd2244
tassie
0124
chulita
muff1n
160000
dynomite
07041993
rabbit3
mex123
ccc111
monkey79
gearhead
texas06
inferno666
forzalecce
Potter
ï¿½ï¿½+ï¿½ï¿½ï¿½ï¿½ï¿½ï¿½ï¿½
nikki06
2gether4ever
zaqwert
nascar38
arista
040694
livelove1
alyssa9
no1234
010909
woody12
waverly
lover56
aaron8
13795
iluv
raducu
291988
01041996
jasper23
junker
fdsfds
181993
305001
valeria12
jaredleto1
15011995
sexygirl09
jimmy14
0702
04051979
guilty1
21011997
freedom2010
qwertasdf
jessica28
aranha
261983
030878
nastya1995
mamula
janita
ryder
sandberg
hotdog01
maguire
bobmarley2
Andrew01
michael32
pelon123
iamlegend1
mee123
123kat
dvddvd
fender3
co2010
smashing1
azizbek
theone123
280778
shadmoss
concept1
200194
General
bahalana
tyutyu
parsons1
lolliepop1
02011977
shorty#1
241076
slimthug1
199223
guitar14
money05
embassy1
tal
sniper11
lcv7bry1cf
starwars9
laura18
fernand0
Fallout3
hottie99
GIOVANNI
panther21
17031978
carolina22
jaguar12
159159a
Stacey
ilovechad1
Ð¼Ð°Ñ€ÑƒÑÑ
gala
lucy07
poopoo3
151096
radford
19851215
071278
z1z2z3z4z5
maddie7
201984
lilmama07
coronado1
darlin1
teamo23
jazzy101
mascota
ninja250
motorola2
simplegirl
kitty06
elise123
zakzak
julian7
tazz123
wilson10
1793
dino1234
bogdanova
fluturas
mother03
buttercup0
piggie1
0603
billiards
ven
sadie5
acdcrocks1
bastion
valentinorossi
idriss
Redskins1
linda15
nene16
madison14
zhangyan
compusa
soso123
kotova
821212
400701
mavipies
180978
skylark1
moneyy1
abigail4
fybcbvjdf
jonny12
paris2010
bgt56yhn
400095
010978
westend1
jordan0
31121977
mata
delta12
monique23
petula
mohit
006900
fuck55
brains1
tomi
skipper123
191979
young5
brianna23
10401040
zonnebloem
joey15
godislove2
ford2000
anchorage
pussylips
girlss
23071995
santo1
Jeremiah
Antonio1
sunshine29
pimp2006
slickrick1
lucilla
star777
izzit
nikki4
dsa123
audirs6
righteous1
limegreen2
191078
45678910
Avatar
sims123
mimi16
justine123
paprika1
05101994
bebe21
112003
12011979
gay101
16071979
eric16
carlos05
280877
billy27
casio123
05081995
logan09
lihenan
jhgfdsa
nettie1
Deborah
roanne
september23
gocards
pumapuma
mustang77
22061978
110374
jamie!
mama1995
oceans12
tits123
babby
summerland
heather09
352352
carlene
011235813
040109
february10
fredperry
199106
oreste
0330
mimi07
beto12
hello2me
291279
dollar123
1ilove
290495
bailey33
elephant11
dexter10
horse4
05071995
gizmo22
prenses
iceage2
myloveone
1blessing
mybaby07
recife
tarragon
1elijah
22091978
amylou
180377
bethel1
ghost5
poesje
mareike
02071976
rover75
logos
barbi
hotchicks
07051995
01092009
archie12
ecaterina
inmortal
sexy007
darrius1
121263
seb123
forest12
manuel18
hotcakes
01092006
yasmeen1
voronin
eagles33
desi123
080977
allblack
pumpkin4
blue75
cowboys14
fresh08
071988
lokita13
16081979
balbina
thenewme
123ddd
201296
junior28
zoosk2010
ï¿½ï¿½ï¿½+ï¿½+ï¿½ï¿½ï¿½
20031996
ghjcnjrdfif
180378
121174
troyboy1
spacer
199713
boone
monkey84
mandy13
1mountain
rachel8
melissa08
ethan5
kalambur
patryk123
paper12
spruce
sandler
alan11
sparten117
flemming
kawasaki7
4569
230296
290377
197909
120374
shakeit1
08121980
jackson06
kbkbxrf
020193
rose09
diabetes1
formation
velazquez
280477
merda1
751001
0401
troll0
mysp4ce
071294
malenka
Ð Ñ˜Ð Â°Ð Ñ”Ð¡ÐƒÐ Ñ‘Ð Ñ˜
20081995
120997
04121980
sassy08
cole11
nath
konvict
mama2011
nia123
diana1998
23041997
winston7
sprite2
sep
trinity08
three33
112233d
rabbit5
55558888
54565456
dedede1
antone
princess84
haley01
blackknight
christine9
181294
only
1620
59blood
231123
kamenrider
jeanna
ch3ls3a
charlie20
123456mn
jonathan09
197825
270578
wishing
13021979
follar
abundance1
24101977
vikings12
061177
0522
liferocks
220470
199109
090293
sixty
05071977
malaria
30071981
iloveausti
080694
060280
08041994
ad1das
yahoo21
181276
bigred123
peace77
16101978
ellie12
benton1
newme09
1430
weed01
Oliver1
purple03
ternopil
shawn01
19851022
230676
brutus01
08121995
foxyroxy1
blonde123
nicko
dragon82
500005
steamer
timmer
89631139
radmir
chennai123
131979
anabelen
newguy
151214
carlos06
extrem
safety1st
thatguy1
metatron
ironman3
hitsugaya
03041976
steven1234
spirit2
sergent
13801380
jennifer88
track123
197011
davila
suzuki123
150778
suhani
elgordo
smokeyjoe
27061995
jack02
baby31
1215225
gangrel
martin8
dick01
fedcba
animal6
rojo123
021278
laredo1
iluvu22
playgames
dragon100
patanahi
poke
lollipop69
hellhell
angelica13
coeur
10061976
280896
oliver06
ghj123
mommy#1
sebastian.
sexymama!
1hotstuff
dead13
austen1
604604
khalid123
walgreens1
160477
sk8r4life
990990
771122
23101978
jojo24
lacrosse13
220575
lifeless
finster
dylan8
batman55
soda
damien2
bmw750
pepete
shitter1
28091979
redneck09
loaded1
junior27
ikickass
cieloazul
12071976
smooches1
gateway5
hayden05
78910
birba
rockstar24
07061995
whitman
jose07
26071980
091101
jess15
rahrah
hotstuff10
crazy666
mauro1
soumia
cicciolina
mine4ever
natsume
12071978
030407
temppass1
forlove
love2013
spuddy
ihateboys1
mo123456
Joshua01
puffpuff
parvathy
bernard2
natasha11
jannis
rachell
mchammer
thesame
kiki88
hockey.
blacktiger
charles10
104
monkey80
honey1234
conner2
lamina
181096
121267
qazpl
martello
16051979
280178
knulla
weed666
hiromi
858877108aop
asadasad
pooooo
headphones
102300
kottayam
bebe16
fishing69
mydad1
alexa2
matt1
29101979
retina
stella22
sydney07
160696
hershey3
jayden13
iron666
yjwfn73j
corporal
estrela1
shadow90
ekbnrf
191093
300377
gbemisola
231297
vball13
wakaflocka
250995
sangohan
31011996
mikie1
nikki17
133333
cisneros
saregama
august89
tackle
260395
BESTFRIEND
freinds
lover77
gophers
13041979
821012
011181
quan12
travis07
16041997
albert13
cbr929
softball05
301276
221981
101400
kundera
lovin1
hapkido
28091995
doggie3
roxy07
dkflbckfdf
fuckyouass
legia1916
neversaydie
saints10
lovely77
lucky05
dolphins!
tiffany16
gundamseed
bumblebee2
432100
membership
chevy89
sunny6
jinx
flower0
010596
123453
piratas
surfergirl
PIONEER
goody2shoe
gfghbrf
ronnie10
starchild1
199516
maria27
ultraviolet
1nikki
sesshoumaru
donotenter
loriann
25061977
godjesus
orange07
tramonto
abramova
skyler12
conner123
pika
rach123
stephon
1norte4
victim
sunnyboy1
130378
1vision
111008
gizzie
anuska
escalante
antioch
lulubelle
ginger24
tristan7
1kittycat
steven88
jaylynn1
1472580369
notrust1
cinthia1
mike2000
crunk
09081994
kelly4
fucklove21
palani
william19
198005
Sandy
thewall1
123456789789
sentry
catgirl1
raman
suckmyass69
solito
foreman1
b123098
ifiksr
abab1122
ace12345
210975
220376
001964
veronica3
dig
seventeen17
trans
teflon
aspen123
tutu123
fender.
cece
carlinhos
batman0
nene10
081096
310596
schweini
123aaa123
tapioca
yamaha13
1040
dumpster
04051978
19091978
joey666
july2004
angelina3
CINTA
rooney08
12031978
natalie08
sheila123
blackie123
1hotmom
backyard1
crosby1
madman123
horizons
mamasgirl1
damian666
160194
greenfrog1
mommy77
george1234
171981
000010
crhbgrf
bartbart
denis1995
02101994
stacks1
anniedog
159000
cricketer
teamomuxo
hope4me
sk123456
mb123456
poli
ricola
february11
nena14
0315
skizzo
300779
bullet13
fiction1
masquerade
nene11
yoselin
leticia123
1324354657687980
20032006
marissa7
jeanie1
z00sk
stang1
020178
david89
230776
31101977
look12
smokey77
initialD09
lkjhg1
iwashere
20042007
serg123
311200
asbestos
climber1
danyel
080502
smokey07
q55555
lethal1
mike04
Playstation3
sabrina5
tpxerxjmp
110206
11234
paleta
sing123
31101979
741023
requiem1
john101
miranda9
1brooke
180879
dg123456
moh
edward1234
alive1
taylor77
lala24
19831212
moron1
26102610
flappy
king32
section
jennifer25
born2die
bycnbnen
vbif
YeGbpltw2012LOl
louise14
marijuana420
danielle123
moeder
cheyenne11
marine13
06051995
vikusya
19861018
ghj100
suckit.
16071980
oliver88
thanksgod
fen
evolution7
nothing3
main
310577
Sascha
jaqueline1
edward9
marcus4
makati
Predator
20032005
asshol3
shrink
78951230
11051977
amo-te
rclens
giratina
14061406
gavin2
210279
987654321c
300395
wanksta
0415
ninja666
cabowabo
Tanjiang999
blue97
63256632
geogeo
3223
mam123
27011980
foresight
benson12
rayallen
1starwars
kenzie12
emmarose1
140404
shoebox
Justice
TIGERS
xlf65b6666
010378
polgara
myplace
mw0720
starwars22
blitzen
elpaso1
aaron1234
rancho1
makeit
clocks1
barbie17
high123
1234567890qwert
boloto
chicago9
rrrrr1
melissa17
trecool1
05071996
bigpenis
prettyinpink
821125
tigger26
pappa123
chevy05
maxwell01
260177
030778
13061979
ranger3
19861220
199221
mah
golden01
Eric
040980
rooney9
actarus
120698
jemma1
angel1985
leslie11
08071981
prima
lthmvj
crosscountry
071279
azteca13
07111980
santosh123
justicia
freund
28121979
199108
perfect12
passover
andrea9
tiger74
br5490
FBi11213
bassin
gopal
goofy12
keke14
kendra2
converse12
usa777
mandarino
YKDpJ67mgd
muffin21
112233m
fulham1
olateju
nina22
090381
squish
yildiz
09121980
qwertz1234
ruthann
banjo123
crapper1
jade22
aus
1364
yamaha85
aggarwal
114455
UzBJNEi451
starlight2
plumbing1
21041978
pinky!
flamme
09101982
17081977
brooke15
feelmylove
boobooboo
willows
nikita10
page
130896
070380
sadman
5blood
1artist
staff
luckylucky
marcos10
julie01
austin.
mama17
081988
samuel14
22071995
phialpha
maddie07
suhail
09011982
disorder
161194
190909
marijke
bib
dana1234
290995
traxxas1
lena11
sargodha
andris
assfucker
55555k
kevin05
010507
!@#$%^&*(
dennis22
19121977
10021976
everclear1
221173
kswiss1
just12
fk
hotmom
400019
Amanda1
mumu
justynka
a33333
090579
teamo17
cityhunter
22011979
20121996
11101976
leon11
mm123123
green100
star95
docdoc
bay
evasion
14001400
camaro95
290777
sweety23
estonia
06051981
19841124
19061996
fkmabz
alpaca
nicholas16
elyssa
the1ilove
270979
powerball
heynow1
ohiostate2
beautifulg
vfyxtcnth
alpha5
sublime69
kacper123
mangesh
jeric
aaasss1
blondie69
monique21
13061996
hello999
dingus
Herbal
matthardy
marisela1
blazer12
181275
simon3
icp420
10071979
ryan88
030995
05101980
maneater1
kulet
the2ofus
option1
141888
alexandrea
0801
010878
likeme1
bambam7
201204
princess66
wolfdog
darkness5
shithead3
domino2
kenyan
denis12
15love
yourmom8
fishing5
hunter66
hummingbir
jorgito1
caddy
K.
dance21
170794
vitamine
`12345
nicodemus
daxter1
Monday
hotmail7
candy77
reb
melodi
lovesit1
haley11
36903690
monaghan
111111v
280595
dickey
nikky1
brownie3
johnny18
HESOYAM
Kerstin
HPG2N89qif
herve
19861022
aaaa123
huguito
steve7
anjelik
081208
april69
150795
jehovah7
16041995
jenny09
cookie0
kaydenlee
2232
billyb
102589
179324865
mrkitty1
amazing2
bluesky2
abhimanyu
2124
randomness
kos
sebastiao
21051995
eagle11
andrew91
matt99
baker4
sexy2006
bradly1
z123321
inteligente
tocool
12345az
missingu
230000
peace8
stasstas
Newlife1
kakashi12
montre
harbour
whitney12
xanadu1
terrific
ehlbcTW
070709
02021970
69lover
pbyfblf
06061976
brenner
0701
lovely88
Shadow01
rajneesh
misio
qwezxcasd
rose88
planete
10111975
italia10
edgardo1
dak0ta
tranny1
dressup
milanello
helpme11
znt:
190378
rubydog
adnan123
frontech
havoc1
.adgjmpt
funnygirl1
tobias12
13751375
godfrey1
destiny15
lastchaos
lovestruck
020478
tiffany09
arjona
tambov
dewitt
hornet01
sierra5
worm
wilson22
youkofa569
090882
guerra1
1122330
197901
max1997
rukhsana
estrella5
poop44
Grace
cirilo
197803
horst
saturn01
regiment
sexesexe
03121979
clark123
811028
darion
110046
woodside1
p2WcFfjCvr
2muchlove
project123
kris1234
mike2010
contrasea
kelsey14
14211421
02031996
abcde3
green26
12061977
21092109
martas
carlson1
jeremiah7
hase
sixpack1
miller13
jasmin11
30051979
mike2007
angcuteko
billkaulit
199126
123qwe456asd
021979
pitchou
xt97794xt
saints01
55555l
ayamgoreng
07031981
grace07
voltron1
warlords
buick
silver00
eclipse7
jason26
office123
sassy21
la123456
nena11
ashwani
buterfly1
marcie1
bedtime
harry22
otilia
125478963
joanne123
travis4
02121978
santillan
mama45
30101994
fordf100
qayxsw
010709
adegoke
santi123
pintail
maggie18
iloveyou30
dripik
affection
nate13
cj12345
987654321n
1alicia
31051981
anything12
sarah101
faggot6
xterra
24011995
jamaica7
123321b
212325
osipov
220874
skater24
jaquan
vampiro1
firstlove1
sycamore1
rjhjyf
090900
YAgjecc816
300477
texas254
phantoms
akademia
djkxbwf
h4HgAipGzu
reanimator
Angelica
shrikrishna
mifamilia1
lobo123
joiner
spaces1
overit1
holyshit!
170377
134625
reyes7
19801981
jason27
lilli1
041294
exotic1
24011996
16101979
hardhead1
Darkness1
Danny
baruch
170797
30101978
pup
bilabong
witchy1
june2004
020978
lilbear1
041095
whysoserious
loveisreal
qwerty777888
talula
sexyman123
firstlady
amber9
09101993
mskitty
petra123
enjoy1
23091978
far123
001200
021978
brenda3
schatz123
dogeatdog
vjhjpjd
oneblood1
jew123
241294
123as123
191993
iluvu3
512
050978
truelove3
QWERTY123456
jurassic5
102800
mother69
bullhead
davidp
band101
159753s
ika123
tinker21
february24
vegeta11
abcde6
korn1234
070293
12345qwertasdfg
getjob
jg1234
111964
30061978
1478963a
internet7
mybaby13
Winner
linkedin69
alexis25
kimikimi
popstar123
zhangqiang
pinky8
030180
tyskie
jjjjj5
penny11
billyray
laurens
jordan91
shana123
fatpussy
bigdog10
anna1
19861223
bluenose1
wsky0o0o0o
man2man
20102007
assassinscreed
mhaldita
11113333
20121976
selma1
nick25
cowboy!
chris1990
654321123456
gondon
hanicka
folashade
xtkjdtrgfer
bradley01
rollsroyce
Manchester1
pipers
romawka
bumfluff
qwerty333
steph14
everytime
poodie
saw7139
1317
pedrito1
rana123
costa1
7inches
anna2006
311296
MONIQUE
mustang14
rj1234
anywhere
280393
ilovesocce
warrock
789456qwe
0316
123god
01081996
travis14
karla13
reymysteri
firestar1
ingenieur
christina5
stepashka
120275
lukinhas
hellion
bulldozer1
080910
blacklab1
chickie1
240196
j123098
abc123@
110077
daisygirl
canton1
petronas
satchmo1
sexyboi1
radius
yahoo01
199227
19841014
220796
lilwayne09
302019
namnam
huyhuy
flamenco1
19821212
jimi
lime
147258963
golftdi
andrea05
120899
susannah
wolf1
varitek33
ticket1
sexytime69
power01
angusyoung
psycho69
110575
angela14
Hilary
cjxb2014
Golfer
22061979
qwerty12345678
future12
22021977
19871212
james2007
saucisse
amina123
chevy24
notagain1
stupidass
charlie02
hepburn
07041995
sexymama69
010877
barb
cheater123
torres12
myking
hanshans
jessica04
MAHALKO
alex1974
bloodred
jenalyn
ducados
310575
gaia
LOL
Ou171423
verite
3puppies
daisy9
lenicka
chandler2
250996
barbie08
24051978
ADRIANA
33663366
emilly
newyork14
21081994
spencer4
marley10
casper99
zzzzxxxx
aretha
havingfun
crystal18
thekiller1
rjdfkmxer
realtime
500045
mono
adeshina
knicks33
camelo
190477
nimbus2000
germany123
pleaseme
19381938
pissant
timo
slippy
maksim123
drummers
091981
12021976
power22
andrew93
goodtime1
300676
xxxxx6
240576
021177
goahead
mushka
19871012
191293
cocktail1
caserta
Ð Ñ˜Ð Â°Ð¡Ð‚Ð Ñ‘Ð Ð…Ð Â°
diva1234
kiss23
20071977
030795
mainstreet
sasha99
20021976
leigha
665665
stooge
cb
ambition1
blueprint1
dennis23
swimmer2
erick12
july1996
280576
february27
09101980
podarok
order
17021978
140194
lynn1234
arbonne
asshole24
24111995
puck
falcons12
venganza
jordan89
02091974
Walker
devina
chickenbutt
199009
cable
riverrat1
lopez2
benjamin13
babyboo3
131075
loveisblin
Qw123456
neophyte
romina1
mommy25
tommy9
marilin
gloucester
destiny.
101272
jetlee
h3llokitty
198924
kyle18
bloger01
0564335
buttsex69
elpapi1
rugged
sunfish
ondine
teddy23
cabbages
127
060393
17711771
171993
locker1
pseudo
feliz
dog100
calendar1
251978
1bambam
22012201
10061979
babygurl24
pinina
d7777777
winnipeg2612
05041977
700075
cableguy
030294
tribute
Simon
dayanara
waheguruji
secretaria
schwimmen
marlies
jerry01
24101979
010203q
lapierre
boricua7
nan123
steak1
natalie9
23111995
yahoo8
millencolin
moorea
anaheim714
1love4life
pompino
brindisi
adrianita
locutus
sommer07
bitch87
261096
zxcvbnm5
miguel.
100599
070181
paris07
bestmom1
22032203
calibra1
london05
tiffany08
knight01
03061996
maryjean
owned
nirvana9
yojimbo
.kbz123
february28
njhnbr
common123
23061978
010778
carebears2
lilith1
supremo
hiphop4
takeme
always12
balboa1
runescape!
18101977
20052009
linda7
240474
002233
apples6
dustin69
290179
stjoseph
dima007
160495
sweety01
101002
jason143
pinky21
theanswer3
ffffffffffff
kaycie1
lolli
winters1
2022
ï¿½ï¿½ï¿½ï¿½ï¿½ï¿½ï¿½ï¿½ï¿½ï¿½ï¿½
27021994
29011981
surf12
grazie
180395
cornelio
19101977
13101977
cthuttd
ftw666
lhbjkjubz2957704
usmarines
290676
fatass13
synyster1
200795
192
july2009
tape
friends16
daddygirl2
class04
005005
catcat123
u2u2u2
yoyo22
malice1
muchacha
06021996
gee123
raqdc4ml
Tigger1
babu123
rats12
3388
scorpion2
davidk
19870111
iamgood
415
buster02
831004
19881989
piscine
raiders34
cowbell
14071979
gregory7
sammy77
shannon9
pimpollo
eiknon11
7777777j
bigdogg
passenger
boy12345
augustine1
bread123
qaz789
freeport1
manoka
overlook
blaze13
polina1
walters1
srinivasa
rocket3
010994
aderonke
synapse
yv3bcdaq
giveit2me
tyrone12
theresa2
270377
mybaby7
01011998
081982
1rosebud
laracroft1
STEPHEN
21031977
friends4me
asdfghjkl456
mayhem666
CONNOR
jerry3
shianne
ray-ray
harmony7
mythreesons
bayarea510
1williams
02101996
hidalgo1
chibuzor
april92
10071977
screwed1
bienvenu
lorenzo123
24081979
jasmyn
111998
19871029
luv4me
everton11
produce
6453
patches7
riley13
iamme1
pinkpig
horse13
335335
cowpie
freebee
895
bunga
27061993
neumann
l00ser
monsta
tigger66
011989
020896
godswill1
residentevil4
riyadh
happiness!
thisis
vjcrdbx
speedy7
7414
thereds
liljoe
ilovemyspa
666666z
playa5
180994
031982
811118
cammie1
061178
pokemon09
michael44
ededed
oleg1992
frdfvfhby
mavrick1
manuel5
1001wdst
05081980
200179
fresh21
wilmar
wrinkle1
lovemy
140696
03041975
indianajones
decent
cocopuffs
230975
fidel1
23022302
svetasveta
bibou
still
11021979
goodwood
tucker7
nutsack
isabel13
belmar
sportsmen
nastya12
10031977
rascal13
250278
bandung1
281196
31081995
tamia1
labebe
w123456789w
32113211
drunken
larson1
Valeria
21031979
redbirds
faith6
011982
zumzum
dum
kerwin
841226
varghese
141618
shalom7
palencia
Stephanie1
ï¿½ï¿½ï¿½ï¿½ï¿½ï¿½ï¿½ï¿½ï¿½ï¿½
anna24
brian6
02021972
rs2000
phoenix!
animals3
newport7
moviestar
leverkusen
florida9
mistic
twojastara
summoner
wisdom12
29071995
4sunshine
060380
dantist
zaqxswcdevfr
olvido
azerbaijan
blowme123
squeek
elena2010
mille
cokecoke
ghjuhfvvbcn
230897
fireball12
11111c
lisbon67
akash123
123123zz
m123456m
d41d8cd98f00b204e980
blackbear1
cartoon123
samsung!
lwxlwx
811811
97979797
lala18
poolshark
chumchum
rouges
198003
beatiful
bitch2009
vondutch
coldwater
bouddha
090382
paulina123
theIigE4x2
preston3
luckyone1
baptist1
barunka
frytol
atleti
1jehovah
555550
051077
bruins77
grasshoppe
170193
08011994
ruffryders
holly3
shaker1
05021995
160296
april1991
english3
20051978
leafar
Jeffrey1
brandy5
250696
090182
minidisc
GLORIA
011984
fluffy69
gotribe
0.0.0.
black00
pinkflower
tromba
mariann
withyou
ciao1234
starwars01
raptor350
adaeze
041079
NUL
imsosexy
scorpio9
giadina
assass123
shadow32
blue4u
19861224
000789
19861017
bigfoot2
oigres
letmein22
getmoney21
shanta1
imalone
ilovebobby
anna1982
beijing2008
ewankosayo
swetik
BqkTrqN844
carl12
mistie
magic9
bacchus1
270177
091982
cupcake6
nylons
#1stunner
love1004
love112
bear99
renee7
131196
boobies12
bull123
carmen23
may1984
200896
williams11
lover20
santiago123
2fuckyou
bedrock1
2qwerty
snoopy99
mimamima
240695
catcat12
babies123
spokane
juice2
greeneggs
yz450f
superman34
142356
GOLDEN
timmy3
summerfun
popokatepetl
10121976
anastacia1
what2do
fener1
dylan99
junkyard1
tony77
chadreed22
emmanuella
17091979
jodeci
plummer
vasco1
majeczka
071295
li
speedy3
23051997
andreea1
angela18
buheirf
ninja!
dudule
1manuel
death3
30011981
19861013
060381
horosho
251208
davidl
08031978
sinful
samsung0
ashley85
corona123
52013140
alejandro123
mahina
jessie69
enterme
bonner1
unique123
090693
minniemous
boomer5
possible1
moonman1
Bentley1
462016
120472
bhagya
artemida
diana01
20051996
maraton
caregiver
kristina2
560072
heaven5
12345zz
charcoal1
rambutan
vandread
superman28
020677
Nikola
24041978
03101979
lynnlynn
lamar2
army11
taipei
150496
fake13
a123123a
arsenal5
notnot
samsung09
14051977
elijah13
samogon
mango5
210874
bornfree
twostep
210876
bookitty
getrdone
091294
270678
april2010
sammy111
12051977
cookie44
09111993
super21
nicole82
101299
vasilenko
miraflores
34563456
nagano
rjgtqrf
zachary9
ankit123
krish123
lovemebaby
kasabian
freedom0
doris123
nike01
177777
rachel08
underscore
revenge!
19861126
040795
amooti
iamthebest1
classof2012
mizuki
270396
111963
courtney9
19851220
travis08
enrique123
65stang
waltdisney
denise69
fktyf
timon1
03061978
251196
hank123
reference
manolete
rere12
pokers
holsten
schmidt1
1356
post
london00
FQI3P8arjg
vonvon
841020
17051979
21AINIYAN
COURTNEY
super007
philippe1
tbird
a9999999
nasdaq
pinuccio
gangster14
jackass01
babygril
ladykiller
brooklyn01
Liverp00l
gangsta8
lori123
myman1
cubs12
moriarty
fattie
nicolas10
280795
pikachu25
faraday
841012
myspace83
katie18
qwaszx1234
jayjay5
bubble7
anna2004
love2me
roses12
pfqxtyjr
bloodgang5
guo150
260677
basspro
19861124
110375
austin25
zenit
jamil
pumas12
davina1
pumpk1n
mimita
gigant
niceboy
28031996
400003
25091994
marriott1
poohbear20
leothelion
lollypop!
120398
140275
toriamos1
45874587
luisa123
sherlyn
ghjcgtrn
passw0rd!
gogetit
march01
350chevy
ina123
11021977
smiles4u
04121981
summer19
Fuckoff
birthvillage
240477
1azerty
suleman
uekmyfp
olympic1
fff123
cancerian
redblack
missy1234
151981
190994
som
1cheer
jakester1
extremo
mypassw0rd
sofia12
razvod
morientes
jordan34
diana7
music2008
uyjvbr
sexlover
rock77
26101978
krishana
realman
baller45
aggro1
13701370
getlow
170477
29111994
654321p
100996
quicksilve
paolo123
153486
lolo22
kopytko
198531
david2006
ricky01
cooper14
checho
140505
24121978
june1997
diebitch1
practice1
passion4
royston
pierina
bowwow11
aud
30003000
eurogunz
utvols
ANDRES
activa
15051505
rangers7
my_komp_777
j00000
breebree1
elvis11
faktor
seductive
chiquitin
09071980
ag1234
basket10
houghton
hottie44
cheese15
daddy'sgir
bibibibi
211096
akinsanmi
gorman
my3dogs
creator1
deadman8
bmw325is
23031977
saulute
jessica00
55554444
vball3
ghostdog
zbyszek
230276
concorde1
2113
bookbook
evybwf
198904
getmoney22
551976MS
tony06
050794
carlos28
841024
diedie1
bowers
polo90
02081975
vincent13
Olivier
199302
christiaan
t11111
mg1234
jambon
150296
raul12
mylove18
anhmaiyeuem
1september
nou
theduke1
please11
stefy
shippuden1
240575
197928
462001
sasha17
money2007
cosmos0901
kolejorz
dearmama
valerian
020796
chameau
dashing
01121979
20081975
moejoe
maddie09
reyes123
2530
dylan09
oneway1
bonghits
lilies
01051977
laspalmas
khongnho
mendel
enrico1
cameron02
19733791
james666
xuliang
philly123
leyla
breanna123
123dima
bomba1
10081976
camera123
02091994
kleiner
cutie95
jeff21
nyuszi
nick19
rhodes1
Scott
excaliber
minimum1
destiny99
fang2008
lewis2
19734682
bignasty
lovekills1
downhill1
030994
shannon6
821020
110707
hottie93
26121979
lakers15
00000q
tiff12
qazqaz11
251995
anna25
06081994
thatbitch1
zxasqw123
allsaints
chuleta
angelo2
22101997
fish10
1buttercup
101201
punkie1
truckin
battlefield2
qqq333
reddog123
tinkabell1
anarkia
rafter
181982
hiphop10
pillow123
7891235
hotmama123
110775
fartman1
080695
samuel12345
23121997
791111
tiktok
zara123
28021996
bengal1
emreemre
gerbil1
melchior
011111
bolleke
050795
180779
gabriel17
26041981
moomoo!
attorney1
markjoseph
lollipop.
25292529
blake11
198229
mallari
19791980
donavan
28071976
anagha
Logitech1
Blizzard
winter98
water21
kyle07
smiley69
linkedin8
sarahjane1
amberlynn
fatkid
shabby
200296
628628
jean1234
guitar77
onelove4
171977
24081996
eyeshield
aguacate
12345610
math12
14041979
willy12
wolfy
1tennis
310777
driftking1
Babygirl1
victor69
findme1
norcal1
darkness66
199421
ramrod1
nicolle1
egshm1
barcelona8
duckhunter
groupd1
megadeath
steelman
test99
567567567
flyer1
Gabrielle
v3URIAh1
Dreams
twat
karan123
wildcats10
love209
198109
ledzeppeli
panda14
krizia
lalala4
22081979
realsim07
killer96
flower45
020578
darkorbit
vanessa17
torana
Autumn
lefthand
oliver8
america16
sarmat
joejoe12
130875
suckit3
adc123
ahovbipw
95civic
matthew77
1436
1052
cobra12
qwerty911
102500
the1andonly
mewtwo1
warcraft4
060878
femi
30011979
2321
mainman
198129
united2
rahima
halo3rules
26081995
color123
shifty1
888888881
daddad1
pelle
boulou
123123123z
homey1
05051976
sasha2011
manika
charl0tte
vlad12345
yahoos1
bubba99
7nc4lqW7tO
03031998
80959002443
asdfqwer123
aqualung
asd098
dirty12
myfamily5
mikey10
s696969
shelly2
duran2
jamboree
tony101
anillo
041179
Julien
13111979
contra1
vaseline1
123456ru
06011981
wi11iam
chantilly
assmunch1
130676
52255225
skater88
tuan123
140576
scorpion7
210496
chloe6
197210
linton
dell10
Fktrcfylhf
240596
duke33
iiiiiii
21love
06071980
041078
copain
kailee1
alabaster
charlotte0
kornelia
270976
agapito
savannah4
czz224466
po
heyhey11
fidelio1
phoenix8
alyssa15
1adgjmptw
21061979
andrik
granny5
forsale
tippie
landon05
16051978
borland
dorota1
1minnie
addison2
nuages
jaymie
13081979
peanut101
111156
qwerty0987
fuckyou321
040779
1jamaica
RAND
heaven4
020696
boobie2
fuckyou187
chickboy
blue54
vt
rammstein6
jekjek
090679
shane69
surfer69
02041973
beaner2
sorpresa
lions123
nji90okm
klingon1
emotion1
borderline
121070
060479
mexican4li
annarose
sarah24
mommy34
040777
23121978
111111n
strawb3rry
dfy.if
wsxcde
kitty.
limestone
kuuipo
fefefe
victoria20
ninjaman
23042304
1google
rol
280578
earth123
red911
7jokx7b9DU
oliver77
jersey2
jhjhjh
hailey03
gokil
butter13
marina23
matveev
righton1
shade45
slobodan
fatal1
niewiem1
bigjake
199519
ipod11
199224
asking
251296
coolcat2
abby08
chimie
12111978
jessica90
rajababu
2426
onelove69
katrina12
shambala
482001
fgh123
mobius1
jodie123
ï¿½ï¿½ï¿½ï¿½ï¿½ï¿½ï¿½ï¿½ï¿½ï¿½+ï¿½ï¿½ï¿½ï¿½+ï¿½ï¿½
single2010
igetmoney2
disney13
Kennedy
buster44
jjjjjj6
jellytots
20091977
s1mple
cheezy
120304
NISSAN
05061995
26121977
979899
azerty10
486255
weezy12
09081981
ilove9
050576
Alessandro
199555
45544554
14061977
d55555
08101980
fuckyou100
110597
banda1
811225
lauren02
tristian
zero01
frenchkiss
nownow
filemon
sierra117
gilbert2
DEBBIE
bansal
01101994
rayman1
831024
paresh
abhi1234
24121996
chris97
eduardito
180396
198317
123321qaz
06021979
08061980
peanut00
pinky4
24081977
eagles8
ASDFG
ybrjkm
florida06
bayview
sexylexy
23121979
spotlight1
lagnaf
WINSTON
yfl.if
madhumita
orange27
dancing123
pudge
jaelyn
naruto91
101968
lindsay123
160195
mine69
delbert1
230376
baller16
x870624X
170596
05061996
xxxxxxxxxxxx
inglewood
123568
paperboy1
rebelde3
monster08
19861030
shelbie
rikardo
lordvader
amor25
Tatiana
2money
bhopal
mafille
jesusito
hope01
iubireamea
beast3
13071307
smokey15
frends
nokia3200
woodman1
amanda05
weezyfbaby
random13
xthysq
55555j
musa
060697
spongecola
nasaud
alliyah
dru
thomas55
060181
122221
10011975
snowball7
chloes
gateway200
112800
mko0nji9
leandro123
peace4all
ufptkm
finale
9191
eagles69
bowwow5
140877
drugsty
time12
780405
teddy101
mckayla
wildcats7
65432
pimpin15
model123
fuckme420
ihatemyself
lorella
familia10
sharkbait
jacinta1
star34
freedom88
010200
bypass
callie11
music2009
meeeee
bobo22
gators123
lalala6
jackblack1
barney13
basketball10
realbetis
house3
airline
0069
yomom1
StarWars
malathi
191094
asshat1
21101978
781025
cheezit1
anton1996
allmeu112
pas100
angel2004
pink100
a951753
penguin4
jenn12
1poopoo
132639
zxcvb6
mommie2
copper22
cool17
melodie1
elbert
dingle1
02041975
19871225
ANGELINA
danielito1
webmaster123
southside8
44gatti
cristin
snails
amenamen
hjcnjd
deathcore
ghost7
290178
sophia08
tygferrfddss
lakers33
success4me
socialwork
10011997
244
chances
palesa
111166
simply1
megamega
capella
17091980
internet!
mike66
iloveemma
apple55
131977
valentinka
happiness7
290878
booty5
114
1477
rockstar18
chaplain
nirvana11
rekha
ana12345
poop15
richy1
harsh123
puss
blackhole1
ddzj49nb3
pur
katie09
01011962
avengedsevenfold
trouble69
12081976
drinking1
whiskas
jaimie1
password37
rjycnbnewbz
creat1ve
soundwave
junior26
daftpunk1
roxas13
02111980
bella99
brainiac
evermore
aline123
stormy123
javier3
time2die
wiener
0905
nayarit1
sanandres
bruder
chase13
broke1
yasin
199303
geppetto
midas1
nicole44
reymisteri
130496
0904
catherin
kaitlyn123
Nikolay
crystalsaga
291078
081178
freccia
muggsy
bryan01
jackson14
honda85
snoopy25
costantino
kimura
rockstar17
balazs
theghost
fatboy21
icewater
theway
jade07
artem1997
freunde1
0425
sakura7
11031977
justincase
30041996
preston12
dragon83
lokillo
freak!
bloomfield
hhhhhh7
diddy
westside!
bunty
1truck
judgement
aleksandra1
rushhour
tomino
patrizio
elvis69
watchout
yxcvbnm123
kritika
billings
SHORTY
shea
akuganteng
gerald123
260795
raymart
2p76xH2xHV
p1p2p3
123a
lollipop10
1350
mixmaster
puffin1
mcnabb
nad123
yeuemnhieu
intan
beata1
fatboy10
tara1234
hubertus
contractor
moliere
Gordon24
18031979
sammyd
marino4ka
cheese88
sodium
lindsay7
lib
porfavor
nichol
gigglez1
lunette
1593572486
210476
mainz05
greenlantern
ilove17
vbnvbn
jamielynn
15081996
redsox4
Kitty
9797183185
giggsy
purelove
junior420
hazeleyes
manman11
ragdoll1
19216801
flowers22
irish12
ponorogo
dalia
newport01
denis1991
charles!
bella25
barby
9788960
gfyt63gd
tigereye
021195
sunset7
190300
30103010
bekasi
harleydog
chico11
Nick
zxcvbasdfg
love1981
anorexia
dima1988
ryan20
tink3rb3ll
amor17
westfield1
0525
zuzia
celeste2
uglybitch1
oscardog1
james87
sasuke01
liuyang
jenny07
account2
dragon79
007911
ponce
d1bd6bc58c1d74df41a957489c9942f5
memphis2
030373
dmx123
yousuck.
22081978
1360
plenty
cachorro1
joker88
123haha
emporio
fucker21
kocicka
11111974
thu
chinois
01101978
cfvfzkexifz
bitchplz1
phillip123
lilla
iloveyouf
bitch111
james2009
rocky24
sweetpea7
farmhouse
edmund1
290677
261993
sanluis1
gingerale
roma1927
199005
2120
010199
1281
151095
Password99
sparkplug
772324
grace23
schoko
rosie11
themis
afghan1
140474
HOCKEY
easier
55555555555
montesa
7546
4545454545
yellow27
boogie01
15051977
davidt
Alison
chyna
kayla1234
chicago22
dirty123
21111995
124365
2357
vance1
armine
nastya2010
giorgina
ilikepie123
skater09
massi
121214
potapova
amanda92
cassie69
lesbians1
kelly17
ravenna
050494
190993
babyg123
17111995
19851023
25081978
chi-town
26061979
dumbfuck1
pooh24
newport20
thaddeus1
2536
hulk12
paska123
oluwadare
others
misty5
beautifu
071177
nallepuh
261276
586586
virendra
cellphone3
dad101
126
intruder1
dvorak
youbye1231
donkey7
samsam12
19051996
228228228
colorado12
thistle1
murat123
sketch1
12101974
showdown
19851217
s0mething
090280
ashton3
197926
199420
86026403
honda80
calvert
ranger75
060978
220474
17071996
13041304
tanning
polniypizdec0211
123abc123abc
krystian1
280677
biker123
cholito
volcom23
beauty21
bigdogg1
gang123
elmo15
puspita
110674
rock15
7v8bv5TeoW
pebbles7
kiki07
1business
jamie08
19971998
adrian05
nutcase
1344
rfrfitxrf
imani
30121996
w0rdpass
1237
denis1996
rfn
naiara
20021977
jason28
pandita
66chevelle
07061993
molley
131072
paris5
andrea89
sebastian12
06041981
040408
12091996
kaylee06
14121996
diva07
050280
chris1991
15101975
1teddy
lele12
vlad777
120199
eclair
falcon5
mjordan
Alexandra1
horsepower
301094
02071995
concours
number1son
ping123
080183
jessie08
211296
24021976
chhaya
12781278
gabriela2
210277
cassiopea
26031979
shanky
coolbuddy
winthrop
domino11
170378
boxerdog
turtle8
spence1
123456gh
1hotbitch
160378
elieli
1ï¿½ï¿½ï¿½ï¿½ï¿½2ï¿½ï¿½ï¿½ï¿½ï¿½ï¿½
sugar69
030695
homegirl1
amoeba
savage23
conard
pekmabz
1oscar
angelo01
crapola
madness7
kondrat
260396
050508
111222333q
linsey
ABIGAIL
carrie2
110200
wowowo
jana123
190194
bilgisayar
toby13
uuuuu
mistycat
Barbara1
11122
221108
angry1
03031976
nhf
sloeber
13577531
rockwood
rihana
penny3
011077
mister2
080294
11071978
oliver15
Diamonds
sexy86
25021979
ordinary
h0td0g
199626
1234567896
22052205
helado
160794
tiago123
wedding65
19861125
06031978
sureno1
whatever09
pumbaa
coastal1
osasuna
wildhorses
wahyu
24111978
devon11
19861213
sc1234
howhigh
ammulu
pantera12
FISHING
Bailey01
joeboy
147159
tomwaits
pueblo
stupido
dragon75
poroto
denzil
bubblegum9
38253825
290893
080281
081983
presto1
here
chicony
connolly
newport3
azules
12345ï¿½ï¿½ï¿½ï¿½ï¿½ï¿½ï¿½ï¿½
carita
ilovejenny
ladida
pow
salah
ivy123
champa
leonardo2
sugarbabe
ff
bracelet
shannon21
160022
do
olawale1
10061996
if6was9
fairy123
07021982
15101995
savannah13
cebucity
dragon31
19091995
quijote
04081995
020272
blissful
19851016
17011977
0313
hello98
miriam123
horton1
browser
060180
juancamilo
delapan
a12345b
petro
030308
suckers1
oranges2
antonio17
adekunle1
eyecandy1
xavier04
pokora
arthur2
wifey
20101996
ashton11
austin19
compac
453
beatle1
pizzeria
logan21
01091977
FLORENCE
141977
16021978
020377
cass
kyla
751010
bea123
123456dj
linkedin77
jamie15
090181
amanda26
241992
271980
hope23
050977
170296
Ac3SG728
bestie
dalibor
casey10
carlos88
04061995
bartosz
519519
pokemon1234
beegee
151275
13101976
qwe12qwe
vampire11
24101996
tomaszek
freedom200
myfamily4
lilbro1
199305
airjordan23
1bigcock
tee
melvin123
tamara2
25041977
boulanger
amanaman
000099
130796
hitchcock
060709
19021977
lacrosse9
skippy01
dct:
ï¿½ï¿½ï¿½ï¿½ï¿½ï¿½ï¿½+ï¿½ï¿½ï¿½ï¿½ï¿½ï¿½ï¿½ï¿½
hardcore4
psp71835
cangrejo
woofie
silver16
nokiae65
mike31
c7777777
peter69
ilovegreg
tangerang
clown123
260377
cth
chen
boyz123
200195
02061974
130895
dalmation1
idontknow.
monterey1
adm
..
123012301230
lauren24
161077
mylove16
theman3
xh247AHGUM
getmoney24
xxxxxxx1
isabella09
doraemon1
travis.
busterdog
mari15
trixie01
iso9001
schmoo
700084
snake13
backbone
07121980
test2
nowitzki41
winxp
jambo
thequeen1
fucklove23
nascar6
123dan
vanish
michelino
happy321
120274
13011977
letmeout
handle
qwe987
15081976
080280
silvia123
;tytxrf
egitto
17041977
091277
latinos
SIERRA
bulilit
illusions
steph23
babyboom
MOHAMED
perdana
hellosimon
091179
bruce2
daniel2007
alternate
mis3amores
mike2006
5string
jerkface
200895
twins07
casale
050409
timbuktu
santoshi
M123456
kevina
1brown
salut1
doctor12
700059
vaz2112
vanilla123
Hannibal
hutchinson
invent
dus
mirana
gotti
ladybug08
jonathan07
sk
lucky26
aceshigh
cntgfyjd
tytyty1
080680
elephant123
case
Jamaica
300808
31337
emmalouise
scorpio12
bdfyeirf
030295
revenge2
atienza
krusty1
happylove
velosiped
Ð¿Ñ€Ð¸Ð²ÐµÑ‚Ð¸Ðº
031275
wayne13
gxtkrf
27021996
081989
ghtdtl123
goducks1
samaya
tanner7
patates
rjhjdf777
brutus11
azsxdcf
puppies5
beastly1
1sabella
jasper08
doit
24091979
iloveme16
katica
microwave1
jackel
120906
shields
52545658
221272
199319
babyboo!
hansol1
loyal1
04091993
yyyyy6
thunder23
hawthorn1
30091995
bobby101
lucious1
dragons3
2loveu
joker9
1122qq
lilliput
karolcia
nazar
qwaszxqwaszx
canuto
liverpoolf
061296
maddie22
maggy
swisher
hohohoho
mysterio619
08091979
jessie07
a420420
qavcx411
ï¿½ï¿½ï¿½ï¿½ï¿½ï¿½+ï¿½ï¿½ï¿½
zxcv12345
dimples2
men123
a753951
green34
erika2
det313
131194
kobold
pepsi22
sdf123
19851210
07061980
102088
aeiou12345
sophia13
shelia1
mini14
dashit1
rina
0121
brian!
duval1
farrell1
konakona
halibut
wigwam
oscars1
251993
140596
nutty
270294
841026
danzig666
eee333
jonas10
03111993
010496
Motorola
vacance
basketball13
smolensk
gn9gu44s
incase322
slovan
cocacola11
201030
kolton
della
flyleaf
cbvcbv
richbitch1
oneday1
marie02
bitchass12
789456123b
241980
Q12345
limoges
myface
blue47
23111977
dangermouse
111297
08051981
brice1
Chloe
13671367
denise07
sasuke15
sinaloa13
plastik
zeenat
alex82
profissional
bikini1
13081308
jack33
dj4life
divagirl1
y3llow
300378
291992
iminlove2
love38
nounoune
anime2
12123456
milkshake2
dungeon1
miley10
dododo1
boys101
23091977
1915
tweety20
melvin12
regan
charlo
tarelka
sk8tergirl
rocket21
yyyyyyyyyy
minous
kthfkthf
Ingrid
26111978
2kids4me
killall1
poohbear69
190779
17081978
20061978
lvbnhbtdf
eastpak
marduk666
Athena
121072
istina
grad2006
muffin23
cesarin
danny06
Vikings1
runescape9
mammas
tahlia
sunshine87
23031979
150177
ahmed12345
wicked!
topspin
softail1
samoan
335533
duluth
nogueira
Skyline
tootall
19861119
guild
movado
krypto
backhoe
zukunft
blake13
gregory123
11011996
786allah
110599
caledonia
0325
green66
helikopter
import1
17101710
secret0
stokecity1
mercedez1
callofduty2
macho01
lana123
sixsix1
wassa12345
sallad
elo
56
philly3
weldon
muratti
280475
11071977
18041978
hannah20
060977
espanha
Esther
00114477
manda123
821011
jerryg
perico1
tweety25
29081995
081990
201176
21072107
poohbear17
choucroute
ASDFGHJ
friends33
october05
godwin1
pimpim
240995
annieb
fengfeng
1299
01101995
sexyangel1
traci1
pimp02
kharen
06061975
588588
kayley1
19831015
02081996
mama1963
lilbitch
15111979
boston69
honda8
bonanza1
wakana
queen4life
270496
extasy
petardo
010601
16021979
babypink1
cameron15
040993
pi31415
cute07
freemind
110274
rose25
120872
987654321g
mark06
raider11
spanky13
ismail123
111555999
bunnyhop
themoon
19851121
jamie6
mommy18
hezekiah
lisaann
uuuuuuuu
monkeyass1
13579246810
Mary
promise123
louis12
rose77
060395
030678
vallarta
winfixer
18041979
julian22
241096
051194
281175
sudarshan
propel1
aswang
haley3
death2u
smile09
08090809
thepassword
rinat
patriots2
19271927
elunico
fluff1
nikita98
jembut
roar
ryan19
spider!
yellow19
snipper
sm123456
longhair1
051078
721721
micron1
Ronnie
eddies
loh123
090281
lilboo1
29121978
spider6
091279
1marley
020201
thankful1
4beatles
11041976
shorty1234
minka
amazinggrace
040807
10021997
236589
199406
123456789ma
rosa1234
dron
karina14
mivida1
bye123
kiler
spike10
03091979
badboi1
emily2005
willie22
robertito
150875
199006
natalie8
2121321e
kennys
102489
swordsman
eazye1
p0pcorn
13071978
14151617
repmvbyf
besiktas1903
letmesee
honeycomb
hihihi3
pinecone1
rocky111
ilusion
yousmell
latina123
marine11
25091978
iamcool!
focused
123156
10toes
edward24
jabari1
kingsway
258456a
11041978
isabel11
hellboy123
precious!
elizabeth123
shubha
drexel
iris123
cezar
trustme2
lady14
purple78
jeep95
sunshine45
tintin123
09091977
renaldo
crazy8s
070596
atlas123
dfg123
120805
200008
Moneyme56
060778
citroenc4
linkin12
17041979
cassie09
daniel2000
skater18
sasha1990
723723
barata
toast123
purple04
271296
angel4u
71chevelle
grace05
danelle
123456ABC
23132313
19061978
aaa444
yuiyui
sweethart
magic69
636332
Broncos1
djhvbrc
09031994
25071978
01031975
patria
the1man
02091976
251075
mindanao
kaylyn1
minoucha
hotchicks1
april1994
brianna06
pooper123
a22j5Bffci
540000
tarifa
has202020
mama18
211174
barreto
jaydog
lacrosse21
whitley
10081975
19021902
cereza
198631
babar
losers2
240278
fucklove10
cali11
091177
vrushali
654321w
vanilla12
wildcats3
zverev
chelsy
redskins12
191178
victoria07
14111979
03081977
roach
hotmamma1
diana3
aniani
100499
igot5onit
maddie06
clover7
company123
muzaffar
opus
girly12
20032008
indianer
ethan03
1wilson
1godisgood
gentle1
barnaby1
cassie08
jl1234
killer27
meriam
charles69
minime123
wayne11
echelon
4everluv
smoky
wehttam
031278
211994
1december
06081979
123spill
07011980
loller
durham1
loko12
supercross
riogrande
hotboi1
blue2222
250676
1qwerty2
moose11
asshole420
221296
denisov
pelota1
airbag
energy123
110105
fatbitch
25101977
magic10
myprince
berlusconi
aaaaaaaaaaaaaaaa
acinom
professionaltools
hanover1
slime
glover1
putaputa
emily101
100397
101067
jor23dan
123456mama
help4me
gracie09
misael1
ashokkumar
226012
free2beme
faggot12
poop24
sweeti
biblioteka
kok
fizika
midnight9
021102
condorito
neha123
sandpiper
babycakes7
987654321t
sunilkumar
response
mercedes11
jaydee1
qwerty123321
123321v
sprinter1
luckyluke
hottstuff
skyline3
bella77
140676
ariel2
thegreatone
bubamara
208208
slalom
taugammaph
albino1
123210
ilovejuan1
fotograf
corey8
ilovedj
brigida
reynold
fuckemall
Joanna
123456ï¿½ï¿½
07071978
crypto
bandits1
bigboy8
811024
assumption
1wayne
mehran
123mike
x8AxspuMEz
mayfield1
vinicio
lovers14
macy
100175
1340
01092000
05091995
linda23
577191
suman123
london4
ineedu
joeboxer
mysterio61
chode1
adam12345
sophia3
encounter
14051995
23052305
07051980
flameboy1
brazzers
tophat1
rodney123
alicia23
01111980
monique4
batch
123103
rossie
11051996
solange1
olivia15
david55
playboy17
meshmesh
edwardo
baby2004
dst1913
marmelade
heat32
66996699
outsider1
mischa1
darkmanx
180977
july2005
VALERIE
ï¿½ï¿½ï¿½ï¿½ï¿½+ï¿½ï¿½
cupcake09
lynn09
sydney22
hemanth
jojo101
Lj352d1ib31
celtic12
14221422
daryll
xi345BIFVN
hanna12
600089
asdfg11
20041889
kittens12
051178
xyxy159753
ÑÐ°ÑˆÐµÐ½ÑŒÐºÐ°
amherst
badmus
encarta
troopers
Ñ€ÑƒÑÐ»Ð°Ð½
elliemae1
julian14
4weaxQ642E
1adgjm
step
10011977
basket5
betterdays
311275
single18
buba
15091977
Kenzie14
aA123456
22011995
300878
nolase
kadence
11121976
loulou22
testme
130276
ha1234
tennisball
rudi
26021979
32143214
debbie69
jenner
cindy01
jairus
puntacana
eqes606898
3e3e3e
password73
year2007
customer1
singapur
mary18
natasha13
dillon2
190279
woodbury
876876
desdes
1katie
19091977
sd1904
bubba09
comander
140195
tasnim
880505
admin2
ginger33
water10
828828
porridge
bigmama2
ford88
Sam
snoopy.
09011993
awesome8
asscrack1
Alenka
abby22
gerlinde
moto123
6435
03kids
mary16
fairydust1
andre13
0919
kotik
bubba24
dipika
lastfmpass
sheba2
beerbeer1
nina10
pointbreak
rjktcj
ashlee123
bloodbath1
misbebes
hawaii09
Skorpion
deathwish1
venividivici
orlando5
houston281
121171
4454708
barber24
jessica91
090907
06101981
03051996
hahaha6
420024
100109
sandra.
lauris
trystan
theboys3
198030
twiglet
jakeman
19871989
Damien
crazy4life
mater1
dodge99
sloane
steve5
massena00
30041997
freaky12
robby123
maravilhosa
viking123
megusta
teardrop1
211275
west49
eddie7
hallow
greenday9
dispatch1
achraf
130775
sayang87
allinone
buster17
06071996
monkey83
sexybabe12
1sugar
monster33
ciera1
p1p2p3p4
emopunk1
irland
friendz1
jndfkb
dorotea
dhiraj
blacklist
tiffany9
211076
28051995
01041975
zxcv0987
marshall3
smallboy
673kobby
bosshogg
0314
prince09
100296
120102
toma
morado1
886688
schultz1
Martinez
bubbagump1
never2
twinturbo
171296
19841013
yuri
slayer66
sms123
alpha3
impretty
ernest97
antihero
w1ll1ams
coolwhip
touch
355355
saliva
diablo01
julian5
789512357
nognog
nicolas01
goodfriend
monkey911
132313
redred12
18121977
130303
ivan1993
norma123
sasusaku
Voyager
120471
kalafior
mommy15
161195
21071978
les123
nomads
weasley
time2fly
chikis1
diamond06
justinbibe
roofing1
03081995
mexican10
panganiban
270677
560052
hummer69
jake2006
16181618
moonlight7
SHOES
221994
nora123
composer
060196
28121976
troy11
17051978
1gracie
kosmos1
axe123
mommygirl1
sammie13
rhtfnbd
21021978
050478
duke08
15061995
150196
l33tsupah4x0r
basketball3
20081996
300778
ittybitty1
1433
19841019
02121977
20031976
Kayla
pinky14
faisal1
pampers1
sasha2001
redzone1
cooper!
piper2
shawn21
asdfg456
trees123
angel1988
11101979
1sebastian
GvqZvxUb76
kiki16
bunda
thedark1
101271
Ybrbnf
100574
tiger98
bella03
jetson
cherry25
18811938
05121994
122005
reserve
ashely
080181
290794
albachiara
free4life
nehemiah1
kader
opium
pierrick
25452545
lorie
198677
524524
pepper02
1password2
rachel88
allstar13
meghan12
sosososo
130897
party5
mc
axel123
shay14
greats
sabastian
0705
hand
heatwave
mama00
chase5
a123321a
wrestling7
mentiras
daisy06
youness
serena12
ï¿½ï¿½+ï¿½ï¿½ï¿½ï¿½ï¿½ï¿½ï¿½
030676
10011996
softball02
199522
rosie3
weener1
tinktink
1linda
elrey1
gabgab
04051977
rossi1
staple
monkey82
chopper3
younger
05111980
poopoo9
ilovethisgame
dctdjkjl
kickass!
230176
samtheman
Morris
renan123
snowshoe
jasper09
040793
334433
motorka
golf22
23101977
dime10
04011994
mangala
labas123
lasvegas7
1434
artemisia
mummum
getoff
myspace81
160596
born2kill
821228
teresa11
opelastra123
mandee
telefonino
denden1
wetwilly
himom1
marcus99
hamdan
lol1lol
xoxo12
14031979
gorillas
pengpeng
joejonas2
414414
jackie08
brooklin
malgorzata
bowbow
life21
nigga01
tonitoni
29031980
mahimahi
brad1234
303132
gopnik
flatout
solara
lukaszek
angie3
superbee
abigail5
micione
mwangi
Henry
vasara
canaan
197519
jaejoong
sone4ko
hokej
tpain1
jktctymrf
i1234567
020779
108
aa5201314
sister11
sexii
rtyuiop
7grandkids
271992
dodges
TAURUS
shelby15
lincon
07071998
iloveumummy
xdl65b6666
13121976
lemondrop1
feranmi
pazzainter
779977
tosha1
crazyass1
crazykid1
ashley28
mimi21
lynn08
06121979
daniel2009
noble
heygirl
guacamole
1dennis
bmw540
hayden09
31081979
thegame12
golgo13
biscuit2
12347
auction1
24061995
im2cute
tatianna
bizzle1
booboo07
fucku9
autumn08
Tommy
morena13
cxzcxz
bobbys1
040577
fister
120208
gwiazda
crumpet
qwerty1981
30051978
iwantyou1
21082108
linked01
ginger02
15011996
louis14
andres01
lovebug!
flamengo1
MANCHESTER
minnie4
carter13
291990
ellarose
190678
12031977
freak666
hjlbntkb
heroes5
divadiva
pumpkin9
secretos
zzzzzzzzzx
starr123
13011979
1257
minhamae
070994
madrid10
r111111
torchwood1
cookies10
eric18
tucker!
01071995
iamrich
precious10
zinnia
love73
tess123
firenze1
JASON
capricorni
tupac12
gunshot
babyblu3
crownvic1
takedown
charmed!
inuyasha.
milligan
l654321
piggies1
suckmyballs
558855
26031995
qingqing
22031976
fishing!
ï¿½ï¿½ï¿½ï¿½ï¿½ï¿½ï¿½ï¿½ï¿½
downloads
gatogato
goodpussy
12qw34as
missy14
14071977
300979
1234!
soccerman1
19912009
westside69
kaylee07
molly15
fattie1
fruitbat
120672
19871028
102345
hotchick12
brazilia
cricket11
jackie09
10121972
cerveza1
xxxx1234
bambam23
zoey11
gage123
bear08
wizard01
streetfighter
060295
1122aa
callista
anglais
041992
blackness
jasmine29
teddy14
fatamorgana
bente6
rubberband
neviem
050481
nathan19
grammar
yoyoyoyo1
isaiah4
181178
tipperary
moocow123
postit
210375
200377
kurnia
cali1234
melissa19
luke13
ainara
lsu123
c11111
lynda1
liyah1
u8u8
7008
renee15
29041996
super01
bear101
020405
niyah1
alysia
tennis08
hotpocket1
erzurum
19071978
WIZARD
261173
aaa147
dean11
anika1
4mygirls
220876
QOXRzwfr
070381
texas4
gypsie
230996
300476
2grandkids
nay123
dylan02
211176
21081978
notforyou
prettyme1
gammaray
22071977
291195
baby420
4pussy
lilrob
trusty
maria26
king44
flowerpot1
121965
111171
080995
lesedi
uiop
london2009
harley33
180794
loveme0
plombier
tracer1
esp
180795
longview1
05121995
cheeseman
lovelyday
seguro
greatday
sofie1
dima2009
211990
wwwwwww1
darkness3
cheri
stone5
christmas3
babe16
06111981
bitch93
angel72
kfx400
blb
piston1
yellow66
110899
hunterx
21101976
elgato1
tinchen
super17
27031978
brooke06
emerald7
garfield7
Infinity
durand
doolittle
jacob17
baseline
31071979
01111981
nikita2001
george18
chiqui1
boricua21
lovelyboy
colorful
jafjkshf7y6w34rjd
bluemonkey
smiley22
scouse
catrina1
fishboy
volcom8
def123
nathan1234
badass!
irenka
avondale1
cookie20
anupriya
ghjcnj123
pword
1029384756a
aj
fairlady
260977
jellybean!
blue789
connor4
ilove$
brooklyn!
banking1
tumble1
pashtet
yahoo.com1
alexx
marines12
oldies
020995
Kimberly1
peeps
040678
tiggers
marie90
opanka
music12345
manju123
kaelyn
199013
markjohn
19111979
smiley23
140476
mmm333
sandbox
kenjie
fuckthis12
260778
st1234
eman
india321
spliff1
skills12
harley9
sub-zero
brianna09
09021980
acosta1
schatzie
kaley1
keshawn1
5angels
rip2pac
sex777
210278
122805
alumni
11061978
tony1
11051976
20011977
cellular
CASSIE
13451345
m1space
qazwer
twilight8
dance15
alexis97
ivor631996
leafs
105
270895
cheer6
icecream6
raymond5
email123
greendog
YANKEES
grandma!
highheels
101064
futsal
vbkkbjyth
sucette
monkeyz
070608
fiatuno
29101995
15101976
vfktymrbq
08091995
girafa
homie3
aaron24
babyboss
malik2
romani
380008
crystal08
paradise7
honey19
sierra99
stiven
scranton
rachel07
001970
adidass
besiktas1
kittygirl
busola
20071979
poiuy123
goats
wan
sprinkle
albita
123987a
copyright1
blessed11
james31
poetic1
336688
flip12
11121975
njqjnf
alexis20
vJS9Zdgyrn
playb0y
marvin13
sammy24
blackeye
goal
01041976
junebug2
30011994
friend!
hahahehe
159630
331133
shrek3
omolade
xxx123xxx
kenneth7
199107
numbers123
diapers
enteng
199424
veleno
19052005
hayden3
seasea
220674
889889
integer
160597
weapons
luvme
britt16
thuglife3
12345hi
nkechi12
px6gcr51
burns
fernie
1water
fatcow1
110697
love4him
05081979
sanasana
1linkedin
wade23
beast11
nothing11
tierney
1x2x3x
rockers123
harrison12
stupid22
18111995
annamaria1
razorbacks
winter23
021196
miller7
leslie3
puerta
quita1
cheena
170576
w1952a
cookies9
08041978
Aaron
bball07
imapimp
celestin
matrix00
futbol7
18091979
ownage123
sugarcane
wooden
inception
siemens123
iphone123
corrie1
16899168
010901
london24
1albert
101269
Torres
fritz123
13011980
diamonds12
salford
summer67
player18
280277
120508
yfgjktjy
lunch
donvito1
innov8510
mascotte
loner1
migrationsandeep
Titanic
great8
27111993
hdfcbank
1boricua
31031978
thunderstorm
rodzina
skylight
FRANCE
boriss
18081978
oliver69
erwann
vagarsh
11061976
210101
stephane1
kathleen12
torrey
sonyvaio1
hershey7
89
3323
simple01
tulpan
dalailama
towtruck
schranz
jaxson1
nefertari
teddy4
allme1
1qweasdzxc
vegemite
kucing123
schizzo
fenwick
vainilla
whatthehel
rayray23
fiddle1
gonoles1
jazzmin1
102400
youaremine
house11
luis19
inspector1
sexi101
sexygirl16
spencer!
sublime7
reptiles
nagato
170977
leblanc
12061997
jimmyjimmy
britt07
dylan15
30063006
beba12
pink321
patrik1
khushbu
03031997
bambam!
270978
busterboy
160377
elmwood
madi
whatever14
ilove!
101173
090793
seabreeze
P455w0rd
slyfox
chigger
110806
matt77
ftbfrvlg17
422422
ernestina
burnout3
mercy123
kyle08
moxie1
REGINA
2n6ezl7XhP
200295
ikke
1q1q1q1
torment
eminem313
carrillo1
snickers13
panico
william03
241275
abucanda
130196
???????????????
lee12345
schuster
vfvfif
hardman
250375
babyboy24
24061979
yahoo69
fuckme6
080108
Shelly
cangri1
belmonte
allie2
autobots
hottie55
110872
as0000
210674
ranger6
caca22
s39jWbw5iA
kaczor
sora123
anggun
566556
9021090210
141996
space5
luisalberto
newbie1
Daniil
CHEESE
badass22
1824
blessing123
augusto1
crusade
beetlejuice
raiders15
tiger2010
chopin1
cirillo
300600
123789abc
hardwork1
yummy12
summer96
sideshow
090678
1cor13
maimaiyeuem
runner11
28051979
viki
asswhole
duncan12
zoey1234
27051977
boriqua
a42904290
christmas7
nopasaran
ivan1995
batman27
joker007
teamoamor
041194
eminem15
301176
grade6
caddie
marie86
donita
romnick
frank21
cintaq
25011979
bs1234
fernando.
coolguy2
27011978
125001
juicy69
whitewater
buddycat
231072
medion123
madoka
lovedetoi
toshka
fernande
sureboy
strawberr1
young3
091194
rach86
password40
zxcv123456
amb123
satriani1
150375
555555555555555
London12
1388
patient
270295
niania
19871025
collect1
123951
85207410
love1313
funny3
090309
fresh14
booboo18
usuck123
fred1994
felix13
ronnie11
iloveyou98
rmz250
04101981
abel
clubber
colombiano
arun123
pawelek1
vicenza
fairplay
menmenmen
milkbone
18061996
200378
carter09
wkgMmjH623
myhumps1
noah06
cheese0
alamo1
011278
kelly1234
poopstain
santodomingo
tara11
lop1346781
kepompong
loveu7
perro12
19081977
21021979
15051996
bonnie3
bettis
Garfield1
treats
090694
030608
peanut1234
cassidy12
210376
killa4
london!
erection
69camero
melanie01
lollipop8
07091980
kikelomo
cheer9
Penguin1
loneliness
casper!
dorothy2
28121977
132456789
darklight1
lakers!
2266
nichole123
bunnies2
hillview
john27
yourgay2
kiakia
841022
password1.
24031979
loveyu
blanchard
sexybum
april89
110303
mattew
zebras1
150876
198488
chargers2
03021977
twenty5
nostress
joelito
dirtbiker1
timothy5
golfer2
198731
foshizzle1
11111995
09041977
love1love
score1
renee09
johnny16
covergirl
195900
studman
Raymond1
gothic12
john26
qeadzc
STEELERS
getatme1
26091994
gfhjkm12345
samana
callum12
bullshit3
sportage
16111978
daniel2010
johnmayer
ora
southside9
Romans828
manu4eva
blonde12
5demayo
onemoretime
chicago8
adrian16
bubbles99
250695
sona
pink32
delvalle
plato1
fuckuall1
mamie
Hunter01
ABCDEFGH
snoopy08
priest1
070194
football04
minty
acqwah
crystal09
walker11
bluerose1
cheater!
Ð¸Ñ€Ð¸ÑˆÐºÐ°
mario4
13071979
j121212
jeep99
sexyblack2
anycall123
bella19
greygoose
11091978
corkey
Justin1
ranger88
newlife2011
scooby08
hash
Soccer10
rose07
bodensee
spaceballs
london55
020777
801225
children7
happines
afghan123
230874
New
dude77
diksha
babyt1
submarine1
Hevhk43n9J
a7758521
070694
crazy111
180596
20021975
120272
15031503
gampang
emma09
tyler.
1234567890A
01121978
beirut
chicken99
magic21
george17
20031997
1234567891234
chopper7
maddi1
149149
06121995
13051979
19061994
821210
filippo1
phantom7
potters
spellbound
mama1961
frosty12
bruno01
neymar11
w1953a
justin91
ellie2
hokuto
alquimia
pallas
922j5Cefcj
040498
tyler97
india12
peaches10
costas
macduff
greshnik
raiders20
140298
414200
9119
091295
gege
523252
lolman123
thebible
1brian
oleg1998
zxcvb1234
doughnut1
amoah2010
65
qwertyuiop789
jamesy
mykids04
swab123
ladybug22
magdalo
angel1998
Hannah1
shanes
kaylee11
howard123
minger
alexander11
32
orgazm
KRISTINA
14121976
801123
Caitlin
George1
303
dawkins
balanar
12345678963
admin01
messy1
sagopakajmer
imissyou!
mmouse
sadness1
231296
cavaliere
261275
12051976
toasty1
saintseiya
fairytale1
090409
grissom
129
nigger420
belgarion
phalanx
20011996
lac
061979
Vegeta
hunter666
lafrance
240996
thuylinh
tem
fishfood1
azerazer
flowers.
bruxinha
030503
05021978
mattmatt1
123abc1
babybash
1potato
nikki24
bookmark1
hedimaptfcorp
8x2h4Fccap
karen15
penguin22
19111996
lucy08
marley08
wmtmufc1
catseye
fall2007
skater99
v123098
16021977
19841121
06071979
camry1
01051996
29101978
234649
ferndale
bubububu
21212
grunge1
louise23
muffin14
bk4life
09021978
cowboyz1
021296
dalila1
mandy11
BOOMER
codybear1
viking12
orange66
130377
ha123456
181983
boredom
cowboy9
hunter94
suplada
buxton
21051997
anthony29
20081978
massey1
kmdbwf
oreo01
boss22
02071975
281095
djkrjd
dragrace
tema
hamster3
atown1
backdraft
elzbieta
deltas
babyfat1
patricio1
210505
house5
05021996
automotive
noworries
thatguy
kenny69
sexygirl!
fireboy
250476
0923
donkey3
memere
camisa
hotmama12
kenz4u
fuckyou90
198013
hotmail5
music06
jackie6
oreo14
pimpette1
riding
zaira
fourier
160376
cookie02
britt15
bigboy08
Lucas
toni12
galatasara
28082008
fire10
210574
pirates12
atlanta123
iloveyou..
lovebug10
27051995
sumeet
notme1
2bhappy
26101979
kkk999
murphy7
211006
1alejandro
sarahann
reject1
longhorns7
140299
06061977
030477
snow22
kissme23
masha1998
carrera4
timmy01
102001
eros
buttercup5
falcon13
homeslice1
bunny21
rimbaud
mickey27
redtruck1
badazz2
polinochka
sssaaa
cuddle1
k1mberly
Katie
useruser
19861110
ilovehim10
steph21
cutiepie23
fishing01
panthers5
spike69
crayons1
ps2ps2
damien123
olga12
deaddog
snowman7
smartone
ghjcnbvtyz
brunswick1
pepsi23
PRINCESS1
gazebo
thorpe
asd147
2513
source1
25111995
kekette
thommy
andrey1996
latifah
faithy
linger
mason5
redsox14
awesome101
booya
gonavy1
manomano
23031996
orlando11
pejsek
ohmygod!
jackson24
antiflag1
080681
jenny24
dr.dre
ingegnere
cowboys33
11121977
161994
ego
slipknot22
ricardo22
kroger
hulkhogan1
25031978
kisskiss2
11031975
getit
killer777
maddux31
bettylou
400091
green00
31051977
boarding
fire21
welcome0
30081995
260278
atenas
Digger
daddy25
dreads
kobra11
310794
potter13
jess16
turnip1
19851223
mushrooms1
abcdefg3
7399
Kingdom
jamie07
monkey81
bf1942
slipknot14
powerplay
snowbird1
07111992
markovka
alex76
caleb3
Janine
stormers
170496
ramboo
19860214
2joints
sharron
bidadari
mari10
liberate
281980
fhbyjxrf
010166
honda1234
dascha
spike5
2q2w3e
ilovesoccer
pw123
200609
1barbara
030281
nadine123
tommyg
scrappy13
251175
beverley1
17091976
101510
jameslee
2jab4x2c
jbaby1
institute
yygjmy333
sss777
080182
heinz
28101978
victoria15
29121995
larissa123
zenobia
sodiq1
1313131
keanu
c0c0nut
harvey2
02091975
tete123
emma14
whi
poligon
confident1
16081977
dub
freefood
123car
hug
money888
1234567ab
beast5
scoobydoo7
mike92
050572
110573
backflip1
120700
qaz147
diamond18
1617
kandi
1christine
10101973
joselyn1
linkedin23
pragati
protege
mentira1
america07
517501
fuck1
wacker
savannah08
samuel09
george16
warrington
jesse18
gipper
line
ch1ck3n
kakka1
helloall
fatass3
jordan90
carmen69
jessie09
080394
longdick
310576
fuckyoutoo
der123
hola12345
eliza123
power8
p00000
chevy2500
1orlando
brn521
truffle1
diversion
jayme1
070309
1qazxsw23
kurgan
Dmedcn23sd
manunited7
hunter89
hodges
innainna
bab123
smile4ever
natalee
raj12345
kolesnik
berkshire
fandango1
computer69
200275
131296
diletta
simon13
aaliyah08
7412
quiero
193746
08081973
barney10
serafino
Xhh787qpcD
7117
foxxy1
hopscotch
ketrin
Password7
3tb8xL42BJ
poekie
marissa13
abcdef4
821024
cheetah12
poiuyt123
headbanger
102578
fuck66
913913
c6DjvmsKCx
jalaram
lilly08
kobayashi
marco11
fender!
xochitl
130373
joker45
goldie2
001966
090593
Lwf1681688
koalabear
polinesia
lambo
11223345
john0316
spaceball1
p1assword1
dallas05
#1nigga
hockey89
417417
10071996
daughters3
alicia21
19032003
corrina
329329
angie23
bilal1
stpaul
111198
021992
theone01
nanner
kissm3
gummy
20032007
19831022
jourdan
jc12345
System
prince!
rebecca4
ramada
whitegirl
15041996
11121996
3311
821225
uhbujhmtdf
7355608
kelly15
superman30
whoami1
matt25
micael
mistyblue
190895
27071978
kupa123
brandy21
g00dluck
11041997
150475
110574
04071996
2214
crusaders1
ras123
remember7
soccermom1
0601
Dylan
raider2
bovine
roxyroxy
16011996
1244
cream123
werewere
jonathan69
abcde2
charlyn
andrew86
life09
hadassah
ricky4
Jake
wo123456
blue91
find1234
Alejandro
luis20
821022
munkey1
alejandra3
lovesex69
hjlbjy
poirot
061078
1cocacola
333aaa
120107
n00dle
1patricia
hossam
panda!
repeat
gemelas
brenda15
66
south2
melo
att123
myspace.1
11794591
sadie07
idinahui
010597
dandan123
genuine1
parker13
ilovebritt
things1
toto22
310775
QWASZX
tipsy
muzica
sliders
emmanuel123
marge1
autumn3
Angelo
emily17
070280
prince33
october01
crazyone
awdrgy
120569
85chevy
poke123
mojo69
sunray
kahuna1
123456sd
silver18
skripka
rock88
fucknut
gegege
hap
280377
wasdqe
metall1ca
25011978
daisy09
071982
guru123
princess82
locos1
tigers84
terter
504boyz
september22
airplanes
jilipollas
valval
rocks123
19870101
199124
norita
jirafa
allison13
fuckl0v3
january09
deadfish
alex32
faisalabad
090183
verynice
gurl123
asdfasdf2
krasava
wilson5
barabas
neisha
121261
jigglypuff
setting
qazxswed
300877
201100
landon3
fuckyou45
froggies1
thing
110197
emoney
sommer123
2345678z
warthog1
tigger67
13121975
z7895123
sharon11
sereja
demented
rocknroll!
papang
bogdana
cvbcvb
new-york
sofias
pooh69
hotdamn
paradigma
almita
198630
natasha3
tiger27
eddie5
ferrari01
lafamilia1
27051978
eddie4
phoebe01
alejo
selvam
nidhi
123m456
mirabel
biking1
19051997
5point
shahida
monster16
justice01
garrett3
fire101
sampson2
tanktank
smokey8
310197
junior33
33221100
inlovewith
Ð¿Ñ—Ð…Ð¿Ñ—Ð…Ð¿Ñ—Ð…Ð¿Ñ—Ð…Ð¿Ñ—Ð…Ð¿Ñ—Ð…Ð¿Ñ—Ð…Ð¿Ñ—Ð…Ð¿Ñ—Ð…Ð¿Ñ—Ð…Ð¿Ñ—Ð…Ð¿Ñ—Ð…Ð¿Ñ—Ð…Ð¿Ñ—Ð…Ð¿Ñ—Ð…Ð¿Ñ—Ð…
yelhsa
babydoll7
041296
february26
09081980
lounge
22041997
pragya
14241424
tysons
boomer4
120774
vanpersie
allen21
cocacola13
080581
athena12
espero
smile24
ripped
galahad
behemoth1
guntur
rafferty
1corona
cfdxtyrj
brijesh
02091995
270279
7777777n
15031977
120198
chronic2
emachines2
kenny6
myspace82
desiree12
20111976
twilight9
green111
010165
robert44
190694
15092007
frank7
115533
alican
ams123
230796
motherhood
crystal16
2020202020
index0088
angela.
1147
khan12
040979
031990
golf4fun
jackaroo
nikki1234
hallodu1
lovelove!
050403
00123
alley
halo12345
samuel4
omar23
22071979
bookert
coop
nichola
milo11
4thofjuly
asshole99
lala07
trippin
zafiro
z19721226
parkur
25071977
silas
19011977
28041979
500
fourfour
cooper06
sliver1
25132513
denizli
qwaszxqw
poczta1
monika11
09051994
amiramir
kisame
detroit7
021202
money321
montel
apolonia
190179
muggle
Money1
joker8
bella02
kandice1
mason06
sunny1234
zachary!
ybrbnby
pinarello
damon123
coco1
821013
091093
197219
sweety22
pollo12
190278
241994
zizou10
bitch56
makeme1
pollop
nokian81
nigger8
200696
Deniska
mundial
gate13
piglet01
bulaklak
ilovewill
hello456
honey27
110474
jDnazp972X
munchen
ï¿½ï¿½ï¿½ï¿½ï¿½ï¿½ï¿½ï¿½ï¿½
tobby1
loverboy3
210275
22031975
peyton08
parker10
Special1
13111995
rosebud7
sercan
lindsay12
mooo
pickle13
descent
041278
09111981
300596
myhope
dabulls
jake18
julio11
23082308
westbrook1
connie2
332
tequiero2
finestra
cntkkf
shammi
chancey
loveme4ever
twilight123
teamomiamor
yosemite1
marcus15
vfvfvbz
lover06
java123
pirate12
120497
ryan2005
sanyika
summer45
140276
sports21
c54p7uikgb
nivram
sandydog1
boo1boo
25142514
heaven10
bobs
0000aa
redsoxs1
21041996
231074
sonson1
98chevy
christine5
04121994
brandon00
attila1
bask3tball
tyler12345
deadman2
bikerboy1
simon7
money2011
Doctor
pebDfcz3yx
delatorre
lillies
acid
maryjane.
opopopop
30101996
813813
luvya
athletics1
tinker8
fuckyou44
hs16Andi3Z
19851203
golden22
ilovemike!
20101975
brittney2
camaleonte
kulikova
15935789
mayito
adele1
020476
password51
chad1234
benji12
maksmaks
01101977
hotels
qq123000
fucku.
warhead
16041977
FRANCESCO
cr125r
rebelde10
acc123
110100
namaskar
homestar1
29061996
lapine
excel
chuck2
kingme1
david87
121068
waterwater
aziza
Emma
flipper2
abigael
197722
ballen
brigadeiro
brandee
lamar123
1kenneth
blondie01
salad
circuit
were12
180898
29081981
454
lambretta1
pink!!
199325
tallyho
indian12
sarkis
julian23
kirankumar
horse10
uranium
marcus06
bigboy!
sheckler
team123
21252125
deepsea
apple08
sun2shine
iloveyou56
200009
goons1
macie1
199405
kari123
urmomma1
pa88word
sarvesh
eee123
fcinter
funkytown
Bernie
unitedkingdom
141979
19101978
fishy2
malaguti
7777777k
onlyyou1
1213141516171819
Nemesis
watch1
16121977
22051996
doublej
dic
nancy13
cruz123
madremia
goggles
811020
ravshan
lilmama4
199014
klaus1
19932008
house4
keyshawn
glenwood1
27121978
040709
190879
pacute
henry13
010168
5550666
nicki123
mohitb123
020307
135qet
fredy1
connor02
icefire
beepbeep1
95camaro
superman45
angel2001
sammy05
jack25
drifting
absinthe
teeth1
16121996
maggiedog
061980
canarino
ghjgecr
pasta123
17071978
18031978
suck123
bitch321
558899
love63
minime2
kesha
14jesus
mexico90
newfoundland
q2w3e4r5t
justus3
ou812345
blessings7
karibu
b-ball1
yo12345
010278
garance
nunu12
oleg1996
arbiter
200406
lerolero
bicth1
loveydovey
diva4life
lisa15
16101610
sexybitch5
dfhtybr
wunderbar
19861215
ilovezac1
bitch90
bljS2v85pT
Nirvana1
mima
hjvfyjd
dontask
Master12
saturn12
lovebug69
alberto10
kirill1998
cheyenne13
21031996
cheyenne01
myself123
kristo
ch3cooh
papucho
07111981
dallas15
deion21
140675
198018
girl69
luluzinha
0807
tampa813
ADGJMPTW
851125
star93
claremont
131980
joseph00
kocka
killa9
lammas
instructor
phatboy1
cars11
Kenneth1
ncaBeax2vx
schaefer
290779
petshop
sudha
19841224
angels69
midnight69
568568
290477
star28
amor20
outlaw69
rodney12
123david
braeden1
princess83
hmfan1
heavy
singleagain
articuno
sylvan
mantis1
290695
78917891
031076
sixtynine6
rocky25
seronoser
gamaliel
500076
tylerd
insect
olivia16
storm11
ï¿½ï¿½ï¿½+ï¿½ï¿½ï¿½
12101975
carson2
wolf01
maremma
franka
eyeballs
stupid0
donnelly
chester8
241097
alexie
veczhec
rattle
Diana
170696
Ð½Ð°Ð´ÐµÐ¶Ð´Ð°
alone4ever
742617000027
harold123
mariapaula
251981
170976
slippery1
29091977
2turtles
231200
100374
1corazon
dantdm
1sexygurl
robert66
hellyea
gallito
internet3
05051971
miranda11
dildo69
wilson13
lolomg
alf123
27121977
1tucker
04041974
dibble
famous21
lemons123
240675
britton1
02061972
zaneta
steelseries
0246813579
hfcgbplzq
swami
11121974
julia3
superduty
08101981
stming4
ghazal
making
COMPAQ
mexican15
fred20
21081996
elektra1
edward25
vincent01
060195
2letmein
919919
DlNVHvu492
chem
coolblue
pebEfcz3yx
ethan09
19111994
limanlly
hunting12
froggy01
121600
vin123
navara
ï¿½+ï¿½ï¿½ï¿½ï¿½+ï¿½ï¿½+ï¿½
panther9
trener
28101979
roby
251979
renee23
eastside23
imbecil
willwill
omarbravo9
level
rebelle
10091978
tweetypie
jack17
bulldogs13
slim12
nokia5
winter02
Louis12345
Wolves
hardbody1
221022
cortland
albano
bunny9
sumit
mathers
ahmedahmed
mali
060506
camaro01
matrixx
educate
f76t94prm4
ricky5
wendy2
irock13
trouducul
singlemom
ethan10
suzuki250
821017
030494
woainia
fishlips
ransom1
chris84
chitchat
250397
27041977
rdfhnfk1
darya
bobster
bebep2x
bobcat12
bubulle
m123321
leopard2
121256
silver14
COOPER
monchi
nirvana5
jujubee1
l123123
Pegasus
411
modeling1
cirebon
brayden3
pizzaboy
elton1
kelly!
allegra1
030696
rayallen20
24081978
87651234
tHTaJehzsp
199991
sabrine
010708
anniversary
grandma11
qwsxzas
21011979
teepee
croquette
escargot
cartoon10
nikkisixx
bear15
mikala
eljefe
1peter
ireland3
jeremy8
gosiaczek
huntress
wizard13
jkz123
shadow26
nigg3r
03011995
billou
prasad123
bombshell1
felix11
chris1993
711
090594
lalla
nuncamas
JysGy2Yd87
gig
132123
toosexy1
satheesh
512345
thong
jess18
denis1992
babicka
121388
&#2335;
westwind
toothfairy
datuna
julian05
asskicker1
iamcrazy
02011995
lfc1892
tiger66
kentavr
lifestyle1
bluecat1
linux1
makanan
cracker12
tkfkdgo0
231274
12051997
flexible1
angel76
teamare
cipher
hunter26
jyotsna
Sahhas1221
chris4life
1sucker
ruby10
dare
cheerbabe1
chula12
burton123
sasuke101
boateng
ermakova
thomas44
barnyard
sonusonu
outdoor
18011981
oakcliff1
joseph77
pamela11
03121996
sidorenko
vagina.
09081993
guitare1
horseshit
sweetman
nata12
mcr666
jordan44
3369
twentysix
02051972
ALESSANDRO
christine!
pingu
19391939
silver24
marmeladka
only14me
balto1
renee08
pilchard
hello2u2
redneck5
16051997
ninenine
desiree123
blarney
nugget12
19871020
sudden
retriever
821226
282002
jackass101
skate420
fred10
equity
johana1
1316
heart14
tinker15
rusty13
12111995
verdao
yodude
12091977
landon09
stormy2
sweet90
Jesusis1
Indian
alyanna
191295
199007
teamomama
lucy23
19801982
horny4u
sumsung
eddy12
gennadiy
jhonjhon
papermate
tippmann1
stepup1
juli123
june1979
d0023500
omg12345
werken
170196
michelle29
england10
Arnold
Linked1
BUL5Tacumi
flipside1
199621
bibigon
chris83
bayarea
loka12
18021996
corgan
sherwin1
123.com
grinder1
balla2
06041979
foxracing2
hiphop!
chato
le_den_ec
aron
fashion!
yourmom6
carolin1
bitch92
230476
ihatemen1
apples10
meme10
wanker123
120871
try123
Mathilde
220776
meloman
861229
19901991
lolazo
matthew26
hanger18
colts21
fallou
smores
195000
SZGd4eY287
weeds1
taburetka
bachir
cashmoney5
19021978
79transam
teacher5
lilflip
superdave
eminem1234
cleocat
060995
handel
06041980
22091979
flatline
amber06
oleg1997
300478
liljoe1
icecream23
mamimami
tiwari
18081979
14041978
300500
18071979
maddie05
cry
chica13
october03
redneck16
0806
dhillon
michaels1
hello56
alessandro1
963123
400009
fhtylf
000022
01011910
198118
mistico
incoming
michal12
merrick1
310795
18031997
owner@hr.com
rocket69
cordova1
campanile
Ð¼Ð°ÐºÑÐ¸Ð¼ÐºÐ°
marist
1366
biggie2
hotdog23
bestbuds
az123456789
hashish
32615948worms
multik
loveisall
663366
1remember
joselito1
thomas97
layne1
mailliw
marijuana2
simple7
forza
shaniqua
s987654321
2222ww
AmerikanBlend
r11111
211003
20091975
20012003
fuck50
janet12
natalie06
john5646
Techno2009
vaughan1
22101977
rafael01
secret08
Naruto123
chelly1
ash12345
04120412
z223856
bananas11
simon11
jablko
artem2010
daniyar
june1998
perkele1
indore
karpova
210896
P@55word
kool23
sweetie8
12521252
17021997
281978
andreu
arabian1
141276
310377
augie1
2300
29091976
ivanovich
xavier4
25011996
samuel15
donkeys
1738
kyllian
ha
dimepiece1
fishpond
purple87
k.,bvfz
iloveluis
qecEgdA3zx
bluesman1
280378
agency
hailey7
hotmale
26021996
breanna3
jack2009
robertpatt
zaqxswcde123
nfvthkfy
19021975
student12
21011977
070680
danville
24121995
tinydancer
doggy4
261980
swastik
moosey1
west14
chuck12
zxcv4321
castor1
wer123456
251994
roma2010
Damian
ws123456
hellya1
141000
batman44
ninochka
bluegirl1
loveu13
pontianak
kamogelo
london2008
281992
bryan5
24031977
peach12
statistics
miranda5
earnest
nick05
19861115
felix01
pelayo
050909
110102
vova1997
ihateu12
heather17
racecar2
logic1
thomas28
tidbit
789523
gamestop1
zimmerman1
qazxcdews
pink143
juan17
vtkmybr
galvez
doggy6
842655
120469
qwerty1985
abc123def456
maadurga
pp
division1
bitch!!
b1b1b1
jeanlouis
dcba4321
redbul
tegan1
mantha
gateway2000
kj1234
freedom55
totenkopf
201212
7thward
mandy01
ranchero
uloveme
kisses69
richard18
rasta420
thomas91
martes
19041978
felixthecat
197925
monster18
timothy01
sephiroth7
bepositive
fatcow
yXP7Wbewpk
050778
destiny69
sepatu
minnie5
angga
godsson1
no1butme
medtech
yomomma!
nitrous1
oceanic
smile9
harris123
megaman3
qazwsx13
mayo
harley.
chinenye
tyler2000
beaner13
mona1234
05101978
tatita
georgia01
darkdevil
socom
berto
19041979
lotto
lord1234
bloodymary
cole13
Daisy123
freddy!
reymark
stalin1
devin13
rebell
1cowgirl
l11111
060675
stayout!
ytrewq123
elijah23
toontown1
hardaway
melvin2
lawlaw
MOTOROLA
S123456
197419
azerty77
fuck111
dominator1
sean14
asdzxcqwe
seanjohn1
kissit
11021998
life23
3three
noah07
aubree1
070195
amoremiotiamo
28091980
murphy22
dedication
jayjay6
littlelady
r1r2r3r4
singel
lacrosse4
259758
brown22
scrappy12
roro123
train123
ï¿½ï¿½ï¿½ï¿½ï¿½ï¿½ï¿½ï¿½ï¿½ï¿½
130013
hiphop5
jumpoff1
new2me
payton01
imsofly1
fucklove09
loveable2
171995
silver!
1surfer
hotboy7
jannet
Bulldog1
thug13
pinky69
trabzonspor
dune2000
kzktxrf
cameron04
16081996
klausi
tantan1
1jenny
21011978
801020
Aa111111
29041979
195700
fancypants
stella!
fellini
300575
rencontres
100871
malhotra
mauri
oneman
fresh10
120498
peanut04
mj12345
merino
chester10
charles8
Big
XAVIER
097531
mickey00
booger13
difficult
22061977
0zero0
19851001
27061979
bigdick7
oliver9
special123
arusha
12sexy
1louise
funny7
rdfpbvjlj
asdfgh3
110506
badalona
peppone
menmen
dasha1996
gillingham
pirates123
831022
yendor
girl15
mitsou
13091309
ladonna
19861103
fuckyou02
emma23
mama19
110309
200675
purplelove
oliver6
dinesh123
black26
140894
revathy
brenda69
jackie18
ctvtyjd
241098
cutie69
sweetstuff
tinotenda
march1993
040280
punjab1
cuddles12
malala
duhast
kittycat!
cby
bossss
antonio69
france12
kathy2
chiquis1
mama1997
theused2
hailie1
bojana
surfin
voltage1
CELINE
gurunanak
juana
pieface1
romano1
ethan4
mackay
hustlin1
panocha1
14011401
16101977
bluelight
fractal
hello66
xiaobai
7890uiop
Manuela
0912345678
18041977
112369
lilone13
papako
lynn07
gil123
joel23
0xzryx
260196
kitty25
melena
janay1
southgate
230795
811228
tobi123
kisses23
diamond17
05101979
iloveyouja
dragonballz1
belen1
texasmade1
pussy.
downey
soulfood
hotbabes
Tootsie
181995
steph15
dylan23
nathan98
811018
sara15
grandma01
olioli
deanna12
track12
bigal
skittlez1
04011980
whatif
cyt
midnight8
30061979
luisteamo
kriska
209209
150276
taniya
jax123
duhduh1
dachshund
eeyore2
stella10
wanderlust
loveworld
stayoff1
1277
261174
scrapper1
carlotta1
porcinet
271172
th
mexico00
080194
fatty5
nabilah
asilas
wonder123
12381238
surfen
terriers
ginger18
hitman11
fuckit5
jason420
zombie2
sensation1
daniel83
matylda
Sophie1
coconut12
851123
teeth
crissangel
s112233
dinamita
231000
debora1
15121975
12457896
tomahawk1
hearts11
sugarsugar
bobbyd
getdown
liza12
bandit14
sn0wball
patman
poet
mysoul
gallant
hardcore3
7895123z
kingss
sabertooth
beauty101
ilovezack1
relax1
dalia1
bribri123
rjhjkmbien
mildseven
twins06
love210
gizmo69
08121994
shotta
omg999
180196
torpedo1
rubyrose
lincoln8187
joker99
newlook
larisa1
iggy
sawsaw1212
reminder
0521
digger12
anna06
parrish1
frenchfrie
aqq997
shanell1
26061977
andrey1997
sassydog
YtQ9bkR
deicide666
thesame1
banana14
ballas
shayshay12
bassfish
margarette
faygo1
henkie
190495
anatolii
benoit1
22121996
ra1ders
jalisco13
andrew55
senior04
christ3
cocacola10
myspace999
1580@welca
200404
sidekick08
sergserg
Frosty
phat
priyanka1
199428
meeka1
bengbeng
13031977
johncena8
zermatt
251975
000911
balla22
surface
041989
go49ers
jenna3
stephen11
lamar12
eric08
maxmax123
muggins
buffalo2
dianaa
221172
mia1234
lisa25
azerty78
842001
101970
jeetkunedo
624624
justin92
suspect
7samurai
volley11
jepoy
safety123
060480
2882
javier7
jeanny
yourgay!
0423
natalie23
110298
testes
pavlin
04061977
01021974
katena
sparticus
pulguita
11111118
130574
olumide1
kolakola
pekanbaru
24021978
judge
karebear1
apple111
220775
151175
ratona
alfa33
12081975
cocomero
together2
ich123
jamesl
jmc123
viruss
married06
26071979
wlafica
cowboy8
hobie1
070894
gabriela7
tecate1
yousuck69
050109
ryan2000
abuela1
nokia3120
dragster1
240000
23081978
300179
karim123
alejandra9
jake77
0822
myband1
qxVbGfiBuq
frank1234
antonanton
wales
916916
chess123
boxter
16041979
reset12345
nicolas7
beth11
perlas
guesswhat1
030197
3630000
woogie1
17121978
sonofabitch
mousetrap
alarcon
dakoda1
011095
tester!
sydney!
kissa123
291175
brown7
tanner5
ronja
station3
wroclaw
031296
jairam
bigboi2
Christine1
070693
gator12
197906
280978
hendrix2
666666j
571632
011983
pointjor
551155
darkness11
potter11
pheobe1
cowgirlup1
ilovemary1
charles9
270178
060795
borntorun
011078
dora11
080309
loveandpeace
anna19
lavelle
se
q1w1e1
25041996
rockland
21121976
1babylove
17071979
cc12345
witcher
020306
170000
r00ster
281274
ginger1234
luis24
status1
khanna
aubergine
444422
snickers4
meteora1
nikita2
tink1234
246789
12121972
duncan123
marinho
sabrina!
0000000000o
gretta1
152436
dancing2
cass123
fou
bebe18
rachel09
oluwa
relientk1
harley95
17021996
fiat
martina123
sevenseven
chicago08
skynyrd
112511
14071997
chumley
wet
mustang500
cody07
hottie05
1wordpass
1derrick
rocky17
astonvilla1
akinsola
cro
freddurst
281296
159753m
080876
eagle01
delphine1
puppy22
maimuna
03cobra
luv2fish
chabela
netwerk
malibu2
Douglas1
18wheeler
30111978
199619
victor4
lauren19
drpepper7
teamo100
Lightning
kilo123
chipmunks
ihatehim
nirvana8
ferrarif430
twinkie2
icross
whorebag1
246891
gangster23
rock99
rocky007
021977
wilfred1
gaspare
homo12
131096
reset1
brigade
hatelife
160677
jerry11
chaochao
srilatha
kevin27
daniel82
21222122
karenina
snake7
mygirls4
120599
091276
lajolla
horny2
sable123
081275
240976
kjkszpj1
creations
myspace121
primetime2
gungrave
19841125
454545a
k3ZeChmExt
dance16
231995
220675
09031980
lasttime
465465
pingouin
18101810
78
hailey13
121588
harvick
varshini
goodrich
mario18
iluvmymom1
thegr81
highspeed
angels07
hd764nw5d7e1vb1
toohot4u
frog69
adgjmptw0
09111980
sugarfree
happy06
useless1
evelyn2
nikita2002
xavier22
654321abc
manuelito1
bodega
marsmars
26121996
hottie88
kimberly5
redman123
1721
lollipop5
060179
snowangel
usmarine
mahmoud1
rebel3
pinkrose1
yamazaki
hottie95
jared2
241993
startup
turntable1
3.141592654
sk1234
jefferson2
poepie
270797
suki
110698
260675
199425
080897
chaitu
070480
010381
carlos99
03041996
051176
04121993
13531353
collie1
missthang
budweiser2
______
22031977
011192
melnikova
punk1234
andre5
Lorenzo
566566
fatime
romeo01
06111980
spokane1
gfyfcjybr
0605
91919191
bratwurst
noregrets1
luckys1
dandandan
fernandotorres
Avalon
success8
kevinn
outreach
lowlife
01061975
eminem17
al3xand3r
921921
busted123
timber2
020207
sehnsucht
jennjenn
imanuel
staycool
26091979
lollipop00
021096
250976
stars4
prairie
290976
ceylan
satsuma
041295
123qwe,./
dream13
199114
myyolo
16091995
honey20
12011977
derfderf
110472
23692369
primrose1
mohanlal
teenie
2heaven
ilovemary
cordero1
rhino123
brittany07
cvbn123
dreamweaver
peeps1
whitney7
23081977
ilovebrad1
mapache
Archie
jiushiaini
stern1
shahbaz
hj:
mike87
titty1
guitar8
200211
felipe13
24121977
kingston12
aurelia1
231979
27021978
tisha
berta1
23041995
sutter
shellie1
cody08
produce1
198804
klubnichka
0987654321z
shesthe1
040977
ghbdtngjrf
meriva
ilovelaura
jessica95
london88
280977
m1i2k3e4
roxy08
adrian28
cityboy1
070495
090695
metal!
snoopy9
naples1
050396
killers2
101198
220597
star2006
alcatraz1
kwame1
coffee4me
boston4
e7yvsskj
123_abc
killer78
yvonne123
m1911a1
soraya1
197826
tampon1
110673
Fall2011
pohoda
23121977
vishakha
redapple1
1sexy1
darius123
zoidberg
settle
samuel08
retard!
buddy88
robrob
19821028
connecting
boss13
poprocks1
sibelius
chenjian
patricia3
nokia6210
325
kleber
hubba1
goodtogo
mylife11
220497
195800
jesusislove
qwqwqwqwqw
elenas
121800
hotdog6
grandmom1
lupe13
passwordd1
bradley4
beaner123
chubby2
capitol
memphis901
teacher12
entrada
3321
jake88
viv
profeta
kimera
leandra1
lovebunny
31011997
rock24
49erss
19860101
ronan
thelaw
fastball1
190778
beauty08
blessyou
hoppy1
br123456
05071978
21051978
monsta1
northshore
xavier14
laoboi.
window12
31051996
panda4
sukisuki
220673
pr1nce
an1234
oakdale
kakka123
09041979
skate88
iheartyou2
destiny04
oliwka
06011995
herbst
110372
Harris
holden123
410000
19821209
smartest1
190277
amanda03
black89
sk8ter1
ma12345
71310615
231977
253253
hiphop01
30123012
r0b3rt
pepper1234
thesecret1
110973
karpenko
rainbow15
05121978
merve
honeybabe
12122000
18051979
elmatador
anwar
ndubuisi
tyrone123
Teddy
mireya1
watchtower
210996
26121978
package
060996
tester2
numero10
martin25
hottie00
honey88
passerotto
vitamina
vonnie1
spookie1
flutes
241175
vesna
johnny55
anoushka
iluvgod1
candela1
sexyt1
qweasdqweasd
thisis1
280196
02051974
connect123
7cr2guBVMG
unnamed
qtpie1
trademark
20071996
mike29
carmen5
SPARTAK
17101975
1missy
pimpin16
emmalou1
14101976
061981
10051976
tendai
abc666
boavista
matarani
hermann1
lilman11
mike4ever
skaterboy2
pusspuss1
aaronc
cdflm:
kurenai
stage1
136913
11011977
emerica2
2qaz2wsx
Ginger1
Voting
vbitkm
iloveny1
280696
frogs2
21111978
isiah1
23011978
02081973
darkness!
11551155
6thgrade
0323
maryanne1
hrenota1
15041977
wankers
locksmith
hockey35
william02
181176
zzzaaa
ervin
alma12
play69
nbuhbwf
l00000
vtufgjkbc
ilikeeggs
bratva
012589
idlewild
a520520
recipe
chaney
zack13
16051977
071194
ariella
yorktown
kakaska
03091977
holyholy
010906
jesus89
god111
akindele
21051977
banana88
daniel31
lindsey!
08051994
19851211
mermaid2
jaya
bitch32
aline1
07051979
100203
Alice
lonley1
hockey00
food1234
aramis1
smoochie1
robert101
porker
blessing2
chevy10
roflmao123
theo123
diego11
alfred123
3333331
kendra123
bryan22
ananth
5963
louis2
dave22
ambrosio
02041971
bytheway
jchrist
15011979
joebob1
nicegirl1
papusa
19851018
gemini17
poznan
kamil12
tiatia
elie3173
199103
gordon123
drummer3
saddle1
czekolada1
bosox1
missy08
hotmamma
hawaii06
70000
max1994
bobbin
flavien
p2ssword
lucky44
b43m6xhife
trytry
selvaggia
Iverson3
deathnote2
swamisamarth
getsmart
sexyma
22081977
123456789ok
sangha
semaj
freddie123
Courtney1
5005
panthers23
20061997
150178
daisy69
Madrid
americanpie
wayne5
ded
nur
10121974
mamasha
daquan
johnny.
dajana
koko11
riccio
020876
cagayan
swanny
kaitlyn3
jake02
ohio123
azul12
usausa1
fedor
sunshine30
adam88
teddy6
scooby8
turtle14
hochzeit
hotrod12
26021995
pulsar180
mariquita
chanel11
sanika
freeman2
adelle
shavon1
guatemala2
nastasia
flash5
friendship1
oliver16
Francisco
details
disney22
2516
070180
april1987
instant1
230575
291979
bonnie13
lucycat
02030203
broncos12
280596
bobbob12
ringer1
211981
tinker09
17071997
candide
xandra
summer2005
skopje
ricorico
197333
pumas13
matthew95
allison!
tool123
mattingly
ribena
4wdaxP642F
bogota1
nazanin
grad06
waynerooney
fregna
sidharth
dillon11
g0ldfish
ilovey
O67l2xzfvN
66667777
sophie05
sweeet
jorge23
560050
pokemon12345
CORAZON
100272
sanfran49
45214521
whitehead
janeth1
mike03
starz123
14131413
mickey20
211112
shane22
chito1
777777777777
chiamaka
federica1
william77
jess08
cochise1
alianza1
fucku09
moumita
chocha1
myspace67
pakistan12345
fuckyou86
monisia
basketbol
120369
09121994
020802
george25
jammers
sheepy
javi
1stephen
kiss100
shameless1
lineika
suganya
frodon
james143
roma12
marie99
endlesslove
risingsun
12021974
08061977
peter10
shakeit
giacomo1
442244
110397
chibi
jealous
jacoba
regulator
101004
drowssap12
1raider
090295
septembrie
031989
single5
020708
ratata
19841002
lester123
131200
jesse1234
andrew29
audrey01
trecool
lame12
toto90
sweet92
musiclove1
sdfsdfsd
denver2
firewire
08081974
ciaociaociao
mybitch
soda123
lfybkjdf
dragon97
mazsola
130675
19902000ttt
loser99
vball14
121172
123344
123...
Asdfgh1234
shawty13
florida6
pokerstar
leelou
london66
kennedi1
lacie1
150976
251174
April
Xchange
pooo
killers123
140179
kelly16
kookai
jesus2006
linkedin2012
kiran1
car0line
Lorraine
sora12
123123n
njkmrjz
kickball
fairbanks
vwjetta
GIUSEPPE
lora
hernan1
aksaray68
loco23
blaze3
bubuka
oriente
825825
diesel69
angels9
10091977
phoenix69
beibei
060595
29111978
camaro123
hfvd3425f
3rdeye
veronica10
boggie1
aerial
momndad1
conan123
020968
capitan1
sara14
jazmin12
musica10
tanglewood
20101976
enter7
abababab
lowlife1
callofduty1
rockon7
thought1
jussi69
kuningan
050779
cracka1
savithri
tigerboy
55225522
nicole34
julia5
guilherme1
ajalaa
God12345
ottoman
badlands
011193
041978
gorams
laura!
mickey02
bowwow4
bobbob123
poiuyt12
29011996
penshoppe
haha12345
harrison2
zdenka
fuckbuddy
danang
Bulldogs
Adgjmp
blister
benni
32123212
dasha2010
byakugan
rassvet
fuckall1
lenina
may1998
30051996
knockknock
talented1
golfer123
rayray14
d00kie
281982
020308
Dominic1
whatever08
06101979
vflbyf
121964
06091979
29101996
azsxdcfv1
africa12
085213
abramov
120298
MADONNA
102008
salad1
facial
03011994
tigger87
pepsi21
kashmoney1
realist1
lutheran
1natasha
cardigan
andre22
salim123
howdy123
monkie
vincent11
noddy1
cassidy3
booty3
v12345678
fusion12
longboard1
781012
ema123
chasseur
david45
pollack1
elinor
jumpjump
19041977
0531
241981
01091976
abkbgg
camer0n
its
zapatero
drowssap2
261196
110031
stickers
Isaiah
jaylee
mariaisabel
ihave2kids
1435
jasmine20
mysons
cherrys
doodah
sydney08
j1j2j3
991199
21041977
15061996
charlotte9
hackthis1
mnbvc1
adrian24
200976
necro666
apple09
hulaanmo
slurpee1
bball!
1233321
myplace1
daffodil1
04091994
martin20
204204
LALALA
catarina1
030375
821014
ihateyou6
eTravelmoleOptin
serega777
jersey12
555555s
mikey21
04051996
suhana
barbarita
lynda
breonna1
#1chick
Bella1
130874
mexico77
1238
octagon
030596
none12
gavgav
wayne22
nikos
10101998
vivalafica
dgkallday
4079
18021977
bursaspor
051978
225500
01071976
romeo22
brian15
allens
nanito
241196
140776
julio2
lavern
froggy101
char123
tanuja
johnny15
cambria1
bienvenido
20012007
player08
janjanjan
999123
amor2009
130476
batman66
max1998
minority
corvette69
2813308004
angles1
HAHAHA
penis666
marge
suffolk
queen10
innamorata
245678
grindcore
10011976
april88
dcwdcw
07121979
mohamed12
ViewSonic
121223
karolinka1
charles.
murdoch
realty
dude55
201206
arjun123
emma03
160496
Campbell
Charlie123
mamapapa123
nagaraju
lovepussy1
2221
justblaze1
101055
120470
marla1
06031996
skincare
auburn12
brook123
butter8
mast3r
sasha16
290877
david666
201196
darius2
241295
greg11
27041978
robbie11
frank10
nbvjityrj
bushido123
lastname
internet5
jmjmjm
animal13
kmg365
avantika
cupcake.
iiiiiiiiii
asdfghjk12
frijolito
naruto33
WILLOW
propane
martin77
logan23
1georgia
alskdjfhg1
Maureen
ï¿½ï¿½ï¿½ï¿½ï¿½ï¿½+ï¿½ï¿½ï¿½ï¿½
bryan3
bryan23
phoebe12
killa69
blahblah123
waterh20
kristen3
120670
gamble1
snowflake3
13091979
321654987a
blinkblink
andras
j3ss1ca
19121996
nurses1
112002
mariah10
playful1
notreal
koala123
111170
charlie200
jakeyboy
forum123
12091976
skunk2
03101996
25312531
gringa
seashells
estrella13
3u7wrkaA8J
12111977
reddog12
505
daylight1
eman123
fake08
anna777
star2010
make
meli
sports101
ilovejc
pumpkin22
realmadrid7
0099887766
aminlove
lintang
iscool
20031975
boots12
535535
bitches01
madhukar
booboo1234
fagboy1
120998
30011995
280179
wolverine7
baby777
logan04
khuljasimsim
mariarita
signup1
zsazsa1
frannie1
stmarys
powerslave
smile07
hottness
thor123
zw5A1u5eVw
yousuf
whale
01061976
229229
19871021
071195
demarcus
allen20
2mndonaaa
748748
game11
7777777v
13021977
fatboy99
retraite
rolland
facebook11
accident
prince1234
15021977
super100
mouse11
quatre
Sniper
scruffy123
001965
454454
sassy07
qazxswe
richa
jadensmith
canabis1
meow1234
tigers33
nastik
pipi1000
sweetpea!
redsun
lovesu
treats1
dctulf
mybaby4
joelmadden
310876
pr
billy21
roseann1
161276
peachie
kenzie2
lover89
tamilan
autobot
050479
20091978
sergio01
trevor13
filsdepute
270878
number1dad
001995
privet1
birdies
1monday
pazyamor
pup123
190294
cool56
91mustang
hamsters1
rockstar19
1860
karelia
nikito
sirocco
plovdiv
19821020
alexdelpiero
091298
mammam
zabuza
hearts5
jess5377
antonio16
pagani
maddie4
anhthu
grafton
grunt1
010161
man111
soltera
baller17
campari
483483
deyanira
ewqdsacxz
hanakimi
sassy09
291277
1foryou
ble
ljxehrf
320000
hawaii99
Lucifer
gavrik
ilovecheese
rosebud12
villareal
140274
gizmos1
llama2
mommy32
varun
asiamarketing
leon01
bertone
chris1989
redsox05
wardog
dozer123
raven69
ert
guerreiro
jayde1
misspriss1
rocky06
brandon27
Jimmy
marsha11
farcry2
gonzaga1
jos123
doremi123
dimon1
pwisdiwhs
little5
09051978
matt19
081200
morenike
bluearmy
pulsar1
tommygirl1
dumbshit1
runfast
2225
21101977
kisslove
BULLDOG
30031978
karlee1
abigail11
katter
pusinka
kokanee
mistica
loveme4eva
221200
people9
060777
sivasiva
mercer1
maslo123
janajana
04121977
dianita1
560058
wingzero1
121316
2539
28061979
jenni123
06121978
marlboro12
connor7
farted
tanika
derf
manofsteel
090881
marie91
020274
100102
jacob18
unilever
1jellybean
marius123
trickster1
crocus
12021975
18031977
sarah.
sidney12
justin0
081991
cubs123
051991
tasha01
peter23
1johncena
5254
1327
vtkmybrjdf
j54321
masini
5566778899
shorty77
270378
barcelona5
iloveaj
amanda95
220574
monkeypoo
gaurav123
claudie
brasilien
kingmaker
marina88
islander1
duckduck1
0159753
185185
daniel1994
vitoria1
appels
denise15
helmet1
123wert
potential
iloveyouu1
zgmfx20a
18191819
nanda123
danny20
ilovebeer1
coffee7
Patriots
16071978
124680
depressed
melanie11
1froggy
manita
123asdqwe
chicken15
foobar1
casey21
jamal2
kaylas
luvu4eva
inuyasha6
aseret
20061977
311208
sammyjo1
02051996
scoala
223300
jkz
190295
antibes
021990
antifa
katrinka
solana
15071977
16011978
catdog13
flipmode1
abacabb
401101
penny5
littled
archie01
noodle12
cinta123
smokey101
08031977
dominic5
kayla03
08031996
kylekyle
123456**
nick88
kill11
101207
23061996
bashful1
200276
topless
bulldog21
kisskiss12
please3
materia
allison4
enamorada1
chrisc
hotlove
432
Howareyou123
schecter1
ford2001
0813
26011979
oskarek
neopets13
milan22
ensemble
eugene12
tuncay
akucinta
sureshot
sucram
noobie
mylove6
cl
crippin1
nokia3650
motocros
111105
sancarlos
lalala13
lovers8
19851122
041980
120900
motown1
nick33
warhawk
wayne21
15071996
bitch2008
wtf
drpepper3
popop
gumbo1
watergate
cicciona
janice123
cashmere1
buttercup!
110176
120807
100276
sevillafc
charger2
disco123
ryan12345
bonghit
ramsay
primo
chico3
8383
bubluk
endeavour
richard08
1bradley
don12345
june88
Miriam
schaap
123321e
gd4life
30071994
black27
lilmoney1
myparents
258012
lxgiwyl
lovers10
161096
3dognight
scott10
laur3n
sexyangel
ilusha
franz1
guwahati
project8
blake10
qwedcxz
dixie3
15081508
pimp92
bol
kaylan
makaroni
johncena01
wassila
harshini
kool101
181981
edgard
nada123
kathrina
robvandam
rantanplan
NN
valmont
izumrud
hola10
luke22
lucy14
dogfight
eddie69
110300
noah2007
22041976
blue4ever
11235
britt5
gofuckyour
hulkster1
1725
affinity
barnaul
nastygirl
maslova
armyof2
11111976
25111979
14301430
florencio
missy8
22051977
azerty59
kiesha1
takamine1
jaffa1
chaka
seller
1retard
chelsea05
armando2
i5sTWf1rCX
yamaha135
joeyboy
05041979
22041979
makana
robert00
060896
dm1234
06081977
140603
250596
orthodox
isabella13
spiegel
mika12
123456jb
lilly09
230576
197505
chance5
95279527
sie
londyn
aa456852
09021977
darth
Joanne
viking11
cougar12
bhabyko
pleasant1
appleseed1
180995
5200
meiling
johnny77
lilypad1
bouvier
hadouken
13041996
sonyericss
alan13
Warcraft1
piknik
berkley1
brother4
hotbitch
sansiro
060908
bebe17
marissa5
skyliner
chander
designs
1light
fatass69
28051978
16111979
HELLOKITTY
04061978
reena
annie13
eric24
asda123
cognita
Aurora
marvelous1
fiorello
199527
bubba!
zoegirl
cindys
czarna
p2XcFgjCvr
meonly1
5455
1bighead
090480
060279
nastygirl1
javier15
170177
ranger23
fisher12
0111
georgia11
santas
narusegawa
banana77
Garcia
FLUFFY
freaky123
pepsie
bigwill1
amorino
katherine0
19871111
lixiang
260876
201274
mario8
25032503
turtle9
Ð¹Ñ„ÑÑ†Ñ‹Ñ‡ÑƒÐ²Ñ
azbest777
madonna2
220011
vivera
wolverine3
shabbir
cassie15
andrey1995
madura
vorobei
t090571
95chevy
marylin
braves95
michael50
chatter1
eagles25
luzmaria
sensei1
bizzle
collin12
pepsi10
gasparin
ultimatum
magdeburg
kopilka
lovers4eve
hottie27
laura1234
board
Sunflower
rally
5577
301987
811029
10111976
m2g7U6O397
anima
pendeja
25002500
frosty123
700040
lolitas
20012005
jerkface1
benji2
1192296
texas14
lovesick1
clemente21
kismat
7344555
36987
1q2w3easd
kopernik
28061977
21031997
120372
jojo18
savage3
blondie11
yannou
haley6
vfvfxrf
snickers22
william0
morenito
tranquil
lovebug101
happyfamily
heriberto
taco11
pastorius
chase4
waynes
hggih
qweewq123
trans1
pearl2
dreday1
PANGET
050994
milkdud1
faithingod
dude33
rafael13
bunnyrabbit
sasuke1234
lucky02
kenny10
181175
1212qq
charlieb
cookies6
robert87
munchy1
tanner4
threesome3
shepard1
821224
micheal3
future123
22011996
windows2000
3830182
tristan01
964123
chrisp
0825
445566a
witchy
thickness
020181
polk
sexyback12
ihateyou9
nate01
vivayo
alex1972
mimi88
JENNY
01071975
235
akoako
zztop
courtney22
01011959
punk14
loser17
applejack1
18111976
spencer13
841015
meeko
becca2
rockhopper
skyliner33
amanda86
071198
iloveyou97
bullshit7
homie12
djeter
chick2
gupta
cowboy88
22041977
mxyzptlk
arsch123
dsadsadsa
11111p
chinaman1
sparky101
holly22
panthers13
michael84
arcticcat
mcbride
poopdick
200375
170876
richman1
acuario1
jayann
30091978
nguyen4
COWBOYS
ttt111
milan7
bigbutts
loveday
TINKERBELL
utythfk
15011977
kieran123
bike4life
3690
lisa14
nicolina
duke07
199308
internet01
851210
usher2
burnley1
170376
akmaral
811023
charing
nene23
jesus03
252526
parker22
nirankar
saving
hawaii3
dhanya
evolution2
maksimov
a741852
verdun
uiuiui
000321
miley16
shrek123
motivated
felisa
bulgakov
muthafucka
christina4
160277
fireman12
bigdaddy11
kristyn
pokemon90
mossberg
03081979
panther6
foshizzle
momma12
leonardo10
shay16
131313q
rfhlbyfk
koller
061196
merlin7
boss74
louisvuitton
james94
honey05
fierce1
240777
qwert67
199205
anisoara
misiek123
modernwarfare
20022007
poodie1
18021979
shock
0blivion
trtrtr
Alex123
diana23
capricorn7
lili1234
newsletter
business123
puff
lilcutie1
071421
541788
luna10
070605
060906
angel2003
cool20
australia0
beatbox1
lover#1
ricky23
sexymama11
shoelace1
nininini
13081996
artem1998
control2
snickers01
kyuubi
logical1
iforgot!
FATHER
Chrissy
200676
rosegarden
heather15
horseshoe1
willyou
andi123
zavala
cegthvty
diva16
yeager
pantera3
080874
adidas777
19851127
hondacr
070701
victor16
210875
ab12345678
amazonia
fuckyou26
nena23
123aye
301070
1lesbian
calhoun1
851023
biggdogg
marley09
BITCH
haze420
kulkarni
7000
millsberry
3l3m3nt
leyton
paintball8
bassoon1
smiley10
looser123
Sergei
ï¿½+ï¿½ï¿½ï¿½ï¿½ï¿½ï¿½
aka
kaila
czarny
kiss01
angeldog
chicago4
8657
22011997
04111993
tomtom11
hairball1
samsung14
ocean13
monique01
kenyatta1
goddamn1
culture1
flowers8
020302
amaya
463395727
piotrus
april1988
letmein99
bandit07
woaimama
170277
jkl456
mickey33
petey123
monomono
volcom9
121170
19851224
070979
denver07
22051997
Soccer11
omgomg123
88chevy
gothika
fifafifa
dupeczka
831018
cowgirls
bellisima
milonga
pritam
rocky!
070775
jhon
14061976
20031977
sasha98
north123
naima
passer1
buddy12345
1pebbles
laura17
300894
fraud
naruhina
blacky2
firestone1
750750
perumal
100772
richelle1
040677
purple76
patata1
pappas
gfhjk123
leafs1
casey22
01091996
hafida
lily07
britneys
cupcake69
14theroad
queen14
regenboog
102030q
21111977
James007
12401240
julian09
overflow
bitch2010
track2
hihihihi1
purple90
arriba
tiddles1
fhutynbyf
bernie01
shadow420
14051996
khadija1
shakey1
imortal
ctht:f
11031997
julian15
200206
bonethug1
maddog11
20011975
bear16
gundam123
sarrah
ski123
bootylicious
19861002
210775
aviator1
marquette1
miller10
cyberman
may1980
0.123456
froglegs1
143256
thomas0
shane7
121314z
shravani
040475
15051976
bubblegum5
lawless1
family#1
delmar1
kozlik
thomas30
giggity1
sweetie22
wildcats!
121009
june1999
197805
bellsouth
taylor27
781021
20022006
0908070605
wilkinson1
686686
fatfuck1
cubs23
Green123
falcon10
1bigred
160476
pointers
vendredi13
green42
EAGLES
snoopy09
q3538004
imgay12
aluminum
pepsi24
draper
ITALIA
Jesus4me
madison.
viernes
80baby
1234rr
pigman
4always
yyyyyy1
qwewq
MONEY1
infante
forget12
bulldog8
google8
sabrina22
nonnie1
zolushka
spy123
rjn`yjr
killer12345
recruiter1
27041979
freddy7
heidi2
suckit5
harekrsna
qazwsxedc2
PA
170679
jjjjjjjjj
johnny07
barcelona3
dragon81
sword123
201003
30121979
ivancito
afshan
dugong
melodia
tadashi
emanon
onelove13
loco10
cappy1
madalyn
jackie16
abrikos
isolde
romaine
east12
blonde!
109
edmond1
hottie20
dexter22
25121976
energizer1
190894
poppop12
quake1
ric123
culiacan1
cascada1
AA3030316
19851028
841027
23071978
21342134
space01
christian12
16101976
lilsaint
spider21
Cracker12
taufik
lucky100
jumpin
#1diva
tigger28
detroit3
barbie1234
q1q1q1q1q1
london9
wipro
moomoo7
chinchin1
escondido
joey07
elettra
15071979
p0rnstar
21011996
sealteam6
banned
161275
03071996
Tinker
brasil12
gohard
2215
zsolti
goldcoast
mrbear
anna89
197806
12345sex
0000oooo
justice11
xfactor1
trevor10
fitch1
1234567890f
1theman
lady08
1lilwayne
gemini18
5609867
trinity8
milan4ever
mccormick
sassy1234
29081979
football46
bodie1
120609
eritrea
power12345
trindade
king34
211995
qwedcxza
aldwin
a7xrocks
cossie
hickey
siegheil88
king420
APPLES
mateusz12
vova1998
qwerty31
fulvio
199622
24262426
qwerty06
123695
happy2bme
lizard2
thumper3
suntan
07041978
080395
260296
yourmom22
brucewayne
tyler2006
lexy123
megan6
adidas01
13021997
stang
sonny12
198283
jai123
rebel10
101171
bigtits2
cookies01
anadolu
rose19
monster77
newyork.
hemi
barbie07
poppoppop
190178
philip12
dc
famous!
Q1w2e3
06011980
2n76xG2yIU
kenmore
199427
papermate1
choosen1
071077
freeland
100674
shaniya1
haller
komarov
equinox1
sophie15
diego01
raiders6
jeremy24
canada13
will11
patches11
080184
saibot
lilmama7
123401
12steps
21091977
mangusta
noranora
sanguine
*star*
andre01
playas1
devilish1
dexter5
badger123
chipster
120572
sara21
pirate123
2ofakind
a88888
hassen
chico01
flyer
skidrow1
150796
31031979
001996
carlino
13171317
ficker
180575
popcorn.
giresun28
succeed
darkangel6
kappa1911
1.2.3.
davidbeckham
28071977
murder666
mafiawars
maria05
cutes
madhura
toot
john44
nounette
w3lc0m3
THE
18101996
timurka
sixteen1
21011974
sugarlips1
truelove13
echoecho
55555lvl
kamron
sachiko
dragons5
25071979
04041997
yellow02
g00gl3
050309
agrawal
ewunia
dipali
capcom1
jayar
9595
122800
pitagoras
peddler
orellana
icarly1
hehehe123
adeoye
020906
Aa1234567
12345678qwertyui
061077
tyler25
080781
ahmed12
granny3
meanie1
buthole1
lalito1
nfyz123
sadie!
dima2002
pantera6
perseus
lynwood1
marysia1
yankee11
AAAA
14051997
musick
190377
02061996
mom4life
fargo1
sixela
noshit
270996
elvis13
FUCKER
chatnoir
cupcake24
dragons13
s123321
1ninja
zniQpnK733
detroit12
durant35
steelhead1
wilhelmina
pies
26041979
muffin6
gfhjkmm
lovelove7
grandmom
ï¿½ï¿½+ï¿½ï¿½ï¿½ï¿½
rawrrawr
twisted2
element14
float
734001
myspace98
didou
1187
juanmiguel
ilovericky
angeleyes2
boomboom2
30081981
september13
minnie22
guardians
yfdctulf
minh123
papaye
22312231
7770777
monkfish
shailendra
alex1973
tyrone3
kociak
glo
manboy
olga1234
grinding
millard
black92
asd159
google69
12play
29031979
03121976
29111979
grady
mayita
amanda0
voodoo13
31081977
ALEXANDRE
yamaha6
kodabear
expensive
121345
silverado2
cena11
joseph89
del123
19841120
maloney
may1982
241074
piggy5
5million
priyam
15031975
snoppy1
sideways
urbano
dominion1
apple44
24081995
dante12
johnnyb
redred2
chappy1
Buster01
20111977
150376
ayomide1
verdade
joaopaulo
07061978
202002
asd777
cowboy24
memyselfi
trevor3
801124
1lollipop
nudist
shay15
apple18
iloveyou4ever
say
dog123456
jacksonville
diogo123
imran1
19861211
nikita1999
13051976
08121979
top100
cutie19
werule1
shadowman1
zxcasd1
gatsby1
buenos
26061997
666beast
3698
bitches13
290496
taylor56
charles6
solveig
102102102
glass123
141076
music45
green89
07101995
dave23
239239
dadang
heyjude1
trinity05
jose27
11223344556677889900
sunnepa1
impulse101
princess56
anton1995
kings2
batgirl1
master777
munna
chloe23
ricky10
1907fener
lilman07
851120
koston
pluisje
520999
katie06
jerbear
mybabyboy
emma02
donavan1
tamagotchi
14041997
polki
200776
20102000
tatung
kata
fylhttdyf
borabora1
adidas88
piesek1
broucek
nodnarb1
bobo13
selena11
123456qa
opossum
260378
ceilidh
peniss
1417
royalflush
carol2
awesome22
110898
19851213
dumbbitch
chamois
03071977
cuttiepie1
valdes
201203
kaylee08
froggy22
c9p5au8naa
tonkpils
amilcar
kayla101
redrover1
buddyholly
starsky1
920920
simbacat
asdfqwer1
200796
mafia13
punkrock!
1234mm
100199
210774
2bigballs
Maxime
warranty
cowboy09
shanika
waffles2
3663
maria2010
galaxia
kangaroo2
LAURA
zzr1100
060895
28071979
honey28
cbcmrf
abc777
manu11
751002
ferien
jamestown
spanky7
morenaza
kittyy
400098
linda69
nomorerack
go4itnow
roses2
pakistani1
2q87xI3wGW
destiny02
ford351
bassboat
05021979
intuition
samuel1234
toybox
197828
roxy18
floyd123
saxena
jesse16
123698547
vball2
freight
kehinde1
Kennwort
belka
dfg
purple97
falcon3
babe10
1truluv
samadhi
dolly12
2dollars
kakka
951753654
mz.sexy
corner1
77779999
speed12
vishwa
1mnbvcxz
zxcxz
08091977
050305
novice
nisse
moustic
110598
tyson11
266266
babyoneone
trinacria
261296
encule
harley17
hunting101
volcom14
plumes
15021976
31031977
eatadick
1dance
matt20
1w2e3r4t
blue420
applebees1
guyssuck1
Hannah01
chris1988
Sammy123
freak11
199624
albert3
klk123
samosa
26011996
gougou
sweet77
wildcat7
tumelo
amanda93
fghfghfgh
ardian
htt//members.cumfiesta.com/
gaffer
samuel02
nana18
nx74205
301275
elway07
liljj1
stevenson1
147890
kokito
28051996
1sunday
flex
ï¿½ï¿½+ï¿½ï¿½ï¿½ï¿½ï¿½ï¿½
poiuyt5
sniper69
gracie03
250574
wilson21
asd123zxc
hiphop.
hearts13
manjit
butta1
sorellina
DRM199019902323
daisuke1
actionman
002211
buddy02
adalberto
wolves11
dur
junior77
Nicole1
latina2
giggles12
qwerty30
280777
bryant08
kasablanka
nokian90
lesnik
cokacola
bowwow7
hospice
ilovebill
250376
feb
watts1
05101995
110911
07121994
2455
kelly101
jaleel
wrexham
watchdog
britni
intense1
725725
markis
100376
songs1
100866
06071978
shradha
2040
terezinha
0714
desmond123
28041977
247001
821121
821218
teamo!
19081995
tiffany17
1zyYbyt82A
25041997
1little
ginogino
bulldogs5
elnegro1
pfuflrf
pes2009
jayjay14
antares1
123456jc
maggie55
rayhan
cornhole
insight1
playmaker
beyond1
makayla5
040596
smokey88
pimpin0
success!
shaka
mollie2
squadup1
21111979
alinuta
18061978
buster18
painislove
soboleva
fresh22
saloma
fyzfyz
zxasqw1
green06
16111995
bellavita
onyebuchi
rocky77
pipe
Hellsing
oliver00
061206
141175
lawrence2
Alabama1
ask
desiderata
250807
popcorn101
lovebug5
300995
050898
jonas7
09091088
condition
lucky888
george09
stop12
refresh1
megabyte
roper1
micheal7
scorpion13
151174
keksik
01021973
julian06
standup
o8lhE2z7bO
yCEI62p395
psytrance
taco1234
king66
grace06
sparky23
starla1
fifnfy
super88
27101977
vwpassat
ï¿½+ï¿½ï¿½ï¿½ï¿½ï¿½ï¿½+
aol
gizzy
hotgurl
angelle
18111978
latinoheat
donald356
andriana
cadeau
07111993
gjkzrjdf
sh0pping
mother8
yankee3
sangam
un4given
tanya12
220907
spartan7
251206
azertyuio
newgirl
dani22
alcool
benjamin22
jackryan
Jones
1abcdefgh
300496
skikda
hermitage
freddy3
heaven09
05031996
skyler123
nichole7
badfish
johnson11
godgrace
matter1
dessie
brenda7
lucas5
bear24
lofasz
brian18
keanu1
badoo2012
chinacat
kkkkkk6
mcafee
rafael2
040778
shyamala
unleashed1
951753123
usasf1234
081094
15111995
aisha123
slk230
11vote
angela4
gfdkjd
addie
flores12
nevaeh06
101268
emma1
cash23
270776
sophie6
251106
20121975
sexyguy1
lilman08
noah08
ilmiocane
lilliana
jk
dustin23
carolina15
adeade
joker17
13281328
kupukupu
irish3
qwert!
dodgers3
puddy1
fafnir
lazareva
ANTHONY1
Charlie01
21051976
1212aa
james93
estetica
cacahuate
/.,mnb
papa10
sexygurl2
japierdole
newyork69
199203
oldfart1
donnas
bribri12
100273
ilovesam!
fidelidade
decade
chaparro1
231097
luisluis
mini1234
samantha06
alain1
haley13
dogbreath1
17021979
azsxdc12
07071976
dragons11
140976
Leonard
maxine123
timmy5
chase22
joselo
calore
salvador2
little4
verizon123
201070
5152535455
britbrat1
sarath
nick2000
millhouse
jackie17
sadie10
penguin9
17061978
kissmebaby
01061996
101169
ra1234
1234kids
12061976
1estrella
bobik
1sassy
200476
bandito1
diller
chesca
tedesco
31081978
outubro
eight88
91camaro
eagles99
pizza21
199207
18101978
homie2
25061996
choupinou
170877
hawk12
griselda1
1grandpa
arabella1
hacker2
mari11
hasina
tuning1
jaimatadi1
vbvjpf
shokoladka
789741
robert04
tiamotanto
psppsp
010475
aiaiai
milamber
120173
mugwump
zxcqwe123
courtney16
sn0wman
03081978
080875
mister12
jasmina1
z7777777
emma2010
w1950a
wonderboy1
210196
brutus2
punkers
piapia
199404
811026
licker1
123bnm
agung
chicana
miami11
resist
150907
dustin7
19961997
campinas
mikaella
jamesk
z1z1z1z1
thrash1
210675
142753869
niklas1
251273
vegas2
021076
000000b
azazello
ilovezach
14041976
smoove1
lampada
BIGDOG
basket13
thermo
angie21
harley15
ak
16031977
eastside4
kiki89
necronomicon
mommy27
h36js3gGoF
03121995
07041979
liar
thelast1
030794
suger1
crazzy1
199327
virginia12
102498
starfleet
040181
01021975
oddjob
310176
kennedy12
legend01
naledi
qazwsxedc12345
gordo2
dannyb
rc.
198113
suicidal1
rainbow16
iloveyew
chinky1
10041974
pappagallo
qwerty121
07011994
19871016
01011900
deedee13
doozer
230475
yourspace1
devin23
tiffany.
150596
levski1914
COWBOY
waiting1
dolina
mcgrath
Alfred
Popcorn1
niki12
manchitas
corazoncito
841018
talitha
hirondelle
18091978
hutch
chaddy
3syqo15hil
soinlove
kingjames23
hottie4u
bunky1
tennis14
maplewood
nevets1
rushrush
love444
smile08
daniela10
qwerty97
creek1
ferda
father12345
29061979
030194
saturnus
fishing11
hari123
95123
joejonas!
1231235
smokey16
emokid123
fffjjj
Alex1234
13071977
imback1
maggie25
lululu1
compound
candy55
consumer
001212
601601
dinosaurus
ratten
tarasenko
blue74
cool98
754321
y6p67ftrqj
vfkzdrf
brittni
12031976
kush
rosa11
star03
banana33
shawn69
dustin14
salento12
killerbee1
03111976
sweet33
samson10
ctcnhtyrf
230597
19861106
woodduck
13081977
maltese1
jiujitsu1
08071994
l0vel0ve
ilove143
donna2
prdel
100472
willpower
ilovekate
19821023
sasha1989
handoi
caprisun1
sexy40
naty123
199407
27021979
cherry88
197802
130808
harley97
alania
march2007
pirate2
30071979
rochdale
JANUARY
21071977
timmy9
bethany12
whodat1
pizarro
anita2
dedicated
roma1996
021277
corsica1
april1992
slipknot21
25061979
jessica33
qwaser
FupYuxTb66
1w2q3r4e
ishika
winwinwin
miyamoto
20051975
cornelis
london2011
annoying1
retamozo
blazer01
canes
lizzie01
nagrom
fucklove4
robert45
garant
amanda33
blue62
rainbow08
jimjones
lafleur
taylor26
666666t
youknowit
eric17
120604
super99
animal3
campeones
stockholm1
harbor1
sergio11
moments
apurva
061990
exitos
amoreco
coke45
gaygaygay
08061979
sapato
050209
penis22
zacky1
lucy101
bluebird2
stokrotka1
truelove08
gogetta
987654321w
poochie2
TRINITY
bomberos
111298
katelyn12
molly24
coco77
102201
camomilla
18001800
14031977
butthole2
337733
purple67
kfkfkf
7419635
lf
ayanda
c0raplok
193193
0424
123456ms
luthien
lovedad
andy16
kiki101
jerry5
123456ass
docker
svitlana
paramon
mounika
lifehouse1
mexico2009
johnny9
25041978
donttouch
20021967
rosy
shelby99
190876
22772277
madhouse1
shelter1
sasha2002
monmouth
15011978
star7827
ancora
22101976
xxx555
dunno1
skittles69
gibson01
lo
030777
baghera
savannah07
19031997
jaymark
katherine7
090477
CHANEL
06101978
uuuuuuu
budlight3
hampshire
gator2
fuckoff09
adrian1234
qwe123321
pookie08
inl0ve
iluvhim!
manina
bigwill
020183
161995
110498
rednose
fuckit11
1337ness
420blaze
lytdybr
198655
mimimi1
codyboy1
1365
star02
melissa25
groceries
2315
chicco1
jessie.
248624
besitos
Marco
22061976
123fake
christen1
hareram
tooter1
151976
pablo10
280875
angela08
michael34
koenig
jason30
hastalavista
1christoph
Rooster
nonna
kalpesh
timmy11
ilovemyboo
sambuca1
lovebug4
braves25
700027
chicago01
jansport1
barney!
pannekoek
kidskids
deathtoall
lovely20
lunar
pass23
120571
elaine01
terra123
nursing08
gordon12
hott123
261978
gthdsq
misspriss
yabloko
23061976
20252025
glacier1
vilma
261992
timmy69
alsace
ivan10
mommy143
92camaro
1wildcat
kaitlyn7
12011976
berlin12
chupala
2341
deputy1
198566
1freeman
29051978
hangman1
19821012
thepower
wheeling
03041977
197904
04041975
deardear
east123
fritzie
7fperlangel
thegreat12
hijack
yvonne12
lacroix
panda21
bradley11
theforce1
16041976
arsenal22
oksana1
denise18
mike30
1234jk
over
shelby06
scrap
viper13
pass420
almaz
valerie12
21071979
crawfish1
316
zazaza1
130375
1carter
manmohan
holly23
147852369q
altamira
greengirl
brontolo
potato12
baller03
yuriko
keke09
vans
hockey97
dana11
music666
POOKIE
superman78
091178
1131
rolyat
billy07
19841225
nokia95
lauraa
xzibit1
chevy55
pavankumar
24121976
tyler2008
dima1984
pitbull23
bulldogs!
sydney00
sapfir
41234123
alexis96
karen22
1nurse
nickle
jerrod
lolo00
caroli
thomas94
boston04
telkom
gefccgag
noxious
secret24
chevere
emmanuel7
adidas14
120869
ilovehim23
cherrytree
camaro99
volcom21
panda6
Indiana
181296
myspace75
zanessa1
asdfqwer1234
scania1
october02
keely1
blackpanther
27011979
lonsdale1
fishy12
dmwdmw
mariz
sun1shine
folks6
optiplex1
maksim1
jeans
april420
PIERRE
redneck11
honeygirl1
netscape1
trudy
060178
shadow007
diesel11
071094
scotty01
puppies7
fergie12
my3loves
bradley5
anubhav
nopasswo
Password@123
freefall1
winston01
ilovepat
p00per
12345me
shadow777
ferrary
blue43
meneses
08081998
beb
myfriend1
czesio
ker
sabrina9
789987789
10081977
glorious1
tigers.
fefe
0000123
parker08
contour
1wetpussy
Kevin123
18011979
finite
kubus
optical1
dino11
ber217an
123one
calimero1
123456
password
12345678
querty
abc123
123456789
111111
1234567
iloveyou
adobe123
123123
admin
1234567890
letmein
photoshop
1234
monkey
shadow
sunshine
12345
password1
princess
azerty
trustno1
000000
lauren00
choctaw
tina10
mickey.
keke10
richard15
7700
ganja123
180277
crossroad
#
0
14geonly
1973
2Bfamous
2charGE
2getin
300
4$apps
4rhelp
A11endale
acqservice
admin
admin.genie
administrator
Administrator
adw2.0
analyst
atna
#bigguy
#bigguy)
#bigguy1
CANal1
ccg
confirma
ddpadmin
dont4get2
elgems
emergency
entegra
eNTEGRA
G3car3s
gemnet
gemnet2002
gemsservice
genesis
Genesis
geservice
hrml
iis
infinia
InfiniaAdmin
initnit
insite
insite.genieacq
install
Museadmin
Muse!Admin
nasro
nasrw
Never!Mind
passme
reboot
root
root.genie
sa
scan
sdc
service
service.
servicetech
servicetech1
servicetech2
shared
shutdown
sopha
su
super
Tech1
Tech10
Tech100
Tech11
Tech12
Tech13
Tech14
Tech15
Tech16
Tech17
Tech18
Tech19
Tech2
Tech20
Tech21
Tech22
Tech23
Tech24
Tech25
Tech26
Tech27
Tech28
Tech29
Tech3
Tech30
Tech31
Tech32
Tech33
Tech34
Tech35
Tech36
Tech37
Tech38
Tech39
Tech4
Tech40
Tech41
Tech42
Tech43
Tech44
Tech45
Tech46
Tech47
Tech48
Tech49
Tech5
Tech50
Tech51
Tech52
Tech53
Tech54
Tech55
Tech56
Tech57
Tech58
Tech59
Tech6
Tech60
Tech61
Tech62
Tech63
Tech64
Tech65
Tech66
Tech67
Tech68
Tech69
Tech7
Tech70
Tech71
Tech72
Tech73
Tech74
Tech75
Tech76
Tech77
Tech78
Tech79
Tech8
Tech80
Tech81
Tech82
Tech83
Tech84
Tech85
Tech86
Tech87
Tech88
Tech89
Tech9
Tech90
Tech91
Tech92
Tech93
Tech94
Tech95
Tech96
Tech97
Tech98
Tech99
TH8740
V0yag3r
viewer
webadmin
wsservice
xraytech

!)&@%&*$E^$
!@#!@#!@#!@@#!@#
!@#$%^&*
!@#)(D4NG_QU0c_CU0NG$%^{}
!@#Cuong_Dang#@!
!@#^&*
!@)*#)!@U#@*!@!)
!RCR#hJFp*d8nHUZ@U79vC*HndVg292phyZ#5^Xb
!meal$ecret!
!payment$ecret!
!secReT$123*
#######
#$Vby8o5ey+vbaio7vzw63v)273eyowhsukdt36iwu
#RwwwWXXUu!pPMG^AtWhDbXh?2qXum@CGqaAF8QaYfnqMyh+r#_Eu!RQ&zftFucDf5BH#7%!&bVfQAVJxP3b-?tEvdmHBNxK!LgjW!ekeG9AP^=gcM
#ZhiMaKaiMen1234@*
#drshshsjsj&*^^hshshst--shhh%$##@jkshg
$!qi$_o(M,c`zRS
$#GR24T4344$#$@#%WTEWTEAE%$6
$#GR24T4344$#$@#%WTEWTEAE%$6dsf
$#GR24T4344$#$@#%WTEWTEAE%$6dsfAS
$#MyS0ngsapl1cati0n#$
$$$$$$$$$$$$$$$$$$$$$$$$$$$$$$$$$$$$$$$$$$$$$$$$$$$$$$$$$$$$$$$$$$$$$$$$$$$$$$$$$$$$$$$$$$$$$$
$2a$10$zMv2skn0DWEfsZGG91rC/O
$2b$10$Gg91pyMdkpIwT2MRMl7xxObPSOAQpS2Gnt29indH8Q4jxpiSfPup2
$2b$10$ZVQNwaBFAYZHiMXuMaPtHO
$39asdulawk3j489us39vm9370dmsZ
$PraveenIsAwesome!
thisisthesecretkey
myJwtSecret
your-256-bit-secret
tobemodified
mysecretstring
reallyreallyreallyreallyverysafe
supersecret
NxpmDotDevJwtSecret
3123123213123
ofcourseistillloveyou
<random_string_at_least_32_characters_long>
secret
secretkey
token
0a6b944d-d2fb-46fc-a85e-0295c986cd9f
<Your-Token>
16f8c0ef4a5d391b26034086c628469d3f9f497f08163ab9b40137092f2909ef
r9iMKoe5CRMgvJBBtp4HrqN7QiPpUToj
changeme
foo
some-secret-password
test value
password
jwt-secret
jwtsecret
JWTs are the best!
VGhpcyBzZWNyZXQgaXMgc3RvcmVkIGJhc2UtNjQgZW5jb2RlZCBvbiB0aGUgcHJveHkgaG9zdA
This secret is stored base-64 encoded on the proxy hos
secret1
secret2
aSecret
569a1821-0a93-45e8-87ab-eb857f20a010
r9iMKoe5CRMgvJBBtp4HrqN7QiPpUToj
testing
test123-test123-test123-test123-test123-test123-test123
$gbK!srXc2Oivn8ZjHa8WRel&Zy4481W
$u2kD6L8BXMjNRkg2RZ[Qbb5ze*d`HAV
%C*F-JaNdRgUkXp2s5v8y/B?E(G+KbPeShVmYq3t6w9z$C&J@McQfTjWnZr4u7x!
%^&kwicms319842__71839^HBSksmdil
%kernel.secret%
%some_secrets%
&#34;n2r5u8x/A%D*G-KaPdSgVkYp3s6v9y$B&amp;E(H+MbQeThWmZq4t7w!z%C*F-J@NcRf&#34;
&Vi%33pG2mD51xMo%OUOTo$ZWOa3TYt328tcjXtW9&hn%AOb9quwaZaRMf#f&44c
(x9==vh_hsk$-ds#%7d&ue-4j+f_da64samey++xzd$#$qsekf
)H@McQfTjWnZr4u7w!z%C*F-JaNdRgUkXp2s5v8y/A?D(G+KbPeShVmYq3t6w9z$
**
****!
*******
***your-256-bit-secret***
*A"QXyajs$`K)qFB_%Q'8~mNG4y-M,QcuDq$7kgH$$6;Ssp&@n
*Vs1k4e(Y}wpz${hz%w5rSwD
*Y*^%JHg7623
*s3cr3t#
CHANGE_THIS_TO_SOMETHING_RANDOM
*your jasonwebtoken secret*
+b59WQF+kUDr0TGxevzpRV3ixMvyIQuD1O
-------
-S(]VEjUc\3%7h:M
-SrTY3wmw80
-k12h32h3i2uydxhe2i3h4ih34dn3500908
...
0.rfyj3n9nzh
0000000
000000000000
005qqP3nVUfeGAAkleWWERqLkYNaL_4tnBzgm6frys
0069c482-d42c-4e4b-bae9-893749215257
00dce410-9108-4ebb-861c-04a601b83c4b
010ddcdb-a7b8-4595-9294-508c1b4547c0
01234567890abcde01234567890abcde01234567890abcde01234567890abcde
0230289a-7348-4373-913f-85e15a41de47
02938t9023uf0923j09j9gj3s98og3489gh7938hg982hj0f9jw9sgjesu89iguio3ji9gj2309j0ghjeuisghkjdfgnm3v4mntvjhiocvubiouxc0b9u3490jg
02981eaf-fa5e-43fa-b948-87453cd9afe4
03263301ea9a6a06e29a05a47d076495678089c1b6c26e12f21e4c492022e42d
0447b586-8f11-4990-b0a4-8e749aff776d
045ef734-ab17-4429-9aed-9acbcf99ba67
04PS24BI16
051dfa33-6d1b-4a59-a276-097f0e4f3d40
05630396-2e06-4d8a-a787-e8f09185c1cd
05f25fd1-5005-40e7-af4e-b1b7c3a9b504
06203e05-beaf-485f-aca9-9ed069c31ce2
064a69f6-019a-4ad8-8040-00b76f0c1327
065f0e1d-c690-4c60-88b6-b52359291ed3
066cb1a3-4e9a-4ea4-9d6c-6b1aaadb7936
067878e6-ecaa-4a86-bcb1-3c64bfe29133
07127600-ddc0-4a98-940f-9c3d70cab600
0718a5fd-5648-4a0a-b5aa-346dba92a750
0747b49b0815279145cfafddb5cba1b9ec31e6b33972174c16e3b739c6051660
0762c6a0-11aa-4e43-8961-d404d71c5b75
0769cafb-33c0-4cd2-b1cf-36d7e38bc524
0789d351-2a9f-4393-b447-b3e2b103a3fa
07ee344d-8eb4-455f-8cc3-f641406e8820
08f94a7a-a29d-4602-96ce-c47f0412663e
09032u59032jf90u2u490jgu23j9j4u904jf2398d90rltjgvn094u9083095f894kofru9et903vf90t34k
098462b9-d697-4718-9065-8b85eabb1978
09b91259-56ca-4fb5-b452-510a58861ce5
09d25e094faa6ca2556c818166b7a9563b93f7099f6f0f4caa6cf63b88e8d3e7
09htfahpkc0qyw4ukrtag0gy20ktarpkcasht
0EOBvZqsY9i9i9lem3Y7frUbQbdRsceu
0JqF84JhmKqCPyRbSvDHYSsp6ljwW9NK
0Thsd0MuPdq2dNtajXHbPltCJSpSbjSRSTcse8b09iKLfCG5FSQVQogdDbqw3ct4
0a6b944d-d2fb-46fc-a85e-0295c986cd9f
0abc54b8f26911eab443a45e60efbf2d
0acc4bcc-b752-432b-a797-5c22a646a8e8
0b999284-f686-4aad-9bf3-bffd57c099ad
0d0aa821-8b30-49a8-8c2f-d3df30bbe88f
0d1f1ee6-bd6b-4477-ad91-bb12feb21150
0d34a0167a7f06d568506b00c4a76f3d
0d96d6a8-d955-4d9d-9a78-942d5ab4af41
0dd09f42-1031-4c6e-bfd1-ac8a57d53221
0f453b8e74d2da2ddbf069fb795e530bb730a418ac3764e3f2a8d360c648a412
0sj54sdf5k4hj64kjhk897ghj123ghn12lyu3pui12sdf123s58
0wzvzzSfREVECrKr5QHSwcbglPHu8xyX
106816c9-bcb5-4a05-9d51-4dda16a357c3
108e6977-5ebe-4dde-b3dc-7fe81f69a112
10a40bf1-bd7d-44b5-8bea-5575d35977a5
10b1346b75e107cc522ee6ad440d409e
1163ad4c-6e37-4dc1-9196-dee147c1a8c9
11ca6be05d2043f2bfa680fbe4d3883e
11qUmfJ6IjWjxPtVSGeIIde6MNu5xjYODS
12$6KSzf4O2m0RFYRFOzN/vE.qt0tvCS.BXGIl0wFk4FZ4IWf
123
123123
1231232131231231231231231231231231231231231231231231#$$
1231EQDSD1213DSSD112DD
1231asdfsfwefqqq2121sd
123213123dasdsa
1234
12345
123454
123455432135
123456
1234567
1234567'
12345678
123456789
1234567890
1234567890123456
12345678901234567890123456789000
123456789012345678901234567890123
1234567890123465
1234567890987654
1234567890987654321
1234567890a
123456abcd
123456poPaertr
1234678901234567890
1234abc
1234nbizz234sunshine-ultra-secure-secret-is-awesome
1236547892584897
123Abc123
123Abc789XYZ
123NotAParticularyGreatSecret!!!
123dung
123qwe
123secret456!
1242342sfsdfsdf
12LP7vjoZCJHiOfngtWZQ5PD6QK3LnH0jCJaizgQUG1Ak0w4RtV7bYotIunRLJkf
1337h4x
13dc93ee-16f3-4ab5-9ba8-a1990f4317aa
14023a7c-9a6d-47c0-a7a0-7dcba4986326
1452a81c-f930-48ef-9475-9c13690c2f6d
1580d64d-b71f-43d5-8e3b-02330b63175e
1623fe52-fdcd-4a91-8c46-8278ac898eb7
165d5ce4-1432-4f44-bbcf-07ff7af1fa62
1696536f-1976-73b1-b241-0b4213908d39
16cd8e45-03fb-4c18-b154-8a643491e455
16eff54b-4b12-47a5-bd35-1d4f4c1e199e
16f237faf903a49a3e6b7a5261fc3ac4289ffb4634df4adbe07501469fd57c9c5a6b154a4fe3c5ed51fd21a31c1132d1e14a19f269b1851bb42cad005e4c26c7
1704d7da-ab28-4e54-ba87-c4d72f7c0738
17216bf9-e84f-4763-b913-7069be146971
17253885-3613-46f3-87e3-845211d1b14a
1728gj3591bbqwer0293aass84
178817399504849sgfjdfdafsajksaf
17TKJ5LyCf14G5Ravea_hyyl6pHRMI0FF974uzIvi3o
17fb380e-03e5-42a7-9b7d-c4bb3f6d62d2
192654bb-16ec-4b6a-a0b7-81655e8d725c
198cba34-7b65-4bcb-be4c-07d4eb16b880
199f6bf6-dc01-4868-8c0c-d3e1a3f976bb
19d1240a-3d5f-4d31-8034-896d65b9ec9f
1ASDasas12412r13asaah992394ksiv129dg912
1Bjp9ERP{o7VF`Q
1H3Eg14E%1
1Kun
1QhUrKCnq1P7u8sPn3HmnTAyxYb_FktcERlxmnE2nIE
1a3d8a16-666b-4697-92b3-dbb77f6bd135
1a9030fbca47a5b2c28e92f19050bb77824b5ad1
1ab72d80-73db-403e-827c-91670fced629
1b0b2801-cf33-45f1-9c67-9af56e5196e8
1bf3412c-1c4e-4467-869d-4e45639b1a61
1c8234a3-26b4-4486-a14a-3162b325c1fa
1d22cde7-427c-475c-83dc-86a15f4f3e12
1d233cde8cea5d9c238859f6181d1d30dc86fd5135bd8c0b912936b22397dd26abf3ef611d38f6866c48c8a71ee8e7b679a1a4a0b25543953d6752859f6a4362
1d4b2534-5bb4-4f12-98d6-48ddf5bc0946
1db158f6-177d-4d9c-8a8b-d36869918ec5
1efc0e16-0b70-40af-bbaa-04138f8281c9
1f427169-9b81-466b-9703-fd21d0c5c7e6
1f6l1f7kjloqj3j5i98s:eyJhbGciOiJSUzI1NiJ9.eyJhd...
1f8rfpYtEXVFEkYah829jIivC5GH0CzHflQThu4sDks16U7jwfCB0rx3Wh5Z2exD
1f90da906d5ee7f4c949be2abd19b8b3
1fff2f470577340c79ee83b7ac99bcf33e8b92123cf2f62511e24b621ee261b8
1q2w3e4r5t6y7u8ı9o0pzaxscdvfbgnhmjökçl
1qaz2wsx
1qaz2wsx3edc4rfv5tgb6yhn7ujm8ik9ol0p
2
20$$NAD##20
202008191149
2020@azad2##*$
20a59a6e-affa-4bf7-9d65-194da4ed207e
2127bc9d53d2ad041ad4fd8b0968a7849a808fb665e0601c9d2bbb9ffe6d0f9a
212NFEJWJIRJJIO2IIRJ3KRNK2
21689237583884
21oF5r1PjXpCQPtR8TqG
22561edd-37f4-4445-9bbb-05bdecdd1c55
233
23347$040412
23347$40412
234234-234234-234234
23423423423423434KLJDF
2342R4FVCXC
234@23!%35678
235lk231;24kljl1j2
23d852b7-2091-4206-b63e-f786561aeedd
24a01a8b-3376-4953-a736-6febadd6e478
24b8de12fcd388ccaef66794f69ddf93c04ec31a102e572d8b413dcd896deb6b42153a9af6a84c597c95de6f452ec069c63c533ccebd1a9d3fc167f31c4c160e
24f4be7b-35fe-4bea-9f5b-e731fafddbba
24tngvzaictc000000000000000000000000000000000000000000000000000000000000000000000000000000000000000000000000000000000000000000000000000000000000000000000000000000000
2541685412369541
2546cb1d-72dc-4a5d-a1e2-b5d671c69f22
2577b536-6797-4588-a199-b476ceae95bd
25b2a507-c1b6-4cac-af58-731fe047a385
266dba23-d1f6-4610-b2b4-44733a084c86
2699aa04-05f3-4052-b02d-5497bb9e965f
26a8558e-da8f-4656-9a6a-45d3295751ae
26ba80198a19c222cd723d0d2c324dfa
271fb17d-f18a-4f21-ab0b-d6219f7c1a74
276c628ce33a59b398e4bc8f961874f454c57cfcc77cd0c27e4efc429095bd52945f465786371701f96ec5782d9379b287fe8aa6b5d00ce47f65f89fd12bc665
27FD418A5F871868E783C138188258EEFB696ABB953EF3FCF59F951751CDCC3A
27c12e2a-6799-437d-b156-439e411db871
27c1eabe8d71b5f0c13b4a7d3ff5e34eeded8474
27e2d7b4417e7a5f2e7711b1e32b1f6f101f4b7a29cae2d40286b3ab6db0a78bea785d715cad404afe370410c708a3baf507af27fa735531ae2acbe8fa76d769
281bbd5c-e9a1-4baf-b531-d952d47c3588
2839aab1-1155-4b5c-a606-4a3b4eafc706
287a046a-2682-4f83-bdfe-823d3ac1b92e
28a60729-a897-403c-abe8-8f7d9b1422a6
29b46071-a9b1-4de1-a4f2-d4d953da5b63
2CgPZFnXfXrjm7sX9hgkpnrEdBbfFzRezAjqD8EoNKIILagC5BwMm54pA5hzPLno
2Rz4K79FuhKrec3BTWPx9b1uesyOdFNh
2ac67b095a17492944e30284f8fff5adefae43b3c34d6b7b7d82d0211766eaebe8f69fc65b3ed105faa7e7b4c3c62021cde3ceb6fae6661fa05ff105a34b96cc
2b9b62af-591d-423e-b47a-96b614d8384c
2bd834b01da284245c1a34a931446d19cd5a209a82152cecbbf7987ab6b0092f30850b19f76b7853a5fcbfb28ad4ab696b973155e432c1e52099e71ba179d6a7
2c2d1a04122b6a9cb1a23c7951e519d87b006a2aad632802ae54b100f7aafa9894587a18b3f69b206fb0ef2226f9a571f8132d1bb90bf2ca9a4763e8f4d0c258
2c717855-cfe2-471e-97d9-afa63599692b
2d034746-1g04-1a4h-4b5g-34f5g8h803r8
2dFfbZmiT8oGl5LeVA3Y6CGm6nBWErC0iAx76T0VwJ6gJ6UuqECt1Hq9qMKCz6Zw
2dg8cq7b5cbo000000000000000000000000000000000000000000000000000000000000000000000000000000000000000000000000000000000000000000000000000000000000000000000000000000000
2e0258bd2ec730fe81b6ee05ebe1952255b2267cefb8e6ffaeb5c40f06e2636c147d99900464644abc67b2fcf0c23d4a
2e0dbb30-6b9a-4ea9-89ef-cd60e02c8b43
2e54cfdf-909b-47ca-b385-4c44886f04f0
2e6a98abb5b23339ad14601d3bedc1d23847498cb18daf8cfc98c2a2095ec8f47d80053f6d4e22b8f6419407ac3083dc
2e8n@wmeoX!hV
2hFTNm7mWlduR3NFRdOf
2l23lFLf4L239sd477n
2lbva54qylh
2nJS=TpH/qBfB=NI6:H/jt3@5B3IBhzD4OjWi=tCH50Bjy2=JCXO^]XeZUW47Gv4
2q3sdfgdf
2r5u8x/AD*G-KaPdSgVkYp3s6v9y$B&E(H+MbQeThWmZq4t7wzC*F-J@NcRf
2rF0BA9ggqNmixWe8kyloygX7I2HNtRB
3#9iB80U4EjUkyE$
3-C0mm3rc3
3003457538A4D9DC2F69E9573132EA0354930B9CE9855D4EBE7F1645FB6BAD97
3078698059b21d8ec30b0f506c20854b5ed59816fe56cc47a9177da6f258adc3195472ed82ac45076ce847dad93fa2ef294934ad644a86fd255cc75e20efcc9e
30b41e87-5f73-48f2
30e4b41c-d006-4654-a7a9-18c1628dc2f7
30e59672-3bb4-4690-9f74-ae20fadd2f54
30ea254068547749377862e7d9a644c1
311d5e26-b00e-4ba8-9916-ab7d3d6bb714
313244352657554132vr4tc4dt5t34t43r3s135rd32vb53yg5sf5t5vyb5nuvc54tc
315b14d2-9e4b-4eef-88ad-2e2c8dc772e4
317d9e66ce8ece72
31dc2d6c-eeb9-4f5b-bb12-e323bfe7a809
320wa6n6nq00000000000000000000000000000000000000000000000000000000000000000000000000000000000000000000000000000000000000000000000000000000000000000000000000000000000
3264ea9f-e107-49a3-b10b-5c734abdc217
32jhkic!@#Ckx!*)GGM54k2v432kcl3j48$04#fkGK
33291eee-b88f-41ed-8015-22738e915f4d
335f37aa-c32e-4d01-98c7-763ebae43a04
33c78636-635b-458c-9345-fb971e24330c
33e86ac48e993d06bb3afd382863457e6bca79daf983ec4ba783e75999b1f4a000
33e86ac48e993d06bb3afd382863457e6bca79daf983ec4ba783e75999b1f4a000e686223b87f05659f7f85e0d369a596d32d2df6f76c41fca708c23a7c15488
33e86ac48e993d06bb3afd382863457e6bca79daf983ec4ba783e75999b1f4a000e686223b87f05659f7f85e0d369a596d32d2df6f78c41fca708c23a7c15488
34%%##@#FGFKFL
343F!$%%JK2abeejkal
345
3456sfnJaydeep
34U*gd^&G*&D#Ge
35186fec-1d3f-4355-81c4-be0fc5c6a93e
356646e6-9457-4742-9f35-64f4e56e5c0a
358e7ef9-1fed-4caf-95dd-526b96386ecd
35dfdd8a-2fc1-4985-911f-f7a363977f2a
362f82e2-ac32-4dd4-9c95-8995429a4e88
370ec542-7db9-4552-b2c9-de77261439ba
373f8320-899a-4e26-99fa-9d4b167218dd
3749059b-b686-489a-aaf1-10ac2448f051
376IJicrdyBnQT2sr2P1yWAy4ppAtpNZ2dlPe4lHQbMSxTkaa6TXQWRb6IXbxVLn
37OIHY(#b#*H0g9#_Gj_(#HG()B)@(_#HBV)@BGiBL@!@_
37fc9528-6dec-430b-b9e5-bfe82f82caf3
37jMq3zAH62cnOlcsxrJaMExu2DuaaWn
380d4bc5-ed6e-44d5-97f3-47bc69a3e561
380e613c40d74299ab9d99b4f997b283
384579834yv3n49v85349n
38af0483c50d39ebd0b58ea81a3fc366c1995c4da5bsuperrandomkey
39284932849302rejr2
3DI3@$2qi1
3JVhu6aTifZERvah1wNtH9aIpgqGBESbKmlcu6fg95LWE6BlSKnTeSGmffwoTHTX
3KmEa6jlLK%#2MLm4srJ2XJioeP!DNNpvMzW
3PnS3RF6RLFWwCGctBqEJFyUvcgJTRq2IqhBMHV9h2GMGCrDGnG7pvtBNgGkLRnr
3Q2CW$fdzpkxE^EQudtH3yC%a^xG9a*SX%7R20@dDaWm#z53kumCjb#&Qd7NjCr@3HLYEdWhWljb@128y0KMOc6GBy3^qGb*tUH
3ZGErMDCyxTOZYDp45GGD
3ZZ]{pp771!fJafr@@%13FFFsS@@41r
3ad4d3a0-f0e5-482c-90e3-c9bc0ee2073a
3b167030-1c06-4736-a1b4-22e8940d8ccf
3bbd24c1-1b2d-44b1-af13-41546baadb11
3c0a03ad-b12d-442e-a6f1-76814ca91769
3d20e6c2cd972d0a2a8d61bb9e62b4ea4c
3e2cb015c66c0610476c93d991462e097f0db767907c1a649850a1719c305b627e72b34a0933da69c1e0fab83571e553601da38f0645282e39b3831590cd042d
3e387369-1e29-4adf-863c-e7a33632c3c0
3e894436-1e7a-42fe-a926-aba673f1416a
3eefee55-c7f8-43a8-9a77-ed9d217569b4
3ef98396-c8a2-47ec-904c-bfda64457092
3f017bc64bb365167987e307cc41c9f4
3f2QIb2Kg2DZdii9BtOyMLp2p6gLdVrwFJR8hG
3ff4038b-4603-4e44-a175-e12e692d683b
3lt1gr3
3lvXDtIquzg9h0xIUqmBf200do7EYieXUGLwP6DdnYVHkProeuSJEYmHsktT1Uhn
3mand2heste1kanin
3nC0d3D$3cR3t
3swsq0g6jpw0000000000000000000000000000000000000000000000000000000000000000000000000000000000000000000000000000000000000000000000000000000000000000000000000000000000
3y8raz35
40014e96-9a48-404e-8b7c-fbdf761081e1
4167234YURWYdsaghgjhdfjk
417b6b68-d3b5-489f-9e56-1ab2b8c51506
4196b7d9-23c9-4ee0-b406-f6fb862a5c66
41ko3zHV9oSrSnnQHZ8XYpTsLE2LfsBqqg5i7kyZ
423asd43sdff34fdsfs
423d82d6-98c5-44d4-9678-ecd157c8f97e
42isTheAnswer
436605a3-628b-4cf8-8d23-4da1c2944bb7
439326cc-c23b-4837-9708-922576ad4349
445c2030-704e-42ee-8cb3-5809aa58000b
4469SD13051EB8986C6HK3F9617F3135
450bd60d-ce9c-4c44-81ce-8ed78c29ca23
456123
4584432/*g4f56d4gf*/dg754+gf8d-g*df8g6544
45890GJKDLZEEF567890
45HjKT46cpEwVRVm7WFPeveE2pdefC6LIy17kkHMEvAuhZrdjON417VpuU3xgxYU
45b29b92-1d4e-4d5d-bfe0-fbdc121b815b
45df22f6-e862-43a1-8fd8-1d40740a0c84
45dfghusaod123464
464d5ba5-b88d-41fb-bfe4-7300ace40106
46958fe7-54a9-44a1-bc38-103aa35baeb1
471842D1EEC9A2BD2FC972611000634C7A93DCBE488BC697351C6635B4143B93
47904500-eeaa-4fa5-9e3d-4c79e959cc80
47b4d5aa-a726-4411-bdaf-b539953d373d
48d8c718-2038-489c-8cfe-4971c5d0ff85
4974197494749749HHG
4C8kum4LxyKWYLM78sKdXrzbBjDCFyfX
4DCpyWoI4HAgcrfxtD8ayUDRWW187oBnqdutsp6xCPC01YvcKswlLMEwlos64GeX
4QV0u1o8v%
4YOURSECRETKEY
4abbcdd2-6726-45e5-a648-8df37def146f
4bc3368a-a331-4cb1-8418-b5871beac3a2
4bd669b1-150b-4a54-bebc-b9581556b59f
4c5698ee-9d88-4d3f-95eb-a94eadb7ac69
4cQoCtY7yXZJeu5KbrQKF6EC9EA71EScuyPcDynCaAL8zxaGPQN6xGgJSDvrRQKT
4d0c76e5-af56-49f3-be8a-ac8813235c3c
4df6faf8-e927-4020-a5e1-278bfcc03008
4diU%&w*WLHBpkq@BqWPK*443LA%k9M4
4e0b09bd-4d8f-441c-80ed-74ed195c6b01
4eaaa03a-17f8-4b8a-a36c-4fcea35c9b09
4ec76c6f-2a6a-4632-824e-241eeab81aa2
4f211376-2142-44f5-b8f9-b99f93d1019d
4f8695df-4864-4e87-b4f8-ca008dcca09d
4fd1a76455f8d7dee8b6c57fd42b8cb0fb4f31c4f2fd84aa19a0f8d458f7aa9eff4f0ff61ad2391b623e41ccc8bc2fd43ec1bdcccfebb961915adbdca6a4ce15
4fdfsdhkjt54343fdg4646463grfgdt33df44909tfgxfmil
4oi3tujiorwejfgoiwjfdpij123i-03urijewf
4ukI0uIVnB3iI1yxj646fVXSE3ZVk4doZgz6fTbNg7jO41EAtl20J5F7Trtwe7OM
4vWgpyTGzh3UKueqg43Y
5009baf0-a268-419a-8c03-e1bc12ac37eb
51129f085f3e1a80
517dd49c-0946-4067-97ec-83691250a57f
521b18a1-0b64-4a66-8fab-8276db177220
527347d3-9653-07dc-adc0-598b8f2b0f4d
52dd9132-e667-4bdc-bb93-09f3f21be45f
52nhkmxmqb00000000000000000000000000000000000000000000000000000000000000000000000000000000000000000000000000000000000000000000000000000000000000000000000000000000000
53860502-3836-4112-b640-57c24fda9680
538dc651-38d8-4438-9f9a-cca06cb2c3d6
53cr37K3y
54265f24-b1e3-472a-a005-f681a905488f
54525454525452ewewew2
5464644545sdadsdasdsad
54caa1b4eb546573434a512f69534a41
54cfc24c5c365665b890974b110b18b0
55157c60-183c-4294-959f-8ef24191c81e
5525278
553c7788-0d40-4e45-9131-e1f3f271d1ea
55599a38-2a2b-4195-bef9-c08e869615c2
556dcc77-1b7e-45f6-b95d-fcf22fb897a4
557c00358902f1195c019235bcae6ddededf151613f9743702448bc300f03d24
558d3107264f726bf1c162b12c97b1d88ab3831c2e0905eb2b34095317a02445c30be9ebc572b3dc6e1d3f552bff1a30ddcf346429d279a02356e262edafca58
55F2ACA3C5E8C7DCE1B4D2EA9D853B66040B7565F4183D33173EB64BA3A4677A
55c808909dd4e45ed22382ba
56119ae5-ba8b-4946-95e4-7c870f685ecc
56fgyjfg56j^*1643"5&667ojh8^&5449758jkn6468566f25
575j79bl26k0000000000000000000000000000000000000000000000000000000000000000000000000000000000000000000000000000000000000000000000000000000000000000000000000000000000
57db0dc6-b3b2-4507-804c-ecf82d76efd5
586c2072-4e37-4dcf-8df3-03d72b24e96c
587342f2-04c1-4688-b5c4-890e39cc3990
58a0288c-5d4a-4e72-9c26-9a6d37a05af5
58d019f8-0a1d-43fe-ac8b-c3fc6632d54c
5968S5Rrxr2y1qzrLXrtDxqILFjvHIG3
59ade1d8-f857-4a5f-b82e-0e65a0712deb
59de221d-7a52-4f34-b21a-c9113b6513b4
59e2a436-6ece-46e6-9e6d-1d29f3ddb7a5
5a27f487-c871-478a-9956-0dcb6a4228ac
5adc220945b6bb01c184188ab496dd526cd610c7da3e7edf399a4b77340b96f7
5af76599-4d52-4d6c-beac-ae647facb61c
5c42c308591ea925e4eb5947
5c61e00e-1b7e-4e21-ad97-93149ff6c4c3
5cdfbf78-0c13-40d5-a5d4-4b66c5157fab
5d8be3ac-6ebe-43f3-9f4f-c06fabb317f5
5dff3d8f-e42b-4291-a779-3843b4a6d201
5e1d9c5af3ff740fc791354f
5ecc3651d00K500767c792C3
5ee82bff-d1a6-4022-9928-9ac9e4ecfa95
5f016eb077bc484d4df4d5c0a9c0c3340bdc71a22a1aece961381d2b2a3e54d89b75f149042ba1e3b901843fabb577e343ef
5f14178d-945c-47ea-85e2-45469005803b
5fdb40b10f60f2487f2c675dd9eaeb7a8b62f0e4a33a71500614aab963febd35
5irk#&w1qxS8bm#Z75jdWw2bWJFfkTKueGvtHBXx!3RVnrWM@be%Pccpqj^B9sfjuw##XQKO5n6$Pk^%TEQ06!rM7G1QJgPAKluQ
5mqrMv2tB3rfgNVEN76tystmAxfDYHqqUQfPwwfxGwSyYxuT4
5pa0IYgVTUpuXUixWDEGCZBfxNkywlM8IZuFWRL5DshEH7DdNvw0nsT58CVeApo4
5vnjwQXm793U80xOS2F9FUcAzoWgElP4MFN8atK3ZlCdYMMFLfr1ECXXQb6EyAYY
5x0b2LMP3wwxgdKyUlWX2SqsGu7kWFwaBtOAIqejcGqAvVDeam6oWu38VgThnv3Q
5zkCv3Ss7NSP9ll8CKrZjuNbYhsXczOT
601bfe94-dfbd-4cf7-adf1-738426ab93bb
6021c6d9-fb12-4b9d-b67a-28dd773de55a
60261a4ebe68d1164d6bf01ba973c551
610fca7a-a5c3-48c0-aeeb-104086d9e16b
61198e6e-eacf-42ab-83a0-15caa17edb83
618fbfc0b4f91d87f9d226990284031457515327cad670c6f7abe31210e32c6dcc0fce3dfcffaadcd6d8397aa21ef463fbe639d7abc224f85bb0a6c3fe8947b3
622f56a8be59e0e54de607bbfabc7258bf1b5994fae614b6fe57
62a0de68-414f-40fd-b9f3-6e56a50b4338
6327407c-2eab-42dc-ad27-3f169c238338
639b0c71-37ae-46cd-ade4-51b7a3eb032f
63b5d085-fdea-463b-8a18-151e0d4a3eda
64756E67206465702074726169
647ef897-b502-4d27-9d45-3025d0759a7a
648ba353-76bb-479c-ac1b-7ac64e93f532
64a475be-0112-4d04-9005-f06189ae65fa
64dsasdasd#@#$%#!@345454@#!@$%5464
64e8e533-086d-4234-a699-2268c9d9c04d
6565df82-2a5f-4015-803c-2398f87b4291
6662df14-f5c8-4a5b-ac45-969b2b4026d9
66a5dc87-93e4-43dc-a569-4c14efe1c4ac
66f5c241-a81d-4786-bc69-3099e4bf2707
671bb143-b81e-4b2e-a407-2ab248ed2503
671e41d5-5414-4760-9b7e-e8e290001dd8
678e905b-d708-4b72-9998-1be4f60a03c6
67e1d9c5af3ff740fc791354fff
68V0zWFrS72GbpPreidkQFLfj4v9m3Ti+DXc8OB0gcM=
692d9244-f880-4575-9422-997be8c40a0d
698c2695-0fe5-4d3f-b73a-91f89ecbc1a0
69d1e8c8-5661-4ff4-a1f8-3d1902b60066
69e8c7a2-b01f-4bb2-92a4-48f958557aef
6EA4CBF59741D187948ABC9432AF9
6F8EC8A5-FF59-470F-8758-61DC18DB40CF
6Q94WrWZqsJd1BLBsPUlM4Nk1zQt80zAfPHPMRckkBz113KWXXiSpT5IFmgN6qhy
6a5c96762f3bdf3304eaf000fec634f31b008500
6a615f1e-a3f4-46da-a25d-df010a442b93
6aac42dc-d8cf-4ae2-8cf7-6a67473d0b37
6ab32537-f0c7-4e55-829e-2f5c856fd7f5
6b281ad5-6229-4135-b17d-a916218bf500
6b33a4cd14a84abccf2d004d977b36d813838b09fff7addb4e2392b44b528f261865c66c582228cf5ab2df981e2b3544f0c7673778cff494fb755d4947760cc0
6bb269c1-c8ed-4635-b24b-ba8add693308
6ca303e4-ceb4-4e08-abd7-c220cfd894a9
6ce33aa7-3edd-44eb-9060-74c61e3a96b1
6e3b936c-886e-4be3-b586-79144782fbf7
6eaec9d6-a20d-4c98-bc2b-79ec92ede834
6f5f7f9002a8636f08e54138fbafa2c229504edd3b4a36a549f17e73a14d0e8dbbee7e0f37e9e6f342af8d5d7faf741e24493c29626cd90d7e6323205099c72f
6fb61f212ed7162ca5309e9b9bb54e8618343dc71fe14e556e1f4929b62e896d2aa975439404e9d51b97fa1bdb95765f155127d5791303d39291b7d50c1b50cd
6ffd9faf-14ec-49df-8e1c-cdc76862b420
6fqRG657PCzTKtj46xmTQRZLCbUZz6JXRTDdtQrPbQHvNeesWZnUrt8DedNoOkFS
6hnNsBbC9DffAf16nDotqOFGwnZLQAuH
6jlRvvwpO4
6lIPL4h4jZN1rmlzdJ5wcByzaYVy1HDCWxascNfUrrBkJtvSTPczMzJETtE2b6bv
7086a497-c6c0-476d-a127-12d0aa402ea2
70FHyixzE6MA9K8mfqLnvdrn_5o_QCHW9d8wDzUTrQZGpY9
71860203-4128-410d-8834-55afe842d00a
71d4ac14-554c-47b7-a878-b25967305c5e
723405f0-74ef-422e-ba58-fe8cc08d40d1
728831f6-5471-47c8-b53c-af7218f33058
7361a1e95859907116daedcade736e6465b1440ada579bb94a3a3141ae651820
73985573-e172-4652-bf58-50845fc2cf72
744a4795-fda0-4600-9a82-6440a5f9ad0c
74a98499-61fe-4695-8c8d-39471c1d1174
75a730b58f5691de5522789070c319bc
763gFamOOz1gcOYveXknQJ8huDSpH9RRG2Y4C9esyg4MPZf8RRjCDMuK5Ynpb1TO
76ea5d51-ec77-48fe-ba5e-f949431b5fc8
7764D2C57DA5A93C1C507087B3B44DC3D1E7709D4AAD581F616EA3580D941F3A
7777777777777777777777777777777777777777777777777777777777777777
7786782d9c35f7226cf26330e2e7b4e6e52bca4386d74d820003256f6082423fffdaa1f035cd0e06e3e41c8e8f8c80c7fe200384ee1af78f839605e173d4537c
7786df7fc3a34e26a61c034d5ec8245d
7848b4db-4c64-4ea1-ac1e-fe6018eccbc4
784sdsdsdhyohsd-098nwqjhu7324gcx64c847324gcx64cw5evr743c18448484809999999998
78d6539b3b78a8680dfbfb2240358acc9bbe4f5d71a02e0885861fc59734ace4354f58a91a1d43e2861ca381af51fd4bf29f729fd62fc0365a0d5c75f45219d7
78uighjfyuyu97puoiohgf879
795731d8-aaf5-4c34-8824-27b65735415b
79816f7df9fcf43f5bb6bd7a45a2c9ed
79c7bc27-ecdd-4cbd-ba42-fa1e46934755
79e7148a-995e-4c9f-9107-cb01f5443e52
7CeAfFAW?=-7pUVhgp4=6k^cm
7Jnp8SvrN5S58EuYQGr3syUsuivEKhj1EbirRjPO7WnkAUE4y7uHEeKAlnWdd1E3
7MPOu1IDBsTerTnLvLMYpp4vE80sRYFv
7RKA8nk9LRJKVpqPVcNJgk4qtLyMUYQH
7UO4VOU7PW6AYF53OL65ANYA8KFVDQ47FMOAF14MVI5MWWQI1SM224WC6QU1
7a1c52a8-da7b-43d1-8b36-703e61cef57d
7ad14039-ba9c-48d9-a0e5-bb902e8c17fc
7ae2d07b-c5c0-46cb-add1-aba2280077aa
7af9ca9b-cdad-4dab-ac88-153ac789790b
7bc477e3-115c-472c-b1b5-9c8c36977a83
7bc78545b1a3923cc1e1e19523fd5c3f20b409509...
7bzkj0iMcFU9JMnnE6SB
7c15f5371b03e34f
7c32d31dbdd39f2111da0b1dea59e94f3ed715fd8cdf0ca3ecf354ca1a2e3e30
7c5c90ec-64d0-4896-8b5f-bce757fe5168
7d34bf5e-5671-4123-97fa-704f7ef9db84
7de4bbe0-a330-41b1-a0bb-9cc5e2747539
7e43ccc5-cc00-4b22-a04e-659dfefd4de8
7e46ddfe-845b-4fb0-b880-bb429e240861
7f*%R8={+j(R#1QNw,=yC<i3+?;v>b>dP@xM?#!h,uD]_ck23tg2|IY3r|sMtO|m
7f82f8ab61d7c5b3ba0fc317687c92720926d27df39e86b50ca6610ec5f3a4b977a3122ae1a4707c5da03601d2114e8e39067057ab166e57c37dcbc15afb4c64
7iMKZiv5aZEaNJpmIsUb2vZgmSjI6ie2uEmrGkPoVc9xpbJSztPz8WzyEcewRlUH
7jekd*d9spongbobsquarepants260X*E
7o48itrfmb4000000000000000000000000000000000000000000000000000000000000000000000000000000000000000000000000000000000000000000000000000000000000000000000000000000000
7prjizOFkJuWSnyhcIE43OZYcCoihvamYtcWOYIi3E4GuPt5dzOGe1LutttS0Hw1
7qn!@"tQ(8\W>#Wbu35)M\5X3
8011adf8-ed97-40e1-b8df-f1e74e50f551
804be05d-0d97-4051-8355-a2c8d047d59b
808yoiausdhf86238698&^*76a9sdf08y098
80a36b56622fc4b20b5409a7f251e510b848a7068fe220ec8febee56dfecf93e
80fa637e-8083-416f-b25d-c16bef355aa5
825a8fb5-7b8d-43bd-ace2-4f1c29e3f80c
829h52bncjhsk73hcfjd2o
830c560a-725e-4f78-810e-3872b393e8a1
83163408R12787575075658056027380
83b03d681a9201300565991d735c77a2
83bdcd09-ae00-4ef4-8b5a-92121fcc0aff
83e9c275-5c4a-45a2-99cd-93ac429ce99c
83ffd73e-7a3d-4953-8d47-0f372b4b3dec
8400ebe6-abf2-443a-905c-5cffa6e4c45e
846c045f-6e4b-4e72-954d-f8ae98abf8fc
84fc16f5-7747-4b28-9e30-7e5e003c8b67
85a0c0df-156f-4477-821b-eda4c68e8436
8606f0a0-8d94-47c6-8742-0874359c078a
8677df7fc3a34e26a61c034d5ec8245d
86bae26023208e57a5880d5ad644143c567fc57baaf5a942
8736b71cfbeb3535ed7b950bade9a5612fae439c325334c1d8a8a593b2219a2d
877dee9c-8b20-4f97-8cb9-d83fa30abc25
87c0552f-aa63-48fe-ab38-57b7c2ede252
881335a1-35bf-4326-b0b4-2dc948a4ba9c
88fabb63-7fed-4ea1-8dc1-8dbb3912aafd
893d2b5d2f6a44cd555cc036ba4a57c914d7f0c69369c7e05f42618b8c09143879451367e9c5f07a65ec12d5319387148505bc416c16cc35145e9046c449f2e7
8Dsupersecurekeydf0
8E85783A-577A-42C4-88F6-8DB76A0FCCB2
8NcDaTndvnLvi3wR2xWsfLjUPyLMdLki
8XmZtfSN8kgCCz98mAfhOvUgNLSrqKP9
8a2ca0fa-56d8-4f6c-b0ed-5baf7aa50793
8a492c38-f0b7-4175-9637-3865c73c55f4
8a84ccb9-588d-412b-aef9-8d09b6e2fbb1
8a84ff69-55fa-4a34-a896-b273ee6a8bb3
8a850cb8-f0da-4076-8f05-8a8a50556815
8abe2ab1-ecc3-4566-9223-7a56a91c8e3c
8bc1fcda-de5a-44f8-a1a1-16e47160c5ff
8c009fdf-d510-4877-a8d9-bcf525e50526
8c0edf03-a245-4edb-80e2-06fe8db5f8b8
8d084516-e46a-4404-ba5c-c42dd1d57d4a
8d444b4a-a81e-4fc9-a606-cf7bc1b41712
8dc7dfb4-dd21-4916-b99a-b8bab0420974
8dfc9ea9-12f9-41a5-924a-3eba26727f18
8e72c7bd-ec91-431a-a74e-ba70533d7ccf
8e902b9809ecb919f0a965d2d4c68f65e1fb194416b917d36c5e0c0b2e7c6c59c5b7cdb063036dc1d47bede1f8bc10d15a3e823ceee0d7002c1be494f8a3d287
8ee7bcf7-878f-480f-8473-2bf18b0e12c7
8eef46b8-4555-4ce8-89ab-82e63e5ec0f9
8f0d934f-ee72-46c4-963e-109f72dadfb8
8f29c10c-6dd0-4177-949a-6272a59da5fa
8gZMYWuN3WJmx7wWxudvRjPKAi38QbKD54zgInKpK7BQJJlrkwoswaqEy59ZMQVc
8jt6q2e6MVmvZuDUNkxmRtAPgSaBbrkN
8sJ3mVLKPRoLRpUHcYedJoFkxXs1RmcC8lYdCuDcU2pdDltA6pSwSENllu7odzJe
8we7dXRpqBUnrBUi89dTV3JrlS91WXUIrPp5YT3dpjdo3aWX972z_Tcz5ba04aF019JjPG1ky2PZz-EWios7tRDIM6lDHawBSN2JOW_KG78nOwToETshCv7wN0vVrQHn9e6f7TEiwsG8Z5SzNvQsUTQFKtA8OmbEtgCVBrJuGs8
90246ee1-5bac-4201-978e-79958ee7c847
9122ade6ec0b61b842cea6f8b7f45335
91629282-6de6-406b-b4f9-1730a1c4b37e
91b913e1-490a-4185-9325-17abfc7f175f
91c5814c-f879-48bc-b27e-ed29c32401c8
923753F2317FC1EE5B52DF23951B
923ad73a-3ebb-414e-83cf-8aa29712e650
92724287-892e-40f4-85fa-27cb58c661ea
93c97dbf-fa5a-4362-80fe-ddc2546d4c34
93fLgncU0N6NhTl8Lo0XAZQu1gc8WByt
94289809321243ESEwe2
94B86qrvQR41eAbMm93bS7gsXFC0cebsMOaNNR5cqYOxDvIzgm7hUrPkhDCpjike
9518cfb7-49bb-4e6d-a518-b8de90c015a0
961bb86e4c60ad8b943127f5c06ba7199a946ed3edcf2aae8262c111d6b143220ca2b1a0ce8c29a3ffc8f13b13da380393db317cfe08ce0ac5fd929d94bcebe2
964eb713-ff8f-41d3-b304-713a22a05aaa
96bbee39-e9ce-4afb-8344-ad6df8816914
96bcd2b6-84a5-4fdc-a1d0-8801073a0376
96bd86c2-6b12-49b8-9fd5-0e71eba5f15b
973ed769-a6f6-4885-adef-4bdd3a2f0397
97672979-b560-4e97-be4b-364cdf18159e
97accf93-50d3-45cd-af43-074a24452435
97v4dvcsiQFXQg28nofedo3jemsi4XNaQy5h59n4l97m0mHqhGx0Nnjxv4dv8n
98172c95-ad35-4113-9212-baa7d36b8c39
9841hr1u3qs9[{sdfd
987654
987654321
988525e4-ac4f-426a-b326-130c48bb7908
98ygvbnjhgvfr67ujh
992fb5a8-ac91-48ed-a344-d9978f439e2b
9930947274aumrutuja
9956a6c0-5a75-4d0f-8c8d-b0b361cc4de1
999123djsaijdisaqi
9999999999999999
99ac5169-fecf-4d3e-8e20-3bf2c041c015
99afe15d-f045-44db-ad62-a2af0a985bb1
99d1f19b-4053-4cbb-8034-e0e8a8876b6a
99d8691d-9f06-45f0-a217-8a070322c02f
9K6whOetAFaokQgSIdbMQZuJuDV5uS2Y
9_4n13.hs~ns*ma42#@!`
9aad9509-73bc-4c61-a532-74dd020cb252
9ad11ee6-cad2-4e1f-8465-145f506b9902
9ad53423abe416d517e96f490e408972
9c3ed1aa0ba8405effdb363839caa3cc
9c4355f5-10e5-46c8-a24d-1232ef440044
9cd2956a-a859-4dbb-885b-8750269897c7
9cf43cb6-488d-4bcc-91fc-8003a275ec88
9cfb22a5-5b7a-4a9d-a7d5-52664230732e
9dbd8c65-b777-4fde-9471-95c02156b0f5
9e779437-c288-4d57-9fe8-e5c3a72c913d
9f292fef-2784-47d7-9ecb-ec8f5df93ddc
9f8f1a92-288e-410d-97ee-9364f154209f
9f9e576b-602d-4bad-85fa-a27c80610e8f
9fb71820-db14-43bf-99cb-c38b407b2d41
9fc43334-d86c-4a66-908d-e207d6a7c612
9ff28bfa80b1beaca18e167df071db6e
9iLWEubrk5REQwQfH3N5wYG6W43Dr8n9FsB7xp6XwEbZRKI0nInBtwX0Xf9Goo2v
9u8nnjksfdt98*(&*%T$#hsfjk
9uOxHyH9
9zadnNB5Ja4Pq8kQAwXALouDh6kEhlWi
:)
< client secret >
<%= (Math.random()*1e256).toString(36) %>
<<client_secret>>
<MY SECRET KEY>
<SOME-REALLY-COOL-LONG-TEXT-WHICH-HELPS-SCREW-THOSE-HACKERS>
<VERYLONGSECURESECRET---CHANGE-ME--->
<YOUR_JWT_SECRET>
<Your Stripe secret key>
<client secret>
<insert shared secret here>
<project-jwt-secret>
<random secret string>
<the password you made>
>"3(9;@Uf8hUPcWx"?v"2\}@&7{U}!>}]2,^N1Gkwt;\j]$LV/SH<4-O}@RHJ{h
?qtV^oH/1{>5dI?CVVay!gksa:74%n/qt)H]!NeGiGX4F%}Q?IHWyj>u%/8N7Gt
@#A1025locMB09#2s=$!hgsd=Pfer
@$@$sKHaPpycAmpuS@#@#
@123213213213ABC
@3da14kf8s7*&^f
@@@@@THIS_IS_THE_SECRET_KEY@@@@@$$$$$$$$$$$$%%%%%%%%%%%%%%%%@@@@@@@@@@@@@
@QEGTUI
@everone:KeepitSecret!
@minelev-jwt-secret
@minelev-prod-jwt
@minelev-test-jwt
@proffy
@recordshop_token
@the-difference-@ll-we-will-do-is-to-standout
A secret API example
A secret...
A super secret password
A very long secret
A very secret key
A0ZGGK0NexQXXp1Z2v2scWBcjsGRaKsd
A48D610B9CCE9BDC944D6C9326D982929D674FCFE7DFE656EB3419E8611EBB8D
A5741CFBC477FAE31A8C1AB0EABDFBB03E13244915D3DB49DF0BA87E902F701E
ABCDEF$123
ABCDEFGHIJKLM
ABrzvP0Z7PiMiJTdfkQIWoNnh7yvNwt3
AC34-HT73-LLF0-BVND
ACSF78654FDMLJPOJERCERE1Ekn$@@%^%729745
ADFJJJE<ASDFPE!@#$KKDFJJ@NCM@
AEYjGNIRVGEtKSIarg0zCMEzOoNsKbxzzAFjTZWCrNfRaKHrOZ0gYf66cqRDcYrKFtv9Hp6J8NU3kh7xb47V4JvTGKGARAMhngqfcn7T63W7iCyvolcoaqRIw0Vi1aarol8902r
AFBE234ssSAsas8hjfSECREtsz
AFXCKINGSECRET
AGe-lJvQslHjNdqOa2_Wwy9JB3GE3d8GzMfC418I6jc
AJDKHSABADSBJASJHDB
ALAMAKOTA
AMIBABU3715
AMITZNATI
AMUNMR
ASDAsdasLDjasldkasjld@asdad
ASDF
ASDJADHASDKFHADS
ASHISHRAJ
AUTH0_CLIENT_SECRET
AWSDRFTCGYVHJGKHLJIJKHG2F3F3D45CHJK6FD
AbCdEfGhIjKlMnOpQrStUvWxYz==
AdboyBotsWeAreTheBestChatbotPlatform
AhihiKuribohDeptrai
Ahihifkdjfk
AkEwswP6Jws8SKJbX2s1YxuEMXgHA4G5
Al6hzI34t7taXbeSuIdJgPS6xvahFIqe6KUkzMh4x08d2FEMEF0CGfOozgao7mol
AnaHermosaPreciosa!!!
AnetaBakeeChickenEviAreGood2018
Any String used to sign and verify JWT Tokens,  Replace this string with your own Secret
App
Autoleasing_Secret_1234567890123456
AutomaHouse
AyM1SysPpbyDfgZld3umj1qzKObwVMkoqQ-EstJQLr_T-1qS0gZH75aKtMN3Yj0iPS4hcgUuTwjAzZr1Z9CAow
AyZAyTTSJdn8OorPiKYVolHEuStIa7dc
Ayush Pandey's Secret Key
B0V3V5NcJGUjPZthdTbGrESooiWckQDjVSsnEs8K
B4B654FE0AE4A3DE7AAB4F6A80D100101599346947F4CA932164FE58B1144B2C
BAKERY_STORE
BANANA
BBeHPuk7Vr1z7XLzCCINwwjPlBaCAS3v7j71DB7jFHmZND83jTHAYsnvqGlfHzHS
BE7<3f_8k,64dTh6nC,5)SLvPz,$u6
BIG_SECRET
BIIIIIIG_SECRET
BIRDMAN
BK_SteamingSystem_Backend
BKtKhiEcsRT
BOb8ZTdKdfRceLJaKMzPrr4YHTefkptY
BP1Mqe4Knc2E2EnVpWzKfnFaobz6wuwp
BRJHX4fsMuMqaZ94U3mG9pKelxXIWdf5ii6Ruf5lOz1xesJw4t7DckfvkHRGk4b1
BUILDFORSDGCOHORT2YEAR2020
Bearer token signing secret
BigBigBigSecret
BlRnufC613qGLnE4P_fnsSmWU0PR2JgYoM4LbAVFjB4
Bo0tC4mp_@P1
BookWorm
BqsCFNlm4KtqgjwUTrkBJvbOeIl9ebHF
Brand@password@solt_1992
BvjpTAv86dMLdZdrGRSW6GFY9kbJXI3R
ByYM000OLlMQG6VVVp1OH7Xzyr7gHuw1qvUC5dcGt3SNM
C02052000m
C80FF75F5BD7A25C6AF4AB9805957736C0F597818FA01F61CF256225AF67BEDB
CAMBIAR!!! UPM TDW2020 Palabra Secreta para Generar JWTs
CF98F59C0C00358277374644241DEF187C6FF10D7D6A61BF0EB75BD4476344A3
CHANGEME
CHANGE_ME
CHANGE_THIS_SECRET
CI_JWT_SECRET
CLIENT_SECRET
COFFEEGOBLINS
CONST$U#&*123
COOKIEsEssIoNSecret%6378108737870987
CQqMO4SNlgGHbHiovAqK
CRIMSON_SECRET_KEY
CTRL_ALT_ELITE
CYBERELEARN
C]:zJF2vpk_yP@dJ
Calipso-diosa-de-los-mares
Cexk6azogyew7DoTOYKgAXtTOP+18VLDQ1MzYoEWxr6Gqbhg+CeK33MuBPdhyz1dlW4VOKE/ce4TTkfI0yGLlTc+kC74BA8WNoySWmmNsBTEgt83f+9WKYNUgYoGUvml3rRlzvNG71bFqcfJa7U+AuCECq8JnPTeMQ4MSuFBZb4i/q91ZPoI/8SDmcvfai1ofyaHc4xauqhq2hrED5zuZsFbiRDY9bo4d4hHPXdBQaUCm/vklx/BxaAL3OLvvNGhULYmbV/v9Yj0xSAqhZMd7b0TJcDYZ+FHrTX7ZCG15M/Sj/amI/auUEKRNYfwL67/Y7zZxgUWLPsZQ48zPBxgeA==
Change THIS or DIE!!!
ChooseTheSecretWisely
ChrisIsALegend
CobaTebaKDong
Codebrains
Coders of XDA
ConBoSua
CqXJQpvRV6kQPqKxCw47xAu01cOkHeG7CINWXE5sg70gGXwcEsSQWUjBWoMxEWUH
Cw90tXI8l2T4WDUFDRDGstf6VRwKvn6q
CxeTUuvEv9P2qNp91kz14XLLYappv9wu
D(G+KbPeShVmYq3t6w9z$B&E)H@McQfT
D0ntUs3Th¡$S3cr3T!
D3tCH5FnUycZ34yeLtYsI2hjNyqPmc7KnQBanhEx5jNXeHiOQQqbHDmirOwZDovO
D9E8A570628A0FC66D267B115BCA343EC31070D68124EA8003494B8676FE32A0
DAILY_LEARNER
DDsaE2kM6QKA0VrqnenqVivIqDz8J8jnunF4pAtAj
DEV-JWTSecret
DEVELOPMENT#SECRET&KEY
DEVELOPMENT_ONLY_JWT_SECRET
DEVKEY
DI3q8K7Y00ECG1hjd6cd2xZMw2SLMo08FWWr1CrD9Fp7kNgNAD4ULdinLKtTCdzA
DKJFdfieniea
DKLSJFNWEFLIUWNKW3123KLFJIOEWI
DLMU_CLASS_DESIGN
DOFJEO@DLEDK@@OEJFE52385239523LRJDJD9"23452535325#%#%#
DON'TTELLANYONE
DdskhTzmIvHO0ugkccxuLuPdkSniJteHMJw3KV7xgrC1rCfWiKON74O3SFFrY4sw
DefaultSecret
DefaultSecretForThisApp
DefaultSecretIsNotAGoodSecret
DefauttSecret
Dev Secret
DevSecret
Development
Development13@unive!
DgdfliyERbvd77ñflgk·&%/&6dsd4$EWE·$%DS345345
Dhruv&Khy_Project
DiaryProject
Done
DwXzsPYD4vW2Y8xmpCaZE9pmsiTzq1z4DUFKPmIfp0AvJXpZXS650WxaB0nubfgE
E1Sp6mqduLspOe5m2w6oiOc5qbK98OQnqLR4ol2Ge5c9pIoHgA3xdYN8bDM0fMrY
E1uOHJncTI]Lu~cBh>B6PYVYqh!+S
E4C70QSPN4ALaJGnUiz52HL7wZwfZOUA
E86A21D811DB3BA201A80DEF79AC84E73A7EC18C33758C6112ADB9CD2B479CD0
E8hL94fTQd3!X9QnhVcuHh8G3h1m@y!L
E924D25A4CE89B28BD456675E6E6F823F4825AA0C7A72F7FCE3C291BE3F3A018
EAfZasuhuuhdgBLNtf07ZRXyQPcuKPEC
ECCJZNJWLPEA3YB6Y2LTQGQD3GJZ3F93
ED46CB0D0B9A5B707B40CF9BC7E06259
ENTER YOUR TOKEN
ENTER_YOUR_JWT_SECRET_HERE
EQAXA@12sxwwT
ESCALAB123456
EWsbBHiHQbkjRuM3aGwjn76OKnK2jyH8kRXrRcdEL3v+kxSFmfCKAdXkMByzxelX+9YAMJU0efWosu7WMnrtt5HCbYMguG2sseydq7d8PwjL/AfTHCwtu8FzBsvM+zz2iGw5UMXMiMli4oXu0/OcCjE2O4Q/3zTQmZnqYmIK5jE
EXIT
EcG9zsstz7U2xuupU6oJ1hcalk9Tinv7
El-perro-de-Jota-se-llamaba-Hugo
ElectronicReceipe
EsT0 E5 uNa 53cR3t K3Y
EscribeCualquierPalabra
Esta_Es-Una-Palabr@-SECRETA--123
Everyb0dyKnow$My$ecret
EverythingIsAwesome!
Example&xecret#@
F1reh0und-S3cr3t
F4B2FDD68AEDE17C7C33907827E136CE706DE3FB5E4EA84FBEA826DA99644DD4
F9ZhC9fYJGyN842nAaNJttGPRJX0mLruKWsCCzzUezZMrIUfGV9WOJNg1cPWd0TG
F9qy&s)?4=33s%$2h#F~
FAD@$!42rfd2#@vgare123
FBD2F4C3DD7AE9C94B6B408A62513B58CD4A2AE18002D5CA2D1068F9
FD1!$*NAJafr@@%13FFFADFAqpŹ5!Ad
FHMuT6P24FIJRo5wl1jK11q57sIxGc1jtO8098TBRiiCNGAAKF9FNOs3Faqk7AQ2
FIKDZupt376osFBstIIuNa0kXQidWcY6
FJDKAOFJDKOQKFDKFKDJAFLOWJFLDJSOFWJFK
FORUMTESTKEY
FREE_MASON
FSDAKL124321JKL321312J321LK321J3LK21
FUckOff
FUoOd2DmVTePhcKt3JMBFICPCoaUIF27
FWb7QhtWs1QGGYuzGRrl1gIIFclJgxjGEYYZAMtc2gpaijiQ5wAbxCIWDAiiNKXX
FYYKYFLUGLBGUIYTGYYTULY
Ffer4rF44fd@$F
FleetManageMent
Fly you fools
G1oJqV0ZMeQplXOFMBqtJQlWSzLQCwNX0msJaGJBEi3jbJDz4dXd0w2Obvkrxk8q
G4bdW9KeW9vDKKdV9AbX
G8myiWdh74ZxsIrFdVTo3j36ftvoqNSE
GBVN824VN824
GCGFAetuHQDP3FCy
GN8J26qIpjoR2e2tvIUPYcbYRr
GNmsc93UH6XIQsAiKQrF6G4uXl6QesDS
GRQKzLUn9w59LpXEbsESa8gtJnN3hyspq7EV4J6Fz3FjBk994r
GVzzSWmP5nsmbOMQGvHnvAoJqXHaNeDPC6SH3I53
GY5OO9lkjlhFdRt87456492224JMJkftrsuk
GameOfThrones
GhmUx02wMohFXTzfnFZqvYfMv1ZOw2Ij
Gibberish, jibberish, jibber-jabber and gobbledygook
H1UKhYuK
H34e626&D7
H4DR0N_S3CUR17Y
H6KKDCn:dG]RT@*%$T;Z)7vHvX<CY;
HACKOVERFLOWHIJEETEGI
HEART
HEART_SECRET_STRING
HELLO SECRET
HERE-INPUT-YOUR-SECRET-KEY
HEURM_JSON_WEB_TOKEN_KEY_!@#$
HIMANSH
HNjkjlkjsldak.22323*
HRFnkdfnkdf2327363@$%7834bfjjd
HackForGood
Harry
Hashed123$
Hello
Hello&MikeFooBar123
Hello123
HelloJalana1652D76542PissuPOOSA75321
HelloSecretJWT
Hjasokqwe1557713@.9*1sqeqws511
Hklasdfl239854kjfss8yljknsdf_^?
HolaSoyUnaCadenaSuperSeguraQueNuncaSeraHackiada...
HolaSoyUnaClaveSuperSecretaQueNadieNuncaSabraParaLosTokens!"#!"#
Holammsisijrcboxeiwi289
Holasdasdasdasd@asdasjda2354sd
Holayueryuer@872348y234h
Holsdj28397kjHd7@asdyui3897k
I Am a Brain! - Krang
I Hate the Turtles! - Krang
I LOVE CATS MORE THAN PUPPIES
I LOVE MY PULSAR 180 AND I LOVE WEB DEVELOPMENT
I'm Error
I'm so lonely
I-love-pancakes-with-chocolate-and-banans
I9B98mrE8zu9WlgM6WULLMw9ywKXsn05tuTgkoOam722WqdYO43oiyKMFdew5iZ9
IAMSUPERPOWERS
IB$GV53uURj9nFBsnPtu
ICANDOIT
ILOVEISLAMANDMYFAMILY
IMSUCHAGOODSECRET
INISECRET
ITOU
ITSREADYCODE_1_x_1_as2122*sfff
IXPySxxr0f5X2CIqdB45eK
I_AM_A_SECRET_KEY
I_LOVE_ICE_CREAM
IamAngularSuperhero
IcarusSan
IckWT7tRqVvSBQCUrOIGIK1iaxUPovdMNhM7GAf79hdxCNgCFWQSlzuLwsROTLGnSYoc5y4IUFIbSYWEu7DqJ2whVIWqfjcdKz5Cx7t9PsVspUhrOYCIgmW4LEqMctBHTRcGTtjnBIkOHTUm98hWqiUeKOkIiCDQdh1NpLHvcbe8oT6WTV6OtgoliNwtCUHuXFBCgSfdnplF563JBn0S6Dsqu8T86nQVSmSBzwu0TQn3ZKP0oZlgfu1NXv4ZPQ1X
Ill never tell
In 1889 at age 44, he suffered a collapse and afterward a complete loss of his mental faculties
IoULAMFc7uI2sms5drD3pjRmnXtLEddBKTIxpfxj5lnp9YDdNXr1SYeBbxlV6uli
Itsasecret
IverLIDentEigaSTeReAGeNArymENT
IxrAjDoa2FqElO7IhrSrUJELhUckePEPVpaePlS_Xaw
Izanami-Client-Secret
Izanami-Secret
J6sII5yOBQ7SgVKYUisSfiEABpIlR3lPjKNUvPhVvTpr8KlKUTUJyCWNFWWDsdsM
JABBERWOCKY
JAYzLlDAG3MMe3npgUSk9Yj0g91p5b9UAOc6kUOEN4a13aBGW21QeSMladRav3T
JBTVm2LUY9pMhtKphxubEezhrNb0jPE9
JGHABPFPajs88663jJFASN
JGIpALiDNT75gaFnM4ABjzv5hInkzfgfIBbB8OhJnM9a5n5JlHzlPXWzGksb7fiK
JGSAJDHGASJDHPPSDI8
JI6uVyIx4T9z2gWd5ArG8xed7ijOqVGf1pnaOKEm9XSjq8KPzKtqLReZ3LEcSoBR
JKH453JFGDGH89769DGHJKCXFDY
JLAEIkjls983klKASDF$$$
JLKIOHBDBDURJFMOP
JRzlk48ACyz7uv2sAQqcq65xm7bAakxah7bOAdb6zPH2kUObWZb5tury9p7Q8VRy
JSON-WEB-TOKEN
JWT
JWT Rocks!
JWT SECRET
JWT Secret
JWT@Secret@QB
JWTSECRET
JWTSecretCKPKey
JWTSecretHere
JWTSecretKey
JWTSecretKeyDontUseInProduction!
JWTSuperSecretKey
JWT_CHINCHAY_SECRET_CODE
JWT_SECRET
JWT_SECRET!
JWT_SECRET_VALUE
JWT_~secret*\\key
JYJ5Qv2WF4lA6jPl5GKuAG
JZjbBjw5vTZuqqAiiTisTghr0POHP0HzVkBRlKI88R2kvu6Wt2jMeGpKe3YjX4wt
JdklmazeXHkdlsfdezaiHJK67hdf87
Jdsfre6543?/jcsdt345twerw56
JecPYCMKzHNgtOrvHDUvI2HtixOprxXp
JehovaIsOurGod
JhbGciOiJIUzI1N0eXAiOiJKV1QiLC
Jrsweag3Mf0srOqDizRkhjWm5CEFcrBy
Jsb3rc!rl3lt@lnyt
JsonWebToken Secret
Just a bunch of top secret stuff here
JwtSecret
J}:{\k.^qxDxC'5d?h4WJbJL]v,(d!t&E7'Y/vpeEaHveTma'.@Pp6;5mSG92S
KARINACERVANTESROMERO
KASD;SALKD54S84D98AS7D9A8SD4A86SF4C6
KDJHF7823RHIU3289FJ932I2G8FG239
KDKKSKAKDSAKSD_SDSADASDAS13278291028373219JDAMKJadmsdmasdlam
KHKDLSAHFLK092859340JKHFDSLKHJ
KJDFSjkdfskijar
KJSDFSO@0184209KSJSXM$ASD&DV232
KLDSkjkdl&56hjk
KLJASHK"#!(W/EAJ#O9a8sd7)
KXGwyURVVkOJT01UIqWSjUbtYNfOcf8m
KYAWSECRET
KZb_QLUd4fYVyxetjxC4eZkrBgWM2SndOOWDNtgUUko
Keep it safe
KeyOauthJwt
KfWygTLF21huOgppqWKTfbVkUuhERx6L
KfqiMBKug98wpUwahcfb
Khamsone
KimJongUn
KocetGanteng
Kospr_sec
Krang
Kwlrof1SeEUKpMpzlkIiydSwJf3D4FK8SIGCXRFipp7lT7pOBHMXFQMTvrauOFdz
L#p4{C&G~O;^tlaR`yJ}TQzTG`(!~*
L87nXTPNinK3tKuxosXHvUDC0VoACmoh
LBLDSUNDUNLSUDNWUNEWUWEIN
LBXjIzRL40G5SQjXi1XLrN56KfoGALvXTYVhfGHjzkJIpD6G0xTdx7eV14ZxbJcD
LH+gAPkC6/6lT90WhLU9QTYp2qQ6UxRaCB1IQBlomdk=
LIP3SBL0CKKBUST33R
LKOIENRMDMDDMDMDMDM
LOKIJUHY12345
LPawy4GmxjOJGeoAiyoVsdGlNhyD7SPnia8MijBGRTOLuI1nxjJCc50Z8vyWiFq
LRCDL20200928@@k26Aphe1i0s
LXoaWU6Fy74To%n9}xi+
La vaca roja en el prado verde
Le0GC8VQpm
LeThiMyHanh
Login
LongAndHardToGuessValueWithSpecialCharacters@^($%*$%
LongDefaultSecretKeyForEncryption
Louie Louie, oh no, I got to go Louie Louie, oh no, I got to go
LoxodontaElephasMammuthusPalaeoloxodonPrimelephas
Lozidopes and capri shoes.
LshAuthentication
Lzm^o>Q-lGO
Lzm^o>Q-lGO)xg1UcAcEtMaFN$XX"m@T0FsbO3Rd!whxt*>e,6ej-XYBYAd.#BR
Lzm^o>Q-lGO)xg1UcAcEtMaFN$XX"m@T0FsbO3Rd!whxt*>e,6ej-XYBYAd.#BR'),
M+XNGZRp9MtgE0JL5vqreHbaN2zGo6Md40OU9kyv6sjXxyRfmQkMfYYVmKId4RPR
MCy6jJiYEP2Wn0PJ1ebBv1X6f0E56jV8
MERNSECRET
MERN_SECRET
MICODIGOSECRETO
MIGfMA0GCSqGSIb3DQEBAQUAA4GNADCBiQKBgQCIE6a1NyEFe7qCDFrvWFZiAlY1ttE5596w5dLjNSaHlKGv8AXbKg/f8yKY9fKAJ5BKoeWEkPPjpn1t9QQAZYzqH9KNOFigMU8pSaRUxjI2dDvwmu8ZH6EExY+RfrPjQGmeliK18iFzFgBtf0eH3NAW3Pf71OZZz+cuNnVtE9lrYQIDAQAB
MIIEogIBAAKCAQEAmrESLv5aMLEDwFcyqD0SxLQQmsqB4gvF6IAebprmJUK0ZzU8\nya0t/Y2EqRjmF2Q/D9qiTAL1BDh/vUmySZaiwFVs/hsiZlSt+3W+KZEtYhRCj+4f\njlo5TkqqfDjP6s75JNcxZZdGyh5YnPm/1OOsnGULDoLz41VhOJfpUiUZmVsHmz3I\nGbsoTmUql4DREiAJ4YDmhlz4QKPfowvXqAo+2OVwfWOCXXaefAHEAp2wZMvk6xrt\nNHvjgql1QONEFQjAIe906bctHTOBCPy5XX2LhAbLOl65/GmyV1txV8MKXlEGA8PX\nhO5D2zxlz2AUcbDGO1O4D24WDIzXsKkhznZZGQIDAQABAoIBAHjNx5GDeROFaZSP\nhDP2Xe3XYRBBDWVmJEwJobpmpUx75z6iSLKG19+m4O7dTvL9inHrH8uUk5uUM82y\n+9SUGs1w6QkYT6jygFxb+wGjKnnpsIGOSH5230HQ9YrFIzoQIGkw1JatqM63HCSa\ntcCffHE2R4gxpBzo1F/J4qAP8Qnc4fkgU0RgrZTF7TcKaNII5MH4Il+2Ezgcwxhj\nhed0IS0ElI4MvdD+MrG0fEEEvLm3/mla8PX1H8iKHH1uOyFxEQAyFj4AMC5u08uC\nk6l/l+xW5EOwlOKOnBicDEKixejc7VK5SyBqT1O0XapSYGaP3Y3fBDf4dFJZJGP3\na+dIngECgYEAzdwxZ7QG6mj9GFCOIqJa4G+fLvSzUs6q0VmDH3RqtYEkL7pc3b80\nYkn9Wsf0HSrktRv1TjNy4O5U+xwG1n2AvV7P4Tp4SX/JMJiLDMWcTfFzGDvQ5z6d\nsZ2g1tvYaTx/B/bR44Febuq1GTPSQCB+btl14L+KqAHBbqKXQ/THo1ECgYEAwF5r\nSqpPpxcHQ33Uz3ef6dNgFa/Aj4F1giWRIaDBclP8EW4gVXBH2+DUYes01z2Pl4Xf\nHzrJjnxZ5ONSZDCcL7vD2U+yOSe7+Zf3te/CBW5UJr8lHpNIZe3O/LBhwNOJF81o\nQAj6DfjF9PW/wVhWjg4SK8pF2Mozt6j9wmf0l0kCgYAi+sdqV6zVKAHZn9aHDA9l\nE5J46BuQdo2QBSXCsoVvUgJUGdat10+PZAMo6dERI7i5DYchQpzCm7zU7m47BBhc\nFUA9hTHrS0tkdocqJGnq1Jw6Ae/9WyZwh9hMqg6b0yvCrq37eoARWNBs9+FCBEN3\nknv1NJba9XFo2zfY1D8YAQKBgAHaJuBOKXwrXZeJw53HwhNnRJqQ2aLIFVCOego/\n2Pz30Ap+6/LGpPp5/LGAqT6VSiekU1SipUQo8Fii061BRo+zGBykhsvEFSw/CVSI\nHW8d89N3razQsDbDBmYqcJaBsuU2xhUvwPCXf5hvMUx0REkT25ruVKPUtpDDIMZZ\nZ+J5AoGAOfqzw/tPD0L/RCIY0gVl93w50MhECU8BUTMy3A1ovSf2j8c5sFXNsgy/\nyHYGfE5zluVY1G6xOyOvjCPI4MfACwYW9ZTmK8zR6b/M9iGf+RoYxnbQ0xBmrtyO\n3PwUD4KBoyVEEFCL/UtMRxYwZALHRVZUBadgGjnT8pPxktaN01o=
MIIFDjBABgkqhkiG9w0BBQ0wMzAbBgkqhkiG9w0BBQwwDgQI9Gl6VRM+2s8CAggAMBQGCCqGSIb3DQMHBAj5X9pErhcqLgSCBMhbG7htniJ8vUmZRVq8rF00MYp5IbLUCFwj8yPEizGf9p65yFfxM1YdgsqSpJV2oHSFyZDumXyL1ujmfG1w0VeK8Vw4/T74ttpo8JAnUI7Z7qS/xi3jbdACJKHCcrGq9QhWikeDdtWn8cCw9EaM5EtybB7ecshukJxSPmeenT28GD05aM5tUkExsInZmMJboUDGHaJ6zJQgad1PwIylwWfsmSn4Lw9zU2MD0PmiqxQ796k4kjrJtQ8is8XCh8u7IFvlaibn/DKTK8WTLJB10KeRQ6TDxqcP0X25tVN/FIWfHE8KIDdWCo2oYqqWyjWv9cuyoYDR0pmye0Gq3jlMjZcsg0r/DLhUfqhZ7TxnuPUaS1aJ4MZXuKLR8nBqOalDeI/IXZSGV9ZTNIndqZkTxCPegD6/1KdgWCYZ6K3oxn1DCu9IUt/haJ4YSbAC+mEAgApGnVMllxb1W4yHgERpgKcz0cLl8zQ9KUkB6gTe7upmTQilXJze73w6sP1l6t047EgMiCnleuNElZ/+WYd+B8V6qJ0izKJp9uZqWu6P+JwlppDhKMfjIIdSwKi+UbtUPTYmu1FN0MzgjEwnp2hTiHwrSKv1LsI3kgn0ML1xI9eXbU1bNfwydFLi3A725A/S1/eK0gOnzid+vlRJdPgY9kC37Q/EcrqMauYbY1ThK+iu2d5Dtdkr/L2XQoeHEh7/mCs/J2o50CPl8XvxozDa34FHFG41phGU6jur0/kejg/QQ9pFAjMPV67xD/D+d3DxAGjs2goqwOHhcvByvuEH5i+fqs8XmqhhXgl2SnYm3mMVXDNE9adqpvWJTl93A8gIJlfZz4rKgJbUJDMYDXTroL+cqiFjeYCZU5NRh8c/LYrpG+RWzK0rm9omEf8ja3kSQK5KIsiuMoGwPQ+W0cZ0dZGBntJeM9aHrM5lgAfVQLPW73ZfoxKYPNMMZ7gIXTRMmoRT3tGG+52mCL8dyS6ry6Ej98DEOJEHAkc9ejRqiLvoW8D4Qaw79udPVCKpt/wHa7XvPbAq/SskOjuhG3gcMfgsvX+aBmHuXjkbQFEAUG9t4UC2C12zodn7o5M0/xr2IdLxxWigkh1X20uuVZuonLfxduMjwhjPqym506o9R9uw6nApw5cZLyJfCkVas5e5KJmjzZThhA0cpG5GdmChtj1ytvNx/PvUqJGs7M0t00AS75HMB4U4Yte3ZFIac6d/YOZzunPZYhRAivjLuzOnasCX6X+Z4I7PQLIoprHdYU3tL5kDmtcep/Yh6FKK9yMdSQ9+2nM8KFE1lOsSVPV/NTClFI1s9sEv4FchPDwsiXhawgHz57N97bORblGchX23BcpPG3mCv23NM/S4cA7RhfQUSzcxZ6SS/vPqrU1bG56MnbcMF71QqMW3V8aLwl3pKwY28FNuPCg4KpxkE4NM2BtwysiIixBwl8hUv7x8ZFF1UMc2h0Cxdm0FNt358l2U9LfnjZMSiLdElWjKVDm8ZGz8iEF6EYWMdu9XX2VHkgAbyoeb9m2wBOX79nQ9/lOawUy70gZOXD+alvnfKdyHWxV9Ij90RB0KHTc28h7Bvn2pmsghGOeHU83cIZ5CWFZns5jOr7AX4WfK+5IEd8ftc896/Iy4XsZ8gRo=
MINHA_SENHA_SECRETA
MI_CODIGO_SECRETO
MOHENMONDALJDFKFLL
MOVIE_APP_TOKEN_KEY!@#
MRTZZ3LyqIi4XA08wrpwzOJCDRDwf1sV
MTIuMy4uNC41MzRALmZzbGRramxz5LiNKiZeJiYlJiQpKCkjJCkjJA==
MTk2Njk2ZTMyYzk0ZTY5NmQ0NDlkYmQ5
MUMBAI_HITMAN
MVg0YAPVSPiYQc/qIs/rV/X32EFR0zOJWfHFgMbszMw=
MY super secure server side secret
MYSECRET
MYSECRETTOCHANG3
MYULTRA-secure-andreallylong-secretKEY-123456789456123456789
MY_AMAZING_CHAT_APP
MY_JWT_SECRET
MY_SECRET
MY_SECRET_KEY
MY_SLACK_SIGNING_SECRET
MememememmememexkådkksokfopsekfskfdfpkapkdapwkdpakdpokpokkkKPOKPOKPKkPOkPkpkPkpkPOkPOkPkPkkpkpkpKpOKpOKPOKPkPokPkpKpkPkppkmememems
Mfcj^sfXvC6@S&Cr^%MP2^!z!oV^ZIFvAJAQD!eweHUYyHJ2!Pia8kOeVb9@CjDu
MiClaveSecreta123*
Mmd0VvceCSTb5gPhCry1f1uPTKaGZpFttsu3s5CbIEJN6GGmD1V3D06K2sXS30hu
MwTeTnnSkhWQt8utGETcmHIGIsOzQZLsXVrpyDG1
Mxmbawlx50XOpKkUMcY2wNjoRmU06g3ComNXJfxfnyt9ESuAKSQxe8FXG
My Secret
My secret passphrase here
My-ultRa-Secure-ulTra-long-SeCreT-of-nodeJs
MyBestSecret
MyJWTSeCrEtStRinG
MyJwtSecret
MyLifeIsMyMessage
MyS3cr3tK3Y
MySecret
MySuP3R_z3kr3t
MySuperSecret
MySuperSecretString
MyUltraSecurePassWordIWontForgetToChange
My_undefinedundefined
N/A
N3ke8qLQ0dFeA3qjB5ANsSRjDqXnCNGk
N3tC0r3W1thJ4s0nW3bT0k3n
N74Yq7tIfzO9muKLUhJuWXBZNhd9HXD7
N@9EWRh8
NEEDSTOBEGENERATED
NEED_A_SECRET_KEY
NEED_HERE_A_SECRET_KEY
NEHAHSECRET
NICE_TRY_WANNABE_HACKER_THIS_PASSWORD_HAS_TO_BE_LONGER
NODEBAACKED_key
NOT_DEVELOPMENT_ONLY_JWT_SECRET
NSBDSADSAVGSVAGVA3837459348SBCDSBHSDCBAJSGC
NT3358oUb2ZY4CmNZxhaakW743rAYu3sz8npZmTO3WyDcbfhV78Dqj0qE6gr31T
NTALK_TEST
NUGARAY
Nithesh712
No-secret
NoOneKnows
NodejsApiAuthentication
Nt@sk
Nta$K-AP1
OC{0V4OG8BjwB|pV'&H*uo0k@7c~Juqwcrhr/ill$s'(p_<zM3&5hh3qP,Txyhl
OLDSCHOOLSECRET
OPrcywfll5UBx646IurVqVGE22edq1NinJTUdFvIeerXijDgPyGRslADjkuw1LZ6
OQZF3yvzKqUqqXwFXay049stNE0jJywrjfbixGNtADZy8KT7CKE65P9s6ovKAwtV
OSnOShjjWNoNnZv1rpgTpoAqbv1rpgTOwhTjZIOwhTjZI86FcLVb7j7JjqTxOS0hi
P5DrSrnGKSL1Jz9ZvuIMGRp7OBerirM4
PA3g5Q3ExCOHwlD5UYvnuowyMgu3VARvT82Sw0Y3FxXUSbCYB0LenAAlg65IMg6H
PAYQqkAgXF8NmOK3BqQ7y40hYgyesF8zWFYfwC7O3FmInuaHcvRkvUwey1PAvs14oXsxhcr44UyxqzD6gPmHVN8L0X
PDRaHptbDW6jScmRGACAV2XGhu61t1U6TwNvvUjjdPJ1HDVfmMhv5rRjITPmrDSY
PDSoavWn51PF0nxIS9Bq1peYxlo96UTF
PDv7DrqznYL6nv7DrqzjnQYO9JxIsWdcjnQYL6nu0f
PEPITO_PAGA_DOBLE
POLICEMAN151
POWERFULENCRYPTIONKEY
PQFPj1JaXJwtId1UbJyvDs6JKNR51drIu2e8sVO8CIQnpdsFL5AXbnPllGRb4EUS
PUT_HERE_YOUR_SUPER_SECRET_JWT_CODE
PackPack
Palbra_secreta
Peaches and Applesauce
Pive-Fumkiu4
Pr2B5PAauM=QNH7-a58Qu7D9wJ=Pd?tDAtA*6Xpt
PrmoOSPhKsilVqpzxrzjOoEU
Q0ZoC0hzjsxRoZC1Kszl5uuXIeoMTiHcNXFo5KjZR9KVKzirl325RgmnrvSM3Dpx
Q6MKfKGhnWP7kPWWM8iOgCO10q5jVJWIBZ75zFZozhd3O3v9ARL78K0VW4oDxOuf
Q@7Tr9hwty!P^q6@
QRSTMsfD9AXXt5S
QSpOXP86Ner_O16Zmw-yRyfNqiZTnS1cWLun1BQlUDsPvcVs6-eVYgB8Q0btDlIo
QUESTION_ANSWERS_AUTH_KEY
QWERTY%$#@!12345
QWERTYUIOPASDFGHJKLZXCVBNMqwertyuiopasdfghjklzxcvbnm123456789
QWSXBHJG!@^&*%#&36289BJB^&asdv^*#&gjk7283645
QeThWmZq4t6w9z$C&F)J@NcRfUjXn2r5
QingBlog
QodmfFZF_(G+(FD#hRCIr@3~MH*a1Z & H
R1BYcTVXVGNDU2JmWHVnZ1lnN0FKeGR3cU1RUU45QXV4SDJONFZ3ckhwS1N0ZjNCYVkzZ0F4RVBSS1UzRENwRw==
R4hIdaY$T
R9EF3iqvd9OUJe3b8GGDo3bcdJASBVp8
R;*j4CpCaej>t=5Z
RANDOM_KEYGEN
RANDOM_STRING
REMEMBERTOCHANGETHIS
REPLACE THIS WITH YOUR JWT SECRET
REPLACE WITH YOU DUO SECRET KEY
REPLACE_WITH_SECRET_KEY
RINYL99lOkWEtRsdH8h6XdvpqNhQY300
RPORT_JWT_SECRET
RSXCFq8TliPYSUzbzZ5QagRxo2vj3XKf18B8IygpxvHvNHlSU5Vh0F6Q7oI1ULMI
RTRSsvVnnOXBCY2nMjyuudVlEzWDhczr9h76W63Mz2xQmOvD1krIQh6yCMuHyNq0
RUtG9TnbXrOl1XLLmDgySw1DGgx9QcrtepIf1uDDBlBVKFZxkVBruYKBi32PvaU
RWjnkbHFFhat6lIRnzLrugiJrShi9WGWapDqVyYKTkPrcEWQNAUGGiGAeq38zttY
RaYNeaRjWtSecRET
RahasiA!
Rahasia-Kelompok-4
RandomSecretKey
RandomSecretSharedWithTheAuthService
RandomString
Random_Secret
React Dashboard
React Starter Kit
RegeifDaudimsoitBuktaqueshurjObWoroudjebteinzyefJinEng1josper
RemisPassword
Rjbc3kyyoQOpejp9XyaSqPFv1tOjIQIqAZXAF0bxzS2SqJciosfDCtxgjKEatZ57
RlTul6EPUTutI93OXKb0Q4o2jACB9QOO8da4rFL0rTQcr2KoniwZDmqVjLPjuHL4
RtRtidtScp1OWuk1Jc3o6irtDCKyWTMO
Rtg8BPKNEf2mB4mgvKONGPZZQSaJWNLijxR42qRgq0iBb5
Rzo9oZINe5wkp790SBS_bVwt5z9qNV3fZ_X4eSOhYJw
S3CR37!
S3CR3T TH1NG
S3CR3TK3Y
S7IMwwHr8eqHykWY4LZ7M67q45O37LY1
SADASD423DAS3243.sdad432
SALT
SAMPLE
SAMPLESECRET
SCSCSCSCCS
SDfsdfQWEFwefWEfEtWERQWasdQWEs
SECRET
SECRET JWT TOKEN
SECRET#123
SECRET#12345!
SECRET123456
SECRETJWT
SECRETKEY
SECRETO
SECRETO_PARA_ENCRIPTACION
SECRETPASSFORJWTS
SECRETUIUUB
SECRET_JWT
SECRET_KEY
SECRET_KEY_FOR_CREATE_JSON_WEB_TOKEN
SECRET_KEY_HERE
SECRET_TOKEN
SENHA PRA ENCRIPTAR
SET_ME
SFedPUJZXyofKfUYwJAGl9OaAkrO0sx1CMb5VaIsKCmbOBTe99jefxJUswnrI6mB
SHOULD_HAVE_PUT_IN_ENV_LOL
SICRET
SJBVBVDSBW92U8R4BR78B
SN3T9pQ1s5fmxtOhNTgKEFllhdgQGByR
SOME SUPER SECRET PASSPHRASE HERE THAT YOU JUST MADE UP
SOMESECRET
SOMETHING
SOME_AWSOME_JWT_SECRET
SOME_JWT_SECRET
SOME_SECRET
SOME_SECRET_KEY
SOME_SECRET_STRING
SSSSSSSHHHHHHHHHHHSECRET
SSgtrqTvX36&H*Va
STRINGOF64CHARACTERSHERE
STRING_DE_CLAVE_JWT
SUPA_DUPA_JWT_SECRET_1_39_992_BLEH
SUPERSECRET
SUPERTAJNEHESLO
SUPER_SECRET
SUPER_SECRET_JWT-KEY
SUPER_SECURE_SECRET
SYpY2RLXLNh2L0f4gcP3xqcmkEmmv0cF
Sagar!Mahadik@Ketan#Shingade$Vishal%Kolekar^1105&1107
Satoshi Nakamoto
SeCreTKeY
Secret
Secret goes here
Secret string
Secret word
Secret à changer
Secret1213
Secret123!456$
Secret1234
Secret@$1234
SecretJWT
SecretJwtKey
SecretKeyCarRentalApp
SecretKeyToGenJWTs
SecretKeyToGenerateJWTs
SecretKeys_Overhere
SecretPassword
SecretSuperSecure
SecretToDecryptJWT
SecretWord
SecretjwtKey
SecretodeKe
Secrets
SetStrongSecretInDotEnv
SgUkXp2s5v8y/B?E(H+MbQeThWmYq3t6w9z^C&F)J@NcRfUjXn2r4u7x!A%D*G-K
Shashangka Shekhar
Sheldon01
Sk0b5g2YuL2C9RsplQtU9to7mq5cNtiMsGGNKfSNgo3h9ZtNAEUziXXhYsdgZKkY
Slap that token down
SlytherinOrGTFO
SomeReallySecretKey
SomeSecret
SomeSecureHash
Somejsonwebtokensecret
SomethingToSignJWTsWith
SoonGwan
StRoNGs3crE7
StanleyLab97
Su-Per//Sec!!ret/Key-now-available-in-GitHub
Sunny-forum-secret
SunnySandy*
Super Secret
SuperSecret
SuperSecret29
SuperTest
Supinf0!
T0lKisoQdYWfFuY5aCdlyQXmDVuJEbg5FuaDyCQjM1qND0VtQeGmWMBeTL2bHWdR
TDYshdg234348==sj213j
TEMP_JSON_WEB_TOKEN_SECRET
TEST
TESTJWT2054
TEST_NEVERSITUP
TEST_SECRET
TEST_SECRET2
TEXT SECRET LETAK KAN DI ENV
THE_SECRET
THEviper22
THIS IS SUPER SECRET, DO NOT SHARE!
THIS IS USED TO SIGN AND VERIFY JWT TOKENS, REPLACE  IT WITH YOUR OWN SECRET, IT CAN BE ANY STRING
THIS IS USED TO SIGN AND VERIFY JWT TOKENS, REPLACE IT WITH YOUR OWN SECRET, IT CAN BE ANY STRING
THIS IS USED TO SIGN AND VERIFY JWT TOKENS,BY Eccom Site
THIS IS USED TO SIGN AND VERIFY UCCNOIDA TOKENS,BY SONU KUMAR
THISISACLASSIFIEDKEYYOUCANNOTACCESSTHIS
THISISTHESECRETKEYFORJWT
THIS_IS_NOT_SECURE!#$%
THIS_MY_EXCAVATION
THIS_SHOULD_NEVER_BE_THE_KEY_IN_PRODUCTION
THIS_is_my_SeCret_Key_LOL_Kkjnasjcnjksna
THisIsMySceretKey!
THis_is_my_SECRET_LoL_93fb06ad5b387ef3210e90e37fac2e9aaff06929e062ff3671168b1aa20f4e7b
TI_si_Stakor
TKQrb8iQ+nqegF/KX5hdIVLwCbeH1d+GziSSOrL3Ye/ovOsOnJfoQ54F7nhooeUz
TNEsc5UeV5DsZ8sL
TOP SECRET!!!
TOP_SECRET
TPmi4aLWRbyVq8zu9v82dWYW17/z+UvRnYTt4P6fAXA
TTTNMEAN
TYGFTUFGFTYDESFTKGFDTDTD
TagYou'reIt
Tagrandmere25mefaiCaGratuit
Talk is cheap, show me the code
Tameenk_Medical_Secret_1234567890123456
TelerikAcademy
Th1sSECr3TMu5TN0Tb3L43KEDEv3RRRRRR!!1
The Approov Base64 encoded secret
The JSON Web Token Secret still needs to be configured...
The great white silver fox
The secret for my store is this right here
TheAmazingKreskin
TheMostSecretKey
TheSecretYouShouldChange
ThinkSNSPlus
This hardcoded value isnt very secure and secret
This is a secret
This is a secret to change later to a file
This is our secret!
This is secret
This is the secret hush hush!
ThisIsARandomString
ThisIsASecret
ThisIsJustAnExampleItShouldBeLongAndRandom
ThisIsMySecretJWTKeyMyNameLeAnhTuana9d-1@amskfnasi$nfaoks-kfnoanofoperjyoeor
ThisIsMy_Secret_LoL_GtvhkLRTgtNdGl
ThisTokenIsNotSoSecretChangeIt
This_Should_be_32_characters_long
This_is_the_secret_key_that_iam_using_for_JSON_WEB_TOKEN
ThisismySecretKey
TikFoodApiAuthentication
TokenEskat
TokenMegaUltraSecretoQueNadieDebeSaberNuncaJamas
TokoBuku
U,E<48\*jLs7e'q"6"5]x4K/3AK%'VAdzG>"WBSZAs{v&w7ZJ%
U6DjKMRAeFxPAKJjzp1wTUYOgQJ5hQoR
U71KzTmpWPjaUWCoVWQGsLuNCYw4KTge3CDdgBOH4ekhYppVML6VxHfvXGgnA9yF
U7E7evyWh60bRvngrXBAenIJbElLOc69kXiUQEHnZRCijOPbMN3mfiSuBk8ZKySw
UD3lfuNQagcVRcq5KVA32Ai0HNiukPEb4c1dn5PKV1g1qtmyYr7tTnS9pO6tHTlG
UITS_IT
UKV60CZrcafbuvIfIznOlVKkMOVnBNiw
ULTIMATE_SECRET_JWT
UNTOKEN
UUbcc8vjUkGjuDyvK1gRTts9sZp2N8k9tbIQaGjZ6SNOyR4d
UYRHH098754
UaUCmqDdiRhsRhNkjY3VWNhDA9iv2QVj0Aze17x0BrRZnZOcFWS9zem8J2AhaJEF
Unsecure secret
UpFJfpWKYteH5rMHSxst
Urpq5NW5VCrI53j9dHdyYrcJrvwLW72h6gzPICOcEp3UfTWMMdL6Z1PTwNnSYvQJ
UsgQ6hf6WJSIuIWpDJHCjcO8KMm3OpszJGLSdXDtYL7AACoukFnNkVuakTnBrBaQ
Ut9mvfOo1NK7B5fQohaKMTmSIK5nCOEN
UvKLsxg2Be5v4Fun
V1n2ss1yR5s12o2o
V2VMaXZlZE9uR3Jvc3Zlbm9yU3Q=
V3ryF*ck1ngS3cur3
V6s3l3tNbfSc1YbxZDHmcw3amDjIJsRxndPsifKt3rJ9TvRCJmj7zRSXPtT7BZid
VERYSECRET
VERYSECRETKEY
VERYSECURE
VNPT_IOT_PORTAL
VRJ106jEn7D2Q7...
VaibhavBhapkar
Vec<u8>
VerySecr3t!
ViME*BpB@uD*
Victoria's Secret!
Vinay
Vitya__chisto__beliy
VoCra8#GEBAbRl*+vos9UF@??gi8Oy
W0jZioMe2ySiUngtKLNd1ivnRi7uD45nT9EqUQaDPbQu0BYiIcGvZbaDToaXDvQg
W3W0ApR1p7FAhdHSCIMUJWGerTjdPexxSz3r0SjWAMF5XMGtqMwHAp5g3M4lPSuq
W5rX8JlYWRlclJrLCJqdGkiOiJiaGdkr3bGl6amZ5IiwiYWxnIjoiSFMyNTYiLCP
WAKIE_CLONE_AUTH_KEY
WGKvGsFnXBMb5dXGLHqVBcTUJReRQUumgZQYt8Rmp6XZsHMUMRUzKUDrwAPeBdef
WQ14SIU1vceM3q0pN8mSVRs0YF4hywl
WakYED
WithMandaYouCanUnlockAnything
WkWoJqLBsatMXtZJVcS7Iny9CtvBlGzl8CwEx3MAsAdYVOUPOgifg4NJxuRxC8GD
WrcfY5uyyEtuQDkheLgwnrG8haDitbMWiqi6EX9TRCoUUjF0Xvj8vHBkmbFwUHrs
X3Fcd2N4rEkOR5AmhtY4mRBR3Ob2Ag1KC5GY8UhKAm2SbLPdfQqoEkkWbB7AdMlV
X4oiXd5PxJWq69
X73xXXXXXxxxxXXXxxxXXXx656767Xxx
XCAP05H6LoKvbRRa/QkqLNMI7cOHguaRyHzyg7n5qEkGjQmtBhz4SzYh4Fqwjyi3KJHlSXKPwVu2+bXr6CtpgQ==
XDFS1ASORfqxJP1dOqpT0rCWEFCvYMtRKu77tXBUSAN09AEWboqlvCZziLIwyhUUIbeyhCDMUJOomGXDfWgeEy7pzui7ZB02v2vrkqfGgnxQNP0L18tV4zWpKaLNKhDOzlpqaXpbUGYx1Ao6h7NppgSCteukaeuajg3DnN5NcFlj6kFBzokgNv958nJxkFuZZgT15aISuOL1JyJVBsdaKSPwkX149jbAO0PbRK4QeWvurjWz3KrkTpEHDhJ1GD9jcOkVlHd4CntJBIQbNhW350kN4qJ0byJGJhVbxMTNc7Jhb5pZKQbzZzoiGfjm89X91RV96MdjNlb1GjjD0XrEInOfc9P4P50rvr1Tnwa98Cfme1tvy2gLfwDeC9XnR6zD50dG9VhhLABtmPJa3TMaVrNtx6gMehYWFEfcVLobfTs9fdffE41fJfXykxtHgLmNGImypjFxbnnMLz1RBoTG0CdiGzb3GvKqnFh9N2KAGfi4mj9qdqYr0r9OmbT67Csfvps2DdegiVahQiOs12GDx3zaThBUnj47fAqX9k19KwF1mdt5AmMJxUT4lpE0qhh5fs0TH17WDUixP4UAvcRleUlOaHmySfSvD60F30xpMOlHBGarzKB4bU1URP1rA2fhHmAVKCX9XlopOa58kh99QjA39YjLKnDBsvSVjexMKGrx6pgNaGABw9aWUmaQy7YZVvlYRlhegQcO7TgSY4M4JvHGi3ki0YYC4Rfs7APiuNblwEVb2Hm2nKPmucp0lPH26ooEm85l9bhHxB4xcbDtBekG6vfTztF43fvbwe1Qm97sCPJak5EFmI3yLFZMYjSSZtxIJBpAqIUczd2IvjLOI0xL0VlyjRu24bJqtb8OYgV6ImltDfBHpcTg0iGoyKp6cXlSyhSCZelzVo89UjDFe1pqHGTLcML1hE7E3fpG2pLNOOH8r7ohWS4gmWOAM9xmAGcaGpOijFojqnRJ0wDaBSGHqbw7G24fzryfozaBWAgZKbmqXfjLYbN8hrEdm8qt5wTBnBIamqABfoFSSJ4gjHGCzagQw3cuiz2yPkPc1QdRHtMOCj93ul81pSLPe9ZtxyPbDYx3U5Nf8c6V658P5e4mNFtzKhSA7pLeJpjal1GjYetTjctiNh39RUkn3RUIOmfZtYBQO2pzvkki52dBqzGS3cDXhM3DxLxEtIKeEHpMy4xdzl8Vvn53q3HT4GBJq1GX3wPBsJxTp0RJq01KabhYnb3rLM7Br5TF8igqWfYOll8F6db1V8EUWSfm62DidX0oYH8zsItZwcK8U15DGQ2n3kDetYaiO9iTjqcVlTgtuTsa0WEAsCwxunUZaoDlCeqOPAcjNMUnppGdhYogeiHd07TB8ZrLCGZ03sbUM9IqCxMClLW6SZqlsILZCdB1CpydHdYVLauaHTP7r7A9J5qrlgcTmHYRpWiCulh4rOQvoYqOufyNl0JsZ8BPMHLcmDeiMVoGsBnnAZ0val8Xma5cRI2HknKqYM5Nw5EKETgcKLz9DQaHgUPWD6Xz3QFegsFxFSVqg87LztoRxxkq7zdAYfWX8OENfQ3apNn6sdXF5uqd41gJkCNRuXfFKKXtRj2rCbGK7A84wKm8ZAC7lNvvB33vMdSJgu8IkxNE3dE5kf6NUCuTTl5hPTQbyRTYadnLujQJmVd3ht67XqyjZfspYDkXJgUIYIGWnGumeNl4gY5QABpYmOb9rny7vIxM0PK27qxfRsQaUIVgs7r0E2RrHeryTcM8Cp9apWgMrwxt6E5CPeUsnoxOvRu3MsgxYQ7ukbXfnh8hJsoqSI7XpPQ1XjtIOk1tIfi4SfPLgqreTLLxwSxu4dUe5vwKbgyJ3BptowdHfjZYnXXsdxzoArf2zaS0lAjo23offRoRfvV9BIC3aeIOlgtKm4MvWonnFHjCp2VQ8wid9HA54sFBLos7KDQnRsUP6NMnKaI7uk9AUmC6GsMkEkmzfm7asu0JP3y8L1uKVN7g6XP3jBJ5wvf0i3fBEEK51l3QGcJX73opJpf5Z34cJS3aqFgvvhQc
XHAREEuyaA0eOFF6NwVjchERhhU3QyfK50dTWBENmlbHCiuPScMD9NgPheWxqhz
XI0fKNchGcRkD1oA01dBzaQ1D1g2JrUDpWCjx6koMStlLoP5eQR4pYRepVqImr9I
XPTO
XR8LRocbUxLC8TSr2RFEus4ivJj6Sp7UbOB4ecTy0PFfOJjjSoLYfUQ2UI9nsZRh
XUu7XghJ3NFmoZ4nz7fKRRmaGogE4xZbCTT2xbyqESLeGeAQ3klIziNvaj6OuT0d
XXX
XXXX
XXXXXX
XXXXXXXXXXXXX
XXXXXXXXXXXXXXXXXXXXXXXXXXXXXXXXXXXXXXXXXXXXXXXXXXXXXXXX
XY7kmzoNzl100
XbnLQgYjSY9ZDkfvXfv9whW3ZnA6FbeseAjrpxFW9upngFYGUt95T9FKcHryfj6vFeDySGQhw5TnFWkbYNfYbuybf78zK8kfxtaV7ZTmVAsXrAXT2XMm7SxKuWZzGRLYgL5ckjsxVMzAcEcFyveCeuXNEa9XRsw3NN4NtR7VEPrYhd64RgJyHMsbP8PGgNhZpGRbCw4XYMGLuSemBRpv6G6gsvUxaMhFe8nyBMtT3dMCCxdrTkygsVc9gVQ7KwYM
XijRGc41BE4eKHl5TJWCA2VuQ0aYfZKW
XjaHEFMAbG3cEo4igwA6ybOH4qF8FnX3qHTuG4wORussa3hEXAbs5okgG8i1L5gz
Xs6tGtEK#DUWF3L8pSx^qD_52u!tBC$Zf=3!gmDAmK8WfCK5NDH!D8S48DS48DSNX9tEWjue-2p!W9+#FfKeLvYSd%ZR2AjA=Q78x_6Yh%BdB9C#8am6u_FntPj#@%yGmp6QLVf#hR-_rqT*sJ8QX@f$WQ#HHN7kL8GdHLM!svugZz@tgBPG=vagsL!L6ujMth_Ta@rSBT_QMgFQc6hLFvgzXE5R5$B2XvmXV_+wC4MhYRTdEqD*ZtCA%xBszHm
Y2InZKhVNuxi7HXsA2Bq1nCDqWQ9XLQH
YOUCANDOIT
YOUR JWT_SECRET
YOUR KEY HERE
YOUR SECRECT KEU
YOURJWTSECRETCHANGEIT
YOURSECRET
YOURSIGNINGKEYGOESHERE
YOUR_ADMIN_API_KEY
YOUR_JWT
YOUR_JWT_SECRET
YOUR_JWT_SECRET_GOES_HERE
YOUR_JWT_SECRET_HERE
YOUR_JWT_TOKEN_SALT_STRING
YOUR_OWN
YOUR_SECRET
YOUR_SECRET_HERE
YOUR_SECRET_KEY
YOUR_SECRET_KEY_FOR_JWT
YOUR_SECRET_STRING
YOUR_secret_key
YV4bg3LibCiXgP7ppMhz6i6iuzdWXTh9EkOOWjy7h2nacpi7sxyHzcA4YboDUuHs
YV~B*&xq8WC=h]
YXSkZmFzZmPhc2ZhZmFhc2RmYXNmMNGFmNDE1NDG0
YYdqsAVhJ9Fs4fQLSFWNauWSCd2F3EUboo9ZWWRSdPONXmI92jfnlTX9sMXhEZac
YZY
Y^$B,FVseZ~d,+mrP,#@DM4:U~BU6.=m9QDD+.U\'yL"bp-hTS#H+f;UR(+<xS%Hh
Ym5b882-zPMG4np-S767vL2P8VbcL-rur2cX3K
YmFsdGhhemFyLWxvcmQtb2YtdGhlLXVuZGVhZA==
You Shall Not Pass
You can not know the secret
You guys rock!
Your GitHub client secret
Your Secret
Your jwt secret here
YourAnySecretString
YourJWTSecretHere
YourJwtSecretHere
YourKey-2374-OFFKDI940NG7:56753253-tyuw-5769-0921-kfirox29zoxv
YourSecret
Your_secret_key
YuJAFy7iB5QPDT5YhO3mFVKutlKvzUGF
YyD7Pf89Hr8ej7SNPHLLNQ6wQ3L0InzE
Yz5yylLZUe4ckMR1RsRBxWSG9Jz72eGO
ZDnJe2Jj7zGrWXKL59WDQeUcxIQ7JvXpggJjb2jufvrNh1Lrbx3BAoylL72nRFmA
ZNZ@lighters
ZjUwOTg0NWVkMzNhZWZkM2MwOWMxYTU1
ZmFudGFzdGljand0
ZmLKshj3JIgFUS2sd0vsanwwRjQ2ly5b
ZmUXsRACW69tNlRiwO2BMSnYbfBkmCma
ZuOvdEGs9uTYtNN11YsrqAWhXOilq9UAlZ59jRUcIHVGkKeNazawNctiBQNhta5b
["=R{f6BzbU-W3hm
[0mrOWC8Xc6prYU148JZiJlRFotMuOrFsjNzr7mOEgZPFrA3LbItpb4FoYFaAc6Iz]
[EDIT_ME]
[SECRET GOES HERE]
[SECRET_HERE]
[pUSAT5tCxJLHT28RNGMLpbgis3J6MD2NUEDJQtgeGYJgwBVLk9kTwEA4WSNmn3og]
[secret for the JWT]
[thisisanawefulsecret]
\0SOYCxBCv8GF|A^;
\xf9'\xe4p(\xa9\x12\x1a!\x94\x8d\x1c\x99l\xc7\xb7e\xc7c\x86\x02MJ\xa0
]nGQWnDQneT81L]rY
^2ATkKP(T$n)P;H>z7./Yf!2z.^-@<}\h**9)2Lbm[#z}ELwvU
^hBlHu3pSCX@_KQJSX*6I*CX^brqM=@2nPIU*LSc~;LLwFG-Fk1-3F6WDT][5U
_/QNgj*DDF|AA:b[)q5eLd-+grM-x6b8L.gO#/nGny<1(:Ls%&E%|wniv?0>By+X
_5xlnqfkob0qob2Nxwvz4qWpezt46cnTsLQtGwN1BGc
_Your_super_secret
___SECRETO_RANDOM___
a
a fun secret
a random string (i use a uuid)
a random, long, sequence of characters that only the server knows
a secret
a secret for local JWT testing
a secret phrase!!
a&*38QthAKuiRwISGLotgq^3%^$zvA3A6Hfr8MF$jM*HY4*dWcwAW&9NGp7*b53!
a-fake-secret-for-development-temp-use
a-secret
a058b0fc-f5b6-4e30-9bb2-00f38d1ea3a8
a0bcbac1-ab14-4de2-b2ad-bad0b5187d9d
a10fe05c-4524-4975-850c-24eb2e9bff8e
a15300ce-f6d9-4a26-989d-9899a5368f9d
a1a8728cdaa8261f9f5d527b7d13d0057ecc34dad1eb430b439d353be6e88338
a25eea2094554f58a87471e3bc9815c4
a2f3a22b-c2bd-4275-8c99-194fa7286abd
a30fbb15-abbf-4563-adb7-45e9e00fb83f
a35c522e698f04484bfacd9f757b5ac61566c30ef6d6a897e4686b1d8415636b5dbcc2bc3fc8382ce844a0d52600b8a2e846a49eec92631d43bc0bf775fc3c31
a39c3363-19a9-4ecc-8c60-2ae6e8703b6d
a3bcec6c-d153-4c85-9553-f70be620c753
a48bf3da-3903-4958-8422-9e9550bc9c8a
a4bf80d6-77e6-41d8-aa67-aafe4ba7e47c
a4e98346-8e23-461b-9722-923ffb0ae18c
a5e9e856-dbfe-465c-b5ed-474f00725c74
a69f2090-3eee-46d4-a4ae-e1aa755a2582
a6a17a5e-60ab-458d-b28f-bc32944ec9c2
a6ce23fc-8515-4e85-b499-04566bba8b71
a7a3cc06-7a17-4b06-8542-f6199b82adc4
a7e6d501-36ff-46b4-b67a-bc4709faf1ae
a85bfffe-1ae5-41c9-865a-2ebdac3d3717
a88ab2289558430620946324bafdfaa2f9a4dbaf6baa45523fbda1ee8185931c40af16013f9b066c45daff67324e1ba97f897673c98f0a'
a8921d9a-0a9a-4db5-a0f0-3590fcf7a115
a8cc3d37-0278-4778-ad20-9dd410b240f5
a8cf117c-a730-499f-a315-29ef7bd268ca
a9303739-df0d-4579-b470-c1339aff7db8
aABVYG66do8ehuFV1lund6YUjm470bC9wpQ0Esl2mqOv9N4pVxgLEc0LafVy1jgm
aGVsbG93b3JsZA==
aMazon_maxIcan_SECRET_KEY
aN5pZ6kA7jW3zC0rU5bB1qT5vH0wW7rS
aSecretKey
aV2DQqn5YkMK6x2flrlrlNQx2ghJ5VBxVfl5Zc5wJfPff0nhATTuWPS9kqB2tN4w
aVerySecretKey
aVyTTwWWrHYDJSkzAyzi
a_hyq!_&%$#gql1024
a_jwt_secret
a_long_secret
a`-7eh3_$?;5=5wxR%@D>X[_NU@_pywJ
aa
aa01330de012031
aa784526-bc31-4de1-8793-d334f862d2f4
aaa967f1-2b08-4dde-a086-5df6bc8eff91
aaaa
aaaaaaaaaaaaaaaa
aaaaaaaaaaaaaaaaaaaaaaaaaaaaaaaaaaaaaaaaaaa
aaaabbbbccc123
aajdkajdndlnldnlndw
ab4ccbc4-af0a-46ce-9584-f51bd47b95c9
ab8aa26d-cd55-4444-8d94-b4978b245a9a
abc
abc123
abc123$
abc123CHATIFY123abc
abc123abc1234
abc234
abcd
abcd1234
abcde
abcdefgh12345
abcdefghi98764312ABCDEFGHI!@#$%^&*
abcdefghij
abcdefghijklmnopqrstuvwxyz
abcdefghijklmnopqrstuvwxyz1234567890
abcdoqoweuwqidasdasjhwe2982812d12932109
abcds3
abe6abe4-01c8-4a6a-9480-b46800e955e1
abeartoken
abkfdsfooi0934
abracadabra
ac55b7e1-7d7a-43e7-97fc-ad9f71d22978
ac60920b-589d-477e-809a-2c7126031ca6
accessSecret
accesssmetst6667hjjsbfdxgcghvsdlknsdknbkjjknkcsazbcoeuw96
acmesecret
activityAuthentication
ad0608a4-973a-4bcb-b4b6-bd9a26b495bf
ad160b59-2a9a-45ae-a1b6-ec104bac96f1
ad38a088-1256-44c4-87d7-432ed6267d67
ad508233-bdd6-48e3-a6b5-3d4a9dd64033
ad8a?897ghtz!
adb9b737-c2f2-4008-95ce-9fcc8a5ad43f
add a .env file to root of project with the JWT_SECRET variable.
add third table for many 2 many
addjsonwebtokensecretherelikeQuiscustodietipsoscustodes
admin-api-apikey-secret
adsadsadasd
adsfasdfsadfadsfasdfsadf-secret
ae120c49-cd80-493c-a220-0e0dab04c9b6
ae477649-a268-47f5-8d9f-803671275c02
ae5f98d0-6eac-4ea1-8d35-a03a394be7f0
aeufaskfhasuekfhasefukasehukf
aewadsdqdsas123q
af544744-0a5e-4f97-ad38-f50cd0e0457b
af5ad5c0-b941-11ea-b448-ab49f3cfe0b2hi
afa05115-0a5c-4b2b-a498-0fce224518eb
afdafuwerjqweasdjfafjadgaqjfafads
afeiuhvdsb23r90u
agen0003DIGcomp@Newk6y
ahahahahjah
ahfsiaiuGiushauhfuoha
ahmad
ahsduiashduqwjdoasmcns
aj749DCg6G2nq77QVupg7F1MIKdum6Pke9ET0JIeWgWIeK1huJ3M7heQCbG9Z4lB
ajdfgdsfrguyg346gjg
akshdkhaskjhaklkaskhdkjssd
akuprogramer
ale esta aprendiendo a boxear
alexitopre
alfjajklsgfjdshgl
almf92Xe2lkkVkpYc0I3qdHW1wavZCUq4hwbpH3A1RdBXvSDrfQKAabyE4zoEdUF
alphacamp
alyq7BAfUozggpoL0NCPKAN3gWp9ySlDmeg7za1yyoDx0Me9yeRwZyrcEFAdDAdi
alysse
amakurunyayo_abikwa_neza@tangizwanubonetse_wese
amazonian
amesh
and0c2VjcmV0VG9rZW4K
andri!23
androidchatapplication
angular2-secret
animigramteamcsi4999
anonymous_chicken
anyRandomSecretKeyWhichWillBeUsedToEncodeTheTokenValue
any_random_secret_key_for_token_generation&
anysecret
anystring
anytoken
apikey-client-secret
apisecret
apiserversecret
applergic_*
applicationsecret
arcobaleno
arkix-2019-interview@
as34gf3d8ge5r6he0r7
asa123jsifj0!#!23kfkczz1231^%mladfkk
asbfqwpoiunb
asd
asd2f0a21df03a2df10a5df40s504a53451fad21f50a5d4f0d2f0a5d4f0d2fs
asd789zx645cqw798ez465fa68sd656czx
asd789zx645cqw798ez465fa68sd656czx#$$
asdaasdsadsafdfdghtkuourtytrfyt-dev
asdasdasdasdad
asdasdjknalskjvnakljnbiunb8b9h
asdf
asdf123
asdf1234asdg!#%asdf!#$234
asdfSFS34wfsdfsdfSDSD32dfsddDDerQSNCK34SOWEK5354fdgdf4
asdfasaf
asdfasdf
asdfasdfas1321fasd$%$sdfa%%sdfsdf12132
asdfasdfjhadjklfhdaks;lfjdjklafhkds
asdfghjkkjhgfrtyuiopoi
asdfghjklghfjskhalamsgssjkhshsnsjh
asdfghjklñ123456
asdfksdofiasdngnasdfl
asdfsgasdfg
asdjhasdjd2312kjgkj2ge
asdljksad%$#!@!(*&871927)ljalsdkladjkajds
asdv234234^&%&^%&^hjsdfb2%%%
asecret
asecrettoeveryone
asfdasdf
asffsfarstbbdyfnyjmdtvdgsdg21231%%4$$sfasdfadsfasdfasdf
ashdfjhasdlkjfhalksdjhflak
asjkdnfksdn
askdfjsoweir125#@
askdjgkjghkjdhgk;jdfgh;kdjfghphurruriperuerre
askhfoqwihfsdnlsd
aslfsalfJLDSFjlieELEJF932401703iewoqfqwo
asofhapsohfpyuuu1408$@#@
assdsdasa
asupersecretkey
au7DAwRZRyxAk3maooqt6iXwLNGNDQCMTGFyFZn9gUG4Eo1RwafkQ3XurFSeJCpV
auth-secret-key
auth-test-secret
authDemo
authentication
authentication-secret-key-lies-here
autoai-aid
available
aventador!!!
averylongpassword
avocado-rapid-dev
awdowadkwaod
aweuruwiedncalslsedjhflak
awkwardsampleskillfulbagpipepetted
azBel11040037292011@Isaac_5539614042
aze123
b020ad52-57c9-47cb-9369-71b2726b17f1
b0970f7fc9564e65xklfn48930b5d08b1
b0dff4cc-fced-4422-b225-409102525895
b14ca5898a4e4133bbce2ea2315a1916
b1bdce84-d84c-407a-88f9-b361782194b5
b1d6cac2-41ae-4e3a-951d-a343b067b8dc
b22540e5-f973-4cd5-9e93-de28426d56cd
b3500a3a-423e-4552-9c70-27be89209cdd
b3dfd1d6-058b-4746-b247-cd16a4d6b3a8
b3eaad0a469d13a884f3d09e0952b72b
b4fef35e-9b11-4fad-b98f-39b96b0ced3b
b4n4n4
b56314db-91fa-4674-ba77-4a902de619ec
b62d534e-6e87-4f5f-89d1-fb63d0103775
b6f6e817-90fb-48af-a64b-95e26017f141
b7025001-67b2-4eb6-9d0b-297040f72d3e
b71939b9911ea40518c378ab206cba17
b74026dd-64e2-4911-a231-307f84286ad5
b746d574-f9fa-404c-8477-263ac6e0083f
b78ab44f-923b-4fad-96fb-a4294f97cce4
bA2xcjpf8y5aSUFsNB2qN5yymUBSs6es3qHoFpGkec75RCeBb8cpKauGefw5qy4
bA2xcjpf8y5aSUFsNB2qN5yymUBSs6es3qHoFpGkec75RCeBb8cpKauGefwabcd
bCN5WVVP7b2RL76n7AlYpxTap8s134l6eyqZckbryn2UOojCyjfwo2TpFcWXMaXm
bDHz544I7VX9gcPoi5lJiuqKGygUBRYPgxXcRIMZ3Qg
bGVvLWV2ZW50cy1pbmRxLTIwMDItcHJvZA==
bLPQqR7bVcXh3Ppg9Urp9RN2qkUamev9
bPZNXWT1NMfltdVsh8770MCxq0edknt57RIeDcbF
bU7y7uyp3LnbrVjbJbnnEemQO7mETeHc
bUH75katNm6Yj0iPSchcgUuTwYAzZr7C
bVw8DInyEWsrB79ZXy1kU4l5EKFCwqdnZNoqyR9AqNvaeE4MPzan4nsNF7OLCSql
bXlzZWNyZXQK
ba51d54wq4d54wqdas4d5sa4d
ba5a9914-f2f5-4552-b281-2afffc4e2a3a
bacon25
bad secret
bad-wolf
bad5a43ce90eae29d2330a2419a4522e527e85e6edc8e03753b3e8e1b872b5999c511d3170da173ab672b242605778368752cdaf0087c1a507799f9270858c17
badbreathbuffalo
bafe4269-f701-4482-b539-db03a6f64d1d
balthazar-lord-of-the-undead
base64-encoded-signing-key-here
bb5826e1-48d0-49d3-b118-4b5fd5a9d2e9
bbc287d8-dfaa-4547-ac54-6badc3c5df0b
bbc7783c-4ed3-4fbe-b0dd-9daf165bd765
bboysoul
bc40c280-4255-4f5f-adfb-0c57bcb0c1e7
bcc81731-d08c-4aed-acc3-ea309c8f1d30
bd2bc693e047f52bb7c9eea04960594552f0d4
bd70be12-f0fb-4a9d-a1ab-aaf1d70888ef
bd7a4ea7-de79-4372-94ba-27d14b5dc81c
bdsh0z8a7ope4krf1ysf23u99
be bootcamp my friend
be2c38b7-eec0-482b-9362-c2cf3346f911
be56fc5a-ed16-469e-bcf3-ede478639069
beatsmusic
bee34f7b-d20f-48cb-990a-7c0411663bc9
beerfluplsno
beff68f4-0c8a-4580-806b-f9919729d645
benjaminnd
bezKoderSecretKey
bezkoder-secret-key
bf667356-202c-4159-be36-1cdbd9401a53
bf6c7d33-fca4-42b5-a04c-5b4bcfe48131
big_apple_in_a_small_tent
bigfish
biking_secret_jwt
blablabliblabloblablu
blahblah
bldstst
blogs-ZAQ!2wsx
blueberry
blyatblyat
body
bogus_secret
bonobo
bootcamp malo rulez
btnode_secret
budgetsecret
bugovnkl44
business
bvhfbjdnnfoiremfkv
by86R8RnyNRBa46fXkd77b99M6WzD96W
c008569e-5765-4f5c-b7da-b69d5fdadd5d
c0a0a147-686f-4d75-8a20-b384448c508e
c0c604be-4de4-45f6-a2ca-f129418861cc
c156ab12-522f-41a7-9fb9-c665fcb061b9
c1d9a361-7363-410d-ad28-3e7cb6b0cfc2
c26c8ca3-947a-4056-afb5-64eaeb9e74d1
c2FtaXJtYW11ZGVpdGNyb3dk
c2VjcmV0
c2VjcmV0LWtleS1mb3ItYXBpLWluc3RhZ3JhbS1wcm9jZXNzby1zZWxldGl2bw==
c2bbfcbe2e058644b1e60fb48191d1ec
c31eb055-18f7-4fe6-9ca8-3e35a8fb8db0
c33218de-d3b1-4094-9c36-454a33dc4c01
c33qPZLwgb74V-ysAVu5Eg
c3bac0cc-02b3-4802-a343-30e048228a68
c4GS/lhQPY+0k8S9WsDxRUI7ld2tK/BpeFJGRuoGvck4uQqAEa2Dd6LaFaPqnzzTAbB4F/XUbeagL7vGCPkXr8I2S+37HaBRD5+Oagil4artuSbjo/M9D1C3Uec7zxZneare1dcy/pL6qAJUbqn+n1rsWJ3
c522ad85-5d8d-4307-9ed9-bfd7c2b6385c
c5eecae4-1cac-4bde-bf5e-856056529ff9
c64a5e2e-f95d-49bd-9da2-3d1c184bcfec
c7172e73-2e19-46e3-9b5e-35986f124a00
c727fdb7a4fecd0bb4dcd27b91a7693336a31a7ac09dbfcaca7fbb90bdf4689f05a4099f750421231a9f36943947cd724ebb782ae6a3e08fe1c51d31e63f7333
c787de55-83bd-4ada-8911-4c9c9557b40d
c7a554e0-fde4-4003-a9c9-23463abfdf0b
c8FPK7giw0ARqp10fBgu6D5SiUPcIz7RoEhspdM10bNjXf6ZPESMYg1lh9nsyHNKqGF5R3r6sveL5NPoYbFswzTtHXdtGD5klIyCN851lf9XCB5U7Ed3YcfgvzOsuJwT
c8cb6ae1fb193e1e9d3d2d6553479755bbe59e34e2b965629ee4346e4c4902646c93ccd6cd7fd6d2392f300d251632e64bf1a1c260adf1b7219e8caa6dc7d27e
c956d9a2-04a8-4d0a-b295-4ddab9955fd2
c98f7e9c-dc1d-4ee1-a380-53c3a7125a7e
c99ab586-d6e7-44f6-aadc-823cf1ef7853
c9HHeyVraRh7pCbU84ueqfiZLMtYy3KQ
c9f47893-233a-4336-a72e-a5aca28a7a22
cAUv2c2CAbIaOEdiyDyr9gQ9RV42jEZFJSaPcxgdVU8DJlfuc7BTsrMwlj2tW4pw
cAtwa1kkEy
cI4nLws4n0aby1GQIeDEqxNluGp1RjDKWIHjgALgbNN1JcnYti1Jv5AYbWZgjPMJ
cPfG9osVQx80HrUB4S43h8u1zSBXF35paKyyjTf36ppKaa8eTh6c9FmUY3B4jdhG
cYo4Xes0YeNEG3snE3jdcoNHPNqgyL0Ioipq5ssqvACYe+gt3SJbcwnuFqT8J9H9
cachopo
cachorronaosabefalar
caf15b87-771d-4ff1-9329-998dd3f92619
calendarSecretKey
can be anything
canbeanything
capstone3-secret
cargomanager
cartsy-app
cashruleseverythingaroundme
cat123
cats and dogs
cb648fd5-68d1-40cc-83fc-ed310fe2bdd7
cbce0987-2d19-44ab-b1a9-ad3844adc4d6
cbd74d14-8bf2-4abe-a644-3bbf4554bf63
cc126792f0ad3f48ac7121fbec1a9516
cc29f9d5-ee61-44fb-9647-cd352e8fdf6e
cc64aa237334fcf56105a0e7970ac5f50dd61987199bfc4c96520fe2f5a9344e7c571ae458711132526529a8d8fafa94e93b73bf29285018b1f04e4f593036ce
ccbe524c-5d83-4beb-b7ea-fd588e770714
ccfea10d-63c2-4618-b5b1-bd2aff67fe9e
ccnuinformationmanagementmentalhealth
cd683a69-c8cc-488f-a407-c7ea4f9c09ad
cea27bcd-e10d-4f94-b5b3-21edebfcc914
cf4378c6-50ff-45d9-b8ce-847997e4f33b
cfc6da30-07b1-4f12-8e26-a93af456a344
cff191bf-618d-405d-9b24-c547cf38807d
change me
change this secret
change-secret
change-this-secret
changeMe
changeThisInToLongSecret
change_me!!!!
change_this_example_secret
change_this_super_secret_random_string
changeit
changeme
changethis
changethisinproduction
changethisordie
changethisoryourplantwillfreeze
charge_something_for_i_am_dwindling
chat21SecretKey
chefPalace_secret
chorerunner-jwt-secret
chrd5hdhxt
chris
chunguschunguschunguschunguschunguschunguschunguschunguschungus
chuongdeptrai
churras-tri
cisecret4
claveutrasecreta
client-secret
clientSecret
client_secret_jwt
cnb_jwt_2560
codebase
codeial
codial
come-up-with-a-super-secret-token-here
contoh
cookie
core
cra-init-dashboard-graphql
cranes
crud-secret-key
crypt_key123
custom secret
d0088d5c-b93a-4679-9ea8-b1412f63724d
d008a745-f321-49ad-b559-ea2037819a4e
d09ba321-5483-4c30-be0a-92b8d299f782
d0bf196f-fe29-480d-b3f5-a40bcf493531
d0w6Lq(cXUA@Mwp6+!^CQ;ZC7qMWz\pi5Z.w65^\YRAb.Cpnwb
d11e06d3-b20f-4a9b-9120-57ce7bfbaf81
d15n3t_53cr3t_1d
d1f22568-ff4b-45ee-8faa-2fc3d6c2a24b
d28b2864-548f-4169-af37-c3cdc1fd9de3
d2aa8dda-93d6-45ef-b4ad-c74641568aa8
d2d8bad4-9097-4e20-85c6-b4b651a7a816
d3096c8c3effbf43e23e55efec705978500ab8d00f8373bedf3e7319845b5217ee880141560687a28158c343554d21e62d881d0bc30247de4e2830c04cfeed00<Paste>
d33ea696-0526-4156-a835-8fabefb87890
d3a601f5-1334-4e04-9ffb-0be30da4982a
d3e65348-7ef2-4071-baa2-dca82ebe205a
d3vS3cr37
d41d8cd98f00b204e9800998ecf8427e
d4c06367fc5d987a29e17a3278d264edd162d8f363fb5b54edf9581a60867a21
d55f6860-5966-4ed5-945e-f587ee94fad2
d57bc4f3-8023-4138-8700-ca0844ec63b1
d6310e75-2484-4df9-81af-b2d068b2b135
d64843ac-ec22-4538-b317-e9b2088e2c9e
d69c6987-92f2-4679-a972-72b899369d46
d6b0f91e-da8c-4551-9d1e-84508ad733c7
d6ba44a0-81ec-436d-b236-238d42e76fcc
d6f6cb54-e5db-4347-b9d1-71475fdbddf6
d74802f6-f42a-4412-afc8-ac0a17508e21
d791f803-2d01-4ab7-b201-19396337e95f
d7a435b4581bd0751476e1aec3693cfe5c3fd4e15252bf23e582c7f878c5191c2af73b3bf568978f179d68c028b002b41f86e4ba132d5aac631e61474f0bfadb
d83s0G2s9wm214ahH65a4zPZeo4
d8bac4f0-38d5-44ac-8e92-5389aa8aaf68
d8bb8290-7a4e-4c7e-b144-cbc1eee6ea7a
d8e75735-27d1-4103-b8f2-784a16e25c5e
d8qOOFIjpU0Fj3ITiKraApaEpvkYEQVM01Bc5ONeAKJzeh1ex0qfzKzQZLyhlVmL
d9336612-59b6-4665-9d52-515433bafd1d
d9caede5-1b1e-410a-a796-b2b3e15ce1b9
d9f39aa6-0e12-4e42-999d-009eb16bbfea
dEvMoDe!1
dKeSLgHne5
dY5E9gcjfHGqktM?85GmnED@q+WxQE7LMrx*rhzq$PDuH4+6p9NfsB-QxeXJd6U+ZqfxSzkc_E?YUL%AFyxz@LKXv?chDVGJL=rd?rxA67&dX_3Gg5EDFdE53F_hxHd3#Ty2QRUA_KGK9Z%ADQv$Kp9Y$e*Jz9^MqAKvafd%73C4_^qhRhYLB9bkN=u$ex@97?PZHKY_d#$-PA#8JQ86J7e8WNKNcT+jt9=$nx@63SV8fjSnq4=qLMn$xf9Eu4sPpWVKjMgV7uY+x9hXQ2n2@UVFqtwzD3hg@WBSsR@gsq5f?GAjGqR!A%GtZ7NyFUfbSg*?cMTR2W+cTR#wBsPSGATvXx$%BLkK#s5T2b*S#rQ4aMq29Xm--ppcV5feQTM*ms-Mt!G4xJ_Kec-SU?Ts!g!JWcW@$&_sV!XZ?8@3Jy@f4V+ZGChy6$gnWUQ?!azNJ-Z3-E4c*Px3Np4tSUhRvCG#kc%dp*Zgp$vPG_M2-p_93p!dH&7+w&s2XcYBJYxj3@sLfyZ#uRHTVqXGUygW6YHsDA6g4*Kz$gs6tzajEeAzD%#-+8sgLZ9KrQg=UD6mHhU#7XykwwEffb9n4tgHa#Ue+&R=2DZ-pBTcp3LZBQL5h*zsCEseBd?gZUNW3ESmazATFe88s!$2^@Gggm?CxyyG7PMmzyJevUWkzxk9!Yp4wn_rE37*Z@YR6QLHnDU+cTSJ6@T*hDbHCPe^rRBGGXUE!Ueg&JBX_2Mypd5+kV37^5$MVw#u&TZD2?#?hrvVXvy&gnd^6#r!UK?TdVkrA5__*!-4mARu^NHCZd=qS3NN@^b+wn!-@_6bMZyE@L?bnDrJ!w5GBSvfAZnqZ2hbdK&K6#E_7w547HK$Hk5sSR-K%-wyAE3@f&whsKA!%^XUFm&E2DR4a7vYHnK_h6#GkruYX@zzN4-fY5V5zCCZb%w7f8MuRs+9a+YakXxYgTUy=Ku_LCCuxGpktb^7ybH#?pSRh^$8d%fNMj3T$sP+@nxJmvz-NW9drGw*GUX#tg7C8876-!66@3qtM_a=98*yCnMW+r4j?^jKgh?LR8Zaw5gBznv^Ks=E5Gw=m23u8_2kjcMdMztTGJYahr4CqP_!sH-+vD+AkDFby9S$LEwL-T=@+wHyW*rFZUuEWVkrejMC3h94MFu#vRA@hDrHTA#??bJE3Lakcazam9zgTcXqQk!GM#t&jcAta6_2qWB9!K@FuX&#tw4dA6g5EFq6k*3GCKm4g4YP=JNM6rejp!CJY?n#eH_wATQ#!kna7e_skE$n99GZRf-27!5Z%qHAD$@GB%4tuqtjzwyn9T^_eeK2!#ycj*-8uM2WzydN-74GKe$Hqv_#hMGUth=fj4UN9ybnn^+yN=DSGNT7sEazzZ@#=Rybq7!DUJdQDM8&jc8rN+n?Necc$x6Xaerkm3ZgHeuqjaK5qUJvFwd=7x6?LyuKQ@?FLPV_$z-bh8!*QW^?!8sccQN!5@Zr@g6%3q7_Sw&%gEK$dJ^9Sfs3WX+Kv5b%+_PxQ92X&j$kUs+PYGnvh%jWBqk?x#ewa+Yxh6e%H%EDrP%DH9SR%pDST#VCw4&muzdpDGRAjgjTLm!66nsk@Zv9HN8ruMAb7S+L!$3Aq=9v?&PF#Ew&p-%BjF9WKVF*Ee^X?9K+Lxgcz7!NYwNx@d3RGW&fm_&&Vc5CTgq42x6#aR9uzpXwvEBP2G@LkFtP-hG=BLfzjT$qN&$5GM-3fg7$FF59!ajPfMvaT3hKUavEqS&k#pFG$P8aDjbT45A9PaU%Q&UPTX-$hE2K7RR#KPW8wezJKj?%FvsS?5Fm2xT22Q95CwERcrq+R%6k?77NzqgyQuBSsf3M533L3M3Mfb9qsHGMB#59V+2hu9EN^SHL3v=hJ+AnU56*#nVe5wRtpbjfAW+-Pwf_d?@n-98HR3nkX9T4yR=K-SFp*_tAFd@*z?-!9_^Hv^PDpRAyE9c*2SFn3uBFX$NZSq^3=N-GyK+-Xc8%HDq_r9H7S^#P=gWjUp*ed+SCK-+aD+y734BMab3tYdD&Q6=Wxv59runjw@78
dad63bb7-99ad-4d8b-85a4-ad6371904dcc
dae46df8-a08e-456a-9234-1acba922cafd
dakommtihrniedrauf
dasdasdasdasdasdasdas
dasdjasd8yebj3hbeuyy8b328eb829eyejde
dasegsnjofadbyiadbno
dasfewwg589639652251515%$QE#T#$YT$UYUñsdxDXase324
dasfjhsdjlfhsdfgFDGSLJGFDSKOLJSDGFKFDSgjkljdfgshkljfhdgsjkhfdgasDASDSDGDFHrtyhtryhgtGFDHBNCVBODSTORETER
dasuhfh84fhjuahddasdafdssdsadasf48ha
db3OIsj+BXE9NZDy0t8W3TcNekrF+2d/1sFnWG4HnV8TZY30iTOdtVWJG8abWvB1GlOgJuQZdcF2Luqm/hccMw==
dbc2EgDM
dc27dee0-26f3-4b0a-9ea0-8cbba7b1e4e3
dc5bc62b-5a88-4172-b5ba-1b785e3f51cb
dct@123
dcu21d56x91ei45sp1lP
dd15f9ce-d1d4-4553-83a4-52d5856bebab
ddasdsafa@cawqe6547984a
ddebce2a-1e69-45bd-b7df-0143eb6ce247
de1e35d5-2c41-4212-8e77-0b7754a139ee
de27e1e4-52ea-479d-ae19-aaddb9c6c58d
de575aea-e020-4096-ba9b-0d9a88c5f456
def...234
default
default#shared$key
defaultSecret
defaultSecretKey
defaultSecretKeyPrivate
defaultjwtsecret
delilahRestó123
dev mode
dev waffles
dev-jwt-secret
dev-key
dev-secret
dev-secret-key
devJWTSecret
devJwtSecret
dev_jwt_secret_key
develop-key
develop@123
development
development12345
development_secret
devglan-secret
devias-top-secret-key
devicehive
devsecret
dfb79d33-9e7e-4525-b9f9-5c6bf9cfdc1f
dfea65fa-79a8-4c18-915d-cb3fba13bbea
dfg54rt&gtrt$53df@1fgAS
dfgjkhfdjshwdckszkskiidixx
dfhdhfsk7iryeiw4wer7458745687cnw
dfkjehtoirengaljefno34fngkjntr8n
dhmCkl13kdKpcow09dkbKMxZvVc07y
digitalSecretKey
dishmanager
djiasjpasdmasdnmaadask
djkshahjksdajksdhasjkdhasjkdhasjkdhasjkd
dlkmslfmwei09e03edokrg432e4/*e2d6d5sdaf42m32m3urj3j8sdffafaf/34#$%&/()=)(/&%$#""$%&/()=(/&%$#"$%&/()=/&%$#$%&/(&%$#%&/()/&%$#"$24dsdf5s6d516s5d1a6s51z6c16sd5c1s6c16s5de84dsa65d4s03ksdmckjxzc9822342302409230''0123323"##%$%%"32dsdvkmdflvsdlc"'34s
dnVvODY4Yzc2bzhzNzZqOG83czY4b2Nq
docker secret create portfolio-secret-jwt
doggo123
doksel secret
don't tell a soul
don'tPanic
done_list_secret@2020
dontuser
dooboolab
dorbirendorf
doyouseriouslythinklol
dq7HXDLvQuXLyY9XS8qqiFLmiRWdxYuGczUAdRVXQGv6gTvmw7Ra48ytZg8T92iyQcuEzA7KMw4Sbbx8pBbmtGdKzTZNthkWfHi4u9R3RkaXG9teNdadDtJXLZvEk6fN
dsadj3384@!dkdiEC
dsakd...rehfnx
dsfadfdsfasdfsadf
dsfdsg35kl46j32562346let464g46
dsfkjhhksdfhklkhdf
dumbledor
dummy
dummy-secretKey-key
dummysecret
e0d530e8-8c07-4fce-844e-1a3df2668acb
e177920e88165bd0090b1c6b544cf7
e1b93c6e-3514-4061-b68d-6874d1fea13f
e224a6ed-8ed4-4b1d-83d5-6e321c8d5814
e22c1c07-0345-462e-acf2-1f4b632ada11
e29a859383a3f9bcab3cf986d99765dfc114577fe0f680cb528e73b104f03519f4833ae2bfb60d798d85367959cc45518ba5164ada1362c3000eb7bec77dc208
e2TawGGPSxSyJvKnAEYNzv5KZc9G4jODMql7A6WV3usETJpkmdd9h1bnfeb6wzDX
e372985389e031db533d2fb315d666f0
e42d8dd28adf34fc489044d5aa21e5166f22a6ef
e440d66e-1fec-4ef6-baf6-54fbffb9cdd6
e555e793-0cc1-4c5d-ad8e-de07ff34f2f5
e64de51c-9603-43af-b555-2c87920f715b
e71829c351aa4242c2719cbfbe671c09
e71a1342-a696-4063-82be-8f6d748438c9
e743a0c6-71af-44c4-8501-9bbf1e3992fd
e78h78fg43yuhfwq3hieh2i3
e8d54d3f-eb74-41b2-8215-15b3231196e3
e8f4ef2e-957b-4948-bc4f-ab104a64bcef
e93b13b2-2a2e-4fec-80f9-7f883687729e
e956367e-a2e9-4310-8f2e-3c28584ed901
e9697d39-b9d0-4bcd-955d-f6f56cdf519a
e97b66f0-0dd6-4a20-bab1-64c5c24691d9
e9cj9kd
e9rp^&^*&@9sejg)DSUA)jpfds8394jdsfn,m
eAkKRk2BWuvF4zGEoEIHfJqAGFXS3bnPSzmPUlMs4ETOJDMjs3yi8P1x93Zw2Eww
eFczVyFnaEhIZnBDem1leGkmOFVDbU5xKmk4blRYU1E=
eQH0DmWnYWP9UhCQR1gZ2DEU7Pgwbvmh
ea2e95c2-fe97-4b09-8a46-ff23547ed866
ea464ab2-39ed-42f4-9fb6-114532c7ebfa
ea99d5e2-10ef-4daf-bee9-7bac7d85926b
eab6a8a9-3ccf-4555-9c59-e0e83a5fea79
eb32bbfb-6869-4c1f-8eb3-c9b8c254f2f0
ec6916fc-fac0-45aa-ab0f-a1331be72c37
ec78c6bb-8339-4bed-9b1b-e973d27107dc
ec95ca38-6131-49b8-8f15-123a2459c0ef
ecb9cd6a-4e28-482b-82a2-081f2edf1d28
ecolotusChan
ed55ea37-5095-422a-9275-dbf3b78083a4
ee5ba134-5c16-4107-92cd-dde9d5ce9c0b
ee887df1-aeff-4660-b489-f025fc599666
eebilkitteh
ef6cb05b-bc39-4b04-8158-6cc4dab58ad6
efeasdfeasdfefewerasdiojon
effarlkjaskldfhiaasdsdfilayuo
effegwegrgrgw4
effegwegwrgrg4
effegwegwrgrgw4
effehfkrirn
efffdgkjdkgj45
efrdtgyhujh
egsbvjonsbsmcnbnxlhg
ehJWTSecretFyrirSigningJWT
ehudyyfofyfhfezfizuozhddeifgyéduzgdeiyeifzyufrgfigztrfuyzgfzgzu
ejaojeaomlelujua46z485eaz4!!aza
ejemplo
el padre de mi abuela tenia doble vida
el secreto es secreto, shhhh
elcom@123_2020
elearning
en realidad son uruguayo (juampi), o sea, un vendido
en realidad son uruguayo (juanpi), o sea, un vendido
encodethejwt
engage123
enter-a-secret
enter_your_secret_here
eowfhlvxlbmzvcvzb
epbr-jwt-secret-production
ere%4324@$&*ghg*dfsdgfgth!W#323F$T%g5G@Fedf@@45
erpoihnerpnerher430@nroge
ert***
esta-es-el-reto-tecnico
estacionamento
esto-eS-UNA-palabra-SECRET4
everybody knows it
evilfactorylabs
ewtewrytrejghkkjhl
ewtijwebgiuweg9w98u9283982t!!u1h28h1t1h89u9h@$$
examnode
example
example-secret
example-secret-key
example_key
examplesecret
express-typescript-starter-token
f0C7JKFFXKRu5wH0SElhourvN33lRrJmfhZYVIjv3p7EnuVV4AhaR6hQOUdEHdiSEkjbm05YZCmaPK717zgzf5QE20pvWVW3yZnQQfvoANWKQGxlS4FnzsFvFODXrFkHkA1aX34iJgDiD9ORkx0FdRGzVNf8POpZzGyH4Z3gHZJkB8Fj3gbrcpItEaiCkCVI3lSxvK9mPcOy8hH5sk6e9zZ2PLmn4O1g6RjuiJLaGSdn1YOxjoW9cJV7U6VK8gUz
f0e30449-558c-4ccd-9440-150f4b87550e
f0f16d30-a403-4ca6-a960-a9b49de74966
f12beb37-8401-4e00-afd1-427b7e2bb32a
f13gK!#op*12f9$
f1ef8ddf-b504-4e8e-b79b-33b38dad76f5
f217d38125b18f09b5862eefeaa78f1b
f262d5ffb7e2ab89536a871111ad6dee272cd10be5d2041537fc080f0686c6ea860e05f026add4cb0e8d5f1e816f3a9d0533a3e11c1dbb211ebe74a1b625f67c
f26e5f61a99dc2c226431cdbba2f84598873ec33d29c98521c134394f4084f63ec86365b38b9bdd35c1736898237ae71c7a6c97d9fffad4e3f9dacfc4aaf4b43
f2Zo4fuyzBfXY4sB1yfRwKRTCz8JUmrsrYiC3btDGEUnAq1cgsGwpauuEdY2vmzbX4xqqOqvjisFKnUbslQxr2e4GXnS3FOXJLw2vlHzwD2rJHpHpsn9yirvQACRAjmVIFpObViykpcU5FCueWm5lWbtqXirIFn29Mo72OMyvYuuHyHH5NTDh4mdZv0IWbzXUZ3yctGK5XyIMd8BPOXAXNz1v3L0gkxtAuFpfrJTf3Fm57Ry6EZjhDM1eSnNEZusHCKDOYR4o2SfJKNlfwIf6dXW4d35lDP75JqIe4hBh9dWqGXLzujIVQfpvXU91YWGuKXoiXm6sm3kFKgMTJMF9gvSLFF7I7vkiUua6jYa1J1ofCogAP8R5ohm54VwfzkxQL8liStmB0cqqnnp7RCcoOS0zeu5ToRTvRAC5heeKKAhvUray7P7LhXxqcR6nf3RXKgVKatno7S7yKPvSGI1FBel5CPO0rZyQJUhGlXZEOsKgmhWwnVRxF9qhiC8052Fz7UdtylQlA3ynywda45c3fWBHVeucGeo5DELv1GBgJZ3lilV74AojyUDEQFAJpaCGZ2D6Ql6TJKYeljFQDMgIRe3
f3670f4d-d45b-4585-8b7a-86bd2f7c6235
f3xrlHnKokCT98lSVMCC0z5UHCgnWVUdaJVfnDLj
f4347794-5613-410c-9fd1-c6c42a9fa471
f44829180caec73781a2123b40ed3e310f7a0e75af3cc6079e415dac60605a99150857b900f05a625e648f8d107d9cb58cddcd1f03379a2021412b9785840f02
f603473f-0750-464c-a249-bf035d5e873c
f6f8aca8-5ae3-4da0-b7f0-0a1215ffc8dd
f70a0bad-62e9-41fe-ad95-9ece18786426
f83602ad-7a07-4a87-b667-dccc9fb849d0
f8916451dab8ccdcfb28158383fd8783c0dcf4b05c5d69cea9b2188fbf62a92
f8be3390-04a0-4191-bb7d-44e8a5155aca
f8c811f6-2731-476e-9104-fab2f9a51d81
f8fbea7f-ca8e-41d9-afc2-7159c0521fc3
f9156703-f69e-4730-8c94-e3822e58b8b3
f91697e8-c441-4c2e-b397-e0f912d15903
f9c0ac32-5738-48e1-9a6a-cde8ebe92fe8
f9c6f57a-4c80-4c3b-ab97-fe1514cf849e
fHaiF2FrHfu0RZItqqzmtLwcBi8exu4ZMCmrI7XHnfOk10iNt9W88CTM03V8fVRU
fYA3#pM5cPSzRDgZ
fa86da78-44cc-4408-a1ce-d3dd27d73075
fabaea758d30609e03118bf6331f3bf358b36f24485ff785a66cb5d1104564525bd589261e35ebef53a5afb7a49b7c331b1eebb7c388af1adbda557af42f6d0d
facefood
fadsfjasij4j32r23jfijsd
fake_jwt_secret
fastlane-ci-test
fatboar-ci
fb283fh23890f734tyu3h4gft74
fb56530f-8f1b-40b0-8227-d0a057073a0b
fb9d0fe1d345d9ac7f83d7a1e646b37c554dae8b
fbaf3014-8066-4a86-8254-92b3b6d6b12d
fbbbd846-f4bc-48cf-8ea2-7efcc334f381
fbcf3cec-0891-4846-83d3-b9d675991873
fbfufvfufs21g1gb5g1bgb1b1ggf5b1gb51b5211h15hkjk5j5h4k5dfLKKJjffrre514vghfhJKhjHKbjvRTctrsreYvuBJF2g1h56h1511g
fc76f81b-1bc6-4938-be3a-fb43c598873b
fc7a4b3a-fb0b-4e90-8313-71275fc98214
fc8e66b1-ab9a-48a6-bc16-407a7020fca6
fdb6a6f7-ce3e-4995-ba6d-e646547a75cd
fddfsf*DDs$#&nm,dsddsfs*1FDFS!!#DC
fdeffzefzefzfz
fdkjsfsfdskfd
fe04a2c7-067c-4003-b34d-642cdec0b29b
fe1a1915a379f3be5394b64d14794932
fe96bdad-4898-4823-b216-50e206dbcc0f
fe9d8703f9d008f49a9fb74cb0053e8dff34daf929b6079b3993ea9b282e0981768b5fb105b7ce608d365b3cdd1e3f38945d8dbfa3590485f3550ca3761bd761
febfd298-1f1b-4e45-9f46-c3596b0da2b5
ferfromhell2104!
fgdgf1234567
fghdkjkfjgfghfjd
fghe9rp^&^*&@9sejg)DSUA)jpfds8394jdsfn,m
fidelicard
figs have wasps inside so i do not engage
finalProject
fiscaluno
fjkdlsajfoew239053/3uk
fkgnsldkjlkasjfl
fkr30w2RUGN3B9EcnzUOc6Dpb2SS2lkt
fmaxt3kVhBrz6Ujx4w8DvA2UD9SjJuiQ
fo98H7sGpD8zlWUrkF9hINg8KBKJVMCY0BUxy
foobar
foobar123
foobar2
foobarbaz
foodora-super-secret
foooo
footoken
forbiddenfruit
foxwvwzrUpKWqjGwfGJEqLO2nCRk97J0aLqwuipWICjF4ueITdPyyowM7jZWR3mL
framework
frasesecreta
friends_secret
frqgqharhhea
fsdfs8f7ysf9s8fhsdmbfsd8f9435b3453k
fskjnkjn4bnj43hb
fssFSS
ftWxELAmqjbnQYMjXGFyLrDSffgfgsHqZWbJN9ZsnbTkw7PPU9
fu98f6c806ydualcbnwl4zc39b0xgg
fuckyouasshole
fundacion-criollos@2018
fuqiangwcy0203
fuqiangyaoyao0203
futjakot
fwfNYn5cmyj64kRlQrYU3Z0FM0xO0TvRUUaMsMSQtGW8asIGb8jBzA5dnaDD9LM6
fxg==213*x
g65h7yjto5hj5d46y5
gIYDuai0ZMiaNyn4C21ymubakiG9dfY2
gLar8xg8WFEMXnmXwdt5uIIfn2TNUqGe
gT3eL1jU7mF0cQ6fQ7mH4jE9
gWC93b#gg^s9
gZH75aKtMN3Yj0iPS4ToroNZUuTwjAzZr9C
gZH75aKtMN3Yj0iPS4hcgUuTwjAzZr9C
gallery-api-development
gallery-api-test
gam3cub3
gamete89
garcinha1973
gauravtalele
gdfj3456nj4n56j7nj32
gdfx5g45g4sdf5g4df54fx5d
gdg
generate_strong_secret_here
generated-token
generatetoken
getanewone
geuAFR83_IXfpwx742$QQwfgiut45_cs
gf454fdfh5dgh674cd
gfgfhfh
gfoKJjCsYy2zkJu7WlnXhxQaqNSy4bjJazBHYzJTULxpjsOW8C7JmAMzwBV5SYcz
gftr.jhhg56.,jhgfdh
gfvhdsfdsfdsfns
ggVzgPLLsu5LpSMkgUxAXr3Y3EKwJxT3
ghhodu.,.///rghdkjgnaoeir49340r34253htwkle
ghjdlHskfu@dsds$
ghjfkgjhewo8o
ghoul
giovanniSEED123223fksw_Gd._g
gjal*jkjljo_dsgf_pbwei_65fa9sdf_jcewd112gdsfd161bfof_1564d16
gk0ra6IcLrAmexlr4tZip9bmRXvRoXtDNNsEQnF1HIT0dI4tNaVbyg6ZhFvffqga
glabfesecret
go-admin
gocoronago
goiabailuminattivoadoracomcaimbranaorelha
golden-wings-jojo-anime
goldenshop
golfer
good secret
good_luck
goodtogo
google-client-secret
google_client_secret
gorm-demo2
greenbay
grumpycat
gvfnhcjermherutyuib
gz8YFK3vXlVkMT2EJpUdccwBtKp0y0L2
h1j4253j25qrq14331425
h4tech
h8566MNQ18oo5cMmHROVh8566MNQ18oo5cMmHROVh8566MNQ18oo5cMmHROVh8566MNQ18oo5cMmHROV
hGSDAKDKAsakdhakdadkkahdsdsds545464f
hHFUGUbcsngl7XCVcbuIckVEx8qB69YtCTNFkAWv6sL1t8QMff836TRszbEQ0FCR
hLNCbKldMtoJZJEAUHJN3h3jJKx7W5cSHFK72gUIS72bBdO8e4UicsxOSmrhTeiE
hOLALSDJ$91827389HGH98127391887IUWEWER
hOLAPSKNDCSLD7349834RJ00923
hPD6bSCPireCuAqap07tdNAavgOrbkflWubwzNEw2ScXVsMMzxjOJ51Eh9VGQTlD
haTWqAue7jiFUZCx9v0y7JETsepkSnTCZjXjYNxdnUhHaC3G2TGWe3Lw91fVUpbL
hackajob2020
hadfkh
hahaha
hakh845q34%@$%wlhqerqERVqer
haloha-jwt-serect-ashd8721s-198xb12yy-q2v9q2yeq
handsomeUnicorn
hangang
happypaws_secretkey
hard jwt secret
hard!to-guess_secret
hardsecret
harryPotter
harshitkishorraviverma
hashSecretKeyYanusik
haskjhj23kjhdfki3adfasdafj3jh34j
hauvq
hcndjskalcnjdspwefescdsc56785678sa5cd67as85c6sa78c5a6s8
hdfsajkfhlsdkja
hdfsajkfhlsdkjalkj3098098hg09nihdfgn09384509n
hdgjghdkjghkjjkdgjdgdgkjdghkj
hdgvfuywtdeu23784528dsvghksadfdamhsdg
healthiionssecretcode2020
healthy-diet
heeeeloooo
hello
hello Slana
hello world !
hello123
helloisthismewhouarelookingfor
helloo
hellotheresecret
hellothisissecret
helloworld
helloworld!
helloworldiliya
hellp
heodxx_D998sds12
hex game secret private key
hf759390gjhiuejd867465
hgbyhujionkmjhnbvgvwsqawsxdcrf4323409876778897655tgyhujbnhgbvfrt76765434
hgdhsbdbubbdjbdjbdj
hghgdghdshgbnxhjasdhj
hhAye49oOXSUeXxzjNglLasMd9LeyeuV
hhbf884hj4/443
hhj4h545h4j5hj45h5j4h545
hhlskjflkasjdflkasj;dflk
hiddentkeyyyyyyyy
hj2PQxK8W0vYstCuoWLrxHRP3NB3Roi85R2qm2TJTv3FRkhjYzl2lQrTOBBhprmQ
hjdfhuiklllllnlkbfcagdahsakjsdjdqw
hjhjhdjjdjf
hjkhk12312h31kjhj321
hnabjkewbfjhabvjwerjfhasnfljkahefj
hohoholololo
holaadqwdw33r$smdkfmekqpqpfdsf.@avcbhr
homologacao
hong1mu2zhi3ruan4jian5
how-do-i-tell-this-girl-that-i-like-her-without-changing-everything?-i-know-say-she-no-like-me-so-make-i-no-go-spoil-ham
hrenVam
hrjZTjqJOLtkMHqr52OiOF4EeFhgxFCD
hsdkhfolkasdk3s0ekskaeijerij3wrwsasd
hsherehancksrheererscsftrtr
hu6ANecrAYed2FeBrUYaze34HaWa2ruzaZa6uxEzadREheWepeThEcremuxeJucewab22truteze4rA8ratheps8raSTaca5adruR36
huiyhfhkgiow4wfjq23ymo3q4ej86gug78t34p76v8rn1awscplsa
hvjegwuyig7634g8irghgyyfewkfyervreygkvyurgkervreyyeruwvlgerhglevglevgreuy7438g34t4ty
hvtschoolsecret
hydra
hydrogen_honey
hyperf-chat
hyperf.plus
i hate hakers
i love cupcakes
i+#L0v3_!mY(*)PeT5
i-am-very-secret-key
i-will-be-a-billionaire-oneday-and-my-family-will-be-proud-of-me
i1S7WHuFXJNul4t1MXvSb2BDDIv4ZJg8ejMlOq5O4iYEyTLZ7tHCC6c2D28eYzED
i3_s-t?=8+n~
i3oifjda9302lr$#@05.
i91c$#c9r0ejk91n323$89fj398ejvosdj98qj^jsaklfdj83ifeqrnf$fjewlad82qwdkarfd
iDontHaveAnySecrets
iYQyNgxBWOMgFyxYMoy0p3NlvFfHbLsV4pqzHkIQNQAqLuSm9FLUVJ5yCFbAOB3j
i_am_password
i_am_secret
iamasonofGodnotaslave
id498sjOwx
idontknow
ietqyWp7iXTBmgNM8xxiHQA16s1yY7XyOeL3fAXURensyoWxPJbsrbTwCylxPRUQ
iloveguhyeon
ilovekuma
ilovesmolgurl
im so lonely
ima_important_secret
impulsoh
in the hall of the mountain king
includeiostream
indique una frase o valor de preferencia.
inisoa
init3z9q9djg993x06fd46
inline123
innoscript
insecure
insecure_default_secret
insert_your_random_key_here
instapysecret
invocamoselpoderdetomatuyucota1213446
ireallylovetoeatrotifromroopramroti
iron_man
is it secret, is it safe?
it can't rain all the time
it-is-dangerous-to-be-right-when-your-gf-is-angry-and-wrong
itheima
its a secret
its a totally secret thing
its-a-secret
itsasecret
iuagfjblisjbfl8IWEIRHNDJSBLIUSBGO;IDSFJNBIJsdbfUYDSBFJHSDVFKUYEWbfhjdsVylidsvbjhvDSKUHFv
iuhosauhuisvbdjlfghdsailbcadsilioidfsapifdockergdsauobsduhacosspancisaphfdusioafhdsuaicouunhdosuinfghsaubcdgfzubdgsazuisdufndjjhdjskkksa
iwCodBa54XpRI9nod0jWmqqdvMLTpXUe
iygkh4NaBIePUkswPkzyZksS3
izanamiSecret
izanamiSecretabitmorelongbecauseitdoesntworkwithshorttoken
j&($GB$*-9v*94j(U$bksd))
j2390jf09kjsalkj4r93
j3UJf6_weowTUHUtkOqwmVRaE8hbHwa0pEG2f9mlTezVZuy82F3Xzzzf0N6nKZ3iGkgAm0trMHn53c1kYJ1KxGTmRHiHPyQT4_7GO9ENXLBUQGfl_b_Qul5S7fXIh9XYZaxIapnJkSRr4dSFRm8fqHbLPbtgc9U9n8B4OaB9HvW3eXmESQMl0oBd1ruKuexYe3X7yZRbyMj98DYIVwBu2a5NRP8IFIpW-8kj3PPtbL82evjGwSNjtjCKabdCdzYuo62S1eD395PRJLKGKrzwpCWOSzyQIbntk1Vl8G33SV9bV8OENVcOiirr8YBhT8Bcr4i9tkrF_1Nj6QIY-WK3RQ
j5jlb34j5bj2lb52jb5j2b5jbtl53frcn4nwr35cpin4ivnevsijcv9s9fsvhsf
jCfyWWwN30AuAm6FkAaMD5DfCY3Irvn52JCvhuk9Z0zMVzwpQG0gtuRbb7DX2omP
jIgBi_F5g5SB_QylpluwfI_QtYOgpgqUScXZI3F6
jMtfPba2gJt0WIapikMAz1gBfnvWOxhW
jSePXmvO.m9RP9gEf90HIO3ZnNEqunxpR1u8Lygq0BQQ9B4ayg2aK
jWtEeV2k19
jWtSeCrEt
jabfkb
jaimeynovingesupetsfr
jaivik-jaayaka
jakusytqrtsgjsk
jalsASDFA3473$438iaha
janu
javachinna
javainuse
javamaster
jcjbdcvjkbswdakjcvb
jcnfcrecetiejcne
jdnfksdmfksd
jdsjfjkfdjkkkfk
je suis un secret
jesuisunsecret
jesus-est-mon-bon-berger
jffiuiusddf
jgkjfklffjlfksdf
jhjkhggasdfjgajdf
jhsoo884858k39555j77892939
jiReKLKbTVA2qnjHun8ma2hgDcApuZ
jk0238423.j4012
jkfsbdkjbdfkbsflkqewq
jkrbgiqwvfkbwkjsgws
jksfkjsfd
jl46yLKUHxE5J3L4ypjhT60YWCG6pOkNl0BPdz5b
jlanfrup52
jlksadjoUUWUWaasdaUUUsjdosa
jnNQzYKIQQwdlWFeLHgWXYYEcUhULuop9l68IQgjB2LpeUbXvQm8QLdQXdRPdYhw
jnxasudhakji23289ednaklsndudasdn
joRDZQq6AfkjQh8b37gwv0mRGwrbnqgp
jobsitychat
jofja9eu94whfoshv983uri34r0uf
jonsoku
jordanisagoober
jose
jowierj09283jr02938rjrkw09efw0e9fk3
js2onsecreasdte@dsd1$$$@Dsda1dPR0Dsaso###
jsakdlfljadsmview12
jsksfnfisdjdsjsdjdskdfvmfdfsåpsdä2348ej383j
json-web-token-secret
json_web_token_secret
json_web_token_secret_key
jsonwebtokensecret
juarakodingxbwa123
jujudhaukopaisa200rs
jum_sul_pan_secret_key
jwt
jwt key
jwt secret
jwt secret key
jwt-conduit-secret
jwt-dev-secret
jwt-secret
jwt-secret-SOMETHING
jwt-secret-here
jwt-secret-string
jwt-secret-value
jwt-secret_events
jwt-thinkful-2020-phoenix
jwt-token-secret-key-for-encryption
jwt12345
jwtClave
jwtGrokonezSecretKey
jwtKey
jwtPrivateKey
jwtS3cr3t
jwtSecret
jwtSecret should be declared in .env
jwtSecret-Placeholder
jwtSecret123
jwtSecret_20200914
jwt_hash_secret
jwt_loe_zjsk_0o
jwt_sec
jwt_secret
jwt_secret_1234_abcd
jwt_secret_password
jwt_test
jwt_token
jwtqualquersecret
jwtsecret
jwtsecret1234jwtsecret1234jwtsecret1234jwtsecret1234
jwtsecretkey
jxcvbhbmbvxkhbjkvxh
jxoGfiQqqgvHtv4fLzI
k2hf504mcxw78kdfy439dhgcfew6
k4qMeQAaee72ZLZ31CzCm
kDj3#9848jksdKdj3#$#4dk
kFW^=2C.77j&2sb>'H]V-WLCz==^XukX
kK8Z<$hm8BxkujGM\n7N}{W34q`~H,XFmUcE]*dLXT`X#ty,"y
kSoAfgGTda_oAmEY6u2rOETA8qYHO-I9paaOWmrA0kA
kU8ZOhB00WXGepZRdgJ7lR04EDC76jek
kV0iL9Ro3zWYKUfhOnFD8WUUE3ArmP6hJnci3ISYawyryKJZR57iBon0HhdQdQem
kXnN4Y4jtDa2RP4
kYkE0n6f7k0Sn2Oonbcm2mCusBxKOlmifcHufS55Hb7FJgp2d36HCFnCeVX50EgA
kaanErSecretKey
kaikeba
kajsfakljsdfkahjk98u3464a5df?!$%^
kalebra versh mern
kanbu-dev
kapankaya
kcJwtSbk74ykKWIL
kd07aCN38XwwB06cUu4saMaV43GyDMEbRevvb0c80JYEQHmu8k9zdcLpmpIy9P51
kdfgsuiefguigarsy
keep it secret
keep it secret keep it safe
keep it secret, keep it safe
keep it secret, keep it safe!
keeyyyyyy
kejnovalitnejno
key_qa
keyboard cat
keyboard_cat
keyboardcat
keysecret
kfjdslk23984203ghhaskfhdksay4348324h32j4hkj31g4k1g34kj12h4jk12321
khamsone
khbhjjhgcjvhjv
kjhfsdlkajhsdfasdf24312341_23sda
kjhsdhgksj65sd465s5d6+as6+d5s6+d5+as9d86a87
kjhsdjshvkjhkjsdbccsdbckjsbkjvc
kjrbejfd234i23isfj2nxnx.nxnaD@DE
kjvnjkkfjbkfjbv
kmDuxg5675#psguy97
knkninnfsf,;sdf,ozqefsdvsfdbsnoenerkls,d;:
kokos
kuj5AygMRJcyacqax0cLXDvDlYEl4Uu1chqaSWrX1TYvrR2Ev4K0ktViWe0Z2bgz
kunming
kwfeknvjbvjrbvrbvjbjjbjbrj
ky2j41NQuxVakcR082xl8FKd4P27vPeI
l8Kha3Er2i5YRadD8AP0FaPSzHCkMiSE
lA6pQ1vF2yW7qO2lV
lDMJnFK0O9kMAvV11JdmPoaQ5YCIau5wtdDpnZiDggcpGSHsCiUAHnfbYOixTnJm
lQKXInstrevsZIgvgllT5UCgc1Zt2pXsK1SZolP4wA9HgFnt0fE9EIgLr3Wr0BT9
lRXuR1lqxCe3I6ro9nDYrUsWT8PTeFQsazfqX7Ye4qKft2jZsOB6sw73z6oelKEY
lakjdlaksj12323
lakjghdfjhbg
laksdfkljakl
lala#2jdsf
lalalala
lamhan
laposte2020
lax
learnr-level-seven-classified
lesecret
lf9vgCSBiLJ8Uj5S9AxvbFGWkmlPzna1
li#223GX3$2
lidhjepalidhje123
lifeofdevelopersatworld
ligma_b@llz
litepost.io
litmus-portal@123
liv-jwt-secret-for-node-program-natours
lkajsdkasdkajsd,
lkdjfaoldkfjadfldkjlfkadfkadkjr
lkdnienwiaa9381ecbuiuw2e89d98
lkjhgf
lkskksksksndhddfd
lm3ViHmU2yYR8LDC8DjW6QaamEhtG6n7zeesGysA7ixKJb0wC61BF5KvE6F9wBip
localhost
lodaaaaaa
loginkey2020
lol
lolmao12345
lolo
longer-secret-is-better
longsecret
longstring!!!!!!
lorem ipsum key
loveonitisjustachapterinthepastbutdon'tclosethebookjustturnthepage
lskjjkdgj34343kkk3k3
lylyly
lyx&yyc-jwt
m&XAFzBpM3es
m4m4m3L$
m8ctHyBzA6owZbdnQ2gxzzXNC0XuQiRbFr2eGNUdXr75Au34bpEvwg1Ym9xtBVvt
m==?8AG"Ik^str0}qxS_4Q%lsb~DUK
mF8QNsmZpO
mRJZQrLE6HlStXd4eEQcMLNDDIltgo1eYUzA5TbAcaRlwCX6FI2SLYKjgq19
mRpHA5FkK1HzlqoZ1Xjn0K0Xxl7aFu6paszqF2xqlk7pKbwaLQrPNyhHvsv0ceWR
mTVSVrgrPdRE3H8VmwJhCXAwUlO7p1svYSsKvIDWFmdtG15qU8w6vKfbIVRESR58
mWSeBCibjsGw5AuHIlP7eUGxzXfWIRHW
maclesecretedontjesuisleseuleàconnaitrezehahahahahahaha
madera_api
magapapamatcha
make-that-shmoney
makeasecret
manishforeignnerd
marine
martolexjwttoken
masd82348$asldfja
master_sword
math_jwt_secret_01
may-the-force-be-with-y0u-and-fuck-disney
mazhiwen
meYEtb3nBkH3pF6RnvmmZkVe71Cv4xI6nJVewHlIfslDPXiOzvF1h4TLI8dGJmUu
med-cab
meemmemory
meme
meow
mernBB-default-secret
mern_shop_courses_deploy
mf9a7vtGin1IoDqbzirtSsxdEJnMivWJ
miCodigoSecreto
miQ9FKGp0vObqfyIR7NFB4oqguhMCsXYGonUNatZrN30FuSD2eJHez2szWi2GCWS
miSecretJwtToken
miclavedetokens
miclavesupersecreta.
mihir
minhemlighet
minimalpm@secretl0ngtext
misecreto
mitokensecreto
mjUqSyAFfoiivGAxHbtA
mkFOcbEeBGBHLKiMxM6m
mkT23j#u!45
mnsdiueqsdhguesgkuywfuwgdfywtfuygfg
mockSecret
mocksecretjwt
modals
modeDeveloppement
mofath
mohamedtalaat
monbeaupotager
most_secret_key
mothors_stone
mr7baaaa
msCaseStudies
msadmlmclfkmkvlmv
mude isso em produção
mweifhbwehfewijkfwe
my Secret key!
my secret
my secret string
my top secret key
my$ecretK3y
my-256-bit-secret
my-32-character-ultra-secure-and-ultra-long-secret
my-application-efficiently-encrypted-and-protected
my-dummy-jwt-token
my-dummy-token
my-example-secret-jwt-token
my-first-jsonwebtoken-secret-is-made-on-14-09-2020
my-jwt-secret
my-name-debarshi-mondal-secret-token
my-name-is-shubham-and-i-am-bad-boy
my-node-supercut-secret
my-own-special-jwt-secret
my-own-very-deadly-secret
my-secret
my-secret-from-env-file-in-prod
my-secret-jwt-key-placeholder
my-secret-key
my-secret-key-for-jsonwebtoken
my-secret-key-which-should-be-changed-in-production-and-be-base64-encoded
my-secret-token
my-super-secret
my-super-ultra-long-secure-password
my-ultra-secret-and-ultra-long-code
my-ultra-secret-can't-won't-be-getted-because-@#$%&*(wer)
my-ultra-secure-and-miximise-long-secretly
my-ultra-secure-and-ultra-long-secret
my-ultra-super-secure-and-super-long-secret
my-very-best-jsonwebtoken-unique-key
my-very-unique-secure-secret-long-long
my-very-very-very-long-secret
my0ultra0secure0and0ultra0long0secret
myApiKeyClientSecret
myJWTSecret@789012345
myJWTsecretKeepThisSafe
myJwtSecret
myS33!!creeeT
mySecret
mySecretKey
mySecretStr
mySecretToken
mySecretjwt
mySuperSecureSecret
my\$ecreEtKeY@123
my_precious
my_secret
my_secret-key
my_secret_jwt
my_secret_key
my_secret_key_12345
my_special_secret
my_super_secret_key
my_super_secret_password
myadminsecretkey
mybizcorner
myideapool-session-secret
myjwt
myjwtscrete
myjwtsecret
myjwttokensecret
mylibauth
mylittlesecret
mynameisjeff
myrewolf-secret
mysJwtSecret
mysU1p3rsEcreTpasSworD
mysecreEtKeY@123
mysecret
mysecretisnothere
mysecretisnotheretoo
mysecretkey
mysecretpassword
mysecretsshhh
mysecrettoken
mysupers3cr3tsharedkey!
mysupersecret
mysupersecret_secretkey!123
mysupersecretpassword
mysupersecretpasswordencryptingthetoken
mysupperpasswort
myteste
myverysecretword
myverysecuresecret
n2127bOgmzao67RiW3umlVs16GL9fEj+JQRDaaN5E9G7yC/b
n2r5u8x/A%D*G-C*F-J@NcRf
n2r5u8x/A%D*G-KaPdSgVkYp3s6v9y$B&E(H+MbQeThWmZq4t7w!z%C*F-J@NcRf
n2r5u8x/A%D*G-KaPdSgVkYp3s6v9y&E(H+MbQeThWmZq4t7w!z%C*F-J@NcRf
n2r5ñ5x/A4D*G-KmPdSgVkYp226v9y$B&E(H+MbQeThWmZq4t7w!z%C*F=J@NcRf
n84duyqoe5inui67fap5op4ir203945u3m4ofnyiytpwrmo
nA8KR643k8wOlQp3kM0WBdFaoWHvZBvwOxV37VZXeRqPYnw1jMIFKA0txSF59AlN
nAcYmDpO3tk06M6dj8SSuQqkhW1M0jKKGtLjOQcsSLjlKLeDm1jHihcuP4wFdZA
nTEN9CPA3NAA
nTzg7**T$zzn$6Qu
nWSEuoWcbeKSN
namdepzai
nanana
nd838dun3w98ydb38ibd939y48brf834f394yuf84
need_a_better_secret
nest-generic
neura mocha
neverstoplearning
nevtopisthebrandnameofmilaanaamavenwhichmeansneverstop
ng8qLoie62Y1m3U0[http://www.inrice.com]
ngEurope rocks!
ngorut80ur0e09dkfj
niceSecret
nimSiOeejfjfCMO3qPJdxd52ktlSxn9owtRUVzHWKndDoDUINa47byRXAQilbaiE
njk23j42bh12221ddd
njsgjsnjkgjsjkgbsjk
njxkklkxskl
nksdmlkfmfsd
nlGSpemKKXCRpe33syUshUU8aJnr84NdxqXxFzi9JoQNUy1PIgVka10DRBuZZJ99
nmCiULQqc5tddb1ZqTqajpx1cQ0m6DwExUEZdha6c00YE9fxypk7VUEt6DbQ7Xg7
no-secret
noclue
node-core-app
node-start
node.js Andrew Mead´s Udemy course secret seed 123@#$%¨&*(~ç
noob-olympics-will-be-best-event
nooneshoutouchhere@#&*1
noonewilleverguess
nosecret
nososecret
not-so-secret
not_a_working_secret
not_secure
notasecret
notasecret!
notasecreta
note_dev
notsecure
nova scotia scova notia
npm-WARN-natours@1.0.0-No-descriptionnpm-WARN-natours@1.0.0-No-repository-field.-summary:-type:Stringqwertyuiopasdfghjkl;
nruR3@_123dri!aS
ntJJIqQ0rphzn9mMgMpM
null
nuo
nusaeduberkah!2020
nvadov;inavawevaio32rbabaeenernar
nwt6B8fj9YEgz7y5jcIDZSGyGcmGd7OA
o-allah!-i-seek-refuge-from-hell
oMnN2cIfCiY5AHVuwIsdPo95F0GUa7sd
oW1JQohesx9hKgm8
oauth
oaw15WMA1Wnh5u
obOoFDiAihNZE6kPtX6WQXOErPvuY3Oe
obTVtYBgPXqeFSW47S1WLOY5MFLJrdE5Ip7j8387qywfgtfGUIhAG8SaR89mCYm5xt2mCwIrF8BgQUtSa
oethjiothjpj
ogA9ppB$S!dy!hu3Rauvg!L96
oijsdfogij02349sdpok
oirgdjnc$@dfg
oj2130sdjk120asdim2u2
olsZNjx87lz9uX2Zr0ksX7D5rwuvPAjLIbIFAvSmYUBE9sLeFgQHL2OGi98SAqj8
omg wtf bbq bojap ftw awesome legit
omq208fn197gvvbf292
oqldBPU1yMXcrTwcha1a9PGi9RHlPVzQ
orion collab
oskarroSecretKey
oudelali
our biggest secret
oursecret
ousecret
oxbridgeAuthentication
oxygen
oygNsNl1i2FgpfReDI95jWZSAaxhXjElxhKHFAST0bRRJ1cjvV8ZS0syJMZXUaN5
p
p*x*R7T&Hs$p?h$J
p4sta.w1th-b0logn3s3-s@uce
p5PnUtQItNE5IvJRPtbEVvu8Y8VXa41GBO66SAaGLWxv4Gad7TCyYTv5z4IbUviH
p7fTW+gyYSZ[X2?6
pIbYPv4BmuhshGlXOA52tNtzX81HwG3hvPzKTP8OQ2ZF
pKqSvxNgogrkJtFynGLb2p2oCbUCDSQ72T6Eo6fpLksDQoBGraYE8vRrf4gA5UlR
pN9#hY1,vO0;tM4%dU0}aJ0(jL5,tW8$
pVumoNHbXFSI8FUBH1zqVtT8irfCI7rsO15jZsGEFfKncto8qYyV3VNIWLPa7r43
pagarme
pakiSTAN
pancakes
pandathumazaknhi8800
paraguiapoa
parkingManage123
passphrase big very huge man
password
password1
password123
penguins live in the desert to eat cactus
perro:loco2315_lo
pfe2020
phie6vaecheliekeeru8aiy4shuafiJ0
phper666
phudeptrai
phuu5eefiebawooFofieto5niezae2iu
pimpmasterguapo
pin-kod
pinkflyingmonkeysarefunny
pleaseChangeThisSecretForANewOne
pleaseuserandomuniquekey
plz set up secret.
pm8bQIvgA8qZgfaTACjI6aFe7GAZYcCw
podiumJSRocksJWT
pojiaj234oi234oij234oij4
polarbear
poronpompero
posqdi974lkdjsqo@@mlds86546789
pp
ppmzzrJ6L6AzjS8mM5mPzTUb
pqfofegjoafejnmka1i0l4u03v02idkblwhpor
prdxn
pricetagit_thekey
prime256v1
prod-jwt-secret
prodSecret
projectauthentication
projectsecret
ps_jwt_secret_key
psssst!
ptit
public
put_a_secret_here
put_your_secret_in_env_variable
putidemojwtseCrect013keyideO
pxYVpCBnZHd40bQAFEHp7OARSW8WJ1INjGV8cIVnWKyX0r9UEqrMxWuv1FuCnxAr
q.nF9L\v8gLT\M:KxYd$#f*m#3`gJ*uZ
q12w23er45tyu90oplu65edrt6789jh
q3YaZPNxZDkXvfhpJ7GzpZ69R7EEp4edTi21oSdiNmgr87uzELBhh0BptF3aQzEb
q3t6w9z$C&F)J@NcRfUjWnZr4u7x!A%D*G-KaPdSgVkYp2s5v8y/B?E(H+MbQeTh
qQFkIPJhAYFWYKMciqk1EExA4n/xq1lWvxek5CJ4BbmbkGzxdzjKfHIf4292B2rR
qUmfJ6IjWjxPtVSGeIIde6MNu5xjYODS
qeD`i3AHn'MbR)H[DS>'<7(YxNpX,8M`>]m6LA/s
qeuioajklsdzcmadsqew
qgqhqeghwgwebrwnwe
qhP34Alx3MGAgEteQ8VzXnk977wWvuOceNKZ6pS6
qpkalu0tyhB1o0dDsBNhFoD23JTR8dKvK03G1BzhRWvhMW1jC-9rVuMFxFExCbLUbTvhR9aRz-16zd0P0d545L6QSlrXx0SGoUdKMIrOQgHqL0Xe_1Srqkt5SnUU2c_85AX1otndRP2XTuYMVhTIrmupArIWBTCHIoa7YvPy6uF6gWzec1lIrSPq0L8Alt-yy9BUTehkX1il3goPRn0VbEbUnWtTli5OfVLwldHNFFc_9RmWbTT7RNEL_OAFeraKfTZ95XrSfXW-U50Embca1yBHzKYz9PG7Y1jBJ2Fm-WqkAdeCC93lUOsoNXsDOLSuQCiQfWpMZLOoUqMHXzL9dQ
qqq
qqqqwwwweeeerrrrttttyyyyuuuuiiiioooo
qrBp0KmaYaCOnh4MePxRugtDRqhwEcPVz2VftgHfyWvtlLEwzZhIIdUGlQ9649v5
qschhh
qsjdhfkqjsdfjklhqsdflkjqsIUYghj$
quinoa-shop
quora
qwaqwa
qwe1r3f
qweoi432f3in398c838ao
qweqweqw
qwerstdgwvdwqtdvqwvdhgvdshg
qwerty
qwertyuiohgfdsdfghj
qwertyuiop
qwertyuiopasdfghjklzxcvbnm123456
qwertyuiopasdfghjklzxcvbnm123456ss
qwertyuiopasdfghjklzxcvbnm12912
r5Iw6SbVlMBXHxyNtQk9WehmaO1CopEi
r69+T3ExQgCbWzHF8u+SJetNPGMBDe30
rahasia
rahasia-negara
random
random sign key (CHANGE IT!)
randomSecretJustToRunSomeTests
randomText
random_string
randomrandom
randomstring
randomstringgg
react_chat
really-secret-key-here
reallyreallyreallyreallyverysafe
recipe-journal
relax take it easy
replaceThisSecretWithStrongSentence
replacethis
rh0LiNdhTIovxRVDiMJWhoaemKpCQOfN28N+TXQR
ricoduukasecrets
rj321#241Aionas#@*%asnd*23N324$13kH3#4&
roger-takeshita-secret
ronin
roomtaskcontroller
root
rrroorerew
ruibarbosafcrb
rutnviprojectissoawesome
rweesdfgdfhhfgii31
s##47qy<U~sjY.xK
s%4^3paraSA5Ddox8A$D!#
s&S*HSL231fas89IHJK@HRBY*(S^&D)@U
s0m3th1ng
s1e2c3r4
s3cR3t
s3cr37
s3cr3t
s3cr3t!
s3cre7
s3cre7_P@s5w0Rd_2020
s3cret_c0de
s3tsecr3t1ny0ur3nv
sAlAiSuUs
sCkogq8JksfjrrU6yi8iy9DegGWE28mjkG60ZmfgXe4hp60sojVqZvsaTQyvZE3F
sW$q@re,q8w{eg!4+d-\>xE3k+}5#WHZznQXdzf8=Znnddffdj7E)ApKV_ypd9_n(W-S%hd>83;USkU+aFwe+`5~c\(KR?&PfsfsY~4t2VRBVu9r(p44z?_$j:yhS`Ms9(HjyYf/z9C[fcajn{n;<CXm{aF=S[U*:fXC@j[Tu~7z!~xm}Ua;2`Bs7DJRv#Eu*,dxF}%;P;7?\vx=D7qgyu-NLBKMnqQyaS!Z+g3?{NPUU_kHk<Jed;,f2RXV]]f+UC
sXaFs7niCONAL96zR6ZurdsetbUcIgjh
sa9fya7s8f6a7%@#$%@((^&%8a0s7f89as7f%@#$%@((^&%8a0s7f89as7f8sfas@#$%@#$
sa9fya7s8f6a78sfas@#$%@#$%@#$%@((^&%8a0s7f89as7f
safjhasgduyansdl7836diono344@wed
salt
saltJWT
samplesecret
sancorzep
sand5476124
saraismyprincess
save-dev-and-enter
saya-adalah-seorang-pelajar-dan-anaks
screel_labs_assessment_jwt_secret
sdbfjhsdjhfdf
sdfewkrm2342n4lkjnew
sdfghjki876543ewsdfgh
sdfreferfb545+bgmb45nrtbnbio4nbinnb4*bnbgrinb59ntnbrnb4
sdfsdfsd.3423423s-sdfsdfs-s@sdfsdfsdfsds23423
sdfwef8SOEIFJ(@*f(*SDJFdf0w9F)WE(F
sdjgveufwbdmnrbcinf
sdkfdlefefko
sdkjandlkasndsflksdnfldk
sdlfshdfk sdklf dsn
sdlkfjdfalfj
sdmes
sdvas32redgagafvd3241
sec!ReT423*&
sec_lux_123
secet
secret
secret cat
secret goes here
secret key
secret key for token
secret string
secret untuk jwt
secret used for the jwt token
secret value
secret!!!@MediChain
secret-but-not-so-secret
secret-dataplus-inventario
secret-for-jwt
secret-key
secret-not-provided
secret1
secret11
secret123
secret2
secretDefectSystem
secretJWT
secretJWTStringKey
secretKey
secretKeyHasAValueNow
secretMLKJDJD0837dJDUndmsJDIEDN65LSMS
secretMLKJDJDJDUHDSKQNLD7dJDUndmsJDIEDN65LSMS
secretSecret
secretToken
secret_2020-8-20
secret_JWT
secret_env
secret_for-json#web$token
secret_from_config
secret_here
secret_jwt
secret_jwt@env_var_must
secret_jwt_b1n_dev
secret_jwt_eyJzdWIiOiIxMjM0NTY3ODkwIiwibmFtZSI6AkivaG4
secret_jwt_string_key
secret_key
secret_phrase
secret_secret_super_secret
secret_server_key
secret_this_should_be_longer
secretcode
secretcode12345678
secretecommerce123
secreteducationapp
secretfish
secretforjwt123@
secretissecet
secretissecret
secretjwt
secretjwtkey
secretjwtpasswordfordevonly
secretkey
secretkeybuatgroupproject
secretkeyhere
secretl0l
secretlife2018
secretmagic
secreto
secretoFull
secretosuperseguro
secretpacman
secretpassword
secrets
secretsecret
secretsecrethushhush
secretstring
secretststststs
secretstuff
secrettoken
secretvalue
secretword
secure-your-dreams
securekey
securestringforjsonwebtoken...
sekret
sekrit
senhabadaras
sensitivecontentpleasedontreadthxbyeforemployee
session_secret
set this to something random
sg must be lunched today by the virtue of grace
shengxiang
shh
shh-its-a-secret
shhHhh...
shhh
shhh-secret
shhh...itsasecret
shhhh super secret code here bro
shhhhh
shhhhh,day la bi bat
shhhhhhared-secret
shhhhhhhhh_it_is_a_secret
shhhhhhhhh_test_secret
shipping
shootingauthentication
shynnhuydepzai1102
sieu_bi_mat
silly
sistemadeestructuracionsemantica
sit3n
sjjZlW4VXCtqgcOYxAXtaxu2QJLCzwQRw
sjknahdjsahdjhbs
sk_test_32uin...2nio
skip
sl_myJwtSecret
sldgkjsoiunvnei213214
sleepisgood
slick-rick
smartblind
smkccss
smsGateWayChilltalk.tld
snbdsbdhdsndsdsdhsh
sniffMeButYouNeverWill
so much to learn to set up a database
so secret that it hurts a b1t
some Secret
some basdasdasda asd asdada
some other secret as default
some secret code...
some secret string
some secret value
some stupid movie api
some unique secret string here
some-dev-secret
some-jwt-secret
some-secret
some-secret-key
some-secret-shit-goes-here
some-secret-string
some-strong-secret
someAwesomeScret
someJWTstring
someRandomSecretWord
someRandomString202
someRandomString64Bytes
someRandomStringWhichIsDefinitelyNotAASFIIITM
someSecret
someSecret@ideas.delivery
someSecretKey
someSecretThatShouldntbeExposed
someSecretValue
some_jwt_secret
some_secret
some_secret_here-123423341213
some_secret_jwt
someawesomesecret
somekey
somekindasecret
somelongstring
somepass
somerandomstring
somerandomstringthatiusedformyjwtsecret
somereallylongsecretkey
somesecret
somesecret@python.com
somesecretkeyforjsonwebtoken
somesecretstring
somesecretthingie
somesecrettoken
somesesesesesesesesese
somesuperkey
somesuperlongsecret
somesupersecretkey
somesupersecretsecret
something
something-here-dont-leak-it
somethingSecret
somethingconfidential
somethingdeeponsecretthings
somethingsecret
somethingsecrets
somethingsekret
someverylongrandomstring
sortear-uma
spaceman123
special-sauce
splitkeyactivity
spookySecretVeryVeryVerySecretive
ssD516axx!d*dadxxDDDew23fcx*asf16evo00!*-1dd##151
ssshhh_its_a_secret
sssshhhh
sssshhhhhhh!!
staart
stagingJWTSecret
standoutwithourleg
stepstonesecret
stringthatiwillchangelater
strong_random_bytes
su6v8jr3k8nb18jvwlrflg7rpx4quen4p5npuuli3fxvl6j5j83obb181q3hy7zx
su9iB2ntuqm7oFWp31LoWI4BWK11xcLlaOIgFqIj5vozjdgzwtSYmIWhEc6c1Vqe
supaa secret
super secret
super secret code goes here
super secret sauce
super secret string
super secret token
super-classified-top-secret-jwt-secret
super-secret
super-secret-jwt-hashkey
super-secret-key
super-secret-mock-demo
super-secret-secret
super-secret-string
superSecret
superSecretKey
superSecretKeyForJwt
superSecretLOL
superSecretTokenOfLedesma
superSecreta
super_seckret
super_secret
super_secret_code
super_secret_key
superhighlevelscretpasswordthatnonecancrack
supermegasecret
superscret
superscretsecret
supersecret
supersecret!!!
supersecret123
supersecretdevsecret
supersecretjwt
supersecretkey
supersecretkeyyoushouldnotcommittogithub
supersecretmon
supersecreto
supersecretpassword
supersecretsuper
superstream
supersupersecretkey
supertajneheslo
sususu
sw2y9zarxwl0Lw5a
swaaaggy$$$
swsh23hjddnns
t06JLfnn6zWNa6gMV4uetJMKOZ0At5cpq8wDdXRxPlwssq5NL6Mj6NMuzKlGX5vL
t1NP63m4wnBg6nyHYKfmc2TpCOGI4nss
t3st_s3cr3t
t50lfemczA4BoM8PeZ4p55jziRwjdBbpNjiwMskoChFasCqXTOIfSR7CY81l02MA
t7w!z%C*F)J@NcRfUjXn2r5u8x/A?D(G
tFB0fyWLSMf74lkEu9FTyoHXcazOWpbrAjTCCK48A
tH!51sA53cUr3p@55w0r6
tH!51sA53cUr3p@55w0r6S3(R37
taaj@123
tajnikljuc
tangocharlienovember@5789008542349
tanyakelompok2
tcOCVWi6j3w3qTiobHEX2ec0MstYzfuRM3T5iQfPBSME8PQSZTQ9bFtVxE7R147W
tcjwt
tdJçld50=1jhKKl
techgeeknext
tempjwtsecretfordevonly
tentecerveja
terserahAjaDeh
terserahajadeh
test
test jwt secret
test-jwt-secret
test-key-fa80e418-ff49-445c-a29b-92c04a181207-7aaec57c-2dc9-4d31-8f5c-7225fe79516a
test-secret
test-secret-1234
test123
test123123123123123123123123123123123
test123test
test@123
testApp
testSecret
test_jwt_secret
test_secret
test_task
test_token_secret
testasdf
testejwtsecret
testing
testing-access-token-secret
testing-jwt
testingJWTSecret
testing_secret
testjwtsecret
testkey
testnilesh
testpass
testpassphrase
testsecret
testsecretkey
testtokenforsecurity
testunnotechjwttoken
th1s1s0n3l0ngf*ck1ns3cr3ty07sh07ldn0tr3v3al
that1is2the3mo4st1sec2ret5and7rel38ia67ble7352939m2ksl38f673nj
the secret
the secret message is stay safe
the-very-secret-secret
theJWTSecret
the_very_secure_and_long_secret_for_jwt
thermal85
thesecret
thesocialnetwork
thfZi5gwXDxFRnVliYEiPisJxFoz33VhG7FdAkbIXtGbXOvSmkBdzTPDpmTqzxvQ
this is a JWTSECRET!!
this is for development
this is jwt secret
this is my secret
this is my secret ...shhh
this is my test of a secret. It can be anything
this is our secret
this is secret!
this is the extremely secret secret
this is the secret secret secret 12356
this-is-a-brobdinagian-ultra-secure-and-ultra-long-secret-for-pearlsworth
this-is-a-secure-key-which-should-be-32-char-long
this-is-a-very-long-string-to-make-sure-it-is-32-characters-long
this-is-a-very-super-powerful-secret-password
this-is-an-example-of-a-very-long-secret-password
this-is-greatest-secure-and-greatest-long-secret
this-is-my-jwt-secret-key-fellas
this-is-the-collaborative-project-between-sarthak-and-anand
this-is-the-hardest-key-to-crack
this-is-the-secret
this-secret-must-be-32-character
this-secret-strength-is-over-nine-thousand
thisCanBeAnyStringYouWant
thisIsASecret
thisIsMySecretKeyForJWT*@.[123
thisIsNotSecretKey
thisIsTheJwtSecretPassword
thisIsTheSecretOfTheToken
this_is_a_jwt_secret_key_no_one_will_ever_know_this_key
this_is_a_secret_phrase
this_is_not_secure_generate_a_password
this_is_secret
this_is_the_top_most_secret_i_wish to have_for_my_app_lets_do_thisss
this_is_your_other_secret
this_is_your_secret
thiscanbeanyrandomstringlike/fsbksafjkabksjdbfjkbfkjbsdkfbkjasdf
thiscannotbeempty123456
thishastobesecret13213
thisisInventoryMSAppp
thisisakeytoalltheprivatedata
thisisasamplesecret
thisisasecret
thisisasecret123
thisisasecretformyapp
thisisasecretformyapptl7stizi
thisisasecretkey
thisisatestsecret
thisisaverylongstring
thisisit
thisisjust1tokentovalidateuserfor3600seconds
thisisjwtsecret
thisislonglongsecret
thisismynewcourse
thisismysecret
thisismysecretkey
thisisnotsuchabigsecret
thisissecret
thisissecrete
thisissomesecretornot
thisisthedevsecretforbarappb3njam1n
thisisthejwtsecret
thisisthesecretforjwt
thisisthesecretkey
ticky-yayis
ticky_yayis
timRichard$
time-to-write-history-building-item7-webapp
tj61s5saqa=-1as
tj670==5H
tj67O==5H
tj760==5H*
tmnt.js
tmntjs
tmtcbogoss
todo
todo-app-super-shared-secret
todolist-secret-key
token
tokenSecret
tokenizerandlexer
tokensecret
tonyjwtsecret
top-secret
top-secret-phrase
topSecret52
top_secret
topsecret
totallysecretsecret
totodantiti
tpKu3aPKUPCnTVSX8Y3RKKy8uQtlWOScaP8GHYb9NxZjDRPWNF62ti6EfEEImZs3
trMGy3Zg4khujkqxBUNqhBJDKEZFvJnuJV3egQD3Wt4EMYRuaxrm3AprExnaVb77
trabajando.jwt.secret
treeshop123
tribes
trololo
truongdeptrai
trybeer05
tttzzziiii
tuHlDtSr7DO4JxxmjfuddNHOdgZLhgVC
tuan
tyf459%#-):=ghb
tyk123
tzcRhOWA8dmX0cDy9kJ1mvIsNH43DlwBITSm0Rt1L69yjO9yAcLe8AMYG9DsikJT
tzsecretswhatsup
u6blWyeO2XHMHzVHQBtWhRsH6hfVOcFlvQGih8SW953n5hjzvr5MDJ6DS92S8qJQ
uKZXvV9R5qQfpgQLcrXYlEyYbqv3zjpIotwx
uaa_jwt_secret
udIsbcYaKs1G4n6AdiMSIvPx5KpxQAy8FA2aIcD46iCipNAZvds4jeXFLZKhVvSJZvhYb5Pvgvmtonk7UFfhGnYcd3DXM7KzHG7gBmGO8PCsOZ4t7icqZoJbpdDqYWMmd9XnrVXtJhR6HVFBmEmbk9AmFJ1Gz9ipYPGYLoFcavPs9iZ63KPXgdt4aBdWQcmICkGPYiY8CQOvqOoiU7hUhKDTkJgRRTSaax6UQDOveTQvQnd5uyXuV4os0tlahzRX
uelU5HBsW40oBzNi3984xjzd0aOYMRFn
uf7e^Wai8efj32-&&620O10fm-32jfdj
uf7e^WaiUGFSA7fd8&^dadh
uhshfsdshkfhksdfhsafhlslksdkhfsdllfhsdhfhsjkdfhksfhdsfhkdshjfsdjkfeuehufheikufbhjksdhjdbhksdhudqwszs
uiashA&*^$%#((&@!(SDAduaihdl@*(&^&#*QPOJaASD(*)((&@{}ijaDAAosuhfiusfh
ultimate
ultra-secretul-si-ultra-lungul-meu-secret
ultra-secure-safe-long-secret
ummm it's a secret
unauthorized
undefined
uniflow
uniuniuniuni
unsafe_jwt_secret
unsecreto11GAGparaJWT
unsecure_fallback
unsecure_password
urethndvkngkjdbgkdkdnbdmbmdbdf
uriuailsdfhusfd97983
url-shorter-jwt-secret-key
use-env-secret
use-this-or-gen-new-secret
userOverriden
uwbbduygweydvehdweyfeyfgd78dwudhwevdywev
uwhduiedhwuehdhwehduih
v38ne!05o@,.|
v3Hjr2WlAEjXuATVkKoR6fxsqeEtA5MGzBIw7fTaEBP3dEdVEvtYuBJVV2ijy2i8
v3RySecR3ct0k@y?
v3ry_important_s3cr3t
vFue6wic6qNk0jaSFjOKwYnZ6Qfq9SGF
vJAbs8WIlzZ1XqlHIyBkbcNd5rSTm1zdEq42WMBk2oB5DK9i65CkBVJ7Xtp31mBe
vWe3gYDEThzLK2ROAJSZPm7kmsDi88c20noscs8AqyuEc4t9UNLqXYS16OmYy0O
vWsBwvuJ4phW89bh
valuecoders
valueedsdkmfnlkdflkn
vegasecret
vemdezapbebe
veronica
very insecure secret
very secret secret
very-secret-value
very-secure-and-unbreakable-secret
verySecret
veryVerySecretKey
very_important_secret
very_secret
very_secret_key
verysecret
verysecretive
verysecretkey
vfNpGbkC4hcVDvQoB4ODlRYWKwNbiV9q1LxXK3QMOyjWNfbHnx5FIfdVmesxGyZqvFnaKU5vzVe4Jx6cp9nr9kh5B5tTMbSaArpthKe5Yk6PBPfSGMpH6YHnihOuhutt
victory
vietlott@2020
vietlott@789
virtus pro
vkiller
votre-phrase-secrete
votre_code_secret
vq*3>]RPy[>xHG%LfWDe2PXW?^\\p3~dnc^pQ7$!8MnyQ7hUzZ
vrZtOEfYGhMcc68b329da9893e34099c7d8ad5cb9c940
w22H2asuFa95sdoXx8DJRIlcOJzPWXpa
w9sXfDAnywi7WBHsSmqNwXish4JShKfm
w9zxXN7XLPq2DMftAaOcD71tj9kHMWB9
wYbUgUPYWxHd9y
wYbUgUPYWxHd9y5rtd
walker
washington
wave
wbyjy456g@5h$5bv34ev34!
we should keep this a secretmaybe
wearemeanpeople
weatherapp
web_app
webstore-ZAQ!2wsx
wefhwqiugh3fuihrewofiwqerhgtq
wefohwrejl3425
welcomehomemrfrog1944
welcomeinno$10000
welcometoironman
well-known-value
wewhatsgram jwt
whatever your secret for your jwt is
whatever99
whatinthewld
where-the-challenge-begins-ultra-secure-secret
wilson-moraes
wiqo3i4i39j9[fsjdfsdif343911
wjjEQRQvCYX5e3ClaPTy8jaYapwWacJiAHnyRNXoHlge7iWjLSo7PDqitV9FnYsS
woBtyUyPhI0iNiCDJsp4Dei-jB6Ep0nORWwTYqpCAQO_Jad9P9SbDr8SdRkz7zZGgDPtW5WLN-Lfng3kNTE0_K7zFaShY9WFK4A4fePLgCiQiC_1T7QvyG2FIOEndRyjx0pI9B9pCY1hfn7A97XrtM30xtLhu97ub0xVLuW4gR0
wonderfulevergreensecret
woo
woqkfmiwmUAzw5hr3d8q9TjQeHq747nKyWMEJ
working_on_weekends_fucking_suuuuuuuuuuuuucks
wow so secret
wow_this_is_some_secure_password
woyebuzhidaoxiediansha
wqBhr5pH1EMkx6SQJgN1CKQFdTC9DyGR
write_something
wutangclan
x51boct1235455aazgq31
xCA01pBA8bf4IxvL
xF7vW4qJ6xG0lE9hK4xS8lY7tZ8tM0dV
xGPbhZH0TM1NakjgWjGtwFqocBUNlrsi
xStmbyc066BOFn40gIr29y09Ud94z1P7
xW43DEhmDdGZl4oW6ezFNI5QBFGrhG9X
xablau
xbsabdRs
xkMBdsE+P6242Z2dPV3RD91BPbLIko7t
xkfo02fySirnyk&aj4iZkjeo
xmoMtn5YelPZsYAnQRKBNxUOiIwhR3Sf
xoiafiho2y89pq4t2p8hawgiuwafeiur8923
xswords
xswordsUserServerSecret
xtech20200919
xtytzt00700tytx
xxx
xxxx
xxxxx
xxxxxx
xxxxxxx
xxxxxxxx
xxxxxxxxxxxxxx
xxxxxxxxxxxxxxx
xxxxxxxxxxxxxxxxxxxxxx
xyz123
xz?_fd-BE\#:K/+Fb[b7DQ'gPhWW^fU!7Hk$G7+7eX$EWK_N-r
xz?_fd-BE\\#:K/+Fb[b7DQ'gPhWW^fU!7Hk$G7+7eX$EWK_N-r
y0urS3cr31l<ey
y4bqQ3ehGtb9sWtNyObSi9wxrreff4VH
y5oEr+Hcmnjjf1soU4vOfw==
yDzK7Cp1RhrL7AwiparOmDbcd9jtH3cLGJypRUUrwagibVc42kmBe6rFiBmZzOJ5
yGQ2d6XjlHRVey65kaEjc1CXfHtz_lAeyh4VZKcrYCs
yNiQ52vfHDYJAbV3r0jEI3tGLKe4FV4U4Mffk2DOJKMHxKDAVSTreA9PIkUL6Vs2
yRQAd0g2D1%IUf1TDpY!OBsrqMahG88V
yTrKaIFvo@dWD=u-0KoM>5fj |bx(o[$x412>YVXd}cJv+6+}Hdac[r;:TTd&6a^
yarimasune
yassine
yeWAgVDfb$!MFn@MCJVN7uqkznHbDLR#
yeiyeiyeiyeiyeiyeiyeiyeiyeiyeiyei
yetgTXUzFG3sLviN
yippy
yiw1z2XJKQ7VHI...
yolopass
yor secret key
you secret string
you wish!
youhavetochoseone
youllneverguessthishahaha
your JWT secret.
your client secret
your json token secret
your jwt secret
your personal secret goes here
your secret API key
your secret key to SIGN token
your signature secret
your super secret key
your-256-bit-secret
your-hidden-secret
your-jwt-secret
your-secret
your-secret-code
your-secret-jwt-key
your-secret-key
your-secret-whatever
your-super-secret-string
your-top-secret-key
yourSuperSecretPassword
your_client_secret
your_jwt_secret
your_jwt_secret_key
your_jwt_secret_word
your_secret
your_secret_here
your_secret_jwt_key
your_secret_key
your_secret_keys
your_secret_string
your_secret_token_or_key
your_secret_value_dont_share_this
your_super_secret_secret
youraccesstokensecret
yourappkey
yourjwtsecret
yoursecret
yoursecrethere
yoursecretkey
yt_target_okr
yuanchangjian199305221
yxcvbnmnbvcxyxcvbnm
yyyy
yyyyyy
z43t78z4f3g87tz4387tz
z6dl6gOuGtZj26ipPx5mgbHABkmCKNrqBwZON555Rx96UR7jDl7iuO5ONZoldMj5
z70H2htNWxLMqi9oBD3f0ij9AzeeaSGy
zEYi10LSgle2w0me3tIAl3UKjLh8j2nLoe9j0pGIlLW1izsRz6CA8r38Twi6u6IO
zK7fUOck9oz9hjXtRhfMuXj1H642gLp9
zM/@'!u!Rzv,,bRex(?;_];e;Brg)6=;a}f8+6_RC'.XA[>J/;
zTP4jTKHWtWWDrgiOIs7gBBIWU03PITi
zX4qU6uV3jY5tT9oO8lD4gP2eC5bM9sV
zaq!@wsxCDE#
zarkansas1298
zawarudo
zenvarocks node .
zenvarocks nodemon .
zfgm7r19arm0f5a3j839
zwc1R0lRU327XJnqBGzcIv3aBr4Mrvcb
zx8qaNifAmuR2lHe4N0G716ywEw9IF7V
zxcvz
zxsde====zaaa
{bcrypt}$2a$10$vCXMWCn7fDZWOcLnIEhmK.74dvK1Eh8ae2WrWlhr2ETPLoxQctN4.
{cas-cipher}eyJhbGciOiJIUzUxMiIs...
{noop}secret
{very secret key}
{xor}LDo8LTor
{{ oidc_playground_jwt_secret }}
}x"aEZkk24cbXc$&/Q7cD6KtR]]^?4
ñsda%%··$$·%jdjasrg80(/(&9432$·&·6
Тайна
密钥
go-admin
9AU8YmXVa4P8ukcXbglh9vZxiMMo4wGA6mduqqRW
06583af2-03ff-47fa-aa43-5f54e2d7b04a
`&L94*B:3,uYe3FEzHFq
another_secret
7c10615c946ddf4de8dd2fbf6469aeb8eb4c48c6
aen7ieCahc9eC9aequ7eib4ogei4Afei
papibaquigrafo
D6VLjHFBXJtfvAnyFihaCXYzSJvmqzqZoO3OxWmVmqOauKxGKc3vkaIPoAYChX8r
AkZmLGvZI9gMYc6GHAjL8Jv2SWuDt#dvL&6@ZyzS&cjex%sdiM
qrD6h8K6S9503Q06Y6Rfk21TErImPYqa
c0rlhqelhas8m2agg8ttg10lqk2e7smn
poobarbee
PKOukFHr1oEsK9XbgJ5aVoB3YN8Fq5fP
6067dba9-1234-1234-1234-92208c77ce77
ECCJZNJWLPEA3YB6Y2LTQGQD3GJZ3F93
639259d4-9dd8-4b25-bf01-95f9567eaf4b
LS4ApnJHvw1oXcS1Aqa3HQUa5aEFBKpf8eRbuBlOjTQD03WxHLzMxsXuVquMMO0
66ztrd875ZT6755%TEWHt3%kjG;%8753Fhje%%)0khestshq4823528%(/8(82rtzeiwstsAKRHAEJ%4
lAnJWK[lFyj/zJb]oyvpUdrXZQYYaroZnL=`_UDUeM?7xkpH1@l5`e:s]_tP>qgY
365b0ef82c42562a443cd8a9fcd9efa499f69669
qsfdgvrzezvzsdv
q6s5dg168r1gf61
shhhhhhared-secret
ddsae316542tggu45532rgd
ZDIyOGQ0YjM0YTJhNjlhZDhjNzNjMzBjNWEwMjU4NmFmMThhOTUyNGRhNDk5NTBiZjhkZmQ0NTU2Y2ZjMDI1Yw==
kkkkk
sNzk2YJxJLvqvcZsCaEqwY8zZvbusd6q
IjdBdlgcuN>k<brlo=7:h0g9SAVbyOhKTWu7sD9BgOaczgA<P2_JXYweA9^9D/F7
TEST-ACCESS-TOKEN-AUTO
$onia%12d121212
django-insecure-d)24gp3-)(x*&i1lygpoux*hf%bi3-8)t96s=^rb$63&m)+8z5
ILiekTrianglesALot
BYyVnAt56JpLwUcyo47XODd
jDGWbgiUDHGIWOGE&G8DUGVHUI
thisisproductmanagementproject
foobarsuper
snakelionbird
nlwcopa
futboloes
s32das__123sxs123dk_2112
são3hdaManhãeEuAqui
dsgytf435hdfas
fedaf7d8863b48e197b9287d492b708e
it'smern_stack
minhasenhasecreta
meong
JWT_SECRETJWT_SECRETJWT_SECRETJWT_SECRETJWT_SECRETJWT_SECRETJWT_SECRET
BREUEnpzw9Jh79
chave-do-jwt
3bd561c37d214b4496d09049fadc542c
bingooom
WT2epQY9p_7HmGVLyRTw5g
django-insecure-6otb-(jot$aip%#xfose!o4+=x^ds28!twb=n78f%f3$zu@ira
SECRET--50
this_is_a_dev_secret
PanIndex
cGxlLmNvbS9pc19yb290Ijp0cnVlfQ
dBjftJeZ4CVP-mB92K27uhbUJU1p1r_wW1gFWFOEjXk
mySuperSecretKey
django-insecure-p0mch+0r19z9j_0(=_(%=yvwgxphi(4h06jnbjs1!h5i%dx@tr
jwt-default-value-to-be-changed-in-production
afn;asg@#$%^&*()segv#$%^&*ungs
104f205379c2ff5cdfa3a61a1b5a860193072bbeebf6f90356595a81d6b752a2
Darshitisagoodboy
DefaultValue
tobemodified
Ta!lwindTraderssssssss
yeb-secret
ENC(QTKjempCn+a9nX+/g7yPL4cjydlx3H++BoqZvdD8hnQbs2A7jwmhG48/6S179LF5XSxEkLNakdwsXbcJtg5/Uw==)
38792F423F4528472B4B6250655368566D597133743677397A24432646294A40\n
django-insecure-x9-crhobalg4ql+x#s-vyg^ern71r4#j=3kvnjb#-qlv_2x!m3
SPARTA
c038ff58e478b53d634c1290602186e23e85cd0076f7c470c25d056cb055c7f4f9f467024dcfc7d0c32d1014dec7fda920ac0b94cb7bb1a5801ab87f8a2c4fb6
rest_api_key_2020rest_api_key_2020rest_api_key_2020
a9f198b2-efb4-40c7-91af-ab426481345d
3f306b76e92c8a8fbae88a3ef1c0f9b0a81fe3a953fa9320d5d0281b059887c3
goK!pusp6ThEdURUtRenOwUhAsWUCLheBazl!uJLPlS8EbreWLdrupIwabRAsiBu
jku_vulnerability
fantasticjwt
4282dde8cb54c0c68082ada1b1d9ce048195cd3090e07d1ed3e1871b462a8b75fee46467b96f33dea6511862f1ea4867aed76243dfe7e1efb89638d3da6570d1
foo1234He$$llo56
superSecretString
jwt_internal_secret
jwt_external_secret
jwt_scoped_secret
3sp00ky5me
\2\1thisismyscretkey\1\2\e\y\y\h
shared-secret
test-jwtsecret
test-guest-secret-change-me
test-secret-change-me
Sn1f
PRIVATE_KEY
omri
2nJS=TpH/qBfB=NI6:H/jt3@5B3IBhzD4OjWi=tCH50Bjy2=JCXO^]XeZUW47Gv4
BigBigBigSecret
Izanami-Client-Secret
Izanami-Secret
admin-api-apikey-secret
apikey-client-secret
clientSecret
dummy-secretKey-key
izanamiSecret
izanamiSecretabitmorelongbecauseitdoesntworkwithshorttoken
myApiKeyClientSecret
xxxxxxx
9AU8YmXVa4P8ukcXbglh9vZxiMMo4wGA6mduqqRW
06583af2-03ff-47fa-aa43-5f54e2d7b04a
`&L94*B:3,uYe3FEzHFq
another_secret
7c10615c946ddf4de8dd2fbf6469aeb8eb4c48c6
aen7ieCahc9eC9aequ7eib4ogei4Afei
papibaquigrafo
D6VLjHFBXJtfvAnyFihaCXYzSJvmqzqZoO3OxWmVmqOauKxGKc3vkaIPoAYChX8r
AkZmLGvZI9gMYc6GHAjL8Jv2SWuDt#dvL&6@ZyzS&cjex%sdiM
qrD6h8K6S9503Q06Y6Rfk21TErImPYqa
c0rlhqelhas8m2agg8ttg10lqk2e7smn
poobarbee
PKOukFHr1oEsK9XbgJ5aVoB3YN8Fq5fP
6067dba9-1234-1234-1234-92208c77ce77
639259d4-9dd8-4b25-bf01-95f9567eaf4b
LS4ApnJHvw1oXcS1Aqa3HQUa5aEFBKpf8eRbuBlOjTQD03WxHLzMxsXuVquMMO0
66ztrd875ZT6755%TEWHt3%kjG;%8753Fhje%%)0khestshq4823528%(/8(82rtzeiwstsAKRHAEJ%4
lAnJWK[lFyj/zJb]oyvpUdrXZQYYaroZnL=`_UDUeM?7xkpH1@l5`e:s]_tP>qgY
365b0ef82c42562a443cd8a9fcd9efa499f69669
qsfdgvrzezvzsdv
q6s5dg168r1gf61
ddsae316542tggu45532rgd
ZDIyOGQ0YjM0YTJhNjlhZDhjNzNjMzBjNWEwMjU4NmFmMThhOTUyNGRhNDk5NTBiZjhkZmQ0NTU2Y2ZjMDI1Yw==
kkkkk
sNzk2YJxJLvqvcZsCaEqwY8zZvbusd6q
IjdBdlgcuN>k<brlo=7:h0g9SAVbyOhKTWu7sD9BgOaczgA<P2_JXYweA9^9D/F7
TEST-ACCESS-TOKEN-AUTO
$onia%12d121212
django-insecure-d)24gp3-)(x*&i1lygpoux*hf%bi3-8)t96s=^rb$63&m)+8z5
ILiekTrianglesALot
BYyVnAt56JpLwUcyo47XODd
jDGWbgiUDHGIWOGE&G8DUGVHUI
thisisproductmanagementproject
foobarsuper
snakelionbird
nlwcopa
futboloes
s32das__123sxs123dk_2112
são3hdaManhãeEuAqui
dsgytf435hdfas
fedaf7d8863b48e197b9287d492b708e
it'smern_stack
minhasenhasecreta
meong
JWT_SECRETJWT_SECRETJWT_SECRETJWT_SECRETJWT_SECRETJWT_SECRETJWT_SECRET
BREUEnpzw9Jh79
chave-do-jwt
3bd561c37d214b4496d09049fadc542c
bingooom
WT2epQY9p_7HmGVLyRTw5g
django-insecure-6otb-(jot$aip%#xfose!o4+=x^ds28!twb=n78f%f3$zu@ira
SECRET--50
this_is_a_dev_secret
PanIndex
cGxlLmNvbS9pc19yb290Ijp0cnVlfQ
dBjftJeZ4CVP-mB92K27uhbUJU1p1r_wW1gFWFOEjXk
mySuperSecretKey
django-insecure-p0mch+0r19z9j_0(=_(%=yvwgxphi(4h06jnbjs1!h5i%dx@tr
jwt-default-value-to-be-changed-in-production
afn;asg@#$%^&*()segv#$%^&*ungs
104f205379c2ff5cdfa3a61a1b5a860193072bbeebf6f90356595a81d6b752a2
Darshitisagoodboy
DefaultValue
tobemodified
Ta!lwindTraderssssssss
yeb-secret
ENC(QTKjempCn+a9nX+/g7yPL4cjydlx3H++BoqZvdD8hnQbs2A7jwmhG48/6S179LF5XSxEkLNakdwsXbcJtg5/Uw==)
38792F423F4528472B4B6250655368566D597133743677397A24432646294A40\n
django-insecure-x9-crhobalg4ql+x#s-vyg^ern71r4#j=3kvnjb#-qlv_2x!m3
SPARTA
c038ff58e478b53d634c1290602186e23e85cd0076f7c470c25d056cb055c7f4f9f467024dcfc7d0c32d1014dec7fda920ac0b94cb7bb1a5801ab87f8a2c4fb6
rest_api_key_2020rest_api_key_2020rest_api_key_2020
a9f198b2-efb4-40c7-91af-ab426481345d
3f306b76e92c8a8fbae88a3ef1c0f9b0a81fe3a953fa9320d5d0281b059887c3
goK!pusp6ThEdURUtRenOwUhAsWUCLheBazl!uJLPlS8EbreWLdrupIwabRAsiBu
jku_vulnerability
fantasticjwt
4282dde8cb54c0c68082ada1b1d9ce048195cd3090e07d1ed3e1871b462a8b75fee46467b96f33dea6511862f1ea4867aed76243dfe7e1efb89638d3da6570d1
foo1234He$$llo56
superSecretString
jwt_internal_secret
jwt_external_secret
jwt_scoped_secret
3sp00ky5me
\2\1thisismyscretkey\1\2\e\y\y\h
test-jwtsecret
test-guest-secret-change-me
test-secret-change-me
Sn1f
PRIVATE_KEY
omri
SecretKey012345678901234567890123456789012345678901234567890123456789
eyJ0eXAiOiJKV1Q...
eyJ0eXAiOiJKV1QiLCJhbGciOiJIUzI1NiJ9
eyJ0eXAiOiJKV1QiLCJhbGciOiJIUzI1NiJ9.eyJzdWIiOiIxMjM0NTY3ODkwIiwibmFtZSI6IkpvaG4gRG9lIiwiYWRtaW4iOnRydWUsImp0aSI6IjJlOWZhMTZjLTIxNmQtNGE2Mi05NTJkLWYzMWIxZGQ1OTEwOCIsImlhdCI6MTUyOTMyOTgzMywiZXhwIjoxNTI5MzMzNDMzfQ.virlZo3UkmOKWcqjzNBXrBenAZZTHQyDbJfvQFSTovk
eyJ1aWQiOiJEU1NGQVdEV0FEQVMuLi4iLCJzdWIiOiJ7aWQ6MTAwLG5hbWU6eGlhb2hvbmd9IiwidXNlcl9uYW1lIjoiYWRtaW4iLCJuaWNrX25hbWUiOiJEQVNEQTEyMSIsImV4cCI6MTUxNzgzNTEwOSwiaWF0IjoxNTE3ODM1MDQ5LCJqdGkiOiJqd3QifQ
eyJ.eyJp.dB
eyJhbGciOiJIUz...
eyJhbGciOiJIUzI1NiIsInR5cCI6IkpXVCJ9.eyJpc3MiOiJodHRwOi8vZG5lc2xvdi5vcmciLCJzdWIiOiJtYWlsdG86bWFqaW9hQHpuYW1lbmljYS5vcmciLCJuYmYiOjE1MTM3NjAyMzcsImV4cCI6MTU0NTI5NjIzNywiaWF0IjoxNTEzNzYwMjM3LCJqdGkiOiJkbmVzbG92IiwidHlwIjoiaHR0cDovL2RuZXNsb3Yub3JnIn0.xO6nt3w1JbktyeFl_UB3d55l2ZiFFEcq3EYMwnED2u0
eyJhbGciOiJIUzI1NiIsInR5cCI6IkpXVCJ9.eyJsb2dnZWRJbkFzIjoiYWRtaW4iLCJpYXQiOjE0MjI3Nzk2Mzh9.gzSraSYS8EXBxLN_oWnFSRgCzcmJmMjLiuyu5CSpyHI
eyJhbGciOiJIUzI1NiIsInR5cCI6IkpXVCJ9.eyJzdWIiOiIxMjM0NTY3ODkwIiwibmFtZSI6IndhbGlkIiwiaWF0IjoxNTE2MjM5MDIyfQ.j1VE5hBFsznHMN6CgGOqVhe1RVYnaKWuaU6MwxcZMuk
eyJhbGciOiJIUzI1NiIsInR5cCI6IkpXVCJ9.eyJzdWIiOiIyMDIwLTA5LTA5IiwibmFtZSI6ImhvZ2FuIiwiYWRtaW4iOnRydWV9.7_r92Lxw_XdJi1oLn-iryStant17XOzAB7fghY6ZRSE
eyJhbGciOiJIUzI1NiIsInR5cCI6IkpXVCJ9.eyJzdWIiOiJwb28iLCJuYW1lIjoiSm9lIENvb2wiLCJpYXQiOjE1MTYyMzkwMjJ9.4tRh3eVlYVN5rc1b4LwujSTBhtb3Dkx4Hkbk5iE79vY
eyJhbGciOiJub25lIiwidHlwIjoiSldUIn0
!QAZ2wsx
1qazXSW@
Aa123456.
P@ssw0rd
Admin123
Admin@123
Pa$$w0rd
q1w2Q!W@
P@$$w0rd
P@ssword123
Password01!
123qazWSX!
XXM@5201314.
1qaz!QAZ
Ad@sd119
Qaz123wsx!@#
123!@#abcABC
!@#qweASD0
1qaz@WSX3edc
!QAZxsw2#EDC
!@WSXzaq123
ZAQ12wsx
!Qaz2wsx3edc
!QAZxsw2
1qaz@WSX
123qwe!@#QWE
Abc112233.
Asdf@1234
P@ssw0rd12
P@ssword12
1234.abcABC
Qwer@1234
1231qaz@WSX
1qaz2WSX
1qaz@WSX123
1qaz@WSX2022
1qaz@WSX2021
!qaz2WSX
ZAQ!2wsx
ZAQ!xsw2
AdMin123.
AdMin123@
AdMin123!
Tmd123456!@#
Qwer!@#1234
123@Abc
1234@Abcd
1234@Asdf
1q@w3E4E
This is my secret
certRSA
This is a very secured secret!!!!
client_secret
client_secret_basic
client_secret_post
django_secret
private_key_jwt
!null
!=null
nil
None
0
1
invalid-secretabc-secret
The client secret key
Original secret string
a secret string
mystery
hdhd0244k9j7ao03
code-secret
shhhhhh
priv
./compute_secret
compute_secret
foo
enc
secret word
HmacSHA256
too many secrets
SuperSecret$!
getSecretKey()
HS256
My$ecretK3y
9d61b19deffd5a60ba844af492ec2cc44449c5697b326919703bac031cae7f60
4ccd089b28ff96da9db6c346ec114e0f5b8a319f35aba624da8cf6ed4fb8a6fb
alice and bob's secret
symmetric key
this is 16 bytes
keep it secret! Keep it safe!
otherSecret
foo-de-fafa
Secret key. You can use `mix guardian.gen.secret` to get one
ThisIsTheSecret
itsa16bytesecret
terces
banana
secret_key_here
whats up yall
mysupersecretkey
your-own-jwt-secret
super_fancy_secret
HS$hashBits
first
Super Secret Key
So Secret!
kkey
test key
YoUR sUpEr S3krEt 1337 HMAC kEy HeRE
unsafe_secret
my-very-secret
supersafe
my_very_long_and_safe_secret_key
MySuperSecretEncryptionKey
secret|$ecRet
$ecRet
SecretKey
$ecretKey
MIGTAgEAMBMGByqGSM49AgEGCCqGSM49AwEHBHkwdwIBAQQgofYVrV6I5TvcM1Gc\n
MIGTAgEAMBMGByqGSM49AgEGCCqGSM49AwEHBHkwdwIBAQQgofYVrV6I5TvcM1Gc
?`wdc6<s]M=Z4VG][lSu1d48pxr;`FvQOl4H^XfvAJX5G<9W`jmSi/?XaFvT9hGb
So Secret! 🔥🌵
[KEY USED TO SIGN/VERIFY JWT TOKENS, ALWAYS REPLACE THIS VALUE]
s4IIq9lQm2SKBlJoHAWzkRGSNaPCLZw2Ed927XEcBMrvqyU0wpPgTttj2HAvYb9S
jwtSecretKey
admin
111111
qwertyui
qwer1234
q1w2e3r4
asdfghjk
87654321
789456123
7758521
741852963
654321
31415926
3.141592654
1qazxsw2
1q2w3e4r
147258369
12qwaszx
1234qwer
12121212
11111111
1.9841E+11
zhang123
woaiwojia
woaini521
woaini520
woaini1314
woaini123
wangchao
superman
sunshine
qwert123
qweasdzxc
qwe123456
qw123456
qq5201314
qq123456
qq123123
qazwsxedc
qazwsx123
qazwsx
q1w2e3r4t5
passw0rd
nsfocus
iloveyou
huawei
huangwei
asdfghjkl
asdf1234
asd123456
as123456
admin123
abc123456
abc12345
aaaaaaaa
aa123456
a5201314
a1b2c3d4
a123456789
a12345678
a1234567
99999999
963852741
88888888
66666666
666666
5845201314
5201314520
321654987
1q2w3e4r5t
147896325
147852369
135792468
123qweasd
12369874
123456qq
123456abc
123456ab
123456aa
123456789a
12345600
123454321
12344321
12341234
123123123
1123581321
11223344
111111111
1.23457E+14
1.23457E+13
zxcvbnm123
zxcvbnm,./
zxcvbnm
zxc123456
zaq12wsx
woxiangni
woshizhu
woshishui
woshishen
woshishei
woshinidie
worinima
womendeai
wokaonima
wodemima
wocaonima
wobuzhidao
woaiwoziji
woainima
wo123456
wangyang
wangqiang
wangpeng
wangliang
wangjing
wangjian
w123456789
w12345678
w123456
trustno1
tingting
tiantian
shanshan
shangxin
shanghai
sasasasa
root1234
qwerty123
qwert12345
qwerqwer
qwerasdf
qweqweqwe
qweasd123
qwe12345
qwe123123
qqqqqqqq
qq123456789
qq111111
qq000000
qazxswedc
qazwsx123456
qaz123456
q1w2e3
q1q1q1q1
q123456789
q1234567
q123456
poiuytrewq
p0o9i8u7
nishizhu
nishiwode
nishishui
nihao123
nicholas
ms0083jxj
mm123456
mingming
miaomiao
mengmeng
meiyoumima
master
lovelove
love1314
longlong
liu123456
lingling
liangliang
li123456
laopo520
jiushiaini
jingjing
jianjian
internet
imissyou
huang123
goodluck
football
dongdong
computer
chenjian
chenchen
buzhidao
bugaosuni
beijing2008
ASDFGHJKL
asdf123456
asdasdasd
asdasd123
aptx4869
aini1314
administrator
admin888
abcde12345
abcd123456
abc123456789
ab123456
aaaa1111
aaa123456
aa123123
a7758521
a1314520
a123456a
999999999
99887766
9876543210
98765432
9876543
987456321
9638527410
8888888888
888888
85208520
789789789
789632145
7894561230
77777777
7758521a
7758521521
77585210
7654321
74108520
74107410
5845211314
584211314
584201314
5841314521
5841314520
584131421
584131420
55555555
55555
54545454
521521521
5211314
520520520
5201314a
5201314123
52013140
5201314
456789123
44444444
369369369
369258147
34416912
33333333
321321321
3141592653
25257758
25251325
22222222
21212121
20082008
20080808
1qaz2wsx3edc
1qaz1qaz
1qa2ws3ed
1q2w3e4r5t6y
1q2w3e
1a2b3c4d
19861212
19861020
19861015
19861010
19851010
19841020
19841010
16897168
167669123
14789632
1472583690
147258
13800138000
1357924680
134679852
1314520520
13145200
1314520
13141314
123qwe123
123789456
123698745
123698741
123654789
1234rewq
1234abcd
12345qwert
123456zz
123456zxc
123456qw
123456qaz
123456ok
123456asd
123456as
123456aaa
123456987
1234567a
123456798
12345679
123456789z
123456789q
123456789abc
1234567899
12345678910
12345678900
12345654321
123456123
123456000
1234554321
1234512345
123321123
123321
123123qq
123123aa
123123456
12312300
12301230
1213141516
121212
1212
11235813
1122334455
112233
111222333
11112222
1111111111
110120130
110120119
110119120
110110110
10101010
100200300
1.47258E+11
1.23123E+11
zzzzzzzz
zz123456
ZXCVBNM
zxcvbn
zxcv1234
zxc123
zx123456
zhendeaini
zhangyang
zhangyan
zhangxin
zhangwei
zhangtao
zhangqiang
zhangliang
zhanglei
zhangjun
zhangjing
zhangjie
zhangjian
zhanghao
z123456789
z123456
yy123456
yuanyuan
yingying
yangyang
yang123456
xingxing
xiazhili
xiaoxiao
xiaoqiang
xiaoming
xiaolong
xiaofeng
www123456
ww111111
woxihuanni
woshiniba
wojiushiwo
woainilaopo
woaini123456
woaini110
woaini
woailaopo
william
welcome
weblogic
wangyong
wangying
wangwang
wanghui
wanggang
wangfeng
wangdong
wang123456
wang1234
wang123
w5201314
w1234567
user
tt123456
tongtong
tomcat
testtest
terminal
supervisor
ss123456
shadow
rootroot
root123
qwqwqw
qwertyuiop123
qwertyuio
qwertyu
qwerty123456
qwert
qwer123456
qwer
qwe123qwe
qwe123
qw123123
qq1314520
qianqian
qazxsw123
qazxsw
qazwsxedcrfv
qaz123
qawsedrf
q5201314
q1w2e3r4t5y6
q12345678
q12345
princess
operation
ok123456
o0o0o0o0
nuttertools
nopassword
nagios
mysql
monkey
mnbvcxz
microsoft
michelle
manager
ma123456
lkjhgfdsa
liverpool
lin123456
laopowoaini
laopo521
l123456789
kingcom5
jordan23
jiang123
jennifer
huanhuan
hao123456
guest
dearbook
code8925
CHina12530
chenlong
chenjing
chenchao
chen123456
cc123456
caonimabi
caonima
baseball
baobei520
baobao520
azxcvbnm
azsxdcfv
az123456
asdfgh
asdfg123
asdfg
asd123456789
asd12345
asd123123
asd123
asasas
apple123
amanda
ainiyiwannian
adminadmin
admin123456
admin12345
ad123456
abcdefg123
abcdef
abcd12345
abc123321
abc123123
aaaaaaaaaa
aaaaaa
aa5201314
aa123456789
Aa123456
aa112233
a7758258
a1s2d3f4
a147258369
a123456
a123123123
a123123
a11111111
a1111111
a111111
a000000
999888
998877
98765
9876
963258741
90909090
888999
88889999
8888
8008208820
789654123
78963214
789456
78787878
787878
778899
77585211314
7758521123
775852100
7758520
7758258520
7758258
7418529630
7.89456E+11
7.75852E+13
7.21522E+12
666888
66668888
6543210
56565656
565656
55667788
55665566
55556666
5555555555
54321
52571314
521521
5211314521
52113140
5205201314
520520
5201314qq
5201314q
52013141314
520131400
52001314
51201314
456789
456456456
45454545
3edc4rfv
369852147
336699
3344520
333666
3.1415926
2wsxcde3
2wsx3edc
299792458
2597758
23456789
234567
23232323
232323
225588
2222222222
2222222
222222
212121
211314
201314
20102010
20092009
20022002
1qazxsw23edc
1qaz
1q1q1q
19881010
19871987
19871024
19871020
19871010
19861986
19861225
19861220
19861218
19861216
19861210
19861125
19861123
19861121
19861120
19861028
19861026
19861025
19861024
19861023
19861022
19861021
19861018
19861016
19861013
19861012
19861011
19851985
19851225
19851212
19851120
19851025
19851015
19841984
19841026
19841025
19841024
19841023
19841022
19841018
19841016
19841015
19831983
19831212
19830122
19821982
19491001
192837465
16899168
168168
159753
159357456
1478963
147369
13579246810
13579
13572468
135246
1314521
1314520a
1314520123
1314
124578
123qweasdzxc
123ewq
1236987
123654
12356789
12348765
12346789
12345abcde
123456qwerty
123456qwe
123456q
123456a
1234569
12345689
12345687
12345678a
123456789w
123456789qq
123456789l
123456789asd
123456789aa
1234567891
123456789+
123456789..
123456789*
12345677
1234566
123456520
123456321
1234560
123456...
123456..
1234%^&*
12332100
1233210
1231512315
12312345
1231230
1230456
1230123
123000
12131415
1212121212
1122334
11221122
1122
111222
111111a
1111111
11111
1111
111000
1029384756
10231023
102030
100200
100100
1.59357E+11
1.31452E+13
1.23456E+11
1.12233E+11
0.123456
........
!QAZ@WSX
!@#$%^&*()
zzzzzz
zzzxxx
zy123456
zxczxc
zxcvbnm,
zxcv123
zhangzhen
zhangyu
zhangying
zhangrui
zhangpeng
zhangkai
zhangfan
zhangchao
zhangbin
zhang520
zhang123456
zaxscdvf
zaq1xsw2
z1234567
z123123
yu123456
yj2009
yangjing
y123456
xy123456
xx123456
xihuanni
xiaoyu
xiaowei
xiaojian
x123456
wy123456
wwwwwwww
wwwwww
www123
www
ww123456
wu123456
ws123456
wq123456
wozhiaini
woshiwo
woshitiancai
woshinibaba
woaiwolaopo
woainimama
woainia
woaini5201314
woaini1314520
woaimama
wl123456
wj123456
winner
windowsxp
windows2000
windows
westlife
welcome1
weiwei
wei123456
wangzhen
wangwei
wangshuai
wangqian
wangping
wangning
wangming
wangmeng
wangling
wanglei
wangjun
wangjuan
wanghong
wangfang
wangcheng
wangchen
wangbing
w2w2w2
user1
unknown
ty123456
tigger
tianya
tianshi
thomas
test1234
tang123456
sz123456
system
sys
sw123456
sun123456
summer
stefanie
starwars
ssssssss
ssssss
sohu.com
slamdunk
sj811212
shuaishuai
shmily
sh123456
sd123456
sasasa
samsung
sa123456
s123456789
s12345678
s123456
qwqwqwqw
qwertyuiop[]
qwertyuiop[
QWERTYUIOP
QWErtyUIO
QWERTYUIO
qwert1234
qwerasdfzxcv
qwer12345
qwer123
qweqwe123
qweqwe
qwedsazxc
qweasdzxc123
qweasd
qwe321
qwe123qwe123
qwe123456789
qwe123!@#
qwaszx123
qwaszx
QWASZX
qunimade
qqwweerr
qqqqwwww
qqqqqq
qqqq1111
qqq123456
QQQ123456
qqq123
qqq111
qqaazz
qq7758521
qq666666
qq12345678
qq12345
qq1234
qq123321
qq1111
qingqing
qazxcvbnm
qazwsx12
qazqazqaz
qaz123123
qa123456
Q123456
q123123
q111111
q11111
pppppp
pp123456
power123
postgres
poiuytre
pengpeng
P@ssword
orange
oracle
okokok
nimabi
nihaoma
network
mypassword
mylove
my123456
monitor
mmmmmmmm
mmmmmm
mimamima
mima123456
mima123
michael
mercedes
menghuan
maverick
maomao
mail
m123456789
m12345678
m123456
lz123456
ly123456
lx123456
ls123456
loveyou
loveme
love520
long123456
ll123456
liuyang
liushuai
liuchang
liu12345
liu123
liang123
lh123456
letmein
lenovo
langzi123
l12345678
l1234567
l123456
kk123456
kingking
killer
justdoit
jordan
jj123456
jiubugaosuni
jiaojiao
jiangwei
jiangtao
jiangnan
jiandanai
jiajia
hunter
huang123456
hu123456
hotmail.com
hj123456
hhhhhh
hh123456
he123456
haohaoxuexi
hao123
handsome
h123456789
h12345678
h1234567
h123456
guo123456
guaiguai
gao123456
games
fuckyou
ftpuser
freedom
forever
ffffff
fengfeng
feixiang
feifei
fangfang
f123456789
explorer
erp
einstein
dragon
download
dongfang
dingding
dg123456
dddddddd
dddddd
daniel
dangerous
d123456789
cy123456
cocacola
chenyong
chenying
chenyang
chenqiang
chenpeng
chenming
chenliang
chengang
cheng123
chen1234
chen123
chaochao
caonima123
c123456789
c1234567
c123456
butterfly
boss
bingbing
beyond
benjamin
beautiful
bb123456
basketball
baobao
baishikele
bailey
backup
b123456789
b12345678
ashley
asdzxc
asdqwe123
asdfzxcv
asdfvcxz
asdfghjkl123
asdfghjkl;
asdf12345
asdasd
asd123asd
asd123321
asasasas
as123456789
as123123
aqswdefr
apache
alexander
aidejiushini
ai123456
admin1234
admin001
admin@123
adgjmptw
abcdefgh
abcdefg
abcdef123456
abcde123
abcd123
abcabcabc
abc123abc123
abc123abc
abc1234567
abc123!@#
abc112233
aabbccdd
aaabbbccc
aaaaaaaaa
aaaaaa123
aaaaa11111
aaaa0000
aaa12345
aaa123
aaa111
aa123321
a987654321
a1b2c3d4e5
a1b2c3
a1a2a3a4
a123a123
a123456b
a12345
a123321
a123
a11223344
a11111
a0000000
a00000
9999999999
999999
99998888
9999
999888777
98989898
989898
987987987
987654321a
9876543211
987654123
987456123
987456
987412365
963963963
963963
963852
95279527
951753
911911
9090909
909090
89898989
898989
888888889
888888888
8888888
88888
88886666
888666
87878787
8675309
852741963
852456
831213
808080
7u8i9o0p
794613
789987
789789
789654
7895123
78945612
789123456
789123
77889900
77887788
7788521
7788520
7788414
7788250
777888999
777888
77778888
7777777777
777777777
7777777
777777
7758991
77585211
770880520
7.7088E+12
770880
76543210
753951
753159
741852
741741741
741741
741258963
721521
709394
7.75826E+13
6y7u8i9o0p
69696969
696969
686868
67676767
668899
66886688
66778899
667788
666999
666888999
6666666666
666666666
6666
65656565
654321abc
654123
623623623
5t6y7u8i
58585858
585858
584521
584520
564335
556688
556677
555888
555666
555555555
555555
5555
5418854188
541881452
5213344
521314
521125
52101314
520530
5203344
520131499
520131488
52013148
5201314789
52013145
52013144
52013143344
520131415
52013141
5201314000
5201314..
520123456
520123
520025
52000000
518518518
518518
5.20131E+13
476730751
456852
456654
456456
456321
456123789
445566
4444444444
444444444
444444
4444
4321
3838438
37213721
369852
369369
369258
34567890
33445566
3344521
333666999
3333333333
333333333
333333
3333
332211
32323232
323232
321654
321456987
321456
321321
321123
3141592654
314159265
314159
301415926
3.14159E+11
2587758
258456
258369147
258369
2582587758
258258258
258258
25802580
2525775
25252525
252525
251314
24682468
24681012
246810
235689
22446688
22334455
223344
222333
222222222
2222
21vianet
20202020
2010
20092010
20082009
20072008
20072007
20062006
20052005
20042008
20042004
20032003
20012001
20002000
20000000
2.0062E+11
2.0042E+11
1qaz@wsx
1q1q1q1q
1a2s3d4f
1a2b3c
19971997
19901990
19891989
19891212
19891010
19881988
19881212
19881028
19880808
198612
198611
198610
198512
198511
198412
198411
198410
19830605
19830112
19811981
19801980
19791979
19791128
19781978
19771027
19761976
18881888
1887415157
18181818
181818
16899199
16888888
168888
168168168
163163163
159951
159753456
159753123
1596321
159357258
159357123
159357
159159159
159159
15151515
147852963
147852
147369258
14725836
147147147
147147
142536
14141414
1357913579
135790
134679258
134679
13456789
132465798
1314woaini
1314521521
13145210
13145201314
13145201
131452000
131452
13143344
1314258
131425
131421
131420
131415926
1314159
13141516
131415
13131313
131313
125521
124578963
123zxc
123qwe!@#
123qazwsxedc
123qazwsx
123qaz
123asdasd
123asd123
123asd
123abc456
123abc123
123abc
123aaa
123987456
123987
123789
123654987
1236547890
12365478
123654123
123581321
123567
123520
1234zxcv
1234asdf
123465
12345qwe
12345abc
12345a
12345789
123457
123456z
123456yu
123456ww
123456w
123456qwert
123456qwer
123456mm
123456m
123456l
123456cc
123456bb
12345699
12345698
123456888
12345688
1234568
1234567q
1234567abc
12345678z
12345678qq
12345678abc
12345678aa
123456789x
123456789qwe
123456789QQ
123456789qaz
123456789o
123456789m
123456789b
123456789aaa
1234567895
1.23457E+12
123456788
123456781
1234567809
123456780
12345676
12345671
12345670
12345666
1.23457E+11
123456654
12345656
12345654
1234565
123456456
12345612
123456111
12345611
1234561
1234560123
123456.com
123456!@#$%^
123456!@#
12345123
1234509876
12345^&*()
12345!@#$%
1234321
12342234
1234.abcd
1234!@#$
123369
123321abc
123321456
1.23321E+12
12332111
123321000
1232123
12315
123123qwe
123123qaz
123123q
123123abc
123123a
123123321
1231231230
12312312
1230456789
12300123
123000000
12300000
1230
123!@#qwe
1223334444
122333
12211221
121314
12131213
1212123
121212121
1212121
121121
120120120
120120
12
119119119
119119
112358
112233qq
112233445
112233123
11223300
112112
111qqq
111aaa
111222tianya
11122233
1111qqqq
1111122222
111111qq
111111q
1111111a
11111112
111111112
11111111111
11110000
111
110220330
110120
110119
110112119
110112
110110
1020304050
10203040
10203
10201020
10161215
1010110
1010101010
101010
1008610086
10011001
10002000
100000000
10000000
1.59753E+11
1.23321E+11
0okmnji9
0okm9ijn8uhb
0o0o0o0o
1020304
000000a
0.123456789
@WSX1qaz
@163.com
********
!QAZXSW@
!Q@W#E
!@#
zzzz
zzb19860526
zz12369
zyq
zxzxzx
zxomm
zxin10
zxczxczxc
zxcvbnma
zxcvbnm123456
zxcvbnm1
zxcvbnm,.
ZXCVBN
zxcv
zxc12345
zq123456
zl123456
zj123456
ZHUZHU
zhu123456
zhouzhou
zhouwei
zhoujing
zhou123456
zhongguo
zhimakaimen
zhaoyang
zhaowei
zhaolei
zhaojing
zhao123456
zhangyun
zhangyong
zhangwen
zhangshuai
zhangqian
zhangping
zhangning
zhangnan
zhangming
zhangmin
zhanglong
zhanglin
zhangli
zhangkun
zhanghui
zhanghua
zhanghong
zhangfeng
zhangfei
zhangbo
zhang1234
zhang
zh123456
zc123456
zaqxswcde
zaqwsxcde
zaqwsx
zaq1zaq1
zaq123456
zaq123
z321321
z12345678
yongyuan
yh123456
yangyong
yangming
yangling
yangjie
yangjian
yangguang
yangfan
yangchao
yang1234
yang123
YANG123
yahoo.com.cn
yahoo.cn
y123456789
y1234567
xuanxuan
xu123456
xj@12531
xinxin
xiaoyili
xiaoyang
xiaohe
xiaogang
xiaodong
xiao123456
xiangxiang
x123456789
x12345678
x1234567
wz123456
wx123456
www12345
www.baidu.com
www.163.com
wsadwsad
WQ123456
wpc000821
wozhidao
woxihuan
wowangle
woshishuaige
woshishabi
woshiren
woshinidaye
woshihaoren
woshi123
wonderful
wolf8637
wohenhao
wohenaini
wodezuiai
wodeshijie
wodemingzi
wobugaosuni
wobuaini
woaiziji
WOAIWOJIA
woaiwodejia
woainiya
woainiwoaini
woaini99
woaini520.
woaini2008
woaini12
woaini111
woaini11
woaini00
woaini@
woaimeinv
WOAIMAMA
woaijing
woaideren
woaibaobao
woaibabamama
wmsxie123
william1
whosyourdaddy
whbs2234
wh123456
wertyuiop
wenwen
wen123456
welcome123
weiwei520
weiwei123
weishenme
webuser
webadmin
wd123456
wasdwasd
wangzhiqiang
wangzheng
wangyuying
wangyut2
wangyuhua
wangyuan
wangyu
wangyan
wangxiuhua
wangxin
wangxiao
wangxiang
wangwei123
wangting
wangtao
wangsong
wangshuzhen
wangshuo
wangshuhua
wangrui
wangrong
wangqing
wanglong
wanglili
wanglijuan
wanglihua
wangkang
wangkai
WANGJING
wangjinfeng
wangjie
wangjianping
wangjianjun
wangjianhua
wangjianguo
wanghuan
wanghongmei
wanghao
wanghaiyan
wangguihua
wangfei
wangdongmei
wangdandan
wangcong
wangbin
wangbadan
wang1989
wang1987
wang
w88888888
W1234567
W123456
viewsonic
victoria
vfr43edc
venustech!@#
ubnt
tttttttt
toor
tomorrow
tom.com
tiankong
tiancai
thankyou
telnet
tangtang
tangkai
talent
t123456789
symantec
sy123456
sx123456
support123
support
superuser
superstar
superman1
sunyanzi
sunshine1
sunliu66
sunflower
stryker
starstar
sqlserver
spring
sophie
songsong
soccer
snowflake
snoopy
sl123456
sina.com
shusheng
shuangshuang
showtime
showmethemoney
shopping
sherlock
service
Server2008
sdsdsdsd
scotland
sb123456
sasa
sapphire
samantha
sa12345678
s5201314
s1234567
rpm
root1
rongrong
robert
remember
ranger
rainbow
r4e3w2q1
qwertyuiop12
qwertyuiop0
qwerty1234
qwerty12
QWERTY
qwertasdfg
qwert123456
qwer4321
qwer1234!@#$
qwe147258
qwe1234
qwe@1234
qwe@123
qwaszx12
qw1234567
QW123456
qw1234
qw121212
question
quanquan
qqqwwweee
qqqwww
qqqqqqqqqq
qqqqqqqqq
qqqq1234
qqqaaazzz
qqq123123
qq7758258
qq66666
qq5211314
qq520520
qq123654
qq123456qq
qq1234567
qq123.com
qq112233
qq11111
qiulaobai
qiaoqiao
qiangqiang
qazxswedcvfr
qazwsxedc123
QAZWSXEDC
qazwsxed
qazwsx1234
qazqaz123
QAZQAZ
qaz123wsx
qaz123qaz
qaz12345
QAZ123
qaz
qawsedrftg
q1w2
q1q1q1
q123456q
Q12345678
q1111111
q00000000
pussy
progress
prince
pppppppp
pp.com@163.com
pp.com
power123.0
power
postfix
polopolo
POIUYTREWQ
poiuytrew
playboy
pingping
philips
pepper
pegasus
password888
password1234
Password123
Password1
password.123
passwd123
passwd
passport
passpass
pass123
pass@word1
pass@word
pass
paradise
panasonic
pakistan
pa55word
pa$$w0rd
p123456789
p0o9i8
p@ssword
owww
oriental
ora10
operator
oooooooo
onepiece
okokokok
o0o0o0o0o0
o0o0o0
NULL
nobody
nishishei
ningning
nihaonihao
nihaoma123
nihao123!
nihaihaoma
nicole
niaiwoma
news
newcastle
napoleon
msconfig
motorola
mm5201314
mimacuowu
mima1234
midnight
michael1
metallica
merlin
mengxiang
matthew
master123
maomao520
maomao123
manunited
manchester
mamawoaini
makelove
mailman
m1234567
lxqqqqqq
lw123456
lv80066368
luo123456
lu123456
lt123456
lp123456
lp
loveyou1314
lovemyself
lovejing
love5201314
LOVE1314
love123456
love1234
love123
london
logitech
llllllll
llllll
lkjhgfds
lk123456
lizhiqiang
liyuying
liyang
lixuemei
lixiuhua
lixiaolong
lixiaohong
lixiang
liwei123
liuyumei
liuyuhua
liuyu
liuyang123
liuxiang
liuwei
liuqiang
liuliang
liujie
liujianjun
liuhui
liudehua
liu5201314
liu123456789
lishuying
lishuhua
lishuang
liqiang
lipeng
lionking
liming
lililili
lili
lijing
lijianhua
lijianguo
lijian
lihongxia
lihongmei
lihaiyan
lightning
lidongmei
lidandan
lichunmei
licheng
li123456789
lc123456
lb851210
lb123456
lavender
LAOpo521
lakers
l123l456
kobebryant
kkkkkkkk
kisskiss
kingkong
kangkang
k123456789
jy123456
juventus
juanjuan
jspower123.0
js77777
joshua
Jordan
jjjjjjjj
jiushiwo
jin123456
JIAOJIAO
jianqiao
jianqiang
jiangjun
jiangjiang
jianghao
jiangfeng
jia123456
jh123456
jessica1
jessica
jason123
jackson
jackjack
j123456789
informix
imzzhan
iloveyou520
iloveyou2
iloveyou1314
Iloveyou1314
iloveyou123
iloveyou1
ilikeyou
ihateyou
idcidc
idc2010
idc123!@#
idc123
iamthebest
hz123456
hyjzstx8
hyhyhy
hy123456
hx2010seo
huyiming
hurricane
huij
huangyong
huangyan
huangxin
HUANGwei
huangtao
huangmin
huanglei
huangjun
huangjing
huangjie
huangjian
huanghuang
huanghao
huaiyukeji115
howareyou
hongkong
honghong
hockey
hld_1209
hl123456
hellohello
hello1234
harrypotter
harley
hardware
happynewyear
happyday
happy2008
happy1314
happy123
happiness
haohaohao
hao123.com
hannah
han123456
hahahaha
haha123456
hacker
guest123
greatwall
google250
google.com
google
gongxifacai
ginger
gggggggg
gg123456
george
garfield
gaoxiang
gameover
g227w212
future
fuckyou2
fuckyou123
ftp
from91
friendly
foreverlove
flower
fill.com
ff123456
ferrari
feng123456
feifei521
feifei123
f12345678
evangelion
EtnXtxSa65
ericsson
eric
engineer
elizabeth
elephant
eeeeeeee
doublestar
doraemon
donald
dobetter
diandian
dfdfdfdf
demo
ddzj39cb3
dd123456
db2fenc1
david123
data
dasusr1
daohaosima
danielle
dandan
dallas
dajiahao
dahouzi110
cyrus
cx123456
cs123456
crystal
corvette
congcong
config
computer1
command
cj123456
cisco123
cisco
cinderella
christina
christian
chouchou
chocolate
chinaren
chenzhen
chenxiao
chenwei
chenping
chenling
chenlei
chenjie
chenjianhua
chenhong
chenhao
chenglong
chenggong
chengcheng
chenfeng
chenfang
chencheng
chelsea
cheese
charlotte
charlie
Changeme
champion
ch123456
cd123456
cccccccc
capslock
caonimama
caonima1
CAONIMA
caocaocao
cao123456
cai123456
c12345678
buxiaode
buster
bugeinishuo
blink182
biteme
birthday
bin
bigdaddy
bbbbbb
baobei521
baobei
baobao521
bandit
babygirl
babamama
b1234567
azsxdcfvgb
aspirine
asdzxc123
asdqwe
asdfqwer
asdfjkl;
asdfghjklzxcvbnm
asdfghjkl;'
asdfghj
ASDFGHJ
asdfgh123
ASDFGH
asdfg12345
asdffdsa
asdasdasdasd
asd147258
asd123asd123
asd12345678
as12345678
aqwe518951
aq123456
apple
anonymous
andrew
andrea
aiwosuoai
aipai
aini131
AI123456
admins
admin8888
admin369
admin1
Admin@storage
admin!@#
Admin
adm
access
ac123456
abcdefghijklmn
abcdefghi
abcdefg123456
ABCDEFG123
abcdef123
abcde1234
abcdabcd
abcd8888
abcd4321
abcd123456789
Abcd1234
abcABC123
abcabc
abc888888
abc654321
abc5201314
abc147258
abc1234567890
abc12345678
abc111111
abc@123
abc!@#
ab123456789
aassddff
aabbcc123
aaaassss
aaaabbbb
AAAAAAa
AAAAAA
aaaa1234
aaa123456789
aaa123123
aaa111222
aaa
aa888888
aa456789
aa147258
aa12345678
aa111111
aa000000
a87654321
a7654321
a5211314
a520520
a321654
a1s2d3f4g5
a1b2c3d4e5f6
a147258
a1314521
a12369
a123654
a123456789a
a1234567890
a123456.
a123123a
a111111111
a0123456
a00000000
9ol.0p;/
99999999999
9999999
9999988888
99999
99996666
99990000
999666333
998998998
9987654321
9958123
987987
987654321w
987654321q
9876543219
98765432100
987654312
9874563210
980099
96969696
96385274
9632587410
963258
963214785
962464
95217189
951ljb753
951753852
918918918
918273645
912345678
911911911
909090909
90909
9090
9.87654E+11
9.51754E+11
9
8975789757
895623
88998899
8899174
8888899999
88888888a
88888888888
8888866666
88880000
888168
885201314
8812345
878787
876543210
87651234
871030
86868686
868686
85858585
858585
85602222
84131421
81818181
80808080
80238023
80231314
8.88889E+11
8
79797979
794613852
789654321
7896321
7878
784512
7788945
7788
7777788888
77777777777
7777
77587758
7758521qq
7758521520
7758521000
77585201314
77585200
7758258a
77582588
7758258258
7758258123
77582580
7654
753951456
748159263
7451321
741963
74185296
741236985
7410852963
7215217758
7007
7.75885E+12
6yhn7ujm
68686868
6695zx
668668668
666777888
66669999
66667777
6666688888
66666688
66666666666
666
665544
65432100
6504710shuazuan
635241
618618618
61616161
5tgb6yhn
5845213344
5757124
569874123
5678956789
56789
56785678
56781234
5678
562059487
5566778899
5566
555666777
55558888
5555588888
55555666666
5555566666
55555555555
5555555
5508386
547896321
5432154321
5432112345
54181452
53231323
52tiance
528528528
52525252
523523523
52331314
5211314a
52113141314
521125521
52105210
521000
520521
5203344587
5201314abc
5201314aa
52013147
5201314584
520131456
520131420
52013142
5201314159
520131411
520131
52010000
52005200
5200251314
520
51888888
51885188
517517517
51515151
5131421
5131420
512512512
5121314
51211314
502502502
5.20131E+12
4rfv5tgb
4815162342
46709394
45678910
45678900
456258
45612300
4561230
4545454
454545
44556677
444555666
44448888
444455555
44332211
4321dcba
4321abcd
3edcVFR$
383838438
38383838
369963
369874125
3692581470
36363636
35353535
34343434
3396815
335201314
334455
33338888
33336666
33334444
33333333333
3333333
333222111
33221100
3216549870
321456789
321
320320320
318318318
316316316
315315315
315315
31415926535
312312312
311311311
310310310
30303030
3.141592653
3.14159265
3
2wsx
28282828
27272727
26262626
2582525775
258147369
250250250
24681357
2468013579
246800
23wesdxc
234567891
234567890
2345678
23242526
2323456
22223333
2222233333
22222222222
22221111
218218218
21345678
213213213
2123456
2121212
211211211
210210210
203203203
202020
20142014
20132014
20132013
201314520
2012comeer
20122012
20121314
201201201
20112011
20102011
20102009
20101001
20100101
2010000
20092008
20090909
2009
20088888
20088002
20082010
20082007
20082006
20082005
20082003
20082002
20082001
20082000
20081989
20081988
20081987
20081986
20081985
20081314
2008123456
20081234
2008080808
2008
20062008
20062007
20052008
20052006
20042005
20042003
20042001
20032008
20032004
20032002
20032000
20022008
20022003
20022001
2002002
20012003
20012002
20012000
20002008
20002003
20002002
20002001
200000000
1z2x3c4v
1qazxsw23edcvfr4
1QAZxsw2
1qazxsw@
1qazxdr5
1qaz2wsx3edc4rfv
1QAZ2wsx
1qaz123
1qasw23ed
1qa2ws
1q2w3e4r5t6y7u
1Q2W3E4R5T
1Q2W3E4R
1hxboqg2s
1a2s3d4f5g6h
1a2s3d4f5g
1a2b3c4d5e6f
1a2b3c4d5e
1a1a1a1a
19992000
19991999
19981998
19972008
19962008
19961996
19951995
19941994
19932008
19931993
19922008
19921992
19912008
19911991
19902008
19901010
1990
19892010
19892009
19892008
19891228
19891225
19891224
19891123
19891122
19891026
19891025
19891024
19891023
19891021
19891020
19891019
19891018
19891017
19891016
19891015
19891013
19891012
19891001
1989
19888888
19882009
19882008
19882007
19882006
19881228
19881227
19881226
19881225
19881224
19881223
19881221
19881220
19881219
19881218
19881217
19881216
19881215
19881214
19881213
19881211
19881210
19881208
19881130
19881129
19881128
19881127
19881126
19881125
19881124
19881123
19881122
19881121
19881120
19881118
19881117
19881116
19881115
19881114
19881113
19881112
19881111
19881103
19881030
19881029
19881027
19881026
19881025
19881024
19881023
19881022
19881021
19881020
19881019
19881018
19881017
19881016
19881015
19881014
19881013
19881012
19881011
19881001
19880921
19880818
19880810
19880801
19880611
19880214
19880202
19880201
19880101
19872010
19872009
19872008
19872006
19871230
1987123
19871229
19871228
19871227
19871226
19871225
19871224
19871223
19871221
19871220
19871219
19871218
19871217
19871216
19871215
19871214
19871213
19871212
19871211
19871210
1987121
19871209
19871205
19871202
19871201
198712
19871129
19871128
19871127
19871126
19871125
19871124
19871123
19871122
19871121
19871120
19871119
19871118
19871117
19871116
19871115
19871114
19871113
19871112
19871111
19871110
19871108
19871105
19871104
19871103
19871102
19871101
198711
19871030
19871029
19871028
19871027
19871026
19871025
19871023
19871022
19871021
19871019
19871018
19871017
19871016
19871015
19871014
19871013
19871012
19871011
19871008
19871006
19871005
19871004
19871003
19871002
19871001
19870926
19870923wex
19870920
19870913
19870911
19870910
19870901
19870829
19870828
19870825
19870824
19870821
19870820
19870815
19870808
19870801
19870629
19870628
19870626
19870624
19870623
19870621
19870620
19870618
19870615
19870612
19870610
19870606
19870601
19870425
19870401
19870324
19870312
19870228
19870217
19870216
19870215
19870214
19870208
19870206
19870205
19870204
19870202
19870201
19870129
19870125
19870124
19870120
19870102
19870101
1986520
19862010
19862009
19862008
19862006
19861231
19861230
1986123
19861229
19861228
19861227
19861226
19861224
19861223
19861222
19861221
19861219
19861217
19861215
19861214
19861213
19861211
19861209
19861208
19861207
19861206
19861205
19861204
19861203
19861202
19861201
19861129
19861128
19861127
19861126
19861124
19861122
19861119
19861118
19861117
19861116
19861115
19861114
19861113
19861112
19861111
19861110
19861109
19861108
19861107
19861106
19861105
19861104
19861103
19861102
19861101
19861030
19861029
19861027
19861019
19861017
19861014
19861009
19861008
19861007
19861006
19861005
19861004
19861003
19861002
19861001
19860927
19860926
19860925
19860923
19860911
19860910
19860901
19860816
19860815
19860806
19860801
19860606
19860311
19860306
19860305
19860303
19860302
19860228
19860218
19860215
19860214
19860213
19860210
19860206
19860202
19860129
19860126
19860120
19860101
19852009
19852008
19852006
19852003
19851230
1985123
19851229
19851228
19851227
19851226
19851224
19851223
19851221
19851220
19851219
19851218
19851217
19851216
19851215
19851214
19851213
19851211
19851210
19851208
19851206
19851205
19851204
19851203
19851202
19851201
19851130
19851129
19851128
19851127
19851126
19851125
19851124
19851123
19851122
19851121
19851119
1985111802
19851118
19851117
19851116
19851115
19851114
19851113
19851112
19851111
19851110
19851109
19851106
19851105
19851104
19851103
19851102
19851101
19851030
19851029
19851028
19851027
19851026
19851024
19851023
19851022
19851021
19851020
19851019
19851018
19851017
19851016
19851014
19851013
19851012
19851011
19851008
19851007
19851006
19851005
19851004
19851003
19851002
19851001
198510
19850926
19850921
19850815
19850215
19850214
19850101
19842009
19842008
19842003
19842000
19841230
19841228
19841227
19841226
19841225
19841224
19841221
19841220
19841219
19841218
19841217
19841216
19841215
19841214
19841213
19841212
19841211
19841210
19841208
19841204
19841203
19841201
19841130
19841129
19841128
19841127
19841126
19841125
19841124
19841123
19841122
19841121
19841120
19841118
19841117
19841113
19841112
19841111
19841105
19841103
19841102
19841101
19841030
19841029
19841028
19841027
19841021
19841019
19841017
19841014
19841013
19841012
19841011
19841009
19841008
19841007
19841006
19841005
19841004
19841003
19841002
19841001
19840214
19840101
19832008
19832003
19832002
19831229
19831228
19831227
19831226
19831225
19831224
19831223
19831221
19831220
19831219
19831218
19831217
19831216
19831215
19831214
19831213
19831210
19831208
19831206
19831202
198312
19831130
19831129
19831126
19831125
19831124
19831123
19831122
19831121
19831120
19831116
19831113
19831112
19831111
19831110
19831105
19831104
19831102
19831101
198311
19831028
19831027
19831026
19831025
19831024
19831023
19831022
19831021
19831020
19831018
19831017
19831016
19831015
19831013
19831012
19831011
19831010
19831001
19830716
19830214
19822008
19821230
19821225
19821224
19821220
19821216
19821215
19821212
19821211
19821210
19821129
19821128
19821123
19821122
19821121
19821120
198211
19821029
19821028
19821027
19821026
19821025
19821024
19821023
19821022
19821021
19821020
19821019
19821018
19821017
19821016
19821015
19821014
19821013
19821012
19821011
19821010
19821001
19812008
19811001
19781218
19771977
19771118
19770113
19751975
19741974
19731973
19710910
1949101
19283746
19191919
18n28n24a5
188888888
17171717
171204jg
16899052
1688888888
16881688
168
163163
163.com
16161616
1598753
15975300
1597530
1593572468
15935700
158158158
1564335
149162536
147896321
1478520
1475369
147258369a
1472583699
1472583691
14725836900
14725800
1457521
142857
142536789
1415926535
1415926
1392010
139139139
139.com@163.com
139.com
138138138
1380013800
136136136
135791113
1357902468
13579000
135781012
135246789
135135135
1346798520
133133133
132456789
13245678
132132132
1314920
13145211
131452100
1314520..
13142008
131131
1310613106
130130130
130130
13
128128128
1258012580
1251314
125125125
125125
124578369
12456789
123zxc123
123qwerty
123qwer
123qwe456rty
123qwe456asd
123qwe456
123qwe123qwe
123asdfg
123asd456
123abc123abc
123a123a
123a
123789abc
1237894560
123789123
1236987450
12365400
1236540
123654...
1236
12358
1234qwerasdfzxcv
1234aaaa
12349876
12347890
123465789
12345ssdlh
12345asdfg
12345asd
12345abcd
123459876
123456zx
123456yy
123456xyz
123456xx
123456www
123456wang
123456ss
123456qqq
123456pp
123456ly
123456ll
123456liu
123456li
123456kk
123456jj
123456dd
123456az
123456ASD
123456abcdef
123456ABCD
1234569870
123456879
123456852
1234567z
1234567w
1234567A
12345678x
12345678w
12345678q
12345678l
12345678ab
123456789y
123456789t
123456789s
123456789p
123456789k
123456789c
123456789abcd
123456789ABC
123456789ab
12345678999
1234567898
1234567896
1234567892
12345678912
12345678911
1234567890abc
12345678909
12345678901
123456789@
123456789...
123456789!
1234567889
1234567888
123456787
123456777
1234567123
123456711
1234567*
12345667
123456666
1234562008
12345601
1234560000
123456++
123456@#
123456**
12345566
12345555
123455
1234545
1234543
123451234
12342009
123412345
12340987
12340000
12333333
123321qwe
123321qq
123321aaa
123321aa
12332145
1233211234
12332112
123258
123123asd
123123aaa
1231234
123123123a
1231231234
1231231231
12312311
123123..
12311231
123112233
123111
1231
12304560
1230321
12301230123
123+456+789
123.qwe
123.com
123.abc
123.456.789
123.123.
123.123
123.0123
123$%^
123#@!
123!@#
1223
1215225
121121121
11qqaazz
119911
118118118
114477
114114114
114114
113113113
11259375
1123456789
1123456
11231123
112233abc
112233aa
112233456
11223311
112211
112112112
111qqq...
1112233
1112223334
1112223330
1112131415
11121314
1111aaaa
11119999
11118888
111112
111111aaa
111111aa
11111122
1111112
1111111q
11111111q
11111111a
1111111112
1.11111E+15
1.11111E+11
1111111110
111111110
1111100000
110120110
110112113
11011011
11001100
110011
11
10987654321
108108108
10241024
1023456789
1023456
102102102
1016
101101101
1010101
1010
1008611
10086
100100100
1001001
10000001
10000000000
1000000000
100000
10000
1.98312E+11
1.9811E+11
1.98103E+11
1.98102E+11
1.12358E+11
1.11222E+11
0p9o8i7u
0o0o0o0o0o
0O0O0O0O
5962514787
10203040506
102030405
10101
54444944
1002003
000000aaa
000000aa
0000000a
00000000a
000000..
0000....
0.0.0.0.
`1234567
`12345
/.,mnbvcxz
..........
......
*963.*963.
)(*&^%$#@!
&nbsp
%username%
%null%
#NAME?
!qazxsw@
!qaz2wsx
!qaz@wsx
!Q@W#E$R%T
!2#4%6
!@#123
!@#$QWER
!@#$%^&*(
!@#$%^
zzzzzzz
zzz123456
zzwangzh
zzidc123
ZZidc123
zz123123
zyzzyz
zxzxzxzx
zxstddb
zxspam
zxscagt
zxr10
zxqqy
zxqasimp
zxqas
zxm1987
zxm10
zxintest
zxin11
zxin1028
zxczxc123
zxcvzxcv
zxcvbnmzxcvbnm
zxcvbnmm
zxcvbnml
zxcvbnmasd
zxcvbnmas
zxcvbnm0
ZXCVBNM,./
zxcvbn123
zxcvb123
zxcvb
zxcvasdf
zxcv123456
zxcv@1234
zxccxz
zxcasdqwe
ZXCasdqwe
zxcasd
zxc123zxc
zxc123456789
zxc123123
zxc123,./
zxc111
zxc
zxasqw12
zwq
zwapp
zw123456
ztesmcc
zt123456
zoneadmin
zjv8
zjuni5
zjuni4
zjidc!@
zjidc
zhuzhu
zhuang
zhouyong
zhouyang
zhoumin
zhouli
zhoujielun
zhoujie
zhoujian
zhough
zhou
zhonghua
zhongguoren
zhenzhen
zhengwei
zhengui
zhenglong
zhaozhao
zhaoyong
zhaoxp
zhaoxiuying
zhaopeng
zhaoming
zhaomin
zhaoliang
zhaoli
zhaol3
zhaojun
zhaojian
zhaofy
zhao1234
zhangznw
zhangzhiqiang
zhangzhidan
zhangzhi
zhangzhang
zhangyuzhen
zhangyuying
zhangyumei
zhangyulan
zhangyuhua
zhangyue
zhangyuan
zhangyi
zhangyao
zhangxue
zhangxu
zhangxiuzhen
zhangxiuyun
zhangxiuying
zhangxiurong
zhangxiumei
zhangxiulan
zhangxiuhua
zhangxiufang
zhangxiao
zhangxia
zhangting
zhangshuzhen
zhangshuying
zhangshulan
zhangrx
zhangrong
zhangqing
zhangqin
zhangna
zhangmeng
zhangmei
zhanglj
zhangling
zhanglili
zhanglijuan
zhanglihua
zhanglanying
zhangjuan
zhangjin
zhangjianjun
zhangjianhua
zhangjianguo
zhangjia
zhanghongmei
zhangheng
zhanghan
zhanghaiyan
zhangguizhi
zhangguizhen
zhangguiying
zhangguirong
zhangguilan
zhangguifang
zhangfengying
zhangfang
zhangdong
zhangdl
zhangdan
zhangchunmei
zhangcheng
zhangchen
zhangbing
zhang521
zhang1988
zhang1987
zhang1986
zenith
zcxzcx
zaqxswcde2012
zaqxsw
zaqwsxZXC
zaq1xsw2cde3
zaq12345
zaq123.321
zaq1@WSX
zaq1
zaiwa1124
z3255500
z1x2c3v4
z123123123
z000000
z
yzyg@009
yzyg@008
yzyg@007
yzyg@006
yzyg@005
yzyg@004
yzyg@003
yzyg@002
yzyg@001
yzyg@000
yzidc!@#
yyyyyyyy
yy5201314
yy
yx12345678
yx123456
yuyang
yuy
yuan4wei1
ytrewq
yskj33333
youyou
younger
youandme
yongheng
yl123456
yj123456
yhm
yesterday
yellow
yaoyao
yaoqing
yanyan
yankees
yanjy
yanjin0429
yangziwen
yangyan
yangxue
yangxiuzhen
yangxiuying
yangxiulan
yangxiao
yangwei
yangtao
yangshuai
yangqing
yangping
yangmin
yangmei
yangliu
yanglin
yangli
yanglei
yangjun
yangjuan
yanghua
yanghong
yangguiying
yangfeng
yangfang
yangcheng
yangce
yangbo
yangbin
yang
yanc
yan123456
yahoo.com
y9idc.com
y9idc!@
y12345678
y
xzpprm
xzkt
xziom
xz123456
xyidc_2006
xy
xxx123456
xxb
xx
xuwei
xunjian
xumin
xujing
xu15817079919
xtep
xsw123
xp
xmhkmygs
xm123456
xjidc
xj123456
xixihaha
xiongzl
xiongxr
xiena
xiaozhuzhu
xiaozhu
xiaozhang
xiaoyu520
xiaoyong
xiaoying
xiaoyao
xiaoxiong
xiaoxin
xiaoxiang
xiaotian
xiaoqing
xiaoqian
xiaoping
xiaopeng
xiaopang
xiaomeng
xiaomao
xiaoliang
xiaolei
xiaokang
xiaojun
xiaojp
xiaojing
xiaojie
xiaojiang
xiaoi
xiaohui
xiaohong
xiaoguang
xiaofei
xiaofang
xiaodai
xiaochen
xiaochao
xiaobudian
xiaobing
xiaobao
xiaobai
xiao
xiangni
xianghu
xiang123
xfs
xerox
xbox360
wzswzs
wyl
wyj
wwwrun
www163com
www123456789
www.y9idc.com
www.jx163.com
www.esin.com
www.7x24.cn
www.126.com
wuxiuying
wss
ws123456789
wqwqwqwq
wq5201314
wq123456789
wphd123
wphd
wozhizaihuni
wozhixihuanni
wozhiaini1314
wozhendehenaini
wozhendeaini
woyongyuanaini
woyebuzhidao
woyaoxingfu
woxiangnile
wowowowo
woshizhendeaini
woshiyizhiyu
woshiwo123
woshishui123
woshiniyeye
woshiniye
woshinimama
WOSHINIMA
woshinide
woshini88
woshimeinv
woshilaoda
woshibendan
woshiainide
woshi110
woshi007
workhard
worinimama
worinima123
wordpass
woodstock
wonderland
womendeai1314
wolfgang
wojiushiaini
wojiuaini
wohuihaohaode
wohenni1314
wohenni123
wohenni
wohenkuaile
wohaoxiangni
wohaoaini
wohaishiwo
wodeweilai
wodengni
wodemeng
wodedipan
wodebaobei
wodeairen
wodeai123
wocaonimama
wocaonimade
wocaonimabi
wocaonima123
wocao123
wocao
wobuhouhui
wobuainile
wobashiligang
woaizhuzhu
woaiyuanyuan
woaiying
woaiyangyang
woaiyang
woaixiaoyu
woaiwozj
woaiwoziji1314
woaiwolaogong
woaiwojia521
woaiwojia520
woaiwojia1314
woaiwojia123
woaiwo
woaiweiwei
woaitl520
woaitingting
woaiting
woaita1314
woaisinile
woaishui
woaishei
woaiqian
woainiyu
woainiyiwannian
woainiyisheng
woainiying
woainiyibeizi
woainiyang
woainiyan
woainixue
woainixin
woainiwei
woainiwang
woainiqq
woaininiaiwoma
woaininiaiwo
woainimm
woainimeng
woainimen
woainimabi
woainima123
woainiling
woainili
woainilaogong
woainijuan
woainijing
woainijie
woainijia
woainihui
woainihaoma
woainidan
woainibaobei
woainibaobao
woainiaa
woaini999
woaini888
woaini88
woaini789
woaini7758521
woaini7758258
woaini7758
woaini521521
woaini5211314
woaini5210
woaini521.
woaini520520
woaini52
woaini456
woaini369
woaini3344
woaini321
woaini258
woaini1989
woaini1988
woaini1987
woaini1986
woaini159
woaini1314.
woaini13
woaini123456789
woaini12345
woaini1234
woaini1230
woaini123.
woaini1
woaini000
woaini.521
woaini.520
woaini.1314
woaini..
woaini.
WOAINI
woainana
woailing
woailili
woailaopo1314
woailaogong1314
woailaogong
woaijingjing
woaijiajia
woaifeifei
woaidandan
woaibaobei
woai2008
woai1314
woai123456
wo7758521
wo5211314
wo5201314
wo211314
wo201314
wo1314520
wo123456789
wo1234567
wo123123
wm123456
wltg2010
wl5201314
wj5201314
wj123456789
wj
wise
winn2000
wingzero
windowswindows
windowss
windows98
Windows2008
windows200
windows123
windows1
willow
williams
wiiisa222
wiii2dsE
wiii2ds1
whtkqjl
whtabc123!@#
whocares
whoareyou
wf123456
wewewewe
wewe2323
westwood
westham
Wertyuio9
wertyuio
wertyu
werty
wer123456
wenwen521
wenwen520
wenwen123
wen5201314
Welcome123
weiyu371
weiweiwei
weiwei521
weiqiang
weihu
wei5201314
wei1314520
wei123456789
wednesday
websvc
webservd
weboper
webmaster
webman
weblog92
weblog9
weblog10
webaudit
webapp
webalizer
web_ftp
web
weaver
we123456
wdwdwdwd
wdswdswds
wdog
wc625799
wb123456
wawawawa
watermelon
waterfall
WASDWASD
wasd123456
was
warcraft
wapbi
wantian##*(
wangyuzhen
wangyun
wangyumei
wangyulan
wangyu123
wangyonglang
wangyongjia
wangyi
wangyang123
wangyanan
wangyan521
wangyan123
wangxue
wangxu
wangxiuzhen
wangxiuyun
wangxiuying
wangxiurong
wangxiumei
wangxiulan
wangxiufang
wangxinzhi
wangxing
wangxin123
wangxiaoyu
wangxia
wangwei520
wangtao123
wangshuying
wangshulan
wangshuang
wangsheng
wangshan
wangqin
wangqiang123
wangpengfei
wangna
wangmin
wangmei
wanglin
wangli123
wangli
wanglei123
wanglanying
wangkun
wangjun123
wangjizhou
wangjini
wangjing123
wangjile
wangjie123
wangjiao
wangjian123
wanghui123
wanghua
wanght
wanghao123
wangguizhi
wangguizhen
wangguiying
wangguixiang
wangguirong
wangguilan
wangguifang
wangfengying
wangfenglan
wangfei123
wangdan
wangchunmei
wangchao123
wangbo
wangb
wang7758521
wang5211314
wang5201314
wang4040955
wang2008
wang1990
wang1988
wang1986
wang1985
wang1314520
wang1314
wang123456789
wang12345
wang123123
wan5201314
wan1314520
wan123456789
wan123456
waini521
waini520
waini1314
waini123
wagon
wa123456
w987654321
w7758521
w5211314
w4cuvji2
w2e3r4t5
w1w1w1w1
w147258369
w1314521
w1314520
w123w123
w123456w
w1234567890
W12345678
w12345
w123123123
w111111
w
vvvvvvvv
vvv888
vscan
vpxuser
vodafone
vladimir
vivian
visual
vision
virginia
vipnew
vip
vincent
victor
vgyukiop
verygood
vcsa
vbvbvbvb
valentino
valentine
valencia
vacation
uuidd
uucp
usr_ins
username
user4a
user123
upguser
update
unlock
university
universal
united
unite
unionmon
undertaker
umbrella
uip
ufsoft
ufida
ucdos
u8u8u8u8
u7i8o9p0
tzwadmin123
tzd
tytytytyty
tytytyty
tyinfo
tyidc
ty654321
twilight
tuxedo
turbo
tttttt
tt790618
tt5201314
tt123
tt068
tt
tssx
tsserver
tsinghua
ts
truelove
tropical
trista188#**
trewq12345
trend
treasure
tqtwffgcc
tp123456
tottenham
topnet
tongyong
together
tnt
TnHoo15862380404
TMD123!@#
tld
tkggja850518`1
tjdx
tinkerbell
tingting521
tingting520
tingting123
tinglove
ting5201314
ting
tiger123
tiger
TIGER
tiffany
tianyuan
tianyi
tiantiankuaile
tiantiankaixin
tiantian521
tiantian520
tiantian123
tiantian12
tiantang
tianlong
tianjin
tianfeng
tianchangdijiu
tian123456
thursday
thugstools
thirteen
thinkpad
thinking
think
theodore
thailand
tftp
tf
testuser
test1
test00
terminator
tequiero
tennis
telephone
teddybear
teamsun
tc123456
tblkspthkr
taylor
tasklist1
tasklist
taotaotao
taotao520
taotao123
taotao
tao5201314
tao123456
tangl
tang
tan123456
tamahome
taekwondo
ta783300
t839k241
t5y6u7i8
t5r4e3w2q1
t12345678
systemmaster
systemadmin
system32
system123
sysman
sysinfo
syncmaster
sync
sybase
sy_guopp
SXSXSXSX
sxg007007
sxdsxdsxd
swswswsw
swordfish
switchadmin
swimming
sweetlove
sweetheart
swdl1
svctag
suzhou@562718
suse-ncc
survivor
supernova
superjunior
supergirl
sunxiuying
sunwei
sunupsun
sunsunsun
sunsun
sunny
sunmenga1
sundy
Sunday
sundance
sun123456789
sun12345
sun
success777
success
subman
style789789
style520
style20122012
style123456
style12345
style123!@#
stunnel
student
stronger
strong
strawberry
stranger
storobs
storadm
stonecold
stone
steven
sterling
stephanie
stella
steelers
starlight
stargate
starfish
stardust
starcraft
starbucks
sst
ssssssssss
sssssssss
sssaaa
sss123456
ssmon
sshusr
sshd
ssconfig
ssadmin
ssaa
ss5201314
ss123456789
SS
sqzl
squirrel
squid
sqsqsqSQ
sqlsql1433
sqlserverpass
sqlserver2005
sqlserver2000
sqlsa
sqlpass
sqlmaster
sqladmin
sql888
sql2010
sql2008
sql2005
sql2000
sql12345
sql123
sql
sq123456
spitfire
spiderman
sparky
southpark
south
soulmate
sonyericsson
songzj
songyang
songjian
songguang
songaideng
song123456
solo
software
softball
soft
soam
snowwhite
snowball
snort
snickers
snapp
smsweb
smstemp1
smstemp
smsds
sms
smp
smokey
smmsp
smile123
smbnull
smapupd
slupdate
slipknot
slimshady
sleigh1368
skywalker
Skywalker
sky123456
skateboard
sjdf2ghjt
sj123456
siss
sino
simpsons
simileplun
shutdown
shuishui
shuijing
shuchang
shuang520
shuang
shuai123
showmethe
shoujiqb
shisp.net
shinichi
shine
shi123456
shenzhen
shenyang
shenshen
shenlong
shenjian
shenhua
shengyulan
sheng123
shen123456
shen
she123456
shclimb
shasha520
sharp
share
shanshan521
shanshan520
shannon
shandong
shamrock
shabiniqusi
sghsgh
sftp
sfmdb
sexygirl
sexybaby
sever
setup
sesesese
servman
serveradmin
Server2003
server1234ASDF
Server
serenity
serendipity
seoshiyan
senlinyan$
senlinyan
selina
seekyou
securityadmin
security
sebastian
sdwer123
sdwer
sdsdsdsdsd
sdsasdsa
sdfsdfsdf
sdfghjkl
sd
scu
scorpion
scooter
scooby
scictd9821622
scarlett
scandisk
sbsbsbsb
sb987654321
sawdsdwe
saturday
sasql
sasdsasd
sasdhs_2020
sasasasasa
sasa123
sas
sapassword
sapass
sanhe123
sanhe000~!@#
sandy
samuel
samleiming
sakura
sailormoon
sadata
sabina
sabayon
saas
saadmin
sa8888
sa888
sa666666
sa321
sa2012
sa2011
sa2010
sa2009
sa2008
sa20060876
sa2005
sa2000
sa123456789
sa1234567
sa12345
sa1234
sa123321
sa123
sa12
sa110
sa1
sa~
sa@#$%
sa@#
sa!@#
sa
s2j3l9v5
ruleeng
ruijie
ruanjian
rst_login
rrrrrrrr
rr123456
rptquery
rptapp
rpcuser
rpc
rosemary
rose
root123456
ROOT#123
rongfan66
ronaldo7
ronaldo
ronaldinho
romantic
roger
rocknroll
rochelle
robinson
robinhood
rms
RInima
rilidongl
rifhv123456
riental
richmond
richard
rewq
revolution
res_ssh
res
rertgrertg
reporter
report
renwb
ren123456
ren
register
regent
reg
redsox
redredred
redred
redapple
rebecca
realmadrid
raptor
ranglm123456
rangers1
rangers
rammstein
rainsoft
railcom
radvd
radiusd
rachel
rabbit
r5t6y7u8
qyzj
qwsaqwsa
qwqwqwqwqw
qwqwqw123
qwqwqw12
qwqw1212
qwertyuiopl
qwertyuiopasdfghjkl
qwertyuiopas
qwertyuiop789
qwertyuiop456
qwertyuiop12345
qwertyuiop1234
qwertyuiop1
qwertyuiop098
qwertyuio0
qwertyui90
QWERTYUI
qwertyu8
qwertyu123
QWERTYU
qwerty789
qwerty78
qwerty7
qwerty654321
qwerty1
qwerthjkl
qwertgfdsa
qwert789
qwert54321
qwert456
QWERT
qwerrewq
qwerfvcxza
qwerfdsa
QWERFDSA
qwer789456
qwer5678
QWER4321
qwer1234asdf
qwer123456789
qwer1234,./
qwer01234!@#$
qwer01234!!!
qwer@1234
qwer.01234
qwer!@#$
qweQWE!@#123
qwedcxzas
qwedcxza
qwedcvbn
qweasdzxc123456
qweasd2012
qweasd123456
qweASD123
QWEasd123
QWEasd!@#
qweASD
QWEasd
qweaasdzxc
qwe789456123
qwe789456
qwe654321
qwe5201314
qwe456789
qwe456123
qwe456
qwe147258369
qwe147
qwe1314520
qwe123asd!@#
qwe123asd
qwe123789
qwe123654
qwe1234567
qwe123321
qwe123,./
qwe0asd
qwe@asd123
qwe@asd
qwe@123123
qwe!asd!
QWE!asd!
qwe!@#asd!@#
qwe!@#asd
qwe!@#456
qwaszxzx
qwaszxCV
qwaszx123456
qwasqwas
qwaasz!@#
qw789456
qw5201314
qw147258
qw1314520
qw12qw12
qw12er34
qw1234er
qw123456789
qw12345678
QW12345678
qw12345
qw1212qw
qw112233
qunimabi
querty
quagga
qsx6059410172.
qsefthuko
qsd34678321
qsc123qwe
qqwwee
qqww123456
qqwoaini
qqqqqqq
qqqqqq123
qqqqqq11
qqqqq11111
qqqq123456
qqqq0000
qqqq
qqqaaa
qqq5201314
qqq123456789
qqq11111
qqii
qq987654321
qq987654
QQ976428697
qq88888888
qq888888
qq789789
qq789456123
qq789456
qq741852963
qq654321
qq521521
qq456789
qq456123
qq369369
qq258369
qq159753
qq147258369
qq147258
qq1314521
qq123789
qq123456789qq
qq1234567890
qq123456.
qq123123123
qq123
qq110110
qq100200
qq0123456789
qq0123456
qq0000000
qq.COM
qq
qpwoeiruty
qkvpoia569
qkvmlia569
qiujingni
qiu123456
qishiwoaini
qingtian
qingsong
qingshan
qingqing521
qingqing520
qingfeng
qing5201314
qing123456
qinaidewoaini
qinaide520
qin5201314
qin123456
qidian
qiaodan
qianqian520
qiang520
qiang123456
qiang123
qi123456
qazzaq
qazxswqazxsw
qazxswqaz
qazxswer
qazxswedcv
QAZXSWEDC
qazxswed
qazxsw321
qazxsw21
qazxsw123456
qazxsw12
QAZXSW
QAZXCVBNMKO
qazxcvbn
qazxcdews
qazxcdew
qazwsxqazwsx
qazwsxqaz
qazwsxedcrfvtgb
qazwsxedc2012
qazwsxedc123456
qazwsx919545
qazwsx88
qazwsx789
qazwsx778899
qazwsx741852
qazwsx741
qazwsx321
qazwsx123@#
qazwsx11
qazwsx@#$
QAZWSX
qazsedcft
qazqaz
qazhuang123
qaz789456123
qaz789456
qaz741852963
qaz741852
qaz5201314
QAZ2wsx
qaz1wsx2
qaz159357
qaz147258369
qaz147258
qaz1314520
qaz123wsx456
qaz123654
qaz123456789
QAZ123456789
qaz1234567
qaz123321
qaz123!@#
qaz112wsx
QAZ@WSX#EDC
qaz@wsx
qawsedrftgyh
qawsedr5
qawsed
qaswqasw
qaswedfr
qasw12345
qasdfrghy1
qaqaqaqa
qaqaqa
qa123456789
q987654321
q88888888
q789456123
q7758521
q7758258
q5211314
q2w3e4r5t6
q2w3e4r5t
q2w3e4r5
q1w2q1w2
q1w2e3r4t5y6u7i8
q1w2e3r4t5y6u7
Q1W2E3R4T5
Q1w2e3r4
Q1W2E3R4
Q1W2E3
q1q2q3q4
q1q1q1q1q1
q1q1q1q
q147258369
q1314521
q1314520
q12we34r
q123w123
q123q123
q123456789q
q1234567890
Q1234567
Q12345
Q123123123
q121212
q1212
q112233
q11111111
q0123456789
q000000
q!w@e#r$t%
q
pws
pw123
pvm
purple
pulse
programmer
professional
product
priscilla
princess1
prettygirl
presario
precise_
precious
ppp123456
pp123456789
power2008
power0.123
power.zhao
power.yu
power.liu
power.com
pos
popopopo
popopo
popoplilk
pop
poopoo
poohbear
ponweb
polkituser
pokemon
pok29q6666
pojaablog
poiuytrewq123
poiuytr
poiuyt
poiuy
poiu0987
poiu
poilkjmnb
poilkjmn
plplplpl
plokijuh
pleasure
please
playstation
playgirl
player
playboy123
playbar
platinum
platapp
pinkpink
pinklady
pinkfloyd
ping123456
ping
pineapple
phoenix
peterpan
peng123456
peanut
peaches
pconsole
pcap
pavilion
patrol
patrick
patricia
patience
passwords
password7
password2
password123456
password12
Password12
password11
password1!
password@123
password@
password.
Password!
Password
PASSWORD
Passw0rd
pass123456
pass12345
pass1234
Pass1234
pass1
partner
papamama
panshi0426
pangpang
pango
pan123456
pa55w0rd
p1a6s3m
p0o9i8u7y6t5
p0o9i8u7y6
p0o9i8,./
p@ssw0rd
P@$$word
p@$$w0rd
ossuser
oraprm
oracle9
oracle123
oracle1
ora9i
ora
oprofile
opopopop
Oper
opendoor
op90op90
op123456
oooooo
oooo0000
OOOO0000
ooo000
oo123456
omu
omcuser
olympic
olivia
oliver
olive
okokokokok
okmnjiuhb
okmnbhui
ok123456789
ok
oiuytrewq
office
ocscj
ocnc123
obcadmin
OAOidc123!@#
OAOidc123
oaoidc
OAOidc
oams
oamagt
oam
oa
o123456789
O0O0O0O0O0
O0O0O0O0O
O0O0O0O0
O0O0O0
nuucp
ntp
nsw
nsnsnsns99
nscd
nouser
notebook
nokia
nobody4
nobod1y
noaccess
no1444888
no1
nnnnmmmm
nn123456
NMSFTPUser
nmnmnmnm
nm123456
nji90okm
nizhidao
nishiwodezuiai
nishiwodeweiyi
nishishabi
nishi2b
niqusibani
niqusiba
Nimda
nimabi123
nikita
nihaogxfc
nihaoa
nihao521
nihao520
nihao123456
nihaiaiwoma
nightwish
nightmare
nickolas
nicholas1
nicaicai
nibashinigang
NIAIWOMA
niaishui
ni123456
Nhy67ujm
ngsjb
nfsnobody
newzealand
newpassword
newhappy
new
nevermind
nevergiveup
netview
netshield
netscreen
netscape
netnumen
netdump
netcom
nclpf2p4
nc123456
nathan
natalie
naruto
nannan521
nana5201314
named
n2000
n123456789
mysteelsoft
myspace1
mynameis
myfamily
mustang
music123
music
mushroom
murphy
muffin
mssql
msde
ms0123456
ms
mrf11277215
mqm
mpiaga1
mpiaga
mpiag27
motherfucker
mother
morrison
morgan
moonstar
moonlight
montreal
monkey123
monkey12
monkey1
monitor_
monica
money123
money1
monalisa
mole
modern
mnmnmnmn
mnbvcxzasd
mnbvcxzas
mnbvcxzaq
mnbvcxza
mnbvcxz123
MNBVCXZ
mnbvcx
mnbvc
mnbv0987
mnbv
mnb123456
mn123456
mn0099mn
mmuser
mmm123456
mmdf
mm888888
mm1314520
mm1237
mm123456789
mm108428
mlf12345
ml123456
mko09ijn
mkmkmkmk
mju76yhn
mji09123
mitchell
missyou
mississippi
mipwap
minmin520
mingtian
mingming123
ming5201314
min5201314
min123456
mima
millie
milkyway
mikemike
mike
midas
mickeymouse
mickey
miaomiao521
mhh123456
mfk
messenger
messagebus
meredith
mercury
meowmeow
meng5201314
meng123456
meng123
memories
melissa
meimima
meimei520
meimei123
mei5201314
mei123456
megadeth
MEDIA
means
meandyou
mdom
mdmcn
mdmc
mdccn
mdcc
mcu
mcppsr6
mcppmc5
mcafee
maxiuying
matthew1
martin
marshall
marlboro
market
marino
marina
marianne
margaret
maradona
maomaomao
maomao521
mao123456
manutd
mandrake
manager1
manage
mali
majiajun8888
maint
mailnull
maikuraki
maidoumaidou
magnolia
magic
maggie
maestro
maenbin1234
madrid
madison1
madison
madeline
machao
mac123456
ma123456789
ma
m5201314
m12315309
lzh
lyg
ly5201314
ly123456789
ly
lxzlxz
lxsz60652
lxd
lvfeididi
luofei520!@#123
luo123456789
luckystar
luckydog
lucky123
lucky
luckserver
lu5201314
lu123456789
ls
lrt
lr1028829
lq123456
lplplplp
lpd
lp5201314
lovingyou
loveyouforever
loveyou520
loveyou123
loveyou1
lovestory
lover123
lovelygirl
lovely
lovelovelove
lovelife
loveless
lovehate
loveforever
lovecsdn
loveable
love7758521
love5211314
LOVE5201314
love4ever
love2008
love1314a
love1314520
love123456789
love12345
louise
losangeles
lorraine
longlong123
long5201314
long123456789
lolololo
lololo
lollypop
lollipop
lol123
login
log
lmj12345
lm123456
lloveyou
lll123456
ll5201314
ll123456789
lky
lklklklk
LKJHGFDSA
lkjhgfd
lkjhg
lkjh
ljxljx
lj5201314
lj123456789
lj123456
Lj123456
lizimin
liyuzhen
liyun
liyumei
liyulan
liyuhua
liyong
liying
liyaozu
liyang521
liyang123
liyan
lixy12345678
lixue
lixiuzhen
lixiuyun
lixiuying
lixiurong
lixiumei
lixiulan
lixiufang
lixin
lixiaodong
lixia
liwen
liweinan
liwei
liverpool1
liuzhenguo
liuzheng
liuzhangzi1988
liuyuzhen
liuyuying
liuyun
liuyulan
liuyong
liuying
liuyifei
liuyan
liuxiuying
liuxiulan
liuxia
liuwei123
liutao
liushuang
liuqin
liuping
liupeng
liuna
liuming
liumin
liumei
liuliuliu
liuling
liuli
liulei
liukai
liujun
liujuan
liujing
liujianliu
liujianhua
liujianguo
liujiang
liujian
liujia
liuhuan
liuhua
liuhong
liuhao
liuguizhen
liuguiying
liuguilan
liugang
liufengying
liufeng
liufei
liufang
liudan
liucheng
liuchao
liubo
liubing
liubin
liu654321
liu1314520
liu
lituobestsanmao
litao
listen
lishuzhen
lishulan
lishuai
lirong
liqin
liqiang123
liqi
liping
linxz
linxing7778
linux123
linux
linrk520
linlinlin
linlin521
linlin520
linlin123
linlin
linkinpark
linkage125
linkage124
linkage123
linkage010
linkage001
linkage@010
linjunjie
lining
linguist
lingling521
lingling520
lingfeng
ling5201314
ling123456
lina
lin5201314
limin
limei
lilong
lilingjie1102
liling
lilin
lilililili
lilili
liliang
lili5201314
lili123456
lilei
lilanying
likelike
likai
lijun123
lijun
lijuan
lijing123
lijie123
lijie
lijianjun
lijia
lihui
lihua
lihong
lihao
liguizhi
liguizhen
liguiying
liguixiang
liguirong
liguilan
liguihua
liguifang
ligang
lifesucks
lifengying
lifeng
lifei
lifang
lidan
lichao
libo
libing
libin
liaoliao
liao123456
liangwei
liangk
liang521
liang5201314
liang520
liang123456
liang
li7xi9bgn
li7758521
li5211314
li5201314
li1314520
li12345678
li1234567
li123123
li
lhidc
lhb1126
lh222
lf123456
leonardo
leo
lenovo123
lemonade
leizm
leilei521
leilei520
leilei
lei123456
legend
leeway
led
leavemealone
leave
ldap
ld123456
lbjx9j11
lawrence
laurence
lauren
laopo5201314
laogongwoaini
laogong521
laogong5201314
laogong520
lanlan520
langlang
lan5201314
lan123456
lamborghini
ladybug
labixiaoxin
l5201314
l1314520
l000000
kzw
kxtn888cn
kuaile1314
kuaile123
kuaile
kokokoko
kokoko
knight
Knb1lQc2
km
klklklkl
kli
klapaucius
kl123456
kkkkkk
kkk52789
kkk123456
kk413200
kk123456789
kk
kjhgfdsa
kj0000000
kittycat
kitty123
kissyou
kissmyass
kissme
kissalan
Kiss2013
kiss2012
kingston
kingsoft
kingpower
kingdee
kimberly
kimberley
kim
killer123
killbill
kikokiko
kikikiki
ki89ol.
kevin123
kent
kehd
kb9zc8uxtx
kawasaki
katherine
kappa
kangyf
kangaroo
kang123456
kaka
kaixinsjh
kaixinjiuhao
kaixin123
kaixin
kaikai
k12345678
k1234567
k123456
jylk1314
jyjyjyjy
jy7654321
jx123456
justsoso
justlike
justin
junkbust
junjun520
jun5201314
jun123456
juanjuan520
juancarlos
juan5201314
jst
jspower.com
jsjs
js
josephine
joseph
jonathan
johnnydepp
johnjohn
jnstyle
jkuijkui
jkljkljkl
jkl123456
jkjkjkjk
jk123456
jjjjjj
jj5201314
jj123456789
jiushini
jiujiujiu
jisuanji
jiok98001
jinsheng
jinjinjin
jingling
jingjing521
jingjing520
jingjing123
jing5201314
jing1314520
jing123456
jing006010
jijijiji
jiejiejie
jiejie520
jiejie123
jiejie
jie5201314
jie1982
jie123456
jiarenqb
jiaojiao521
jiaojiao520
jiankong
jianjiandandan
jiangyan
jiangxin
jiangshan
jianglong
jianglei
jiangjie
jiangjian
jianghui
jianghua
jiangbin
jiang5201314
jiang520
jianfeng
jianfei000
jialei
jiajiajia
jiajia521
jiajia520
jiajia123
jia5201314
ji394su3
ji123456
jhnx151015
jfweb
jfjscy8767
Jfew3289
jesuschrist
jesus1
jerome
jefferson
jdheh421
jd
jc123456
jb85811510
jaychou
javazfj1jie
javascript
javajava
jasper
jasmine
jasajasa
japanese
jamesbond
james123
jacqueline
jackson1
jackjiones
jackie
jack123456
ja8yc8uxsx
j2mv9jyyq6
j1234567
iwww
iverson3
iverson
iuytrewq
itoolftp
itmanager
itm6
itm
it123456789
ismg5
isabelle
isabella
irc
IPWG
ipsec
ipc
iom
ioioioio
invscout
internal
inmsinms
ingtake1
infox
information
infinity
ineedyou
index0088
independent
imthebest
immortal
iloveyouforever
iloveyou7
iloveyou521
iloveyou5201314
iloveyou!
ILOVEYOU
iloveu
ilovethisgame
ilovesex
ilovemyself
ilovemyfamily
ilovemom
ilovejesus
ilovejay
ilovejason
ilovejames
ilovehim
ilovegod
ilovedan
ilovecsdn
ilovechina
iloveadam
iiiiiiii
ident
idczz123
idcuser
idcji2010
idcidcok
idc9aewr42
idc925111
idc800888
idc46121
idc200999
idc123&123
idc11
idc0514
idc0123.0
idc0123
idc0001
idc0.1
idc0.01
idc!@#
idc!!@@##
idc
icpcn112200
ichliebedich
icecream
icandoit
ic
ibnms2
ibnms
ibmpm200
ibmer
i97wb6sxq7
hzz518899
hzu
hyhyhyhy
hyghyghyg
hy
hx123456
hw
huyunqiao
HUJIKOLP
huiyuanai
huihui520
huihui
hui5201314
hui123456
huhuhuhu
hueb
huawei123
HUAWEI
huanying
huanxiang
huanjue321
huanhuan521
huanhuan520
huangying
huangxiuying
huangkai
huangjin
huanghui
huanghua
huanghai
huangchao
huang5201314
huang520
huang1314520
huang123456789
huang1234
huang
huaihuai
huahuahua
huahua
huachen1258zz
hua5201314
hua123456
hu123456789
htt
ht123456
hr
hpsmh
hpdb
hp123456
hp_zxq
hp_wangning
hp_nzs
hp_ny
hp_lifeng
hp_heya
hp
houjj
hope
hongjuan
hong5201314
hong123456
honeybee
homework
hollywood
holdapp
holahola
hogwarts
hlwj0519-1205.jf
hjs
hjhjhjhj
hilaryduff
hibernate
hhxxttxs
hhhhhhhhhh
hhhhhhhh
hhh123456
hh123456789
hgx1234
hg
heserver
hermione
hercules
hengheng
henaihenaini
hellosa
hellomoto
hellokitty
hello1
hellfire
hehehehe
heather
he123456789
HBSqaz@123
hb123456
hathaway
harvey
harrison
hardcore
harbour
happyhappy
happygirl
happyeveryday
happy520
happy2013
happy2010
happy2009
happy2000
happy12345
haoxiangni
haopengyou
haohaoaiziji
haohao123
haohao
haohaizi
haobai
hao5201314
hao456250
hao123456789
hao12345
hanlinfeng
hanjian
hangzhou
HangZhou
hanghang
hamilton
halt
halloween
hallmark
haldaemon
haiyang
haitao
haina
haier
hai123456
hacnms
hacluster
h5201314
gzidc!@#
gzidc!!@
gzidc!!#
gym
gygygygy
gutengda
guozq
guoxw
guoxc
guoqiang
guoliang
guoguo
guocj
gunnimabi
gundam
gulong
gujinbiaoaa
guardian
guanliyuan
guangguang
gsp
gs
greentree
green123
greedisgood
grasp
gps
gprs
goyj2010
gotohell
gorillaz
gorgeous
gopher
goodgood
goodgirl
good123!@#
good.123
goo78leeg
gonzo1982
gonzalez
gongyb
goldfish
golden
gogogogo
gogogo
godzilla
godlovesme
godislove
godfather
godbless
gmm
gmaj
gjxhsgjxhs
gis
girlpower
girlfriend
ghost
ghghghgh
gggggg
gfgfgfgf
gertydrj
gerrard8
gerrard
geoffrey
genius
gedingfeng1102888
gdm
GCDRZCJF
gbgbgbgb
gaoqiang
gaofeng
gao123456789
gangster
ganggang
galaxy
gabrielle
g86ua5qsn5
g123456789
g123456
g
fy641213
fy123456
fx123456
Fuyume123
fullmoon
fuckyou1
fuckyou!
fuckfuck
fuck
fu123456
ftpsecure
friendship
friends
frenzy673954
freestyle
freedom1
freebird
fredfred
frederick
fred
franklin
founder
forever21
forever1
football1
focus
flyinsky
fly
florence
flamingo
fksdde7039
fishfish
firstlove
firewall
fireball
finalfantasy
fighting
fgfgfgfg
ffflufei
ffffffffff
ffffffff
fernando
fengzi
fengxiaofeng
fengpeng
fengling
fengjian
feng5201314
feng19831
feng
felicity
feishuvps000idc
feifeifei
feifei520
fei5201314
fei123456
fdsazxcv
fdsafdsa
fdfdfdfd
father
fantasy
fantastic
fantasia
fangyuan
fangyouc
fangyou
fangfang520
fang5201314
FANG123456
fan123456
family
faithful
factory
fabulous
fabricadmin
fa1681688
f76t93nqk3
f246865h
f19841205
f123456
EZidz123
ezidc123
Ezidc123
EZidc
eyesonme
ewsdewsd
ewq1rew2tre3
eweb
evolution
everton
eudemon
eternity
esinidc
esincs
esin888
esin.com
esaadmin
eringm
erererer
epon
enter
eniq_adm
english
england
engine
emu
ems
emmanuel
emcer
eleven11
electric
eladnbin1104
eis
efjt
education
editor
edison
edededed
edcxswqaz
ecuser
ecftp
ecc
ebo
eagle
e65r82kni2
e2345678
dxwg4A
dx123
dwhrep
dw123456
dulk
duke
duibuqiwoaini
duibuqi520
du123456
dsl
dsg
dsdsdsds
dsc
ds760206
drowssap
dreaming
dream
drake
dragonfly
dragonball
dqr
doudou
dos
dongming
dongke
dongjs
dongdong520
dongdong123
dong123456
dominique
dolphin
dns99+588
dmw
dldldldl
dj5201314
dj123456
distcache
dirdirdir
dinosaur
dingdong
dingding123
ding123456
digital
digi
dictionary
diaosz
diamonds
diamond
diablo
dhcpd
dgdg7234322
dg123456789
df000000
desedese
deoogulhk
deng123456
delphi2009
delphi
Dell123456
dell
delicious
dededede
deathnote
ddzj49nb3
ddzj39cd9
dddddddddd
ddddddddd
dddd
ddd
ddcuser
dcuser
dcdata
dc
dby123456
dbuser
dbus
DBSNMP
dbserver
dbadmin
dba
db2inst2
daydayup
david8888
daughter
dasadm1
darkness
darkangel
daohaozhesi
daohaosiquanjia
daohaodecaonima
daohaocaonima
dangyuan
dandan521
dandan520
dandan123
dancer
dan5201314
dakota
dai123456
daemon
dadadada
da123456
d54q7xjmhx
d54p7xjkha
d123456
czyczy
czs
cyq721225
cxcxcxcx
cutegirl
cucumber
csw123456
csdnmima
csdncsdn
csdn2010
csdn2009
csdn123456
csdn1234
csdn.net
cscscscs
cs
cron
crm
cristina
cristiano
creative
crccom
crazygirl
cptbtptp
cpic1234
cowboys
courtney
counter
cornelia
coolgirl
coolcool
converse
connor
congxinkaishi
confidence
conadmin
complicated
complex
comeonbaby
comeon
columbia
coldplay
coa
cns
cnnip
cnforyou
cndkervip
cn835312
cmwcmw
cloud
clifford
clidc
clens21563sf
clarinet
clarence
cl123456
cjfcjf
cj7152821
cimsrvr
chunchun
christopher
christie
chris123
chrdwhdhxt
choupiwang
chongxinkaishi
chocolate1
chnapp
chinese
chinchin
chinayixun
Chinawidc168
Chinaidcw
chinaidcok
chinaidccsx
chinaidcccs
chinaidc
chinachina
china6815
china35idc
china2008
children
chicken
chi
chester
cherry
chenyuying
chenyun
chenyulan
chenyan
chenxiuzhen
chenxiuying
chenxiulan
chenxing
chenxia
chentao
chenqian
chenmin
chenmei
chenlin
chenli
chenjun
chenjuan
chenhui
chenhuaizhong
chenhua
chenguiying
chenguilan
cheng520
cheng428
cheng123456
cheng
chenfei
chendong
chenbo
chenbin
chen5201314
chen1314520
chen123456789
chen
chemistry
chemical
chelsea1
checkman
charming
charmaine
charlie1
charlene
chao123456
changjiang
Change_me
chang123
chandler
cfcfcfcf
cf123456
cet333333
ceo
center
cena123456
celtic1888
celtic
cdr
cde34rfv
cdcdcdcd
cctv]
cctv
ccfeng66131421
cccccc
ccc123456
cc5201314
catherine
cassie
cassandra
casper
casanova
carpediem
caroline
carolina
carlos
cardinal
capricorn
caonimei
caonimade
caonimab
caonima521
caonima520
caonima1314
caonima110
caonima,./
caocao
candyman
candy123
campbell
cameron
calvin
callum
california
c44n6vijgc
c3df32ea
c120696363520
by7704566
buzhidao123
buzaiaini
burks8209
burberry
bullshit
bulibuqi
buildcrm
budebuai
bubbles
bs
brooklyn
braveheart
brandon
brain
bradpitt
boyfriend
boston
bossftp
boshigangchang
boot
booboo
bonnie
bocogo
boco
bnm123456
bnbnbnbn
bmsftp
bluestar
bluesky
bluemoon
blueeyes
blueblue
bluebird
bluebell
blueangel
blizzard
blessing
blessed1
blackrose
blackjack
blackcat
bkgroup
bit
binlog
binbinbin
binbin123
binbin
bin123456
billing
bianhao89757
BHBHBHBH
bgw
Bgt56yhn
bethany
bestfriend
best
benq
benben
beijing
beibei521
beibei520
beibei
beckham
beatrice
bearbear
bc123456
bbscsdnnet
bbs
BBBBBBBB
bbb123456
bb5201314
bb123456789
bb
batman
batistuta
basswap
basicswitchadmin
baseball1
barney
barcelona
baoda
baobeiwoaini
baobei5211314
baobei1314
baobei123
baobaowoaini
baobaobao
baobao123
bao5201314
bao123456
banyz
bangongshi
bangbangtang
bangbang
bam
bakhn524d
baison
baidu1599
baidu.com
bai18dudu
bai123456
badminton
backstreet
backspace
backerhack123
backerhack
babylove
babygirl1
babyface
babydoll
babyblue
babybear
babybaby
baby5201314
baby
babamama521
babamama520
b33m6yghef
b123456
azsxdcfvgbhnjm
azsxdc
azerty
azazazaz
azazaz
az123456789
axs8873w
AWSEDRftgyhuJIKO
awdsawds
awdrgyjilp
aw123456
avrillavigne
avahi-autoipd
avahi
autoexec
auth
austin
audit
attitude
atlantis
aszxdfcv
aszxaszx
asxzasxz
astonvilla
asshole1
asshole
assassin
asg
asdzxc123456
asdwasdw
asdw123456
asdw1234
asdfvbnm
asdfrewq
asdfjkl
asdfgtrewq
asdfghjklp
asdfghjkl123456
ASDFGHJKL123
asdfghjkl12
asdfghjkl1
asdfghjkl0
ASDFGHJK
asdfgh123456
asdfgfdsa
asdfgasdfg
asdfg456
asdfg123456789
asdfg123456
asdfg1234
asdfdfdf
asdfasdfasdf
asdf4321
asdf123456789
asdf1234!@#$
ASDF1234!@#$
ASDF1234
asdf!@#$1234
asdf!@#$
asddsaasd
asddsa
asdasd33
asd789456
asd7758521
asd654321
asd5201314
asd456789
asd456123
asd456
asd159753
asd159357
asd147258369
asd1314520
asd123789
asd123654
asd123456asd
asd1234567
asd1234
asd123@#
asd123..
asd123,./
asd123!@#
asd00000
asd@1234
asd@123
ASD.123
asasasasas
ASASAS
as789456
as5201314
as456789
as456123
as147258369
as147258
as1314520
AS123456789
as1234567
as123321
arsenal1
arsenal
argentina
aqwsaqws
aquarius
aquamarine
aqswdefrgt
aqaqaqaq
aqaqaq
aq1sw2de3
aq123456789
aq123123
appmon
applepie
appleapple
appjfby
appjf
appcrm2
appcrm1
appcrm
appcj
appadm
APP
ap123456
aoyun2008
aoidc
anypass
anycall123
anthony1
anthony
anta
anon@ymous.tw
annabelle
angie
angels
angelina
angelica
angeleyes
angelbaby
angela
angel123
angel1
angel
andyandy
andromeda
anderson
anastasia
anainima
anada325!@#
an123456
amuqdedwft
amp12345
amos
amoremio
amethyst
american
alexandra
alex
alessandro
aladdin
akatsuki
ak123456
aiziji1314
aiziji
aiying1314
aiyigerenhaonan
aiwobiezou
aiwo1314
aiuap
aisuper
aistar123<>!N
aishiteru
aishangni
ais
airforce
aipgd
aipcti
ainiyongyuan
ainiyisheng
ainiyibeizi
ainiwuhui
ainidewo
ainideren
ainibubian
ainibaobei
ainiaini
aini5201314
aini3344
aini1314521
aini1314520
aini1314.
aini123456789
aini123456
aili1314
ailaopo1314
aijing1314
aiinter
ai7758521
ai5201314
ai1314520
ai123456789
adrienne
admintus
adminsa
administrators
adminabc
admin79
admin78
admin75
admin63
admin47
admin321
admin32
admin297
admin282
admin234
Admin2013
admin13906271234
admin125
admin123@#
aDmin123
AdMin123
Admin@huawei.com
ADMIN@123
admin@#
admin*123
admin$123
admin$
admin!@#$%^
Admin!@#
ADMIN
adidas
adapter
adam
aceracer
acer
accpaccp
abwdxwtz
abcdefghijk
abcdefg1234567
abcdefg12345
abcdefg1234
abcdefg1
abcdef1234
abcdeabcde
abcde123456789
abcde123456
abcd987654321
abcd789456
abcd654321
abcd5678
abcd5201314
abcd456789
abcd36888
abcd147258369
abcd147258
abcd13579
abcd1314520
abcd1314
ABCD123456789
abcd12345678
abcd1234567
abcd1234!
abcd-1234
abcd123321
abcd123123
ABCD123
abcd0123
abcd@1234
abcabc123
ABCabc123
abc987654321
abc987654
abc88888888
abc88888
abc888
abc789456123
abc789456
abc7758521
abc7758258
abc666666
abc654123
abc651114
abc54321
abc520520
abc258369
abc159357
abc147258369
abc13579
abc1314520
abc123789
abc123654
abc123456abc
abc1234
abc123,./
abc123!@#$^
ABC123
abc000000
abc@1234
abc!@#123
ab1314520
ab12345678
ab1234567
Ab123456
ab123123
aasd123456
aasd.12345
aaron
aabbccddee
aabb123456
aaasssddd
aaasss
aaaqqq123
aaabcabc
aaabbb123
aaaaaaa1
aaaaaaa
aaaaaa5061313
aaaaaa123456
aaaaaa111111
aaaaaa11
aaaaa12345
aaaaa123
aaaaa
aaaa8888
aaaa123456
aaa654321
aaa5201314
aaa456789
aaa222
aaa147258369
aaa147258
aaa135246
aaa1314520
aaa123aaa
aaa12345678
aaa1234567
aaa123321
aaa123!@#
aaa111111
aaa000000
aaa000
aa789456
aa654321
aa520520
aa1314520
aa123654
aa123456aa
AA12345678
aa1234567
Aa111111
aa100200
a999999999
a9876543210
a963852741
a89400ab
a88888888
A88888888
a8888888
a88778877
a789789
a789456123
a7777777
a77493618
a741852963
a5845201314
a520520aa
a520520520
A5201314
a369258147
a369258
a258369
a23456789
a2345678
a1s2d3f4g5h6
a1s2d3
a1b1c1d1
a1a2a3a4a5a6
a1a2a3a4a5
a1a1a1a1
a147852369
a123b456c789
a123b456
a123b123
A123a123
a123654789
A123456A
a123456987
a12345678a
a123456789b
a1234560
a123456!
A123456
a1234.1234
a12301230
a1230123
a123000
a123.321
a1111111111
a100200
a0123456789
a0000000000
a000000000
a@123456
9o0p-[=]
9i9i9i9i
9i8u7y6t
999wf
999999999a
9999999998
9999999990
99999998
9999900000
99995555
99991111
999666
9992000
999000
999
99889988
9988776655
99819981
9981
996633
9960
990123
9898998
9898989898
988888888
98787
9878
98769876
987654321qwe
987654321qq
987654321qaz
987654321abc
987654321aa
98765432123
9876543210a
-987654321
987654320
98765431
98765321
-98765
98764321
98761234
98741236
987321654
987321
987123456
987123
986753421
9861250123
98188729
97654321
976431852
969696
963852741a
96385274100
96321478
9632147
963.963.
963.8520741
96111111
960806
95959595
953139
95313
9527999!!!
9527
95217
952
951753456
951753123
951357
933
9182736455
90op90op
90987
9098
90909098
9090909090
90332773
9033
9000000
8uhbnji9
8ik,9ol.
8i8i8i
8989898989
896352639
895623741
891129aaa
891023hh
89080620084
8899
88982866
8890
8889999
888999000
888899999
88888999
88888899
8888888a
88888889
8888888899
8888888889
888888881
888888880
88888887
88888881
88888880
88888866
88888800
88888168
88887777
8888666
88885555
88884444
88883333
88882222
8888168
88881234
88881111
8882009
8882008
8882006
8882003
8882000
888
88778877
88776655
88771024
8877
886886886
88668866
885522
88488848
8848
882627.8
88123456
880128
880127
88008800
88
8787878787
87654322
87654321a
876543219
87654312
87654123
870903114
8686886
86680101
8630516boss
85411165
852963741
852963
852852852
852852
852799!!!
852741
8522
84821742
846528ydt
84423196
840425
840328
83869247
83383325
831101qsl
8288
82828282
826826826
82537724
82468246
820927
820213
81915944
81828384
81592109
812345678
81234567
811009
80908090
8012160713
801212
80119
801078604
800800800
800201
80008000
80000000
80
8.52457E+11
8.30721E+11
7ujm8ik,
7daysinn
797979
7946138520
794613258
7914888
790709
790611
790528
790297648
790203
789qwe123
789qwe&*(
789987789
789852123
789852
78978978
7896541230
789632147
789512357
78951230
789456qwe
789456asd
789456abc
789456123q
789456123abc
789456123a
78945612300
7894561
78945600
7891234560
78907890
7890123
7878787878
7869616
784951623
784512963
78157878
780429
7788999
778899123
7788521521
77885210
77881230
77788899
77779999
77777778
77776666
7772009
7772008
7758522
7758521aa
775852188
7758521456
7758521241
775852121
7758521125
7758521110
775852111
7758521..
7758520520
7758258qq
775825888
7758258521
7758258369
77582581314
7758258110
7758258000
775825800
775201314
7715123
771126
771102
771020
770880990
7708801314
770520
76787678
76767676
767676
7654321q
7654321`
761127
753951852
753951123
75395100
752883855
75237523
7510147433
748748748
748596123
74747474
7474741
745201314
74511940
742141189
741852963a
74185296300
741258
741236987
74123698
7412369
74108520963
7410852
7410258963
7374521
733833999
731731731
731129
730901
730428
729729729
7215211314
718293456
70701111
700704
700629gh
7.89457E+11
7.84534E+11
7.75852E+12
7.53952E+11
7
6yhnmju7
6y7u8i9o
6tfcvgy7
68973435779
68856636
6868686868
6868668
67899876
67896789
67891234
6789012345
678678678
6767676767
676767
66889900
66888888
6677889900
66700388
66688899
66688888
6668888
66688800
666777
666688888
6666699999
66666668
6666666
66666
66665555
66663333
66661111
66660000
666333
6662009
6662008
6662000
662766
66079350
6565656565
656565
654654654
654654
654321qweasd
654321qwe
654321qw
654321qq
654321qaz
654321qa
654321q
654321aa
6543211qaz@WSX
65432111
646656xz7
6368656
63636363
636363
6308
630158513
624624624
623623
6230
62
619030475
614614614
6111
60729043
602602602
60200946
601601601
60106010
6.66667E+11
5tgbnhy6
5t4r3e2w1q
5i5i5i5i
5ds65tr5as
59595959
59505950
594201314
589632147
588888888
58888888
588588588
5858588
5858585858
5845203344
5845131421
5845131420
58451201314
5843344521
5843344520
584334421
584251314
5841314920
5841314
5841201314
581166701
58080596547
56tyghbn
568568568
567891234
5678910
5678901234
567890
5656789
56567878
5656565656
5656
56545654
563214789
56215487
560111aa
556688op
55668899
556677889
5566123
55588888
555666888
55559999
55557777
55555333
5555500000
55554444
55552222
55551111
55550000
555
5544332211
55201314
551648586
55
5488142
546546546
54565456
545454
5454
545007273
54321qaz
5432167890
543212345
54185418
541236987
54107338
53589793
53215321
5301314
52771314
527527527
5271314
526526526
5261314
525252
5251314
523698741
521laopo
5217758521
5217758
5.21522E+11
5215211314
5215210
521478963
5213713752
521224727
5212009
5212008
5212006
5212003
5212000
521131488
5211314789
52113147758
5.21131E+13
5211314520
52113143344
521131421
5211314123
52113141
5211314000
521131400
5211314..
5211258
5.21126E+11
5211251314
521123456
52111314
5211111
52100000
5210000
521
520woaini
520fagnsg
52088888
5208888
5207758258
5207758
5205301314
52052052
520520123
52052000
5205200
5203344520
520201314
5202012
5202011
5202010
5202009
5202008
5202007
5202006
5202005
5202004
5202003
5202002
5202001
5202000
5201989
5201988
5201987
5201986
5201413
5201315
5201314zhang
5201314z
5201314yy
5201314yu
5201314yang
5201314yan
5201314y
5201314woaini
5201314wei
5201314wang
5201314wan
5201314w
5201314ok
5201314mm
5201314love
5201314ll
5201314li
5201314l
5201314asd
5201314as
5201314abcd
5201314aaa
5201314999
5201314920
52013149
5201314888
5201314886
520131478
52013147758
520131477
520131466
520131455
5201314521
520131452
5201314258
520131422
5201314168
52013141516
520131414
520131412
5201314110
52013140000
5201314+
5201314...
5201313
52012345
5201234
520123123
5201111
520090025hgb
520025520
5200000
520@1314
520.1314
5188888
51851888
516516516
515151
513tyml.com
513513513
51166701
510510510
510406030
508508508
507507507
504504504
503503503
5021314
501501501
5000000
5.84521E+11
5.84131E+11
5.20131E+11
4r5t6y7u
4r3e2w1q
4aadmin
492357816
4867086
47
4654654
46
45874587
456987
456852852
456852456
456852123
45685200
45683968
456789asd
456789abc
4567891230
45678912
4567890123
4567890
45674567
4567
45654565
4564564
456123abc
4561237890
456123456
456123123
45612312
456
4545454545
4545
4455667788
44446666
44445555
4444444
44443333
43434343
43420024
4321qwer
4321ABCD
43218765
43215678
43214321
43211234
4294967296
4202000
42011178
416416416
415415415
415263
412412412
411192710
410410410
408408408
406406406
405405405
403403403
402402402
401401401
4.56853E+11
4.56789E+11
3HIDC!!#
3H8IDC72sanhe000
3gqq.com
3G
3edcxsw21qaz
3edcvgy7
3edcvfr4
3edc
3e4r5t6y
395835961
383838
38183818
3815151
3764
37214728
3721
3714261985
36988888
36987412
3698741
3698521470
3693903
36936936
369258147a
36925814700
36925814
365obsserver!
365
363636
361
360360360
357159
353535
35201314
34erdfcv
3456789
345678
3456
345345
34373
343434
3434
3389style
33787943
33669988
3366994qaz
33669900
33668899
3345678
33455432
3344556677
3344521521
3344520520
33445200
3344179
3344
334205265
333888
333777
333666888
33355555
333444555
333444
33339999
33337777
33335555
3333388888
33332222
33331111
33330000
33123456
326598
326326326
326159487
325325325
32345678
32343234
3232323232
3232
321abc
3216732167
321478965
32145678
32132132
32132100
32123212
32103210
321.abc
3203672
319319319
31496081
314314314
31415927
3135134162
31313131
3113388
3106028011
3100
31
309309309
308308308
30798764681
307307307
306306306
305488940
305305305
304304304
303303303
303030
302302302
301301301
3000000
3.69369E+11
3.36699E+11
3.34452E+13
3.14159E+15
3.1415927
3.01416E+11
2WSXZAQ1
2wsx1qaz
2w3e4r5t6y
2w3e4r5t
2w2w2w2w
2sqlserver2000
2999811983
2876180com
2870873859
282828
2718281828
27182818
27105821
26511314
262626
261412
26
259695
25897758
258963
258852
25836900
2582597758
2581314
258000
258
254044375
25262526
2.51314E+11
250976046
2503687
2501314
246813579
24681013579
2468101214
246802468
24242424
235689741
235689147
2345678910
2345678901
23456781
234561
23456
23454321
23452345
2345
234234234
234234
23232345
2323232323
2323
23212321
2312
2269439999
22558800
2244
223456789
22345678
22336688
2233445566
222555888
222333444
22229999
22228888
22227777
22226666
22225555
22224444
2222288888
2222211111
22222
22220000
222111
222
221221221
22
21wqsaxz
21vianet!@#
21882188
2188
21876346a
216216216
21436587
214214214
213546879
213456789
213213
21232123
2121521
2121241
2121212121
2121
21122112
209209209
208208208
207207207
206206206
205205205
204204204
202202202
2020520
2014520
2013woquni
2013style
2013happy
2013520
2.01314E+11
20131415
20131400
2013104quni
2013@2013
2013.happy
2012zxc
2012style
2012qwerasd
2012qwer1234
2012qweasd2012
2012qwe
2012happy
2012asd
2012abcd
2012abc
2012888
2012520
20122013
2012123
20121221
20121212
2012@2012
2012
2011888
2011520
20112012
2011123
20111111
2011111
2011
2010comer
2010888
2010520
20102000
2010123
20101010
2010001
20100000
2009888
2009520
200919ab
2009163
2009123
2009111
20090101
2009001
2008woaini
2008999
200888888
2008888
200888
2008666
2008521
20085201314
2008520085
2008520
2008518
2008512
2008200
20081990
2008168
2008163
2008126
2008123
2008111
2008110110
2008110
2008101
20080101
2008008
2008007
2008002
2008001
2008000
2007520
20072006
20072000
2007163
2007123456
2007123
20070101
2006888
2006521
2006520
20062000
2006126
2006123
2006
20052003
20052002
20052001
20052000
2005123
20051115
2005
20042002
20042000
2004123
200401265
20032001
2003123
2003
20022000
2002123
20021212
2002
2001
20002010
2000123
2000008
2000000
200000
2000
2.58258E+11
2.0092E+11
2.0082E+11
2.0072E+11
2.0052E+11
2.00505E+11
2.0032E+11
2.0002E+11
1z2x3c
1w1w1w1w
1rtj689d
1r2t3y4u
1qwertyuiop
1qwertyu
1qwedcvbnm
1qw23er45t
1qw23er4
1qw21qw2
1qazzaq1
1qazxsw23e
1QAZXSW2
1qazXSW@3edc
1qazXDR%
1qazxcvbnm
1qazxcvb
1qazse4rfvgy7
1qazse4rfv
1qazse45
1qazse432w
1qazse432
1qazse4
1qaz741
1qaz3edc
1qaz2wsx#EDC
1qaz123456
1qaz@WSX2012
1qaz@wsx#edc
1qaz@2wsx
1qasw2
1qasde32
1qa2ws3ed4rf
1q2w3e4r5t6y7u8i
1q2w3e4r5t6
1q2w3e4r5
1Q2W3E4R5
1q2w3e4R
1q2w3e,./?><
1Q2W3E
1q2w1q2w
1q2w#E$R
1q2w
1q21q21q2
1q21q2
1q1q2w2w
1Q1Q1Q1Q1Q
1q1q1q1q1
1q
1loveyou
1h2h2h3h4h
1a2s3d
1A2B3C4D
1a2a3a4a5a6a
1a2a3a4a5a
1a2a3a4a
19999999
1999999
1999123
19990125
1998123
199771
19972010
1997123
19970701
1996123
19952008
1995123
19950812
19950601
1994520
19942008
1994123
19941128
1993520
1993123
19930906
19930328
1992520
1992123
1992111
1992
1991520
1991123
1991121
1991111
1991
1990525
1990521
1990520
1990518
1990513
1990214
19902010
19902009
1990126
1990125
1990123456
19901230
1990123
19901227
19901225
19901224
19901221
19901220
1990122
19901218
19901215
19901214
19901213
19901212
19901211
19901210
1990121
19901206
19901130
19901129
19901128
19901127
19901126
19901125
19901124
19901123
19901122
19901120
1990112
19901117
19901115
19901112
19901111
19901110
1990111
19901105
19901102
19901101
1990110
19901030
19901029
19901028
19901027
19901026
19901025
19901024
19901023
19901022
19901021
19901020
19901019
19901018
19901017
19901016
19901015
19901014
19901013
19901012
19901011
1990101
19901008
19901003
19901002
19901001
19900916
19900910
19900824
19900820
19900818
19900811
19900801
19900718
19900711
19900707
19900624
19900526
19900525
19900523
19900520
19900516
19900513
19900512
19900510
19900505
19900504
19900503
19900415
19900329
19900321
19900320
19900314
19900312
19900307
19900306
19900301
19900228
19900227
19900219
19900218
19900217
19900216
19900215
19900214
19900213
19900211
19900210
19900209
19900208
19900207
19900206
19900205
19900203
19900202
19900201
19900126
19900125
19900124
19900123
19900122
19900118
19900113
19900110
19900109
19900108
19900105
19900104
19900102
19900101
1989815
1989521
1989520
1989222
1989129
1989128
1989126
1989125
1989123456
19891231
19891230
1989123
19891229
19891227
19891226
19891223
19891222
19891221
19891220
1989122
19891219
19891218
19891217
19891216
19891215
19891214
19891213
19891211
19891210
1989121
19891209
19891208
19891207
19891206
19891205
19891204
19891203
19891202
19891201
1989120
198912
1989119
1989118
1989117
1989116
1989115
1989114
19891130
1989113
19891129
19891128
19891127
19891126
19891125
19891124
19891121
19891120
1989112
19891119
19891118
19891117
19891116
19891115
19891114
19891113
19891112
19891111
19891110
1989111
19891109
19891108
19891107
19891106
19891105
19891104
19891103
19891102
19891101
1989110
198911
19891031
19891030
19891029
19891028
19891027
19891022
19891014
19891011
1989101
19891009
19891008
19891007
19891006
19891005
19891004
19891003
19891002
19890929
19890928
19890927
19890926
19890925
19890924
19890923
19890922
19890921
19890920
19890919
19890918
19890917
19890916
19890915
19890914
19890913
19890912
19890911
19890910
19890909
19890908
19890907
19890906
19890905
19890904
19890903
19890902
19890901
19890830
19890829
19890828
19890827
19890826
19890825
19890824
19890823
19890822
19890821
19890820
19890819
19890818
19890817
19890816
19890815
19890814
19890813
19890812
19890811
19890810
19890809
19890808
19890806
19890805
19890804
19890803
19890802
19890801
19890729
19890728
19890727
19890726
19890725
19890724
19890723
19890722
19890721
19890720
19890719
19890718
19890717
19890716
19890715
19890714
19890713
19890712
19890711
19890710
19890709
19890708
19890707
19890706
19890705
19890704
19890703
19890702
19890701
19890630
19890629
19890628
19890627
19890626
19890625
19890624
19890623
19890622
19890621
19890620
19890619
19890618
19890617
19890616
19890615
19890614
19890613
19890612
19890611
19890610
19890609
19890608
19890607
19890606
19890605
19890604
19890603
19890602
19890601
19890529
19890528
19890527
19890526
19890525
19890524
19890523
19890522
19890521
19890520
19890519
19890518
19890517
19890516
19890515
19890514
19890513
19890512
19890511
19890510
19890509
19890508
19890507
19890506
19890505
19890504
19890503
19890502
19890501
19890430
19890429
19890428
19890427
19890426
19890425
19890423
19890422
19890421
19890420
19890419
19890418
19890417
19890416
19890415
19890414
19890413
19890412
19890411
19890410
19890409
19890408
19890407
19890406
19890405
19890404
19890403
19890402
19890401
19890329
19890328
19890327
19890326
19890325
19890324
19890323
19890322
19890321
19890320
19890319
19890318
19890317
19890316
19890315
19890314
19890313
19890312
19890311
19890310
19890309
19890308
19890307
19890306
19890305
19890304
19890303
19890302
19890301
19890228
19890227
19890226
19890225
19890224
19890223
19890222
19890221
19890220
19890219
19890218
19890217
19890216
19890215
19890214
19890213
19890212
19890211
19890210
19890209
19890208
19890207
19890206
19890205
19890204
19890203
19890202
19890201
19890130
19890129
19890128
19890127
19890126
19890125
19890124
19890123
19890122
19890121
19890120
19890119
19890118
19890117
19890116
19890115
19890114
19890113
19890112
19890111
19890110
19890109
19890108
19890107
19890106
19890105
19890104
19890103
19890102
19890101
1988888
198888
1988818
19885510
1988521
1988520
1988222
19882010
1988128
1988126
1988125
1988123456
19881231
19881230
1988123
19881229
19881222
1988122
1988121
19881209
19881207
19881206
19881205
19881204
19881203
19881202
19881201
1988120
198812
1988119
1988118
1988117
1988116
1988113
1988112
19881119
19881110
1988111
19881109
19881108
19881107
19881106
19881105
19881104
19881102
19881101
1988110
198811
19881031
1988101
19881009
19881008
19881007
19881006
19881005
19881004
19881003
19881002
19880929
19880928
19880927
19880926
19880925
19880924
19880923
19880922
19880920
19880919
19880918
19880917
19880916
19880915
19880914
19880913
19880912
19880911
19880910
19880909
19880908
19880907
19880906
19880905
19880904
19880903
19880902
19880901
19880831
19880830
19880829
19880828
19880827
19880826
19880825
19880824
19880823
19880822
19880821
19880820
19880819
19880817
19880816
19880815
19880814
19880813
19880812
19880811
19880809
19880807
19880806
19880805
19880804
19880803
19880802
19880730
19880729
19880728
19880727
19880726
19880725
19880724
19880723
19880722
19880721
19880720
19880719
19880718
19880717
19880716
19880715
19880714
19880713
19880712
19880711
19880710
19880709
19880708
19880707
19880706
19880705
19880704
19880703
19880702
19880701
19880630
19880629
19880628
19880627
19880626
19880625
19880624
19880623
19880622
19880621
19880620
19880619
19880618
19880617
19880616
19880615
19880614
19880613
19880612
19880610
19880609
19880608
19880607
19880606
19880605
19880604
19880603
19880602
19880601
19880531
19880530
19880529
19880528
19880527
19880526
19880525
19880524
19880523
19880522
19880521
19880520
19880519
19880518
19880517
19880516
19880515
19880514
19880513
19880512
19880511
19880510
19880509
19880508
19880507
19880506
19880505
19880504
19880503
19880502
19880501
19880429
19880428
19880427
19880426
19880425
19880424
19880423
19880422
19880421
19880420
19880419
19880418
19880417
19880416
19880415
19880414
19880413
19880412
19880411
19880410
19880409
19880408
19880407
19880406
19880405
19880404
19880403
19880402
19880401
19880331
19880330
19880329
19880328
19880327
19880326
19880325
19880324
19880323
19880322
19880321
19880320
19880319
19880318
19880317
19880316
19880315
19880314
19880313
19880312
19880311
19880310
19880309
19880308
19880307
19880306
19880305
19880304
19880303
19880302
19880301
19880229
19880228
19880227
19880226
19880225
19880224
19880223
19880222
19880221
19880220
19880219
19880218
19880217
19880216
19880215
19880213
19880212
19880211
19880210
19880209
19880208
19880207
19880206
19880205
19880204
19880203
19880131
19880130
19880129
19880128
19880127
19880126
19880125
19880124
19880123
19880122
19880121
19880120
19880119
19880118
19880117
19880116
19880115
19880114
19880113
19880112
19880111
19880110
19880109
19880108
19880107
19880106
19880105
19880104
19880103
19880102
1988
1987911
1987828
1987815
1987654321
1987626
1987625
1987623
1987621
1987620
1987521
1987520
1987321
1987222
1987214
19872007
198712821
19871271987
1987127
1987126
1987125
1987123456
19871231
19871222
1987122
19871208
19871207
19871206
19871204
19871203
1987120
1987119
1987117
1987115
1987114
19871130
1987113
1987112
1987111
19871109
19871107
19871106
1987110
19871031
1987102
1987101
19871009
198710086
19871007
198710
19870930
19870929
19870928
19870927
19870925
19870924
19870923
19870922
19870921
19870919
19870918
19870917
19870916
19870915
19870914
19870912
19870909
19870908
19870907
19870906
19870905
19870904
19870903
19870902
19870831
19870830
19870827
19870826
19870823
19870822
19870819
19870818
19870817
19870816
19870814
19870813
19870812
19870811
19870810
19870809
19870807
19870806
19870805
19870804
19870803
19870802
19870730
19870729
19870728
19870727
19870726
19870725
19870724
19870723
19870722
19870721
19870720
19870719
19870718
19870717
19870716
19870715
19870714
19870713
19870712
19870711
19870710
19870709
19870708
19870707
19870706
19870705
19870704
19870703
19870702
19870701
19870630
19870627
19870625
19870622
19870619
19870617
19870616
19870614
19870613
19870611
19870609
19870608
19870607
19870605
19870604
19870603
19870602
19870531
19870530
19870529
19870528
19870527
19870526
19870525
19870524
19870523
19870522
19870521
19870520
19870519
19870518
19870517
19870516
19870515
19870514
19870513
19870512
19870511
19870510
19870509
19870508
19870507
19870506
19870505
19870504
19870503
19870502
19870501
19870430
19870429
19870428
19870427
19870426
19870424
19870423
19870422
19870421
19870420
19870419
19870418
19870417
19870416
19870415
19870414
19870413
19870412
19870411
19870410
19870409
19870408
19870407
19870406
19870405
19870404
19870403
19870402
19870331
19870330
19870329
19870328
19870327
19870326
19870325
19870323
19870322
19870321
19870320
19870319
19870318
19870317
19870316
19870315
19870314
19870313
19870311
19870310
19870309
19870308
19870307
19870306
19870305
19870304
19870303
19870302
19870301
19870227
19870226
19870225
19870224
19870223
19870222
19870221
19870220
19870219
19870218
19870213
19870212
19870211
19870210
19870209
19870207
19870203
19870131
19870130
19870128
19870127
19870126
19870123
19870122
19870121
19870119
19870118
19870117
19870116
19870115
19870114
19870113
19870112
19870111
19870110
19870109
19870108
19870107
19870106
19870105
19870104
19870103
1987000
1987
1986521
1986222
1986126
1986122
1986121
1986119
19861130
1986112
1986111
1986110
19861031
1986101
19860929
19860928
19860924
19860922
19860921
19860920
19860919
19860918
19860917
19860916
19860915
19860914
19860913
19860912
19860909
19860908
19860907
19860906
19860905
19860904
19860903
19860902
19860830
19860829
19860828
19860827
19860826
19860825
19860824
19860823
19860822
19860821
19860820
19860819
19860818
19860817
19860814
19860813
19860812
19860811
19860810
19860809
19860808
19860807
19860805
19860804
19860803
19860802
19860729
19860728
19860727
19860726
19860725
19860724
19860723
19860722
19860721
19860720
19860719
19860718
19860717
19860716
19860715
19860714
19860713
19860712
19860711
19860710
19860709
19860708
19860707
19860706
19860705
19860704
19860703
19860702
19860701
19860630
19860629
19860628
19860627
19860626
19860625
19860624
19860623
19860622
19860621
19860620
19860619
19860618
19860617
19860616
19860615
19860614
19860613
19860612
19860611
19860610
19860609
19860608
19860607
19860605
19860604
19860603
19860602
19860601
19860530
19860529
19860528
19860527
19860526
19860525
19860524
19860523
19860522
19860521
19860520
19860519
19860518
19860517
19860516
19860515
19860514
19860513
19860512
19860511
19860510
19860509
19860508
19860507
19860506
19860505
19860504
19860503
19860502
19860501
19860429
19860428
19860427
19860426
19860425
19860424
19860423
19860422
19860421
19860420
19860419
19860418
19860417
19860416
19860415
19860414
19860413
19860412
19860411
19860410
19860409
19860408
19860407
19860406
19860405
19860404
19860403
19860402
19860401
19860330
19860329
19860328
19860327
19860326
19860325
19860324
19860323
19860322
19860321
19860320
19860319
19860318
19860317
19860316
19860315
19860314
19860313
19860312
19860310
19860309
19860308
19860307
19860304
19860301
19860227
19860226
19860225
19860224
19860223
19860222
19860221
19860220
19860219
19860217
19860216
19860212
19860211
19860209
19860208
19860207
19860205
19860204
19860203
19860201
19860128
19860127
19860125
19860124
19860123
19860122
19860121
19860119
19860118
19860117
19860116
19860115
19860114
19860113
19860112
19860111
19860110
19860109
19860108
19860107
19860106
19860105
19860104
19860103
19860102
198600
1986
1985520
19851231
19851222
1985121
19851209
19851207
1985111
19851108
19851107
19851031
19851009
19850930
19850929
19850928
19850927
19850925
19850924
19850923
19850922
19850920
19850919
19850918
19850917
19850916
19850915
19850914
19850913
19850912
19850911
19850910
19850909
19850908
19850907
19850906
19850905
19850904
19850903
19850902
19850901
19850829
19850828
19850827
19850826
19850825
19850824
19850823
19850822
19850821
19850820
19850819
19850818
19850817
19850816
19850814
19850813
19850812
19850811
19850810
19850809
19850808
19850807
19850806
19850805
19850804
19850803
19850802
19850801
19850730
19850729
19850728
19850727
19850726
19850725
19850724
19850723
19850722
19850721
19850720
19850719
19850718
19850717
19850716
19850715
19850714
19850713
19850712
19850711
19850710
19850709
19850708
19850707
19850706
19850705
19850704
19850703
19850702
19850701
19850630
19850629
19850628
19850627
19850626
19850625
19850624
19850623
19850622
19850621
19850620
19850619
19850618
19850617
19850616
19850615
19850614
19850613
19850612
19850611
19850610
19850609
19850608
19850607
19850606
19850605
19850604
19850603
19850602
19850601
19850530
19850529
19850528
19850527
19850526
19850525
19850524
19850523
19850522
19850521
19850520
19850519
19850518
19850517
19850516
19850515
19850514
19850513
19850512
19850511
19850510
19850509
19850508
19850507
19850506
19850505
19850504
19850503
19850502
19850501
19850429
19850428
19850427
19850426
19850425
19850424
19850423
19850422
19850421
19850420
19850419
19850418
19850417
19850416
19850415
19850414
19850413
19850412
19850411
19850410
19850409
19850408
19850406
19850404
19850403
19850402
19850401
19850330
19850329
19850328
19850327
19850326
19850325
19850324
19850323
19850322
19850321
19850320
19850319
19850318
19850317
19850316
19850315
19850314
19850313
19850312
19850311
19850310
19850309
19850308
19850307
19850306
19850305
19850304
19850303
19850302
19850301
19850228
19850227
19850226
19850225
19850224
19850223
19850222
19850221
19850220
19850219
19850218
19850217
19850216
19850213
19850212
19850211
19850210
19850209
19850208
19850207
19850206
19850205
19850204
19850203
19850202
19850201
19850130
19850129
19850128
19850127
19850126
19850125
19850124
19850123
19850122
19850121
19850120
19850119
19850118
19850117
19850116
19850115
19850114
19850113
19850112
19850111
19850110
19850109
19850108
19850107
19850106
19850105
19850104
19850103
19850102
19850000
1985
198499
1984520
19841231
1984123
19841229
19841223
19841222
19841209
19841207
19841206
19841205
19841202
19841119
19841116
19841115
19841114
19841110
1984111
19841109
19841108
19841107
19841106
19841104
19841031
19840930
19840929
19840928
19840927
19840926
19840925
19840924
19840923
19840922
19840921
19840920
19840919
19840918
19840917
19840916
19840915
19840914
19840913
19840912
19840911
19840910
19840909
19840908
19840907
19840906
19840905
19840904
19840903
19840902
19840901
19840829
19840828
19840827
19840826
19840825
19840824
19840823
19840822
19840821
19840820
19840819
19840818
19840817
19840816
19840815
19840814
19840813
19840812
19840811
19840810
19840809
19840808
19840807
19840806
19840805
19840804
19840803
19840802
19840801
19840730
19840729
19840728
19840726
19840725
19840724
19840723
19840722
19840721
19840720
19840718
19840717
19840716
19840715
19840714
19840713
19840712
19840711
19840710
19840709
19840708
19840707
19840706
19840705
19840704
19840703
19840702
19840701
19840629
19840628
19840627
19840626
19840625
19840624
19840623
19840622
19840621
19840620
19840619
19840618
19840617
19840616
19840615
19840614
19840613
19840612
19840611
19840610
19840609
19840608
19840607
19840606
19840605
19840604
19840603
19840602
19840601
19840529
19840528
19840527
19840526
19840525
19840524
19840523
19840522
19840521
19840520
19840519
19840518
19840517
19840516
19840515
19840514
19840513
19840512
19840511
19840510
19840509
19840508
19840507
19840506
19840505
19840504
19840503
19840502
19840501
19840429
19840428
19840427
19840426
19840424
19840423
19840422
19840421
19840420
19840419
19840418
19840417
19840416
19840415
19840414
19840413
19840412
19840411
19840410
19840409
19840408
19840407
19840405
19840404
19840403
19840402
19840401
19840329
19840328
19840327
19840326
19840325
19840324
19840323
19840322
19840321
19840320
19840319
19840318
19840317
19840316
19840315
19840314
19840313
19840312
19840311
19840310
19840309
19840308
19840307
19840306
19840305
19840304
19840303
19840302
19840301
19840229
19840228
19840227
19840226
19840225
19840224
19840223
19840222
19840221
19840220
19840219
19840218
19840217
19840216
19840215
19840213
19840212
19840211
19840210
19840209
19840208
19840207
19840206
19840205
19840204
19840203
19840202
19840201
19840131
19840130
19840129
19840128
19840127
19840126
19840125
19840124
19840123
19840122
19840121
19840120
19840119
19840118
19840117
19840116
19840115
19840114
19840113
19840112
19840111
19840110
19840109
19840108
19840107
19840106
19840105
19840104
19840103
19840102
1984
1983726
1983520
19831231
19831230
1983123
19831222
19831211
19831209
19831207
19831205
19831204
19831203
19831201
19831128
19831127
19831119
19831118
19831117
19831115
19831114
1983111
19831109
19831108
19831107
19831106
19831103
19831031
19831030
19831029
19831019
19831014
19831009
19831008
19831007
19831006
19831005
19831004
19831003
19831002
19830930
19830929
19830928
19830927
19830926
19830925
19830924
19830923
19830922
19830921
19830920
19830919
19830918
19830917
19830916
19830915
19830914
19830913
19830912
19830911
19830910
19830909
19830908
19830907
19830906
19830905
19830904
19830903
19830902
19830901
19830830
19830829
19830828
19830827
19830826
19830825
19830824
19830823
19830822
19830821
19830820
19830819
19830818
19830817
19830816
19830815
19830814
19830813
19830812
19830811
19830810
19830809
19830808
19830807
19830806
19830805
19830804
19830803
19830801
19830729
19830728
19830727
19830726
19830725
19830724
19830723
19830722
19830721
19830720
19830719
19830718
19830717
19830715
19830714
19830713
19830712
19830711
19830710
19830709
19830708
19830707
19830706
19830705
19830704
19830703
19830702
19830701
19830629
19830628
19830627
19830626
19830625
19830624
19830623
19830622
19830621
19830620
19830619
19830618
19830617
19830616
19830615
19830614
19830613
19830612
19830611
19830610
19830609
19830608
19830607
19830606
19830604
19830603
19830602
19830601
19830529
19830528
19830527
19830526
19830525
19830524
19830523
19830522
19830521
19830520
19830519
19830518
19830517
19830516
19830515
19830514
19830513
19830512
19830511
19830510
19830508
19830507
19830506
19830505
19830504
19830503
19830502
19830501
19830429
19830428
19830427
19830426
19830425
19830424
19830423
19830422
19830421
19830420
19830419
19830418
19830417
19830416
19830415
19830414
19830412
19830411
19830410
19830408
19830407
19830406
19830405
19830404
19830402
19830401
19830330
19830329
19830328
19830327
19830326
19830325
19830324
19830323
19830321
19830320
19830318
19830317
19830316
19830315
19830314
19830313
19830312
19830311
19830310
19830309
19830308
19830307
19830306
19830305
19830304
19830303
19830302
19830301
19830228
19830227
19830226
19830225
19830224
19830223
19830222
19830221
19830220
19830219
19830218
19830217
19830216
19830215
19830213
19830212
19830211
19830210
19830209
19830208
19830207
19830206
19830205
19830204
19830203
19830202
19830201
19830130
19830129
19830128
19830127
19830126
19830125
19830124
19830123
19830121
19830120
19830119
19830118
19830117
19830116
19830115
19830114
19830113
19830111
19830110
19830109
19830108
19830107
19830106
19830105
19830104
19830103
19830102
19830101
1983
19821231
1982123
19821229
19821228
19821227
19821226
19821223
19821222
19821221
19821219
19821218
19821217
19821214
19821213
19821209
19821208
19821207
19821206
19821205
19821204
19821203
19821202
19821201
19821130
19821127
19821126
19821125
19821124
19821119
19821118
19821117
19821116
19821115
19821114
19821113
19821112
19821111
19821110
1982111
19821109
19821108
19821107
19821106
19821105
19821104
19821103
19821102
19821101
19821031
19821030
19821009
19821008
19821007
19821006
19821005
19821004
19821003
19821002
19820930
19820929
19820928
19820927
19820926
19820925
19820924
19820923
19820922
19820921
19820920
19820919
19820918
19820917
19820916
19820915
19820914
19820913
19820912
19820911
19820910
19820909
19820908
19820907
19820906
19820905
19820904
19820903
19820902
19820901
19820830
19820829
19820828
19820827
19820826
19820825
19820824
19820823
19820822
19820821
19820820
19820819
19820818
19820817
19820816
19820815
19820814
19820813
19820812
19820811
19820810
19820809
19820808
19820807
19820806
19820805
19820804
19820803
19820802
19820801
19820729
19820728
19820726
19820725
19820724
19820723
19820722
19820721
19820720
19820719
19820718
19820717
19820716
19820715
19820714
19820713
19820712
19820711
19820710
19820709
19820708
19820707
19820705
19820704
19820703
19820702
19820701
19820629
19820628
19820627
19820626
19820625
19820624
19820623
19820622
19820621
19820620
19820619
19820618
19820617
19820616
19820615
19820614
19820613
19820612
19820611
19820610
19820609
19820608
19820607
19820606
19820605
19820604
19820603
19820602
19820601
19820530
19820529
19820528
19820527
19820526
19820525
19820524
19820523
19820521
19820520
19820519
19820518
19820517
19820516
19820515
19820514
19820512
19820510
19820508
19820506
19820505
19820504
19820503
19820502
19820501
19820429
19820428
19820427
19820426
19820425
19820424
19820423
19820422
19820421
19820420
19820419
19820418
19820417
19820416
19820415
19820414
19820413
19820412
19820411
19820410
19820409
19820408
19820407
19820406
19820405
19820404
19820403
19820402
19820401
19820330
19820329
19820328
19820327
19820325
19820324
19820323
19820322
19820321
19820320
19820319
19820318
19820317
19820316
19820315
19820314
19820313
19820312
19820311
19820310
19820309
19820308
19820307
19820306
19820305
19820304
19820303
19820302
19820301
19820228
19820227
19820226
19820222
19820221
19820220
19820219
19820218
19820217
19820216
19820215
19820214
19820213
19820212
19820211
19820210
19820209
19820208
19820207
19820206
19820205
19820204
19820203
19820202
19820201
19820130
19820129
19820128
19820127
19820126
19820125
19820124
19820123
19820122
19820121
19820120
19820119
19820118
19820117
19820116
19820115
19820114
19820113
19820112
19820111
19820110
19820109
19820108
19820107
19820106
19820105
19820104
19820103
19820102
19820101
1982
198198198
19811231
19811230
19811229
19811228
19811227
19811226
19811225
19811224
19811223
19811222
19811221
19811220
19811219
19811218
19811217
19811216
19811215
19811214
19811213
19811212
19811211
19811210
19811209
19811208
19811207
19811206
19811205
19811204
19811203
19811202
19811201
19811130
19811129
19811128
19811127
19811126
19811125
19811124
19811123
19811122
19811121
19811120
19811119
19811118
19811117
19811116
19811115
19811114
19811113
19811112
19811111
19811110
19811109
19811108
19811107
19811106
19811105
19811104
19811103
19811102
19811101
19811031
19811030
19811029
19811028
19811027
19811026
19811025
19811024
19811023
19811022
19811021
19811020
19811019
19811018
19811017
19811016
19811015
19811014
19811013
19811012
19811011
19811010
19811009
19811008
19811007
19811006
19811005
19811004
19811003
19811002
19810930
19810929
19810928
19810927
19810926
19810925
19810924
19810923
19810922
19810921
19810920
19810919
19810918
19810917
19810916
19810915
19810914
19810912
19810911
19810910
19810909
19810905
19810902
19810901
19810828
19810826
19810825
19810824
19810823
19810817
19810816
19810815
19810813
19810812
19810808
19810801
19810723
19810721
19810720
19810719
19810712
19810711
19810707
19810705
19810701
19810629
19810628
19810627
19810626
19810624
19810623
19810621
19810620
19810619
19810618
19810617
19810610
19810609
19810606
19810601
19810528
19810527
19810521
19810510
19810504
19810425
19810416
19810412
19810327
19810325
19810323
19810320
19810318
19810314
19810312
19810311
19810310
19810307
19810306
19810304
19810301
19810228
19810221
19810219
19810217
19810214
19810213
19810212
19810206
19810203
19810202
19810201
19810126
19810124
19810121
19810119
19810116
19810101
198019
19801231
19801230
1980123
19801229
19801228
19801226
19801225
19801224
19801223
19801221
19801220
19801219
19801218
19801217
19801216
19801215
19801214
19801213
19801212
19801211
19801210
19801208
19801207
19801206
19801205
19801204
19801201
19801130
19801129
19801128
19801127
19801126
19801125
19801124
19801123
19801122
19801121
19801120
19801119
19801118
19801117
19801116
19801115
19801114
19801112
19801111
19801110
19801109
19801108
19801107
19801106
19801105
19801103
19801102
19801029
19801028
19801027
19801026
19801025
19801024
19801023
19801022
19801021
19801020
19801019
19801018
19801017
19801016
19801015
19801014
19801013
19801012
19801011
19801010
19801009
19801008
19801007
19801005
19801003
19801001
19800916
19800819
19800812
19800613
19800405
19800312
19800216
19800101
1980
197912wsr
19791229
19791228
19791226
19791225
19791224
19791220
19791218
19791217
19791214
19791213
19791212
19791208
19791127
19791125
19791123
19791120
19791119
19791111
19791109
19791108
19791105
19791104
19791102
19791101
19791030
19791029
19791028
19791027
19791026
19791025
19791024
19791023
19791022
19791021
19791020
19791019
19791015
19791013
19791012
19791010
19791008
19791001
19790916
19790909
19790822
19790630
19790318
19790315
19790203
1979
19781230
19781228
19781226
19781225
19781224
19781223
19781221
19781220
19781215
19781212
19781211
19781210
19781203
19781202
19781128
19781126
19781123
19781122
19781121
19781120
19781118
19781116
19781115
19781113
19781112
19781111
19781104
19781101
19781028
19781026
19781025
19781023
19781022
19781021
19781018
19781015
19781012
19781011
19781010
19781001
19780926
19771126
19771105
19771020
19771010
1977
19760620
19740302
19691126
194983521
19491001abc
1949
1928374655
19216801
1921
191919
1912
191154120
1.89532E+11
189189189
18888888
1888888
18859297516
188188188
188
187222455
186186186
184866884
1828384858
18283848
18273645
1818181818
17951
178678789
176219444
175638080
174292xy
172839456
172
171717
17051974
16897188
1688988
168888888
1688888
1682008
16816888
16816868
16816800
1632008
162534
161616
159951159
159875321
159753aa
159753852
1597534682
159753258
159753159
159632478
159632
159487263
1593574682
1593572486
159357159
1593570
159263487
159263
159258357
159
15890193764
153624
151515
1515
147963
1478963258
1478963250
147896320
147895623
1478523690
14785236
147741
14736900
147258qq
147258asd
147258abc
147258aa
147258963
14725888
147258369z
147258369w
147258369qq
147258369qaz
147258369q
147258369asd
147258369abc
147258369aa
147258369+
147258369..
147258369*
1472583
1472580369
1472580
1456789
145236
142753869
141725
141592653
14159265
141414
1413520
141242343
13920225257
13919936479
13888888888
13888888
13860745234
1383838438
13801001020
13800138
137138139
13709394
13654006821
13628792658
13579abc
1357997531
135798642
1357924681
13579246
1357911
1357908642
135521234
13530023404
13527380230
13524678
135136137
135135
135
134567890
134135136
13324016206
133
132456
13243546
1321321
132132
1314zhiaini
1314woquni
1314love
1314aini
1314999
13149286ab
1314925
1314921
13148888
1314888
13147758521
13147758258
131456789
1314555
1314530
1314527
1314526
1314525
1314522
1314521a
13145211314
1314521123
1314521000
1314520woaini
1314520w
1314520qq
1314520q
1314520love
1314520li
1314520asd
1314520aa
1314520999
131452099
1314520888
1314520886
131452088
13145208
1314520789
13145207758
131452077
1314520584
1314520530
13145203344
131452020
1314520110
131452011
1314520025
1314520000
1314520...
1314512
1314502
13143344521
13143344520
13142659
1314250
131420520
1314179
1314168
1314159520
1314151617
13141314520
1314125
1314123
13140000
1314000
131400
1313131313
13128255707
13093313856
1305821983
12wsxzaq
12wqasxz
12wq12wq
12wedfvb
12w12w12w
12qwerty
12QWASZX
12qwas
12qw34er56ty
12qw34er
12qw12qw
12qw!@QW
12qazwsx
12q12q12q
129129129
128128
128
127127127
126126126
1259312593
12593000
12580000
125478963
12481632
1245
124124124
123zxcvbnm
123zxc456
123zhang
123z
123wsx
123woaini
123w123w
123sa
123qwertyuiop
123QWErty
123qwert
123qweqwe
123qwe63
123qwe62
123QWE456tyu
123qwe@#
123qwe,./
123qwe!@
123qqq
123qq123
123qaz123
123qaz!@#
123ewqasd
123edsaqw
123edc
123asdfghjkl
123asd456zxc
123abcdefg
123abcdef
123abcde
123abcabc
123abc456def
123abc456abc
123abc!@#
123aaa123
123aa123
123a456b789c
123a456b
123a321
123a123
123987654
123963
12388888
1238888
123888
12378945
1237890o0
12378900
1237890
1236987456
12369874123
1236987410
123698547
123698
123695847
12369
123666
123654abc
123654aa
123654789a
1236547
12365412
123654.com
1235813
1235789
1235698
1235689
123567890
1235678
123520520
1235201314
12351235
1234qwerQWER
1234qwerasdf
1234qwer!@#$
1234QWER
1234qazwsx
1234eszxcv
1234er
1234asdfASDF
1234ASDFasdf
1234asdf!@#$
1234ABCD
12348888
1234789
12347
12346899
123467890
1234678
1234656
12346
12345trewq
12345tgb
12345t
12345style
12345qwer
12345qaz
12345q
1234598765
123459
1234589
12345888
1234588
12345876
123458
123457890
1234578
1234576
123456zzz
123456zxcvbnm
123456zxcvbn
123456zxcv
123456zhu
123456zhao
123456zhang
123456zaq
123456yuiop
123456ytrewq
123456yt
123456yj
123456yh
123456yang
123456yan
123456y
123456xy
123456xxx
123456xiao
123456x
123456wu
123456woaini
123456wei
123456wan
123456uiop
123456tyh
123456ty
123456TT
123456trewq
123456th
123456t
123456sa
123456s
123456QWEASD%
123456QWE
123456qa
123456ppp
123456op
123456oo
123456nm
123456ni
123456mn
123456mmm
123456ma
123456love
123456long
123456lll
123456lj
123456lin
123456kl
123456kkk
123456jkl
123456hu
123456hao
123456gg
123456ff
123456chen
123456bbb
123456asdfgh
123456asdfg
123456asdf
123456aq
123456aini
123456ai
123456abcdefg
123456abcde
123456aaaa
123456Aa
123456a@
123456a?
123456a.
123456A
123456999
12345690
123456890
1234567yh
1234567y
1234567u
1234567qq
1234567ll
1234567l
1234567k
1234567i
1234567b
1234567ab
1234567aa
123456799
123456790
12345678u
12345678qw
12345678p
12345678ok
12345678o
12345678m
12345678i
12345678A
123456789zzz
123456789zz
123456789zxcv
123456789zxc
123456789zx
123456789zhang
123456789zaq
123456789yu
123456789yang
123456789xx
123456789www
123456789ww
123456789wo
123456789wang
123456789qwert
123456789qwer
123456789qw
123456789qqq
123456789pp
123456789oo
123456789ok
123456789n
123456789mn
123456789mm
123456789ma
123456789love
123456789ll
123456789liu
123456789li
123456789kk
123456789j
123456789h
123456789g
123456789f
123456789d
123456789bb
123456789az
123456789asdfg
123456789asdf
123456789as
123456789ai
123456789abcde
1.23457E+17
12345678998
12345678990
12345678988
1234567897
12345678963
1234567893
1.23457E+15
1234567890qwe
1234567890qq
1234567890q
1234567890-=
1234567890..
123456789+++
123456789++
123456789@#
123456789?
123456789/*
123456789/
123456789,./
123456789***
123456789**
1234567879
1234567878
1234567876
12345678123
1234567812
1234567811
1234567800
12345678@
12345678..
123456778
123456765
12345675
123456700
1234566789
123456678
123456521
1234564
1234563
1234562
1234561234
1234561230
123456110
1234560a
1234560789
123456+++
123456+
123456@@
123456@#$%
123456.a
123456.789
123456.1235
123456.123
123456,./
123456***
1234556789
1234556
1234555
1234546789
1234546
12345432
1234521
1234520
1234512
1234511
123451
1234506789
1234500000
12345000
1234500
123450
123447
1234456
1234455
1234444
12343456
1234321234
12342345
12342008
12342000
1234123
1234000
1234@abcd
1234@#$
1234.zxcv
1234.qwer
1234.com
1234.asdf
1234!@#$qwer
1234!@#$asdf
1233456
1233333
1233321
123321ww
123321a
12332188
123321520
1233214
1233212
1233211
123321...
123321..
12331
1232456
12323456
123234345
123212321
12321232
12321
1232012
1232011
1232010
1232009
1232008
1232007
1232006
1232005
1232004
1232003
1232002
1232001
1232000
1232
1231qaz2wsx
1231988
12316
123147
1231456
1231321
1231314520
1231314
123123zxc
12312388
123123789
123123520
1231234567
1231233
1231232
123123123q
1231231
1231230123
123123000
123123...
1231212
12312
1231123
1231111
123098
12304560789
1230123456
1.23012E+11
123012300
1230101
1230012300
123000123
1230000
12300
1230.1230.
1230..
123+123
123@#qwe
123@#
123.zxc
123.asd
123.789+
123.456.789.
123.456.
123.456
123.123.123
123.0123.0
123..123
123...
123,./
123,.
123$qwer
123$%^789
123#@
123!123
123!@#abc
12281228
12261226
12251225
1225
12241224
1223456
12231223
12222222
1222222
122122122
1220
122.224
12191219
12171217
1217
12152205
12151215
12141214
1213456
1213
1212qwqw
121234567
12123456
1212345456
12123434
121234
121232343
121212qw
121212as
12121234
121212123
1212112
12121
12111211
12101210
121
1205
12041204
12031203
12021202
120110119
12]
119
11881188
1188
118118
117117117
116688
116116116
115599
11336699
1133557799
11335577
1129
11271127
1126
11251125
11241124
112345678
11234567
1123123
11228899
11226688
112244abc
11224455
11223456
11223388
11223366
11223355
11223345
11223344556
1122333
1122330
112233..
112200
112113114
11211121
1121
11201120
111qqq!!!
111999
111888
11185
111666888
111333555
111333
11123456
1112223
1112222
111213
1112009
1112008
1112000
11117777
11116666
11115555
11114444
11113333
1111222
11111q
11111aaaaa
11111a
1111199999
1111188888
1111155555
1111123
111112222
11111222
1111122
111111qqq
111111qaz
111111abc
11111118
111111121
111111111q
111111111a
1111111111a
1.11111E+19
11111110
1111110
1111000
1107
11024568
1102008
110120123
110119112
110119110
110112114
11011101
1.1011E+11
1100000
1100
110
106106106
105105105
1039
103103103
10293847
102938
1027
10261026
10251025
10221022
1022
10211021
102102
102030123
1.0203E+11
10191019
10181018
10161016
10121012
1012000
10111011
101101
10102020
100dns
10086123
10086111
10086000
10041004
1.002E+11
100200100
10020000
1002000
1001010010
10001000
1000010000
1000001
1000000
10
1=2-30495867
0p9o8i7u6y
0p0p0p0p
0okmnji98uhb
0o9i8u7y6t
0o9i8u7y
0O0O0O0O0O
098plmokm
0987poiu
09876yhn
0987654321qaz
0987654321q
8080808
80808
7736056123
734
7070707
061112abc
6060606
578
0340412124abcd
308
3030303
30303
277
2020202
20202
1579
012520wadll
0123456a
0123456789q
0123456789abc
0123456789a
0111424dd
101
77
7008009
7007007
00123456...
00123456..
1001
000ooo
000123!@#
0000oooo
0000aaaa
000000qq
000000q
000000abc
000000000a
0000000000a
000000...
00000.....
0-0-0-0-
000...
0.123
0.0.00..
0.0.0.0.0.
0.0.0.
=]-[0p9o
~15
~@#$%&*()_+|
~!@#$%^&*()_+|
`1qazxsw2
`1q2w3e4r
`1234567890
`12345678
`1`1`1`1
````````
^YHN&UJM
][poiuytrewq
@WSX#EDC
@ssw0rd
@admin
@12345678
@1234567
@123456
@$$word1
@$$word
@$$w0rd123
@$$w0rd1
@$$w0rd
@#456&*(
@#123
@#$qwer
@#$%&*()_+
@#$%&*()
@#$%
@#
..123456
..0
.......199@
.......199
.........
....
,ki89ol.
,./,./
*IK<(OL>
*********
******
(OL>)P:?
&UJM*IK<
%username%123
%username%12
%TGBVFR$#EDCXSW@
%TGB^YHN
$RFV%TGB
$RFV#EDC
#EDC$RFV
#@!ewq
#@!321
#@!123
!QWE!asd
!qazxsw@]
!QAZ1qaz
!qaz@WSX
!q2w3e4r
!Q2w3e4r
!Q@W3e4r
!Q@W#E$R
!2#4%6&
!@QWASZX
!@#59560955
!@#456&*(
!@#321
!@#19841010
!@#123qwe
!@#$5678
!@#$%12345
!!!!!!
oracle@123 
krinsyod
2wsx@WSX
tran2013
misc2013
sjzf2013
Lihui111
wusd1234
jihb2017
111qqq!
yuanms23
abc!@#12
cuiwl123
000001
000000
pass_123
p@33_123
p@ss_!@#
pass_1234
qwe_1234
bes_528!
domonitor
bes
SCOTT
precise
linym
hanjianguo
ibmpm
arbitrary
swmaster
Operator
naricom
fdwe
sshuser
wphdadmin
grid
itnmagt
!!!!!!!!
!$&@%*#^(
!123456!
!1987112!
!@#$%%$#@!
!@#$%67890
!@#$%^&*()_+
!@#$%^123456
!@#$%^zxjhxy
!@#$1234
!@#$qwer
!@#$qwerasdf
!@#101921
!@#123abc
!@#qwe123
!@#QWE223328
!@#qweASD
!@#zxc123
!qaz@wsx#edc
#####*****
#$%^&liu1!FENG2@
#123456#
#include
#wgf920138
"$123,456,789 "
$dufeng19850707
$yoshiki$
)(*&6543
*&*%&@#%
*&^%$#@!
**********
***************
***123456
***???78618
**123456
**123456**
**159326
**74747474**
**win5i5
*.*198512
*02h2601*
*123*321*
*123456*
*123456789
*123456789*
*13678988165*
*19781201
*1980*0701*
*5131421*
*5211314*
*58702019*
*94d!yqt
*963./8520
*963/852
*hope8848
++++++++
++++++++++
++--**//
++1982sky
+-*/+-*/
+-*//*-+
+-*/0000
+-*/05324sxm
+-*/123456
",123456,395690879@qq.com"
",420750,395690879@qq.com"
-139048821
-206105882
-210778420
-269961902
-42711908
-73408043
-944373895
-946952286
-949293905
................
....0000
...333...
...FHY...
..123123
./123456
.0.0.0.0
0.0123456
0.012345679
.123.123
.123456.
.123456789.
.3253288.
.369.369
.799716.
.820.4979
.8956230..
.adgjmptw
.com.com
.yang527
/г╗p09ol.
/*-+/*-+
/*-/*-/*-
////////
//////////
//334425
//ZWHUAN18
/581578/
0.1.2.3.
0.10.20.3
0.1230.123
0.12345678
0.123456789+
0.142857
0.3698741
0.369874125
0.6180339
0.65394145
00..00..
00.00.00
000...000
138
000000000ccc
19
43
00000000aa
00000000l
00000000q
00000000z
420
0000000b
0000000o
0000000q
0000000z
18
45
78
90
98
99
000000aaaa
000000aaaaaa
000000ab
000000abcd
000000as
000000asd
000000bb
000000cxy
000000gg
000000ha
000000lin
000000ll
000000mm
000000mmmmmm
000000ok
000000oo
000000ooo
000000OOOOOO
000000pp
000000qaz
000000qqq
000000wei
000000yy
000000zx
000000ZZ
139
171
416
428
713
723
815
910
916
921
963
000009abc
00000aaaaa
00000lllll
00000ooooo
00000PPPPP
00000qqqqq
1168
1197
2180
252077
000032dm
3386
4587
5244
610000
6582368
6602201976
6938
7083
761027
0000761266wln
7682
804804
8341
850825
8708
0000938spider
9988
0000abcd
0000OOOO
0000pppp
0000qqqq
0000zzzz
10001
100010
10002
10010
000105_hzl
109021
11000
111000111
11101
11101010
11122
11189
000111abc
000111okok
12091209
1230406
00012316zhou
000123ok
142368
151987
15425
1587117
168000
16985
19400
000214zs
000223lin
23708831
30007
31118
312012322
33028
333000
40007
41167
42178713
43119
50785
000520asd
555333
000566fyDH
56992
60004
63054
64005
66612345
70007
70101
000705kk
80008
81129
8316979
86419
8642000
888104
91175
000945aa
990330
000a19730127b000
000aaaaa
000abc339
000c00EC
000cw000
000ds000ds
000f276E
000ing2009
000mm111
000OOO000
000OOO000OOO
000OOO0O0O
10000100
1001002
100123
1002003004
1007008
101008
101500
1018001018
102000
102400
001030514wc
107896
108369
11001815
110022
00110108zxfasf
11032120
00112233..
112244
112700
112900
113322
115468
001189fk
0011feixiang
0011yyyy
120012
120400
121500
121600
001218415191tang
121900
001222abc
122800
123600
124123
001243ff
00125abs
130013
13102300
133104
001359..
00137abf
145018
150015
15578427
160016
1607217
1681664
170017
180018
181010
186900
189800
19131913
197100
197278
197390
1973900
197974
001asktang
200020
2016074
210021
2100258
220022
225062
226688
230023
2300470053
236800
240024
246151
250018
250025
2510812
270027
271704
2783201
002b31bd
300030
3002001
3003003
305090
3090112
310031
31120118
314200
31500315
315200
320032
320231
324110
3261543
330033
339977
340034
3461123456
352561
360036
003650llx
370037
370468
390039
003aicai
003z003z
4004004
401122
404018
4040205
404100
406914
412130
417510
420013
420042
4298008
430043
4372002031
440044
441054
4428237
4477721224
450053
450107
45202123
458700
004b155c
5005005
510051
52000520
52100521
52250081
005321bf
005387162yyy
5400321
54400544
544944
550055
5511443322
55712604
557711
560056
578484
581976
6006006
006006rose
6007008
0061330f
63100631
6312326
6357651
6566040370
660066
660088
66041922
661101
006677yang
690604
6959156
006D3bc8
700070
700700
7007007007
7007008
007007abc
007007zxw
700800
7008007008
710071
712345
7123456
71314520
00717f4f
718688
724015
007356bb
746746
007471xp
750511
75201314
00752817c
754312
760076
7666007
770077
007762A0
780078
7825359
00783DC6
790079
790080
790083
007921may
794555
007D29a5
007dm425
007F6b10
007jacky
007kevin
007lnlmxd
007slm911
800080
800083
8008008
810081
810509
810723
811500
8123456
008130fly
820327
820428
82112700
008300*/qq
830083
008308ms
850928
85200852
00852ilu
860086
860807
86306108
870087
8800520
880066
880088
882255
885788
8858521
8.86226E+11
89112007
008d640b
008ganggang
9008007
9009009
9023050
906153831
9113335
00925klh
940094
00950e1c
9601728
9681219
97120800
979800
980098
980712
990099
990199
00991225qq
992233
009981glg
99887700
009weilai
00a15b15c
00a19730127b00
00a40717
00b62FDC
00crystal
00D87004
00D96ccb
00db5dba
00E062ab
00ef7954
00F41801
00fm2171
00kj123456
00OO**ta6
00OO**tb10
00oo00oo
1000100
1001000
10010001
10010010
10020030
10021212
1005000
1006499
1010005
1010011
10100202
1010091
010101..
101010101
1010102
1010202
101061202
1010801
1011010
1011220
1011221
1011234
1011443
101152209
1011977
1012101
10123456
10123456789
1012891
1013891
1014891
01014891pan
1015401
1015402
010158da
1016891
1017891
1019825010
1020102
1020300
10203000
1020301
10203010203
1.0203E+14
1020305
10203123
10203456
010203abc
1020815
1024205
1024208
10250407
102662434
0102mima
1030103
1030215
10305050
103050709
10310316
10311024
1031116
1031225
1031832
1031985
10321421
10330419
10336200
103599724
1040104
10403010
1041230
1041301
010413sy
104150298
10415063
1041982
1041986
1042039
1042114
104260726
1044210
1045136
0104bluesky
1050045
1050105
1051119
1051220
10515010515
10516129
105201314
1055168
1058693321
1058791
0105sisi89
1060103
1060106
1060616
1060928
1061001
1061583
1062007
10634410
1063547165
1068508899
1069745577
0106v1009
1070107
1070502
1071068
1071981
1072009
107201072
0107713479shi
0107love1017
1080108
10810764
1081335
1081728
1081902
1081985
010839sid
1085678
1085684
1086319555
1089744760
0108dong
1090109
1090803
1091010
1091057
109404015
1100110
1100218
1100326
1100712
011008lee
110092453
1101001
1101984
110200202
110205234
11022033
1103407
01105czh
1110111
1112003
1115144
1120112
11202102
011214zj
1130113
11301469
1130218
114006209
1140114
114181979
1150115
1151982
1151983
1160116
1161027
11611518
1161979
01161B6A
11641081
1164216
1170117
1170219
1170615
1171212
1171218
1180118
1181008
0118a007
1190119
1191982
1192490
11992955
1200120
120030064
12011055
12012012
1201233
1204083
1210121
1210612
1211114
12113720
12114132
1213031
01217891zp
1220122
1220223
1221213
012236sdd
1.22898E+12
012298mm
0123.0123.
12312073
12313579
1232425
123401234
123443210
0123456789*
0123456789ABCD
0123456abc
0123456hy
0123456q
0123456wxq
12345730123
0123457abc
012345hu
123498765
123850129
12397890
0123abcd
0123asdf
1240124
1241015
12427521
1245999
1250125
1250316
1250906
012540b0
12542002
1256789
1260126
1260519
1260621
12620032
127011154
1270127
1270523
1271112
1272004
1280128
1280430
1281015
1288788
1290129
12925073
012WOAINI
1300130
13013013
1301600
1302411
13067912396
1308813
1310131
13116013116
1325171
1330133
1340134
1350135
13524502640
13579013579
1360136
1362454
13704927644
13770300911
1380138
13824733953
1387528
13974960142
13987463045
013mocer
14062133
1406518
14128116
14218007
1425360
1429101
1456321
146582233
1470147
1470258
14702580369
1477410
1478520369
1478529
14789630
1480824
1491625
1500107
1504891
1526928
1530153
015404F2
1580158
1590159
1590357
1599510
015b0ca9
016028wj
1603135
1608791
1614075
1630163
01651db7
1680168
1700424
017023A7
1771021
1780178
1787459
1799798
1810181
18123070
1819281
18260713
018f152a
19019019
1928374
19290019290
1932356
1955426
195892891
19610023
19670906
19776343
1980198
1983228
198602150
0198651ou
1992011011
019A645a
01a02b03c
01A035d4
01A47568
01b9586C
01bd292D
01c01580
01e958C3
01qiaoo201benben
01wenhua01
20021630925
020022c5
2002790
020070122les
2010201
2010440
2010621
2010903
2010925
2011029
20110817
2011127
2012322
20123456
2016891
02019831228aa
2020201
202020202
2020309
2020504
2021030
2021986
2024061
2030203
2030405
203040506
20304102521
2030422
2030929
020309wm
2031004
2031500
2031986
2032056878
2032247
20340122
2035583550
2037214663
2037588762
2040114
2040120
020401qll
2040204
2040506
2040608
2040891
2041105
2041982
020479zxl
2050205
20504110
2050413
2050628
20530558888
2054421
2060111
2060206
2061013
20633000243
2070198
2070207
20710435
2071103
2071605
2073025
2073232
2080208
2080525
20808129
2083165
2090083
2090209
2090710
2091983
2094006
2096303
0209752e
020a4EF2
21001263
2100210
21009386
2101127
2101987
21021021
210270717
2103411
210971979
0210longlong
2110034
211011051
2110211
2110622
2110909
21111118
2111968
2111983
2112029
2114891
02120122ai3
2120212
2120226
212023320
2120346
212061484
2120904
2121320
2128724
2130213
21306108
2131129
213560
2140214
02140809jqh
2141102
2141120
2141986
2150104
2150215
2150514
2151005
2151010
2151983
2153130
2154631111
2157110
2158839832
021591tj
2160216
2164199268
2170217
2170312
2170905
2171219
021768D4
217874777
2179908
2180218
2190219
2190711
2191001
2192483
219406064
2194283
2200220
2200825
2201210
22029009
2203035
22045915
2210221
2211986
2220021
2220222
2222830206
2223013
2230223
223151533
2231982
2232212
2238998
2240224
2242457
2250225
2251983
2253683
0225jing
2260226
2261236
2268935
2270227
2270919
2280228
22850895
2290229
2291224
0229abcdefgh
2300230
23004092
2302001
23023023
230261544
230333604
230714201
2310231
23123023
23123456
231378171
2340234
2.34082E+12
2342421337
2348342632
2350235
235083578
235213352
2356566389
2363492
2365346666
2365390474
2367813415
2368554890
2368587114
2370237
02375566310yu
2376612179
2378418142
23851225
23861453
2386303050
023b2b18
24011058
2401573
24024024
0241422d
242031026
2.442E+11
2442043420
24514248
2468888
24689089
2470300
024b618b
024E3030
024lzm1986815
250202502
25025025
2.50515E+12
251545010
25201314
252204765
2530643
253353558
253791983
254319648
254829569
2557263046
0256564e
2566915
2580258
2580413
2581177
2583473996
2587410
2588520
2606949
2610471
2625159
2679070
2693803
026d7d4d
27027027
2703891
275869836
2759607116
2763055275
2769570485
2787458400
2787619909
2791600
027926qwe
2795151
28028028
028107liu
282613783
283516426
2840127
286308443
286448169
2866791021
287648250
28771123
2880288
2881767126
028b3a9f
29210135
292672304
293523791
293532110
2941228
296021018
2980298
298306509
298425663
298462390
2985664544
2987662376
2990299
029C0795
029shiliu
02aa091f
02ac1712
02AD29a2
02BC229d
02D768f2
02EF4421
02FB77bf
3001209
300856555
3010107
3010301
3010603
3011103
03011111z
301120029
3011216
30113149
30114109
3013666
3013891
301430545
0301ldgz
3020100
3020302
3020414
3020422
3020930
30210312
302152054
3021984
3025105
030303sk
30305422
3031969
030382j9
304000875
3040304
3040506
030405cdm
3048858
3050305
3050503
3051314
3052807
3059888
3060306
3060307
3060308
3060628
3060825
3061026
3061116
3061218
3062110
3070016
3070307
30734101
3074124
3080308
308060248
3090309
3090402
3091150
3091215
3097211
030f038F
3100112
3100310
3100312
3101120
3102120
3102723
031038@guiyang
3105891
3106075887
310910204
0310love
3110311
3110312
3110424
3111130
03111810h
31121210
3112233
3116688
3117779712
3118579086
31188961828
0312007x
3120101
3120107
3120201
31202123
3120312
3120315
31203798
31206120812
3121234
3121314
3121982
3122040114
3122130
3125051267
3125105
3125136
3130313
31313364
3135055371
0313yusen0313
3140122
3140314
314198526
031443dd
3147065382
3148035216
3150312
3150315
3151001
3151021
3151119
3151986
3152678
3153116593
3154922665
3156391571
3156898
31578503
3160316
3161102031
3161700
3163203
3165112813
3165951889
31684897
3170317
3179779
3180318
3181115
3181985
31841336
3190319
3190916
03194261021gjn
3195632
0319a0312
3200320
32011178685
3202421
3203174
3210222
3210315
3210321
3210906
3220316
3220322
3221302
3221981
3230323
3230915
3231026
32314002
3235362
3240324
3241027
3247688
3250214
0325021fei
3250325
3251986
325424082
3260197
03260219yhs
3260326
32605042007
32650103
326503265
3270327
327112630
3271984
3280328
3281120
0328121x
0328mmtianya
3290329
3290505
0329abcd
3300221
3300330
3301503
3302891
033032lws
3304830
330504010
33058136
3310331
3311971
3317845
332105056
33270173891
33311010
33419850129
3350335
33521043
33534033
33614625035
3400340
3410341
0348768D
034b322F
35035035
3510351
3520352
3536625110
3537033835
3539229
3540354
3550355
0355lddice
3560356
0357vtop02
3580358
3590359
035C2953
036160//
36173581
3643014
3654762
3690369
3.69122E+12
3700370
37090164
3710371
3710379
3712696431
37168337026
3717657320
3720372
3730373
374120111
37418498
3750375
3763795
3770377
37763121960
37766269390
3776913281
3780378
3790379
3791860
037962639600.ybr
379850610
38048811030
38107125
3822932
38236485
38814034
3890389
038b171A
3913567794
3916532
39268123
3930393
393061023
39396759
3940394
3944485851
3950395
3960396
3963363
3966838459
3967923279
3980398
3986926265
03990405aa
03B31ce5
03bd2b63
03cf3cfd
03ee0b7c
03FD6c1f
03FE7567
03WENpei
03winner
40100574
4010401
4011129
4011305
401339314
40203222
4020323
4020402
4021982
4030201
4030403
4030604
4031020
4031022
4031074
403211726
4040404
40404162
4040601
4040635
40408008
4040924
4050405
0405069mzx
4051129
4051219
4051982
4059247
4060124
4060210
4060406
4061018
4070407
4070728
04070935lu
4071200
407511133
04080305xin
4080408
4080813
4081980
4082324
4085563
040889clz
4090409
4090625
4100410
4101006
4101019
41010207
4102124
4110376
4110411
41104110411
04110634wp
41151090
4115160469
4115631150
41182944119
0411lord
0411love
4120310
4120412
4120529
4121012
4125562
4130211
4130413
4130607
4131249
4132888
4138838
414020209
4140310
4140414
4141208
41464843
4150415
41520041520
4152527206
4153447
415404020
4160416
41606160726
4160624
4165286122
041694ok
4170417
4175317
4176669882
4180418
4180511
4190419
4190517
4190824
4191135
4191982
419913101
4200116
4200420
4201985
4210391
4210421
4210504
4220422
4221010
422885650
4230423
4231109
4240424
4250425
425831314
4260426
4270427
042707letto
042780coco
4280123
4280428
4280530
4290429
4292108160
4300430
043016ea
4310431
4312611114
4315107549
43154888
4318055
4320432
4324661708
4324798355
4325033
4330433
4332013
0435094C
4363238343
4363247605
4370437
43800111
4380438
0438109jh
043987linchen
4400691
44060330
4.41249E+13
443120541
04460f0d
4470112
4475771
45010110
4510451
4510452
45147862
4515287
45153569588
4520452
4523332
4525158749
4530453
4540454
4550455
455104551
45514415
4551520
4551521
4558573279
4560456
4568520
45692045692
45781462
458166029
4587007
45888856
4590459
04592qifei
4594984698
4595830404
045B2d6e
4649253
0465601D
04673ca6
4675407231
46779351
4678197217
4680468
4683422582
046f4cfb
4700470
0470belle
4710471
47123123
4714605271
4716593379
4716922909
4743906608
4750475
4756900969
4770477
4782226185
04807B89
48282512
48398531
48419303
4846096
4870487
4895204
048c1BEE
49074120
04910219cq
4947976
4972066
4991603
04a11358
04A855c1
04AB667b
04AD0645
04ae1cc7
04B21d0c
04b9539e
04cc6E80
04d94315
04dianqi
04E47c7c
04F06783
04fd5a70
04feng8686
04ls0321
04xiaoxue
5010123
5010227
5010501
50105010501
5011001
5011985
50201405
50202150
5020502
5020517
5021997
5022229
5030102
5030503
5030970
5031128
503151045
5031929
5031984
5033202
50401100012
504030201
5040328
5040504
5040729
5041015
5041016
5041994
50450420
5049859
0504busideai
5050505
5051013
5060324
5060506
5060512
5060614
5060708
50623000
506230231
5070507
50710218
507151628
50724096
5080508
5080609
5081017
5081136
050829qp
0508hb1982
5090509
509110888
5092037
050929guai
5094269
5099613
5100028
51000290
5100510
5100714
5100898
510110162
5101207
051023xuyan
5104913603
5107016733
51102007
5110408
5110511
5110512
051105xwx
5110604
5111122
5113445
5120512
5121983
5121987
051225ming
51251023
51252495868
5130323
5130513
05130574rg
5131024
5131026
51386473159
51399079
5140514
51411540
5141155
5142332
5146120662
5148222613
51483520
51498520
5150515
5155223958
5155227843
5155753925
515659500
5160516
5161988
516273849
516966776
5170413
5170517
5171930
5178441213
5180017
05180307ht
5180518
5180912
5181130
5185461073
5190519
5194888556
5196988693
5198249
5200520
5201126
0520only
5210409
5210521
521291789
5220413
5220522
52253719
5230000
5230016
5230523
5231028
5236918324
5238185
5238221158
0524030jj
5240524
5240618
5240910
5241008
5241215
5250525
5251025
5251207116
5260526
52640308
5268399
5270527
5271983
5273859
5274720
5280202
5280528
5280707
5281439
052823c1
5290529
5290711
052E1f6b
5300530
5305147
5310000
5310531
5310532
5312410
5318815
53188940010
0531taiwan
5320531
5320532
53208530958
5325456603
53283080999
53284312622
5328888
0532gaoguoliang
5330533
5338341
5340534
5350535
5360531
5360536
5363201366
5370537
5374218535
5375937809
5377191982
5380538
5386308265
5390539
5395672272
5396747163
54050325
54050403
54090241
5.41161E+12
05412dang
05412dangyan
5413330
541744539
5418000
5430543
54601010
5460546
5468215798
05469b716
54821054821
054999zl
5500550
5510551
5520552
5523115482
5525053688
5530553
5536852
5540554
5542214890
5546632339
5556151
5556872897
5560556
5562071200
5562400098
5562812655
5562821959
5568521076
5570557
5575362732
055779cy
5580558
5583721548
5588227591
5590559
56063253
560718099
5610561
5612024
5617023122
5617931805
5.61875E+12
5620562
5630563
5640564
5641818
05642211011rain
5643350
5643358
56444920
5644990236
5649335
56493358
5650565
5654818218
5656365151
5660566
5699927
056C7fab
056e7153
5700000
5710571
5710574
571310015
57181325310
5723925017
5730573
5735015693
5740571
5740574
57465365730
5750575
57584016807
5758566821
5760232
5760576
5761314
5766701876
0576746e
5770577
5770755
57767420831
57786447825
5780578
5790579
5792363605
5797477108
5798841236
5800580
5833939
058540bhud
5861971
5875663
5880588
5895163
5910591
5913425919
5920592
5920595
5920596
5926056591
5926582382
5927807976
5930593
5935455
5940594
5948287609
5950595
595812345
59585127433
5960596
5966200431
597159755
5974509
5976598375
5980598
5982331965
5990599
5992323167
5998063
5998469
5998730001
05a861C1
05b47F96
05C30fbd
05C553b7
05c8173e
05d31F3A
05E557ca
05z375586911
6010601
6020602
60305205
6030603
603100211
604010232
604041123
6040604
6041981
060420.0+
6043353201
6044294
6045524
6050407
6050605
6051135
060527jing
60595362331
6060524
6060603
6061954
6065201314
607031122
6.07031E+12
6070607
6070809
6071028
0607ing=
6080608
6081963318
6090119
6090609
6091971
60956208
6100610
6101019
6101120
61040705
6110611
061142bb
06114aa1
6120612
061214canjun
6121981
6121984
061219qq
6124308030
6130308
61303227
6130613
6130722
06131010yytk
61352021
061402cy
6140407
6140614
6140725
61407319
6150615
6150829
6151217
6151230
6152433
6160616
6161980
6170617
6171218
6171906
6180000
6180339
6180501
6180618
6190619
620000000
6200620
6201845
62102501232
6210621
6216481
6220622
6230623
6231226
6238940
6240624
6250104
6250331
6250428
6250625
625109029
6251982
62561281
62581123
6260626
6260912
6261985
6270627
0627windy
6280628
6280706
628620899
62864897
6289390
6290629
6291020
6291218
6298336
062983lhq
0629tang
6300115
6300630
6310631
631252408
6317054
6318721003
6320632
6.33061E+13
6330633
0634-8891382
6345889
6350635
0636748C
6369378
6371428
64950230
06497B07
6510651
6.51547E+11
65201314
6536865
6549335
6550986
065575D8
6590659
065e6dd5
6600660
6603342928
6606882108
6620662
6625958
6627342500
6630663
6630754
6680668
6680755
6682696203
6685709201
6701326
6727346
67342067342
6748617
067a4D3C
067B1b27
067b1f1a
6801927
6820682
691179441
069B72ef
06A32e2c
06A617f0
06a81a0c
06A94264
06B11498
06B52218
06c4132e
06ce21AC
06e65b3b
06E8669e
06utmmrKCw
06vtmmrJCw
06vtnlqJBw
06vtnlrJBw
06wtnlqJBw
06wtolqIBw
7010209
7010701
7011124
0702.ygs
7020000
7020702
7021214
703070126
7030703
7031983
7040223
7040704
0704197eight
70443812
7044755
0704pppp##
070502jiyan
7050630
7050705
070518drkldm
7060706
7061169
7070924
7071220
7071984
7080708
7080910
7090126
7090709
7090929
7091002
7100710
7103220713
0711007a
7110711
7111028
71120891
71121915
7112415721
0711abcd
0711lyj197828
7120712
7120920
7130000
713022009
7130515
7130713
7130808
7131011
71319752512
7131982
7132092206
7137412
714010218
7140714
7141126
7141983
7145426930
7148762992
0714feidao
7150045
7150715
7151217
7160716
71619880206
7162534
7165660594
7165880341
071676b0
0716asDF
7170717
7171228
7171979
7178682
7180718
7181983
07186b91
71900224
7190719
7190726
0719house
071xj914
7200720
7210721
7217310
0721liubu
0721woaimaguo
7220722
7221104
7230723
7231564
723198636
72323250
723273548
72350516
723915042
7240217
7240616
7240724
7241018
7250408
7250725
7260726
7261021
0726love8798
7270727
727151279
7280728
7283267716
7289292
0728sharon
7290729
7291928
7.29912E+12
7300730
7305570545
7307230910
7310731
7317726264
7318831722
7320732
7330733
7334329809
7340734
7341106
7344717963
7350735
735232748
7360736
7362665562
7380738
7383731358
7384421375
0738lqsb
7390739
073910OK
7394518
7398681721
7421471
7450745
7452255476
7460746
07463ee3
7465251701
7466225339
7480748
074E3f6e
7500750
7.50135E+13
7505466236
7507458
7512681186
7513613829
7520752
7527781761
752961557
7530753
7538833278
7540754
7545500678
07548101a
75488221386
7550668
7550755
75510210
7551981
75519811018
075529730741tj5
7556228500
75582755856
75583018986
7558315673
75583406767
75583529598
7558535715
7560756
7570757
757393496
75788821446
7580758
7583336541
07585f1a
7590759
759125184
7600760
7621077728
7630763
7632821802
7680768
7690769
76928257356
76988507100
076loveyou
7700770
07703265434d
7706231
7710668
7710771
7713274515
7717055048
0771teambuy
7720772
7723251107
7728112568
7730773
7731064
773168188
7738922457
7741791
7742216
7750775
7751111
7753655127
7753779459
7756692101
7762568
77662133
077745f2
7780778
7785214151
7785820785
7793915056
779948260
7833225
7840520
07875d55
7890789
078915wang
0789dhjk
078A6629
790100680
7910791
7915703470
7918108720
7920792
7922561485
7.92322E+13
7930793
7942125
7948442170
0795022hans
795198412
7956419077
07956533273q
7956602139
7960796
7963261233
7965855220
79664585
7970797
79782528
7980798
7993471978
07a425C5
07AA530f
07AE00cd
07BE4524
07c31DCA
07e44cc5
07fb3868
07FB3c5a
07succeed
07utmmrKCx
08-14-1979
8000928
8002120
8010128
8010801
8012428
080201fc
8020802
8020815
8021202
8021218
80300286
8030803
8030922
8035155
8040804
8050805
8051981
80520410
80602151207
8060806
8060922
08061715tianya
8070807
80710109
8080624
8081980
808198500
8090809
8091128
8091209
8100306
8100530
8100810
8101014
8110811
8110926
8111001
8120812
8120928
8121208
8122613783
8128513
0812qq99yl
8130215
8130813
8130915
8131131
8131986
8132411
8140814
8140817
0814lovepp
8150815
8151210
8151224
081520HOT
815771127
8160816
8161010
8.1612E+11
8162278704
8162689112
08165bb9
8170817
8171792
8173813
8180312
8180818
8183456
8187477459
8190424
8190819
8191984
8200511
8200820
8201121
8210821
0822010036hs
8220793
8220814
8220822
82222000
0822skylove
8230823
8231225
82359036
8240114
8240824
8241016
8241020
8241944
8250825
82523274
8254718
8260508
8260826
8261012
8263225372
8264673
8270569
8270605
8270827
8275166
08275463193zq
8276211
8277093
8280828
082815aa
8290829
8291010
8300830
8310831
8312436
08320817huang
8320832
8322051923
8328058
0832llyy
834251212
8.37143E+12
0837sususheeivy3
8390839
8393351967
8404260
84119084123
8.42E+17
8463399
8468549
084872xx
084E2531
8510851
8515805665
0851DSLAK520
8520852
85225125
852443018
8543411344
8564587
8570857
8575926
8580858
085833jiao
08587CF0
085a2892
864213579
864297531
8660034
86932521
086a70DB
086e5de8
087020b5
87087087
8710871
087121chf
8713620126
08729yxwlxm
8760876
8790872
8792600
8800880
88175170
8831660
8856660
887415157
8885183666
8910891
8916812026
08942f82
8970126
08975c86
8980000
8980898
89808980898
8980899
898111111
898123456
89823368
89823512622
89828456323
89868915021
8987758258
0898801120wen
89883660147
8990899
899958782
08a14572
08a724d0
08AE23f8
08ed1565
08f648BE
08FB0cfe
08j802100
08wwrainjay1102
09.11.11
900850291
9010227
9010830
9010901
9011115
9013009
9015517
9020902
9021002
9027019
9030903
9031003
9031019
9031113
9040904
904130415
9041982
9050905
9051128
905401758
9060906
090612cc
9061980
9070907
9071984
9080706
908070605
9.08071E+12
9080908
9085857
9090528
909078084
9090808
90909100924
090909yfh
90987654321
090yj811
9100910
9101005
9101015
9102970
9110911
9112332
9120409
9120912
9120925
9121111
091219()
091219133ymm
9121982
91280447
9129122
9130913
9131010
9131975
9131981
9132123385
9135218865
9138850974
0913kimi1015
9140914
9150000
9150728
9150915
9151028
0915422x
9156822367
9157912151
9160624
9160916
9161217
09161982ily
91629471029
9165375505
9166411
9170917
9171010
9171213
9171221
918000232
9180918
9182736
9187815
9187920
091902zhao
9190919
091929lar
9200411
9200419
9200504
9200920
9201872
92033092033
0920blue
9210921
9220020
9220705
922072992
9220922
9221114
9221533
9221979
9225460
0922and1017
9230405
9230923
9231018
923217036
9240924
9241014
9241983
9250925
9251110
9252513521
9260926
9262221
9269210
0926me0225
9270000
9270927
9271983
9280606
9280928
9281730
9281978
9289612345
0928jing
9290103
9290823
9290929
9291010
0929lisa
9300930
9308066
93104910
9310931
093118kai
9320932
9323132
932313520
932313521
0932313a
9342149
9345364
9346122110
9350028
9380938
9391800
9435360355
9451631
9480948
094d41A4
9508161
9512025460
95208051320
9551077
9558618
9.59403E+11
095A1ad6
0960323**
9.61515E+11
962571202
965209314
9728713842
9736951
097b7749
097e0a91
9801367
9809800
98098098
98098100
98168310
098358C3
9870987
9871234
987609876
987612345
987651234
09876543mgf
987667890
98767890
09876poiuy
9877890
09878i0pp
9880988
98890098
098lyfwanhm
9900990
9910802
9910991
991125258
9920062
992339783
9925021
9936103137
994635100
0998168clm
9987581096
9993088
099a7d31
09b665e0
09c004D2
09c06B17
09D174cb
09e722f6
09ED4468
09ee1E2B
09EE62cf
0=-p[])+_
0a0a0a0a
0a0b0c0d0212
0a247B50
0A2A160b
0A607f07
0A645857
0A81099c
0aaa0D90
0aac0BB9
0AB2324b
0af5459e
0afd6FAF
0b05567E
0B11496b
0b1b34e6
0B2D1f8a
0b2e0c87
0b3b4D5F
0b491A0F
0B523cf4
0B5B15e0
0b6343E3
0B644e8d
0b6e1DBD
0b80373c
0B9B19dc
0bb4675d
0bb64675
0bb66979
0bc814CE
0BEB7b42
0bf60B23
0bfa69C8
0C293099
0C62738f
0CA61373
0CC44f63
0cde3fe6
0CE64ed9
0CEC743e
0CF34f00
0cf375f6
0cfb31DD
0D292c25
0d2941EE
0D2A2107
0D35172d
0d452155
0d575dd7
0D647d0f
0D6C3793
0D740737
0D8029a8
0dba7D21
0dc30ed9
0de64672
0de955c9
0df21269
0DFE1f11
0e0a08b6
0e0d3F02
0E1D5665
0e2f79d5
0e3301ff
0e3408B7
0E351f3a
0E567265
0e5f154A
0e6b63D0
0E8D064a
0E8D23f8
0EA339c9
0eb429c2
0EB52db5
0EB53aef
0eb756C7
0EE235e1
0ef0203f
0efb7E0C
0F02142a
0f033002
0f08573d
0f1e1fdc
0f1f2924
0F2475f3
0f3338E7
0f3e724E
0F426ea1
0f573a79
0F5D626e
0f6e11b6
0F753328
0F7C63bb
0F894c33
0F9127ae
0FA40896
0fa644AC
0fb2671D
0FB546ef
0fb81859
0FB90290
0FBE73c5
0FDD4e1c
0fee336A
0j44tB0wVO
0k44tB0vVO
0k44tB0vWP
0k44tB0wVO
0k44tC0vWP
0k54tC0uWP
0l54tC0uXQ
0l54tD0tXQ
0l54tD0uXQ
0l55tD0tYQ
0l55tD1tYR
0l65tD1tYR
0lojiaove1
0m65tD1sYR
0m65tE1rZS
0m65tE1sYR
0m65tE1sZR
0m65tE1sZS
0myfriend0
0n75tF1tAS
0n75tF1tAT
0n76tF1tAT
0n76tF1tzT
0O0O00OO
0o0oo0o0
0o0oo0oo0
0okm0okm
0okm1qaz
0okm9ijn
0okmmko0
0oo000oooo
0pг╗/9ol.
0p;/9ol.
0wanjing
0xiaoming
1!2@3#4$
1+121+12
1+1=2?yes
1+1=love
1+1=waNG
1+2+3+4+5+6
1..2..3..
1.1415926
1.2.3.4.
1.2.3.4.5.
1.2.3.4.5.6.
10.20.30.
1E+15
1000000001
100000001
10000008
1000020000
1000110012
100016006
1.00016E+14
100038625
1001001001
1.001E+11
10010327
10010768
10010816
10010904
10010924
1.0011E+11
100110120
10011028
1001110011
10011101
10011121
10011223
10011355
10011861
10011949
10011981
10011984
10011985
10012002
100120jenny
10014891
10014904
1001902jyjy
100200-0
100200..
100200...
10020011
100200123
1002001314
1.002E+12
100200168
1002003..
100200500
100200520
100200521
10020088
100200aa
100200abc
100200clc
100200li
100200qq
100200wang
100200yy
10020304
10021002
10021003
10021004
10021006
10021020
10021030
10021032
10021209
10021213
100213336
10021980
10021982
10021985
10022001
100222101
10023456
1002771as
1002831359
10030824
10031003
10031017
10031117
10031123
10031124
10031126
1003151300
10031519
10031979
10031983
10033001
10033215
100368abc
100372213
10040399
10040502
10041003
10041108
10041123
10041984
10041985
10044001
1004432845
10051005
10051221
10051974
10051983
10052006
1005983983
1006000880
10060208
10060228
10060330
10060506
10060812
10061006
10061029
10061111
1006122338
10061983
10063665
10065403
10067214
100688799
10070229
10071007
10071121
10071129
10071201
10071224
10071227
10071983
10071985
10072215
10077110
100786ready
100800812
10080828
10080924
10081008
10081009
10081018
10081206
10081212
10082008
10083520
10084312
10085900
10086110086
10086819
10086abc
100871028
100871102
10088001
1008abcd
10090805
10090823
10091009
100910091
10091123
10091212
10091223
10091982
100986215
100fenok
100years
101001000
1010010001
10100101
10100214
101002363
1.01005E+11
10100719
10101001
1.0101E+11
10101010a
10101011
101010110
10101012
10101014
10101020
10101022
101010aA
101010qm
10101100
10101102
10101111
10101114
10101120
10101121
10101122
10101124
10101127
10101212
10101213
10101216
10101221
10101226
10101227
10101228
10101230
1010123456
101012kurt
10101313
10101915
10101982
10101983
10101984
10101985
1010210102
10102891
10103030
10103192
101032576
1010813119
101084liu
1010900700
10109696
1.01101E+11
10110111
101101110
1011012911
101102103
10110306
10110904
10110918
10111012
101110326
10111201
1011120709
10111211
10111213
1011121314
10111986
10112358
10113021
1011722315
1012003029
1012010110
10120123
101201230
101202303
10120918
10120919
10120925
10121007
10121013
10121015
10121019
1012109356
10121108
10121113
10121123
10121127
10121129
10121211
10121212
10121213
10121314
1012131415
10121416
1012151931
10121984
10121985
10121986
10121987
10121988
1012315168
10123300
10123521
10124206
10125212
1012alon
1.013E+13
10130105
101301130
10130419
10130419love
10130606
10130912
10130994
10131013
10131014
10131029
10131105
10131108
10131124
10131127
10131129
10131217
10131314
10131425
10131978
10131982
10131983
10131984
10131985
10131986
10135613
10136496
10139350
101394155
1.01402E+11
10140419
10140901
10140911
10140917
10141010
10141011
10141014
1.0141E+11
10141015
10141022
10141025
10141116
10141118
10141119
10141121
10141122
10141123
10141125
101412117
10141239
10141982
10141984
10141985
10141986
10142292
10143723
10143796
10145309
10145b7f
1014894383
101495cc
10150206
10150504
10150521
10150615
1015062e
10150709
10150825
10150910
10151015
10151019
10151020
10151024
10151025
10151028
10151101
10151108
10151111
10151116
10151122
10151126
10151127
10151129
10151203
10151215
10151981
10151984
10151985
10151987
10152002
1015212228
10153028
10153599
10160000
10160923
10161017
10161018
10161108
10161112
10161114
10161123
10161126
10161127
10161129
10161941
10161978
10161981
10161984
10162544
10165283
10170204
10170923
10171016
10171017
10171118
10171121
10171123
10171125
10171201
10171206
10171222
10171226
10171981
10171982
10174591
101772988
10177797
1017795464
10178301
10180515
10180911
1.0181E+11
10181020
10181028
10181114
10181122
10181129
10181202
10181212
10181223
10181225
10181227
10181234
10181888
10183796_2006
1018515767
10188303
1018961018
1018and0823
1018kzkz
1018peter
1018rottenpuss
1018silver
10190000
10190214
10190903
10190922
10191020
10191025
10191111
10191115
10191123
10191129
1.01912E+11
10191228
10191976
10191982abc
10191989
10192410
1019320023
101tongzhi
102003000
1.02003E+11
10200514
10200825
10201003
10201007
10201009
10201011
1.0201E+11
10201116
10201121
10201123
10201124
10201130
10201211
10201225
10201314
10201809
1020185j
102019.a
10201981
10201985
102021che
10202699
102030..
102030000
10203010
1.0203E+15
102030456
1020304567
102030aa
102030abc
102030zw
102039MA
102061512
10208826
10209090
10210000
10210108
102101685
10210218
102103104
10210908
102109508
10211022
10211122
10211222
10211227
10211245
10211252
10211252lq
10211983
10211985
1.02122E+11
10213359
10214034118
10215094
10216321
10218019
1021810375
102188hp
1021980536
10220000
10220221
10220706
10220910
10221010
10221013
10221023
10221024
10221027
10221115
10221122
10221123
10221125
10221128
10221129
10221212
10221220
10221982
10221984
10222133
10222201
10222210
10222322
10225117
10225230
102282tsq
1022love15
10230000
10230124
10230130
10230234
10230558zd
10230908
10231009
10231010
1.0231E+11
10231024
10231026
10231114
10231115
10231117
10231119
10231122
10231123
10231124
10231127
10231204
10231212
10231215
10231225
1023151984
10231771
10231974
10231981
10231983
10231984
10231986
10231987
10233201
10233569
10234564
102345678
10235116
1023520918
10236444
102380ww
10240000
10240120
10240711
10240927
10241010
10241014
10241015
10241016
1.0241E+11
10241024yl
10241025
10241026
10241107
10241116
10241124
10241125
10241126
10241128
10241210
10241212
10241223
10241982
10241983
10241984
10241986
10241988
10242048
10243268
10244096
10244201
10250000
10250093
10250429
10250621
10250628
10250826
10250909
10250928
10251010
10251020
10251026
10251030
1025111215
10251117
10251121
10251206
10251215
10251218
10251229
10251314
10251982
10251984
10251985
10251986
10252525
10252537
102528dandan
10253636
10255201
10255210
102563144
1.02573E+11
102578blj
1025810258
1025991213
1025bill
10260000
10260225
10260314
10260523
10260806
1.02608E+11
10260910
102610011
10261011
10261027
10261031
10261101
10261113
10261117
10261118
10261122
10261123
10261127
10261130
10261207
10261215
10261216
10261218
10261226
10261231
10261980
10261982
10261984
10261985
10261986
102633ss
10265532
10266201
1026pmd10
10270000
10270113
1.02702E+11
10270619
10270924
10271013
10271027
1.0271E+11
10271028
10271106
10271122
10271123
10271128
10271211
10271212
10271234
10274435
10280000
10280326
10280822
10280923
10281020
10281028
1028110052
10281117
10281124
10281127
10281129
10281212
10281228
10281982
10281983
10281984
10282003
1028314216
1028571149
10288201
10288888
102899::
1028ai927
1028lily
10290000
10290525
10290724
10291024
10291029
10291112
10291118
10291210
10291218
10291299
10291974
10291984
10293022
10297899
1029junjun
10301001
10301019
1030102157
10301030
10301101
10301214
10301230
10302006a
10305883
10306699
10308888
10309022
1030DUDU
10310509
10311031
10311113
1.03119E+11
10311981
10311982
10313278
10314027
103169c0
10317abc
1031882511
103202499
10321032
10325.35
10330456
10331033
10341034
103464436
1034706534
10351035
1.03543E+11
103602378
10361036
10370535bin
10371037
10371101
10372019
10381038
10389797
10391039
10397a16
10401040
104081507
104104104
104108182
10411041
104154410
104166434
10417022tt
1042052432
10431043
10431079
10441044
104413255
10451045
1.04512E+11
104520301
10461046
10471047
10481048
1048910489
10497109
10501050
10511051
1051632101
10521052
105220363
10523A5C
105240133
105257531
10526842
105299817
105300401
10531053
1053220211
105397544
10561056
105621814
105628818
105672992
10571057
10576521
10581058
1058660849
105897825
105898813
10591059
105964682
1059666caco3
105e6b34
106015229
10603219
1060409174
10604113
1060557090
10607586
10609069
10611061
106175152
106226416
106453da
106540140
10661066
10671067
1067291026
10676525
10681068
1068856875
1.06886E+11
1068895148
10691069
1069581210
1069iinyou
107020897
1070302287
107107107
107115mh
107123456
10712FD1
10723poppy
107251515
107295267
1073741824
10741074
107515911
107564335
10771077
107736770
10781078
107906515
108004137
10801080
10802030..
108078345
10810888
1.08109E+14
108161235
1082362651
10824576
108251174
10826313
10831083
10855127
108568639
108585914
108602342
10861086
108629abc
108693626
10871087
108714221
1088106925
10881088
108834685
108850656
108859222
108861313
108899800
1088v998
10891089
10895115
10895360
10901090
10907182
1.09085E+11
109109109
10911091
109116320
10913575
1092387456
1092621101
109346109
109528064
10952900
1095529248
109638305
109655907
10972009
1097288171
10976875
10980002
10981098
1098170b0
1098209531
1.0985E+11
10991099
10995001
109973852
109f6020
10b62a22
10c25315
10c70ce0
10e53307
10FC116f
10ff0dc2
10jiezhida
10nian1jian
10qpalzm
10tracy15
2011-11-11
11000000
11000011
110001110
11000118
11001010
11001111
11001122
11001204
11002200
11002233
11002255
11002299
11002958
11004100
11005168
11005A4B
11006688
11008888
11010010
11010100
11010101
11010464
11010880
110109800
11011000
11011010
1101101100
110110110a
110110112
110110119
110110120
110110123
11011022
11011023
11011026
110110520
110110aa
110110abc
110110fang
110110ok
110110qq
110110xie
11011102
11011103
1.10111E+11
110111112
1101111981
11011201
110112110
1.10112E+11
110112120
1101121984
110112qq
110113312
110114119
11011900
110119007
11011911
1.10119E+11
110119114
110119120a
110119122
110119123
11011919
11011979
11011986
110119911
110119zx
110120..
11012000
11012011
1.1012E+11
110120112
110120114
110120120
110122119
110123110
11012315
11012345
110123456
110123xx
11016243342
11017891
11017951
1101818714
110183879
11020211
11020307
1.10203E+11
11020823
11020913
11020928
11021010
11021012
11021030
11021102
11021103
11021113
11021120
11021213
110218110
11021914
11021996
1102221368
11023456
110300312
11030104
110301720
11030212
11030221
11030929
11031103
11031124
11031203
11031206
11031214
11031913
11031971
11031983
1103534423
11035421
110361447
11041104
11043904
1104762576
1104boyzone
11050221
11051028
11051105
11051205
11051206
11051215
11051218
11053891
11054110
11054188
110550106
11060925
1106096160
11061022
11061106
11061107
11061978
11061981
11061984
1106283667
110680105
11068542
11070105
11070525
11070920
11071013
11071015
1.10711E+11
11071107
110711110
11071208
11071983
11071984
11071986
11074176
11080000
11080320
11080502
11081013
11081019
11081106
11081108
11081123
11081203
11081226
11081982
1108214526
110823555
11082700
110860245
1.1089E+11
110891ss
110907lsj
11090915
11091017
11091109
11091121
11091204
11091212
11091429
110929924
110vey0u
111-222-1933email@ad
11100000
1.11E+11
111000222
111000999
111000aaa
11100111
11100200
11100221
11100612
11101011
11101013
11101110
11101216
11101983
11101986
1110201682
11102a7a
11104127
111088cff
1.11101E+13
11110902
11111000
11111017
11111021
111111..
111111...
11111100
111111000
1111111!
1111111100
1.11111E+12
1.11111E+13
1.11111E+14
1111111111q
1111111119
111111111z
1111111122
1111111123
1111111155
111111118
111111119
11111111aa
11111111qq
11111111z
111111123
11111116
11111117
11111119
1111111l
1111111p
1111111s
1111111w
1111111wz
1111111z
11111121
111111222
1111112222
11111123
11111178
11111188
111111_l
111111aaaa
111111aaaaaa
111111ab
111111abcd
111111as
111111asd
111111bb
111111ben
111111cao
111111cc
111111cg
111111fhy
111111hh
111111jcs
111111jj
111111jlh
111111kk
111111kl
111111li
111111ll
111111mima
111111mm
111111ok
111111pp
111111qqqq
111111qqqqqq
111111qw
111111qwe
111111ss
111111ssssss
111111tbb
111111ty
111111wfl
111111ww
111111www
111111xx
111111xxx
111111yrfgz
111111yu
111111yy
111111zh
111111zl
111111zlf
111111zx
111111zy
111111zz
111111zzz
111112113
11111234
1111133333
1111166666
1111177777
11111848586@qq.c
11111917
11111980
11111986
11111aaa
11111qqqqq
111121111
111122223
1.11122E+11
11112222a
11112233
11112345
111123456
11112355
11114321
111183cs
111187devil
1111911113
1.112E+13
1111A1111
1111AAAA
1111abcd
1111llll
1111o1111
1111zzzz
11120616
11121015
1112111121
11121112
11121113
1112112144
11121212
11121213
1.11213E+11
1112132177
11121980
11122200
111222000
11122211
111222111
11122212
111222121
111222123
11122222
1.11222E+14
111222333a
111222333abc
111222333q
111222444
111222555
111222999
111222aa
111222aaa
111222ab
111222abc
111222cyh
111222qq
111222qqq
111222ww
111222wwwzzz
111222yu
11122324
11122333
1112234cai
111224339
11123087
11123111
11123123
1112332345
11128800
11130000
11131010
11131017
11131024
11131113
11131227
11131719
1113264109
11132899
111333333
11134888
1113ak47
1113lltt
11141114
11141217
11141225
11141985
11141987
111444555
111444777
111444888
111458yi
111492501
1115001115
11151019
11151023
11151115
11151220
11151225
11151314
11151985
11153102
111555888
111555999
1115love
11161116
11161219
11161980
11161982
111620901
111666999
11167553
11169290
11170506
11171010
11171117
1.11711E+11
11171219
11171231
11171982
1117210q
111731701
111777888
1117oicq
11180330
11181013
11181022
11181118
11181119
11181226
111819216
11182528
11184223
1118511185
11188111
111888666
1119058936
11191024
11191119
11191120
11191214
11191228
11192545
11196312
11199900
111999000
111999222
11199978
11199991
111a222b
111aaa111
111aaa1a
111aaa222
111AAAAA
111bohai43
111C7e56
111jayxixi
111qqq000
111qqq111
111qqq222
111qqqaaa
111qqqaaazzz
111qqqQQ
11200000
11200228
11200603
11201006
11201024
11201025
1120111201
11201216
11201223
11201226
11201229
11201314
11201982
11201983
11201984
11201985
11202011
1120301121c
1.1203E+11
11205658
11205758
11207799
11210000
11210511
11210520
11210523
11210824
11211010
11211013
11211017
11211026
1121110119
11211103
11211111
11211121**
11211122
11211129
11211211
11211225
11211226
11211227
11211229
1.12113E+11
11211314
112113167
112119110
11211981
11211982
11211984
11212212
1121231234
112130140
11213141
1121314151
1.12131E+11
11213456
11213891
1121419494
11214841040
112183609
1121linXIAO
1121qing
11220000
11220011
1.122E+11
11220033
11220055
11220099
11220100
11220116
11220121
11220205
11220609
1.12209E+11
11221013
11221018
11221023
11221026
11221111
11221124
11221127
11221133
11221155
112211gg
11221212
11221217
11221225
11221314
11221982
11221983
1122198321
11222211
11222333
112224448
112233.lanxiao
112233000
1122330044
1122331122
1122332211
112233321
11223333
1122334400
1.12233E+14
1.12233E+13
1.12233E+15
1.12233E+17
1122334456
11223344a
11223344aa
11223344qq
1122334abc
112233520
11223356
112233661
1.12234E+11
1122336699
11223399
112233aaa
112233aabb
112233AABbcc
112233ab
112233dd
112233fox
112233hahaha
112233kx
112233ll
112233mm
112233ok
112233qaz
112233qiu
112233qqwwee
112233qw
112233qwe
112233SS
112233ww
112233xx
112233yy
112233zxc
112233ZZ
11223400
112234aa
11224433
1.12245E+11
1122446688
11224477
112254135
11225500
11225544
11225566
11225588
112255abc
11227788
11228800
11229208
11229900
1122990`
11229988
1122aabb
1122aass
1122qqww
11230000
11230228
11230325
11230521
11230606
11230721
112309127
11231012
11231015
11231017
11231025
11231111
11231122
1.12311E+11
11231124
11231213
11231214
11231215
11231218
11231220
11231223
11231226
11231230
1.12312E+11
11231325
11231325lulu
11231718
11231975
11231982
11231983
11231985
11231986
11231987
11231999
11233211
1123321165
11233321
11233443
11233455
112334556
1123345653
11234456
11234562
112345623
11234566
11234567899
1123530+++
112354321
11235800
11235811
1.12358E+13
1.12358E+15
112358134
1123581347
11235853211
112358?!
112358abc
112358zty
112365876
11238624
1123cctv
11240000
11240222
11240708
11240919
11241002
11241010
11241013
11241020
11241022
11241024
11241026
11241111
11241120
11241125
11241127
11241208
11241221
11241225
112414720
112418wawzj
11241980
11241983
11241984
11241985
1124269217
11244211
112451078
112454649
11247412
11249677
1124mali
1124suwe
11250000
11250402
11250813
11250817
11251006
11251013
11251014
11251020
11251126
11251127
11251203
11251226
11251231
112512345
11251314
112517482
11251981
11251983
11251985
11255211
112572971
11257789
112587394
11260000
11260106
11260428
11261111
11261126
11261218
11261981
11261983
11261985
11261986
11261987
112627521
11266211
1.12686E+12
11270000
11270204
11270413
11271009
11271016
11271018
11271020
11271023
11271060
11271216
11271230
1127123210
1127123216
11271986
112730007
1127711315
1127720332
11278181229
11280000
11280130
11280328
112803316
11280905
11280925
11281014
11281016
11281024
11281127
11281128
11281205
11281225
11281227
11281228
11281229
11281231
11281980
11281981
11282327
112866djx
11290000
11290305
11290331
11290721
11290923
11291010
11291014
11291015
11291025
11291101
11291129
11291212
11291224
11291984
11291986
112946866
11300102
113006ok
11300726
1130100612
11301016
11301026
11301130
11301220
11301974
11301982
11301983
11305566
1130wwwmmm
113109111
11311131
113114115
11318214
11319829
113198625
11321132
113213lz
113226835
11329488
11331133
11331144
11332244
1133238767
11334466
11335588
11336688
11337788
11337799
113392feng
11339977
11341134
1.13426E+11
11344549
113473960
113487990
11351135
11361136
113703686
11371137
11374028
1.13795E+13
11381138
11391139
1139230304
113F47c5
114010105
11401140
114048552
1140762474abc
114092298
114094695
11411141
114115116
11412242115
114226cao
114236844
11423816
114284237
11431143
11431336
114315797
1.14328E+11
11435611q
11435611qaz
11438300
114411415
11441144
11442255
11445522
11445566
11447700
11447788
11451145
114691398
11471147
11472258
11481148
1148686681
114873265a
11488411
11495609
114985960
1149944858
114e31AF
11501150
11501199
115020347
115036592
11509511
1151106917
11511151
115115115
1151329341
1152011520
115201314
1152111521
115211314
11521152
11521521
115215425
11521810
11531153
115369497
115426219
1154444944
1154729820
115493467
115496313
11551155
11554523
115552727
1.15567E+13
11556688
1155802953
1.15599E+11
115599357
11561023
11561156
11561186
115633540
11565195
1156911569
11571157
115720328
115763178
115789246student
11578999
11581158
11591159
1159753a
1160017381
116096939
11611121
11611161
116116254
116117118
116119559
116136352
1161982abcdef
116201629
116248337
1164000301
11642842
11644009
116492170
116551993
116576173
116611116
11661166
11668899
116699123
1167182199
1167612171
11677067
11678520
1168083681
11681168
116830402
1169232327
1169447090
11696116
116967686
116a0d24
11701170
11703045
1170324658
11708607
11709394
117117123
1171173637
117118119
1171192009
117143110
117148497
117210198
117220jing
1172211722
11731173
117314421
117317517
117324191
117325910
1.17491E+11
11751175
117522jiajia
11769286
117705300
11771177
117713190
11781178
117815095
117815218
11790b74
11791179
117988236
11801180
118062jewell
11810116
11811181
1181151539
1.18119E+11
11817612
11821182
11833355
118423147
1185131113
11861186
118625hzh
1187128221
118825602
11885009
1.18851E+12
11888935
11889431
11889900
11891189
118912917
118993288
11900000
11900402
11900581
11901190
11901315
11902891
11905379
11909976
119110110
119110112
119110119
1.1911E+11
119110120
119110122
119110591
119110qq
1191111911
11911191
119112110
119114110
11911844
119118856
11911911
1.19119E+11
119120110
119120121
119141125
1191843784
119200939
11921192
119215315
119241116
119255443
119283984
11939311
1194092175
11943a9d
119484950
119556259
119571469
119575819
11958021
119585010
119603720
11972425
119768975
11981198
11986752886
119867722
11989239
11990000
11991100
119911110
119911119
1.19911E+11
1199111991
11991199
11992288
11993377
11997711
11997733
11997744
11997788
11997799
119985872
11998800
11998811
11998822
11998833
11998855
11998866
11998877
119hy640317xj
11a22b33c
11a27905d
11AA11AA
11aa22bb
11aa22bb33cc
11aabb22
11AF61e1
11bb33dd44ff
11c04de8
11c44cca
11d245C6
11d76d01
11de2230
11EA151d
11F351bd
11FE4a73
11gina119
11huidaoda
11nedved
11q11q11q
11qq11qq
11qq11ww
11qq22ww
11QQqqsun
11qqwweerr
11r33t59
11wzlldb787
11zzzzzz
12#45?sll
12*Lancy
12000000
12001200
12001983122
1200202833
1200312003
1200416631
1200890821
1201.wei
12010201
12010302
1.20103E+11
1.20104E+11
12010610
12010891
12011021
12011201
120119110
12011984
1.2012E+11
120120520
120120qw
12012891
120128abv
12013891
120173458
1201740318
12020113
12020915
12021012
12021028
12021979
12021984
1202213901
1202241984
1.20226E+11
120254889
120273xyb
12028212
12030400
1203079c
12030903
12031013
12031014
12031022
12031026
12031029
12031108
12031125
12031129
12031981
120331848
12034409
1203456789
120399947
1203shop
12040510
12040523
120407183
12040721
12041020
12041121
12041124
12041129
12041986
1204512045
120459967
1204748761
120475485
12050615
12050629
12051205
120516512
120518jj
12051982
12051983
12051986
12052518
12055713zx
12061001
12061029
12061103
12061206
1.20612E+11
12061212
12061231
12061981
12062026
12066147
120675397
120690870
12070506
12070826
12071207
12071209
12075500
12080000
12080821
12081016
12081117
12081208
12081300
12081618
12081980
120820657
12084332401
1208520815
12090502
12090716
12091013
12091208
12091212
12091981
12091984
120922120
12094247
120963336
120997727
120largelion
12100000
12100121
12100226
12100904
12100911
12101027
121013023
12101987
12101988
121021749
121054323
121067928
12107500**..
121082559
121084005
1210980696
12110000
12110022
12110596
12110608
12110923
12110930828
12111011
12111022
12111028
12111030
121110cw
12111111
12111112
12111121
12111982
12111986
121121112
12112112
1.21121E+11
121121123
1211211234
1.21121E+12
121121316
121121aa
121123321
1211234567
121144169
1.21183E+11
1211r111225321@q
12120000
12120209
12120505
12120901
12120909
12121010
12121017
12121028
12121111
12121112
12121117
1212112121
12121122
12121123
12121189
121212100
1.21212E+11
12121212a
12121215
12121221
12121222
12121225
121212aa
121212aaa
121212ab
121212abc
121212ccb
121212QAZ
121212qq
121212qqq
12121313
12121314
12121818
12121973
12121983
12121984
12121986
12122121
12122323
12123123
121231234
121233333
12123344
12123636
12124545
1212520520
12125408
121254088
12125418
121254188
12125488
1212612hy
12128368
12128444
12129622
1212abcd
1212xuwenli.
12130000
1.21301E+11
12130502
12130701
12131021
12131028
12131107
12131125
12131210
12131222
12131230
12131400
1.21314E+11
1.21314E+13
1.21314E+15
121314156
121314159
121314520
12131456
121314qq
12131516
12131986
12132324
1213312133
12134083456
121340957
121341599
12134546
121351232
121352188
12138498
1213abcd
1213tong
12140000
12140203
12140803
12141011
12141015
12141018
12141026
12141030
12141108
12141115
1214112141
12141314
12141516
12141618
121416777
12141981
12141983
12141984
12141987
12142446
121425o0
121432965
121435115
121436500
12144121
12146868
12150000
1.215E+11
12150016
12150117..
12150315
12150621
12150629
12150807
12151023
12151024
12151025
12151026
12151114
12151120
12151216
12151314
12151963
12152205152
12152250
1215225love
12153554
12153707
121566061
12158206
1215z1215
12160079
121600yjh
121608175
12161113
12161122
12161216
12161217
12161218
12161979
12161981
12161983
12161984
12161985
1.21623E+11
121624love
1216335092
121654202
121667708
121674qoy
1216star
1216zxzx
12170000
12170310
12170326
121709770
12171021
12171103
12171111
12171122
12171208
12171218
12171231
12171819
1217198200
12171983
12173709
121757237
121758941
121774659
12180000
121803111
121806123
12180825
12181013
12181016
12181029
12181115
12181119
12181123
12181124
12181210
12181218
1.21812E+11
12181317wg
12181812
12181982
12181983
12181984
12181985
121824760
12183344
12185205
1218milan
12190000
12190102
12190130get
12191010
12191013
12191107
12191113
1219111888
12191124
12191224
12191314
12191983
12191987
12192169
1219318914
121938094
12197287
121975zy
121976618
12198344
12198481
121985530
1219cold
121pjh000
12200215
12200306
12201026
122010mn
12201220
12201678asdf
12201982
122024617
1220520025
12206438
122065606
12210000
12210114
122101544
12210409
12211001
12211016
12211122
12211441
12211982
12211984
12211985
12212112
12212121
12212212
12212332
122133144
12213443
12213456
122153400
12215719
12220429
12221111
12221207
12221221
12221222
12222221
1222222222
122232444
122263555
12227536
12230506
12230610
122308821
12231123
12231203
12231970
12233221
122333123
122333221
1.22333E+14
1223334444s
122333456
12233445
1223344556
122344566
12234556
1223weiwei
12240000
12240126
1224032571
12240406
12240410
12240715
12240815
12241025
1224112241
12241123
12241210
12241225
1224123ww
12241978
12241983
12241984
122425326
12243648
12244221
122454001
122483224
12250000
12250119
12250525
12250601
12250805
12250812
1225098297
12251017
12251018
12251111
12251114
12251157
12251212
12251219
12251223
1.22512E+11
12251226
12251227
12251228
122512lydia
12251314
12251968aa
12251980
12251982
12251983
12251985
12251986
12254899
12255221
12257545
12260208
12260507
12260809
12261106
12261107
12261113
1.22612E+11
12261228
12261980
12261985
12261987
122653445
12265345@126.com
12266135
12266221
122682706
12271001
12271011
12271227
12271986
1227216000
1227237gyl
12278543
1227913
122798528
12280000
12280207
12281008
12281030
12281229
12281980
12282003
12282011
12282888
12283023
122865122
122866aa
12288221
122885432
1228happy
12290312
12290349
12291027
12291127
12291208
12291229
12291982
12291983
1229337606
12295200
1229gg99
123!@#123
123*456*
123+456-789
123+456=789
123-456-789
123.....
123...123
123...456
123..123..
123..321
123..456
123.123.123.
123.2531
123.3147283
123.321.
123.456789
1230.123
1230.321
1230.456
123000.+
123000..
123000...
1.23E+15
1.23E+11
123000321
123000456
123000aa
123000aaa
123000az
12300321
12300456
123007418
12300789
12300a00A
12301014
123010203
12301023
12301122
12301230a
12301231
1230123123
12301234
1230123a
1230123wu
12301891
12301981
12301983
12301984
12301987
12302211
12302800
12303210
1.23046E+11
12304567
123045678
1230456a
1230520po
1230612306
12306966
123072002
123098123
1230984567
12310000
12310082311
1231012310
123102030
12310700
123107mjw
123110110
12311110
12311111
12311113
12311125
12311230
12311231345
1.23112E+13
12311892
12311982
12311984
12312123
1231212312
1231212315
123123.123
12312300a
123123110
123123111
1231231122
1231231123
1.23123E+14
1.23123E+15
1231231233
12312312345
1.23123E+12
123123123Aa
123123123ABC
123123123qq
123123123QWE
123123123s
123123123z
123123124
12312313
123123132
1231231323y
12312321
12312323
12312333
123123333
123123369
12312344
123123455
12312355
123123654
12312366
123123666
12312378
123123888
12312399
123123a123
123123ab
123123abcabc
123123abcd
123123as
123123asdasd
123123bb
123123bbb
123123cbk
123123ccc
123123dd
123123duan
123123dyf
123123feng
123123ff
123123gx
123123jj
123123kk
123123li
123123lin
123123liu
123123ll
123123mm
123123mmm
123123ok
123123pp
123123qa
123123qazqaz
123123qqq
123123qw
123123qweqwe
123123sa
123123tt
123123wo
123123wq
123123ww
123123www
123123xx
123123ygy
123123yy
123123z123
123123zlh
123123zz
123123zzz
123124125
1231270123
123128ly
123129103
12313123
1.23131E+13
123132987
12313683
1231421421
12314564
123147123
123147159
123147258
123147aa
12315000
12315000wf
12315100
12315110
12315111
12315111c77v
12315123
1231512365
12315160
123152004
1.23152E+12
123153123
12315315
12315446
1231566165
12315678
123156789
12315789
12315888
123159147
123159357
123159753
12315987
12315abc
123168168
12316888
12317155
123175067
1231853211
12319332
1232008123
1232112321
12321233
123213312
123213321
12321456
1232145654
12322123
123223323
123223333
1232233362
123223daye
12323123
123231312
123231321
123232aa
1232340150
1.23234E+11
12325800
123258369
123258456
123258789
12325879
12328183
1232846739
123311591
12331233
123321.1235
1233210000
123321007
12332101
1233210123
1233210a
123321110
123321111
1233211230
12332112321
12332112345
1.23321E+14
123321123a
12332112b
12332113
123321132
12332113212
12332113221
123321147
123321213
12332122
12332123
123321231
12332125
123321258
123321321
12332133
123321333
12332134567
12332144
1233214567
12332147
123321508
123321521
12332155
123321567
12332158
123321654
12332166
123321666
12332177
123321789
1.23322E+11
123321888
123321999
123321ab
123321abccba
123321abcd
123321as
123321ASD
123321bb
123321ee
123321hh
123321kk
123321li
123321ll
123321mm
123321ok
123321pp
123321ppa
123321qaz
123321qqq
123321QW
123321qweewq
123321song
123321SS
123321tt
123321ty
123321www
123321x42
123321xyz
123321zl
123321zxc
123321zz
12333211
12333321
12333456
1233412334
123345567
12334566
1.23346E+11
12334567
1233456789
123357857912@qq.
123369369
123369789
12336987
123369987
1.2337E+11
1233765830
1234$#@!
1234*1234
1234+1234
1234.1234
1234.4321
1234009547
123404321
123409547
12341111
123411226
12341210
12341212
12341233
123412341
1234123412
1.23412E+11
12341234a
12341234abcd
12341234cm
12341235
12341255
12341314
123416688
123417860
12341qaz
12342002
1.23422E+11
1234234344
123424158
12343210
12343211
12343215jo
12343344
12343767
12344231
123443211
1.23443E+11
12344321a
12344321heheQ
12344321q
12344321qq
12344444
12344540
123445566
12344567
1234456789
12345%$#@!
12345007
12345078
12345098
12345119
1.23451E+14
12345123456
12345168
12345188
123452009
123452345
1234523456
12345321
1234543210
12345520
1234554123
12345543
1.23455E+11
1234554321abc
123455543
1234555544
123455678
123456гнгн
123456!!
123456!!!
123456!@
123456##
123456&890
123456*a
123456+-
123456+-*/
123456+789
123456-00b
123456-789
123456-=
123456-a
123456.+
123456....
123456..0
123456.1
123456.abc
123456.w
123456/*-
123456/.
123456//
123456/a
1234560..
12345600..
1234560001
123456001
1234560010
123456002
123456007
12345600a
12345600aa
123456010
123456012
1.23456E+12
12345601h
12345606
12345607
12345608
12345609
1234560987
1234560sz
12345610
123456100
123456119
123456120
12345612345
1.23456E+15
123456123456A
123456123a
12345613
1234561314
123456147
123456159
12345616
123456163
123456168
123456188
1234561987
1234561a
1234561wz
12345620
1234562007
1234562009
1234562010
123456206
12345621
123456211
12345622
123456222
12345623
12345625
123456258
12345627
12345628
123456310
12345632
1234563210
12345633
123456333
12345636
123456369
12345641
12345644
123456444
12345645
12345652
12345655
123456555
12345657
12345658
123456610
12345663
12345665
1234566543
1234566666
123456677
123456688
1234567!
1234567!?
1234567#
1234567+
1234567..
1234567000
123456708
123456709
1234567098
123456712
12345672
12345674
123456741
1234567520
123456753
1234567567
1234567765
1234567777
1234567788
123456779
12345678!
12345678$
12345678*
12345678+
12345678/
1234567810
123456785
1234567852
123456786
1234567877
1234567887
123456789!@
123456789!@#
123456789#
123456789+++***
123456789+-
123456789+-*/
123456789-
123456789-+
123456789/*-
123456789/*-+
123456789/.
1234567890+
1234567890-
1.23457E+19
12345678905
1.23457E+18
1234567890@
1234567890A
1234567890aa
1234567890aaa
1234567890ab
1234567890abcd
1234567890abcde
1234567890abcdef
1234567890as
1234567890asd
1234567890asdf
1234567890az
1234567890l
1234567890ll
1234567890m
1234567890ok
1234567890p
1234567890qaz
1234567890qw
1234567890qwerty
1234567890w
1234567890wwwyyy
1234567890x
1234567890y
1234567890z
1234567890zxc
1234567890zxcvbn
1234567894
12345678951
12345678955
12345678987
1.23457E+16
123456789_
123456789_0
123456789`
123456789abcdef
123456789abcdefg
123456789ac
123456789asdfghj
123456789cc
123456789ccc
123456789chen
123456789cy
123456789dd
123456789e
123456789ff
123456789gao
123456789gg
123456789gl
123456789guo
123456789gy
123456789gyn
123456789he
123456789hh
123456789hl
123456789hu
123456789huang
123456789i
123456789jiang
123456789jj
123456789lf
123456789lh
123456789lj
123456789lll
123456789lp
123456789lq
123456789ls
123456789lt
123456789LUO
123456789lw
123456789lx
123456789ly
123456789mmm
123456789mnb
123456789mnbvcxz
123456789nm
123456789nn
123456789oi
123456789op
123456789poi
123456789ppp
123456789qa
123456789qwertyu
123456789r
123456789sh
123456789shi
123456789SS
123456789sss
123456789sudu
123456789sun
123456789sy
123456789tt
123456789ty
123456789u
123456789wh
123456789wj
123456789wl
123456789WOAINI
123456789ws
123456789wy
123456789wz
123456789xiao
123456789xie
123456789XU
123456789xw
123456789xxh
123456789XY
123456789xyz
123456789yj
123456789yl
123456789you
123456789yp
123456789yt
123456789yuan
123456789YY
123456789ZA
123456789zF
123456789zh
123456789zhu
123456789zj
123456789zl
123456789zm
123456789zxcvb
123456789zxcvbnm
123456789zy
123456789zzl
123456789~
12345678?
12345678A@
12345678aaa
12345678abcd
12345678as
12345678asd
12345678b
12345678C
12345678d
12345678f
12345678g
12345678h
12345678hy
12345678j
12345678justme
12345678k
12345678kk
12345678li
12345678mm
12345678No
12345678pk
12345678pp
12345678Q
12345678qaz
12345678QWE
12345678qwertyui
12345678s
12345678t
12345678ty
12345678wr
12345678ww
12345678xx
12345678y
12345678yy
12345678zl
12345678zx
12345678zz
1234567980
123456798a
12345679a
1234567@
1234567aaa
1234567abcd
1234567abcdefg
1234567as
1234567asd
1234567bjs
1234567c
1234567cc
1234567d
1234567dD
1234567f
1234567g
1234567h
1234567j
1234567jj
1234567li
1234567lj
1234567love
1234567ly
1234567m
1234567mm
1234567o
1234567ok
1234567p
1234567pc
1234567qa
1234567qaz
1234567qd
1234567qqq
1234567qw
1234567qwe
1234567qwer
1234567qwertyu
1234567s
1234567t
1234567tt
1234567v
1234567wo
1234567x
1234567xx
1234567xxx
1234567xy
1234567xyz
1234567yj
1234567yue
1234567yy
1234567zxc
1234567ZXCVBNM
1234567zy
1234567zz
12345680
12345682
12345684
12345685
1234568520
1234568888
123456897
1234568a
1234568k
123456911
123456951
123456963
12345697
123456978
123456987a
123456987q
1234569900
123456998
1234569999
1234569a
123456??
123456@#$
123456@byd
123456^%$#@!
123456_123456
123456_789
123456_abc
123456``
123456A!
123456a...
123456a1
123456a123
123456A123456
123456a7
123456a789
123456aaaaaa
123456aaabbb
123456aab
123456aabb
123456aas
123456abc123456
123456ABC789
123456abcabc
123456abcjcq
123456abs
123456ac
123456acb
123456ad
123456af
123456al
123456an
123456aoe
123456apple
123456asa
123456asas
123456asdasd
123456asdfghjkl
123456asdzxc
123456At
123456aw
123456AX
123456AZX
123456bai
123456bao
123456bbs
123456bc
123456bin
123456bing
123456bj
123456bl
123456bn
123456bnm
123456bo
123456boy
123456bp
123456BYD
123456cai
123456CAO
123456catv
123456cb
123456cba
123456ccc
123456CCTV
123456cd
123456cf
123456ch
123456cheng
123456cj
123456ck
123456CL
123456cm
123456cn
123456com
123456cq
123456cs
123456csdn
123456ct
123456cui
123456cw
123456cx
123456cxy
123456cy
123456cz
123456da
123456dai
123456dan
123456dc
123456ddd
123456de
123456deng
123456df
123456dfk
123456dfwy
123456dg
123456dh
123456ding
123456dj
123456dl
123456dong
123456dql
123456ds
123456dsa
123456dt
123456du
123456duan
123456dw
123456dwg
123456DX
123456dy
123456ecvv
123456ee
123456efg
123456er
123456fa
123456FAN
123456fei
123456feng
123456ffee
123456fff
123456fg
123456fj
123456flash
123456fly
123456fu
123456fxx
123456fy
123456gao
123456gb
123456gd
123456gf
123456ggg
123456gh
123456gj
123456GL
123456gn
123456go
123456good
123456gp
123456great
123456gs
123456gt
123456gu
123456guo
123456gx
123456GY
123456gyn
123456gz
123456ha
123456haha
123456haitian
123456han
123456hb
123456hd
123456he
123456hg
123456HH
123456hhh
123456hj
123456hjh
123456hjk
123456HJKL
123456hk
123456hkk
123456hl
123456hm
123456hn
123456hong
123456hp
123456hr
123456hrb
123456hs
123456hsyy
123456ht
123456hua
123456huang
123456hui
123456hul
123456hxp
123456hy
123456hyj
123456hyl
123456hz
123456iop
123456jay
123456jb
123456jdy
123456jh
123456ji
123456jia
123456jian
123456jiang
123456jie
123456jin
123456jing
123456jixiang
123456jjj
123456jk
123456jl
123456jm
123456jn
123456jun
123456june
123456jx
123456jy
123456kai
123456king
123456kj
123456km
123456l1
123456lan
123456lb
123456lc
123456lch
123456ld
123456le
123456lee
123456lei
123456lf
123456lg
123456lh
123456lhy
123456liang
123456lili
123456ling
123456liuan
123456ljh
123456ljj
123456ljl
123456ljs
123456ljy
123456lk
123456lkj
123456lld
123456lld!
123456llj
123456llll
123456lm
123456ln
123456lp
123456lq
123456lr
123456ls
123456lt
123456lu
123456luo
123456lv
123456lw
123456lwj
123456lx
123456lxf
123456lxl
123456lxy
123456lyf
123456lyflq
123456lyh
123456lyj
123456lyl
123456lyp
123456lz
123456lzk
123456lzl
123456lzy
123456mao
123456mc
123456md
123456me
123456mei
123456meng
123456mf
123456mh
123456mhw
123456mima
123456min
123456ming
123456mj
123456ml
123456MNB
123456mo
123456mwy
123456my
123456myq
123456mz
123456na
123456nba
123456niu
123456nmw
123456nn
123456nnn
123456nw
123456okok
123456ooo
123456pan
123456peng
123456pk
123456pl
123456plm
123456po
123456poi
123456pop
123456pw
123456QAZWSX
123456qazxsw
123456qd
123456qi
123456QIAN
123456qiu
123456ql
123456qlm
123456QP
123456qqa
123456qqaa
123456qqqq
123456qs
123456qweasd
123456qwertyuiop
123456qz
123456ren
123456rr
123456rt
123456rui
123456sb
123456sc
123456sd
123456seo
123456sg
123456sh
123456shan
123456shen
123456shi
123456shu
123456sisu
123456Sj
123456sk
123456sky
123456sl
123456sm
123456sn
123456snow
123456song
123456sq
123456sss
123456st
123456su
123456sun
123456sw
123456sx
123456sy
123456syh
123456sz
123456ta
123456tan
123456tang
123456tao
123456td
123456ti
123456tian
123456tiantian
123456tianya
123456ting
123456tj
123456tom
123456ttt
123456tu
123456tx
123456txj
123456uu
123456uuu
123456vb
123456vbn
123456vv
123456wa
123456wasd
123456wb
123456WC
123456wd
123456WE
123456weiwei
123456wen
123456wf
123456wg
123456wh
123456why
123456wj
123456wk
123456wl
123456wll
123456wm
123456WO
123456woyo
123456wp
123456wq
123456ws
123456wsx
123456wt
123456wwx
123456wx
123456wxy
123456wy
123456wyf
123456wyj
123456wyq
123456WZ
123456wzg
123456wzh
123456xb
123456xc
123456xd
123456xf
123456xh
123456xia
123456xie
123456xin
123456xing
123456xj
123456xl
123456xm
123456xp
123456xq
123456XT
123456xu
123456xue
123456xuexue
123456xw
123456xyh
123456xyl
123456XZ
123456ya
123456yao
123456yb
123456yc
123456ycm
123456ye
123456yes
123456yf
123456yi
123456yin
123456ying
123456yk
123456yl
123456ym
123456you
123456yoyo
123456yq
123456YS
123456yuan
123456yun
123456yw
123456yx
123456yyl
123456yyy
123456yz
123456za
123456zb
123456zc
123456zd
123456zds
123456ZF
123456zg
123456Zh
123456zhb
123456zhh
123456zhong
123456zhou
123456zhr
123456zhy
123456zj
123456zjs
123456zk
123456zl
123456zm
123456zn
123456zp
123456zpl
123456zq
123456zr
123456zs
123456zsy
123456zt
123456zw
123456zws
123456zxcvb
123456zxh
123456ZXL
123456zxy
123456zxz
123456zy
123456zyh
123456zyl
123456zyy
123456zzh
123456zzl
123456zzy
123456ZZZ
123456zzzz
123457689
1234576a
123457896
1.23458E+11
12345815
12345835
123458915
123458aa
12345919
12345987
1234598760
12345999
12345a123
12345a54321
12345a6789
12345aaa
12345aaaaa
12345abcdef
12345asDF
12345chen
12345fffff
12345hhh
12345hui
12345jun
12345liu
12345love
12345mjs
12345n09876
12345poiuy
12345qqq
12345qqqqq
12345qwertasdfg
12345shf
12345shshdlh
12345sht
12345SSS
12345sweet
12345tianya
12345tmd
12345ttt
12345wang
12345www
12345xxx
12345xyz
12345yifan
12345zhang
12345zrn
12345zxc
12345zxcv
12345zxcvb
1.23465E+11
12346578
1234657890
123465798
123467895
12346789aa
12346872
123475869
12347788
12347896
123478965
12347hk8
12348765liang
12348765qq
12348899
1234889900
123489756
12349999
1234@abc
1234@Byd
1234_abcd
1234a1234
1234a4321
1234a567
1234a5678
1234ab21
1234abcd1234
1234abcdb
1234ABCDE
1234abcdee
1234chen
1234dcba
1234fdsa
1234haha
1234hjkl
1234huang
1234inging
1234king
1234kxxm
1234long
1234love
1234mnbv
1234pass
1234poiu
1234pppp
1234q1234
1234qazw
1234QAZX
1234qq1234
1234qqqq
1234qw00
1234qwas
1234qweasd
1234qweasz
1234qwer110
1234qwer5
1234qwert
1234tony
1234ui5678
1234uiop
1234violet
1234wang
1234wasd
1234wwww
1234xiao
1234xike
1234xxxx
1234xyza
1234yang
1234yess
1234zhang
1234zxcvbnm
1234zzzz
12351321
123520123
1.2352E+11
123520abc
12352100
1.23521E+11
123521jie
12352520
12353ALLEN
1235412354
12354321
12354678
123546789
12354688
12355321
1235612356
123564978
12356789dahehao
12356790
12356799
123567yp
12356889
12356890
12356987
123571113
12357410
123574159
123578951
123580159z
12358123
1235812358
1235812@
12358132134
12358134
123581347
12358314
1235831459
123585088wym
123585321
123585858
12358789
1235909042
123596315
123598818
12361236
123619lh
123640287
12364567892@126.
1236512365
12365214
12365321
123654..
123654000
123654001
12365410
12365411
1.23654E+11
12365423365
123654258
123654321
12365444
12365445
123654456
123654520
123654654
12365466
12365470
123654741
12365478900
1236547891
1.23655E+11
12365478963
1236547899
123654789abc
123654789p
123654789z
123654798
123654852
12365487
123654879
1236548790
12365488
123654897
12365498
12365499
123654999
123654aaa
123654asd
123654asdf
123654kk
123654li
123654liu
123654mm
123654ok
123654qaz
123654qq
123654qw
123654qwe
123654sky
123654ty
123654yu
123654yyy
123654zxc
123654zz
12366321
12366666
123666666
12366888
12367890
123679223
12368099
1236827528
12368800
12369000
1236912369
1.23692E+12
12369369
123696321
12369852
12369874125
1236987415
1236987455
123698745a
12369874a
12369875
1236987qaz
1236996321
1236mnpq
123700278
123709394
12371237
12372600
12374296
12375844
1237758258
1237758521
123776874
12378456
123789000
12378901
12378912
1.23789E+11
123789258
123789369
123789465
123789654
123789654cbl
123789789
1.2379E+11
123789852
1237898911
123789987
123789aa
123789aaa
123789asd
123789cqc?
123789qaz
123789qq
123789sh
123793491
12381238
123830427
123844877
123846579
12385613
1.23888E+11
123888keke
1238904567
12389655
123899057
1239086250
12391239
123918679
12394567
1239581b
123963aaa
12398700
123987123
123987852
123987abc
123987dd
123988qaz
123988qazxsw
1239988321
123999888
1239999321
12399999
123a123a123a
123a123b
123a123s
123a321b
123a321s
123a456789
123a456a
123a456a789a
123a456s
123a8812581
123aa123aa
123aa321
123aa456
123aaa321
123aaa456
123AAAaa
123AAAaaa
123aaabbb
123aabbcc
123ab123
123ab456
123abc!@
123abc...
123abc00
123abc000
123abc12
123abc321
123abc321cba
123abc45
123abc456789
123abc456efg
123abc4d
123abc6789
123abc789
123abcd123
123abcd456
123abcef
123abcxyz
123abcyangtt
123admin
123and456
123ao321
123apple
123AS123
123as456
123asd!@#
123asd123ASD
123asd321
123asd654
123asddsa
123asdf456
123ASDFGH
123asdqwe
123asdzxc
123awedxz
123caonima
123cc.com
123cf90815
123dd456
123dongke
123dshily
123e456y789o
123ewqdsa
123foxconn
123foxconn!
123foxconn$
123gao456
123gogogo
123happy
123hello
123hezhihuan
123hh123
123hua123
123huang
123ILOVEYOU
123JIANG
123jiayou
123li456
123liang
123liuxiang
123love123
123m123m
123mima123
123mm123
123mnbvcxz
123MUTOUREN
123mylove
123nihao
123ok123
123ok456
123p123p123p
123ppsss
123q123d
123q123q
123Q4321
123q456q
123q456w
123q456w789e
123qaz!@
123qaz123qaz
123qaz321
123qaz456
123qaz456wsx
123qazplm
123qazqaz
123qazxsw
123qq123qq
123qq321
123qq321qq
123qq456
123qqq123
123qw123
123qw123qw
123qw456
123qwaszx
123qwe-=
123qwe..
123qwe11
123qwe12
123qwe321
123qwe4r
123qwe789
123qweas
123qweasdz
123qweqaz
123qweQQ
123qwezxc
123s123s
123salangane
123smile
123study
123sun123
123tarique
123tianya
123wangwei
123weiwei
123world
123ww123
123www123
123wwwwww
123xiner
123xxg89
123yfhao2001
123yiersan
123yu123
123yy123
123zhangcong
123zheng
123zx123
123zxc321
123ZXC456
123zxcvb
123zzz123
12401240
1.24047E+11
124068IK
1.24106E+11
1241151225
124124000
124124smq
12412600
12415396
12418294
12421242
124231128
12425164
124268698
12429684
12431243
12435678
12435687
124357689
124365847
124386443
124386800
124406829
12451245
12456505
1245669988
12457800
12457812
1.24578E+11
12457836
1245783690
12457890
12457896
1245789630
124578abc
124578lsy
12459618
124598260
12461246
1246love
1247111622
12471247
124736958
1248101014
12481248
1248163264
12488082
12488421
12489098
124904629
124a66cf
12500000
12501250
125022402
12510300
12511251
1.25119E+11
1.2512E+11
12512500
125125125x
125161bjy
125179894
1252004161
125201314
1252112521
12521252
125239717
1253012530
12531253
1253181783
125334479
125347352
125365672
12541254
12544521
12545199
12548787
12551255
1255183121
125520333
12552100
125521125
1.25521E+11
1255211314
125521921
125523112
125569979
125600350
12561256
12563380
12563478
125641586
12567890
125682769Q
12571257
125717707
125721556
12573257
125732578
1257445105
125748xieyan
125764623
12577725
1258010086
12581258
125819132
12584512
12585287
125857741
125874369
125874963
12587758
125883259
12588521
1258912589
125896321
125896347
1258974563
1259012590
1259013932
12590163
125901860
125901861
125902474
125905959
125906812
1259068180
125906862
12590707
1259125184
12591259
1259251314
125930394
1259317951
12597758
12598858758
125996267a
125a562F
125lele106
12601260
126036126
12608580
12611261
12612415
1.26126E+11
126126asiabb
126127128
1261853300
12620303
126213ch
1262823181
12631263
12633337
126336177
12641264
126438550
12650443
12651265
126520520
126543789
12656178
1265803688
12661266
126670379
1266922882
1266qwer
12681268
1268226899
1268671323
12688621
126891128
12691269
126974906
127.0.0.1
12701270
1270151666
1270158612
1270232920
1270252347
12702607420
1270321457
1270361069
1270375018
1270500832
1270561818
1270605005
1270821066
1270909361
1270910422
12711028
1271194112
1271259018
127136145
1271656180
1271662140
1271808926
1271826027
1271889872
1271962330
1271987127
1272158850
1272204309
127225shi
1272269821
1272276406
1272290769
1272674399
1272812823
12731273
1273593886
1274263f
12751200
1275224358
1275323140
1275629186
1275684767
12758727
1275973715
12769674
127767078
1277886165
1278012815
1278016160
12781278
1278156530
1278175088
1278327829
1278336935
1278401597
1278479301
12784994
1278634901
1278640589
1278731475
12788888
127892409
1278980144
1279027123
1279096075
12791279
12799944
12801024
12801280
12804791
1280539124
12808800
1280jytynl
12811281
1281191310
128128xl
12821282
12822458
1282281215
12828945
12830912
12848484
128489928
12850583
12850660
1.28525E+11
128620ruolin
1286990990
12871287
12875128
12876543
12881288
12881399
128821128
12888888
12891289
12891296
1289mo66
12900129
12901290
12909785
1291632349
1291921012
12921292
12921314
12921383
129409779
12941294
129413tywuwei
1294795972
1295019327
1295058171
12951295
1295158566
1295209399
1295257852
1295366512
1.29538E+11
1295467321
12956174
12957565
12961074
1296376423
1297158345
12972019
1298012980
1298015715
129807071
12981298
1298151161
1298157333
1298170960
1298179985
1298386171
1298718337
1298884995
1298900126
1298918879
1298966474
12991299
129921129
12995489
1299787661
129A4cf1
129aa129
12a12b12c
12a34b56c
12ab12ab
12ab34CD
12AE254a
12as12as
12as34df
12c609c1
12dhy3456
12ee0b99
12l26z24x
12LINcy14
12lxchen01
12q26w15
12qq12qq
12qw34as
12qwA2588
12qwas34
12woaini
12zsy1983
13000000
13001113
13001300
13001517755
13001711022
13002063789
13002064120
13002369835
13002386522
13002399920
13002881265
13003068739
13003478097
13003618827
13005007022
130050124
13005016
13005016016
13005090308
13005096290
13005874455
13006009815
13006060120
13006668896
130067fqf
13007738597
13008157219
13008360078
1300a466
1300lj6282668
13010381
13011007058
13011301
13011757245
130120110
13012335837
13012345
13012355547
1301262..
13012635373
1.3013E+11
130130130a
130131132
13013606888
1.30139E+11
1301555078
13016073735
13016131639aw
13016259673
13016467635
13017205979
13017525669
130175550z
13018318007
13018813906
13018858182
13019730831
13019986334
1301998a6334
13020543606
13021010983
13021302
13021998108
13022540345
13023144678aa
130238wdza
13026701718
13026767
130270564
13029118009
130298will130298
13030020
1303021598
1.30303E+14
13030951991
13031303
13031384447l
13032073323
1303215007
13032706618
130327aa
13032809525
13033119
13033143873
13034410028
13034480592
13034921321
13034936672
13034938975
13034940511
13035542828
13035561532
13036660290
13036670929
13036846033
13037464575
13037565150
13037699129
13037802780
13038518199z
1303abcxyz
13040615050
13040911
13041111071
13041304
13041786227qq
13041868
13042105623
13044215345
13045160851
13047995
13048279523
13048495237
130488541
1.30497E+11
130500821
13050138392
13050200
1305031983
13050805696
13051305
1305201314
1305280416
13053885969fcf
13053953225
13055556968
13055635
13055754391
13055801355
13056827718
13056931881
13057330425
13057835889chen
13059058408
13059606363
13060180166
13060302110
13060681052
13061192965
13061280
13061306
13061539897
13062594
13063357060
130638979
13064364577
13066032381
13066535454
13066965553
13066994241
13067478434
13067555478
13067695698
1.30687E+11
13070093565
13070169755
13070322000
13071277384
13071307
13072756456
13072761705
13073485342
13073572020
13075929945
13076228
13077007330
13077568512
13077969916
13077970300
13078288808
13078900526
13078919458
13078921446
13078930821
13078939358
13078975033
13078986962
13080558187
13081308
13081971
13082361656
13084161198
13084902
13085017191
13085020421
13085180548
13086029630
1308660660
130888NMVB
13089153727
1.30902E+13
13091309
13091608661
13092319
13092lrr228
1309300130
13096986460
13097787273
1309811981
1309858066
13098900753
1309890515
13099020646
13099993378
130a7795
13100356855
13100722380
13100891
13101210822
13101310
13101698
13101899
13102021571
13102062556
13102652314
13102855098
13103068762
13103212630
13104600603
13104872044
13104883799
13106389898
13107442102
13108610
13108968693
13110100603
131111.com
131111com
13111311
1.31121E+11
13112250559
131131131
131132133
13113357790
13113955453
13114948608FENG
13115601607
13117447077
13117855320
1311813434
13118869
13118913161
13118985318
13119439919
13119528163
13120209532
13120401009
13120723556tt
13121100
13121312
13121314
13121885680
13122100zz
131226888
13122822
131239998
1.31249E+11
1312585131
13126733325
13129055551
131293469
13129800688
13130202310
13131133
13131211
1313133149
13131414
13131414520
13132363552
13132424
13133512653
13133599661
13134646
13135780531
13136070214
13136090055
13136098710
13136311161xsl
13136480
13138952540
13138999520
13139861507
1313@168
1313wing
13140123
13140135
131404551
13141015
13141025
131410317
13141111
13141115
13141125
13141129
13141211
1.31412E+11
13141215
13141219
13141225
13141234
1314123456
13141270831
1.31413E+11
13141314521
13141364677
13141374987
13141413
13141457
13141512
1.31415E+11
1.31415E+13
13141518
13141520
131415226
13141573
131415900
131415927
13141617
13141618
13141688
13141718
1314179520
1314179521
13141798
13141984
13141985
13142000
13142010
13142011
1.3142E+11
13142020
13142030
131420579
131420584
1.31421E+11
13142088
13142099
131420bb
131420FLMFLM
131420zhuzhu
13142100
131421000
13142111
131421111
13142121
13142125
13142151
131421520
131421521
13142199
131421cc
13142500
1.31425E+11
13142520
13142525
13142526
13142545
13142567
13142569
13142580
1314258258
1314258520
13142588
13142589
1314258ming
13142596
13142598
13142599
131426123
13142626
13142651
131426999
13142maple
13142wenjie
13142YOO
1314334421
13143344qsc
13143535
1314489521
13145120
13145121
13145156
13145188
1314520*
13145200258
13145200908
131452010
1314520102
13145201021
1314520108
1314520110sm
1314520111
13145201234
1.31452E+12
1314520168
131452019
13145202
131452021
1314520240
1314520258
13145203
131452033
13145205
131452051
1314520510
131452055
13145206
131452066
131452068
13145207
131452075
1314520770
1314520777
131452078
13145209
1314520=16
1314520@
1314520aaa
1314520ab
1314520ABC
1314520as
1314520bb
1314520byz3340
1314520ff
1314520h
1314520huang
1314520j
1314520jin
1314520jj
1314520l
1314520lan
1314520lin
1314520ll
1314520ly
1314520m
1314520mm
1314520nxwss
1314520ok
1314520qaz
1314520qin
1314520s
1314520ss
1314520ty
1314520whz
1314520wj
1314520wt
1314520ww
1314520wxf
1314520wy
1314520x
1314520xx
1314520xy
1314520y
1314520yan
1314520yu
1314520yy
1314520z
1314520zh
1314520zj
1314520zl
1314520zy
1314520zz
1314521*
131452111
1314521125
13145212
131452121
13145213
13145214
13145215
1314521520
1314521584
13145216
131452161
131452166
13145217
131452177
13145217758
13145218
131452188
1314521888
13145219
131452199
1314521ABC
1314521kk
1314521l
1314521ll
1314521love
1314521q
1314521qq
1314521sj
1314521w
1314521xixi
13145220
13145232
13145233
13145240
13145241
13145248
13145250
13145253
13145257
13145260
13145261
13145263
13145266
13145267
13145277
131452777
131452866
13145288
13145354
1314540689
13145420
13145460
13145489
13145520
13145566
13145620
13145621
13145678
13145720
13145820
1314584520
13145891
13145912
13145920
1314592010
13145921
131459421
13145945
13145xyx
13146310218
131466520
13146666
13146688
13147758
1.31478E+14
13147788
13148023
13148087
13148096
13148187
13148187x
13148687
13148742589
13148802115
13148866
1314886625
1314888axing
13148899
13149200
131492010
13149383141
13149394
13149420520
13149520
13149920
13149999
1314abcd
1314aiziji
1314deai
1314dersw
1314forever
1314happy
1314iloveyou
1314loveyou
1314zhang
13151315
13151719
13151996030
13152916486
13156976321
13158983812
13158991621
13158996105
13159011008
13159969
13161316
13161369699
13161686912
13162562764
13165425960
13168942
13169920982
13171317
13171567056
13172244
13174149
13175408876
13175510155
13177298738
13178824240
13178938789
13178938789qq
13178956159
13178962417
1317love
13180745828
13181318
13181747588
1318206385
131824xxl
13182654
13183229973
13183411266xjc
13183806675
13183888
13185045275
13185359914
13187703429
13188117835
13188185996
13189015158
13189367706
13190777339
13191272139
13191319
13191733111
13192429966
131927000
13193250457
13193769797
131950f7
13195674563
131960qaz
13197852503
13198060217
13198980980
13198999028
131991qq
131f51F6
132002033
13201099755
13201320
13201516175
13201561952
132016504
13202000767
13202500099
13202510889
13206779258
13207960315
13208185185
13208195460
13208932662
13210651100
13211321
13212319874
13212339045
13212345678
1.32132E+12
132136138
13213984812
13214214
13214869565
132161abc
13218599
13221322
13222727202
1322721007
13228384091
13230152761
13230205081
13231264066
13231323
1323152340
1.32324E+14
13233343
1323334353
13233877540
13234506209
13237195712
13240000
1.32407E+11
13241174214
13241324
13241804
13241831858
13243542
132435421
1324354657
1.32435E+11
1.32435E+15
13244321
13244924
1324518027
1324555bbb
1324567890
132456798
13245768
132457689
1324576890
132465251
13246578
1324657980
13246593488
13246599
132465cw
13246890
13249459366
13249822849
1324qewr
13251325
13251411
13253648652pts
13253812636
13254321
132547698
13255206464
13261126005
13261326
13262614463
13263941
13264014698
132650287
13265478719
13265486173
13266869758
13267059755
13269556243
13270208
13271327
1327152870
13271700400
132722gk
13272520548
13272817
132785df
13278927741
13278935448
13281296658
13281328
13281329
13286945556
1.329E+11
13291329
13297494309
13301124439
13301282028
13301330
13301988
13302B6D
13305002
13305759180
13306253069
13306531755
13306889298hudi
13307301975
13307349535kjy
13307529211
13307545499
13307546633
13308256407
13308370687
13309801512
13311331
13312809931
13314218125
133166199
13317001
13317550984
13319184276
13320252657
13320765729
133215433
13322012345
13322013888
13322037862
13322056718
13322077321
13322079886
13322245465
133233333
133233433
13323378898
133236339
13324124
13324321
13324508
13325103753
13325382231
1332714822
13327398788
13328319506
13329011819
13330202933bai
13330276029
13331333
13333333333
13333451220
13333666609
1333521432
13335246206
13336196188
13337613958
13337617500
13337670271
13341329984
13344520
13351335
13353110300
13354309608
133551157
133551573
13355779
13356765848
13357975108
13365955105
13366060365
13366085055
13366662842
13366676200
13368232300
13370787818
133790825
1338.332
13380015
1338095584
13381338
13381467173
13384993699
13387586915
13387786
13389878245
13391219966
13391339
13391752713
13391858050
13391912356
13391950045
133919red
13398995578
13399872769
13400058641
13401071170
13401340
13402289599
13402587210
13403406573
13403537353
13405577
13406611810
13407405
13407970733
1.34101E+11
13410311199
13411341
1.34124E+11
134134134
13413807486
1341565164
13418286789
13418654624
13419234
13420809112
13420898027
13420963514
13421342
13421809549
13422099557
134229311
13422931167
13423202
13424088702
13424254493
13424378978
13426005331
13426249018
13426477865
13429810009
13434732456
13437192298
13439141002
13441344
13450111461
134508934
13451124187
13451238317zhang
13451345
134520019
13452029447
13452407
13460097098
13461346
13463475620
13464554299
1346596y
13466577844
13466655451
13466897782
13467444218
13467900
134679123
1.34679E+14
13467913
1.34679E+11
1346792580
134679285
134679465
13467955
13467982
134679825
134679diy
13469999345
13471118
13471347
13471862010
13472165785
13473911062
13474582906
13475440737
13476181818
13476272905
13476814912
13476969655
13477045019
13478956466
13480137164
13480140921
13480205512
13480702018
13480755020
13480768607
13481348
13481377687
13482257994
13482577598
134839460a
13485477629
13485866901
13486042693
13488108988
13488682588
13489048515
13489817620
13493575
13495394
134a765b
134shluo
13500200
13500559890
13501160324
13501272214
13501350
13501378665
13501391353
13501694
13501727
13501981669
13501988dj
13503096056
13503271508
13503335951
13503380450
13503546
13503625259
13504470562
13505736433
13506094843
13506387653
13507191640
13507949503
13508053193
13508313042
13510000270
13510137192
13510179474
13510209000
13510271192
13510995126
13511351
13511392210
13512032866
13512312746
13512360617
13513015123
1351350000
135135007
13513750788
13514769932
13515002709
13515250243
13515363050
13515378221
13516165
13516620587
13516937645
13517442358
13518002511
13518049171
13518049721
13518280632
13518825811
13518843015
13518887051
13519145285
13519621642
13519825468
13519869388
13520030295
135201314
1352013520
13520297420
13520706730shi
13520750875
13521314672
13521352
13521503447
13522222
13522438477
13522669027
13522923556
13523346044
13524600
135246123
135246135
1.35246E+11
135246357
135246369
13524673205
1352467890
135246798
13524688
13524689
135246abc
135246la0
135246qwe
135246ty
135246zz
13524972521
13525810254
13526316889
13526865277
13526930032
13527485596
13527881230
13528519554a
13528803835
13530014762
13530118086
13531103063
13531171606
13531189022
13531353
135313531
13531548459
13533135716
13533188152
13533427275
13534213101
13534636496
13534699199
13535940038
13535946529
13536128
1.35372E+13
13538186861
13538370182
13539770031
13539838718
13539944956
13540234540
13540388659
13541255238
13542018043
13542735402
13543017173
13543415767
13544097031
13544126
13545368567
13547606247
13547856
13548833762
13550881028
13551310701
13551355
13551775827
13552130111
13552637161
13552715421
13552773197abc
13552930994
135531135
13553122500
13553454146
13554294535
1355651565
1.35565E+11
1.35565E+12
13556745291
13557788
13560046777
1356044068
13560731542
13561130191
13561153891
135624714a
13568520622
13568797272
13568887541
13569493669
1357013570
13570205008
13570318441
13570888541
13570996662
13571066577
13571113
13571357
13572073874
13572438
135724680
135724689
13572897630
13572986941
13573535741
13574007518
13574405308
13574488418
13574515326
13574952224
1.35765E+14
13576744853
13576783253lai
13577531
13578642
13578876887
135790000
1357900000
13579000a
135790123
13579013
1.3579E+11
13579024
13579086
135790abc
135790qaz
135790QWER
13579111
13579111315
1.35791E+11
13579123
13579135
13579155250
135791686
13579246800
1357924680a
1357924683
1357924689
135792468a
135792486
13579258
135792680
13579513
13579531
13579579
135796284
135797531
135798462
13579852
13579864
1357986420
13579888
13579@246810@
13579aaa
13579abcd
13579abcde
13579asd
13579asdf
13579good
13579qaz
13579qetuo
13579qwe
13579wxz
13579wzg
13579xyz
1357abcd
13580451200
13581075408
13581358
13581854740
13583100
13583256968
13584049901
13585258880
13585600283
13585688024
13585896238
13586588989
13587363498
13588139668
13588358313
13589235790
13589787868
13590174384
13590231916
13590650694
13590778621
13591359
13592515
13593147914
13593816971
13594067004
13596095802
13596879
13597820645
13597861990
13598403981
13598623826
13598767846
13598885407
13599467798
135996633
135qet00
135qylych
135renzhuo
13600001191
13600780872
13601037554
13601146428
13601265504
13601360
13601384098
136016045
13602433288
1360265533
13603266239
13604717163
13605880428
13606486312
13606894
13606923529
13606972034
13607054
13607144679
13607176329
13607591269
13607994466wswp
13608360329
13608997954
13609565
13609582430
1360abcd
13610366977
13611008977
13611087424
13611361
13611468035
13612345678
13612977394
13613292067
1.36136E+11
136137138
136138139
136142929
136155154
13616126927
13616518894
13616650627
136169260
13617555883
13617586648
13618000600
13618084
13619194066
13619249365
136193330
13619656665
13620788380
13620c3f
13621138263
13621705522
13621889625
13622230
13624128
13624704541
13625410370
13625543618
13627545582
13627546643
13627956681
13628485152
136302655
13630851899
13631114
136312129
13631303671
13631327051
13631363
13631423532
13631523926
13632119
13632361136
13632826929
13632964054
13632990100
13633783
13633959965
13636417308
13637067546
13637068777
13637580897
13637587989
13637678622
13638273102
13638273102dxx
13639011340
13641077434
13641364
13641369523
13641833075
13642164936lj
13643254556
13644402666
136446ab
13645517127
13645772
13645834158sp
13646024036
13646311865
13647502200
13647551231
136479852
13648449487
13648603792
13648617737
13648657061
13648658542
13649202264gao
13650009851
13650952220
13651273257
13651427242
13651727056
13652161
13652316774
13652350623
13653394266
13653648545
13653792099
13655856984
13656699012
13656813954
13656830
13657733520*
13658090229
13659789653
136600net
13661205630
13661315803
13661366
13661366..
13661578624
136626768
13662987355pei
13663221591
13664911618
1366577444
13666633966
136669599
13667165888
13668323693
13668357841
13668714332
13668814816
13668943458
13670977084
13671152553
13671264235
13671367
13671471456
13671863346
13674598609
1.36754E+11
13677496724
13677837864
13678204763
13678380045
13678414100
13678672331
13678892556
13678969
13679729
13680782145
13681010892
13681361090
13681368
13681508310
13681566995
13681644
13681778424
13682129868
13682543964
13683398903
1.36834E+13
136842045
13684995017
13687368609
13687420580
13687459141
13688600701
13688982225
13689221212
13689592050
13690hhh
13691088041
13691143776
13691165055
13691239740
13691342492
13691369
13692020773
13692109604
13692138624
13692468
13693127273
13693295601
13693995880
13695845
136963210
13696854257
1369685450
13697556699
13697570670
13697573020
13697591312
13697767456
13698012650
13698203982
13698741236
13698908007
13698951114
13698978448
13699271780
13699631
13699869554
136998qw
136c4e34
13700100120
13700250162
1370029767
13700425060
13700440045
13700449708
13700470199
13700485809
13700488918
13700488927
13701083460
13701134033
13701275501
13701370
13701874602
13701982288
13702538859
13702558154
13702766510
13703511010
13703642095
1.37045E+12
13706591317
13706630471
13706980953
13707345727
13707441946
13707502652
13707536776
13707578332
13708068969
1370837assa
13710038949
13710489123
13710859912
13711013774
13711072110
13711131306
13711367073
13711591822
13711701800
13712833469
1371370486
137137137
1.37137E+11
13714118131
13714232590
13714457342
1371498453
13715120215
13716765793
13717421
13717617052
13717795031
13717954697
13718012775
13718176999
13719368538
13719487955
13720009334
13720114124
13720506949
13722233069
13723459480
13723748475
13724549
13725310655
13725442733
13727411
13728004433
13728636152
13728998413
13731053913love
13732178601
13733821865
13733871721
13735665331
13735938140
13736855536
13739063974
13745488
137456814
13750882579
13751051051
13751053237
13751640546
13751859906
13751877148
13751881919
13752480118yy
13756773185
13757081686
13757130396
13758624
13760260319
13760421055
13760643007
13760787811
13761110361
13761367669
13761838605
137628652
13764077866
13764142850
13764861689
137653598
13765452727
13767557157
13768687168
13770306621
13770596888
13770972997
13771377
13771553827
13771895156
13774062191
13774388082
13774813783
13775728
13775849753
13776353293
13776690356
13778853425
1378011977
1378038899
13780392983
13781157672
13781378
13782347010
13784316
13784788572
13784815326
13786493679
13786628056
13787488796
13787965725
13788307269
13788458525
13789801971
13791205
13791379
13792445363
13792468
137924685
137928C8
13793156774
13793161626
13794062
13794290387
13794919137
1.37954E+13
13795464495
13797493474
13797586808
13798021518
13798460077
13798583205
1.37989E+11
13799652066
13799731
13799858545
137E6131
137wf463
13800000
13800525
13801380
13801626
13801641106
13802396536
13802902380
13802937603
13803028564
13803440094
13803490946
13804240144
13804994088
13805009302
13805167133
13805303996
13805316070
1380540***
13805598287
13805721162
13806860870
13807146540
13807500010
13807501940
13807570750
13807594570
13807633265
13807679306
13807684
13808050249
13808150568
13808238574
13808314453
13808665
13809508212
13809550769
13810017951
13810107051
13810752119
13811056280
13811111600
13811655449
13811675411
13811686268
13811937969
13812314
13812672377
1381271167
13812899399
13813436174
13813588172
138138000
13815795165
13816371217
13816544525
13816575027
13816678
13816706081
138168998
13817057
13817348586
13817716919
13817843266
13817901387
1381844357
13818869465
13818936500
13821193420
13821382
13821515
13821534685
13821816858
13822260216
13822320566
13822571897
13823130677
13823550409
13823633995
13824473299
13824483133
13824861270
13825031180
138255johnhoon
13825698188
13825878
13826024177
13826061500
13826403231
13826433725
13826500705
13826558365
13826566165
1382666187
13827068952
13827296393
1382781628
13828018138
13828803300
13829221658
13831181987
13831383
13831835515
13831916664
13832191122
13832839624
13833537641
13833870981
13834505016
13835116553
13835158641
13837378083
13838141513
13838378108
13838381438@
13838385438
13841384
13841852878
13842739950
13843030678
13843210307
13843388601
1.38438E+12
13843838438
1384385238
13844000859
13844164256
13844236777
13844561266
13845038496
13845154423
13845589188
13847023995
13848015
13848706543
13849116150
13850853184
13851091535
13851399159
13851457627
13852046881
13852154768
13852423801
13852470976
13852615879
1385282255
13853193685
13853194200
13853211
13853280619
13853388110
13853760969
13854335
13855150635
13855679630
13855991866
13856254273
13856594889
13856691554
13856905278
13856943612
13858287556
13858314527
13858339734
13858633345
13859923199
13860188503
13860889420s
13861190244
13861386
13861434219
138616888
13861820813
13861982
138625839
13863798197
13863855320
13864038838
13864215661
13864536725
13865266587
13865923942
1386606666
13866548718asmn
1386670287
13868138432
13868271455
13868400037
138693233
13869456112
138694qq
13869746303
1386:;-?
13870122508
13870286706
13870884899
13870998
13871016669
13871136407sd
13871150388
13871387
13871397
13871860394
13872521041
13873152002
13874514067
13874923482
13875097650
13875244058
13876005851
13876012005
13876054624
13876056483
13876072119
13876075270
13876089853
13876129991
13876131488
13876177522
13876240258
1.38762E+11
13876251281
13876261500
13876275718
13876303516
13876331433
13876363394
1.38766E+13
13876637365
13876704351
13876785198
13876808262
13876820834
13876870854
13876908373
13876934137
13877114614
13877162923
13877396165
13877898708
13877920047
13878255496
13879398378
13879428
13879673527
13879688
13880101938
13880333349
13880648081
13880752210
13880771
13881388
13881544867
13881958990
13882116179
13882332551
138831000
138831SSS
13883275125a
13883812308
13886093813
13886126362
13886126600
13888229257
138884530
13888759697
13888836496
13891389
1.38914E+11
13891652840
13891929019
13891992061=-
13892937320
13893496436
13893786430
1389410789
13895214
13896023118
138963640
13896402999
13899luck
138a33aa
138d1d6d
138E66bd
138fsrttt
13900000
13901019769
13901098899
13901234567
13901390
13902191607
13902359488
13902763866
13902837409www
13903182559ty
13903337375
13903617709
13903892818
13904721111
139048821
13905159837
13905218258
13905735500
13906580225
13907177285
13907551918
13907554250
13907556048
13907623896
13907773530
13908329545
13908598050
13908725956
13909206646
13909213571
13909218597
13909261569
13910025297
13910230765
13910388663
13910659871
13910874527
13911222349
13911538353
13911768abcd
13911896768
13912150844
13912183536wyh
13912546717
13912607636
139130159
13913016330
1391314520
139138137
13913831405
139139139w
139139aaa
13914746480
13914883
13915793
13916297024
13916421265
13916495286
13916670536
13916777619
13916862884
139168qw
13918009116
13918022902
13918459029
13918613972
13920278390
13920744488
13920798611
13921814170
13922727652
13923433483
13924367468
13924750853
13925069277
13926219
13926533395
139268962
1392818_ly
13928214855
1392830306
13928362997
13929011462
13929392848
13929676526
13929865901
13931991894
139321321
13932996539
13933038382
13933733784
13934158426
13934217002
13935103849gf
13936031861l
1393656180
13936688804
1.39369E+11
13937144010
13937318070
13938020471
1393815042
13938226733
13939046255
13939164692
13939658003
13940257582
13940444412
13941135707
13941394
13941813139
13944490678
1394514344
13945635426
139458qq
13947436121
13949755098
13950052396
13950220595
13950789055
13950841368
13951235726
13951395
1395196583
13952258270
13952768224
13952779393
13953188
1.39541E+11
13954270575
13954390905
13954595555
13955121678xxyy
13955152558
1.39557E+11
13955987306
13956100868
13956121363
13956337963
13956449212
13956518729
13957199369
13957446732
13957490520
13957642368
13957685969
13957792669
13958726684
13958783281
13959325365
13960085075
13960300
13960701695
13960817911
13960961862
13961312771
13961496129
13961723352
13961993118
13962151339
13962377212
13963026134
13963187668
13963655593
13963780053
13965054405
1.39663E+13
13966399580
1.39673E+12
13967367686sly
13967804
13968203673
13969895483
13970759319
13971001
13971092474
13971397
13971517268WC
13972061668
13972230305
1397229183
13972650131
13972684
139726845
13973121148
13973180832
13973720526
13974268
139742685
1397429qaz4153
13974426291
13974430970
13974440011lili
13974483326
13974506964
13974776473
13974812891
13974993553
13975050
13975181080
13975294866
13975477544
1397577066
1397585222
13976007487
13976008418
13976076675
13976088868
13976117876
1.39761E+11
13976271200
13976276218
13976333022
13976341321
13976518611
13976614341
13976624600
13976648267
13976689809
13976761578
13976777778
13976863960
13976895734
13976988344
13976999606
13977128844
13977738188
13977865347
13977931
13978325495
1397864166
13979109625
13979649737
13979791085
13980656152
1.39808E+13
13981054111
13981217898
13981315240
13981398
139827501
13983853915
13984221610
13984466786
13984818971
13985410
13985426856
13985768705
1398647245
13986663232
13987152520
13987162123
13987654321
13988321993ty
13988895111
13989328154
13990050664
13991108871
13991253169
13991366999
13991399
13991808839
139919788
13992407
13992407142
13992882
13994074833guo
13994269363
13995678560
13995957150
13996064884
13996188824
13996200418
13996495352
13997750043
13998136191
13998549161
13998648878
13999243977
139o259o
13A0063a
13AC010c
13AF0dd3
13B2036d
13bb20FD
13be7105
13C54d2a
13cd660E
13d03223
13d27CD5
13d529DA
13df77A7
13e4rw4e
13f20377
13jiayou
14000247csy
140009142
14006dd6
1.40103E+15
14011401
14021402
14031403
14041176
14041404
14051405
140520025
14052530
14061406
14071407
14081408
140904873
140968722x
14101410
141025zw
14111411
1411219134
14113811
14115022
1412111092
14121412
14123146
14124697c
14124753
14124869
14131413
14139527
141403127
141411234
1414141414
14141414@
14141732
1.41421E+11
14142121
14142135
141421356
1414213562
14142525
1414718680
14147474
14151415
14151617
14159265358
1.41593E+11
1.41593E+12
1.41593E+13
1.41593E+14
1.41593E+15
141592654
14159267
1415926A
14161416
14171417
1417414174
14181418
14182b56
14191419
14194836
14201103
14201420
14211421
14227545
1423087495
14231423
1423370123
14235635
14235678
14239984
14241424
14243444
142503687
14251425
14251742
14253600
142536123
14253614
1.42536E+11
14253678
1425367890
142536987
14253er3
14257758
14259775
142597758
14261426
1426235217
142629111
14271427
1427261987
14273376
14281428
142854631
14285700
14285714
142857142
1.42857E+11
142857369
14301430
14304899
14311431
143143143
14315736
14321432
1.43E+38
14346252k
14351435
14361468
14370000
14371314
14371437
14381438
14385762
143978562
143E7b8e
14400686
14401172
1.44025E+11
144090060
144104xs
14411441
14420089
14421424
1443411818
144701557
144918a9
144d0FA7
14504190
145145145
14514840
145201314
14521452
14522563
145236789
145236987
1452454188
14525418
145254188
1452721129
14531453
14534452
1454534523
14551521
14553607
14561456
14562789
14567136
1456814568
14571457
14575210
14581458
14581594
14593.8
145B43fe
145f0393
146096595
146146146
14623f34
14634dd1
14644139
14677366
14681468
14689074
14691469
14701470
147052034
147123123
147123159
14714700
147159123
14720159
14721472
147235689
147258000
14725811
147258123
147258147
147258159
147258258
147258369-=0217
147258369...
14725836900z
1472583695
147258369@
147258369aaa
147258369ab
147258369abcd
147258369as
147258369l
147258369li
147258369mm
147258369o
147258369ok
147258369p
147258369QWE
147258369zxc
14725839
147258396
1472586050
14725896
14725899
147258aaa
147258ab
147258ABCD
147258as
147258cz
147258ll
147258lxying
147258OK
147258qaz
147258qwe
147258wx
147258zaq
147258zxc
147258zz
147260305
14731473
147369000
147369123
1.47369E+11
147369258zxc
147369456
147369852
147369991
147369abc
147369BHB
147369hq
147383081
14741474
147448107
147456369
1475201314
147528369
147536951
147536982
14759638523
14760914
147645209
1476645832baisu
147692855
147714135
14771477
147741147
1.47741E+11
147762570
147789951
147789963
1.4779E+11
14781478
14785200
147852123
147852147
1.47852E+11
14785236900
147852369a
147852456
14785296
147852aa
147852pp
1478563256ljx
14789000
1478914789
1478963210
1478963215
1478963255
147896325a
14789632fp
147896352
1478963520
14789652
147896523
14789aaa
14791479
147916455
147951258
14796300
147963258
147963456
147a258b369c
147abc258
147qq147
14801480
148148148
14835209
14841484
14871487
1487499800
14881488
149149149
14916253649
1.49163E+14
149162536l
14921492
1492bvst8173
14932501
149342968
14941494
1494444944
149524296
1495520he
149597870
149597892
149656941
14965722
149772191
149950494
149975024
149983966
149A761d
14B45caf
14be16c0
14c374BB
14c8253E
14cc0673
14e5703F
14F61f87
14f730B3
14ff0E3B
15000202899
15000338
15000435
15000818834
15000959965
15001500
15001936
15001969048
15001975
15006363
15007131370
15008968710
15008986992
150091499
15010022698
15011425872
15011435568
15011501
1.50137E+13
150150150
15020686439
15021502
15023614302
15024269700
15024588813
15027668495
15029615531
1502gold
15031503
1503196cs
15032569
15032633882
15033850428
15037040281
1503759690
150392515
15042937210
15046273
15050232601
15051505
15052612
15053b85
15055636075
15056029
15061506
15064010350
15067808571
15071507
150727639
15073666810
15074403185
150808040
15080818
15080840528
15081508
15083105649
150860415
15091509
15091915122
15092792868
1510071516
15101051
15101510
151016756
15101979
15103043060
15103045564
15104569534
15108900522
15111511
15121512
15121979
15124029999
151242682
1512693200
15130862389
15131513
15132283485
15135108334
151354128
15137034
15138307125
1514001200
15141514
15144792
15148283
15149367
15150152115
151513817
1515151515
151515aa
15151608h
15152615
15152626
15152828
15153206321
151561614
15156431160
15156877981
15158155839
15161278
15161300
15161516
15161718
1516171819
15162626
15164139666
151692624
15171517
15171880589
151731912
15174400680
15177779808
15179102529
15180037333
15181518
15181995490LJ
151860513
151880904
1518youth
15191519
15196670779
15196675168
1.51984E+11
15201314
15201520
15206513
15209807
15211314
15211521
15213595041
152152152
15215258
15215521126
15221337814
15221522
15225213021
15230000
15231523
1.52326E+11
152370705
15237714
15241524
15243000
15244186689
1524681476
15251525
15252006
15252515
15253545
1525354555
152535lg
15257311
15261526
15263748
152662837
15267102
15271527
15272252
15277769957
1528000000
15281528
15288794703
152923926
15293310117
152962AB
152a578C
152B07ca
15301530
15305149866
15308911285
15311531
15311dai
1531531432
153153153
15321532
153246789
1532552387
15331533
15332321
15341101
15341534
15341791
153453221
1534930bb
15351535
15357595
153582170
15361473
15361536
1.53624E+11
153627598
153718734
15378284
153810380
15381538
153844091
153851349
15392087
153953845
153964121
15400704
15408210
154115408
154154154
154186298
15421542
15430102
15431543
15431790
154335802
154350778
15471547
15481548
154816185
15487963
1549362@126.com
15494pzh
1549847412
154994688
154sonnet18
15501550
1551031525
1.55E+14
15511551
155157722
15517020503
155170280
155237953
155255355
15531553
155365124
15538915089
155426526@126.co
155492647
15552670
1555499901
15561556
15571000
155723930
1557239300
15580917609
15581558
156011999
156036715
15613167
156156156
156156651
15621562
156256484
15625749
156282048
15628363
15631563
15631948
15632051
15641564
1564335521
15643358
156457034
15649335
156499019
15661566
156688cs
15671567
1567845058
15681568
15687349
156895486@qq.com
15691569
15691569@126.com
157036186
157073251
15711n54
157157157
1.57195E+11
15723368
157243895
157248369
15729306
15731314
15731573
157411783
1.57E+79
157486149
15759165
1575916500
15778990
15781578
1578288877
157846693
15785886
1579828663
15801211518
15801378
15801580
158016604qq
15803989779
15807137311
158079445
15808906078
15811068136
15811069876
1581153310
15811875325
15813f46
15814748715
15814785600
15815488885
158158178
158158888
15816005605
15816127225
15818545131
15823273273
15824842665
15824852101
15827170166
15829733903
15830625105
15830625105wy
15831182976
15831359927a
15831583
15831969060
15833110629
15837232004
15838762860
15839135001
15840154661
15845032032
15845230048
15846125983
15846659525
15851585
15855124719
15855796344
1585702729
15857153296
158571abc
15858288663
158594204
1585981698
15863021598
15866626689
15866691300
15866897882
15867227019
15870515107
15871587
15871718415
15871806563
15873125592
15873828549
15873887383
15874105312
15874165551
15878541
15879061829
1587915213
15881588
15884871083
158857993
15887056368
15887227870
15887450
15888888
15889373
15889533
15890940173
15891589
15893006427
1589365ABCD
15895200068
15897569132
15898545
15898768125
158E1dcc
158E6663
15900512254
15900873186
15901029643
15901164539
15901590
15901970078
15902812080
15903287071
15903650675
159037620
15905017515
15905546766
15911025512
15913540530
15913580382
159147123
15915915
1.59159E+11
159159357
159159lili
15916187477
15918769073
159191122
15921850206
15922660104
1592356983
159236478
1592583574
1.59258E+11
15925855167
1.59263E+11
159263748
15926410288
15926535
159265358
1592653589
15927229322
15927236135wlx
15927611122
15927611133
15927688717
15927887226
15930000
15930106057
15932647264
15932881908
15933538472
159357...
159357000
1593570000
15935711
15935712
1593571230
159357147
15935722
15935725
1593572684
15935728
1593572846
15935741
1593574268
1593574560
15935746
1593574628
159357486
1593574862
15935748620
159357520
15935755
159357555
159357789
15935782
1593578246
1593578426
159357852
1.59358E+11
1593578624
15935788
159357888
15935789
159357aa
159357aaa
159357ab
159357abc
159357asd
159357asdf
159357Mm
159357qaz
159357qq
159357qwe
159357XX
159369***nan
159369123
159369147
159369848
15938700087
15942394661jj
15943637
159438193
159442033
15945382
159482673
1594872630
15950072708
15950135545
15950711827
1595135753
15952120
15952303254
15952955000
15953654336
15954202
15954854911
15959445603
15960282805
15960339
15960561024
15961596
1596315963
15963200
15963200160
15963210
159632100
15963214
159632147
1596321478
15963214789
159632159
1.59632E+11
159632cc
159635741
1596378opk
15964232320
15965988
15966011997
15966331529
15967697798
159679332
15968031787
15969667761
15970422518
15970441956
15970509360t
15971140001
15971597
15972006021l
15972514020
1.59729E+11
159729asd
15973206485
159753..
159753000
1597530000
15975311
15975312
15975321
15975322
1597532468
1597532486
1597532684
15975328
1597532846
159753369
15975346
1597534628
1597534862
159753521
15975355
159753555
1.59754E+11
159753654
15975366
1597536842
15975369
159753789
15975382
1597538246
1597538426
15975388
159753888
159753963
159753abc
159753abcd
159753as
159753asd
159753qaz
159753qq
159753qwe
159753xa
15975580188
15977360864
1597752500
159782364
1597836zxc
15978779080
15979124774
15981598
15982827049
159852753
15986975646
15987138134lxj87
15987410
159874123
1598741236
159874236
15987456
159874632
15987532
1598753210
159875369
15989lo999o
15990194012
15991599
15991946
15992217717
15993577
15993768201
15995100
159951123
1.59951E+11
15995123
159951357
159951AA
159963321
15996944338
159D45a3
159d7d0c
15a567CE
15ba1FEA
15C42085
15CA7fe3
15d27f0b
15DC4e3b
15DD674d
15f33dd0
16001600
16011601
1601259E
16021602
160284415
16031603
16041604
160429171
16051605
160526dhc
16053911
16061606
160743369
16075811
16081337
16081608
16085276
16088160
16099028
160B111a
16101610
16101984
1.61027E+11
16111611
16116155
16121612
16131613
161337716
16133888
16143667
161505dd
16151615
161563884
1616161616
16161617
161616ab
1616asdfasdf
16171207
16171617
16171819
16173073
16180000
16181618
16182425
16183640
16189824
16191619
16193572
16194371
16197796
16201620
162034415
16211621
16213148
1.62148E+11
16221622
16225421
16230813
16231623
1624100763
16241624
16251625
16252125
162533hyy
162534789
16253649
16253721
1626116261
16261626
16262105
16263646
1626364656
1.62636E+11
16266565
16273849
1627384950
16281628
16281977
1.6285E+11
16294411
1630016300
16301630
16306xzh
16311631
1.63163E+11
163168169
163169118
16321210
16321632
163258789
16331633
16341634
16342000
1634736d
16361636
16364259
16364361
16366494
163715914
16381638
16384567
16388828
163dhcom
163xiaozhen
164003532
16410129
1641159084
16420373
16421225
16441644
16441911
16441912q
16441949
164431684
164442697
164639828
16470022
1.64717E+13
16491649
165084959
165165165
165201314
16540504
16541977
1654916549
1655311387
165558131
16561656
165653975
165654943
165694135
16571657
16581658
16588223
16591659
1659324780
16594870
165e6035
16611661
16611722
166166166
166168169
16616f8c
16621662
16628491
166520520
166577955zi
16661666
16666666
16666668
16671061
16677266
16678852
16681668
166820comwww
16694000
166987122
1670008757
167167167
167168169
167231864
167349258
16745382
167455413
16751675
16763025
167731329
16777216
16781678
167852349
16786115
16786727
1678764C
16791679
16800000
16800168
16801680
1680473822
16811681
16812345
168123456
1.68168E+11
1681681688
16816816888
16816818
168168520
168168888
16816899
168168abc
168169168
16821590
16825751
16827301
16831683
16833168
16837502
16840315
1.68421E+11
168469367
16851685
16851800
16851888
168563798
16856789
16857502
16858137
1.68612E+12
16861686
16866168
168668413
16866861
16866966
16870908
16871687
1687516875
16878168
16880000
16881234
1.68813E+11
16881699
16881818
16883007
168830b2
168831107
1688363008
16885298
16885678
16885885
168861168
1.68861E+11
16886188
16887188
16887799
16888168
1688816888
16888388
168888168
16888960
16889122
16889188
16889688
1688lish
16890000
1689010783
16890999
16891689
168918918
16893333
168935484
16894168
16895678
16896168
16896366
16896789
16896866
16896888
16896968
16897118
168971680
168971683
16897456
1689765216
16897720
16897723
16897728
16897766
16897788
16897799
16897800
16897801
16897806
16897866
16897888
16898000
16898098
16898123
16898168
1689816898
16898290
16898698
16898755
16898758
16898888
16899006
16899123
16899161
16899166
16899188
16899263
16899333
16899520
1.68998E+11
16899861
16899863
16899888
168999168
16899946
16899999
168ab168
169169169
16918220
16919206
16937691
1695182770
16961696
16971697
16981698
1698890818
16990431
16991699
16A44cd8
16AE16b3
16b154E4
16B374ae
16bf780e
16d47CB3
16D66121
16DD4dba
16e940a6
16f75f35
16fb7543
16qqqqqq
16shmily
16weiyinei
17003209
170080lq
17011701
170202719
17021702
17031703
17031977
170321064
170497193
17051705
17063283
17066207
17073407
17081708
17082758
1709020855
17091709
17096639
17098892
171026ling
171105wqt
17110977
17111711
17124100
171461225
17146278
17146302
171509906
17151715
171565hz
17161716
171646167
171664305
1717171717
17171818
1717317173
1717840519
1.71788E+11
1717tw888
17180312
171815171
17181718
17181910
17191719
17196165
171a6D48
17201720
1720197642
172105455
17211314
172231898
172235169
17231723
17234876
17241724
172425830
172501310
17251725
172597366
17261726
17262081
17262210
17263544
172685368
17273747
17281728
17283447
17283649
17283940
17283946
172839465
172843451
17284567
172861153
17291729
172978336
173021968
17302222
1731314520
173168439
17317071
173173173
17320508
1732050808
17321414
17321732
17323157
173535040
173557CD
173623760
17381ff0
1.73871E+11
173907488
173c68CC
174163374
174201yang
174345186
17436951
17443416
17453144
17455741
174589155
174605679
174625987
174642622
1746730377
174675160
174729981
17481748
17485821
174d4B8A
174f18CD
17501750
175082250
175093859
175175175
175201314
1752017520
17520930
175211314
17522430
1757395807
175749707
175765777
175816889
175854519
17586249
1759125184
17596030
175D74c3
176012726
176013520
176086320
17616111
176176176
176302109
17635065
176411235
17654321
1766641046
176752678
176769404
17681225
17681768
1768347cgy
17685130
1.76864E+13
1768abc1984
17690815
17691821
176D44f2
1770091572lyj
17701827
177078445
17709394
17711771
177177177
17758521
17760704
17761776
17777777
17782470
177827941
17785858
17791779
177a5254
177F25a4
17801780
1781001368
178100170
1781217812
178178178
17817867
17821106
17830618
17831332
17831783
1783666400
178468613
178518mm
17852945
178598734
178599274
178642933
178663828
17889393
17890714
17891789
178964541
1789677719
17897877
17904324
1790817908
17908201
179087188
17909123
1790917909
17909520
1791017910
17911791
1791791179
179179179
17917979
17917988pp//
17931793
17932486
179324865
179348625
1793nian
179419ffy
17951123
1795117909
1795117951
17951kkkbcld
17951soft
17951win
17960000
17962438
179647381
17969420
1797627501
17977923
17981798
179876868
17991799
17AF1631
17BF2ef6
17D42e46
17D95ec9
17dc3c0b
17df690F
17f10bd6
17stknsLDy
17stkntLDy
17suideyu9
17ttknsLDy
17ttlmsKCx
17ttlmsKDx
17ttlmsLDx
17ttlnsLDy
17ucom#@
17ucom0412
17ucom0414
17ucom0419
17ucom123
17ucom17ucom
17ucom17unet
17ucoming
17ugocom
17utlmsKCx
17utmmrKCx
180004d1
18001800
18003703
18008416
1801006538
18011801
18013202
180133443
180180180
18021802
180218leeyaya
18023202
18023206
18023906
180303137
18030720
18031803
1.8032E+11
18035926
18041804
180429507
1804918049
18051805
180528xy
18059215
18060180
18061806
180656677fjkl
18071807
1807310410
180754414
18081808
18091008
18091809
18092029
180jerry
181005449
18101982
18104112
1810jqka
181112.fb
18111811
18117662
18121812
18131475
181333195
1.81418E+11
18144105
18150976
18151815
181531052@126.co
18161816
1816281750
18171817
181729102
18180505
18181616
18181883
18181888
18182001
18189898
18191819
18192003
18192021
18195ed3
18201820
18202282765
182182182
18221002
18221822
182228111
182304308
18231823
182364745
18236515
18241826
182418476
182433cgq
18251825
18252138
18255821
18261826
182736999
182764125
18281132
18281828
1.82838E+11
1828404127
182862675
182901lj
18291829
182930OO
18301830
183018945
183075535
183140828
183165355
183182hxy
183183183
1831fanzhi
183216qwe
183262051
18327402
18349276
183492761
18352120
18355662
183599172
18361836
183694823
18371837
183729456
183839311
18390603
18391839
18400198
18401840
18401842
18401949
18404405
184063200
18411949
184158954
18416103
184184184
18420708
18421868
184251314
184263614
18431843
18436572
184428277
18446744
1845167519
1845218452
184525232
1845258825
18454069
18476625
1.84782E+11
18481848
18481f21
1849022d
18490620
184e4716
184e709C
18501850
18506666
18515702
185185185
185294489
18531853
185361445
18539469
18561856
185717423
1858018580
185810abc
18581858
18583499688
18583556
185909880
18591859
18600714
18601860
1.86019E+11
18601861
18610251
18610404kxkx
18611860
18611861
18617717
186233939
186353a0
18647647
186500518
18651865
18662000
18669911
18680530
18681868
18721872
187227687
18731144
18738673
187399323
18741226
187415157
18741874
18741943
18746139
18750ebf
187521pi
18755171086
18759627
18781878
18789916
18790314
18790825
18791955
18800730
18801880
1880199784
188037382
1880902080
18810925
18811223
18811881
18811936
188135wjssjw
1881721wbc
188202929
18820828
18821882
18830314
18830521
18831844
18831924
188361520
18841884
18860593
188676154
18871031
1887418187
18890420
18891889
18891945
18899174
188997733
188D0cf1
18901127
18901890
18907596903
1890a420
1.89105E+11
18911891
18915402
189182806
18919160
18921009001
189228dql
18925913
18931225
18931226
18931893
18931976
18931982
189361627
18941451
18941894
18943316
18965000
18972036
189800321
18980305
18981898
18981976
189911819
18991216
18991218
18991899
18A25a2c
18a611db
18a70167
18AE1103
18cb02fa
18d10D40
18d25F1F
18e00B91
18F80f18
19000000
19000101
1900121299
19001267
19001800
19001900
19002000
19006212
19007011
190089532
190091353
19011901
19011979
19015019
190190190
190201605
1.90205E+13
190231520
19025qaz
19031903
19041904
19041997fw
190420831
19042139
1904621981
19051905
19061906
190624214
190633388
190655824
1906751109
190677319
190713866
19071907
1907319073
190790106
190800720
19080309
19081908
1908218731
19088832
190916846
19091909
19094094
19098045
19101910
19106390
19110416
19111010
191110169
19111111
19111911
191121225
191121331
1911242424
191149531
191171656
191191191
19121912
19123456
191254940
19131105
19131107
19132176
191332739
191334519
191340547
1913489437
19141523
19141575
1914686663
191479028
191511699
19151915
191539157
19161916
191677162
1916alcf
19171107
19171917
19175ad2
191764911
191786892
191797741
19179851
19181012
1918106932
19181716
19181918
19190504
19191010
191913787
1919191919
19191919a
19192001
191920682
191921177
19195454
1919780D
19197985
1919831210
191987331
19199191
192.168.1.2wzdd
19201314
19201920
192029wly
192083148
19210315
19210701
19210723
19211921
19211977
19215202
1921681100
1921682826
192168real
192192192
1921ysnsh
1922842735
19230913
19231923
1923726271
1924875fbu
1925013406
1925016892
19250523
19251925
19253034
1925305570
1925727956
19261931
19262120
19270801
19271927
1928033388
19281928
1.92837E+11
192837456
1928374650
192837645
19285756
19291929
19293949
19301930
19310918
193178477
193193193
19321932
19330923
19331933
19331945
19341808
19341912
19341934
19341969
19342211
19342341
19342566
19342638
19343018
19343204
19343258
19343333
19343354
19343587
19343784
19343931
19344616
19344636
19347456
19351935
1935bobobi10
19361003abc
19361019
19361212
19361936
19370707
19371213
19371937
19371945
193728456
19372846
193728465
1937284650
19374628
193746285
19374628a
193746825
19380618
19380704abc
19381114
19381938
19390808
19390901
19391212
19391945
19392453
1.94E+11
193e1806
19401127
19401940
19410518411
19410622
194107088
19410802
19411207
194130920
19414603
194194194
19421942
19430825
19431028
19431943
19433313
19436100
1943gaolitu
19440606
19440901
19441216
19442901
19447721
19450430
19450815
19450902
19450915
19451208
19451215007
19451945
19461025
19461205
19461224
19461946
19470714
19470803
19471126
19471209
19471221
19471947
19480229
19481010
19481221
19481948
19484568
19490101
19490115
19490219
19490326
19490429
19490521
19490601
19490717
19490729
19490801
19490815
19490909
19490916
19490928
19491001a
19491001china
19491010
19491011
19491013
19491015
1949101zx
19491022
19491024
19491111
19491115
19491116
19491127
19491212
19491215
19491217
19491223
19491224
19491225
19491226
19491227
19491949
19491950
19491951
19491977
19491978
19491979
19491981
19491982
19491983
19491986
19491999
19492002
19492008
19492009
19492049
1949445625
1.94971E+13
19499454
1949china
19500101
19501025
19501111
19501115
19501117
19501126
1950120854
19501218
19501950
19501951
19510613
19510913
19511220
19511226
19511591
19511951
19517302
19520101
19520303
19520309
19520415
19520428
19520502
19520612
19520815
19520817
19520820
19520823
19520901
19521007
19521014
19521023
19521124
19521125
19521127
19521205
19521226
19521952
19521953
195254691
195254tangguo
195286363
19530202
19530219
19530228
19530303
19530427
19530607
19530627
19530829
19531010
19531027
19531106
19531120
19531121
19531127
19531129
19531130
19531201
19531228
19531229
19531953
195327-195327
195349976
195354cj
19540101
19540115
19540128
19540321
19540329
19540406
19540412
19540428
19540501
19540503
19540504
19540507
19540521
19540618
19540624
19540626
19540701
19540709
19540719
19540808
19540816
19540826
19540909
19540911
19540917
19540924
19540929
19541002
19541010
19541013
19541014
19541015
19541018
19541020
19541024
19541030
19541031
19541102
19541103
19541105
19541106
19541110
19541111
19541115
19541116
19541118
19541121
19541127
19541128
19541129
19541207
19541208
19541212
19541215
19541216
19541220
19541222
19541223
19541224
19541225
19541226
19541954
19541955
19541981
19541983
1954321OK
195450db
1954591491
19550120
19550224
19550303
19550308
19550309
19550313
19550318
19550324
19550426
19550505
19550518
19550614
19550701
19550705
19550724
19550772
19550801
19550804
19550812
19550813
19550815
19550824
19550901
19550904
19550905
19550906
19550909
19550923
19550928
19551001
19551002
19551008
19551010
19551016
19551017
19551018
19551020
19551021
19551024
19551025
19551026
19551027
19551028
19551029
19551102
19551109
19551111
19551123
19551128
19551206
19551210
19551211
19551213
19551220
19551221
19551225
19551226
19551227
19551229
19551230
19551231
19551953
19551955
19551956
19551957
19551959
19553203
1956#1986
19560101
19560106
19560118
19560128
19560129
19560201
19560215
19560229
19560307
19560309
19560311
19560401
19560404
19560405
19560413
19560420
19560501
19560503
19560506
19560511
19560522
19560526
19560606
19560615
19560629
19560801
19560810
19560815
19560825
19560909
19560912
19560916
19560924
19560926
19561001
19561003
19561006
19561008
19561010
19561013
19561015
19561019
19561022
19561023
19561026
19561105
19561108
19561111
19561113
19561114
19561115
19561118
19561119
19561120
19561121
19561125
19561126
19561127
19561201
19561204
19561211
19561212
19561219
19561223
19561224
19561225
19561226
19561227
19561228
19561229
19561230
19561956
19561957
19561958
19561981214
19561983
19561985
19562003
19562012
19563478
1.95641E+11
1.95659E+11
195661155
19569824
19570101
19570206
19570214
19570305
19570311
19570314
19570316
19570321
19570420
19570507
19570606
19570607
19570608
19570610
195706yu
19570708
19570801
19570805
19570807
19570808
19570813
19570816
19570824
19570826
19570901
19570902
19570903
19570904
19570908
19570909
19570913
19571001
19571013
19571015
19571016
19571017
19571019
19571020
19571022
19571023
19571027
19571028
19571030
19571101
19571102
19571111
19571114
19571118
19571120
19571122
19571123
19571128
19571129
19571201
19571203
19571206
19571208
19571212
19571213
19571214
19571216
19571219
19571220
19571221
19571222
19571223
19571224
19571225
19571228
19571957
19571958
19571960
19571982
195732205
19573311
19575363
19578184
19578582
19580101
19580106
19580123
19580204
19580218
19580224
19580308
19580310
19580311
19580321
19580331
19580421
19580501
19580502
19580508
19580512
19580514
19580523
19580609
19580612
19580618
19580621
19580623
19580625
19580628
19580706
19580711
19580715
19580808
19580815
19580816
19580825
19580828
19580829
19580829love
19580901
19580907
19580909
19580911
19580919
19580923
19580926
19580927
19580928
19581001
19581010
19581012
19581013
19581016
19581020
19581021
19581024
19581027
19581028
19581029
19581102
19581114
19581116
19581117
19581120
19581123
19581124
19581125
19581128
19581202
19581203
19581207
19581212
19581219
19581220
19581223
19581224
19581228
19581231
19581958
19581962
19581985
19581987
195852303
195859abc
195885bama
1958mjmj
19590102
19590211
19590310
19590505
19590530
19590703
19590711
19590805
19590823
19590915
19591001
19591005
19591010
19591011
19591014
19591015
19591023
19591030
19591102
19591111
19591112
19591113
19591115
19591116
19591118
19591120
19591123
19591126
19591127
19591129
19591201
19591202
19591209
19591216
19591218
19591223
19591224
19591225
19591226
19591228
19591230
19591959
19591960
19594c85
1959628489
195994617
195997056
19600108
19600214
19600308
19600310
19600313
19600401
19600421
19600609
19600611
19600616
19600909
19600930
19601001
19601008
19601010
19601016
19601020
19601023
19601030
19601103
19601111
19601112
19601120
19601212
19601218
19601220
19601221
19601222
19601224
19601225
19601226
19601960
19602017
1960991986
19610101
19610128
19610202
19610411
19610416
19610703
19610707
19610710
19610810
19610813
19610922
19610927
1.96109E+11
19611015
19611021
19611023
19611030
19611111
19611114
19611120
19611122
19611127
19611209
19611214
19611215
19611224
19611225
19611229
19611231
1961195718
19611961
196196196
196196ww
19620107
19620108
19620113
19620121
19620125
19620127
19620201
19620208
19620217
19620218
19620409
19620410
1.96204E+15
19620501
19620502
19620506
19620511
19620520
19620530
19620606
19620608
19620610
19620611
19620616
19620617
19620620
19620622
19620626
19620627
19620701
19620708
19620710
19620712
19620714
19620717
19620726
19620729
19620730
19620801
19620804
19620805
19620808
19620810
19620811
19620815
19620822
19620824
19620826
19620828
19620901
19620902
19620903
19620907
19620909
19620912
19620913
19620914
19620920
19620923
19620925
19620927
19620928
19620929
19620930
19621001
19621004
19621006
19621008
19621009
19621010
19621012
19621013
19621014
19621015
19621016
19621017
19621018
19621019
19621020
19621021
19621022
19621023
19621024
19621025
19621026
19621027
19621028
19621029
19621030
19621031
19621101
19621102
19621104
19621105
19621106
19621108
19621109
19621111
19621112
19621113
19621114
19621115
19621116
19621117
19621118
19621119
19621120
19621121
19621122
19621124
19621125
19621126
19621128
19621129
19621130
19621201
19621203
19621204
19621207
19621208
19621210
19621211
19621212
19621213
19621214
19621215
19621216
19621217
19621218
19621219
19621220
19621221
19621223
19621224
19621225
19621226
19621227
19621228
19621229
19621230
19621231
19621962
1962197466
19621985
19621993
196226dj
1962616416
1962620519
196269686
1962906521
19630101
19630101931
19630102
19630105
19630106
19630108
19630109
19630110
19630112
19630116
19630118
19630120
19630121
19630123
19630124
19630125
19630128
19630129
19630202
19630203
19630204
19630205
19630207
19630210
19630211
19630212
19630213
19630214
19630215
19630216
19630217
19630218
1.96302E+15
19630220
19630222
19630224
19630225
19630226
19630228
19630302
19630303
19630306
19630307
19630308
19630309
19630310
19630315
19630316
19630317
19630320
19630321
19630323
19630324
19630325
19630326
19630329
19630401
19630403
19630404
19630406
19630407
19630408
19630409
19630410
19630411
19630412
19630414
19630415
19630416
19630417
19630418
19630420
19630421
19630423
19630424
19630425
19630429
19630501
19630503
19630504
19630506
19630508
19630511
19630512
19630513
19630515
19630516
19630517
19630519
19630520
19630521
19630523
19630525
19630528
19630530
19630601
19630603
19630604
19630605
19630606
19630608
19630609
19630610
19630611
19630614
19630616
19630617
19630619
19630620
19630622
19630624
19630625
19630626
19630627
19630628
19630629
19630630
19630701
19630706
19630707
19630710
19630711
19630713
19630714
19630715
19630716
19630718
19630724
19630725
19630728
19630729
19630801
19630802
19630804
19630805
19630806
19630809
19630810
19630815
19630816
19630818
19630822
19630823
19630825
19630826
19630827
19630828
19630831
19630901
19630902
19630905
19630906
19630907
19630908
19630909
19630910
19630911
19630912
19630913
19630914
19630915
19630917
19630918
19630920
19630922
19630923
19630924
19630925
19630926
19630927
19630929
19631001
19631002
19631003
19631004
19631005
19631006
19631007
19631008
19631009
19631010
19631011
19631012
19631013
19631014
19631015
19631016
19631017
19631017wyy
19631018
19631019
19631020
19631021
19631022
19631023
19631024
19631025
19631026
19631027
19631028
19631029
19631030
19631101
19631102
19631103
19631104
19631105
19631106
19631107
19631108
19631109
19631110
19631111
19631112
19631113
19631114
19631115
19631117
19631118
19631119
19631120
19631121
19631122
19631123
19631124
19631125
19631127
19631128
19631129
19631130
19631201
19631202
19631203
19631204
19631205
19631206
19631207
19631208
19631209
19631210
19631212
19631213
19631214
19631215
19631218
19631218aa
19631219
19631221
19631223
19631224
19631225
19631226
19631227
19631227562
19631228
19631229
19631230
19631231
19631963
19632003
19632118
1.96362E+11
196383gg
1963jun17
1963nian119
19640000
19640000xqq
19640101
19640102
19640103
19640104
19640108
19640109
19640112
19640116
19640118
19640119
19640120
19640122
19640123
19640124
19640130
19640202
19640203
19640204
19640206
19640207
19640208
19640209
19640210
19640211
19640212
19640213
19640214
19640215
19640216
19640217
19640218
19640219
19640301
19640304
19640305
19640307
19640310
19640312
19640313
19640314
19640315
19640316
19640317
19640318
19640320
19640322
19640323
19640324
19640325
19640326
19640328
19640401
19640402
19640404
19640412
19640414
19640415
19640420
19640422
19640423
19640424
19640501
19640502
19640503
19640504
19640505
19640506
19640507
19640510
19640511
19640516
19640518
19640520
19640524
19640527
19640606
19640618
19640620
19640624
19640627
19640630
19640701
19640703
19640715
19640718
19640719
19640720
19640721
19640722
19640724
19640726
19640728
19640730
19640801
19640803
19640808
19640809
19640810
19640812
19640815
19640816
19640817
19640818
19640819
19640820
19640824
19640827
19640828
19640830
19640901
19640902
19640903
19640906
19640908
19640909
19640911
19640912
19640915
19640917
19640918
19640919
19640920
19640923
19640925
19640926
19640927
19640928
19640929
19640930
19641001
19641003
19641004
19641005
19641006
19641007
19641008
19641010
19641011
19641012
19641013
19641014
19641015
19641016
19641017
19641019
19641021
19641022
19641024
19641025
19641026
19641027
19641028
19641029
19641030
19641031
19641101
19641102
19641103
19641105
19641106
19641107
19641108
19641109
19641110
19641111
19641113
19641114
19641115
19641116
19641117
19641118
19641119
19641121
19641124
19641125
19641126
19641127
19641128
19641129
19641130
19641201
19641202
19641206
19641207
19641208
19641210
19641211
19641212
19641213
19641214
19641215
19641216
19641219
19641220
19641221
19641222
19641223
19641224
19641225
19641226
1964122600
19641227
19641228
19641229
19641230
19641231
19641964
19641988
196424290
19646590
196472ssyy
19650101
19650102
19650104
19650107
19650108
19650109
19650110
19650115
19650116
19650121
19650122
19650123
19650125
19650126
19650126126
19650127
19650128
19650129
19650201
19650203
19650204
19650205
19650207
19650208
19650209
19650211
19650213
19650214
19650215
19650216
19650220
19650221
19650223
19650225
19650228
19650301
19650302
19650304
19650305
19650306
19650307
19650308
19650310
19650312
19650314
19650315
19650318
19650320
19650322
19650323
19650324
19650325
19650327
19650328
19650405
19650409
19650416
19650418
19650420
19650421
19650422
19650423
19650426
19650429
19650501
19650502
19650506
19650509
19650512
19650515
19650517
19650521
19650522
19650523
19650525
19650527
19650528
19650529
19650531
19650601
19650603
19650605
19650606
19650608
19650610
19650615
19650616
19650617
19650618
19650624
19650626
19650629
19650701
19650702
19650703
19650707
19650708
19650719
19650725
19650728
19650731
19650801
19650807
19650808
19650811
19650812
19650813
19650814
19650815
19650816
19650818
19650821
19650822
19650823
19650829
19650901
19650902
19650904
19650909
19650912
19650913
19650914
19650915
19650918
19650921
19650922
19650925
19650929
19651001
19651002
19651003
19651004
19651006
19651007
19651008
19651009
19651010
19651012
19651013
1.9651E+15
19651014
19651015
19651016
19651017
19651018
19651019
19651020
19651021
19651022
19651023
19651024
19651025
19651026
19651027
19651028
19651030
19651031
19651101
19651102
19651103
19651104
19651105
19651106
19651107
19651108
19651109
19651111
19651114
19651115
19651116
19651118
19651119
19651120
19651122
19651123
19651124
19651126
19651127
19651128
19651129
19651130
19651201
19651202
19651203
19651205
19651206
19651207
19651208
19651210
19651212
19651213
19651215
19651216
19651217
19651218
19651219
19651220
19651222
19651223
19651225
19651226
19651227
19651228
19651229
19651230
19651231
19651965
19651968
19651972
19656565
19660101
19660102
19660105
19660106
19660116
19660117
19660118
19660122
19660123
19660124
19660127
19660130
19660201
19660202
19660203
19660204
19660205
19660206
19660207
19660208
19660209
19660210
19660213
19660214
19660215
19660216
19660218
19660219
19660220
19660222
19660223
19660224
19660226
19660227
19660228
19660302
19660303
19660304
19660305
19660306
19660307
19660308
19660309
19660310
19660311
19660312
19660313
19660315
19660316
19660317
19660318
19660319
19660321
19660323
19660324
19660325
19660327
19660328
19660329
19660402
19660403
19660407
19660408
19660412
19660415
19660416
19660420
19660421
19660422
19660424
19660426
19660428
19660430
19660501
19660502
19660503
19660504
19660505
19660506
19660507
19660508
19660509
19660512
19660516
19660517
19660518
19660519
19660522
19660523
19660528
19660529
19660604
19660605
19660606
19660607
19660608
19660609
19660610
19660611
19660615
19660617
19660622
19660623
19660624
19660626
19660627
19660628
19660630
19660701
19660702
19660705
19660707
19660709
19660712
19660713
19660717
19660719
19660724
19660729
19660731
19660801
19660802
19660804
19660805
19660806
19660807
19660808
19660810
19660812
19660813
19660814
19660816
19660818
19660820
19660821
19660822
19660824
19660825
19660826
19660827
19660828
19660829
19660901
19660905
19660907
19660910
19660911
19660913
19660915
19660916
19660918
19660920
19660921
19660922
19660924
19660928
19660930
19661001
19661002
19661003
19661005
19661006
19661007
19661008
19661009
19661010
19661011
19661012
19661013
19661014
19661015
19661016
19661017
19661018
19661019
19661020
19661021
19661022
19661023
19661024
19661025
19661026
19661028
19661029
19661030
19661031
19661101
19661103
19661104
19661111
19661112
19661114
19661115
19661116
19661117
19661118
19661120
19661121
19661122
19661124
19661125
19661127
19661128
19661130
19661201
19661202
19661204
19661205
19661206
19661207
19661208
19661209
19661210
19661211
19661212
19661213
19661215
19661216
19661217
19661218
19661219
19661221
19661222
19661223
19661224
19661225
19661226
19661227
19661228
19661230
19661231
19661966
19661967
196656108
19670101
19670102
19670106
19670107
19670108
19670110
19670115
19670120
19670127
19670128
19670130
19670131
19670202
19670203
19670204
19670210
19670211
19670212
19670213
19670217
19670218
19670220
19670221
19670225
19670228
19670302
19670303
19670304
19670307
19670309
19670312
19670315
19670316
19670317
19670318
19670319
19670321
19670326
19670327
19670328
19670329
19670330
19670401
19670403
19670408
19670412
19670414
19670415
19670415&*
19670417
19670419
19670425
19670426
19670427
19670501
19670503
19670506
19670509
19670510
19670512
19670515
19670516
19670518
19670521
19670522
19670523
19670526
19670529
19670531
19670601
19670602
19670607
19670612
19670614
19670616
19670619
19670621
19670623
19670629
19670702
19670705
19670706
19670707
19670709
19670710
19670714
19670717
19670725
19670801
19670803
19670807
19670812
19670814
19670815
19670818
19670820
19670821
19670824
19670825
19670828
19670829
19670901
19670902
19670905
19670908
19670909
19670910
19670911
19670913
19670916
19670918
19670919
19670920
19670921
19670923
19670924
19670925
19670926
19670927
19670928
19671001
19671002
19671003
19671004
19671005
19671007
19671009
19671010
19671011
19671012
19671013
19671014
19671015
19671016
19671017
19671018
19671019
19671020
19671021
19671022
19671023
19671024
19671025
19671026
19671027
19671028
19671029
19671031
19671101
19671102
19671103
19671104
19671105
19671106
19671107
19671108
19671109
19671110
19671111
19671112
19671113
19671114
19671115
19671116
19671117
19671118
19671119
19671120
19671123
19671124
19671125
19671126
19671127
19671128
19671129
19671201
19671202
19671203
19671204
19671205
19671206
19671207
19671208
19671209
19671210
19671211
19671212
19671213
19671214
19671215
19671216
19671217
19671218
19671219
19671220
19671221
19671222
19671223
19671224
19671225
19671226
19671228
19671229
19671230
19671231
19671967
19671968
19671994
19672222
19673111
19676491
196784732
19680000
19680101
19680104
19680106
19680107
19680108
19680109
19680110
19680111
19680114
19680115
19680116
19680117
19680118
19680119
19680120
19680121
19680122
19680124
19680125
19680126
19680127
19680128
19680129
19680131
19680201
19680202
19680203
19680204
19680205
19680206
19680207
19680208
19680209
19680210
19680211
19680212
19680213
19680214
19680215
19680216
19680217
19680218
19680219
19680220
19680221
19680222
19680223
19680224
19680225
19680226
19680227
19680228
19680229
19680301
19680302
19680303
19680304
19680306
19680307
19680308
19680309
19680310
19680312
19680314
19680315
19680316
19680317
19680318
19680321
19680322
19680323
19680324
19680325
19680327
19680328
19680329
19680401
19680402
19680404
19680407
19680408
19680409
19680410
19680411
19680412
19680413
19680414
19680416
19680417
19680418
19680419
19680420
19680421
19680422
19680423
19680424
19680425
19680426
19680427
19680428
19680429
19680501
19680502
19680503
19680505
19680506
19680508
19680509
19680510
19680511
19680512
19680516
19680517
19680519
19680520
19680521
19680522
19680523
19680525
19680526
19680528
19680530
19680601
19680602
19680603
19680604
19680605
19680606
19680607
19680608
19680609
19680610
19680611
19680612
19680613
19680615
19680616
19680618
19680619
19680620
19680622
19680624
19680625
19680626
19680627
19680628
19680629
19680630
19680701
19680702
19680703
19680704
19680705
19680706
19680707
19680708
19680709
19680711
19680712
19680713
19680714
19680716
19680717
19680718
19680719
19680720
19680721
19680723
19680725
19680726
19680727
19680728
19680729
19680730
19680731
19680801
19680802
19680803
19680804
19680805
19680806
19680807
19680808
19680809
19680810
19680811
19680813
19680814
19680815
19680816
19680817
19680818
19680819
19680820
19680821
19680822
19680823
19680824
19680825
19680826
19680827
19680828
19680901
19680902
19680903
19680904
19680905
19680906
19680907
19680908
19680909
19680910
19680911
19680912
19680913
19680914
19680916
19680917
19680918
19680919
19680920
19680921
19680922
19680923
19680924
19680925
19680926
19680927
19680928
19680929
19680930
19681001
19681003
19681004
19681005
19681006
19681007
19681008
19681009
19681010
19681011
19681012
19681013
19681014
19681015
19681016
19681017
19681018
19681019
19681020
19681021
19681022
19681023
19681024
19681025
19681026
19681027
19681028
196810288
19681029
19681030
19681031
19681101
19681102
19681103
19681104
19681105
19681106
19681107
19681108
19681109
19681110
19681111
19681112
19681113
19681114
19681115
19681116
19681117
19681118
19681119
19681120
19681121
19681122
19681123
19681124
19681125
19681126
19681127
19681128
19681129
19681130
19681201
19681202
19681203
19681204
19681205
19681206
19681207
19681208
19681209
19681210
19681211
19681212
19681213
19681214
19681215
19681216
19681217
19681218
19681218ty
19681219
19681220
19681221
19681222
19681223
19681224
19681224zxm1991
19681225
19681226
19681227
19681228
1.96812E+11
19681229
19681230
19681231
1.96815E+11
19681966
19681968
1.9682E+11
19681969
19681970
19681973
19681974
19681977
19681982
1.96843E+13
19685029
1968820wer
19688687
196888359
1968abcd
19690101
19690102
19690103
19690104
19690105
19690106
19690107
19690108
19690109
19690110
19690111
19690112
19690113
19690114
19690115
19690118
19690119
19690120
19690121
19690122
19690123
19690124
19690125
19690126
19690127
19690128
19690129
19690201
19690202
19690203
19690204
19690205
19690206
19690208
19690209
19690210
19690211
19690212
19690213
19690214
19690215
19690216
19690217
19690218
19690219
19690220
19690221
19690222
19690223
19690224
19690225
19690226
19690227
19690228
19690229
19690301
19690302
19690303
19690305
19690306
19690307
19690308
19690309
19690310
19690311
19690312
19690313
19690314
19690315
19690316
19690317
19690318
19690319
19690320
19690321
19690322
19690323
19690325
19690326
19690327
19690328
19690329
19690331
19690401
19690402
19690404
19690405
19690406
19690407
19690408
19690409
19690410
19690411
19690412
19690413
19690414
19690415
19690416
19690418
19690420
19690421
19690422
19690423
19690424
19690426
19690427
19690429
19690430
19690501
19690502
19690503
19690504
19690505
19690506
19690507
19690508
19690510
19690511
19690512
19690513
19690514
19690515
19690516
19690517
19690518
19690519
19690520
19690521
19690522
19690523
19690524
19690525
19690527
19690528
19690529
19690530
19690531
19690601
19690604
19690605
19690606
19690607
19690608
19690609
19690610
19690611
19690612
19690615
19690616
19690617
19690618
19690619
19690620
19690621
19690622
19690623
19690624
19690627
19690628
19690629
19690630
19690701
19690702
19690703
19690704
19690705
19690706
19690707
19690708
19690709
19690710
19690711
19690712
19690713
19690714
19690715
19690716
19690717
19690718
19690719
19690720
19690721
19690722
19690723
19690724
19690726
19690727
19690728
19690729
19690801
19690802
19690803
19690804
19690805
19690806
19690807
19690808
19690809
19690810
19690812
19690813
19690814
19690815
19690816
19690817
19690818
19690819
19690820
19690821
19690822
19690823
19690824
19690825
19690826
19690827
19690828
19690829
19690830
19690831
19690901
19690902
19690903
19690904
19690905
19690906
19690907
19690908
19690909
19690910
19690911
19690912
19690913
19690914
19690915
19690916
19690917
19690918
19690919
19690920
19690921
19690922
19690923
19690924
19690925
19690926
19690927
19690928
19690929
19690930
19691001
19691002
19691003
19691004
19691005
19691006
19691007
19691008
19691009
19691010
19691011
19691012
19691013
19691014
19691015
19691016
19691017
19691018
19691019
19691020
19691021
19691022
19691023
19691024
19691025
19691026
19691027
19691028
19691029
19691030
19691031
19691101
19691102
19691103
19691104
19691105
19691106
19691107
19691108
19691109
19691110
19691111
19691112
19691113
19691114
19691115
19691116
19691117
19691118
19691119
19691120
19691121
19691122
19691123
19691124
1.96911E+11
19691125
19691127
19691128
19691129
19691130
19691201
19691202
19691203
19691204
19691205
19691206
19691207
19691208
19691209
19691210
19691211
19691212
19691213
19691214
19691215
19691216
19691217
19691218
19691219
19691220
19691221
19691222
19691223
19691224
19691225
19691226
19691227
19691228
19691229
19691230
19691231
19691805
19691969
19691970
19691971
19691973
1.9692E+15
19691996
19691998
1969614vt2050
1969720310
19698653
196994617
196B1ecf
1970*07*02
1970-1-1
19700000
19700101
19700102
19700103
19700104
19700105
19700106
19700107
19700108
19700109
19700110
19700111
19700112
19700113
19700114
19700115
19700116
19700117
19700118
19700119
19700120
19700121
19700122
19700123
19700124
19700125
19700126
19700127
19700128
19700129
19700130
19700131
19700201
19700202
19700203
19700204
19700205
19700206
19700207
19700208
19700209
19700210
19700211
19700212
19700213
19700214
19700215
19700216
19700217
19700218
19700219
19700220
19700221
19700222
19700223
19700224
19700225
19700226
19700227
19700228
19700229
19700230
19700231
19700301
19700302
19700303
19700304
19700305
19700306
19700307
19700308
19700309
19700310
19700311
19700312
19700313
19700314
19700315
19700316
19700317
19700318
19700319
19700320
19700321
19700322
19700323
19700324
19700325
19700326
19700327
19700328
19700329
19700330
19700331
19700401
19700402
19700403
19700404
19700405
19700406
19700407
19700408
19700409
19700410
19700411
19700412
19700413
19700414
19700415
19700416
19700417
19700418
19700419
19700420
19700421
19700422
19700423
19700424
19700425
19700426
19700427
19700428
19700429
19700430
19700431
19700501
19700502
19700503
19700504
19700505
19700506
19700507
19700508
19700509
19700510
19700511
19700512
19700513
19700514
19700515
19700516
19700517
19700518
19700519
19700520
19700521
19700522
19700523
19700524
19700525
19700526
19700527
19700528
19700529
19700530
19700531
19700601
19700602
19700603
19700604
19700605
19700606
19700607
19700608
19700609
19700610
19700611
19700612
19700613
19700614
19700615
19700616
19700617
19700618
19700619
19700620
19700621
19700622
19700623
19700624
19700625
19700626
19700627
19700628
19700629
19700630
19700631
19700701
19700702
19700703
19700704
19700705
19700706
19700707
19700708
19700709
19700710
19700711
19700712
19700713
19700714
19700715
19700716
19700717
19700718
19700719
19700720
19700721
19700722
19700723
19700724
19700725
19700726
19700727
19700728
19700729
19700730
19700731
19700801
19700802
19700803
19700804
19700805
19700806
19700807
19700808
19700809
19700810
19700811
19700812
19700813
19700814
19700815
19700816
19700817
19700818
19700819
19700820
19700821
19700822
19700823
19700824
19700825
19700826
19700827
19700828
19700829
19700830
19700831
19700901
19700902
19700903
19700904
19700905
19700906
19700907
19700908
19700909
19700909023
19700910
19700911
19700912
19700913
19700914
19700915
19700916
19700917
19700918
19700919
19700920
19700921
19700922
19700923
19700924
19700925
19700926
19700927
19700928
19700929
19700930
19700931
19701001
19701002
19701003
19701004
19701005
19701006
19701007
19701008
19701009
19701010
19701010zhang
19701011
19701012
19701013
19701014
19701015
19701016
19701017
19701018
19701019
19701020
19701021
19701022
19701023
19701024
19701025
19701026
19701027
19701028
1.9701E+11
19701029
19701030
19701031
19701101
19701102
19701103
19701104
19701105
19701106
19701107
19701108
19701109
19701110
19701111
19701112
19701113
19701114
19701115
19701116
19701117
19701118
19701119
19701120
19701121
19701122
19701123
19701124
19701125
19701126
19701127
19701128
19701129
19701130
19701131
19701201
19701202
19701203
19701204
19701205
19701206
19701207
19701208
19701209
19701210
19701211
19701212
19701213
19701214
19701215
19701216
19701217
19701218
19701219
19701220
19701221
19701222
19701223
19701224
19701225
19701226
19701227
19701228
19701229
19701230
19701231
19701234
19701968
19701969
19701970
1.9702E+11
19701971
19701972
19701974
19701975
19701977
19701978
19701996
19701998
19701999
19702566
19703004
19705111
1970718718
197077gb
19709166
19710000
19710101
19710102
19710103
19710104
19710104302
19710105
19710106
19710107
19710108
19710109
19710110
19710111
19710112
19710113
19710114
19710115
19710116
19710117
19710118
19710119
19710120
19710121
19710122
19710123
19710124
19710125
19710126
19710127
19710128
19710129
19710130
19710131
19710201
19710202
19710203
19710204
19710205
19710206
19710207
19710208
19710209
19710210
19710211
19710212
19710213
19710214
19710215
19710216
19710217
19710218
19710219
19710220
19710221
19710222
19710223
19710224
19710225
19710226
19710227
19710228
19710229
19710230
19710231
19710301
19710302
19710303
19710304
19710305
19710306
19710307
19710308
19710309
19710310
19710311
19710312
19710313
19710314
19710315
19710316
19710317
19710318
19710319
19710320
19710321
19710322
19710323
19710324
19710325
19710326
19710327
19710328
19710329
19710330
19710331
19710401
1.97104E+11
19710402
19710403
19710404
19710405
19710406
19710407
19710408
19710409
19710410
19710411
19710412
19710413
19710414
19710415
19710416
19710417
19710418
19710419
19710420
19710421
19710422
19710423
19710424
19710425
19710426
19710427
19710428
19710429
19710430
19710431
19710501
19710502
19710503
19710504
19710505
19710506
19710507
19710508
19710509
19710510
19710511
19710512
19710513
19710514
19710515
19710516
19710517
19710518
19710519
19710520
19710521
19710522
19710523
19710524
19710525
19710526
19710527
19710528
19710529
19710530
19710531
19710601
19710602
19710603
19710604
19710605
19710606
19710607
19710608
19710609
19710610
19710611
19710612
19710613
19710614
19710615
19710616
19710617
19710618
19710619
19710620
19710621
19710622
19710623
19710624
19710625
19710626
19710627
19710628
19710629
19710630
19710631
19710701
19710702
19710703
19710704
19710705
19710706
19710707
1.97107E+14
19710708
19710709
19710710
19710711
19710712
19710713
19710714
19710715
19710716
19710717
19710718
19710719
19710720
19710721
19710722
19710723
19710724
19710725
19710726
19710727
19710728
19710729
19710730
19710731
19710801
19710802
19710803
19710804
19710805
19710806
19710807
19710808
19710809
19710810
19710811
19710812
19710813
19710814
19710815
19710816
19710817
19710818
19710819
19710820
19710821
19710822
19710823
19710824
19710825
19710826
19710827
19710828
19710829
19710830
19710831
19710901
19710902
19710903
19710904
19710905
19710906
19710907
19710908
19710909
19710911
19710912
19710913
19710914
19710915
19710916
19710917
19710918
19710919
19710920
19710921
19710922
19710923
19710924
19710925
19710926
19710927
19710928
19710929
19710930
19710931
19711001
19711002
19711003
19711004
19711005
19711006
19711007
19711008
19711009
19711010
19711011
19711012
19711013
19711014
19711015
19711016
19711017
19711018
19711019
19711020
19711021
19711022
19711023
19711024
19711025
19711026
19711027
19711028
19711029
19711030
19711031
19711093
19711101
19711102
19711103
19711104
19711105
19711106
19711107
19711108
19711108112
19711109
19711110
19711111
19711112
19711113
19711114
19711115
19711116
19711117
19711118
19711119
19711120
19711121
19711122
19711123
19711124
19711125
19711126
19711127
19711128
19711129
19711130
19711131
19711201
19711202
19711203
19711204
19711205
19711206
19711207
19711208
19711209
19711210
19711211
19711212
19711213
19711214
19711215
19711216
19711217
19711218
19711219
19711220
19711221
19711222
19711223
19711224
19711225
19711226
19711227
19711228
19711229
19711230
19711231
19711939
19711971
19711972
19711973
19711974
19711976
19711981
1971272002
19715028
1.97152E+13
19715324
197172woaini
19717499
19717930
1971quguhu159
1971quguhu159iop
19720000
19720101
19720102
19720103
19720104
19720105
19720106
19720107
19720108
19720109
19720110
19720111
19720112
19720113
19720114
19720115
19720116
19720117
19720118
19720119
19720120
19720121
19720122
19720123
19720124
19720125
19720126
19720127
19720128
19720129
19720130
19720131
19720201
19720202
19720203
19720204
19720205
19720206
19720207
19720208
19720209
19720210
19720211
19720212
19720213
19720214
19720215
19720216
19720217
19720218
19720219
19720220
19720221
19720222
19720223
19720224
19720225
19720226
19720227
19720228
19720229
19720230
19720231
19720301
19720302
19720303
19720304
19720305
19720306
19720307
19720308
19720309
19720310
19720311
19720312
19720313
19720314
19720315
19720316
19720317
19720318
19720319
19720320
19720321
19720322
19720323
19720324
19720325
19720326
19720327
19720328
19720329
19720330
19720331
19720401
19720402
19720403
19720404
19720405
19720406
19720407
19720408
19720409
19720409001
19720410
19720411
19720412
19720413
19720414
19720415
19720416
19720417
19720418
19720419
19720420
19720421
19720422
19720423
19720424
19720425
19720426
19720427
19720428
19720429
19720430
19720431
19720501
19720502
19720503
19720504
19720505
19720506
19720507
19720508
19720509
19720510
19720511
19720512
19720513
19720514
19720515
19720516
19720517
19720518
19720519
19720520
19720521
19720522
19720523
19720524
19720525
19720526
19720527
19720528
19720529
19720530
19720531
19720601
19720602
19720603
19720604
19720605
19720606
19720607
19720608
19720609
19720610
19720611
19720612
19720613
19720614
19720615
19720616
19720617
19720618
19720619
19720620
19720621
19720622
19720623
19720624
19720625
19720626
19720627
19720628
19720629
19720630
19720631
19720701
19720702
19720703
19720704
19720705
19720706
19720707
19720708
19720709
19720710
19720711
19720712
19720713
19720714
19720715
19720716
19720717
19720718
19720719
19720720
19720721
19720722
19720723
19720724
19720725
19720726
19720727
19720728
19720729
19720730
19720731
19720801
19720802
19720803
19720804
19720805
19720806
19720807
19720808
19720809
19720810
19720811
19720812
19720813
19720814
19720815
19720816
19720817
19720818
19720819
19720820
19720821
19720822
19720823
19720824
19720825
19720826
19720827
19720828
19720829
19720830
19720831
19720901
19720902
19720903
19720904
19720905
19720906
19720907
19720908
19720909
19720910
19720911
19720912
19720913
19720914
19720915
19720916
19720917
19720918
19720919
19720920
19720921
19720922
19720923
19720924
19720925
19720926
19720927
19720928
19720929
19720930
19720931
19721001
19721002
19721003
19721004
19721005
19721006
19721007
19721008
19721009
19721010
19721011
19721012
19721013
19721014
19721015
19721016
19721017
19721018
19721019
19721020
19721021
19721022
19721023
19721024
19721025
19721026
19721027
19721028
19721029
19721030
19721031
19721101
19721102
19721103
19721104
19721105
19721106
19721107
19721108
19721109
19721110
19721111
19721112
19721113
19721114
19721115
19721116
19721117
19721118
19721119
19721120
19721121
19721122
19721123
19721124
19721125
19721126
19721127
19721128
19721129
19721130
19721131
19721201
19721202
19721203
19721204
19721205
19721206
19721207
19721208
19721209
19721210
19721211
19721212
19721213
19721214
19721215
19721216
19721217
19721218
19721219
19721220
19721221
19721222
19721223
197212230
19721224
19721225
19721226
19721227
19721228
19721229
19721230
19721231
1972129...
19721968
19721972
1.9722E+11
19721973
19721974
19721975
19721976
19721977
19721978
19721980
19721999
19722791
19723027
1.97268E+11
1972yang
19730000
19730028
19730101
19730102
19730103
19730104
19730105
19730106
19730107
19730108
19730109
19730110
19730111
19730112
19730113
19730114
19730115
19730116
19730117
19730118
19730119
19730120
19730121
19730122
19730123
19730124
19730125
19730126
19730127
19730128
19730129
19730130
19730131
1973019730
19730201
19730202
19730203
19730204
19730205
19730206
19730207
19730208
19730209
19730210
19730211
19730212
19730213
19730214
19730215
19730216
19730217
19730218
19730219
19730220
19730221
19730222
19730223
19730224
19730225
19730226
19730227
19730228
19730229
19730230
19730231
19730301
19730302
19730303
19730304
19730305
19730306
19730307
19730308
19730309
19730310
19730311
19730312
19730313
19730314
19730315
19730316
19730317
19730318
19730319
19730320
19730321
19730322
19730323
19730324
19730325
19730326
19730327
19730328
19730329
19730330
19730331
19730401
19730402
19730403
19730404
19730405
19730406
19730407
19730408
19730409
19730410
19730411
19730412
19730413
19730414
19730415
19730416
19730417
19730418
19730419
19730420
1973042001
19730421
19730422
19730423
19730424
19730425
19730426
19730427
19730428
19730429
19730430
19730431
19730501
19730502
19730503
19730504
19730505
19730506
19730507
19730508
19730509
19730510
19730511
19730512
19730513
19730514
19730515
19730516
19730517
19730518
19730519
19730520
19730521
19730522
19730523
19730524
19730525
19730526
19730527
19730528
19730529
19730530
19730531
19730601
19730602
19730603
19730604
19730605
19730606
19730607
19730608
19730609
19730610
19730611
19730612
19730613
19730614
19730615
19730616
19730617
19730618
19730619
19730620
19730621
19730622
19730623
19730624
19730625
19730626
19730627
19730628
19730629
19730630
19730631
19730701
19730702
19730703
19730704
19730705
19730706
19730707
19730708
19730709
19730710
19730711
19730712
19730713
19730714
19730715
19730716
19730717
19730718
19730719
19730720
19730721
19730722
19730723
19730724
19730725
19730726
19730727
19730728
19730729
19730730
19730731
19730801
19730802
19730803
19730804
19730805
1.97308E+13
19730806
19730807
19730808
19730809
19730810
19730811
19730812
19730813
19730814
19730815
19730816
19730817
19730818
19730819
19730820
19730820BHSJ
19730821
19730822
19730823
19730824
19730825
19730826
19730827
19730828
19730829
19730830
19730831
19730901
19730902
19730903
19730904
19730905
19730906
19730907
19730908
19730909
19730910
19730911
19730912
19730913
19730914
19730915
19730916
19730917
19730918
19730919
19730920
19730921
19730922
19730923
19730924
19730925
19730926
19730927
19730928
19730929
19730930
19730931
19731001
19731002
19731003
19731004
19731005
19731006
19731007
19731008
19731009
19731010
19731011
19731012
19731013
19731014
19731015
19731016
19731017
19731018
19731019
19731020
19731021
19731022
19731023
19731024
19731025
19731026
19731027
19731028
19731029
19731030
19731031
19731101
19731102
19731103
19731104
19731105
19731106
19731107
19731108
19731109
19731110
19731111
19731112
19731113
19731114
19731115
19731116
19731117
19731118
19731119
19731120
19731121
19731122
19731123
19731124
19731125
19731126
19731127
19731128
19731129
19731130
19731131
19731201
19731202
19731203
19731204
19731205
19731206
19731207
19731208
19731209
19731210
19731211
19731212
19731213
19731214
19731215
19731216
19731217
19731218
19731219
19731220
19731221
19731222
19731223
19731224
19731225
19731226
19731227
19731228
19731229
19731230
19731231
19731972
1.9732E+11
19731974
19731975
19731976
19731977
19731978
19731979
19731980
19731981
19731982
19731984
19731998
19731999
19732000
197328465
19733218
19734628
19734682
197346825
1973468250
19736666
19737373
19738246
197382465
1973824699
19738911
197389FI
19740000
19740088
19740101
19740102
19740103
19740104
19740105
19740106
19740107
19740108
19740109
19740110
19740111
19740112
19740113
19740114
19740115
19740116
19740117
19740118
19740119
19740120
19740121
19740122
19740123
19740124
19740125
19740126
19740127
19740128
19740129
19740130
19740131
19740201
19740202
19740203
19740204
19740205
19740206
19740207
19740208
19740209
19740210
19740211
19740212
19740213
19740214
19740215
19740216
19740217
19740218
19740219
19740220
19740221
19740222
19740223
19740224
19740225
19740226
19740227
19740228
19740229
19740230
19740231
19740301
19740302.zx
19740302zx
19740303
19740304
19740305
19740306
19740307
19740308
19740309
19740310
19740311
19740312
19740313
19740314
19740315
19740316
19740317
19740318
19740319
19740320
19740321
19740322
19740323
19740324
19740325
19740326
19740327
19740328
19740329
19740330
19740331
19740401
19740402
19740403
19740404
19740405
19740406
19740407
19740408
19740409
19740410
19740411
19740412
19740413
19740414
19740415
19740416
19740417
19740418
19740419
19740420
19740421
19740422
19740423
19740424
19740425
19740426
19740427
19740428
19740429
19740430
19740431
19740501
19740502
19740503
19740504
19740505
19740506
19740507
19740508
19740509
19740510
19740511
19740512
19740513
19740514
19740515
19740516
19740517
19740518
19740519
19740520
19740521
19740522
19740523
19740524
19740525
19740526
19740527
19740528
19740529
19740530
19740531
19740601
19740602
19740603
19740604
19740605
19740606
19740607
19740608
19740609
19740610
19740611
19740612
19740613
19740614
19740615
19740616
19740617
19740618
19740619
19740620
19740621
19740622
19740623
19740624
19740625
19740626
19740627
19740628
19740629
19740630
19740631
19740701
19740702
19740703
19740704
19740705
19740706
19740707
19740708
19740709
19740710
19740711
19740712
19740713
19740714
19740715
19740716
19740717
19740718
19740719
19740720
19740721
19740722
19740723
19740724
19740725
19740726
19740727
19740728
19740729
19740730
19740731
19740801
19740802
19740803
19740804
19740805
19740806
19740807
19740808
19740809
19740810
19740811
19740812
19740813
19740814
19740815
19740816
19740817
19740818
19740819
19740820
19740821
19740822
19740823
19740824
19740825
19740826
19740827
19740828
19740829
19740830
19740831
19740901
19740902
19740903
19740904
19740905
19740906
19740907
19740908
19740909
19740910
19740911
19740912
19740913
19740914
19740915
19740916
19740917
19740918
19740919
19740920
19740921
19740922
19740923
19740924
19740925
19740926
19740927
19740928
19740929
19740930
19740931
19741001
19741002
19741003
19741004
19741005
19741006
19741007
19741008
19741009
19741010
19741011
19741012
19741013
19741014
19741015
19741016
19741017
19741018
19741019
19741020
19741021
19741022
19741023
197410233
19741024
19741025
19741026
19741027
19741028
19741029
19741030
19741031
19741101
19741102
19741103
19741104
19741105
19741106
19741107
19741108
19741109
19741110
19741111
19741112
19741113
19741114
19741115
19741116
19741117
19741118
19741119
19741120
19741121
19741122
19741123
19741124
19741125
19741126
19741127
19741128
19741129
19741130
1.97411E+15
19741131
19741200
19741201
19741202
19741203
19741204
19741205
19741206
19741207
19741208
19741209
19741210
19741211
19741212
19741213
19741214
19741215
19741216
19741217
19741218
19741219
19741220
19741221
19741222
19741223
19741224
19741225
19741226
19741227
19741228
19741229
19741230
19741231
19741973
1.9742E+11
19741975
19741976
19741977
19741978
19741979
19741980
19741981
19741982
19741984
19741986
19741998
19741999
19742001
19742002
19742005
19742009
1.97432E+13
1974382001
19744791
19748360
19749190
1974koujun0818
1974z1130wssz
19750000
19750101
19750102
19750103
19750104
19750105
19750105myway
19750106
19750107
19750108
19750109
19750110
19750111
19750112
19750113
19750114
19750115
19750116
19750117
19750118
19750119
19750120
19750121
19750122
19750123
19750124
19750125
19750126
19750127
19750128
19750129
19750130
19750131
19750201
19750202
19750203
19750204
19750205
19750206
19750207
19750207pp
19750208
19750209
19750210
19750211
19750212
19750213
19750214
19750215
19750216
19750217
19750218
19750219
19750220
19750221
19750222
19750223
19750224
19750225
19750226
19750227
19750228
19750229
19750230
19750231
19750301
19750302
19750303
19750304
19750305
19750306
19750307
19750308
19750309
19750310
19750311
19750312
19750313
19750314
19750315
19750316
19750317
19750318
19750319
19750320
19750321
19750322
19750323
19750324
19750325
19750326
19750327
19750328
19750329
19750330
19750331
19750401
19750402
19750403
19750404
19750405
19750406
19750407
19750408
19750409
19750410
19750411
19750412
19750413
19750414
19750415
19750416
19750417
19750418
19750419
19750420
19750421
19750422
19750423
19750424
19750425
19750426
19750427
19750428
19750429
19750430
19750431
19750501
19750502
19750503
19750504
19750505
19750506
19750507
19750508
19750509
19750510
19750511
19750512
19750513
19750514
19750515
19750516
19750517
19750518
19750519
19750520
19750521
19750522
19750523
19750524
19750525
19750526
19750527
19750528
19750529
19750530
19750531
19750601
19750602
19750603
19750604
19750605
19750606
19750607
19750608
19750609
19750610
19750611
19750612
19750613
19750614
19750615
19750616
19750616007
19750617
19750618
19750619
19750620
19750621
19750622
19750623
19750624
19750625
19750626
19750627
19750628
19750629
19750630
19750631
19750701
19750702
19750703
19750704
19750705
19750706
19750707
19750708
19750709
19750710
19750711
19750712
19750713
19750714
19750715
19750716
19750717
19750718
19750719
19750720
19750721
19750722
19750723
19750724
19750725
19750726
19750727
19750728
19750729
19750730
19750731
19750801
19750802
19750802051
19750803
19750804
19750805
19750806
19750807
19750808
19750809
19750810
19750811
19750812
19750813
19750814
19750815
19750816
19750817
19750818
19750819
19750820
19750821
19750822
19750823
19750824
197508243
19750825
19750826
19750827
19750828
19750829
19750830
19750831
19750901
19750902
19750903
19750904
19750905
19750906
19750907
19750908
19750909
19750910
19750911
19750912
19750913
19750913p
19750914
19750915
19750916
19750917
19750918
19750919
19750920
19750921
19750922
19750923
19750924
19750925
19750926
19750927
19750928
19750929
19750930
19750931
19751001
19751002
19751003
19751004
19751005
19751006
19751007
19751008
19751009
19751010
19751011
19751012
19751013
19751014
19751015
19751016
19751017
19751018
19751019
19751020
19751021
19751022
19751023
19751024
19751025
19751026
19751027
19751028
19751029
19751030
19751031
19751100
19751101
19751102
19751103
19751104
19751105
1.97511E+13
19751106
19751107
19751108
19751109
19751110
19751111
19751112
19751113
19751114
19751115
19751116
19751117
19751118
19751119
19751120
19751121
19751122
19751123
19751124
19751125
19751126
19751127
19751128
19751129
19751130
19751131
19751201
19751202
19751203
19751204
19751205
19751206
19751207
19751208
19751209
19751210
19751211
19751212
19751213
19751214
19751215
19751216
19751217
19751218
19751219
19751220
19751221
19751222
19751223
19751224
19751225
19751226
19751227
19751228
19751229
19751230
19751231
1975123456
19751973
19751974
1975197509
1.9752E+11
19751976
19751977
19751978
19751979
19751980
19751981
19751982
19751983
19751999
19752000
19752003
19752004
19752008
19754788
19755791
19755856
19757152
19757411
197576224
197591777
1975CBK1977GJL
1976*10*04///
19760000
1976000321
19760038
19760101
19760102
19760103
19760104
19760105
19760106
19760107
19760108
19760109
19760110
19760111
19760112
19760112zyx
19760113
19760114
19760115
19760116
19760117
19760118
19760119
19760120
19760121
19760122
19760123
19760124
19760125
19760126
19760127
19760128
19760129
19760130
19760131
19760201
19760202
19760203
19760204
19760205
19760206
19760207
19760208
19760209
19760210
19760211
19760212
19760213
19760214
19760215
19760216
19760217
19760218
19760219
19760220
19760221
19760222
19760223
19760224
19760225
19760226
19760227
19760228
19760229
19760230
19760231
19760301
19760302
19760303
19760304
19760305
19760306
19760307
19760308
19760309
19760310
19760311
19760312
19760313
19760314
19760315
19760316
19760317
19760318
19760319
19760320
19760321
19760322
19760323
19760324
19760325
19760326
19760327
19760328
19760329
19760330
19760331
19760401
19760402
19760403
19760404
19760405
19760406
19760407
19760408
19760409
19760410
19760411
19760412
19760413
19760414
19760415
19760416
19760417
19760418
19760419
19760420
19760421
19760422
19760423
19760424
19760425
19760426
19760427
19760428
19760429
19760430
19760431
19760501
19760502
19760503
19760504
19760505
19760506
19760507
19760508
19760509
19760510
19760511
19760512
19760513
19760514
19760515
19760516
19760517
19760518
19760519
19760520
19760521
19760522
19760523
19760524
19760525
19760526
19760527
19760528
19760529
19760530
19760531
19760601
19760602
19760603
19760604
19760605
19760606
19760607
19760608
19760609
19760610
19760611
19760612
19760613
19760614
19760615
19760616
19760617
19760618
19760619
19760621
19760622
19760623
19760624
19760625
19760626
19760627
19760628
19760629
19760630
19760631
19760701
19760702
19760703
19760704
19760705
19760706
19760707
19760708
19760709
19760710
19760711
19760712
19760713
19760714
19760715
19760716
19760717
19760718
19760719
19760720
19760721
19760722
19760722ybdy
19760723
19760724
19760725
1.97607E+11
19760726
19760727
19760728
19760729
19760730
19760731
19760801
19760802
19760803
19760804
19760805
19760806
19760807
19760808
19760809
19760810
19760811
19760812
19760813
19760814
19760815
19760816
19760817
19760817+++
19760817+++sw
19760817+++xxk
19760818
19760819
19760820
19760821
19760822
19760823
19760824
19760825
19760826
19760827
19760828
19760829
19760830
19760831
19760901
1976090120
19760902
19760903
19760904
19760905
19760906
19760907
19760908
19760909
19760910
19760911
19760912
19760913
19760914
19760915
19760916
1976091622
19760917
19760918
19760919
19760920
19760921
19760922
19760923
19760924
19760925
19760926
19760927
19760928
19760929
19760930
19760931
19761001
19761002
19761003
19761004
19761005
19761006
19761007
19761008
19761009
19761010
19761011
19761012
19761013
19761014
19761015
19761016
19761017
19761018
19761019
19761020
19761021
19761022
19761022x
19761023
19761024
1.9761E+13
19761025
19761026
19761027
19761028
19761029
1.9761E+11
19761030
19761031
1.97611E+14
19761101
19761102
19761103
19761104
19761105
19761106
19761107
19761108
19761109
19761110
19761111
19761112
19761112001
19761113
19761114
19761114923yb
19761115
19761116
19761117
19761118
19761119
19761120
19761121
19761122
19761123
19761124
19761125
19761126
19761127
19761128
19761129
19761129@qq.com
19761130
19761131
19761145118
19761201
19761202
19761203
19761204
19761205
19761206
19761207
19761208
19761209
19761210
19761211
19761212
19761213
19761214
19761215
19761216
19761217
19761218
1976121826
19761219
1.97612E+11
19761220
19761221
19761222
19761223
19761224
19761225
19761226
19761227
19761228
19761229
19761230
19761231
19761233
19761234
197616ly
19761900
19761973
19761974
19761975
1.9762E+11
19761976331
19761977
19761978
19761979
19761980
19761981
19761982
19761983
19761984
19762000
19762001
19762002
19762003
19762004
19762008
19762009
19762100
197622789
19763100
1976333000
1976626626
19766316hm
19766791
19767400
19768120
19768228
197682888
19768888
197695333
1976DF9@qq.com
19770000
19770101
19770102
19770102lao
19770103
19770104
19770105
19770106
19770107
19770108
19770109
19770110
197701104
197701104t
19770111
19770112
19770114
19770115
19770116
19770117
19770118
19770119
19770119810
19770120
19770121
19770122
19770123
19770124
19770125
19770126
19770127
19770127ll
19770128
19770129
19770130
19770131
19770201
19770202
19770203
19770204
19770205
19770206
19770207
19770208
19770209
19770210
19770211
19770212
19770213
19770214
19770215
19770216
19770217
19770218
19770219
19770220
19770221
19770222
19770223
19770224
19770225
19770226
19770227
19770228
19770229
19770230
19770231
19770301
19770302
19770303
19770304
19770305
19770306
19770307
19770308
19770309
19770310
19770311
19770312
19770313
19770314
19770315
19770316
19770317
19770318
19770319
19770320
19770321
19770322
19770323
19770324
19770325
19770326
19770327
19770328
19770329
19770330
19770331
19770401
19770402
19770403
19770404
19770405
19770406
19770407
19770408
19770409
19770410
19770411
19770412
19770413
19770413&&
19770414
19770415
19770416
1.97704E+15
19770417
19770418
19770419
19770420
19770420c
19770421
19770422
19770423
19770424
19770425
19770426
19770427
19770428
19770429
19770430
19770431
19770501
19770502
19770503
19770504
19770505
19770506
19770507
1977050710
19770508
19770509
19770510
19770511
19770512
19770513
19770514
19770515
19770516
19770517
19770518
19770519
19770520
19770521
19770522
19770523
19770524
19770525
19770525a
19770526
19770527
19770528
19770529
19770530
19770531
19770601
19770602
19770603
19770604
19770605
19770606
19770607
19770608
19770609
19770610
19770611
19770612
19770613
19770614
19770615
19770616
19770617
19770618
19770619
19770620
19770621
19770622
197706220
19770623
19770624
19770625
19770626
19770627
19770628
19770629
19770630
19770631
19770701
19770702
19770703
19770704
19770705
19770706
19770707
19770708
19770709
19770710
19770711
19770712
19770713
19770714
19770715
19770716
19770717
19770718
19770719
19770720
19770721
19770722
19770723
19770724
19770725
19770726
19770727
19770728
19770729
19770730
19770731
19770801
19770802
19770803
19770804
19770805
19770806
19770807
19770808
19770809
19770810
19770811
19770812
19770813
19770814
19770815
19770816
19770817
19770818
19770819
19770820
19770821
19770822
19770823
19770824
19770825
19770826
19770827
19770828
19770829
19770830
19770831
19770901
19770902
19770903
19770904
19770905
19770906
19770907
19770908
19770909
19770910
19770911
19770912
19770913
19770914
19770915
19770916
19770917
19770918
19770919
19770920
19770921
19770922
19770923
19770924
19770925
19770926
19770927
19770928
19770929
19770930
19770931
19771001
19771002
19771003
19771004
19771005
19771006
19771007
19771008
1.9771E+11
19771009
19771011
19771012
19771013
19771014
19771015
19771016
19771017
19771018
19771019
19771021
19771021a
19771022
19771023
19771024
19771025
19771026
19771028
19771029
19771030
19771031
19771101
19771102
19771103
19771104
19771106
19771107
19771108
19771109
19771110
19771111
19771112
19771113
19771114
19771115
19771116
19771117
19771119
19771120
19771121
19771122
19771123
19771124
19771125
19771127
19771128
19771129
19771129th
19771130
19771131
19771200
19771201
19771202
19771203
19771204
19771205
19771206
19771207
19771208
19771209
19771210
19771211
19771212
19771213
19771214
19771215
19771216
19771217
19771218
19771219
19771220
19771221
19771222
19771223
19771224
19771225
19771226
19771227
19771228
19771229
19771230
19771231
19771234
197712345
19771314
19771972
19771973
19771974
19771976
1.9772E+11
19771978
19771979
19771980
19771981
19771982
19771983
19771984
19771997
19772000
19772001
19772002
19772004
19772008
19772311
19772528
19772777
1977513
1977513.198
19775151
19777200
19777777
19777791
1977821905
1977842135
19778630
197786432
19778899
197797mfj
19779898
1977ab!1
1977abcd
1977wwk$
1977xiao
1978-0802
19780000
1978001117
19780101
19780102
19780103
19780103@yj@
19780104
19780105
19780106
19780107
19780108
19780109
19780110
19780111
19780112
19780113
19780114
19780115
19780116
19780117
19780118
19780119
19780120
19780121
19780122
19780123
19780124
19780125
19780126
19780127
19780128
19780129
19780129pp
19780130
19780131
19780201
19780202
19780203
19780204
19780205
19780206
19780207
19780208
19780209
19780210
19780211
19780212
1978021212
19780213
19780214
19780215
19780216
19780217
19780218
19780219
19780220
19780221
19780222
19780223
19780224
19780225
19780226
19780227
19780228
19780229
19780230
19780231
19780301
19780302
19780303
19780304
19780305
19780306
19780307
19780308
19780309
19780309zhy
19780310
19780311
19780312
19780313
19780314
19780315
19780316
19780317
19780318
19780319
19780320
19780321
19780322
19780323
19780324
19780325
19780326
19780327
19780328
19780329
19780330
19780331
19780401
19780402
19780403
19780404
19780405
19780406
19780407
19780408
19780409
19780410
19780411
19780412
19780413
19780414
19780415
19780416
19780416hyb
19780417
19780418
19780419
19780419atggy
19780420
19780421
19780422
19780423
19780424
19780425
19780426
19780427
19780428
19780429
19780430
19780431
19780501
19780502
19780503
19780504
19780505
19780506
19780507
19780508
19780509
1.97805E+11
19780510
19780511
19780512
19780513
19780514
19780515
19780516
19780517
19780518
19780519
19780520
19780521
19780522
19780523
19780524
19780525
19780526
19780527
19780528
1978052829
19780529
19780530
19780531
19780601
19780602
19780603
19780604
19780605
19780606
19780607
19780608
19780609
19780610
19780611
19780612
19780613
19780614
19780615
19780616
19780617
19780618
19780619
1.97806E+11
19780620
19780621
19780622
19780623
19780624
19780625
19780626
19780627
19780628
19780629
19780630
19780631
19780701
19780702
19780703
19780704
19780705
19780706
19780707
19780708
19780709
19780710
19780711
19780712
19780713
19780714
19780715
19780716
19780717
19780718
19780719
19780720
19780721
19780722
19780723
19780724
19780725
19780726
19780727
19780728
19780729
19780730
19780731
19780801
19780802
19780803
19780804
19780805
19780806
19780807
19780808
19780809
19780810
19780811
19780812
19780813
19780814
19780815
19780816
19780817
19780818
19780819
19780820
19780821
19780822
19780823
19780824
19780825
19780826
19780827
19780828
19780829
19780830
19780831
19780901
19780902
19780903
19780904
19780905
19780906
19780907
19780908
19780909
19780910
197809100
19780911
19780912
19780913
19780914
19780915
19780916
19780917
19780918
19780919
19780920
19780921
19780922
19780923
19780924
19780925
19780927
19780928
19780929
19780930
19780931
19781002
197810028
19781003
19781004
19781005
19781006
19781007
19781008
19781009
19781013
19781014
19781016
19781017
19781019
1.9781E+11
19781020
19781024
19781027
19781029
19781030
19781031
19781102
19781103
19781105
19781106
19781107
19781108
19781109
19781110
19781114
19781117
19781119
19781123yll
19781124
19781125
19781127
19781129
19781130
19781131
1978114000
1978115312
19781188
19781201
19781204
19781205
19781206
19781207
19781208
19781209
19781213
19781214
19781216
19781217
1.97812E+11
19781219
19781222
19781227
19781227001
19781229
19781231
19781234
1978123456
19781240
1978126w
197812ab
197812lg
19781973
19781974
19781975
19781976
19781977
1.9782E+11
19781979
19781980
19781981
19781982
19781983
19781984
19781985
19781986
19781987
19781996
19782000
19782001
19782004
19782006
19782008
19782129
19782190
19782222
19782302
19782552
19784600
1978514619
19785600
19785835
19786219
19786254296
19786666
19787878
197880520
19788791
19788888
197891025
1978917815
19789180
19789188
19789200
1.97893E+13
19789661
19789790
197899611
1978aa9918
1978abcd
1978hyukho
1978jing
1978sldydu
19790000
19790101
19790102
19790103
19790104
19790105
19790106
19790107
19790108
19790109
19790110
19790111
19790112
19790113
19790114
19790115
19790116
19790117
19790118
19790118jay
19790119
19790120
19790121
19790122
19790123
19790124
19790125
19790126
19790127
19790128
19790129
19790130
19790131
1979019790
19790201
19790202
19790204
19790205
19790206
19790207
19790208
19790209
19790209lili
19790210
19790211
19790212
1.97902E+11
19790213
19790214
19790215
19790216
19790217
19790218
19790218abcd
19790219
19790220
19790221
19790222
19790223
19790224
19790225
19790226
19790227
19790228
19790229
19790230
19790231
19790301
19790302
19790303
19790304
19790305
19790306
19790307
19790308
19790309
19790310
19790311
19790312
19790313
19790314
19790316
19790317
19790319
19790320
19790321
19790322
19790323
19790324
19790325
19790326
19790327
19790328
19790329
19790330
19790331
19790401
19790402
19790403
19790404
19790405
19790406
19790407
19790407yqb
19790408
19790409
19790410
19790411
19790412
19790413
19790414
19790415
19790416
19790417
19790418
19790419
19790420
19790421
19790422
19790423
19790424
19790425
19790426
19790427
19790428
19790429
19790430
19790431
19790501
19790502
19790502yqb
19790503
19790504
19790505
1.97905E+11
19790506
19790507
19790508
19790509
19790510
19790511
19790512
19790513
19790514
19790515
19790516
19790517
19790518
19790519
19790520
19790521
19790522
19790523
19790524
19790525
19790526
19790527
19790528
19790529
19790530
19790531
19790601
19790602
19790603
19790604
19790605
19790606
19790607
19790608
19790609
19790610
19790611
19790612
19790613
19790614
19790615
19790616
19790617
19790617520
19790618
19790619
19790620
19790621
19790622
19790623
19790624
19790625
19790626
19790627
19790628
19790629
19790631
19790701
19790702
19790703
19790704
19790705
19790706
19790707
19790708
19790709
19790710
19790711
19790712
19790713
19790714
19790715
19790716
19790717
19790718
19790719
19790720
19790721
19790722
19790723
19790724
19790725
19790726
19790727
19790728
19790729
19790730
19790731
19790801
19790802
19790803
19790804
19790805
19790806
19790807
19790808
19790809
19790810
19790811
19790812
19790813
19790814
19790815
19790815aaaa
19790816
19790817
19790818
1.97908E+11
19790819
19790820
19790821
19790823
19790823891
19790824
19790825
19790826
19790827
19790828
1.97908E+15
19790829
19790830
19790831
19790901
19790902
19790903
19790904
19790905
19790906
19790907
19790908
19790910
19790911
19790912
19790913
19790914
19790915
19790917
19790918
19790919
19790920
19790921
19790922
19790923
19790924
19790925
19790926
19790927
19790928
19790929
19790930
19790931
19791002
19791003
19791004
19791005
19791006
19791007
19791009
19791010kt
19791011
19791014
19791016
19791017
19791018
1.9791E+11
19791028a
19791031
19791070
19791103
19791106
19791107
19791110
19791112
19791113
19791114
19791115
19791116
19791117
19791118
19791121
1979112100
19791122
19791124
19791126
1.97911E+11
19791129
19791130
19791131
19791200
19791201
19791202
19791202n
19791203
19791204
19791205
19791206
19791207
19791209
19791210
1979121029
19791211
19791215
19791216
19791219
19791221
19791222
19791223
19791227
1979122b
19791230
19791231
19791232
19791234
197912mm
19791314
19791975
19791976
19791977
19791978
1.9792E+11
19791980
19791981
19791982
19791983
19791984
19791985
19791986
19791987
19791988
19791997
19792000
19792001
19792002
19792003
19792004
19792005
19792008
19792009
19792100
19792140
1979215252
1979216138
19792222
19792315
19792400
19792826
19793100
19793721
19793800
19794273
197942xyx
19794501
19794949
19795240
19795276
1979618156
19796200
19796488
19796868
197972562
197976woaini
19797979
19797981
1979799701
19798062
19798188
197981woaini
19798200
19798230
19798800
19798888
1979905112
19799210
1979924825
19799621
19799791
1979chen
19800000
1.98E+11
19800102
19800103
19800104
19800105
19800106
19800107
19800108
19800109
19800110
19800111
19800112
19800113
19800114
19800115
19800116
19800117
19800118
19800119
19800120
19800121
19800122
19800123
19800124
19800125
19800126
19800127
19800128
19800129
19800130
19800131
19800201
19800202
19800203
19800204
19800205
19800206
19800207
19800208
19800209
19800210
19800211
19800212
19800213
19800214
19800215
19800217
19800218
19800219
19800220
19800221
19800222
19800223
19800224
19800225
19800226
19800227
19800228
1.98002E+11
19800229
19800230
19800231
198002789
19800301
19800302
19800303
19800304
19800305
19800306
19800307
19800308
19800309
19800310
19800311
19800313
19800314
19800315
19800316
1.98003E+15
19800317
19800318
19800319
19800320
19800321
19800322
19800323
19800324
19800325
19800326
19800327
19800328
19800329
19800330
19800331
198004000
19800401
19800402
19800403
19800404
19800406
19800407
19800408
19800409
19800410
19800411
19800412
19800413
19800414
19800415
19800416
19800417
19800418
19800419
19800420
19800421
19800422
19800423
19800424
19800425
19800426
19800427
19800428
19800429
19800430
19800431
19800438
19800501
19800502
19800503
19800504
19800505
19800506
19800507
19800508
19800509
19800510
19800511
19800512
19800513
19800514
19800515
19800516
19800517
19800518
19800519
19800520
19800521
19800522
19800523
19800524
19800525
19800526
19800527
19800528
19800529
19800530
19800531
19800601
19800602
19800603
19800604
19800605
19800606
19800607
19800608
19800609
19800610
19800611
19800612
19800614
19800615
19800616
19800617
19800618
19800619
19800620
19800621
19800622
19800623
19800624
19800625
19800626
19800627
19800628
19800629
19800630
19800631
19800701
19800702
19800703
19800704
19800705
19800706
19800707
19800708
19800709
19800710
19800711
19800712
19800713
19800714
19800715
19800716
19800717
19800718
19800719
19800720
19800721
19800722
19800722ln
19800723
19800724
19800725
19800726
19800727
19800728
19800729
19800730
19800731
19800801
19800802
19800803
19800804
19800805
19800806
19800807
19800808
19800809
19800810
19800811
19800813
19800814
19800815
19800816
19800817
19800818
19800820
19800821
19800822
19800823
19800824
19800825
19800826
19800827
19800828
19800829
1980082991
19800829nic
19800830
19800831
19800891
19800901
19800902
19800903
198009031
19800904
19800905
1.98009E+11
19800906
1980090600
19800907
19800908
19800909
19800910
19800911
19800912
19800913
19800914
19800915
19800917
19800918
19800919
198009190
19800920
19800921
19800922
19800923
198009239
19800924
19800925
19800926
19800927
19800928
19800929
19800930
19800931
198009lkj
19801002
19801004
19801006
19801008mj
1980102130
19801030
19801031
1980103122
19801070
19801101
198011022
1.98011E+11
19801104
19801113
19801114gd
1980111666
198011185
19801122a
19801131
19801180
19801188
19801200
19801202
19801203
1980120579
19801209
1.98012E+11
19801211ssxx
1980121421
1980121a
19801222
19801227
19801234
198012345
1980123456
19801280
198012sr
19801314
198014521
19801806
19801922
19801949
19801970
19801975
19801976
19801977
19801978
19801979
1.9802E+11
1.9802E+14
19801981
19801982
19801983
19801984
19801985
19801986
19801990
19801999
19802000
19802001
19802002
19802003
19802004
19802005
19802008
19802009
19802222
19802270
19802323
19802525
19803012
19803100
1980311981
19803230
19803250
19803500
19804010
19804050
19804520
19804549
198045624
198045ilu
19805100
198051lx
19805250
19805255
19805896
19806170
19806200
19806205639
198062420
19806688qp
1.98072E+11
1980721321
1980721831
198077007
19808015
19808018
19808027
19808080
19808083
19808088
1980880101
19808888
198088cl
1980911520
19809130
19809300016
1.98095E+12
19809999
1980abcd
1980shus
1980tian
1980wang
1980woaini
1980yang
1981.10.02
19810000
19810011
19810102
19810103
1981010355
19810104
19810105
19810106
19810107
19810108
19810109
19810110
19810111
19810112
19810113
19810114
19810115
19810117
19810118
19810120
19810122
19810123
19810125
19810127
19810128
19810129
19810130
19810131
19810131eeee
198101dc
19810204
19810205
19810207
19810208
19810209
19810210
19810211
19810215
19810216
19810218
19810220
19810222
19810223
19810224
19810225
19810226
19810227
19810229
19810230
19810231
19810302
19810303
19810305
19810308
19810309
198103091
19810313
1981031303
19810315
19810316
19810317
19810319
19810321
19810322
19810324
19810326
19810328
19810329
19810330
19810331
19810401
19810402
19810403
19810404
19810405
19810406
19810407
19810408
19810409
19810410
19810411
19810411aiq
19810413
19810414
19810415
19810417
19810418
19810419
19810420
19810421
19810422
19810423
19810424
19810426
19810427
19810428
19810429
19810430
19810431
19810501
19810502
19810503
19810505
19810506
19810507
19810508
19810509
19810511
19810512
19810513
19810514
19810515
19810516
19810517
19810518
19810519
19810520
19810522
19810523
19810524
19810525
19810526
19810529
19810530
19810531
19810602
19810603
19810604
19810605
19810607
19810608
19810611
19810612
19810613
19810614
19810615
19810616
19810622
19810625
19810630
19810631
19810702
19810703
1981070303
19810704
19810706
19810708
19810709
19810710
1981071212
19810713
19810714
19810715
19810716
19810717
19810718
19810720zl
19810722
19810724
19810725
19810726
19810727
19810728
19810729
19810730
19810731
19810802
19810803
19810804
19810805
19810806
19810807
19810809
19810809king
19810810
19810811
19810814
19810818
19810819
19810820
19810821
19810822
19810827
19810829
19810830
19810831
19810903
19810904
19810906
19810907
19810908
1981090802
19810913
1.98109E+11
1981091588
19810931
19811010lkx
19811010wn
19811024chenqian
19811025wc
19811031zyw
1981108141
19811104520
19811105xb
1981111626
19811128cissy
19811129510
19811131
19811204yyy
198112107xk
19811215jn
19811225a
19811230aa
1.98112E+13
19811234
1981123456
1981125215
19811260
1981128mayanwei
19811290
19811314
19811318
1981151228
19811628
19811891
198118lx
198118mm
19811969
19811976
19811977
19811978
19811979
19811980
1.9812E+11
19811982
19811983
19811984
19811985
19811986
19811987
19811988
19812000
19812001
19812002
19812005
19812006
19812009
19812010
19812020
19812121
19812222
198122600
198122842
19812335
19812345
19812400
19812747
19812800
1981312123
19813145
1.98132E+13
19813210
19813344
19813347
1981391225
19814024
1981417ch
19814200
19814210
1.98142E+12
19814255
19814260
1981426520
1.98143E+11
1.98145E+11
19814800
19814935
19815100
1981510kzb
1.98151E+11
19815120
1981515412
1.98152E+12
1981518c
19815190
19815200
1981520520
1981520y
19815210
1.98153E+13
1981525520
1981528ws
19815364
19815566
19815615
19815678
1981576893
1981618666
19816208
1981622126
1981622911
19816253
19816270
19816600
19816676
19816677
19816688
198169vic
19817120
19817180
1981719618
1981720123
1981720819
1981721218
19817230
1981723hy
19817260
19817310
19817564
198175love
19817600
19817711
19817755
19817767
19818024
19818025
19818130
1981815520
1981815912
19818181
19818191
1981819520
198182703
19818283
198185lb
19818794
19818888
19818899
19819022
19819026
19819200
19819230
1981927zlL
1981929520
19819367
19819612
198198215
198198kin
1981991930
19819999
1981ABCD
1981asdf
1981chen
1981love
1981lqyLQY
1981nian
1981tao*
1981wang
1981yjy79
1981zhang
1981zx98
1982.527
19820000
19820011
1.982E+11
19820117x
19820131
1.98202E+11
19820208wl
19820212521
19820215q
19820223
19820224
19820225
19820229
19820230
19820231
1.98203E+15
19820306nihaoma
198203081
19820313zf
19820325**
19820326
19820331
1982040899
19820430
19820431
19820475
19820507
19820509
19820511
19820513
19820522
19820531
19820630
19820631
19820706
1.98207E+11
1982071218
19820727
19820730
1.98207E+12
19820731
19820823a
1982082695
19820828xy
19820831
1982090175
19820904zbyyhm
19820907xjy
19820909281
19820931
1982100564
19821005f
1982101009
1982101010
1.9821E+11
1982101815
19821020074
19821020l
198210222
1982102318
19821023520
1982102599
198210266
19821030ee
19821050
198210yh
19821100
1.98211E+11
19821101andy
19821109!@#
1982111316
19821115as
1982111718
1982112221
1.98211E+13
1982112900
19821131
198211466
19821150
1982116052
1982119sh
19821200
19821212A
19821213r2
19821214a
1.98212E+11
198212212
19821226tina
1982122800
19821234
1982123456
19821240
198212456
19821250
198212611
19821279
19821280
198212800
19821310
19821313
19821314
1982131400
198215XYZ-1
19821600
19821680
19821800
19821818
19821829
198219191
19821949
19821953
19821956
19821972
19821974
19821976
19821977
19821978
19821979
19821980
19821981
1982198200
1.9822E+11
19821983
19821984
19821985
19821986
19821987
19821988
19821994
19821997
19821998
19821999
19822000
19822001
19822002
19822003
19822004
19822006
19822007
19822009
19822010
19822120
19822219
19822222
1.98223E+11
19822300
1982230304
19822447
1982272204
19822891
1982302821
19823120
19823130
198231521
1982315kzj
19823178
19823187
19823200
19823210
19823240
1982324369
1982326419
198232za
19823456
19823520
19823546
198235zz
1.98237E+11
19823721
198237645
1982376455
19823841
1.98241E+12
1.98241E+15
19824100
1982410yy
19824150
19824160
1982417tom
19824180
19824210
19824250
19824260
19824280
19824400
19824416
198246pk
19824753
198247qyf
19824800
19824913
19825100
19825122
1982513520
19825136
19825150
1982518660
19825201314
1982520520
19825210
19825230
19825240
19825300
19825426
19825858
1982585858
19826020
19826024
19826028
19826130
1982616425
19826190
19826200
198262001
1982624qqq
19826270
19826290
1982629aj
19826314
1982641550
198264feihaixi
19826666
19826688
19826799
19827120
19827140
19827180
198271808
1982721721
19827300
198275823
19827613
19827618306
1982761925
19827711
19827769
19827771a
19828024
19828060
1982810wyz
19828120
19828150
1982815s
19828160
19828190
198281900
198281AJ
1982820o0o00o
19828210
19828227
19828230
19828280
19828281
19828282
1982830712
19828310
1982831yue
19828384
19828486
19828488
19828888
19828900
19829016
19829018
19829019
19829020
19829028
19829100
1982911828
19829130
1982915E
198291645
198292183
198292202
19829230
19829240
19829250
19829261
1982926acd
198292wcq
19829300
198296123
19829800
19829911
19829999
1982@1982
1982@ygq250717
1982abcd
1982asdf
1982chen
1982GONZO
1982guxing
1982huangwenrui
1982nian
1982nowind
1982sina
1982Spa02
1982wang
1982yang
1982year
1982zhao
1983-6-29
19830000
1983000527
198301055
19830109@z
19830124abc
19830129dd
19830129yq
19830131
19830205*vv
19830210125
1983021057
19830216520
19830220LJ
19830229
19830230
19830231
1983031110
1.98303E+11
19830319
19830319999
19830320wang
19830322
19830331
19830403
19830406123
19830409
1.98304E+11
19830413
1983041937
19830430
19830431
19830501511
1.98305E+11
19830509
19830530
19830531
1983061990
19830624q
19830630
19830631
1983070233
19830712zrl
19830730
19830731
19830802
19830814jiang
19830822sll
19830823306
198308240
1.98308E+11
19830831
198309040
19830907ok
19830907wm
19830931
198310....
1.9831E+11
19831009a
1.9831E+12
19831013tx
198310201
1983102312
19831024210
19831031521
19831100
19831101qq
1983110200
198311051
1983111000
198311120
19831116zz
19831119829
1.98311E+11
1983112311
19831124666
19831125bmx
1983112630
19831131
1.98311E+12
1.98311E+13
198311363
198311520
19831160
1983118lz
1983118nic
19831190
19831200
1983120310930yy
1983120612
19831207lx
1983121400
19831214568
198312148
19831218lf
1983121dang
19831222lyly
19831222rxb
198312300
19831230aa
19831232
19831234
1983123456
19831240
19831259
19831260
198312777
19831290
19831300
1983130130
19831313
19831314
19831314520
19831412
19831516
1.98315E+11
19831800
19831810
19831818
19831971
19831978
19831979
19831980
19831981
19831982
1.9832E+11
19831983v
19831984
19831985
19831986
19831987
19831988
19831991
19831993
19831998
19831999
19832000
19832001
19832004
19832005
19832006
19832007
19832009
19832013
19832014
19832035
19832100
1983211abcd
19832121
1983212lay
19832140
19832160
19832194408
198322245
19832231
19832233
198322411lww
1983225123
1983225525
19832310
1983231125
198323520
19832500
19832510
19832600
19832626
19833120
1983313abbcd
1983319gpf
19833211
1.98332E+12
1983327168
1983327509
1983330216
19833313
1983331333
1983355150
198336zj
1983382002
19833846
19833883
19833891
19834100
1.98341E+11
1983412207
1983412jj
1983414046
198341810
1983418abc
19834210
19834220
19834230
19834235
1983427czc
1983437412
198344oyh
19834500
19834700
1983483466
19834865
19835100
1983510rage
19835170
19835180
19835190
1983519416
1983519422
19835200
1983520520
19835210
19835280
1983528416
1.98353E+11
1983530520
19835659
19835722
19835940
19836120
19836180
19836190
19836200
19836207
19836258
19836260
19836300
19836710
19836912
198369912
19837120
19837200
19837210
19837288710
19837300
198375ab
198379345
19838170
19838181
19838210
198382123
19838270
19838326
19838383
19838384
19838587
198387629
19838888
19839110
19839150
19839160
19839200
1983922922
19839290
198393521
19839500
198397fly
19839898
1983990414
19839999
198399qj
1983a1102
1983abcd
1983abzd
1983f12j
1983huangyu
1983king
1983love
1983wewe
1983wwx99
1983xjgz
1983yang
1983zhou910yang
1984.2.3
19840000
198400119
198400803
1984011700
1.98401E+11
19840118lili
19840228juanjuan
19840230
19840231
19840307xjx
19840310cc
19840317118
1.98403E+11
19840330
19840331
19840349
1.98404E+11
19840406
19840418010
19840425
19840430
19840431
19840528c
1984052902
1984052903
19840530
19840531
198405ss
19840604aa
1984061078
19840630
19840630520
19840631
19840704jin
19840708f
19840713ssq
19840719
1.98407E+11
19840727
19840727100
19840731
19840807a
19840827a
19840830
19840831
19840905.zjm
19840913gn
1.98409E+11
19840924xu
19840931
19841009yygt
19841010a
19841010pmh
19841013520
19841020l
1984102100
198410241
198410243
19841024zztl
19841026zwc
19841027qq
19841044
19841052
19841062
19841080
19841100
1.98411E+15
1.98411E+12
198411248
1984112599
198411260
1984112900
19841131
19841150
1984116304
19841166
19841180
19841182129
1984118xh
1.98412E+11
198412100
1984121212
19841212abc
1984121314
1984121568
19841222psp
1.98412E+13
198412300
198412315
19841234
1984123456
19841250
19841270
1984128000
198412abcd
19841310
19841314
19841627
19841818
19841857
19841919
19841955
19841958
19841976
19841980
19841981
19841982
19841983
1.9842E+11
1984198490
19841985
19841986
19841987
19841988
19842001
19842002
19842004
19842005
19842006
19842007
19842010
19842046
19842100
1984212314
19842129
1984213s
1984219180
19842211abc
1.98422E+11
19842220
19842222
19842234
1984226llb
19842288
1984229331
19842323
19842411
19842424
1984259503
19842739
19842918
19843020
1984308che
19843100
198431018
1984310chris
19843120
19843141
19843150
19843200
19843210
1984321121
1984322lcl
19843230
1984326326
198432911
19843321
198433333
19843500
1984351014
198435328
19843619
198436xjy
19843826
19843848
1984387860
198441244
1984412821
19844160
19844258388
19844260
19844300
198443535
198444hbw
19844858
19844891
19845108
19845110
1984511lbc
19845130
19845140
1984516zen
19845170
1984519523
19845200
19845201
19845201314
19845210
19845250
19845270
19845280
1984528yan
19845290
198454cr
19845660198
19845678
19845766
19845818
1984592296
19846177
19846180
198461pink
19846200
19846210
1984628520
19846306810
19846455
19846666
19846758
19847100
198471233
19847136
19847149
19847163
198471830
198472000
19847210
1984721817
198472503
19847305
19847310
19847466
19847500
19847722
19847769
19847788
198478170
198478170b
19848130
19848170
19848188
19848210
198482131
1984822d
1984826hx
19848270
19848280
19848484
19848579
19848586
19848688
198488712
19848888
19849100
1984910520
1984911922
1.98491E+11
19849130
19849160
1984919822
19849211
1984923000
19849260
19849266
19849270
19849700
198498bbg
19849999
1984abcd
1984ala35
1984andy
1984anji
1984asdf
1984chen
1984erza
1984jerry
1984king
1984leon
1984love
1984o556
1984sega
1984weilai
1984yuanjing
1984zhou
1985-0226
19850019
1985001lw
1985012011
1.98501E+11
19850131
19850201mm
1.98502E+11
19850229
19850230
19850231
19850316lw
1.98503E+13
198503233
19850328473
19850331
19850405
19850407
1.98504E+11
19850420lj
19850430
19850431
19850514hnwml
19850516xu
19850531
1.98506E+11
19850621y
19850631
1.98507E+11
19850727002
19850731
19850807as
1985082277
198508291
19850830
19850831
19850909a
1.98509E+11
1985092322
19850931
19851000
19851002900
1.9851E+11
1985100600
198510111
1985101123
198510123
198510180
1985102299
198510250
198510258
1985104502
19851050
19851090
19851100
198511000
198511007
1985110119
19851103mt
198511111
1985111958
1985112313
19851125zl
1985112615
1985112647
1985112800
19851131
1985114gyLL521
19851150
19851158
19851180
19851188
1985118ae9
198512.01
19851200
1985120400
19851204wxwx
198512110
198512120
1985121212
19851215a
198512170
1.98512E+11
1985121l
1985122700
1985123123
19851234
198512345
1985123456
19851234567
19851240
198512500
1985125px
19851267
19851270
19851278
1985128bd
198512ASDFGz
19851310
19851314
19851417
1985144144
19851515
198516QIN
19851720
19851818
19851919
1985194522
1985196673
19851979
19851980
19851981
19851982
19851983
19851984
1.9852E+11
19851986
19851987
19851987123
19851988
19851989
19851990
19852000
19852002
19852004
19852005
1985201559
19852046
19852160
19852200
19852222
1.98522E+11
198522588
1985227xqx
1.98523E+11
198526110
19852828
19853010
19853090
19853100
19853160
198531800
1985321321
1985324333
19853246
19853333
1.98535E+11
19854110
19854120
1985419000
19854210
19854220
1985424a
1985424faye
1985424jqz
198542520
19854321
198544516
19854600
19855104628
1985511628
1.98551E+13
1985513fjc
19855151
198551618
19855201314
19855211
19855250
1985528
198553wx
19855555
198558520
19855891
19856024
198561288
19856180
198561851
19856202
19856232323
19856250
19856269
19856600
19856666
198569420
19857100
19857111
198571439
19857180
19857200
1985720123
1985720zqj
19857211
1985726822
19857315
19857326
19857438912
19857700
19857878
198578hfb
19857900
19857912
19858100
198581500
198581520
19858160
198581615
1.98582E+12
19858210
19858240
19858288
1985829www
19858511
19858525
19858585
19858687
19858789
19858888
198588922
1985902mihee
19859100
19859123
19859170
1.98593E+13
198592ln
19859400
198594911
19859595
198595hhy
19859600
198598007
198598724
19859898
1985a10b18
1985a518
1985abcd
1985amai
1985chao
1985chen
1985cuijian
1985h07t28
1985love
1985nick
1985t329x
1985wang
1985xiao
1985yang
1985yang0128li
1985zhang
1985zyjs
198600!@#
19860000
19860097
19860105YY
198601144
19860114tq
19860126hero
1986012860lxw
19860130
19860131
19860201900
198602051
1986022600
19860229
19860230
19860231
1.98603E+12
198603100
19860331
19860418emma
19860423a
19860430
19860431
19860502000
1986052312
1.98605E+11
19860531
19860614520
19860614qxj
19860623zouyin
19860631
19860663
19860713xuzheng
19860718qy
19860720241
198607238
19860730
19860731
1986081277
1.98608E+11
19860824q
19860831
1.98609E+11
19860930
19860931
19860985
1.9861E+11
198610080
19861009a
1986101010
198610123
19861014521
198610149
1986101520
19861018133
1986101900
198610200
198610221
19861023ly
19861028zsh
1986103++--
19861031stop
1986106123
19861078
19861100
19861104lxn
198611060
19861111225
1986111168
198611123
19861116081x
19861119sm
1986111ksp
1986112100
1986112233
19861124521
1.98611E+11
198611280
19861131
19861140
19861142
19861144
19861150
19861160
19861180
1986118107
19861188
19861190
19861200
1.98612E+11
198612110
198612120
19861212520
198612150
19861218a
198612215
1986122chu
1986123123
19861234
198612345
1986123456
19861237
19861256
1986126126
19861280
19861281
1986128li
19861290
19861299
19861300
19861314
19861326
198613as
198614123
198614huangxin
19861512
19861515
19861616
19861818
19861836
19861943
19861949
19861978
19861980
19861982
19861983
19861984
19861985
1.9862E+11
19861987
19861988
19861989
19861990
19861991
19861996
19862002
19862003
19862004
19862005
19862007
19862014
19862046
19862100
19862124
19862130as
1986213bb
19862140
19862200
1986220614
19862211
19862222
1986228518
19862577
1986270+-
198627520
19862911
198629ff
19863004
198631100
19863121022
19863130
1986315mc
19863169
1986319427
19863200
1986320211
19863210
1986323214
1986323820
1986327666
1986342004
198634lyjy
19863514
198635yx
19863721
1986389421
19864141
198641520
19864183125
19864210
19864242
19864247615
19864250
198642828
19864343
198645MIKA
19865026
19865100
19865188
198651qian
19865200
19865201314
19865210
198652244
19865287
1986529530
198654123
198654321
198654520
19865566
19865588
19865613yyl
198657410
198658317
198658520
19865941
19866117
19866142
198661520
1.98662E+11
1.98662E+12
19866233
19866240
198662425
19866287
1986629114
1986636469
19866410
19866471
19866666
198667105
19866891
19867100
1.98672E+12
19867200
19867321321
19867702
19867788
198678813
19868023
19868120
1986814z
1986815815
1986816919
19868180
19868250
1986825825
1.98683E+11
19868393
19868396
198684qq
19868686
19868699
1986875366
198687910
19868800
1986881455
19868873
19868888
198688wfz
198689111
1.98691E+13
19869100
19869110
198691500
19869170
19869180
1986919816
19869200
1986920yx
19869230
19869250
1986927111
1986927824
198692891
19869300
198694520
1986951127
19869600
198697ll
19869898
19869986
1986abcd
1986AsDf
1986chen
1986jing
1986liuliu
1986love
1986tang
1986wang
1986xsq1203
1986yang
1986zhang
19870000
1987010101
1987010203
1.98701E+11
198701060
19870106a
198701105
19870119szl
19870229
19870230
19870231
19870301lilacs
19870304love
1.98703E+13
1.98703E+15
19870312q
19870322520
198704026
19870402bbs
19870405pizza520
1.98704E+11
19870431
19870504ff
19870504fyl
19870504lyf
198705230m
1.98705E+11
1.98706E+11
19870623123
1987062600
19870631
1.98707E+11
19870705520
19870731
19870815ll
19870818gyf
198708270
1987092437
19870931
19871006520
19871010224
198710120
19871013xu
1987101520
19871015kimi
1.9871E+11
19871030ww
1987109abcd
19871100
198711010
19871106a
19871110myl
19871112zhang
198711145
19871114yhm
198711151
1.98711E+11
19871122a
198711260
19871131
19871150
198711520
198711539
1987117y
198712144
1987121505
1987121600
1.98712E+11
19871225a
19871234
198712345
198712520
19871305
19871313
19871314
19871318
1987143121
198715315
198716yt
198717xcq
19871819
19871976
19871979
19871980
19871982
19871983
19871984
19871985
19871986
1.9872E+11
19871988
19871988leisheng
19871989
19871990
19871991
19872003
19872004
19872005
1987217217
198721818
19872200
19872222
1987225000
1987226312
19872280
19872288
19872525
19872635
19872800
19872858
1.98729E+11
19873120
19873122
1987312520
1987312lzbwei
19873210
1.98732E+11
1987329918
19873526
19873535
19873627
198736279
1.98737E+11
19873744
19874100
198741400
19874141
19874200
19874210
19874288
19874444
19874451
198748321
19874855
19875100
19875123
19875133
1987514520
1987516ll
19875201314
1987520520
19875210
19875212
1987524425
19875250
1987526666
19875301
19875305
198753123
19875353
1.98754E+11
1.98754E+12
19875500
19875566
19875656
19875762
19876100
19876110
19876112
19876120
198761491
19876150
1987615308
19876180
19876210
198762238
19876230
198762427
19876250
1987627824
19876280
19876282
19876400
1987645710
19876500
198765123
19876543
198765432
19876666
19876767
198768513
19876882
19876969
198770310
19877166
19877300
19877891
198779tcg
19878138
19878150
198781529
1987817211
19878200
19878210
198782418
198783463
19878369
1987850293
198787520
19878782
19878787
198787kuangyun
198788520
19878888
198788930
19879016
19879020
1987910001
19879110
1987911520
1.98791E+12
19879150
1987915cy
19879200
19879212
19879230
1987924258
198793458
19879600
1987961978
19879686
198797007
19879800
198798520
1987991031
1.98799E+11
198799520
19879999
1987abcd
1987amoqr
1987boyslove
1987chen
1987jing
1987love
1987popo
1987q3b9qbur7200
1987wang
1987xiao
1987yang
1987zhang
1987zhao
19880000
198800217
198801158
19880124xy
19880128ai
19880212zj
19880215weiba
19880223lxl
19880230
19880231
198802sr
19880322wer
1.98803E+11
19880329527
19880333
1.98804E+11
19880430
19880431
19880522wynh
19880631
19880711meme=
1988072407
19880731
1.98808E+11
198808ab
198808ab198808
19880902505
19880902520
19880907q
19880918sbl
19880930
19880931
1988101010
198810143
19881022sj
198810230
1988102815
1988102987
19881029yy
19881030love
19881088
19881105zj
19881110a
1988111216
1988112092
1988112700
198811300
19881131
1988113710
198811429
1988115520
19881200
19881201jy
19881217qq.com
198812210
19881221aa
19881222312
19881234
1988123sp
19881245
19881270
19881314
19881515
1.98819E+11
19881985
19881986
19881987
1.9882E+11
19881989
19881990
198819jyc
19881z106l
19882004
19882005
19882046
19882100
1.98821E+13
19882140
1988217520
19882180
19882222
19882998
19883075
19883119887
1988318*aly
1988323wz
1988349868
198841120
19884121959
19885087
1988526204
19885276
198852841
1988528426
19885566
19885836
1988585858
19886118
19886150
198861700
198865421
1988660066
19886666
1988712000
198871308
198871577
19887522
1988793344
198879mary
198886yaozhui
19889980
1988abcd
1988comeer
1988LONG
1988sang
1988w44w519w
1988wang
1988yang
1988yangzhu
19890000
19890106abz
19890109qq
1.98901E+11
1.98901E+14
19890131
19890202yjjHXM
19890229
19890230
19890231
1989030603
1989031717
1989032425
19890330
19890331
19890423TT
19890424
19890431
198905070
19890530
19890531
1989062011
19890631
198906@20
19890703yx
1.98907E+11
19890724jie
19890730
19890731
198908013
19890807
19890825520
19890827k
19890831
19890930
19890931
19891009xxk
1989101428*-
198910146
1.9891E+11
19891027aaa
1989103020
19891112521
1989112315
19891131
1989117jun
19891203520
1.98912E+11
1989121399
1989121911
1.98912E+12
198912300
19891234
198912345
1989129a
198912wang
19891314
19891626
19891969
19891987
1.9892E+11
19891990
19891993
19892005
19892006
19892007
19892200
19892230
19892631
198926xql
19892747
1989291700
1989314pf
1989317920
1989318masi
1989320520
19893834973
1989414510
19894290
19894295200
198943aa
198943abc
1989511yjy
19895201314
1989527527
1989547221
1989580868
198959qq
1989603000
1.98961E+11
19896141
19896220123
1989624624
1989626aijin
19896464
198966990
1989714815
19897221989
1989892895
19898981
19898989
198991311
1989918abc
1989926m
19899889
1989abcd
1989asas
1989bapp
1989d122
1989love
1989m1989
1989s12x15!
1989wang
1989zhang
198A12e2
198e4E83
198maiti
19900000
19900103
19900106
19900107
19900111
19900112
19900114
19900115
19900116
19900117
19900119
19900120
19900121
19900127
19900128
19900129
19900130
19900131
19900204
19900212
19900220
19900221
19900222
19900223
19900224
19900225
19900226
19900229
19900230
19900231
19900302
19900303
19900304
19900305
19900308
19900309
19900310
19900311
19900313
19900315
19900316
19900317
19900318
19900319
19900322
19900323
1.99003E+11
19900324
19900325
19900326
19900327
19900328
19900330
19900331
19900401
199004016
19900402
19900402a
19900403
19900404
19900405
19900406
19900407
19900408
19900409
19900410
19900411
19900412
19900413
19900414
19900416
19900417
19900418
19900419
19900420
19900421
19900422
19900423
19900424
19900425
19900426
19900427
19900427tom
19900428
19900429
19900430
19900431
19900501
19900502
19900506
19900507
19900508
19900509
19900511
19900514
19900515
199005152614zlg@
19900517
19900518
19900519
19900521
19900522
19900524
19900527
19900528
19900529
19900530
19900531
19900601
19900602
19900603
19900604
19900605
19900606
19900607
19900608
19900609
19900610
19900611
19900612
19900613
19900614
19900615
19900616
19900617
19900618
19900619
19900620
19900621
19900622
19900623
19900625
19900626
19900627
19900628
19900629
19900630
19900631
19900701
19900701s
19900702
19900703
19900704
19900705
19900706
19900708
19900709
19900710
19900710sh711
19900712
19900713
19900714
19900715
19900716
19900717
19900719
19900720
19900721
19900722
19900723
19900724
19900725
19900726
19900727
19900728
19900729
19900730
19900731
19900802
19900803
19900804
19900805
19900806
19900807
19900808
19900809
19900810
19900812
19900813
19900814
19900814s
19900815
19900816
19900817
19900819
19900821
19900822
19900823
19900825
19900826
19900827
19900828
19900829
19900830
19900831
19900901
19900902
19900903
19900904
19900905
19900906
19900907
1.99009E+11
19900908
19900909
19900911
19900912
19900913
19900914
19900915
19900917
19900918
19900919
19900920
19900921
19900922
19900923
19900924
19900925
19900926
19900927
19900928
19900929
19900930
19900931
19900991
19901004
19901005
19901006
19901007
19901009
19901011a
19901020ab
1990102466
19901031
19901103
19901104
19901106
19901107
19901108
19901109
19901113
19901114
19901115926
19901115hh
19901116
19901118
19901119
19901121
19901131
19901201
19901202
19901203
19901204
19901205
19901207
19901208
1.99012E+11
19901209
19901216
19901217
19901219
19901222
19901223
19901226
19901228
19901229
19901231
19901234
199015wswp
19901989
19901991
19901992
19902001
19902180
1990323218
19903287512
199035716
1990429love
1990520712
19905290
1990624hx
1990722a
1990850love
1990918ying
1990abcd
1990qqxz
1990sheji
19910101
19910102
19910103
19910104
19910105
19910106
19910107
19910107lyy
19910108
19910109
19910110
19910111
19910112
19910113
19910114
19910115
19910116
19910117
19910118
19910119
19910120
19910121
19910122
19910123
19910124
19910125
19910126
19910127
19910128
19910129
19910130
19910131
19910201
19910202
19910203
19910204
19910205
19910206
19910207
19910208
19910209
1.99102E+11
19910210
19910211
19910212
19910213
19910214
19910215
19910216
19910217
19910218
19910219
19910220
19910221
19910222
19910223
19910224
19910225
19910226
19910227
19910228
19910229
19910230
19910231
19910301
19910302
19910303
19910304
19910305
19910306
19910307
19910308
19910309
19910310
19910311
19910312
19910313
19910314
19910315
19910316
19910317
19910318
19910319
19910320
19910321
19910322
19910323
19910323uu8
19910324
19910325
19910326
19910327
19910328
19910329
19910330
19910331
19910401
19910402
19910403
19910404
19910405
19910406
19910407
19910408
1.99104E+11
19910409
19910410
19910411
19910412
19910413
19910414
19910415
19910416
19910417
19910418
19910419
19910420
19910421
19910422
19910423
19910424
19910425
19910426
19910427
19910428
19910429
19910430
19910431
19910501
19910502
19910503
19910504
19910505
19910506
19910507
19910508
19910509
19910510
19910511
19910512
19910513
19910514
19910515
19910516
19910517
19910518
19910519
19910520
1991052013
19910521
19910522
19910523
19910524
19910525
19910526
19910527
19910528
19910529
19910530
19910531
19910601
19910602
19910603
19910604
19910605
19910606
19910607
19910608
19910609
19910610
19910611
19910612
19910613
19910614
19910615
19910616
19910617
19910618
19910619
199106191
19910620
19910621
19910622
19910623
19910624
19910625
19910626
19910627
19910627smile
19910628
19910629
19910630
19910631
19910701
19910702
19910703
19910704
19910705
19910706
19910707
19910708
19910709
19910710
19910711
19910712
19910713
19910714
19910715
19910716
19910717
19910718
19910719
19910720
19910721
19910722
19910723
19910724
19910725
19910726
19910727
19910728
19910729
19910730
19910731
19910801
19910802
19910803
19910804
19910805
19910806
19910807
19910808
19910809
19910810
19910811
19910812
19910813
19910814
19910815
19910816
19910817
19910818
19910819
19910820
19910821
19910822
19910823
19910824
19910825
19910826
19910827
19910828
19910829
19910830
19910831
19910901
19910902
19910903
19910904
19910905
19910906
19910907
19910908
19910909
19910910
19910911
19910912
19910913
19910914
19910915
19910916
19910917
19910918
19910919
19910920
19910921
19910922
19910923
19910924
19910925
19910926
19910927
19910928
19910929
19910930
19910931
19911001
19911002
19911003
19911004
19911005
19911006
19911007
19911008
19911009
19911010
19911011
19911012
19911013
19911014
19911015
19911016
19911017
19911018
19911019
19911020
19911021
19911022
19911023
19911024
19911025
19911026
19911027
19911028
19911029
19911030
19911031
19911101
19911102
19911103
19911104
19911105
19911106
19911107
19911108
19911109
19911110
19911111
19911112
19911113
19911114
19911115
19911116
19911117
19911118
19911119
19911120
19911121
19911122
19911123
19911124
19911125
19911126
19911127
19911128
19911129
19911130
19911131
199111632
19911201
19911202
19911203
19911204
19911205
19911206
19911207
19911208
1991120812
19911209
19911210
19911211
19911212
19911213
19911214
19911215
19911216
19911217
19911218
19911219
19911220
19911221
19911222
19911223
19911224
19911225
19911226
19911227
19911228
19911229
19911230
19911231
19912009
1991211494
199142000
19915185303a
199155cglcza
1991812abcd
199199199
1991huoxing
19920101
19920102
19920103
19920104
19920105
19920106
19920107
19920108
19920109
19920110
19920111
19920112
19920113
19920114
19920115
19920116
19920117
19920118
19920119
19920120
19920121
19920122
19920123
19920124
19920125
19920126
19920127
19920128
19920129
19920130
19920131
19920201
19920202
19920203
19920204
19920205
19920206
19920207
19920208
19920209
19920210
19920211
19920212
19920213
19920214
19920215
19920216
19920217
19920218
19920219
19920220
19920221
19920222
19920223
19920224
19920225
19920226
19920227
19920228
19920229
19920230
19920231
19920301
19920302
19920303
19920304
19920305
19920306
19920307
19920308
19920309
19920310
19920311
19920312
19920313
19920314
19920315
19920316
19920317
19920318
19920319
19920320
19920321
19920322
19920323
19920324
19920325
19920326
19920327
19920328
19920329
19920330
19920331
19920401
19920402
19920403
19920404
19920405
19920406
19920407
19920408
19920409
19920410
19920411
19920412
19920413
19920414
19920415
19920416
19920417
19920418
19920419
19920420
19920421
19920422
19920423
19920424
19920425
19920426
19920427
19920428
19920429
19920430
19920431
19920501
19920502
19920503
19920503csh
19920504
19920505
19920506
19920507
19920508
19920509
19920510
19920511
19920512
19920513
19920514
19920515
19920516
19920517
19920518
19920519
19920520
19920521
19920522
19920523
19920524
19920525
19920526
19920527
19920528
19920529
19920530
19920531
19920601
19920602
19920603
19920604
19920605
19920606
19920607
19920608
19920609
19920610
19920611
19920612
19920613
19920614
19920615
19920616
19920617
19920618
19920619
19920620
19920621
19920622
19920623
19920624
19920625
19920626
19920627
19920628
19920629
19920630
19920631
19920701
19920702
19920703
19920704
19920705
19920706
19920707
19920708
19920709
19920710
19920711
19920712
19920713
19920714
19920715
19920716
19920717
19920718
19920719
19920720
19920721
19920722
19920723
19920724
19920725
19920726
19920727
19920728
19920729
19920730
19920731
19920801
19920802
19920803
19920804
19920805
19920806
19920807
19920808
19920809
19920810
19920811
19920812
19920813
19920814
19920815
19920816
19920817
19920818
19920819
19920820
19920821
19920822
19920823
19920824
19920825
19920826
19920827
19920828
19920829
19920830
19920831
19920901
19920902
19920903
19920904
19920905
19920906
19920907
19920908
19920909
19920910
19920911
19920912
19920913
19920914
19920915
19920916
19920917
19920918
19920919
19920920
19920921
19920922
19920923
19920924
19920925
19920926
19920927
19920928
19920929
19920930
19920931
19921001
19921002
19921003
19921004
19921005
19921006
19921007
19921008
19921009
19921010
19921011
19921012
19921013
19921014
19921015
19921016
19921017
19921018
19921019
19921020
19921021
19921022
19921023
19921024
19921025
19921026
19921027
19921028
19921029
19921030
19921031
19921101
19921102
19921103
19921104
19921105
19921106
19921107
19921108
19921109
19921110
19921111
19921112
19921113
19921114
19921115
19921116
19921117
19921118
19921119
19921120
19921121
19921122
19921123
19921124
19921125
19921126
19921127
19921128
19921129
19921130
19921131
199211516
19921201
19921202
19921203
19921204
19921205
19921206
19921207
19921208
19921209
19921210
19921211
19921212
19921213
19921214
19921215
19921216
19921217
19921218
19921219
19921220
19921221
19921222
19921223
19921224
19921225
19921226
19921227
19921228
19921229
19921230
19921231
19921430
19921989
19921996
19923027191
19923110166
199232623
199244773
199286894
199287147
19929206
19929308
19929312
1992w1213
19930101
19930102
19930103
19930104
19930105
19930106
19930107
19930108
19930109
19930110
19930111
19930112
19930113
19930114
19930115
19930116
19930117
19930118
19930119
19930120
19930121
19930122
19930123
19930124
19930125
19930126
19930127
19930128
19930129
19930130
19930131
19930201
19930202
19930203
19930204
19930205
19930206
19930207
19930208
19930209
19930210
19930211
19930212
19930213
19930214
19930215
19930216
19930217
19930218
19930219
19930220
19930221
19930222
19930223
19930224
19930225
19930226
19930227
19930228
19930229
19930230
19930231
19930301
19930302
19930303
19930304
19930305
19930306
19930307
19930308
19930309
19930310
19930311
19930312
19930313
19930314
19930315
19930316
19930317
19930318
19930319
19930320
19930321
19930322
19930323
19930324
19930325
19930326
19930327
19930329
19930330
19930331
19930401
19930402
19930403
19930404
19930405
19930406
19930407
19930408
19930409
19930410
19930411
19930412
19930413
19930414
19930415
19930416
19930417
19930418
19930419
19930420
19930421
19930422
19930423
19930424
19930425
19930426
19930427
19930428
19930429
19930430
19930431
19930501
19930502
19930503
19930504
19930505
19930506
19930507
19930508
19930509
19930510
19930511
19930512
19930513
19930514
19930515
19930516
19930517
19930518
19930519
19930520
19930521
19930522
19930523
19930524
19930525
19930526
19930527
19930528
19930529
19930530
19930531
19930601
19930602
19930603
19930604
19930605
19930606
19930607
19930608
19930609
19930610
19930611
19930612
19930613
19930614
19930615
19930616
19930617
19930618
19930619
19930620
19930621
19930622
19930623
19930624
19930625
19930626
19930627
19930628
19930629
19930630
19930631
19930701
19930702
19930703
19930704
19930705
19930706
19930707
19930708
19930709
19930710
19930711
19930712
19930713
19930714
19930715
19930716
19930717
19930718
19930719
19930720
19930721
19930722
19930723
19930724
19930725
19930726
19930727
19930728
19930729
19930730
19930731
19930801
19930802
19930803
19930804
19930805
19930806
19930807
19930808
19930809
19930810
19930811
19930812
19930813
19930814
19930815
19930816
19930817
19930818
19930819
19930820
19930821
19930822
19930823
19930824
19930825
19930826
19930827
19930828
19930829
19930830
19930831
19930901
19930902
19930903
19930904
19930905
19930907
19930908
19930909
19930910
19930911
19930912
19930913
19930914
19930915
19930916
19930917
19930918
19930919
19930920
19930921
19930922
19930923
19930924
19930925
19930926
19930927
19930928
19930929
19930930
19930931
199310..qpaг╗gh
19931001
19931002
19931003
19931004
19931005
19931006
19931007
19931008
19931009
19931010
19931011
19931012
19931013
19931014
19931015
19931016
19931017
19931018
19931019
19931020
19931021
19931022
19931023
19931024
19931025
19931026
19931027
19931028
19931029
19931030
19931031
19931101
19931102
19931103
19931104
19931105
19931106
19931107
19931108
19931109
19931110
19931111
19931112
19931113
19931114
19931115
19931116
19931117
19931118
19931119
19931120
19931121
19931122
19931123
19931124
19931125
19931126
19931127
19931128
19931129
19931130
19931131
19931201
19931202
19931203
19931204
19931205
19931206
19931207
19931208
19931209
19931210
19931211
19931212
19931213
19931214
19931215
19931216
19931217
19931218
19931219
19931220
19931221
19931222
19931223
19931224
19931225
19931226
19931227
19931228
19931229
19931230
19931231
199318jhf
19931994
19931996
19931997
19932016
19936917
199374665
1993931206
1993yr08011993
19940101
19940102
19940103
19940104
19940105
19940106
19940107
19940108
19940109
19940110
19940111
19940112
19940113
19940114
19940115
19940116
19940117
19940118
19940119
19940120
19940121
19940122
19940123
19940124
19940125
19940126
19940127
19940128
19940129
19940130
19940131
19940201
19940202
19940203
19940204
19940205
19940206
19940207
19940208
19940209
19940210
19940211
19940212
19940213
19940214
19940215
19940216
19940217
19940218
19940219
19940220
19940221
19940222
19940223
19940224
19940225
19940226
19940227
19940228
19940229
19940230
19940231
19940301
19940302
19940303
19940304
19940305
19940306
19940307
19940308
19940309
19940310
19940311
19940312
19940313
19940314
19940315
19940316
19940317
19940318
19940319
19940320
19940321
19940322
19940323
19940324
19940325
19940326
19940327
19940328
19940329
19940330
19940331
19940401
19940402
19940403
19940404
19940405
19940406
19940407
19940408
19940409
19940410
19940411
19940412
19940413
19940414
19940415
19940416
19940417
19940418
19940419
19940420
19940421
19940422
19940423
19940424
19940425
19940426
19940427
19940428
19940429
19940430
19940431
19940501
19940502
19940503
19940504
19940505
19940506
19940507
19940508
19940509
19940510
19940511
19940512
19940513
19940514
19940515
19940516
19940517
19940518
19940519
19940520
19940521
19940522
19940523
19940524
19940525
19940526
19940527
19940528
19940529
19940530
19940531
19940601
19940602
19940603
19940604
19940605
19940606
19940607
19940608
19940609
19940610
19940611
19940612
19940613
19940614
19940615
19940616
19940617
19940618
19940619
19940620
19940621
19940622
19940623
19940624
19940625
19940626
19940627
19940628
19940629
19940630
19940631
19940701
19940702
19940703
19940704
19940705
19940706
19940707
19940708
19940709
19940710
19940711
19940712
19940713
19940714
19940715
19940716
19940717
19940718
19940719
19940720
19940721
19940722
19940723
19940724
19940725
19940726
19940727
19940728
19940729
19940730
19940731
19940801
19940802
19940803
19940804
19940805
19940806
19940807
19940808
19940809
19940810
19940811
19940812
19940813
19940814
19940815
19940816
19940817
19940818
19940819
19940820
19940821
19940822
19940823
19940824
19940825
19940826
19940827
19940828
19940829
19940830
19940831
19940901
19940902
19940903
19940904
19940905
19940906
19940907
19940908
19940909
19940910
19940911
19940912
19940913
19940914
19940915
19940916
19940917
19940918
19940919
19940920
19940921
19940922
19940923
19940924
19940925
19940926
19940927
19940928
19940929
19940930
19940931
19941001
19941002
19941003
19941004
19941005
19941006
19941007
19941008
19941009
19941010
19941011
19941012
19941013
19941014
19941015
19941016
19941017
19941018
19941018wlx
19941018wth
19941019
19941020
19941021
19941022
19941023
19941024
19941025
19941026
19941027
19941028
19941029
19941030
19941031
19941101
19941102
19941103
19941104
19941105
19941106
19941107
19941108
19941109
19941110
19941111
19941112
19941113
19941114
19941115
19941116
19941117
19941118
19941119
19941120
19941121
19941122
19941123
19941124
19941125
19941126
19941127
19941129
19941130
19941131
19941201
19941202
19941203
19941204
19941205
19941206
19941207
19941208
19941209
19941210
19941211
19941212
19941213
19941214
19941215
19941216
19941217
19941218
19941219
19941220
19941221
19941222
19941223
19941224
19941225
19941226
19941227
19941228
19941229
19941230
19941231
19941997
19941998
1994210kyn
1.99422E+13
1994585858
199486zy.
19950101
19950102
19950103
19950104
19950105
19950106
19950107
19950108
19950109
19950110
19950111
19950112
19950113
19950114
19950115
19950116
19950117
19950118
19950119
19950120
19950121
19950122
19950123
19950124
19950125
19950126
19950127
19950128
19950129
19950130
19950131
19950201
19950202
19950203
19950204
19950205
19950206
19950207
19950208
19950209
19950210
19950211
19950212
19950213
19950214
19950215
19950216
19950217
19950218
19950219
19950220
19950221
19950222
19950223
19950224
19950225
19950226
19950227
19950228
19950229
19950230
19950231
19950301
19950302
19950303
19950304
19950305
19950306
19950307
19950308
19950309
19950310
19950311
19950312
19950313
19950314
19950315
19950316
19950317
19950318
19950319
19950320
19950321
19950322
19950323
19950324
19950325
19950326
19950327
19950328
19950329
19950330
19950331
19950401
19950402
19950403
19950404
19950405
19950406
19950407
19950408
19950409
19950410
19950411
19950412
19950413
19950414
19950415
19950416
19950417
19950418
19950419
19950420
19950421
19950422
19950423
19950424
19950425
19950426
19950427
19950428
19950429
19950430
19950431
19950501
19950502
19950503
19950504
19950505
19950506
19950507
19950508
19950509
19950510
19950511
19950512
19950513
19950514
19950515
19950516
19950517
19950518
19950519
19950520
19950521
19950522
19950523
19950524
19950525
19950526
19950527
19950528
19950529
19950530
19950531
19950602
19950603
19950604
19950605
19950606
19950607
19950608
19950609
19950610
19950611
19950612
19950613
19950614
19950615
19950616
19950617
19950618
19950619
19950620
19950621
19950622
19950623
19950624
19950625
19950626
19950627
19950628
19950629
19950630
19950631
19950701
19950702
19950703
19950704
19950705
19950706
19950707
19950708
19950709
19950710
19950711
19950712
19950713
19950714
19950715
19950716
19950717
19950718
19950719
19950720
19950721
19950722
19950723
19950724
19950725
19950726
19950727
19950728
19950729
19950730
19950731
19950801
19950802
19950803
19950804
19950805
19950806
19950807
19950808
19950809
19950810
19950811
19950813
19950814
19950815
19950816
19950817
19950818
19950819
19950820
19950821
19950822
19950823
19950824
19950825
19950826
19950827
19950828
19950829
19950830
19950831
19950901
19950902
19950903
19950904
19950905
19950906
19950907
19950908
19950909
19950910
19950911
19950912
19950913
19950914
19950915
19950916
19950917
19950918
19950919
19950920
19950921
19950922
19950923
19950924
19950925
19950926
19950927
19950928
19950929
19950930
19950931
19951001
19951002
19951003
19951004
19951005
19951006
19951007
19951008
19951009
19951010
19951011
19951012
19951013
19951014
19951015
19951016
19951017
19951018
19951019
19951020
19951021
19951022
19951023
19951024
19951025
19951026
19951027
19951028
19951029
19951030
19951031
19951101
19951102
19951103
19951104
19951105
19951106
19951107
19951108
19951109
19951110
19951111
19951112
19951113
19951114
19951115
19951116
19951117
19951118
19951119
19951120
19951121
19951122
19951123
19951124
19951125
19951126
19951127
19951128
19951129
19951130
19951131
19951201
19951202
19951203
19951204
19951205
19951206
19951207
19951208
19951209
19951210
19951211
19951212
19951213
19951214
19951215
19951216
19951217
19951218
19951219
19951220
19951221
19951222
19951223
19951224
19951225
19951226
19951227
19951228
19951229
19951230
19951231
19951972
19951998
19951999
19952002
19952005
1995823woaini
19960101
19960102
19960103
19960104
19960105
19960106
19960107
19960108
19960109
19960110
19960111
19960112
19960113
19960114
19960115
19960116
19960117
19960118
19960119
19960120
19960121
19960122
19960123
19960124
19960125
19960126
19960127
19960128
19960129
19960130
19960131
19960201
19960202
19960203
19960204
19960205
19960206
19960207
19960208
19960209
19960210
19960211
19960212
19960213
19960214
19960215
19960216
19960217
19960218
19960219
19960220
19960221
19960222
19960223
19960224
19960225
19960226
19960227
19960228
19960229
19960230
19960231
19960301
19960302
19960303
19960304
19960305
19960306
19960307
19960308
19960309
19960310
19960311
19960312
19960313
19960314
19960315
19960316
19960317
19960318
19960319
19960320
19960321
19960322
19960323
19960324
19960325
19960326
19960327
19960328
19960329
19960330
19960331
19960401
19960402
19960403
19960404
19960405
19960406
19960407
19960408
19960409
19960410
19960411
19960412
19960413
19960414
19960415
19960416
19960417
19960418
19960419
19960420
19960421
19960422
19960423
19960424
19960425
19960426
19960427
19960428
19960429
19960430
19960431
19960501
19960502
19960503
19960504
19960505
19960506
19960507
19960508
19960509
19960510
19960511
19960512
19960513
19960514
19960515
19960516
19960517
19960518
19960519
19960520
19960521
19960522
19960523
19960524
19960525
19960526
19960527
19960528
19960529
19960530
19960531
19960601
19960602
19960603
19960604
19960605
19960606
19960607
19960608
19960609
19960610
19960611
19960612
19960613
19960614
19960615
19960616
19960617
19960618
19960619
19960620
19960621
19960622
19960623
19960624
19960625
19960626
19960627
19960628
19960629
19960630
19960631
19960701
19960702
19960703
19960704
19960705
19960706
19960707
19960708
19960709
19960710
19960711
19960712
19960713
19960714
19960715
19960716
19960717
19960718
19960719
19960720
19960721
19960722
19960723
19960724
19960725
19960726
19960727
19960728
19960729
19960730
19960731
19960801
19960802
19960803
19960804
19960805
19960806
19960807
19960808
19960809
19960810
19960811
19960812
19960813
19960814
19960815
19960816
19960817
19960818
19960819
19960820
19960821
19960822
19960823
19960824
19960825
19960826
19960827
19960828
19960829
19960830
19960831
19960901
19960902
19960903
19960904
19960905
19960906
19960907
19960908
19960909
19960910
19960911
19960912
19960913
19960914
19960915
19960916
19960917
19960918
19960919
19960920
19960921
19960922
19960923
19960924
19960925
19960926
19960927
19960928
19960929
19960930
19960931
19961001
19961002
19961003
19961004
19961005
19961006
19961007
19961008
19961009
19961010
19961011
19961012
19961013
19961014
19961015
19961016
19961017
19961018
19961019
19961020
19961021
19961022
19961023
19961024
19961025
19961026
19961027
19961028
19961029
19961030
19961031
1996106428
19961101
19961102
19961103
19961104
19961105
19961106
19961107
19961108
19961109
19961110
19961111
19961112
19961113
19961114
19961115
19961116
19961117
19961118
19961119
19961120
19961121
19961122
19961123
19961124
19961125
19961126
19961127
19961128
19961129
19961130
19961131
19961200
19961201
19961202
19961203
19961204
19961205
19961206
19961207
19961208
19961209
19961210
19961211
19961212
19961213
19961214
19961215
19961216
19961217
19961218
19961219
19961220
19961221
19961222
19961223
19961224
19961225
19961226
19961227
19961228
19961229
19961230
19961231
19962000
19962001
19962909
199688665
19969100
19970101
19970102
19970103
19970104
19970105
19970106
19970107
19970108
19970109
19970110
19970111
19970112
19970113
19970114
19970115
19970116
19970117
19970118
19970119
19970120
19970121
19970122
19970123
19970124
19970125
19970126
19970127
19970128
19970129
19970130
19970131
19970201
19970202
19970203
19970204
19970205
19970206
19970207
19970208
19970209
19970210
19970211
19970212
19970213
19970214
19970215
19970216
19970217
19970218
19970219
19970220
19970221
19970222
19970223
19970224
19970225
19970226
19970227
19970228
19970229
19970230
19970231
19970301
19970302
19970303
19970304
19970305
19970306
19970307
19970308
19970309
19970310
19970311
19970312
19970313
19970314
19970315
19970316
19970317
19970318
19970319
19970320
19970321
19970322
19970323
19970324
19970325
19970326
19970327
19970328
19970329
19970330
19970331
19970401
19970402
19970403
19970404
19970405
19970406
19970407
19970408
19970409
19970410
19970411
19970412
19970413
19970414
19970415
19970416
19970417
19970418
19970419
19970420
19970421
19970422
19970423
19970424
19970425
19970426
19970427
19970428
19970429
19970430
19970431
19970501
19970502
19970503
19970504
19970505
19970506
19970507
19970508
19970509
19970510
19970510xxpd
19970511
19970512
19970513
19970514
19970515
19970516
19970517
19970518
19970519
19970520
19970521
19970522
19970523
19970524
19970525
19970526
19970527
19970528
19970529
19970530
19970531
19970601
19970602
19970603
19970604
19970605
19970606
19970607
19970608
19970609
19970610
19970611
19970612
19970613
19970614
19970615
19970616
19970617
19970618
19970619
19970620
19970621
19970622
19970623
19970624
19970625
19970626
19970627
19970628
19970629
19970630
19970631
19970702
19970703
19970704
19970705
19970706
19970707
19970708
19970709
19970710
19970711
19970712
19970713
19970714
19970715
19970716
19970717
19970718
19970719
19970720
19970721
19970722
19970723
19970724
19970725
19970726
19970727
19970728
19970729
19970730
19970731
19970801
19970802
19970803
19970804
19970805
19970806
19970807
19970808
19970809
19970810
19970811
19970812
19970813
19970814
19970815
19970816
19970817
19970818
19970819
19970820
19970821
19970822
19970823
19970824
19970825
19970826
19970827
19970828
19970829
19970830
19970831
19970901
19970902
19970903
19970904
19970905
19970906
19970907
19970908
19970909
19970910
19970911
19970912
19970913
19970914
19970915
19970916
19970917
19970918
19970919
19970920
19970921
19970922
19970923
19970924
19970925
19970926
19970927
19970928
19970929
19970930
19970931
19971001
19971002
19971003
19971004
19971005
19971006
19971007
19971008
19971009
19971010
19971011
19971012
19971013
19971014
19971015
19971016
19971017
19971018
19971019
19971020
19971021
19971022
19971023
19971024
19971025
19971026
19971027
19971028
19971029
19971030
19971031
19971101
19971102
19971103
19971104
19971105
19971106
19971107
19971108
19971109
19971110
19971111
19971112
19971113
19971114
19971115
19971116
19971117
19971118
19971119
199711199
19971120
19971121
19971122
19971123
19971124
19971125
19971126
19971127
19971128
19971129
19971130
19971131
19971201
19971202
19971203
19971204
19971205
19971206
19971207
19971208
19971209
19971210
19971211
19971212
19971213
19971214
19971215
19971216
19971217
19971218
19971219
19971220
19971221
19971222
19971223
19971224
19971225
19971226
19971227
19971228
19971229
19971230
19971231
19971998
1.9972E+11
19971999
19972000
19972001
19972002
19972004
19972006
19972007
19973389
19977100
1.99771E+11
19977168
19977171
199771hk
19977991
19980000
19980101
19980102
19980103
19980104
19980105
19980106
19980107
19980108
19980109
19980110
19980111
19980112
19980113
19980114
19980115
19980116
19980117
19980118
19980119
19980120
19980121
19980122
19980123
19980124
19980125
19980126
19980127
19980128
19980129
19980130
19980131
19980148
19980201
19980202
19980203
19980204
19980205
19980206
19980207
19980208
19980209
19980210
19980211
19980212
19980213
19980214
19980215
19980216
19980217
19980218
19980219
19980220
19980221
19980222
19980223
19980224
19980225
19980226
19980227
19980228
19980229
19980230
19980231
19980301
19980302
19980303
19980304
19980305
19980306
19980307
19980308
19980309
19980310
19980311
19980312
19980313
19980314
19980315
19980316
19980317
19980318
19980319
19980320
19980321
19980322
19980323
19980324
19980325
19980326
19980327
19980328
19980329
19980330
19980331
19980401
19980402
19980403
19980404
19980405
19980406
19980407
19980408
19980409
19980410
19980411
19980412
19980413
19980414
19980415
19980416
19980417
19980418
19980419
19980420
19980421
19980422
19980423
19980424
19980425
19980426
19980427
19980428
19980429
19980430
19980431
19980501
19980502
19980503
19980504
19980505
19980506
19980507
19980508
19980509
19980510
19980511
19980512
19980513
19980514
19980515
19980516
19980517
19980518
19980519
19980520
19980521
19980522
19980523
19980524
19980525
19980526
19980527
19980528
19980529
19980530
19980531
19980601
19980602
19980603
19980604
19980605
19980606
19980607
19980608
19980609
19980610
19980611
19980612
19980613
19980614
19980615
19980616
19980617
19980618
19980619
19980620
19980621
19980622
19980623
19980624
19980625
19980626
19980627
19980628
19980629
19980630
19980631
19980701
19980702
19980703
19980704
19980705
19980706
19980707
19980708
19980709
19980710
19980711
19980712
19980713
19980714
19980715
19980716
19980717
19980718
19980719
19980720
19980721
19980722
19980723
19980724
19980725
19980726
19980727
19980728
19980729
19980730
19980731
19980801
19980802
19980803
19980804
19980805
19980806
19980807
19980808
19980809
19980810
19980811
19980812
19980813
19980814
19980815
19980816
19980817
19980818
19980819
19980820
19980821
19980822
19980823
19980824
19980825
19980826
19980827
19980828
19980829
19980830
19980831
19980901
19980902
19980902myson
19980903
19980904
19980905
19980906
19980907
19980908
19980909
19980910
19980911
19980912
19980913
19980914
19980915
19980916
19980917
19980918
19980919
19980920
19980921
19980922
19980923
19980924
19980925
19980926
19980927
19980928
19980929
19980930
19980931
19981001
19981002
19981003
19981004
19981005
19981006
19981007
19981008
19981009
19981010
19981011
19981012
19981013
19981014
19981015
19981016
19981017
19981018
19981019
19981020
19981021
19981022
19981022ly
19981023
19981024
19981025
19981026
19981027
19981028
19981029
19981030
19981031
19981101
19981102
19981103
19981104
19981105
19981106
19981107
19981108
19981109
19981110
19981111
19981112
19981113
19981114
19981115
19981116
19981117
19981118
19981119
19981120
19981121
19981122
19981123
19981124
19981125
19981126
19981127
19981128
19981129
19981130
19981131
19981201
19981202
19981203
19981204
19981205
19981206
19981207
19981208
19981209
19981210
19981211
19981212
19981213
19981214
19981215
19981216
19981217
19981218
19981219
19981220
19981221
19981222
19981223
19981224
19981224119
19981225
19981226
19981227
19981228
19981229
19981230
19981231
1.99813E+11
19981972
1.9982E+11
19981999
19982000
19982001
19982002
19982003
19982005
19982008
19983010258
19983886
19984622
19986170
19986936
19987386
199881547
1.99888E+11
19989543
1998982989
19989898
199899lms
1998sexsex
19990000
19990101
19990102
19990103
19990104
19990105
19990106
19990107
19990108
19990109
19990110
19990111
19990112
19990113
19990114
19990115
19990116
19990117
19990118
19990119
19990120
19990121
19990122
19990123
19990124
19990126
19990127
19990128
19990129
19990130
19990131
19990201
19990202
19990203
19990204
19990205
19990206
19990207
19990208
19990209
19990210
19990211
19990212
19990213
19990214
19990215
19990216
19990217
19990218
19990219
19990220
19990221
19990222
19990223
19990224
19990225
19990226
19990227
19990228
19990229
19990230
19990231
19990301
19990302
19990303
19990304
19990305
19990306
19990307
19990308
19990309
19990310
19990311
19990312
19990313
19990314
19990315
19990316
19990317
19990318
19990319
19990320
19990321
19990322
19990323
19990324
19990325
19990326
19990327
19990328
19990329
19990330
19990331
19990401
19990402
19990403
199904031
19990404
19990405
19990406
19990407
19990408
19990409
19990410
19990411
19990412
19990413
19990414
19990415
19990416
19990417
19990418
19990419
19990420
19990421
19990422
19990423
19990424
19990425
19990426
19990427
19990428
19990429
19990430
19990431
19990501
19990502
19990503
19990504
19990505
19990506
19990507
19990508
19990509
19990510
19990511
19990512
19990513
19990514
19990515
19990516
19990517
19990518
19990519
19990520
19990521
19990522
19990523
19990524
19990525
19990526
19990527
19990528
19990529
19990530
19990531
19990601
19990602
19990603
19990604
19990605
19990606
19990607
19990608
19990609
19990610
19990611
19990612
19990613
19990614
19990615
19990616
19990617
19990618
19990619
19990620
19990621
19990622
19990623
19990624
19990625
19990626
19990627
19990628
19990629
19990630
19990631
19990701
19990702
19990703
19990704
19990705
19990706
19990707
19990708
19990709
19990710
19990711
19990712
19990713
19990714
19990715
19990716
19990717
19990718
19990719
19990720
19990721
19990722
19990723
19990724
19990725
19990726
19990727
19990728
19990729
19990730
19990731
19990801
19990802
19990803
19990804
19990805
19990806
19990807
19990808
19990809
19990810
19990811
19990812
19990813
19990814
19990815
19990816
19990817
19990818
19990819
19990820
19990821
19990822
19990823
19990824
19990825
19990826
19990827
19990828
19990829
19990830
19990831
19990901
19990902
19990903
19990904
19990905
19990906
19990907
19990908
19990909
19990910
19990911
19990912
19990913
19990914
19990915
19990916
19990917
19990918
19990919
19990920
19990921
19990922
19990923
19990924
19990925
19990926
19990927
19990928
19990929
19990930
19990931
19990999
19991001
19991002
19991003
19991004
19991005
19991006
19991007
19991008
19991009
19991010
19991011
19991012
19991013
19991014
19991015
19991016
19991017
19991018
19991019
19991020
19991021
19991022
19991023
19991024
19991025
19991026
19991027
19991028
19991029
19991030
19991031
19991101
19991102
19991103
19991104
19991105
19991106
19991107
19991108
19991109
19991110
19991111
19991112
19991113
19991114
19991115
19991116
19991117
19991118
19991119
19991120
19991121
19991122
19991123
19991124
19991125
19991126
19991127
19991128
19991129
19991130
19991131
199911323
19991201
19991202
19991203
19991204
19991205
19991206
19991207
19991208
19991209
19991210
19991211
19991212
19991213
19991214
19991215
19991216
19991217
19991218
19991219
19991220
19991221
19991222
19991223
19991224
19991225
19991226
19991227
19991228
19991229
19991230
19991231
1.9992E+11
19992001
19992002
19992003
19992005
19992006
19992008
19992009
1.99921E+14
199921bf
199931107
19993233949
19994208
19995404
19995631
1999623623
19998063
1999816818
1999821chu
199988zyf
19999991
19999997
1999999999
1999raul7
199C1b34
199D1015
19A23b43
19ab5b98
19B46fe0
19B4juhg
19b4juhg;;
19bc379f
19be35c8
19c60eb4
19D72cce
19d868e4
19da74f1
19E14bc1
19e2506d
19E300aa
19h5630153
1a0c6E1C
1a1a1a1a1a
1a1b1c1a1b1c
1a1b1c1d
1a2a3b4b
1a2b3c4d5
1a2b3c4d5e6f7g
1A2B3C4D5Eabcde
1a2b3c4d5f
1A2B3C4E
1a2b3c4f
1a2b3d4c
1a2s3d4f5
1a2s3dqwe
1a2w3d4r
1A466d27
1a4b2c12
1a7350ED
1a8126E5
1A984761
1a9a7a9a
1a9b8c6d
1A9D660e
1aaaaaaa
1abcdefg
1AC746fe
1ad42585
1ADD6dfd
1AEA7aa5
1AEF13fd
1af6469c
1and1is2
1b4f3dac
1B87602e
1b8b6466
1b96001f
1BBB308d
1bd65933
1BE044af
1bea70db
1bf056f2
1bf260f3
1BF5782e
1BFF7d65
1c007639
1C040ae5
1C2E0258
1c3f63B4
1c3y723t
1C541fc2
1C5A4ba9
1c6776b8
1c89762F
1C8D3f0b
1c9a31f7
1c9a3b3f
1CA04031
1cbb45D4
1CC36fe5
1CC97639
1CF13b52
1cr18ni9ti
1d063ff6
1d0a3c49
1d2c3b4a
1D34189e
1D465520
1D4D07bf
1d7e2f0c
1d806DE7
1d9106AC
1da46631
1db107F9
1DB3135d
1db76cac
1dc120be
1dc17dbb
1dc43D4F
1dc734F6
1dd40D7E
1dd95BAF
1DED2831
1DFB3eda
1E0B0c43
1e0f4948
1E1401b0
1E184929
1e2e5b08
1e344f86
1E3D208c
1e3e77C0
1e550273
1E5D3076
1e6600303
1e6c218d
1E754471
1e885B60
1E9051fa
1e9c189b
1EA52fa9
1ead3C0B
1EB12a7a
1EC777b5
1ee124781
1ef13C5B
1F001b9a
1F1A23ce
1f1b103f
1F2700f1
1F405264
1f485ad5
1F4F690e
1f5350fa
1f5e4da3
1F755856
1f7c713a
1F850ec9
1fa73143
1FAB68f2
1FB039b3
1fd06b3e
1fd570D8
1FDD5e2a
1FFF2637
1h7aty8k
1i0o1i0o
1iloveyou
1j2h3g4f
1l0vey0u
1l0veyou
1l1l00OO
1l1l1l1l
1l2x3z4l
1liu1liu00
1lveyu00
1m23q1m23q
1n2zr3ys
1n76tG2tzT
1ndMiss7on
1o76tG2tzT
1o76tG2tzU
1o86tG20yU
1o86tG2tyU
1o86tG2tzU
1o86tH20yU
1o86tH20yV
1p86tH20xV
1p86tH20yV
1p96tH20tV
1p96tH20xV
1p96tI20tW
1p97tI20tW
1py19840103
1q0p2w9o3e8i
1Q23Lyc45j
1q2aw3zse4
1q2q3q4q
1q2q3q4q5q
1q2q3q4q5q6q
1q2w3e1q2w3e
1q2w3e4f
1q2w3edell
1q2z3h88
1q3e5t7u
1q3e5t7u9o
1q97tI30tW
1q97tI31tW
1q97tI31tX
1qa1qa1qa
1qa2ws3ed4rf5tg
1qa7tJ31tX
1qaA1qaz
1qaz0okm
1qaz0pг╗/
1qaz0plm
1qaz1234
1qaz1qaz1qaz
1qaz2345
1qaz2qaz
1qaz2wsxгнгн-
1qaz2wsx!
1qaz2wsx!@
1qaz2wsx3
1qaz2wsx3e
1qaz2wsx?
1qaz2wsxc
1qaz2wsxE
1qaz2wsxp0
1qaz3edc5tgb
1qaz4rfv
1qaz663012
1QAZ7410
1QAZ9IJN
1qaz9ol.8ik
1qazcde3
1qazwsxedc
1qazZAQ!
1qqaazzwsx
1qw2azxs
1ra7tJ310Y
1ra7tJ31tX
1ra7tJ31tY
1ra7tK310Y
1rmp1h0g
1sheng1shi
1u79ob5df2h2u2a
1u7a6j9w
1w2a3n4g
1w2q3r4e
1w2w3w4w
1wdv2efb
1woailoume
1y7q8w6p
1yiwusuoyou
1z1z1z1z
1z2x3c4v5b
1z2x3c4v5b6n7m
1z2z3z4z
1zhaowei
1zmbowdoin
1zxcvbnm
2.7182818
2.718281828
2000000000
20000002
20000101
20000102
20000103
20000104
20000105
20000106
20000107
20000108
20000109
20000110
20000111
20000112
20000113
20000114
20000115
20000116
20000117
20000118
20000119
20000120
20000121
20000122
20000123
20000124
20000125
20000126
20000127
20000128
20000129
20000130
20000131
20000201
20000202
20000203
20000204
20000205
20000206
20000207
20000208
20000209
20000210
20000211
20000212
20000213
20000214
20000215
20000216
20000217
20000218
20000219
20000220
20000221
20000222
20000223
20000224
20000225
20000226
20000227
20000228
20000229
20000230
20000231
20000301
20000302
20000303
20000304
20000305
20000306
20000307
20000308
20000309
20000310
20000311
20000312
20000313
20000313a
20000314
20000315
20000316
20000317
20000318
20000319
20000320
20000321
20000322
20000323
20000324
20000325
20000326
20000327
20000328
20000329
20000330
20000331
20000401
20000402
20000403
20000404
20000405
20000406
20000407
20000408
20000409
20000410
20000411
20000412
20000413
20000414
20000415
20000416
20000417
20000418
20000419
20000420
20000421
20000422
20000423
20000424
20000425
20000426
20000427
20000428
20000429
20000430
20000431
20000501
20000502
20000503
20000504
20000505
20000506
20000507
20000508
20000509
20000510
20000511
20000512
20000513
20000514
20000515
20000516
20000517
20000518
20000519
20000520
20000521
20000522
20000523
20000524
20000525
20000526
20000527
20000528
20000529
20000530
20000531
20000601
20000602
20000603
20000604
20000605
20000606
20000607
20000608
20000609
20000610
20000611
20000612
20000613
20000614
20000615
20000616
20000617
20000618
20000619
20000620
20000621
20000622
20000623
20000624
20000625
20000626
20000627
20000628
20000629
20000630
20000631
20000701
20000702
20000703
20000704
20000705
20000706
20000707
20000708
20000709
20000710
20000711
20000712
20000713
20000714
20000715
20000716
20000717
20000718
20000719
20000720
20000721
20000722
20000723
20000724
20000725
20000726
20000727
20000728
20000729
20000730
20000731
20000801
20000802
20000803
20000804
2.00008E+13
20000805
20000806
20000807
20000808
20000809
20000810
20000811
20000812
20000813
20000814
20000815
20000816
20000817
20000818
20000819
20000820
20000821
20000822
20000823
20000824
20000825
20000826
20000827
20000828
20000829
20000830
20000831
20000901
20000902
20000903
20000904
20000905
20000906
20000907
20000908
20000909
20000910
20000911
20000912
20000913
20000914
20000915
20000916
20000917
20000918
20000919
20000920
20000921
20000922
20000923
20000924
20000925
20000926
20000927
20000928
20000929
20000930
20000931
20001000
20001001
20001002
20001003
20001004
20001005
20001006
20001007
20001008
20001009
20001010
20001011
20001012
20001013
20001014
20001015
20001016
20001017
20001018
20001019
20001020
20001021
20001022
20001023
20001024
20001025
20001026
20001027
20001028
20001029
20001030
20001031
20001101
20001102
20001103
20001104
20001105
20001106
20001107
20001108
20001109
20001110
20001111
20001112
20001113
20001114
20001115
20001116
20001117
20001118
20001119
20001120
20001121
20001122
20001123
20001124
20001125
20001126
20001127
20001128
20001129
20001130
20001131
20001201
200012019
20001202
20001203
20001204
20001205
20001206
20001207
20001208
20001209
20001210
20001211
20001212
20001213
20001214
20001215
20001216
20001217
20001218
20001219
20001220
20001221
20001222
20001223
20001224
20001225
20001226
20001227
20001228
20001229
20001230
20001231
20001234
200012zym
20001314
200013579
20001695
20001976
20001978
20001979
20001980
20001981
20001982
20001984
20001988
20001997
20001999
20002004
20002005
20002009
20002020
20002096
20002139
20002254
200026143
20003000
20003205
2000524125
20005263
20005620
20006444
2000644430
200071039
20007789
20007853
20008153
20008178
20008222
20008877
2000AND315
2000comeer
2000e936
2000love
2000ZSY0814nv
2000zxcv
20010000
200100280
20010101
20010102
20010103
20010104
20010105
20010106
20010107
20010108
20010109
20010110
20010111
20010112
20010113
20010114
20010115
20010116
20010117
20010118
20010119
20010120
20010121
20010122
20010123
20010124
20010125
20010126
20010127
20010128
20010129
20010130
20010131
200101324
20010201
20010202
2001020219
20010203
20010204
20010205
20010206
20010207
20010208
20010209
20010210
20010211
20010212
20010213
20010214
20010215
20010216
20010217
20010218
20010219
20010220
20010221
20010222
20010223
20010224
20010225
20010226
20010227
20010228
20010229
20010230
20010231
20010301
20010302
20010303
20010304
20010305
20010306
20010307
20010308
20010309
20010310
20010311
20010312
20010313
20010314
20010315
20010316
20010317
20010318
20010319
20010320
20010321
20010322
20010323
20010324
20010325
20010326
20010327
20010328
20010329
20010330
20010331
20010401
20010402
20010403
20010404
20010405
20010406
20010407
20010408
20010409
20010410
20010411
20010412
20010413
20010414
20010415
20010416
20010417
20010418
20010419
20010420
20010421
20010422
20010423
20010424
20010425
20010426
20010427
20010428
20010429
20010430
20010431
2001045038
20010480
20010501
20010502
20010503
20010504
20010505
20010506
20010507
20010508
20010509
20010510
20010511
20010512
20010513
20010514
20010515
20010516
20010517
20010518
20010519
20010520
20010521
20010522
20010523
20010524
20010525
20010526
20010527
20010528
20010529
20010530
20010530210
20010531
20010601
20010602
20010603
20010604
20010605
20010606
20010607
20010608
20010609
20010610
20010611
20010612
20010613
20010614
20010615
20010616
20010617
20010618
20010619
20010620
20010621
200106211
20010622
20010623
20010624
20010625
2.00106E+11
20010626
20010627
20010628
20010629
20010630
20010631
20010701
20010702
20010703
20010704
20010705
20010706
20010707
20010708
20010709
20010710
20010711
20010712
20010713
20010714
20010715
20010716
20010717
20010718
20010719
20010720
2001072008
20010721
20010722
20010723
20010724
20010725
20010726
20010727
20010728
20010729
20010730
20010731
20010801
20010802
20010803
20010804
20010805
20010806
20010807
20010808
20010809
20010810
20010811
20010812
20010813
20010814
20010815
20010816
20010817
20010818
20010819
20010820
20010821
20010822
20010823
20010824
20010825
20010826
20010827
20010828
20010829
20010830
20010831
20010874
20010901
20010902
20010903
20010904
20010905
20010906
20010907
20010908
20010909
20010910
20010911
20010912
20010913
20010914
20010915
20010916
20010917
20010918
20010919
20010920
20010921
20010922
20010923
20010924
20010925
20010926
20010927
20010928
20010929
20010930
20010931
20011001
20011002
20011003
20011004
20011005
20011006
20011007
20011008
20011009
20011010
20011011
20011012
20011013
20011014
2001101474
20011015
20011016
20011017
20011018
20011019
20011020
20011021
20011022
20011023
20011024
20011025
20011026
20011027
20011028
20011029
20011030
20011031
2001105330
20011101
20011102
20011103
20011104
20011105
20011106
20011107
20011108
20011109
20011110
20011111
20011112
20011113
20011114
20011115
20011116
20011117
20011118
20011119
20011120
20011121
20011122
20011123
20011124
20011125
20011126
20011127
20011128
20011129
20011130
20011131
2001114336
20011201
20011202
20011203
20011204
20011205
20011206
20011207
20011208
20011209
20011210
20011211
20011212
20011213
20011214
2001121403
20011215
20011216
20011217
20011218
20011219
20011220
20011221
20011222
20011223
20011224
20011225
20011226
20011227
20011228
20011229
20011230
20011231
20011234
2001123456
20011244
20011311
2001137222
20011392
2001143111
20011551
200115ghg
20011976
20011978
20011980
20011981
20011982
20011983
20011984
20011997
2.0012E+11
20012001d
20012004
20012005
20012007
20012008
20012009
20012326
20012476
2.0013E+13
2001314w
20013342
20013429
20013500
200136658
20013700
2.00138E+11
20014229
2001429<>
20014587
20014609
20015181128
20015726
20015930
200159311
20016192
20016528
200168cnet
2001724044
20017789
20017ecd
20018310
20018355
20018541
200185627
2001abcd
2001l5z21
2001love
2001mmeng
2001qswj
2001w8200869
200200200
20020101
20020102
20020103
20020104
20020105
20020106
20020107
20020108
20020109
20020110
20020111
20020112
20020113
20020114
20020115
20020116
20020117
20020118
20020119
20020120
20020121
20020122
20020123
20020124
20020125
20020126
20020127
20020128
20020129
20020130
20020131
20020141
20020201
20020202
20020203
20020204
20020205
20020206
20020207
20020208
20020209
20020209jtl
20020210
20020211
20020212
20020213
20020214
20020215
20020216
20020217
20020218
20020219
20020220
20020221
20020222
20020223
20020224
20020225
20020226
20020227
20020228
20020229
20020230
20020231
20020234
20020301
20020302
20020303
20020304
20020305
20020306
20020307
20020308
20020309
20020310
20020311
20020312
20020313
20020314
20020315
20020316
20020317
20020318
20020319
20020320
20020321
20020322
20020323
20020324
20020325
20020326
20020327
20020328
20020329
20020330
20020331
20020347
20020401
20020402
20020403
20020404
20020405
20020406
20020407
20020408
20020409
20020410
20020411
20020412
20020413
20020414
20020415
20020416
20020417
20020418
20020419
20020420
20020421
20020422
20020423
20020424
20020425
20020426
20020427
20020428
20020429
20020430
20020431
20020501
20020502
20020503
20020504
20020505
20020506
20020507
20020508
20020509
20020510
20020511
20020512
20020513
20020514
20020515
20020516
20020517
20020518
20020519
20020520
20020521
20020522
20020523
20020524
20020525
20020526
20020527
20020528
20020529
20020530
20020531
20020601
20020602
20020603
20020604
20020605
20020606
20020607
20020608
20020609
20020610
20020611
20020612
20020613
20020614
20020615
20020616
20020617
20020618
20020619
20020620
20020621
20020622
20020623
20020624
20020625
20020626
20020627
20020628
20020629
20020630
20020631
20020701
20020702
20020703
20020704
20020705
20020706
20020707
20020708
20020709
20020710
20020711
20020712
20020713
20020714
20020715
20020716
20020717
20020718
20020719
20020720
20020721
20020722
20020723
20020724
20020725
20020726
20020727
20020728
20020729
20020730
20020731
20020801
200208013
20020802
20020803
20020804
20020805
20020806
20020807
20020808
20020809
20020810
20020811
20020812
20020813
20020814
20020815
20020816
20020817
20020818
20020819
20020820
20020821
20020822
20020823
2002082301
20020824
20020825
20020826
20020827
20020828
20020829
20020830
20020831
20020901
2.00209E+11
20020902
20020903
20020904
20020905
20020906
20020907
20020908
20020909
20020910
20020911
20020912
20020912ss
20020913
20020914
20020915
20020916
20020917
20020918
20020919
20020920
20020921
20020922
20020923
20020923067
20020924
20020925
20020926
20020927
20020928
20020929
20020930
2002093067
20020931
200209988
20021000
20021001
20021002
20021003
20021004
20021005
20021006
20021007
20021008
20021009
20021010
20021011
20021012
20021013
20021014
20021015
20021016
20021017
20021018
20021019
20021020
20021021
20021022
20021023
20021024
20021025
20021026
20021027
20021028
20021029
20021030
20021031
20021101
20021102
20021103
20021104
20021105
20021106
20021107
20021108
20021109
20021110
20021111
200211115
20021112
20021113
20021114
20021115
20021116
20021117
20021117GAOMING
20021118
20021119
20021120
20021121
20021122
20021123
20021124
20021125
20021126
20021127
20021128
20021129
20021130
20021131
20021201
20021202
20021202ma
20021203
20021204
20021205
20021206
20021207
20021208
20021209
20021210
20021211
20021213
20021214
20021215
20021216
20021217
20021218
20021219
20021220
20021221
20021222
20021223
20021224
20021225
20021226
20021227
20021228
20021229
20021230
20021231
20021234
20021240
200212521
20021313
20021314
2002133055
20021458
20021522
2002153113
200216117
20021717
20021740
20021773
20021778
2002190235
20021977
20021978
20021979
20021981
20021982
20021983
20021984
20021985
20021986
20021987
20021998
20021999
20022004
20022005
20022006
20022007
20022010
20022049
20022113
20022122
2002231042
20022316
2002231924
2.00231E+11
20023506
20023658
20024030
20024319
200244yang!
200254105
20025630
2002588615
2002713wu
20027789
200278212lk
20028218
20028899
20029930000
20029999
2002a110127
2002bamboo
2002comehust
2002fifa
2002toutou111
2002yhdln
20030000
200300125
200300400
20030084
20030101
200301013
20030102
20030103
20030104
20030105
20030106
20030107
20030108
20030109
20030110
20030111
20030112
20030113
20030114
20030115
20030116
20030117
20030118
20030119
20030120
20030121
20030122
20030123
20030124
20030125
20030126
20030127
20030128
20030129
20030130
20030131
20030201
20030202
20030203
20030204
20030205
20030206
20030207
20030208
20030209
20030210
20030211
2003021151
20030212
20030213
20030214
20030215
20030216
20030217
20030218
20030219
20030220
20030221
20030222
20030223
20030224
20030225
20030226
20030227
20030228
20030229
20030230
20030231
20030301
20030302
20030303
20030304
20030305
20030306
20030307
20030308
20030309
20030310
20030311
20030312
20030312fwt
20030313
20030314
20030315
20030316
20030317
20030318
20030319
20030320
20030321
20030322
20030323
20030324
20030325
20030326
20030327
20030328
20030329
20030330
20030331
2003034204
20030401
20030402
20030403
20030404
20030405
20030406
20030407
20030408
20030409
20030410
20030411
20030412
20030413
20030414
20030415
20030416
20030417
20030418
20030419
20030420
20030421
20030422
20030423
20030424
20030425
20030426
20030427
20030428
20030429
20030430
20030431
2003044138
20030501
20030502
20030503
20030504
20030505
20030506
20030507
20030508
20030509
20030510
20030511
20030512
20030513
20030514
20030515
20030516
20030517
20030518
20030519
20030520
20030521
20030522
20030523
20030524
20030525
20030526
20030527
20030528
20030529
20030530
20030531
20030601
20030602
20030603
20030604
20030605
20030606
20030607
20030608
20030609
20030610
20030611
20030612
20030613
20030614
20030615
20030616
20030617
20030618
20030619
20030620
20030621
20030622
20030623
20030624
20030625
20030626
20030627
20030628
20030629
20030630
20030631
20030701
20030702
20030703
20030704
20030705
20030706
20030707
20030708
20030709
20030710
20030711
20030712
20030713
20030714
20030715
20030716
20030717
20030718
20030719
20030720
20030721
20030722
20030723
20030724
20030725
20030726
20030727
20030728
20030729
20030730
20030731
20030769
20030789
20030801
20030802
20030803
20030804
20030805
20030806
20030807
20030808
20030809
20030810
20030811
20030812
20030813
20030814
20030815
20030816
20030817
20030818
20030819
20030820
20030821
20030822
20030823
20030824
20030825
20030826
20030827
20030828
20030829
20030830
20030831
20030901
20030902
20030903
20030904
20030905
20030906
20030907
20030908
20030909
20030910
20030911
20030912
20030913
20030914
20030915
20030916
20030917
20030918
20030919
20030920
20030921
20030922
20030923
20030924
20030925
20030926
20030927
20030928
20030929
20030930
20030931
20031001
2003100183
20031002
20031003
20031004
20031005
20031006
20031007
20031008
20031009
20031010
20031011
20031012
20031013
20031014
20031015
20031016
20031017
20031018
20031019
20031020
20031021
20031022
20031023
20031024
20031025
20031026
20031027
20031028
20031029
20031030
20031031
2003105124
2003108011
20031101
200311011
20031102
20031103
20031104
20031105
20031106
20031107
20031108
20031109
20031110
20031111
20031112
20031113
20031114
20031115
20031116
20031117
20031118
20031119
20031120
20031121
20031122
20031123
20031124
20031125
20031126
20031127
20031128
20031129
20031130
20031131
2003113553
200311521
20031201
20031202
20031203
20031204
20031205
20031206
20031207
20031208
20031209
20031210
20031211
20031212
20031213
20031214
20031215
20031216
20031217
20031218
20031219
20031220
20031221
20031222
20031223
20031224
20031225
20031226
20031226tvxq
20031227
20031228
20031229
20031230
20031231
20031234
20031314
2003135529
20031437
20031975
20031979
20031981
20031983
20031984
20031985
20031986
20031987
20031988
20031995
20032005
20032006
20032007
20032009
20032014
2003225900
20032444
20032521
20032709
20033002
200331528
20033153
20033211
200332810
2.00341E+12
20034466
200348553
20035117
2003521515
2003541788
20036789
20037511
2003814600
20038460582
200390252
2003914242
2003hllx
2003love
2003ly2003
2003nice
2003yklhs
20040101
20040102
20040103
20040104
20040105
20040106
20040107
20040108
20040109
20040110
20040111
20040112
20040113
20040114
20040115
20040116
20040117
20040118
20040119
20040120
20040121
20040122
20040123
20040124
20040125
20040126
20040127
20040128
20040129
20040130
20040131
20040201
20040202
20040203
20040204
20040205
20040206
20040207
20040208
20040209
20040210
20040211
20040212
20040213
20040214
20040215
20040216
20040217
20040218
20040219
20040220
20040221
20040222
20040223
20040224
20040225
20040226
20040227
20040228
20040229
20040230
20040231
20040301
20040302
20040303
20040304
20040305
20040306
20040307
20040308
20040309
20040310
20040311
20040312
20040313
20040314
20040315
20040316
20040317
20040318
20040319
20040320
20040321
20040322
20040323
20040324
20040325
20040326
20040327
20040328
20040329
20040330
20040331
20040334
20040401
20040402
20040402067
20040403
20040404
20040405
20040406
20040407
20040408
20040409
20040410
2.00404E+11
20040411
20040412
20040413
20040414
20040415
20040416
20040417
20040418
20040419
20040420
20040421
20040422
2.00404E+12
20040423
20040424
20040425
20040426
20040427
20040428
20040429
20040430
20040431
20040501
20040502
20040503
20040504
20040505
20040506
20040507
20040508
20040509
20040510
20040511
20040512
20040513
20040514
20040515
20040516
20040517
20040518
20040519
20040520
20040521
20040522
20040523
20040524
20040525
20040526
20040527
20040528
20040529
20040530
20040531
20040601
20040602
20040603
20040604
20040605
20040606
20040607
20040608
20040609
20040610
20040611
20040612
20040613
20040614
20040615
20040616
20040617
20040618
20040619
20040620
20040621
20040622
20040623
20040624
20040625
20040626
20040627
20040628
20040629
20040630
20040631
20040701
20040702
20040703
20040704
20040705
20040706
20040707
20040708
20040709
20040710
20040711
20040712
20040713
20040714
20040715
20040716
20040717
20040718
20040719
20040720
20040721
20040722
20040723
20040724
20040725
20040726
20040727
20040728
20040729
20040730
20040731
200407833
20040801
20040801105
20040802
20040803
20040804
20040805
20040806
20040807
20040808
20040809
20040810
20040811
20040812
20040813
20040814
20040815
20040816
20040817
20040818
20040819
20040820
20040821
20040822
20040823
20040824
20040825
20040826
20040827
20040828
20040829
20040830
20040831
20040901
20040902
20040903
20040904
20040905
20040906
20040907
20040908
20040909
20040910
20040911
20040912
20040913
20040914
20040915
20040916
20040917
20040918
20040919
20040920
20040921
20040922
20040923
20040924
20040925
20040926
20040927
20040928
20040929
20040930
20040931
20040956
2.0041E+11
20041001
20041002
20041003
20041004
20041005
20041006
20041007
20041008
20041009
20041010
20041011
20041012
20041013
20041014
20041015
20041016
20041017
20041018
20041019
20041020
20041021
20041022
20041023
20041024
20041025
20041026
20041027
20041028
20041029
20041030
2004103002
20041031
200410501
20041101
20041102
20041103
20041104
20041105
20041106
20041107
20041108
20041109
20041110
20041111
20041112
20041113
20041114
20041115
20041116
20041117
20041118
20041119
20041120
20041121
20041122
20041123
20041124
20041125
20041126
20041127
20041128
20041129
20041130
20041131
20041200457
20041201
20041202
20041203
20041204
20041205
20041206
20041207
20041208
20041209
20041210
20041211
20041212
20041213
20041214
20041215
20041216
20041217
20041218
20041219
20041220
20041221
20041222
20041223
20041224
20041225
20041226
20041227
20041228
20041229
20041230
20041231
20041232
20041234
200412399qq
20041314
200419121
20041982
20041983
20041984
20041985
20041986
20041987
20041999
20042006
20042007
20042009
20043212
20043512
2004381015
20044002
20044083
20044200
20045776
20046701
20046789
200481zzh
2004lalao
2004nian
2004plhdl
2.00501E+11
20050101
20050102
20050103
20050104
20050105
20050106
20050107
20050108
20050109
20050110
20050111
20050112
20050113
20050114
20050115
20050116
20050117
20050118
20050119
20050120
20050121
20050122
20050123
20050124
20050125
20050126
20050127
20050128
20050129
20050130
20050131
20050201
20050201ms
20050202
20050203
20050204
20050205
20050206
20050207
20050208
20050209
20050210
20050211
20050212
20050213
20050214
20050215
20050216
20050217
20050218
20050219
20050220
20050221
20050222
20050223
20050224
20050225
20050226
20050227
20050228
20050229
20050230
20050231
20050301
20050302
20050303
20050304
20050305
20050306
20050307
20050308
20050309
20050310
20050311
20050312
20050313
20050314
20050315
20050316
20050317
20050318
20050319
20050320
20050321
20050322
20050323
20050324
20050325
20050326
20050327
20050328
20050329
20050330
20050331
20050401
20050402
20050403
20050404
20050405
20050406
20050407
20050408
20050409
20050410
20050411
20050412
20050412@@??
20050413
20050414
20050415
20050416
2.00504E+11
20050417
20050418
20050419
20050420
20050421
20050422
20050423
20050424
20050425
20050426
20050427
20050428
20050429
20050430
20050431
20050501
20050502
20050503
20050504
20050505
20050506
20050507
20050508
20050509
20050510
20050511
20050512
20050513
20050514
20050515
20050516
20050517
20050518
20050519
20050520
20050521
20050522
20050523
20050524
20050525
20050526
20050527
20050528
20050529
20050530
20050531
20050601
20050602
20050603
20050604
20050605
20050606
20050607
20050608
20050609
20050610
20050611
20050612
20050613
20050614
20050615
20050616
20050617
20050618
20050619
20050620
20050621
20050622
20050623
20050624
20050625
20050626
20050627
20050628
20050629
20050630
20050631
20050701
2005070111
20050702
20050703
20050704
20050705
20050706
20050707
20050708
20050709
20050710
20050711
20050712
20050713
20050714
20050715
20050716
20050717
20050718
20050719
20050720
20050721
20050722
20050723
20050724
20050725
20050726
20050727
20050728
20050729
20050730
20050731
20050744071
20050801
20050802
20050803
20050804
20050805
20050806
20050807
20050808
20050809
20050810
20050811
20050812
20050813
20050814
20050815
20050816
20050817
20050818
20050819
20050820
20050821
20050822
20050823
20050824
20050825
20050826
20050827
20050828
20050829
20050830
20050831
20050901
20050902
20050903
20050904
20050905
20050906
20050907
20050908
20050909
20050910
20050911
20050912
20050913
20050914
20050915
20050916
20050917
20050918
20050919
20050920
20050921
20050922
20050923
20050924
20050925
20050926
20050927
20050928
20050929
20050930
20050931
20051001
20051002
20051003
20051004
20051005
20051006
20051007
20051008
20051009
20051010
20051011
20051012
20051013
20051014
20051015
20051016
20051017
20051017e
20051017v
20051018
20051019
20051020
20051021
20051022
20051023
20051024
20051025
20051026
20051027
20051028
20051029
20051030
20051031
20051101
20051102
20051103
20051104
20051105
20051106
20051107
20051108
20051109
20051110
20051111
20051112
20051113
20051114
20051116
20051117
20051118
20051119
20051120
20051120122
20051121
20051122
20051123
20051124
20051125
20051126
20051127
20051128
20051129
20051130
20051131
2005114119
20051201
20051202
20051203
20051204
20051205
20051206
20051207
20051208
20051209
20051210
20051211
20051212
20051213
20051214
20051215
20051216
20051217
20051218
20051219
20051220
20051221
20051222
20051223
20051224
20051225
20051225h
20051226
2.00512E+11
20051227
20051228
20051229
20051230
20051231
2005131121
20051314
20051976
20051984
20051985
20051986
20051987
20051995
20052004
20052007
20052009
200521082
2005219sfj
20052491
2.0053E+11
200531zzw
200533078
2005406032
2005417bb
2005430114
20054720
20054841
20055002
2005600643
20056201092
20056768
20056789
20058888
20059999
2005n726
2006+2006
20060000
2006000307
20060101
2006010101
20060102
20060103
20060104
20060105
20060106
20060107
20060108
20060109
20060110
20060111
20060112
20060113
20060114
20060115
20060116
20060117
20060118
20060119
20060120
20060121
20060122
20060123
20060124
20060125
20060126
20060127
20060128
20060129
20060130
20060131
20060201
20060202
20060203
20060204
20060205
20060206
20060207
20060208
20060209
20060210
20060211
20060212
20060213
20060214
20060215
20060216
20060217
20060218
20060219
20060220
20060221
20060222
20060223
20060224
20060225
20060226
20060227
20060228
20060229
20060230
20060231
20060301
20060302
20060302218
20060303
20060304
20060305
20060306
20060307
20060308
20060309
20060310
20060311
20060312
20060313
20060314
20060315
20060316
20060317
20060318
20060319
20060320
20060321
20060322
20060323
20060324
20060325
20060326
20060327
20060328
20060329
20060330
20060331
20060401
20060402
20060403
20060404
20060405
20060406
20060407
20060408
20060409
20060410
20060411
20060412
20060413
20060414
20060415
20060416
20060417
20060418
20060419
20060420
20060421
20060422
20060423
20060424
20060425
20060426
20060427
20060428
20060429
20060430
20060431
20060444101
20060501
2.00605E+11
20060502
20060503
20060504
20060505
20060506
20060507
20060508
20060509
20060510
20060511
20060512
20060513
20060514
20060515
20060516
20060517
20060518
20060519
20060520
20060521
20060522
20060523
20060524
20060525
20060526
20060527
20060528
20060529
20060530
20060531
20060601
20060602
20060603
20060604
20060605
20060606
20060607
20060608
20060609
20060610
20060611
20060612
20060613
20060614
20060615
20060616
20060617
20060618
20060619
20060620
20060621
20060622
20060623
20060624
20060625
20060626
20060627
20060628
20060629
20060630
20060631
20060701
20060702
20060703
20060704
20060705
20060706
20060707
20060708
20060709
20060710
20060711
20060712
20060713
20060714
20060715
20060716
20060717
20060718
2.00607E+11
20060719
20060719nadya
20060720
20060721
20060722
20060723
20060724
20060725
20060726
20060727
20060728
20060729
20060730
20060731
20060801
20060802
20060803
20060804
20060805
20060806
20060807
200608075
20060808
20060809
20060810
20060811
20060812
20060813
20060814
20060815
20060816
20060817
20060818
20060819
20060820
20060821
20060822
20060823
20060824
20060825
20060826
20060827
20060828
20060829
20060830
20060831
20060901
20060902
20060903
20060904
20060905
20060906
20060907
20060908
20060909
20060910
20060911
20060912
20060913
20060914
20060915
20060916
20060917
20060918
20060919
20060920
20060921
20060922
20060923
20060924
20060925
20060926
20060927
20060928
20060929
20060930
20060931
20061001
20061002
20061003
20061004
20061005
20061006
20061007
20061008
20061009
20061010
20061011
20061012
20061013
20061014
20061015
20061016
20061017
20061018
20061019
20061020
20061021
20061022
20061023
20061024
20061025
20061026
20061027
20061028
20061029
20061030
20061031
20061081256
20061101
20061102
20061103
20061104
20061105
20061106
20061107
20061108
20061109
20061110
20061111
20061112
20061112w
20061113
20061114
20061115
20061116
20061117
20061118
20061119
20061120
20061121
20061122
20061123
20061124
20061125
20061126
20061127
20061128
20061129
20061130
20061131
20061201
20061202
20061203
20061204
20061205
20061205057
20061206
20061207
20061208
20061209
20061210
20061211
20061212
20061213
20061214
20061215
20061216
20061217
20061218
20061219
20061220
20061221
20061222
20061223
20061224
20061225
20061226
20061227
20061228
20061229
20061230
20061231
20061234
200612345
2006123456
20061314
20061501
20061983
20061984
20061985
20061986
20061987
20062005
200620060
20062009
20062010
20062027hyh
2.0064E+11
20064149
20064166
2006443220
20065906
20066002
20067332463
200674617
2006764130
2006777888
20068888
200692046
200698ky
200699569
2006tianya
2006xkxk
20070000
20070102
20070103
20070104
20070105
20070106
20070107
20070108
20070109
20070110
20070111
20070112
20070113
20070114
20070115
20070116
20070117
20070118
20070119
20070120
20070121
20070122
20070123
20070124
20070125
20070126
20070127
20070128
20070129
20070130
20070131
20070201
20070202
20070203
20070204
20070205
20070206
20070207
20070208
20070209
20070210
20070211
20070212
20070213
20070214
20070215
20070216
20070217
20070218
20070219
20070220
20070221
20070222
20070223
20070224
20070225
20070226
20070227
20070228
20070229
20070230
20070231
20070301
2.00703E+14
20070302
20070303
20070304
200703047
20070305
20070306
20070307
20070308
20070309
20070310
20070311
20070312
20070313
20070314
20070315
20070316
20070317
20070318
20070319
20070320
20070321
20070322
20070323
20070324
20070325
20070326
20070327
20070328
20070329
20070330
20070331
20070401
20070402
20070403
20070404
20070405
20070406
20070407
20070408
20070409
20070410
20070411
20070412
20070413
20070414
20070415
20070416
20070417
20070418
20070419
20070420
20070421
20070422
20070423
20070424
20070425
20070426
20070427
20070428
20070429
20070430
20070431
20070501
20070502
20070503
20070504
20070505
20070506
20070507
20070508
20070509
20070510
20070511
20070512
20070513
20070514
20070514wunai
20070515
20070516
20070517
20070518
20070519
20070520
20070521
20070522
20070523
20070524
20070525
20070526
20070527
20070528
20070529
20070530
20070531
20070601
20070602
20070603
20070604
20070605
20070606
20070607
2007060708
20070608
20070609
20070610
20070611
20070612
20070613
20070614
20070615
20070616
20070617
20070618
20070619
20070620
20070621
20070622
20070623
20070624
20070625
20070626
20070627
20070628
20070629
20070630
20070631
20070657
20070701
20070702
20070703
20070704
20070705
20070706
20070707
20070708
20070709
20070710
20070711
20070712
20070713
20070714
20070715
20070716
20070717
20070718
20070719
20070720
20070721
20070722
20070723
20070724
20070725
20070726
20070727
20070728
20070729
20070730
20070731
20070801
20070802
20070803
20070804
20070805
20070806
20070807
20070808
20070809
20070810
20070811
20070812
20070813
20070814
20070815
20070816
20070817
20070818
20070819
20070820
20070821
20070822
20070823
20070824
20070825
20070826
20070827
20070828
20070829
20070830
20070831
20070901
20070902
20070903
20070904
20070905
20070906
20070907
20070908
20070909
20070910
20070911
20070912
20070913
20070914
20070915
20070916
20070917
20070918
20070919
20070920
20070921
20070922
20070923
20070924
20070925
20070926
20070927
20070928
20070929
20070930
20070931
20071001
20071002
20071003
20071004
20071005
20071006
20071007
20071008
20071009
20071010
20071011
20071012
20071013
20071014
20071015
20071015521
20071016
20071017
20071018
20071019
20071020
20071021
20071022
20071023
20071024
20071025
20071026
20071027
20071028
20071029
20071030
20071031
20071101
20071102
20071103
20071104
20071105
20071106
20071107
20071108
20071109
20071110
20071111
20071112
20071113
20071114
20071115
20071116
20071117
20071118
20071119
20071120
20071121
20071121ZZX
20071122
20071123
20071124
20071125
20071126
20071127
20071128
20071129
20071130
20071131
2007119wl
20071201
20071202
20071203
20071204
20071205
20071206
20071207
20071208
20071209
20071210
20071211
20071212
20071213
20071214
20071215
20071216
20071217
20071218
20071219
20071220
20071221
20071222
20071223
20071224
20071225
2007122525
20071226
20071227
20071228
20071229
20071230
20071231
20071314
20072009
20072045
2007212307
2.00723E+11
20072613689
2.0073E+11
200751888
20076494
2007678nmet
20076864
20077002
20078888
20079066
2007aixin
2007butterfly
2007ziilovezi
2008.com
20080000
200800kfbb
2.00801E+11
20080102
20080103
20080104
20080105
20080106
20080107
20080108
20080109
20080110
20080111
20080112
20080113
20080114
20080115
20080116
20080117
20080118
20080119
20080120
20080121
20080122
20080123
20080124
20080125
20080126
20080127
20080128
20080129
20080130
20080131
20080201
20080202
20080203
20080204
20080205
20080206
20080207
20080208
20080209
20080210
20080211
20080212
20080213
20080214
20080215
20080216
20080217
20080218
20080219
20080220
2.00802E+11
20080221
20080222
20080223
20080224
20080225
20080226
20080227
20080228
20080229
20080230
20080231
20080301
20080302
20080303
20080304
20080305
20080306
20080307
20080308
20080309
20080310
20080311
20080312
20080313
20080314
20080315
20080316
20080317
20080318
20080319
20080320
20080321
20080322
20080323
20080324
20080325
20080326
20080327
20080328
20080329
20080330
20080331
20080400362
20080401
20080402
20080403
20080404
20080405
20080406
20080407
20080408
20080409
20080410
20080411
20080412
20080413
20080414
20080415
20080416
20080417
20080418
20080419
20080420
20080421
20080422
20080423
20080424
20080425
2008042530
20080426
20080427
20080428
20080429
20080430
20080431
20080501
20080502
20080503
20080504
20080505
20080506
20080507
20080508
20080509
20080510
20080511
20080512
2.00805E+11
20080513
20080514
20080515
20080516
20080517
20080518
20080519
20080520
20080521
20080522
20080523
20080524
20080525
20080526
20080527
20080528
20080529
20080530
20080531
20080601
20080602
20080603
20080604
20080605
20080606
20080607
20080608
20080609
200806099
20080610
20080611
20080612
20080613
20080614
20080615
20080616
20080617
20080618
20080619
20080620
20080621
20080622
20080623
20080624
20080625
20080626
20080627
20080628
20080629
20080630
20080631
20080701
20080702
20080703
20080704
20080705
20080706
20080707
20080708
20080709
20080710
20080711
20080712
20080713
20080714
20080715
20080716
20080717
20080718
20080719
20080720
20080721
20080722
20080723
20080724
20080725
20080726
20080727
20080728
20080729
20080730
20080731
20080801
20080802
20080803
20080804
20080805
20080806
20080807
20080808a
20080808liu
20080809
20080810
20080811
20080812
20080813
20080814
20080815
20080816
20080817
20080818
20080819
20080820
20080821
20080822
20080823
20080824
20080825
20080826
20080827
20080828
20080829
20080830
20080831
20080898
20080901
20080902
20080903
20080904
20080905
20080906
20080907
20080908
20080909
20080910
20080911
20080912
20080913
20080914
20080915
20080916
20080917
20080918
20080919
20080920
20080921
20080922
20080923
20080924
20080925
20080926
20080927
20080928
20080929
20080930
20080931
20081000
20081001
20081002
20081003
20081004
20081005
20081006
20081007
20081008
20081009
20081010
20081011
20081012
20081013
20081014
20081015
20081016
20081017
20081018
20081019
20081020
20081021
20081022
20081023
20081024
2.0081E+11
20081025
20081026
20081027
20081028
20081029
20081030
20081031
20081101
20081102
20081103
20081104
20081105
20081105zzh
20081106
20081107
20081108
20081109
20081110
20081111
20081112
20081113
20081114
20081115
20081116
20081117
20081118
20081119
20081120
20081121
20081122
20081123
20081124
20081125
20081126
20081127
20081128
20081129
20081130
20081131
20081201
20081202
20081203
20081204
20081205
20081206
20081207
20081208
20081209
20081210
20081211
20081212
20081213
20081214
20081215
20081216
20081217
20081218
20081219
20081220
20081221
20081222
20081223
20081224
20081225
20081226
20081227
20081228
20081229
20081230
20081231
200812345
20081314520
20081333
200816321
20081701
20081818
20081981
20081982
20081983
20081984
20082004
200820082
2008200855
20082012
2008228520
20083542
20084444
20085008
20085121428
20085188
2008520520
2008521521
20087418
200874839
200880800
200881287
200882114
200888123
2.00888E+11
200888qqq
20088yue8ri
20089696aa
2008abcd
2008aoyun
2008aoyunhui
2008asdf
2008beijing
2008bjay
2008bjhyn
2008boan1
2008CHINA
2008good
2008H2008
2008happy
2008huang
2008love
2008mima
2008nian
2008riyueji
2008sgcx
2008shoes
2008wang
2008wenping
2008wykbdfs
2008xinmima
2008zhang
20090000
20090102
20090103
20090104
20090105
20090106
20090107
20090108
20090109
20090110
20090111
20090112
20090113
20090114
20090115
20090116
20090117
20090118
20090119
20090120
20090121
20090122
20090123
20090124
20090125
20090126
20090127
20090128
20090129
20090130
20090131
20090201
20090202
20090203
20090204
20090205
20090206
20090207
20090208
20090209
20090210
20090211
20090212
20090213
20090214
20090215
20090216
20090217
20090218
20090219
20090220
20090221
20090222
20090223
20090224
20090225
20090226
20090227
20090228
20090229
20090230
20090231
2009028456
200902fk
20090301
2.00903E+15
20090302
20090303
20090304
20090305
20090306
20090307
20090308
20090309
20090310
20090311
20090312
20090313
20090314
20090315
20090316
20090317
20090318
20090319
20090320
20090321
20090322
20090323
20090324
20090325
20090326
20090327
20090328
20090329
20090330
20090331
20090401
20090402
20090403
20090404
20090405
20090406
20090407
20090408
20090409
20090410
20090411
20090412
20090413
20090414
20090415
20090416
20090417
20090418
20090419
20090420
20090421
20090422
20090423
20090424
20090425
20090426
20090427
20090428
20090429
20090430
20090431
20090501
20090502
20090503
20090504
20090505
20090506
20090507
20090508
20090509
20090510
20090511
20090512
20090513
20090514
20090515
20090516
20090517
20090518
20090519
20090520
20090521
20090522
20090523
20090524
20090525
20090526
20090527
20090528
20090529
20090530
20090531
20090601
20090602
20090603
20090604
20090605
20090606
20090607
20090608
20090609
20090610
20090611
20090612
20090613
20090614
20090615
20090616
20090617
20090618
20090619
20090620
20090621
20090622
20090623
20090624
20090625
20090626
20090627
20090628
20090629
20090630
20090631
20090701
20090702
20090703
20090704
20090705
20090706
20090707
20090708
20090709
20090710
20090711
20090712
20090713
20090714
20090715
20090716
20090717
20090718
20090719
20090720
20090721
20090722
20090723
20090724
20090725
20090726
20090727
20090728
20090729
20090730
20090731
20090801
20090802
20090803
20090804
20090805
20090806
20090807
20090808
20090809
20090810
20090811
20090812
20090813
20090814
20090815
20090816
20090817
20090818
20090819
20090820
20090821
20090822
20090823
20090824
20090825
20090826
20090827
20090828
20090829
20090830
20090831
20090901
20090902
20090903
20090904
20090905
20090906
20090907
20090908
2009090909
2009090925
20090910
20090911
20090912
20090913
20090914
20090915
20090916
20090917
20090918
20090919
20090920
20090921
20090922
20090923
20090924
20090925
20090926
20090927
20090928
20090929
20090930
20090931
20091001
20091002
20091003
20091004
20091005
20091006
20091007
20091008
20091009
20091010
20091011
20091012
20091013
20091014
20091015
20091016
20091017
20091018
20091019
20091019abcd
20091020
20091021
20091022
20091023
20091024
20091025
20091026
20091027
20091028
20091029
20091030
20091031
2.00911E+11
20091101
20091102
20091103
20091104
20091105
20091106
20091107
20091108
20091109
20091110
20091111
2009111111
20091112
20091113
20091114
20091115
20091116
20091117
20091118
20091119
20091120
20091121
20091122
20091123
20091124
20091125
20091126
20091127
20091128
20091129
20091130
20091131
20091201
20091202
20091203
20091204
20091205
20091206
20091207
20091208
20091209
20091210
20091211
20091212
20091213
20091214
20091215
20091216
20091217
20091218
20091219
20091220
20091221
20091222
20091223
20091224
20091225
20091226
20091227
20091228
20091229
20091230
20091231
20091234
200912345
2009123456
2.00912E+12
20091314
20091688
20091977
20091985
20091986
20091987
20091988
20092000
20092006
2009200661
20092012
20092014
20092215
20092599
2009503726
200951178
20095858
20097600
20098888
20099002
20099999
2009abcd
2009anewlife
2009aysia
2009chenkunsi
2009china
2009good
2009happy
2009jiasibo
2009jiayou
2009love
2009nian
2009tata
2009tianya
2009usoi
2009woaini
2009ygjyzx
2009young_tore
2009yuli
20100101youge
20100102
20100103
20100104
20100105
20100106
20100107
20100108
20100109
20100110
20100111
20100112
20100113
20100114
20100115
20100116
20100117
20100118
20100119
20100120
20100121
20100122
20100123
20100124
20100125
20100126
20100127
20100128
20100129
20100130
20100131
20100201
2010020100
20100202
20100203
20100204
20100205
20100206
20100207
20100208
20100209
20100210
20100211
20100212
20100213
20100214
20100215
20100216
20100217
20100218
20100219
20100220
20100221
20100222
20100223
20100224
20100225
20100226
20100227
20100228
20100229
20100230
20100231
20100301
20100302
20100303
2010030303
20100304
20100305
20100306
20100307
20100308
20100309
20100310
20100311
20100312
20100313
20100314
20100315
20100316
20100317
20100318
20100319
20100320
20100321
20100322
20100323
20100324
20100325
20100326
20100327
20100328
20100329
20100330
20100331
20100401
20100402
20100403
20100404
20100405
20100406
20100407
20100408
20100409
20100410
20100411
20100412
20100413
20100414
20100415
20100416
20100417
20100418
20100419
20100420
20100421
20100422
20100423
20100424
20100425
20100426
20100427
20100428
20100429
20100430
20100431
20100501
20100502
20100503
20100504
20100505
20100506
20100507
20100508
20100509
20100510
20100511
20100512
20100513
20100514
20100515
20100516
20100517
20100518
20100519
20100520
20100521
20100522
20100523
20100524
20100525
20100526
20100527
20100528
20100529
20100530
20100531
20100601
20100602
20100603
20100604
20100605
20100606
20100607
20100608
20100609
20100610
20100611
20100612
20100613
20100614
20100615
20100616
20100617
20100618
20100619
20100620
20100621
20100622
20100623
20100624
20100625
20100626
20100627
20100628
20100629
20100630
20100631
20100701
20100702
20100703
20100704
20100705
20100706
20100707
20100708
20100709
20100710
20100711
20100712
20100713
20100714
20100715
20100716
20100717
20100718
20100719
20100720
20100721
20100722
20100723
20100724
20100725
20100726
20100727
20100728
20100729
20100730
20100731
20100801
20100802
20100803
20100804
20100805
20100806
20100807
20100808
20100809
20100810
20100811
20100812
20100813
20100814
20100815
20100816
20100817
20100818
20100819
20100820
20100821
20100822
20100823
20100824
20100825
20100826
20100827
20100828
20100829
20100830
20100831
20100901
20100902
20100903
20100904
20100905
20100906
20100907
20100908
20100909
20100910
20100911
20100912
20100913
20100914
20100915
20100916
20100917
20100918
20100919
20100920
20100921
20100922
20100923
20100924
20100925
20100926
20100927
20100928
20100929
20100930
20100931
20101002
20101003
20101004
20101005
20101006
20101007
20101008
20101009
20101011
20101012
20101013
20101014
20101015
20101016
20101017
20101018
20101019
20101020
20101021
20101022
20101023
20101024
20101025
20101026
20101027
20101028
20101029
20101030
20101031
20101101
20101102
20101103
20101104
20101105
20101106
20101107
20101108
20101109
20101110
20101111
20101112
20101113
20101114
20101115
20101116
20101117
20101118
20101119
20101120
20101121
20101122
20101123
20101124
20101125
20101126
20101127
20101128
20101129
20101130
20101131
20101201
20101202
20101203
20101204
20101205
20101206
20101207
20101208
20101209
20101210
20101211
20101212
20101213
20101214
20101215
20101216
20101217
20101218
20101219
20101220
20101221
20101222
20101223
20101224
20101225
20101226
20101227
20101228
20101229
20101230
20101231
2010123456
20101891
20101904
2010191907
20101982
20101983
20102008
2.0102E+11
20102012
20102206
20103119
201038501
20106789
2010727time
2010800882
20108888
2010abcd
2010jcdd
2010nian
2010tianya
2010wanxue
2010xiaofei
20111365
20111593
20112420
20113891
20114891
201202203
20121220
20121222
20121223
20121231
201288...
201306yjqb
201314.2013
2013141314
20131414
2013141516
20131420
201314584
20131488
201314abc
201314bb
201314qa
201314waif
201314Wonder8879
201314zl
201399zjh
201399zjh.
20141040714
20142033
201430506
20145054
20152015
20162016
2.01642E+11
2.01712E+11
20172017
20173a32
20178686
20180917
20182018
20190009
20192019
2019840811
201987611
202.102.4.14
20201314
20201320
2020202020
202021309
202022247
2020301103
202032129llg
202033ses
20203891
20203910
20204117
20205050
20205188
202060235
20209420
20212021
20212223
20212345
20213891
20220110
20221114
20222022
20224041
20224389
2022846MJgg
2023106659
20232023
20242024
20251246
20252025
20257329
20262026
2027978lei
20282028
202B128c
20301314
20302030
203021101
203033716
20304050
2030405060
20307080
20311086
20312031
20312529
2.0314E+13
20322032
20332033
2033260tian
20344dc9
20345156
203513200
20352035
20359879
20372037
2.0373E+12
20378921981
20382038
20392039
20402040
20406080
2040608010
20409236
204103615
20432043
2043wade
20451303
20452045
204587mm
2046000ai
20461115
20461203
20462046
20462047
2046520aaa
20466402
20466452
20469527
20471120
20472047
204771f2
20482048
20491001
204978860
20500250
20502050
205031521
20505791
205077764
20508090
20508891
205118001
20512051
205181825
205201314
20521101
20525085
205279573
2.05319E+11
20542054
20562056
20582058
20611132
20642064
206534wq
20678363
20702891
207061196
20736531
20772077
20782078
20792079
20799822
20801122
20802080
208040C0
2080555a
20806422
2.081E+11
2081033699
2081512002
20821002
20824015
20838419
20862086
20872087
20882088
20891905
20892735
208kefu776
208sh208
20902891
20911205
209114251
20912091
20925261203
20931320
209345743
20982098
20989009
20991314
20992099
20AC4ac2
20b427a0
20c862F5
20cb0216
20D77110
20ec79a7
20ef49af
20english
20f57989
20zjk6124004
21000000
21001123
21002100
210046yyj
21006659
2.10099E+15
21012015
210120177
21013891
2101724Jay
210198468
2.10214E+14
21022102
210312090
21031313
21032103
210325013
21042104
21049585
21052105
210526045
21054679
21056785
2105963465
21060100
210603q1525
21062106
21070279
21072107
21072268
210778420
21081010
21082108
2.10823E+11
21083313
21087628
210877ren
21092109
21095711
21097956
2110050411
21101200
21101332
21101957
21102110
21111111
21112028
21112111
21113891
2111740e
2111a108
21120903
21122782
211286712
211314000
2113141314
21131415
21131421
2.11314E+11
211314520
211314521
21131499
211314love
21132113
2113221986
21141111
21142114
211511330
21152115
21162863
21165005
21165118
21169469
21170679
21172117
211752100
21182118
21184333
21192119
211983928
21199287
21200899
21202120
21204891
21211314
2121131421
21211321
21211421
212118113
21211891
21212156
212121hi
21212211
21213521
21214837
21215791
21216507
21216891
21217123
21219421
2121ab1212
21220036
212200810
21220612
212212212
21222122
21222222
21222324
2122232425
21224EE7
21230419
2123242526
21232426
21235456
212359root
212418213
212428917
21246637
21251314
21251566
21252125
21252813
2126132ascc
21262126
21264634
21265134
21271400
21272127
21278386
212812shu
21281327
21282128
212900384
212929gzg
21293859
212e3337
21300000
21302130
21305688
21306340
21312131
21314151
2131415161
2131758282
2.13204E+13
213213lv
21322132
2133094a
21332133
21342134
21342153
21345026
21346136
21346578
2135037213
21352135
2135777931
21362136
21362804
21365789
21382087
21382138
213841988
2.14E+11
21400hxs
21402140
214101619
21412141
214129721
21422142
21423142
214256964
21432143
214322517
21435678
2143658709
214365879
2144141014
21442144
21445514
214520205
21452145
21460046
2.15E+09
21461562
21462146
21471347
21472147
2147483647
2147483648
214788938
21478963
21482148
21489707
214917818
214923611
2149381375
21502150
21503000
2150333333
21504571
21512151
215201314
215215215
215282748
21532153
21534500
21541484
215436724
21552155
21552928
215533ac
215537663
215590000
21561314
21562156
21562247
21581010
21582158
215861923
21597321
21602160
2.16068E+11
21607891
2161117107
2161225xp
21613326
216203926
21622162
216221fc
21624572
21632163
21639229
21642164
21652028
216568754
21662166
21663621
21663621ff
21682168
21685026
216918508
21702170
2171707882
217217217
2.17252E+13
21730000
21734465
2175770563
21761317
21770325
21771337
21771881
217891qqqq
21820427
21831220
21831445
2184197a
21852185
21862186
21881000
21885276
2.189E+11
21892189
21894angel
21897182121
21899821
21902190
21912354
219219219
21928265
21937999
219616262
219619919
21972197
219751122
21981080
21982198
21984-03083
21985595
2199127551
21991314
21992199
219c5871
219SHEJY
21AINIYAN
21b61029
21b84da1
21ba1461
21CA00db
21century
21cn.com
21e350eb
21e5585d
21FB21a5
21huihui
21sjcity
22001117
22001166
22002200
22003276
220041229
2201021965
2201041984
22010480
22011111
22012201
22012341
22014891
22015932
22017891
220220220
2.20222E+14
22022202
2202321085
220233qfw
2202422024
22024232
220303aa
22032203
220325507
22033600
22039813
22040203
22042204
22052205
2.20524E+13
22057118
220617520
22062206
22063531
22072207
22082208
22083941
22092010
22100891
22102210
22104636
22106836
22110212
221102999
2211198lili
2211198msl
22112211
2211234567
221125zhj
22112891
22113344
22114891
2211836lxc
2211yydy
22120000
2.21205E+13
22122212
221285861
221314520
22132134
22132213
2.21327E+13
22134843
22135132
22152215
22155190
22160931
221611890
22162216
22174241
221775lxl
22182218
2218456391
22192219
22193877
221977468
22199678
22199999
2220061550
222017sn
22202220
22204136
22212221
22221015
2222200000
22222001
22222211
22222220
22222221
2.22222E+11
2.22222E+15
2.22222E+19
22222222a
22222223
2222222ya
22222233
222222aa
2222255555
22223339
22226118
2222aaaa
2222bbbb
22232223
22232425
222333111
222333222
22233323
222333456
222341314
2.22368E+11
222444666
222514192
22252574
22257130
22260478
222628914
222666888
22268ggkk
222718222
222723abcdef
22277571sam
222888zzj
2228983735
22294514
222a111b
222b005B
222C73da
222q222q
22300223
22302230
223027509
223031520
22312231
22312291a
2231778123
22318710
2231922123
22322152
22322232
223223223
223224306
223241000
22325c80
22331218
22332233
223330108
223334444
22335566
2233557700
22335588
2233588688
22336655
22336699
22337788
22338899
22342234
22343234
22343410
22344443123
2.23468E+11
223511032
22352235
22352255
22352520
22362236
22365222
22372237
22373390
22377322
22380768
223826121
2238497a
223921414hl
22393847
223e6928
223f58B5
22402240
22410303
22422242
224224224
224290285ywj
22430306
22432243
2243252721
224347abc
22442244
22445566
2244668800
22446688abc
22448498
22450504
2246567A
2.247E+12
224711811
22471615
224718mt
22482248
22485757
22490884
22492249
22502250
2250276896
22512251
22513664759
22516656
225201314
22522252
225225225
225226687
22526771
2.25327E+13
2253459123
22536875908
22539245
22549293
22552255
22556633
22556655
22556688
22557518
225588123
22558833
22558899
22562256
22572257
22580696
225816lin
22582258
22587758
225F5df4
22600212
2260433603
22605401
22610766c
22612217
22612261
22622262
226226226
22631036
2.26318E+13
22632263
22637201
22641822
2.26432E+12
22646334
226565506
22661486
22662266
22665720
22667788
22668800
22668844
22668899
22682268
22692269
22705043
227169532
227227227
2.27321E+11
22735401
22741380819
22742970
22750104
22754188
2.276E+11
2276182c
22763115
227645721
22766506
22771188
22772277
227799345
227811023
227a4462
227A5bb2
22802280
22803144
22812281
2281672603
22820920
2.28218E+11
22822102
228228228
22833229
2284416123
228454287
22847707
2284789yyj
22862286
228680722
22869005
22870928
228754552
228777834
22882288
22886666
22889250
22900000
22902290
22910488
22912EFC
2291990229
229229229
22927097
229299951
229386455
229528622
22962aa6
22966856
2.29681E+13
229715774
2297974159
22985496
22992299
22993141
22AC1981
22b3595B
22c0503a
22cb12e9
22cf0f3c
22D03a24
22dc23c9
22EC6222
22xx2001lu
23000000
23000440
230009hlx
23002300
2300250403
23007433
23009037
23012301
2302104c
23022302
2302264520
230230230
23023631
230267054
2302785121
230300807
23032303
2305021981
23052305
23055335
23062119
23062306
23068784
23069052
23069910
230711qiao
23071979
23072307
23080274
23081712
23082308
23089278
23092309
23094333
23100611
23102310
23103410
23111123
23112311
2.31147E+11
2311578321
23116293
23122312
23122782
231231231
23126f18
23131423
23132313
23138581828
23142314
23143834
23145789
23151206
231519149
23152315
231564897
23161151
23162316
23166458
23169992
23172317
23182318
23187510
231893abcd
23192319
23195154
23195580
231999tt
232018__
23202320
232134403
232140792
2321721981
23220018
23220126
2322050331
23220909
23222322
232232232
23223387
23224446
232245301
2.32252E+11
23230004
23232233
23232318
23232424
2323296ch
23233232
232345456
23235656
23235858
23238087
23239014
23242324
2324252627
23245437
23250042
23252325
23252983
23257791
23262308
23262326
232689270
23270075
23272327
2327456a
232750038
23276597
23280930
23282247
23282328
23282624
232840789
23292329
23304187
23304265
23304569
23304661
23306880
23309584
23312331
23312586
23313230
23313575
23315997
23322332
233233233
233235545
23323678
23323838
233288czy
2332hueg78
2333024500
23332333
23332558
23332626
23335948
233387624
23342334
2335072748
233529510
23362336
23371252
23375992
23380403
23382033
23382338
23384469
23389069
23389266
23390713
23392295
23395511
233973203jpf
23400692
23403fda
23406170571cj
23412341
23413366
23421314
23422342
2342916257
234338636
2344214793
23442344
23446426
23447485
23455392
23455432
234561aa
2345623456
23456712
23456788
23456789a
234567as
234569123
23457814
234584124
23458441
23458915
23462346
2346660195
234707623
23472347
23482348
234850110
234862692
23487397
234890210
234wersdf
23501300
23502350
23503617
23505545
23506817
23507122
23511787
23511D43
23512351
23513500
235201314
23521178
23521860
235235235
235285988
235290ph
2.353E+11
2353022020
23531200
23535811
23535ABC
23537792
23542645
23552355
2355325min
235535312
2355360125
235572222
2.35606E+11
23562356
235659241
23567890
23568900
23568911
23568923
2.35689E+11
23568974
2357055555
23571113
2357111317
2.35711E+11
23571434
23572354
23572357
23575116
23581321
2358132134
23581347
23582358
23592359
2359678363
235a235a
235A509c
235B5155
23602360
236102098
23612361
2361414zt
23618201
2.36187E+13
23622362
236236236
236251298
23632363
2363550512
23639867
23641247
2364795789
23651251
23652365
23652521
23653755
23654321
23654789
23657557
2365809966
2366.88822
23661631
23662366
23665240
23666564
23677316
23682368
236843453
236862646
23687252
23692147
23692369
236927sh
23694207
23698741
236987412
23698gsysey2k
23699146
236D23a0
237003sq
23706264
237142hgj
23714520
237187935
237237237
23728499
23740030
23742762
2374364PCH
23752849
237546803
23761332
2376825253
23777DEF
23782378
23782379
2378young
23791175
23792379
237e41BB
23802380
23808888
238105liu
23812381
23813525
23816191
238238238
23846264
2384626433
238555061
238571211
23858050
23866878
23867C3F
2387023870
23874021
238786yang
23882388
23883991
23884009
23885525
2.38866E+13
23887679
23887915
23892389
23898115
238b1C4F
23902390
23908633
23922392
239239239
239249guo
23926280
23932393
23937001
23939889
23944082
23952970
2395347860
2395562123
2395642dsw
239610982
2396363a
23970100
23974014
23980670
23982398
23991140
23992399
239d103A
23df504C
23f47691
23FC2494
23jordan
23jun23jun
23qwe23asd
23tianyu
24002400
24012401
2401787918
24022402
24023472
240240240
24030921
24032403
24034689
24042404
24045503
24049743
24052405
24062406
240648DC
240679647
240702270
24072407
24074709
240798581
24082408
24094232
240955648zln
241020BJN
24102410
2411035230
24112411
24114712914
241150626
24122412
24122612
24123198
241236082
24125536
241263484
24132413
241422600
24142414
24152415
24159413
24162416
24172417
24182418
24202420
242044070
242102166
24212421
24212672
242141581
242191330
242226hclzz
24223931
242289804
24231158
24231869
24232423
24234094
24252425
24252627
24262426
24268855
2427217430
24278384
24282428
24286b56
24302430
243049215
24306012
2430652110
24306666
24312431
243497597
24351845
24352435
24354486929
24362436
24367826
24372437
2437296561
24374925
24378603
24382438
243850743
24385699
244087540
24413659
24422442
24425178
24451903
24468044
244810747
24483146
244840554
244891gz
244974000mn
24500wzh
24501365
24510528
24512451
24515181
245201147
245245245
24532453
24540685
24562456
24565012
24567311
24567890
24572457
24574862
245761925
24582458
245834578
246246246
24631912
24635439
24669988
24672467
24674508
24678900
24678aaa
24680000
24680063
24680123
24680135
24680200
2468024680
2468097531
24680abc
2.4681E+11
246810feifei
24681234
2468135790
24681379
24683579
246837915
246873915
24687531
24688642
24689387
246897531
2468abcd
2468love
24691356
246913578
24692469
24704170
247062373
247152003
24724154
247247247
24726939
247295511
2474730716
247558331
247627924
24777d6d
247822441
24782478
24790318
24802480
248163264
24832142
24836569
2.49E+87
248579048
248615379
24861793
248617935
24862486
248626291
24862684
24863179
248631795
24865000
248783288
248783ggg
24882488
2489189124gw
24902346
2490566728
2.49057E+15
249057850
24914EE0
249175624
2492535y
249321911
249517132
24952680
24954091
24957355
24980160yu
24985133
24992499
24994537
24@big066
24a61829
24b26ff7
24B64554
24l13e02e
25000000
2.50012E+11
25001300
25002500
250052947
25012056
25012501
25012502
25015942
25021010
25022502
250244603
250297440
25032503
250335627
250343681
25042504
2504616147
250472175
25052099
25053596
250563418
25061941
25062506
25070000
250745681
25082508
25085220
25092509
250929123
25095458
25101589
25102510
251120223
25112511
25114721
25115183
251171016
25120324
25122512
25122828
251245664
25125123
251251251
2512616abcd
25131400
251314000
251314123
2513141314
25131415
25131425
251314521
2513147758
251314ok
25132513
25132514
251328628
25135273
25136zhu
25137767
251415844
25142281063
25142332
25142514
25152515
2515787
25162516
2516441984
2.51674E+12
25172517
251768927
25182518
251828520hn
2518425184
2518836248
25192519
251938988
25194028
25197758
252013032
2.52013E+11
25201986
25202520
25202755
252036qvtf
25204269
252053176
252054731
252083qqq
25209328
252108135
252110176
25211314
252125114
25212521
252137985
252150205
252166439
25222522
25222741
252252252
25232523
252329720
252387444
25242524
25245443
25248678
25251205
25251314
2525131425
252513250
2525132525
2525132588
25251425
2525145225
252515144
25252255
25252426
2525252525
2525639x
25257755
252577588
252577589
25257758a
25257758sm
25257785
25259238
25259775
252597758
252600788
25260912
25261314
25262728
2526272829
2.52627E+11
25262829
2526TZDJ
252707911
25271314
252713257
252779998
25282528
25283879
25292529
252950560
253002zm
25301179815
25302530
253028003
25304759
253102715
25312531
25322532
25323908
25329090
25332533
25336420
253368011
253401815
253408100
25342534
253441037
25352535
25355686
25361758
25362222
25362536
2536496481
25369382
253699360
25372537
253825948
2538574e
253905292
25392539
25399632
25412541
25412823
2541724E
25419971
25428204
25432543
25434981
254391269
254483185
254510521
254517422
25458307
2545opjAS
254685427
254712500
25472547
254750345
25482474
254854996
254863816
25487985
254962923
25503878
25508138
25510720
25512924
2.55136E+11
25520c76
25522552
25523507
25524fb7
255251252
255255255
25529917
25530552
25531003
25536736
25540902152
25552692
25565701
25582558
25584222z
25584920
2558648590
25600991
256060502
25606574
25611314
25612561
25615331
25623288
256256256
2.56257E+11
2562a4944
25632563
25633652
2.56343E+13
25643358
256502550
25650601
25650641
25662566
25665776
25671255
25675291
25679188
25680212
25681457i
25681856
25682086
25682568
25685651
25692569
25693709
25695537
25702570
25706213
257143CA
25724900
257257257
25731371974
25733667
25739288
257758521
25776016
25782569
25782578
2578293xxx
25787856
25800000
258000258
25800852
25801234
25806558
258118489
25812581
25814f54
258157390
258159357
2.58168E+11
25819299
25823935
2582525825
2582525975
25825259775
258258*8
25825800
258258123
25825825
2.58258E+12
258258369
25825888
25825897758
258259250
25826456
25827758
25832683
258369123
2583691470
258369258
2.58369E+11
258369369
258369abc
258369bb
258369ok
258369qq
258433069
25845600
258456123
2.58456E+11
258456qq
25845822
25851301
25852258
25854800
25857432
25862586
25864560
25870000
25872136
25872187
25872587
258741369
2587419630
25876210
25877148
25877580
2587758258
2587758520
25877588
25878321
258789123
258794613
258798463
25880288
25881230
25881401
25882588
25882621
258852258
258852aoe
258870004
25888747
25889699
25889761
2.58909E+11
258921521
25892369
25892589
25893113
25893121
25893204
25893613
25894080
25894446
25894794
258950945
258963147
2.58963E+11
258dd379
25911314
25916072
25918011
25921314
25923400
25925138
25927847
25928245
25932298
2.59382E+12
259431753
2596364fall
259714025
2.59758E+11
25977580
2597758521
25977588
259775885
25982881www
2598565@126.com
25988888
25991314
25992107
25992599
25993599
25993837
25996015
259a4268
25a72CC6
25A82e29
25AE117a
25B640e0
25b914da
25cc7852
25e24ED5
25E47684
25f5149f
25yuanjuba
260005714
26002600
26012601
2602090126
26022602
260257654
260260260
2603068332
260313031
26032603
26042604
26050108
26060680
26062606
26072607
26076116
26082608
260916513
26095333
2.61026E+11
26102610
261110592
26112611
261131063
26122612
26123618
261261261
261308ng
26131393
261314czm99
261325mrj
26132613
26138003
2614051mn
261505222
261516976
261546832
26159886@126.com
26179389
26181111
26182618
2618732e
26191700
261978729
261E758f
262007360
26202620
26202669
26202898
262095352
26214057
26218834
26229896
26231009
26232623
262403zxc
26242624
2.62483E+14
262514520
26252625
262542258
26255925
26261122
26261954
2626262626
262626ab
262633887
262646554
2626@totti
26272627
26272829
26277945
2627821815
262799505
2628001002
26282628
26282930
262831224
26292629
26293071
262970614
263010ln
26302650
26305424
26305951
26306906
26312631
2631363110
26315059
26316119
26316the
263197589
263263263
26331788
26332633
26333558
263425082
26342960
263446629
26344761141
26345385
26347607
26352635
26360643
26362636
2.63647E+11
263656502
26365715
263687697
26371005
26371604
2639532007
263964560
264017923
26414340
2641926504ice
26432643
2643383279
26434486
26465022
26482648
2648334dq
26505ef0
26512651
26513344
2651772200
26518888
26519100
26521468
26524481
26525390
265265265
26529152
26531246
26531740
26532653
26535897
2653589793
26537691
26540789
26546452
26560142
26561314
26561314yang
26563905
2657496123
2658046gy
2.65823E+12
26584586
2658716521
265874587
26591314
26592659
26594837
26606581
26607448
26608818
26608866
266266266
26630439
26633710
26642160
26643818
26647432
26655217
26658145
26673788
26681290
266813274
26681348
26685637
2670716a
26716071
26722672
26733044
267405508
267448975
2674604o2674604
26755969
26762676
26802680
2681147259
26818145
26826546
268268268
2683033628
26841397
268413975
26841987
26842684
26859837
26866034
26870390
2687abcd
2688053my
26882688
26888518
26888826
26889100
268B3269
26901386
269056156
2691171d
26912555
269269269
26948791
26952695
2695king
2696947327
26982266
269849918abc#
269879968
269935960
269961902
269E1351
26F04fdd
26F479a8
26FF50bd
270017544
27001872
270068314
27007207
270136273
27020460
27034391
270350293
270489975
270700137
270715691
2707592D
270819953
270855224
270970121
27104129
2710594168
2.71059E+12
27112711
271140743
2712261qaz
2712385hyj
271315775
27135973
27142714
2714927149
271573962
27160623
27162716
27163020
27174617
271783589
271809878
27182718
271828182
2.71828E+12
2.71828E+11
271856373
271914zmc
271b0E83
271d08ba
271f0AD6
27202720
272036773
27204910
27206481
27209361
27214206
27214417
27220620
272211628
27223091
2722747wawa
27229817
272346230
27239416
2724251314
272501052b
27251919
27252699
27252725
272534975
272535600
272601699
272639442
27272222
27272277
2727272727
27281627
27282728
27289678
27296922
272984711
27301886
27302158
27303247
27305277
273080563
27312713
27312731
27316731
27321017
27322732
273325530
27341101
27342734
273449673
273459552
2735230748
273570696
273585825
27360105
273645621
27372880
27376304
27376547
27376891
27384616
27384636
27391651
27398921
27412849
274284325
27433126
27448542
27455140
274582166
274700383
274809203
2748230735
27482748
27485109qq
274920340
27495898
275091865
27511820
27512751
275155834
2.75156E+11
275156809
275196506
275304f0
275377970yy
27546322
27547284
27551164
275716438
27572181
27576012
2758115200
27582842
275rysahbj
276016592
2761202416
27613624
27641212
27641601a
27643172
27644066
276450023
276460543q
276645710
27664781
27677815
276853326
2769040lwh
27691029
276951438
27709358
27710221
27713757
277262934
27727727
277420327
27750930
27761989
27776720
27782778
277950648
27803310
27814068
278423304
278440332
278567048
278676809
278737170
278773429
278778204
2787854087
27881598
278899172
27890956
27892789
27896327
27912791
2.79171E+11
279184321
27934000
27950288
27956342
2796381988
27972289
2797471E
279750814
279911586
27996473
27AB466d
27B14f51
27BA2b02
27bb55EB
27CD0532
27D47b13
27f0304A
27f14f5b
2800101qwe
28002800
2.80E+08
28012801
28020067
2802208911
28032803
28035903
28042551abc
28042804
28062727
280775803
280801130
28082808
28102810
28102839
28103718
2810390b
28108787
281183857
28118900
28122812
281272760
28129588
28130299
28147023
281476770
28150325
28152815
2815297qq
28155709
281577y999
281599394
2.81609E+12
2816128161
2816164b
28162816
28163824
28180560
28180888
281812471
28181812
28182818
28182918
282000ryj
28202757
28215352
2821757169
282209662
28224596
2822506117
28230E8D
28247978
2825628257
28256432
28262826
28266005
28271669
28271812
28271880
28280016
282821698
282826341
28284787
2828583
28286880
28287758
2828975885
28292829
282936168
283007665
2830151530
283042960
2830478lyl
28309153
28312831
2.83162E+15
283198574
28327787
283431148
28349422
283502797
28360551
2836909a
283706256
2837290xyb
28374655
283814580
28384858
28392839
283947193
283951107
284042637
28413380
28414640
2841493160
28422163
2843028113
28430950
2843412761
284365780
28440457
28440458
2845628456
28456629
284568638
28462846
28463a4e
2847594jj
284866587
28512424
2851588285tse
28516228
28525252
2852676000
28532666
28540617
285409223
28545293
28550170
28561654
2856216948
28562856
28568474
285698857
285723382
28576185
285814511
2858194601
285858230
285867056
285920584
2859283632
28599496
285D2f39
28609854
2.86126E+13
28614512
28625891228
286421485
286433136
28654652
28662866
2866655114
28671ab4
28676768
28682868
286929869
28693845
28701161
28701255
2.87054E+13
28707998
28709856
28713455
28721247
28721261
28726075
287472770
28751396
28757060
287646795
287669330
28773061
28780808
28786531
287921022
287Livegreen
28802880
28812881
28821045
28822882
28825252
28826392
28829004
28831437
28841114
2.88455E+13
2885532lidan
28856677
28857306
28864460
28867472
2887415157
28882888
2889518899
289022867
28902890
28908015
28910101
28910192
28910309
28911628
28912891
289140947
289161850
289200610p
289239392
28937981
28941153
289454237
2.89503E+11
289544420
28969683
28978300
2.90E+48
28987152
289897259
28989836
28994555
289954392
28995666
289963614
289C20a5
28AF38f7
28af3f79
28AxrpuNFA
28AxspuMFA
28AxspuNFA
28c12b80
28C3509f
28c60ade
28D932f9
28DA39b2
28E351ec
28f14eda
28qacq2w
28qtiouNFz
28rtiouNFz
28rtjntMEy
28rtjntMEz
28rtjotMEz
28rtjouMEz
28stjntMEy
28stkntLDy
28stkntMEy
28yxqqvNGA
28yxqqvPGA
28yxqqvPGB
28zxqpvNGA
28zxqqvNGA
28zxrpuN22
28zxrpuNFA
28zxrpvNFA
290037604
29012901
29032903
29034166
290495150
29060985
29061748
29068012
29068259
290773696
290779543
29081166
290832047
290990www
29102910
29103092
2910715568
29115500
2911797114
29118665500
29121302
29127463
29128352
291291291
29129968
2913179zz
2.91487E+11
29155448
2915829158
29170b54
29172917
291821022
29182918
29184000allen
29187930
29192919
291934179
291943924
2919445~~
29201314
29202920
29213148ll
29245218
29251314
292513148
292547955
29258521
29271414
29280177
29281378
29282928
29288492
29290101
292906511
29292929
2929292929
29302930
2930521d
29317477
29320628
29336210
293372a0
29341673
29370337
29382b08
294013695
29422942
294558414
29458934
29462946
294696649
294753618
294828098
294857703
29487F2A
295001423
29502950
295201314
295272aa
29530da8
2954439622
2956829568
29586414
295992003
295d5cd9
2961yangan887
29647275
2.96506E+11
29652965
296541855
296686553
29672967
296790117p
29692969
296f81xj
29706511
29710601
297166463
297197527
29747504
29769088
297960919
29802104
29803365
29816285
29831227
29831313
29833983
29838743
298644701
298699123
298754154
29882988
2991696121
29922992
2997195414
299793458
29989164
29991215
299XL175
29AD5407
29CB6cf4
29cc69ba
29EA76cf
29F57cbf
29F60b5c
29sdqzmhhj
29yxqqvPGB
2A052f40
2a07124B
2A0A4608
2a0b1683
2a1e2ED5
2a2b036a
2a2f7A67
2a3a4a66
2A4D1dfe
2A6462ab
2a8c18B3
2A947248
2a9e0c9f
2aaiiorl
2AC27083
2ac86ef2
2ad85CCF
2ad85f5f
2ADC6397
2ae64f12
2af4480D
2B053ca2
2b1827FF
2b292c5e
2B2B18b1
2b5d23B2
2b5fg111
2B6077ad
2B8E1ee9
2b9506e6
2bc80EAE
2BC84618
2BD87c8b
2BDD0dfd
2bef17b2
2bef3ab5
2c0734f5
2C295b61
2C480acf
2C4B236e
2c4b4cf3
2c5b0bf5
2c642AE8
2c6a79D2
2c717798
2C721e8d
2c89024b
2c98009b
2ca55b2f
2CD6202a
2cda6906
2cdb61DA
2CEF4e9a
2CFB4186
2d29558a
2D38035f
2d441A7C
2d4b1D97
2d500583
2d555b9a
2D7D24a5
2d7f2ab4
2d7f734a
2DA97b31
2daf287B
2DB57ff4
2DC24ca4
2DCB07e2
2DCB2300
2DDD3499
2dfe2ac8
2e1a27DD
2E1B2e95
2E282966
2e2e33AD
2E553030
2e5b24AD
2E5F2100
2e9b3D10
2ea85DAB
2eab55d5
2EAB70f4
2EB75a98
2ec02310
2ECF372a
2EE83ab1
2F0A4b54
2f1253C5
2f173e41
2f2a21B9
2f3d2834
2f407d91
2f492306
2f4c4433
2f57057f
2F62673f
2F683ac5
2f961b52
2fbb4d22
2FEF51b1
2ff979eb
2FFB3763
2gether4ever
2jm483hot
2l3i4b5o6
2lxxajux
2m56xE2AJT
2m56xExAZS
2m56xExAZT
2m56xF2AJT
2m66xF2AJT
2n66xF2AJT
2n66xF2zIT
2n66xF2zIU
2n66xF2zJT
2n66xG2zIU
2n76xG2yHU
2n76xG2yIU
2n76xG2zIU
2O08l234
2oo66790
2oxxalxx
2p76xG2yHU
2p76xG2yHV
2p76xH2xHV
2p76xH2yHV
2p77xH2xGV
2p77xH2xHV
2p77xH3xGW
2p87xH3xGW
2pfxd4v1
2q3w4e5r
2q3w4e5r6t
2q87xH3wGW
2q87xH3xGW
2q87xI3vFX
2q87xI3wFW
2q87xI3wFX
2q87xI3wGW
2qazcde7
2qq2qq2qq
2r87xI3vFX
2r87xJ3vFX
2r97xJ3vFX
2r97xJ3xEX
2r97xJ3xEY
2r97xJ3xFX
2r98xJ3xDY
2r98xJ3xEY
2ra7tK310Y
2rb7tK310Y
2rb8tK310Y
2rb8tK320Y
2ruoning
2sb8tK420Z
2sb8tL420Z
2sc8tL420A
2sinxcosx
2tangtang
2tc8tL420A
2tc8tL421A
2tc8tM421A
2tc8tM431A
2tc8tM431z
2tc9tM431z
2td9tM431z
2twocaca
2ud90N531y
2ud90N531z
2ud90N541y
2ud90N542y
2uFoEver
2W00dpr0
2w3w4w5w
2wm28mntrr
2wobamage
2wsx2wsx
2wsx4rfv
2wsxxsw2
2wyl008dy
2WZwJXUk
2yuechu1
3*zAbmiao
3..1415926
3.141592
3.1415925
3.1415926.
3.141592657
3.14159267
3.141592679
3.1415926a
3.1415928
3.141596
3.1415962
3.142.71
3.143.14
3.2.1.0.
3.3.3.3.
3.6.9.2.5.8
30000000
30001339
30003000
300068323
300081ab
3.00101E+11
3001025b
30013001
30013891
30016891
300187726
300200100
30021503
30023002
30024300
3002649369
300276717
300280loy
300300300
30031001
30033003
30039812147
300400sjy
30049641
30063006
30073007
30083008
3008duan
30093009
30103010
301051522
3010531008
30108891
3011202207
3011221009
30113011
30114965
3011594xwj
3011811046
301202303
30123012
3013001300
30130213
301302303
30132014
30133013
30141592
3014159265
30141592653
30141592654
301415927
30141596
301415seven
30143014
30153015
3015447ckj
30163016
3017625354
30183018
301900123654qwer
30201200
30201314
3020201088
30203020
30213021
30215551
30215891
30218848
30223022
30225130
30233023
30243024
30253025
3026001225
30263026
3026cctv
30273027
30283028
30293029
302962815
3.0298E+11
302honz9
303016121
3030256123
3030303030
303030li
303034070
30305217
30306060
303067746
30307757
303091230
303105004
3031211145
30313031
30313233
30313886
30317577
303266562
30333033
30334487
30335124
303357531
303358218
3034261126syf
303464115
303650624qw
303667077
30370911
30375358
303776998
30383038
303849b7
30393039
303A4fc6
303e134C
304006691
3040121042
304031040
30405060
304059224
3040kong
3041116040
304143365
30414443
30419638
304220180
30422375
304334627
30449289
3044deng8663ying
304511020
30453045
304540811
3046112006
30461479
3046317zyh
30468890
30470324
30474402
304753df
30481c76
30482021
304961lun
304967812
30500659
30505019
30510312
30511314
30513051
3051822zpp
305201314
305305hong
305339040
30535719
30543054
3.05518E+11
305530035
305561857
305623020
3058046236
305918510
306048711
306062064
306111917
30623062
30624100
30624300
30624700
30624770
306330033
3064170612
306497080
306502633
3.0653E+11
30653065
3065925521
306601016
30663066
306648209
30693069
307060215
30714059
307210200
307218127
30728755
3.07288E+13
307308309
30733073
307339526
307489630
307593233
30761802
307655682
307802818
307@@527
307b1F1E
307ilike
307joan307
308009625
3080577232
308106306
30813081
308159277
308176246
308273421
308333345
308501zzjj
30853085
3085328625
30853488
30859957
308704060
308752680
30883088
308905729
309184060
3091896162
30934361
309413391
309416920
309417198
309506515
3095137155
309579539
309751984
30982101
30983098
30990277
309909701
30993082
30993099
30a806D6
30B71d80
30bb4CA0
30bf2dd5
30D82d6a
30e12ABB
30e8057E
30FA3e0d
31001006
3100104301
31003100
3100435597
31007513
31010080
310103513
3.10106E+11
3101091984sdby
310110760
31012126
31013101
31014891
31015891
31020583520
31023102
31032428
31037963
31037hanxu
3104037054
31043104
310459cc
3105005793
31053105
3.10609E+11
31063106
310653zzz
310701300
31082679cc
31083108
3108536zsx
310888888
31091202
31093c5d
310986618
310D5e44
310lzvn10
31102815
31105891
31106891
31110891
31113891
31115992
31121977
31123112
31130029
31131420
31133113
3113681lzr
311415926
31143114
3115120328wst
31156022
31173117
3118040931
3118200244
31183118
311918le
3119221124
31194fcd
31201314
312016721
31203120
31207319
312111755
31213121
312135728
31213891
31214212
312145214
312148290
31214891
31215891
312159830
312162600
31216891
312188lzz
312210179
31223122
312312353
31233123
31234511
312353213
31243124
3.12455E+12
312470253
31251611
31253125
312618278
31263126
312645978
312663580s
31273127
31283128
31283930
31293129
31296810
31300021
3130101975
31303130
31306723
3131313131
31313311
313137yhhll
31316300
313201452
31320706
31323132
31323334
313313313
31332586
31333133
31351349c
31362921280
31363136
31367803
31373137
31374005
313747900
313764451
3.13912E+11
31400000
314036589
31404891
31413141
31415126
31415161
314151zq
3141531415
31415900
31415920
31415923
31415925
314159260
3141592600
314159261
3141592611
314159262
3141592627
314159263
31415926314
3141592650
31415926520
31415926528
3.14159E+12
3.14159E+13
3.14159E+14
3141592655
3141592656
3141592657
3141592658
314159266
3141592666
314159267
3141592678
31415926789
314159268
3141592688
31415926927
31415926a
31415926aa
31415926abc
31415926abcd
31415926h
31415926l
31415926qq
31415928
31415929
314159314
31415988
314159abc
314159xf
314159zzb
31419037
314219liu
31423142
31425364
314285769
31432331
31433613
314358300
314410fzywrh
31442149
314432289
31443989
31445810
3.14485E+11
314485995
3145125214
31453145
314585584
31460715
314621211
31463146
314647921
314731026
31480257
314823120
31482548
31492768
314D1d9c
31502891
31503150
315042763
315063102
315071946
31510282
31514114
315189380
31531500
31533153
315357344sa
31536000
315397010
315415515
31552535
31553155
31554773
315550584
31555300
3155530520
3.15553E+12
3155530ming
3155530wyx
31556926
31560132
31563156
315648237
3156880335
315717686
31573157
31576658
31583158
31584729
315954135
315_shouders
31600506
3160265678
31603160
31610999
31612177
316129265
31615239
316201170
316218117
31623162
31624544
3163161981
31632942134
31643164
316497852
31657567
3166227877
31662354
31663166
31663166w
31665757
31667416
3.16694E+15
31673167
31674979
3167650148
31678888
31680906
31683168
31683169
316879565
31693169
3169693421
317024792
31703170
317066441
3170731707
3171992127
3.17254E+13
317317317
31733173
317339856
3174162c
317644428
317644428)
31773177
317744abc
31776974
31783178
31787564
31788307
317969113
3179888789
31799475
318000QQ
31803180
318109xx
318130063
3182041330
31829730
318369318
31839097
3184480099
31853211
31863186
318723580
318756+-
318826129
31883188
31893212
31901242
3190889yangke
319150b9
31929339
319519CGD
31953195
319609448
3196101027
31963196
31973197
31983198
31985888
31993199
31C858c7
31CF0a03
31D05be1
31f040e3
31F573f6
31hcy17lg
32000000
320021313
32003200
32010203
3201121975
32013201
32014318
32014891
32015011
32015891
32016891
32021919
32021979
32021982
32023202
32023215
320293464
3203231986
3203241984
3203251980
32033203
3.20382E+11
32039684
3204154a
32043204
32048319
3204831983
32050789
320524zkl
3206211986
32063206
3206870367
3207045299
3.20721E+11
3207214035
320721ww
3207231983
32073207
32075188
32080518
320811yy
3208261982
3208261984
32083208
3209020066
3209211984
3209241987
32093209
32100000
32100000tt
32100123
32106640
32109991
3210abcd
3210mnbv
3211020439
32110891
3.21123E+12
321123321
3.21123E+11
32112333
32112345
321123lw
321123qqq
32113211
3211321515
32113234
32115691
32115891
32116891
32118891
321217636
32123123
32129676
321321123
3.21321E+11
321321321a
321321456
321321520
321321654
3213217411
321321aa
321321cz
321321qq
32133213
321342110
321346784
32143214
321432543
32145600
321456abc
32147896
321478963
32153215
32163216
32165400
321654250
321654321
3.21654E+11
32165478
321654789
32165487
32165498
32165498700
321654987a
321654abc
321654kk
32166B87
32167000
32167890
32167911
3.21679E+11
32167man
321698`1
32175251
3.21779E+12
3.21815E+11
32183218
32190085
321987654
321a789456
321abc321
321abcde
321b4d75
321D5c12
321ewqdsa
321libing
321mnbvcxz
321zhihou
32203220
32204041
32211219
32213221
32216891
32220424
3222325cb
322322322
3223223322
32233223
32243258
32262100
322631414
3.22677E+12
32273227
32275473639gdx
3.22806E+11
32283228
32283381
32303230
32303565
32313131
32313231
3231401zn
32318265
323214121
32321565
323237216
3232520y
32325232
3232680630
323323323
3233279918
32333233
32342234
32345178
3235235321
3235365/
32356516535
32370034
32384626
323846264
32384fdf
32390440
32393239
32394613
323tdq514
32410111
32410189
32412453
32413241
324144520
32420426
32420629
32423242
32427c0c
32429044
324324324
32434258
32443357
3.24465E+13
3245132451
32461053
32471212
32471388
324892516
32503250
32510liuyan32510
325118hhQ
32513251
32519553
32523252
325408626
32541637
32541959
32553210
32553255
32557020
32563256
3256697gtgn
3256853123
32573257
32576801
325789401
32583258
32588478
32593259
3259791127
32600326
326054960
3261032x
3261784qq
326200796
3262010B
3262211225
3263241230
32632600
32633263
326406215
32641333
326414114
32659872
326598741
32663266
32683268
3269101969
326c0948
3270093abc
32711888
327160257
32718409
327226638
327244654
327327327
32734bb1
32752jlTF
32753275
327658177
327714488
327725344
32781710
32781783
32781808
32781809
32781912
32781944
32782104
32782453
32782566
32782603
32782710
32782759
32782850
32783101
32783278
32783587
32783640
32783694
32783784
32783931
32784446
32784616
32784775
32784881
32784909
32784950
32784962
32784969
32784978
32784983
32784984
32785067
32785210
32785430
32785612
32787189
32788646
327888311
327894732
327950288
32803280
328102833
328115080
3281532815
328215145
328231134
328316025
328328328
328360498
328486515
32852112
32867034
32873287
3287929he
3.288E+11
32883288
328924927
328968340
328992436
32899419
328E15f9
32913f0b
329271d8
329329169
329329329
329346805
32951846
329607186
32975454
32980566
329886649
32991682
32993299
329933295
329958520
32996299
329996852
329a7f9d
32ba1ffb
32BF6cca
32CF48d0
3300103688
33002008
33002277
33002754
33003300
3301001C
330102061
330106xxzx
33010769
33011033
3301234567
3301271977
33013301
33013302
3.30212E+14
33021980
33023302
33025430
3302821985
3302821986
33031034
33031553
33032378
33032615
330327155
33032779
330330330
330330tt
33033303
33033501
33038042
33038283
33041981
33041982
33043304
33050602
3305279687
330533568
33060276
330619353
33063306
330663776
33071981
33071982
33073307
3307371298
3308241986
33083308
330860503
33092500
33093309
330974330
33100000
3310031985
33101414
331024842
33102692
33103310
33106131
331083762
33111133
33112233
33112378
33112800
33112913
33113311
33119556
331214367
33121941
33123214
33123312
33123313
33127855
331303319
331331331
33133313
331415926
33143314
33144820
33145205
33145844
3.31518E+11
33153315
331601404
3316052luo
33163316
331658901
33170808a
331769638
3317838d
331788256
33183318
331881123
33191870221
33192769
33193319
331947416
33199093
331B502d
33201314
33203320
33211145
332111665
3321217666
3321235323
33213321
332144845
332211000
33221111
332211123
33221144
33221166
332211aa
332211qq
33222233
33223322
332233ay
33225566
33228038
33231140
3323141a
33232629
3323263sun
332332332
33233323
3.32335E+11
33234624
332391384
332430516
33243324
33243947
3324408aA
3324860113
3325025076
33251314
3325154324
33252530
33253325
33255233
33256666
33258550
332598438
33261789
33263326
33268332
3327133755
33273327
3328207440
33283328
33287372
33292b7a
33293329
33300333
33302149
33303330
3330759822
33312227
33312345678
33313331
333222999
333308345
33331817
3333183999
33331971
333321176
333323321
33333331
3333333331
3.33333E+11
3.33333E+12
3.33333E+15
3.33333E+19
333333ccaa
333333eee
3333344444
3333355555
3333366666
33334009
3.33367E+11
3.334E+15
3333aaaa
33341041
333424024
33343334
33344455
3.33445E+11
33345678
33351471
3335201314
333520333
333555666
333555777
3336073803
33363336
33363339
333666000
333666333
333666666
33366699
3336669990
33369949
33375560
3337571zw
3337777777
333777999
33378558
33382475
33388888888
333888999
333888asd
33393339
333952333
333caoyiyi
333gm123
3.34008E+11
33401522
33414051
33420808
33420866
33421F37
33423342
33425266
33435401
33437895
334386600
33441115
33441122
33441314
3344179///lrt
3.3442E+11
334421584
334425kk
33443344
334433aa
33444433
3344520***
33445201
3344520123
3344520611
334452088
3344520a
33445210
334452100
33445211
3344521a
3344521ggw
33445250
33445257
33445321
33445511
33445577
334455aa
33445678
33445861
33445920
33445921
33446688
33447755
33447788
3344801104
33448187
33448899
3344love
3344woaini
334554321
3345543211
3.34554E+14
33455433
334558612
33456789
334567890
3345733457
33459151
33463346
33463736
33473347
334880952
33494385g07
334944524
33495558
334a3cc7
33503350
33505901
33510bb1
33513351
33519YANrong
3352033520
33520520
3352052033
335211314
3352133521
33521521
33523352
3353212li
33533353
3.35401E+11
33543354
33547618
33550336
3355179ayaya
33553355
335534636
33554432
33555533
335566123
33556688
3355678k
33557799
335577xx
33583358
335B7b1f
33602336
3360526
33623362
33630090
33633127
33633363
336336336
3363703kky
33643073
33643364
3364chen75
33651937
33653365
33663366
3.36644E+12
33664488
33665522
33667788
33667799
3366885519
33669911
336699123
33669933
336699369
33669999
336699aa
336699aaa
336699abc
33669wyx
33676767
33683198
33683368
33691524
33693369
3369774410
336a1b10
336apple
33709394
3371333mm
33714866
33725238
3374605104
337474393
337532885
33753375
33771111
33772211
33773377
33774277
33778217
33778770
3379576abcd
33811333
33823382
3382416520
33826569
33832795
33833383
33834179
33842421
33843384ll
33848191
33851657
33851783
33851789
33851808
33851809
33851909
33851912
33852104
33852134
33852341
33852369
33852453
33852603
33852752
33852849
33852960
33853113
33853258
33853333
33853353
33853385
33853584
33853587
33853694
33853784
33853931
33854307
33854312
33854446
33854450
33854594
33854616
33854794
33854843
33854881
33854950
33854983
33855002
33855132
33855134
33855178
3385544bb
33855954
33858646
33863386
33873177
33881234
33883388
33884466
33884531
33886699
33888833
33889900
3389086aa
33893389
33895293
33896168
33903390
33906588
33915664
339209613
33933393
339339339
33962147
339736469
33974250
339784496
33983398
33985223
3.39876E+13
33990011
33993399
3.39981E+11
339988okok
339F2e3c
33ca6A53
33DD5fa1
33dd8331
33ef1C23
33F24a8a
33f75FEF
33fb7de3
33FC7554
33jj2036837
34003400
340086125
34013401
34016593
3402135a
340220179
3402687000
34027713
3403006ys
3403227839
34036350
3406668125
34071103
34073407
34074889
34080101
340813742
3.40821E+11
3408241987
34103410
3410590324
3.41059E+12
34108159
3411211977
34112578
34113411
34123193
34123412
34123515
34128646
34150600
34153415
34159096
34160025
34183418
3421026830
3421170679
34213377
34213421
34223422
3423044069
34232323
34241559
3424231987
3424251983
342465535
342505715
342516789
342522002
34253425
3425360214
34256305
3.42601E+11
34260415
3426221984
34262519
34263090
342696818
34275012
34286048
34294369
34296640
34297336
342E3093
34300017
34301197
3.43022E+12
343091271
343179553
343233494
34342124
34353637
343637841
34364355
3436744209
343793712
34394179
343E777a
34403354
34403909
344327562
344345866
34434684
34438102
34459607
34466905
344720472
34473447
345044519
34507241
345117711
345121539
345201314
345278abc
345304690
345345345
345364553
3453734537
3455534rt
345609698
345617945
34563456
34566543
345678123
34567890001
3456789012
345678912
345678ss
34569877
345751335
345775148
34579805
345821891
34583458
345899640wxd
34590624
345913yuyu
345996212
345b336A
345xuanfeng
346094480
3461583ab
3462175809
34623462
346327697
346480oy
346527840
346599845
346607820
34663466
34666656
346713851
34681111
346827111
34683468
34685912
34687265
346d2363
346f1C37
346f257F
34741062
347640f2
3476520w
34771912
34773477
34783478
34789622
34789970
34808345
3480jiang
34819584
3482534211
34844231
3.48499E+11
3486784401
348704519
34870656
348920043
34893489
3490787772
349086245
349088475
349089859
34921C67
34929232
34938767
34957707
349653265
34a34b34c
34c135BF
34c568d2
34c700b7
34DD78db
34e42b7a
34ERY66743
34ff56B1
35003500
35013501
350197930
350198408
35023018
35023502
3503211983
350321tutu
35043504
350442902
35053505
350583199
350648986
350684807
3507081510
3507131004
35073507
3508023027
350831440
35083508
350mxgds
35103510
35113511
35113969
35123512
351252021
35125600
351310134
35131421
351351351
35136418
35137899
35143514
351506275
35153515
35153721
35154520
35173517
35176113
35183518
35185708
351857761
35189249
351946789
35197863
351C48a7
35203520
35211314
35213521
35223522
35243524
35248697
35251314
352520233
35256088
35263526
35271982
35273528
35283528
352888050
352E564e
352liuliu
35306d8a
3530@263
35316916
35317275
3531be43
3532135321
3.53232E+11
35323532
353261984
35340489
35349734
3535353535
35357045
35363536
35363738
35367C6C
35371460
35377001xx
353879873
353c572E
354082198
3541012pajk
35411694ok
35413541
35420168
35423542
35430000
35455750
35459731
35463546
35465238
354F6a2b
354smq0098
35513551
355201314
355275wy
35532123532
355443179
355479261
35553555
35556227
35557486
35603560
356100682
356112836
35612615
356176756
3562951413
35632178
35632207
3563565312
356475132
35647983
35653165
3.56547E+12
3565632355
35660218
356617238
35665632
35667798
3567849083
35683568
35686f15
35693569
356e26D4
357016138
35712846
35715900
357159258
3.57159E+11
357159456
357159852
357258159
35733573
357357357
3575896442
35761174
35775379
357755326
35783578
35785379
357895123
35791158
357911lk
35793579
357951456
35801562
35803580
35813581
358153866
358182982
358358358
35843584
35846300
358701956
35883588
35884213
358853475
35888316
358888531
358925025
35893589
35896fb8
35897932
359068580
359101290
35913591
3591600hn
359463265
35955151
35963596
35968962
3597241806
359750847
359800936
35986223
35993599
359981168
359A30d6
359D1a99
35a91D50
35C67e1a
35EC4a5f
35jut7i7ikuy12@q
35yaqun]
36003596
36003600
36007514
360105501
36013601
36030745
3.60312E+12
36034454
3.6036E+11
36039882
36053605
360554254
36063606
3606666881
3607534132
36080489
360821265
360830446
360846116
36093609
360aaron6
36103610
36110231
3611148zjh
36113611
361136425
361187861
36123333
36123612
36126855
361342ef
36135268
36135434
361361361
361361xyp
36143614
36145278
361478345
361483gzlz
361529818
361546308
36158636
3615yanghan
36181877
361833315
36183618
36183721
36193619
361978438
3620020a
362012856
36203620
36204806
36205172
36206a0c
362109153
36211657
362133hkz2365
36213621
36217636
362191557
36223622
36225519
3623213518
36234880
36235880
362362362
36236680
36237351211
36237758
36237880
3623830007
3624011976
36242424
36243624
36245000
362514789
3625231985
3625260000
36253520
36253625
36257813
362606169
36278524
36283628
3628978jinzhan
362951847
36303630
36312663
36313631
36316186
36319230
3632381asd
363269760
36335717
363363363
36338390
36350187
363559450
363620359
3636363636
3.63636E+11
3.63692E+14
363729751
36373839
363791339
363801547
36383638
363853231
363858944
36388490
36389181
363925491
36393639
36395673
363969369
36403640
36404982
364109164
364167255
36420c85
364398683
364520123
36453645
364587429
36469805
364746260
364867456
36491120
3651118xun
3651166s
36513533
3651741272
36523652
365246060
36524819
365364319abc
365365365
3.65365E+11
36542850
36543654
365448600
36554846
36561ae5
365695878
365759303
365769408
36581921
36583658
365F4fa1
36606862
36615855
366184758
36619396
36621071
36623662
3.6624E+11
3663038s
36631650
36635656
366366366
36638533
3664500000
366526816
36663666
366890399
36693669
36710212
3671021266
36713120
3672141021
36741089
367626dd
36793679
36801387
3.68048E+15
36815280
36815771
36825258
368368368
3684906238
36853685
3685968062
36862577
36870098
36873687
36883688
3.6884E+11
36893689
36897770
369*258/
36900000
369015fe
36903690
3690cool
369121518
369123456
36913691
369147258
36915369
369156522
3691818098
3691869348
36924817
36925800
36925800000
36925801
3692580147
369258123
369258147abc
369258147biyu
369258741
369258aa
369258aaa
369258abc
369258as
369258qq
369258qw
36926666
36926896
36930629
369331075ly
36933693
36936900
36936933
36936987
36936988
36936999
369369abc
369369jh
369369ok
36938860
36952339
36953122
36953695
36954655
369548256
369575541
36959985
3696282a
36963696
369649201
369741258
369788181
36983698
36983764
36984439
3698520147
36985210
369852123
36985214
369852369
369852741
369854052
36986321dj
3698736987
36987410
3698741025
369874123
3698741250
36993699
369963369
3.69963E+11
36999999
369aa258ss
369cde369
369D1a18
369qwe369
369sqc369
369XIAOWANGZI
36A17b4c
36AC7ead
36D31388
36E30aad
36ed474d
36F21d63
36f26DDF
36pwtf4685
37003700
37005102
3701021985
37013701
370194778
37020583
37021325
370271408
370297652
370308127
37035678
370398603
3.706E+13
3.70602E+11
3706861988
37073707
37085838
370868s8
37089464
37102008
3710339001
371067943
37112537
371141928
371147342
371213na
371224258
37123712
371308221
3713716688
3714337143
371546878
37157323
37159473
3719575908
37205673
37210000
372101101
3.72109E+11
37211111
37211237
37211273
37211811
37212714
37213525
3.72137E+11
37213824
37214451
37214624
37214689
3.72147E+11
37214832
3721520618
37215588
37216636
37217086
37217749
372179964
37218848
37218855
37218864
37218888
3721987610
37219981
3721abcd
3721nopk
37228233
3722b7899a
372325430
372477155
37252417
3725798ly
3.7262E+11
37269990hx
372731984
372853357
37287312
372901662
372911996
37292855
372928550
3.72929E+11
372936scor
37297534
372a262A
372c06A6
37302233
373042083
373068170
373082904
37327961
37353310
37373737
3737373737
37383738
373841561
373973233
37403740
3740789273
37428246
37434616
374374374
37449262
374521120
3745561734
374601895
374725200
37473747
3749164a
3.75002E+13
375021063
375074556
37507504
3752137521
37523791
37533522
37544fb1
37553250
375544298
37557488
375781179
376089806
37612093
3761495wq
376168826
37619025
376271316
37628558
37631a8b
37650787
3.76539E+11
376569851
37661378
376632693
376744788
376794770
37683442
37687515
37693769
376954231
376B0f3e
37700287
377201663
37742536
37763776
3776508a
377734427
377785713
37789500
3780838x
37826378
378378378
3784371833
37866628
37877859646
37883788
3789950025
37915345
37924d9f
379251611love
379410283
3795488f
37960001
379688814
379724232
379764527
379e22de
379E2ac3
37a061B9
37b33BE9
37B4526b
37BB5586
37d5094b
37D72ba5
37dengyu21
37E20c02
38000000
38003800
380214azsxdcfv
38025897
380322589
380431713
380434607
380567750
380571221
380620050
380799828
3810103b
381051507
381058598
381083326
3810927mao
38110804
38110859.c
3.81138E+12
38113811
38114209
381168752
38123812
381385811
38143814
38153951
38163816
381654729
3816547290
3817471917
381810106
38184600
38184993
381863144
381885359
382002359
382035800
382065210
3820699226
38207197
382263xie
382360236
38237101
38237600
38241450
38243721
38243824
382452837
38253825
38256902
38257215
382618mm
38268198
3826819800
382716FC
38273827
3827638276
3827798_a
38287575
38297744
38306200
383088460
383106214
3831094123
38311412
38313532
38324wss
383293xia
383336ly
38337425679
38353285
383557582
38359351
3835laure
38363603
38378331
38380438
38381438
38383388
3838383838
38385438
38389438
3838ns38.
38403579
38423842
38444919919
384626433
38465242
38470238
384775409
38485868
38492090
385028yjun
385141259
38514129
3851471119
3851657sg
385201314
38520143
38538701n
385392BB
3854rtuvbp
38555292
38556288
385614119
38569641
38572419
38583362
385b1635
385F0214
3860157abc
3.862E+11
38634907
38640128
386486586
386555957
38657f21
38671078
38683868
38693267
38693869
38697182
38711324
3872309duan
38735380
387420489
3874_dhn_e
38752686
38773877
38777c54
38783113
38799153
38804518
38805309
38812538
38815845
38821770
38833883
388488588
38851957
38853511
3885656hs
38856789
38869993
38870770
38883888
38898838
388abcde
38913891
38923892
389424256
38944b47
38952345566
3899738997
389992021
389a2E98
38a524be
38a74two
38cd7874
38ec33BA
38f376CD
38fc7811
38FF69ba
38qtiouNFz
39019219
39021257
390229398
39027968
3903071458
39032180
39045087
39050870
39060427
3906403xxy
390800123
39100154
39106zryz
39111605
39113911
39120856
3912209243825jbr
39123912
39131b1d
39147a36
39153915
39163916
39175418
391814573
3919339193
39196710
391A3be6
3.92275E+13
39243924
3924768510
39247900suli
39251c43
3925371520
3925979lj
39262370
39273927
39274936
392781243
3927zzlBIRD
3.93E+10
392B3c53
392F1af8
393029740
39303930
393041123
393184520
393214149
39323817
39326650
39330112
393474512
393518723
393534827
39355190
39357811
39390595
39393939
393f2912
3.94E+43
394394394
39457173
39467232
394679269
394756091
39477673
39482534
39507788
39512512
395472212
39560014
39561648
39564502
395685530
395896983
3959003sina
39595919
395e480D
39605FF2
39611315
396151804
39625430
39627309
396336770
396340reason
396344044
39653965
39669831
39670745
3.96781E+14
39683968
39693969
396945541
3969482186
39698999
396b5C9A
397110834
39713971
397245701
397254263
39731442
397353426
39741121
39756790
39771212_fxb
397864095
397901023
39806599
39811885
39812404
3981717lhg.
398186448
39823982
398270291
398293613
39836468
39843200
39844922
39871BC3
398781527
3987839878
39880575
39886201
39917830
39932709
39933993
39937020
399391669s
3994168h
3995169o
39963807
39968661
39973725
39983998
39984006
39998844
399b0DD8
399f6f0d
39D662b4
39E091109
39E541f4
39p0gpvOGA
39p0hpvOGA
39q0houNFA
39q0hpvOFA
39qthouNFA
39qtiouNFA
39qtiouNFz
39wxnrwQHC
39wxnrxQHC
39xxnrwQHC
39xxpqwPGB
39xxpqwPHB
39xxpqwQHB
39xxprwQHB
39xxprwQHC
39yxpqwPGB
39yxqqvPGB
39yxqqwPGB
3a131e8e
3a1415926
3A141ff1
3A1A0c89
3A245664
3A27075b
3A3951c1
3a3b46856e
3A561a32
3A563fc5
3a5a552a
3A674816
3a75sd17
3a7f581f
3aa72e65
3ab612fa
3ab87768
3ACD4340
3ad97e0a
3AE47c15
3ae73f9c
3AEE0a94
3awxnrxQHC
3B097fc4
3B2627c1
3B3239be
3b5034FD
3B667061
3B7B1a99
3B813c0b
3b8b0876
3B8D02ad
3BB81930
3BCB62ed
3bd264a5
3bd55BA2
3BEB43fc
3bf13717
3C02040c
3C1F2587
3c25707F
3c2b53D0
3C30141d
3C3318ff
3c587179
3c697751
3C707679
3c7a61f4
3C7B6c9f
3c7c56d6
3c7f0d22
3c8c1691
3cbe375B
3ce1378B
3ce3609d
3cf92B48
3CFB4da2
3cluoyin29
3cpifawang
3d0f4cf1
3d1415926
3d1f571a
3d2c3af5
3d4e5FFF
3d5b353D
3D6471de
3d716E12
3D951e80
3d9b75f9
3db25128
3dian1415926
3E1F1b3c
3e3d6a65
3E703019
3E80043a
3E8956a3
3e9055CC
3e97308E
3e99774E
3ea0288a
3ecf316F
3ed2ws1qa
3edc$RFV
3edc2wsx
3edc2wsx1qaz
3edc3edc
3edc6yhn
3edc7UJM
3EF95311
3eoa9to4
3er4t55u
3f1c6517
3f371d88
3f525BF8
3f5947e7
3f9562CA
3F9D0cda
3faf00C6
3fdf4e4f
3FF04d59
3ffa421C
3j8ffi5xg
3LX8A2BM
3pow462y
3qilmissu
3qloveme
3qxiexie
3r98xJ3xDY
3r98xK3xDY
3r98xK4xDY
3remark6
3s6c8844
3s98xK4xDY
3s98xK4xDZ
3sa8xK42CZ
3sa8xK4xCZ
3sa8xK4xDZ
3sa8xL42CJ
3sa8xL42CZ
3t7ppucsdw
3ta8xL42BJ
3ta8xL42CJ
3tb8xL42BJ
3tb8xL42xJ
3tb8xM42xI
3tb8xM42xJ
3tb9xM42xI
3tccqnv5a5
3ub9xM42xI
3ub9xM52xI
3ub9xM53xH
3ub9xM53xI
3uc9xM53xH
3uc9xN53xH
3ud90O542y
3vc9xN532G
3vc9xN53xG
3vc9xN53xH
3vc9xP532G
3ve90O542x
3ve90O542y
3vea0O542x
3vea0P542x
3vea0P642w
3w4e5r6t
3wea0P642w
3wfa0P642w
3wfa0P652w
3wfa0P653w
3wfa0Q653v
3wfa0Q653w
3xfa0Q653v
3xga0Q653v
3xgb0Q653u
3xgb0Q653v
3xgb0R653u
3xgb0R663u
3zlzlzl7
40008127
40013791
40017358
40030954
4.00351E+11
40040163
4006068158
4006128806
400637794
4006780805
4006999999
4007105899
4007105998
4007166222
40074007
4007878758
4008100100
4008111111
4008111666
4008123123
40082789
4008309530
4008808828
4008823823
4008899379
4008980188
400b467b
40112123
4011273C
40114011
40124012
4012lynn
401302479
401328138
40135020
40152a11
40154015
401768ec
40184018
401997732
40209028
40215029
40224022
402340bb
4023512e
402353213
4023625z
402396267
40241597
40244024
40253538
40254025
40262043
40264026
402671656
40278858
40284028
40287073
40294029
40302010
403056296
40309851
403123ai
40324032
403298887
40330642
403403328
40364634
403772535
4039196698
40399349
40400aaa
404098962
404114303
404288048
404511819xjhjql
40463546
40516611
40521100
4052614207
405292881
405598282
40564056
405672210
40570308
40601831212
4.06072E+13
40612345
4061236z
4061458aji
406175am
40619608
406491595
406571860
406682251
4066893141
40678619ying
40689366
406919797
406F1e92
40720517
40745123
40746757
40746967
40778104
4.07789E+11
407918706
40798438
40818040
40832079
40873487
40884088
40884F91
408F705a
40903891
40924985
409409409
409455784
40961001
4096255l
409686997
409723435
409942526
409965128
40A873e2
40b167eb
40ca774a
40d249b4
40E80518
40E841d7
40F668f4
410015420
41004100
4101021986
410102820
410103043
410103148
41012891
41014101
41015891
410201624
410276353
410291609
410314518
4104021980
4.10404E+14
4104234978
41044104
410520630
410528790
41055720kw
410561320
410623qq
4.10651E+11
410721295
41074107
41082319
41087BF0
41104110
41109537
41115891
41124112
4113231982
4113811985
411411411
4114251xyz
41144114
41152263
41154115
41157623
41174157
41174sunny
411814192
41184118
411868966
411872726
4118739mjy
4120166e
41204120
41204891
41206891
41207326
412113100
412154389
4122087911
41224122
41231012
41234123
412356789
41236987
4.12412E+11
412428267
41243818
41244124
4124501abc
412484060
4125024d
412512550
41251314
412520520
41254125
41254578
412594049
412750F2
41281784
412824qwer
41284128
412968D7
412C2afb
4.1303E+14
4.13064E+11
41311283
41312432
41324132
41326000
413413413
413413888
41344134
41347078
4135527c
413579670
413841362
413907327
41391210q
413B6c8d
41407346
41414141
41414144
41415926
414180615
41424344
41432414
41436411
41436533
414414414
41450960
41454145
41456789
414579764
41462033
41474147
414758232
41484148
414869749
414D0ffd
415201314
41524152
41526300
415263789
41543534
4154361b
415486404
415491830
415600086
415803112
41580906
41584158
415845325
41594631
41594821
415b4c39
41604160
41605791
416089459
41612381
416143479
41624162
416368478
41650824
41650868
41671039
41675437
416769049
416812112
41684168
41685293
41694169
4170899A
4170932865
41712431
4.1734E+11
41741560
417417417
417451876
417528639
417775365
41781DF2
4178252323
41794179
417999892
417zhu716
418000ll
41804180
41811724
418210847
418245828
418289200
418418418
418422550
4184564ym
418456531
41853444
4186191015
41882412
418920520
41922686
419315xsp
419383798
419419419
41958021
419626xx
41968532
4197169399
4198217c
419821923
4198246540
41984422
41994199
419jingyuanyuan
41a86b7b
41AB6278
41B47823
41BE409b
41D3048e
41d650A3
41DF36c9
41F56656
420007@@
420049466
4201162030wlyx
420122810
42013891
42014201
4201727lm
420230538
4.20252E+11
420322198
42034203
420420420
420426205
42044204
420503ty
4205058923
42054205
42056402
420574398
420664005
4207068d
4207112154
42071891
420729393
420789379
42086280
42093214
420942579
420946587
4209841983
4210230446
42104210
42106891
4211212013
4211271314
42114211
421145521
42114891
42116891
421176042
42118791
42118891
421209238
421210504
421251cb
42128426
42134213
42135660
421421421
42144214
421522346
421528386
421548104
421558453
42164216
42178836
42184218
4218542185
42192021
421982ab
4220355987
422112233
42215891
42218891
42221399989
4222148712
4.22227E+14
422343099
422422422
42242722
4224281971
42244224
4225466f
42269236
42270540
4227199g
42274227
422832826
42294229
422asd421
42300891
423009lkaka
42304230
4231127ta
42314231
42324232
4233005599
42334233
423423423
4236213342
42371959
42404240
4241030h
42411525
4241619410
42421574
42424242
424424424
4245001982
424520chenlilin
42452663
4245656a
42457892
42463875
42471600
424777097
42482232
4248538117
42490016
424C39aa
42505954
42512835
42514251
425292glh
4253078191
425425425
4255085qqq
42584258
42617d9d
426426426
42652042
42661072
42668740
42684268
42690911
42692355
426D2fd9
427117278
42721452
42726494
427427427
427591826dibest
42770584
4278807278
427983lili
42798608
42825945
42830332
42833440
4284122502
428428428
428428520
428520zxc
42857216
42864286
42865A56
4286795zsm
42884288
42886128
42897408
4290011986
429001888
4290061987
429429429
42952674
429608841
42980292626
429812529
429d796F
42A0311e
42ab31B9
42C10c2e
42d60F70
43004300
43012419
430136917
43014301
4.30204E+11
43042682
430430aa
43046721
4304811983
43048968
4.30543E+13
43058635
4.30803E+15
430824311
4309111982
4310031621syx
431007700
43104310
4310629ren
4311875zhwl
43122214414
43124312
43147100
43147855
43164316
43165124
4317001111
43180104
43184318
4318837137
431945c7
432-xiaohang
43210000
432156789
4321rewq
4321zaq1
43231323
432432432
4325031977
4325221982
43252276
43254325
43258920
43261825
43264326
4326639c
43281421
4329241982
43294679
432a6936
432g89i0o0
433225xt
43325688
43332897
4334055aa
43353398
43383279
433832795
43398266
433bessey
433C7ec2
433E08c4
43402843
43402sun
43420024420
4342043420
4.34386E+13
43450297
43453080
43456309
43490603
43526741
4352680971
43527224
43530976
43568123
43596405
435c0172
4360274b
436413wuxue
43662d9f
43674200
43674201
43674202
43674215
43674218
43674229
43674233
43674235
43674236
43674237
43674238
43712633
43720814
43724372
4375269a
43762800
437839wb
437877hdp
43791912
43793333
43794616
438009234
43827bd9
4383734a
438438438
43865138
4388223061
438951276
4392767166
43941855
43964288
439940hannasuxi
43994399
43AF531d
43c4565f
43C72275
43DD12b3
43eb68ab
43EF5327
43jane56
44004400
44016067
44024402
44034403
4403oppel
44042769
440440102
4.40508E+11
44064713
44068219
440E4b2c
4410130921
44102494
44110219
44113832
44114411
441222501
441235969
44126285
44134413
441353LK
44136766
44142279
44144414
44146080
44164416
44165525
441933Ab
442010854
44214421
44216770
44224422
4423499ec
44244424
44244811
442450654
44253432
442596852
442616276
442668387
44289860
44303291
44305252
4431217666
44315455
44321243
443244888
44328281
4433221100
44334433
44335566
44352820913
443784595
4.43848E+11
443863163
44410323
44410765
444222333
44434241
444372877
44440000
44441111
44442222
4444333221
44444444444
4.44444E+13
4.44444E+15
44447777
44449999
4444aaaa
4444dddd
444536171
44455566
44462484
44462557
44473748
445023cd
445100123
44514451
445201314
44520226
445284299
44531986
4.45381E+11
445432241
44544875
44552187
44552217
44554455
44555544
44556600
44556611
445566123
44556622
445566456
4.45567E+11
445566789
44556688
44556699
44562820
44563645
44564456
44569471
445759213
44586892
44588017
44595461
4.46052E+13
446087910
446164199
44620943
446217B8
4463532123
44642171
4464322D
44663465
44667788
44669173
446707070
44676962
44684468
446848840
446915770
447019628
447031989
44719484
4473200AiR1118
447451021
447499287
447592411
447661464
447722df
44774477
44774774
44776600
44778899
447826698
447885532
44794743
44795016
44799211
44801986
44804480
448225811
44825026
4.48E+05
448359260
448430831linhe
448448448
44872549
44879151
44884488
448910870
448f61C3
44908019
44912838
449177889
44918111
44918979
44924B86
4493064097
44935630
44941650
44944110
4494444944
449607210
449755711
449944zx
44997052
449e56cb
44a2278c
44A93498
44ab4F0D
44C6268f
44ce3F73
44D20ed1
44D25767
44D764e7
44da0B69
44F61d9e
44f73420
44FC5769
45000137
45004500
4501031984
4501079ymp
45011321
45011881
45014501
45021664
450321520
4504041980
450513354
450551327
450736378
45083823
450A6caf
450e0AA3
45102380
45104510
45114511
451155409
4511957001
45120000
4512181212
45122258
45124512
451245482
451544745
45164516
451666576
4517029f
4517571868
45184518
451915159
451B54c3
45201314
45204520
45211314
452121522
452125878
45214521
452280145
452300123
45234523
452400992
4.52428E+11
452436486
452482769
4524janet
45250179
45252647
45256700
452680192
45274527
45279588
45291132
452966070
452d3F67
45314352
45321357
453237572
45324532
4533502575
453399941
453420GFZ
45351511
45362718
453647598
4.53654E+12
45377965
45394539
453982771
45398484
45399651
45406462
45408182
454089021
45425203
454306807
45434826ccym
4545145a
454527277
45457878
454600966
45464546
45464748
45494052
454E1292
455076352
45510820
455201190
455387426
455455455
45556205
45564556
45568552t
455696504
455703163
455A4e15
456*-+.0
456+8520
45602964
4560361300
45604560
45610018
456110110
456123000
456123321
45612345
4.56123E+11
45612378
456123aa
456123as
456123asd
456123QAZ
456123ZXC
45614561
45614787
456169869
45625800
456258123
45625813a
4.56258E+11
456258753
45632100
456321789
456321987
456321abc
456321vv
45634563
45635126
45645600
456456123
45645645
4.56456E+11
456456456pc
45645678
456456789
456456aa
456456aaa
456456abc
456456bv
456456qq
45649336
4565201314
45655606
45664566
456646822
456654123
456654456
4.56654E+11
45666666
45671631
45671637
45673283
45677654
45678123
4567887654
456789000
45678901
456789321
456789456
456789789
456789987
4.5679E+11
456789aa
456789Ab
456789qq
456789qwe
456789zz
45680456
456827319
456827913
456838tina
45684568
45685153
456852..
456852000
45685213
456852159
4568521973
4.56852E+11
4568525153
45685255
456852753
456852789
4568527913
456852963
456852aa
456852abc
456852asd
456852qq
456852zxc
45694569
456963741
456987123
456987321
456abc123
456fghjnicky
456pan789
456qwa789
456qwe123
456qwe789
456wsx456
45702099
45716625
45721257
457285193
457316415
4574451B
45762507
45764483
45784578
45784799
45785214
457971ac
45806865
45814581
45820368
45851783
45851789
45851808
45851809
45851912
45851941
45852008
45852104
45852147
45852211
45852243
45852341
45852365
45852369
45852453
45852603
45852638
4.58528E+11
45852849
45852901
45852908
45853007
45853018
45853092
45853113
45853204
45853257
45853258
45853302
45853333
45853353
45853390
4.58535E+11
45853584
45853640
45853694
45853784
45853829
45853931
45854307
45854312
45854322
45854341
45854446
45854476
45854585
45854616
45854636
45854834
45854881
45854909
45855132
45855134
45855178
45855360
45855381
45855430
4585543039
45855439
45856236
45856525
45857166
45857189
45857220
45857310
45857427
458575143
4585821
45858646
45870000
45870711
4.58746E+11
45874587a
458769311
4588201847
45884588
45894589
458A0fc7
459062a4
459064824
4590770a
459185115
459210340
459239484
45934954
45942501
4594385bb
45946184
45974597
4598152684
4598787331
45988648
459886726
459891503
459919894
45993cf2
45a54837
45CD270c
45DB5771
45fe320d
45NOPENNY
460025aa
46003119
460044104
4602001985
460205dnw
460205dnw#
4603638660
46047913
46050101
46051283
46065351
46065889
460832092
460900609
460F3117
46103330
46104610
461094693
46110206
46124612
4615595lx
461612366
461690224
461713f4
4.61915E+13
46212437
4621905
462282501
46231599
462537@@
46254625
46275202
46284628
46297875
4631173qwz
46313797
4632194520
46325246
463395727
463404828
4634615123
463624732
4.63698E+11
46384646
46427ee6
464359wiqq
4645117107
46464646
46484648
46495139
46496479
46497677
46501614
4.65016E+11
46507745
46519918
465308259
465321law
465480503
465505087
4656382e
4.65648E+11
46573vdgs
465747176
46584658
466068942
4662245yy
4.66269E+11
466293003
46632C7E
46642321
466451295
466466466
46663258
46663737
46663783
466753612
466912412
467160d5
467310cyx
4674634887
4675320722
46779077
46782460
46794679
46824682
468257913
468273915
4.69E+50
4686186556
46889079
46895505
4691112183
46941570
46944694
4694552d
4696399B
469785801
46986414
46990594
469a348b
469B68bc
46A74a7b
46AE3278
46c77FF8
46CB437f
46E17ee4
46F95b75
46lyj0012
470002146
470047870
47029390
47054241
470909962
470983020
47101114
47104710
47113443
47114711
471303936
471317wzx
4713691372
471622ma
47185167
47186780
471d1DB9
471d7AB6
472245419
472261601
47231048
472399660
47245386
47251881
472528615
472566360
47259149
4726357lyh
47284728
47285735
472895395
472986983
472a7add
472b0032
472C3462
47315015
47327385
473329ar
473411428
47364202
47390794
473f7F81
474413512
4744907wqrdb
474538436
47474747
47478888
47484748
474905002
475211314
47521614
47525459
47537988
4753955069
47555415
47571265
475869123
47604760
47609508
4763098520
476445724
47653208
47658990
476698093
4767449a
47676f83
47694219
47694769
476B6fc8
47705077
47746561
47746561yls
47763ef8
47798194
47814227
47836129
47837641
47842235
478478478
47851993
47856912
47858102
478829816
478852093
47890341
4.78926E+14
47896321
479011114
47915278
479240613
479531379
479701B0
47986715123
479e7b83
47A81290
47ae031b
47b319e3
47B516aa
47c649E4
47D33cd0
47d5213e
47DC0f3a
47ec635b
47lou207
47lyw412
48004800
48015111
48041808
4.80438E+11
48044804
480486487
48057c02
48105317
4.812E+11
481207500
48121248
48124812
48141799
48164816
48176300
4819027d
481B0de1
4820504891
48215104
48257D4F
48271016
48271060
48273142
48298086
482d1a25
482F375f
48315316
48324832
48325910
48331664
483348d2
48342550
48364836
48396287
483C1876
48432603
4844072a
48474847
48484848
4848484848
4848748iou
4849270a
4850237yy
485280wyp
48531823
48554411
48572403
48576263
48580287
48584640
48621793
48624862
4862548625
486257913
486279135
486279513
48628320320
486486486
486529662
48662868
48684868
48687375
48691412
48691988612+
48694869
48700264
48734660
4873s5016
48747550
48761809
48761912
48762901
4.87737E+11
48773784
48774881
48783b3d
487880hq
487963011
48802136
48810424
48814881
4882a001
48841190
48913403
48921100
4894015621
489552146
48956123
48981105
48b16C5D
48E761db
48f55581
48fa46B5
48qazxcv
490017180
4904442005
490590630
490715oujunli
49075243
490768874
490852480
4.90912E+13
4.91001E+11
49104191
49105005
491188642
49125452
49128287
49162536
49168525
49182736
491A187e
491D2544
492035510
492052110
49258950
492846963
492856420
493323452
49352285
493671000
49367749
49369327
49379457
493928434
4939471000
493949083
493E1a10
49402507
494326802
494421563
49446532
49451153
494520ghss
49494949
49504950
4950672510
49520039
4953130474
49542950
495495495
49557080
495641234
495879wqvb
495966233
495979540
49626537
496338664
496369592
49638541
49652916
496852235
49717271
497290a11
49748592
497586822
497645285
49782311
49782566
49783258
49783354
49783587
49785132
49785134
49810zxl
49813677
4982544021
49832170
49833875
4984397760
49856624
4.99E+101
4.98632E+11
49867307
498894004
498C4e71
498c643a
499181025
49AD5676
49B34701
49bd732e
49c550b6
49cf55ec
49D071c4
49d41b8f
49da6524
49ea0286
49f05d48
49fd71d5
49o0gpvOGB
49o0gpvPGB
49p0gpvOGA
49p0gpvOGB
4a382903
4a3b0AE1
4A415dbe
4a487932
4a55659C
4A571923
4a591F32
4A802998
4a975097
4A9A2883
4ab51079
4ac960ED
4adb7a6c
4ae838B4
4aff06A9
4AFF0d2b
4amedwina
4an0fqwPHB
4an0fqwQHC
4ao0fqwPHB
4ao0gpwPHB
4Atc1T875r
4Atc1U875r
4auxksySJD
4avxksySID
4avxksySJD
4avxmrxRIC
4avxmrxRID
4avxmsxRID
4avxmsyRID
4avxmsySID
4awxmrxRIC
4awxnrxQHC
4awxnrxQIC
4awxnrxRIC
4B047518
4b0b552F
4b1d2388
4b214ac3
4b324DBF
4B4647b9
4B483c9b
4b5145C4
4B625fec
4B6D229b
4b7548B9
4b840659
4b8b7ad6
4B8D7e55
4B931d02
4BA17c42
4bad4053
4bc5139d
4BC57f37
4BC93d68
4bdd2B8A
4BF4758c
4C061853
4c1328ED
4c1a2978
4C2F4e5b
4C426ff4
4C5C5131
4C607318
4c742C60
4C827a73
4CBB1e58
4cdf6dd6
4CE2406e
4cf65031
4cff229a
4d090E15
4d117a3a
4D240b2a
4D272c57
4d3c2b1a
4D3D286d
4D4A2894
4d5104b9
4d631653
4d666FA2
4d892349
4d9f6010
4DA6FL82
4da943a6
4dc777b1
4de6193C
4DEF738a
4E07501c
4E0D2f7a
4e1673FF
4e213B4A
4E516b25
4E5936d7
4e765da7
4e7a4C16
4eaf2675
4EB04d6b
4EB27a70
4eb32aae
4EC66c85
4ed368b9
4ed52631
4ED611cb
4ed74B51
4EDF2ccb
4ee97543
4eed1729
4ef5277e
4EFB692e
4everlove
4f002ADF
4F065f54
4f066c8f
4f1456ED
4f1d2956
4F251d60
4f2a7606
4F2B59bb
4f343409
4f3b54d2
4f3d2s1a
4f3n9b1n
4F43173c
4F44691a
4F5774ea
4F6074cc
4F71640b
4f823101
4F9C4b0b
4F9D5452
4fasdfasf
4fb44D2F
4FB50de1
4fcb6856
4fd80f73
4FE32b2c
4kgrubby
4nz8j138
4q18ihjpzw
4rfv5tgb6yhn
4rfv7ujm
4vc9xP532G
4vd9xP532G
4vdaxP532G
4vdaxP542F
4vdaxP542G
4vfxtvip
4wdaxP542F
4wdaxP642F
4wdaxQ642F
4weaxQ642E
4weaxQ642F
4xeaxQ642E
4xeaxQ643E
4xeaxR643E
4xeaxR653D
4xeaxR653E
4xebxR653D
4xfbxR653D
4xgb0R763u
4yfb2S753C
4yfb2S753D
4yfb2S763C
4yfb2S764C
4yfbxR753D
4yfbxS753D
4ygb0R763u
4ytb0R764t
4ytb0R764u
4ytb0S764t
4ztb0S764s
4ztb0S764t
4ztc0S774s
4ztc0T774s
4ztc1T774s
4ztc1T874s
4ztc1T875r
50000000
50002193791qmwn
50005000
500107yjz
5001103130
500120sws
50012891
50015001
5002271984
50023507
5002650024
5003214786
50045381
500500500
50052582
50055005
5005747liu
50061b91
50063587
500711055
50075007
500827mm
50085008
500b30F6
501015600
50101743
501021123
50104186
50105010
50115011
50115599
50115891
501177215
50125012
50135013
501502503
50165016
50182516
50185018
501885076s
50193673
50195019
50205020
5.02067E+13
50213779
50215021
502175662
5022004018lxl
50225022
5022574969
50232566
50235023
50242805
50245024
5025201314
50255025
50255958
5025631000
502604123
50265026
50275501
502822323
50288419
5028841971
50295029
502C0584
503082503
50321314
503241709
50324838
50324991
50325032
503260633
5032elgin
50335033
50356263
503660784
50388435
50393224
50400120
50402f03
5040302010
50408724
5041404045
504220551
504421756
504501001
50451193
5.04823E+14
50503891
50505050
5050505050
50516018
50517780
50518450
505388wxkbabo
505505505
50554546
50554546a
505546570
50555055
50565200
505698199
50575057
50585058
5060320480
50605060
506125860
50614025
50615456
50617058
50618276
50628523
506310624
50640721
50640725
506506506
50665066
5.07E+19
50685068
50732966
5.08E+10
507559547
50768090
507725000
50773891
50774033
50780692
50782967
50784135
5078431234
507888888
50796188
50796205
507c2246
507e3CBB
50800560
5080118668
50816286
50840468
508508wz
50856543
50857884
5086119HFF
50865523
50869871
508715846
50875629
50878910
50884075
50885088
50895089
5089950509
5090412mmm
50917164
50942CF9
509509509
5095201314
50965096
50A16c6f
50be26fc
50C04c1b
50d8138D
50e703FA
50F21279
51000000
51001486
51004965
51005100
510056456
510066272
51007829
5101251984
510131425
51013147926
51013891
51015101
51016891
5102031987
5102102293
51021256
51025102
510251314
51025184
51028182
51028tqd
510313509
5103161603
51035103
510375996
51045104
5105201314
510520530
51057630
51058531
51058955ab
51060305
5106231982
510678999
5106821988
51069487
510718818
51071999a
5107811982
510825159
51085108
510907025
51091250
5.10919E+11
510922830
51095580
5109749818
51097699
510984367
5110231984
511023wm
51102891
51105110
51106219
5111156711
51113200
51113212
51115111
5111611309
51116891
51121212
511215949
51122425
51125112
51131420
51131421
51131466
511346153
51135113
5113693726
5.11397E+12
511398wq
51145114
5.11462E+11
511511511
5115211314
511521531
51152411
51155115
51165116
5116553312
51168168
51168888
51175117
511752605
51185118
51189999
5119221201
51195119
511a98a99
51200125
512014h13
51203344
51205120
512059487
512094552
51212252
51212891
5121314512
51213344
5121390c
51215121
51215891
512170280
512201118
512201978
512201jl
51221314
5122222222
5122324xcxmznan
51225122
5.12288E+11
5123417782
51234312161
51234511
5123455652
51235123
5.12353E+11
51235623
512369874
5123g0223
51242575
51245124
512472189
5.12504E+11
51251314
512513518
51254100
51255125
5125862a
51260022
51261314
51263317
51271314
51274001
51275127
512760762
512770526
512787719
5127960000
51280865
512841284
51285128
512864297
51292761
51296355
51298900
512sf888
51302268
5.13031E+11
51305130
51314200
51314210
51314211
51314233
51314241
51314251
51314475
5131451314
51314520
51314521
51314620
51314888
51314920
51314921
5132051320
51323969
51325132
5133332321
51334420
51334421
51335133
513367138
513403125
513422772
513435415
51345134
51346258
51349251
51350149
51351735
5135278zzx
51355135
5.13623E+11
51363424
51365136
513655709
513714681
51375137
51385138
51389561
51392010
51396226
513a988b
513c4694
51405140
51411122
51412790
5141314520
51415141
514162499
5142055hyb
5142059487
51421056480
51422962
51423851
51425142
51425618
51442118
51448888
51450497
514514514
5145285453
5.14625E+13
51465146
51465219
51465648
51471239
51475147
51477420
514789632
51485148
514869120
5149131207
51492105
514lanling
51502396
51505150
51510011
5.15114E+11
51514124
51515111
5151515151
51515509
5151659987
515166227
515190528
515201314
5152151521
51521740
51525152
51525282
51525354
5152535455
5153147nj
51535759
51537826
51537883
51538186
51542262
51551101
515515515
51551818
51552800
51555155
51561314
515644226
51565156
51565818
51565859gxgy
51566396
515711114
51573268
51575157
51583042
51584983
51585000
515850925
51585158
51586783
51587721
51597776
515ao823
516020407
51603186
51604591029
5160498a
51605160
51607023
51615161
5161535235
51617181
5161718191
51618161
51625162
516272bl
51627384
5164183135
516419887
51648537
516509ccw
516517518
5.16519E+11
51655165
51661991
51665166
51665188
51666888
51667043
51668899
51675167
5168000111
51681467
51685168
51686578
5168751687
5.16889E+11
51688888
516888999
51695169
51699169
516gddsxr
51701415
51702190
51702971
51705170
51709394
517126234
51712665
51712ed8
51718431
517215364
51722b9f
51725172
51731036
5173269358
51733510116
51735008
51735173
51736790
5173753790
51742306
517423328
51745174
51746566
517517onlitecha
517518519
51762667
51762fd7
51763123
51763586
51765176
51770520
51770880
51771158yh
517727930
51775177
51785178
5178518GUO
51785912
51787000
5179130851
51793601
51795179
517nmg66
517sumer
51800000
51800047
51805180
51807472
51808888
518114haideng
51815181
51816888
518168888
51825182
518313601
51834216
51835183
5.18426E+11
51842920
51845184
5.18519E+11
5185185918
51851859418
518518rich
5185201314
51854328
51855185
51859418
5.18599E+11
51865186
51866139
518666888
5.18682E+11
51870410
518704457
5187221595
51874611
51875187
5187536yzl
51876129
51877018
51879321
51879956
51881688
51885166
51885988
51886827
518878da
5188851888
5188888888
51888999
51889188
51895188
51895189
5189851898
51899518
51900891
51901028
519026zhu
51905190
51905882
5.19062E+11
51912603
519157320
51917510
51917530
51918711
51920218
519218lt
51922562a
519519519
519526006
51963784
51975197
51985198
51995199
519958476
519a17AD
519a2591
519a4b24
51a67D60
51chenggong
51damimi
51ee4528
51eimbzuo308
51f02707
51F81458
51fendou
51hezhou
51jbtm123
51jiayou
51kuaile
51laogong
51lo86ve
51tianya
51w06s65w
51xingfu
51zpfqmm
520+1314!
520.520.
52000025
520000jack
520001314
5200057wyl
52001112
5200189a
52002500
5.20026E+11
520025cc
52002636
52002825
52003344
52003796
52004551
52005201
52005300
520071799
52007735
520100200
52010081115
520101314
520110110
520110119
520111111
5201114dd
52011314
52011333
520113abcd
52011520
52011720
520121314
5201231314
5.20123E+11
520123520
5.20124E+11
520124411
5201301314
52013044
52013088
5201314!
5201314*
5201314**
5201314***
5201314++
5201314001
5201314007
520131401
52013140127
5201314025
52013140258
520131410
5201314111
5201314119
52013141213
5.20131E+15
5201314124
520131413
52013141413
5201314147
520131417
5201314179
520131418
5201314184
520131419
52013141986
52013141987
52013142005
52013142008
52013142009
52013142099
520131421
5201314222
5201314240
5201314241
520131427
520131428
52013143
520131433
5201314333
5201314369
5201314512
5201314518
52013145188
5201314520cpx
5201314530
5201314555
5201314567
520131457
5201314587
5201314588
520131459
52013146
520131460
520131461
5201314666
520131468
5201314748
520131476
5201314770
5201314775
5201314777
52013147788
5201314786
520131487
5201314880
5201314926
5201314987
5201314998
5201314?
5201314@
5201314`
5201314abcdefg
5201314ac
5201314AI
5201314az
5201314bb
5201314bm
5201314bobo
5201314C
5201314cc
5201314chen
5201314cj
5201314cl
5201314cq
5201314cx
5201314cy
5201314dandan
5201314dd
5201314f
5201314ff
5201314gg
5201314h
5201314haha
5201314han
5201314hao
5201314hf
5201314hh
5201314hj
5201314hu
5201314hua
5201314hui
5201314iloveyou
5201314ily
5201314j
5201314jay
5201314jia
5201314jian
5201314jiao
5201314jie
5201314jin
5201314jing
5201314jj
5201314jun
5201314k
5201314kk
5201314kyle
5201314lan
5201314lei
5201314lg
5201314lh
5201314lin
5201314liu
5201314lj
5201314lm
5201314lp
5201314lq
5201314lu
5201314lx
5201314ly
5201314lyj
5201314lyy
5201314m
5201314mei
5201314min
5201314min15
5201314nn
5201314o
5201314owen
5201314p
5201314pl
5201314pp
5201314qaz
5201314qqq
5201314qw
5201314s
5201314sj
5201314SKY
5201314ss
5201314sy
5201314t
5201314tt
5201314ty
5201314vv
5201314wen
5201314WL
5201314wq
5201314wsz
5201314ww
5201314www
5201314wy
5201314x
5201314xc
5201314xi
5201314xia
5201314xiao
5201314xin
5201314xu
5201314xx
5201314xy
5201314xyz
5201314yes
5201314ying
5201314yl
5201314ym
5201314you
5201314yuan
5201314YXB
5201314zc
5201314zd
5201314ZH
5201314zhu
5201314zj
5201314zl
5201314zw
5201314zx
5201314zxc
5201314zxl
5201314zy
5201314zz
52013154
52013344
5201413520
52014174
5201478963
52015201
52015205
520168168
5.20169E+11
52016891
520171314
5201718195
52017668
52018183
52019821121
52019821128
52019840106
52019840310
520198552
5201986712
5201986qcl..
520198839
52020150
52020240
52020330
52020520
52021314
520216999
520220728
5202211982
5202401314
520251314
52025202
5202597758
52030303
520311314
52031314
5203141023
52031800
520331314
52033333
52033441314
5.20334E+13
520334499
5203352033
52035203
52035413
520365365
520384756
520412212
52041314
5204216117
52042852
520441314
520446688
5204505010
52045204
520456123
52046385
5204ever
520500504
520510530
52051240
52051314
520515501
52051770
520520..
5205200101
520520025
52052010
520520106
52052011
52052013
5.2052E+12
52052020
5205205200
5.20521E+11
520520520h
520520521
52052077
52052088
520520888
52052099
520520aa
520520abc
520520bb
520520cc
520520dd
520520ll
520520mm
520520ok
520520Qq
520520qrl
520520sy
520520xm
520520xx
520520yxm520520
5205211314
520521520
520521522
5205221216
5205221808
52052252497
52053000
520530000
52053011
520530123
520530510
520530520
5.20531E+11
520530540
520530550
520530570
52053088
520530songjuan
520530zq
52053770
52053880
52054632
52055205
5205841314
52059420
52059487
520599jy
5206001314
52060911
520611314
52061314
520619624
5206205620
520625023
520630520
52063109
52065206
520709394
52071314
520718718
520733032
520740dl
52075207
520771314
5207718864
52077520
52078664
520790625
52081314
52081652
52081831
520820asd
520821101
520831116
52085208
52085721
520881314
520888888
52089913
52091314
520920hg
520925614
520941314
52094520
52095209
52095684
520991314
52099520
5209991314
5.21E+11
52099999
520AI1130
520angel
520apple
520babamama
520baobao
520baobei
520bb1314
520benben
520beyond
520cc1314
520chen88a
520china
520dandan
520doudou
520eason
520feifei
520forever
520gibasama
520guang
520guilong
520haoge
520happy
520hiyan
520huang
520iloveyou
520jiajia
520jiang
520jingjing
520jj1314
520kangta
520kitty
520laogong
520laopo
520leilei
520lemon
520LIANG
520lijuan
520liujuan
520ll1314
520longlong
520lss366
520lyt1314
520maomao
520meimei
520Mm1314
520money
520music
520mylove
520niuniu
520PANDA
520prince
520qq1314
520ronger520520
520shmily
520sijia
520sunny
520tianya
520twins
520weiwei
520wenwen
520wfwxtasox
520xiang
520xmyan
520xx1314
520yangyang
520YANYAN
520yanzi
520yaoyao
520yeyun
520yikeai747
520yingying
520yinyongmin
520yy1314
520zhang
520ZHANGting0331
520ZHUZHU
520zhyyy
521+365=886
521000000
52100125
521001314
5210052100
5210101314
52101025
521027000
52103344
5.21052E+11
52110000
5211003696
52110055
5211045001
52110811
52111111
52111125
52111312
5211181314
521123123
52112500
521125000
521125123
5.21126E+15
52112566
52112588
52112599
521125ok
521125qewweq
5211314.q
52113141014
521131411
5211314110
5211314125
521131415
5211314179
5211314184
52113142
521131425
5211314316
52113144
52113145
521131456
5211314584
521131459
52113146
521131466
52113147
521131477
52113148
5211314886
5211314888
52113149
521131499
5211314999
5211314aa
5211314abc
5211314ai
5211314asd
5211314fei
5211314iou
5211314l
5211314li
5211314ll
5211314long
5211314love
5211314mm
5211314nina
5211314q
5211314qq
5211314s
5211314w
5211314x
5211314y
5211314yang
5211314yy
5211314z
52113344
52115211
521191314
52120b5f
52120yeah
521211314
5212121241
52121241
52121314
521214A7
52121921
521221314
52123093
521231314
52123456
52123490
52125212
52125786
52126531106
52131314
52131400
52131411
52131425
521314520
5.21315E+11
52131488
52131499
5213251980
52133440
52133441314
5213344521
5.21334E+13
5213344587
5213352133
52135213
521365886
521369852
521373255
52138988
5214125le
52141314
52141581
52143657
52144593
52145214
5214551834
5214752147
5214ydly
52151314
5215171956
5215190000
521521..
52152100
521521000
52152111
521521119
521521125
52152121
521521241
52152152
521521520
5215215210
5.21522E+14
5215215241
5215217758
52152188
52152199
521521999
521521aa
521521abc
521521bb
521521li
521521nn
521521qq
521521tt
521522523
5215338821
52154032
52154188
52155215
52155441
5215841314
52158540
52159421
52159487
52161314
52161395
52165216
52165496
52166632
5216678614
52168168
5216852168
521704343
52171314
52171725
52173310
521741748
52175217
521771314
5217752177
5217758258
5217758991
5217788521
521780228
5217864059
52181307
52181314
521815122
52185218
52185645
5218633123
521881314
5218852188
52189913
52191314
52192332
52193730
5219381qw
52195219
52196141
5219840706
521984626
521991314
5219952199
5219966a
52199999
52199yaoming00
521babamama
521baobao
521baobei
521benben
521by1714
521china
521forever
521iloveyou
521jiajia
521jingjing
521jjlcjjlc
521laogong
521liang
521love521
521loveu
521philips
521qq521
521shshdlh
521shuang
521tianya
521w521w
521weiwei
521WOAIni
521wohenhao
521yanzi
521zhang
52201314
52202244
52205220
522085052
52211314
522123456
522131456
52215221
52215790
52216891
52218470
52221314
52222222
522275982
5222846460
52231314
52233587
52235223
52237602
52245224
5224578r
5.22464E+13
52251314
522520we
522522036
522522522
52255225
5225562814
52260299
52261314
52262266
52265226
52271314
52275227
52277278
5228046547
52281314
52282199
522832555
52285228
5228elva
52290503
52291314
52292802
52293336
52295229
522991600
522e1711
522E717e
52300358
52301314
52304b41
52305230
52306Laojing
52307081
5230fever
5231011sj
523101314
52311314
523119520
52315231
52316342
52321314
52325232
52331147
52331229
523324602
52333325
52333333
52333975
52335233
5233854328
52338943
52341314
52345234
523523swjswj
5235361225
52354235
52354612
52355067
52355235
5235820539
52358888
52361314
52365236
52367575
5236782135
523690116
5236987410
523701314
52371314
52371519
52375237
52380826
52381314
52385238
52386686
523904957
52391314
523E3c57
523yy1296
52401314
52405240
52408834
524101314
52411314
52415241
52420552
52424808
52425242
52429739
52431314
52433901
52435243
52441314
5244469e
52445244
524473514
524499369
52451314
524521326
524524524
52454525
524611378
52461314
52461616a
52465246
52467222
52471314
52473344
52475247
52481388
5248x117
52495249
524954358
524A2de1
524F1f16
524liuyimin
52501314
52505250
52510022
52511314
52511532
5251452514
52515125
52515251
5.25189E+11
525200kk
52520623
52521313
52521314
52522199
52524567
525247123
52525200
525252137
5252525~~
52531314
52532485
525331314
525333060
52533902
52534677
52535253
52538776
52541113
52541314
5254152541
52544518
52545254
52545658
52545856
5254752547
52551314
52551401
525525525
52555255
52555525
52555683
52557984
525582475
52560603
52561314
52562800
52564588
52565256
52565854
52567792
52573344
52575257
52575258
52575725
52575859
52576418
5257fish
52581314
52583344
52585257
52585258
52585665wx
52585FA9
525881314
5258852588
52591314
52595259
52599999
525baobao
526000246
52601314
52605260
52607657
526077561
52610000
526101314
52611314
52613344
52615261
526153256
526160836
52621314
52625262
52630255
52631314
526331314
52634926
52635263
52636325
5.26385E+13
52639983
52641314
52645264
52645905
5.26601E+11
52660110
52661314
52664248
52665166
52665266
52666625
52671314
52675267
52678865byy
52681314
526814000
52682916
52685268
526901314
52691314
52695269
52695344
5269565339
527011xm
52701314
527052444
52705270
52706666
52708791
52709394
52711314
5271250766
52713364
52715271
52720606
52721314
52725272
52731314
5273152731
52735273
52740346
5274299151
52744223
52745375
52746431awz
5274810490
5.27577E+13
52758109473
52761314
52765276
527668ytr
52773344
52775277
5277752777
52777725
52777777
527778367
527811124
52781314
52785278
52788725
52791314
52795279
52795360
527qazxcv
527zl622
52800195
52800917
52801314
52804594ljw
52805280
528101649
52815281
52821314
52823492
528359AB
52852852
52858BSB
52861314
5.2871E+11
52871314
52872557
52875287
52881314
52885233
52885288
52888735
52888825
5288a5299
52893919
52895289
528loveyou
528niaiwo
52900csq
52901314
52905290
52909013579
52911314
5291152911
529150762
52915291
52919966
52920403
52921234
52921314
52930839
52931314
52939193
529436332
529491314
52951314
529529529
52953667
52955332
52959902
52961314
52965296
52971314
52971987
52975297
52981118
529821218
529832517
52985298
52991314
52995299
52997854limy
52997900
529990098
52999925
52999999
529A402e
52A1389e
52ae30e0
52anjiacui0429
52babamama
52baby1314
52banana
52baobao
52baobei
52BB1314
52c55941
52C761e0
52c901AA
52cc1314
52crystal
52dandan
52DC116d
52dc29c5
52dd1314
52duoduo
52dw1314
52E03353
52e56273
52EA1586
52english
52f43dc0
52f9153a
52fanbing
52feifei
52ff1314
52gg1314
52hh1314
52huangjianying
52jessica1314
52jiajia
52jingjing
52jinjin
52jj1314
52jtl35748
52junjun
52kou3344
52lf1314
52lhz1314
52linfeng
52ling1314
52ling320
52lingling
52linlin
52ll1314
52llyyll25
52lp1314
52maomao
52miaomiao
52mjingj
52ml1314
52mm1314
52muland
52myself
52nannan
52ni1314
52qq1314
52rukawa
52selina
52shanshan
52shiwen
52sj1314
52sophia
52sp1314
52ss1314
52ta1314
52tianya
52tt1314
52tythsn
52tyxbly77
52vooshow
52weiwei
52wenjun
52wenwen
52woziji
52ww1314
52xiaobao
52xiaobenjing
52xiaojing
52xiaoxiao
52xiaoyan
52xiaoyu
52xingji
52xinxin
52xw3344
52XX1314
52xzf123
52yanfei520
52yangyang
52yanyan
52yuanyuan
52yusiyuan
52yy1314
52yy52yy
52zhoujielun
52zhuzhu
52zj1314
53000110
530012009
5300782213
5301103026
53014248
5301433d
53015301
5301671862
53019841120
53025184
530315222
5303520520
53035303
5303658752
530493223
5305201314
530520510
53052051088
5.30521E+11
530520ZH
530530520
530530530
53055787
53071413
53072882
5.30731E+11
53080707
53085308
53098614
5309910asd
530bbcom
530c126d
53105310
531090kk
53115311
53118776
53120000
53122588
53123425
53135313
531414586
53152000
5.31521E+11
531531531
53165316
5316731810
53173053
53175317
53180960
53185318
531913f7
53195319
531bb111
531bb123
531s521w
53201314
53205320
53207778
53208966
53211899
53212765
5.32147E+11
53222142
53222357
53224272
532248109
53225322
5322ABCD
53230802
5323261986
53235323
532368010
532410985
532412026
532425779
53245324
532489pbj
5.32503E+11
532532532
53265326
53275327
53285328
532864910
53307994
53321901
53325332
5332898995
533298645
5334029101
5.33422E+12
53344521
533500aaa
533500abc
533500bbb
5335201314
5335211314
533533533
53355335
533637172
53371783
53371808
53371809
53371912
53372341
53372667
53372752
53372849
53372908
53372960
53372964
53373101
53373255
53373258
53373286
53373333
53373584
53373784
53374312
53374446
53374616
53374794
53374881
53374889
53375134
53375178
5.33752E+11
53375337
53375381
53377220
53378646
53391466
534131421
53415758
53425dbb
534287124
53438710
53438885
534476153
534476153wan
5345201314
5345211314
5345381213
53478792
53505F45
53506235
5351221115
53516165
53517230
535172306
53517231
53517615
535176165
535201314
5352053520
53521783
53521809
53522341
53523018
53523258
53523333
53523492
53523587
535236578
53523694
53523784
53524057
53524616
53524983
53524984
53525134
53525178
53525235
53525352
53526884
53529699
5.35353E+11
53535353
5353535353
5353565365
53535976
53541234
53541314
53542306
53542313
53542316
53543388
53545354
53545556
535456789
53546054
5.35461E+11
5354709394
5354769394
53547788
53547981
5354798183
53548089
53549394
53549714
53563490
53567981
53568195
535782406
53580529
53585358
535897932
5358979323
5.35898E+12
5.35898E+14
53591092
53593534
53605360
53607573
53608579
536182947
5361889jay
53620436
53625362
53635363
53647110
536536536
53665366
53682470
536trapezium557
5371920100
53719520
5371953719
53720246
5372570609
5375129993
537612911
53765247
53768040
53770520
5377053770
5377053880
53770880
53770cvff
5377498a
53785378
53785878
537951456
53798694
537f2779
53801314
538100767
538275800
53828291
53835383
53845382
5384765xps
53855237
5386391014
53878664
53883588!@#
53885388
5391027jl
5391161888
539259500
53933018
53935393
53974286
539898468
53998478
539F4fbc
53c308B8
53cf42D8
53D24bac
53d64E82
53dc73e6
53E13826
53eb0201
54000045
54001224
54005200
540053569
54005400
540065033
54007007
54007008
540072009
54007521
5400754007
54010263
5401161437
54015401
54021809
54031050
540314wyy
540324linyu
54035181
54035403
54037110
540540540
540560530
5.4063E+11
54075407
540765808
5407690681
54080452
54085408
5408804512
540880452
54088088
5408854088
54091500
541015qf
54102013
54102632
54105410
54110120
54110378
5411054110
54114500
5411536888
54115411
54115412
5.41205E+11
54123456
54125412
54130jpe
54131420
54131421
54135413
541430752
54145939
54148991
5.41508E+11
5415192h
54152100
541541541
54155415
541634d0
54165416
541666liu
5416yans
54171745
54175417
54178800
5.41789E+11
54178888
541788abc
54181452a
54187419
5418792190
54188000
54188123
5418814512
5418814521
5418814522
5418814524
5418818452
54188188
5418818845
54188188452
54188202
54188452
54188520
54188521
5418854188wang
5418854199
5418858s
5.41889E+11
54188888
541888888
5418894188
54188tan
5418954189
54190508
54192796
54195419
5419710725
5419731108
54198201
54199181
5419954199
54199999
54201314
5420281983
54203tim
54205420
54209350
54210424
5421113love
54211314
54212555
54215027
54215421
542211f4
542228125
54223862
54225422
54227684
54231106
54235423
5423619241
54242006
54246867
54255425
54256042
54262517
542638aa
54275427
54278885
54283098
54285428
5428824533
5428854288
542912724
54300310
5430137e
54305430
54315431
543176709
54318790
543189939
5432000621
54321000
5432109876
54321123
54321521
54321678
543216789
54321789
54321968
543219876
54321abc
54321abcde
54321coco
54321shshdlh
54321trewq
5432821379
54331077
543318520
54335210
54335233
54335433
5433sad520
54354241
543543543
54360236
54365436
54372152
54383845
54385438
543859438
54387514
54387514mn
5.43894E+15
54389438
543940251
543986908
54412579
54415441
544257999
54455445
5.44593E+11
54473806
544820384
54483792
544843569
544849080
54490265
54498224
544A547d
5450119zhao
54505450
545102325
54513365
5.45E+54
54515451
545155207
54520628
5452154521
54525452
54525658
5452690869
54533041
545349229
545352123
54535251
54535453
545388124
5453dlong
54543168
545511854
54551360
545524706
545545999
545546549
54555455
54560204
54565852
54568183
54575457
54578326
545791240
54585458
54585652
54595459
54597026
545dhro0
54600421wo
54601314
54603092
54603101
54603258
54603333
54605460
5460864652
54611218
54615461
54624741
54629166
54631111
5463354633
54635463
546372819
5463850zxc
54645464
54646432
54653508
54654454
54654678
546579lws
54665466
54675467
54679821
54685468
546B703f
546tertwer
54705470
54705680
54710305
547132549
54715471
54724833
54726999
54735473
547395081
54741789
54742639
5475219826
547547547
547548847
547622319
54765476
547730356
547750251
54775477
547766118
54777745
5477887tang
54780206
54781225789
54781460
547851212
54785478
5478963210
54795479
547c6B56
547f6A39
54805139
548111300
54814490
54815481
54815792
54820912
54824800
54838392
5483o3596
548548548
5.49E+10
5486254862
54864788
548721457
54874959
54875487
54885488
54888820
54890256
549149662
5492173htf
549313b7
5494962464
54952877
54955495
549601ip
54980126
54985498
549861973
54993921
54995499
54A24d64
54A32497
54a3lg1230
54A50905
54A633ee
54aiak47
54F153a3
54f32c3a
54f553E9
54guihua
54hacker
54lighte
54minlei
54ni88mm
54sOphia
54tiancai
54vrvnet
54wangrh
54yhz1980
54zhangli
5500140047
55005500
5501220.ywj
55025502
55035503
55040113
550550550
55055505
55055537
55059525
55059857
55060761
55065506
550658abc
55070829
55070918
5.5074E+13
55076593
55082360
55084289
55103842
55105510
55115511
55116688
551228727
5512288a
55123456
55125512
5513198753
55133441
55135513
551378921
55138758
55145514
55152!@#
5515456123
5515456321
5515456987
55155515
5516316hbx
55165516
551677899
55175517
55185518
55192062
5519518881
551980fantasy
551D7f46
55205520
552100ef
55215521
552168ss
55220088
55221100
55225522
55228800
55228866
5523153hjh
55231990
55235523
5523808hat
55238848
55244202
5525530569
55255525
55255630
55256636
55257226588
55257714
55259317
55262828
55274290
55285528
5529765a
55300328
55305530
5530802830
55310418
55312036
5531363hrr
55315531
553205187
55320595
553242420
55325532
55327383
55329548
55335533
55351292
553521451
553553553
553589486
553634540haik
5537226935
55382927
55392020
553a7a85
5540739e
5542015a
55425618
55435592
55441177
55443322
55445544
5544ool9l3l
55451972
554528096
55453155
55455545
55465546
55500127
55500222
55500694
555111666
555111888
555123123
55512345
555123456
55512633
55513427
555156651
55518741
555201314
555222000
555222111
555333111
55539713
555472ee
55553333
55553352
555548080
55555123
55555168
5.55552E+12
55555221
5555522222
555554444
55555551
555555552
5555555551
5.55556E+11
5.55556E+12
5.55556E+15
5.55556E+19
55555556
55555558
55555566
555555just
55555666
55555678
5555577777
55555888
5555599999
55555WOaiNI
555611ltj
55565556
55565655
55565758
555666000
55566678
555666ok
55568283
55570010
55570643
55571085
555777888
555777999
55581241
55585558
555888666
555888999
5558ji111
55595559
555C3557
555ii882
5560254zcl
5.56084E+11
556089cici
55621162
55625562
55627685
55633030
55637172
55644532532
5.56518E+11
55657677
55660000
55661220
55661234
55661314
556613abc
5566183m2m
55661929
55661977
55662233
55663322
55663344
55665656
55666655
55667799
556688997
556689757
55669139
55669363
55669988
5566tony
55675527
55677852
55685568
55709394
55710309
55710349
5572829916
55732508
55757592
55775577
55794225
557D741c
558015839
55815062000
55823855
55835583
55847000
55852283
55862488
55865622
55880126
55880817
55882519
55884289
55885588
55886699
5588687987
55887799
5588922119
55889966
5588hnhn
55897903
558e2bf2
55923969
5592462501
55925592
55930482
55940086
55940086mellisa
559412anan
55953694
55961487
55982100
55985598
55986678
5599433ysz
55995599
55AA4c0a
55C93838
55cb439c
55cc2f35
55d608da
55F47841
55f90da6
55xiaoxiao
56003337
5.60102E+11
5.60113E+11
5602253227
5.60306E+11
56035603
56036447
56036495
56055415
56055689
560560560
560586349
56059786
56061663
5606339zxc
56077133
5608421273
56085608
560922ll
56092a5e
560b2ddd
56105610
56106826
561103lxs
56111111
56115382
56115454
56115611
5612131420
56122988
5612607890
56127795
561314520
56132320
56135613
561401huhan
561561561
56164489
56165353
56175821
56185618
56193481
5619489xlt
56195619
561969048
56197538
56201314
56205487
56205620
56205948700
562061434
56211533
56215621
562159487
5622059487
56224966
56225622
5623331liu
56234226
56235623
5.62365E+13
56242762
562508662
56251136
56262020
56264393
56265626
56267174
562755356
5627568OOO
5627657zzz
56283586
56285628
56293460
562B0441
56300085
563001602
56300782
56301881
56301906
56304688
56305630
563084412
56312705
56318464
563206515
5632156321
5632240qq
56325632
56327084
56327121
56330337
563349yy
56335633
56344244
56348331
56351022
563563563
5.63588E+11
56371973
56373995
56375799
56381071
563818945
56388151
563889751
564000070
564019949
56404817
56405164
56405731
56412162
56415977
5642059487
564219667
5642282330
56423018
564335520
5.64336E+11
56443861
56455645
564564564
564566413
564586194
56461b11
564636472
56465646
56473829
5647382910
56475492
564862766
5649335111
56504218
56509680117
565109212
56514531
56520053
5652056520
565331241
565348363
56535653
56545852
56551233
56551410
5.65536E+13
56555170
56555655
56559225
56561234
56561976
56562323
56562905
56563326ne
56565566
56565666
565656abc
565656zmh
56567401
56567800
56568989
565755177
56575859
56575859yu
565774977
56578284
56585658
56586156a
56588362351
56595659
56597189
56598710
56604110
56612260
56612270
56612305
56618285
5662338899
56623897
56628584
566330613
56635989
56638617
5.66505E+13
5665211314
56652154536
56655665
566566566
56657123
566d123F
566e3E8A
56711272
56715671
56720905
56725392
56730428
56730670
56736853
56738002
56740205
56756610
567567567
56757715
56761049
56762923
56769744
56777f1d
56780000
56784321
5678493021
56785678000
567856789
56786789
56788765
56788@56788@
56789000
56789012
5.67891E+11
56789123
5678912345
567894321
5678998765
56789999
5678abcd
56798183
567C08aa
567F6dd1
567jurong
56805311
56805680
56811732712
56812b49
56817431743
568183hs
56818488
568187329
56819187
5682059487
56824760
56824e4d
56825682
56829517
568303814
56835683
5.68357E+11
568367415
56845311
56846857
56862998
56865481
56871982
56874520
56875687
56882533
56885121
56885688
56886107
568864737
56888888
568888aaa
56889214
5688tcom
568923147
56892fc7
56895689
568a3041982
568a56bd
568E66cd
56910939
56913480
56925692
569309479
56932918
56952776
56953407
56954178
569569569
5696124843
56965678
56972364
56973351
56974470
56978095
56981887
56985271
56985698
5698646123
56987727
56990250
56995888
56B174e0
56b46296
56b55ccd
56C87f93
56D2496e
56DA546e
56E401fd
56rewtwe
56yang##@@
57000792
5701062152
5702070121
57028493
57036725
57041521
5704cike251
57076908
57087545
571111galaxy
5711377012
57115615
571156222
57115668
57123002
57124ADB
57129036
57135713
57154331
57156951
571571571
57163873
57165716
57170893
57173781
57181347
571836571836mmnn
57185718
5718666666
57188616
57195719
571960117
57196013
57199692
571d6D16
572060777
572133jxl
57215504
572220300
57223668
57224954
57230778
57251314
57251979
57254120
57255257
57260706
57275727
57285728
5.72929E+12
57314125
57320839
57332600
573415674
57355735
5735764alice
57372822
57373673
5737621858
57381155
57391946
57402A05
57405740
574110abc
5741164358
574139574
57415547
57415741
5742521yang
57425962
57435343
5744983ban
57452597
5746936688
57470342
57482548
574863975
574875b6
57490561
574922988
57510325
57511701
57516202
57516671
575201314
57521125
5754432303
57545754
575675123
5757124520
57575617
57575757
5757575757
57575777
575794124
5758456031
57585758
575859123
57588286
57589462
57590225
57590367
57592780
57595153
57595350
57596965
575b6711
57605760
57608385
57625762
57630718
57634530
57645910
576545551
57674551
57684066
57684233
57688225
57690726
57698742
57730301
57730712
5773821982
57747141
57751179
57754888
57755775
57755801
5775740yy
577577577
5775777758
57768843wr15153
57775777
578111578
57825179
57826671
57832761
57845784
57845866
57849616q
578578578
57865786
5786831024
57877506
578814d1
57885788
57885924
578884139
578906300
578910zj
57891530
57895789
578b578b
579180001
57921920
579252d4
5.7935E+11
579395571
57955631
579579579
57957964
57995203
57A04e5f
57b073a5
57BB7af8
57C2639e
57c305f8
57c40CB0
57cb4342
57cc20f8
57cd4d43
57F07f87
57F2581d
57F26165
57FC0c2f
58005800
58009877
58012022
58015801
580179601
58020503
5802301314
580231lan
58024533
58032337
58046799
580580580
58059108
58061AAD
5.80764E+11
58076857
580b45DB
581007tianya
58102177
58105810
5.81058E+11
58106204
58115619
58117574
58121122
58123149
58123456
58125812
5.81264E+11
58132134
58150489
58151278
581545900
58161573
58165816
58166666
5816967203
58172076
58185818
58192523
58195819
58196227
581e773f
582004662
58201314
58202020
58205820
5820611321
582061314
58211314
58212002
58214383
58215821
58216263
5821972jany
58224910
58225822
58232149
582352abc
58235333
58235823
582467913
582471693
58249621
58257859
58260235
5827165270
58287899
58288888
582910734
58292341
58294801
58296420fa
582a4336
5830801228hq
58310432
58315831
58325442
58326066
583262332
58332120
58335833
58335cd3
58338904
583528123
5835946148123#
58365836
58373639
5837861w
58389388
58393451
58395139
58397324
58398605
584026898
58404551
58405817
58405840
584102389
58411zdt0
5841211314
584121314
5841314121
5841314179
58413142
5841314200
5841314210
58413142121
5841314240
5841314241
584131425
58413142659
584131427
584131430
5841314320
5841314321
584131452
58413145200
5841314526
5841314527
5841314620
5841314621
5841314720
5841314921
58413520
5841392010
58413921
5841568rj
5841714521
58420184
584203344
584210Xy
58421184
58421314
584213344
58423105
58424657
584250988
584261314
584271314
58431629
58432552
5843331314
584334420
58437012
58443242
58445315
58451211314
5845121314
58451271314
58451314520
58451320
5845132QQ
584520..
58452000
5845200927
58452011
584520123
58452013
5.8452E+12
584520184
58452033
58452034
584520520
584520530
58452099
584520aaa
584520qq
58452100
58452113
5.84521E+13
5845211714
584521184
58452122
584521314
584521521
5.84522E+11
58452199
584521abc
5845221314
5845231314
5845241314
5845261314
5845271314
584528668
5845334420
5845334421
584561488
58461001
58462418
58464522
58465846
584702yuzhe
584737420
5847374520
5847374521
58475961
5847758521
58477904
5848158481
5849201314
58498401
584anyyy
584w521x
58502002
58505689
58506221
5851622900
58517262
58519700
58525456
58525852
58531816
58535853
58541240
58545256
58545652
5855120628
58555855
58565254
58565856
58566396
585719c1
58575857
58579935
58580015
58580091m
58581204
58581230
58581283
58585588
58585656
58585888
58586845
58587758
58589191
58590383
58591510
58595859
585E0baf
58604413
58605860
5860o110
58618493
5862255-4234
58625780
58639031
58641314520
58645001
5865212123
58657901
586586586
58661970
58664505
58665866
58665894
58677322
5868025myt
58685868
58687888
5868788898
58687898
5869109319
58694348
58695869
58696126
58698802
58699996
58700794
58703369
58704799w
5871005683
5871258712
58715871
58729368
5872kk8l
58732245
58732475s
587412369
58745905
58748177
587622610
58765876
58766299
58769864321
58770978
587865533
58788362_
58789441
58795879
5880533fsx
5.88115E+11
58812000
58813199
58815881
58817082
588174zxc
588183wxl
58818858
588271325
588288m8
58829862
58833931
58838080
58846120
58855885
58858435
588620898
58862889lhl
588688988
5887415157
58874952
58875389
58878828
58879576
58885888
5888888888
58899552
588c6064
588e50aa
58901204
58902723
58906395
58909595
58915891
589589589
589631785
58965896
589700md
58973448
58974090
5898383608
58985898
58986900
58989898
58990990
58995588
58995899
58996218
58AF2538
58E42737
58ED79a0
58f11a23
58g56kwok
58n68mkc
59001172
59003567
590313800
59044569
59083872
590907li
590F61eb
59105910
59112911
59115911
59116357
591168330
59118434
5911902ymt
59119965
59120042
59121026
59121159854
5912242002
591387016
59163931
59166276
591687441
59174209
59182128
59185918
5.91859E+11
59188035
59188888
59189850
59190093
59190633
59201314
59205920
59211314
592130924
5921334495
59215921
5921mmmm
59221699
5922699645
5923078164
59245657
59263834
59285928
59287668
592997li
593156075
5.933E+11
59338971
593419875
593878383
59389690
59392465
593c54f7
5941201314
59412529
594131420
59413288
59415941
5941859418
5.94189E+11
59419415
59419863
59420520
5942059420
59420chihu
594211314
5942159421
59423020
59436898
59445079
59451314
59451941
59452088
59455945
59456300
59459376
594824138
59483422ly
59484711
59485948
59495896
59496215
594E48e2
594F6f2f
594lyq617
594yanbaby
594yangyu
5951171820
595189100
595201314
595207641
595337909
59541fb2
595520024
595592968
59565956
59565964
59567308
5956999999
59579167
59585756
5958575654
59595599
595955999
59602.17843.
59615961
5962072904
59624531
59630603
596388wang
59642538
59648988
596596596
59666173
59671386
5968122
59685968
5968780c
59693869
59695969
59697989
596a5b17
59704008
59705970
59716602
597461b0
59746308
59753098
5.97743E+11
59775977
597824657
597927856
59796229
59803900
59819714
598240zy
5984136720
59848401FF
59848570
5984tama
59854602
598598598
59865986
5986915abc
59875987
59885988
5989109jsc
59895989
5990419109
5992514k
59928126
59955995
5999309a
59995953
59995999
599wj9599
59A45e14
59b4440c
59B82d26
59bb0283
59BE66f1
59C8244b
59CD575e
59CF788b
59clhydb
59E65ed8
59e80005
59F77e55
5A014830
5A0B15fd
5A1207eb
5A2A4ac1
5a3f44BB
5a54456d
5a55asd4r2
5a7251D8
5A810b85
5aa71096
5aa900DC
5AAE6766
5AB076bc
5ab96EB9
5abc2112
5AC250ec
5AC84221
5ad74856
5ade5fd7
5AE17713
5afd5d32
5Agc2U864A
5Ahc2U864A
5Ahc2U874A
5Ahc2U875A
5Ahc2V875A
5Ahc2V875z
5am0eqxQIC
5an0eqwQHC
5an0eqwQIC
5an0eqxQIC
5Atc1U885q
5auxksySJD
5b135163
5b1c2A4E
5b202e86
5B2813f3
5b32f3a7
5B49671e
5b6561A3
5b735157
5b78681E
5b793f52
5b8f72D1
5BD922fb
5bdc1896
5BDE7d04
5bfd4B83
5Bhc2V875z
5Bic2V875z
5Bid2V875y
5Bid2V875z
5Bid2W875y
5Bid2W885y
5Bid2W985y
5bl0dryRJD
5bm0drxRIC
5bm0drxRID
5bm0drxRJD
5bm0erxQIC
5bt2itzTKE
5bt2jtzTJE
5bt2jtzTKE
5Btd1U885q
5Btd1V885q
5Btd1V986p
5bu2jsySJE
5bu2jsyTJE
5bu2jtyTJE
5bu2jtzTJE
5bu2zsdGCW
5buxjsySJE
5buxksySJD
5buxksySJE
5buzhidao
5c1329eb
5C420292
5C457d83
5C55485c
5c570B2A
5C5D3481
5C617fed
5C6572f8
5C9127e3
5c912FC8
5C991535
5c9a2BB7
5c9b6dcb
5CB75517
5ccd46B8
5CCE3a37
5CE20949
5ce33D79
5cf71711dg5
5Ctd1W986p
5Ctd1W996o
5Ctd1W996p
5D07215d
5D475435
5d4a1472
5D5D4866
5D713a7a
5d776a54
5D7E179e
5D7E315a
5D7E3aa2
5d830770
5d83364B
5d8e462c
5D931ed3
5D97612c
5DA96ed3
5DC375a4
5dc87f31
5dcd6282
5DD36cc8
5DD63cd0
5DDC35ea
5DEB00c3
5dexufeng
5DFC407e
5dff57ba
5e025F2B
5e36612A
5E624829
5e7d62ec
5e7d7ca8
5e9131fe
5EBD493b
5ECB2d16
5ed76344
5EEF582e
5ef408B2
5efb0285
5EFD6ae5
5EFF5fc7
5f0757C3
5F146db3
5F197dc3
5F223fb9
5F2B7866
5F45505c
5F464930
5f543654
5f5f6fbb
5f8a2a6f
5f9708F5
5f9b679A
5f9emcv7
5fab7B0A
5fd77336
5FE95cad
5FEF3ffe
5h82rb679
5hendaqi
5i5j5i5j
5ib55hig
5ISS1314
5itianya
5jay2pp-
5l1o7v0e
5lovebabamama
5loveyou
5loveyou0
5lwg5lone
5qazxcv7
5rdx6tfc
5rfvbhu7ty
5tgb5TGB
5tgb7ujm
5tgb^YHN
5ttd1W996o
5tte1W996o
5tte1X996o
5tte1X997n
5tte1Xa97n
5wu4si7qi3san3@@
5yfb2S764C
5yfb2T764C
5youling
5yrthrcg
5yue30hao
5zfb2T764C
5zgb2T764B
5zgb2T764C
5zgc2T764B
5zgc2U764A
5zgc2U764B
5zgc2U864A
5zhenshibai
6.042963902
60000000
600000000
60000006
60000725
600036he
60006000
60007019
600100qhtf
600116000
60014891
60016001
60026002
6003180877
60045000
60054006
60056005
600600600
60066006
6.0069E+11
6.00771E+11
60083911asa
600902426
600y146y118l
60102825
601067720
601097183
60113718666
601157125
60115988
60116011
60118791
6.01222E+11
60126012
601330950
60136013
601410102
601435475
601602603
6017877123
60180800
60202613
60206020
602136189
60216021
6.02199E+12
60226022
60232500
60236023
60246024
60256025
6.02603E+11
602635001
602801wawy
60282323
60291147
6029407580
603159JXD
6032196y
60326032
603603603
603645b2
60386736
603a1f02
603a4ddd
6042560425
6042963902
604457234
604560334
604604604
604860<+>zjl
604886912
6048891372
60504720
60512203
605201314
60524488
60544A38
60556055
605605605
60588608
60595988
60596059
60600606
6060160601
60606060
60609997
60618858
60624703sd
606606606
60666066
606c4085
60704ca2
60708090
60712721aa
607230131
60736635
6075poiqwe119
60761258
60766476
60786078
60803Tonyhao
60808997
6081098m
60816651893
60826082
60827176
608608608
60890449
6089572lin
60896089
60904761
60912188
609332633
60950855
609763212
609902AA
609d4A24
60A44004
60B06668
60BF2d4f
60C2740f
60c442B4
60c95034
60ec32b5
60fe010e
61006100
610082ab
61018891
61026102
61031343
6.10328E+14
61035000
6105026459
610517woai
61051x.721300
610520xy
610608ls
610610610
610649934
61077578
61080845
610815wang
61086108
61096109
610988178
61101206
61106110
611131520
611157bq
61116891
61122359
611314513
61136113
61141259
61146036
61148880
6115124hui
61153014
61153340
6115648136
611611611
61166116
61186118
61196119
6.1207E+13
6120abcd
61211119
612128494
61214025
61215891
612159279
61216121
612179hi
61218891
61220000
61226122
61229975
61230798
612316536
61233216
612353126
61236123
61239663
612417906
6124603016
61246879
61249055
61252719
61256125
61257515
612612612
612822512
61286128
61307194
61307411
61311915
6131217326
6.13155E+11
61316664
61325185
61327547
61336133
61349823
613613613
61362052
61369115
61403961
614107wang
61421833
61444338
61447418
61477299
61480124
61486736
61492370578hu
61501458
61506150
6151413121
61516151
615201314
615211314
6152461524
61536969
615420131
61543334
61556155
6156123456
615615615
61566156
61569130
615724zq
61573629
6157738wj
61579577
61585129
61591295
61602044
616060776
61611437
616132yuji
61626120
61626364
6162636465
61626366
61626388
61629433
61632426
61644362
61646164
6.16525E+11
61656165
616602738
616616616
616670306
6168022331
61681011
61681011!
6.16856E+11
616904867
61696169
616i5ipop
61718191
61721027
6.17237E+11
61727c5e
61733536
61741234
61745608ZYT
61746174
617617617
61768803
61793309
618033988
61806180
61807880
6181031330
61816181
61816690lx
6182020lee
61841849
6184685352
6184685521
618497vvv
61858018
61870812gao
6187191974
618753294
61886188
618893210
6.18903E+11
61896189
618yK034
61902185
61906190
61908802
619123815
61925025
6192781724
61930c48
619619619
619770778
619928414
619s619s
61A17417
61a4149a
61AB0295
61bc4b98
61D11771
61DD3dd4
61E2397e
61f35798
62006200
620126898
62013891
62015848
62015891
62016027762
62017891
62021744
6202come
62031306
620456506
62048888
62048895
62051382578
62057215
62061752
620620620
620627229
620713422
62071581
62084620w
62086208
62088407
62088500
6209051562
621002166
62100518
62100891
62106210
62108833
6.21107E+11
6211110782
62112524
62113891
62114413
62114891
62115776
62116211
62116891
621305jxl
62138842793
62143775
62156215
62158948
621589jasmine
62160356
621621621
62163810
62166216
62171643
62173990
62174593
6217463a
6217743349
62181058
62184696
62185154
621861900
62192970
62198085
62198092
621982630
621985zc
62199175
6219937ls
621d49B6
621E70ac
62200122
62201154
62202886
62205675
62208908
62211063
62211891
62213303
62215759
62216221
62216891
62220369
62221007
62221718
62222707
62223787
62224568
62225582
62225804
62226445
62228460
62231111
62231261
62232068
62233599
62235220
62239169
62239382
62241720
62250351
6225234b
622622622
62268038
62270a49
62275122
62275814
62280320
62286153
62286228
6.22865E+13
62286644
6229231222tl
62293189
62306230
62306978
62307801
62308740
62309008
6231024dh
62311586
6231162311
623145zx
62323860
623347302
62336627
62337433
62339586
6233love
62341165
62348696
6.23506E+11
62351887
62351988
62353576
62355201
62355762
62356235
62358967
62361478
62361609
6237141963
62378618
62378708
62379372
62381295
62381684
62383334
62386238
62392681
62392685
62394640
62396239
62396308
62396915
62399109
623a482e
62406240
624122426
62413025
6241314520
624153123
62425863
6242713cc
62436810
62441468
6.24469E+11
6245201314
624550946
624575871
6246503025
624652915
62486013
62486248
6249242591
624937123
624B6f90
62503530
62504791
62506250
62507825
62508729
6.25101E+13
62511070
62513054
62516251
62518103
625203203
62521767
62523563
62524130
6252414321
62526263
62527241
62529329
6252957love
62531350
62532128
62532690
625340960
62534146
6.25E+49
62537686
62549988
625506436
62559221
62559648
62559882
62561372
62561903
625625625
625630DC
62563809
62565899
62568148
6256873558
62568800
625692310
625704913
625708708
62571421
62573320
62577919
62580000
62581066
62581570
625815907
6258423568
62586258
62588954
625904d6
62591851
62592220
62596336
6259711a
625boy625
625E0fc7
62600762
62603022
62606260
62606932
62608786
626218battle.
62623189
62625016
62625877
62626262
6262626262
62628800
62635387
62636085
626364abc
62638055
62638416
62641508
62648688
62649487
62651320
62651652
62655134
6265526123
62655329
62655577
62656292
62657380
62657631
62657788
62660618
62661226
626626626
62664213
62665734
6266cathy
6.26718E+13
62675003
626778248
62684632
62686268
62686999
62703977
62706270
627111028
62711605
627119214
62712700
62715820
62718980
62725991
62733579
62737570
62738935
62739874
627439571
62746788sun
62751599
62754869
62758682
62761620
627627627
62766059
62773257w
62776277
62778888
62779071
627793455
62780792
62786262
6.27863E+11
62788529
62790983
62798487
62798711
628000520
62801998
62806280
62811222
62812890
62814503
62814981
62819292
62819475
62822339
62822628
62823677
62828776
62833745
62835543
62837727
6284968128
628519#*
62856825
628578123
62859958
628628628
6.29E+31
62866472
62866908
62866998
628719qaz
62876860
62877663
6288206
62882511
628869622
62889629
62893229
62897563
62897575
62901491
62902594
62906290
62910194
629151syw
62918917
62921362
62933560
62934063
62942441
62945920
6295141.3
62951413
629629629
62971385
629741963
62975049
62980801
62986298
62988888
62989747
62991083
62995610
62996299
629B046d
62ea51e0
62F17745
62l02y18hbbw
62l02y18hlyh
63000000
6300470047
63006300
63010203
630108349
6301150208
6301356aa
63013833
63016001jd
63017456
63023221
63028016
63029598
6.30313E+11
63032323
63036303
63045058
630513qwd
63056191
630630630
63072080
63073361
63073530
630929qq
630E5372
63105990
63106310
63109108
63110zlj
63112624
63112656
63116311
63122077
63126312
63138514
631452shu
63145db9
63152403
631580146
63166169
631678lilylily
63169272
63178433
63182265
63183710
63185260
63185558
63186044
63186318
63190000
631E3578
63201985
63202731
63205836
63216321
63221935
63223678
63225643
63228967
63231323
632321603
63233496
63236323
63241290
63246324
63246850
63249102
63256325
63256632
63257282
63259523
632632632
63265509
63265665
63266326
63271549
63289772
63293465
632b1fd6
63303205
63308286
6332163321
63322001
63324787
63327380
63329539
63336333
6335201314
63354997
6.33622E+12
633633633
63366336
63367386
6337125yy
63376737
63378396
6.33895E+13
63402561
63406201
63407214
63408980
634142554
6342363423
634267115
63431948
63441578
63441941
63449065
63449603
63454077
63458994
63460777
634634634
63480590
63482618ab
63489988
63506635
63509344
63510668
63511686789
63511824
63515032
63516351
63516805
63517703
635201314
6.35239E+13
63524100
63524141
6.35242E+11
635241789
63526352
63529801
63529993
63530147
63532485
63533955
63534695
63535496
63536353
63552289
63556751
635613yw
63564996
63567516
6356799a
63569319
63572833
63573357
635749125
63576357
63578251
63578342
63578888
63579192
63583356
63583437
63583952
63584581987
63586238
63587fa9
63596b43
635E684f
63600013
63604921
63605448
63606360
63607279
63613069
63620143
636225ha
63626160
63627799
63630593
63631095
63634883
63635611
6363636363
63637971
63642621
63646364
63646566
63647736
63651211
63651727
63653b2c
63658187
6365879999
63660641
63661933
6366296q
63667249
63692542
63696369
63697069
63698147
63701192
63701219
63703318
6370954202
63712250
63714025
63718833
63720310
63722337
63724312
63726808
63727728
63733825
63740942
63741498
63742653
63753056
63761485
63769016
63773065
63776377
63777777
63779539
63781345
63782590
63782736
63784648
63786378
6.37923E+13
63800277
638017023
63802268
63803433
63810000
63811537
63811591
63815752
63823426
63825197
63829432
63829956
63834627
63834812
63840960
63850640
63856385
63856924
63858553
63867020
638690096
63891787
63891787a
63892243
63893680
63898384
63900162
63951130
639528417
639581818
63959463
63960797
63963336
63964625
63972306
63980388
6399006c
63991314
63997c7a
63A11d42
63C568ce
63e83e15
63f062D1
63fd42BA
63g24yyzyq
640**.625
64007887
64015112
6402250000
6.40227E+11
64032157
640323czx
64051165
64051165wushu
64063550
640640640
64072099
640829051
6409095b
640e64c7
64102203
64110909
64112157
641125031
641139527
64114044
6411630659
64116411
64118403
64124977
64126412
6413253@@@
64134899
64142238
6415003B
64157020
6416739zx
64169733
64187786
64191577
64195969
641c2103
641e7C2A
642002847
64200881
64201205
64202001
64206420
64207918874
64209607
64213648ma
64218763
64219517
64222065
64234346
6.42353E+11
6423665710
64239765
64242809
64247414
64254439
64254c77
64277239
64281936
64286428
64288372
64292135
64297756
642f37F2
64316431
6432792qi
643350691
64337065
643383279
64348871
64352106
64354773
64354992
64355869
643639colinecho
64379433
64393631
64396439
644018863
64410448
64412379
64418800
644272747weibin
64438202
64444726
64452430
64466446
64491075
64500366
64508888
64510825
64530520
6453085111
64533862
64546454
64550896lyh
645603150
64561181
64566456
64569833
64579274
64580286
64586458
64591529
645f057b
645F6d23
64601853
646181539
64624185
6462556fdj1
64626569
64627575
64635316
64637880
64641100
64643141
64646464
64649669
646509602
6465220d
64653466ma
64657348
64659200
64666872
64668989
6466A8745
64671824
64686468
64688888
6468long
64691822
646990db
646e6a10
64703779
64705533
64712775
64716471
64717824
64719373
64742779
647470416
64750ad9
64750ECC
6475210lc
64758976
64772390
64775941
64779798
64796256
647A1859
648025+-
64826482
64829404
64847442
64851499
64858310
64870908
64874839
6487718a
64880266
64882807
64885731
64896489
64900713
6490175824
64903497
64906490
64920154
649244798
64926390
64926492
64928419
64935855
64943386
649459643
64950500
64952563
64953618
64958742
649664890
64976115
64983147
64987342
64988666
64A520f9
64b193f5
64BD0f61
64BD2bac
64C20efd
64D07eb0
64e179C7
64F934b8
64FB6a4b
64FB7f6b
64FC226e
64fe06dc
64yinchun
65006500
65014433
65019745
6502065wqt
6.50229E+11
65026502
65030820
65038006
65042085
650511737
65052352
65055123
6505918wf
65060323
65079098
650829yjm
65085550
65090301
650C0c58
650E7c9e
65101004
651012521
65102366
65105510
65106510
65107875
65108102
65109642
65110125
65110433
65110965
65112500
65113929
65115867
65116511
65121590
65124343
65124877
65125021
65125028
65125848
65126512
65127395
65128658
65130884
65131420
65134511
65135838
65139105
65148811
6515245530
651534511
65153853
651539983
65154601
65155796
65156357
65156859
65157135
65159098twy
65166516
65177295
6.51828E+13
65190571
65194950
65201229
65202458
65204283lq
65206520
65209211
6520albb
65210827
65210880
65211314
652125165
65212543
6521350069
65216177
65216521
6521718pearl
65220682
65221447
65223000
65226522
65227415
65235939
65236523
65250398
65250698
65251291
65253933
65256525
65261946
6.53E+06
65262616
65263109
65265125
65265760
65274029
6.52802E+11
652811551
65281490
65286528
65289190
65291411
65296561
65300133
65301163
65303950
65305647
65306531
65306869
65307148
65308245
65308550
65310771
65311606
6.53123E+13
6531365313
65315056931
65316420
65319297
65319951
6532118772
6532132165
65322505
65326532
65326992
65328528
65329015
65331411
65333298
65335346
65340822
65343340
65343785
65345687
65347520
65347921
65351656
65352288
65352863420
65353743
65355181
65356447
6535688653
65358656
65360203
65361000
65366357
65369476
65371688
65374119
65376537
65378216
65379020
6538331aa
65390445
65390527
65393274
6539365393
6539529358
65397217
6.54E+11
653E1420
654007147
65406540
65408720
65410546
65412300
654123123
6541232009
6.54124E+11
654123789
65412389
654123987
65413683
65415541
654183157
65420728
65421106
65421891
65421962
65426542
654321..
654321000
6543210000
65432101
6543210a
65432112
654321123
6.54321E+11
654321321
654321654
6.54322E+11
65432166
65432178
654321789
6543217890
65432187
65432188
65432198
654321987
654321A=
654321aaa
654321ab
654321abcd
654321abcde
654321abcdef
654321as
654321asd
654321bb
654321cba
654321fuyuan
654321gggg
654321hh
654321hz
654321jj
654321kk
654321lb
654321LIU
654321ll
654321love
654321ok
654321poi
654321pp
654321rc
654321ss
654321www
654321yy
654321zhj
654321zz
65432210
6543271025
65436543
6543828@
65440652
65440886
65441852
6.5446E+13
65449681
65450559
65450692
65453751*
65460229
65469550
65476304
65476547
654789123
654789321
65478985
65479573
65482371
65483543
65488753
65492667
65492692
65496F28
654987321
654987poi
654e5322
65501496
65501504
65506877
65507253
65510842
65512938
65527613
65532810
65541103
65550087
65557123
65558x95
655651280
655655scmayu
65569568
6556ppss
65571020601
65571987
65572017
65573916
65577186
65578445
65582700
65586431
65587094
65587977
65597084
65601544
65602590z
65603063
65603702
65606730
6.56083E+11
65608979
65612124
65622335
65623088
65636873
65638843
65641305
65642123
65643223
65644423
6564636261
65650277
65651201
65660261
656656656
65666223
65666566
65668237
6567252984
65674009
65674194
65680030
65683689
65686568
65689811a
65693120
6569839199
656c0291
65700124
65705845
65709883
65711296
6571314267
65717103
65729625
6574062zbsl
657471yy
65748915
65753333
65758595
65762374
65764056
65766427130
65771156
65776577
657836759
65794579
65798304
657b1a9d
657D3cf7
65800347
65801035
65802310
65807656
65809186
65810551
65819347
65821C55
65823480
65826040
65826833
65827913
6583055233
65832590
65843001
65846121
65851515
65852139
65854958
65855502
65856585
65860733-
65862324
65865508
65865574
65865644
658658658
65866440
6586993065
65872119
6587808808
65885222
65885857
65885995
65886588
65887125
65887438
65889991
65892983
65896589
65896619
65898226
65899593
65899898
65899916
65900389
6.59004E+11
65900855
65902955
65904567
65906726
65907967402
65909002
65910095
65916591
65928726
65964991
6596659618
65973329
65976458
65977120
65981953
65982199
659834310
65985921
65986598
65988456
6598o1o2
65991208
65993880
65adg0207
65d560c6
65F46aa1
66005299
66006600
66011571
66013377
66017209
66019156
660208yj
660218218
66028152
66036759
660561398
66056605
66063303
66066606
66068008
66070809
6607312011
66080742
66083413
66086230
66086608
66091519qq
66095620
66096609
66103106
66106610
66110744
66112233
66112575
66112646
66115526
6611616WO
66116467
66116531
66116611
661166721
66118689
6611991980
661203ad2007
66121288
661223hbsufuyan@
66123456
66126612
66130221
66131817
66132001
66132667
66133002
66134811
66136321
66136613
66141566
66143227
66155182
66155604
66158659
66160811
6616283110
66166616
6617101271
66176617
6617666323
6617763zw
6618122qa
66181766
661818ec
66181959
66182125
66183440
66183518
66183560lijun
6618362D
66184906
66185181
66186236
66186278
66186484
66186530
66186536
66186605
66186618
66186865
66186907
66186930
66187238
661894112
66191688
66193423
66197042
66197072
66197408
66197457
66197995
66198127
66201F8C
662109258hby
66211912
66212218
66212663
66213977
66214183
66216742
66217007
66218325
66220098
6622030405
66220442
66223231
66223312
6622567www
66226622
66226677
66228400
66228466
66232895
66236623
66241219
66241515
66242146
66242229kwm
662427123
66246818
66252586
6.62527E+13
66254301
66254815
66256625
66257950
66259088
66259329
66261391
66263351
66265298
66265548
66266626
66266835
66266912
66268379
66268702
66268735
66268880
66269793
66270677
66276770
66277200
66280359
66282188
66286628
66291860
66296629
66300320
66306630
66315131
6632510325
66325370
66328736
66331498
66332211
66336633
66340172
66354323
66360281
66363471
66365525
6636566365
66366636
66367321
66367749
6.6369E+11
66369948
66369981
66392053
66399536
6.64E+05
664183621
6642078ab8
66442211
66446644
66456645
6645672169
664A6c17
664d7B6D
66500217
66500241abc
66500566
66503894
66504282
66513399
66514183
66516122
66516152
66519751
665201314
66520530
66520613
6652066520
66522718
66525603
66526195
6653061107
66534874
66537956
66541516
66543211
665432112
66551122
6655298ll
6655429720
665544321
66554433
6655443322
6.65544E+11
66555566
66556655
66559638
66563014luwei
66564978
66566588
66568521
66569688
66571721
66573927
66584088
66586658
66593821
66593839
66598189
665c1F51
66600666
666029605
66605703
66608888
66611200
666123456
66612458
6661402922
66620156
66620966
666222333
66623792
66626336
66630999
666333666
666333999
66641071
66643255
666481983
66651888
666534FB
66654321
666555444
66659823
66661234
66662129
66662222
666666123
666666321
666666333
66666636
66666648
6.66667E+12
6.66667E+15
666666669
6666666a
66666677
66666678
666666789
666666888
6.66667E+13
66666699
666666999
666666AA
666666aaa
666666aaaaaa
666666abc
666666as
666666ll
666666MM
666666ok
666666QQ
66668689
666740529
6667412118
66676869
666777123
6.66778E+11
66677790
66679046
66680113
666822666
666888000
666888111
6.66888E+12
666888123
6668881cdy
666888666
6.66889E+11
66688868
666888aa
666888aaa
666888abc
666888KS
666888qq
66689681
666954921
666999123
666999333
666999666
666999888
666a888A
666aaa777bbb
666hu666
666pp00ppp
66706670
66707156
6.67E+13
66716292
66722048
66722539
66723089
66725000
66727890
66728280
66734935
66736191
6673619111
66736428
66738824
66739681
66745377
66745561
66745g4356
66755107
66758955
66760306
66762585
66763146
66765214
66766039
66766832
66768lpkl
66769003
66769639
6677141516
66774520
66774840
66775099
66776677
66777655
66778156
66778910
66779239
6677qqww
66781219
66785251
66786100
66786678
66786679
66795056
66795160
66798125
66798788
667F79ed
66802356
66803315
66803549
66804121
66806680
66809483
66810110
66810302
66811168
66813085
66816462
66816607
66816681
66817690
66818621
668228ok
66823085
66824032
66825250
6682xj717
66830180
66834733
66836910
66845378
66845858
66845966
6.68467E+11
668518li
66855352
66861234
66866686
66866875
66876687
66878215
66880000
66881100
66881314
66882567
66886868
6688866888
66888866
66889911
66889966
66890101
66891753
66896689
66897176
66923266
66954605
66958885
66966696
66968807qinhan
66969696
669796979
66986199
66986698
66989133
66995566
66996699
66996927
66997722
66999lrh
66999ysq
66B224b9
66d86D0B
66D931af
66dashun
66f0522B
66f6702E
66fa4ae1
66z12c59
6700120long
6700515zp
6702131717
67025106
670326carol
67061182
670617ZGH
67063002
67080980
67081811
67086027
67088460
6.70919E+11
67101121
6.71042E+11
67106114
67108864
671126hj
671129001
67114133
67114259
67116711
67118119
671211777
6.71212E+11
67121763
6712321176
67123456
671302160
671345sw
67147806
67150019
671504635
67161450
67165434
67167586
67171828
67176764
67195074
671c16E0
67210832
67211554AA
672159834
67220010
67222972gh
67236723
67240548
67253012
672575fei
672576148
67262083hzl
67265535
67268408
67269544
67313162
67313794
67322893
67325888
67336733
67350919
67355620
67365031
67381782
673899272zyy
673926967
6739515ll
67397267
67410361
6.74166E+11
67417080
67419086
6.7426E+11
67458334wj
67460286
67468309
67471282
67473057
674735645
67481233
67488969
67498226
67505004
67507285
67512691
6751761enter
675177361
675201314
67520520
675211314
67521492long
67523531
675249003
67526061886
67536039
67536250
675454438
67550218
6.75502E+12
67576220
67578930
67582682
675886895
675949316
67599014
67600702
67601311
67601885
67607085
67608970
67611276
67611282
67611739
67617735
6762081333
67622947
67625579
67626947
67627852
67633927
676400293
67640193
67640391
67651255
67655070
6765634321
676570702
67660013dj
67660189332
67662099
67662726
67663813
6767222ws
67684533
67686935
67687321
67699484
67701619
67706770
6771403cxx
67721098
67721654
67724866
67734461
67735618
67743593
67746234
67753051
67756666
67758322
67759621
67766059wc
67766282
67766776
67770029
67775228
67781234
67790339
67796093
67809975
67812376
67813090
67813943
67815430
67816781
67818205
67818645
67833362
67836464
678487518
67850890
67853733
67854644
6.78547E+13
67856087
67856165
678678qq
67868673
67869174
67870098
67874201
67886788
678891ly
6788965894
6789009876
67890123
67890201
6789054321
6789067890
67891011
678912345
678954321
6.78968E+11
6789abcd
678qazwsx
678qq876
678yuihjknm
67900zheng
67907224
67914751
67915121
67916791
67920909
679209D8
6792802382
6793639b
679500648
67984196
67985589
67996799
67997012
67a337BD
67a7301d
67b0328F
67b65a83
67BB2752
67CC46cf
67D20c72
67e0665c
67er2vwdq
67f215A4
67f55145
67ff34dc
67j56u5j
68000218
68000676
68003542
68003557
68005307
68006191
68006380
68006828
68014062
68018264
6.80219E+11
68026678
68026802
68027517
68030618518
68031303
68032463
68034399
68036803
68038328
68048650
68064645
68078048
68082269
68086808
68089188
68090044
68091703
68092389
68100471
68100512
681030yhm
6810318075
68103590
681051535
68106810
6810820559
6810906Bb
68110005
68110688
68113038
68115321
68115521
68120665
68123113
68139148
68142213
68143039
68143567
68146086
68148239
681509111
68150920
68154420
68160063
68166337
68166733
68167700
681681asd
681681dxw
681681wzj
68169988
68181501
681823057
68183367
68185848
68187329
6818950059
68190068
68191573
68192496
6819710202
68197901
681F5539
6820368203
6820456506
68205125
68213273
68213388
68215055
68221791
68226822
6822725a
68231500
68232747
6824333070
68251916
68252200
68255449
68262639
68264haohaode
68268820
68271188
68273710
68276311
68280061
68280150
68282464h
68284050
6.82893E+13
68289623
68291460
68291869
68292045
68292092
68292661
68293402
68293638
68300972
68304718
68305118
68307999
68308734
68309322
68313165
6831468314
68316636
68321132
68321696
68321806
68322494
68324126
68325351
68326088
68327962
68329785
68330061
68330088
68331445
68334125
6.83351E+11
68340lei
68348508
68348899
68350862
6836150/
68361760
68368800
68371736
68383465
68384177
68391215
68396848
68413370
68422288
68423523
68424102
68425124
68426842
684268426
68431684
68431905
68437411
68439202
68456845
68468105
68478800
68481317
68486597
684b227d
68500159
68502280
68504107
68506850
68508640
68515247
68516015
685201314
68521742
68530293
68531726
68531888
68532001
685359c8
68537643
68542299
68542947
68548888
68551083
68553300
68555053
68555435
68564233
68579889
68581923
68582304
68582309
68582633
68582661
68582663
68582671
68585351
68587114
68587114520
68590102
68590825
68593152
68598197
685q4z83
68602271
6860627e
68610260
68619872
68621475
68627896
68629315
68633424
68633fc0
68634711
68635570
68636863
68640972
68641281
68642186
68645508
68649338
68650230
68650709
68651120
68651184
68656806
68657217
68658670
68658911
68660340
68660841
68664482
68664583
68666240
68670021
68670398
68670965
68679871
68683928
68686688
686868123
6.86869E+12
68693061
68696869
6.86974E+11
68701913
68706090
68710055
68710510
68724143
68725546
68725818
68736873
6875040b
68754465
68758776
687643279
68767011
68768775
68775223
6877penis
68781127
68786878
68788898
687955832
68796879
68800051
68801028
68801598
68814108
68823616
68830762
68832170
68832546
68832836
68836410
68841003
68843587
68843955
68844314
68856885
68859597
68864191
68865757
68865939
68866694
68866886
688688688
68869184
68875900
68880436
688888888
68900573
68902300
68906890
68909915
68910428
68911110
68912580
689125wh
68912888
6891435211
68916891
68918899
68919325
68920457
68922171
68922359
68925005
68925226
68926194
68927265
68928412
6893001xyz
68937802
68938161
68951002
6895284y
68956895
68960812
68961318
68963955
68966896
689689689
689709fq
689750d0
6.89863E+11
68986898
689880303
68996899
68a821B8
68a94a10
68C929bd
68e76d91
68F01905
68F95d8a
68fd3EBF
690056707
6901281211
69016788
69018870
69020390
690218723
690307zgb
690422JIAO
69042otis
69046904
69050132
690525xx
69065613
6.90707E+11
690712123
69086463ddl
69093991
690abcabc825
691014031
69101600
6910161620
69104799
69106910
69106946
6.91077E+11
691107ti
691203888
69120478
69122413
6913586536
69148909
69151252
69156915
69164386
69165664
69166193
69166916
69191217
6919152143
69200200
6921402213
69231158
69247176
6925296a
69254064
69259236
69264985
6927969790
692B10e4
692F7df0
69312133
69326932
693582471
69366167
69366666
6939937510
69438071
69441916
694451980
69455737
6947166aa
694c4a54
69502049
695242284
69525629
695293963
695359864
69541120
6954143684
69556885
69561378
6.95771E+11
69578149
695841423
69586958
69587976
69593474
695c5dc4
69605633
69611539
69646964
69647300
69649911
69650160
69664514
69664747
696939lrh
69696699
6969696969
69704933
69706970
69718061
69719898
69724899
69739999
69745577
69760678
6977296964
69775649
69776977
6978853123
69823746
69840828
698456923
69856985
698698698
69874123
69879999
69886988
698898098
69896383
69896989
698976978
6990058349
69903901
69906414
69925487
69928803
6993212D
69963331
69965668
69966996
69967528
69967734
69972530
6998102102
6998731982
69999699
69A95610
69CB5d6b
69d07C18
69D548e6
69e73E35
69E7691d
69FF3c67
6a01392d
6a11461b
6a114f63
6a1c08ca
6a2a7C70
6A4633b4
6a497e66
6a4e2106
6a595E5F
6a5fws6g5
6A690cee
6a6a1238906a6a
6A731b6c
6a90041b
6ab82b86
6abd4640
6AC602e1
6AE54c0b
6B0E2516
6b117D03
6b215909
6b226B99
6B2D1144
6b3a1950
6b537145
6b583F76
6B7031d1
6b9145ad
6b9f7df7
6BA55d55
6bb806dhwl
6BB80964
6BC61043
6bc94d11
6bd17492
6bd26C04
6BD40286
6BD91ea3
6bec17e4
6bfa502e
6bff47E4
6Bid2W985y
6bk0csySJD
6bl0cryRJD
6bl0crySJD
6bl0csySJD
6bl0dryRJD
6bs2itzTKF
6bs2itzUKF
6bt2itzTKE
6bt2itzTKF
6c0a7574
6c5151A3
6C6119ed
6c8b6A6A
6c95440E
6cba352d
6cd10092
6CDB2377
6ce751BF
6CE778b5
6cf17607
6cfc3b46
6cfd78be
6Cid2W985y
6ck0csySKE
6ck1bszSKE
6cr2huAULF
6cr2huAVLF
6cr2huAVLG
6cs2huAULF
6cs2itAUKF
6cs2itAULF
6cs2itzUKF
6cs2iuAULF
6Cxd2W985y
6Cxd2W986x
6Cxd2W986y
6Cxd2X986x
6d035037
6d0f64C4
6D2A763f
6D311f97
6d4326d241
6D620794
6D88378e
6d98470C
6DD625e9
6DEB674c
6Dxd2X986w
6Dxd2X986x
6Dxe2X986w
6Dxe2X996w
6Dxe2Y996w
6Dxe3Y996w
6Dxe3Ya96w
6Dxe3Ya97v
6Dxe3Ya97w
6e4e26d4
6e581250
6e587de9
6e677062
6e6e4b24
6EA83467
6EA95b5d
6ecb641B
6ED236f8
6EDD56a3
6ee40D35
6EF43bc4
6Exe3Ya97v
6Exe3Za97v
6Exe3Zaa7v
6f083068
6F19074f
6f192CE2
6F254562
6f27247b
6f2d3417
6f2i172p
6F375309
6F3779ff
6f444f3d
6f634742
6F6B72b6
6F85076a
6F870edc
6F8E0ca1
6f9529q1
6F9560e1
6F9E7136
6fb431F0
6FBD02f7
6fd40f0d
6fd55906
6FE87fbf
6FE92ffc
6gf6578hj
6mkFS^#8
6s6s6s680415
6suibano
6t0e2Yaa7m
6t0f2Abb8k
6t0f2Yaa7m
6t0f2Zaa8l
6t0f2Zbb8l
6t7y8u9i0o
6tte1Xa97n
6tte1Xaa7n
6tte2Yaa7m
6yhn6yhn
6yyth7bb
7.21.1234
70007000
700101ccbb
700120855
70017001
700209283
700302152
70031800
700402wlp
700411001
700613041
700700700
70077007
700800900
700805ca
70087008
700A2238
700f2Abb8k
700g2Abb8k
700g2Abb9k
700g2Abc9j
700g2ycc9i
700g2zbc9j
700g2zcc9i
700g2zcc9j
700g3ycc9i
700h3xcdah
700h3ycdah
700h3ycdai
7010208628
70102399
70102400
70111891
701122315
70117011
7012120000
70121799
70122456
701271262
70168783
701701701
701840865
7018435891
70201277
7021527F
70215891
70221981
7022442700
70247189
70251314
70271568
702888999
7032270322
70327032
7033613ok
7033798abc
7.03452E+11
70345426
7034551020
70345520
70357035
703703703
70387036
70391892
70397947
7041136472
70459898
70462467
704678860
705201314
705335126
705347B7
70545262
705605473
70562870
70564335
705705705
70575537
7059517499
706100225
70625061
70637071
706519184
70656355
70682001
70707070
7070707070
707070qzp
707070xl
7.07104E+11
70717273
707269296
70757075
707707707
707c6D4C
70807080
7.08326E+11
70842d25
70849092
70860033
70867086
70868384
708708708
70888633
70897080
70905226
709090706
70931647
70939400
709394110
709394123
7093941314
709394333
709394520
7093945354
7.09395E+11
70939495
709515087
709571286
709709709
709840db
709e3166
70b90c21
70BB410a
70f75408
70FA2e85
70ob6ljd
71000000
71006581
71008433
710089+-*/
71015503
7104001232
7104150806LJ
7105216666
71057105
710710710
710712888
710718189
710719362
71077107
71081800
710827hot
71084366
71087108
710924wxl
71094780
710ZXY802hy
71101515
7110249lpf
71103991
71107110
71107116
71109674
711104058
71111111
71111117
711125372
71112938
71120305
711213136
711213136li
711218888
71122600
71127112
7113138181
71133112
7113571135
71137113
7117097213
711711711
71171771
71177117
71178951
711811911
711811gbb
711811gmx
711811xxx
711826baby
71187118
711b5c1d
711s9d31
71203233
71205002
7120688004
71207120
71212121
7121221012
712161216
71217121
712200110
712345lj
7123687910
71238912
712407qqq
71247437
71257125
71265521
712712712
71277127
712812133
71281600
71285da6
712`huang
712li728shi
71300F9C
71310615
71312368
7132209s
713429genie
71353178
71359246
7135sxws
713713713
71395555
713984265
714213fb
714514688
71455160
7146553613
714714714
7.14715E+12
71477147
71481788
714825936
71503083
71512688520
715150352
715169549
71517151
7151823000
71541120135
7154112f
715498944
71567156
715715715
71607160
7160abcd
71611889
71617161
71625344
7.16567E+11
716716716
71687168
71697069
71717171
71725274
71727172
71727374
7172737475
7173622wt
71737087173
71745071
71747174
717622185
71763308
717717717
717797369
71793083
71811890394
71817181
718386452
718716mc
718718718
71884061
718908834
7190049024a
71926164
7195211984
719581120
719719719
719858b2
7.20E+11
719qiuqiu
71B55c7f
71C05e7c
71C12dcb
71d13171
71D54573
71df3251
71doudou
71E558e3
71e853d3
71FA43cc
71qwer71
72003815
72006627
72011535
72013891
72014891
72017201
720197044
720220301
72023215
72037203
720517zxcv
7205201314
720520520
7205211314
720530520
72058926
720720720
72080685
72083202
72090201
7.20903E+11
720904_+_+
720913sjs
72097209
721003jf
721004wn
721019001
721021djl
721023lwei
72107210
7211091109
7.21121E+11
72115891
7211699000
72117211
721197lee
7.21203E+11
72120282
721217qq2000
7212267428
721256zl
72127212
72127967
7213096ll
72131618
72137213
72140000
7215201314
72152100
721521000
7.21521E+12
721521521
7.21522E+11
72152177
72153056
72153480
7215821521
7.21584E+12
72168072
721721721
72197970
7220484396
7.2212E+11
72213891
72215891
72222222
72223521
72237171
72237223
72246187
72250manager
722722722
7227709521
7227715hu
72277227
72287228
72301072
72304891
72307230
72315478
72315731126
7231648lfp
723213hu
723348a0
72335218
72337805
72339156
723409xiao
7237156f
723723723
72385846
723921dong
72395460
724147425
724326zk
72462359reiko
724724724
72507250
725201314
72528836
7255201314
7255908wq
725725725
72573562
7.25801E+11
72587258
72587bd3
72597733
72601881
72607260
7261383w
7261444b
7265218D
72661288
72671220304
7.26712E+11
726726726
7268537ab
7269426246
72707270
727109123
72711263
72716991
727222104
72727272
7272727272
72732000
7273446829
7.27525E+12
727602921
727727727
72773489
727A66e3
72807280
7.28073E+11
728114416
7283898HUAXIA
728728728
72873c22
72886611
72887288
72897289
72902891
7290609tracy
7292086a
72920aa8
7295310102
729686164
72971828
729729803
7298540849
72ba5124
72d57705
72E07e58
72e64dec
72FF613e
730065dany
73007300
730079012
7.30124E+11
730128211
730180lan
730181818
7302190401_13
730518623
7305292019
7305639f
73067306
730691012
730714563
73072388
730730730
73077307
7308102lqq
730929wxw
73100607
73101264
73102154
731028lf
73104031
73107310
731102641
7.31109E+11
7311131981
731202gzjj
73127312
73127910
73137313
73177317
73187318
7319641455
73197319
731sdabgg
7321291003
73216217
73217321
732253900
7.32282E+13
73243a04
73252d83
73257325
73287226
732881074
73332546
733733733
73377337
73395217
733A6102
734077039
734232609
734300014
7345lkjh
734916bc
7352535d
735254609
73560315
73572973
735e56BD
736004722
736825678
736929116
73702558
7.37187E+11
7372s5d4cd
737312598
73737373
7373773m
73745210
73745211
73747576
73748096
73802954210
7380839a
73816202
73820000
73821419..
738215444
738353b3
73847288
73856041
738ljemma7946
739119375
73914682
739146825
73915932
739182465
73949080
73992644
739961779
73a62BC0
73b6183a
73B9210e
73D83ea6
73ED6cd1
73EE51e8
73ff35d4
73meigui
74004186
7400839bl
740212zx
74032411
740329814
74033B6E
74037403
740405357
740409ycm
7404695969
74048522
7.40511E+11
7405261968
74066c65
740696557
740740740
740903116
740926gay
74100147
7.41011E+11
7410115438
7.41074E+11
7.41085E+11
7410963
74109630
7411057575
7411074110
741122007
741155ww
74117311
74117411
7.41174E+11
741202061
74121234
74122882
74123123
741236589
7412369850
7412369852
7412374123
7412375952
7412378952
741237952
74123963
74123zhou
74125800
741258369
74125896
7412589630
741258963a
74127412
74137413
741456963
74147414
741570745
74157415
74159753
74167416
74167416k
74172703
7.41742E+12
7.41742E+11
74185200
741852123
741852369
7.41853E+11
7418529635
741852963abc
741852963q
741852963qaz
741852963s
741852aa
741852abc
741852hf
741852poi
741852qaz
741852qq
741852qw
741852qwe
741871168
741895623
74189632
74193418
741951321
741963456
741963852
74196385211
74197419
741a852c
741B169d
741qazxsw
74218888
742287068
74237423
74254516
74257425
742677600
74272727
74287428
742C0141
742e61BC
74318341
74327432
743334603
7433510874
743607da
74387438
74391731
74411a4c
744329a2
744429086
744500891
74458450
74468213
74511941
74511942
74513203
74517451
74517593
74518156
7.45192E+12
7451bxzy
7451cq3565
74520123
74520520
7452074520
745211314
74521521
7452174521
74521940
745227f2
74527452
74531940
7453974536
74541852
74548441
745606775
745632100
7456398521
74564561
74567456
7457457456
74587458
746096087
746105810
746190118
746215317
74627462
74646324
74651175
7468047123
74686988
74695656
746997643
7472dsfs
747322884
74757475
7476028f
747747747
74777477
74783105
74787478
747982833
7480WXWY
7481592630
74817481
74820403
74821350
748253258
7483974536
74841yunji
74859612
748748bs
74897446
74904781
74927123
7494459230
7496455000
74967496
74988856
74991118
749c4AE1
74AA18f4
74ab780D
74B466c1
74BA25e2
74BC4d91
74CC0012
74EE076d
74F769a1
74F8592d
74m10d10
74m8w1997
7501130428
750115000
750115fyj
750129788
75017501
75021400
7502160770
750218121
750322400
7.50327E+11
750330467
7504220116
75043352
7505060506
75057505
750714223
75081003
750811007
75087508
7509012502
75090721
75091600
75100612
75107510
75108351
751104395
751105369ljf
7511110225
7511110225fjf
75111111
75112200
75115287
75117511
751211261
75127512
7512800824
7512945huangyi
75147078
75157515
751629374
75165673
75167516
75168796
75170000
75181227
75187181
75187518
751953123
751965636
75197519
75201447097
75207520
75210812
75211314
75214247
75215257
75215415
75217521
752188zxc
752499658
75253208
75253450
75257525
75264791
75267526
7528230e
75299580
7531111111
75312468
753126984
75313372
75315900
753159123
753159456
7.53159E+11
7531594682
7.5316E+11
75315982
753159852
753159zdq
75315f64
75317531
7531875318
75318866
753214896
75321598
75332302
753369951
75337867
753421869
7534623880
75358972
7536dodo
753753753
753852951
7538660abc
753869421
75392258
753951000
7539510ppp
75395112
75395123
7539512486
7.53951E+11
75395146
7539514682
7539514862
75395155
753951753
75395175952
753951789
75395182
7539518246
7539518426
7539518462
7539518624
753951aa
753951abc
753951ppp
753951qaz
753951qq
753951wyl
75403426
754074074
7541010wen
754403350jzh
75456385
75457545
75463037
75474477
75487632
75488051
7550767A
755583611
75568148
75572222
7557452119
755946112
75597559
7561255000
75617561
75620000
7562574623
75643358
756474232
75672575
75687568
756891288
75691003
756C5743
757233335
75728817
75732711syft
75747574
75757575
75757758
7575850824
75760324
75760807
75762000
7576361987
75767576
75767778
75777577
7577808284
75779773
75780216
75787578
75795732
7579tang
75800421
75811101
75815524
7581803234
75818191
7582231C
75825513
7.58259E+11
75827341
75843689
7585201314
7585211314
75861283
758615123
75865877
758726351
758758758
7587587758
75887588
758B0e97
7590454308
75938327
75945032
75948040
759644ivx
75964955
75979539
75A4312f
75A94e79
75ca6256
75E17d7d
76007321
7.601E+11
760120221
760207only
760208107
76021598
76025068
760324lhb
760325kk
76037603
760405tom
760420pp
760513171
76062011
76065605
7606853a
76070655
760724wy
7.60813E+11
76088874
760922456
760943F8
760988love
7610142037
761018152
76102088
761025ky405
76107610
7611031030
76111206
761125sha
761126jq
76117611
761210252
761234567
76127612
7612ABCD
76147614
76177617
76187618
762006xx
76207620
762121ji
76223305
76225581125
76227622
762404yl
76243363
76250003
76254571982
76257625
76281020
76287628
76291414
76297629
7.63093E+11
76327632
7635508477
76376381
76469028
76499766
764e50d7
76517651
76522727
7653441775
76537653
76540366
765432100
76543211
7.65432E+13
76543218
765432189
7654321@ok
7654321a
7654321abc
7654321x
76547654
76578623
76589084
76597659
76625ssll
7663190407
76636157
766373988
7666185ll
76666187
76667666
76677667
76683262
76687668
76698008
767443832
76750901jk
76754969
76757675
76765252
7676wyfc
7677112826
7677741231
76777677
767779jlj
767785530
767922B8
76792603
76797679
76814912
76817681
7.68289E+12
76847684
76856783
768594111
76859413
76867686
768840176
76887688
76897689
76897986
76942163
76985227
769872kb
76987698
769929929
769b6AC5
76A61c47
76A7776d
76af7FDD
76B70add
76c245a7
76C4031f
76c77cad
76e33bd6
76e944BA
76EF5ce4
76f877E4
76haofjcdc
76MSYGRQ
77002433
7.70E+12
77007700
770077789
770128711
77017701
770202452
770208292
770209071
7702124559
770225yzy
7.70228E+11
7.70321E+11
77033357
770402627
77050510
770505jw
770513wbp
77051922
7.70524E+11
7705281510
770535ye
77060900
770611021
770615478
770627tangfeng
77071833
770725151
77077707
770805znnznn
7708241234
77087708
7708801002
770880123
7.70881E+11
77088470
7709090825
77091623
7.70917E+11
7709170411
7.70918E+11
77092800q
7709291224
771002abc
77100649
771006bsk
7.71018E+11
7710201220
771023abc
771030919
771030zhuang
77107710
771110WUYANZHENG
77112200
77112233
771125gg
77117711
771177wang
7711800216
77118428
7.71202E+11
7.71203E+11
77121212
771216771
7.71221E+11
771226qbn
77123456
7712377123
77127712
771314200
771314520
77144253
7.71473E+13
77147286327412xx
77148685
77151345
77157715
77158950625
7715895625
77160200
77187718
7.71881E+12
77198485123
77201314
77213540
77213db6
7721677216
77217721
77223940
77224775ty
7722610121
77227722
77238848
77247724
77255277
77272777
7.72836E+12
77287728
772963D4
77297729
7729783b
77310DE5
77315363
77317731
77318339
77323713
77325818
77337733
77357864
773636cuizhen
77371234567
77374321
773873176
7.73905E+11
77402473
77415093
77417741
77418211
77419719
77419743
77436268
77441100
77441188
77447744
774517397
774566ytyt
77487748
77493618
77493721
77496636
77497749
77498864
77499981
77501bb3
7751990909
77520520
7752077520
77520wolf
775211314
77521521
7752152177
7752177521
77521888
77530520
7753588790
77543520
77551314
77551888
77553300
77553311
7.75534E+11
77555577
77557755
77571175
77581009
7758115945
77581258
77581314
77581314258
77581314520
77581314521
77582258
7758251314
77582525
7758258..
7758258007
77582581
7758258171
7758258456
77582586
77582587
77582589
775825899
7758258aa
7758258AAA
7758258abc
7758258asd
7758258chenbi
7758258l
7758258li
7758258ok
7758258yy
7758258z
775825wlw
77585188
775852000
77585201
7758520123
7758520521
7758520530
7758520a
7758520aa
7758520qq
7758521*
7758521**
77585210000
7758521001
7.75852E+11
775852101
77585210a
775852110
77585212
775852122
775852123
7758521234
77585213
7758521314
775852132
7758521321
7758521333
77585213344
775852134
7758521345
7758521369
77585214
77585215
7758521531
77585216
77585217
775852177
7758521789
77585218
7758521888
77585219
775852199
7758521aaa
7758521ABC
7758521abcd
7758521asd
7758521c
7758521delete
7758521hao
7758521hy
7758521jj
7758521l
7758521li
7758521liu
7758521ll
7758521love
7758521lt
7758521ly
7758521m
7758521mm
7758521ok
7758521pp
7758521Q
7758521qaz
7758521qw
7758521qwe
7758521s
7758521w
7758521wan
7758521ww
7758521x
7758521xiao
7758521xu
7758521y
7758521yy
7758521z
7758521zrh
7758521ZZ
77585240
77585241
775852416
77585261
77585521
77585821
7758591q
77585920
77585921
775875258
775885520
775885521
77588611
77588858
77589158
77589910
77589911
7.75899E+13
7758991521
77589958
7758baby
7758coco
7758d2wenmei
7758woaini
7758zmhmj
775ftplus
77601770311
77623803
7.76284E+11
77630wanan
77639401
77654321
77656123
77665544
77667766
77668899
7767593831
77687768
77697083
777020f2
777052777
77707770
777222111
777333111
7774056578
777444111
77747774
777555020
777555333
77757775
77758521
77764800
777666555
77767776
77771111
77771117
77771126
77772222
77773333
77774444
77775555
77777771
7777777272
77777773
7.77778E+11
7.77778E+15
7.77778E+19
777777788
7777777a
7777777hh
7777777s
7777777z
77777788
777777abc
77780710
7.77811E+11
777847213
77787778
7778791314
777888222
77788845
777888777
7.77889E+11
7.78E+11
777asu777
7780521aaa
7780853hnjj
778146100
77817781
77821469
77824500
7782577825
77827782
778365985
77839150
778455328
77847941
77857785
77877787
7787781982
778778778
77877linxi
77879562
77880099
77881122
77881234
77881314
778819881010erin
77882010
77882211
77882500
77882501
7788250123
7788250250
7788250520
7788250521
77882510
77882521
7788325free
77883311
77883344
77884144
77884455
778845699
77885200
77885201
77885201314
7788520521
7788520530
7.78852E+12
778852100
7788521000
77885211
7.78852E+13
7788521a
77885354
77885432
7788552244
77885544
77885566
77886654
77886655
77887878
77888877
7.78895E+13
7788945a
778899000
77889910
77889911
77889922
77889944
7788994455
7.78899E+11
778899456
77889949
778899521
77889955
77889966
7788996c
7.789E+11
778899789
77889999
778899aa
778899abc
778899hhnn
778899pp
778899qq
778899sx
7788yyuu
7789077890
77891889
77897789
778A3317
779001682
779097008
779108505
77917791
77924826
7792686sdj
7795578abc
77958891
77960619
7796992001
77970515
77977797
77978346
7798381a
779846321
77986410
77987798
77991133
77996153
77997799
77997979
77998866
7799889900
779996109
77999977
779f3FA1
77af5311
77cong05na19
77D221d6
77D350b0
77db21b7
77f525f8
77family77
77linxin
77o88o99o
77woaini
78.12.16
78000000
78007800
78007867
78009415
7800zser
780105jerry
780110123
7.80126E+11
780210++
7.80215E+11
7802153316
780218wjj
780225121
78027802
7803251033
7.80327E+11
78033188
7804041123
780419391
7804281231
780428wucai
780515667
780524461
780611319
780617594
78062898
780628sj
78065587
78066157
78068888
780701ZR
78070ca9
7.80711E+11
780725361
7807280831
780787200
780808..
7808131010
780825507
78087808
7809073233
78091215
78091234
7809274925
78097809
781006lh
78101815
78102244
7810249180
78102800
7810291013
7.8103E+11
78103946
7810578105
78107810
7811231209
781123aa
78112600
78112907
78117040
78117811
7.81201E+11
781201aa
78120400
78120511
7.81209E+11
78121012
781215bobo
7812180515
78122030
781221641
781221li
78122254
78122500
781225zb
781226409
781229217
78123456
78126128
78127812
78137813
781398917
78156356
78157815
78161216
78167816
781704707
78171234
7817736218
78177817
781789901
78187818
781909qy
78197819
78199018
78200000
78217821
78219703
78221120
78237823
78246590
78250000
78257825
78264646
78265426
78267826
78281631
783073709
783118300
78314wxj
78316788
78321496
7832478324
78327832
78329333
7836178361
783630ac
78397839
783D443b
784107C1
78424502
78428989
784395231
78443554
78447844
78451200
784512369
78453322
7845410163
78456123
78457845
78470183
784713024
78474648
78477847
784778621
7849516230
784a0906
7850191650
785040xxxx
78510282
78517851
7852314569
785232587
7852378523
7852396541
785412369
7854229aaz
78542435
7854252050
78547854
785510fhb
78557855
78560124
78563412
78564321
78565678
78567856
78569412
7857487b
78579964
78583520
78587858
786046144
78615218
786174yaomai
78617861
7861tycom
7862951a
78642615
78645780
78645923
786489978
78654321
78657865
78669295
78680608
78687868
78697869
786kjp7913bv4
7872267917
78727872
78737808wt
78777877
78779920
78780717
78780826
78781113
7878444@@@
78785178
78785478
78786788
78787758
78787788
787878qq
787878qqqq
78788787
78789090
7878asdf
78790221
78797879
78798022
78798081
787A6266
7.88059E+13
788159166
78817881
7882451lu#!(
78827882
78831034
78832187
78835596
78836481
78837883
7884145202
7885684848
78869459
78871234
78871dea
7887316123
788750612
78877887
788788788
7889477a
78897889
78898472
789*789*
789+456+123
78900000
78900789
78900987
78901234
78907899
78908325
78909488
7890uiop
78910086
789101112
78910924
78910jqk
78912300
789123123
78912345
789123654
789123963
789123qaz
789123qpalzm
78917891
7892281227
78923821
789258zx
789321456
789369123
78937893
789415263
78943561lhx
7894513joe
789453boss
789456000
789456122
789456123..
7894561230xk
7894561233
7894561235
789456123aa
789456123abcd
789456123f#%!@
789456123l
789456123qaz
789456123qq
789456123qwe
789456123sll
789456123z
789456123zxc
789456123zxcvbnm
78945613
78945632
789456321
7894563210
789456369
789456456
789456654
789456789
789456852
789456aa
789456ab
789456ask
789456kk
789456plok
789456poi
789456qaz
789456qazwsx
789456qq
789456qw
789456qwer
789456qwerty
789456zxc
78946123
789466123
78947894
78948968
789512300
78951231
7895123456
789512346
78951235
789512364
7.89512E+11
7.89512E+13
7895123a
7895123dssgod
7895123z
78951753
78951807q
7895201314
78952100
78952123
789524163
7895278952
78954321
78957895
78963210
7896321450
7896321456
78963215
789632541
7896378963
78965400
789654123xk
789654456
78965504
78967896
789683ltt
789685900
7896861688
789741753
78974b15
78977897
78978900
789789123
789789456
7.8979E+11
7897897899
789789987
789789AA
789789abc
789789qq
789789yangyang
789789yy
789852456
78987898
78989575
7898vont
7898xiao
78990201
78992688
7899386qwe
789951123
789951753
789963321
78996544
78997899
78998611964
789987123
7.89988E+11
789a456b
789d123d
789D3910
789E24aa
789matry1
789qazwsx
789qwe456
789qwe789
789uiojkl
789whfxy
789xue456
78aa0426
78ae167a
78b778AD
78B94017
78C7555d
78d16d24
78D3502f
78e155AB
78E31b08
78f26352
78miller08
79.104*rskl
79006909xiao
79010101
790102fair
790103254
790118jay
7901212121
7901220428
7901235ai1
7.9013E+12
79013149
790206zzu
790220abc
7902723xzs
79028468
790318.7904
79032968
7.9036E+11
790503_ln
790505111l
7905231982
79060112
790606081
790621ll
790712033
79077907
79080280928
79081500
7.90824E+11
79087908
790901083
79090916
7.90911E+11
790912lcz
790916sp
790922aa
790926471
7909271030
790928252
79092900
790vv318
791004wyn
791006000
7910100923
79101078
7.91011E+11
791012xxx
791014zyj
7.91016E+11
79102600
7.91028E+11
791030lulu
79107910
79110303
791106li
7.91109E+12
791108wx
7.91109E+13
7911128873
7911165267yan
79112000
791120anan
79112167
7.91124E+12
791125061
7.91128E+11
791129001
79113011
79117911
79118888
7.91202E+11
791202123
791203104
79120500
7912086a
791211067
79121300
79121366
791214owen
7.91217E+11
7.9122E+11
79122411
791226007
79122800
791231.2
7912379123
7.91246E+11
79126777
79127912
791287ls
79134682
791346825
79137913
79138246
791382465
7914639259
791509988
791513236
79154495
79165f8f
79167761
79187918
791928112
79201019
79217921
792220zx
79225047
79225693
79227922
79236851
79241237
79242b12
79246484
792558922
79281717
79287928
792913yyl
792d0BE3
79301c9c
79314862
793148625
7.93172E+12
79317931
79318356
793186245
79319924
79323846
7932624a
79347231
79352168
79357935
79422728
79426066
79442183
794568213
7945685213
79457945
79461300
79461328
79461379
794613825
7947syli
79487475
79494472
794lla82
795027743
79507514
79513579
7951379513
795138462
79527952
7953871yu
7954263885
79543213579
79547954
79556055
79557955
7956277qw
79570182
79587000
79587958
79601111
7962684235
796290801
79637963
7964323673
79647964
79652597
79653109073
79687505
79687968
796900qh
7970140085
7972376801
7972979729
79730414wq
79731387
797338341
7974236e
79757246
79764616
79779806
79787776
79791546
79791779
79795252
7979612689
79797799
7979797979
7979879798
797B77ae
797fulan00
79807980
7980811108
79808182
7981779817
79817981
79819256
7982079820
798210762
79821218
79821539
79823152
79823156
79827982
79828483
79831012
79837983
79838112334
79840620
798465132
79847984
79848120796
7985082a
798541348
798559524
79860502
798618bc
79873279
798798798
79887988
798955024
79897989
798A3ff7
798f37ae
79917991
799278777
79927992
7994970004
79970630
799712345
79975926
79977997
799800zz
79987998
79B67b65
79bv1010
79cc0009
79D96bca
79E0400a
79love82
79y60l52
7A186f0d
7A2D1945
7a3016c5
7A384239
7A391417
7A433309
7A457474
7a631a9b
7AB43e14
7ab62120
7abc62d0
7AC26d16
7b1026CD
7B2069c1
7b222gxdx
7B2E7b15
7B3340b8
7b3b5d8e
7B3B7f2f
7B4239b3
7b460682
7b786FE2
7B794324
7B7A5450
7B8C08ed
7b8e4665
7B96176c
7BC53c9c
7bf74cf3
7bfb6ed9
7c0d62c5
7c3000A2
7C435c35
7c595458
7C7465z3
7C7620bc
7C930acd
7C9B40b5
7ca67F72
7cac4122
7careyjiji5
7CB43865
7CBE745c
7cd817AE
7CF138e3
7CFA2508
7cj1bszTKE
7ck1bszTKE
7cq2guBVMG
7cr2guAVLG
7cr2guAVMG
7cr2guBVMG
7cr2huAVLG
7d16373c
7d1c5B3E
7D340110
7D4328e6
7d491029
7D4D39f4
7d75119D
7D777e9a
7da50229
7dbd14C2
7dcb56fd
7df511b1
7dp2fvBWNH
7dp2fvCWNH
7dq2fvBWMG
7dq2fvBWMH
7dq2fvBWNH
7dq2gvBVMG
7dq2gvBWMG
7e073d06
7e0a0d0e
7E1A25d3
7E217a13
7e2272e7
7e5a54B8
7e814400
7EA47f8c
7eb663AD
7eb76466
7EC5557c
7EC61e13
7ECA5da7
7ecb1f12
7ecd77A8
7ED65486
7ef52595
7EF8500a
7Exe3Zaa7u
7Exe3Zaa7v
7Exf3Zaa7u
7f107532
7f234f62
7f4c5B3B
7F622c69
7f65787E
7F6D08d3
7F703f1f
7F75270c
7F962520
7FB10d15
7fe32943
7FF954de
7Fxf3Iba8t
7Fxf3Jaa7u
7Fxf3Jaa8u
7Fxf3Jba8t
7Fxf3Jba8u
7Fxf3Zaa7u
7g707g07
7Gxf3Iba8t
7Gxf3Ibb8s
7Gxf3Ibb8t
7h50f2y3
7h8006ln
7lixiang
7q8j9k10
7shang8xia
7uj8ik9ol
7ujm6YHN
7wwwqqq7
7x4y84672z
7xiaoshi
7xxf3Ibb8s
7xxg3Hbb8s
7xxg3Hbb9r
7xxg3Hbb9s
7xxg3Hcb9r
7xxg3Ibb8s
7ygv7ujm
7zmmq37a
8&Pa?H>6
800000000
800015587
80008200226
800101dw
8.00107E+11
8001106201
8.00125E+11
800124kuan
800131961
80018001
800200200
800202yyh
800216261
800227yui
80022900
80028002
8002920900
8003014814
800301lee
800315xzq
80031600
800325zp
80036265
80038003
800405191
800415616
800415pixy330
8004295305
80047478
80048004
800504062
8.00511E+12
80051313
80052001
800523qing
8005250525
80053118
80058005
800612002
8.00626E+11
8.0063E+11
80066443
80067657
80068006
800705hgs
800715001
80072580
80078007
80079123
800806081
800809yang
8008101992
8008105858
8008108088
800810820
8008108888
8008108898
800811394
80081288
8008202255
8008203158
8008203870
8008205555
8008207827
800822shm
800823823
8.00825E+11
80082820
8008289069
8008301796
8008302830
8008309138
8008601188
8008768999
80088008
80090909
800912666
800925251
80098009
8009881314
800h3xcdah
800h3xddag
800h3xddah
8010061113
801007053
801011ab
8.01013E+11
8.01017E+11
80101799
80101818
8.01024E+11
801024yy
80102500
80107107
80108010
80108301
80108791
8.01106E+11
80111800
801122727
801122jun
801124xht
801125022
80112711
801128643
80118011
80120000
80120511
801207001
801207551
8.0121E+11
80121212
801215242
8.01217E+11
8012180121
801218gl
80121980
80122108
801224rb
801226eeee
80123456
80124800
80126801
801269111
80128012
8.01288E+12
80134567
80138013
801401Li
80148014
80155108
80158015
80168016
80178017
801801801
80188018
80188717
801899web
80198019
80201108
80208020
802114045
80214000
80218021
80221018
80228022
80234006
80235120
8023love
80244037
80248024
80248184
80258025
80263651
80268026
80278027
802802802
80288028
80298029
80301974
80302222
80308030
80310652
80318031
80320971
80328032
80335050
80338033
80368036
803803803
80401100
8041429hj
80433743
80438043
804502075
80452043
80458415
804585518
8048170501
80508985
8051780517
8052142136
80530121
80540230120
80546867
80565201
80568056
80578136
8.05808E+11
80582418
8.05919E+11
80598059
80608040
80608060
80611999
80619487
806195119
806205138
80635772
80641777
80644448
8065180000
80658065
80668066
80678067
806846515
80685555
80688068
8071880117
80731168
80768216
807845575
80793136
80797895
80798079
80803323
8080808080
80812000
808137121
808178295
80818081
80818283
808202202
8082123!@#
80827879
80828082
8082983103
80848084
80858969
80859700
80868086
80868088
80868088et
80878087
80879520
808808808
80888088
808895115
8089144511
8089gbed
80901233
809055796
80909799
80910427
809235466
80928yrw
80932621
80938093
8094258083
80948094
809530352
809557017
80958095
8095abcd
809707112
809728qm
80974543
809809809
80983876
80988098
8099116a
80992236
80998099
80g11h24x
80wshishui
810.810.
81008100
810115-810115
81012121aaa
8.10127E+11
81013147
81018101
810202cn
810210519
810216viviAINI
810223447
810301hhc
810309001
81031020
8103251983
810328aaa
81033510
81033629
810381423
8.10402E+11
8104078080
81040888
81040iew
81042400
8104321520
81044915
81045717
81048104
810518031
810521why
8.10526E+11
810528412
81058105
8106020501
8.10619E+11
81062037
8106294715
81068106
81070058
8.10704E+11
810711ljw
810714lf
810721zj
81080700
810810810
8108121243
8.1082E+11
8.10825E+11
81083000
8.10832E+11
81088108
810910sj
810911315
810913441
810917911
8109240240
810926bbj
810928201
81098109
810h3xddag
81100300
811004001
81101066
811012520
811015gz
8110166877
811016ab
81101700
81101819
8.11019E+11
811018hao
81101900
81102100
8.11022E+11
811026001
811028ufo
811028zyb
81108110
811109059
8111091225
81111111
81111200
8.11113E+11
81111627
8111170430
8111171117
811119tan
8111286600
81115222
81115891
81118111
81120000
8112002l
8112016555
811201hxh
811206504
81121500
811218445
81121910426
81122400
811224bai
8112261208yaw
8.1123E+11
81123521
81124130
811272as
81128112
81138113
81148114
811563520
81158115
8115865429
811590di
81168116
81168247
81170859
81172693
81176657
81177810
81181123
811811811
81181903
811822833
81185588
8118596ads
81188118
8118lee8295
81195252
81198119
81198326
81199699
811h3wdeag
811h3wdebg
811i3vdebf
811i3veebe
811i3veebf
811i3vefbe
811i3wdebf
811i3wdebg
81200347
812057959
81210300
812140fj
812140qj
81215065
81215891
81218121
8121812zlz
81221933
81228122
81229190
8123456789
81234568
81235888
81238123
81248124
81258125
81258224
81258913
81260161990
812618516
8126770123
81268126
81275868
81278127
812812812
81282868
81288128
812925bin
81295779
81298129
812o832o
813140yym
81318131
8133090qq
813344888
81338133
81342989
81344062
81345620
81357646
81358135
81360211
8136jlin
8137809cwg
81378137
813813813
813820612cs813
81392000
81392412
81408140
8141782520
81418141
81420228
814342455
81438143
81448144
814648001
81478147
8147948cvb
814814000
814814814
814833147
81492366
81507891
81508150
81510000
81510614
81517650
81518151
81520560
81524491
815252312
81525426
81528152
81529wjl
815370296
815424815
8154987299
8155167238
81558155
81558528
81558888
815607034
81563339
81568156
81571152
81578157
815815815
81581684
81585746
81588158
81589299
81596746
81597257
81598159
81619484
81620576
81621523
8162187891ben
81624518
81630829
816329918
816357492
81636003
81638163
81639640
81644936
8164493625
81658911
81665252
81668166
816816816
81688168
81688169
81690301
81690687
8169304026
81698169
81698702
81719413
81726354
817263544
8173531747
81741250
81745188
81758175
81768176
81771194
8177186666
81774117
81778177
817817817
81782922
81788178
81797230
81797954
81798598
81803589
81808180
8181818181
81819811025
81821001
818233**
81825007
81828182
8182838485
8.18284E+11
81828713
81829727
81834039xx
81840077
81854616
81857900
81868186
81870292
81871940
81878100
81878187
818799wy
81880103
818818818
8188188188
81886468
8.18869E+15
81888181
81888188
8189081890
81891111
81898189
81899909
81908190
81909111
81910383
81910606
81911996
819149746
81917246
81918191
81918726
81923000
81923zyyzyy
81927123
81928192
819300abcd
81931928
8193967885
81948194
81951795
81953721yxm
81958195
81968196
81969551
819793568
8197lisihan
81981082
8198123q
819819819
81983268
81995499
81998165
81998199
819982429
82006989
82008200
82010200
8201053711
8201080347
82010988
8.20111E+11
82011891
820118ambit
820123fjm
82012800
820129530
82013016
8201304025
82013633
82015960
82018201
820202132
820202cu
8.20207E+11
8202104477
82021200
82021300
820215200
82021522
820219bb
82022206py
820222191
820222mqw
820234416
82023lsu
820281812
820281813
82028202
82028890
820305bornjiayou
82031600abcd
820319lee
820321233
8.20402E+11
820404101
820409001
8.20415E+11
820414mm
820421
82042288
82042500
8204532000
82049046
820505578
820516ok
820516swj
82051781
820521aaa
82058205
8206070608
8.20608E+11
82061110
820617520
8206191104
82062091
82062282
820622cj
820626815
8.20628E+11
820629444
82068206
820701753
820704514
8.20707E+11
820717hb0gag
820722abc
82072500
8.20728E+11
82074300
820812017
82081700
820820042
820820820
8208208820
820821385
820830715
820831bellamy
82088183
82088208
82088888
820902026
8209090324
820920731
8209274843
82096405
82098209
8210010815
82100128
82101123
821013830514sl
82101511
821015wt
82101911
82101922
82102027
82102201
82102355
821024pp
82102565
82102599
8.21026E+11
82102700
82102800
8.21029E+11
8.2103E+11
82103133
82105000
82105011
82108210
82108250
82108911
82110000
8211162a
821119205
8211209@
821121408
8211241234
82112500
8.21128E+11
821128552
821128821
821128yuhui
82116506
82118211
82120082
821202003
8.21202E+12
821205001
8212121212
821212tl00
82121388
8.21215E+11
82121500
82121503
821215130
82121600
821216jg
821218888
8.21222E+11
82122230
821225ting
82122992
82123456
82125168
82126502
82128212
821283tzf
82130000
82138213
8.21427E+11
82148214
8214941cxs
82151822
82155289
82157008
82158215
82160339
82160995
82160999
82161098
821616abc
82162628
82168216
82172159
82172570
82178217
82181881
821821821
821829520
82188218
821890806
821911lyy
821912124
8219143h
82192521
82195820
82198219
82199488
821vicky
82201767
82205891
82211700
82211745
82218221
82219561
82220137
82222237
82229999
82232434
82233738
8223373812
82240420
82242861
82246008
82250312
822546drf
82258225
82261201lx
8227185luans
82278086
82278227
82288228
82290783
82290975
82298229
8229890r
822h4Eddan
822yuantan518
82305511
82310000
82310336
82311025
82314810
82315262
82318231
82319136
82320831
82324549
8.23272E+13
82328232
82332300
82334488
82336969
82338162
82338233
82341340
82341452
82348234
82352123
82352300
82353188
82353598
82354057
82355731
82358235
82358390
82368236
82373688
82374237
82376461
82378237
82378358
82379721
8238040888
823823823
823859523
82388238
82391022
82393263
82395852
823ppppp123
82402133
82408240
82411290
82414030
82417706
82418241
82421050
8242377mm
82424302
82429335
82431700
824451889
82448244
82448962
82456763
82465555
824657913
8246582465
82467391
82467913
824679135
82469173
824716105
82472120
8247582475
82476069
824824824
8248248248
82484089
82488248
8248self
82503250
82506715
82508250
8251004711
8251082510
82513687
8251382420
82514450
82518251
825201215
82524496
82525464
82527707
82528252
82528666
825301018
8.25307E+11
82541630
82546445
82548254
82553173
8255692wu
82558255
82562865
82564565
82565476
82568256
82568578
82578257
82578635
82578782
825825825
8258733sxd
82588258
82591190
82596876
82597758
82598102
82598259
826003900
826010816
82601565
8260581445
82606614
82610060
826100aaa
82610jkl
82611611
8261347e
82614660
82618261
82619972
8262182621
82621ljh
82622590
8262482624
82626425
82628262
82631802
82648264
82650323
82650502
82651234
82651357
8265902345
826611226
82661545
82668088com
82668266
8267220200
82678292
82679077
82690311
826990321
82708270
82714456
82718271
82719003
82719005
827211325
82722520
8272382723
82725608mm
82727120
82729916
82731798a
82744266
82746666
82753011
82755852
82758275
82760274
82761609
82768276
82769909
82770335
82771842
82775937
827827827
82782864
82791577530
82795600
82798279
82808280
82811924
828126083
828128392
82814331
82815626
82815cia
82818281
82821107
828282jy
82828469
82828484
82828510
82828964
8.28295E+13
82830822
82831888
82838283
82838485
82844952
82848284
82848688
82849860
82854088
82864679
82865419
82868286
82868836
82876369
82877582
828775qu
82878287
82880064
82880504a
828828828
8.28829E+11
82887767
82888288
82890083
82891827
82898289
82904314
82908290
8291412ajg
82916424596
82918291
82918999
829200oo
829201czh
82920mwy
82925996
8292782927
82928119
8292877feng
8293082930
82931292
82932324
82938293
82947691
82950203
82952265
8295461845
82959790
829708yb
82970988
82975129
82975630
829829829
82985627
829867jzg
829916nc
82998299
82MQXT92
82TGIT92
83000149
83001072
83008300
83011180
8301210025
830124yy
830131xmxhdy
83018301
83020996
830214cad
830217001lanzi
830218117
83022488
830227456
830244wsxp
83028056
83028302
83030588
83030886
8303098121
830312kathy
830313abc
830315625
8303250501
830326jwt
830328sice
8.3033E+11
83036005
83038038
830414092
83046167@
83048304
83049144
83051399
830514253
830520809
8305248787
830524999
830529wf
83058305
83059569
83060610
830612520
8.30615E+11
83062325liu
83070786
830711621
83071212
83071300
830720154
8.30728E+11
8307285430
83076713
830801zz
830803172
830806zhe
830822521
830830123
830830830
83085000
830911051
8309140909
83092190
830924yi
830926fdj
830927qi
830928wwj
83098309
831010520
831010qaz
83101120
831012?rong
831015489
831015ljs
831018aa
8.31023E+11
83102381
83102479
8.31025E+11
8.31026E+11
8.31029E+11
8.3103E+11
83108210
83108310
83109013
8.31105E+11
83111111
83111138
831116121
8311182311
8311201120
83112200
8311221527
831123add
8.31125E+11
83113066
83118186
83118311
83119653
83120600
83120615
83120697
83120900
83121220
83121400
83121500
831216225
831217lilang
8.31219E+11
831221113
8312219445
831226maggie
831231210
83128312
8313154321
83134021560
83145678
83148314
83158315
83158866
831612583
83161688
8316427400
83164986
83168316
83174389
831782715
83182514
831831831
83183_7915
83186035
83186237
831872us35
83187878
83188318
83188818
83190287
83190607
83198319
83200167
83202369
83205337
83208320
83210666
83211195
83211yes
83212930
8321387cl
83214653
83217520
83218321
83222121
83228322
83229700
83231323
83233118
83234188
8323691wawa
83241439
83241506
83248324
832506tt
83258325
83265011
83265935
83268326
83269925
83279186
8327950288
83279569
83279848
83288328
8.33013E+15
83304188
83305300
83305777
83311133
83313408
8331663686
83318331
83320962
83322741qqxx
83323458
8332783327
83331206
83338989
83339930
83342899
83347405
833525877
8335438ok
83358474
83358897
83360000
83360660
83365116
83374084
83381011
83381099
83384706
83385886
83387198
833880hql
83388338
83390206
83401189
83410000
834110517
83411438
83415198
834159672
83416666
83416938
83417521
83417852
83418341
8.34183E+11
834196801
8341abcd
83429317
83432242
83432458
83432458_itlt
83433658
83458889
834661602
834677629
83468346
83471025
83487542
83488348
83498349
83498486
83501798
83504570
83505467
83509950
83518351
83520339
8352183521
835261xy
83527732
83528149
83531217
83537174
83538353
83554958
83558355
83561090
83562124
83579545
83582688
83584669
83595741
83596498
83606071
83610719
83613214
83614159
83616695
83617799
83618361
8361990625
83621239
8362355js
83624xjz
8362599101
83628324
83635640
83641827
83647681
83648364
83655781
83658160
83658365
83658901
83660631
83663099
83663359
83663543
83665493
83667777
83668366
83669006
8367115104
83675549
83677445
83687533
8368791223
83690639
83691747
83706571
83707433
83708046
837179785
837214001
83726656
83728372
83728682
83728824
83750799
83750979
83751991
83755035
8375503536
837613cclqq
83762949
83765566
83767330
837735205
83774652
83776419
83777808
83777951
837829318
83782960
83788899
83792817
83793733
83800399
83808380
83816722
83819722
838221791
83827833
83828280025
83828382
83828495
83830955
8.38328E+11
83833013
83836034
83836cao
83838383
83841014
83845818
83847086
83848384
83848586
83850137
83858329
83860308
83862451
83863580
8386881230
83872387
83883788
83888388
83888888
83892111
83898389
83899466
83905731
8391111st
83914022
83918797
839251yxzdgi
8392783927
83931589
83940292
83941237
83965144
83968396
83976080
83978952
839837582
839858968
83987823
83992536
83998399
8.39993E+13
839www521
83d8055an
83yj27tg
84007410
8400810411
840103airain
840107770803xcz
8401160020
84012600
84012713
8401541054
84016lotus
84018401
8402061521
84021363
84026107
84028402
84029383
8.40311E+11
840317tt77
840321zhang
84032437
840405ly
840414820
840422meizi
840431700
84048407
84050108
8.40511E+11
840520lp
840526liu
840540810
840581469
84062211
840706abcd
840720djl
840728520
840729shmily
840812ghy
84088502
8409133112
84091682
84093629
84095590
840984082
8410032007
84100399
841003li
8.41005E+11
841006qazwsxedc
84101028
841010520
84101205
8.41013E+11
841020sgfhey
841021liyang
841024520
8.41025E+11
84108410
841105520
84110871
841109yl
841113cb
841115dtm
841120zyj
84112400
84112735
84112828
8411791214
841182129
8411823730
84118411
841188818
84119090
841204123
841211jin
841211qwer
841211swan
84121277
84121812
8412184121
84122401
84123006
841240123
84124984
8412699999
84127841271a
84128412
8412992148
84131420
84131425
841314520
841314521
841383923
84138413
841415wm
84148414
841485152
84155814
84168416
84183822
841841bb
84188418
84193526
8419584195
84198419
84201314
84208420
84209584
84210000
84211295
842112zh
84211314
84215323
84216020
84218421
84218888
84221014
84225356
84228422
842288214
84228831126
84229098
84232525
84232591
84238277
84238423
84239382
84248424
84250199
84251314
84251625
84258425
84264373
84265103
84265555
842657913
8426584265
84266248
84267139
842671395
84268426
84268426qqq
84269713
8426o8426
84271406
84271799
84272233
84276891
84283722
84296733
84304498
84316385
8431884318
84321148
84324lll
84335793
84344220
84346005
84347833
84354324
8.43628E+13
84367561
84389460
84392788
843992zb
8439mabc
84404903
84406587AILING
844086875
8441084410
84418103
84421102
84442635
84459332
84471883
84474459
844750399
84478447
84481575
84481915
84484128
84496183
84501228
84512095
8451284512
84517316
84518451
84518541
845201314
84520690
845211314
84527542
84536296
84541750
84558900
84562415
84568456
84568606
84569519
84570320
8457685
84578956
84579296
84588028
84588695
845961fru
84601688
8460222127
84606793
84610148
84610503
84611111
84617000
8461sini
846215235
84625694
846279513
84628462
8462984629
84630507
84630731
84637857
84638993
84641991
84675612
84680726ha
84680825
8468501669
84685874
84688468
84690333
84693141
84709818
84714120
84724209
84728472
84736568
84739825
84770978
847721844
84775766
84793480
84799912
84804155
84812203
848150abc
84816771
84818481
84821556
8482163222
84822974
8482579ye
848261jessie
84826520
84831440
84832329
84845309
84846858
848475ab
84848484
84849618
84849841
84852439
84856070
8.48576E+13
84858352
84858485
84858687
84861217
84863652
848703955
84870509
848711wu
84873321
84875075
84875110
84880633
84881003
84884148
84888488
84890872
84892232
84900454
84913456
84916709
8491684916
84919182
84926013
84933421
84940219
84951623
84954281
84961078
84962002
849723107
84983740
84988988
84992897
84hangeng
85000000
85000365
85006324
850102mm
850105zl
85011500
850116jk
850116lk
850118ljn
850123587
850124326
85020404
850205jcy
850214850214ZXCV
85022600
85022930
850229zjl
8.5032E+11
850321czx
850330dd
85035003lx
85037961
8504012610
85042961
85043454
85048888
85052427
850524lpf
8506080952
85062355
850627yanfen
85068506
85072300
850726bb
850726bibi
85078507
85081056
85081205
85081300
85081873
850818775
8.50824E+11
850825aa
850891318
8509181138
85092233
850923103
85093863
85094457
85100420
851006byf
851007la
8510082524
85101010
85101400
8510176489
851019qq
85102079912
85102136
8.51026E+11
85102900
8.51031E+11
851030dl
85103306
85108510
851101001
851104susylee
851105fq
851115851
851120king
85112300
851125qq
851127123
851130bb
85114426
8511485114
8.51174E+11
85118511
85119758
8511985119
85120116
8512092004
85121100
85121800
851218hlm
851220cmz
85122220
85122843
85122970
8512309006
85123456
85123547
85125011
8512585125
85128512
85128773mzk
851306855
85134266
85137385
85138513
85145871
85152968
8515331521
85154136
85154745
85158515
85161230
85168516
85170352
85176710
85178517
851851851
85185505
85186235
8518718a
85188518
85192626
85197459
85200000
85200258
85201314
852013aspp
8520665zmj
85207410
85208250
8520963
85209630
85210000
85210960
85212588
85213324
852134679
85213806
852147963
852147aa
852169300
85217277700
85217277708
85217277760
85218521
85218523
85221016
8522285753
85223000
85223828
85225624
85225680
852258852
8522750351
85228522
8523032abc
85231333fc
852369741
85237285
85238523
8524230862
8.52445E+13
85245600
852456111
852456123
85245613
852456753
8524567913
852456852
852456963
85246373
8.5247E+11
85251314
85258525
852627582
85268526
85270861
85274282
852753951
85276003
852783hag
85278527
852794613
8528007008njj
85281614
852851861
85286669
85288528
85293906
852951753
85299800
852yuzou
85310568
85313874
853142008
85316917
85318531
85324077
85324310
8532486424
85331283
85331971
85337216
85344622
85347575
85349868
85350604
85368466
85369317
85369758
85370940
85373027
85378537
85384904
85392838
85399581
85404215
8540514001
85406078
85414657
854184962
85419879
85429100
8543354860
85436366
8543857602sy
85441681nj
85443393
85455066
85457186
85458224
85460408
85465213
8546593233
8546833020
85468546
8546cjcj
85471513
854728990
85488125
85498474pp
85503096
85512977
85513335
85513737
85515294
85516545
85521327
85521768
85522628
85524125
85524356
85526317
85536198
85543467
8554488256
85545023
85551734
85560503
85561092
85564966
8556728788
85568988
85569825
85570808
85578836
85580870
85585125
85588558
85590860
85591945p
85595889
85597187
85605862
85608560
85608687
85617466
85619688
85621121
856231234
856247931
8562685626
85627781
85628562
85631198
85633013
8563329aa
85635819
85638319
85638563
85639829
85640889
85655388com
85657603
85658099
85668566
85671672
85673290
85677743
85678190
85678567
85681374
85682233
85683633
85688350
85688568
85693869123
85698569
85699166
85701597
85703511
857100ting
85710471qaz
85713102
85713853
85717820
85718571
85720108
85726571
85728611
85731065
85731516
857316yuxuan
85732222com
85739112
85753836
857571818
85758222
85758575
85759351
85761892
857655448
8576685766
85766871
85768576
85769045
85770318
85776845
85777777
85778577
85781731
85783678
8578666a
85788432
85788578
85789660
8579124525
85792865
85793741
85794686
85799917
85802539
8581285812
85817711
85818581
85823201
85823430
858266999
85826942
85833259
85838583
85839569
8584349714
85848382
85848584
85850492
85850702
85854859
85857067
8585858585
85862040
85862605
85862711
85863220
85865469
85868586
85868788
85872934
8587419yy
85878196
85882879
858877108
858877108aop
85888588
85888890000
85890243
85892529xyz
8589909wyq
8589934592
85901970
85905402xm
8590678884
85908590
85911478
8591149000
859141314
8591785917
85918960
85919023
85923946
85936001
85941745
8.59513E+13
85955328
85961209
85964891000
85974163
85978597
8598411111
85985076
85992894
85997125
85998505
85BIZ711
85yiqjoHzu
85yiqkpHzu
86001175
86001513
86002125
86008600
86010218
86013358
860158bbs
86017523
860222Aozhang
860313mql
860314wendy
860320310
860325123
8.60327E+11
860329gb
86040186
86041026
860422yao
860462xiao
8605081144
8605613abc
86059408
860612aaa
860614048
860705036
860707530
860712mty
860725860
86080568
8.60823E+11
86087333
86091127
860913asd
860914muping
860921si
860927as
860928jsm
86096723
86098311
86101010
86101111
861018oo
8.61024E+11
861027ABC
861028520
86105338
8.61063E+11
86108610
861096388
86111111
8611171234
86111986
861122816
86112525
861126cx
86112785711
8611324
86117cathy
86118611
86118702
86119241
861202andy
8.61205E+11
86120603
861211520
8612122271
861216yikeyi
86121809
86122608
861228dezx
86123520
86128612
86129019
861294938
86133093
8613693aaaa
86137338
86138169
86138613
86140817
8.61426E+14
86143458
86150825
86156380
86158615
86160000
86161150
86165280
86168616
861861861
86188618
86191111
86191875
86195569a
8620585910
86206666
8620733976
86208620
86210405
86211577
86216032
86217548
86218621
86225411
86229918
8622ling
862319me
86238623
862417868
86245487
86247931
8624800B
86248624
86250263
86253121
86259499
8625kikeyil
86260357
86260626
86261501
86261505
86261954
86261cjb
86265807
86266036
86266087
86268626
86271201
86278627
86281068
86283562
86288344
86291136
862926390op
8.62926E+13
8.62926E+14
86304560
863115100
863125hwl
86313285
86316913wza
86318631
86318980
86320232
8632886328
86329029
86334537609
86337762
86338633
86346613
86353307
86356639
86358635
86361890
86363681
86364667
86369301
86371068
86371102
86373613
86379502
86379902
86380226
86381878
863863863
86388638
86398572
86399238
86406689
86407338
86411480
86411972
86414258
86415858
864197532
86421357
8.64251E+13
86427531
86428642
86434765
86441784
86443379
86452528
86454256
86455125
86458984
86459078
86463316
86463591
86463641
86475zhao
86479598lxf
86485466
864860883
86487203
86491881
86497497ars
86497584
86502296
86503848
86513123456
86513464
86514590
86515077
86518651
86519082cc
86521438
8652683926
86528652
86529066
86530280
86531125
86532496
86533655
86538743
86543210
86547218
86554825
865585888
86559784
86560369
86561662
865629400
86564024
86565208
86568042
86574701
86574759
865799812
86582853
8658823917
86591233
86603146
86612367
86617316
86618033
866191758
86625365
86628496
86628982
86630465
86631918
86639193
86639649
86641787
8664319413
86646567
86651804
86653269
86661577
86666668
86672098
86674422
86678880
86682128
86682934
86685488
86685539
86686200
866866866
86688668
86689712
86691978
86694192
86698669
86702950
86703632
86711234
86712aty
86715710
86716090
86716190
86718968
86731972
86734bing
86738987
86741560
86749754
86751577
8.67531E+11
86754546
867583659
86759121
86760955
86762973
86768595
86768676
86768949
86771619
867758688
86780440
86785345
86786178
86796202
86797419
8679love
86807458
8680813608
8680813612
86808868
86809996
86811711
86812074
86812250
868153056
86819448
86822451
86822763
86823302
86824534
86828682
86828697
86830165
86830999
86832013
86832236
86834711
86836088
86838683
8683875we
86839246
86839898
86841942
86844030
86844520
86852474
86857098
86858685
86860761
86861032
86862171
86866868
8686868686
868686886
86868866
8.68708E+11
86874724
86877216
86877985
86878531
86878687
86878833
86878889
86880306
86881751
86888688
8688angela
86896030
86897008
86898689
86910199
86912488
86914814
86914871220
86918162223
86918691
86918895
86924950
8692575wjw
8692929abc
86931148
86931232
86938693
86939055
86939289
86939746
86958273
86958303
86965921
869683yyq
86968696
86970000
86980288
86983388
86983918
86987668
86998699
86gmv72tt
86p11j3n
86ryuichi
86w12m20y
870028047
87010844
870114op
87011530
87011608
87012113
87013216
87018701
87021133
87022846
87025417
87031500
8.7032E+11
87033159
87035484
87039568
870405liuang
870415AA
870423965
87047016
87047183
87048706
87050243
87051621
87052450
870530nini
87060130
870602168
870612898
87062011
8.70622E+11
870623LYF
8706291612
87065414
870702yoyo
870713lj
87079301
87080100
87080314
870818521
87081900
870821Lee
87083049
87085777
87089840
87090909
87091123
870911ff
87092187
87099162
8.71022E+11
871022jingjing
87108710
8711032ptyt
87110423
87110697
8.71108E+11
87111028
871121sp
87112421
87113000
87113132
87113711
87116064
871169115
87118711
871187552
8712107517
87121367
87121941
87122811
87123456
87125571
87128712
8712959syj
87148714
871516guo
87152115
87156151
87156225
87160657
87162980
87166052
87167911
87182184
87183611
87184700
87198719
87201463
87203325
87212241
87212313
872166912
872168??
87218721
872221tang
87224177
87224734
87231241
87235922
87236177
8723866wy
87238923jia
872415319
87249199
872534xl
87258725
87263412z
872656722
87268630
87268726
87272179kimmy
87272382
87273076
872768443
87280000
87282771
87288563
8729091125
87295583
87295712
87296951
87296988
87298505
87298729
87299851
87300785
87302862
873059189
8731984342
87320201
87323621
873245129
87324892
87325457
8732910520
87330052
87332051
87332422
87337672
87338452
87338568
87338931
87343993
87345553
87345620
87345697
87358161
87358620
873589abc
87360343
87368736
87370160
87373506
87374299
87386897
87388738
87396364
87400912
87401180
87401531
87406082
87409212
87410179
87412369
87415089
8741779gg
87426194
8742yanli
87430180
87430378
87434636
87435133
87435430
87435617
87435937
87435940
87436952
87437774
87438401
87438743
87439271
87440144
87441051
87441330
87441984
87444315
874466096
87447789
87449088
87454620
87455363
87457481
87459213
874632419
87465623
87465835
87471142
87471834
87481220
87481612
87485670
87485756
874874874
87487743
87489921
87492636
87495283
874rbcszs
87508750
87508826
87511128
87512651
87512670
87515850
87518216
87518751
875201314
87521690
87524232
87527191
87528752
87531342
87531610410
87535044
87535400sx
87536156
87536607
87536967
87538263
87539063
87546821
87548659
87548754
87549081
87551731
87552259
87557818
87562925
87564312
87567299
87570612
87578043
87578151
87586050
87587027
87591029
87593635
8759576rjp
87596901
87601787
87602174
87603936
87608760
876136997
87614719
87616529
87617947
87619579
87623732
87625956
87628762
8.7629E+11
87630922hzj
87631122
87631694
87633969
87635984
87640625
87650234
87650532
87650642
87650726
87651618
87651950
87652343
87654215
8765432109
87654321aa
87654321abc
87655400
87655678
87656850
87658430
87658601
87658765
8765951186
87662210
876626161
87663170
87663721
87664454
87664801
87664823
87665175
87665766
876666666
876678mmm
87672773
87678580
87681045
87688768
87690956qwe
87693660
87693725
876956bvcnxc
87698769
876998000
87699888
87702513430yes
87710115
87711390
87712176
87715197
87717936
87723710
87724985
8.77404E+13
87748760
87751018
87755470
87756508
87757970
87758521
87758775
87761173fe
8776398htz
87766877
87767621
87776095
87777777
87779969
87780291
87780767
877826075
87786547
87787101
87788778
87790908
87791447
87793091
8779341w
87798779
87801835
87802896
8781087810
87812664
87812828
87812900
87814675
87816239
87816569
87818251
87825450
8782787827
87839806
87843173
87843619
87850876
87851101
87853121xiao
87853859
87853964
87855121
87858785
87860524
87863200
87868786
87870206
87872151
87875487
87876638
87876936
87878405
87878417
878787zz
87885922
87887664
878878kq878
87888252
87888788
87888921
87888990
87889827
87891462
87896037
87896113
8789876991589yj
87898769958
87898789
87902999
87906043guobo
87909591
87910283
87912543
87916663
87917922
87918791
87921793
87924718
87925336
87928821
87933818
87934240
87936810
87948414
87948794
87952113
87953747
879546213
87958795
87959843
87982517
87984540
87985746
87985894
87988100
879891183
87996913
87998799
87999999
87klwwgft
87n2y305n7y22
87yazily
88000088
88001679
88010203
88012055
8801314520
88014300
88014345
88015675
88015800
88018801
88021060
880213woaini
88022199
88023614
88025102
88025822
88026161
88026166
88026179ll
88026678
88026882
88027241
88028155
88029009
88029479
88030053
88031213
8803170614
88031891
8803206lin
88032198
88038803
88040645
880422pp
88043011
88048586
88049109
88051192
8805131234
88051337
880518ywf8
88051kok
88051lyl
88052307
88056402
88059718
8806171110
88061988
8.80632E+11
88068750
880707jbr
88071554180
88072997
8.8077E+12
880770520
880770660
880775lzn
88077621
8.80803E+11
88080398
88080888
880815chi
88082646
88083080
88083700
88085905
88088808
88089451
880901xqy
8809080706
88091138
880911424
880925wj
88093139
88097899
880985763ri8924
88098809
88099809
88100000
88100188
8.81013E+11
8810189498
88102816
8810412521
88105360
8810676dgs
88107821
88108420
88108810
88109134
8.81106E+11
881107121yutian
8.81126E+11
88113399
88114xypch
88115118
88115679
88118811
88119637
88120155
881203AA
8812100sx
881212mm
8.81229E+11
88123100
88123123
88125526
88125699
8812588125
8812634911
88127959
88128269
88128688
88128812
88130283
881314520
88131972
88132955
88136279
88148814
88149864
88150204
88154144
88156136
88158815
88160595
88161212
88163109
88164164
88165555
88165590
88168816
88176168
8817803788
88178832
88179935
88180098
88180204
88181185
88181460
88182833
88188818
88188888
88191986
88192373
881984123
88198588523
88198591
88198819
88200486
882019jun
88205274
88205292
88207393
88208820
88209345
8.82109E+11
88211562
88212979
88217314
88217799
88218821
882190bai
88221144
88221255
88223366
88224466
88224646
88224682
88224988
88225998
88228113
88228822
88229192
88229810
88229933
88233748
88241823hhxsw
88242255
88242890
88245316
88245458
88246760
88248824
88250625
88250885
88252712qwe
88255288
88258686
88258825
88259031
88260788
88263388
88264444
88268826
88269911
88270612
88273596
88275421
88283690
88287694
8829071ly
88292384
88295806
88296652
88298lue
8830137a
88302170
88306260
88306446
883131yyh
88314880
88318167
88318831
88323076
88323774
88324223
883246391
88326229
88326365
88326518
8.83274E+12
88328832
88331777
88338833
88338844
8833991100
8833993302
88340922
88342277
88352500
88352737
8835407c
88355907
88358061
88359206
88359412
88365659
88369145
88374109
88377246
88383799
88387611
88390113
88390438
8839487lion
88397218
88410862
88412275
8841488414
88418841
88421096
88421737
88432003
88435780
88442200
88442266
88446622
88448552
88448844
88449464
88453611
88455141
88456021
88458845
88464238
88467492
88468846
88473369
88480000
88481101
884811034
88481218
88481234
88483465
88483721
884838bbaa
88485071
88485208
88487657
88487809
88488495
884888888
8848zmlm
88491608
88492562
88492825
88496253
88496289
88498590
88498849
88501318yy
88502249
8850288502
8850302win
88507240
88508850
88509790
8851561623
88517094
88518123
88518851
88520000
88520520
88520530
8852088520
885211314
88521444
88521521
8852188521
88522230
88525612
88528852
88532077
88536573
88538678
88538853
88540114
88544044
88545101
88545846
8854788547
88550235
88551573
88551676
88552200
88552211
8855221133
885522123
88554466
88555021
88556677
88556699
8855688556
88557766
88558080
88558855
88563066
88563635
88564496
88568856
88570542
88581936
88582688
88583871
88586308
88587758
88588683
88588858
88589871
88592086
88592253
88593866
88594614
88598859
886001cz
8860409123
88608989
88612010
88618060
88618861
88621656
88624781
88628862
88633847
88638863
88648864
88649981
8865201314
88654321
88658865
88660099
88660660
88662244
88662566
88663322
88664422
8866442200
88664627
88666538
88666688
88667755
8.86681E+15
88668686
88668899
88669980
8867625941
88680765
88681009
88683319
88686868
88686899
88687352
8868864499
88688688
886887500
88688868
88698177
88698177ee$$78
88698869
88701953
887023857
88702591
88709394
88710691
88713608
88713972
88715258
88720221
8872132551
88723043
88724103
887272727
88727481
88735587
88737532
88737923
88738777
88758875
88761545
887654321
88768912
88771122
88771314
88771456
887735688
88773630
88775504
88776542
8877665544
88778413
88785790
887881736
88788878
88790721
88794753
88798879
888000020
888000888
88800186
88800888
8880099124
8880606853
88808880
888093408
88811886
88812345
888123456
8.88124E+11
88815296
888156518
88816888
88819306
88819585
888222000
8882757655
88828798
88831269
888328120
8883533524
88835546
88836489
88838478
88838685lulu
88838990
88845466
88846944
88851888
8885201314
888555222
888561674
88858885
8.8859E+11
88860171
88861166
88861612
88863218
88865228
88865888
888666000
888666123
888666222
888666333
888666888
888666999
88868886
88868888
88868932
88871824
88872100
88877107
888777666
88879533
88880424
88880925
88881688
88884350
88885418
8888855555
88888812
888888168
88888878
88888885
8.88889E+12
8.88889E+15
8.88889E+19
88888888_l
88888888aa
88888888aaa
88888888abc
88888888asd
88888888f
88888888k
88888888li
88888888q
88888888QQ
88888888w
888888aa
888888abc
888888abcd
888888CUGOO
888888kplsa
888888ll
888888mm
888888moli
888888ok
888888ol
888888qq
888888XIONG
88889999a
8888a8888
8888aaaa
8888abcd
8888bbbb
8888kkkk
8888oooo
8888qqqq
8888wwww
8888xiong
8888yy8888
88890998
88894868
88895090
88898889
88899573
88899900
8.88999E+11
888999666
888999777
888999888
8.89E+11
88899989
888999aa
888999aaa
888999abc
888999qhp
888999qq
888999qqq
888AAA888
888abc888
888comnet
888service
888wwxxzz
88900013
88907313
88907511
88908890
88910817
88910977
88912963
88914295
88914857
88915685
889158962
88916033
88916508
88917618
88918532
88918891
88919232
88920053
88921167
88922223
88928123
88928892
8893068097
88931120
88932257
88948000
88949701
8894985aa
88950009
889531900
88956780
88957044
88958895
88961222
88961406
88968896
88969755
88971037
88977010
88980380
88984896
88988898
889889889
88990011
88990223
88991010
88991122
88991155
889912346
88991678
88995566
88996600
88996633
88996655
88996677
8899736240
88997652133
88997766
889988wawamy
88998989
88999988
8899ebay
88ballcom
88woaini
89003942
89006061
89008887
89008900
89009889
890122ii
890123456
89015222
890156zl
89018901
89026260
8904046m
890427ky
89045272
89052566698
89057313
89061246
89069500
890720wwq
8907477x
89078881
89078907
8.90804E+11
890806andyang
890815lc45skip
89081680
89088908
890890890
890890ok
8.90909E+13
89091268
89099665
89101010
89101112
89108138
89108910
8910jqka
8911227158
891130520hxt
89115932
89118911
891189yuanjun
89122400
89146041
89158915
89176548
89183027
89188918
891891891
89191921
89203920
89213129
892158343
89218921
89219021
8922272221
89225500
89231805
89238923
89248911
89250001
89250121
892502303
892648414
892723349
89275049
8928aaaa
89297076
89298929
89328819010
89328932
89338933
89345137
893457750
893489aa
89358935
89388663
89422400
8944032aas
89442400
89452125
894564537
89464136
89470573
89484096
89489244022
89504899
89511086
89518951
89528390
895283900
89530abcd
8953621435
89540415
89550155
89561631
89562300
89562310
89562314
895623147
89568956
89573063
89588888888
89595251010
89596180
89602007
89603279
89607177
89613179
896231878
89624624
8962789627
89631139
89632147
89633133
89636275
89638963
89645512
89647310
89648964
896541230
89658965
8966138gyhq
89662432
896651843
896689529
89668966
89674523
896896896
89698969
89702028
89704464
89708970
8971268532
89721679
897229hc
89728514
89728972
89729981
89735279
8.97401E+11
89752912
897564231
89757123
89757521
89759223
89759419
897654321
89766dove
89768976
89770013
89781889
897856288
89787868
89788978
8979017611
89793238
8979323846
8.97932E+11
897969591
89801878
89804832
89808678
89810877
89815159
89819299
89823912
89824813
89827546
89831966
898334283
89838983
89846007
89862921
89864622
89866191
89866698
89868986
89871683
898720347
89872965
89873957
89878987
89881666
89888988
898898898
89890147
89891saa
8989565602
89895689
898974123
89898036
89898899
898989889
89899898
89899918
898hfsasaS
89908990
89909321
89910000
89913470
8991543020
89918991
8991913175
89922467
89926589
89926599
8992899248
89939625
89942935
89955998
89956662
89958995
89959801
8996825749
8.99697E+12
89979153
8998116867
89982052
89982708
89985421ff
89988800
89988998
89989188
89989899
899899899
899993123
89atd2z4
89Bu0221QQ
89edit02
89ting627yu
8a8a8a8a
8a8b8c8d
8b191dd8
8d1u4a4i
8dn2ewCXNH
8dp2evCWNH
8dp2evCXNH
8dp2ewCXNH
8dp2fvCWNH
8e00zz7s
8e16BP#3
8en2ewCXNH
8en2ewCXNI
8en2ewCXPI
8en3dwDXPI
8en3dwDYPI
8en3ewCXPI
8en3ewDXPI
8gox8h26
8io88243
8kjcxABC
8lijiejava8
8lortami
8NJGZXM7
8oo92c7745
8pima.com
8qianwan
8w2i0l6l2s1
8x2g4Gcc9q
8x2h4Eddan
8x2h4Fccap
8x2h4Fccaq
8x2h4Fcdap
8x2h4Fddan
8x2h4Fddap
8x2h4Gcc9q
8x2h4Gccaq
8xxg3Gcc9r
8xxg3Hcb9r
8xxg3Hcc9r
8xxg4Gcc9q
8xxg4Gcc9r
8z213j9q3f
8z8z8z8z
9*Lq?H>5
90-=op[]
90000000
900000000
9000000000
9000017181
90007272
90009000
9.00127E+11
90013891
90019001
90019002
9002030305
900206aa15
90029002
900324520
9003766613
90039003
900414dai
90041550
9005117387
90052818
900600300
900603lxf
900721004
900811fgr
900900900
900901WY
90099009
90110533
90118113
90119011
901216123
901222aa
90123000
90123456
90129012
90129639
901621lk
90169016
90189018
901896tan
901901901
90203754510
902211920
90225525
90239023
90240000
902421210a
90247036
90259025
90266209
90274966
90279027
9027@7209*520
902822124
90289028
902902902
90378177
903897555
903988994
90400003
904501212
90451koji
90453622
904904904
9051428aaa
90520123
9058111314
905874482
905905905
90603356
906077740
906157294
90617722
90618012
90639287
90679067
906829li
906906906
90754803
907738qqqfff
90803891
90804891
90807060
9080706050
90809080
9081314
90818larry
90823252
908381247
90849084
90864066
9087171817
9087654321
90889088
908908908
90899089
90904371
9090980zw
90909900
909247378
90949094
909909909
9099890998
90999099
91009100
910101601
910111213
91014891
91019101
9101ylw251223
910283lc
910305258
910330yu
9104224316
91059105
9.10823E+11
91090dxt
910910910
910911912
91099109
9.11007E+13
91100911
91101010
91103157
91109110
91111111
911119110
911119911
91119111
9111SHIJIAN
91131421
9115201314
911571174
91159115
911807519
9118162635
911911119
9.11912E+11
911911aaa
911912913
911914xb
91199119
911i3uefce
911i3vefbe
911j4tffcd
911j4uefcd
911nk679dpk611
911turbo
91201314
91209120
91213373
91215225
9121522521
9.12152E+13
91215238
91216891
91219121
9122191221
9122591225
91230000
9123456789
912513wu13
91259125
9126ml9126ml
91279127
91280000
912826520
91283799
91289128
912912912
91299129
912lq912lq
9130386959
9134707861
91372468
913724685
91372468510
91374286
91379137
913913913
91411011
914814789
91482686
914914914
915108108
9151291314
91568288
91586688
91589158
915915915
91604891
91605891
91631700jjl
91639163
916812102
9168601986
91689168
916916916
91709170
91726502
917315147
917382465
91774561
917910000
917917917
91800won
91809180
918123456
91827364
9182736450
918326327
91862596
91864676
9187781592
9187XIAOYAO
91886238
91889188
91919191
919200tate
9192631770
91929394
919814359
91991817
919919919
91999199
919cc1022
91d428aa
91ilaoqinty
91shanghaicom
92013lkj
920211yue
9.20215E+11
9202185863jxx
920228meng
9203116834
92039828
92041119
9204647a
92059205
920695212
9.20824E+11
920913916
920920920
920keitalove
92108185361
92109210
92117791
9211823932
92118791
92119211
92130068
92130792
92139213
92189218
921921908
921921921
921j4sfgdc
921j4tfgcc
921j4tfgdc
921k4sfgdb
9221126526
922117525
92212105
92213891
92214891
922301409
922715lsd
922814115
922829214
922870007
922922922
922h4Eddan
922i4Ceebk
922i4Ddebm
922i4Deebk
922i4Deebm
922i4Eddan
922i4Eddbm
922i4Eddbn
922i4Edebm
922i5Ceebk
922i5Cefbk
922i5Cefck
922j5Befcj
922j5Cefcj
922j5Cefck
92309230
92312685
9.23203E+12
9232049899
92332284
92339233
9235211115
92369236
923724630
9237291015
923923923
92405791
924115520
9242008888
924515339
9245892458
92491074
924924924
92495833
9251979xin
92527788
9254yjf8986
92589258
9259251229
925925925
92599259
92614589
92623ashin
92649264
92653589
92669266
9.26819E+11
926926926
926o1o12
92702689
92731900
92740101
927531ii11
92755555
92780538
927927927
927979fang
928009910
92801891
92808891
9.28142E+11
92819281
928305nmd
928331107
92839283
928749765
9288091427
928869077
928928928
9289861314
928h1025m513y
928lovebo
928zhang
92902891
929291114
92929292
92949698
929533521
9.29619E+13
92962821
929929929
92999299
929lin684
92cjb9cf
93019044
930427497
9.30472E+13
93047621
930501266
930511dtm
93068875
930930930
931111082
93189318
93189897
932083yzg
93209502
93221870
93229322
93231303
932384626
932568417
93262288
932964966
933160049
93399339
93403888
93470658
93488152
935201314
93529352
93585zham
936171811
93618524
93621000
9.36235E+11
93636807
93658479
93699369
93733000
93744471
93825855
9388866874
93898295
939053714
93939393
93941314
93943344
93943344amw
93945354
93949394
93949596
93949798
9394club
939564819
9.39565E+14
93q1h547s
94010557
94020025
94026630
94029402
940721zl
94089408
940926gbd
94093701
94099681zk
94119411
94119986
941233129lichee
94123456
94129412
94135354
94136699
94139413
94144821
941533asd
94165912
94169416
94174546
94189418
941955777
94199419
94201314
94209420
9421108110ca
94211206
942129484
94219421
94247802
94249424
94258144
94264426
94264534
94264926
94264983
94280904
94284680
94293780
94301fsh
94309430
9433138123
94350283
94364246
94382568
94408765
94426933
944369wf
94438474
944494321
945201314
9456113426
94567560
945686464
94589458
9459452357
945945945
946051bZBs#
94625900
9465122q
94689468
946952301
94722065
9.47269E+11
94742834
94745059
94747158
94782105
94789478
94801070322
948067211
948813833
94888666
948948ll
94949494
949527212
9495961398
94962859
94969496
94yhqjoGzu
94zhrjoGyt
94zhrjoGyu
95000998
95001152
9500352345
95013805999
9501923621
95024040
95039503
95042648
95071308
950811yyy
950918163
95100493615
9510945014
95109510
951117whu
951159951
95119511
95120717
95121386
95122895759
95123456
95123578
951235789
951236874
9512395123
95124780
951357456
9.51358E+11
95139513
951452980
951475369
951478632
9514786321
951623847
95168003
9516888123
9517530
95175300
95175312
9517532468
951753258
95175328
951753321
9.51753E+11
95175346
9517534682
95175357
951753654
951753789
95175382
9517538246
9517538426
9517538462
95175388
951753951
951753963
951753aa
951753abc
951753asd
951753poi
951753qaz
95179817
951846237
951846273
951847623
951852753
9.51853E+11
95188484
95189518
951951951
95198295
9519840529
951af852sd
951chenxi
95201314
95209520
95211314
95217033
95219521
952478919
9526134myp
9526xxht
95270000
95271314
95271@china.com
95272046
95277259
9527952788
9.52795E+11
95279528
952822576
95287216
95289528
95302136
9530295302
95305643
953612000
95386929
95389538
954120cr
9541471890
95437582433
954731007
95506880
95509551
95519700
955350523h
95535745
955471985
95573014
95588123
9558895588
95597875
955998046
955998047
9559995599
9560031211
95606516
95628451
95641275
956474963
95650342210
95650695
95684213
95690584
957061980
95709524
95715471
95738824
95761811
957642jyn
95779949
9.58002E+11
9580095800
9.58019E+11
9580391598
9580552221
9580575056
9580596901
9580810222
9580822386
95808870
95809580
9580989061
9581233337
9581295812
958129947
9581322180
9.58167E+11
958187213
9582816328
95828336
95841013ok
958581527
95879587
95889588
958958958
958968978
9590095900
9.5901E+11
9.59011E+11
959014587
959017723
9593810010
95939616828
9.59506E+11
9595095950
9.59514E+11
9595195951
9595953hd
9595959595
95959697
9596021807
95968128
9.59682E+12
95969798
9596979899
95haigui
95yhqjoGzu
96001062345
96003002
96011059
960113004
96021108
96030009
960305457
96039603
96041219
96049604
960507lpp
960520ok
96054121
96061901
96073649
96079275
960826wang
9608284428
960915xgd
960960960
96101327
96109610
96109740
961109cxj
96114557
9611796135
96119611
96120535
961208123
96121011
96121015
96121020
96121129
96123456
9612413a
9.6127E+11
96128777
9612896128
9612901773
9615065257
96152020
9616496164
9616899199
9616996169
96189618
961987947
96206035
96211627
96212161
96221313
962358718
962464520
9.62465E+11
96258230
9625wanne
96299888
963.852
9630076888
96301111
963012sz
96308520
96309630
963147852
963151111
9631596315
96319631
9632112369
96321456
963214587
9632147852
963214789
9632147a
963215874
9632196321
963258123
963258147
963258456
96329632
963369963
963369mm
96339633
963456123
963520yoyo
963528417
963562395
963741123
963741852
963741852qq
9637596375
96385200
96385210
963852123
9638521417
963852147
963852741qaz
963852741sex
963852963
9.63853E+11
963852@741
963852aa
963852abc
963852mm
963852qaz
963892abcd
96389638
963963123
963a963a
964068848
96443218
9644860313
9650180814
96502166
965201314
9652348283
96549654
96559725
96564808598
96578888
965874123
96588163
965941318
9665707640
96664499
967)(*&^
96701224
967683579
967854dfd
96789100
96789678
9681287755
9681854005
96818968
96833369
968431187
96844869
968574123
968574321
9685743210
96883654001
96889688
96893168
96896888
968968968
96898968
96899689
96905668611
96905762
969065224
9691896918
969210848
96927634
96928288
969332958
9694482664
96959695
9696096960
96963002
96965026
9696969696
96970513
96979899
96989698
96990206
969927187
96998123
9699896998
9.69998E+11
97009700
97010182
9.70115E+11
9701202544
97013328
97035578
9703good
970417174
97050505
97052153
97060086
97060130
97064769
970701hg
9.7071E+12
97070z97070
97079707
97081013
97096734
971015668
971041014
97104104
97116097
97119711
97120714832
97126026
97131330
971384265
97139713
97156328
97179083
97193021
9720183guo
9721love
97229869
972314064
972433337
97259281zw
97259725guo
97267900
97268378
97279727
972820roto
97289728
9.73154E+11
97348645
9735182064
97352444
973918lb
973987008
97404158
97428TZzhan
9743132l
97439743
97465233
975086135246ty
975086ty
97511aaa
9.75149E+11
97520ni333
97521413
9753113579
97531246
975312468
9753124680
975313579
975318642
9753186420
9753197531
97537653
97538642
9.75426E+11
97585197
975888088
975975975
97599911
976125318
97613056892
97639763
976431258
9764318520
9764764498
976498ABC
976855922
977108520
977223497
97758521
9777042585
97772294x
97809012
978117821
978232000
97828113
978645312
97865342
97873230
9787802258
9.78781E+13
978916di
978978978
9.78979E+11
9791936222
97919791
979456321
979479349
97973912
97979797
9798229798
9798836070
97989798
97989900
979899ed
97999799
97gk97gk
97ou78nn
980021945
98009800
9800990623
98010086
98010233
98010396
980123456
98014008
98019801
98020443
98021203
98021302
98021658
980241127
98029802
980305959
98031343
980316528
98032006
98039803
9804121810
980414606
980511gb
98051301
98052166
9805260000
98053jam
98059586
980621yfq
98069806
98070555
98071084
980724xlh
980808niu
98087924
98089808
98093232
98094011
980988mm
980dffsfd
9810168ljh1018
98105224
98109810
98110161
981108721111xy
98115107
98118555
98119811
9812110040
981224az
9812260058
98123084
981231312
98123456
98124166
98129812
98130301206
98131110
98134186
981362087
98145189
981526888
98157531017
981601134
98160791
98160803
981745281
981760123
9.81803E+11
98188798
98189818
981978228
9819vvvv
98201117
98209820
98211420
982128082
98220523
98225251
9.82554E+11
9825610354
98269826
982719286
98283355
98286595
98300227
98301007
98311203
983125343
98320000
9832102510
983563622
98376542
98382100
98386688
983983983
98407700
98416021
9843042042
984401144
98465945
98479847
98489848
9851898518
9852098520
98521121
9852174563
9853561230
98562886
985632147
98563369
985633699
98569856
98584284
98589858
98610504
98615555
98618808
98624433
986271463
9862renee
986370719
9865321245
986532147
986532741
98654321
98660000
98665701
98669866
9867534210
98675423
98681140
98689868
9869604401
98696045
986986986
987032067
9870520206
98709870
98710118
98710412
9.87105E+11
987123654
987157236
98719871
987219wst
9.87221E+11
98729872
98730abcd
987311311
98732100
987321456
987321abc
987321pp
98741023
9874123650
9874123654
987412365mad
987412369
987412563
987456121
9874561230
98745632
987456321{}**
987456987
98749874
98752100
987532159
98754321
98756038
98760000
98760011
98760abc
9.87621E+11
98765021
9876504321
9876512345
987653210
98765400
98765410
98765412
9876541230
98765423
987654231
9876543201
987654321*
98765432101
9876543210abc
9.87654E+15
987654321aaa
987654321ab
987654321abcd
987654321ad
987654321asd
987654321c
987654321l
987654321o
987654321ok
987654321p
987654321s
987654321x
987654321y
987654321Z
987654322
987654329
98765432a
9876543322
9876543chen
987654654
987654987
9.87655E+11
987654aa
987654ab
987654ABC
987654abcd
987654asd
987654b...
987654lw
987654mj
987654qq
987654qwe
9876556789
987656789
9876598765
98766789
98766789zh
98767880
9876abcd
987761194
9877789sylWAN
987789987
98779877
987861011zhblj
98789878
98798798
98799979
987matry0
987okooo
987wjl987
98815218
98827846
98833013
98839316
9885835395
98858899
98859885
98879887
98889888
988918sbl
988988988
98899889
98909890
9891811796
98921404
989231301
98935129
9896450437
98967937
98972021
98973210
98979695
9897969594
98979897
98984aa130
98987676
989898ok
98989988
98989999
9898??ll
9898asdf
9898club
9898win98
98991715
98997598
98999899
98asdfgh
98c10306
98weizhurj
99009900
990103219
99010525
9901099010
9901238981
9.90126E+11
9901361268
990168555
99019901
99020315
99026007
9902866508
99029902
9903031969
99031040
99031108
99032402
990326aqi
990330216
9.90332E+13
9903530207
99041133
9905112533
99052145
990524lzy
9905267174
990540215
99054111
9.90599E+11
990610517
99061111
99062079
99064083yy
990722**
99074018
99074122
990802mj
99081051
99081138
9908199081
99082010
99089908
99090832
990970086
990990990
99099909
99101655
99101917
99102014
991021zyg991021
99103298
99105260
99105905
99106015
99108051
99109910
991104101
99110523
99111512
99112301
991141698
991151108
99118882
99119911
9912000105
99120836250xgj
991217567
99123456
99124332
991261966
99129912
99130072
99130417
9913051011
99131043
9913141314
991314520
99131499
99134259
991352040
99152133
99159915
99169916
991701280
991775520
991775521
9917758521
99183374
99184565
9.91882E+11
99189918
99196399
991991991
99199919
99201234
99201314
99202999
9920999209
99211314
99212213
992123mm1
99219921
99220224
9.92203E+14
99224410
9922479278
99227265
99227880
99229494
99240103
99241527
992553667wan
99265432
99270679bb
99274089
99279415
99282099
992858664
99289928
99303213
99304015
99309930
993156000
993172300
99319931
99320flixx
99336768
99339933
993564qj
993658495
99366993
993899bb
993907abc
99399939
99402215
994051055
99441148
99466123
99494495
9951283117
9951797954
995179aaa
9951899518
995201314
99520520
9952099520
995211314
99529952
99535449
99551122
99551133
99559955
99569956
99587631
99589958
995995995
99619961
996315poi
996343993
99639963
99654802
99659965
9966123456
996633..
99663300
99663311
99663322
9966332211
9.96634E+11
99668855
99669966
996738444
99689968
996996996
99699969
99703105
9970319356
99709394
99714003
9972012027
99722311a6
99728728
9972899728
9.97332E+11
9973373935
99750626
9976305k
99766446
99772200
9977553311
99776688
99779977
99780121z
997811chen
99786699
99789456
99789978
99790721
99790845
99792458
99799513
9980199801
99809980
99811205
99811899
99813721
99816636
99817749
9981797954
99818864
9.98189E+11
9.982E+11
9981tj8864
99828550
998288627
998379ab
99839983
99840701
99841023
99865028
998663269
99879610631
99879987
99880000
99881122
99885566
99886600
99886633
99886655
99886699
99887711
998877123
99887755
998877665
9.98878E+11
998877abc
99888899
99889898
9988DOOG
9988zzyy
99891234
998917908
99899989
9.99E+11
999000999
9990518668
999078qq
9990902wx
999110120
99911111
999111999
999123123
99912345
9991799693
99919991
9992236280
99926999
99935449
999555111
999555888
9995618709
9995752999
9995861364
999666999
999666gto
99980001
999847741
99987315
99987654321
999888000
999888111
999888123
999888666
9.99889E+11
99988898
999888999
999888abc
999896chy
99989796
99989998
99992222
99993333
99994444
99997777
99998437
99999520
9999966666
99999888
99999900
999999123
9999997568
99999990
99999998888
999999998
9999999991
9999999996
1E+12
1E+16
1E+20
999999999b
999999999c
999999999d
999999999f
999999999g
999999999H
999999999j
999999999k
999999999l
999999999lf
999999999m
999999999n
999999999q
999999999r
999999999s
999999999t
999999999w
999999999x
999999999y
999999999Z
99999999a
9999999a
999999aa
999999aaa
999999abc
999999qq
9999aaaa
9999asdf
9999oooo
999ing2009
999sky534
999xw7283425xyw
99fu99xing99wen
99jk99jk
99xinnet
9a8b7c6d
9bugaosuni
9em3dwDYPI
9en3dwDYPI
9g3e67qo
9ijn0okm
9ijn8UHB
9IJN9IJN
9lianjia
9lj198802020
9nanuttt
9ol.0pг╗/
9q1cozya
9s8d8sd8
9si71km39
9tcl10ch
9YUE27RI
:359887409
:460832092
;o;ofpifpi
<1977XBC1225>
?7gQ951!
?enigma?
@123456789
@123456@
@126.com
@163.net
@5201314
@5884172
@7800585
@@7533967@@
@Aly6767@
@beijing2008
@hotmail.com
@jojo520!
@sina.com
@sohu.com
@Surveillant@
@tianya@
@titan75
@Unthinkable@
@wmnbmh250269
@WSX3edc
@xin%520
[19841002]
[[[460627]]]
[]\\][xtau0.0
^*!%(*))
^111aaa$
^^jul2788*
^ljxrt250$
_1234567
_talkweb
_xinxin679227_
`05232425
`123456789
`1234567890-
`1234567890-=
`123`123
`123qwer
`12`12`12
`1qaz2wsx
`1qazxdr56
````1111
`````````
A**##a123
a-123456
a.123456
a000000a
a003109z
a00de35t
a0238458
a03547364
a03789606
a04520402123
a05947383087
a0748129
a0810060
a0819884
a08844695
a0987654321
a0a0a0a0
A100s200
a10101010
a1010110
a10203040
a110110110
a110110a
a110120130
a11111111a
a1111117
a111111a
a111111s
a111222333
a111b222
a112233a
a11235813
a113380807
a119857015
a11b22c33
a12121212
a122820222
a123.123
a1230456
a1231231
a1231512315
a1231516
a1233210
a123321123
a123321a
a12341234
a12342234
a12344321
a1234554321
a123456*
a123456+
a123456..
a12345600
A123456123
a123456123456
a1234562
a1234566
a1234567889
a1234567890a
a123456789z
a12345678b
a12345679
a1234567a
a1234567b
a1234568
a1234569
a123456?
a123456aa
a123456l
a123456s
a123456z
a12345aq
a12365478
a1236987
a12369874
a123698745
a123963a
a123a123a
a123a321
a123a456
a123a456a
a123b123c123
a123b321
a123b456c
a123bbxz
a123s123
a123s456
a123s456d789
a12b34c56
a1314125
a1314520a
a1314527
a134679852
a1357900
a135792468
a1357924680
a13601077988
a13907569409
a1392010
a13974426291
a13976036334
a1472583
a147258a
a147b258
a14953009
a152535365
a15487963
a159753a
a1598753
a16259852
a164574514
a16899168
a168b169
a17213164
a1955426
a19651030
a19681968
a1970b18
a19710902
a19761220
a1976717
A197712050
a1978103b
a19782121978
a19803S2
A19821009
a19821014
a19821108
a19830527
a1983919
a19840224
a19841026
a19841231
a19860209
a19861110
a19871010
a19871211
a1987811.
a19880506
a19890416
a1989124
a19921012
A1A1A1A1
a1a1a1a1a1
a1a2a3aaqq
a1a5a9u3
a1b1c1d1e1
a1b2c3A1B2C3
a1b2c3d4e5f6g7
A1b2C3D4e5f6g7H8
a1b2c3d4f5
a1b9c8d1
A1B9C8D7
a1cherry
a1d3g5j7
a1qazM2WSXpp31
a1s1d1f1
A1S2D3F4
a1s2d3f4g5h6j7k8
a1system681129
a20040508
a20050030
a20082008
a201201201
a202112d
a21498087
a21k4sfgdb
a2202121
a220a220
a2222222
a22222222
a22j5Befcj
a22j5Bffci
a22j5Bffcj
a22k4rghda
a22k4rghea
a22k4sfgdb
a22k4sfhdb
a22k4sghdb
a22l5qghe9
a22l5qgie9
a2322391
a24120770a
a24433270
a25184602
a25251325
a2534529
a2591885
a26582080
a267455a
a2803129
A283431148
a2885350
A299792458
a2aakkk123
a2b2c2d2
a2gin3ty
a3128718
a31415926
a3143303
a321321321
a321654987
a324413a3244
a3289618
a32j5Affci
a32j5Bffci
a32l5qgie9
a32l5thie8
a32l5thie9
a3313555
a33333333
a334422334422342
a3344520
a3344521
a33461511
A3399660
a33j5Affci
a33j5Afgci
a33j5Afgdi
a33k5Afgdh
a33k5Afgdi
a33k5zfgdh
a33k5zggdg
a33k5zggdh
a33k5zghdg
a3428345
a3456789
a34853569
a3592757
a3598138
a3633511000
a3651118
a3653223
a3691000
a3760481
A3779210b
a378490503
a3820217
a3838240
a3842317
a3b4c5d6
a3eilm2s2y
a3jianglai
a4231882
a42695200
a42896524
a4296190a
a4325651
a4366205
a441221025
a446915529
a4545111a
a4554550
a459065531
a46453212
a4719310
a4843693
a4872056
a4a4a4a4
a4AgsjnFyt
a4b3c2d1
a4zgsjnFyt
a4zhrjnFyt
a4zhrjoGyt
a503132987
a50386556
a5044611
a52005200
A5201314A
a521521521
a5220375
a5223891
a523223427417
a5303903
a530520z
a5329261
a53517230
a54181452
a54680903
a5509007
a5513760
a5516512
a5536870
a5555555
A55555555
a5563514
a55995988
a5644856
a5647322
a56625344
a569174901
a5819031
a58218789a
a5888651
a5905382
a5919978
a5a4a3a2a1
a5a5s5s5
a600110a
a6168468peng
a620212z
a6263965
a628999628999
a632023319
a6350941
a63516391
a6352980
a63653127
a6370663
a64540456
a6470024
a6500101
a6543210
a654321a
a65921344
a65d857c
a6602168
a6666666
a66666666
a666666a
a67211100
a67581895
A684257x
a69188196a
a6s3g9v5
a7058626
a7252434
a729899a
a729dkx8h
a7301007
a73186219b
a7320956
a74108520
a7719423
a774936188
a7758258a
a7758520
a7758521a
a7758521b
a7758991
a7788521
a780413a
a78221314
a7880229b
a7895123
a789512364
a7895123A
a78963214
a7BktntLDy
a7BkuntLDy
a7CjumsKDy
a7CkumsKDy
a7CkumsLDy
a7CkunsLDy
a7CkuntLDy
a7dbfbcc
a800802601
a801015g
a8011010
a81361090
a82011127
a820629s
a82422855
a830319a
a83421071
a83491273
a83934030
a84716057
a84857316
a84901485
a8492180
a84931022a
a8498381
a84f17rj99
a8500168
a86365210
A86400915
a8645022
a865w463
a8671328
a8686886886
a87654321a
a8852099
a886a886
a8871918
a8880312
a8888888888
a88888888a
a888888a
A88900600
a898989a
a8ks231kbcsb
a8yinyue
a911881435
a9256944z
a92719271a
a971111i
a980a980
a981bc66
a9876543
a988966123
a989920b
a99024009
a99633948
A9999999
a99999999
A999999A
a9b5c4d3
a9b8c7d6
a9h12o3i6b7
a;sldkfj
A_123456
aa000999
aa001388
aa005500
aa019893150
aa021231
aa097336
aa10181019
aa102030
aa102200077
aa110110
aa1111111
aa111222
aa11223344
aa112288
aa113118
aa11aa11
AA11bb22
AA11BB22CC33
AA121212
aa123000
aa1234567890
aa123456789aa
aa123456BB
aa1234aa
Aa123789
AA123AA123
aa123aa456aa
aa123bb123
aa12ss12ss
aa1314521
aa13282725816
aa13700488927
AA147258369
aa158998
aa15900178121
aa159357
aa159753
aa168168
AA16888888
aa194997
aa19590726
aa19631963
aa19860311
aa198877
aa1bb2cc3
AA213321
AA222222
Aa2282586
aa25201755
aa26321575
aa321123
aa321321
aa336699
aa369369
aa4210769
AA423117584
aa452228
Aa456123
aa456852
aa5661133
aa571400
aa584520
aa6450320
aa6528028
aa666666
aa667788
aa6750025aa
AA67621858
aa678678
aa6811418
aa731110
aa768210
AA7758258
aa7758521
AA778899
aa780928
aa789789
aa79880132
aa82235940
aa82851827
aa851201
aa861168
aa8612568
aa86363262aa
aA88888888
aa888999
aa963852
aa998877
aa999999
aa9999999
aa9999999999
aaa00000
aaa000111
aaa000aaa
aaa0123456
aaa012612
aaa100200
aaa110110
aaa111...
aaa111000
aaa11111
aaa111123.
aaa11122
aaa111789
aaa111aaa
aaa111bbb
aaa112233
aaa123000
aaa123123123
aaa12341515
aaa1234567890
aaa123456aaa
aaa123654
aaa123789
aaa123bbb
aaa1245145
aaa1357247
aaa13579
aaa1357924680
aaa138197
aaa13929011462
aaa155377
aaa180602zzz
AAA20090909
aaa258369
aaa332332
AAA369369
aaa3851191
aaa456123
aaa501532
aaa520520
aaa666666
aaa666888
aaa765071
aaa775898
aaa778899
aaa78222
aaa789789
aaa7918393
aaa888635545708
aaa88888
aaa888888
aaa890604
aaa916898
aaa98098
aaa987654321
aaa999666
AAA999888
aaa=-900706
aaAA1122
AAAA1234
aaaa12345
aaaa1983
AAAA2008
aaaa2222
aaaa3333
aaaa4444
AAAA5555
aaaa6666
aaaa7317
aaaa9999
AAAAA00000
aaaaa111
aaaaa29696
aaaaa55555
aaaaa88888
aaaaaa00
aaaaaa000000
aaaaaa111
aaaaaa12
aaaaaa2006
aaaaaa666666
aaaaaa999
aaaaaaa8
aaaaaaaa1
aaaaaaaa8
aaaaaaaaaaa
aaaaaaAAAAAA
aaaaaaaaaaaaaaaaaaaa
aaaaaaas
aaaaaadearbook
AAAAABBBBB
aaaaasssss
aaaaazxj
aaaaffff
aaaaqqqq
aaaaZZZZ
aaabbb111
aaabbb123456
aaabbb888
aaabbbccc123
aaabbbcccddd
aaaqqqaaa
aaasdaaasd
aaasss0249
aaasss111
aaasss123
aaasssaaa
aaazzzxxx
aabb1121
aabb1122
aabb112233
aabb1234
aabb668899
aabb72cd
aabb7788
aabb999888
aabbaabb
aabbcc00
aabbcc11
aabbcc111
aabbcc112233
aabbcc12
aabbcc123456
aabbcc88
aabbccdd123
aabbccdd731022
AAbbKK99
aabcdefgh
aadokaixin
aagg1177
aaking007
aakkcc86
aakkccop
aakknnff
aaqq123456
aaron123
aaron1987
aaron520
aaronaaron
aaroncarter
aaroncater23
aaronkite
AARONKWOK
AaronLee
aas123456
aas790513
aass1122
aass123456
aass1981
aass995533
aassaass
aassdd00
aassdd123
aassddffgg
aasst1130
aavvccdd
aayygybb
Ab-123456
ab000000
ab010903
ab030506
ab031001
ab111111
ab112233
ab118118
ab11ab22
ab122211
ab123321
ab1234567890
ab123456ab
AB1234cd
ab123654
ab123789
ab123ab123
ab12ab12
AB12CD34
ab135790
ab147258
ab147258369
ab147852
ab159753
ab168168
ab19750718
ab2605688
ab301601
ab456789
AB5201314
ab615800
ab6198018
ab654321
ab654987
ab666666
ab715500
ab721215
ab750826
ab7512309
AB789456
ab820401
AB82165289
ab871004
ab888888
ab895620
ab918273
ab969103759
ab987654321
ab9dica9
aba654321
aba7c0bf
abaa597859
abab1212
abab2233
abab2233?
abababab
abaccc01
abaoabao
abb123456
abba123456
Abbey(@8
abc.1234
abc.123456
abc00000
abc00541
abc009mm
abc010203
abc0123456
abc0123456789
abc058888
abc07933204
abc100200
abc10086
abc102030
abc110110
abc11111
abc111222
abc11223344
abc11abc
abc121212
abc123!@
abc123..
abc123...
abc12300
abc123000
abc12315
abc123321cba
Abc1234%
abc1234560
abc123456789abc
abc12345abc
abc12356
abc123654789
ABC12366
abc12369
abc123888
abc123987
abc123abc456
abc123cba
abc123cba321
abc123d4
abc123de
abc123dearbook
abc123DEF
abc123def456
abc123xyz
abc123yu
abc126126
abc13098986768
abc1316822
ABC13228282009a
abc1332208
abc135790
abc147369
abc159753
abc168168
abc17xyz
abc19450505
abc1957818
abc19811228
abc19821001
abc19830925
abc1989asd
abc1992411
abc2009abc
abc2130377
abc222222
abc222666
abc23009887
abc246810
abc258258
abc262411
abc31415926
abc336699
abc3368990
ABC343508
abc3621955
ABC369258
abc369369
abc449928
ABC456123
abc456456
ABC456789
abc456852
abc4995121
abc5453718
abc55555
abc555555
abc56789
abc59420
abc651def
abc666888
abc666abc
abc709394
abc741852
abc753951
ABC7654321
abc77559
abc778899
abc789789
abc789abc
abc789xyz
abc830306
abc831220
abc8653498
abc888666
abc888999
abc888abc
abc911119
abc911911
abc95599
abc963852
abc963852741
abc98765
abc988613
abc99801
abc999999
abc@123!
abc_123456
abc_881010
abcabc11
abcABC111
ABCABC123
ABCABC123123
abcabc123456
abcabc88
ABCCBA123
abccba123321
abccbaabc
abcd!@#$
abcd+1234
abcd.1234
ABCD0000
abcd000000
abcd020219
abcd0551
abcd1001ri
abcd110108
abcd1111
abcd111111
abcd1125
abcd1218
abcd1230
abcd1234.
abcd12343
Abcd12345678
abcd1234567890
ABCD1234777
abcd1234a
ABCD1234abcd
abcd1234abcd1234
abcd1234efg
abcd123654
abcd123789
abcd123abcd
abcd123efgh
abcd1357
abcd1361
abcd1688
abcd1900
abcd1966
abcd1972
abcd1981
abcd1982
abcd1983
abcd1984
abcd19841128
abcd1986
abcd1988
abcd1989
abcd1999
abcd2000
abcd2001
abcd2006
abcd2007
ABCD2008
abcd2009
abcd2010
abcd2222
abcd2345
abcd2468
abcd4444
abcd4567
abcd5213
abcd54321
abcd543211982
abcd5555
abcd5566
abcd6666
abcd666666
abcd6688
abcd6789
abcd7032
abcd7758258
abcd7890
abcd841021
abcd8899
abcd8996
abcd9510
abcd9803
abcd9876
abcd987654
abcd9999
abcd_1234
abcd_321106
ABCDABCD
abcdabcd123
abcdabcd1234
abcdabcdabcd
abcddcba
abcdduck
abcde11111
abcde125
abcde13579
abcde2008
abcde23456
abcde3603021984
abcde54321
ABCDE98765
abcdef12
abcdef12345
abcdef123456789
abcdef654321
abcdef888
abcdefabcdef
abcdefg0
abcdefg00
abcdefg000
ABCDEFG000591
abcdefg001
abcdefg11
abcdefg111
abcdefg12
abcdefg123456789
abcdefg123456h
abcdefg261827
abcdefg321
abcdefg456
abcdefg520
abcdefg521
abcdefg666
abcdefg7
abcdefg7654321
abcdefg789
ABCDEFG8
abcdefg9
abcdefga
abcdefgab
abcdefgABCDEFG
abcdefgfq
abcdefgg
abcdefgh123
abcdefghijkl
abcdefghjkl
abcdefgz
abcdmnmn
abcdwxyz
abcdxor188188
abcge123
abcidd1984
abconline
abcqq163
abcs369##
abcxyz123
abcy123789
abczcf1127
abd112358132134
abd123456
abdcghjk
abdullah
abetterday
abiaolaure1222
abl44812
able2705678
abluesky
abnormal
abriongded
ABS123456
absolute
absolutely
absunshine
abzhuzhu
ac/88271z
AC00000000
ac136091
ac963852
ACACACAC
acad781227
acc9806ac
acca2004
accd123tew
acceleraee
Accenture1
accessibm
accident
accomplish
accountant
accounting
ACCP1234
accp123456
accpliuwei
acdcacdc
acde4321
acds991220
aces991754
achali0928
achilles
acid1219
acmilan1899
acmilan7
acmilano
ACr2CUo2
action88
acupoftea
ad005com001
ad123123
ad1816ad1816
ad1821cs
ad200907
ad521241
ad789012
ad795252
ad87654321ad
ad890426
ad962512
ada200127
ada3817079
ada771202
ada789456123
adadadad
adagio1987
adahai01
adal0910
adam4019
adam51863378
adam6891
adamadam
adamancy
adamcheng
adaoshen
add123456
address66
addw454aa
ade123456
adelaide
ADEn1234
aden520114
ADforever1116
adgadgadg
adgjl123
adidas123
adidas33
adidasadidas
adidasnike
adidaspk
adj258ej
adjsnbyzhy
ADLSZYWHN
admin000
ADMIN007
admin101
admin110
admin111
admin120
admin168
admin1988
admin2008
admin2009
ADMIN2010
admin32417
admin3568790
admin520
admin530
admin99530
admin999
adminfzt
adminhao
adminigou
administ
administer
administr
administra
Administration
adminliu
adminlogin
admins00
adminsky2043
admintmode
admintusu
adminuser
admiral188
adnwe123
adoglikeawind
adolfhitler
ads123456
adsfadsf
adsl01230
adsl1234
adsl12345
adsl123456
adsl2006
adsladsl
adu021018
adueadue
advanced
adventure
adzcadzc
aeg20086
Aegeansea
aeiouaeiou
aek000932
aerolite
aesop001
aeyooadmin
af123456
af3021744
af3601675
af368898
AF8732E3
af87654321af
af888888
afafafaf
afdfss78610520
afei2000
afei2702530
afei791203
afeiafei
affection
afflatus
afineday
afjг╗8822538
afldtvenus
afq3wr123
afsdafsd
afsj123456
afternoon
AG123456
agagiitfu
againskh
agamemnon
agan123456
age688com
agentsoft
ageofking
aggressive
Agilent123
agnes0716
agnieczka610
agoodboy
agoodday
aguan2009
aguilera
ah123456
ah88888888
aheadyes
ahill1029
ahnjaewook
ahq871228
ahshsx123
aht659hjt
ahttchmyy
ahuatian
ahui23019
ahuiahui
ai110119
ai110801
ai123123
ai123654
ai131624
ai1986712
AI198739
ai19880829
ai389424256
ai5041020
ai520520
ai7250783
ai7758258
ai7wangdao
ai8722709min
ai890926
aia412999
aiaiaiai
aiaiying1314
aianyixuan
aibabamama
aibao1314
aibaobao
aibaobao1314
aibaobei
aibeibei
aibi1451
aibin1314
aibingbing
aibuaiwo
aibuhouhui
aibwfkbss
aichen222
aichimian
aichirou
aichishuiguo
aichouchou
aidan1314
aidandan
aidaoming
aidedaijia
aidefeixu
aidehuoyan
aidejiushi
aidejiushini520
aidejshini
aidermoi
aideshini
aidewuyu888
aidiandian3030
aidinghu
aidingni
aidisheng
aidjiusni
aidnvren
aidongying
aidoudou
aids1234
aidsaids
aiduoduo
aifang1314
aifeiertai
aifeifei
aifeilove
aifeng1314
aigd-129
aigh1120
aighaigh
aigoaigo
aigochow
aigs1314
aiguijuan1025
AIGUO2009
aiguozhe
aihaima14
aihan1314
aihenjiandan
aihenqingchou
aihentong
aihexihuan
aihexiwang
aihua1314
aihuanhuan
aihui1314
aihuihui
AIJIAJIA
aijiao1314
aijiaren
aijie1314
aijiejie
aijielun
aijingjing
aijiuaile
AIJIUQUBA297866
aijiuyigezi
aijuan1314
aijuanjuan
aijueli234543
aijun0810
aijun1314
aike8923
aikiaiki
aikoaiko
aikongzi
aikunzhen
ailaogong
ailaohuyou
aileen007
ailei1314
ailei19871025
ailingyiwannian
ailinlin
ailiujia
ailiujuan
ailixiang
ailonger
ailuailu
aim31415926
aimaomao
aimeimei
aimengmeng
aimin1314
aiminmin
ain868686
ainannan
aini.1314
aini10000
aini10000nian
aini1234
aini1986
aini1988
aini1999
aini1beizi
aini1wannian
aini2008
aini2134
aini520520
aini5211314
aini5588
aini88723a
aini888888
aini8918669
Aini9999
ainiaide
ainiaiwo
ainibaobao
ainibuhouhui
ainibuhui
ainibushi23tian
ainibuyanhui
ainidaodi
ainidaosi
ainidaoyongyuan
ainidexin
ainideyun
ainifeng
ainigaolei
ainihaoma
ainihaonan
ainijiujiu
ainilaopo
ainimama
ainironger
ainiru25
ainiwsling
ainiyang
ainiyijiu
ainiying
ainiyishen
ainiyishengyishi
ainiyishi
ainiyitian
ainiyiwan
ainiyiwangnian
ainiyiwann
ainiysys
ainiyuan
ainizaimyt
ainne0607
aioulisi
aipincaihuiying
aiping1314
aiqian1314
aiqianqian
aiqin1314
aiqin800703
aiqing123
aiqing1314
aiqing36ji
aiqing520
aiqingbsqb7
aiqinghai
aiqinghai417
aiqingmima
aiqingniao
aiqingzhuanyi
aiqinhai
aiqunfa667
airchina
aircraft
airhb1000
airjordan
airplane
airukongqi
airwater
aishangai
aishangaiqing
aishangleni
aishangni1314
aishangsan
aishangwj979
aishanshan
aishasha
aisheishei
aishenghuo
aisheying
aishideru
aishishenme
aishleni
aishouji
aishuang
aishuishui
aisinila
aisinile
aisiteru
aisiyuan
AISU1314
aita1314
aitao1314
AITAOTAO
aiteng520
aitianya
aiting1314
aitingting
aitsmq99
aivy521521
aiwei1314
Aiweiwei
aiwenwen
aiwoaiwo
aiwoderen
aiwohaishita
aiwohaoma
aiwojiuaiw
aiwojiujiu
aiwolaogong
aiwolaopo
aiwonipalema
aiwozhonghua
aiwoziji
aiwujiwu
aiwuxian
aiwuzhijing
aixiangsui
aixiao123
aixiao8487
aixiao888
aixiaoage
aixiaobai
aixiaobing
aixiaoming
aixiaoxiao
aixiaoxue
aixiaoyan
aixiaoyi
aixiaoyu
aixin1314
aixingming
aixinjueluo
aixinxin
aixiziji
aixuan1314
aixue1314
aiyan1314
aiyang1314
aiyangyang
aiyanyan
aiyaoyao
aiyawocao
aiyayasp
aiyi1945
aiyi613613
AIYIGEreN
aiyingying
aiyinsitan
aiyixidelu
aiyoaiyo
aiyoomin
aiyoutianyi
aiyu1314
aiyuanyuan
aiyueyue
aizai1123
aizai2005
aizai2008
aizaiaini
aizazadi
aizhaowei
aizhuanjiao
aizhuzhu
aiziji0129
aiziji1204
aiziji123
aiziji520
aiziji521
aiziji99
aizijiaiziji
aizijiba
aizijiduoyidian
aizj1314
aj123456
ajdatjjemlm
ajgdddit
ajieajie
ajingbr12
ajqghdpv
ak000000
ak213828
ak47158596
ak4719840829
ak47636lll
ak47ak47
ak47b6o2
AK47F1H3Q0
ak47good
ak47m4a1
Ak700y78
ak704223
akae1234
akaeduwu
akakakak
akanishi
akanishi870127
akanishijin
ake87e98a
akenaken
aki8234JP
akirasendoh
aklianfa
akriafuji
akshbeyond
akuzk123
al123456
al5201314
al56116532123165
al790801
al88al88
aladdin19840729
aladin0730
aladoudou
alalalal
alalei123456
alan2008
alan7215
alanalan
alang625
alanvicky
alauju422
albatross
albbh40dd
albbyssdd
albbzmkm
Albert152
Albty00o
alck361546
alcls0901
alecalec
alenalen
alex1234
alex123456
Alex1980
alex1981
alex1983
alex1984
alex1986
alex2008
alexalex
alexchen
alexcyl020907
alexginie000530
ALEXhuang
alexwang
alexwong
alexyang
alexzhang
alfaromeo
alfred456
alfred77
ali09701981
ali871105
alialiali
alian2288
aliang123
aliaosha
alibaba123
alibaba40
alibabalive007
alice123
alice1987
alice520
alice521
alice6352040
alicealice
aliceliu
alien7cp
alingtuofo
aliwangwang
allanallan
allanchen
allen001
allen007
allen0305
allen070923
allen0855
allen123
allen1987
allen2007
allen520
allen521
allen543216
allen7667
allenallen
alleniverson
alleniverson3
allenlee
allensu0305
allensuu
allenwang
allenyidinghong
allesgute
allforlove
allforone
allforyou
allgood168
alliance
allinone
allinwind1211
allisoknow
allloveme
allmylife
allmylove
allright
allstar007
allthebest
alm641112
ALMIGHTY
aloevera
alohomora
aloneman
alongalong
alonso813
alove620718
alpacino
alpenliebe
Alpha123
alpha1985
alphaone
alpsgaga
alsk5213
alskalsk
alskdjfh
alskdjfhg
alth1985
altin1984
aluminum
alvvvqxm
alw8aps8
am123456
AM891204
amam0421
aman13620
amanda2630
amandalee
amao4690119
amaoamao
amay1973
amber*931101
amber0921
amber1016
amber1981
ambersea69
ambition
ambitious
ambrosia
Ambrosini
ambulance
amd836465
ameiamei
ameijie999
amenamen
amengxue
ameramer
AMF1L78nhf
AMF1L78oif
AMF1L79oif
amilk202968
amilne0410
aminadiab
amingo123
amitabha
amituo123
amituofo
amoaraul
amoisonic
amour123
amour753
amouramour
amptck3298
AMsmile5525
amtf1188
amtfamtf
amwamd850316
amwfhvwy
amwgyaigh
amwicfdx
amwihggw
amwmwychl
AMWofn812928
amwpeichjh
amwss368
amy-kimi
amy001277
amy123456
amy123amy
amy5201314
amy881212
amy920308
Amy_1985
amywang1981
amyyippl
an000000
an02787593967
an10000n
an1033hua
an123456789
an19850413
an2004646
an46849819
an7138505
an750715xbb
an791013
an852180
an8889496xbb
anadthdl
analysis
anan123456
anan2004
anan2008
anan856313
anananan
anata552
anda1990ty
andersen
andhesaid
andi59452816
andiey505
andy0127
andy1018
andy1111
andy1230
andy1234
ANDY123456
andy1314
andy1979
andy1981
andy1982
andy1984
andy1985
andy1986
andy1987
andy1989
andy2000
andy2002
andy2003
andy2006
andy2008
andy2009
andy654321
andy6656788.
andy832189
andyandy123
andychang
andychen
andycool
andydong
andyekin
andygigi
andyhuang
ANDYISME
andyjesen
andyking
andylau1355
andylau6185
andylove
andylovelinda
andyoyoc
andyroddick
andytong
andywang
andyyang
andyye123
andyzhang
andyzhou
anechbbs
anewlife
ANEWSTART
ANF1M79oif
ANF2M79oif
anfernee
anfujiao
angel000
angel001
angel003
angel007
angel0202
angel0303
angel0502
angel0511
angel1008
angel1217
angel1230
angel123456
angel1314
angel1982
angel1983
angel1984
Angel1985
angel1986
angel1987
angel1988
angel2000
angel2002
angel2008
angel2009
angel2046
angel214
angel222
angel329
angel369
angel520
angel5201314
angel521
Angel6688
Angel8116
angel828
angel8597595
angel888
angel970923
angel999
angela123
angela1234
angela512
angela520
angelangel
angelchen
angelfayed
angelfish
angelfly
angelfox
angelheart
angelina2006
ANGELINE
angelisflying
angeljing
angelkiss
angelkitty
angellee
angellei
Angelli003
angellove
angellover
angelman
angelnick
angeloo27
angels1818
angelsky
angelwang
angelwing
angelxiao
angelyufeeling
angie311409
angiewei217
angle123
angle520
anglelove
angles9302
angleyang
angn102427
anhui123
anhuiren
aniceday
animation
anita123321
anitamui
anjaewook
anjing19870714
anjinnan
ankiytt520
anleipinmi
anlongfox
anm951266888363
anmoran123
ann4713175
anna1212
anna123456
anna19850619
anna929113
annaanna
annabella
annahuang
annanlmk1l
annasong
annasue521
anne1971
anne2000
anneanne
annebaby
annibaobei
annie123
annie520
annie_7668
annieannie
annielee
annielily1
anniwaer
annyanny
annybaby
annyKity
another1
another123
another975
anothera
anotherday
anothering
anotherone
anpenganpeng
anqi821102
anqiuliang
anqixuan
anquandi1
anquandiyi
anquanmima
ansalily
ansheng82
anshenghao
anshun144
anson123
Answer003
answer123
answerme
ante2005
antelope
anti0123
anti520death
antiliyuan
anting2020
antiusa001
anuanlinhua
anvychen
anxin12345
anxinlei
anxn2june51
any10100
anyany2009
anycall@123
anying3201567
anyixuan
anyso258
anyu1984
anyuanhl
anywhere
anywnanywn
anzhao82
anzhiruosu
aoaoaini
AOAOAOAO
aoaojiao
aoe123iwu
aoienter
AokRppM843
AokRptM843
aolanduo
aon2052854
aoqi2009
aoqiguanggao
aorpose38
aoyi123456
aoyunhui
ap814171
ape54321
ape754warm963
aphhyxyj
aphrodite
aping615243
ApjRppL844
ApjRppM844
ApjSppM844
ApjSqpM844
ApkRptN843
ApkSptN843
apollo222
apollo79
apologize
apoptoxin4869
apotoxin4869
apparition
appendix
appieluo
apple000
apple001
apple00123
Apple002
apple007
Apple0329
apple100
apple1011
APPLE110
apple111
apple119
apple1230
apple1234
apple12345
apple123456
apple1314
apple139061
apple168
apple1982
apple1983
apple1984
apple1985
apple1987
apple2000
apple2003
apple2006
apple2008
apple2009
apple2010
apple312
apple317
apple320
apple321
apple32299
apple323
apple333
apple456
apple4897
apple520
apple521
apple5678
apple666
apple725458372
apple729
apple777
apple8008
apple823
apple8250
apple888
apple911
apple999
applebanana
applebear
APPLEBOY
appledearbook
appledog
applefly
applegirl
applejuice
appleking
applelee
appleliu
applelove
appleman
appleorange
applepear
applepig
applered
applesky
applesun
appletree
applewaner
appleyuan
application
appreciate
april0713
april1st
aprilapril
aprilrain
apsqyudng
APTX-4869
aptx4689
apysgauy
aq111111
aq131216
aq1sw2de3fr4
AqjSqpM844
AqjSqpN844
AqjSqqN844
AqjTqqN844
aqs123456789
aqsw8899
aqu1314520
aqugss230011
aqwsde25
aqy8517512
aqzaaqza
ar123456
Ar801121
arakiren
aranlove
archangel
archdevil
archfiend
architect
architecture
archmage
ardybaby
aren731018
aresares
areyouok
areyouready
areyousure
arielzhong
ariosujtb
aristotle
arkee4024
armageddon
armstrong
armyworld
arron1120
arry123456
ARSENAL14
arson125
art080701
arwrakevin
AS000000
as007007
AS01390139
as020626as
as076323
as110110
as111111
as112233
as114001
as121212
as123456as
as123654
as123as123
as12as12
as12df34
as134578
as13g76mnlp
as141963
as19700328
as197009a
as198233
as198613
as198686
as19871027
as2404793
AS258369
as2583697
as3102323
as3105890
as321321
as369258
as3724871
As412251
as522396
as5258536
as654321
as7758258
as7758521
as7883248
as789456123
as840614
as8547589
AS868686
as8746495
as888888
as989898
as@#$%369DF
asa123456
asakurahao
asakurayou
asalways
asas123456
asas195647.520
asas78523
asasas11
asasas12
asassasa
asb#1234
asb#2345
asd000000
asd00123
asd041895
asd110110
ASD11111
asd111111
asd111222
asd112233
asd121212
asd123!@
asd123...
asd123000
asd12315
Asd123229a
asd12345258
asd1234567890
asd12369
asd123dsa
asd123fg
ASD123FGH456
asd123qwe
asd123zxc
asd123zxc456
asd135246
asd13579
asd1944910
asd1985asd1985
asd232526
asd258369
asd2727#
asd321321
asd321654
asd333555
asd336699
asd351420
asd3663735
asd369369
asd456456
asd45679
asd456852
asd456asd
asd520520
asd5211314
asd523615
asd56178
asd6218372
asd628316
asd666666
asd741852
asd753951
asd7758258
asd778899
asd789789
asd888999
asd987654
ASD990822
asd99887766
asd@239518
asda1231
asdasd00
asdasd11
asdasd110
asdasd111
asdasd123123
asdASD1234
asdasd99
asdasdaa
asdasdas
asdasddsa
asdasdqwe
asdcvbn1
asddsa123
asddsaasddsa
asdfг╗lkj
asdf-123
asdf-1234
asdf0000
asdf0111
asdf0123
asdf0123456789
asdf0515
asdf0987
ASDF1006
asdf1111
asdf1122
asdf1212
asdf1230
ASDF123123
asdf123321
ASDF12345
asdf1234567
asdf123654
asdf123asdf
asdf1260
asdf1314
asdf1357
asdf13579
asdf147258369
asdf159753
asdf1978
asdf1979
asdf1980
asdf1981
asdf1982
asdf1984
asdf1985
asdf1986
ASdf2000
asdf2004
asdf2008
asdf2009
asdf258369
asdf400200
asdf4444
asdf456123
asdf4567
asdf45678
asdf5201314
asdf5566
asdf5678
asdf666888
asdf6787
asdf6789
AsDf7070
asdf7410
asdf7890
asdf789456
asdf78963
asdf8024
asdf8520
asdf8888
asdf9876
asdf;lkj
asdfasdf1
asdfasdf123
asdfasdf1234
asdfffff
asdfg000
ASDFG111
asdfg11111
asdfg147
asdfg2009
asdfg267
asdfg2wsx
asdfg520
asdfg54321
asdfg6230
asdfg668
asdfg777
asdfg789
asdfg7890
asdfg888
asdfg963
asdfggfdsa
asdfgh11
asdfgh12
asdfgh1234
asdfgh147
asdfgh1849
asdfgh1997
asdfgh369258
asdfgh456
asdfgh66
ASDfgh789
asdfgh87
asdfgh987
asdfghas
asdfghasdfgh
asdfghdearbook
Asdfghj1
asdfghj123
asdfghjklг╗
asdfghjkl110
asdfghjkl111
asdfghjkl1234
asdfghjkl12345
asdfghjkl1234567
ASDFGHJKL456
ASDFGHJKL789
AsdfghjkL9
asdfghjkl;бп
asdfghjklmp3
asdfghjl
asdfghzxcvbn
asdfGjkl
asdfglkjh
asdfgqwert
asdfgzxc
asdfgzxc432a
asdfgzxcvb
asdfhjkl
asdfjk88
asdfjklг╗
asdfjkl0
asdfjkl123
asdfjkll
asdfjklz
asdflkjh
asdfpeter
asdfqwer1234
asdfuiop
asdfvcxz1
asdfxiao
ASDJKL112
asdjkl123
asdlkj123
asdqasdq
asdqaz123
asdqs495
asdqweasd
asdqwezxc
asdwsxqwe
asdzxcasd
asdzxcasdzxc
asdzxcqwe
asen8433
asfasdfhgfg@126.
asha83866
ashesoftime
ashin1206
ashiwoaini
ashou999
ashu@china.com
asiaasia
asiainfo
asiaking
asiastarchy
asjkasjk
askaaska
askformore
ASlk1973ZXmn5533
aslongas
ass123456
assassass
assdassd
assessage
assessed
assholes
assiduous
assissy20
assist32
assistant
aster797237
astonish
astroboy
astronaut
astronomy
ASTV198012
asukaasuka
asurababy
asure*-*505181
asus1234
asus123456
asus4423
asusasus
asy369sh
asyouwish
asz123456
aszx1234
aszxxzsa
at123456
at852777
ataiatai
athena168524
Athenaeum
athens12
athlon64
athlonxp
athrunkira
athrunzala
atlantic
atmcu.cf
atmosphere
atobekeigo
atombomb
atompass
atpx4869
atsuko86
attention
atx20011
au00001000
aua70875
auckland
audreyhepburn
aug061982
augustus
aum950510
AUSCOOL2009
Australia
australis
authority
auto50507
autoauto
autodesk
autoexec.bat
autojason
automatic
automation
autopower
av111111
av123456
AveryLiu
avh2320136
AVM5Uacunj
AVM5Uadunj
AVM5Ubdunj
AVM6Ubdunj
AVM6Ubdvnj
AVN6Ubdvnj
avril331
avril927
avrilwhite
aw123123
aw893710247
AWDRGYJIL
awdx7301
awdxAWDX
awei830125
aweiop123
awen2000
awfi1981
awfi58721
awhpg2009
AWN6Ubdvnj
awnplm821
awnubybe
awnujeje
awp6115758
awrfasryrtjsdg@1
awsawywh
aww123456
ax111111
ax112233
ax123456
ax57563095
ax996000
axax888999
axczw123456
axdvgn24680
axhxc16303
axigeling
axing521891
axjlzz-1981
AY123456
aya21scn
aya7492211
ayanami0
ayanamirei
ayayasp11
ayifangwei
ayiya2009
ayong888
aysia163
aysia1698
aysia968200
aysia9688
Ayu99212213
ayumi1107
ayumi520
ayumihamasaki
ayumilene
ayumimable
Ayy1989112
az09fjet
az123123
az123654
az23558556
az70260633
az7812369
aZA0070731
azaazafighting
azc1981a
azhen830
azhuixxva
azjazj1987
azs123456
azsx1234
azuoazuo
azureviolin
azx123456
azz439617
b//830412
b0000000
b00000000
b00031128
b00111318
b007uick
b01095221
b02173114
B03117121
B05020827
b0j9h1v9
b0ns1eep
b11111111
b123456b
b19840531a
b19860125a
b209bb67
b2561881
b32l5thif8
b32m5thjft
b32m5tijft
b32m5tijgt
b33k5ygheg
b33k5zghdg
b33k5zgheg
b33m50ijgt
b33m50ikgt
b33m5tijgt
b33m5yghef
b33m5ygheg
b33m6xghef
b33m6xhhef
b33m6xhiee
b33m6xhief
b366beca8154
b3AgtinExs
b3c2d4bd
B3c4d5e6
b3ZgtinExs
b43m6whife
b43m6xhiee
b43m6xhife
b43n6whifd
b4AgsinFxs
b4AgsinFxt
b4AgtinFxs
b5201314
b542029468
b5j5s5s1
b6066998
B612B612
b6340919
b6byc6t7c3
b6CjumsKDy
b6CjvmsKCy
b6CjvmsKDy
b6DjvmsKCx
b6DjvmsKCy
b7CjumsKDy
b7ct1ez0
B8437zzz
b87387238
b8f9b8r2
b98ak899
ba123456
ba1979cd1023
babababa
babamama123
babamamahao
babamamahewo
babamamawo
babamamawoaini
babawoaini
bAbI1206
babuku123456
baby0527
baby0825
baby1013
baby1019
baby1225
baby1234
baby1314
baby1314520
baby1978
baby1982
baby1983
baby2002
baby2008
baby2009
baby520520
baby820907
baby8888
babycomeon
babyfaye1
babyfish
babyhuihui
babyiloveyou
babykiss
babylong
babylover
BABYME0725
babyrain
babywoaini
babywolf
babyzhang
bacheeillen
bachelor
backbone
backfire
background
backhome
bad79842
badboy123
badeinet
badisituta
badtbadt
baeeq179696
baeyongjun
bafcuwxf
bagayalu
bageyalu
baggio10
baggio123
baggio18
baggio1967
BAGGIO218
baggio670218
bagmywxf
bai123obasan
baibai520
baibaibai
baibo1025
baicai0509
baicaoyuan
baicesfi
baicheng
baichi00
baichi123
baichuan
baidhqcgss
baidianfeng
baidianfeng8583
baidiankuye
baidou123
baidu0603
baidu123
baidu123408
baidu2009
baidu2tianya
baidu520
baidubaidu
baiducom
baiduren
baiduzhus
baiguang
baigujing
baihang2009
baihe160631
baihe1987v
baihe3206
baihehua
baihelily
baihualin
baijia1213
baijiazi
baikaishui
bailiang
bailongba2
bailu19810307
bainiangudu
BAIPWYGCHH009117
baiqiang
bairiyishanjin
bairongwenhua
baisbais
baishan2009
baisheng
baishiyu1988
baishuang
baisihui
baisong520
baisu123456
baiuvssgh
baiwei2008
BAIXIANG
baixiaochi5241
baixiaoliang
baixue123
baixue5201314
baixuefeng
baixuesong
baixyutibn
baiyan1982
baiyang123
baiyangzuo
baiybaiy
baiyfjhh
baiyinqi
baiyu123
baiyu8923567
baiyun;520
BAIYUNBAIYUN
baiyunfei
baiyunfeng
baizilove
bajie16888
bakeluo2009
bakhn524ds
bakhny12
balabala
balangshan
balilianren
ballack13
ballball
ballodliu
bama1982
bama5200
bamahewo
bamanihao
bamawoainimen
bamboo-13579
bamboo123
bamboo818858
banaihui
banana123
banana2373
banfanhong
bangdang
bangni12
bangyang
banjiang
bankofchina
bankrate
bansheng
banshouren
banzhang
banzhiyan
banzhuan
bao12345
bao123abc
bao138168
bao1hhd258
bao666999
bao76842891
bao830925
baobao1016
baobao110
baobao1206
baobao123456
baobao1314
baobao1983
baobao1986
baobao1986712
BAOBAO2003
baobao2008
baobao20080108
baobao2009
baobao21
baobao80
baobao88
baobao99
baobaoai
baobaoaiwo
baobaobaobao
baobaobeibei
baobaodearbook
baobaoguai
baobaohao
baobaolan
baobaolove
baobaomao
baobaomm
baobaozhu
baobei00
baobei11
baobei19901211
baobei2009
baoBEI5201314
baobei99
baobeiaini
baobeibaobei
baobeibuku
baobeier
baobeigeda
baobeiguai
baobeilove
baobeiwoaini1314
baobeixieyunqing
baobeiyu
baobeiyuanyuan
baobeizhu
baochang
baocheng
baodajiang
baoduzi14
baofen29061748
baofeng771103477
baoguangba8888
baohaisen
baoleibaolei
baoliang
baomihua
baoqiang
baoshihu
baoshijie
baoshuang
baosight
baosteel
baoxiang
baoyouwo
baoyumeng
baozheng
baozhiqi
baozi123
baozi520
baozi=07
baqishijia
barbarian
bashanyeyu
bashenan
bashezhe
bashm7073
basiteng
basteter
bati0201
batigoal
batistuta9
batman11
batou502382
battle0513
bawangbieji
bawgiqtd
bb000000
bb111011
bb111111
bb112233
bb123123
bb123321
bb1234567
bb131421
bb1314520
bb200.com
bb200808
bb2mbb2m
bb520520
bb5211314
bb584520
bb5qpcast
BB654321
bb731028
bb7758258
bb7758521
bb7802829
bb790927
bb850726
bb888888
bb917mm830wo128
bbb123123
bbb1234567
bbb222BBB222
bbb887575
bbbb0000
bbbb1111
bbbb11111
bbbb123456
bbbb2222
bbbb751028
bbbb8888
bbbbbbbbb
bbbbbbbbbb
BBC3226688
bbc359610
bbc990310
bbcbbcbbc
bbcdy130350
bbh2gd2vk9
bbily1027
bbj123456
bbkissme
bblovebb
bblovegg
bbmm5201314
bbmm840815
bbmmjjdd
bbmmwanm
bbmmwoaini
bbnn2323
bbpplove
bbqbbqbbq
bbs12345
bbs123456
bbs13418049076
bbs5201314
BBs549393428
bbs555333
bbs957957
bbsbbsbbs
bbstianya
bbting52099
bbvodbbvod
bbww7275
bbxubbxu
bbxwwang*321
bbxxweiyi
bbzy1234
bc1990131
bc221ac383
bc987654
bchuoyan
bclcaoming
bcron20011222
bcxfwh3837025
bczwldln
bczxxxljz
bd123456
bd51515252
bdgbyy123
bdmingxing
bdqh111860823
bdqn123456
bdwgwqgo
bdzz232m
bea/*0717
beachboy
beacky413
beacon3418
beanbean
beancurd
bear110120
bear1122
bearbaby
beatles0213
beauteous413386
beauty007
beauty123
beautybeauty
beautylife
bebebebe
bebetter
becauseofyou
beckham007
beckham07
beckham1
beckham123
beckham2002
beckham23
Beckham237
Beckham520
BECKHAM7
beckham723
beckham777
beckhamli
becky123
beckyyoung
bee62442
beelzebub
beethoven
befortime
beginithiahia
behindyou
bei-jing
beibei11
beibei123
beibei19891005
beibei2007
beibei550901
beibei83
beibeibei
beibeixiner
beidaihe
beidaqingniao
beiduofen
beifa1108
beifang0876
beijiguang
beijin2008
beijing01
beijing010
beijing1
beijing110
BEIJING123
beijing123456
beijing2006
beijing2007
beijing20080808
beijing2009
Beijing2010
beijing521
beijingaoyun
BEIJINGBEIJING
beijingdaxue
beijingnihao
beijingp
beijingren
beijingyiye
beijixing
beijixiong
beijmassage
beikehanmu
beikesun
beiniganran521
beisen2008
beishang
beishida
beishizidengni
beitouzhen321
beiwocun5016
beiyuken
bekkyhan
believeme
belinda1
bellbell
BELLDANDY
bellevie
belovedjerry
bemyself
ben123456
ben5201314
ben878691
benben12
benben123
benben520
benben521
benbenben
benbenniu
benbenxiong
Benbenzhu
bendan123
bendan520
bendan521
bendanbajie
bendanyatou1314
benet1234
benet2.0
bengbeng
benimaru
benladen
benladeng
benny123
bennychan
bennylee
benq*edifer
benq123456
benqbenq
benxiaohai
benxiong
benyatou
benzbenz
benzhang
benzs600
beone123
beperfect
bergkamp
berkeley
berrybed
berrykey875
berylhaze
Bessy119
best1234
best2000
best9899
best9899168
bestbest
bestfaye
bestgirl
bestking
bestlife
bestlike
bestlove
bestlover
bestofbest
bestpbin
bestrong
bestronger
besttwo77340
bestwish
bestwishes
bethebest
betheman
better1113
betterbest
betterman
bettervie
betty123
betty206
betty216
betty520
betty5205501
bettybetty
bewithyou
beyinjia
beyond11
beyond1117
beyond123
beyond123456
beyond1983
beyond1993
beyond2000
beyond2005
beyond2008
beyond512
beyond520
beyond521
beyondbeyond
BEYONDlove
beyondme
beyondsky
beyonjia
beyourself
bf123456
bf870616
bffdll07
BFGTJ@qq.com
bfjd19840715
bfonline
bfshlyshsh
bg123456
bg898989
bgs23110
bgy888888
bh123456
bh986103
bhgb2357
bhlibrary8200
bhq123456
bhu89ijn
bhx203448
bhxy2005
bi1l9l2e
bi2500000bjt
bi6656124
bi850726
biaibiaibiai
bian11qq
bian1983
bianbian
bianCHENG
bianfeng
bianfuxia
biangbiang
bianji0516
bianjiang
bianjibu
bianjing
bianselong
bianxingjingang
bianyuan
biao3694
biaobiao
biaozhun
bibi0726
bibi123456
BiBi19850726
bibi850726
bibibibi
bible64517072
biedaohao
BIEDAOWOHAO
biefanwo
biegaile
bielaizhende
bieliwozhl
bierhoff
biewangle
biewenwo
biezaidiule
bigangel
bigapple
bigbigdog
bigbiggirl
bigbigworld
bigblack
bigchina
bigdog888
bigdream
bighouse
BigMouse
bigmouth
bigseven
bigstone
bigtiger
bigworld
BIHAILANTIAN
bihongtu
bihumanbu
bijia2010
bijiasuo
bijuan829
bikebike
bilibaobosandun
bill82021
billbill
billchen
billchuang
billgate
billgates
billhttp
billionaire
billwang
billy123
billzhang
billzhou
biluochun
bimancqf
bimi6915138
bin12345
bin178883
binbin0107
binbin0428
binbin110
binbin1314
binbin520
binbin521
binbinyouli
bincheng19710406
bing1234
bing123456
bing2008
bing2009
bing2k2k
bing5201314
bingbing123
bingbing312312
bingbing520
bingbing521
bingbing820
bingbingbai
bingchao
BINGCHEN
bingcheng
bingchuan
bingdian
bingdong
bingfeng
binggege
binghecun
binghong
binghongcha
binghuqie
BINGhuZHANG
bingjian
bingjiling
bingjing
binglang
binglang09
bingleng
binglian
bingling
binglong
binglove
bingning
bingo123
bingo911
bingobin2010
BINGObingo
bingqilin
bingqing
bingshan
bingshuang
bingshui
bingtian
bingtianshi
bingwang
bingxian
bingxiang
bingxiao
bingyang
bingying
bingyuan
bingzhilian
binhai11
binladen
binwolf310
binxue724
binzhuyu
binzi781027
bio127000
biohazard
biologist
bipt070467
biran521
bird2000
bird2007
birdbird
bishengke
bishidaohao
bishijixu
bismarck
bit4022572
bitch1220
biutermtd
biwoxingfu
bixuewuhen
biyelunwen
BIYESHEJI
biyesheng
biyishuangfei
BIyuntian
bj000000
bj111111
bj123123
bj123456
bj123456789
bj191111
bj20080808
BJ20082008
bj2008ay
bj2009111
bj342423cs
bj51660635gkk
bj898998
bjay2008
bjbaijian
bjcg2009
bjcy2009
bjdashang123
BJduduwolf
bjfamous
bjfutong
bjgzmvw6
bjhyn2008
bjjlb896270819
bjjm6uz2
bjjmy1989
bjl198625
bjldzr6688
bjmdz120916046
bjshjf.cn
bjsx1027
bjwangluo
bjwylb888
bjzhitang
BK123456
bkqbss7844
bksy2009
bl123456
bl147258369
bl1987824
black123
blackangel
blackberry
blackblack
blackboard
blackboy
blackcarbon
blackdog
blackeye
blackeyes
blackfish
blackhawk
blackhole
blackhorse
blackice
blackking
blackman
blackrain
blacksheep
blacksky
blacksnow
blackstar
blackstone
blacktea
blacktulip
blackwhite
blackwolf
Blademaster
blameoper
blankblank2
BLB83298210
blessneptune
blessyou
blfgwycl
blj158ly
blog123456
blog2004
blogiwxo
blogssf2010
blood123
bloodwolf
blt161616
blue0710
blue1234
blue123456
blue1314
blue1979
blue1982
blue2004c
blue2009
blue7777
blue96121
blueangell
blueapple
bluebaby
bluebear
blueblood
bluecat99
bluedream
blueearth
bluefire
bluefish
bluegenius
blueghost
bluegirl
bluegreen
blueheart
bluehorse
blueidea
blueking
bluekiss
bluelight
bluelinux
bluelove
bluelover
bluemary
bluemouse
bluenails777
bluenight
blueocean
bluePoint
bluerain
blueriver
blueriver1023
bluerose
bluesblues
blueshell
bluesky0324
bluesky123
bluesky520
bluesky8485
bluesnail
bluesnow
bluetears
bluetooth
bluewater
bluewind
bluewing
bluewolf
bm1024006bm
bm123456
bm1314520
bm20040515
bm5201314
Bmday403
bmfnboston
bmpbmpbmp
bmsshkyglx
bmw123456
bmw745li
BMW760LI
bn123456
bnhk8ied
bnm123456789
bnm83l074
bnmbnmbnm
bnmyn09112002
bnn198736
bnni1234
bnsdmm201314
bo123456
bo860401
Bo_5201314
boat006insky875
boat007insky877
bob123456
bob@800305
bobbybobby
bobo00200
bobo1010
bobo1118
bobo120810
bobo1225
bobo1234
bobo123456
bobo1314
bobo1985
bobo1986
bobo2005
BOBO2007
bobo2209
bobo5201314
bobo521521
bobo7571
boboaimama
boboaini
BOBOBOBO
bobohong
boboikedou928
bobowoaini
boboyongzai
bobsmith274600
boc123456
bocai123
Boeing747
boeing777
bofushuai
bohemian
bohetang
bohongjian
bojiansky
bojitianjuan
boju123456
boke123456
bokeenet
bolanbujing
bolang247
boli0102
boliwawa
bolutek23a
bom22058
bombastlc0257
bombbomb
bomei123456789
bonbonbon
bonita2.9
bonnie123
bonnie124
bonnie520
bonny520
book0615
book1234
bookbook
bookworm
boom99ty
boontrade
boran0419
boran419
boranjing
borlandc
born2loveu
bornon1015
borntowin
BOSNANDA51168
boss3105003217
bossanova
bossboss
bosscc08
boston99@china.com
BostonRS1899
bothwell
boulevard
bovetp163
boy123456
boy147258
boyandgirl
boyboyboy
boylhngirl
boyslove
boyuan77316
boyuanchong
bp2334525
bp3255899
bpjishou
bpl70106
BplTqtO843
bpmfdtnl
bpmfdtnlgkh
bq123456
BQCJZSL22
BqjTqqN844
BqkTqqN844
BqkTrqN844
BqkTrqN854
BqkTrqP854
BqkUrqP854
BqkUrrP854
BqkUrrP954
BqlTqtO844
BqlTqtO944
BqlTqtP944
BqlUqtP944
Br13jHhrh6
br13jhhrhl
br760325
braveboy
breakfast
breaking
breatheagain
BREEZEOK
brendaclare
bressanone
brianbrian
bridge123
bright1228
brightfuture
brigitte
brilliance
brilliant
britneyspears
BrkUrrP954
broccoli
brondegirl
broodwar
brothers5
brucelee
brueeceli
bryant24
brysj1975
brysjhhrhl
bs123456
bs197812
bs3e4axv
bs515732
bsanxing
bsdmw001
bsl002a4a
bssn21145
bswdylnwsw
bt123456
bt505177
bt781021
btbtbtbt
btgcD311
btmq3323
btpdi333
BTT811001
Btzl1003
bu123456
buainile
bubaizhe
bubububu
buckingham
budaoweng
buddhist
budebushuo
budongni
budweiser
buerzhouzhu
bufangqi
bug00001
bugaoshuni
bugaosuni1
Bugaosuni619
bugu60159
buguan3721
buguniao
BUHAOWAN
buhaoyisi
buhouhui
builder88
building
bujianbusan
bujidefeng
bujidele
bujingyun
bukejie0509
bukeneng
bukesiyi
bukeyishi
bukusishen
BUL5Tactmi
BUL5Tacumi
BUL5Tacuni
bulabuqu217
bullfrog
bullsbulls
BUM5Tacuni
bumingbai
bunengshuo
bunengshuodemimi
bupaoqibufangqi
buptwy830919
buranchen
burni101
burni101yang
burnilee
BURUMENG
busanbusi
bush3210
bushi123
BUSHIBUAINI
bushibuzaihu
bushimima
bushiren
bushuang
bushuimian
bushuole
businiao
bustrain
butterfly0623#
butterfly1012
buxiangai
buxiangni
buxiangshuo
buxiangxin
buxiangZAIAI
buxiangzhangda
buxianjun
buxiao030628
buxie520.com
buxihuan
buxudaohao
buxudong
buyaobuyao
buyaofangqi
buyaolian
buyaomima
buyaopianwo
buyaorewo
buyaowangji
buyfun68
buyshi68
buzaiaile
buzaibeipiao
buzailianai
buzaiyouai
buzaiyouyu
buzhidao0
BUZHIDAO1
buzhidao7
buzhidaoa
buzhidaomima
buzhidaosina
buzhidaoya
BVM5Tacuni
BVM5Uacunj
bwhhfytbz
bwiewlb2010
Bwithu7779
bx123123
bx123456
bx2310372
bx723916
bxgzsmrszxz
bxtbaby25
bxw286622
by0123654
by0s030695
by123131
by123456
by1982333
by20071022
by583678366
by931938
byd89888888
Byebye88
byebyebye
byecity11
byron1221
bytheway
bywwcnll
bywxbyjb
byxyg918
Byynet2010
byz124816
byzantium
bz123456
bz19840220
bz6614733
bzbq0611
bzbzbzbz
bzwb0607
c00000000
c0123456
c0wrie11
c0z0c5938
c1111111
c11111111
c11h3w3992
c123123123
c123123c
c1234567890
c123456c
c130c130
c1314520
c197615c
c19790916
c1986222
c19870321
c19881210
c1h1e0n2
c1h2e3n4
c2682239
c282648247
c299792458
c313s611s925
c359535088
c371112c
c398377675
c3n14q17
c3ZftimEws
c3ZftimExs
c3ZfuimEws
c3ZgtimExs
c3ZgtinExs
c43n60ikg0
c43n60ikgt
c43n60jkh0
c43n60jlh0
c43n6whifd
c43o61jlh0
c43o61jlh1
c44n6vijfc
c44n6vijfd
c44n6whifd
c44n6whjfd
c44n6wijfd
c44p6uijgb
c44p6vijgb
c44p6vijgc
c44p7uijgb
c44p7uikgb
c5201314
c520c520
c54p7uikgb
c54p7xikgb
c54p7xjkga
c54p7xjkgb
c56z1208
c66524143
c6761821r
c6DiwmrJCx
c6DjvmrJCx
c6DjvmsJCx
c6DjvmsKCx
c6DjwmrJCx
c6EiwkrJCx
c6EiwmrJCx
c73371100
c7603102028c
c7758258
c7758521
c791582t
c7990327
c7e4s9a1c9r1
c8010906
c83hang83
c85k12q10
c916871w
c929310r
c98277397EXQJ
c987654321
ca123456
caco1234
cadcadcad
cadillac
caesar007
caesar123
cafelee821115
CAI12345
cai123456789
cai13976630582
cai2234169
cai53519
cai681023
cai7890543
caibutou
caicai123
caicai520
caicai521
caicaicai
caicaikan
caicaiqq
caicaizhu
caicheng
caifaxian103
caifuyouwo
caihe0510
caihongru
caihua890806
caihui206
caihui213
caihui324
caikai1982312
cailiang
cailigui821018
cailijia
caiqi!(^$
CAIQIANG
caiqin8839728
cairuihua
caishuang
caishuzhen
caitn123
caixiang
caixianlan
caixinxin
caixuyao
caiyifan
caiyihui1
caiyilin
caiyuhang
caiyunfei
CAIyunxia
caiyuting
caiyuwan
caizheng
CAIZHUOYAN
cajianerguo
cakecake
calabash
calendar
caletank
calfSHEN
callcall
callcenter
calligraphy
calmdown
cambridge
camcbr50tt
Camellia
camillepin
camus0212
camus2714
camus2727
camusmilo
can771216
cancan000
cancan123
cancer00
canco123456
Candy007
candy1029
candy1983
candy19880117
candy2008
candy520
candy5211314
candy72923
candybaby
candyboy
candycandy
candychen
candyhong
candylong
candylove
candywang
candyzhang
cangcang
canghaixiao
canglang
cangli1992
canglong
cangqiong
cangtian
cangying
cangzhou
canifuck
caniggia
canihelpyou
cannavaro
canopy22
canton00
canudigit
canxin520
cao111111
cao12345
cao1978310
cao19880203
cao201314
cao2ni2ma
caobo771015
caochang
caochong
caocunchao
caodaokun
caohaibo
caohaiyang
caohanze
caohui521
caoji2006222
caojiaqi
caojie1226
caojing520
caojinge
caojingyi
caojunjie
caoliang
caolianzhe
caolihong521
caolijun
caoliwei
caomei228
caomingsyx
CAONIDAYE
caonilaomu
caonima00
caonima000
caonima11
caonima111
caonima12
caonima121
caonima1234
caonima1478
caonima2
caonima250
caonima38
caonima4
caonima748
caonima7788
caonima88
Caonima888
caonimaa
caonimabide
caonimacaonima
caonimad
caonimadaohao
CAONIMADE
caonimade520
caonimadebi
caonimageb
caonimagebi
caonimalegebi
caonimama1
CAONIMAYA
caoniniang
caonisima
caonizui
caoqiang
caosheng
caoshuai
caoshuang
caosinima
caotamade
caotianya
caowei123
caoweiliang
caoweizubi
caoxiang
caoxiaofei
caoxiaoyan
caoxixinc
caoxuemei
caoyan729
caoyang123
caoyanhua
caoyanyan
caoyu123
caoyuan521
caoyuanluntan
caoyuanzjykyzjk
caoyunfu
caozheng
caozijian
cappuccino
car12345
cardigan
carefree
carefully
careycarey
carfield
carfield77
caribbean
carlcarl
carlqain
carlsberg
carnation
carnival
carol123
carol725
caroleason
caroleking
carpenter
carre0044
carrie1986
carry1155
carter15
cary332604
casablanca
casillas
cassiopeia
cassiopeia3333
cat001074
cat042475
cat123456
cat142223
cat7777777
cat790419
cat820323
catalyst
catanddog
CATANDMOUSE
catcatcat
CatDowns
catharine
catherin
catherine123
catherinelyn
cathleen
cathy0601
cathy123
cathy128528
cathy511
cathy520
cathycathy
cathyhuang
cathyqss0109
cathyyyy
catlovefish
catMouse
cattsoft
catyh1018
cavabien
cavalier
caxkd62825y
cazzo1001
cb123456
cb1986619
cba110ok.
cba123456
cba18701
cba654321
cbcbcbcb
cbg947224
cbghxd19990452
cbi8088dg
cbnlovenn
cbsgfndetgwsght@
cbsgfnsght@126.c
cbt2648263
cbt818fx
cbtyy101!
cbzca7021
cc000000
cc0000000
cc040225
cc111111
Cc111816
cc112233
cc123123
cc1234567
Cc12345678
Cc123456789
cc123654
cc1314520
cc13577143619
cc198407
CC199211
cc20010617
cc2312470
cc263263
cc310800
cc520kuku
cc5211314
cc611799
Cc662588
cc666666
cc820115
cc830109
Cc831026
Cc83626250c
cc840310
cc861019
Cc9251978
cc999999
cc_61096781
cca840707
ccaihui16896761
ccanddodo
ccandxx070619
ccat530902
ccb123456
ccbbaa12345678
ccc11111
ccc12270
ccc1234567
ccc765100
ccc800515
cccc0000
cccc6724
ccccccccc
cccccccccc
cccccccccccccc
cccccccccccccccc
cccpcccp
ccdf*0201
cced1234
ccedcced
ccedujfj
ccf123456
cch123456
cchenle2
cciloveyou
ccimiee01024208
ccjfgmvb
ccjj13999ffss
ccjjbbinsert
ccjjll1210
Ccjsj1200
ccladder
cclovecc
cclt10325
CCNACCNP
ccrr688cn
ccrr9180
ccsgdhr2009
ccssddnn
ccto.tv/blog
cctv.com
cctv1234
cctv12345
cctv123456
cctv1998
cctv2000
cctv2008
cctv2009
cctv830122
cctv886cxw
CCTV@007
cctvcctv
cctvhao123
cctvhere
cctvnews
cctvsoft
cctvvtcc
ccwccwccw
ccwoaini
ccwwll123
ccx19711210
ccxxccxx
ccxxggyy
ccyh5277
ccyj1950927
ccylzg682782
cczadmin
cd123123
cd1231512315
cd12341234
cd1234567
cd123456789
cd123yu810
cd19861209cd
cd19861213
cd19960207
cd456852km
cd5201314
cd84324849
cd85170352
CD987116CD
cdb903163
cdcppc881100
cdd907fcsw
cde3vfr4
cdefgab123
cdel1125
cdexswzaq
cdgg861006
cdh0000000000
cdiamqxy642450
cdk19871116
cdm123456
cdma2000
cdma2008
cdmacdma
CDMcdm55426
cdnowmp4
cds100828
cds198191
cds830310
cdsb100016006
cdsf2009
cdw153189
cdwindows
cdxyhyok
ce551029
ceceliazh
cecilia##)
cecilia524
celebrate
celebration
celia920
celinedion
cenboo690122
cengjing
cengjingcanghai
cengjingdeni
cengjingzuimei
cenhuajie
centipede
centrino
ceo123456
ceodlw5200
ceramics
CERRSY520
certainly
cerulean
cervin2010
ceshi123
cestlavie
CET333333
cexoaugef
cexoiqpl
cexowfnh
cf081088
cf1314521
cf137245
cf361980
cf760926
cfc7788c
cfcqcfcq
cffhGJH58
cfjtywh911199911
cflfeilongchen91
cfp00000
cfq334613
cfq3792023
cfs612722
cfxtdcom
cfz123456
CG000000
cg006986853
cg123456
cg147258369
cg19890127
cg6113663
cgbszzmn
cgdxz1234567
cgf198896
cgh165431
cgn92504891
cgq7509498
cgy7626869
ch═??╦┼г730525
ch102086
ch11008575
ch111111
ch123123
CH123456
ch123456789
ch1314520
ch143723
ch192970
ch19690808wf
ch198071
ch19cu77la0913
ch3ch2cooh
ch3ch2oh
ch4796613
ch5201314
Ch666666
ch710322
ch7w.renda
ch805148ting
cha1xun3tian
CHACHACHA
chaichai
chaijian
chaijing
chaiqian
chairdesk
chairman
chaiyuan
chaliwang
challenge
challenger
chamcham
chameleon
champagne
champions
chan13135257
chan1984
chanchan
chanchan2002
chang110
CHANG111
chang123456
chang1981
chang1986
chang1988
chang520
chang5395
chang8866
changanzhen
changbin
changchang
changchao
changchen
changcheng
changchun
changdao
change123
change2009
change77
changechange
changfang
changfei
changfeng
changgong
changhai
changhao
changhong
CHANGHONG159
changhua
changhui
changing
changjia
changjian
changjiang123
changjie
changjin
changjing
changjiu
changjuan
changjun
changkai
changkong
changkun
changlei
changliang
changlin
changling
changliu
changlong
changmao
changmin
changming
changning
changpeng
changping
changqing
changrong
changrui
changsha
changshan
changsheng
changshi
changshou
changshu
changshuai
changshuN
changtian
changting
changwei
changwen
CHANGXIANG
changxiao
changxiaofeng
changxin
changxing
changyan
changyang
changyaya1215
changying
changyong
changyou
changyuan
changyuann
changyun
changzheng
changzhi
changzhou
chanhans
chanjuan
channelv
chao1234
CHAO1986
chao1ran2
chao8qiang888
chaodeai
chaodong
chaofeng
chaoge79lb
chaohong
chaohuiwansui
chaojimima
chaojiwudi
chaoming
chaonima
chaonimabi
chaoren2468!
chaosafen
chaosusu
chaoxian
chaoxiang
chaoyang
chaoyanyan
chaoyue520
chaoyueziwo
chaozhou
char4499
char515517
character
charisma
charlesliu
charllie
chasedream
chat7admin
chatname
chattingonqq
chayuan2008
chb123456
chb2128826
chcc8432
chd1987827
che123456
cheating
cheche123
checkitout
checkout
chectiip123
cheer929
cheerdayned
cheguevara
chen0000
chen000000
chen0124
chen0126
chen014259
chen0210
chen0218
chen0422
chen0722
chen0806
chen0823
chen0826
chen0898
chen0919
chen1001
chen1006
chen1010
chen1012
chen1013
chen1014
chen1015
chen1017
chen1018
chen1020
chen102220
chen1023
CHen1024
chen1025
chen1026
chen1028
chen1029
chen1103
chen1104
chen1107
chen1109
chen1111
chen1113
chen1121
chen1122
chen1123
chen1125
chen1126
chen115524
chen1198
chen1206
chen1210
chen1212
chen1215
chen1216
chen1218
chen1221
chen1224
chen1225
chen1226
chen1227
chen1228
chen1230
chen123123
chen123321
chen12345
chen1314
chen139mo
chen1689
chen1934
chen1969
chen1970
chen1971
chen1972
chen1973
chen1974
chen1975
chen1976
chen1977
chen1978
chen1979
chen1980
chen1981
chen1982
chen1983
chen1984
CHEN1985
chen1986
CHEN1987
chen198710
chen1987510
chen1988
chen1989
chen1990
chen1991
chen1992
chen1994
chen1995
chen1996114
chen1997
chen2000
chen2001
chen2002
chen2003
chen2005
chen2006
chen2007
chen2008
chen2009
chen2010
chen2020
chen211223
chen218133
chen2468
chen3230172
chen340925
chen3569
chen3886
chen4545
chen520520
chen523334
chen5277
chen57wen
chen6666
chen666666
chen7313
chen751231
chen779240
chen780620
chen780903
chen8105
chen821919
chen871030
chen8888
chen890523
chen975889
chen9999
chenabc123
chenaihua
chenbbk716
chenbiao
chenbin123
chenbinbin
chenbing
chenbo123
chenbobo
chenchang
chenchaoquan
chenchaoza
chenchen12
chenchen123
chenchen2006
chenchen520
CHENCHEN521
chenchencc33
chenchenchen
chenchewu
chenchong
chenchongwu
chenchuan
chenchuang
chenchun
chenchunlin
chenchusheng
chencong
chencuiyun14
chendabб╛╠ь╤─▓й┐═б┐
chendaliqw123
chendan520
chendandan
chendanyan123
chendaoming
chendawei
chendebao
chendeng
chendesen
chendian
chending
chendongdong
chendongmei
chendu8841
chenduan
chenedison
chenerdong
chenf3794
chenfaqing
chenfd911
chenfei123
chenfeifei
chenfeiyu
chenfeiyu315
CHENFENG
chenfuan
chenfujun
chenfuling
cheng000
cheng001
cheng00qmwn00
cheng1022
cheng110
cheng111
cheng1111
cheng1234
cheng12345
cheng1314
cheng168
cheng1980
cheng1981
cheng1982
cheng1983
cheng1984
cheng1985
cheng198572
cheng1986
cheng1987
cheng1988
cheng1989
cheng2007
cheng2008
cheng2009
cheng2010
cheng2381439
cheng330
cheng42505200
cheng521
cheng568777
cheng688
cheng789
cheng888
cheng924bo
cheng999
chengbao
chengbin
chengbing
chengcai
chengcan
chengchao
chengchen
chengcheng123
chengcheng520
chengchong
chengchu
chengchun
chengdan
chengdi123456
chengdong
chengdu028
chengduyanyi
CHENGENG
chengfang
chengfei
chengfeng
chenggang
chenggang631224
chenggao
chenggong123
chenggongshuyuwo
chengguan
chengguang
chengguo
chenghai
chenghan
chenghao
chengheng
chenghong
chenghua
CHENGHUAN
chenghui
chengjia
chengjian
chengjiang
chengjianning
chengjianqmwn
chengjiao
chengjie
chengjin
chengjing
chengjisihan
chengjuan
chengjun
chengkai
chengkao
chengkun
chenglan
chenglei
chengliang
chenglidd
chenglili
chenglin
chengling
chengluer
chengmei
chengmeng
chengmiao
chengmin
chengming
chengnan
chengnuo
chengong
chengpeng
chengping
chengqian
chengqiang
chengqing
chengquan
chengran
chengrong
chengrui
chengsheng
chengshi
chengshi33
chengshu
chengshuai
chengshuang
chengsiyu001
chengtao
chengtian
chengting
chengtong
chenguan
chenguang
chenguanxi
chenguilin
chenguohua
chengwang
chengwangcai
chengwei
chengwen
chengxia
chengxian
chengxiang
chengxiao
chengxin
chengxing
chengxun
chengxuyuan
chengyan
chengyang
chengyao
chengyin
chengying
chengyong
chengyou
chengyuan
chengyuanyuan
chengyue
chengyun
chengzhang
chengzhen
chengzhi
chengzi123
chenhaibin
chenhaibo
chenhaifeng
chenhaihai2975
chenhaijun
CHENhaiPING
chenhaitao
chenhaiyan
chenhang
chenhao123
chenhao520
chenhaonan
chenhaoran
chenheng
chenhong99
chenhongjun
chenhongyu
chenhuajie
chenhuan
chenhuang
chenhui123
chenhuilin
chenhuiye
chenhujie
chenjf001
chenjiahua
chenjiahui
chenjiajia
chenjiajie
chenjiali
chenjiaming
chenjianan
chenjianbin
chenjianbo
chenjianfeng
chenjiang
chenjianguo
chenjianing
CHENJIANJUN
chenjianli
chenjiao
chenjiaolan1001
chenjiaqi
chenjiarui
chenjiawei
chenjiawen
chenjiaxin
chenjiayi
chenjie123
chenjie520
chenjie521
chenjie68
chenjihua
chenjin123
chenjing123
chenjing520
CHENJING521
chenjing8133
chenjingfeng
chenjingjing
chenjinwei
chenjinxin
chenjiwei
chenjiyuan
CHENJUAN
chenjuan123456
chenjun123
chenjun520
chenjunfeng
chenjunjie
chenjunwei
chenjunwei119
chenjunwei520
chenjunyi
chenjunyu
chenkai123
chenkang
chenkangyi000
chenkong
chenkun123
chenlang
chenlei123
chenlei520
chenlele
chenli123
chenli520
chenlian
chenlibo
chenlifang
chenlihong
chenlihua
chenlijia3333
chenlijuan
chenlijun
chenlili
chenliming
chenlin123
chenlin520
chenlina
chenlinlin
chenliping
chenliren
chenlirong
chenliwei
chenlixia
chenlixin
chenliya
chenljing
chenlongdm
chenlove
chenlulu
chenmeilin
chenmeiling
chenmeng
chenmiao
chenminghui
chenmingzhong
chenmixia
chenmoshijin
chenning
chenpengfei
chenpingping
chenpinsi
chenqi123
chenqiao
chenqin2003
chenqing
chenqinghua
chenqingqian
chenqiong
chenqiu0810
chenqiuyue
chenqu79
chenquan
chenrenhai@222
chenrike1689
chenriwei
chenrong
chenrui270043
chenrui3862130
chenruo19820201
chenshan
chenshang
chenshanshan
chenshao
chenshasha
chenshen
chensheng
chenshijie
chenshiqi
chenshiquan
chenshixin
chenshixing
chenshiyan
chenshiyu
chenshuai
chenshuang
chenshui
chenshuiliang123
chenshun
chenshuo
chenshuyan
CHENsijie
chensiqi
chensisi
chensiwei
chensiyao
chensiyu
chensiyuan
chenSONG
chensongge
chentang663
chentao520
chenteng
CHENTIAN
chenting
chenting123
chentingting
chentong
chentongm
chenwang
chenwei1
chenwei123
chenwei1987823
chenwei520
chenweidong
CHENWEIHUA
chenweijia
chenweijie
chenweiping
chenweishu
chenweistar
chenweiwei
chenweiyi
chenwenCHENWEN
chenwenjie
chenwenjuan
CHENWENJUN
chenwenli
chenwentao
chenwenting
chenwenwen
chenxi123
chenxi520
chenxi99
CHENXIAN
chenxiang
chenxiangyu
chenxiao520
chenxiao612
chenxiaobo
chenxiaochun
chenxiaodong
chenxiaofeng
chenxiaohua
chenxiaohui
chenxiaojie
chenxiaojuan
chenxiaojun
chenxiaolan
chenxiaoli
chenxiaolin
chenxiaoling
chenxiaolong
chenxiaomei
chenxiaoming
chenxiaoqing
chenxiaowei
CHENXIAOXIAO
chenxiaoyan
chenxiaoyu
chenxijun
chenxin123
chenxin1983
chenxin520
chenxinyu
chenxiong
chenxixi
chenxm65
cHENXUAN
chenxuan3056
chenxuehua
chenxuejiao
chenxuelian
chenyajun
chenyali
CHENYAN123
chenyan520
chenyanan
chenyanbo
chenyanfei
chenyang123
chenyanhua
CHENYANJIE1983
chenyanli
chenyanling
chenyanni
chenyanping
chenyanqing
chenyanyan
chenyaoyao
chenyaxi
chenyi123
chenyifan
chenyifei
CHENYIFENG
chenyihao
chenyihua
chenyijun
CHENYIMING
chenying1108
Chenying123
chenying520
chenyiquan
chenyiru
chenyiwei
chenyiwen
chenyixi
chenyixin
chenyixuan
chenyixun
CHENYONG123
chenyongli
CHENYOUCAN1215
chenyouwei
chenyu02
chenyu123
chenyu1987
chenyu520
chenyuan
chenyuanyuan
chenyufeng
chenyuhua
chenyujia
chenyujie
chenyujin
chenyulin
chenyulong
chenyumei
chenyuping
chenyuqi
chenyuqing
chenyuting
chenyuxuan
chenzeng
chenzeyu
chenzhan
chenzhang
chenzhao
chenzhencz
chenzheng
chenzheng0
chenzhicong
chenzhidan
chenzhihao
chenzhihua
chenzhihui
chenzhijie
chenzhiming
chenzhiqiang
chenzhiwan
chenzhiwei
chenzhiyong
chenzhong
chenzhou
chenzhoulan
chenzhuo
chenzicong
chenzijian
chenzishuai
chenziyuan
chenzmkkk
cherish520
cherry0222
cherry118
Cherry123
cherry1982
cherry2008
cherry26
cherry520
cherry556166
cherry622
cherrychen
cherrycherry
cherryin
cherubim
cheshire
chessman
chestnut
chetx123
cheung70
chevrolet
chf123456
chf197816
chfany8464
chh123456
chhe0sps
chhtg123
chhzh01123581321
chi880312
chia0817
chicheng
chichuniu
chickchick
chidu_100
chifanle
chihui520
chijia123
chilam23
chilam827
chilamok
chilavert
childhood
chiminglixiang
china.com
china000
china001
china007
china009
china06.com
china091102
china110
china120
CHINA123
china1234
china12345
china12345.com
china123456
china12582
china168
china178
china1949
china19491001
china1982
china1984
china1985
china1986
china1989
china2000
china2001
china2002
china2003
china2004
China2007
china2009
china2010
china2012
china520
china521
CHINA555
china626
china666
china7758521
china888
china911
china@123
CHINABANK
chinabbs
chinabeijing
chinabenet
chinablue
chinaboy
chinacat
chinachen
chinachfang
chinacom
chinacot
chinadns
chinadragon
chinaedu
chinaese
chinaeve123
chinafung
chinagdcn
chinagirl
chinago123
chinahacker
chinahacker888
chinahero
chinaitlab
chinajie
chinaking
chinalife
chinalinden
chinaliu
chinalong
chinalou
chinalove
chinaman
chinamobile
chinamost
chinanet
chinansa
chinaone
chinapeople
chinapost
chinaren123
chinasun
chinatelecom
chinaths
chinatown
chinaunicom
chinausa
chinawang
chinawin
chinawok
chinayang
chinazhang
chinese00
chinese1
chinese123
chinese2008
chinese7788
chinese8
chinesechinese
CHINESEGIRL
chineseman
chineseren
ching100
ching5513
chinghai
chingwen
chinoise
chitengltm
chitianshi
chiu1pkkme
chiu8888
chivalrous
chivalry
chiwenmio21
chixiaoming
chixinjuedui
chixiren
chj123456
chj2118340
chj3376126
chj5658123
chjw1217
chli1214
chlyyl2008@
chm991054
chmj198473
chn661568
chnenkhai
chniminchnimin
chnpshy2003
choaswin
chochang
choijiwoo
choiweiwei
chong100
Chong123
chong123456
chong17010
chong520
chongchong
chongdie
chongdong
chongerfei
chongf355
chongfang55
chongjie
chonglang
chongliang
chongm59686523
chongming
CHONGqing
chongqing.198279
chongqing1
chongsheng
chongtianyifei
chongwu521
chongxin
chongxinlaiguo
chongyang
chopsticks
chose_001
chouazhu
choubaobao
chouchong
chouchou123
choujidan
chousaodan
chouxiaoya
chouyugege
chowchow
chowss121
chpf062031
chpfx3285
chq730217
chqq0508
chqtian89
chqx1109
chrdw123
chrdwhdhxt1988
chris1234
chris1258
chris310
chris520
chris9111
chrisamy
chrischa
CHRISchris
chrislee
chrislee310
chrismas
christal
christan
christiana
christin
Christine
christMAS
chriswjy
chrysanthemum
chryzchr
chsnchsn
chsnchsn_1984
chu123456
CHU696969
chu@810000
chuan520
chuanboli
chuanbolicom1
chuanchuan
chuanglian
chuangshiji
chuanguo
chuangxiang
chuangxin
chuangye
chuangyi
chuanhai
chuanjiang
chuanling2009
chuanqi1
chuanqi123
chuanqi520
chuanqitian
chuanshi
chuanshuo
chuantian
chuanwen
chuanYING
chuanyue
chuanzhang
chuchuchu
chuchukeer
chuguang
chuhan1001
chuheridangwu
chuichui
chujiang
chuliuxiang
chun0609
chun1010
chun123456
chun1980
chun1986
chun761028
chuncheng
chuncheng3900
chunchuis
chunchuishi05
chunchun520
chuner0116
chunfang
chunfeng
chunghwa
chunguang
chunhong
chunhuayanhui
chunjian
chunjiang
chunjuan
chunlian
chunling
chunlong
chunming
chunnuanhuakai
chunping
chunqing
chunqiuting
chunsheng
chuntian
chuntian123
chunvzuo
chunxiang
chunxiao
chunyang
chunying
chunzhen
chunzi313@
chuqiang801229
CHUQIANRU
churchill
churchsinsin
churentoudi
chusheng
chutiange
chutiange13
chuxueli
chuyouchun
chwdmm1985
chwndingm
chwy1031
chxiaowu
chy123456
chy30lry
chy451270
chy800422
chyichin
chyicross
chyno19811209
chyygmchyy
CIA1336.338
ciaociao
cici019841212
cici1206
cici1983
cici1987
cicicici
cicilein
cicilove
ciciwang
cigarette
ciicwelcome
Ciji1995
cike1112
cili1975
cin567dy
cinderella520
cindy123
cindy1254
cindy321
Cindy520
cindy718
cindychen
cindycindy
cindyshie
cindywang
cinfvwnfsi
cing761103
cinkicyan
ciqingkedai
cisco1234
ciscoccie
ciscoccnp
ciscocisco
ciscolinux
cisdi213
cissy19861021
cissy217
citibankcts
citizen1
cityenglish
cityhunter
civil983
cj123456789
cj1234QWER
cj1987525
cj19890214
cj19891016
cj3223530
cj5201314
cj611011
cj720212
cj801213
cjb112233
cjb123456
cjb60277
cjbcjl112233
cjbinsert
cjc345678
CJCF1980
cjchnwscqwsbsy
cjcj1218
cjcjcjcj
cjdflyking
cjdlxyrjns
cjf.2001
cjf123456
cjg123456
cjglsl1225
cjh123456
cjian888
cjj123456
cjj880206
cjjlovegx1314
cjjun3864
cjk841009
cjl911cjl
cjms051222
cjmxtfcjm
cjpdd1974
cjq123456
Cjq2003717
cjq423000
cjqbaobao
cjr1218027
cjrabbit
cjy006709
cjy123456
cjy19880201
cjy82313
cjz15260200344
cjz78547854
cjzj8845378
ck0404lfz
ck07zpd1
ck123456
ck168168
ck800829
ckchen777
ckdyl5515825
cklovelife
cksyddjhsydjj
cl198889
cl200703101
cl3213018
cl5201314
cl791104
cl888888
clamp19791103
clampclamp
claralaw
clarkkent
classical
classmate
classroom
CLAUDE555
clawclaw
claymore
clb123456
clclkiki
clcx7878
cleanclear
clear520
clearsky
CLEOPATRA
clery615
cleverboy
clevergirl
clfzxj1989
clh123456
clinique
Clinton20
clj123456
cll4413260
cll712521
cllrch521023
clm843766
closetoyou
cloud1218
cloud312427
cloudcloud
cloudfly
clouding
clour123
clover123
cloverhyde
clp112233
cls123456
clsteaching
clt1989719
cltypett
club$1018
CLW860385
clyz2006
cm123123
cm123456
cm198604
cm3242681
cm5201314
cm662729
CM7788SH
cm830865
cm980602
cmbjxccwtn
cmbquery
cmd5920870
cmf1106310310
cmhqyaic
cmj198206
cmj821212
cmm12244
cmm198517
cmvqwoji
cmy15949693379
cn123456
cn179510
cn19820304
cnchnsy001
cncncncn
cncwbzdx
cnhacker
cnhk0425
cnHonKer
cnm.ywzhdr
cnm123123
cnmcnmcnm
cnodiscover
cnooccnooc
cnrrss.cnOK
Cnwgtx1314
cnxtd981119
CNYMAM111
cnymmtdh
cnzlz1458
cnzx060831
coach6906
coca585343
cockcock
cockroach
coco1116
coco1212
coco1234
coco123456
coco1314
coco1980
coco1986
coco2008
coco2009
coco5201314
coco520linyu999
coco6894
cocobaby
cocococo
cocofei307
cocohuang
cocokiki
cocokoukou666
cocokugo
cocollll
cocoloodubau
cocolove
cocotian
cocotoll
cocowang
code5337
code8295
codecode
codeiscode
coffee520
coffeecat
coffeemate
coffeetea
coffer123
cola1101
cola1118
colacola
coldhawk
coldstar
coldwater
coldwind
colin123
colinchen
colinwong05
collection
collin4628
colorful
colorful365
colorwolf
colourful
colt0318
columbus
com57680
com815815
comaroad
come1234
comebaby
comeback
comecome
comehere
comeon123
comeon1314
ComeOn2010
comeoncomeon
comeonon
COMEONOVER
cometo05
cometome
cometrue
comfuck1977327
comicfans
comm1001
command050
command1
command123
commandcommand
commander
commando
commandos
commands
communication
community
compact319
compaq123
computer001
computer007
computer123
computers
comtom803422
con198473
conan123
Conan2006
conanconan
conankid
conceied
Concerto
confidenc
confident
confidential
config.sys
configconfig
confucius
confusionisme
cong1987
cong6000
cong66850412
congcongcong
congcs17
congersai2007
congming
congqian
congratula
congratulate
congratulation
congratulations
congrong
congshan
congtouzailai
congyang
congying
coNIferc
connicezq9
connieli
conqueror
conqueryou
consider
constance
constant
constantine
continue
contrast
contribution
convenient
conversation
cook100cs
cookersong
cookie123
cookie89612
cool1234
COOL123456
cool2000
cool2008
cool778899
coolapril
coolbaby
coolblood
coolboy1
coolboy6198
coolcold
cooldragon68
cooldragon68_88
coolee1116
coolfire
coolfish
coollove
coolmail
coolmoon
coolrain
coolshow
coolstar
coolsummer
coolwater
coolwind
coolwolf
cooper!@2005
cooy19912727
copperbus
copperdesk96
coppergoat26
coppermine
copy2008
copycopy
copyright
core1423
CorelPainter
corfu123
corleone
corn1089
cornetto
cotton1198
Cougar77
COUNTRYGG
courenao
coursimer
cowboybepop
cowboyzhang
cp123456
cp13574236521
cp13873431968
cpcptxwd
cpf123456
cpf19860206
cph760613Xyy
CPHay6587561
cpz7285879
CQ123123
cq123456
cq123456789
cq19831027
cq19831112
cq29buq5
cq3357571
cq5201314
cq8wjjwx
cq911119
cq980926
cqcbs13709439218
cqdsl0909
cqdsl090909
cqg1856217313
cqkdczyzsdsywr
CqlUqtP954
CqlUrtP954
cqmengshi
CqmUrtP954
cqmyg123
cqmygysdss
cqnx5050
cqq0310.
cqq1096114
cqskychen
cqzhangjh
cqznz200902
cr123456
crab198179
CRANBERRIES
cranberry
crane0214hh114
crazy153
crazyboy
crazychen
crazycrazy
crazydog
crazyman
crazystone
cream3113
creature
crescent
crg1993075
crh123456
crhbsj64
Cristofer
CrkUrrP954
CrmUrrP954
CrmUrrP955
CrmUrrQ955
CrmUrtP954
CrmVrrQ955
CrmVrtQ954
CrmVsrQ955
CrmVssQ955
crocodile
cromwell
cronaldo
crossfire
crossing
crossrainbow
crosstime
crowhack
CROWmars1124@)
crqj8icq
crssic0710
cruelrise
crusader
cryptogram
crystal.d
crystal11
crystal123
crystal1314
crystal1982
crystal1984
crystal227
crystal520
crystal521
CrystalLYF
cs000000
cs123456789
cs1314520
cs2290577
cs3712887
cs5201314
cs5211314
cs630424
cs750725
cs7758521
cs810519
cs852123
cs882388
cs999999999
csbluan5201
csc123456
cscec26671
csceccscec
cscx2009
csd123456
csdn.com
csdn1111
CSDN112358
CSDN123123
csdn123321
csdn12345
csdn2006
csdn2008
csdn868786
csdncode
csdncsdncsdn
csdndownload
csdnkevin
csdnpass
csdnpassword
csdntongxingzheng
csdnxiazai
cserkaka
csfiy5200
csgangtai
csgo1234
csh1981815
csj123456
csk101010
csldm2010
csm123456
csmyhome_net
csongercn
csq850104
csqb1020
Css003876c
cssyzqjx
cst923923
cstll1982
cstlovecst
cstxl1984
csueducomcn
cswhubsh
cswyx1984
csx8095146
csy520zyx.
csy871315288
csy911cc
ct123456
ct80794352
ctfjr4tqta
cti123456
CTK4Sabtmh
CTK4Sabtmi
CTK4Sactmi
CTL4Sactmi
CTL5Sactmi
ctqx50802959
ctrl3alt
ctrlshift
ctrvnium23
ctt123456
cu2oh2co3
cui123456
cui2418821
cui5201314
cui7801067
cuicui1981
cuicui28
cuicui520
CUICUICUI
cuifang0311
cuihaijian
cuihui2009
cuijimin
cuijimin_525
cuiliang
cuilijie123
cuilu1984
cuimingjun
cuipei0618
cuiqiang
cuiqing_992277
cuishaofei
cuishuai
cuiweibin
cuiweilu
cuiwenru
cuixiang
cuiyanan
cuiyue1990527
cuiyue21
Cuizhen415
cuizheng
cuizhiqiang
cuizhuoxin
CUL5Sactmi
CUL5Tactmi
culetstudio
CUmt2230940
CUMTCUMT
cunhong123
cuntpiero
cunzhang
cupidcai
cups9835
curapica1110
curarpikt
cuso45h2o
cutecute
cutezhimm
cvb123456
cvbnmfgb
cvbyuj5d
cvf339ghty
cvucp9am
cw123456
cw123456789
cw19811106
cw4095217
cw5225518
cw801116
cwaw0016
cwf700602
cwh960129
cwj123456
cwm6889587
cwpkiamd
cww85637390520
cx122rk65y01
cx123123
cx123321
cx12345678
cx19510125
cx19830711
cx5201314
CX5211314
cxb123456
cxc123456
cxc4712021
CXC707902
cxc850205
cxd123456
cxd983022
cxdhr999
cxf0898520
cxf123456
cxf20016
cxf200163995
cxf218dj1q8
cxf791025
cxfcxfcxf
cxga2000
cxh123456
cxj0123456789
cxj123456
cxj19810618
cxj5770273
cxj931600
cxj951100
cxl032412
cxl123456
CXM012484
cxm123456
cxm8552215
cxmcxmcxm
cxp-lsrh
cxp123456
cxqdcxqd
cxrzb12220b
cxshmily558217
cxt19821018
cxtnihao
cxvbw322
cxw6655022
cxwcxwcxw
cxx831800
cxx8601117
CXY105106
cxy1147226
cxy123456
cxy6822433
cxy771012
cxz123456
cxz123eagea
cxzcxzcxz
cxzdsa321
cxzdsaewq
cxzdsawok
cxzr1777
cy000000
cy112233
cy123321
cy123456789
cy1314520
cy138830
cy190701
cy19801218
Cy19830612
cy198628
cy198799cy
cy288289
cy5201314
cy600896
cy712529920
cy8243947
cy830612
cy87561555
cy888888
cyan0.618
CYB20077
cyb850502
cybercat
cyc123456
cyc19840901
cyc1986129
cycy511528
cyd_ascr
cyf123456
cyf790230
cyg31423
cyg436325
cyh123456
cyh821002
cyhfjc19900113
cyhhlove
cyicwhat1
CYJ13003933920
cyj19861216
cyj4690165
cyj740104
cyl123456
cylz1209
cym123456
cym730307
cymay459989
cymonica
cynosure
cynthia33
cyo820gi
cyp03124410
cyq123456
cyr86485217
cyshmily
cyt151613698
cytcytcyt
cyw1985320
cyxxkj2009
cyy123456
cyy402tsg
cyy820302275
cyy8254009
cyycyycyy
cyz060130
cyz123456
Cz-z760524
cz111111
cz123456
cz19821029
cz20130204
cz20502060
cz5201314
cz753951
cza0002342
CZAchenza
czc111111
czczczcz
czd1314588
czh123456
czh2288076
czh624696350
CZJ123456
czl585852
czm19661111
czn97825
czq708201
czw050322
czw123456
czx123456
czxczxczx
czy123456
czyi191080070
czywgsdl
czz13675152815
d0d0d03721
d1234567
D12345678
d123456d
d123456x
d197302120226h
d19750221
d1qdybzgedtd
d22xjnmhx
d317067l
d37fv4wtpx
d37fv520530
d3sds7wcck
d3YevhlDwr
d3YfuhmDwr
d43o61jlh1
d43o61kli1
d46fdsa01
d4c3b2a1
d51557555
d5176958
d5201314
d53o61kmi1
d53o71kmi1
d54o71kmi1
d54p71kmi1
d54p71kmi2
d54p72kmi2
d54p72kmj2
d54p72knj2
d54p72lnj2
d54p7xjkga
d54q7xjkh9
d54q7xjkha
d54q7xjmh9
d54q7xkmhx
d54q7xkmix
d55q72kmix
d55q72knix
d55q7xkmix
d5EixkrIBw
d5FixkrIBw
d65q72knix
d65q82knix
d68r4sd44d
d6EiwkrJBw
d6EiwkrJBx
d6EiwkrJCx
d6EixkrIBw
d6EixkrJBw
d7758521
d781118d
d8856f96se
d987654321
da0ha0-de
da123456789
da1bian1
da2khdahda
da385859869
da456789
daaagh8999
dabaicai
dabaichi
dabaisha
dabao123
dabaobei
dabaobuping2009
dabdtnhbdsrte@12
DABEICIYIN
dabendan
dabieshan
dabing123
dachangjin
dacheren
dachui781201
dad19280908
dadada123
dadan.721300
dadaobaidusina
daddaddad
dadi1977
dadidadi
dafeizhu
daffodil
dafgagrew
dafuweng
dage5612
dagenihao
daguaiguai
daguaikun
daguixiaogui
dahai001
dahai123
dahai2299
dahai521
dahainan
dahaizhen
dahanchao
dahandahan
dahaoren
daheminzu
dahongying
dahuachi
dahuaidan
dahuamao
dahuangde
dahuaxiyou
dahuilang
dahundan
dai780115
daibo123
daicheng
daichun666
daidai123
daiDAI520
daidaidai
daijiang
daijianjun
daijieqiong
dailiang
dailifan
dailonghui
dailuaill
daiqiang
daiqibiao3099
daishuang
daisy000
daisy114
daisy123
daisy1983
daisy2009
daisy520
daisy820314
daisydaisy
daisylee
daisywang
daixiang
daixin332
daiyuchen
daiyumei
daiyun168
daiyunfw
daizhe4793
daizheng
dajiadian
dajiahaoa
dajiaoban
dajidali
dakongyi
dalahoya
daldiuehoudaho
daledale
dalian0411
Dalian123
dalianbing
dalianmao
dalishuishou
dalq1982
damaomao
damazhai
dameguying
dameiren
damidandan
damihexiaomao
damimi78
damingai88
daminghu
DAMINGQI88
damo880608
damoguyan
damoguying
dan123456
dan61968551
dan7kljfi
dan800111
dan821214
dan871001
DANce137171
danceing
dandan20060110
dandan22
dandan5201314
dandan530
dandandan
dandande
Dandelion
dandinghe
dangdang
danger29
danguo&*(
dangweijun
dangxiao
dangyang
dangying
dangyuqian
danhuang
danhuashan
daniel11
Daniel1108
daniel12
daniel123
daniel1981
daniel520
daniel731205
danielchan
danielchen
danieldaniel
daniele2010.
daniugege
danny123
dannychan
dannychen
dannydanny
dannyzxd
DANPIANJI
danshan1979
dansheng
danshenguizu
danshenhan
danxiaofei
danxiaogui
danxibao
danxingdao
dany1488
danzi123456
dao123456
daocaoren
daodagouwu
daodaodao
daodejing
daofeng1937
daohao444
daohao4ma
daohao4qj
daohaodesi
daohaokechi
DAOhaoQUsi
daohaosi
daohaozhe4
daokedao
daolala789
daomeidan
daomingsi
daonimabi
dapao621
Dapen9XU
daphnezz
dapianzi
dapigujinghua
daqi1234
daqi123456
daqimima
darenpk123
darevanq
dark7708
darkblue
darkdark
darkhorse
darkhunter
darkking
darkmoon
darknight
darling003
darling123
darling520
darren103
darwin123
das123456
das3531111
dasadasa
daselang
dasenlin
dashagua
dashan123
dashanhao
dashi123
dashitou
DAshiZHANG
dashuaige
dashuang
dasibushuo
dasiwoyebushuo
dasiyebushuo
dASX609M
date2009
DATETIME
datezhao
datiancai
datou127
datou520
datougui
datuoxiaotuo310
dave1234
davedave
david007
David1234
david1975
daVid1984
david1987
david2000
david2008
david516
david520
david521
david888
david983608
davidbeckham
davidchan
davidchen
daviddavid
davidking
davidlee
davidliu
davidong
davidtao
davidwang
davidwgh
davidzhang
davincicode
dawadawa
dawei123
dawnli5233
dawoniu01
dawson5360
daxia007
DaXia124
daxian636432
daxiaojie
daxieabc
Daxingxing
daxue123
daxuecheng
DAXUESHENG
dayanjing
daybreak
daydayup920
daydream
daye2008
dayingjia
daynight
dayspring
dayudayu
Dayusky7814
dazhanhongtu
dazhaxie
dazhedaren
dazhndsh
dazhonghua
dazhuang
dazhutou
dazui@2k
db123456
db197552
db2admin
DB52133447
db7792368
dbeckham
dbmznjzy
dbrbshsh
dc123456
dcba1234
dcba4321
dcba_0987
dcefdcef
dcx138148
dcy12345678
dcyptadh
dcysales
dd000000
dd0108jhy
dd1006zc
dd112233
dd1221333
dd123123
dd123321
dd1234567
Dd123456789
dd12xx89
dd1314520
dd20031013
dd5201314
DD520520
dd5211314
DD821025
dd880514
dd888888
dd9527dd
DD990804TT
ddcldlm1986
ddd123456
ddd666ddd
dddd4444
dddddddd123
ddddddddddd
dddddddddddd
dddddddddddddd
dddddddddddddddd
ddddffff
ddddj123
ddddwawj
dddfff000
dddffggg
dddnnnppp
dddtefp23
dde82119
ddffjjkk
ddiajbrso
ddingshan
ddjg489d
ddk751121skj
ddkkddkk
ddlovecc
ddloveff
ddmmddmm
DDMMWW369
ddmzdhhh
ddpiaopiao
ddppt1091
ddqlwm06100611
ddrbdgzy
dds123dds123
dds5351130
ddslr9063
ddxxqq007
ddy123456
ddyy1983924
ddyy54632
ddzj8888
de119840301
de123456
de19840406
dead8888
deadfish
deadline
dean1008
dear1214
dear1230
dear1234
dear79913
dear881112
dearbaby
deardear
dearfriend
deariloveyou
deathdeath
deathknight
deathmask
debera0403
debug123
debug263
debugztv99
decadent
december
dede132501
dedewang
dedexiaomao168
deepblue
deephaze
deeplove
deepriver
deerlulu
defender
deihcwxf
dejatiu500
dejing110
dekalog7188
delicate
deLL1234
dell1420
dell2008
dell6400
dell700m
Dell_2007
della347773
delldell
delldelldell
deloitte
DELPHINE
delpiero
delpiero10
deltaforce
deluohaida
demodemo
demonhunter
deng0775
deng1001
deng1234
deng1978
deng1982
deng1984
deng1985
deng1986
deng1989
deng2008
deng2mao
deng3730323
deng7531
dengbiao
dengbing
dengchao
dengcheng
dengchuan
dengdai123
dengdaiai
dengdaini
dengdaiwoai
dengdeng
dengdeng520
dengdong
DengDP1976
DENGFANG
dengfeng
denggang
denghong
denghuan
dengjian
dengjing
dengjuan
dengliang
denglijun
denglili
DENGLINFENG1221@
dengling
denglong
denglumima
dengmeng
dengming
dengni1314
dengniaiwo
dengpeng
DENGPING
dengqian
dengqiang
dengqing
dengshan
dengshixiang
dengsong
dengting
dengwang
dengxiang
dengxiao
dengxiaoping
dengxuan
dengxvyang
DengYang
dengyanting
dengyaqin321
dengying
dengyong
dengyuan
dengzhou
dengzr778083
denilson
DEnis123
dennis123
deno1980
denphonebo879180
denzh617
depechertoi
der12345
derek011302433
designed
designer
desoft666
desperado
DESTROYER
desyngjg
desyngjghsh
DETECTIVE
Detectiveconan
deutsche
deutschland
deutschland01
developer
devil119
devil123
devil_du
devildevil
devilmaycry
devjgef108
devkeg999
deyetown
deyygybj
dezheng0710
df123456
df760311
DFBB.DFBB
dfbbdfbb
dfc1988224
dfdf0833
dfdter3e
dfg673673
dfgauu958
dfgDFGDFG
dfgeedogf1er
dfgrert4
dfh363465
dfh5348rfd
dfhfjttr
dfhgrhadfhfdjfj@
dfhh3452
dfhoncom
dfjjjkkk
dfkc88com
dfmnyy007mi
dforeverm
dfxz212717
dg021117
dg08079255
dg123654
dg199978
dg529951
dg812838217
dg888888
dg8fvb9tky
dg951800
dgcbi8088
DGDHHJJ@qq.com
dggog88392469
dgrsdddese
dgrsdese
dgwhukkg
dgy123456
dh110283
dh123456
dh19451225
dh2629mj
dh74-*64&blzj-*
dh760511
dhdhdhdh
dhhcadcca
dhj7218d
dhl12345
dhl123456
dhm7682666
dhr890715
dhs196811
dhs6590168
dhtpwwfnh
dhxzyzfh
dhyhappy
di123456
di1988di
di789789
diablo1023
diablo123
diabloii
diamond7
dian3000
dian77mj
diana77yan
dianchang
diandeng
diandian11
diandianyi
dianfeng
dianjiang
diank123
diankee111
diannaobao
dianqian
dianqiupiqusi
dianshiji
dianying
dianying007
dianzi08
diao7nia
diaochan
diaodiao
diaoliming
diaoling
diaonilaomu
diaonima
diaonimaxi
diaosini
diaoxi167
dick1004
dick123456
dickdick
dickmmmmmm
didadida
didiaozuoren
dididada
dididadi
didididi
didilovelim2046
die292duck089
dielianhua
dieqifly
DIERJIAN
diet334210
diffcult
difference
different
diguoshidai
diji123456
dijiutianchang
Dijkstra
diligence
diligent
dilimic520
dimension
Dimple82
ding1218
ding1234
ding12345
ding1981
ding19810511
ding1984cai122
ding1986
ding1987
ding520kong
ding8qin
ding_x@fm365.com
dingbing
dingchao
dingchen
dingcheng
dingdandan
dingdang
dingdian
dingding520
dingdingdang
dingdingdangdang
dingdingding
dingee2153
dingfeng
dinghong
dingjian
dingjiang
dingjing
dingju520
dingjuan
dingjunjie2008
dingkang
dinglian
DingLiang
dinglin211121
dingling
dinglong
dinglu1016
dinglu114
dingmeng
dingming
dingning
dingpeng
dingping
dingqian
dingqiang
dingqing
dingrong
dingsheng
dingshuai
DINGSONG
dingtian
dingting
dingxiang
dingxiao
dingxiaoxia1203
dingxiaoyan
dingxing
dingyang
dingying
dingyong
dingyuan
dingyuzi19981229
dingzhen
dingzhou
dinkyjia1014
dinshu8260130
dion7902
dionysos
Dionysus
diordior
dipingxian
dir.bat.
dir12345lotus
dir17951
dirallgzy
direction
director
directory
direngrey
dirtyjerry
dirucdos
dirwindows
disappear
discover
discovery
disen888
dishitian
diskcopy
diskdisk
diskedit
disparity
distance
distence
diu85018
diuphoto
DIVINITY
diyajun118
diyiciTY
diyiming
diyizhibi
diyu61758965
diyutianshi
dizhirihuo
dj099000
dj1314520
dj871125
djbyy1103
djdgrsjh
djdqltjqgflrw
djiloveu
djj19830415
djj781203
djl68783788
djl881005
djqs811226
djs123bd
djs202181
djy251314
djzong123
dk123456
dk986532
dkceo21223344
dkd12512
dkdkdkdk
dkf549dsfa
dkf7107cxf
dkfgoske
dking12345
dklibrary
dkm050302
dl1016025
dl123456
dl123456789
dl141520
dl233232
DL5201314
dl546784dl
DL870929
dlg751221
dlh123456
DLH820821
dlheppdl
dlktwdyl
dll820117
dlqm2009qmd
dlt123456
dlxok62532
dlygyydlygyy
dm123456
dm1923726272
dm19780905
dmba8898
dmgyzchlry
dmiloveqyc
dmrhdmrh
dmrhdmrhdmrh
dmsqdr0813
dn123456
dning1994
dnv5201314
DO2010do
dobest100
dobest891652
doctordoctor
document
dodo34011
dodododo
dodolook
doernet123
dog821005
dogandcat
dogdogdog
doing8218669
doita789
doitmyself
doityourself
doityouself
dolikeme
dollarok
dolphinxdf
dominate
domybest
domyself
domyself16
donald1088
dong020066666
DONG1010
dong1221
dong1234
dong12dong
Dong1314
dong1977
dong1980
dong1981
dong1982
dong1983
dong1984
dong1985
dong1986
dong1987
dong1989
Dong199968
dong2005
dong2008
dong2009
dong2588
dong5201314
dong58tie93
dong6229980
dong72386
dong820210
dongao0429
DONGBANG
dongbeiqishi
dongbeiren
dongbing
dongchao
dongchen
dongcheng
dongchong163
dongchongxiacao
dongding
dongdong2008
dongdongdong
dongdongli
dongfangbubai
dongfanghong
dongfangshenqi
dongfeng
dongfeng87
dongfengpo
donggang
dongge449
dongguaboli
dongguan
donghang
dongheng
donghong
donghongyang000
donghuan
donghui111
dongjian
dongjiang
dongjing
dongjuan
dongkoulwh
donglian
dongliang
donglili
DONGLIN123456
dongling
donglingling
donglong
dongmei201
dongmeng
dongni110
dongning
dongning0620
dongocome
dongpeng
dongping
dongqian
dongqiang
dongqiao
dongqing
dongquan
dongs129
dongshan
dongSHAO
dongsheng
dongshuai
dongsibatiao
dongsiqu
dongtian
dongting
dongwang
dongwei521
dongweiwei
dongwenhui
dongxiang
dongxiao
dongxie19890323
dongxing
DONGXUAN
dongxuefei
dongyang
dongyi714
dongying
dongyong
dongyuan
DONGyuan92WO
dongzhang
dongzhen
dongzheng
dongzhenhu
dongzhimen
dongzi123
donnadonna
donotcry
donotloveme
dontcare
dontknow
dontstop
Doolpppp
Doomsday
doordoor
dooyuan520
doremi123
doremifa
dorisdoris
dorisibm
dortmund
dospass_wenpher
dostoevsk1
dothebest
dou123456
dou15856189065
doublefish
doublemint
doublewei
doudizhu
doudou0801
doudou1021
doudou123
doudou1314
Doudou168
doudou2009
doudou520
doudou521
doudoudou
doudoudoudoudou
doudoulong
doudouwansui
doujiang
douloveme
douniwan
douwentao
douzi660
dovedove
dow356983
Dowjones
doyenooo
doyouknow
doyouloveme
doyourbest
doyouwant
dp123456
dp821118
dpbg123.
dpsa516317575
dq123456
dq851021
dqc7087009
dqccs50486
dqga8060333
dqhm2468
dql771126
dqs3271595137
DR131420ok
dr56hjks36k
dra891109
dragon007
dragon11
dragon123
dragon1976
dragon1988
dragon2000
dragon50
dragon518
dragon520
dragon999
dragoncat
Dragondearbook
dragondragon
dragonet
dragonking
dragonlong
dragonquest
dragonraja
dragonsky
dragonson
dragonworld
drdl3221786
dream123
dream2000
dream2003
Dream2005
dream2008
dream2009
dream2010
Dream520
DREAM520LJC
dreamboy
dreamcast
dreamcometrue
dreamdream
dreamfly
dreamgirl
dreamhouse
DREAMLAND
dreamliu
dreamlover
dreamscometrue
dreamsea
dreamsky
drgoo520
drhdhdghthsh@126
drinking
drmfslcd
drmfslxd
DrmVrtQ954
DrmVssQ955
DrmVstQa54
DRV62SJ7HXEL8SKB
ds123456
ds50125012
ds888888
dsa123456
dsa123456789
dsa61090
dsadsadsa
dsaewq321
dsafw123
dsah0828
dsasdasa
dsc1988928
dsds19890820
dsf33fdsft
dsf87290696
dsh123456
DSJ4R9bskh
dsjh0801
DSK4R9bskh
dsm345828501
dsmiaofu
DsmVssQ955
DsmVssR955
DsmWssR955
DsmWstRa54
DsnWssR955
DsnWstRa54
DsnWstRa55
DsnWttRa55
DsnWttRa65
dswan666
dsx810613
dsz19861023
dszy8876
dt123456
dt12345678
dt19830209
dt5201314
dt991231
dtaxy102x
dthkdsy0214
DTK4R9bskh
DTK4S9bskh
DTK4S9btkh
DTK4Sabtkh
DTK4Sabtmh
dtmtwasccataf
Dtt123456
dtwhsk1512
dty153580
du198800
du198819
duaibaobao
duan1234
duan123456
duan1980
duan1981
duan1982
duan1983
duan1986
duan801024
duan927001
duanchao
duanchen
duandawn
duandian
duanduan
duanfeng
duanjian
duanjiang
duanjing
duanleni
duanlian
duanpeng
duanqiang
duanqing
duanruwang
duanwujie
duanxian
duanxiang
duanxiao
duanxl198702120
duanxuan
duanyang
duanying
duanyong
duanyu004
duanzheng
duba2009kfcnba
dubai123
dubing0618
dubing123
duboalex
duck1984
duckarale
duckduck
duckling
duckweed
duddo265
Dudu1201
dudududu
dudula456
dudulang
duduniao
dudunini
dugu9jian
duguiting
dugujian
dugujiujian
duguqiubai
duibuqi007
DUIBUQI521
duizhang
dujiajiyi
dujiandj
dujianfeng
dujiangyan
dujiaoshou
dujiaoxi
dujinghua
dujingwenhaoyun
dujuandemima
dulin258
dumbledore
dumpling
dun20040704
duncan21
dundao1975
DUNHUANG
duoduo123
duoduo123456
duoduo128
duoduo520
duoduo521
duoduo91555
duoduoduo
duoduojo9oo9
duoergun
duolaameng
duolaimi
duoluotianshi
duomaxwell
duomitu159
duongkien
duoqingdaoke
duoshaoshao2009
duoyixie
dupengfei
duqingyu
duqiyaner
dushadusha
dushangxilou
dushijie
dushuang
dushuyan
dusiyuan
dust1031
dust112358?!
dutao0215
dutemimaanhi
duwei123
duxiaodong
duxiaoming
duxiaowei
duxiaoyu
duxingxia
duyanboD0
duyarui87117
duyiwuer
duyonghang
duzheshiwo
duzidengdai
duziyiren
Dv2238001
dvl050117
dw111111
dw123123
dwgyt729
dwm74901982
dwn198210
dwp52906
dws34gbe
dwt123456
dwtdwtdwt
dww286001
dwxf6077
dwxhhy1234
dwyanewade
dwyou116
dwysnlyliu
dx020109
dx123456
dx2395202
dx268160
dx348566882
Dx365412
dx5211314
dx987654
dxfdysscjyie
dxfuflong
dxh13787614396
Dxj4ever
dxl17629
dxm19851013
dxshuo325
dxtz123456
DXx_880201
DY123456
dy197649
dy19791010
dy198816
dy422823
dy5201314
dy7073498
DY720904
dyf0774119
dyf123456
DYH123456
dyj123456
dyjhaode425
dykhmily
DYkiller
dyn5875858617dyn
dyp800611
dyrcjqlgcj
dys8813672
dyxc0204
dyy19860131
dyzhb123
dyzyuhongbnu
dz123456
dz27530704
dzadweiwei
dzd2667617
dzd800214
dzf666123
dzgdzgdzg
dzh123456
dzjtxldby
dzm72168
dzq1987723
dzs67501
dzy8239104
dzz19830126
e0s7p1r7it
e1057409
e11235813
e1234567
e123456789
e1d2i3t4h5
e226eMde
e23456789
e258e258
e28383si
e2XevhlCvq
e2XevhlCvr
e2XevhlDvr
e3u7i8t5
e3XevhlDvr
e3YevhlDvr
e3YevhlDwr
e54p72lnj2
e54q72lnj2
e5d4c3b2a1
e5FhxkqIAw
e5FhxkqIBw
e5FhyjqIAw
e5FhykqIAw
e5FixkqIBw
e5FixkrIBw
e5y7e45ye
e64q72lnj2
e64q72lok3
e64q72mok3
e64q83mok3
E65351656
e65q82knix
e65r82knix
e65r82mni2
e65r82mnj2
e65r82mpj2
e65r83mok3
e65s82mpj2
e65s83mpj2
e65s83mpj3
e6i8r8d4
e71fe71f
e89120d9dfeb
e8i2j2b6
e9n1j1n5
Ea62758802
eager997
eagle123
eagleeagle
eagles..
earlhaig
earthman
earthmar
earthquake
earthworm
easftasegqsrd@12
Eason727
easonchan
easouman
east1234
east2003
eastlxgzr
eastwest
eastwood
easy1234
easy2get
easyboss
easyeasy
easylife
easylove
eatapple
EBAYQIJINGYAN
EBNWQP4n
ec123456
ec820716
ecbf416u
ecdance123
echo0798
echo10411695
echo1234
echo1981
echo1984
echo821128
echo_19831205
echochen
echoecho
echoking
echoohce
ecolyecoly
econometrics
economic
economics
economist
ecsi0135
ecvv123456
ed123456
edc123456
edcnnanaw
edcrfvtgb
edcwsxqaz
eddyeddy
edelweiss
eden79rain
edeng1234
edenpeng
edian2009
edison1007
edison123
edison241
edison520
edisonchan
edisonchen
edisonzl
edit2000
editedit
edmund28
ednapall
edward12
edward123
ee123456
EE960923EE
eedwoai440
eeee1234
eeeeeeeee
eeeeeeeeee
EEEQXXTG
eer534tga
eett@743503
ef692jwz
efabcoloretta
efan1202
efc199853
effection
effica5227
effieting
efgedfggh
efonxhj885200
efwrgtqrg@126.co
egeavgjf@#
egfjhytu
egg1122715
eggplant
ehhe0032
ehinan0898
ei321620
eileen0303
eileen2000
eillen880312
eimbzuo308
einsunlxk
eiyue456
ejdfetjf@#
ejjj2007
ejrcc101
ekinandy
ekincheng
ekinekin
ekineyes
ekingigi
eknow2010
ekotreeabc
elain890312
elandn124
elanso2050
electrolux
electron
electron98
electronic
elegance
elisabetter
elite2009
elitetse
elivs8766
Ella807685
ella990325
ellaella
elleinad
ello46589
elong5930
eloupan708
elva1025
elva1087
elva1987
elva2000
elvaelva
Elvia520
eM5xK7nRRRRR
emailemail
embrace1homo
embsysdd
emi^kinki1979
emilchau
emilly75
Emily1981
emily2045
emily520
emily920guo
emilygu0203
emilyjelly
emilyliu
eminem520
emituofo
emlnengv
emmaemma
emmawatson
emperor8341
emperorxu
en0u2289
en134ever
EN13EN13
encourage
endeavor
endinthe
endless123
endless67
endlesslove
endzh111
energy912
energyhs
energyshow
english1
english123
ENGLISHBOOK
englishenglish
englishman
englishmen
ENGLISHTEACHER
enigmavision.cn
enilnola
enjoy198412
enjoylife
enjoymyself
enrollment
enter000
entER123
enter2000
enterenter
enterprise
ENTERTAIN
enthusiasm
entrance
environment
envision
eongg123
epfst123456
epryijwq
epson001
epson1970
eptrans19
epwq1314
epwqgdnvrh
eqaz2wsx
eqccd123
equation
eqzsyb7f
er123456
er4e45r3
erate4trae4
erbao316
erchu8150
ercun204213
erete4df
erfh1982
ERI3Q9arjg
eric1234
eric1979
eric1983
eric2118
eric443625
eric69ming
eric_wu1988
ericchen
ericeric
ericsong
ericwang
ericyang1969
ERJ3Q9arjg
ERJ3Q9arjh
ERJ3Q9arkh
ERJ3Q9askh
ERJ3Q9bskh
ERJ3R9bskh
erkofer078510
erlcfa520
erma1319
erma1913
ermangzi
erosmail
erse1732
ertbvhe28
ertgetyh
erw5478d
erwow1982
erzi0627
es123456
eshoot123456789
ESJ3R9bskh
ESJ4R9bskh
EsnWstRa55
EsnWstRa65
EsnWttRa65
EsnWtxRa65
EsnWtxSa65
EsnXs0Sa65
esp521fy6
espresso
estar1258
esun8866
esv050210
esxesxesx
et123456
et718718
et760221
etang.com
eternal520
EternalFlame
eternite
ethernet
etian007
EtnWtxSa65
EtnXt0Sa65
EtnXtxTa65
EtnXuxTa65
EtoXt0Sa65
ettorebassi
eu19821220
eucalyptus
eudifcuga
eva05660
eva123456
eva266971
eva821122
evaevaeva
evan554861563
evangeline
evansyoung
even1234
evengood
EVENLOVER
everfree
evergreen
everlast
everlasting
everlove
everyday
everyday1024
everyone
everything
evilangel
ewgegasegsg@126.
ewjc45b8
ewqdsacxz
ewqewqewq
excalibur
excelily
excellence
excellent
exchange
exciting
excuseme
exhibition
exitenter
exitexit
exitmenu
expecting
experience
expo2010
eyes0nme
eyesonhim
eyou.com
ezorro5217
f00tba11
f0restwow
f1111111
f117f117
f1234567
f123456f
f1314520
f18907651234
f1912923935
f1f1f1f1
f1f2f3f4
f1x0j2s5q
f2002jdld
f20082008
f2WdwgkCuq
f2WdwgkCvq
f2XewglCvq
f45kdfyi
f4inlove
f512m723
f5201314
f5211314
f5FhyjqIAw
f5GgyjpHAv
f5GgzjpHAv
f5GhyjpHAv
f5GhyjqHAv
f5GhyjqIAv
f5GhyjqIAw
f6142217
f65r83mok3
f65r83mpl3
f65r83mpl4
f65r83npl4
f65s83mpj3
f65s83mpk3
f65s83npk3
f6c3e5c3
F6yYyb6d
f75r83npl4
f75r84npl4
f75s83npk3
f75s83nqk3
f75s84nql4
f75s84nqm4
f75s93nqk3
f76s93nqk3
f76t93nqk4
f76t94nqk4
f76t94nqm4
f76t94nrjg
f76t94nrm4
f76t94prm4
f7766752
f7777777
f7ngvDgz
f7u9nm3d
f870504f
F88888888
f9600181
f9703401
f97168369
f9810201a
f999888f
Fa000108
fa123456
fa47040808
fa67569685
fa790213
fabregas
fabuzhe789
facai123
facai888
face2face
faceface
facetoface
faemail177668
fafafafa
fafathan
fafazhai
fafentuqiang
FAHRENHEIT
faifai5062
faint123
faintfaint
faintyou
fairfree
fairy1224
fairy1985
fairy520
fairytale
faith0727
fakefake
falcon100
falconer
FallenangeL
fallenleaves
fallenstar
fallinfall
fallinlove
falllxnovember
fallrain
falundafahao
family123
family520
familyfamily
fan1112825
fan12310
fan5201314
fan666666
fan851031
fan_222350
Fan_hereme
fanbing904706
fanbingbing
fanco006
fancuofancuo
fancy123
fancy830308123
fancyboy
fancyfancy
fancyue8z
fanfan0927
FANFAN123
fanfan2010
fanfan520
fanfanfan
fanfeng101
fang0000
fang1123
fang1234
fang12345
fang123456789
fang1314
fang1314520
fang1860
fang1981
fang1983
fang1984
fang1985
fang1986
fang1987
fang1988
fang19881103
fang1989
fang19890816
fang2008
fang2009
fang2259797
Fang6241
fang778899
fang811007
fang861015
fang890929
fangbian
fangbianmian
fangbing
fangchan
fangchao
fangchen
fangcheng
fangchuan
fangdan0104
fangdong
fangerlonglong
fangfang00
fangfang123
fangfang521
fangfangvalen
fangfei131420
fangfei3190
fangfeixinqing
fangfeng
fanggang
fanghong
fangjian
fangjing
fangkan518
fangliang
fanglili
fangling
fanglong
fangmei79
fangmeng
fangming
fangming602
fangning
fangpeipei
fangpeng
fangpengfei
fangping
fangqian
fangqiang
fangqing
fangqini
fangrong
fangshachem
fangshan
fangsheng
fangshiyu
fangshou
fangshuai
fangsong
FANGTIANYA
fangting
fangtong
fangwang
fangwangxinlaw
fangx1981
FANGXIANG
fangxiao
fangxing
fangxiong
fangxu2006
fangxu717
fangyang
fangying
fangyong
fangyuan123
fangyuan851020
fangyue420
fangzhao
fangzhen
fangzheng
fangzhou
fangzong
fangzongliang
fanjiang
fanjiawei
fanjin123
fanjinqi
fanjunchao
fanken1982
fanl8006730
fanliang
fanlijun
fanlin98520
fanlv2010
fannaf@7621
fannwong
fanny1225
fanqiang
fanqiang3329
fanqinger
fanruina
fanslife39
fanslove1
fantao123
fantasy123
fantingting
fanwen5u
fanwenhua
fanwenjun
fanwenjun853898
fanxiang
fanxiaok46
fanxinxin
fanyi521
fanyixin
fanyixuan5257
fanyongg
fanyu1100
fanyue717171
fanyujie
fanyuxiang
fanze2003
fanzhaolin
fanzheng
farewell
farfarfar
farocean
fashion@000
fastasdf
fastfast
fathermother
fatiao111
favorably
favorite
favourite
fay7810025
faye1212
faye1989
faye33287885
fayebest
fayefaye
fayewang
fayewong
fayeyy1860
faynet90
fazai520
fb123456
fb1427sz
fb19541983
fb81e383
fbbyzx2006
fbiveck23
fbkdsqtjq
fc123456
fc19741230***
fc325111
fc4ic6fm
fc667788
fc806167
fcbayern
FCECILIA
fckgwrhqq2
fclfcl78
fcsh2208
fcy001819yfc
fcy1953lmy
fd123456
fd4hsftjisrt@126
FD791112
fd87654321fd
fdf8g000ip7wgh5
fdg494665
fdhf2ug2
FDHJHFG@qq.com
fdiskeditor000
fdiskfdisk
fdjkfdjk
fdrh99888
fdsa1234
fdsa123456
fdsaasdf
fdsafdsa123
fdsafdsafdsa
FDSAJKLг╗
fdsajkl;
fdsarewq
fdv435DFsu
fe123357
feather1314
february
feby1981
fedi2006
fedi2007
feel1152617
feel3921
feelgood
feeling.123
Feeling123
feeling99
feelings
feelwell
fei..782778
FEI011014
fei123321
fei12345
fei123498
FEI13077869285
fei1314520
fei321620
fei3252298
fei7758521
fei80888
fei@0918
feichang
feidajdia
feidear710
feidegenggao
feier123
feifan123
feifan88
feifei0313
feifei111
feifei123456
feifei1314
feifei168
feifei1982
feifei1988
feifei2006
feifei2008
feifei66
feifei761943
feifei871117
feifei88
feifei99
feifeifeifei
feifeihu
feifeili
feifeilong
feifeilove
feifeiS11
FeiFeiwoaini
feifeiyu
feiguoqu
feihaojiu
feihu2000
feihuazhuyue
feihusky
feihuxia
feihuxialmmll
feijge876h
feiji123
feijiqifei
feilin520
feilunhai
feimail828
feinibuke
feinimoshu
feitian123
Feitian2
feitianwu
feitianzhu
feiwenli
feixiang123
feixiang1991
feixiong
feixue99
feiyang241510
feiyang8802
feiyu520
feiyue123
feiyue1256
feiyue2008
feiyue456
feizhai000
feizhuliu
feizilin620
feizilin620WJH
felix!QAZ
felix80113
felixfelix
felixiran
felixqqq
fellatio
fen123456
fen5201314
fendou123
fendou1314
fendou2007
fendou2008
fendou2009
fendou2010
fendouba
fendoubahejun
fendouhejunbin
fenfenfen
feng0911
feng1001
feng1010
feng1017
feng1024
feng102437
feng1126
feng1129
feng1209
feng121685
feng1234
feng12345
feng123456789
feng1314
feng1314520
feng136123
feng16t603
feng1978
feng197806
feng1979
feng1980
feng1981
feng1982
feng1983
feng1984
feng1984228
feng1985
feng1986
feng19860504
feng1987
feng1988
Feng1989
feng198yu
feng1990
feng1991
feng2000
feng2005
feng2007
FENG20070605
feng2008
feng2009
feng2010
feng221723
feng441622
feng451210
feng5678
feng80263
feng8211
feng885466
fengabao
fengaishiyueye
fengbaobao
fengbing
fengbuxiao
fengchao
fengchen
fengcheng
fengchuan
fengchui
fengchun
fengd002
fengdeyse
fengdian
fengdiguan587868
fengding
fengdong
fengdugy
fenger130
fengermei
fengfang
fengfanzhong1986
fengfeifei
fengfeng520
fengfeng6938
fenggang
fenggege
fengguang
FENGHE11
fenghong
fenghua13
fenghuan
fenghuang
fenghuang8
fenghuaxueyue
fenghuishu
fengj625
FENGjia1997
fengjiajia
fengjiang
fengjiao
fengjie520
fengjing
FENGJUAN
fengjuan198039
FENGJUNJIE
fengkang
fengking
fengkuang
fenglanaibama
fenglang
fengleng
fenglian
fengliang
fenglijuan
fenglile
fengliming
fenglin511800
fenglina
fengliutitang
fengllng
fenglong
FENGLOVE
fengmeng
fengming
fengpass2006
fengping
fengqian
fengqiang
fengqiao
fengqing
fengqingyang
fengqiuting
fengquan
fengsan3
fengse22
fengshan
fengshang
fengshao
fengshen
fengsheng
fengshengbang
fengshou
fengshuai
fengshuang
fengshui
fengshun
fengsong
fengtian
fengting
fengtong
fengwang
fengweiwei
fengwg1982
fengwu011
fengwuhui
fengwujiutian
fengxi19860521
fengxia0906
fengxian
fengxiang
fengxiao
fengxiaoli
fengxiaoxiao
fengxing
fengxinzi
fengxiong
fengxuan
fengyang
fengyatou
fengying
fengyingmei
fengyinhong
fengyinhua
fengyiyang
fengyong
fengyu25
fengyuan
fengyuen
fengyujian
fengyujiancheng
fengyun123
fengyun2
fengyun299
fengyutongzhou
fengyuwuzu
fengyuzhe
fengzhen
fengzheng
fengzhengzzz
fengzhizi
fengzhong
fengzhou
fengzhuang
fengzi123
fenshoukuaile
fenxiang
fenxinyihuo
FerrenLee
ferrero0906
FERRO186
festival
fewfasdf
ff110112
ff111111
ff114110
ff123123
ff123456789
ff12982046
ff131420
ff147258
ff5201314
ff520520
ff522zs620
ff575876
ff7758521
ff870106
ff960401
ffbi5161
ffd123456789
ffdd112233
ffdz1234
fff012013
fff111111
fff123456
fff198211
ffff1111
ffff4444
ffff8888
ffffaaaa
ffffcccc
ffffdddd
ffffff123
fffffffff
fffffffffff
ffffffffffff
fffffffffffff
ffffffffffffff
ffffgggg
ffffjjjj
ffffxxxx
fffqqq123
ffg761049
ffjjffjj
ffkch12345
fftq2007
fg123456
fger22dw
fgfthttr5
fgh123456
fgh1314520
fghfghfgh
fghjfghj
fghjjhgf
fghjvbnm
fgy022882
fh123456
fh19860822
fhdg4356
fhg700803
FHJ19911001
fhl515890
fhm13460
fhmilyjing9
fhn513613
fho381974
fhq587681
fhqjmhncq
fhqjugtahn
fhwhg291
fhwrepwq
fhxf7291
FIBERHOME
ficowxw101
fidodido
fifa2000
fifa2001
fifa2002
fifa2003
FIFA2004
fifa2005
fifa2006
fifa2008
fifa2009
fifafifa
fifagary
fighters
fightfight
fighting123
figofigo
figolee123321
filefile
filezhen511422
filip8493
final123
finalfancy
financial
findfind
findlove
findmyway
findtheway
fine.rain
fine1204
finefine
finzaghi
fiona123
fionamoore
fionazheng
fiorentina
fipctrgie
fireandice
firearmy
firearmy2006
FireBird
firefire
fireking
fireshow
firestone
firewind
firewolf
firework
first111
first123
firstfirst
FIRSTjava123
firstone
firsttime
fish0303
fish0616
fish1234
fish123456
fish1985
fish2000
fish2008
fish4444
fishbaba
fishbird
fishbone
FISHCHEN
fisherman
fishfishfish
fishhead
fishking
fishkiss
fishleon
fishleong
fishrabbit
fishwater
fivestar
fiywxj0821
fj112888
fj123456
fj123456789
fj12349876
fj147258
fj19861101
fj256811
fj5228285
fj770613
fj810209jf
fjcy2689
fjf781114
fjfhlnfm
fjfhqkqp
fjfjfjfj
fjfjfjfjfj
fjfjxlxl
fjh0295584126
fjh78wd3@#
fjh7hyd3@#
fjhstsex
fjianxin
fjn0620400129
fjpnwolf
fjqrviqv
fjs3207705
fjw123000
fjw2zmz=1314
fjy710730
fk110110
fk123456
fk19811015
fk600108
fkegmyapwk
fkn070401
fkuefkue
fkuejyiuapsu
fkuekhgm
fkueyin909909
fkukpyaw
fl100800
fl112122
fl123456
fl13900675800
fl5201314
fl654321
fl789456
fl88012015
fl_pku77
flash123
flash5153311
flashflash
flashget
Flextronics
flf72116
flfsoyam
flip194466
flmn830725
floating
flora123
flora1983
flora530
floraecho
floraflora
flower1225
flower123
flower666
flower929
flowerflower
flowertree
flowhizz
flowofsand
fluently
fluffybaby
fly123456
fly1980516
fly19870915
fly20011106
fly55555
fly850209
flybirds
flyblade
flydance
flydeng201847
flydragon
flydream
Flyeagle
flyflyfly
flyforever
flyheart
flyhorse
flyindance
flying123
flying2000
Flying2008
flying99
Flying_zyz
flyingbird
flyingclr
flyingfish
flyingfox
Flyingmyfish
flyingPIG
flyingpig123
flyingsky
flyingsnow
flyingworm
flyinthesky
flylovesyy
flype.160153
flysword
flytiger
flytosky
flytothesky
Flzx3000c
flzx3qcysyhl9t
flzxsqcysyhljt
fm123456
fm3484in
fm801222
fmjfmj!@#123
fmnyzzzz
fnazllywn
fnwfn104
focifoci
followme
foodkiss
foolfish
foolishman
fooluold
foranother
forbidden
forcobol
forest0505
forester
forestgun
forever.
forever123
forever1314
forever20
forever2002
forever327
forever520
forever521
forever619
forever6629
forever7
forever99
forever_yh
foreverforever
foreverhot
foreverlove1314
foreverloveyou
foreverme
forevermedia
forevery
foreveryoung
forfreedom
forfuture
forget123
Forget2757
forgetall
forgetit
forgetlove
forgetme
forgetmenot
forgetyou
forgiveme
forgodan
forgotten
forhappy
forlove2009
format1094
format32
formatedit
formoney
formula1
formylove
formyself
fornever
forrestgump
fortheking
fortianya
fortitude
fortunate
fortune88
forumkey
forzagang
forzainter
forzamilan
fotosay123
foundbrain8
founder123
fountain
fourfour
fourinlove
fourseven
fox123456
fox12n64
fox225537
fox5201314
fox820121
foxcavity
foxconn$88
Foxconn123
foxconn168
Foxconn88
foxfoxfox
foxhound
foxhunter
foxking007
foxkwell
fp123456
fp325808
fpc2882200
FPE95230
fpjzxq123
fq123456
fq123456789
fq3691413
FQI3P8arjg
FQI3P9arjg
FQI3Q9arjg
FQJLB1981
fqqk1315
fqshking0016414
fqw0660abc123
fqxmg123
fr123456
fr19890324
fr824520
fragrance
fragrant
fran0110
fran0127
francais
francesco
Frank123
frank1986
frank741203
frank880328
frankfrank
frankieee
frankietan
frankliu
frankwang
frankwing214
frankzjp
frederic
fredmango
free1234
free123456
free1314
free2006
free2008
free2rhyme
free8280
freedom123
freedown
freefish
freefree
FREEGIRL
freehand
freehata
freeheart
freehuman
freelance
freelancer
freelife
freemail
freemind
freesoft
freesoul
freestone
freetalk
freetime
freewill
freewind
freewolf
freezing
fresh4223
freshair
freshman
FRI3Q9arjg
friday13
friend1130
friend123
friend1314
friendfriend
frogfrog
from1127
fromchina
fromhell
fromnowon
fromyiyang
fronaldoy
frphoenix
FRQ226R2
fruit123
fruitfruit
fs111111
fs123456
fs123456789
fs19810414
fs3212615
FS4591290
fs666666
fsc128315
fsdi1229
fsecxl823557
fsh19620826lyf
fsh2321642
fshidesong
fsm198592
fsq123123
fst123456
fsx123456
fsx870121
fsxysfbi
fsy730182
ft123456
ft152637
ft1746527
ft2726451
ft3619375
ftf123000
ftihqepwq
ftjy1357
ftld20008535a
ftlisiwen
FtnXuxTa65
FtnYuxTa65
ftotttff
FtoXt0Sa65
FtoYt0Tb65
FtpYuxTa65
ftyzgs14
fu121172
fu5577zhang
fu803170
fu810131
fubaba488
fubo37592
fuchen333
fuck11223344
fuck1234
fuck123456
fuck1278
fuck1314
fuck131553
FUCK2000
fuck2007
fuck2008
fuck4444
fuck911usa
fuckable
fuckcsdn
fuckfuckfuck
fuckgame
fuckGIRL
fuckingyou
fuckjapan
fucklanyun
fuckmeman
fucknima
FUCKSHIT
fucktheworld
FUCKTIANYA
fuckufucku
fuckyou00
fuckyou008
Fuckyou1
fuckyou100
fuckyou110
FUCKyou1314
fuckyou520
fuckyou521
fuckyou88
fuckyou888
fuckyouall
fuckyouass
fuckyoubaby
fuckyoufuckyou
fuckyouman
fuckyour
fuckyourmother
fuckyouyou
fudan2000
fudandaxue
fudanfinance
fudefengjing
fuermosi
fufangfree
fufudezheng
fugaoyang
fuhongxue
fuhui123
fuhuojie
fuji0229
fuji3420
fujiaminbca
fujifilm
fujifuji
fujingjing
fujinlong
fujisaki
fujisyusuke
Fujiwara
fujixerox
fujunqiang
fujunsex
fujunyan
fuleilei
fuli0215
fulian303
fuliming
fulinfeng
fullhouse
fun520520
function
funnyface
funshane520
funshion
FuoYu0Tb65
FupYuxTa65
FupYuxTa66
FupYuxTb66
FupYuxUb66
FupZuxUb66
fuqin661126
furongjiejie
FURUIDA000816
fushiwei
fushizhoukan
futingting
future76
fuwengwang
fuwenjun
fuwufuwu123
fuxiao0701
fuxiaobao
fuxiaoli
fuxinbo0305
FUXINBO2008
fuxinbo35
fuxinbo520
fuxuankai
fuxueranshao
fuyanchao
fuyanfuyan
fuyang429
fuyanmin8888
fuyufuyu
fuyun6060
fuzamima
fuzhiwei
fuzhuang
fvbsdgdgdbd@126.
fvcfvcdd
fvsergtwsthw@126
fvvv1827
fw123456
fw123coler
fw19851111
fwf5684256
fwj060122
fwsrtdsyttyfdy@1
fwxueinng
fwy843012
fwyswan123
fwywoaini
fx820824
fxb19870305
fxb520520
fxcljftfzj
fxdilk4e
fxf@hieway
fxlevi0083
fxm520fxm
fxtxzcdj
fxy123456
fxy970509
FY06P46327
fy123456789
fy18955867527
fy200632
fy440asd
fy5201314
fy819700
fy83178688
fy840101
fyc8572306
fycslove
fyfyfy83
fyh152535755
fyj198793
fyjhcfjg
fyoufyou
fyq711026
fyt111111
fytx9i8wsz
fyue1167
fywmh####@
fywnaner
fyx19780222
fyygxnjd
fyytw163
fz123456
fz282109
fz5814390
fzdcaojie978209
fzdjii5h
fzj810611
fzjlfb50
fzqkxeqm
fzs900505
fzx835123
fzydlfll
fzydyzdy
fzyz3435
fzz550709871103
G00DLUCK
g1234567
g12345678
g123456g
g1314520
g13916055158
g147258369
g19860320
g1989212sd
g19941203452g
g1VdxgkBup
g1y9z6j9
g2e1dqwas21
g2q8i9u8
g2VdxgkBup
g2WdwgkBuq
g2WdwgkCuq
g2WdxgkBuq
g3030535
g412j412p
g462791q
g483z567g
g4HgzjpGzu
g4HgzjpGzv
g4HgzjpHzv
g4jw9z6l17
g50268fj
G5201314
g5GgzjpHAv
g5GgzjpHzv
g5HgzjpHzv
g75s94ntm5
g75s94otm5
g76t94otm5
g76t94prm4
g76t95otn5
g76u94prm4
g7777777
g86t95otn5
g86t95otn6
g86t95ptn6
g86u94prm4
g86u94prn4
g86u94psn4
g86u94psn5
g86u94qsn5
g86u95qsn5
g87ua5qsn5
g87va5qsn5
g978213ui
ga123456
gacktgackt
gadabout
gagagaga
gaibianba
gaibianziji
gaimimale
gaishanmingyun
gaiwodeai
galechan
gallardo
game123456
game2001
gamegame
gamegirl
gamegogo
gamehelp
gameking
gamelazy
gamelife
gamemaster
gameplay
gametradeking
gamin8275
gan123456
gan328329
gan6630792
ganegane
ganendexin
ganfei202
gang123456
gang2008
gangchen
gangjian
gangjun521
gangqiang
gangzi6360
ganjiachao
gankai021
ganlanshu
gannianshien
ganniniang
ganqi5745.
ganshenme
gantianaiziji
ganwomei
ganxieshen
ganyang13
ganyu123
gao*/*/985wei
gao080107
gao1103fei
GAO11BAN
gao123123
gao12345
gao12345678
gao2158650
gao2huashi
gao338688
gao34643448
gao36ban
gao5201314
gao582433
gao8jian
gao960328
gao9706041
gaobo2009
gaobosong
gaochang
gaochao431
gaocheng
gaochong
gaochuan
gaodabing
gaodanxuan
gaofei123
gaofeng123
gaogaigar
gaogao123
gaogao520
gaogaogao
gaogaoxingxing
gaohaibo
gaohaitao
gaohongbo
gaohongyan
gaohui619916
gaojiang
gaojianhg
gaojianing
gaojie1986
gaojiehelu
gaojing123
gaojing521
gaojinhui
gaojufang
gaojunjie
gaokanxu
gaolegao
gaoli111
gaoliang
gaolijuan
Gaolingling
gaoming123
gaonaihan
gaopeng003
gaopengfei
gaopogaopo
gaoqiong
gaoshan123
gaoshang
gaoshanke585770
gaoshanliushui
gaosheng
gaoshijie
gaoshuai
gaoshuang
gaosuhong
gaowei0923
gaowei520
gaowei547025005
gaoweiwei
gaowentao123456
gaoxiaofei
gaoxiaoyu
gaoxiong
gaoyan123
gaoyan1979
GAOYAN520
gaoyanan
gaoyang123
gaoyayuan
gaoyifan
gaoyiren
gaoyuan6647503
gaoyuanyuan
gaoyunfeng
gaozheng
gaozhijun
gaozhiping
gaozhiqiang
gaozhiwei
gaozhong
garden7094
gardenia
garnett21
gary791106
garygary
gascoigne
gatekeeper
gathering
gavid807
gavin2009
gb123456
gb206mvpccc
gb980834
gba123456
gbd288322
gbj51329669
gblkkkka
gbxlyf21
gbyh1029
gbzhugbzhu
gc123456
gc28399285
gc710325
gc8396168
gcb418983
gcb99105017
gcc123456
gccdalian
gcdbiwang
gchild99
gcsys3102
gd123456
gd20036508
gd241568
GD3487828
gd529640g529d
gd61249522
gdah197874
gdb1207gdb
gdcqysgdcqys
gdd@1991
gddpc808
gddrskcd
gdgdgany
gdgdmqc123
gdgdshnwq
gdghfqcc
gdgqj0763
gdid19741129
gdidpyaq
gdivsnod
GDJ750918
gdrfds820118
gdsgsadgse@126.c
gdwb798200
gdweb888
gdx801229
ge123456
ge500002
ge5454gjh
gebenhagen
gebin1982
gedoujia
gee012489
geefull522
Geforce4
gege123456
gege520rong
gege871228
gegeaini
gegegege
gegemeimei
geguoqing
gehuaghbn
gehugang
gehugang521367
geiwoganjue
geiwogun
GEIWONIDEAI
gejinrong
geld1686
geli12315
gelianghao
gemengying
gemini0529
geminibonbon
geminisaga
gene&yuyl
generosity
geneyonyhudt
geng840209
gengbiao
gengchao
gengchen
gengchul69
GENGGENG
gengjian
gengliang
GENGMING
gengpeng
gengqiang
gengqingping
gengshaowei
gengu5000
genius123
genius58
genius89
geniusboy
geniuses
geniusgenius
gentleman
geography
george901109
gerenbin
gerenyinsi
gerenyinsi007
gerrygerry
geruhui1977
geshan123
geshuang
gesoriti
gessler38.
gexiaopei
gexiaoyan
gf123456
gf123456789
gf19881112
gf33326645
gf87654321gf
gfaaet634
gfapple770929
gfc610322
gfdree71
gfdsa123
gfdsa1234
gfdsa12345
gfdsahjkl
gfdsahjklm
gff34513451
gffgfgf33
gfhuang2004
gfitxidt
gfjrghfjk
gfq87963
gfr189404
gfs311264
gft123456
gfuk235486@qq.co
gfzy5814280
gg000000
gg001618
gg032520
gg112233
gg123123
gg1234567
gg123456789
GG1985913
gg23768568
gg24632026
gg5201314
gg5211314
gg611014858
gg666666
gg730305
gg7758521
gg841118
ggb427hf
ggfttyhgfgfr
ggg123456
gggcffpgy
gggfdfe103
gggfengle
gggg0316
gggg1111
gggg81116
ggggggggg
gggggggggg
gggggggggggg
gggggggggggggggg
ggggghdyga
GGGGHHHH
ggggmkkk
gggguthpiw
ggggyyyy
gggjjjgggjjj
gggmcwxf
gggmqj880116
gggqbpiq
gggwcwdgtg
gggyniia
ggjjddmm
ggjjggjj
ggjjzhzz
gglovejj
ggpm4qrf
ggpx123456
GGQ15277178918
ggseomima
ggstddup
ggxia4060
ggyy123456
ggyy1314
ggyyggyy
GH123456
gh3952162
gh525706
ghaiziji
ghb123456
ghb163sp
ghb780618452
ghb821219
ghcsqt11
ghh5446964*#gyf
ghj123456
ghj15935596788
ghlx4331
ghost007
ghost113
ghost123
ghost426
ghost520
ghost730
ghost911
ghostboy
ghostdestd
ghostghost
ghostkey
ghostking
ghostprince
ghostrose
GHSGX719
ghtdgfg726
ghtyn123
ghw123456
ghx_lxzy
ghy123456
gi3kemak
giancana
gianluca
gianluigibuffon
giant740
gigabyte
gigi0325
gigi091020
gigi87226jay
GIGIGIGI
gigijojo
gigileung
gigilove
gigiwhay
giller12
gillette
gillgill
gillian0121
Gillian520
gillianchung
ginobili
ginwhite
giordano
girl1234
girl1985
girlGIRL
girllove
giselebbmio
givemeakey
givemeall
givemefive
givememoney
gj112233
gj123456
gj126114
gj5201314
gj529311
gj7991912
gjg5201314
gjggtutgyt
gjhayf45
gjhftijftjf
gjhkl1980
gji654123
gjk4819551
gjlztt123
gjm5024975
gjp8160954
gjwgjwgjw
gjya880815
gjyhaohao
gjz775168
gk123456
gklmswxz
gl123123
gl123456
gl1818ga
gl89puxz
gladiator
gladiola
gladyser
glcaofirst
glf49239575
glittering
gll213000
gllszsby
globalview
glorious
glorytogod
gltt1234
gly123456
gly19681019
gly6667115
glycaonima
gm123456
gm126109
gm5201314
gm865017
gmacrtwam
gmagmd0606
gmail.com
gmailcom
gmailgmail
gmailok8551
gmajgywg
gmf19831212
gmisadog
gmj007007
gn123456
gndhjdtjruk@126.
gnefaijuil
gnet1234
gniynehc
gniyytterp
go123456
go2usa02aug04
go6120395
go810264
go95.com.cn
goabroad
goalgoal
goba1111
god19811013
god516538
god99999
godbless0227
godblessme
Godblessme1989
godblessus
godblessyou
godchild
goddamnit
GODGODGOD
godgundam
godisagirl
Godisdog
godloveme
godsaveme
godspeed
godwithme
gogio2003
gogo1314
gogocat2023080
gogogo11
gogogo123
gogogoalalal
gogogogogo
GOGOJIAYOU
gogopass
GOGOsiji
gogostudy
gohu997391
gojackie
gold1234
gold771160
goldapple
golddoor
goldeneye
goldengate
goldenox21
goldgemini
goldlion
goldsink
goldstar
goldtree
goldzccom
gomeyangyi.com
GoMorita
gonewind
gonewiththewind
gonewithwind
gong1111
gong1234
gong123456
gong1982
gong1983
gongbin1001
gongchandang
gongchang
gongchao
gongchen
gongcheng
gongchengshi
gonggong
gonghang
gongjian
gongjing
gongjuan
gongliang
gongling
gongming
gongpeng
gongping
gongqian
gongqing
gongshang
gongshe2010
gongsunwulou
GONGteng
gongtengxinyi
gongting
gongwuyuan
gongxian
gongxiang
gongxini
gongxuan
gongyesheji
gongying
GONGYONG
gongyuan
gongzhen
gongzheng
gongzhu123
gongziqiao
gongzuo123
gongzuo2009
gongzuo520
gongzuomima
gongzuoshi
gongzuoyong
gonzoopera
goo10002
good000123
good0303
good1234
good12345
good123456
good1982
good2000
good2001
good2006
good2008
good2009
good2010
good2luck
good4now
good8683227
good9999
goodbaby
goodball
goodbetter
goodboy1
goodboyy
goodbyemylove
goodcrm2009
goodfriend
goodfuture
goodgame
goodgoodstudy
goodhome
goodhope
goodidea
goodlife
goodlike
goodlove
goodluck1
goodluck123
goodluck2008
goodluck2009
goodluck2010
goodluck99
goodluckme
goodlucktoyou
goodlucky
goodmood
gOoDmOrInG
GOODMORNING
goodname
goodness
goodness0211
goodnew1234
goodnews
goodnight
goodsoft
goodstudy
goodsystem
goodtime
goodtimes
gooduser
goodwaysi
goodwell
goodwill
goodyear
Google002
google123
google2008
google97
googlebai
googlebaidu
googlecamp
googlecat
googlegoogle
googlemath
googless
googletester
googlexjtu
goose805805
gopassed
gore2008
gospursmanu20
gossipgirl
goto2008
gotoplay
gotoschool
gotoshop
gototianya
gou6220225
gou79212
goudan520
gougou520
gougou9332
gougougou
gougourourou
goukawuyou
gousheng
goushi123
gouxiong
government
gowest0325
GOWITHMYSELF
gowithwind
gowithyou
gozo8888
gp123456
gp123456789
gp189888
gp820109
gpgmppmm
GPH2N89qif
GPH2N89qig
GPH2P89qig
gq123456
gq211179
GQH2P89qig
GQH2P89qjg
GQH2P8aqjg
GQH2P8arjg
GQI2P8arjg
GQI3P8arjg
gr523413
gr5660884
gr790808
grace123
grace1983
grace1988
grace20011114
gracedandan
graceful
gracegrace
gracehua
gracelady
gracelee
graceliu
gracewang
graduate
graphics
gravitation
graygot912
great1111
great123
Great2003
greatchina
greatgreat
greatlife
greatman
greatyang
greatytt
green123456
green1979
greenapple
greenblue
Greenday
greendream
greenforest
greengirl
greengrass
greengreen
greening
greenland
greenleaf
greenlight
greenme123
greenriver
greensea
greensnake
greenspan
greentea
grhsyghl
grosvenor
groupshoes
grsb613723
grthwrsrkjds@126
gryan114
gs.7867553
gs123321
gs123456
gs19811013
gs2516zh
gs6804060
gsau0059
gsbergsber
gsdf3252
gslove0409
gsn926476wan
gss542856
gssdf3252
gssh2008
gsy232317
gsyps123
gszj7271
gt123456
gt141314
gt5929282
GT5URET6E
gtgggggggg
gtj_904759
gtszylcd
gtt841343
gu123456
gu730630
guaibaobao
guaidandan
guaigmao7706
guaiguai2
guaiguai520
guaiguai521
guaishou
guan1111
guan1234
guan123456
guan1987
guanaochao
guanbin999
guanbinbin
guanchao
guancheng
guancong
guanda123
guanda456
guanda456789
guandong
guanfeng
guang123
guang123456
guang1986
guang1987
guang2008
guang520
guang521
Guang8288
guangdong
guangfeng
guanggao
guanggun
guanghua
GUANGHUA1TY
guanghuas
guanghui
guanghuisuiyue
guanghxy0863jing
guangjian
guangjiao
guangjun
guangliang
guanglong
guanglun
guangmang
guangmei
guangming
guangming09
GUANGping
guangrong
guangrui
guangsha
guangshan
guangsheng
guangsu168
guangtou
guanguan
guanguan19860822
guangwei
guangxian
guangxin
guangyang
guangyi4466
guangyin
guangying
guangyuan
guangzhou
guangzhouhuixia
guangzhouyuer
guanhua917
guanjian
guanjing
guanliang
guanlijuan
guanling
guanmiao
guanping
guanquan
guanshan
guansheng
guanshijie1280
guanshiyin
guanshuai
guanshui
guanshui123
guanta3721
guantang
guanting
guanxian
guanxiao
guanxinbaggio
guanyang
guanying
guanyong
guanyuan
guanyunru
guanzhong
gudan1314
gudanbalei
gudubuku
gududeren
gudujian
gudujianke
guerlain
guessguess
guessing
guessnone
guesswhat
guestguest
guestyes123
gufeiyan
gugepinyin
guguan1010
guguibin
guhfcufnhc
guhongliang
gui1$aiGUI
gui12345
gui123456
guide986
guidongxi
guigui123
guigui66
guiguigui
guijiamaoyi
guikai5900486
guiliheye
guilin0773
guiqiang
guiqulai
Guitar06
guixi197752
GUIXIANG
guizhong
GuiZi2008
gujiajia
gujiangang
gujicuowu
gujishouji
gukai025
gulestaiwan
guliang19861011
guliguli
gumuxiyang
gunba007
gundam00
gundam0079
gundam0083
gundam123
GUNDAMGUNDAM
gundamseed
gundamwing
gundan0412
GUNNIMADE
gunramp6
gunsnroses
guo.001225
guo12345
guo123456789
guo198921
guo2007abc
guo50222
guo860818
guobaojian
guobiaoli
guochan007
guochang
guochen627
guocheng
guochuan
guochucan
guodanni
guodanpi
guodegang
guodong520
guofen1988
guofucheng
guoguang
guoguo123
guoguo1988
guoguo22
guoguo520
guoguo521
guoguo88
GUOguoGUO
guoguolige
guohaibo
guohaiyan
guohanjun
guohongbo
guohongyan
guohua123
guohua520
guohuijun
guohuimin
guojhgogo
guojia123
guojia520
guojialin
guojian123
guojianbo
guojiang
guojianhua
guojimilan
guojinan
guojing123
guojing520
guojingjing
guojingming
guojiwei
guojj1112
guojun1980
GUOJUN520
GUOjunjie
Guojunxian001gjx
guoke73151025
guokeeryi
guokeyzg
guolicheng
guolizhen
guolong849
GUOLUGUOLU
guoluren
guolv1314
guomeili
GUOMINGFENG
guoqi123
guoqihaoda
guorui123
guoshanshan
guosheng
guoshijie
guoshijun
guoshuai
guoshuang
guotao123
guowei123
guoweiwei
guowenjing
guoxiang
guoxiaodong
guoxiaoke
guoxiaoyu
guoxiliang
Guoxin123
guoxinad
guoxiong
guoxuguang
guoyanan
guoyanyan
guoyuehong
guozheng
guozhenyou
guozhilongalon
guozhiqiang
guozhong
guozhouwind
GuoZu0tb65
GuoZu0tb75
guozx21389ASD
gupiaosimu
GupZu0tb75
GupZu0tb76
GupZuxUb66
GupZuxUb76
GupZvxUb76
guqiang007
GuqZvxUb76
gushiheima
gutentag
gutianle
guxi1986210
guxiang1989
guxinghan1226
guxinglei
guyanyoulan
guyingliansi123
guyuxiali
guzhengqi
guzhihua
gvdfg48789
GvpAv0tc76
GvqJvxVb76
GvqZvxUb76
GvqZvxVb76
gvwuogfa
gw123456
gw4277815
gw640618
gwendoline
gwrek430
gwvtvvfb
gww830811
gwwyd1029
gwxing123
gx123456
GX1314520
gx543200
gx619617
gxau1eyd
gxcmyrb2007
gxd510510
gxf5081011015
gxfc2009
gxl123456
gxnuhuyi
gxp554364946
gxphgxphgxph
GXQS15807012858
gxtdh3658
gxy111111
gxy741741
gxy861214
gxy890721
gy111111
gy123456
gy123456789
gy1314520
gy1666666
gy198614
gy198693
gy19960125
gy19960125GY
gy222222
gy810304
gyb123456
gyc123456
gyc520627
gyc571213
gycxdbtx
gyf123456
gyfylys0105
Gyfyy0321
gyh0inging
gyl01252
gyl123456
gyl54321
gyn549527
gyq123456
gysbw12345
gyt780527
gytlh123
gyw13976308586
gyx123456
gyy101081
gyy5689305
gz111111
GZ123456
GZ123456789
gz123654
gz987654321
gzc105105
gzfgamfe
gzfgd196300
gzgigzgi
gzgzgzgz
gzmscctv168
gzs82983826
gzslwddhjx
gzwnmn05291008
gzx040485229
gzxwhcct
gzy123456
gzy2966375
gzzps888
gzzz1138
h072245e
h1111111
h123123123
h123456h
h1234b1234
h123698745
h1314520
h1653210591115
H19711971
h1977g819
h197900s
h19830627
h19830825
h19860212
h1987103
h1990316
h1e0n2g4
h1h2h3h4
h1i5t0n3
h1UcyfjAtp
h1VcxfjBup
h1VcyfjAtp
h1VcyfjBtp
h1VdxgkBup
h209425y
h23698745
h2oloveice
H319xykq
h3385918
h4HgAinGzu
h4HgAipGzu
h4HgzipGzu
h4HgzjpGzu
h4IfAinGyu
h4IfAinGzu
h4IgAinGzu
h5211314
h56yh56y
h5706355
h616926g
h6s5q4543
h721120f
h761120h
H7758258
h7777777
h78hr6d4
h86t95ptn6
h86u95ptn6
h86ua5pto6
h86ua6ptot
h86ua6qtot
h87va5qsn5
h87va5qtn5
h87va5qtp5
h87va5qtp6
h87va5rtp6
h88888888
h89647426
h8u7a9y2a5
h8y40012
h963852741
h97va5rtp6
h97va6rtp6
h97wa6rtp6
h97wa6rup6
h97wa6ruq6
h987654321
h99999999
ha123456
haaping66
haby1366
hack123456
hackbase
hacker001
hacker007
hacker008
hacker123
hacker2008
hacker520
hackergh
HACKERHACKER
HackingToolz
hackkuang
hades123
hadesjun
hadiyeye
hagendasi
haggangin
hagongda
haha0713
haha123123
HAHA1234
haha12345
haha2008
haha2009
haha8024
hahadaxiao
hahaha123
HAHAHAHAHA
hahahehe
hahahuhu
hahajing
HAHAKING
hahalala
hahalong
hahawang
hahawoaini
hahaxiao
hahaxixi
hahayuyu
hai1wen2
hai5201314
hai5211314
hai654321
hai800120zyj
hai897897
haibaraai
haiBO123
haicheng
haichong
haichong00.
haichuan
haidaopaopao
haidenver
haier123
haier990818
haierhaier
HAIFEISI
haifeng0
haifeng123
haifeng3
haiguang
haihaihai
haihaoma
haihuang
haihun19871228
haijiang
haijun123
haikediguo
haikuotiankong
hailan..
hailang123
hailanlan
hailanse
hailiang
hailin123456
HaiLing715
hailiu19690126
hailong123
haimei521
haimenwuzhi
haimianbaobao
haimo315
haina8712
hainabaichuan
hainan0898
hainan123
hainan123456
hainan200
hainan23a
hainan66277268
hainan888
hainanchangjiang
hainandao
hainanhuatian
hainanren
haiqiang
haisea99
haishang
haisheng
haishiaini
haishiainijiao
haishiwo
HAISHIzhaofei1.
haitao123
haitao1986
haitian0
haitianccm
haiwei123
haiweisijia
haixia.com
haixia123
haixia521
haixiang
haixiong
haiyan123
haiyan520
haiyang123
HAIYANG198781
haiyang521
haiyangzhixin
haiyantt
Haiyieyan
haiyue520
haizeiwang
haizhilian
haizhizi
haizhong
haizhongs
haizhuang3631
hakkinen
hakulamatata
hakunamatata
halaolao
haleyhyp
half8012
halflife
halfmoon
halibote
haliluya
halingna
halisicarol
halleluja
hallelujah
halou007
haloua1234
hamasaki
hamburger
hame548586
han071025
han12345
han123456789
han125263
han1965812
han19821013
han198911
han5201314
han7758521
han810109
han8633629
han8838107
han968508
hanaili425
hanamichi
hanbaobao
hanbijun_06
hanbing083
hanbing33
hanbing520
hanchang
hanchao123
hanchen1987
hancheng
hanchuan
handanct
handandm
handanwoaini
handaojushi
handawei
handhand
handinhand
handong1
hanDONG123
HANDSAME
handshow
handsomeboy
handsomenie
haneck13
hanew12345
hanfeizi
hanfeng123
Hang9zhou
hangcheng
hangeng0209
hangeng19840209
hangeng2007
hangeng520
hangeng521
hangenuk
hanghaijia
hanghang123
hangtian
hangtian8
hanguang
hanguo612
hanguowawa753
hangzhou2009
hanhan0121
hanhan123
hanhan123456
hanhan520
hanhan521
HANhan918
hanhanhan
hanhanlove
hanhanyan
hanhaoniao
hanhua004
hanjianan
hanjiang
hanjiangxue
hanjiaqi
hanjingjing
hanjun123
hanjuzaixian
hankyung
hanliang
hanlimin
hanlin123
hanlint123
hanliping
hanmengaa
HANNIBAL
hanqiang
hanqiang123
HANQIAO111
hanrui3699
hans1006
hansha829
hansheng
hanshuai
hanshuang
hanwei123
hanweiwei
hanwudadi
hanxb001
hanxi2003
hanxiang
hanxiangyuan
hanxiao123
hanxiaohua
hanxiaohui
hanxiaoyu
hanxintong
hanxinyu
hanxiucao
hanxu123
hanxy626
hany2008
hanyang123
hanyu123
hanzaixi
hanzhen123
hanzheng
hanzhong
hao1111111
hao123123
hao123321
hao123com
hao123hao
hao123hao123
hao13456
hao14378457
hao147258
Hao1Peng5Y
Hao1Peng5You
hao258369
hao4444hao
hao456789
hao518890
hao527349
hao527388
Hao7758521
hao841218
HAO880880
hao971215
haoareyou
haobao888
haobaobao
HAOBUHAO
haocheng
HAODE123
haoer520
haohaidong
haohao111
haohao520
haohao521
haohaoai
HAOHAOAINI
haohaoaiwo
haohaoaiwo1018
haohaochi
haohaode
haohaogongzuo
haohaoguo
haohaohuo
haohaohuozhe
haohaonuli
haohaoshenghuo
haohaoxue
haohaoxuexi123
haohaozuoren
haojia0828
haojiang
haojiejie
haojiubujian
haokan123
haoku268268
haolaiwu
haolaogong
haolaopo
haoliang
haomafan
haomeidemama
haomeimei
haoming1114
haonan520
haonaner
haonaner07
haonanren
haonvhai
haonvren
haoqiang
haoqibaobaomay
haoqiujunziwmzy
haor200808
haoren123
haoren2009
haoren888
haorenhao
haorenpingan
haorenyige
haoshi777
haoshijie
haoshuai
haoshuang
haotaoyou
haotianqi
haotianya
haotingo
haowan123
haowangg
haowen22
haowuliao
haoxiang
haoxiaozi
haoxinqing
haoxiongdi
haoxuesheng
haoyangmao
haoyanli
haoyouduo
HAOYUE840302
haoyuhui19701226
haoyumen
haoyun167
haoyun2008
haoyun2009
haoyun2010
haoyun99
haoyunlai
haoyunqi
haoyuping
haoyutou1314
haozhang
haozhu1986
haozi123
haozi520
haozi521
haozihaozi
hapaworld
happ2002
happiness82
happy000
happy001
happy007
happy0505
happy100
happy1013
happy109504
happy110
happy111
HAPPY1123
happy121
happy1210
happy1216
happy1234
happy123456
happy125
happy1314184
happy13579
happy147
happy1622
happy168
happy1974
happy1978
happy1979
happy1981
happy1982
happy1983
happy1984
happy1985
happy1986
happy1987
happy1988
happy1989
Happy2001
happy2002
happy2003
happy2004
happy2005
happy2006
happy2007
happy201358
happy333
happy365
happy366
happy4012
happy4ever
happy5201314
happy521
happy612
happy666
happy7210
happy777
happy789
happy828
happy888
happy895
happy911
happy923
happy999
happy9999
happyANGEL
happyapple
happybaby
happybear
happybird
happybirthday
HAPPYBOY
happycat
happychen
happyday123
happyday1437
happydearbook
happydog
happydream
happyending
happyever
happyfamily
happyfantokel
happyfirst
happyfish
happyfly
happyforever
happyhour
happyhours
happyhrs
happyhrx
happying
happyjeery
happyjia
happyjoy
happyking
happylee
happyleilei
happylife
happyling
happylisa
happylove
happyluck
happylucky
happymajia
happyman
happymore
happyness
happynew
happyone
happypig
happysky
Happysmile
happystar
happysun
happysun0909
happytianya
happytiger
happytim
Happytime
happytoday
happytogether
happywen
happywmw
happywxy
happyxie
happyyan
happyyang
happyyeti
happyyou
happyzd161984
haras8848
hardaway
hardship
hardwork
hare1120
hare1301
harebird
harecn110
hareluya
harp1983
harpgua02
harry123
harryharry
hartmonk1980126
harveyzhou
hashida1994
hatehate
hatelove
hattle0729
haveaniceday
haveatry
havy.6671817
hawk2linai
hawkhawk
haze1160
hb131209
hb8997913
hbc218wjm
hbj123456
hbjltter
hblovedjs
hbq75187181
hbq79337620
hbsz8888
hby123456
hby19820905
hby5201314
hbzh2003
hc006986853
hc00850417
hc123456
hc401520
hcd73828tsdl
hcf1987122
hch123456
hch13312879028
hchchchc
hchwxjtiwns33321
hcj123456
hcj197938
hcl123456
hcl690828
hcl9103251212
hcm55755575
hcxqazwsx
hcy123456
hcy13140915
hcy971101
hd122156
hd123456
HD198846
hd5201314
hdcs123456
HDDJ12334
hdf7264662
hdgcxf780630
hdj6024370
hdjhdjhdj
hdjhhdjh
hdjysoft
hdkj13452
hdljdylzsx
hdsngclfjz
hdwlh159
hdx761226
hdy2571314
hdzlywysxk
hdzxs1982
he20060214
He333yan
he5201314
he655600
he8450518
he860310
he_751229
headshot
heaiqian1314
heart9999
HEARTdiky549
heaven123
heaven916
hebaodan
hebe830330
hebehebe
hebei123
hebeisheng
HEBIANCAO
heboquan
heckerbo
HECKLE521
hedgehog
hedyhedy
heechul0710
heejun23
heejunmoon
HEEROYUY
hefan123
hefei123
hehaijun
hehailong
hehe1234
hehe123456
hehe1986
hehe3172
hehehaha
heheyouhou
hehongbo
hehongyan0611
heidan270
heiguafu512
heihei123
heiheiha
heiheihaha
heiheihei
heike3600
heike5656
heikediguo
heilongjiang
heimawangzi
heimukai
heineken
heisehuiyi
HEISEYOUMO
heishehui
heitianshi
heitianshinana
heixiaoff
heizhizhu
hejiabei
hejiahuan
hejiahuanle
hejiajun
hejialin
hejian123
hejianbo
hejianfeng
hejianhua
hejianjun
hejianwei
hejie123
hejie520
hejiehejie
hejingwei
hejingyu
hejinhua
hejinlong
hejunfeng
hejunjie
hejunxiang
hekou777
hekui850620
hekun432928
HELaure0706
HELEN0155
helen123
helen2008
helen321
helen520
helen_1226
helenhelen
helenwang
helicopter
heling1985
helinglei
helinling125
helipeng
heliping
hell12hell
hell1984
hellangel
hellgate
hellhell
hello000
hello001
hello007
hello110
hello116
hello12345
hello123456
hello168
hello1984
hello2000
hello2002
hello2006
hello2007
hello2008
hello2009
hello2010
hello46589
hello520
hello5791
hello8107
helloangel
hellobaby
helloboy
hellochina
hellocsdn
hellodearbook
hellogirl
hellogod
hellojack
hellojenny
helloketty
hellokity
Hellolily1234
helloman
hellonihao
helloooo
hellorabby
hellotianya
hellowing
HELLOWORD
helloyang
helloyou
hellozplx120
hellsing
hellvien
hellwolf
helly1982
help1234
helpyourself
helu0824
helu3773
heluohou
hema940813
heman2002
hemei123
hemingway
hen111111
henaihenai
henan123
henanren
henansheng
henanxcren
henduoqian
heng0703
heng987104YUAN79
hengcomt
hengcomy
HENGheguinan
henghua375267969
hengshan
hengsheng
hengshui
hengtian
hengxing
hengxinhai
HENGyang
hengyuan
henhao1999
henhenai
henhenhen
henianfu
heniyiqi
heniyiyang
henizaiyiqi
henjiandan
henkaixin
henmeili
Hennessy
henry#790725
henry1214
henry123
henry520
henry777
henryhenry
HENXIANGNI
henxingfu
heper1234
heqingfeng
hequan19830125
hequhecong
herat8210
herbalife
here8901104
hereisme
herewego
hereyouare
hero0126
hero1234
hero123456
hero1981
hero1986
hero19860126
hero2000
hero2009
hero2613145
hero5201314
hero520an
herobar1
herohero
herohome
heroisme
herolvhe
herongxin
heroruxpin
herosong
herotime
herufeng
heshangtou
heshanshan
heshuang
hesitate
hetao123
hetao883721
hetaoren
hetherhu1978
heut2008
heven123
hewego11
hewei007
hewei123
hewei520
hewei7826836
heweidong
heweihewei
heweihua
heweiwei
heweiycl
hewenjing
hewenjun
hewernever
hewittandi
hewubaisha
hewuulan
hexi1982
hexiaobo
hexiaodong
hexiaogang
hexiaohua
hexiaolu
hexiaoyu
hexieshehui
hexin123
hexinhexin
hexinyuan
hexue8086
hexuejie
hey781110
heyan520
heyanheyan
heyanhua
heying123
heyingying
heyiyang
heyoh10060go
heyuanhua520
heyuanman
heyuanyuan
heyufeng
heyuheyu
heyujiehlfwp2222
heyuqing
heyuxuan
heyuying
hezhihua
hezhijun
hezhiqiang
hezilong
hezixiao
hezuqing
hf123456
hf13384332
hf644023
hf998602
hfb123456
hfdsh2101
Hfh7909817
hfj056600
hfnjqrvbw2
hfp5503116
hftyuma4hytjkyio
hfyyalhy
hg123456
hg123456789
hg19840209
hg516888
hg5201314
hgaidflka
hgbrush2009
hgdbfgdhbdc
hgdymnjxs
hgfedcba
hgg123456
hgg1234567
hggbkhgjhg@126.c
hgh11603
hgh123456
hgj8839600
hgkupqtd
hgl1161639
hglkicky
hgq123456
hgsthrytrhuu
hgwzzlyc
hgy123456
hgz200361
hh000000
hh111222
hh123123
hh123321
hh1314520
hh19750107
hh19881010
hh3712381
hh5201314
hh520520
hh562353111
hh654321
hh780708
hh888888
hh88king
hh989999
hhbb6812
hhd33025251
hhghq094167
hhh12345
hhh123456789
hhh987ttcnscz
hhhgxmz888
hhhh8888
hhhhhhhhh
hhhhhhhhhhhhhhhh
hhhhyyyy
hhhlgq1026
hhj123456
hhj7758521
hhj780806
hhl19630905
hhm721015
hhp100100
hhp805926
hhrhhrhhr
hhtdhome
hhxxhhxx
hhxxttxs1981
hhxxttxsh
hhxxttxx
hhy12345
hhy5201314
hhy530530
hhy741227
hi123456
hi28827j9
hi654321
hi794pub457
hibarikyoya
hibiscus
hic92mcc
hicom300
hide1213
hide2323
hide9852
hidehide
hidetoshi
hieepass
highhigh
highland
Highlight
hihi19870312
hihihihi
hihimine
hihitaxi
hiiqvt521
hikari1826
hikarunogo
hikyoaaa
hill123456
hillhill
Hilllili
hilllily
himalaya
himan222
himawari
hin#11913
hinet2006
hingis930
hinscheung
hinter21
hio81hs8
hirainbow
hit123456
hit99control
hitler1945
hitravel
hiwayyjy
hiyan228
hiyouhzg3*#
hj000000
hj11040208гб
hj11040208
hj111111
hj123123
hj123456789
hj5201314
hj647746hj
hjb740313
hjbb963852741
hjc123456
hjdnssdmm
hjf123456
hjgandlp
hjh123456
hjh19850911
hjh6519878
hjhj9988
hjiaying
hjj123456
hjj65440616
hjjhbbbb
hjjpyg520
hjk123456
HJKL1234
hjkl123456
hjklh159
hjklhjkl
hjl123456
hjm060184
hjpfqkxw9c
hjqlnhjqln
hjr19850116
hjs5533851
hjsys1234
hjt00000
hjtsqfish
hju22636
hjx19851013
hjx19870320
hjx701106
hjy123456
hjy198200
hjy60012891
hjyy6681
hjyz20031140062
hjz123456
hk123456
hk123456789
hk169hk169
hk195888abc123
hk1982727
hk199771
Hk336699
hk774307
hk833981
hk8464698
hk987654
hkg3t4l42e
hkhk998998
hkhzqsm12189510
hklzlhkl
hkny0229
hkqy1210
hkswyhwqaywc
hktyzybwmxnq
hky1987322
hkyule30
hl033798
hl0411043
hl111111
hl1314520
Hl5201314
hl770725
hl780809
hl8332910
hl8520802
hl88386275
hl963712
hlj123456
HLL00000
hll123456
hll198589
hlptangwen
hlq123456
hlx052585
hly1111`
hm123456
HM123456789
hm701026
hm8682522
hm871114
hm880911
hmh123456
hmily0046
hmily123
hmily1314
hmily1984
hmily520
hmily521
hmilyhmily
hmilymx1984m
hmilyyang
hmlovexx
hmq881211
hmyxzxhqny2009
hmz1681001
hn09gs26
hn123123
Hn123456
hn123456789
hn197552hn
hn2354679
hn3495187
hn432255
hn67822605
hna10175
hnaqkdx123
hnbcyrnd
hnce123456
hnchy5234477
hnczjtyrbl
hndlxh0214
hndtfaps
HNG2M89pif
HNG2N89pif
HNG2N89qif
hngwghngwg
HNGxM89pif
hnj1234560
hnjfr2009
hnldxxee
hnlgdx001
hnlgdxllf
Hnlyee88
hnuycc0102
hnwltc332339
hnxtulyj
hnxvzheng
hnym711201
hnzjjsls123
hohohoho
hol3spot
holdmyown
holidays
holiland
HOLLYWOOD1017
holyshit
home1234
home123456
home1985
home2008
home5211
HOMEALONE
homehome
homeland
homeland12345
homepage
homerplayman
homesick
hometown
homeworld
homo810812
honehone
honey123
honey1314
honey325738
honey520
honey521
honey7688
honeybaby
HONEYHONEY
honeymoon
honeyMOONMOON
honeywell
hong.hong
hong023023
hong11223344
hong1234
hong1314
hong1314520
hong1314521
hong13233
hong1982
hong1983
hong1984
hong1985
hong1986
hong1987
hong2007
hong2008
hong2009
hong22yan
hong2597758
hong340510
hong3453126
hong3590150
hong6344
hong9090
honganczh
hongbage
hongbing
HONGchao
hongchen
hongcheng
hongchun
hongdeng
hongdong
hongdounv
hongfeng
honggang
hongguang
honghaier
honghe123
honghegu
honghong123
honghu888
honghuige
hongjian
hongjiang
hongjing
hongjinlong
hongkang
hongkong1997
honglabi930
honglang
honglian
hongliang
hongling
honglong
hongloumeng
hongloumeng0301
hongmeigui
hongmeng
hongmian
hongmiao
hongming
hongnong
hongpeng
HONGPING
hongpingguo
hongqian
hongqianbi456
hongqiang
hongqiao
hongqing
hongquan
hongshan
hongshang860407
hongshao
hongshaorou
hongshen
hongsheng
hongshuangxi
hongsong
hongtai1233
hongtashan
hongtian
hongting
hongtong
hongwang
hongwei123
hongwenfushi
hongxian
hongxiang
HONGXIAO
hongxing
hongxing8
hongxuan
hongyang
hongyang0515
hongyanlao
hongyi2010
hongyi58
hongying
hongyisi
hongyong
hongyuan
hongzhen
HONGZHI=
hongzhong
honolulu
hony2511787
hoodoozhang886
hooligan
hoopchina
hop828ivy213
hope2008
hope2009
hope7333
hopefree
hopehope
hopeisgoodthing
hopeless
hopeness
horseman
hospital
hot123456
HOT4ever
hotel119
hotforever
hothot12
hothothot
hotkangta
hotmail123
hotmailcom
hotnrgses
hotwater
hou123456
hou19810930
hou8872185
hou9c98r
houdezaiwu
houhou0306
houhouhou
houjibofa
houliang
houlipeng
houqiang
househao
houshuai
houxiang
houxiaoli
houxubest841121
houyanbing
houzhenzhong
houzi123
hover520
how123456
how98woh
howareyou1
howareyou123
Howbuy2007
howbuyjack
howcanido
howdoyou
howdoyoudo
howmissyou
howmuchiloveyou
Hp123456
hp20081226
hp5201314
hp654321
hp67327291
hpcc1218
hpdv2409
HPG2N89qif
HPH2N89qif
hphw7675
hpihpdhpihpd
hplenovo
hpprince
HPronaldo
hpwc3ta65g
Hpzntzen
hq123456
hq123456789
hq8211991
hqb5554433
hqd76118
hqm4239602
hqm707365152
hqnndqhhcczzxy
hqtc2009
hqy123456
hr123456
Hr134rUi
hr13974952453
hr564413128
hrggtlh159
hrl19890527
HRQ051929p
hrs6983616
hryhrtyujuwhu@12
hs10248529
hs12341234
Hs123456
hS13908312567
hs1ii2hu3ue4
hs25856744
hs410524
hs4r956gg
hs5201314
hs619306
hsbc1234
HSC123456
hsdwc007
hseandhse
hsgdkxkg$#
hshouly1015
hshshshs
hsj123456
hsj19871201
hsjandlt
hsnxuebin
hsq123456
hss911th
hss911ty
hsslxd721022
hssmytygcs
hsstd8kk
hsw123456
hsw159357
hsw201284
hsxy5290
hsypty618
hsyy27791111
hsyycomcn
ht198402ht
ht31415926
HT3605002
ht5201314
htaiao72
htbenet100
htc040511
hTJL$BISuat%
htrgfhfs
htsz1234
HTTJUNsoul
http123456
http19831010774
http://blog.tian
http://id.tianya
http://www
http://www.ruito
http://www.tiany
httptianya
htxx19641234
htyrkshjly@126.c
hu-5612690
hu000000
hu030714
hu083716
hu123123
hu1314520
hu1982xj
hu19870808
hu19911212
hu222333
hu429801
hu5201314
hu666666
hu6862050
hu690540067
hu821125
Hu8875711
hu915101
hua111111
hua12345
HUA1314520
hua199111250
hua5217051
hua8$79656
hua84625
huabanxuan8385
huabi1982
huacaoqing170
huachang
huacheng
huadongligong
huaer84650
huafang123
huafeihua
huafeng796
huafengjiao
huaguang
huahao815
huahaoyueyuan
huaheshang
huahua123
huahua1234
huahua123456
huahua520
huahua521
huahuafei
huahuagongzi
huahuajia
huahuashijie
huahudie
huaigeaini
huaihaizi
huaihua0797
huailian
huainanhai
huainian
huaixiaozi
huaixuan1004
huaiyuan
huaizhong
huajia125310
huajia212
huajian0101
huajiandao
huajiang
huakaihualuo
huakaile
hualiang
hualingli7
huall198410
huamanlou
huamulan
huan123456
huan1987
HUAN5201314
huanbing
huanbing18
huancai1973219
huancheng
huanfeng
huang000
huang0000
HUANG001
huang007
huang009
huang0594
huang100
huang1013
huang1020
huang1026
huang110
huang111
huang1121
huang119
huang1212
huang1230
HUANG12345
huang1314
huang1314xu
huang159
huang163
huang168
huang1977
HUANG1978
huang1979
Huang1980
huang1981
huang1982
huang1983
huang1984
huang1985
huang1986
huang1987
huang1988
huang1989
huang1990
huang2000
huang2001
huang2005
huang2006
huang2008
huang2009
huang2010
huang227
huang230
Huang2718
huang321
huang369
huang456
huang485179
huang521
huang701
huang75585267
huang77102
huang789
huang8292
huang88671151
huang888
huang919
huang923
huang999
huangbao
huangbiao
huangbin
huangbinG
huangcan
huangchang
huangchen
huangcheng
huangcheng1614
huangchi
huangchong
huangchuan
huangchun
huangcong
huangcun
huangdai
huangdan
huangdearbook
huangdefeng
huangdh693
huangding
huangdong
huangdou
huangfan
huangfang
huangfei
huangfeifei
Huangfen
huangfeng
huanggang
huanggua
huangguan
huangguang
huangguo
huanghai575887
huanghaibo
huanghaii
huanghaijun
huanghaiyan
huanghan
huanghang
huanghe123
huanghe520
huanghelou
huangheng
huanghong
huanghou
huanghuan
huanghuanghuang
HUANGHUIQ
huanghun
huangjia
huangjiabin
huangjiagan
huangjiahui
huangjiaju
huangjiali
huangjian1
huangjiang
huangjianping
huangjiao
huangjiaqi
huangjiaxin
huangjiayi
huangjie59
huangjing520
huangjingjing
huangjinhua
huangjinJIA
huangjinrui
huangjinsheng
huangjinxin
huangjinzhu
huangjiu1990
huangjl520
huangjuan
huangjunkun
HuangKan
huangkang
huangkedong
huangkui
huangkun
huanglan
huanglang
huanglei123
huangli123
HUANGLI520
huangli86
huanglian
huangliang
huangliang520
huanglihua
HUANGLIJUAN
huanglili
huanglin
huanglina
huangling
huangling0610
huanglini
HuangLinLin
huangliping
huangliu
huangliwei
huangliwen
huangliying
huanglong
huangma50
HUANGMAO
huangmei
huangmeiying
huangmeng
huangmiao
huangming
huangna871028
HuangNan
huangnihao
huangning
huangniu
huangpan
huangpei
huangpeng
huangpengfei
huangping
huangqi1121
huangqi520
huangqian
huangqiang
huangqiao
huangqiao526
huangqilin
huangqin
huangqing
huangqiong
huangqiu
huangquan
huangqun
huangran
huangrihua
huangrong
huangrui
huangsan
huangsang
huangsanye
huangsen
huangsha
huangshan
huangshang
huangshao
huangsheng
huangshi
huangshiyu
huangshu
huangshuai
huangshuang
huangshufen
huangshun
huangshuo
huangsisi
huangsiyu
huangsong
huangtang
huangtian
huangting
huangtong
huangwang
huangwei520
huangweibin
huangweihua
huangwen
huangwenxu
huangxia
huangxian
huangxiang
huangxianzhi
huangxiao
huangxiaofeng
huangxiaohua
huangxiaojun
huangxiaomei
huangxiaoming
huangxiaoyan
huangxiaoying
huangxiaoyu
huangxijing
huangxing
huangxing1984
huangxiong
huangxixi
huangxuan
huangxue
huangxun
huangyajun
huangyali
huangyan123
huangyang
huangyang1314
huangyanhui
huangyao
huangyi123
huangyifan
huangyimin
huangyin
huangyity
huangyiyi
huangyou
huangyuan
huangyuanyuan
huangyue
HUANGyueRONG17
HUANGyueRONG3217
huangyuhua
huangyujie
huangyumao
huangyun
huangyunming
huangyuxia
huangyuyu
huangzhan
huangzhang
huangzhao
huangzhe
huangzhen
huangzheng
huangzhi
huangzhiming
huangzhiwei
huangzhong
huangzhou
HUANGZHUO
huangzijie
huangzijin
huanhe458
Huanhuan
huanhuan11
huanhuan123
huanhuan82
huanjian
huanjiea
huanjing
huanlegu
huanleyuan
huanling
huanlong
huanmeng
huanmima
huanpeng
huanpopo001
huanqian
huanqing
huanqiuof
huanting
huantong
huanxi789
huanxiao
huanxing
huanxiong
huanyingni
huanyoushijie
huanzi66
huanzi66.
huaqiang
huaqingqitue
huaqizhi
huashao19890412
huasheng
huashengmi
huashida
huatugou
huatujiaoyu
huawei1982
huawei2007
Huawei2008
huawuque
huaxia123
huaxiang
huaxianzi
huayang123
huayangnianhua
huayicch
huayin2009
huayu01235
huayugs888
huayugs8888
huazaizai
huazelei
HUAZHANG
huazheng
huazhong
huazi123
huazi2002
huazi520
hubeicjh
hubeidaxue
hubeiren
hubeiwuhan
hubin1225
hubin3101426
huchun1978
hudan520
hudandan
hudeibufei
hudie520
hudiefei
hudiehua
hudiehudie
hudx0508
HUERJING119
hufen0103
hufenga0
hufuqi0709
hug123456
hugoboss
huguohui
huha2006
huha945132068
huhailong
huhainan
huhaitao
huhaiyan
huhaiyang
huhang520
huhehaote
huhufree
hui123456789
hui1980peng
hui19870924
hui19930720
hui37740240
hui77hui
hui815976
huibao88
huibo2010bbb
huicheng
huichufang
huidaoguoqu
huifeideyu
huifeiyanmie
huiguniang
huiguorou
huihaode
huihaohulian
HUIHAOQILAIDE
huihuang
huihuang2008
huihui11
huihui123
huihui1234
huihui1314
huihui1983
HUIHUI521
huihui727
huihuihui
huihuxidetong
huijia123
huijiale
huijiale999
huijkgtf10
huili123
huiliang
huilongguan
huiqiang
huiqiang512
huiseguiji
huisheng
huitailang
huitonghw
huixiang
huixie3379
huixiong
huiyiguoqu
huiyinglei
huiyongluo
huiyuewu
huizhang
huizhong
huizihuizi
hujia123
hujia1314520
hujia520
hujiacheng
hujiahuwei
hujian520
hujianfeng
hujianhua
hujianhua1978
hujianhuji
hujianjia
hujianling
hujianping
hujiawei
hujie123
hujie520
hujieqiong
hujingjing
hujingtao
hujingyu
hujinhua
hujinhuan
hujintao
hujun123
hujunhao
hujunjie
hujunzou
hukai123
hulaquan
hulayi23
huleizi137
huli123456
hulijing
hulijuan0811
huliming
hulinbing
huling1104
hulingbo
hulk031too737
huluo007
huly123456
human1026
human123
humanman
humeiqiao
huminde1987
huming198669
humingming110423
hunan123
HUNAN98gl
hunandaxue
hunanpan
hunanren
HunDan123
hundanhundan
hunk107723
hunt1128
hunter001
hunter119
hunter123
hunter751
hunterhunter
HUNZIYUHT
huo0080129012
huo123456
huodejingcai
huoguang
huojian520
huojianhua
huoliang
huolieqing
huoniao405
huoshangke
huoxingren
huoyan20
huoying1013
huoyingrenzhe
huoyuanjia
hupengfei
huping123
huqingqing
huqinqin
hushanshan
hushanwen
hushijie
hushiwei
hushuang
hushuobadao
husong520
husthust
huting5241
hutingting
huty1231
huwangbeibei5438
huwei123
huwei520
huwei521
huweijie
huweiwei
huwenbin
huwenjie
huwenjing
huwenjuan
huwenjun
huxianming
huxiaobo
huxiaodong
huxiaofei
huxiaofeng
huxiaohui
huxiaojun
huxiaolei
huxiaolong
huxiaoming
huxiaoping
huxiaoqing
huxiaowasa
huxiaowei
huxiaoyan
HUXIAOYU
huxiaoyun
huxingwei
huxueyan
huxuwen19901112
huyan520
huyan770103
HUYANBIN
huyang123
huyanhua
huyanyan
huyinghua
huyishun
huyou80832
huyoukuma
huyuan1990121
huyuanyuan
huyuefeng
huyujuan
huyunfei
huyunfeng
huyunyun
huyuting
huzhenhua
huzhigang
huzhihong
huzhijie
huzhijun
huzhiqiang
huzhiwei
huzihuzi
hvivi6679
HvpAv0tc76
HvqAv0tc76
HvqJvxVb76
HvqJwxVb76
HvqJwxVc76
HvqJwxWc76
Hvqzv0tc76
hw123456
hw127127
hw19821223
hw19860903
hw19870524
hw19880517
hw5201314
hw580213
hw810810
hw810829
hw828184813
hwamwofn
HwaNsung
hwb159753
hwf123456
hwh83721
hwinwy7f
hwj217718
hwjiang1125
hwl123123
hwmimi1021
hwq25419971
HwqIwxWc76
Hwqzv1tc76
HwrIwxWc76
HwrIwxWc77
hwsangsi
hwt1025dhw
hwx123456
hwy116929
hwy123456
hwy6812160
hx123456123456
hx123456789
hxall52166
hxd123456
hxf123456
hxf750118
hxh123456
hxh15854243002
hxh1982727
hxj1357908642
hxj191516
hxl123456
hxm123456
hxm19771113
hxm2zsl'
hxm771113
hxm830213
hxmludingj
hxmnicholas
hxp123456
hxq123456
hxqndszgffyy
hxw123456
hxw831026
hxx020310
hxx123456
hxy123456
hxy751224
hxz1001q
hy010304
hy111111
hy123123
hy1234567
hy123456789
hy198687
hy1987324
hy2065223
hy2858184
hy3674716
hy459421
hy466310706
hy513902
HY5201314
hy731222
hy741105
hy87011530
hy884848
hyacinth
hyanby123
hyb123456
hyb19820208
hyC095140
hychhych
hyde1234
hyde1314
hyde1969
hyde19690129
hyde69129
hydehyde
hydemylove666
hydetetsu
hydraulic
hydrogen
hyds0984
hyesung19791127
hyesung791127
hyf123456
hyf5215131
hyf54321
hyg87731354
hygd2008
hyh12172
hyh123456
HYHHYHHYH
hyix3113
hyj121315
hyj123456
hyj19811116
hyj1987592006
hyjqt1213
hyl1029168
hyl123456
hyn123456
hynh2046
hyp123456
hyp263957
hyperion
hyq123456
HYQ19770727001
hys720401
hyself828
hyswallow
hyt333666
hywjczcdmx
hyx123000
hyx123456
HYXX0327
hyy123456
hyy1985062711
hyy5111989
hyz123456
hyz2191957
hz000000
hzb8622521
hzbheddh
hzc082603
hzems2009
hzf258963
hzf380721
hzgjadmin
hzh123456
hzh5yybz.
hzhaitian
hzhhaotu
hzins618
hzj123456
hzj88521
hzjd777777
hzjnbtnt711212
hzl1234560
hzl331982
hzljh771101
hzllovekxp520
hzq980129
hzqsunshine
hzw770525
hzwyf090726
hzx999999
hzxjjhgd
hzy123456
I'm@.110
i10vejuventu5
i123456789
i19617i19617
i1UbzfiAso
i1Ubzfizso
i1UcyfjAtp
i1UczfjAto
i2u13huzf6
i32wj1982
i3547vgotone
i3a5e9i9
i3JfBinFyt
i3lverson
i4IfAinFyu
i4IfAinGyu
i4IfBinFyt
i4IfBinFyu
i4JfBinFyt
i5884172
i5j7y8r2jaq
i7758521i
i7k1g6y8
I8023U4ever
i8023you
i8ijjmk7
i8n34heg92
i97va6qtpt
i97va7rtpt
i97vb7rtpt
i97wb6ruq6
i97wb6ruq7
i97wb6rxq7
i97wb7r0qt
i97wb7rtqt
i97xb6sxq7
i98xb6sxq7
i98xb7sxr7
i@fuckyou
ia8xb7sxr7
ia8xb7sxr8
ia8xb7txr8
iadore911
iaihchah
iaiwojia
iajliaah
iam123456
Iam1girl
iam91bbc
Iama100tc
iamababy
iamabird
iamadmin
iamafish
iamafool
IAMAGENIUS
iamagirl
Iamagoodboy
iamagoodman
iamagreatman
iamahacker
Iamahero
iamakiller
iamaking
iamalawyer
iamalen1
iamaliar
iamalone
Iamamouse
iamanangel
iamangel
iamangela
iamannie
iamapple
iamaries
iamassi27
iamastudent
iamatalent
iamateacher
iamatiger
iamatree7822
iamawinner
iamawolf
iambest1
iambutter
iamcarol
iamchenjin
IamChina
iamchinahacker
iamchinaren
iamchinese
Iamcoming
iamcrazy
iamdaisy
iamdavid
iamdevil
iamdoris
iamechoh
iamfirst
iamflying
iamfrank
Iamgenie
iamgenius
iamghost
iamgreat
iamguest
iamhacker
iamhandsome
iamhappy
iamhelen
IAMHENRY
iamhewei
iaminmontreal
iamintianya
iamjacky
iamjerry
iamjulia
iamkanjian
iamkevin
iamkiller
iamlanier
iamlemon
iamliwei
iamlucky
iamluyes
iammyself
iamnotfool
iamnothing
iamnumber1
iamoktoday
iamonnet
iampanda
iampanyan
IAMPANZER
iampigwenwen
iampkrushblue
iampower
iamprince
iamrabbit
iamready
Iamsailing
iamsavage
iamsherry
iamshine
iamsimon
iamsogua
iamsorry
Iamsosad
iamsososo
iamstone
iamsun1984
iamsunny
iamsuper
iamsuperman
iamtangchuan
iamthegod
iamtheking
iamtheone
iamtiancai
Iamtiger
iamwaiting
iamwanghui
iamwangxs
iamwater
iamwhatiam
iamwhoiam
iamwinner
iamyou23
iamyourfather
iamyours
iamzhiying
iamzxjx168
ianthorpe
iavlplmo
iawgivff520
iaxyiyqjt
ibalance
ibelieve
IBELIEVE1
ibelieveican
ibelieveicanfly
ibmformat
ibr543289
ic123456
ic59um39
icanfly1130
icanfly13
icanfree
icanican
ICANMAKEIT
icanpass
icanplay
icanremember
icbc1111
icbc1234
ICDADMIN
ice12345
ice123456
ice850324
ICECREAM
icecream111
iceiceice
icepoint
iceprince
icerain11
iceriver
icewater
iceworld
ichbinklee
ichliebe
icipourlec
icipourleche
iclsarah
icrosoft
ics810725
icy19861009
icy252731374
id.tianya.cn
id123456
id198463
idcps123456
idealist
ido1212ido
idoitforyou
idoloveyou
idonotknow
idonotloveyou
idontcare
idownload
idreg@hainan.net
idszdsga
idWriter
ie123456
ieee1394
ieee8023
ieeefellow
ieeetpds
ieloveyou
IEs_051695
iesss008
ievtk288
ifconfig
ifeelgood
ifeelyou
ifiamagirl
ifindyou
ifuckeyou
ifuckyou
ifuleyou
ifuns1028
ifyouloveme
ifytycyc
igceludng
igegqkqp
IGNORE00
igoodluck
igowei123
Ihate123
ihatehim
ihateilove1983
ihatemyself
ihateyouforever
ihaveadream
ihaveyou
ihcat510126
ihcccihcc
ihdmhsgh
ihecec02
ihgyg0523
ihihsiqbb
IHOPEIHOLD
ihsmgk20061102
ihssiuwj
ihuge920
IhyIlysz
ii123098
iI123456
ii13141314
iiioookl
iiloveyou
IINCHINAondemand
IIOVEYOU
iipciipc
iirabbit
iisman37
iitiit521
ijoinnow
ike780219
ikillyou
ikissyou
iknowyou
iKrp3014
ikxukx4yy
IL0VESTEF
il0vey0u
il0veyou
ilcocolee
ilhanmansiz
Ilhermione8
ilhj1314
ilikeapple
ilikeblue
ilikecat
ilikefly
ilikeher
ilikeido
ilikeilike
ilikejay
ilikemoney
ilikemusic
ilikesex
Iliketianya
iliketony
iliveyou
ill12345
illes5145
illusion
ilmf525j
ilmmilmm
ilmu42ilmu42
iloevyou
iloueyou
ILOVE007
ilove123
ilove12345
ilove1314
ilove163
ilove1981
ilove1983
ilove1985
ilove2005
ilove2008
ILOVE2HCX
ilove364712
ilove520
ilove555
Ilove777
ILOVE8114366
ilove888
ilove911
ilove925
ilove998
iloveabao
iloveada
iloveakira
iloveallen
iloveamy
iloveandihate
iloveandy
iloveangel
iloveann
iloveannie
iloveapple
ilovebaby
ilovebaobao
ilovebbs
ilovebear
ilovebibi
iloveblue
ilovebmw
iloveboa
ilovebobo
iloveboy
ilovebsb
ilovebsb210
ILOVECANDY
ilovecat
ilovechen
ilovecherry
ilovechida
ilovechu
ilovecici
ilovecloud
ilovecoco
ilovecoffee
ilovecomic
iloveconan
ilovedandan
ilovedepp
ilovedog
ilovedog77
ilovedollars
ilovedream
iloveduozi
ilovedyou
iloveecho
iloveelva
iloveemily
iloveeric
iloveeva
ilovefaye
ilovefei
ilovefeifei
ilovefeng
ilovefish
ilovefive
ilovefootball
ilovefox
ilovefree
Ilovegame
ilovegege
ilovegigi
ilovegirl
ilovegzwy
iloveher
ilovehere
ilovehong
ilovehot
ilovehua
ilovehui
ilovehxy
ilovehyde
iloveice
iloveilove
iloveinter
iloveivy
ilovejack
ilovejacky
ilovejaluo
ilovejane
ilovejanet
ilovejava
ilovejeff
ilovejenny
ilovejerry
ilovejia
ilovejiajia
ilovejie
ilovejin
ilovejing
ilovejingjuwoai3
ilovejolin
ilovejolin99
ilovejoy
ilovejuan
ilovejudy
ilovejun
ilovejun1314
ilovekangta
ilovekeita
iloveken
ilovekevin
ilovekiki
ilovekimi
ilovekitty
ilovekobe
ilovekun
ilovekx9880166
ilovelan
ilovelaopo
iloveleaf
ilovelee
iloveleehom
ilovelei
iloveleo
iloveleslie
ilovelife
ilovelili
ilovelily
ilovelin
ilovelina
ilovelinda
iloveling
ilovelinux
ilovelion
ilovelisa
iloveliu
ilovelois
ilovelondon
ilovelong
ilovelulu
ilovelyx
ilovemama
ilovemaomao
ilovemary
ilovemay
iloveme896120
ilovemei
ilovemelo
ilovemeng
ilovemilan
ilovemimi
ilovemin
ilovemoney
ilovemoon
ilovemovie
ilovemqf
ilovemsn
ILOVEMUM
ilovemusic
ilovemybaby
ilovemycat
ilovemyhome
ilovemyparents
ilovemyson
ilovenana
ilovenancy
ilovenba
ilovenesta
ilovenet
ilovenic
iloveniuniu
ilovenrg
iloveoov
iloveowen
iloveparis
ilovepeng
ilovepig
iloveping
ilovepsl
iloveqiqi
iloveqiu
iloveqsr
iloverain
iloveraul
Ilovericki
iloverigri
iloverock
iloverong
iloverose
iloverui
iloveryou
ilovesafin
ilovesainio
ilovesakura
ilovesammi
ilovesea
iloveshe
iloveshi
iloveshiho
ilovesky
ilovesnow
ilovessshin
ilovestar
ilovestone
ILOVESUMMER
ilovesun
ilovetan
ilovetang123!
ilovetao
iLOVEthis
ilovetianya
ilovetianyu
ilovetina
iloveting
ilovetom
ilovetotti
ilovetutu
ilovetvxq
ilovetwins
iloveu123
iloveu1314
iloveu2002
iloveu20070513
iloveu520
iloveu521
iloveu82
iloveu88
iloveu99
iloveubb0124
iloveucn
iloveudearbook
iloveujustso
iloveusa
ilovevic
ilovewang
ilovewei
ilovewen
ilovewho
ilovewife
ilovewin2k
iloveworld
ilovewqp
ILoveWyh
ilovexia
ilovexiao
ilovexin
Ilovexing
ilovexixi
ilovexue
ilovexuyi
Ilovey0u
iloveyan
iloveyang
iloveyanzi
iloveyao
iloveyaya
iloveyhm
iloveyin
iloveying
iloveyoni
ILOVEYOU.
iloveyou0
iloveyou00
iloveyou007
iloveyou0201
iloveyou100
iloveyou10000
iloveyou11
Iloveyou12
iloveyou1234
Iloveyou12345
iloveyou123456
iloveyou12345678
iloveyou125
iloveyou13
iloveyou1314520
iloveyou1978
Iloveyou1982
iloveyou1986
iloveyou1987
iloveyou2006
iloveyou2007
iloveyou2008
ILOVEYOU2009
iloveyou22
iloveyou23
iloveyou2410
iloveyou33
iloveyou5
iloveyou77
iloveyou79
iloveyou8
iloveyou81
iloveyou82
iloveyou828
iloveyou83
iloveyou86
iloveyou88
iloveyou888
iloveyou9
iloveyou959595
iloveyou99
iloveyou999
iloveyou?
iloveyou@
iloveyoubaby
iloveyoubb
iloveyouchina
iloveyouhebelv
iloveyouiloveyou
iloveyouli
iloveyoulily
iloveyoumm
iloveyoumore
iloveyouok
iloveyouqiuqiu
iloveyour
iloveyouso
iloveyouto
iloveyoutoo
iloveyoutt
iloveyouty
iloveyouu
iloveyouyu
iloveyouzc
iloveyouzj
iloveyoyo
iloveyuan
iloveyue
iloveyuki
iloveyun
iloveyuo
iloveyuyu
iloveyxl
ilovezhang
ilovezhao
ilovezhen
ilovezhi
ilovezhou
ilovezhu
IloveZHUZHU
iloveziji
ilovezxh
ilovezxj
ILQQ19881114
ILSars01
ilsports
iltomato
ilu19820417
ilvcf0214
ilvqcmcp302
ilxjfeazqy
ilxx1207
ily123456
ily1314520
ily19830923
ily5201314
ily701138
ily9191723
ilycfl72
ilyforever
ilyiyeqingons
ilyliouyan
ilymtics
ilypjhm5211314
ilywanlz0910
ilyzj13141314
ilzhaoqing
ilzlyilzly
im2bz2cu
imagination
imdewftc
imdragon
imfriend
IMFxM78phe
IMFxM78phf
imissingyou
imissyou1314
imissyou1999
imlovinit
immanuel
immglnow
immortality
imonoyama
important
impossible
imthelaw
imustwin
imwinner
incentive
incestuous
incoming
independence
individual
ineedmoney
ineedtoknow
inetinet
inevergiveup
infinite
infinitytech
info1234
infotech
infrasys
infuture
INFxM78phf
ing10086
ing100ing100
inginging
ingodwetrust
INGxM78phf
INGxM79phf
INGxM89phf
INGxM89pif
ingzhang
inhechao
inheil4ever
inhere0412999
inin2000
init1234
initiald
INMYHEART
inmylife
innocence
INNOCENT
innovation
innovision
insist373
insomnia
Inspiration
inspiron
instinct
insularity
insurance
intasect
intel123
intel1234
intel@123
intelamd
intelinside
intelligent
inter123
inter1908
INTER1919
interest
interesting
interests
interface
intermilan
international
internet1
internet123
intertek
intheend
inthesky
inthesun
intimate
intranet
intruder
intuition
Inuyasha
INUYASHA0105
inventec
inventor
INVINCIBLE
invisible
inzaghi777
INZAGHI9
iojiayan
iop000lm
iop123456
iopiopiop
iopjkl12
iopjklbnm
iopjklnm
iopkl1902
ioribbly
ioriiori
ioriyagami
iotawing
iouforever
iouiouiou
iouyzy34
ip332211
ipconfig
IPGXIIVTHDXKJ14
ipipipip
ipkhytyhwkfa
ipodnano
ipq0809ipq08091
ipqmfk123
ipqwwfn88
ipromise
iptmsamu
irene19810127
irenefun
ireneirene
iricochbl
iris1220712
ironfish52
Ironlion@sz
isbn2870
isdnadsl
iseeemi22.
iseekyou
ishemleIt.
ishidaakira
ishizitong
isis1027
isolation
isp13net
issaballa
issn1005
istic2000
isyouwu.33
it123456
itcastflx
itfmddip
Ithink14
ithinkican
ithinkso
itisholmes
itisme43
itisme55
itismine
itismylife
itismymail
itjisiwen120
itok5678
itolfjfh
itskydesk
itsmylife
itxau1220
itxgdqty
iu810709
iuew84fkd
iugo2006
iunbeliever
ivan1982
ivanchen
ivanivan
ivanwang
Iverson03
iverson123
iverson333
iverson76
iverson88921
iviczdyy
ivnckg5n
ivory981
ivrog112233
ivv52088
ivwjdwfn
ivwnuieud
IVY820313
ivytongxiaoji
iw9603505
iwaityou
iwannafly
iwantfly
iwantit69
iwanttodie
iwanttofly
iwanttowin
iwantyou
iwbfree217
iwillback
iwillbe1realhero
iwillbeback
iwillbefine
iwillberealhero
iwilldoit
Iwillfly
iwillgetit
iwillgoon
iwillican
iwillkillyou
iwillrockyou
iwillsuccess
iwillwin
iwillwin138
iwjfkcjd
iwjun1978
Iwqyw10c86
Iwqyw10d86
Iwqzv1tc76
Iwqzw10c86
Iwqzw1tc86
IwrHw2Xc87
IwrHx2Xc87
IwrIw2Wc87
IwrIw2Xc87
IwrIwxWc77
IwrIwxWc87
Iwryw10d86
Iwryw10d87
IxrHx2Xc87
IxsHx2Xc87
ixukcixukc
iy330008
iy960607
iyachi123
iyachi2010
iyachi920
iyachi99
iyipihcox
j001x803
j0803994
j0TbAeizso
J0yce71o
j12345678
j19700426s
j1978628
j19830425
j19850404
j1Tbzeizso
j1Tbzfizso
j20000214z
j314l159
j3JeBhmFyt
j3JeChmExt
j3JeChmFxt
j3JfBhmFyt
j3JfBimFyt
j3JfBinFyt
j3ZeChmExt
j4361116
j5201314
j5z8e5r5
j62187200
j62717758
j6623709
j6t5uytt
j790103n
j8781942
j8a0c6k12
j8g7WEy0
j9620012
j97wb7r0qt
j98ojmju
j9dbddkk
ja123456
ja7wb7r0qt
ja7wb7s0qt
ja8wb8s0rt
ja8xb7txr8
ja8xb8s0rt
ja8xc8s0rt
ja8yb7txr8
ja8yb7txs8
ja8yc7txs8
ja8yc8txs8
ja8yc8txsx
Jabil123
jack0753168
jack1234
JACK12345
jack1978
jack1981
jack1982
jack1983
jack1985
jack2000
jack2002
jack2008
jack2009
jack413026
jack6983
jack76543210bean
jackchen
jackecheng
jacket9527
jackey789zhy
jackeyljy
jackeyqiu
jackie123
jackie1983
jackie1985
JACKIE2008
jackie203
jackiechan
jackiechen
jackjackjack
jackjiang
jackjones
jackkathy
jackking
jacklove
jackrose
JACKRYAN
jacksong
jackstraw
jackwang
jacky007
jacky00hai
jacky123
jacky123456
jacky126
jacky2000
jacky520
jacky888
jackyang
jackyboy
jackychen
jackycheng
jackycheung
jackyjacky
jackylau
jackylee
jackywang
jackyyang
jackyzhang
jackyzhao
jackzeng
jackzhang
jackzhou
jade1987
jade8512
jadejade
jae198045
jaejoong
jaesuk83
Jaimehoon
jajajaja
jakejake
jalenlee
jamboree
jameokxmj110
james007
james1978
james1982
james1985
james520
james925
jameschen
jamesjames
jamesjayon
jamesking
jameslee
jamesliu
jameszhang
jamin2008
janathan
jane1011
jane1234
jane123456
Jane2222
Jane686758
jane700422
Jane8235
Jane85429
jane9101
janeeyre
janejane
janelove
janetjanet
janezhang
jangnara
jangwoohyuk
janmonyuky
janny1214
Janskein
japdudes
jarjinlee
jaserring
jasilo12
jasion1004
Jasmine123
jasmine2007
jasmine56
jasmines
jason007
jason0107
jason0124
jason021
jason1018
jason1220
jason1234
jason123456
JASON1981
jason1983
JASON1987
jason3721
jason4585
Jason520
jason520ma
jason888
jasonchen
jasonfashion
jasonhuang
jasonjason
jasonkid
jasonkidd
jasonking
jasonlee
jasonliu
jasonlove
jasonlu111
jasonwang
jasonwood
jasonyang
jasonzhang
jassica3573
Jaszd2009
"java""1023"
java1234
java123456
java2010
javabean
javacfxx
javalove
jay123456
jay19790118
jay1979118
jay5201314
jay790118
jay7991608
jay8230005
jay86fast
jayangel
jaychou0118
jaychou520
jaycncom
jaycool!
jayjayjay
jayjolin
jazzysong
jb123456
jb151712
jb88fwt2q3
jb8yc8uxsx
jb9yc8uxsx
jb9zc8uxsx
jb9zc8uxtx
jbgsnjbgsn
jbj112131
jbjhhzstsl
jbldzswb2009
jbond007
jbrjbr123
jbsishou
jbuilder
jbwanglei
jc123654
jc176b911
JC19800212
jc19865292229
jc19880206
jc5220861
jccjccjcc
jcferrero
jcg86108812
jchan420
jcq835261
jcszjswk
jcwl0000
jczg64353382
jd123456
Jd200901
Jd3LL8oF
jdd716159
jdl788105czq
jdyou8899
je640715
jean1763
jean906272
jeanjean
jeanne123
jeansecool
jeanswest
jediknight
jedyviking
jeeRj1688
jeetkunedo
jeff0326
jeff1984
Jeff670326
jeffchang
jefferjeffer
jeffhsia
jeffjeff
jeffrey0210
jejetdut
jekki198071
JELLY966
jellyfish
jemanwong
jenjen521
jennali428
jennifer123
jenny-860222
jenny0117
jenny1211
jenny123
jenny520
jenny760229
jennyjenny
jerilelva
Jerry0101
jerry123
jerry1984
jerry520
jerrychen
jerryjerry
jerryjia
jerryliangda
Jerrymouse
jerrytom
jerryyan
jerseyasa
jerusalem
jesi07545168998
JESLEYHEJING
jess4ever
jesse520
jessi123ca
jessic4455
jessica123
jessica1981
jessica320
jessica520
jessicasun
jessie123
jessie930602
jessielee
jesuisunepomme
jesusloveme
jeteaime
jeveancn
jevin2004
jevousaime
jey0129jey
jf123456
jf13974408729
jf520318
jf601028
jf666666
jf770422iou
jf880421
jf888999
jfjfjfjf
jfpslh00
jfss1111
jfss9999
jg123456
jgchun5039
jggaiwrl
jgqgyws13
jh123456789
jh131824
jh5201314
jh6063dcl8806jy
jh981118
jhd123456
jhdhyeyhthe@126.
jhgy1308
jhj741121
jhj761019
jhk661818
jhkv7n78
jhkyygydq
jhl781201
jhohy12345
jhrcgl2000
jhs*2***01
jhwujian234
jhy123456
jhy192929
jhyaa6688
JI1984mmy
JI810115
jia11068525
jia12345
jia123456789
jia20010916
jia4734287
jia5211314
jia6087511
jia811003
jia820610
jia86035536
jiabao2121
jiabao520
jiabao77
jiabaoyu
jiacheng
jiackjia
jiade1234
jiafeimao
jiageiwoba
jiageweb
jiahewanshixing
jiahui123
jiaiziji
jiaji1981
jiajia&ice
jiajia00
jiajia000
jiajia06
jiajia0705
jiajia1012
jiajia1025
jiajia12
jiajia1234
jiajia1314
jiajia1982
jiajia1983
jiajia1984
jiajia1985
jiajia2008
jiajia2009
jiajia66
jiajia88
jiajiade
jiajiajiajia
jiajiajing
jiajiale
jiajialiu
jiajiao2010
jiajiaxiong222
jiajiazhu1106
jiajieshi
jiajin510
jiajingwen
jiajinming
jiajinsan123123
jiaju123
jiaju20000
jiakechong
jiakejuan521
jialaolian
jialeyan
jiali123
jialiang
jialihui
jialiming
jialin123456
jialing@123
jialovejia309313
jiame427
jian.123
jian0201
jian0739
jian1000
jian1111
jian1234
JIAN123456
jian1314
jian1980
jian1981
jian19830415
jian1984
jian1986
jian1988
jian1989
jian2002
jian2006
jian333888
jian5201314
jian624122
jian7700
jian99qmwn99
jianbing
jianbing121
jianchao
jianchen
jiancheng
jianchengqmwn
jianchi123
jianchibuxie
jianchidaodi
jianchun
jiancong
jiandan123
jiandan520
jiandanqinxin
jiandanshenghuo
jianding
jianding0304
jiandong
jianeite
jianfang
jianfei123
jianfei423
jiang000
jiang001
jiang007
jiang1011
jiang1020
jiang110
jiang111
jiang1206
jiang1234
jiang12345
JIANG123456
jiang123456789
jiang125
jiang1314
JIANG1314520
jiang159@li
jiang168
jiang1978
jiang1979
jiang1980
jiang1981
jiang1982
jiang1983
jiang1984
jiang1985
jiang1986
jiang1987
jiang1988
jiang1989
jiang1990
JIANG2008
jiang2009
jiang2010
jiang2484
jiang321
jiang414925
jiang456
jiang521
jiang541500
jiang630
jiang6741
jiang85901386
jiang888
jiang999
jiangafu
jiangang
jiangbao
jiangbei
jiangbei1
jiangbiao
jiangbing
jiangbobo
jiangcai
jiangchang
jiangchao
jiangchen
jiangcheng
jiangchu
jiangchuan
jiangchun
jiangcong
jiangdan
jiangdawei
jiangding
jiangdong
jiangfan
jiangfang
jiangfei
jiangguang
jianghai
jianghaiyan
jianghan
jianghang
jianghao107
jiangheng
jianghong
JIANGHU11
jianghuan
jianghuang
jianghuchuan
jianghuo12688
jiangjia
jiangjiang123
jiangjiaqi
jiangjin
jiangjing
jiangjing191505
jiangjintao
jiangjuan
jiangjun1234
jiangjunjie
jiangjunling
jiangkai
jiangkang
jiangkun
jianglai
jianglan
jianglbin
jiangli520
jiangliang
jianglihua
jianglijun
jianglili
jianglin
jiangling
JIANGLIPING
jiangliu
jianglulu
jiangman
jiangman891127
jiangmei
jiangmen
jiangmeng
jiangmiao
jiangmin
JIANGMING
jiangnan123
jiangnanyu
jiangning
jiangong
jiangpan
jiangpei
jiangpeng
jiangpengfei
jiangping
jiangqi0215
JIANGQIAN
jiangqiang
jiangqiao
jiangqin
jiangqing
jiangqinqin
jiangqiong
jiangquan
jiangran
jiangren
jiangrong
jiangrui
jiangsan
jiangsha
jiangshang
jiangshanshan
jiangshaomin
jiangshasha
jiangshen
jiangsheng
jiangshi
jiangshu
jiangshuai
jiangshui
jiangsong
jiangsu0523
jiangsun
jiangtao123
jiangteng
jiangtian
jiangting
jianguan
jianguang
JiangWan
jiangwang
jiangweiwei
jiangwen
jiangwenjun
jiangwoai
jiangxi123
jiangxia
jiangxian
jiangxiang
jiangxiao
jiangxiaohui
jiangxiaolan
jiangxiaoyu
jiangxing
jiangxinyan
jiangxiong
jiangxiuli
jiangxuan
jiangxue
jiangxun
jiangyang
jiangyanhua
jiangyao
jiangyin
jiangying
jiangyong
jiangyou
jiangyu3039
jiangyuan
jiangyue
jiangyun
jiangyuting
jiangzemin
jiangzhang
jiangzhao
jiangzhe
jiangzhen
jiangzheng
JIANGZHI
jiangzhiguo
jiangzhong
jiangzhou
jiangzhu
jianhang
jianhong
jianhua123
jianhuang
jianhuo77
jianianhua
jianjian123
jianjian520
jianjiang
jianjiao
jianjuan
jiankang
JIANKANGkuaile
jianki99
jianlei1982
jianlian
jianliang
jianlibao
jianling
jianlong
jianmian
jianming
jianning
jianning0626
jianpeiqq
jianpeng
jianping
jianqian
jianqing
jianquan
jianren123
jianren88
jianrong
jiansenlin
jianshan
jianshao
jianshen
jiansheng
jiansong
jiantao741852963
jiantian
jianting
jianwang
jianxian
jianxiang
jianxiao
jianxing
jianxiong
jianyang
jianying
jianyong
jianyu998
jianyuan
jianyulin520
jianyun1974
jianzhang
jianzhao
jianzhen
jianzhen521
jianzheng
jianzhong
jianzhou
jiao120120
jiao1234
jiao123456
jiao1986
jIAO1988
jiao237311
jiao519503
jiao5201314
jiao7089764
jiao7192838
jiaodian
jiaoenjun
jiaohong
jiaohuan
jiaohuang
jiaojian
jiaojiao12
jiaojiao123
jiaojiao20
jiaojing
JIAOlian
jiaoling
jiaolong
jiaoming
jiaopeng
jiaoshou
jiaotong
jiaowuchu
jiaoxiao
jiaoyang
jiaoying
jiaoyue19860504
jiaozhou
JIAOZIPI221
jiaqi123
jiaqiang
jiaqiong
jiaqisha
jiaruiping
jiarutamen
jias2388
jiasheng
jiashexia
jiashijie
jiatianjun
jiatianjun13
jiatianxia
jiating123
jiawei521
jiawenjun
jiaxiang
jiaxiaodong
jiaxiaozi1.7
jiaxinpinpai
jiayi520
jiayibingding
jiayijiayi
jiayingzi
jiayou123
jiayou13
jiayou1314
jiayou2008
jiayou2009
jiayou2010
jiayouba
jiayouff
jiayoujiayou
jiayounuli
jiayu520
jiayuguan
jiayunzhe
jiazhang
jiazheng
jiazhilei
jiazhiwei
jiazhuang
jiaziccjoy
jibajiba
jibuzhumima
jick123456
jidewangji
jidewoaini
jideyaowangji
jidianjidian
jidongxuanlan
jidushan
jidushanbojue
jie000000
jie1999914
jie834882
jie88340579
jie886170
JIE9576285
jieaijing
jieaixia
jiebaobao
jiecheng
jiefangjun
jiege521
jieguoma712301
jiehuang
jiehun2008
jiehunle
jiejayjay
jiejie0429
jiejie1314
jiejie1982
jiejie521
jiejie5493
jiejie686
jiejie77
jiejie880506
jiejiejiejie
jiejiemeimei
jiejietou
jiejunhu
jieli1021
jielunjay
jielunxizi
jieluoshi
jiemanabcd
jieneng12345
jieneng123456
jienihaoha
jieqiong
jieshule
jiewoaini
jieyanbbs
jieyibao999
JIFENG999
jige1000
jihui1022
jihuomimaba
jijiangwei888
jijianhua
jijibaba
jijidaojia
jijingjing
jijiniao
jijiwaiwai
jijunfeng
jikachong
jilengli
jiliang3230237
jiligulu
jilindaxue
jill1986
jill7kong
jillian5t1
jilljill
jillwang
jILOLVm6
jim123456
jimei123
jimeidaxue
jimgreen
jimijimi
jimjimjim
jimmy1113
jimmy123
jimmy123456
jimmy12345649
jimmy1983
jimmy2008
jimmy520
jimmyjimmy
jimmylee
jimmylin
jimmyqian
jimodejijie
jimohuashi
jimusoft123
jin12345
jin19780210
jin19840704
jin1guang
jin5201314
jin59421
JIN968pan857
jinakanishi
jinandaxue
jinanjinan
jinanren
jinanshi
jinbangtushu2008
jinbao0088
jinbuhuan
jinchang
jincheng
JINCHENG9061ying
jinchengwu
jinchuan
jincyliu
jindao119
jine2356
jinfbjinfb
jinfuming
jing0419
jing08210713
jing1010
jing1011
jing1024
jing1028
JING1122
jing1127
jing1129
jing1230
jing1234
jing1314
jing1404
jing1980
jing1981
jing1984
jing1985
jing1986
jing1987
jing1988
jing1989
jing2002
jing2008
jing2009
jing20chun
Jing525956
jing841118
jing870627
jing891117
jingA23927
jingA97300
jingangjing
jingbao419
jingbao521
jingbaobao
jingboran
jingcha110
jingchang
jingchao
jingchen
jingcheng
jingchun
jingdian
JINGDIANJF123
jingdong
jinger09
jingfang
jingfeng
jinggang
jinggege
JINGhong
jinghuang
jingjian
jingjiang
jingjifa
JINGJING1
jingjing111
jingjing1314
jingjing1986
jingjing2
jingjing2008
jingjing2009
jingjing76
jingjing77
jingjingde
jingjingguai
jingjingjing
jingjiniao
jingjixue
jingjuan
jingkang
jingkangxmz
jingking
jinglebell
jingleXU53
jingliang
jinglili
jinglilijing
jinglong
jinglove
jingmei88
jingmeng
jingming
jingning
jingpeng
jingping
jingqing
jingqiyuhong
jingquan
jingrong
jingsa1987
jingshan
jingshen
jingsheng
jingshuang
jingshui
jingshui123
jingsong
JINGTAO123
jingtian
jingting
jingtong
jinguang
jinguangxin
jingwang
jingxian
jingxiang
jingxiao
jingxing
jingxiong
jingxuan
JINGyang
jingyanjie156
jingyanming
jingying
jingyingju
jingyong
jingyuan
jingzhang
jingzhong
Jingzhou
jingzhu25
jinhaiyan
jinianri
jinjian513
jinjiang
jinjie123
jinjifan
jinjin111
jinjin1124
jinjin123
jinjin520
jinjin521
jinjintin
jinjinyici
jinjun000
jinjunxiu
jinlan4679630
JINLIANG
jinlihua
jinlijun
jinling520
jinmingm
jinniujinyu
jinniuxiaof
jinpingguo
jinqian123
jinqiang
jinruifeng
jinsaijie
jinsanshun
jinsenianhua
jinshanyu
jinshihua
jinshouzhi
jinshuai
jinshuxian
jinsihou
jinsiling
jintai789
jintaidasha
jintanyuan
jintao123
jintian123
jintianbuleng
jintianhao
jintiantianqihao
jintomie
jinuy1021
jinuy1108
jinwanshuanguozi
jinway985526
jinwusheng
jinxiang
jinxiche
jinxin123
jinxin1988
jinxin3399
jinxinshime
jinxiong
jinxishan
jinxiu092
jinyedede
jinyingb
jinyisituo123
jinyoushan
jinzaiyuan
jinzaizhong
jinzhang
jinzhao245
jinzhen911
jinzheng
jinzhengbang
jinzhong
jinzhou321
jiongjiong
jionvsjoin
jiouguan
jipi0214
jishi1234
jishiben
jishuerbu
jisiyuan
jisu123456
jisuanai
jisuanji1
jisuqiche
jitashou
jitong511
jiuan816313
jiubugaosuni6666
jiubushuo
jiugenmao
jiujiang
jiujiu123
jiujiu123456
jiujiu99
jiujiuguiy
jiushi110
jiushiai
jiushiaini521
jiushiaishang
jiushibugaosuni
jiushihao
jiushimima
jiushiniu66
jiushita
JIUSHIWO
jiushiwo1
jiushizhu
jiuwenlong
jiuwozhidao
jiuyechu
jiuyue&11
jiuzhaigou
jiuzhang
jiuzheyang
jiuzheyangba
jiuzhong
jiuzhou001
JIWEI123
jiweiwei
jixiangruyi
jixiaobo
jixiaochong
jixiaofeng
jixiaoli
jixiaowei860119
jixiaoyi
jixiaoyu
jixuesong
jiyae000
jiyb2541
jiyuniou
JiZhang110
jizhangshuang
jizhumima
jj121212
Jj123123
JJ123321
jj1234567
jj1314520
jj15150809556
jj201314
jj20736531
jj226688
jj3djj3d
jj520520
jj520530
jj5211314
jj521521
jj623520
jj751018
jj778899
jj8485285
jj860123
jj860421
jj986224
Jj999999
jjangnara
jjhahajb
jjhxwd1018
jjj123456
jjj123456789
jjj659410
jjj887513821
jjjhhh00
jjjj0000
jjjjffff
jjjjjjjjj
jjjjjjjjjj
jjjjkkkk
jjk663886
jjlinjunjie
jjlovejj
jjlovemm
jjqlcgmyt
jjqq820428
jjs01992
jjwoaini
jjwwdren
jjwwjjww
jjxiaoyan
jjy123456789
JJYY7788
jjyyJJYY
jk000000
jk103896
jk1108jlad
jk123456789
jk2jk2jk2
jk5201314
jk526847
JK78nx7818
jkch831217
jkcool25tal
jkear555
jkfd525758
jkij68jk
jkjianxin
jkl12345
jkl147258
jkl562709256
jkl666888jkl
jklhg4892201
jklotebdq
jkluio789
jkxs2006
jkxz00741
jl123456
jl12345678
jl1986415
jl2jh520
jldxzwx86wxzy
JLEmL78nhe
JLEnL78nge
JLEnL78nhe
jlgm660326
jlgmyx00
jljl123123
jlsxj97517
jlt1029918
jlwcgg359
jlyjlyjly
Jm123456
jm1982520
jm198852
jm503066
jm666888
jmd2120514
JMEmL78nhe
JMFmL78nhe
JMFxL78nhe
JMFxL78phe
JMFxM78phe
jmj123456
jmj7jjkj
jml82978986
jmsyy3456
jmx071231
jmxbl123456
jn123456
jn181168
jnk7758521
jnknsjnkns
jnkswkyzmjfc
jnsr8288
jnsxiang
jo123456
jo1ko2lo3
joan0628
joan1234
joan2380
joan8899920
JoanJoan
joanne77
joanwang
job1pufgee
joca3331
jocelyn76
joe123456
joe654321
joejoe1028
joejoejoe
JOEY.GALLERY
Joey90171
joeyjoey
joeyyee7416
joezhang
john081899
john1071
JOHN1234
JOHN123456
john1978
johnchan
johnlennon
JOHNNY123
johnny2008
johnnyonline
johnshao
johon3590150
jojo1234
jojo1982
jojochen
jojojojo
jokejoke
joker123
jolin1019
jolin123
Jolin1317
jolin520
jolin521
jolinjay
jolinjolin
jollyroger
Jony3429
jordamleo
jordan123
jordan1985
jordan231288
jordan520
jordanjordan
jordankobe
jordansk
JOSIE871106
joteng123
joule210
Joun1234
joungshen123
jovi1022
joy1318hj
joyce0723
joyce122
joyce123
joyce317
joycejoyce
joycelee
joyceming
joyces0425
joyful33
joyjoyjoy
joyo0628
joytung2208
jp0792828
jp123456
Jp608251
jp991029
jplak888
jpp7vkgckv
jpsbjswzn
jpzhang28
jq050303
jq09180619
jq123456
jq19891019
jq5nxW9ta2qnQt
jqkajqka
jqkx1314
JQm9L3UN
jqrrghdm
jqwjzy19850310
jr123456
jr525252
jrk123456
jruj68y7
js000000
js000302
js0740841
JS080811520
js123456
js1987js
js606122
js700323
jsbywsyr
jschp845
jsgllyxy133
jsh272939
jsj123456
jsjdjliu
jsjswaloo
jsk993505
jss195f170
jssz0512
jsth123456
jswshabi
jswz123456
jsxiefang
jsxrr3900384
jsygbxny
jt123456
jt19790130
jt19860214
jt654231
jt871014le
jtchs741852963
jtf2snow
jtljtljtl
jts20071114
jts7y18r
jtwmydtsgx
jtwsry2604884
jtybfm321
ju123456
ju123456789he
ju789olki
juan123456
juan1314520
juan1985
juanjuan123
juanjuan521
juanlian
juanmei198578
juanyong
juanzi520
jubaobao
judahcn123
jude791205
judy139139
judy7270
judyjudy
juejiang
juejuebobo
juesejuese8
juesstury
juhuatai
juhuaxiang
jujijianpanshou
jujishou
jujube503
jujuya123
jukaizuoye
julia123
julia1979
julia888
juliajulia
julianjulian
Juliawang
juliaxyz
juliazhu
juliet123
juliette
july1112
julyjuly
jumbohou
jun1314520
jun19870923
jun47125
Jun4ysby32
jun55555
jun789789
jun861122
juncheng
jundu120
Jun-02
junejune
juneng2010
juni1206
junjen8065
junjiang
junjie123
junjin19800819
junjun1224915
junjun123
junjun1985
junjun521
junjun99
junjunjun
junkilee
junli647309
junliang
junlin306
junmingzh123
junqiang
junsheng
junwei5301
junxp2500
JUNY3013
junyan1234
junyao123
junzhang
junzilan
juojo520
juqingtai
jurassic
jusen4346
just2009
just4fun
just4u32
just4you
just789real
justatest
justbemyself
justcause
justdoit1
justdoit123
justdoit36
justforfun
justforlove
justforme
justforyou
justgoforit
justin02
justin11
justjust
justlove
justloveyou
justplay
justsmile
justtest
justtryit
justwait
justwendy
jut617499
juve1897
juventes
juventus1897
juventusnick60
juwenjing
juwewe1982
JUXIEZUO
juzijuzi
jvbjvbjvb
jw00000000
jw123456
jw201505
jw585888
JW62771829
Jw_Prince
jwei2006
jwq948900
jwyshya99
jx100049
jx12345678
jx197572
jx586jxjx586jx
jx67427450
jx886068
jxc03220109
jxgjxg_001
jxgjxg_tysq
jxj012390
jxj123456
jxj123JXJ
jxj83131
jxk147258
jxl123456
jxm521023
jxmx3233
jxonline
jxr060604
Jxrxx10d87
Jxryw10d87
Jxryx10d87
JxsGx2Yd87
JxsHx2Xc87
JxsHx2Yc87
JxsHx2Yd87
jxuew9987
jxxl0@06
jxy123456
jxytz98081527@
jy02299561
jy02450535
jy123654
jy19840410
jy510xxw
jy5201314
jy800800
jy961016
jyc811112
jyf123456
jyh13957106320
jyh3894334
jyhf80215
jyhw1688
jyk9680386
jyouling
jyrf2009
JysFy2xd87
JysFy2Zd87
JysGx2Yd87
JysGy2Yd87
jyshaoran
jyu96ujj
jywzwx420
jyy009939
jyyan223
jyyz793026zwx
jyz101013qq
jyzy201206
jz123456
jz456123
jzb19821017
jzl123456
jzl801012
jzlg600896
jzmxxxyxm
jZr198757
Jzues198743
jzx19861031
jzxya1224
k001k001
k0SaAehyrn
k0SaZehyrn
k0SbAeiyrn
k0SbAeizsn
k0TbAeizso
k1144889900
k123456x
k1314520
k147258369
k165596341
k1984330n
k1i2c3k4
k1k2k3k4
k290389333
k2glacier
k2j5fk9s2z
K32vcW824
k3YdDhkDws
k3ZdDhkDws
k3ZdDhkEws
k3ZdDhkExs
k3ZeChmExs
k3ZeChmExt
k3ZeDhkExs
k3ZeDhmExs
k403w62h
k4hvdq9tj9
k5201314
k67a9315
k6983723
k69t6usx
k700s700
k7717877
k7758521
k7777777
k7u8g2f6
k8051661
k885333229
k8a3e95ze1
k90l12y23
k999999999
ka123456
ka666542
ka8xc8t0rt
ka8xc8t0st
kabasiji
kabujinuo
kabuqinuo
kaede1111
kaedeanita
KaedeRukawa
Kafeidou
kafon2008
kagome44
kai111111
kai123456
kaichuangshiji
kaidaotumi
kaihan1314
kaihu123
kaihu123456
kaijiang
kaikai123
kaikai2008
kaikai520
kaikai521
kaikai8866
kaikai900110
kaikai912
kaikaihao
kaikaikai
kaikaixinxin
kaimenba
kaishidongle
kaishile
kaite198295
kaitokid
kaiwanxiao
kaixin.cn
kaixin00
kaixin001
kaixin07
kaixin100
kaixin110
kaixin123456
kaixin1314
kaixin2008
kaixin2009
kaixin2010
kaixin520
kaixin88
Kaixin99
kaixindian
kaixinguo
kaixinkuaile
kaixinmeiyitian
kaixinwang
kaixuanmen
kaiyan484848
kaizi8105423
kajiniya
kaka1022
kaka123456
kaka1983
kaka19830818
kaka2008
kaka870421
kakachen
kakakaka
kakaluote
kakashi!!!
kaku123456
kaku987987
kalan23119700
kalaokok
kalulinlan520
kalusidsh
kame0811
kame7qixqxazdyy
kamekame
kamenashi
kamenashi223
kamenashikazuya
kamengdeai
kami421115
kampcity17
kan123456
kanalty870325
kanbujian
KANCA1979
kanekane
kanezhou
kang0405
kang1113
kang1234
kang1985
kang78ui
kang821316
kang8320
kangcaijie
kangdong
kangfeng
kanghong
kanghong2010
kanghong360
kangjian
kangjie1209
kangjing
kangjing198082
kangkai1985
kangkailiudan
KANGKANG
kangkang123
KANGKUIZHE
kangli312
kanglian
kangliang
kangling
kanglong
kangmeng
kangming
kangnaixin
kangning
kangping
kangqiang
kangqiao
kangshifu
kangta10
kangta1010
kangta123
kangta27
kangta520
kangta791010
kangta829
kangtahot
kangtakangta
kangtalove
kangting
kangwei33
kangxinke00
kangyanlin32
KANGYB007
kangying
kangyong
kangyuan
kanisgod
kanjani8
kankan123
kankankan
kanmeinv
kannimab
kannyyan
kanshijie
kanshougan
kanshuxuexi
kanwo100bian
kanyikan
kaodaxue
kaofudan
kaojinwo
kaokaode12
kaokaokao
kaola333
kaolaXIONG
kaonenma
kaonima123
kaonimabi
KAONIMADE
kaonimama
kaonizui
kaoshi2010
kaoyan123
kaoyan2008
kaoyanjiayou
kaqiusha
Karen1210
karen123
karen520
karena511
karenkaren
karenmok
karllee8
karlmarx
kasabulanka
kasama1981
kate3284
katharine
KATHLEEN
kathrine
kathy123
kathycai
kathychu
kathykathy
kathylee
kathylynn
katongabc1
kattykatty
kavin2009
kawayiyi
kaxfzsby
kayongxin
kazumasa
kazuya223
kb123456
kb654321
kb8yc8t0st
kb8yc9t0st
kb8yc9u0st
kb9Ad9v2ux
kb9Ad9vxux
kb9yc9u0tt
kb9zc8vxtx
kb9zc9vxtx
kb9zd9vxtx
kb9zd9vxux
kbitxsks
kc123456
kc29804628
KC5201314
kchjiang
kd831243
kdjucuer
ke123456
ke831228
ke991358
keai8023
keaideni
keaideren
keaidewo
keainvren
keanu945
keanureeves
keb8281036
kedin521
kedyuanzgh
keede2009
keelelvt
keepgoing
keepmoving
keepon1971
keepsmiling
keermajia
kef007008
kegumingxin
kehu00000
keita1216
kejin1978
kejishidai
keke881216
kekekeke
kekelele
kekenick560303
kekexili
kekoukele
kele1985
kelekele
kelianren
kelindun
kelinsiman
kelisibaoluo
kellis55
kelly123
kelly424
kelly520
kelly913
kellychen
kellykelly
kellylee
kellylp123
kellysammijoey
kemixiaozi
kemshin981618
ken123456
ken780716
kenan6615
kencandy
kencheng
kenexzfq
keney2002
keng1987
kengkeng
kenho998
kenjifujima
kenkenken
kenny123
kenpan791212
kensunny
kentyaoyao
kerberos
kerrigan
kerry727
kerryoil
kesso1234
kestudio123
kety0519
kevenya919
kevin001022
kevin007
kevin1234
kevin1983
kevin1984
kevin1987
kevin2006
kevin2007
kevin2009
kevin520
kevin888
kevinbingo
kevinchen
kevinfu19846
kevingarnett
kevinguo
kevinkevin
kevinlee
kevinlin
kevinLIU
kevinsun
kevintang
kevinwang
kevinyang
kevinyao
kevinyym2437
kevinzhu
kewu7991kewu
kexibushini
kexin5652288
kexuefazhanguan
key()123
key123456
key7807270
keyannasui
keystone
kf123456
kf87085777
kf98gogoq
kf98kf98
kfc123456
kfj98nrg
kfjjqqqq
kftbkftb
kg123456
kgd4282007
kgd97307wu
kgdauvke
kgddgtgej
kgdqvewfn
kgdtakuu
kgdteitx520
kgdxawgij
kgdycevke
kgmzyysa
khong125
khorkina
khtcnwaqpnf@126.
kidconan
kiddkidd
kidkidkid
kidnapper
kiki1022
kiki32788
kiki58047835
kikicoco
kikiwang
kikiwang12345
kikumaru
kill.bat
kill1234
kill2000
kill2003
kill2008
kill5pig
killangel
killcmb38
killdoccs
killer001
killer007
killer01
killer11
killer12
killer21
killer888
killer99
killerkiller
killerking
killerman
killingme
killjapan
killkill
killking
killkiss
killmenow
killwell
killwolf
killyou123
kim020745
kimdongwan
kimheechul
kimheesun
kimi1015
kimi1017
kimi1201
kimi1216
kimi1218
kimi12345
kimi19791017
kimi19871015
kimi6610
kimikimi
kimiraikkonen
kimjaejoong
kimkibum
kimkimkim
kimmy1126
KIN7game
Kinda816
kindaichi
kindness
king1023
king1111
king1234
king12345
king123456
king1314
king1979
king1981
king1982
king1983
king1984
king1985
king1986
king1987
king1988
king1998
king1999
king2000
king2002
king2003
king2005
king2006
king2008
king2009
king2010
king3559
king5257
king5566
king8888
KING888king999
king926168
kingbaby
kingback
kingbird
kingchen
KingCheng
kingfeng
kingfish
kingfisher
kinggood
kinghawk
kinghi19871224
kingisme
kingjing
kingkang
kingkill
kingkiller
kingkiss
KINGLAND
kinglear
kinglion
kinglong
kinglove
kingmaki
kingmax256
kingofking
kingoftime123
kingping
kingqueen
kingscal
kingshare
kingskings
kingsong
kingstar
kingstone
kingsubdue
kingvsking
kingwang
kingwolf
kingwong
kingyang
kingzhang
kingZHOU
kingzoo135246
kinki51244
kinki6194
KINKIKIDS
kinomoto
kinvenjung
kiny1984
kiosnf3014
kirayamato
kirinhgl
kiroro123
kishiking
kiss1191
kiss1234
kiss12345
kiss123456
kiss1314
kiss1982
kiss2000
KISS2001
kiss2002
kiss2008
kiss238569
kiss263154180
kiss5201314
kiss7758
kiss951623
kiss9999
kissakey
kissallgirls$
kissangel
kissbaby
kissfire
kissfish
kissgoodbye
kissinger
kissjing
kisskill
kissking
kisskt12315
kisslong
KISSLOVE
kisslovefei
kissme123
kissme1320
kissme324
kissme520
kissme521
Kissme8!
kissmebaby
kissmebye
kissmeha
kissmenow
kissmeok
kissmeto01
kissmiss
kissmygirls$@
kissmylove
kissnight
kissrain
kissrose
kisstherain
kissyang
kissyou123
kissyoukiss
kissyynpg
kisszhou
kistylin
kisyunnwu1982
kita1007
kittenlx
kitty2008
kitty2899
kitty2leo
kitty2leo$#
kitty31147
kitty520
kitty521
kitty720
kittyilove
kittykitty
kittylove
kittymao
kiyoharu
kj0o3y9ht
kj123456
Kj172420
kj88ff43
kjdd6688
kjhg88gf66k
kji7lj9uo
KJK858486
kjkjkj159
kjl119472
kjrhfioq7f8w
kk000000
kk041227
kk123123
kk12345678
kk147258
kk19800820
kk19860404
kk222222
kk321321
kk321521
kk345678
kk5201314
kk520520
KK640603KK
kk841228
kk871101
kk888888
kk999999
kkdhdstx521
kkeevviinn81
kkiinngg
kkjjhh1223
KKK123123
kkk1986522
kkk990715
kkkabc000
kkkk1234
kkkk5588
kkkk8888
kkkk9999
kkkkkkkkk
kkkkkkkkkk
kkkkllll
kkkkmmmm
KKLLKKLL
kkloveqq
kklovezz
kkndkknd
kkringkk
kkxxkkxx
kl110110
kl123654
kl19821025
kl5201314
kl686200
klail888
kldrsykj
klfo13318
klhb158com
klhmashu
klinsman
klinsmann
klj8122766
klmklm241
klmy1177
kLOMSJVI
kluivert
klvzglovean
klw03080502
klwj198399
klwpklwp
klzd626490
km123456
kmplwh1992
kms029044336
kmzct631030
kndyjxzsj
knhv68y3
knight007
Knight123
knight123456
knisoguys
knldPcai
knowledge
knowledge6
knzj0429
ko861002
koalading
koalakoala
koalarbear
koalp1124
kobe0823
KOBE0824
Kobe1989
KOBE2000
kobe24forever!
kobebryant24
kobebryant8
kobee123
kobekobe
kodakmax
koeisan9
koemasaki
kof99mtt
kofab1818
kofland1
koichi0908
koichi51
koko0099plpl
koko1983
kokokoomoo
koller21
koma1126
kong1227
kong123456
kong1987
kongchao
kongdong
kongguyoulan
konghuan
kongjian
kongjing
KONGKONG
kongliang
kongling
konglingbo
konglinghui
konglong
konglong79
kongming
kongning3333
kongpeng
kongqing
kongqingyu
kongshan
KONGTIAO
kongxiang
kongxincai
kongyang
kongyiji
kongyong
KONGyuan
kongzhong
kongzhongmxj
kongzi2560
kooxoo123
kopokopo
korida1111
kou10zhong
kou960811
kournikova
kouxiangtang
kp111111
kp123456
kpawjfhjiuvu
Kpmg1234
kpmg2007
kq162516
kqw7mp5m
krizalid
ks123456
KS40200795HOP
ks48fn93f9i84
ks83nv833dc
ksghsnmfgghn@126
ksgj2008
kshh_815
ksm123456
ksqlx2006
ksw005223
ksw123456789
kt791010
kting123
ktlshy5172
ktwm17998hm
kuafu8848
kuaidian
kuaijishi
kuaikuai
kuaikuailele
kuaile111
kuaile1992625
kuaile2008
kuaile2009
kuaile2010
kuaile365
kuaile520
kuaile521
kuaile88
kuaile99
kuaile999
kuailebaobei
kuailedewo
kuailejiuhao
kuailele
kuailema
kuailemeiyitian
kuailenvhai
kuaileshenghuo
kuailetianshi
kuaileyisheng
kuandai520
kuang123
kuang850807
Kuang_ecjlb_2009
kuangbiao
kuangdao
kuangfei
kuangfeng
kuanghaihua
kuanghua
kuangkuang
kuanglan
kuanglei
kuanglong
kuangquanshui
kuangren
kuangshan
kuangsue
kuangwei
kuangxiang
kuangxiang88
kuangxiao
kuangxuan
kuankuan
kuanrong
kuboolai
kudingcha
kudoshinichi
kuer1204
kujinganlai
kukumalu
kukuxier
kulankulan
kulapika
kulooooo
kun123456
kun84698
kun98127
kunlunshan
kunmeng365
kunnuo123456
kunpeng0628
kunzhilian
KURAKIMAI
kurokado
kurtcobain
kusanagi
kuxun128
kuykuykuy
kuytkani
kvov0609
kwepthnn
kwong1903
kwwlkwwl
kx123456
kxbbc007
kxkc84bnwf
Kxsxx10d97
ky123456
kyj5201314
kylinjie
kym19891112
kymlon@sina.com
kyokofukada
KysFy2xd87
KysFy2xd97
Kyswx10d97
Kyswx10e97
Kyswy11e97
KytEy2xd98
KytFy2xd97
KytFy2xd98
kyzhongJOEY
kz123456
kzb8980052
KztEy2xd98
KztEy2xe98
KztEz2xe98
l0000000
l00000000
l020903gp113
l06555586322
l091nw1n
l0k9j8h7
l0RaYdhxrm
l0RaYdhxrn
l0RaYdhyrn
l0RaZdhyrn
l0SaZehyrn
l0ve.sun
l1111111
l11111111
l111333n
l1120000
l11f99s11
L123123123
L1234567890
l123c456
l123l123
l12i2u5miao
l1314521
l19821024
l19861228
l19880126p
l1c2j3s4c5l6
l1l1l1l1
l1m73659wo
l1o2v3e4
l1u2c3k4y5
l20020404y
L20030529JCH
l200777z
l2282258
l2345678
l23456789
l23733331
l2816360
l301067f
l31y36h41ilt
l33230011
l3396815
l3831946
l47852369
l4k3e1j2
l5211314
l5861065
l6189029
l6224447
l6352034
l6606009
L675391361
l6y8lyljj
l7025627
l7205y8926h
l7654321
l7758258
l7758521
l77x06m27
l7956815
L80980510
l81259544
l828567b
l8334613
l83q0331
l8401691
l88888888
l97w97wnet
l984l688
l987654321
l98lO523
l98lollw
l_feng@))!
la123456
labaicai
LabDancer
labifenbi
lachdanan
lacrimosa
ladeng911
lady7676
ladybaby
ladybird
ladyfirst
ladygaga
ladylady
lafrance
lai123456
lai820221
lai881600
laibagefei
laihao123
laijiaqia
laijie888
laikankan
lailai123
lailai521
lailaiah
lailailai
lailaiququ
lailiang
lailixia
LAINAS369
laiqiang
laisuo01402029
laix7007
laixiang
laiyinhate
lajilaji
lajiwang
lake8008
lakelake
lakers24
lala1234
lala123456
lalakers
lalala123
lalalalala
lalashou
LAM_qfzkbs56hjl
lamarsoul
lamia5582
lamshijun
lan19860126
lan19871217
lan2008611
lan654012
lan72527
lanbaoshi
lancaster
lancelot
lancheng
lanchong
land3000
landhope
landland
landlord
landscape
landwind
landy0819qjl
laner100
laner520
lanewang
lanfei0410
lang1234
lang237395617
lang791130
lang830329
langchao
langdang
langduhua
langfang
langfanyun
langhuan
langjing
LangJiTianYa
langkejianxin
langlaile
langlong
langmanmanwu
langqing
langrisser
langrun717
langtuteng
language
languang
languann
langwang
langwith
langwojiaoyu
langxing
langyajun
langying
langyong
langyu68
langyuan
langzhong
langzi520
langzi8610
lanhaisheji
lanhaitun
lanhaoming
lanhua860912
lanhuacao
lanhuazhi22
lanjian7790111
lanjingling
lanjinzuhe111
lanjue881016
lanlan123
lanlan1314
lanlan19840502
Lanlan1987
lanlan521
lanlan88
lanlan99
lanlanax891105
lanlanlan
lanlanlanlan
lanlansu
lanlantian
lanlanwy1979
lanlianhua
lanlingyan
lanmeigui
lanmeimei
lanmutouxn800618
lanqiugongyuan
lanse123
lansetiankong
lanseyangguang
lanseyaoji
lanseyouyu
lanseyuyu
lanshine
lansidai
LANTIAN123
lantianbaiyun
lanwei99
lanxiang
lanxin-428
lanxin1234
lanxinyu
lanxueer
lanxueren
lanyangyang
lanyanlei
lanyechuan
LANYU2008
lanyu316
lanyueliang
lanyunuo369
lanzhu1314520*
laobaixing
laobalaoma
laocheng
laoda123
laodu123
laofu888
laogong5211314
laogongailaopo
laogongaiwo
laogonglaopo
laohu123
laohu520
laohuang
LAOHUJIAO
laojiang
laojintou
laojiu767
laoliang
laolilaoli
laolishi
laolvqusi
laonanren
laopan776320
laopf401
laopo123
laopo1314
laopo131421
laoPO5211314
laopo7758521
laopoaini
laopoaiwo
laopodaren
laopohao
laopolaog0ngaini
laopolaogong
laopolaopo
laopolaopowoaini
laopoWOAINI1314
laoqiang
laorenjia
laorenyuhai
laosan123
laoshiren
laoshu1981
laoshu3xiao
laoshuaidami
laosilaisi
laosun1409
laotaipo
laowu1110
laowu123
laoxiang
laoyang123
laozhang
laozheng
laozhuang
laozi007
laozi123
laozi124
laozi57124
laozidiyi
laozifan
laqiaodui
larcencial
larcenciel
laser8508
laserjet
lassie0126
lastdance
lastsmiler
latitude
LAuDz2xe98
LAuDz3xe98
laughing
laughter
laure1222
laureshang
LAVENDERJZ
lavieenrose
law123456
law24802
law4501866
laweryu123
lawyer123
laxness133
lazio0831
laziolazio
laziowin
lazybones
LB111111
lb123321
lb1234567
lb123456789
lb12520530
lb3217508
lb5201314
lb540627
lb738950426
lb780805
lb790828
lb9yc9u0tt
lb9zc9u0tt
lb9zd9u0tt
lb9zdau0tt
lbb522522
lbdzjzlzq
lbf715891
lbloveyy
lc308308
lc5201314
lc520lzy
lc565656
lc57447457
lc666666
lc8320666
lc881125hj
lc9Adav1ut
lc9zdau1tt
lc9zdav1tt
lc9zdav1ut
lca19881219
lcc123456
lccloveu
lcf123456
lcfnsygdbl
lch000715
lch12345
lch123456
lch830726
lchcmlhc
lchi0128
lcj123456
lcl123456
lcl21999
lcl761220
lclj100433
LCM236524082
lcm6524082
lcnlcnlcn
lcp1991.
lcw123456
lcx04041
lcxlcxlcx
lcxq518621
lcy123456
lcy5201314
lcy69198000
lcy740116
lcylcylcy
ld135246
ld197197
ld197848
ld20060601
ld3789716
ld5201314
ld5225391
ld918823
ldc531960
ldg13717079697
ldg198788
ldh123456
ldj269[]
ldl164142
ldm55292045
ldq2002303
lds123456
ldw123456
ldx123456
ldxswzjwb
ldy123456
ldylaoda
ldz1516124
ldzhyysjm
le123456
LEADER1226
leafleaf
leafwang817
leahdizon
LearninG
leasa123
leaslie529300
leave3al
leavenic
lebaishi
lebronjames
lechengwang
LECHEZHE
LEdi7484
lee0577505
lee100187
lee12345
lee123456
lee1983414
lee770311
lee7758521
leeandlili
leedonghae
LEEHOM0517
leehom123
leehom517
leehom520
leehom76
leehomwang
leehyolee
leejaewon
leejaewood
leejiping
leejunghyun
leejunki
leekeshu
leelazy1986
LEELEELEE
leeminwoo
leesungjin
leexh476819
leeyoung
leezeng168
lefthand
legend123
legenddearbook
legendlegend
legendzhp
lei11579
lei123123
lei198702
lei30guang
lei5201314
lei53775
leiaiwei
leibaobao
leida19830814
leidakeji
leidonghao
leigaoping
leihuang
leijie520
leijingjing
leilacheng1983
leile2009
leilei1029
leilei123
leilei1986
leilei1987
leilei88
leileilei
leiliang
leiming881223
leipeng1989
leiqiang
leishenabq
leishifei8349
leisurely
leiwoaini
leixin02
leixue81
leiyu520
leizhang
lele115609
lele123456
lele2000
lele2001
lele2008
lele5201314
lele52069
lele770103
leleaini
lelebendan
LELEDENG
lelehappy
lelelele
lemay780417
lemon123
lemon1314
lemon515
lemon520
lemonkcc8
lemonleaf
lemonlemon
lemontea
lemontree
lemontse
lena8277
lendlice
lene1016
lenemarlin
leng1314520
lengbing
lengfeng
lengjian
lengjing
lengkudaodi
lengleng
lengling
lengqing
lengshan
lengsong
lengyuleng
lengyumk
lengyuye
lenorehu
lenovo2008
lenovo435ml
lenovolenovo
leo123456
leo2kitty
leo5674383
leohh065184
leoladeng
leoleoleo
leon058802
leon0822
leon1211
leon123456
leon1980
leon1982
leon198646
leon2000
leon2002
leonbeyond
leonchen
leonchou
leonhart
leonia88
leonleon
leonlove
leonmarkbijin
leonshaw
leontime
leonwang
leonyang
leop123456
leorenecho
leozhang
leprechaun
leshang007
LESley0915
leslie0912
leslie12956
LESLIE1956
leslie19560912
leslie1956912
leslie2003
leslie520
Leslie560912
leslie912
lesliecheung
letiansong
Letitbe.
letmedie
letmedo96301
letmefly
letmein123
letmepass
letmesee
letsescape
letup123
levili901203
levirlj1222
levy1892
lexiaoyao
leyiju135
lf007626
lf030305021
lf111111
lf123456789
lf165570271
lf19840823
lf5201314
lf622622
lf780630
lf7986625
lf8023xy
lf861223
lf880501
lf890218
LFF520520
lfgxp12345
lfh123456789LFH
lfjclnzfg
lfl851003
lflovehjzd
lfprxone
lfq123456
lfrwmzssch
lfsn96263
lfx666666
lfy123456
lfy198451
lfz12345
lg000000
LG123123
LG123456
lg123456789
lg1314520
lg194196
lg2008qq
LG5201314
lg566624
lg7758521
lgb127810
LGD6339726
lgdsforu
lgh123456
lgh8850521
lghxjjia
lgj123456
lgl8068045
LGLGLGLG
lgllovedsn
lglovesm
lglp1407
lgls1981
lgm84333
lgm941641
lgp123456
lgp19680606
lgp33320
lgq123456
lgqcdqcx
lgs193700
lgt210lgtcml
lgwoaini
lgx120906
lgx876292
lgy123456
LGY18440
lgy890528
lh026636
lh123123
lh123456789
lh19820212
lh20092009
lh5201314
lh5541283
lh556238
lh666666
lh880712
lh880713
lhb123456
lhb490122
lhbdjnyd
lhbx256864036
lhc123456
lhc1314qyq
lhclhclhc
lhe07181219
lhf801228
lhf901709
lhfsxl2005
lhg770713
lhj123456
lhj74331
lhl123456
lhl202948
lhl840620lxb
lhm123456
lhm19850823
lhm83016
lhongbin
lhp123456
lhp2305047
lhq123456
lhqhq01261206
lhqlhq121
lhrdlwyysf
lhs123456
lhs666666
lhss1109
lhsxiangnian
lht123456
lhw123456
lhy123456
lhy16s5q
lhyy3461943
lhz123456789
LHZ197956
lhz6357659
li.15946032549.
li000000
li011006
li109858713
li111111
li111222
li112233
li123321
li1234560
li123654
li123789
li123hong456
li13133215288
li13141516
li1314521
li147258
li159357
li197331
li1981125
li1984218
li19860901
li19860922
li198649
li19870308
li198987king
li1jia20
li1neng2
li20030623
li20040303
li211314
li2891311
li301078
li321123
li321321
li3506790
li405383583
li51140951
li520520
li521521
li521616
li5951507
li64157020
li654321
li660618
li666666
li666888
li7180000
li777879
li778899
li789456
li798895
li800318
li81qin1
li82520sha
li8341ly
li851227
li870125
li880418
li881002
li888888
li8940001
li999999
liaijing
lian04686971521
lian123456
lian1987
lian456123
lian4ever
lian66192801
lianaibaobao
lianaiing
lianbang
lianbing
lianchen
liancheng
liandong
lianfang
lianfeng
liang000
liang001
liang007
liang1234
liang1237
liang12489
liang1314
liang1974
liang1980
liang1982
liang1983
liang1984
liang1985
liang1986
liang1987
liang1988
liang1989
liang1990
liang2000
liang2008
liang2009
liang6881
liang7643
liang789
liang888
Liang999
liang_3214
liangall
liangbao
liangbin
liangbing
liangchao
liangchaowei
liangchen
liangcheng
liangdan
liangdian
liangdong
liangfang
liangfei
liangfen
liangfeng
lianggang
lianggeren
liangguang
lianghai
lianghan
lianghao
lianghong
lianghua
lianghui
liangjia
liangjian
liangjiaxu
liangjie
liangjiewei
liangjin
liangjing
liangjingjing
liangjingru
liangjmh
liangjuan
liangjun
liangkai
liangkun
lianglei
liangli123
liangliang123
liangliang520
lianglili
lianglin
liangling
lianglong
liangmei
liangMENG
liangmin
liangming
liangnan
liangnba
liangning
liangpeng
liangping
liangqian
liangqin
liangQING
liangquan
liangren
liangrong
liangrui
liangruteng
liangshan
liangsheng
liangshi
liangshiyu
liangshu
liangshuai
liangshuang
liangsong
liangtao
liangtian
liangting
liangwang
liangwen
liangwen8378616
liangxia
liangxiao
liangxin
liangxing
liangxinyi
liangxuan
liangxue
liangya2005
liangyan
liangyang
LIANGYANHUA
liangyao
liangying
liangyong
liangyongqi
liangyou
liangyuan
liangyue
liangyun
liangzai
liangzhang
liangzhao
liangzhen
liangzheng
liangzhi
liangzhilaohu
liangzhu
liangzi1213
lianhequshi
lianhuan
lianjian
lianjing
lianlian
lianling
lianmeng
lianming
lianpeng
lianping
lianqing
lianqu1990
lianrenweiman
liantian
lianting
liantong
lianxiang
lianxianglaji
lianxiao
LIANXING
lianxini
lianxuehan
lianyi0613
lianying
lianyuan
lianyungang
lianzhan
lianzhong
lianzhou
Liao0001
liao1021
liao1234
liao123456789
liao1979
liao1986
liao1988
Liao19880406
liao5201314
liao5566
liao747529
liao88qmwn88
liaocheng
LIAODONG
liaofeiyan
liaofeng
LIAOGANG
liaohong
liaohuan
liaojian
liaojiao
liaojing
liaojq1984
liaojuan
liaoliang
liaoliao80
liaoming
liaoning
LIAOPENG
liaoping
liaoqian
liaoqing
liaorong
liaoshufa
liaoshuo
liaotian
liaowang
liaoxiang
liaoxiao
liaoxiaoqi
liaoxuan
liaoyang
liaoying
liaoyong
liaoyuan
liaozhen
liauan007
liawenli
libaibai8
libaitian
libamboo
libaolibao
libaosheng
libeibei
liberate
libin-liu=88
libin123
libin19800818
LIBIN521138
libinbin
libing123
libinlibin
libo1234
libo123456
libolibo
libra2010
librasasa
licai800
licai800com
LICAIXIA
lichangjun
lichangliang
lichangqing
lichangwei
lichangyu
lichao123
lichao142519
lichao520
lichao521
lichaoaini
lichen123
lichen520
lichen619127
lichenchen
lichengjie
lichenglong
LICHENXI
lichenyang
lichking
lichlich
lichuang
lichunhong
lichunhua
lichunlei
lichunlin
lichunming
lichunqing
lichunxu
lichunyan
lichunyang
lichunyu
lidalong
lidan0229
lidan123
lidan520
lidan521
lidanlidan
lidapeng
lidayong
lidd588520
lidd695825
lideqing
lidesheng
lidingyu
lidong123
lidong520
lidong521
lidongdong
lidonghai
lidonghua
lidonghui
lidongkai
lidongming
lidongxu
liebedich
liebeff578290
lieberyan
liebstmich
lierenqiqi
lieutenant
lifan625116992
lifanbin
lifang520
lifangfang
life1111
life2009
life2199
lifeall1
lifegoeson
lifei1008
lifei123
lifei1234
lifei520
lifei521
lifeifei
lifeilifei
lifeilifei3
lifeisgood
lifeixiang
lifelife
lifelive
lifelover
lifeng007zxc
lifeng123
lifeng520
lifeng521
lifeng97
lifesgood
lifestyle
lifetime
lifoc289
lifung97
lifuqiang
LIGANG123
ligang1985
ligang229361
ligaofeng
ligenshui
light123
lightblue
lightframe
lighting
lightrain
liguandong
liguang18
liguanghua
liguanghui
liguangming
liguangyan
liguangyu
liguannan
liguihong
liguobin
liguodong
liguofeng
liguohua
liguojing
LIGUOJUN
LIGUOliang
liguoping
liguoqiang
liguoqing
liguowei
liguoxin
liguoyan
lihai123
lihaibao
lihaibin
lihaibing
lihaifei
lihaifeng
lihaihong
lihaijian
lihaijun
lihailiang
lihailin
lihailong
lihaiming
lihaiping
lihaiqing
lihaitao
lihaixia
lihaiyang
lihaiying
lihaiyun
lihanguo78
lihanxiao
lihao123
lihao19840508
lihao520
lihao541
lihaocheng
lihaojie
lihaolihao
lihaoran
lihaotian
lihaowen
liheping
lihong123
lihong521
lihongbo
lihongchen
LIHONGJI
lihongjie
lihongjun
lihongli
LIHONGliang
lihonglin
lihongqing
lihongtao
lihongwei
lihongwu
lihongyan
lihongying
lihongyu
lihongzhi
lihs8504030
lihua121
lihua123
lihua163
lihua1977
lihua520
lihua7498
lihuahua
lihuajie306
lihuanhuan
lihuawei
lihui123
lihui123456
lihui131150
lihui520
lihui521
lihuifang
lihuifeng
lihuihui
lihuijie
lihuijing
lihuijun
lihuilihui
lihuimei
lihuimin
lihuiming
lihuiting
lihuiwoaini
lihuixian
lihuiying
lihuiyong
liil123456
liji550225
lijia-jun1942
lijia123
lijia1986
lijia2318572
lijia520
lijia521
lijiabin
lijiacheng
lijiadehao
lijiafei
lijiafeng
lijiahao
lijiahong
lijiahui
lijiajia
lijiajian
lijiajie
lijiajun
lijiali00
lijialiang
lijialijia
lijialin
lijialing
lijialong
lijiaming
lijian001
lijian0612
lijian1021
lijian123
lijian520
lijian521
lijian@38
lijianan
lijianbin
lijianbo
lijianfeng
lijianghua
lijiangtao
lijianhui
lijianing
LIJIANJUN
lijianlin
lijianlong
lijianmin
lijianming
lijiannan
lijianping
lijianqi
lijianwei
lijianwen
lijianxin
lijianxun
lijianyong
lijianyu
lijiarui
lijiawei
lijiawen
lijiaxin
lijiayuan
lijichao
lijie003429
lijie023
lijie123456
lijie1982
LIJIE2008
lijie520
lijie521
lijielijie
lijifeng
lijiluob
lijin123
lijin520
lijin86694815
lijinchao
lijincheng
lijinfang
lijinfeng
lijing123456
lijing1982
lijing1987
lijing315
lijing520
lijing521
lijingbo
lijinghui
lijingjing
lijinglei
lijingli
lijinglijing
lijingtao
lijingwei
lijingwen
lijingya
lijingyi
lijingyu
lijingyuan
lijingyun
lijinhai
lijinhong
lijinhua
lijinhui
lijinjin
lijinlijin
lijinling
lijinlong
lijinping
lijinquan
lijinsong
lijinwei
lijinxin
lijinxing
lijitong
lijiyuan
lijl1109
lijuan123
lijuan520
lijun0907
lijun1981
lijun19820717
lijun1984
lijun1985
lijun520
lijun521
lijunfeng
lijunhong
lijunhua
lijunhui
lijunjie
lijunjun
lijunlijun
lijunlong
lijunnan
lijunqing
lijunwei
lijunzhi
likai0211
likai123
likai96321
likaifeng
Likaihua
likailikai
likaiwei
likaiyang
like123123
like123456
LIKE1314
like1989
like730309
likebeer
likelove
likeming
likeqiang
likexing
liko02102t
likuen1986
lilac123
lilacchan
lilacjudy
lilan3027
lilanlan
lilaoshi
lilawang
lilei123
lilei520
lilei521
lilei789
lilei92106356
lileilei
lileililei
lili1202
lili1234
lili12345
lili12li
LILI1314
lili19790909
lili1981
lili1983
lili1984218
lili1986
lili1987
lili1988
lili2006
lili2008
lili2009
lili520lili
lili5211314
lili6767
lili840519
lilian83
liliang123
liliang520
liliangfei
LILIANJIE
lilichen
lilicheng
lilidong
lilifeng
lilihong
lilijiayou
lilijing
lilijuan
lilili0532
lililove
liliming
lilin123
lilin1982
lilin228
lilin520
lilinfeng
liling123
liling520
lilingen
lilinghqg
lilingling
LILINGYAN
lilinlin
lilinno1
liliping
liliqiang
liliwang
liliwhite
liliwoaini
liliying
lilizhang
lilizhou
lillyde51
lilo99887788
lilong123
lilulilu
lilun+1978
lilunzhi
lily000119
lily0204
lily0612
lily0822
lily1012
lily1027
lily1106
lily1121
lily1212
lily1234
lily123456
lily123714
lily1314
lily1984
lily2000
lily2008
lily2009
lily3128
lily4422246
lily5201314
lilychen
lilyfeng
lilyheart
lilyhuang
LILYLILY
lilypassword
lilysa212
lilyshopping
lilytang
limanman
LIMAO418
limaojin
LiMaoMao
limaosheng
limei520
limeihui
limeijun
limeiling
limeng123
limengaini
limengjiao
limengmeng
LIMENGNA
limengyao
limi123456789
limiao520
limiaomiao
limig2436
limin112
limin123
limin520
liming007
liming0319
liming123
liming520
liming521
limingbo
limingda
liminghua
liminghui
limingjia520
limingjie
limingjing
limingqi
limingshan
limingxuan
limingyang
limingyu
limingyue
limingzhen
liminlimin
limpbizkit
limu1661
LIN090812
lin123123
lin12345
LIN123456789
Lin1314520
lin133076
lin158719890913
lin1min2wei3
lin20034288
lin2333513lin
lin5000000jia
lin5211314
lin65163765
lin675201
lin68868
lin741108
lin760615ming
lin800517
lin840228
lin840228029
lin841119
lin84yong
lin851221
lin8599022
lin880318
lin910126
lin@buaa
Lina1018
lina1234
lina123456
lina358224374
lina5201314
linalina
linan123
linanlinan
linannan
linawoaini
linc8ifm
lincaian
linchang
linchen19921215.
lincheng
linchong
linchuan
linchuang
linchuxia
linda1006shmily
linda123
linda123456
linda1320
linda1984
linda2005
Linda2008
linda210497
linda263
linda520
linda521
linda628
linda711
LINDA888
linda9085
lindaiyu
lindaking
lindalee
lindalinda
lindaliu
lindawang
lindslin
lineage2
linechen
liner90201
linfangdun
linfeihong
linfeng123
linfeng331
linfeng520
linforever
ling-sheng
ling0000
ling00seven
ling0240
ling1129
ling1234
ling123456789
ling1314
ling1982
ling1983
ling1984
ling1985
ling1986
LING1986120
ling1987
ling2003
LING2008
ling2009
ling2468
ling4731
ling5200
ling5203344
ling527589
ling6666
lingbell
lingbing
lingbo1988
lingboli
lingboling
lingchen
lingcheng
lingdang
lingdian
lingdong
lingduyu
linger520
lingf911
lingfan8
lingfang
linggang
lingguang
linghan19600818
linghong
linghuchong
lingjian
lingjiang
lingjing
lingjuan
lingkong
lingling0
lingling00
lingling7
linglingling
linglong
LINGLUAN
lingmeiyingke
lingmeng
lingmiao
lingming
lingning
lingpeng
lingqian
lingqiang
lingqiao
lingqing
LINGSHUANG
lingsiqi
lingsong
lingtian
lingting
lingtong
linguang
linguangwu
linguihua112800
linguistics
linguowei2
lingxiang
lingxiao
lingxiayidu
lingxiner
lingxing
lingxuan
lingyang
lingying
lingyong
lingyu521
lingyuan
lingyunzhi
lingzhen
linhao110
linhao631
linhaooo
linhongdi
linhuang
linhuaqing
linhuhu22
linhuhu24
linhuhu25
linhuhu26
linhuhu27
linhui456
lining123
lining521
lining841008
linjiahui
linjiajia
linjiali
linjian123
linjiang
linjianghua
linjianren
linjiashu
linjiaxin
linjiayu
linjie520
linjingjing
linjinshan
linjunxin
link9919
linkexuan
linkgoal
linklink
LinKlnqd
linlan19861117
linli520
linliang
linlihua
linlijun
linlin00
linlin12
linlin1234
linlin1314
linlin200612
linlin502556
linmeimei
linmouren
linqiang
linqin20
linqingxia
linqiong
linquanyu
linran1256
linright
linrongqing
linsen03
linsheng
linshili
linshuai
linshuang
linshuying1966
linsilin
linsitong
lintiantian
lintianying
lintingli
linux2323
linuxdirk
linuxsky
linuxunix
linwei123
linweijie
linweijun
linweiwei
linweiwei001
linwenchuan
linwensheng
linwensong
linwukkk
linxi1217
linxi1717171717
linxi1988
linxiang
linxiaofeng
linxiaojun
linxiaoli
linxiaomei
linxiaoyu
linxing7777
linxinru
linxiong
linxlinj5201314
linyanlinyan
linYAO524
linyaxin
linyi123
linyichen
linyifan
linyouqing
linyuanfei00
linyuanjin
linyuanjin2050
linyueru
linyuhui
linyunci
linyuxian
linzhang
linzheng
linzhenwei
linzhijie
linzhiling
linzhiying
linzi521
lion2000
lion223094
lionheart
lionlion
lionlovecat
liontiger
lioudehua
lioufs8w
lioujian
lioujing
liounian
liouveiqia
liouyang
lipan123
liPANhua986
lipeipei
lipeng110
lipeng1127
lipeng123
lipeng2332561
lipeng520
lipeng521
LIPENGFEI
lipenggff
liping123
liping520
liqian520
liqiang520
liqiankun
liqianli
liqianqian
liqiliqi
liqin123
liqin520
liqing123
liqing521
liqingbo
liqingfeng
liqinghua
liqinghui
liqingming
liqingqing
liqingwei
LIQINGYUAN
liqingzhao
liqiong070809
liqipeng
liqitianye
liqiushi
liqunliqun
liquorhan
liren520
lirenjie
lironglirong
lirui123
lirui520
liruifeng
liruihua
liruijie
liruilirui
liruixue
lis4815293
lisa0520
lisa1123
lisa123456
lisa131420
lisa2009
LISABING
lisachen
lisainan
lisalisa
lishan520520
lishanshan
lishaobai
lishaohua
lishaojie
lishaojun
lishaoxi
lishasha
lishengli
lishengnan
lishi521
LISHIJIE
lishijun
lishikai
lishilei
lishiliang
lishimei
lishimin
lishiming
lishinan
lishiqiang
lishiwei
lishiying
lishouwei
lishu1998
lishuai123
lishuang123!
lishujie
lishuping
lishuwei
lishuwen
lisijian
LISIOKOK
lisiyang
lisiyuan
lisonglin
lisongming
lisongtao
liss13026
listening
listlist
litaibai
litao123
litao520
litaolitao
litengfei
literate
literature
litiantian
litianya
litianyi
litianyu
litie1977518
litiejun
liting520
litingting
litt781210
litte125018
little00
little123
little18jo
littleant
littlebaby
littlebear
littlebird
littleboy
littlecat
littledog
littlefish
littlefox
littlegirl
littlemermaid
littlemonkey
littlemoon
littlemouse
littlepig
littleprince
littlerabbit
littlerain
littlestone
LIU000000
liu06hua25
liu111111
liu123123
liu123321
liu1234567
liu12345678
liu1234567890
liu123654
liu123liu
liu12689
liu128128
liu1314521
liu147258
liu168168
liu168liu
liu197631
liu1983bo
liu19840610
liu19840714
liu198792
liu1988214ping
liu1989520
liu1989525
liu200388
liu6231o4
liu6291402
liu666666
liu670315ls
liu690525
liu7079503
liu729382
liu7645157
liu7758521
liu807891
liu85411
liu870310
liu87966985
liu888888
liu891121
liu98421
liu988988
liuadeng
liuaihua
liubaiyi521
liubaiyu
liubaohua
liubawa001
liubiao820504
liubin123
liubin520
liubing123
liubing961016
liubingqi
liubo0517
liubo123
liubo168
liubo520
liuboliubo
liubotao
liubowen
liucaiyun
liuce54823
Liuchang
liuchao123
liuchengwu
liuchenxi
liuchong
liuchuan
liuchuanfeng
liuchuang
liuchunling
liuchunyan
liuchunyu
liuclin123
liudajun
liudaliuda
liudan123456
liudan520
liudandan
liudapeng
liudawei
liuding3344~!
liudong123
liudongdong
liudonghui
liudongmei
Liuey211314
liufangfang
liufei123
liufei1987
LIUfei520
liufeifei
liufeng123
liufeng520
LIUfenlan1983
liugang123
liugeling
liuguang
liuguanghui
liuguodong
liuguoqiang
liuguoqing
liuhaibo
LIUHAIFENG
liuhaijian
liuhaijun
liuhailin
liuhailong
liuhaitao
liuhaixia
liuhaiyan
liuhaiyang
liuhaiying
liuhaiyu
liuhan1229
liuhao123
liuhao521
liuhaojie
liuhaoran
liuhebuc
liuhegou
liuheqing
liuhong19870104
liuhong9
liuhongbin
liuhongbo
liuhonglei
liuhongli
liuhongmei
liuhongtao
liuhongwei
liuhongyan
liuhongyu
liuhua123
liuhuan123
liuhuang
liuhuanhuan
liuhuawei
liuhui123
liuhui520
liuhui521
liuhuilong
liuhuimin
liuhuodie
liujason
liujfhuangsl
Liujia123
liujia520
liujia521
liujiajia
LIUJIALI
liujialin
liujialiujia
liujiaming
liujian123
liujian520
liujianan
liujianbo
liujianfei
liujianfeng
liujiangtao
LIUJIANGUO
Liujianhua
liujianhui
liujianing
liujianli
liujianqiu
liujianwei
liujianXIN
liujiaqi
liujiawei
liujiaxi
liujiaxin
liujiayi
liujiayu
liujibin
liujie123
LIUJIE520
liujie521
liujie99
liujin1981
liujin520
liujing123
liujing520
liujingbo
liujinghua
liujingjing
liujingqi
liujingtao
liujingyi
liujingyuan
liujinhua
liujinhui
liujinlong
liujinsong
liujinsuiyue
liujintao
liujinwei
liujinxin
liujinyu
liujinzhu
liujiong
liujj888
liujuan520
liujun123
LIUJUN1983
liujun19880419
liujun520
liujunfeng
LIUJUNHONG
liujunhua
liujunjie
liujunjun
liujunli
liujunlove
liujuntao
liujunwei
liukai123
liukai3298608
liukeran
liukexin
liukuiyue123
liulande
liulang123
liulanggou
liulanghan
LIULANGLQM
liulangren
liulangzhe
liulanLIULAN
liulei123
liulei1984
liuli123
liuli520
liuli750426
liuli9928
liulian123
liulian929
liulidemima
liulifang
liulihong
liulihua
liulijia
liulijie
liulijuan
liulijun
liuliliuli
liulimiao
liulimin
liuliming
liulin123
liulingling
liulinlin
liulinshi
liulinzp
liulipig
liuliping
liuliu123
liuliu19
liuliu520
liuliu64642734
liuliu66
liuliu99
liuliwei
liuliwen
liulixia
liulixin
liuliyang
liuliying
liuliyuan
liulizhi
liulu12188
liulu123
liuluming10
liumangtu
liumangwudi
liumeiling
liumeiyu
liumen2han
liumeng123
liumengli
liumin123
liumin520
liuming123
LIUMINGHUI
liumingmin
liumingming
liunanwdw
liuniansishui
liuningning
liupeifeng
liupeng123
liupengfei
liuping520
liuqi123
liuqi520
liuqian123
liuqiang320
liuqianghua
liuqianqian
liuqiming
liuqing123
liuqing5
liuqinghua
liuqinghua05
liuqingjun
liuqingyun
liuqiong
liuqiuhong
liuqiuju
liuronghua
Liurunjiao520
liuruoying
liusanjie
liushahe
liushang
liushanmen
liushanshan
liushaohua
liushaojun
liusheng
liushenyi
liushibo88
liushijia
liushijie
LIUSHILIN
liushiming
liushiyin
liushiyu
liushiyuan
liushuhua
liushui110
liushui88
liushuibo
liushuiboLIU47
liushuohanyu
liushuqin
liushuwei
liusichang
liusijia
liusiling
liusitong
liusiyang
liusiying
liusiyuan
liusuanxin
liusuifeng
liusuting
liutao123
liutao520
liutengfei
liutianbao
LIUTIANYU
liuting.
liuting123
liutingting
liuwanglove
liuwei.com
liuwei1020
liuwei119
liuwei1983
liuwei2008
liuwei520
liuwei521
liuwei8695
liuwei8848
liuweifeng
liuweihong
liuweihua
liuweijia
liuweijie
liuweili
liuweiming
liuweiqiang
liuweiwei
liuweixi
liuwenbin
liuwenbo
liuwenhao
liuwenhua
liuwenhui
liuwenjie
liuwenjin
liuwenjing
liuwenjuan
liuwenjun
liuwenke
LiuWenlong
liuwenting
liuwenwen
liuwenxian
liuwenxin
liuwenyu
LIUWENZHU
liuxi123
liuxiangyang
liuxiangyu
liuxianyu
liuxiao123
liuxiaobin
liuxiaobing
liuxiaobo
liuxiaochen
liuxiaodan
liuxiaodong
liuxiaofan
liuxiaofang
liuxiaofei
LIUXIAOFENG
liuxiaohan
liuxiaohong
LIUxiaohu
liuxiaohua
LiuXiaoHui
liuxiaojing
liuxiaojun
liuxiaolei
liuxiaoli
liuxiaoliang
liuxiaolin
liuxiaolong
liuxiaoman
liuxiaomei
liuxiaomeng
liuxiaoming
liuxiaona
liuxiaonan
liuxiaoping
liuxiaoqi
liuxiaoqing
liuxiaotian
liuxiaowei
liuxiaowen
liuxiaoxi
liuxiaoxia
liuxiaoxiao
liuxiaoyan
liuxiaoyi
liuxiaoying
liuxiaoyong
liuxiaoyu
liuxiaozhou
liuxiaquan
liuxijun
liuxin123
liuxin1985
liuxin2008
liuxing20
liuxing520
liuxing7i7
liuxinghan
liuxinghua
liuxingxing
liuxingyu
liuxinhua
liuxinlei
liuxinrui
liuxinxin
liuxinyan
liuxinyi
liuxinyu
liuxiong
liuxu520
liuxudong
liuxue0420
liuxue123
liuxue2001
liuxuedong
liuxuefeng
liuxuejiao
LIUXUELI
liuxuelian
liuxueqin
liuxufei
liuxunhn
liuxuyang
liuxuyu2pl
liuxuzhou
liuxv1978
liuyachao
liuyadan
liuyafei
liuyajie
liuyajun
liuyan123
liuyan123lixin
liuyan1987
liuyan520
liuyan521
liuyanan
liuyanbo
liuyanchao
liuyandongw
liuyang1234
LIUYANG1987
liuyang2008
liuyang252676
lIuyang520
LIUyang521
liuyanghe
liuyanhua
liuyanhui
liuyanjun
liuyanli
liuyanlin
liuyanling
liuyanming
liuyannan
liuyanping
liuyanqin
liuyanqing
liuyanting
liuyanxi!
liuyanyan
liuyanzi
liuyaqing
liuyawen
liuyh+-*/
liuyi1012
liuyi123
liuyi19861108
liuyi520
liuyi5461
liuyi82091654
Liuyifan
liuyihan
liuyijie
liuyilin
liuyiliuyi
liuyimei
liuyiming
liuyinfei12
liuying520
liuying5201314
liuying521
liuyingying
liuyishen
liuyiting
liuyiwen
liuyixin
liuyixuan
liuyiyang
liuyol60866050
liuyong123
liuyongcheng
liuyonggang
liuyongjun
liuyu123
liuyu520
liuyu521
liuyuanyuan
liuyudong
liuyue123
liuyuedeyu
liuyueying
liuyufei
liuyufeng
liuyuhan
liuyuhan23
liuyuhang
liuyujia
liuyujie
liuyujun
liuyulin
liuyuliuyu
liuyulong
liuyuming
liuyun123
liuyunan
liuyunfei
liuyunhe
liuyunlong
liuyunxia
liuyunzhi
liuyuping
liuyuqiang
liuyuqing
Liuyusong
liuyuting
liuyutong
liuyuwei
liuyuwen
liuyuxin
liuyuxuan
liuyuxuan080920
liuyuyang
liuzd001
liuzhang
liuzhen123
liuzhengjun
liuzhenhua
liuzhenyu
liuzhichao
liuzhicheng
liuzhifeng
liuzhigang
LIUZHIGUO
liuzhihai
liuzhihan
liuzhihao
liuzhihua
liuzhihui
liuzhijia
liuzhijian
liuzhijiang
liuzhijie
liuzhijun
liuzhimin
liuzhiming
liuzhipeng
liuzhiping
liuzhiqiang
liuzhiwei
liuzhiwen
liuzhixin
liuzhixing
liuzhiyong
liuzhiyu
liuzhiyuan
liuzhong
liuzhuang
liuzijian
liuzijie
liuziqiang
liuziyang
liuzy125
live2009
live800101
livelife
livepool
liveshow
liveyong
liwanjun
liwanning
liwei000
liwei007
liwei051221
liwei1234
liwei123456
liwei135731
liwei1982
liwei1983
liwei1985
liwei1986
liwei1987
liwei1993324
liwei2006machmf
liwei2008
liwei520
liwei521
LIWEI888
liweiabj
liweibin
liweibinwoaini
liweichao
liweichen
liweidong
liweifeng
liweihao
liweihong
liweihua
liweijia
liweijian
liweijie
liweijin
liweijun
liweiliang
liweiliwei
liweimin
liweiming
liweiping
liweisong
liweiwei
liwen0508
liwen123
liwen521
liwenbin
liwenbing
liwencai
liwenchao
liwendong
liwenfeng
liwengang
liwenhao
liwenhua
liwenhui
liwenjia
liwenjian
liwenjie
liwenjin
liwenjing
liwenjuan
liwenjun
liwenliang
liwenlong
liwenlou9988
liwenming
liwenqiang
liwenqing
liwensheng
liwentao
liwenting
liwenwei
liwenwen
liwenxia
liwenxian
LIWENYUAN
liwenyue
liwenzhi
liwenzhu
liwf455702
lixia123
lixia520
lixia521
lixialixia
lixianfeng
lixiang123
lixiang520
lixiang521
lixiang8236158
lixiangbo3188
lixiangyang
lixianshou
lixiao0616
lixiao123
lixiaobai
lixiaobin
lixiaobo
lixiaochen
lixiaochun
lixiaocui129223
lixiaodan
lixiaofang
lixiaofei
lixiaofeng
lixiaogang
lixiaoge
lixiaohang
lixiaohu
lixiaohua
lixiaohui
lixiaojia
lixiaojian
lixiaojie
lixiaojing
lixiaojuan
lixiaojun
lixiaokang
lixiaole
lixiaolei
lixiaoli
lixiaoliang
lixiaolin
lixiaoling
lixiaolu
lixiaomei
lixiaomeng
lixiaomin
lixiaoming
lixiaona
lixiaonan
lixiaopeng
lixiaoping
lixiaoqi
lixiaoqing
lixiaoran
lixiaotao
lixiaotong
lixiaowei
lixiaowen
lixiaoxi
lixiaoxia
lixiaoxiao
lixiaoxin
lixiaoyan
lixiaoyao
lixiaoyi
lixiaoying
lixiaoyong
lixiaoyu
lixiaoyuan
lixiaoyun
lixilixi
lixin111
lixin123
lixin123456
LIXIN510
lixin520
lixin521
lixindmima
lixing123
lixingde
lixingxing
lixingyi
lixinhua
lixinjian
lixinjie
lixinlei
lixinlixin
lixinping
lixinran
lixinwei
lixinxin
lixinyang
lixinyuan
lixiufeng
lixiuming
lixkmail
lixu1211
lixuan123
lixuan520
lixudong
lixue521
lixue880121
lixuecheng
lixuefei
lixuefeng
lixuejun
lixuelian
lixueping
lixueqin
lixuesong
lixueting
lixuewei
lixueyan
lixunhuan
lixuyeye29
lixy0302
liyajing
liyajuan
liyakang
liyaling
liyan123
liyan123456
liyan1988
liyan520
liyan521
liyanbin
liyanfang
liyanfei
liyanfeng
liyang1986
liyang1988
liyang2008
liyang520
liyangyang
LIyanHONG
liyanhong1
liyanhua
liyanhui
liyanjie
liyanjun
liyanling
liyanliyan
liyanlong
liyanping
liyanqin
liyansong
liyantao
liyanwei
liyanxia
liyanxiang
liyanyan
liyanyang
liyanzhen
liyaohua
liyaoyao
liyapeng
liyaping
liyaqing
liye1982
liyeliye
liyeying
liyi2598
liyifeng
liyifeng0504
liyigang
liyiliyi
liyiming
liying123
liying520
liying521
liyingchun
liyinghui
liyingjie
liyingshan
liyingying
liyinhua
liyirong
liyiwoaini
liyixuan520
liyiyang
LiyizhuS
liyong123
liyong1985
liyong520
liyongaillh520
liyongfei
liyongfeng
liyongjia
liyongjie
liyongjun
LIYONGQIANG
liyongqing
liyongxin
liyousen
liyuan123
LIYUAN520
LIYUAN521
liyuanfang
liyuanhua
liyuanyuan
liyuanzhi
liyuchao
liyuchen
liyuchun
liyuchun310
liyuchun84310
liyue163571
liyuehua
liyuelin
liyueliyue
liyuemei
liyufang
liyufeng
liyugang
LIYUHANG
liyujuan
liyuliang
liyuling
liyuliyu
liyulong
liyuming
liyun123
liyune1230
liyunfei
liyunfeng
liyunhua
liyunhui
liyunlong
liyunpeng
liyunxia
liyunze_5566
LIYUPENG
liyuping
liyuqing
liyurock
liyusheng
liyutian
liyuting
liyutong
liyuxuan
liyuyang
lizaiyuan
lizawang
lizefeng
lizhan517
lizhangbin
lizhanhu
lizhaohui
lizhaojun
lizhelizhe
lizhen123
lizhen19841012
Lizhen520
lizheng123
lizhengwei
lizhenhua
lizhenjie
lizhenyu
lizhgogo
lizhi0823
lizhi123
lizhi1981
lizhi1982
lizhi520
lizhi521
lizhibin
lizhichao
lizhicheng
lizhicheng871127
lizhifeng
lizhigang
lizhiguo
lizhihai
lizhihao
lizhihong
lizhihua
LIZHIHUI
lizhihuixw
lizhijian
lizhijie
lizhijin
LIZHIJUAN
lizhijun
lizhilin
lizhilong
lizhimin
lizhiming
lizhipeng
lizhiping
lizhiqin
lizhiquan
lizhiwei
lizhiwen
lizhixin
lizhiyan
lizhiyi725
lizhiyong
lizhiyuan
lizhongguo
LIZHONGHUA
lizhongwu
lizhuang
lizhunji
lizhuo221
lizilizi
lizilong
liziming
lizixuan
lizongbao
lizongyang
lizx10086
lizzyrose
LJ000000
lj01211123
lj083948
LJ100200
lj110110
lj123123
lj1234567
lj13079886643
lj1314520
lj195813
lj19790408
lj19820529
lj198710
lj1987122220
lj222222
lj24584367
lj34296128
lj414722442
lj521521
lj654321
lj666666
lj690690690
lj6940185
lj767989
LJ7758521
lj790904
lj801115
lj810625
lj860617
lj951003
LJ962464
ljb123456
ljbljbljb
ljc123123
ljc123456
ljc830228
ljch2001
ljcljcljc
Ljclove19761010
ljd000000
ljd123456
ljd771226
ljf123456
ljf19831114
ljf2711010
ljf_5214988
ljfsainrg
ljgd9918
ljghghfg465
ljh12345
ljh123456
ljh77422
ljh82176816
LjhA839896
ljhljh520520
ljhljhljh
ljianfei1203
ljisapig
ljj123456
ljj2093168
ljj780417
ljj8950166
ljjljjljj
ljk1028521
ljk860728
ljl123456
ljljljlj
ljlkjyforever
ljm031838
LJNLEXLI
ljoi989k
LJP0405201612060
ljp123456
ljp5201314
ljp7862453
ljpljpljp
ljq123456
ljr3401393
ljr511375
ljt123456
ljtbswlxj
ljtjh9485
ljujydfvagsgtgh@
ljw123456
ljw780716
ljwhddz3
ljwhyzqm
ljx!07006
ljx123456
ljxljx66
ljxzzgxln
ljy123456
ljy666666
ljy854854
ljz123456
ljz81510
lk000000
lk123456789
lk1986lk
lk516500
lk5201314
lkj123456
lkj65b6666
lkjh1234
lkjh7789
lkjhgfdsa123
lkjhlkjh
lkjhmnbv
lkjlkjlkj
lkjt--6974
lkjtlkjt
lkqanywn
lksflksf
lkw198529
lkwmlkwm
lkx1986516
lkx202011
lky830625
lkz863388
ll000000
ll065628
ll112233
LL1208589090
Ll123123
ll123321
ll131313
ll1314520
LL1314521
ll147852963
ll19121987
ll19741128
ll19831113
ll200151
ll3344520
ll3898153
ll520520
ll5211314
ll539678123
ll654321
ll710ll710
ll7758521
ll778899
ll881027
ll891192
ll89207910
llafalcon
llb123456
LLbblp520
llf07310216
llf123456
llf40990436
llf8310428
llflcwlb
llg*19800604
lliiqc0133
lliissaaa
lliufeng
lliullin
llj123456
llkc1020
lll123456789
lll456789
lll5201314
llliiiuuu
llll1111
llll1234
llll19821024
llll6666
llllgggg
lllllkkkkk
lllllllll
llllllllll
llloveldc
lllshiwo1234
lllsuner
llltttzzzdzx007
llm123456
LLn000108
llp123456
LlQDIgGx#
llr516888
lls123456
llt2813920
lltianya
llv22002
llwjw787
llwoaini
llx12345
llx123456
lly123456
lly198872
lly5201314
lly889723
llysc1s1kr
llyy1987
lm11193114
lm123321
lm12345678
lm123456789
lm515415
lm5201314
lm851068
lm880306
lmin880111
lmj123456
lml123456
lml512724
lmlwyc8687
lmmqxyxwjsxeqs
LMQ571016
lmq691125
lmqxx121
lms1987130
LMX123456
lmy123456
lmy271828
lmy30141592
lmy_1979
lmygackt
ln115406
ln123456
ln19850102
ln198711
ln823835
lnwdj7758258
LNZ58451800LNZ
lo9ki8ju7
loadload
locklock
loctite5
lodestar
log7815861
loganplace
Login123
loginlogin
loginuser
logistics
logodenver
loli123!@#
lolisama214
lolmaning
lon224303
lon5723598zon
loncho76
London123
London2012
london21204
LONELINESS
lonelyboy
lonelystar
LONELYWOLF
lonesome
lonestar
lonewolf
long001978
long0412
long100200
long1015
long1024
long1234
long12345
long123888
long1314
Long1314520
long1980
long1982
long1983
long1984
long1985
long1986
long1987
long1988
long1989
long1990
long2000
long2002
long2003
long2005
long2008
long2009
long20090612
long2010
long2288
long3200
long490917
long6882578
long7758
long7758521
long795862
long9999
long@long79
longaini
longbiao
longcheng
longchuan
longchuanmei
longcong
longdechuanren
longdiancmc
longdong
longerya
longfang
longfei123
longfeng
longfeng023
longgang
longgong
longhair
longhong
longhorn
longhuan
longhuzhou
longines
longjian
longjiang
longjiao
longjing
longjuan
longjuanfeng
longking
longlife
longling
longlive
longlong1005
longlong520
longlong521
longlong7
longlongago
longlonglong
longlove
longmarch
longmeier
longping
longqian
longqiang
longqing
longqishi
longquan
longrong
longsan333
longshan
longshao
longshen
longsheng
longshine
longshuai
longtang
longteng
longtian
longtime
longting
longwang
longxiang
longxiao
longxiaoyu
longxing
longxingtianxia
longxuan
longyang
longyanyan
longyao130
longying
longyong
LONGYUAN
longzexiuming
longzhifei
longzhou
look2008
look4mp5
lookatme
lookinga
lookingfor
looklook
lora0915
lorditover
lorelei99
losangelesstar
losemagic
losses1130007
lost12530
lostangel
lostlost
lostlove
loststar
losttemple
lostwjjweb
lotus123
Lotus@tianya1969
lotuslotus
lotusnotes
louis123
LOUIS520
louisefigo
louiskoo
louislee
louislx78
louisweng
loulou76
lousu8201
love.123
love.520
love0000
love0107
love0113
love0123
love012345
love0126
love01314
love0206
love0207
love0212
love0214
love0223
love0302
love0314
love04021023
love0511
love0529
love0620
love0701
love0721
love0811
love0911
love0912
love0926
love100%
love1000
love10000
love1001
love1003
love1004
love1005
love1006
love1008
love1010
love1011
love1012
love1013
love1015
love1016
Love1017
love1018
love1019
love1020
love1021
love1022
love1023
love1024
love1025
love1026
love1027
love1028
love1029
love1031
love1102
love1106
love1111
love1112
LOVE1114
Love1118
LOVE1120
love1122
love1123
love1124
love1125
love1126
love1127
love1128
love1130
love11456
love1203
love1206
love1207
love1208
love1209
love1210
love1211
love1213
love1215
love1215225
love1216
love1218
love1219
love1221
love1222
love1223
love1225
love1226
love1227
LOVE1228
love1230
love123123
love1234567
love123654
love125521
love131420
love1314521
love1437
love15871733375
love1977
love1978
love1979
love1980
LOVE1981
love1982
love1983
love19830405
love1984
love1985
love198501
love1986
love19861314
love1987
love1988
Love19880725
love198893
love1989
love1989.
love1990
love1997
love1998
love1999
love1xxm
love2000
love2001
love2002
love2003
love2004
love2005
love2006
love2007
love2009
LOVE2010
love201314
love2046
love21cn
love3331
love3333
love3344
love3344520
love3371368
love3721036
LOVE373737
love3ban
love4you
love50658
love5188
love5200
love52015
love520520
love5207296
love5210
love521521
love5257
love5566
love5683
love5889
love64213956
love7758
love7758258
love8023
love810305
love8286
love8587
Love87228918
love8848
LOVE8888
love90yu
love9101230
love957326
love982858
love987654321
love9999
love@201030
loveaaran
loveaaron
Loveadam
lovealex
lovealice
lovealife
lovealing
Lovealive
loveallen
loveallensu
loveamei
loveandpeace
loveandy
loveangel
loveangela
loveangie
loveanita
loveanna
loveanne
loveannie
loveantonia
loveappear
loveapple
loveavril
loveayumi
lovebaby
lovebaby1314
lovebaby520
lovebaggio
lovebaobao
lovebaobei
lovebb1314
lovebbmm
lovebear
lovebeibei
lovebenben
lovebeyond
lovebibi
lovebinbin
lovebing
lovebird
LOVEBLUE
lovebobo
lovebook
lovecandy
lovecaptian
lovecc1314
lovecc520
lovecczg2010
lovececilia
lovechao
lovechen
lovecheng
lovecherry
lovechina
lovechun
lovecica
lovecici
lovecindy
LOVECLOUD
lovecoco
loveconan
lovecyndi
lovedaisy
lovedance
lovedandan
lovedaniel
loveding
lovedong
lovedoudou
lovedream
lovedudu
lovedy23
loveecho
loveedison
loveElva
loveemma
loveeric
loveever
lovefamily
lovefanfan
lovefang
lovefaye
lovefeifei
lovefeng
lovefeng1
lovefish
loveflora
loveflower
lovefool
lovefornth
lovefree
lovefuji
lovegackt
lovegame
lovegege
lovegigi
lovegirl
lovegl319
lovegogo
lovegone
lovegong
lovegorgor
lovegrace
loveguest
loveguozi
lovehanabi
lovehaoran
lovehappy
Lovehebe
lovehero
loveheta
lovehide
lovehiei
lovehina
lovehome
lovehoney
lovehong
lovehongye
lovehot27
LoveHowe
lovehuan
lovehuang
lovehuihui
lovehujun
lovehyde
lovein123
lovein2002
lovein2009
LOVEINGYOU
loveinhere
loveisall
loveisblue
loveislove
loveisover
lovejack
lovejane
lovejason
loveJava
lovejeff
lovejenny
lovejerry
lovejiajia
lovejian
lovejiao
lovejing1314
lovejingjing
lovejj1314
lovejoey
lovejojo
lovejolin
lovejuan
loveJUDY
lovejunjun
lovejunki
lovekame
lovekangta
lovekeai
lovekeita
lovekelly
lovekevin
lovekiki
lovekimi
loveking
lovekiss
lovekitty
lovekitty790208
lovekobe
lovelace
lovelanlan
lovelaogong
lovelaopo
lovelaughlive
loveleaf
loveleehom
lovelele
loveleon
loveLeslie
loveletter
lovelian
loveliang
lovelike
lovelili
lovelily
lovelily1212
lovelilyforever
lovelina
loveLINDA
loveliness
loveling
lovelingyun
LOVELINUX
lovelisa
lovelive
lovelizui
lovelong
lovelonger
lovelotus
lovelove819
lovelovesyou20
lovelu20041010
lovelulu
lovelva1087
lovelx9390
lovely123
lovely1977
lovelybaby
lovelyboy
Lovelycatli4
lovelyf888
lovelyvv
lovelyxiaoshu
lovem249
lovemaggie
lovemama
lovemami
LOVEMAN1120
loveman87
lovemana
lovemaomao
Lovemark
lovemars
lovemartin
lovemary
LOVEMAYDAY
loveme1012
loveme123
loveme1314
loveme520
loveme7099
LOVEme88
loveme99
lovemebaby
LoveMedearbook
lovemedo
lovemeloveme
lovemelovemydog
lovememe
lovemeng
lovemeok
lovemetender
lovemevv
lovemiao
lovemicky
lovemilan
lovemimi
loveming
loveminmin
lovemiss
lovemomo
lovemoney
lovemony
lovemoon
lovemother
lovemusic
LOVEMYBABY
lovemylove
lovemyself1314
lovenana
lovenancy
lovenannan1103
lovenemo
loveneverdie
lovenicholas
lovenicholastse
LOVENICK
lovenina
lovening
lovenini
loveniuniu
lovenobody
lovenuriko
loveonly
loveowen
lovepanda
lovepaul
lovepeace
lovepeng
lovepeng520240
loveping
lovepopo
loveqian
loveqiang
loveqiao
loveqing
loveqiong
loveqiqi
loveqj1019
lover007
lover10246
lover1314
lover1980./
lover2000
lover2005
lover2008
lover520
lover521
lover781214
loverain
loveRAIN826
loveraul
loverei7u
loverlin
loverlover
lovermes
loverong
loveroot
loverose
loveryan
loveryao
loveryen
loveryou
lovesally
lovesammi
loveseek
loveself
loveselina
loveseven
loveshan
loveshang
loveshanghai
loveshine
loveshow
Loveshuai
loveshuang
lovesick
lovesisi
loveskying
lovesmile
lovesnow
loveSola
lovesong
lovesophia
lovespring
lovestar
lovestone
lovesumer
lovesummer
lovesunny
lovesunnyleefe
lovesure
lovesusan
lovesusu
lovetang
lovetaotao
lovether
lovetian
lovetianya
lovetiger
lovetime
loveting
lovetong
lovetony
lovetoto
lovetree
lovetutu
lovetvxq
lovetwins
loveu1314
loveu4ever
loveuforever
LOVEVC966
lovevic83
lovevicky
lovevivi
lovevivian
lovewallace
lovewang
lovewater
loveweiwei
lovewenwen
lovewife
lovewill
lovewind
lovewing
lovewinter
lovewl1314
lovewolf
lovewoolcool.
loveworld
lovexia1314
lovexiang
lovexiao
lovexiaojun
lovexiaoli
lovexiaoni
lovexiaoxiao
lovexiaoyu
lovexing
lovexinxin
lovexixi
lovexixin
lovexuan
lovexueer
lovexuhui
lovexy1314
loveyamap
loveyan1314
loveyang
loveyang1314
loveyang19850409
loveyanyan
loveyanzi
loveyaya
loveyaya891114
loveyifei
loveying
loveYING1314
loveyiyi
loveyojo
loveyou!
loveyou13
loveyou3
loveyou5
loveyou5201314
loveyou521
loveyou99
loveyouggy
loveyouloveme
loveyouloveyou
loveyouMYZT
LOVEYOUR
loveyourself
loveyouso
loveyoutoo
loveyouxx
loveyouyou
loveyoyo
loveyu1314
loveyuan
loveyuanyuan
loveyuer
loveyuki
loveyuyu
loveyy1314
loveYYKkiss5211
lovezhang
lovezhang501402
lovezhen
lovezheng
lovezhuzhu
loveziji
lovezj33547618
lovezoulin987929
lovingwll
lowellwzl
lp123456789
lp1314520
lp19860205
lp201314
lp291201
lp5211314
lp612612
lp666666
lp7758521
LP820408
lp881009
lp960209
lpc918918
lpf12166
lpf123456
lpl65399106
lplpo110
lplykevin99
lppoo0405
lpwoaini
lpwwpl8706
lpyuan19890827
LPZ07723251107
lpz323114
lq123456789
lq131420
lq1314520
lq200010
lq2233690
lq246800
lq266500
lq5201314
lq5719727
lq5945518
lq811117
lq811826
lq8206022
lq888888
lq951753
lqfwzdan
lqh123456
lqh7758258
lqj123456
LQL9706100
lqlaly1898
lqq510121
LQX800204
lqy123456
lqz741125
lr0376027
lr123456
lr5201314
lrlovemt
lrsj123456
lrthust605
lrwyy301
lryz1979
lrz27332
ls1314520
ls13233897183
ls19870901
ls5211314
ls56116088
ls654321
ls7230032
LS8252440
lsdslsds
lsf123456
lsf5580368
lsg328768
lsh123456
lsh19890606
lsh5201314
lsj123456
lsj198612
lsl123456
lsl1314520
lsl19871201
lsls4512
lsls8848
lslslslsls
lsm123456
lsm19881208
lsn880502
lsp123456
lsp711120
lsp88570165
lsq123456
lsq345118345119
lsq54188
lsq637641292
lsqljwldr
lsqljwldr126888
lsqljwldr196888
lss123456
lsshjj1234567890
lsssl113
lssy0000
lstqrs2129
lsw123456
lsx123456
LSY123456
lsy5201314
LSzm19820101
lt07335622098
lt112883
lt123456789
lt198369
lt5201314
lt654321
lt828488
ltBf1873
ltdz999999999
ltj123456
ltm052549
LTT123123
ltt71986
lttfaith
LTTLTT19850119
ltwjtianxi
ltzc2009
lu000000
lu007980
lu060106
lu111111
lu123123
lu168888
lu1988525
lu2185291
lu262728/
lu4230312
lu88603155
luan78zao
luanbuvivian
LUANFANG521ZXY
luanjian
luanluan
luanluanxiao
luanqibazao
luanqing
luanshijiaren
luanweixia
luao4538
lubing19851125
lubingxin
lucanyi123
luchunhua
luck1211
luck2006
luck2008
luck2009
luck2010
luck52690082
luckbird
luckchen
luckluck
luckrossi
luckstar
lucky0346
lucky168
lucky2006
lucky2008
lucky2009
lucky2010
lucky520
lucky666
lucky689
lucky7758521
lucky888
lucky913
Luckyangel
luckybaby
luckybird
luckyboy
luckychen
luckyday
luckygirl
luckylucky
luckyman
luckypig
luckysatan
lucy0412
lucy1229
lucy1234
lucy123456
lucyjeff
lucylucy
ludanludan
ludayong
ludingfong
luffycute
lugenggood
luguoluguo
luh24183
luhong26
luhua2009
luhui2004
luiqunfang
luisfigo
lujia221713
lujianbuping
lujianguo
lujianhua
lujianli
lujingjing
lujingyan
lujinno1
lujunhaoma
lujuwei198718
lukai123456
luliang603
lulu1234
lulu123456
lulu1314
lulu131499
lulu1980
lulu1983
lulu19861126
lulu1987
lulu19900504
lulu2008
lulu3510
lulu5201314
luludejia
LULULULU
luluzhang1984
lumberjack
luna1982
luna1983
luncay1024
lundun2012
lunluoren
luntan123
luntan88
luntanmima
luntanming
lunwenbianji
lUO28332833
luo4221857
luo5201314
luo760616
luo8899905
luo957118guo
luoai123
luobenwuzuia
luobo520
luochao1988
luocheng
luochuan
luochuanchuan
luochuang
luochun1988127
luochunwei
luochunyan
luodayou
luodong850614
luoenjian
luohao123
luohong20081688
luojia800814
luojian123
luojiang
luojianhua
luojingjing
luojun117
luoli1978
luoliang
luolita09
luolixin
luoluo123
luoluo520
luoluo521
luoluoluo
LUOMAJIARI
luomingfu
luomitou
luonaerduo
luonanxujie
luoqiang
luoqiming
luoqin7991
luoqiong
luoqiuju
luosheng
luoshuai
luosuxia
luox864222
luoxiang
luoxiaolin
luoxiaotao
luoxiaoyan
luoxiaoyu
luoxiong
luoxue888
luoyang3112L
luoyangren
luoyao903
luoying520
luoyoujjj
luozhang
luozhe0107
luozheng
luozhiwei
luozhixiang
luozhiyong
luqf1028
luqing001
luqjahl050619
lurenjia
luruyin1985
lusein003
lushuang
lutingting
luton2008
luvalwayz
luwangda
luwei123
luwei1984
luwei520
luwenjie
luwenjing
luwj2004
luwuchao
luxiaofei
Luxiaofeng
luxiaoli
luxiaolu
luxiaoqing
luxiaowei
LUXIAOYAN
luxiuyun
luxun1881
luyan123
LUYANG123
luyihaoa
luyiluyi
luyining
luyongjia
luyulai2005
luyuzhen0624
luzhe21st
luzhidan517901
luzhijun
luzhizhong
luzixin100
luzzifer
lv123456
lv19890712yan
lv2191533
lv2192374
lv7481525
lv864026
lv880131
lvbuhero
lvcha123456
lverya123456
lvfeiyang
LVFENGJIAO
lvgengxing
lvhongfang
lvjinming
lvjinxiu525
lvmamahell0
lvmm0619
lvpin-11
lvshi200
lvshuang
lvwangqq520
lvwei518917423
lvxinlu123
lvxiu777
lvxw1122
lvye820210
lvyexianzong
lvyongming
lvyou100
lvyouidbaohu
lvyuehuixuejun
lw123123
LW123456789
lw19811213
lw19860504
lw198718
lw210044
lw230715
lw387072
lw5201314
lw666666
lw68018264
lw7386559
lw820523
lwb811011
lwbingdie
lwd611022
lwglwlzl
lwh00ooooo
lwh123456
lwh2952483
LWH6518324
lwhlh520
lwj123456
lwj197623
lwj19820909
LWJ851228
lwl123456
lwm123456
lwpauline
lwq0774821230110
LWQ1111985
lwqwyf740520
lwrzcy840424
lws25091977
lwssgfnh
lwt123456
lwt19800715
lww123456
lwx020202
lwx899660
lwy123456
lwy315@#$
lwz123456
lwzz741027
lx000000
lx0396835
lx11160.0
lx1314520
lx2010320
lx3016166
lx5201314
LX5211314
lx666666
lx800211
lx800404
lx841207
lx898898
lxb123456
lxb641111
lxc123456
lxd123456
lxd19781218
lxdlxdlxd
lxf123456
lxf19831228
lxf19890209
lxfzhssd
lxg0213.com
lxg123456
lxgend0228
lxh123456
lxh19790619
lxh791424
lxhlxhlxh
lxhs820608
lxhwr1985
lxiaohua
lxj123456
lxj19851115
lxj_cqnc
lxjlxjlxj
lxkj2009
lxl123456
lxl198810095616
lxl2007girl
lxl2668529
lxl8832687
lxm123456
lxm128czsc
lxmlxmlxm
lxn3287317
LXPlxpLXP
lxq123456
lxq13579
lxq809801
lxq97029
lxs123456
lxsh1989
lxsz61542
lxsz63542
lxw123456
lxw22303
lxx123456
lxx19800514
lxx821128
lxy12345
lxy123456
lxy5201314
lxy789148
lxy918808
lxycocoa
lxz123456
lxz521!!
ly100200
ly111111
ly112233
ly123123
ly123321
ly1234567
ly12345678
ly123654
ly1314520
ly13963405092
ly19800802
ly19810821
ly1983326
ly1988612
ly201314
ly292513
ly2968888
ly4388180
ly471039
ly520520
ly5211314
ly5233330
ly666666
ly66763631
ly7215698
ly7222696
ly761022
ly7758521
ly781213
Ly820113
ly85234176
ly870117
ly88513746
ly888888
ly900188
ly961025
LY999999
ly_ly_wo
lyb123456
lyb13965010343
lyc123456
lyc19840310
lyc5201314
LYc65215216
lyc840310
lychbr311
lychmily
lycrys14o
lyd123456
lydia)^12
lydia123
lydwswmshc
lyf12345
lyf123456
lyf327520
lyf5201314
lyf614121
lyf654123
lyf811122
lyfblog1989720
lyffanren1230
lyg123456
lyg380lyg380
lyh123456
lyh230898
lyh2391162
lyh520ni
lyh690823
lyh721114
lyhdnw99
lyhj5811981
lyj111111
lyj123456
lyj901005
lyjdnxly
lyjlyjlyj
lyjsincere
lyk771429
lyl10531858
lyl123456
lyl19771117
lyl350300
lyl487499
lyl5201314
lylljylyh
lylylyly
lylzyh718
lym12345
lym123456
lym213717
lym5201314
lym801104
Lymwdxd1314
lyn47934437
lyn801227
lynn1314
lynn79ken
lynnlynn
lynzylmy
lyq123456
lyq123456789
lyq5201314
lyr010601
lyr5835551
lys123456
lys545352
lys84589722
lys@0908
lysosome
Lysvy11e97
lyt123456
lytlx0726
lywlyw1234
lyx12345
lyx123456
lyx8305539
lyxd830412
lyxhello
lyy-=840706
lyy123456
lyy331516
lyy721223
lyylyylyy
lyyoyy424424
lyz123456
lyz19880526
lyzh22519
lyzxmr920502
lyzyindsenly
LZ11180607
lz123456789
lz19540527
lz19821218
lz19881219
lz19890127
lz471010
lz5201314
lz6696194
lzb7685645
lzc12345
lzc123456
lzc7800218
lzc801104
lzc871108
lzcx5725
lzd117519
lzd200002
lzf045692
lzf123456
lzflzflzf
lzg123456
lzg377898
lzh123456
lzh123456789
lzhlzhlzh
lzj123456
lzj310001
lzj87249199
lzj8855246
LZJZDJ123
lzl123456
lzl123456789
lzl199172
lzl201314
lzl841009
lzlhf1121
lzm123456
lzm971511
lzmlyfutong
lzp65921075
lzp8811881
lzq123456
lzq456456
lzr123456
lzr3113681
lzr870328
lzs123456
lzslw888
LztEz2xe98
Lztuz21e98
Lztvy21e98
Lztvz21e98
LzuDz2xe98
LzuEz2xe98
lzw123456
lzwlzwlzw
lzx123456
lzx19830103
lZx5003214786
lzx900909
lzy12345
lzy123456
lzy123456789
lzy5201314
lzy6669771
lzy831119
lzy870529
lzypinpai
lzyxlzyx
m0000000
m00000000
m0n9b8v7
m0RaYdhxqm
M0t0r0la
m1020301
m111121l
m123123123
m1234567890
m123456m
m123m123
m1314520
m19820304
M198210i
m1y1j1n1
m2YdEgkDws
m324l310
m3335499
m3YdDgkDws
m3YdDhkDws
m3YdEgkDws
m431273291
m43643564
m6g;4a.6
m7758521
m7a9c5ross
m8830209
ma000000
MA037037
ma112233
ma12345678
ma6063402
ma7zfuk3
ma8487955
maanshan
maarlake
mabin770
macaulay
macgrady
machao123
machinist
machonggood
machuang
MACHUNYAN
macintosh
macromedia
macwinine
madaha..
madamadadane
madan911
madaochenggong
madechina
madeinchina
mademade
madlyboy
maer3196
maerdaifu
mafandeshi
mafangfang
mafei229
mafei812127
mafeifei
mag570fd
mag770pf
magazine
magebaocom
magellan
MAGGIE00
maggie0102
maggie123
maggie1983
maggie1984
maggie1987
maggie36
maggie520
maggiechen
maggiefxcn
maggiev551101
magiangel
magic123
magic213
magic2505
magicboy
magician
magickey
magiclee
magiclordelf
magicmagic
magicset
magicwin
magicyang
magnetism
magnificent
maguihong
maha0503
mahaijun
mahaitao
mahaiyang
mahongwei
mahui123
mai123456
maibaob888
maidanglao
maidou123
maigoo00
maigooinfo
mail8012
mail_333132
mailcity
mailmail
maimaimai
mainboard
mainland
mainmain
mainone168
mainstreet
maitkuxt
maiyatang
maizhesky
majaheiheihei
majestic
majfleixr
majia000
majia123
majia2007
majia2009
majia456
majia520
majiajia
MAJIAJU8888
majiajun
majiajun123
majiajun88
majiajun8888dj
majiamajia
majian@113
majianfei
MAJIANHUA
majianjun
majianwei
majie123
majie80101800jie
majijaun8888
majing1016
majingjian
MAJINGJING
majingtao
majingyu
major007
majun123
majun520
majunfeng
majunjie
majunjun
majunwei
makeawish
makeitso
makelove520
makemake
makemoney
makinchow
maladona
maladuona
malafish2066
malan520
malanwindy
malatang
Malaysia
maldini3
malegebi
malegebide
malei123
maliang123
maliang442531
malihong
malihuachi
malimali
malimalihong
malingxia
MALINGYUN
malong123
maluda612
malzal124192
mama1001
mama1113
mama153624
mama25804783
mama5201314
mama520520
MAMA5211314
mamaaini
mamaaiwo
mamababa
mamababa520
MAMABABAWO
mamadeai
mamadeshengri
mamadewen
mamaecholi
mamahuhu
mamaIloveyou
mamamama
mamamiya
mamashijiediyi
mamawoaini1314
mamimami
mamimamiho
mamingbo
mammammammam
man123456
man123456789
MAN518QE
man5561181
management
manager123
manalove
manbo7720
manbu1988
manbuyunduan
manbuzhe
mancheng
manchest
MANCHESTERUNITED
mandarin
mandolin
mandy520
mandyjcc
manfeishi
mangji123
mangmang
maning123
manitoba
manjiang
manjun3187319
mank1986.
manlover
manman123
manman1983
manman520
manmanman
mansaisama363
mantaolove
mantianxing
mantou123
mantuoluo
manutd519
ManUtd99
manwoccupy
manyluck
manyqing
manzhushahua
mao10040190112
mao12345
mao205713
mao5201314
maocuiyi
maodazui
maodemima
maoist2023
maojianping
maojie88
maoliang
maolilan
MAOMAO00
maomao11
maomao12
MAOMAO1234
maomao123456
maomao1314
maomao1980
maomao1981
maomao1982
maomao1983
maomao1984
maomao1985
maomao1986
maomao1987
maomao2008
maomao2009
maomao321
maomao5201314
maomao6717233
MAOmao99
maomaoai
maomaoaiwo
maomaochong
maomaode
maomaomaomao
maomaomimi
maomaowoaini
maomaoyu
maomaozhu
maomi123
maomi228
maomi520
maomimaomi
maomisile
maoqiang
maoqing609617
maoqqian
maosheng
MAOSHIMAO
MAOTOUYING
maoxiandao
maoxiang
maoxiaoyu
maoxiong
maoyufeng
maozedong
maozhedong
maozhuxi
maozhuxiwansui
mapengfei
mapingwen
maple123
mapleleaf
maplelove
maplesea
maqianli
maqueling
maratsafin
marcopolo
mariaailin
mariah70327
mariahcarey
marie123
marigold
mark1234
market123
market2006
market2008
marketing
markmark
marksman
MARLBORO
marlin98
marriage
marriott
marry2003
marryjin807
marryyou
mars1234
mars1515
mars1986
marsmars
marui5211314
mary123456
maryleer
marymary
masaharu
masashow
maser2005
mashengjie01
mashijie
mashimaro
mashuang
mashuli1128
masiyuan
mask2000
masklife
masklove
maskmask
massage120
massz439
master510s
master52
mastercam
masterdearbook
masterkey
mastermaster
matajiangzei
matao830
matengfei
material
mathematics
mathilda
mathilde
matianyu
matilian
matingting
matishan
mattel01
MAtuz21fa8
MAuCA32ea8
MAuCA32fa8
MAuDA32ea8
MAuDA3xe98
MAuDA3xea8
MAuDz3xe98
MAutA22fa8
MAutz22fa8
MAuuz21fa8
MAuuz22fa8
mauvemask
MAvCA32fa8
MAvCA32fa9
mavericks
mawan1991
maweiwei
mawenjie
mawentao
mawuqing_100
max123456
max88max
maxiaofei
maxiaofeng
maxiaohong
maxiaohui
maxiaojun
maxiaoli
maxiaolin
maxiaoling
maxiaolong
maxiaoxiao
maxiaoxu
maxiaoyan
maxiaozhi
maximeng
maxpayne
maxspeed
may12345
may123456
may441580
may5201314
maya3s2009
mayajava
mayamaya
mayan007
mayanjun
maybenot
mayday0526
maydayashin
maye2041
mayflower
mayh7803
mayhgf707376
mayi1096
mayi1225
mayicomein
mayimayi
mayinfeng2002
maying99
mayo7511
maysnow0815
mayuanyuan
mayuanzhe001
mayue123
mayueyue
mayunfei
mayuping
mayuxiang
mayy1989
mazhiqiang
mazhiwei
mazhiyong
mazhiyuan
mazhuang
mazimimi
MB620525OK
mb9Ad9v2ux
mba123456
mbalianda
mbbig123
mby18647
mc08040150012
mc123456
mc86560464
mc9Ad9v2ux
mc9Ad9w2ux
mc9Adav1ut
mcaAd9w2ux
mcaAdaw2ux
mcaAdaw2vx
mcaAdbv1ut
mcaAebw1vt
mcaBdaw2vx
mcaBeaw2vx
mcc468913
mcdhcnhk
mcgrady1
mchotdog
mclonger23
mcmanaman
mcmlxxxlx
mcppassword
mcs51pic
mcssmcss
md123456
mdaAebw1vt
mdaBebw1vt
mdcg1778167
mdcg3185
MDXBLSNT
me123456
me1323445
me25257758
me666666
me8zkklz
meagainuol
meberhpapwd&u
mechanical
meckwell
mede359535753
medicine
mediterranean
medusagod
meet4bye
meetyouin2007
mei1110.
mei12345
mei1234567
mei1kong2
mei204600
mei7112663
mei77meimei
mei780806
meiaishu
meibanfa
meichuan
meicuisi
meidemima
meidenglin
meidusha
meifei24
meifeisewu
meiguanxi
MEIGUANXI020
meigui007
meiguihua
meiguihuijin05
meiguo123
meijia410
meijia5156
meijiazj07
meilan1113
meili123
meili1978724
meili2009
meiliderizi
meilidewo
meilifeng
meiliivy
meililisha26
MEILIMEILI
meilirensheng
meilishijie
meiliwuxian
meilixinqing
meilixinshijie
meiliyaoyuan
meimei0620
meimei1203
meimei1987
meimei521
meimei741
meimei7924
meimei88
meimei888
meimei94
meimei99
meimeihao
meimeiisme
meimeimei
meimeiwoaini
meimengchengzhen
meimima123
meimimaa
meimimai
meimimawf
MEINAIZI
meiniang
meinibuxing
meinv1028
meinv123
meinv1239
meinv520
meinv521
meinv5239
meinvmeinv
meinziele
meiqingqing1987
meirenai
meirenaiwo
meirenyu
meiruian
meishang
meishaonv
meishenme
meiwenti
meixiang
meiyafeng
meiyanfang
meiyangyang
meiying_1979
meiyitian
meiyou94meiyou
MEIYOUAI
meiyouba
meiyoula
meiyoumima123
meiyoumimaa
meiyoumm
meiyouren
meizi22222002
meizi520
meizi521
MEIZIMEIZI
meiziqiu
meko8096
melancholy
melbourne
melinda199
melody123
melody520
melody6100
melovelantian
meloveme
melozi253521086
memebest
memenini44
memmaker
memory123
memory1986
mendieta
meng070400
meng1234
meng123456789
meng12m1
meng1314
meng1314520
meng132304
meng1982
meng1983
meng1985
meng1987
MENG1988
meng1989
meng2008
meng2009
meng744543
meng8023
meng891127
meng9712
mengchao
mengchen
mengfang
mengfanyu
mengfeng
menggang
menggege
menghan21
menghaoran
menghuanxiyou
menghui123
mengjian
mengjiang
mengjiao
mengjing
mengjuan
mengjunlin
menglang
menglei333
mengliang
menglihua
menglijun
menglili
mengling
menglong
MENGLOVE
mengmeng1213
mengmeng123
MENGMENG520
MENGMENG521
mengming
mengnanmengnan
mengning
mengpeng
mengqian
mengqiang
mengqing
mengqingyu
mengruida20
mengshan
mengshuai
mengtian
mengting
mengtingwei
mengtong
mengwang
mengwei7200
mengxiang2008
mengxiang2009
mengxiao
mengxin123
mengxing
mengxingle
mengxuan
mengxue225124
mengyafu_0898
mengyanbo
mengyang
mengyin1991
mengying
mengyuan
MengZhang
mengzhiyuan
mengzhizhou2010
MENGzhong
mengzonghui11111
mephisto
mequess021215
mercedesbenz
mercury991024
Meridian
merlin1211
merras324
MErry123
merrychristmas
messager
metalgear
metallic
metatron
meteor123
meteor2008
meteor77
meteorgarden
metersbonwe
MeTY43Yx
mfc198812216
mffpalfamo
mfh009988
mfk2001915
mfkifk123
mfksowwx
mfkxamyd
mfkydpl216
MFNPoxahp127878
MFX505MFX505
mg123456
mg666777
mgal0750
mgl123456
mh007007
MH123456
mh666666
mhf531226
mhhm7758
mhj1391827
mhqgfkx2
mhqgoy36
mhy757824741
mhyazj5211314
mi111222
mi123456
mi2xiong
mi3624158
mia198884
miamasvin
mianchaodahai
mianhuatang
mianmian
miantiao
mianyang
miao0327
miao1234
miao123456
miao1986
miao1987
miao1988
miao200701
miao5201314
miao7568162
miao920403
miaocheng
miaofeng
miaohu123
miaojian
miaojing
miaojinsheng
miaoling
miaomiao123
miaomiao2008
miaomiao520
miaomimi1234
miaoqian
MIAOQING
miaosheng
miaosong
miaotian
miaowang
miaoxiao
miaoying
miaoyuan
miaozhen
miaozhiming
miaozhuang
michael007
michael123
michael1983
michael23
michael3
michael314
michael5
michael520
michael999
michaelj
michaeljackson
michaeljordan
michaell
michaelowen
michalchen
michel6688
michelin
michelle0916
michelle1218
michelle123
michelle197922
michelle1987729
mickey123
micky0604
micky06040125
micky19860604
micky860604
microhard
microlab
microsoft163
microstar
microtek
microwave
midsummer
miemie102
mier93404
mifankou
migic812672
mih7oqu4
mihajlovic
mihomiho
mihoutao
mike1973
mike2001
mike2004
MIKE6666
mikeking
mikewolf
mikeyang
miku4321
mikyviky
milaguel
milan123
milan1421
milan1899
milan312
milan420
milan520
Milan99Ricky22
milanbaby
milanfan
milanfeng
milankaka
milankundera
milanmal
milanmilan
milano22kaka3
milaoshu
mildseven
miles2003
military
milkmilk
Millennium
miller31
mima0000
mima000000
mima123.
mima1230
mima123147
mima12345
mima12345678
mima123456789
mima128138
mima1314
mima1974
mima2000
mima2008
mima2009
mima3931
mima70924
mima760829
mima8888
mima94mima
mimabaohu
mimabaomi
mimabeidao
mimabuzhidao
mimaduoshao
MimaGaile
mimahenjiandan
mimajiushi
mimajiushimima
mimalvwei
mimamami
mimaMIMA123
mimamimamima
mimashi0
mimashi1
mimashi123
mimaSHI521
mimashichwqq
mimashimima
mimashimimashi
mimashisha
mimashishenme
mimashism
mimassxsxg
mimasuiyi
mimatianya
mimawangle
mimayaofuza
mimayaogai
mimi01983228
mimi1234
mimi123456
mimi1314520
mimi2005
mimi5201314
mimi7238
mimihuayuan
mimihuhu
MIMIMAMA
mimimimi
mimimomo0310
mimosaginno
min581690123
minami1984
minamina
minbin923
mindshare
minemine
miner0424
minet1983
ming0202
ming1114
ming1234
MING123456
ming1314
ming1977
ming1982
ming1985
ming1986
ming1987
ming1988
ming2008
ming2009
Ming2010
ming4444
mingchao
mingchen
mingcheng
mingchuan
mingchun
mingdao226
mingdong
mingfang
mingfeng
minggang
mingguang
mingheng
minghong
minghuihong
minghuyong
mingjian
mingjiang
mingjiao
mingjing
mingkai1984
mingkong
minglang
mingliang
mingling
mingliuzhukao330
minglong
minglu654321
mingmeide
mingming0315
mingming1
mingming520
mingming521
mingmingbaibai
mingminghenaini
mingqiang
mingqing
mingquan
mingscss
mingshigaotu
mingtang
mingtian123
mingtianxia
mingwang
mingxian
mingxiang
mingxing
mingxuan
mingxuening
mingyang
mingyang1003
mingying
mingyu520
mingyuan
mingyue123
mingyuexin
mingzhao
mingzhen
mingzheng
mingzhi11ty
mini2000
MINICOOPER
minifish
miniglass
minilong
minimini
minister
minjuan521
minle2009
minling2385862
minmin123
minmin1314
minmin16
minmin5201314
minmin521
minminmin
minminwoaini
minqiang
minsheng
minstrel
mintmint
minute801802
minwoaini
minwoo123
minwoo728
minzhong
miqi2008
miracle23
miranda1999
miranda85
mirandasun
miriam7423
mirror7910
mis209990
misamisa
miss1206
miss1314
miss1988
MISS2001
miss2003
misschen
misscoco
missingme
missingu
missingyou
missjenny
misskevin
misskiss
misslove
missmama
missmiss
missshop2010
missweiqi
misswudu
missyou0304
missyou123
missyou1314
missyou2
missyou520
missyou_66
missyoumuch
missyoyo
missyuan
mist363buoy133
mistletoe
mitsubishi
mittweida0824
miukiuwai
MIXIAN3018
miximixi
mixkaxck9m
miyafalo2981
miyazaki
miyixi103
miyixi71
mizuki0527
MJ123456
mj147524
mj199771
mj23mjme
MJ5201314
mj580829
mj62524066
mj6789023
mj7796021
mj820125
mj979059
mj987321
mjf214792
mjh19601215
mjian325420
mjkluio789
mjla73xk
MJQqq1991
mjw7758521
mjx5211314
mjy123456
mjywym1010
mjzz480320
mk123456
mk198902215035
mk5fx6dw
mkdk1014
mkj863038
mklmklmkl
mko0nji9
ml0310mm
ml123123
ml197108
ml19821203
ml19870825
ml19880611
ml2590254
ml5201314
ml880814
mLbi0326
mld873729
mldxqbyt
mlhroom1314520
mlj123456
mll123456
mll13699148163
mll8377400
mllisalive
MLLISON!@!#
mllison1213
mlmj8u9k
mlyfcyy2010
mm000000
mm040415
mm100200
mm111111
mm112233
mm123123
mm123321
mm123369
mm1234567
mm12345678
MM1234567890
mm123654
mm1314521
mm147258
mm1975520
mm198298
MM19861110818
MM201314
mm2ww1314.
mm4220329
mm443402
mm491123
mm520520
mm5211314
mm521521
mm552168
mm654321
MM666666
mm668899
mm7758258
mm7758521
mm778899
mm819043
mm91982c
mm987654321
mmaiolck
mmbbmajuan
mmcbs123
mmccxinsi
mmdooooo
mmh7281928
mmhhmmhh
mmiloveyou
mml161107
mmlwwforever
mmm111111
mmm123456789
mmmm1111
mmmm1234
mmmmmmmmm
mmmmmmmmmm
mmmmnnnn
mmmmxxxx
mmnnbb000
mmnnbbvv
mmqmmmqm
mmsywyx551
MMWAN1314
mmwlbgmmwlbg
mmwly1014772bbmm
mmwoaini
mmx123456
mn12345678
mn333333
mn812924
mn88180000
mn9812kh
mnb369258
mnbmnbpo09
mnbv1234
mnbvc123
mnbvcxz0
mnbvcxz1
mnbvcxz1230
mnbvcxz1234
mnbvcxz123456
mnbvcxz147
mnbvcxz321
mnbvcxz89
mnbvcxzlk
mnbvcxzmnbvcxz
mnbvcxzz
mnbvcxzzxcvbnm
mnbvlkjh
mnbvvbnm
mo123456
mo198417
mo207804
mo20yu10
mo5201314
mobile#3
modem139
modemima
Modengyao
moderate
modicomm
mofeiyan-1988108
Mogutian12267
mohicans
moiaussi
moka1324
molecular
molibaobei
molihuakai
molingdang
molly1991
momen000
momingqimiao
momo0821
momo123321
momo123456
momo1919a
momo1984
momo841013
momo97881314
momoaini
momoca1234
momoko58
momokolan!0315
momomomo
mona821102
monday11
money2008
money520
money521
money888
money9988
money999
moneyboy
moneymoney
moneyshou
moneytalks
mongolia
mongolian
monica12
monkey04
MONKEY123456
monkey520
monkey80
monkeyking
monkeymonkey
mononoke
montella
moodiness
moon0924
moon1234
moon2000
moon2008
moon5528656
moon9797
moonbird
mooncake
moonchild
mooncsgn
moonface
moongirl
moonheejun
moonlove
moonlover
moonmoon
MOONPEAR
moonriver
MOONshadow
moonshine
moonsun2008
moonVAN7881
moonwolf
mopinghui
moqitokyo
moqixian1100
more4444
morefree
moremore
moremoretea
morientes
morning330
MORNING622
morningsunshine
morphine
moshanghuakai
moshengren
moshumei
mosimima
mosquito
mother1109
Mother123
mother520
mother88
motherland
motianlun
moto2008
motoking
motomoto
motorola123
motoyama
mouse123
mouse158
mouse520
mouse7275
mousecat
mousecom
mousefox88
mouseking
mousemouse
mousepad
mousepeng
moveitin
movenow888
movingTO
movingwtt
moxiaoxie
moxiu520
moya100200
mp123456
mp820705
mp970173qz
mpdhhssj
mpz8141688
mq123456
mq530519
mq8341510
mqh1928375
mqy003309
mr123456
mrhsmrhs
mrk123456
mrmhwseo
mrzhangqiang
MS123456
ms1384609
ms197781161433
ms19990224
ms3176880
ms612160
ms8280888
ms86fhasee
ms900914
msc161982
msch0628
MSconfig
msfmkrET
msg5232033
msnqq123456
msnsinamsn
msnzs-1251
mspt0808
MSW852110msw
msy123456
mszshl221414
mt123456
mtdn369110
mtQ9Xdgxqm
mtQ9Ydgxqm
mtR9Ydgxqm
mtwyjgnl
mty19781121
mty19860712
mty86712
mu123456
mu777111
muaythai
muchacha
mudimudi
muhaiping
muhaiyan
mujwchyr
muke0904
multiply
mumu123456
mumulovetutu
mumumumu
munaoke1981
muoluoguizu
muqx1992
murasaki
murcielago
murder8277
mushroom1017
music520
music521
musicboy
musician
musiclover
musicman
musicman123
musicmusic
musicradio
mustlengjing
mustwin450818
mutangchun
mutation
mutou123
mutou720
mutouren
muxiaoyu
muyangren
muyihuashi
muyu2696
muyunmuyun
muzhibenying
muzi1234
muzimuzi
mw123456
mw31415mw
mw376900
mw5116726
mw520530
mwijifk78
mwjrth62538ig
mwongjin
mwqmwq850725
mwxq1314
mx002321
mx123456
mx2007bc
mx645964mx
mxddy2001
mxddy2004
mxhqx12345
mxj69626003
mxl123456
mxl77smile
mxn82719
mxxye@369
mxy991221
mxz585818
my000000
my001023
my003092
my111111
my111177
my119911
my12345678
my123456789
my1314520
my2004yc
my2008929
my436413
MY5201314
MY538502
my626532
my641123
my669766
my701784
my720829
my7758521
My811204
myallens
MyAspx888
mybaggio
mybestlove
mybeyond
mybirthday
mybmw330i
mybrother
mycecool
mychun19830412
mycitying
mycocolee
mycomputer
mycsdn1989812
mydaring
mydarling
mydaughter
myday823714
mydearisly
mydog123
mydraling
mydraling412
mydreams
mydreamwuhanun
myf520520520
myfaixin79
myfather
myfriend
myfriends
myfuture
mygg770505
mygod123
mygod12345
mygoddess
mygodmygod
mygoogle
myh88668079
myhappyending
myheartwillgoon
myhong521220
myibosyss
myict3701
myit8888
myj111111
myjltcht
myjsybjwqt
myk1986225
mykevinmylove
mykey168
Mykey781016
mykitty0751
mylove11
Mylove123
mylove1314
mylove1979
mylove1990he
mylove2000
mylove2008
mylove2009
MYlove520
MYlove521
mylove888
mylove99
mylovefahaya
mylovely
mylovers
myloveyou
mylovezgm
mymaniac
mymemory
mymonkey
mymother
Mymy+235
myname123
myname2008
mynameis4125!
mynewlife
mynicky1031
mynumber
myosotis
myounghun
myownlife
mypanda8341
mypasswd
mypw2007
myq97161369
myqrdqrj
myrabbit
mysecrect
myshowmy
mysister
MYSJZQQSSL
mysodao_666
mysterious
mysunshine
mythical
mythoLOGY
mytianya
mytom110
myway333
myy.federer
myyekongyu
MYyinggu20
mz123456
mz123456789
MZ2225552
mz328924
mzalv912
mzcp7y1h
mzgazhzx
mzk11231123
mzp198361
Mztuz21fa8
n0i3d7o1
n0thing17
n1234567
n12twN12TW
n1sh1w0depy
n2XcEgjCvr
n2XcEgkCvr
n2XcFgjCvr
n2XdEgkCvr
n2XdEgkCwr
n2XdEgkDwr
n2YdEgkDwr
n2YdEgkDws
n4b1027458
n5201314
n7777777
n7etyzhxh
n99vj9t9
na123456
na519078
nachtmann
nadesico
nae5511607
nainai111
nainai520
nainaide
naishinseki
najiuzheyangba
NAKAMURA
nakoruru
nali1974510
name1234
nameaini
namename
namieamuro
namoamituofo
nan123321
nan123456
nan127320
nan5201314
nan5211314
nana1122
nana1188aa
NANA1212
nana1234
nana123456
nana123456789
nana1314
nana13804705077
nana1551
nana1982
nana1983
nana1985629
nana1987
nana2003
nana2008
nana3380742
NANA3833
nana77iaag
nanakase
nananana
nanawoaini
nanbeiji99
nanchang
nanchong
nancy1029
nancy123
nancy1982
Nancy520
nancynancy
nandehutu
nangnima
nanguangxun
nanhaiwang
nanhaizi
nanhu654321
nanjin579
nanjing123
NANJING2008
nanjing24
nanjingren
nanjixiong
nanjokoji
nankanf34
nanke801
nannan123
NANnan1314
nannan520
nanpu123456789
nanrendeai
nanshan88
nanwang0313
nanxi1988
nanxiang
nanxiang123
nanyang123
naonao123
naozhong
napolean
narcissus
naruhodo
naruto123
nashihuakai
natalie003
nating8899
national
natureboy
nausicaa
NAutA22fa8
nautilus
NAvCA32fa9
navigation
navyblue
nawm520520
naxiehuaer
nayitian
nazinazi
nb123456
nb1982971849
nba00123456
NBA123456
nba123456aa
nbanbanba
nbfh05748915173
nbkflyyl
nbq!51888
NBusA22fa9
NBusA22ga9
NButA22fa8
NBvBB32fa9
NBvCA32fa9
NBvCB32fa9
NBvsA22ga9
NBvsA22gb9
NBvsB22gb9
NBwBB32fa9
nc209501
ncaBeaw2vx
ncaBeax2vx
ncaBeax2wx
ncaynait
nclgxy000000
NCTYSBTM
ncy19861006
ndaBeax2wx
ndaBebw1vt
ndaBebw1wt
ndaBebx1wt
ndaBecx1wt
ndaCeax2wx
ndaCebx2wx
ndaCeby2wx
ndaCecx1tt
ndaCecx1wt
ndbCeby2wx
ndbCeby2xx
ndczhwyg
ndjmxq9408
ndswybsy
ne0120ko
ne1444888
nebCfcx2t0
nebCfcx2tt
nebCfcy2t0
necessary
nech54427450
nedved11
neece0020002008
needforspeed
needlove
Neednottoknow
needspeed
neeshuyan
negative
negkkkkk
neijiang
neikeda102
neimenggu
nell3829913
nemonemo
nengdufeng
nesky_2009
Nesta521326
nestahmily
net123456
net27698439
net4scape
netadmin
netcoc123456
netfinity
NETmcollege1
netnetnet
netnow123456
netrove4803260
netuse118
netvista
netwinner
netzui118
neurology
neurongen810311
neuschwanstein
neveragain
neverchange
nevercry
neverdie
neverend
neverever
neverforget
nevergone
neverland
neverlose
neverlove
neversay
neversaydie
NeverSayGoodbye
neverstop
new123456
new264401
newandyl
newcc0304
newchinaman
newcomer
newdayone
newejaja2004
newer2009
newgnat0898
newhuanying
newhuman11
newideabbs
newlanasd
NewLife123
newlife2008
newlife2009
newlife2010
newman1hao
newmj2009tp
newnewnew
newoop4show
newspaper
newsroom
newstalk
newstart
newtao941101
newtimeyou
newtotem
Newuser01
NewWanCome9090
newworld
newwushe
newyearyz
newZ85111CY
nextwall
ney1987731
nf123456
nfsq2131286
nfsqnfsq
nfxdrnlqxz
ngoluong
ngxiSss09
nh123456
nh19830813
nh5856158
nhbritney
nhdhtyhdhr@126.c
nhg6662155
nhgblong
nhk007533285
nht6832030
nhzjswim
ni191011
ni2008082407hao
ni275971
ni5201314
ni80dezz
ni860911
niaiwo123
niaiwome
nian123456
nianimamabie
nianJiu29
niannian
nianqing
nianry520
nianshao
niaoer13
niaoniao
niaonima
niaosini
niaoxian
niaoyuhuaxiang
nibaichi
nibajilie
nibuaiwo
nibushiren
nibushiw
nibushiwo
nibuxingle
nibuzhidao
nic19810208
nic753220
nic8290lf0203
nicai123
NICAI36501
nicaibudao
nicaibuzhao
nicainicai
nicaiquba
nicegirl
nicenice
nicer668
NICETOMEETYOU
nicfm365
nicforever
nichilema
nicholas123
Nicholas7
nicholas829
nicholasly
nicholastse
nicjimmy
nick1010
nick2007
nick40288
nick520219
nick9898
nickcarter
nickname
nicknick
nickyuan963.
nicole-510830
nicole123
nicole232323
nicole63023732
nicolies12
nicotine
nidawoakao
nidayede
nidehong
nidemima
nidemingzi
nideweixiao
nidewode
nidewodene
nideyangzi
nideyanj
nidtamww
niduo478
nie123456
nie93734gk
niedonglin
niejianbo
nieningmaro
nieqijun
nier19870913
nietzsche
niexiang
nigehazi!
night1001
night123
nightelf
nightingale
nihaizaima
nihao000
nihao001
nihao003
nihao007
nihao110
nihao111
nihao1234
nihao12345
nihao123456!
nihao123456789
nihao126
nihao147
nihao168
nihao1986
nihao2008
nihao2009
nihao2010
nihao321
nihao456
nihao53180791
nihao789
nihao84833
nihao888
nihao999
nihaoa123
nihaoa1314
nihaobuhao
nihaocom
nihaofeng
nihaohaha
nihaohao
nihaohfj
nihaoma1
nihaoma2009
nihaoma520
nihaoma?
nihaomaa
nihaomang
nihaomani
nihaomanihaoma
nihaomaq
nihaomawohenhao
nihaomazhou
nihaomeinv
nihaonishi
nihaorody
nihaoshe
nihaotianya
nihaowoaini
nihaowocaonimm
nihaowocaonimma
nihaowohao
nihaowoshi
nihaoya123
nihaoyun
nihenhao
nihou666
nihundan
niit1984
nijianwei
nijiaosm
nijiaosma
nijiaosmmz
nikajjyy
nike1234
nike2002
nikeadidas
nikechaussur
nikenike
nikeshox
nikowa81
nikuailema
nilin720114
nimabide
nimabiya
nimadabi
nimadebi
nimagebi
nimaguixing
nimajiba
nimajiji
nimamade
nimamaipi
nimanima
nimaqusi
nimasile
Nimdawebzwy6
nimenhao
nimenhaoa
nimocong
nina180471
ninainaide
ninanina
nine8313
ninengxing
ninenine
ning1982
ning1986
ning1988
ning1990
ning2002
ning699261
ningbo1988
ningfeng
ningjian
ningjing
ningjing1982
ningjingzhiyuan
ningluomomo
ningmeng
ningning123
ningning520
ningning521
ningping
ningqinghua
ningshen
ningshuang
ningshuiju
ningxiang
ningxiner
ningyang
ningyifei
ningyuan
ningzhenpeng
ninhao123
nini0510
nini1212
nini123456
nini2009
nini5201314
nini5213
niniang156156
nininini
niniwoaini
ninjaandy
Nintendo
nirvana0852
NIRVANAGUN
nisenole
Nishang112
nishi123
nishibaichi
nishibendan
NISHICHUIZI
nishidabaichi
nishigou
nishihajier
nishihundan
nishijiba
nishikido
nishilaji
nishinage
nishinima
nishinimabi
nishisha
nishishagua
nishishazi
nishisheia
nishisheiya
nishishuei
nishishui123
nishishui?
nishishuia
nishishuiya
nishiweiyi
nishiwod
nishiwode1
nishiwode1314
nishiwodeai
nishiwodeairen
nishiwodexingfu9
nishiwoer
nishiwoma
nishiwoweiyi
nishizhu1
nishizhu123
nishizhu@
nishizhua
nishizhuba
nishizhuma
nishizhutou
nishizui
nishizuibangde
nishuihan
nishuohuaa
nishuone
nistelrooy
nitamade
nitnitnit
niu1111niu
niu123456
niu1980622622
niu85855858
niuB74110
niubi2009
niubi74110
niujingyu321
niulijie
niumali123
niumowang
niuniu019354
niuniu0716
niuniu123
niuniu19800530
niuniu1986
niuniu2009
niuniu520
niuniu521
niuniu788
niuniu88
niuniulx528439
niuniuniu
niuqiang
niushaofeng
niushouhuaniugao
niuweiquan
niuwenxun790909
niuzai11
niuzaiku
niuziming
niwo1314
niwota123
niwotadeai
niwuliaoa
niwxniwx
nixiangwoma
nixiaodan
nixiaode
niyeyede
niyeyede123
niyoubing
nizainali
nizdwoaini
nizhengxin
nizhidao521
nizhidaoma
nizinizi
nizuizhengui
nj123456
nj511511
nj791123
nj888888
njbr520953
njbtest666
njhpbdfyy2009
nji9mko0
NJSD1234
nju76lan8
nk123456
nklsywkl
nky94DLF20
nlinglingkl1013
nll11022
nm05261437
nm123123
nm5201314
nmgbtssyz
nmgsypsliu
nmgyemtf
nmq736893
nms123456
nmw1234567890
nmysllgrl
nn130582
nn5201314
nnjiajia
NNNNNNNN
nnnnnnnnn
NNNNNNNNNN
nnwqi123456
nnwylogin8
nnxh2008
No.89757
NO123456
no1no1no1
noahn0ah
noahsark
noanswer
nobody917
nobodyelse
nobodyknow
nodr91sj
noexcuse
noforever
nogiveup
nokia123
nokia2100
nokia2300
nokia3100
nokia3200
nokia3230
nokia3250
nokia3310
nokia3330
nokia5110
NOkia5300
nokia5700
nokia5800
nokia6020
nokia6070
nokia6108
nokia6120
nokia6120c
nokia6230
nokia6300
nokia6600
NOKIA6610
nokia6670
nokia7200
nokia7270
nokia7610
nokia8210
nokia8250
nokia8310
nokia8800
nokia8810
nokia8850
nokiae71
nokian70
nokian72
nokian73
nokian95
nokianokia
nomatter
nomorelove
nonenone
nong750912
nong840628
nong975576
nongchaoer
nongfushanquan
nonghang
NONGnong
NONGYULAN
nono2010
nononono
nonsense
nooneknows
nopainnogain
nopainsnogains
nopassnopa1973
nopasswd
noproblem
noranora
noreason
noregret
noriko98
norikosakai
norinco@@&*^#^@
norman2001
normandy
normannorman
northbear
northern
northwolf
nosmoking
nosoaiss
nostalgia
nothing123
nottingham
Nov168888
noveltyyang
november
Nov-81
novestige
nowhereno
nowitzki
nowitzki41
nowornever
np5201314
npf13783828612
npxw0188zz
nqr200606
nrgloveme
nsemf999999999!
nshlwq1xeg
nsns5566
nssb123456
nt005532
nt123456
nt711811
Ntae$/27
nthu948342
ntjw654321
ntljwnet
ntP8Xcfwpl
ntP8Xcgwpl
ntP9Xcgwpl
ntQ9Xcgwpm
ntQ9Xdgwqm
ntQ9Xdgxqm
nuandong
nuanfeng
nuannuan
nui79snnui
nuisance
nulifendou
nuligongzuo
nulinuli
nulixuexi
null122800
nullnull
numberone
nunogomes
nuo341722
nuoweisenlin
nut040bone597
nv19801919
nvrenhua
nvshengzaixian
nwcpadme
nwctrinity
nwqp5yxcmc
nx123456
NXGyanzi
ny123456
ny6620710
NYFCLFQUVE
nyhtstchhgxl
nynia2009
nyybzdwss
nyydtnnd
nz19330303
nzdwan025
nzdwzdnm
nzmsdwng
nztxhhmljy
NZZJFS98
o008161230
o00oo00o
o09fdai3er
o0h8k2d7o1p5d2f
o0i9u8y7
O0O0oo00
O0OO00OOO000
o1234567
o12345678
o123456o
o21o21221o
o2t4r1c9
o2wgyo1wgy
o5o9weiwei
o5val8brqj
o78068771
o987123q
o9oskd32
oays1218
obo67520644
obolee2009
OBvrB22gb9
OBvrB32gb9
OBvsB22gb9
occisue2009
ocean11896000
ocean123
oceandeep
oceanocean
oceanone
OCvrB32gb9
OCvrB33gb9
odysseus
oebCfcy2t0
oebDfcy2t0
oebDfdy2t0
oebDfdz2t0
oepfhugdid
ofbEgdz2t0
ofcourse
OFFICE0403
office123
OFFICE2000
office97
officexp
oglivy19375
oh5201314
ohmybaby
ohmydear
ohmylove
ohmytianya
ohxuehua
oicq1234
oicq2000
OicqLSF666
oicqoicq
oierww125
oifyy52fyy
oil800519
oilaopo15888
ok*822305
ok000000
ok00ok00
ok010803
ok111111
ok123123
ok123321
ok1234567
ok123456987
ok234038
ok372100
ok452521981
ok4525231981
ok654301
ok666666
ok6712345
OK778899
ok81ok81
okle6688
oklsy2165
okmijnuhb
okok123456
okok588588
okok8889
okonelufu
ol83663698
oldseven
oleander
oligomer
oliver123
oliverkahn
olivia123
olivia520
olympic2008
olympics
omegazhizun2005
omeomeome
omom2598
onceagain
oncemore
one123456
one1two2
one2free
one2three
one520yilin
oneapple
onedream
onenight
onenightstand
ONEONEONE
onetom200
onetwo12
onetwothree
ongahong
onix1985
online82
only-2009
only4you
onlyforme
onlyforyou
ONLYIKNOW
onlyleon11
onlylove
onlyloveyou
onlyme6670
onlymyself
onlyonly
onlyou12345
onlyoubob
onlythis
onlytime
ONLYTONY
onlyworkt
Ontheroad
ontheway
oo000000
OO0000OO
oo00o0o0
oo00oo00
oo00OOO000
oo1461oo
oo5201314
oo8888oo
oolg2008
ooo000...
OOO000000
ooo000o0o0
OOO000ooo
ooo123456
ooooo00000
oooooo000000
ooooooooo
oooooooooo
oooopppp
ooopppkl
oopp123456
oopp2496855
ooppllkk
ooppoopp
ooxxooxx
op000000
op197736
op741852
opal1010
open1234
open2000
OPEN546400
open618yx
opencsdn
opendoors
openfree870405
openheart
openisme
openlock
openlove
openmydoor
openNow1
openopen
openpq16
opensesame
OPENTHEDOOR
opentianya
operation1
operator1
opopp5miqq
opopp5miqqmi
oppa760805
oppooppo
opportunities
opportunity
opt100083
optcv589
optimism
optimist
optimistic
optiplex
opwer2095
oracle10g
oracle12g
oracle8i
Oracle9i
oracledearbook
orange12
orange123
orange1277
orange1982
orange831127
orange88
orangeorange
ordinary
orenokati
ORIGINAL
orton2020
osatnacl
oscar123
oscar19810404
oscar2008
oslu043078
osohu6763
ot756adsl
otP8Wcfvpl
otP8Wcfwpl
ottffsse
ottffssent
ou123456
ou49a15w
ou950212
oubouyuu
oucuilan
ouioui2005
ouning1987
our2009xixi
ourplace
ourstory
ousah1632
oush2010
outpop0325
outstanding
ouy198585
ouyang123
ouyang520
ouyangfeng
ouyangjian
ouyangjing
ouyangjj
ouyangke
ouyangqian
ouyangyan
ouyangzixin
ouyf0031
overcome
overload
overlord
overmars
overmind
overnight
OVEROVER
overseas
overtime
owen1214
Owen1234
owen1979
owen19791214
owen791214
owen86123j
owenowen
owenraul
owensherry
oy123456
oy199888
oyangxiaolu
oyes1234
oyf993101
oyp6742422
oysjoysj55
p1234567
p12345678
p1314521
p15066263388
p1963h10m23
p1l9a8n2t
p1o2i3u4
p2001558
p24p24p24
p2922756
P2ssw0rd
p2WcFfjCvr
p2WcFgjCvr
p2WcGfjBvq
p2WcGfjBvr
p2WcGfjCvr
p2XcFgjCvr
p3078314z
p31415926
p3szhrsc
p5024767
p5201314
p5985418
p5h6oe3nix3
p789456123
p79w12z19
P@ssw0rds
pa051644
pa123456
pa54108561
pa88word
pacergxb4812150
paganini
pagedown
pahipi123
pai3.1415926
pai31415
pai31415926
paiduoge
paingain
painpast
painsgone
pal22098
pan12345
pan303088
pan556600
pan618333
pan7lin1
pan871025
pancheng
panda007
panda123
Panda520
pandapan
pandapanda
pandasong
pandation
pandatom
pandora520
panduola
pang5570059
pangchao
pangdong
pangdudu
pangfeng
panghaibin
panghuang
pangjian
pangjie0413
pangjing
panglei19811231
panglong
pangtong
pangying
pangzhilong
panhaili
panhaochi5
panjungen
panliang
panlisu726043
panpan123
panpan520
panpan521
panpanpan
panpengp
panqiang
panqiuli
panshuai
panshuang
pansiyu1992
Panther222
pantyhose
panweibo
panxiang
panyi1203
panyuanyuan
panzhihua
pao123456
pao215800
paomozhixia
paoni1314
paoniu123
paopao123
paopao520
paopaolong
paopaopao
paopaotang
papa1999
papapapa
papatoetoe
papillon
pappas512
parachute
PARADIS1
paradisebird
paranoia
parasite
parco88matlab
pardonme
parkpark
parrot0430
partners
pass0118
pass1976
Pass1word
pass2000
pass2002
pass2008
pass2009
pass637653
pass8888
passat2002cn
passchen
passcsdn
passenger
passerby
passtest
passtianya
passty110
passward
passwenwen
passwird
PASSWORD0
password00
Password01
password0402
password2008
password2009
password301
password520
password8
password88
passwordd
passwordz
passworf
passwork
passworld
passwrod
passyrhxzcgk
pastang000
paulpaul
paultest
pauny1985122
pausebreak
payuandian
payy7788
payzy123
pazzword
pb123456
PBwAB32fb9
PBwBB32fa9
PBwBB32fb9
pc123456
pccillin
pcdppppcd
pchacha007
pconline
pcsed019
pctoolscom
PCwAB32fb9
PCwAB32gb9
PCwAC32gb9
PCwAC33gb9
PCwqC33gb9
PCwqC33hb9
PCwrC33gb9
PCwzC33gb9
pd123456
pd20018289
pd760319
pdbCeby2xx
pdbDeby2xx
pdbDfby2xx
pdbDfcy2xx
pdbDfcy3xx
pds123456
pduckilj
PDwqC33hc9
PDwqC33hca
pe651111
peace114
peaceful
peachpeach
Pearl65471914
pearlpearl
pebDfcy3xx
pebDfcz3xx
pebDfcz3yx
pebEfcz3yx
peerless
peggybecky
pei123456
PEIhuai1986
peimeng1990
peipei0327
peipei123
peipei1985
peipei520
peipei521
peiqingsc
peiyongjun
peking2008
pen95801
penavico
peng0721
peng0927
peng1231
peng1234
peng12345
peng1980
peng1982
peng1983
peng1984
peng1986
peng1987
peng1988
peng1zhi
peng2008
peng4545454
pengchao
pengchen
pengcheng
pengchris
pengchuan
pengcong
pengdong
pengdoveli
pengfang
pengfei521
pengfeng
penggang
penghong
penghuan
pengjian
pengjiang
pengjie520
pengjing
pengjuan
pengliang
pengling
pengling520
penglong
pengming
pengna20
pengpeng123
pengpeng520
pengpeng521
pengpengche
PengQian
pengqiang
pengqing
pengqiong
pengqiquan
pengquan
pengshan
PENGSHAO
pengshiyang
pengshuai
pengshuang
pengsong
pengting
pengtong
pengwang
pengwei1977215
pengxiang
pengxiao
pengxiong
pengyang
pengying
pengyong
pengyou123
pengyoua
pengyuan
pengyuanze
pengzhang
pengzhen
pengzheng
peninsula
penjie0411
penny123
penny51LXR
pennylion
pennypenny
pentium2
pentium3
pentium4
peo784784ny
pepperoni
pepsi_9097
pepsicola
pepsipepsi
perception
Perfection
perfectlove
perfectman
perfzb12
perhapseme
permanent
persephone
persever
perseverance
persie123456
persistence
personnel
petalrain
peter007
peter0627
peter123
peter1234
peter168
peter2010***
peterliu
peterpeter
peterwang
peterzhang
pethidin97e
petpetpet
petrochina
petroleum
pf123456
pf168168
pf512527
pfbEgdz2t0
pfcEgdz2t0
pfcEgeA2t0
pfcEgez2t0
pfcFgeA2t0
pfcFgeA3t0
Pfizer12
pfm631101
pg340827
pgdsqgbj
pgh198912
pgm006988
ph123456
phankfei
phb12345
phd1987321
PhenixTY
philadelphia
philips01
philips1
Philips123
philips88
PhilosoPhy
phoebe00
phoenix007
phoenix123
phoenix?!
phoenixtv
photonman
photoshop
phw5982731
phy820214
physical
phz818818
phzxchen1201
pi314159
pi31415926
pian0321
pianpian
piao0776
piao5322
piaofeng
piaoliang
piaoling
piaoliuping
piaomiao
piaopiao
piaoping
piaowu123456
piaoying
piaoyuan
piay40061
picasso19820716
picc1234
picc95518
pifront99
pig123456
pig820901
pig8jie@@
pigful123
piggytoy
pigloveu
pigpigpig
pihaidebaba
pijiupaopao521
pikapika
pilipala
piliwuuk
ping1021
ping1023
ping1225
ping1234
ping1975414
PING2008
ping2430
ping3721
PING5201314
pingan123
pingan2009
pingchang
pingchangxin
pinger00
pingfang
pinggang
pingguo123
pingguomao
pingheng
pingjing
pingliang
pingpang
pingping520
pingping521
pingpinganan
pingpong1
pingshui
pingting
pingxiang
pingyang
pingyuan
pingzi89
PINK7KIMI
pinkbaby
pinkblue
PINKSHINING
pinky321
pipi2008
pipipipi
pippo0809
pippobobo
pippotiamo
pirate1985
pisces1983
pisces226
piscescl22
pishuang
pittuniv
piyupiyu
pizzahut
PJ123456
pj5201314
pjbbs888
pjppyppcp
pjq1976811
pjt123456
pjtech159
pk032638
pk123123
pk123456
pk1234567
pk19910119
pk5201314
pk561019
pk62365556
pk7758521
pkpk2008pkpk
pkpkpkpk
pkueducn
pkusky2009
pl123456
pl19840615
pl811028
pl943700
pl98/*ol-?
planeade
Playboss
playboys
playfire
playgame
playing666
playplay
playsnooker
playstation2
plly2008
plm.200.
plm123456
plm520316
plmm505050
plmmplmm
plmoknijb
plokmijn
plokmijnuhb
plovemewj
plsloveme129
plusplus
plwjdd2010
ply13355781963
plz198851
pm123456
pneumonia
pnj123456
po110werbai
po123456
pocahontas
POCHACCO
pocketdisk
pohope3595583=
poi123456
pointjor
POIU1226
poiu1234
poiu123456
poiu7890
poiu9876
poiuhjkl
poiulkjh
poiupoiu
poiuqwer
poiuy09876
poiuy123
poiuy12345
POLARIS5201314
polestar
police110
police123
policeman
pollyanna
polygram
pony1980daisy
pony2006
pony2009
pooannlotus
POOHPOOH
pop123456
poplooker
popmusic
popo1234
popo123456
popokodocho
popopo258
popower1
Poppop123
poppoppop
porpoise
porsche911
poseidon
position
positive
possible
pourquoi
power007
power888
powerapple
powerboy
powercheng
powereyou
Powerful
powerhouse
powerise
powerlove
powerMAN
powerneso3632
powernet
powernew
poweroff
powerofn
powerpower
pp000000
pp001119
pp123123
pp123321
pp1314520
pp147258
pp19840410
pp5113022
pp5201314
pp520520
pp560810
pp654321
pp654987
pp7758521
pp790621
pp963852
ppa16888
ppbb1314
ppgasc!1
ppk314159
ppkk1208
ppooii123321
ppooiiuu
ppp12345
ppp3239287
PPPAAASSS
pppp0000
pppp1234
ppppoooo
ppppppppp
PPPPPPPPPP
pprr1976
ppstream
ppzxdfhy
pq123456
pqad2007
pqhkrg4jfw
pqj12431243
pqowieuryt
pqpqpqpq
pqy5201314
pr0tel99
pr123456
pr23wnsp
practice
prcchina
predestina
PREJAMES
premiere
prenstar
president
pretender
Prettyboy
prettykeren
prettywoman
primrose
prince19881102
prince7319
princeton
print123
printemps
printing
printinput2651
printprint
printscreen
prisonbreak
pro#1122
proactive
probiz2009
procedure
prodigal
productkey
profession
professor
programer
promanserbs
prometheus
promises33
pronunciation
protel99
protocol
protools
provence
providence
province
prsbl888
ps-28860
ps123456
ps123456789
ps3xbox2
pser@303
psmszy11
psu19jma17
psw147258
psychology
pt123456
pt37bote
pt891008
ptlddsa401
ptO8Wcfvpl
ptsj123456
ptzxwwdz
pu1321yi
pu930191
pubo1130
pugongying
puluowangsi
pumapuma
punkpunk
pupu496064122
purchase
puremilk
purplelily
purplepurple
purplerain
puruiyan
pusabaoyou
push2020
pussy0115
putao0919
putiqianhe
putongren
puyanhong
pw123456
pw216216
pw4hy2cn
pwanfang
pwd@1234
pwdlf018
pwfdpwfd
pwfpjf258258
pwft98182
pwin98se
pwj1988721
pwllanmao
pWO7Vbevok
pWO7Vcevok
pWO7Vcfvok
px123456
px12345678
px19870408
px27365d
px821209
pxkk5158
pxl2022496
pXO8Vcfvol
pXO8Vcfvpl
py123456
Py5201314
py6016275
py730819
pyf11111
pyf720810
pyg198300
pyg512413
pyj92077920
pyk650720
pykqwfgso
pyllovebyj
pythia226
pyx775877
pyxistime
pyy2240014
pyzy7869
pz123456
pzh123456
PZSHBBDYD
q0000000
q000000000
q0000000000
q0123456
q0154142
q098q098z
q111111111
q111111q
q12301230
q123321q
q12341234
q123456.
q1234560
q1234567q
q1234568
q1234569
q123456w
q123654789
q123g321
q123w456
q123w456e789
q12w34e56
q1969/69
q19701010007
q19840320q
q1984620
q19870324
q1a2z3w4
q1a2z3w4s5x6
q1aa22bb
q1q2q3q4q5
q1w2e3111
q1w2e3123
q1w2e3bc
q1w2e3r4A
q1w2e3r4t5122
q1y2xyz891205
q2500040
q2558573
q2745259
q2qqq222
q2WbGfiBuq
q2WbGfjBuq
q2WcGfjBuq
q31415926
q3269201
q3350199
q337871416
q3636401
q369369369
q383336089
q392814082
q424153q
q43052919
q456130q
q4612051w
q5201304
q5202602
q5871817
q609401874
q6312131
q6344787
q6408409
q6528193
q654321q
q66256810
q6630663
q693148q
q7102181027
q7129035
q741852963
q7777777
q7w8e9A4S5D6
q83ii38ai
q87140646l
q8z5h5a5
q963852741
q9899218p
q9y7q9713
qa1314520
qa5201314
qa6617701
qa74101128
qa888888
qadxqwana
qasxdcfv
qasxdcfvazwsgbhn
qaws8899
qawsed123
qawsed1234
QAZ.1234
qaz000000
qaz110110
qaz111111
qaz111112
qaz111333
qaz112114
qaz112233
QAZ123.0
QAZ12300
Qaz12345
qaz12345678
qaz1234567890
qaz123456qaz
qaz123456wsx
qaz12369
qaz123789
qaz12388
qaz123aw3
QAZ123PLM
qaz123qaz123
qaz123wsx123
qaz123yui
qaz12wsx
qaz135246
qaz13579
qaz147369
qaz147wsx
qaz159753
qaz198656
qaz19951021
qaz20060128419
qaz2008qaz
qaz38123
qaz456789
qaz54321
qaz547xcv
qaz654321
qaz666666
qaz66778899
qaz741963
qaz741wsx
qaz741wsx852
qaz753951
qaz7758521
qaz789wsx456
qaz870626
qaz940721
qaz963258
qaz963852
qaz963852741
qazedc123
qazedctgb
qazedctgb123
qazhuangguan
qazlcqaz
qazokm123
qazokmpl
qazplm123
qazpokm12
qazqaz111
qazqaz12
qazqaz123123
qazqaz88
qazqazqazqaz
qazqwe123
qazqwert
qazujm123
qazw123ds
qazw21123
qazwqazw
qazws567
qazwsx00
qazwsx000
qazwsx098
qazwsx1!
qazwsx111
qazwsx123321
qazwsx12345
qazWSX123456789
qazwsx123edc
qazwsx13
qazwsx13579
qazwsx147
QAZWSX147258
qazwsx2007
qazwsx2009
qazwsx2014
qazwsx21
qazwsx258
qazwsx369
qazwsx520
qazwsx531492
qazwsx555
qazwsx7410
qazwsx753
qazwsx888
qazwsx8899
qazWSX963
qazwsx987
qazwsxdearbook
qazwsxedc0
qazwsxedc1
qazwsxedc12345
qazwsxedc789
qazwsxedcr
qazwsxedcrfv123
qazwsxedcrfvb
qazwsxedcrfvtgby
qazwsxpl
qazwsxqa
qazwsxqwe
qazwsxzxc
qazx1234
qazxc123
qazxcv1054
qazxcv12
qazxcv123
qazxcv129
qazxcvbnm123
qazxqazx
qazxsw11
QAZXSW123456
qazxsw741
qazzaq123
qazzaqqaz
qazzqazz
qb19831105
qb770330
qc123456
QCwzC33gb9
qcxlkr4915
QCxzC33gb9
QCxzC33gba
qczc33d8
qd111111
qd123456
qd8327165
qdfd2009
qdj13528459449
qdjp624918
qdlzxkgk
QDMYNYMQ
qdnxl274
qds114815
QDwpC33hca
QDxpD33hca
QDxyD43gba
QDxyD43hca
QDxzC33gba
QDxzC43gba
QDxzD43gba
qebang2010
qebEfcz3yx
qecEFcz3yx
qecEfdA3yx
qecEfdA3zx
qecEfdz3yx
qecEgdA3zx
qeehou123
qeeka.com
qepdbasf
qepdcwqi
qepqthnn
qepwq123
qepwq1314
qepwq520
QEPWQ521
qepwqgtggan
qepwqqepwq
qepwqsffgw
qepwqtianya
qepwqvcvc
qeqeqeqe
qetuo13579
qetuoadgjl
QETUOwryip
QExoD34ica
QExpD34hca
qf0079sty
qf123456
qf4544223
qfcEgdA3zx
qfcFgdA3zx
qff307700754
qfhwrepwq
QFY#930601@XZX
qg13256115011
qgcFgeA3t0
qgcFhfA3t0
qgcFhfB300
qgdFhfB300
qgdGhfB300
qh058273
qh123456
qh2676li
qh5201314
qh681121
qh87078210
qhlzhy8816973
qhonesty
qhuang7811
qhwanghx3236
qi030701
qia0wei8o1214
qian1102
qian1234
qian123456
qian1983811
qian1986
qian1987
qian5888
qian8110
qian@780629
qianbiyining
qianchang
qianchao
qianchen
qiancheng
qianchunmei
QIANCONG
qiandong
qianduoduo
qianfang
qianfeng
qianfoshan
qiang0203
qiang0922
qiang1234
qiang1986
Qiang325
qiang521
qiang890728dan
qiangang
qiangdao
qiangeng
qiangguo
qianghua
qiangjian
qiangluck
qiangren
qiangsheng
qiangshou
QIANGWANG
qiangwei
qiangweidaoyu
qiangzai
qiangzhe
qianhong
qianhuayang
qianjian
qianjiang
qianjin922!!
qianjing
qianjinqianjin
qianliang
qianlili
qianlima
qianling
qianling0
qianlizhiwai
qianlong
qianmazixun
qianmeng
qianming
qianna0379
qiannian
qiannvyouhun
qianpeng
qianqian041123
qianqian1023
qianqian123
qianqian1314
QIANQIAN521
qianrong
qianshan
qiansheng
qianshou
qianshou52
qianshui
qianshuiyu
qianwa001
qianwang
qianwei1234
qianwei75zjy
qianxian
QIANXIANGUOCUN
qianxiao
qianying
qianyong
qianyu123456
qianyuan
qianyue2009
qianyuqianxun
qianzhihe
qiao123456
qiaodami
qiaofeng
qiaogang
qiaogu123
qiaohong
qiaojian
qiaojiao
qiaojing
qiaojuan
qiaokeli
qiaoliang
qiaoling
qiaomaibao
qiaomima
qiaomingyang
qiaoo201benben01
qiaopeisen
qiaopeng
qiaoqian
qiaoqiao123
qiaorenliang
qiaoshuai
qiaotong
qiaowenjing
qiaoyang
qiaoying
qiaozhen
qiaozheng
qiaqia891219
qibaobao
qichaoyu
qicheguan
qichuhua
qidaihua52
qier06379031
qieziqiezi
qifeng4240327
qihong1984
qijian123
qijin100
qikanjie
qilixiang
qilongzhu
qiluo412
qimukakaxi
qin1314520
qin213214
QIN3268240
qin3ca9o
qin662495
qin781005
qin8512231014
qin891019
qinaide521
qinaideafu
qincheng
qinchong
qinchuan
Qiner520
qinfeishuai
qing1234
qing1314
qing181610
qing1975
qing1975728
qing1982
qing1986
qing1987
qing1988
qing2008
qing2009
qing8147268
qingchao
qingchen
QINGCHENG
qingchuan
qingchun
qingchunwuhui
qingchuyulan0017
qingdao2008
qingfang
qingfeng007
qingfeng123
qingfeng1982
qingfeng1986
qingfeng520
qinggenwolai
qinggeqq
qingh0123
qinghaixining
qingheli
qinghong
qinghua123
qinghuaci
qinghuadaxue
qinghuan
qinghuatongfang
qinghui930
qingjaymei
QINGjian
qingjiang
qingjiao
qingjing
qingkong
qingkuang
qinglang
qinglian
qingliang
qingling
qinglong
QingMemory
qingmeng
qingming
qingngng
qingnian
qingniao
qingning
qingping
qingpingguo
qingqian
QINGQING
qingqing123
qingqing77
qingqingcao
qingqingdexin
qingqingiwen
qingqingqing
qingqingzijin
qingquan
qingrenjie
qingrenwuzui
qingshang
qingsheng
qingshu828
qingshui
qingshuru
qingsong138
qingtang
qingtian123
qingtian19890205
qingtian333!
qingting
qingwang
qingwei219
qingwufeiyang
qingxiang
qingxiao
qingxing
qingyang
qingying
qingyong
qingyuan
qingyuwei
qingzhang
qingzheng
qingzhou
qingzong
qinhuangdao
qinjiabin
qinjiu123
qinjun0494
qinjun666
qinlei2003
qinliang
qinmadao13
qinmiairen
qinqian820426
qinqiang
qinqikingki
qinqin123
qinqin19861221
qinqin520
qinqin521
qinqin58
qinqin8511699
qinqinbaobei
qinqinni
QINQINQIN
qinqinwodebaobei
qinsheng
qinshihuang
qinshuai
qinshuang
qinweidui
qinwenxue
qinxiang
qinyanwei59
qinyanyan
qinyi1116
qinyiling
qinzilong
qinzunxing
qiong1212
qiong123
qiong520
qionghai
qionglong
qiongqiong
qiongren
QIONGYAO
qioujuan
qipilang
qiqi123456
qiqi1314
qiqi2000
qiqi2006
qiqi5201314
qiqi562877
qiqi830114
qiqi8325635
qiqiaini
QIQIAIWO
qiqibeibei
qiqihaer
qiqiqiqi
qiqiwoaini
qiseguanghua
qishengnan0662
qishi0091
qishiaini
qishikane
qishuang
QISIWOLE
Qita2004
qitiandasheng
qitianle
qiu.1983
qiu050907
qiu5201314
qiuaijun
qiubo58851814
qiubojun
qiufeng520
qiuguosong
qiujinyu
qiulian0663
qiuliang
qiuminglhf190803
qiuqiang
qiuqianwang
qiuqiong
qiuqiu123
qiuqiu511
qiuqiu520
qiuqiu521
qiuqiu715@qiuqiu
qiuqiuqiu
qiurisiyu
qiushaohan
qiusheng
qiushuang
qiushuiyiren
qiuti2000
qiutian123
qiutiantt
qiuwenbin
qiuxiang
qiuyunfa
qiuzaihuang
qiweiwei
qiwfnyso
qixia717619
qixiaomin
qiyashipin
qiyingying
qiyuan0812
qizhenhui
qizhi123456
qj11182000
qj123456
qj19881008
QJ825107
qjddgdft
qjf790623
qjfhwrepwq
qjgkwqgf
qjgwhklw
qjgwhrgw
qjgwhvbw
qjgwrgtfdv
qjklw518
qjklwqjklw
qjl783758
qjndqjnd
qjqvbynijcm
qjviqviqyao
qjwqrkwyg
qjyjwxfywwf2
qjysjahty
qkhhayccw55
qkuncf89
ql123456
ql5201314
qlb790314
qlbnw2127432
qlgdlkl288
qlihaijun
qlm123456
qlmldhlw
qlolo1234
QLT19871015
qlvcha123456
qlyytxwd
QM123456
qmd630608
qmdongman
qmfvgi4e
qmpzGM21
qmwnebrv
qngwngqg
qnqt707278
qomolangma
qookee1030
qoolu2009
qp108260
qp123456
qp5201314
qpalzm123
qpalzmgh
qpewqvcvcWWD
qpqpqpqp
qpwo1029
qpwoeiru
qpzm1234
qpzmqpzm
qpzmwoxn
qq00000000
qq0000qq
qq000111
qq001001
qq00qq00
qq00ww99
qq01012110
qq010203
qq011257
qq012345
qq01470147
qq02219678
qq0434061
qq0595qq
qq089800
qq094551
qq101010
qq102030
qq110119
qq110120
qq110355
qq1111111
Qq11111111
qq111111qq
qq1111qq
qq111222
qq112112
qq112113
qq11223344
qq1122ww
qq119119
qq1199840
qq11qq11
qq11ww22
qq120120
qq121000
qq121212
qq12121212
qq1212123
qq123000
qq1230123
qq12301230
qq123123qq
qq12341234
qq12344321
qq1234560
qq123456zz
qq123457
qq12345qq
qq1234qq
qq123520
qq123555
qq123qq123
qq12qq12
qq131421
qq131425
qq1314qq
qq134679
qq135246
qq142536
QQ147369
qq150055
qq15737274
QQ159357
qq163.com
qq163110
qq163123
qq163163
qq168168
qq185819
qq1879110924
qq191072197
qq198185
qq19821008
qq19841203
qq198511
QQ19851214
qq1986212
qq19890722
qq1989126
qq19901006
qq19910611
qq1qq2qq3
qq2009qq
qq201314
qq2035046
qq21043511
qq211314
qq2130087
qq218218
qq2210358
qq22221111
qq222222
qq223809
qq2521339
qq255141808
qq258258
qq258269
qq2634153
qq26608584
qq277545701
qq30986819
qq310064
qq314159
qq31415926
qq321321
qq3249114
qq331018
qq333333
qq343589
qq34715616
qq3613152
qq365412
qq369258
qq369852
qq3711556li
qq4325176qqpp
qq4538835
qq456258
qq456456
qq456769
qq456852
qq456852456852
qq51202324
qq5121314
qq513168
qq515105251qq
qq518518
qq5201314QQ
qq520530
qq5208825
qq52099123
qq520qq520
qq521521qq
qq5538171
qq556688
qq564728631
qq58431945
qq584520
qq601311931
qq6152091
qq622920
qq6364021
qq640801
qq666888
qq678756
qq690804438
qq6923481
qq718520
qq74108520
qq741852
qq742004
qq750216
Qq753951
qq756806105
qq767230867
qq7777777
qq77861283
qq778899
qq80335050
qq810721
qq820324
qq831027
qq850429
qq850610
qq853123
qq85888398
qq860125
qq861230
qq87574812
qq8811848
qq885450
QQ888888
qq88999508
qq890507
qq951357
qq951753
qq963000qq
qq981230
qq98612557
qq98739873
qq999999
qqa123456
qqaa123456
qqaa568900
qqaaaaaa
qqaazz11
qqaazz123
qqaazzwwssxx
qqabc123
qqabc161681688
qqadmin567
qqayy1314
qqbarno3
qqdwjlkn
qqgames123
qqjiandan
qqlkz19897705
qqlovett
qqmima123
qqmm1236
qqq000000
QQQ0000000
qqq111111
qqq111222
qqq111qqq
qqq123321
qqq12345
qqq1234567
qqq1234567890
qqq123qqq
qqq1314520
QQQ147258
qqq147258369
qqq56789
qqq666666
qqq7417129
qqq7675561
QQQ789456
qqq870625
qqqq12312
qqqq7777
qqqq8888
qqqq963.
qqqqaaaa
qqqqpppp
qqqqq00000
qqqqq111
qqqqq123
qqqqq123456
qqqqq701
qqqqqq0123
qqqqqq111
QQQQQQ111111
qqqqqq12
qqqqqq123456
qqqqqq93
qqqqqqq1
qqqqqqqa
qqqqqqqabc
qqqqqqqq1
qqqqqqqq2
qqqqqqqqabc
QQQQQqqqqq
qqqqqqqqqqq
qqqqqqqqqqqq
qqqqqqqqqqqqqqqq
QQQQQQQQQQQQQQQQQQQQ
Qqqqqwwwww
qqqwe1234
qqqwww111
qqqwww123
qqqwwwppp
qqqwwwqqq
qqssj666
qqtianya
qqw123456
qqw380976
qqww1122
qqww1212
qqww1234
qqww225588
qqww2288
qqwwaass
qqwwee123
qqwweeaassdd
qqwweerr1234
qqwweerrtt
qqwwqqww
qqxingsfd
qqyunyuqq
qqz851227
qqzhin191
qqzjyywx
qqzzmmpp
qr123456
qrfigoijssq
qrwe1423
qs123456
qs19860405
qs822858
qs87654321qs
qsceszasd
qscwdvefb
qshnqjitx
qshnwqkb
qsnbdwdx
qsqdl123
qsss1111
qswsazjd
qsyjcsxdl
qsyjzjdxyh
qt123456
qt135790
qt1qt2qt3
qtgeqtge
qtgz0507
qthtyzno
qtpqtpqtp
qtvennwqi
qu0421146di
qu123456
qu927011
quan1123
quan1224
quan2974
quanchao
quanhuang
quanjiafu
quanjiaxingfu
quanjing
quanliyifu
quansheng
quanshui
quanshuo
quantuoren
quanwang
quanxiao
quanyc19
quanyecha
quanying
quanzhixian
quanzhou
quatsch778
qudifang
queen123
queen2007
queen500
queen721
queennie
queens1984
querido19
questgame
quezikaimen
qufanxiao2008
qufuyoungzhou
quguofeng462088#
quhongming
quick123
quicksand
quijiqquijiq
quincbhu
quitexit
quitquit
qujun285203
qulicai2010
qulicai2011
qunima11
qunimadi
qupengfei
ququ33240
qusi123456
qusiba123
qusibani
qusiqusi
qust7102
qutamade
quxinjian
quyan761126
quyang51
quzhaiuser
quzhongrensan
qva654321
qvbshnwq
qVN7Ubeunk
qVN7Ubeuok
qw000000
qw0123456
qw03225045
qw080019
qw111111
qw111222
qw123321
qw123456qw
qw123654
qw13145566
qw1346741
qw147852
qw16899168
qw172653
qw19830228
qw1987110
qw198725
qw321111
qw321321
qw412861629
qw456789
qw654321
qw666666
qw6866363
qw7114969
qw741852
qw7758258
qw7758521
qw778899
qw780718
QW789789
QW820321
QW820812FY
qw987654
qwa123456
qwa15474
qwas123321
qwAS1234
qwasd123
qwaszx1234
qwaszx410.COM
qwaszx778899
qwaszxedc
qwaszxer
qwaszxerdfcv
qwaszxqaz
QWASZXQW
qwaszxqwaszx
qwaszxzxqwaszxzx
qwaz12345
qwc12345
qwdy2880836
QWE!@#123
QWE!@#456
qwe000000
qwe00000000
qwe00123
qwe111111
qwe112233
qwe1225270
qwe123!@
qwe1230123
qwe12312
qwe12345678
qwe1234567890
qwe123456asd
qwe123566
qwe123ASD
qwe123asd456
qwe123rty
qwe123rty456
QWE123ZXC
qwe12asd
qwe13579
qwe159357
qwe159qwe
qwe1asd2
qwe217406
qwe300100
qwe358zxc
QWE3838438
qwe456456
qwe54321
qwe6462594
qwe666666
qwe741852
qwe789123
qwe789789
qwe789asd456
qwe789qwe
qwe789zxc123
QWE82941
qwe8481550
qwe987654
qweasd11
qweasd12
qweasd1234
QWEasd741
qweasd789
qweasd832
qweasd88
qweasd97531
qweasd987
qweasdqwe
qweasdqweasd
qweasdzx
qweasdzxc1
qweasdzxc7
qweASDzxcv
qweazsxdcrfv
qwedsa123
qwee341123
qweewqqwe
qwekiolou
qwepoi123
qweqaz123
qweqwe11
qweqwe12
qweqwe123123
qweqwe222
qweqweqweqwe
qweqwetianya
qwer.1234
qwer0123
qwer0987
qwer1111
qwer1122
qwer123123
qwer1234567
qwer12345678
qwer1234qwer
qwer1234x
QWER123654
qwer12ty
qwer13579
qwer147258
qwer159357
qwer1979
qwer200326
qwer2008
qwer2009
qwer20408919
qwer2345
qwer654321
qwer760803
qwer7890
qwer7894
qwer8888
qwer][po
qwerasdf123
qwerasdf1234
qwerasdf8724
qwerasdfzxcv123
qwerasdzx
qwermnbv
qwerpoiu
qwerpoiu99
QWERqwer1234
qwerqwerqwer
qwert!@#$%
qwert000
qwert09876
qwert111
QWERT123456789
qwert123yuiop
qwert2009
QWERT321
qwert67890
qwertasd
qwertasdfgzxcvb
qwertpoiuy
qwertqaz
qwertqwert
qwerttrewq
qwerty11
qwerty111
QWErty12
QWERTY12345
qwerty130702
qwerty321
qwerty66
qwerty88
qwerty886688
qwertyas
qwertyasd
qwertyasdfgh
qwertyhy
qwertyppaspp
qwertyqw
qwertyqwerty
qwertysky123
qwertyu1
qwertyui123
qwertyui12345678
qwertyuiop00
qwertyuiop123456
qwertyuiop2008
qwertyuiop369
QWERTYUIOPASD
qwertyuiopasdfgh
qwertyuip
qwertzxcvb
qweruiop
qwervbnm
qwerzxcv
qweyx18188
qweyyzsa
qwezxc12
qwezxc123
qwezxc468
qwezxcasd
qwezxcnm
qwfc9663
qwjqwj714
qWN7Ubeuok
qWN7Vbevok
qWO7Vbevok
QWpo1973VBmn5533
qwqwaaa1
qwqwqqww
qwqwqw001
qwQWqw123
qwqwqw22
qwrglgjg
qwsa1122
qx123456
qx1314520
qx197300
qx748853
qx780021957
qxdy0576
qxj32409
qxm156699
qxnm1e01
qxp577277
qxtslash
qxVbGfiBuq
qxVbHfiBuq
qxw640918
qxWbGfiBuq
qxyj0699
qxyqtmrll1998
Qy111111
qy123456
qy168168
qy4u9mnr
qy785481
qy7ttvj7vg
qy861120
qye1114829
qyh123456
qyijepwq
qyijqqyijq
qyj521-yzq
qyj84929
qyly86112777
qyq691206
qyqy0815
qyrs2010
qys821qys821
qytqytqyt
qyw19871119
qywp1980
qyy86133093
qz123456
qzf327327
qzh5860669
qzqx980615
QZTKWGSFUIYDHR
qzwxecrv
qzy091186
r00000000
r0a9n2qian
r1234567
r12345678
r123456789
r1978234
r1a9i8n7
r1e2i3k4o5
r3h28c9ab
r510225830226331
r5201314
r53913708
r6ymz2fjk8
r7649894
R84vm3eui
r850219q
r9ronaldo
r9sgf619
ra86s5kz
rabbit111
rabbit123
rabbit1987
rabbit520
RabbiT75
rabbitzhu
raboy911
rachel123
racoon2000
radarxjl
Radcliffe
radiohead
radioheart
rafa8lution
Ragnarok
raikkonen
rain0625
rain1234
rain1314
rain1980
rain1982
rain1983
rain2891
rain7777
rainbow001
rainbow123
rainbow1978
rainbow520
rainbow7
rainchen
raincoat
raindrop
Rainfall
rainforest
raingirl
raining12
rainingsemir
rainking
rainlain
rainlover
rainnight
rainning
rainqueen
rainrain
rainrong
rainrosehoney
rainsnow
rainstar
rainsword
rainting
rainwind
rainy1124
rainyday
raistlin
ramone2000
ran60030
ranchaoli5420
randolph
ranran123
ranran2001
ranran520
RANRAN521
ranranran
ranyu1212
rao5242441bin
raoxingfu
raozhirou
raoziyan
rarukuanshieru
rational
raul0627
raul1943
raul1977
raul197762745
raulblanco
raulraul
ray123456
ray821103
ray87614
rayallen
rayeen2009
rayman007
raymond8
raymondgxy
rayosbirdy
rayrayray
rayzhang
rchg762888
rcxicuar
rczzcj1979
RD200613
RD226407
rdhyrtjetj@126.c
RDxyD43hca
RDY20031966
rdyhokgvqafghbkm
readbook
readnovel
readthrough
reaishenghuo
real1234
realchina
reallife
reallove
realm520
realplay
realreal
realtime
realtrue
rebecca1011
rebeccainshadow
red123456
red200157
redaiyulin
redalert
redangel
redbanana
redblack
redcar**
redchina
rede1111
redearth
redemption
redfire7
redflower
redgreen
redhorse
redkissfs
redlinux
redlovexu
redmaple
redmoon123
redriver
redsea888
redspider
redsreds
redstone
redwoods
ReDX1212
reel4ever
refgdgngn
refreshing
reggie23
reiayanami
reinhard
reinhard0726
reko3ibm
reliance
reliao120com
rememberme
ren110120
ren123456789
ren532343
ren790217030406
renaissance
renaoren
rendanruju
rene8253
renestepaside
renfeng813
renguang
renjiaini
renjian132
renjianrenai
renjiaxuan
renjing1984
renliang
renlinfei-lee
renliping
renlirenli
renliziyuan
renminbi
renmindaxue
renmiying
rennuk0421
renqiang
renqingyang
renrenren
renrenxiaonei
renshangkun
rensheng
renshengrumeng
renshiju850228
renti007
renwoxing
renwumatou
renxiang
renxianliang
renxianqi
renxiaolei
renxiaoyao
renyanli
renyinghui
renyinghui1126
renyinghui8315
renyingying
renyuanyuan
renzaitianya
renzheairen
renzheng
renzhengfei
reNzhEwUDi
renzhichu
renzhong
renzixuan
rerfeddc
reryghyw
research
resetreset
resortgp
resource
response
restarthu6260
restaurant
restless
RESURCRC
reta3r67
rete88888
reto1112
rety113420
rety8959
reuentahl
reveal88
rewq4321
rewqfdsa
RExoD34ica
RExoD44ica
RExoE44ica
rexue1002
RExyD43hca
REynE44ida
REyoE44ida
REyxD44hca
REyxE44hca
REyyD43hca
REyyD44hca
rf123456
rf18938ad11018
rfcFgdA3Ax
rfcFgdA3zx
rfcFgdB3Ax
rfcFgeB3Ax
rfcGgeB3Ax
rfcGgeB3xx
rfcGheB3xx
rfdGheB3xx
RFynE44idb
rg634dgs
rgbnckfqp
rgdGheB3xx
rgdGheB4x2
rgdGheB4xx
rgdGheC4x2
rgdGhfB300
rgez5381
rgfdftjf@#
rgm1987rgm
rgntnsaw
rgrdpadg
rhapsody
rhb6291205
rhdGhgC300
rhdHigC300
rheHigC300
rhkfjaps
rhkfqbte
rhmm111111
rhoo915233
rhwhdgns22
rhythmgt
ribggw306
ricci1213
rice1215
rich1983
rich2008
rich3344
rich8888
richbird
richenqi
richgirl
richie623
Richie9119
richie@ren
richiejen
richjessica55
richrich
ridiculous
right123
right5left4
righthere
rightnow
rihe5814034
rihouzia
rihua6814
riji5573
riki_yang
rillwong
ringring
rinidaye
rinilaomu
rinima123
rinima124
rinimabi
rinimade
rinimagepi
rinimama
rinixianren
rinrin0919
riquelme
riri553237
riririri
rise19901208
risefast
risingsun
risinima
risjtrod
rita318280
RITARITA
river0622
river1212nn
river123
riverriver
riyueyinghua
riyueyongchun
riyygynui
rj123456
rj5201314
rjq0330tht
rjq882455//..
rkbxudlz
rl123456
rm123456
rmb@5911
rml11311
rnzwhlcc
roadroad
roadtoparis
robby123
roben2008.
Robert07
Robert123
robertobaggio
robin123
robin1979
robin520
robinchen
robinrobin
robotech
roc152535
rocacerocace
rochest99
rochester
rock123456
rock2000
rockerluo
rockets11
rocketup
rockfish
rocking1988
rockrock
rockroll
rockwell
rocky6118
rockychen
rockyrocky
rocy0607
roczheng
roderick
roger123
rogerlong1982
rogerroger
rogerxie
roky124828
romacrose
romanyoung
ron790902
ronaldo123
ronaldo9
rong1104er
rong1234
rong123456
rong1314
rong1974
rong1983
rong2008
rong4504172
rong5201314
rong628628
rong87620
rongcheng
ronger68
ronger86
rongfeng
rongjing
rongli5201314
rongliang
rongrong123
rongrong520
rongshuxia
rongtian
RongWing808suen
rongxing
rongyu21
rongyuan
rongzhu830129
ronin123456
roosevelt
rootshe11
rosalind
rosaline
rosamond
rose1234
rose123456
rose1982
rose1984
rose2000
rosebush
rosechanel
rosegarden
rosejack
rosekeeper
roselove
roselover
Rosemarry
roserose
rosineluo0914
rosselli
rosyclouds
rotterdam
roves0429w
roxy890109
rp121014032
rqcijyiewxdmiff
rr1982rr
rrrr1979
rrrrrrrrr
rrrrrrrrrr
rrrrrrrrrrrrrrrr
rrs111107
rs107654
rs116251
rs123456
rs13991333366
rs145981
rsqabcde
RSQLGH1314
rsz8273891
rszycyzj
rt123456
rt223323
rt29wejmyx
rtfgvb76112
RTRTRTRT
rtt57680
rtuhgfhrr
rty232127
Rtyfghvbn
rual001107
ruan123456
ruan1893keke00
ruan1987
ruan4321
ruanchuang
ruanjing
ruanming
ruanruan
ruanzheng
ruby1025
ruby1027
rubyruby
rubyvsalec
ruc278719
ruc278719cupl
rugl1012
ruguoaixiaqu
ruguodeshi
ruguokeyi
ruguoniaiwo
ruguonihaiaiwo
ruguowoshini
rui100100
rui123456
ruicheng
ruicosta
ruifeng5
ruihan123
ruihan123sk
ruihanbjjs
ruiky3398884cr
ruiling608
RUIRUI123
ruirui520
ruirui5201314
ruirui521
ruishuibin
ruixiang
ruiyang557
ruiyaruiya
ruizheng
rukawa11
rukawa19
rukawakaede
rukia6550128
rukia88823
rUM6Tbdtnj
rumirumi
runme1018
runnerup
runrun8483729
ruoxue78
ruru1988
rushiwowen
ruth17181246
ruxin92213
ruye3723
ruyi301|*|999999
rVM6Tbdtnj
rVM6Tbdunj
rVN7Ubeunk
RVWs7r6d
rw213400
rwok100402
rx123456
rx3367998
rx78gp02a
rxchaoka220088
rxUaHehAtp
rxUaHeiAtp
rxUbHeiAtp
rxVbHeiAtp
rxVbHeiAtq
rxVbHeiAuq
rxVbHfiAuq
rxVbHfiBuq
rxw120554
RY123456
ry30301010
ryan1982
ryangiggs
ryanryan
ryoheiye
ryomaechizen
rysfpljtybhktk
ryukyuyu21216891
ryuuciki
rzs100115
rzy886zy
s00000000
S0305017
s102030t
s1111111
s11111111
s11112222
s1230123sas
s123123123
S1234567890
s123456e
s123456s
S123921Q
s123q456
s123s123
s12henhu
s131313z
s1314520
s1326960
s1373283
s147258369
s1511201996
s192401w
s1976216
s19771314a
s1982l416
s19831223
s19861026
s1t2o3n4
S20030111
s2006j75
s20081212
s2114w59
s22222222
s2j3l9a5
S31415926
s3i3n0g2
s429004800
s455149602
s4612476
s52009958
s520521s
s5211314
s5266639
s5867816
s606123230
s66666666s
s6877984
s733buggle
s7758521
S789456123
s88888888
s8905310
s8962795
sa$$$$$$
sa13ling
sa7231645
saand4261
sabrina520
sachkqdxyrjhdh
sacramento
sadzhi2000
saekifuji
safdsafd
safeguard
safesafe
safshftjgrweerjh
saga0707
saga6667639
sagacity
sagahelen
sagakanon
sage0918
sagittarius
sai160109
sail1317
sainimama
saintisme
saintkurt
saintseiya
saisai520
saisaisai
sakimomo
sakura1225
sakura123
sakura1234
sakuraba
sakuragi
sakuralove
sakurasakura
sakurawars
sakurazuka
salaheiyou
salamander
SALANGANE
salasdir
sale123456
sally0301
sally123
sally510
SALLY520
sallysally
salome0327
salt8828
saltlake
sam00000
sam000000
sam082299
sam123456
sam986369
samhuang
samiel1985
samkong2323
samlyboy123
sammi1227
sammi123
sammi520
sammi819
sammicheng
sammisammi
sammizhu
samnleehom
sampan100037
sampdoria
samsamsam
samson830
samsuNG123
samsung1980
samsungsamsung
san123456
san19821222
san3878743
sanben56
sanchuan
sanctuary
sand5jing^^
sandaosho523
sandsand
sandwich
sandy123
sandy198759
sandy2000
sandy2hh
sandy520
sandy6226
sandydai
sandyliu
sandysandy
sanfrancisco
sang1218
sangedaibiao
SANGEJIU
SANGSANG
sangtana
sanguang
sanguine
sanguoyanyi
sangyuan
sanjiang
sanjingshou
sanjuqingan
sanlijituan
sanmao520
sanmaoecho
sanping67
Sanr32zhs8
sanrenxing
sansan33
sansandeqi
sanshengshi
santong@322
santorini
sanxing12
sanyecao
sanzhong
sanzijing
saobi60312
saobian920
saofengyizu
saokejiao
sapecc09
sapphhire
sarah123
sarah888
sarah999
sarahlove1011
sarahsarah
sars2003
sarslove
sasd2238
saskatoon
satan007
satan4506
satellite
savage24
savagegarden
savagery
saveyouself
savio0000
savnwu2121
saxophone
sayaj8142327
sayforever
saygoodbye
sayhello
sayloveyou
SAYONARA
sayounala
saysorry
sayyousayme
sb102575
sb11201122
sb1234567
sb5201314
sb740920
sbbb5731161480
sbcglobal
sbdxii01
sbfbgdvkeg
sbfnyygy
sbgogwfnh
sbiaqgnui
sbidt1216
sbihc0208
sbihclibo
sbihje1980
sbiuggn78
sbmqjbcy
sbqujyygy
sbso821001
sbsoje127856
sbwffgqtdh
sbwfgqim
sbx584mer362
sbyygtpl159abc
sc123456
sc334455
sc587wyt
sc811231
sca198010
scarborough
scarecrow
scat1017
scau2009
sccd3332
scfvke234
sch198101040208
scheisse
schllshl1
schmeichel
schneider
schubert
schulman
schumacher
scientist
sciflow0
scj668866
scjpscjp
scofield
scopio1119
scorpions
scorpius
scottyang
ScrollLock
scs88001948
scsc70734
SCSHZHCH1968
SCUISCUI
scuss33$$
scutscut
scwdm2004
scx19820503
scylt2008
scyszhjlmj8689
sd111111
sd123123
sd123456789
sd147258
sd2ssngsw
sd4026739
sd45utjf
sd4f23se
sd5654f6
sd5681ht
sd7310186
sd780315
sd830802
sd85yx999
sd880210
sd88yx999
sdayjiaa
sdbyfvbfg
sddddddd
sddhznh77
sddman510520
sdf123456
sdf456wf
sdfgdafhafh@126.
sdfkg45674
sdfsdf11
sdfwer234
sdg943p2
sdgao8do
sdgfw3452
sdhzffgg
sdj7788250
sdjkle89
sdjksdjk
sdjnwsyt6210461
sdjsh123
sdjz871017
sdlygs00
sds31322432128
sdsajsdsaj
sdsd8130
sdsqzszcc0621
sdsrz1234
sdsy0353
sdu999999
sdwhsqj74
sdyabsdyab
sdz0413WF
sdzrjsywgx
se123456
se210096
sea122678
sea12345
sea123456
seabed1983
seabridge
seafood37
seaheart
seaman1111
seaman1983
seamansun
seamon2330c
seanhawk
seanopen
seansean
seaseasea
seasee^*^122221
SEASHELL
seashine
seashore
seashore1
seaskyvv
seawater
sebastien
Secession
sechskies
second200554
secret480
secretgarden
secretmm
sedaluho
seedfeed
seedseed
seedtyyii1986
seeklove
Seemefly
seeyouagain
seeyoulater
seeyouseeme
seishiro
seishirou
selayang
selcetli
select123
selflove
selin0904
selin999
selina123
selinaxiu
selinazhu
sellerie
semsem99
semtime123
sen12345
senchang
sendoh11
sengai048551
sengnon2009
sengren6
senru0711
senru711
senruonly
sensible
senzhong.net
seo123456
seocompv
sep29zqbx
separate
sephiroth
September
serafuku
seraphic
seraphim
serenade
sereneazure
SERVER123
SERVERSERVER
ses50932082
sese520520
sess2008
sesshomaru
Sesshoumaru
seszdj730216
setmefree
setups12
setv123456
sevearhedy
seven007
seven123
seven520
seven777
seven890417
seveneleven
sevenq1112
sevenseven
sevensix
sevenstar
severussnape
sex101310
sex123456
sex123oo!
sexsexsex
SEyxE44hca
sezg2522
sf.bj825
sf123456
sf19811026
sf512921
sf930544
sfd456sd
sfdswf23detg
sfhhfssfh
SFLD3344
sfm01314521
sfn020330
sfqh1098
sfsfsfsf
sfteng197919
SFymF44jdb
SFynE44idb
SFywE44hca
SFywE44hcb
SFywE44icb
SFyxE44hca
sfyz25866
sfz230620
SFzmF45jdb
SFzwE44icb
SFzwE44idb
SFzwF44idb
sg007ilvy
sg123456
sg1234567
sg22937264jq
sg6812984
sgbgsbbsdbtjkjs@
sgc161618
sgdGheC4x2
sgdHheC4x2
sgdHhfC4x2
sgdHhfD4x2
sgl1271216
sgm123456
sgm77sgm77
sgr876UYG
SGS885252
sgstgshkjds@126.
sgy83662527
sgzc3927
SGzmF45jdb
sh000000
sh000409
sh060378
sh111111
sh112233
sh1124666
sh12345678
sh123456789
sh123987
sh1314520
sh200433
sh290978
sh350684807
sh5852001
sh601857
sh62293899
sh840310
sh888888
sha123456
sha870719
sha890818
shabi110
shabi123
shabi2046
shabishabi
shabiyige
shachongji
shadandan
shademode
SHADOUXING
shadow1020
shadow123
shadowhor
shadowliu
shaensei841006
shagua520
shairly258
shaka919
shakespear
shakespeare
shamanking
shamasjun
shami333
shan101314
shan1234
shan123456
shan13013959171
shan1987
shan1989
shan5201314
shan571xing
shan57xing
shan786068318
shanchuan
SHANDAIZIJI
shandian
shandongjinan
shandongren
shandongsheng
shane520
shaneshane
shanfeng
shang000
shang001
shang111
shang114
shang123
shang2005
shang521
shang52100
shangban
shangbin
shangchao
shangcheng
shangchp
shangdang
shangdao
shangdeng
shangdi123
shangdiaiwo
shangdian
shangdibaoyou
shangdong
shangfeihappy
shangfeng
shangguan
shangh71
shanghai00
shanghai01
shanghai021
SHANGHAI1
shanghai123
shanghai1943
shanghai2
shanghai2008
Shanghai2009
shanghai2010
shanghai520
shanghai88
shanghai99
shanghairen
shanghaishi
shanghang
shanghao
shanghen
shanghua
shanghucai
shanghui
shangji2858
shangjian
shangjiang
shangjie
shangjin
shangjing
shangjingbt250
shangjun
shanglei
shangliang
shanglin
shangliumao
shangming
shangnan
shangning
shangpin
shangqing
shangqiu
shangri-la
shangrila
shangrui
shangsan
shangshan
shangshang
ShangShanRuoShui
shangshaofu
shangshi
shangshuo
shangtian
shangtianya
shangtong
shangtuo
shangtuozhiyang
shangwang
shangwei
shangwen
shangwenjie
shangxia
shangxianyue
shangxiao
shangxiaosan
shangxin1999
shangxin2009
shangxina
shangxing
shangxinren
shangxuan
shangxue
shangyang
shangying
shangyou
shangyuan
shangyue
shangyun
shangzhe
shangzhi
shanhuhai
shanhuyu
shanji123
shanji13579
shanjian
shanjiaojiao
shanjing
shankezhen
shanlang
shanliang
shanling
shanming
shanqi114
shanqing
shanquan
shanshan123
shanshan1980
shanshan28
shanshan33
shanshanwoaini
shanshui
shanxian
shanxiazhijiu
shanxiren
shanxixian
shanyang
shanyi0411
shanying
shanyong
shanyueer
shanzhai
shanzhai321
shao1234
shao1234-
shao12345
shao123456
shao1976
shao1988
shao822041
shaobing
shaocancan
shaochen
shaocheng
shaodong
shaofang
shaofeng
shaogang
shaohong
shaojian
shaojianbo
shaojiang
shaojie0922
shaojing
shaojuan
shaokexin
shaoliang
shaoling
shaolinsi
shaolong
shaoming
shaonian
shaopeng
shaoping
shaoqian
shaoqiang
shaoqing
SHAOrong
shaoshan
shaoshao
shaosheng
shaoshuai
shaosong
shaotian
shaoting
shaoxiao
shaoxing
shaoxing330602
shaoyang
shaoying
shaoyong
shaoyu2860227
shaoyu836
shaoyuan
shaozhen
shapolang
shaquille
sharapova
share123
sharecxc
sharon07
sharp123
sharpmaker
shasha123
shasha1987
shasha521
shashade
shashasha
shashengwan
shashibiya
shashini
shasi001
shawking
shawshank
shawushe
shayatou
shazhuang
shazhude
shazishazi
shb711130
shb770515
shc123456
shct1990
shdbzhdhh
shdHhfD4x2
shdHifD4x2
shdIifD4x2
she12318
she5201314
shebudeaini
sheep521
sheepsheep
sheHigD401
sheHihD401
shehua789
shehuizhuyi
sheiaiwo
sheIihD401
sheji123987
sheji66778899
shejialing456564
shejishi
shell13585852455
shelling
shellingford
shely3939
shen113wei
shen1234
shen12345
shen1521
shen1688
shen1978
shen1982
shen1983
shen1985
shen1986
shen1987
shen1989
shen5201314
shen710710
shen825903
shena9958
shenaimixiang
shenaini
SHENAISHIren
shenbing
shenbj109
shenchao
shenchen
shencheng
shenchiping
shencongwen
shendehaizi
shendiao
shendong
shenfang
shenfeng
sheng001
sheng007
sheng1234
sheng123456
sheng1649
sheng1984
sheng1986
sheng1987
sheng1989
sheng2009
sheng256
sheng520
sheng5201314
sheng840430
shengang
shengbai
shengbin
shengcheng
shengcun
shengdan
shengdanjie
shengdian
shengdoushi
shengfang
shengfei
shengfeng
shengguang
shenghao
shenghua
shenghui
shenghuo
shenghuo123
shengjia
shengjian
shengjie
shengjin
shengjinbi1983
shengjing
shengjun
shengkai
shenglan
SHENGLI09VICTORY
shenglin
shengling
shenglong
shengmei
shengmi007
shengming
shengnan
shengping
shengqiang
shengquan
shengren
shengrikuaile
shengruxiahua
shengsheng
shengshi
SHENGTANG
shengtao
shenguang
shengwei
shengwen
shengxia
shengxian
shengxiao77
SHENGXIN
shengxue
shengyan
shengyang
shengyao
shengyin
shengying
shengyuan
shengyue
shengzhan
shengzhang
shengzhe
shenhang
shenhong
shenhua123
shenhuan
shenhuxi
shenjiaqi
shenjie520
shenjing
shenjingbing
shenjixi
shenjuan
shenkyo1
shenlang
shenli3939317
SHENLIANG
shenling
shenmemima
shenmeshenme
shenmeya
shenmeyu
shenming
shenning
shenpeng
SHENPING
shenqi51
shenqian
shenqiang
shenqing
shenrong
shenrui84
shens1d2gf
shenshan
shenshen0104
shenshenaini
shensheng
shenshine
shenshuo
shentao123
shentian
shentijiankang
shenting
shentong
shenwang
shenwang0703
shenwd1115
shenwenlie
SHENXIAN
shenxiang
shenxianyu
shenxiao
shenxing
shenyan520
shenying
shenyong
shenyq008
shenyuan
shenzhen0078
SHENZHEN12
shenzhen123
shenzhen2008
shenzhen558899
shenzhenssd
shenzhong
shenzhou
Shenzhumei
sheouyang
shepherd
shepuqinke
sherlockholmes
sherrill
sherry123
sherry4869
sherry520
sherry521
sherryli
sherrymio
sherryzr
sherwin616
shescort
sheselina
shesheshe
sheshiman
sheshouzuo
Shevchenko
shevchenko7
shewoaini
shewoqishui
sheyang2806
sheyuchen
shgsaqngshkjds@1
shhuiling
shi12345
shi123456789
shi253368011
shi5201314
shibingtuji
shibushi
shibushia
shibuwodaI
shichang
shichangbu
shichangxuan
shicheng
shichengjie
shichong
shichuan
shichunhui
shicunyi
SHIDAISHUOBO
shidanwuai
shidonglin
shiduo922
shieldmima
shierkezhi
shift123
shiftalt
shiftshift
shigougou
shiguang
shiguang009
shihaihua1
shihaihui
shihailong
shihainan
shihaishan
shihaiyan
shihuahua
shihuang
shihuashishuo
shijiali
shijiamoni
shijian123
shijiana
shijianhua
shijianjun
shijiayi
shijiazhuang
shijichunlei888
shijie123
shijiebei
shijieditu
shijiediyi
shijiediyideng
shijieheping
shijiemori
shijingjing
shijingyu
shijunjie
shilan0717
shilei123
shilei702197
shiliang
shilihua
shiliujiequ
shiluodexin
shilybaby
shiming1
shimiso8361718
shinanhua
shine123
shine200
shine520
shine888
shineboy
shinee0505
shinelee
shineshine
shinesteel
shinewing
shinezm11
shingo4254
shingping
shinhwa19980324
Shinhwa324
shinhwa4ever
shinhwa520
shinhwa6
shinhwajunjin
shinhyesung
shinichi54
Shining77
shiningu
shinning
shinoshino
shiny1616
shiny2005
SHIPPING
shipuzhanshen
shiqi520
shiqian0
shiqiang
shiqishidai
shiqunxin
shiranui
shireshire
shirley0990
shirley123
shirley3025
shirley520
shirley56
shirleytalent
shirui0508
shisanshao
shiseido
shisen13
shishang
shishang2009
shishang43
shishen123
shisheng
shishenme
shishi123
shishi520
shishikan
shishiqiushi
shishishi
shishuai
shishubin
shiss3377
shit1111
shiteater
shitfuck
shitiantian
shitingyou
shitkame
shitong88
shitou123
shitou520
shitouji
SHITSHIT
shiwaxinge
shiwei123
shiwei520
shiweiwei
shiwenbo
shiwenjie
shiwenjing
shiwo127
shiwobaichi
shiwoshiwo
shixiang
SHIXIAOFEI
shixiaohui
shixiaojing
SHIXIAOLEI
shixiaoli
shixiaolin
SHIXIAOLONG
shixiaonan
shixiaoqing
shixiaoyan
shixiong
shiyafei
shiyan123
shiyanfeng
shiyang21sky
shiyanjun1201
shiyanming
shiyanshi
shiyanyan
shiyediyi
shiyicai198332
SHIYILIAN11
shiyimiao
shiyinan888
shiyiqing
shiyishi
shiyiyue
shiyu123
shiyu12321
shiyuan7826929
shizairenwei
shizhang
shizhen0895
shizheng
shizhewudi
shizhi514
shizhijinkou
shizhilong
shizhong
shizijia
shiziwang
shizizuo
shizk414
shj123456
shj567890
shjandgyj
shk19790401
shkiishkii
shl19671127
shlzpq1992
shmilmay
shmilutom
shmiluzp
shmily00
shmily0322
shmily1213
shmily1225
shmily123
shmily1314
shmily1981
shmily1984
SHMILY1985
shmily1986
shmily1988
shmily20
SHMILY2008
shmily28
shmily520
shmily521
shmily746459
shmily77
shmily811128
shmily85
shmily99
shmilybl
shmilybwj
shmilycc
shmilyhui
shmilyjay
shmilyjj
shmilyll
shmilylove
shmilyprient
shmilyqq
shmilyshmily
shmilytt
Shmilyyi
shmilyyy
shmilyzai
shmilyzd
shmilyzw
shmlxy1955
shngshkjds@126.c
sho86074504
shockwave
shooting
shop34618838
shortcut
shotinhead
shoufangkai
shougu2007
shougyd^oklaixp
shouhaizhe
shouheng
shouhutianshi
shouhutianxin
shouji123
shoujihaoma
shoujikaikai
shoushang
shoushida
shoushou
shoushoujiji
shoushoushou
shouwang
shouwangzhe
shouxing
shouzhudaitu
showgood
showhand
showlove
showme123
showme@1207
showmeit
showmelove
ShowMeMoney
showmethem
showmoney
showshow
shq789456123
shshsh08
shshshsh
sht671418
shtd123456
shtd5208
shtsw678
shu123456
shu6701174
shuai520
shuai521
shuai7911
shuaibao
shuaidai
shuaige123
shuaijie
shuaimao
shuairen
shuaitony
shuaiwei
shuang04
shuang123
shuang123456
shuang1987
shuang521
shuanger
shuangfei
shuangfeiyan
shuangfeng
shuanghe
shuangjing
shuanglang
shuanglong
shuangshi
shuangwaiwai
shuangxi
shuangyan
shuangyang
shuangying
shuangyu
shuangyue
shuangyuzuo
shuangzi
shuashua
SHUCHENG
shuchong
shudaixiong
shue-ling
shufan123
shuguai9
shuguang
shuhuang
shui0105
shui123456
shui1995can
shuiaiwo
shuibian
shuibing
shuidian
shuifeng
shuifengqing
shuigege
shuiguolanzi
shuijian
shuijiao
shuijingzhilian
shuijun123789
shuijunwang
shuilian
shuiling
shuimitao
shuiniao
shuiping
shuipingzuo
shuiqing
shuirh54317h
shuiruohan
shuishen
shuisheng
shuishiwo
shuishou
shuishou100
shuishui5354
shuiwuyj
shuixian
shuixian811225
shuixian8667
shuixiang
shuixing
SHUIXING1028
shuiyang
shuiyanhan
shuiyihong
shuiying
shuiyiren
shuiyuan
shuiyuan++
shuiyunjian
shuizhidao
shuizhong
shuizhuyu
shujiang
shukaihan
shuming24622310
shunfeng
shunjian
shunlian
shunping
shunqiziran
shunshun
shunshun2008
shunv1982
shunyuhuan
shuoaini
shuoaiwo
shuohuaya
shuoniaiwo
shuoshuo
shuqiang
shurumima
shushang
shushizhu789
shushu18
shushu520
shushu88
shushunihao
shushushu
shuxiang
shuxuejianmo
shuxuetd
shuyuan119110
shuyun1984
shuyunxiangke
shuzhang
shuzhuamao2328
shwingtools
SHWYQMAMA
shwythnn
shx4620552
shxchhefang
shxiaoguo
shy123456
shy19830921
shy2134443
shybxtwdmm
shyshyshy
shytshyt
shzhendao
sibarking
sibgumeng
sibuliao
sichuandaxue
sichuanren
sickbaby
sickfred
sidajiekong
sidekick
sidf1819@
sieben38
SiegFride
siegfried
sieIihD401
sieIjhD401
sieIjhE401
sieJjhE411
siemens6618
siemens6688
sifakaoshi
sifan7269
sifone8253
sighsigh
siguanglei
sihaiweijia
siheyuan
sihuangkun
siledouyaoai
silen4486
silence8878jl
silence984225
silkay1226
silly123sxc
sillyboy
silverbullet
silverfox
silverwolf
silverzl
simaliang
simaoyh0
simatuzi
simba520
simdoo2009
simen8728
simgoo123
simon007
simon1218
simon123
SIMON123456
simon2008
simon2798110
simon409
simonlee
simonsimon
simple123
simplelife
simplelove
simssims
simulation
simulator
sin30=0.5
sina.com.cn
sina1234
sina1978
sinaaa123
sinacom123
sinacomcn
sinacosa
sinamail
sinasina
sinasohu
sinathena
sinbadlee
since19781022
since1987
since1989
since1989?
since21!
sincerely
sincerity
sincerly
sincesuoloco
SINGAPORE
singaporean
singasong
single123
singleman
singsing
singsong
sinian999
sinianni
sinister
SinLang59
sinochem
sinocom11
sinosino
sinosoft
sinotrans
sinoy123
sintucom123
sipangzi
siquhuolai
siren0802
sirenbang
sirius9716
siriusblack
sishuiliunian
sishuinianhua
sisi1022
sisiaidabai
sisiaijun1314
sisichen999
sisileehom0816
sisinana
sisisisi
sisiwenwen
sisiwoaini
sisiyar712139
sissi1117
sissisissi
sister66
sisyphus
sitting99
siwangbiji
siwenmei521
siyankai
siyebushuo
siyecheng
siyi801120
siyuaiqinQ
siyuan1213qw
siyuanvote
siyue1900
siyuetian
sj000000
sj123123
sj123456789
sj19770310
sj314159
sj3668701
sj5201314
sj5620jy
sj798011yy4444
sj829037
sj987654321
sjb77622
sjb@2010
sjblrj123
sjdhmtthm6
sjdklf123
sjf12345
sjg861226
sjh123456
sjh666666
sjh71012078
sjj123456
sjj520917
sjjfqptjj
sjl123456
Sjm96321
sjonly13
sjpfnmxdy
sjq123456
sjrbq111111yf
sjrmdtjws
sjs58151456
sjsjsjsj
sjtu2008
sjtusjtu
sjwangdao
sjx640624
sjx780329
sjxn5252532
sjz123456
sjz800829qq
sjzlysbb
sk123456
sk33445890
skdjalskdjal
skeleton
SKJCSKJC
skking123
skm798181
skpyj0512
skr9011027
sks7.com
sky100200
sky12345
sky123456789
sky239455
sky5201314
sky626sky
sky89757520
Sky_090604
skyandsea
skychina
skycloud
skycn0614
skydevil
skyhorse
skyrainy
skyrocket
skysky8611
skyskysky
skysywxk
skytiger
skytypalace
skyworld
skyworth
skzzhshsh
sl1981918
sl2693987
sl6592011
sl781231
sl815281
slam4330588sky
slamduck
slaneslane
slayhero
slbj1234
slc700627
sleeping
sleepless
slj38511831
slj62509076
SLK123456
SLLOVEPP_821001
SllPl129822
slowdive
slowworm
SLPP821001
slpplovefmj
slr36fsq
slwdslkj
sly1016888
sly123456
sly6408090
slytherin
slzyytxdD
sm123456
sm348122
sm8100sm
SMALL123
smallbear
smallbig
smallbird
smallbug
smallcat
smalldog521
smallfish
smallfox
smallmouse
smalloffice
smallpig
smallsmall
smalltiger
smamasfxf
smap1988
smart123
smartboy
smartdrv
smartgirl
smartsmart
smc563229502
smessmes
smf871207
smg1001ee
smgensmma
smhapolo
smile0716
smile1234
smile1314
smile1982
smile2000
smile2008
smile2009
smile365
smile520
smile521
smile7711
smileagain
smileboy
smilecat
smileclouds
smileeveryday
smileface
smilegirl
smilelife
smilesky
smilesmile
smilewyh
smilezhu
smiling2
smiltchaisy
smith8899
smithjohn
sml5201314
smliewei123
smmsmmdm
sms1984926
sms940643
smshiaio
smsmsmsm
smsmwudi
smsqazpl
smt5201314
smthsmth
smtinline
smtpsmtp
smu111111
smugogmnmn
smzadd123
sn123456
sn131130
sn263263
sn2752827
sN384626
sn83sq84
snail007
snail778899
snailen13
snailgame
snake0727
snake123
snake424
snakesnake
snhame900206
SNIWGJITX
sniwtsniwt
snjesnje
snjevvfb
snkplaymore
SNNning1021
snogmkhn
snoop1025
snoopy12
snoopy123
snoopy13
snoopydog
snoopywsw
snoopyxj
snoopyyy
snow1028
snow1104
snow1214
snow1234
snow123456
snow1314
snow1981
snow1986
SNOW2000
snow2001
snow5201314
snow6604
snowangel
snowbaby
snowbird
snowdream
snowdrop
snowforce
snowgirl
snowhite
snowhouyi804
snowlove
snowrain
SnowSnow
snowstorm
snowwind
snowwolf
Snowxue888
snpwwstx
snqqk1205
snr52lsnr
sntuu0gmaj
snugduvtdj
so8378nic
socrates
sodagreen
sodao666
sodasoda
sodolxhada
sofia870926
softking
softnessmuse
softsoft
softstar
sogou214
sogou223
sogou224
sogousogou
sohu19741129
SOHU2006
sohuboke
sohulf1025
sohusina
sohusohu
soinlove
sokosoko
solaseva
solbianca
solectron
solenbbc
solidsnake
solidworks
solitary
solitude
SOLO2009
solosolo
solskjaer
solution
Some1loveU
somebody
someone594
sometime
sometimes
somewhere
somuch123
song0405
song086921
song1106
song111213
song1117
song1212
song123321
song1234
song12345
song1234567
song123456789
song1980
song1981
song1982
song1983
song1984
song1985
song1986
song1987
song1988
song2008
song5201314
song_868
songbing
songbird
songchao
songchen
songcheng
songchengxian
songchun
songdandan
songdong
songfang
songfeng
songgang
songhaitao
songhang
songhong
songhyekyo
songjian912
songjiang
songjiao
songjing
songjuan
songless
songli2008
songliang
songlibo
songlina
songling
songlong
songloveandy
songmeng
songming
songning
songpeng
songpengju
songping
songqian
songqiang
songqing
songruinian
songshan
songshanji
songshao
songshuai
songshuang
songting
songttanch
songwang
songwuwang
SONGXIANG
songxiao
songxiaobo
songxiaoli
songxing
songyan21dan
songyanbyd
songyandan
songyanyan
songying
songyinqi
songyong
songyuan
songzhen
songzheng
songzhiwei
songzq1019
SONGZUYING
sonic520
sonofagun
sonofbitch
sonofwind
sony1979
sonyaiwa
sonychan
SONYEJIN
sonymusic
sonysony
sonyvaio
sophia1984
sophia55
sophiasophia
sophie520
sophieliu
sophomore
sophyblue
sorcerer
sorceress
sorezeno01
sorry123
sorry520
sorryiloveyou
sorrysorry
sos123123123
sos123456
soso1890
sosodogso
sosohappy
SOSOSOSO
sosoyao123
sosoyaocn123
sossossos
sostl110
soueeqpgf
soujirou
soul1314
soul19840428
soulbook
souledge
soulfree
soulsoul
soulwing
source4118
southchina
southeast
southern
southpasadena
souvenir
sowhat123
soyuhianan
sp123321
sp12341234
sp123456
sp31415926
sp511314
sp631116
sp821050
sp992338
space123
SPAGHETTI
spalding
speak2me
speaking
spearking
spears16
specialist
speed123
spf2326027
spider10
spider37
spitukgefa
splendid
spmen888
spni1729
Spoiled76
spring1225
spring123
Spring2008
spring223
spring520
spring79
spring99
springsmile
springsnow
springSPRING
SPY822406MOMOB
spymr2008
sq123456789
sq177936
sq5201314
sq712768
sq812439
sq8848220
sqermao521
sqfzhf820928
sql123456789
sqsxtyg888
sqtbntiagw
SQUARESOFT
sqwdog14
sqz043020
sr123456
sr2633236
sr87247760
srj00000
srp19880112
ss000000
ss050306
ss10281265
ss111111
ss123123
ss123321
ss1314520
ss168168
SS19841015
ss19851126
ss19860520
ss369258
ss369963
SS520520
ss5220101
ss6017064
ss677099
ss678910
ss777119
ss7928637
ss810426
ss841211
ss8518com
ssamtg770121
ssbws0eloolqq
ssdlh12345
ssec1234
ssf825098529
sshfuuzl
sshheenn
ssiyvefjhh
ssj2002619
SSJ555SSJ
ssjq2003
ssjthbjdcz
sslovett
sslwwebz
ssmgcyza
ssn760930
sspanzer
sspaxzs802211
sspemail123
sspsssps
ssptxxsb56
Ssqhdyx163
ssrs2006
sss7689322
ssss1111
ssss1234
ssss56892398
ssssaaaa
ssssdddd
sssseeee
ssssss0000
ssssssss54804
ssssssssssssssss
sstsjcfy
ssutdkjje
ssuu6986116
ssuunn666
ssuunnww
ssvkfgah
ssx123456
ssx6812181
ssy1987630
ssycsy123
ssyvdp1989
sszh407407
sszhenjian
st123456
st123456789
st13713440314
st20103811
st2212@21cn
st5201314
st800810
st828506901
stabilo110
stallone
standard
standards-926
stanford
star0511
star1108
star1234
star123456
star1984
star1985
Star1986
star1991318
star2002
star2008
star830529
star8888
starchan1
stardream
starfire
starking
starling
starmoon
starshine
start123
START2009
start712
startanew
startlove
startstart
starxing
starzhang
staticroof441
stcoolqi
ste123456jobs
steelman
stefanic
stefaniesun
stella123
stella@480
Stepbystep
stephanie1989
stephenie
steroids
stevecarol
steven1122
steven123
steven2008
stevenash
stevenking
stevenlee
stf123456
stilllove
stillloveyou
StillWater
stimulate
sting12345
sting_hoo
stjkwsry
sTL6Sadtmj
stocking
stockstar
STOCKTON
stojakovic
stom881286
stone007
stone0526
stone123
stone1234
stone888
stoneage
stonelgq
stonenic
stonestone
Stopthethief
storylove
storyofall
str0nger=
strategy
strength
strongarm
strongman
structure
struggle
stsgmdb7kfknyjs6
stu..jivenao
student1
students
STUDYHARD
studying
studystudy
stupiddog
su110120
su123123
SU123456
su123456789
su123488
su123zxc
su139817
su27zdj555@
su514612
su5201314
su880880
suanleba
suannihen
suansuan
subaru111
subarusumeragi
submarine
subuliao
subwoofer
success!
success077
success123
success2009
success2010
success816
success86
successful
suchislife
suckmydick
sudas123
sudas123456
sudilovepy
sudongpo
sudongpo99
suedesuede
sueijing
suen78rong
suenchao
suermuxi
sufan2016
sufe1504
sufe5413
sugar123
sugar137
sugarpuff
sugarsugar
sugnilnnuc
sugqyuan
suhaibin
suhang81
suian5253
suibian123
suibian8
suibianba
suibianbian
suibiankan
suibiankankan
suibianla
suibianni
SUIDALIU
suifeng123
suifengpiao
suimengerfei
suin12345
suining221200
suisui83
suisuihao727
suixiang
suixinsuoyu
suiyuan1982
suiyuanba
suiyuechang
suiyueran
suiyueruge
sujian28
sujianhua
sujianlu
sujie13086051771
sujing520
sujingjing
suk397540
suker520
suker999
sukidayo
sukidesu
sukiking
sukisuki
sukiyaki
sukukukkk
suky2617587
sUL6Sadtmj
sulaiquan
suligers
sulirock
sullivan
suluo1984
sUM6Tadtnj
sumgotea7078
summer10
Summer11
summer1215
summer123
summer13
summer1983
summer1987
summer2007
summer2008
summer2009
SUMMER456
summer520
Summer888
summer99
summerblue
summercool
summerday
summerice
summerkoo
summerliu
summerlove
summerrain
summerrain111
summersl
summersnow
summersummer
summersun
summertea
summerwhite
summerwind
SUN&moon
sun100200
sun111111
sun111678
sun123123
sun12345678
sun19690329sun
sun1971010100
sun198608030033
sun199734911
sun2633236
sun2niang
sun40049
sun402moon402
sun4289359
sun49101
sun5201314
sun5211314
sun5kong
sun76722
sun7758521
sun789456
sun830420
sun851029369
Sun_Moon
sunan9015
sunandmoon
sunbin123
SUNBIQIONG
sunbuxie
suncaiping
sunchang
suncheng
sunchuan
sundaming
sundapeng
sundawei
sunday123
sundayhui
sundaylife
sundingmou
sundongyan420
sundylove
sunechong
sunfazhi0898
sunfei1173
sunfeifei
sunGUANG
sunhaibo
sunhaijing
sunhaitao
sunhaiyan
sunhao123
sunhao520
sunhaoran
sunhesunhe
sunhonglei
sunhongli
sunhongtao
sunhongwei
sunhuang
sunhui123
sunhuihui
Sunj974032977
sunjiachuan
sunjian123
sunjian198176
sunjiang
sunjianhua
SUNJIANJUN
sunjianwei
sunjianxin
sunjiaqi
sunjiawei
SUNJIAYI
sunjie123
sunjihai
sunjingjing
sunjingke
sunjingye
sunjingyi
sunjinxuan
sunjiqian
sunjunli
sunjunyi
sunkunpeng
sunli520
sunli821007
sunliang
sunlidong
sunlight
sunlihong
sunlihua
sunlijuan
sunlijun
sunlililiya
sunlimin
sunliming
sunlisheng
sunlixia
sunlytadmin
sunmeiyu
sunmiansmhz
sunmoonstar
sunny.rainny
sunny000
sunny007
sunny111
sunny1122
sunny123
sunny1234
sunny123456
sunny1975
sunny1981
sunny1982
sunny1983
sunny1984
sunny1986
sunny1987
sunny2002
sunny2006
sunny2008
sunny2009
sunny325800
sunny418407
sunny520
sunny7926
SUNNY888
sunnybaby
sunnyboy
sunnybund
sunnyday
sunnyfeng
sunnygam
sunnygirl
sunnyj01
sunnylee
sunnylianbo521
Sunnyliu
sunnylove
sunnymoon
sunnyrain
sunnyshine
sunnysky
sunnysmile
sunnysnow
sunnysun
sunnysunny
sunnywang
sunnyxjdty
sunnyyang
sunpengfei
sunqiang
sunqinghua
sunrider
sunrisejun
sunrising
sunriver
sunruisr
sunshang
sunsheng
sunsheng627
sunshijie
sunshine12
sunshine123
sunshine28
sunshine520
sunshineday
sunshiqi
sunshuai
sunshuang
sunsky117
sunskyline
sunsmile
sunsnow502
sunsun123
suntao521
suntingting
sunwei0604
sunwei123
sunwei2009
sunwei520
sunweihua
sunweiwei
sunwen5201314
sunwenjie
sunwenjing
SUNWUKONG
sunxiang
sunxiaodong
sunxiaofei
sunxiaohui
sunxiaolei
sunxiaolin
sunxiaoming
sunxiaowei
sunxiaoyan
sunxiaoyu
sunxiuxia
sunxiyue010319
sunxudong
sunyahui
sunyan123
sunyanan
sunyanli
sunyanzi0723
sunyanzicc
Sunye10032
sunyexiang
sunyexiang0898
sunyi123
sunyi520
sunyingjie
sunyingxp
sunyisunyi
sunyl130185
sunyongjie
sunysuny
sunyu123
sunyuanyuan
sunyujia
sunyujie
sunyuqing
sunyutian
sunyuwen
sunyuxiang
sunyy098
sunzhang
sunzheng
sunzhenyu
sunzhiguo
sunzhiyong
suoailiu
suosuohejiu
suoyicibei
super001
super007
super123
super123456
super1314
super1987
super258
super512
super520
Superadmin
superboy
supercai5112@C
supercat
supereminem313
superfox
supergun
superhero
superhuman
superior
superist
superJAN
superjie
superjunior13
superkey
superking
superlee
superleo
superLIU
superlove
superlover
superlyy
superman007
superman008
superman123
superman9999
supermarket
supermen
superpig
superpippo
superpower
supersonic
supersun
SUPERSUPER
superwind
superwolf
superwoman
supperman
suqian0607
suqingqing
suqisong
sureoksk
suresure
surewin1
surfingsir
suricity
surmounthl
surprise
susan007
susan1011
susan123
susan123456
SUSAN1980
susan1982
susan2008
susan520
susan521
susan781125
susancat
susanchen
susanliu
susanne121
susansun
susansusan
susanwang
susanxi123
Susbt002
sushaohuai
susu0087933
susu7411
susujiali
susususu
sutter3374
suweijie
suweiyang
suwenjie
suxiaohua
suxiaoli
suxiaoli88
suxing0924
suxing1314
suxinggun
suxuexue
suyan0s6y
suyang121
suyang6016668
suyanyan
suyinger
SUYOUPENG
suyu851011
suyuyuan
suzaza1113
suzhen520
suzhi83YI
suzhixie
svenson123
svt1985122
sw070625
sw084919
sw5201314
sw811128
swahr66038805
swallow123
swallow51
swanlake
swarov2009
swastika
swazj7100
swb123456
SWBJBHWJ
sweet123
sweet520
sweet620
sweetapple
sweetboy
SWEETDREAM
sweetsmile
sweetsweet
swf19881225
swggws3352505
swim0930
swing123
swj123456
swj60227
swjldcom
swjswjswj
swlaill1314
sword111
Sword123
swordman
swordsman
swufe11789
swwswwsww
swxlyjslf
swxSWX328138
swyuanyang
swyz1234
sx123456789
sx1979al0218
sx19821028
sx5201314
sx830822
sxa029589
sxb761125
sxf123456
sxfcsxfc
sxh123456
sxh6325060
sxh83821899
sxi492890710suxi
sxj123456
sxl123456
sxpi-songzht
sxTaIehztp
sxUaIehAtp
sxUaIehztp
sxw123456
sxwe7417916
sxx123456
sxxd9898
SXY123456
sxzjj1314
sy030609
SY04hhaw
sy057679
sy111111
sy12345678
sy123456789
sy203007
sy337899
sy830127
syc135lsl
syc493222
syd495273
sydaidai
syf111111
syf123456
syh486ily
syhx0818
syiamgreat2
syj7z070
syj805327
syl123456
sylvialuo
symphony
symwan2007
syncmaster-09
syq123456
syq19870329
syq789789
syqq115577
sys123456
sys129368.
sys13239
sys2000jjy
sysadmin
system-00
system099
system12
system890
systemer
systemlucker
systemsystem
syx111bkr
syx123456
syx86024500324
syy123456
syy7916114
syz32783
syz5201314
syzx8501
SZ000000
sz110110
sz111111
sz121611208
sz123123
sz12345678
sz123456789
sz123654
sz1314520
sz25084296
sz308308
SZ321321
sz428952
sz4593099
sz5201314
sz562389
sz715823
sz743138
sz790610
sz8203703
sz862754zx
SZ888888
szauto588
szdddeeeswl
szdzgs33388666
szdzgs33666
szflyxk1120
szforever
szhaoqing
szjrjedcg
szjzy2009123
szk795447
szkenfor
szl123456789
szonline
szpuyuan
szpzclljxk
szq10138
szq23533722
szr158158
szrckj2010
szsxq4d15m4h
sztaqyyh
szu507lzg
szu816891lyl
szw123456
szx123456
szxinshi
szxiongwei
szy123456
szyf2010ty
szylsmc17899
szz861117
szzhtszzht
szzhuhua
szzz004959
t1107x5626
t11111111
t11235813
t1127004
T1234567
T12345678
t1314520
t13671268832
t19691219
t19811029
t1a9n8g0!(*)
t1t2t3t4
T2100test
t31415926
t3521048
t4777269
t478502a
t5201314
t5232346
t5wtokqIAv
t5xipkpHAv
t5xipkpHzu
t5xtpkpIAv
t6262421
t63e4t63
t6wtolqIAv
t6wtolqIBv
t7758521
T7pimr11
t7vizb80
t84l04n14
t89h3866
t963852741
t9896711q
ta123456
tab198331
tabuaiwo
tachibana
taelon520
tai590399
taiabaigo
taihaole
taihe123
taijiquan
taijituishou2009
taipingyang
taiquandao
taishan007
taishan871003
taishang
taiwan28
taiwei753159
taiweiqu
taiyang123
taiyanghua
taiyangyu
taiyo118
takako0301
takashi316
takeanin584
takecare
takeiteasy
takemehome
takeshiaaa
takeshijin1984
takethat
takizawa
takki0329
takuto521
takuya2046
talent1981920
TALENT3110CHAO
talentisme
talenttalent
talktime01
tallhill
tamade123
tamadegundan
tamadeshizhu
tamamade
tamsako588
tan259695
tan751103
tan870117
tanailing
tanainaide
tanbowen
tanchang
tancheng
tandetuo
tang05167312
tang1111
tang1234
tang12345
tang123456789
tang1978
tang1979
tang1982
tang1983
tang1984
tang1985
tang1986
tang1988
tang1989
tang1990
tang2008
tang2009
tang2tang
tang3591005
tang4090
tang780828
tang8080
tang886652
tangbiao
tangbing
tangbohu
tangchao
tangchen
tangcheng
tangcong
tangdong
tangerine
tangfang
tangfeng
tanggang
tanggula
tangguobin
tanghai9999
tanghaibo
tanghaitao
tanghaiyan
tanghan11
tanghong
tanghongbo
tanghuan
tanghuang
tanghuijuan
tanghulu
tangjian
tangjianbo
tangjianfeng
tangjiang
TANGJIAO
tangjikede
tangjin12
tangjing
tangjuan
tangkaik
tanglang
tanglaoya
tangliang
tanglijun
tanglili
tangling
tangling520
tanglong
tangmeng
tangming
tangna214
tangning
tangootd
tangpeng
tangping
tangqian
tangqiang
tangqiao
tangqing
tangquan
tangren2123
tangren753951
tangrong
tangseng
tangshan
tangshao
tangsheng
tangsijing
tangsong
tangtang520
TANGTANGTANG
TangTangtianya
tangtian
tangtieming
tangting
tanguang
tangwang
tangwei520
tangwenbin
tangxian
tangxiang
tangxiao
tangxiao5254482
tangxiaoming
tangxiaoyu
tangxing
tangxiong
tangyang
tangying
tangyong
tangys99228800
tangyu923327
TANGYUAN
tangyuanyuan
tangyuzhe
tangyuzhe1984
tangzhan
TANGZHEN
tangzheng
tangzhi125
tangzhong
tanhuan1988
tanhuijing
tanjiafu
tanjian1022
tanjiang
tanjiateng
tanjiewen0816
tanjuntj
tanjunwei
tanjunyuan
tanke2000
tanktank
tanliang
tanlijuan
tanlikun
tanlong226
tanpeter
tanqiang
tanruizhi
tanshuai
tanshuang
tantantan
tanxiang
tanxiaolin
tanxiaoyisheng
tanxinyu
tanxuwen
tanyilin
tanyoo123
tanzheng
tao2000301
tao333222
tao4544472
taobao123
taobao766song
taobao887
taobaobao
taobaoke
taoguangyanghui
taohhong
taohong0602
taohuadao
taojingjing
taoliang
taoliwei
taotao1330
taotao29
taotao5201314
taotao521
taotao66309679
taotaole
taowei1980
taoyan07
taoyang615310
taoyangui
taoyanhanju
taoyanni
TAOYANPING520
taoyuanming
taozhiyaoyao
taozi123
taozi520
tapwbrdww
tarcy123
tashaling
tassadar
tata19801259
taweimei
taxitaxi
taxuewuhen
taxuexunmei
tay4ever
tayohyab07
tb123456
tbb1314526
tbdagtbdn
tc122221
tc138216
tc6198198j
tchaikovsky
tchjtchj
tcj1atATLF
tcj1atzTLE
tcj1atzTLF
tcjj521ll
tcl1219519
tctctctc
Td123456
tdc8191240
tdd633tdd
tdh19uBUMG
tdh19uBVMG
tdi19tAULF
tdi19tAUMF
tdi19tAUMG
tdi1atAULF
tdjyv369
tdm22tdm
tdt18uBVMG
tdxhyzhh
tdy123456
te026vCWOH
te026vCXOH
teambuy2009
teamo1314
teamoyaya
teamtop123
teamwork
tearstears
tearstop
teashuang
technology
techract
teckwav1028
tecsunhds
teddywong05
tel2875009
tel48ayi
tel89086
tellmewhy
temp1234
temp123456
temp1983
temperature
TEMPORARY
temptemp
tencentsophia
teng199022
teng479128
tengdong
tengjing
tengl20050605
tenglong
tengteng
tengzhen
tenyears
tercel82
TERESATIAN
terrible
terrific
terrorist
terry123
terry247
terryzhang
teruhiko
test1111
test12345
test123456
test2008
test2009
test2010
test8*iipc
testadmin
testbank
testinfo
testing123
testmemo
tet17uBVNH
tet17uCWNH
tet17vCWNH
tet18uBVMG
tet18uBVNG
tet26vCWOH
textbook
tezuka520
tezukafuji
tf024wEYPJ
tf025wDXOI
tf025wDXPI
tf025wDYPI
tf026vDXOI
tf123456
tf1978423
tfnfqpyv
tfnjk0530
TFzvF44idb
TFzvF54idb
TFzwF44idb
tg122xFARK
tg122yFARK
tg123456
tg123xEZQJ
tg123xFZQK
tg123xFZRK
tg124wEYPJ
tg124xEYQJ
tg124xEZQJ
tg789456
TGAlG45jec
TGAvF55idb
tgbyhnujm
tghxp578
tgkitxjj
TGS2416522
tgy01131
tgydddip
TGzlF45jeb
TGzlG45jeb
TGzmF45jdb
TGzmF45jeb
TGzvF54idb
TGzvF55idb
th001001
th122yFARK
th123456
th15998967573
th230ztzSL
th231ytARL
th231ytzSL
th232ytARL
th28097565
th5201314
th6yjhr6jh6yr
th841011
tha201924
thanatos
thank123
Thank901
thankful
thankgod
thanksgiving
thanksgod
thankthank
thankyou123
thankyouverymuch
thaomy84
that9096
thatgirl
thatiswhy
thb198210
thc121121
thdIifD4x2
THE.LIANG
theanswer
theanswergiggs
THEBEATLES
thebigblue
thedoors
THEFIRST
theghost
theIifD4x2
theIigD4x2
theIigE4x2
theJigE4x2
theJigE5x2
thekiller
thelword
thematrix
themoment
themoney
thenewme
thenthen
theonlyone
thepavilion
thephantom
thereare
thereisno
theruler
thestarisgod
thetruth
theworld
thindidi
thingthing
think123
thinkofyou
thinkover
thinkpad09
thinkthink
thinkyou
thirddecan
thirdeye
thisform
thisgame
thisisarima
thisislife
thisislord
thisisme
thisismine
thislove
thisthis
thistime
thizlinux
thj15872359259
thkdsythkdsy
thldl_147
thomasma
thomaszhang
thomos10
thousand
thq403529
three333
threemen
threepigs
threeyears
thriller
ths810351
tHT9Jehzsn
tHTaIehztp
tHTaJehzsn
tHTaJehzsp
tHTaJehztp
THUHUBOSSGUNGUN
thunder2
THUNDERBIRD
thy113125
Ti102519
Ti123456
ti23tztyTM
ti23tztzSM
ti33tAtxTN
ti33tAtxUN
ti33tAtyTM
ti33tztyTM
tia271314
tiamo520
tiamokelly
tian000891127
tian00di00
tian1234
tian12345
tian123ya
tian1314
tian1457
tian19651110
tian1978
tian1980
tian1981
tian1982
tian1983
tian1984
tian1986
tian1987
tian1988
tian19880412
tian1989
tian1ya2
tian2008
tian2009
tian5201314
tian605718
tian88dan
tiananmen
tianbaojun
tianbian
tianbianyun_80
tianbiao
tianbing
tiancai1
tiancai123
tiancai945
tiancai99
tiancaide
tiancaishiwo
tianchang
tianchao
tianchen
tiancheng
tianchong
tiandadida
tiandaochouqin
tiandihui
tiandijian
tiandiren
tiandirenhe
tiandong
tianer1212
tianfang
tianfuzhen
tiangang
tiangaoyundan
tianguang
tianhaiyise
tianhe23
tianheihei
tianheng
tianhong
tianhuang
TIANJIAN
tianjiang
TIANJIANGDAREN
tianjiao
tianjin123
tianjin2008
tianjin95ad
tianjing
tianjingsha
tianjingtao
tianjinshi
tianjixu
TIANJUAN
tianjun1982
tianjunjie
tiankong0985
tiankong123
tiankong32
tiankong79
tiankongzhicheng
tianlang
tianlangxing
tianlanlan
tianliang
tianliang119
tianliangle
tianlili
tianling
tianlongbabu
tianmaxingkong
tianmeng
tianmian918
tianmiao
tianmimi
tianming
tianning
tianpeng
tianpinG
tianqi3tianqi3
tianqian
tianqiao
tianqing
tianqing1127
tianqingzhenhao
tianqizhenhao
tianquan
tianqwer
tianrenheyi
tianrong
tianshan
tianshang
tianshangrenjian
tianshao
tianshaofei
tianshen
tiansheng
tianshengsimei
TIANSHI007
tianshi1
tianshi11
tianshi123
tianshi520
tianshi521
tianshiaimeili
tianshideai
tianshilei
TIANSHINWF
tianshixiaojing
tianshizhiyi
tianshuai
tianshuang
tianshui
TIANSHUN
tianshuo
tiansong
tiantang..000
tiantang2
tiantangniao
tiantian0606
tiantian1
tiantian1234
tiantian123456
tiantian1987
tiantian2
tiantian33
tiantian88
tiantian99
tiantianaini
tiantianhao
tiantianhappy
tiantianle
tiantiantian
tiantiantianlan
tiantiantianya
tiantianxiangni
tiantianxiangsha
tiantianxiao
tiantianya
tiantianzai
tiantianzuoai
tianting
tiantong
tianwaifeixian
tianwang
tianwenjie
TianXia112
tianxia12
tianxia123
tianxia2
tianxia521
tianxia88
tianxia99
tianxiadiyi
tianxiahaoren
tianxian
tianxiang
tianxiao
tianxiaode
tianxiaox
tianxiaren
tianxiashangji
tianxiawudi
tianxiawushuang
tianxiehudie
tianxiezuo
tianxilong
tianxin520
tianxing
tianxingjian
tianxuan
tianya!@#
tianya.cn
tianya.com
tianya.sunxing
tianya00
tianya000
tianya000000
tianya001
tianya007
tianya008
TIANya01
tianya03
tianya07
tianya09
tianya0902
tianya11
tianya110
tianya111
tianya1112
tianya119
tianya12
tianya121
tianya123
tianya1234
tianya12345
tianya123456
tianya1234567
tianya123456789
tianya13
tianya1314
tianya163
tianya168
tianya19
tianya1908319
tianya1981
tianya1982
tianya1983
tianya1984
tianya19840815
tianya1985
tianya1986
tianya1987
tianya1988
tianya1989
tianya1999
tianya2000
tianya2002
tianya2005
tianya2006
tianya2007
tianya2008
tianya2009
tianya2010
tianya2012
tianya222
tianya23
tianya313
tianya321
tianya333
tianya38
tianya4me
tianya500811
tianya520
tianya5201314
tianya521
tianya54321
tianya55
tianya555
tianya591229
tianya666
tianya6868
tianya77
TIANYA777
tianya789
TIANYA818
tianya88
tianya888
tianya99
tianya999
tianya99aaa
tianya_71
Tianya_gouzaidui
tianyaabc
tianyabagua
tianyabaobao
tianyabashi
tianyabbs
TIANYAblog
tianyaboke
tianyacity
tianyaclub
tianyaclub.com
tianyacn
tianyacom
tianyademima
tianyaer
tianyafuzhou1
tianyagenv
tianyagongcishi
tianyagu
tianyaguke
tianyagulv
tianyaguoke
tianyahaijiao
tianyahao
tianyahechu
tianyaid
tianyajj
tianyake
tianyalaji
tianyalangzi
tianyalm
tianyalong
tianyalu
tianyaluntan
tianyamajia
tianyamima
tianyamm
tianyang
tianyaohua
tianyaok
tianyaot338010
tianyaot660512
tianyapass
tianyapassword
tianyapwd
tianyaqq
tianyaren
tianyaroma
tianyaruobilin
tianyasb
tianyashequ
TIANYAshequ123
tianyashequ2009
tianyashq
tianyasilu
tianyasq
tianyatest
tianyatian
tianyatianya
tianyatony
tianyawang
tianyawenda
tianyaya
tianyayezhu
tianyazhuanyong
tianyi20
tianyi99.
tianying
tianyong
tianyu111
tianyu123
tianyu256
tianyu520
tianyu77
tianyuboy
tianyudi
tianyuzlw
tianzhao
tianzhen
tianzheng
tianzheng007008
tianzhidao
tianzhihen
tianzhiya
tianzhiya2
tianzhong
tiaotiao
tiaoyang
tiaozhan
tiaqid2888
tiberliker
tibet130
tibet864
tibetkorea
tibetlove
tiderain
tidy7810
tie85969932
tiechuierhao
tiejiang
TIEJIAYIRANZAI
tieJjiE411
tieshan12
tiesheng
tiffany198
tifJjiE411
tiger007
tiger110
tiger1122
tiger13in
tiger168
tiger1974
tiger1982
tiger1986
tiger2000123
Tiger23$
tiger428
tiger520
tiger555
tiger68231523
tiger7king10
tiger888
tiger999
tigerchina
tigerdearbook
TIGERKING
tigertiger
tigerwang
tigerwoods
tigerzhao
tikcarc73
tilamisu
tilihua1224
timberland
timduncan
time9818
timeflies
timeforce
timeismoney
timeless
timeless10
timemachine
timeover
timeschange
timetime
timmy1983
timxuwei
TIMyoung8113375
Tina1981
Tina2008
tina2009
tina2680055006
tina9587
tinaherojv
tinaking
tinatina
tinazhang
ting1115
ting1202
ting1234
ting123456
TING1314
ting1986
ting1987
ting1988
ting1989
ting2105312
ting8464
tingbaobao
tingerlove
tingfeng
tinghaode
tingjian
tingmamadehua
tingshuo
tingting+
tingting1987
tingting928
tingtinglove
tingtingwoaini
tingyu1214
tingyuxuan
tinky1518
TINWINDOW154
tiohuang
tiramisu
tissot1853
tIT9Jdgzsn
tIT9Jegzsn
tIT9Jehzsn
titanium
TJ123456
tj197800
tj33tAtxUN
tj880221
tjb115216
tjc4132231
tjfJjiE411
tjfJjiF411
tjfKjiF411
tjfKkiF411
tjhn1213
tjis8034
tjjdrysry
tjlingx21
tjljyxlz
tjm93158
tjs731125*
tjuni208
TK123456
tk513190
tk830309
tkcag11223
tkfkdgksek
tkfkdgody
tkp13103360
tkye2ciy
tkylikelxy
tl123456
tl1314999922899
tl19811005
tl6520255
tlbbtlbb
tleangel
tlfmqtlfmq
tlin1125
tlj102chb102
tlj123456
tljjs9989
tlm2009777
tlsz9488
tlyueyueyue
tm123456
tm2077zhaoming
tmaio417
tmc123456
tmc8685807
tmd!@#$%^&TMD
tmd123456
tmd123tmd
tmd80642
tmdtiancai
tmdtmdtmd
tme141516
tmknckto
tmliuguoqiang
tmnet123
tmt17020139
tmxkdetmxk
TMXUKTKE
tmy19821212
tnaflidwla
tncfei259856
tnndtnnd
TNT123456
to270502
toage1038
toast2007
tobehappy
tobeistodo
tobemyself
tobeno.1
tobeornot
tobeornottobe
tobetrue
tobewithyou
tobeyou..
tobeyourself
tobywins
tobywolf
today007
Today123
Today818
todayhappy
todayhuangxm99
toeflgre
tofzsenovc
togetherforever
tohoshinki
tohyuk42my
tokencan
TOKIMEKI
tokki88TOKKI
toko360good
TOKOYUYH
tokyokof
tolerance
tom101999
TOM123456
tom52592
tomahawk
tomandjerry
tomarulez
tomcom666
tomcruise
tomhanks
tomjerry
tomlazer
tommy123
tomohisa
tomohisa829
tomoko12
tomtomtom
tong1012
tong1234
tong123456
tong1314
tong1983
tong1984
TONG19850720
Tong1987
tong2008
tong7788
tongbo234
tongcheng
tongcheng17u
tongcong
tongdawei
tongfang
tongfeng
tongjian
tongjidaxue
tongJING
tongliang
tongling
tongmeng
tongnian
tongping
tongqiang
tongqing
tongshan
tongshang
tongtian
tongtong123
tongtong521
tongxiang
tongxiao
TongxiaoYU
tongxing
tongxingzheng
tongyang
tongyimima
tongying
tongyongmima
tongyuan
tongzhen
tongzhou
tongzhuo
tonhyuk3507
tony0127
tony1009
TONY1234
tony123456
tony1314
tony1982
tony1986
Tony1abc
tony2000
tony790926
tonyapple
tonybaby
tonychen
tonydong
tonyiron
tonylee00
tonyleung
tonylove
tonytony
tonywang
tonywear
tonyyang
tool2009
toopoo001
toothblueqangelq
top123456
top123698745
top555pot
topcai521
topll0320
toppem123
topsearch
toriamos
tornado2
tortoise
toshiya73
toto3354
totoro123456
totototo
tottitotti
tou19641102da
touching2
touchnet
TOUWENZI
touzi123456
tower123
toxz1121
toyceozhb
tp010807
tp87265775
tphptlsl
tq123456
Tq8201162
tqtiidtf
tqtssnrw
tr123456
tracy011225
tracy0707
tracy123
TRACY258
tracy821
tracy919
tracylii
tracymcgrady
tracytracy
tracywang
tracyzhang
trade12345
trade2q456
training
tranquil
transfer
transient
traumatize
traveler
Traveller
travelmate
tree0718
tree1234
tree39518888
treetree
tresbien
trewq54321
trewqiop
trezeguet
trhtthtrhtr
trhtthtrhtrtrhtt
tri301hu
TRIANGEL
triangle
tricy2000
trig12345
trinitron
trish591121
triumph2008
trouble99
trousers
tRsRfWxEdwtSfrWs
truecolor
truelies
truename
truong8698zzh
trustno1blue2008
trustnoone
try123456
try5ghht
try82324
try8774569
tryagain
tryeruyeruwrt@12
tryitagain
trymybest
tryweiwan2009
trz5201314
ts123456
TS1SW2zbj3ss
ts750907
ts8280543
tsaichinxuxu
tsang820
tsbb99070
tsdxglmm
tsdxwwdz
tsg265704
tsgxjkh512
tshwcbyy
tsingdao
tsinghua123
tsingtao
tsjh4321
tSK5Racsmi
tsla7793523
tsuyoshi
tswcbyyde
tt000000
tt050322
tt100001
tt101972
tt111111
tt123123
tt123321
TT1234567
tt123456789
tt123465
tt123654
tt1314520
tt159357
tt197994
tt19851220
tt198y220
tt456789
tt46510842
tt520tt520
tt65163423
tt654321
TT66522718
tt677769
tt7758520
tt778899
tt888888
tt991213
ttangkaik
ttbsqh2b
ttdou4182009
ttdown123
ttff03777
ttg451884829
ttgitfk520
tTK5Racsmi
ttkl1206
ttklttkl
tTL5Racsmi
tTL5Sacsmi
tTL5Sadsmj
tTL5Sadtmj
ttl691031
ttll81423
ttssmail
ttssnsqs
ttsun0109
ttt12345
ttt123456
tttt1234
TTTTT123
ttttttttt
tttttttttt
tttttttttttttttt
ttttyyyy
ttxs5027
ttxxzztxz
ttyycctt1200
TtYyTtYy
ttz2355056
tu123456
tu26su37
tu868686
tuantuan
tuanzhang
tubaobao
tuchengcaizi
tudou123
tudou2010
tudoudigua
tudoutudou
tufei123
tuhui198739
tuierjiewang
tuiguang
tuiguang888
tuiguangyi
tuike1200
tuixun123
tungtung
tuniu2906
tuocheng
tuojie001
tuozhan1818
turbulent
turelove
turkey513513
turnsina0229
turquoise
tushuguan
tutulove
tutututu
tuwenaipyj18
tuwozaixian
tuzhiyao
tuzituzi
tv654321
tvbitvbi
tvfxqmax
tvrjcm03150211
tvshopper
tvxq1226
tvxqforever
tvxqhero
tvxqlove
tvxqtvxq
tw123456
twc4091dc5
twenty11
twfkqoqm
twgdh123
twgdhbtzhy
twh6281502
Twins123
twins12931
twins520
twinstwins
twj04202008
twjljc79
twtkthhia
twtrdfjgg
twtrqwrqw
twtssqui325
twtttxgt
tx123456
tx151719
tx8100699
txg123456
txh19831118
txhwei83
txjjzyzqbx
txr6396990
txTaIehztp
txwd45678933
txwd45678988
txwdzrzl
txwh9999
txwhjtianya
txy123456
ty000000
ty07142602
ty071426020219
ty11081227
ty111111
ty111111111
ty111222
ty116000
ty123123
ty123321
ty1234567
ty12345678
ty123456789
ty123654
ty128341
ty131226
ty159357
ty19809303
ty19982000
ty2007mj
ty4o2o5444
ty5125861
ty5201314
ty58147116
ty594118
ty6658252
ty666666
ty678950
ty7758521
ty789456
ty789789
ty83kc59p3
ty85313726
ty888000
ty8tupos
tyb12345
tybb220510
tybl6629
tycf8722
tyd123456
tydu654123!
tyer4123
tyh2ace08
tyheandlz
tyhj2123
tyhrtrfg
tymsegzw
typ793355
typassword
typetype
typing12345
tys79610
tysh827651
tysl7zqb
tysontysontyson
tysq123456
tysq2008
tysq2009
tysq2010
tysqnonecode
tysqtysq
tyswadmin
tyty123456
tyughjbnm
tyui1616
tywiwddl
tyx03158708
tyx041108
tyz912634
tz123456
tz123456789
tz1981oh
tz789456123
tzf198599
tztztz520
tzw123456
u2ctu2ct
u2master
u7894123y
u84hhs49
u87654321
u88688ky
u8ihdtdbsz
uaa8571892
uanun10180515
uarefree
uc6636918
ucanlove
ucdos123
ucdosdir
ucdosdir123
ucdosucdos
ucdoswps
UchihaSasuke
ucvfhplfjg
udb7685533
udbfghy684518
udbgmyau
udbssixc
udbtdkj0046
udbwfn1214
udbyqkhq
Uest12424!
uest89032
ufjsxmnht
UFO123456
ufofxh110
ufuc89su
ufwt35210g
UGAuG55idb
UGAuG55jdb
UGAvF55idb
UGAvG55idb
uglybaby
ugvflrgw
UGVNYWPV
ugvwm19900714
ugx421ed
UHAkG55kec
UHAkG56kec
UHAkH56kec
UHAlG45kec
UHAlG55kec
UHAtG55jec
UHAuG55jeb
UHAuG55jec
uheJigE5x2
ui223966be
ui999000
UIBE971058
uidfnhe26
uieJigE5x2
uieJjgE5x2
uieJjhE522
uieJjhE5x2
uieJjhF522
uifJjhF522
uifKjhF522
uil100814
uilelgnoij
uinoal98
uiopг╗lkj
uiop7890
uiophjkl
uiopuiop
uIS9Jdgysn
uIS9Jdgzsn
uIS9Zdgysn
uIT9Jdgzsn
uiui88888
uiui9999
uiur57gpjf
ujfKkjF511
ujfKkjG511
ujgKkjG511
uJS9Zdgyrn
uJS9Zdgysn
UJYKUIMK
uk1390549
ukgLkjG511
ukgLkkG511
ukii5wy7i9oty@12
Uknow0206
uknow19860206
ukz2s784
UL4ugnxe
uljihige
uljxycyygy0304
ultfqquk
ULTRAMAN
ulwfnhzw
ulyygyia
umbreve9
uncoverwheat
undeadbird
understand
unfunway
unilever
Unilever123
Unilevero86
unionlee
unis000938
uniswiwi
Univ0003
UNIVERSE
unualibm
uowe1982
uoyevoli
uplooking
upsilon2
uptowngirl
uqac13ina
uqacchin159
uqacchina159
uranus22
urwelcome
usa911624055
usachina
usana2009
usc585653
User1234
User@123
userisfw
userlist
userpass
USERuser
userysyt
uSK4Q9crli
uSK5Q9crli
uSK5R9crli
uSK5R9csli
uSK5Racsli
uSK5Racsmi
ustc2008
ustcneu2
ustcustc
utadahikaru
UTSTARCOM
uu123123
uu123456
uu76123456
uumaster
uuseebbs
uuuiiijk
uuuuuuuu
uuuuuuuuu
uw44cxod
uweihai001
uyghlidt
uytrewq$#@
v11992717
v1234567
v12345678
v123456789
v1276998991
v17987495
v2004f600
v2123123
v23432434
v37668887
v5201314
v5b466d5
v654321X
v7234500
V770302jh
v7x1m2f5
v88472799
V9B=CDQQ
vacheron.1775
vagaa.com
vagabond
vaibvcid
vailla1986
valenhsu
valkyrie
vanbasten
vancouver
vanguard
vanquish
vastvast
vb123456
vb1hx50r
vbluev007
vbv86hvb7p
vbvbipnu
vc123456
vc74bplp
vcy003ok
vdskz548
vegetable
vegovego
venividivici
venns12345
venus123
venusvenus
VeraVera
veritas@425726
verlorkk
vermouth
veronica1
versace238
vertarmy
very.happy
very123456
very21333
verycool
veryhappy
verynice
VERYstrong1978
veryvery
verywell
veta121082
vg00037k
vh851144
VHAkH56kfc
VHAtG55jec
VHAtH55jec
VHBtH55jec
VHBtH56jec
vhj761231
vhtpc4600
VI8838478
Vian2829460
VIBsH56kec
VIBtH56jec
VIBtH56kec
VIBtH56kfc
VIBtH56lfc
vic198169
vicente800
vicente_800
vicki0312
vicki312
vicki8174
vickiweiwei
vicky123
vicky1986
vicky520
vicky521
vickyvicky
vickyVICKY00123
vickywang
victo4007
victor123
victor3125
victor67
victorxyn
victory123
victoryun
vicyflower916
viewgood
vifKjhF522
vifKjiF522
vikkiyy5201314
vinawong
vince839
VINCECARTER
vincent1890
violacd498008
violinsoul
vip00852
VIP1104lww
vip123456
vip780504
vipvipvip
vir3yubx75
virtuous
virus001
viscount
visibleself
vision119119
visionaaa111
vislecaina
vista2008
vista2009
visualbasic
vitaminc.
vitas99520
vitavita
vityankeewong11
viva2001
vivaitalia
VIVALAVIDA
vivi123456
vivi1982
vivi1984
vivi1986
vivi1988020800
vivi7111779
vivian0660
vivian11
vivian11261026
vivian123
vivian13
vivian22
vivian3289
vivian520
vivian77
vivian99
viviandmm
vivianlee
vivianvivian
vivianwang
vivianwen
vivicente800
vivichen
vividx830780
vivienne
viviji3781153
vivivivi
viyaviya
vjfKjiF522
vjfKjiG522
vjfLjiG522
vjfLkiG522
vjgLkiG522
vjgLkiH522
vjgLkiH523
vJR8Ydfxrm
vJR8Ydfyrm
vJR8Ydgyrm
vJR8Zdgyrn
vJR9Zdgyrn
vJS9Zdgyrn
vk5641dj
vkgLlkG511
vkgLlkH511
vkgMlkH521
vkgMlkH522
vkjsqjuggmr
vlgMlkH522
vlhMlkH522
vlhMllH522
vnvn77777
vnzb4391
vocabulary
vol84516
voldemort
voliarting
volkswagen
volvofm12
vonflores
vongsiaoli
vorreieuro
voxqibaby
vq123123
vRJ4P9brkh
vRJ4Q9brkh
vRJ4Q9brlh
vRJ4Q9brli
vsnoon123
vsong5588
vtetdafvke
vtethpyd
vurlorkk
vv123456
vv198784
vv198811vv
vv428482
vv5201314
vv810717yj
vvbbnnmm
vvjj4832
vvv654987
vvvv1111
vvvv1234
vvvvvvvvv
vvvvvvvvvv
vvvvvvvvvvvvvvvv
vwk9r4.com
vZR8Ydfxrm
W!X@C#D$
W#P^w3p6
w0000000
w00000000
w0123456
w0169222
w08203216
w09d01u16
w100075100075
w1111111
w11111111
w111111111
w1120305zy
w11223344
w12021202
w123321w
w123456j
w123456s
w1234w1234
w13616136
w13810496555
w176122394
w178yingxiao
w1908000
w1980313w
w19811014
w19821010
w1982920
w19831529
w1983l08m08
w19850920y
w19870901c
w1989p1019
w1a2n3g4
w1a9n8g1
w1q1a1z1
w1s23m45
w1w2w3qqq
w1w2w3w4
w20040523
w20090729
w22222222w
w2g5e7x7
w30l11p26
w31415926
w33e44tt
w3517mee
w3710160
w3757334
W421HCOM24421
w4932700c
w4enxun1
w4tingshuide
w51680797
w5215241
w55201314
w5659007
w58369837
w5895292
w601005227712
w6343281
w6737218
w6y2j4503
w719n511
w7460181
w750512790922w
w75464623
w7654321
w7758258
w7758520
w7777777
w7862873
w810wj327j
w811206q
w8582830
w860624h
w8717431
w87475225
w8752889
w8932571
w89sdhfhj4930
w9291986
w939968525
w93t82yht
w9700357
w993939w
w99c7834
w_198555
wa&(79er
wa009988wa
wa12345678
wa123456789
wa12erfsaetgaseg
wa19741130
wa198019
wa73821419..
wa771314
waam914803
wab1230456
wabaobao1314
wabbmmlg1314
wabbrrhswj
wabbwabb
wabc987654321
wabmherhu
wabxh123
wacc1314
wacos123
waderworld
wadswads
wafeifei
waff1314
waffenss
wahaha123
wahaha277
wahahaha
wahh1314
wahpwahp
wahxbahilu0k
waidiannao
waiguoyu
wailaopo
waini1314ok
wainiwaini
wait01234
wait4you
waitforme
waitforyou
waiting123
waiting4u
waitingfor
waitingforyou
waitingfox
waitlove
waitting
waiwai520
waiwxll19850521
waixingren
waizhangyan
wajkyl826139
wajxssss
wakakakakaka
wakinchau
wakkx913
walf226603
walhywashy
walj1314
walkalone
walker112
walkonby
wall1314
wallace1
wallace1130
wallpal1
wallsound
wallwall
walnbq888
walp1314
walundiluo
walwshlt
wAly1314
walyr2007
walyywnwzj
waMD123456
WAMM1314
Wamm2005
wammwamm
wan100200
wan111581
wan12345
wan3231317
wan520520
wan527511
wan5455229
wan62458712
wan751129
wan7878728
wanahu184
wanbaolu
wancheng
wanderer
wanderful
wandering
wandermiss
wandou150197
waner521
wang0000
WANG000000
wang010203
wang0110
wang0115
wang0123
Wang0125
wang0217
wang0220
wang0315
wang0401
wang0411
wang0608
wang0716
wang0720
wang0818
wang08823
wang0909
wang0987
wang100200
wang1006
wang1007
wang1010
wang1011
wang1012
wang1013
wang1014
wang1015
wang1016
wang1020
wang1021
wang1022j
wang1023
wang1024
wang1025
wang1026
wang1027
wang1101
wang1111
wang111111
wang1119
wang1120
wang1122
wang112233
wang1123
wang1124
Wang1125
wang1126
wang1128
wang1204
wang1205
wang1206
wang1207
wang1208
wang1210
wang1211
wang1212
wang1213
wang1213626
wang1215
wang1216
wang1217
wang1219
wang1220
wang1224
wang1225
Wang1226
wang1227
wang1228
wang1229
wang123.
wang1230
wang1230.
wang1231
wang123124
wang123321
wanG123456
wang1234567
wang12345678
WANG123456789
wang1234567890
wang123654
WANG123WANG
wang13101141
wang13579
wang1452
wang147258
wang147258369
wang159357
wang1688
wang1963
wang1966
wang1969
wang1970
wang1972
wang1974
wang1975
wang1976
wang1977
wang1977124
wang1978
WANG1979
wang1980
wang19801224
wang1981
wang1982
wang1983
wang1984
wang19840515
wang19841018
wang198527
wang1988218
wang1989wang
wang1991
wang1992
wang1997
wang1998
wang2000
wang2001
wang2002
wang2003
wang2004
wang2005
wang2006
wang2007
wang2009
wang2010
wang201314
wang2729
wang31415926
wang315600
wang318097
wang3333
wang350452563
wang450516
wang4510
wang456789
wang4585
wang520520
wang534386.
wang546607
wang5566
wang5678
wang580422
wang589589
wang6188
wang65391141
wang654321
wang6562
wang666661g
WANG666666
wang6688
wang697095
wang75798081
wang7788
wang811227
wang820121
wang830327
wang841219
wang850912
wang8512154251
wang85324
wang85736963
wang860116
wang880710
wang886058
wang8888
wang888888
wang8899
wang8dan
wang9264
wang9294
wang932936
wang9353
wang961129
wang@123
wang@1980
wang_130
wang_gongshang
wangaijun
wanganqi
WANGBA31
wangbadan111
WANGBADANG
wangbaolei
wangbaoqi
wangbeibei
wangbiao
wangbin123
wangbin840728
wangbinbin
wangbingxiao
wangbo123
wangbo520
wangbo521
wangbobo
wangboyu
wangbuliao
wangcaiyun881024
wangchan
wangchang
wangchangpei
wangchen123
wangchenchen
wangchengsnd
wangchenxi
wangchi617
wangchong
wangchuan
wangchuang
wangchun
wangchunanqusi8
wangchunhua
WANGCHUNLI
wangchunlin
wangchunxia
wangchunyan
wangchunyu
wangcuicui
wangdafa
wangdahai
wangdahu
wangdali
wangdan1
wangdan123
wangdan124
wangdan520
wangdapeng
wangdawei
wangdaye
wangddye
wangdean
wangdeli
wangdelong
wangdezhou
wangdi1020
wangdian
wangdian2009
wangdiao
wangding
wangdong1234
wangdongcheng
wangdongli
wangdongyang
wangfaju
wangfang123
wangfang520
wangfangfang
wangfei1
wangfei1023
WANGfei520
wangfei521
wangfeifei
wangfeng123
wangfeng521
wangfeng98029
wangfujie
wangfujun
wangfuqiang
wanggang77
wangge123
wanggeng
wanggong
wanggougo
wangguan
wangguang
wangguangyu
wangguanyu888
wangguodong
wangguohua
wangguolong
wangguoqing
wangguotian
wangguowei
wanghabcx
wanghai119
wanghai123
wanghai8487
wanghaibin
WANGHAIBO
wanghaifeng
wanghaijiao
wanghaijuan
wanghaijun
wanghaili
wanghailong
wanghaipeng
wanghairong
wanghaitao
wanghaiwei
wanghaixia
wanghaiyang
wanghaiying
wanghaiyu
wanghan123
wanghang
wanghangwh
wanghanq
wanghao1
wanghao1988
wanghao2008
wanghao520
wanghaodang
wanghaohao
wanghaojie
wanghaonan
wanghaoran
wanghaowen
wanghaoyu
wanghb1024
wanghejiayou
wangheng
wanghong123
wanghongbo
wanghongfei
wanghongjun
wanghongli
wanghongtao
wanghongwei
wanghongxia
wanghongxu
wanghongyan
wanghongyu
wanghongyuan
wanghu123
wanghua123
wanghuai
wanghuaiyu
wanghuan12
wanghuan123
wanghui1
wanghui520
wanghui521
wanghuihui
wanghuijuan
wanghuijun
wanghuilan
wanghuili
wanghuimin
wangji119
wangji123
wangJI1314
wangji2009
wangji2323223
WANGJI520
wangji521
WANGJIA123
wangjia19821014
WANGJIA520
wangjiahui
wangjiajia
wangjiajie
wangjiajun
wangjiale
wangjialei
wangjiali
wangjialin
wangjialong
wangjialu
wangjiaming
wangjian6006
wangjianan
wangjianbin
wangjianbo
wangjianfei
wangjianfeng
wangjiang
wangjianhui
wangjianing
wangjianli
wangjianming
wangjianq
wangjianwei
wangjianxin
wangjianye
wangjiaoyan
wangjiaqi
wangjiarui
wangjiawei
wangjiaxin
wangjiayi
wangjiayu
wangjiba
WANGJICHAO
wangjie1
wangjie520
wangjie521
wangjifeng
WANGJIGUOQU
wangjihua
wangjilong
wangjimima
wangjin0713
WANGJIN123
wangjin15888
wangjinbao
wangjinbo
wangjing0717
wangjing1314
wangjing28
wangjing520
WANGJING521
wangjing794178
wangjingbo
wangjinghui
wangjingjing
wangjingls
wangjingshan
wangjingwei
wangjingwen
wangjingyan
wangjingyi
wangjingyu
wangjinhua
wangjinhui
wangjinjin
wangjinling
wangjinlong
wangjinpeng
wangjintao
wangjinwei
wangjinwen
wangjinxin
wangjinyu
wangjiong
wangjita
WANGJIWANGJI
wangjiwei
wangjixing
wangjiyiqie
wangjiyuan
wangjj144
wangju1988
wangjuan520
WANGJUANJUAN
wangjucaifu
wangjun0112
wangjun1
wangjun123456
wangjun520
wangjun521
wangjunbo5566
wangjunfeng
wangjunhui
wangjunjie
wangjunjun
wangjunli
wangjunwei
wangjunxia
wangjunyi
wangjunyu
wangjuxiang
WANGKAI123
wangkaikai03
wangkaixin
wangkaixiwkx6
wangkaixiwkxwkx
wangkelly
wangking
wangkuan
wangkun123
wangkunwu
wanglan797140
wanglang
wanglanlan
WangLaoJi
wanglaowu
wangle0914
wangle123
wangleba
wangleehom
wanglei1
wanglei520
wanglei521
wanglei81
wangleilei
wanglele
wanglemima
wangleni
wangleta
wangli123456
wangli1987
wangli2046
wangli323211
wangli520
wangli5201314
wangli521
wanglian
wanglianchao
wanglibin
wanglibo
wanglidong
wanglifei
wanglifeng
wangligao
wangliguo
wanglihong
wanglihui
wanglijia
wanglijie
wanglijing
wanglijun
wanglikun
wanglimei
wanglimin
wangliming
wanglin123
wanglin2008
wanglin521
wanglina
WANGling520
wanglingfeng
wanglingling
wanglinlin
wangliping
wangliqiang
wangliu1
wangliwangli
wangliwei
wangliwen
wanglixia
wanglixiao
wanglixin
wangliying
wangliyuan
wanglizhi
wanglj624
WANGLONG
wanglong123
wanglove
wanglu123
wanglulu
wanglulu1987
wanglunzhu
wangluobu
wangluomima
wangluotg
wangluww
wangluyao
wanglv123
wangmanli
wangmei520
wangmeili
wangmeiling
wangmeiyan
wangmeizhu
wangmeng123
wangmengjie
wangmian
wangmiao
wangmin123
wangming123
wangminghui
wangmingli
wangmingming
wangmingxin
wangmingyu
wangminmin
wangna1986
wangna520
wangnan123
wangnan520
wangnana
wangneng
wangnenghao88925
wangnian
wangning1095
wangning123
wangning26
wangpang
wangpeipei
wangpeng123
wangpengyu
wangping520
wangpu2001
wangqi123
wangqi520
wangqian49
wangqian520
wangqian521
wangqian7071314
wangqiangsidiao
wangqianqian
WangQianyu
wangqiao
wangqiming
wangqing123
wangqing520
wangqinghua
wangqingjun
wangqingyu
wangqingzyx
wangqinlan
wangqinqin
wangqiong
wangqiqi
wangqiu517
wangqiu7355
wangqiushi
wangqiushi8798
wangqiuying
wangqiuyu
wangqiwei
wangqiwen
wangquan
wangrenhua
wangrenjun
wangrui123
wangrui520
wangruifeng
wangruiqi
wangruoqi
wangruoting
wangruoyu
wangsantao
wangshang
wangshanshan
wangshao
wangshaohu
wangshasha
wangshen
wangsheng26
wangshichao
wangshijie
wangshijun
wangshili
wangshilong7310
wangshiqi
wangshiqiang
wangshirufeng
wangshiruyan
wangshisuifeng
WangShiwei
wangshiwen
wangshiying
wangshiyu
WANGSHUAI
wangshuai520
wangshuhui
wangshui
wangshujie
wangshujun
wangshulin
wangshun
wangshuqi
wangshuyi
wangshuyu
wangshz@19851124
wangsijia
wangsijie
wangsiqi
WANGSISI
wangsiwei
wangsiwen
wangsiyao
wangsiyi
wangsiyu
wangsiyuan
wangslfsy
wangsujuan
wangsuming
wangtalent84
wangtang
Wangtao520
wangtao521
wangtaowoaini
wangteng
wangtian
wangtian0111
wangtianqi
wangtianya
wangtianyi
wangtianyu
WANGTIEJUN
wangting5188
wangting520
wangtingting
wangtong
wangwang000
wangwang123
WANGWANG1980
wangwang512
wangwang521
wangwangbao
wangwangwang
wangwanxin
wangwei0820202
wangwei1
wangwei11
wangwei110
wangwei123456
wangwei1981
wangwei1985
wangwei1989
wangwei521
wangweidong
wangweifeng
wangweihua
wangweijia
wangweijie
wangweijun
wangweili
wangweimin
wangweina
wangweinan
wangweiqi
wangweishen
wangweiwei
wangweixi
wangweiyi
wangwen0919
wangwenbin
wangwenbo
WANGWENCHAO
WANGWENFEI
wangwenhua
wangwenhui
wangwenjie
wangwenjing
wangwenjuan
wangwenjun
wangwenli
wangwenqing
wangwentao
wangwenting
wangwenwen
wangwenyan
wangxhsd
wangxi123
WANGXIAN
wangxiangyu
wangxiao123
wangxiaobing
wangxiaobo
wangxiaochen
wangxiaodan
wangxiaodong
wangxiaoer
wangxiaofang
wangxiaofei
wangxiaofeng
wangxiaohu
wangxiaohua
wangxiaohui
wangxiaojie
wangxiaojing
wangxiaojun
wangxiaokun
wangxiaolei
wangxiaoli
wangxiaolin
wangxiaoling
wangxiaolong
wangxiaolu
wangxiaomao
wangxiaomei
wangxiaomin
wangxiaoming
wangxiaona
WANGXIAOPING
wangxiaoqian
WANGXIAOQING
wangxiaowei
wangxiaowen
wangxiaowu
wangxiaoxi
wangxiaoxia
wangxiaoxian
wangxiaoxiao
wangxiaoxu
wangxiaoya
wangxiaoyan
wangxiaoyang
wangxiaoyi
wangxiaoying
wangxiaoyong
wangxibo
WANGXIJUN
wangxin1
wangxin123456
wangxin520
wangxin521
wangxingyu
wangxinhua
wangxinjie
wangxinkai
wangxinli
wangxinling
wangxinqi
wangxinrong
wangxinwei
wangxinxin
wangxinyan
WangXinYi
wangxinying
wangxinyu
wangxinyue
wangxiong
wangxitao
wangxiujuan
wangxiujun
wangxiuli
wangxiwen
wangxixi
wangxiyuan
wangxizhi
wangxu123
wangxuan
wangxuanzi
wangxudong
wangxue123
wangxue521
wangxuefe
WANGXUEFEI
wangxuefeng
wangxuelei
wangxuemei
wangxuewei
wangxueyan
wangxueying
wangyadong
wangyafang
wangyafei
wangyahui
wangyajie
wangyajing
wangyajuan
wangyajun
wangyali
wangyaming
wangyan1
wangyan123456
wangyan1981
wangyan520
wangyanbo
wangyanchao
wangyaner
wangyanfei
wangyang12
wangyang521
wangyanhong
wangyanhua
wangyanhui
wangyanjie
wangyanjun
wangyanli
wangyanling
wangyanlong
WangYanMei
wangyanni
wangyanqi
wangyanqing
wangyanqing86
wangyanwangyan
wangyanxia
wangyanyan
wangyanyinger
wangyao123
wangyaping
wangyaqi
WANGyating
wangyawei
wangye5521
wangyi123
wangyi163
wangyi1988
wangyi2008
wangyi520
wangyi521
wangyibing
wangyibo
wangyicheng
wangyifan
wangyifei
wangyifeng
wangyihan
wangyihao
wangyijie
wangyijun
wangyilin
WANGYIMING
wangyin0621
wangyinan
wangying0432
wangying123
wangying1986
WangYing520
wangying521
wangyinghui
wangyingjie
wangyingnan
wangyingni
wangyingying
wangyinuo
wangyipeng
wangyiqing
wangyiran
wangyiwei
wangyiwen
wangyixian
wangyixin
wangyixuan
wangyiyu
wangyizhaodao1
wangyong123
wangyongli
wangyongna
wangyongsheng
wangyongwei
wangyoucao
wangyouwei
Wangytong
wangyu1314
wangyu520
wangyu521
wangyuan0
wangyuanyuan
wangyubao
wangyubin
wangyubo
wangyuchao
wangyuchen
wangyucheng
wangyudong
WangYue0515
WANGYUE1
wangyue123
wangyuehui
wangyueli
wangyuexin
wangyufan
wangyufang
wangyufang00
wangyufei
wangyufeng
wangyufu
wangyuguang
wangyuhan
wangyuhang
wangyuhao
wangyuhong
wangyujia
wangyujiao
wangyujie
wangyujing
wangyujue
wangyujun
wangyuliang
wangyulin
wangyuling
wangyulong
WANGYUMENG
wangyuming
wangyunfei
wangyunfeng
wangyunlong
wangyupeng
wangyuqi
wangyuqin
wangyuqing
wangyushan
wangyuting
wangyuwangyu
wangyuwei
wangyuxi
wangyuxian
wangyuxin
wangyuxuan
wangyuyang
wangyuyu
wangyuzi
wangzeng
wangzeyu
wangzhan
wangzhang
wangzhao
wangzhe123
wangzheguilai
wangzhen123
wangzheng123
wangzhenhua
wangzhenyu
wangzhenzhen
wangzhibin
wangzhichao
wangzhicheng
wangzhigang
wangzhiguo
wangzhihao
wangzhihong
wangzhihui
WangZhiJie
wangzhijun
wangzhili
wangzhilin
wangzhimin
wangzhipeng
wangzhiping
wangzhiwei
wangzhiwen
wangzhixin
wangzhiyang
WANGZHIYONG
wangzhiyu
wangzhong
wangzhou
wangzhuang
wangzhuo
wangzi123
wangzi520
wangzi521
wangzi86
wangzifeng
wangzihan
wangzihan888
wangzihao
wangzijian
wangzijun
wangzilong
wangziming
wangzinan
wangziqi
wangziwei
wangzixi
wangzixian
wangzixuan
wangziyan
wangziyang
wangziyi
wangziyu
wangziyue
wangzong
wangzyht
wangzznn
wani1314
wanjxlsadm
wankof99
WANKWANK
wanli123
wanliang
wanlixing
wanliyuxiao
wanlp1314
wanmei123
wanmeishenghuo
wanmeishijie
wanqiang
wanqiwen
wanrenmi
wansandqinra
wansandqinre
wanshang
wansheng
wanshi871234
wanshiruyi
wanshuai198202
wansijie
Want2005
wantgirl
wantxwan33
wanwan123
wanwan520
wanwan5200
wanwan521
wanwan7005
wanwanwan
wanwhr1314
wanxiang
wanxuejiaoyu
wanyi668
wanzheng
wanzhengyin
wanzhong
wanzhuan
wanzi1986
wanzi421115
waq963528417
waqq6599
waqwaq1314
warcraft3
warmblue
wasaidashu
wasam888
wasd1234
wasd603729
wasgodgg
wash1314
Washington
wassssaw
Watchdog
water123
water1234
water1981
water2008
water321
water520
water521
waterboy
waterfire
waterfish
waterfly
waterlily
waterloo
waterman
watermark
watermoon
waternocean58420
watersky
waterstar
waterstart
waterwater
waterwood
watll1982
watls456852
watngsjyundi
wavewave
wawa123456
wawalian
wawdbbmm
wawj0128
wawj1314
wawjwawj
wawzj1314
waxberry
waxhc769x
waxjlwaxjl
waxq424325
waxq520614
waxx1314
waxxwaxx
waxy1314
waynebing
waynelong
waynerooney
waynewayne
wayqq108
wayy112!
WAYY1314
wayywayy
wazc1314
wazch1314
wazctgaw
WAZHRMGHG
wazj1314
wazwhh127
wazx1314
wazxqdwx
wb123456789
wb13472287762y
wb19860521
wb337053
wb5201314
wb873780
wbcq2003
wbflywbfly
wbwbwbwb
wbxrnmzdwdmm
wc111111
wc123123
Wc123456
wc123456789
wc5201314
wcaonima
wccep2002
wcf851225
wcg12345
wcg860303
wch101815
wch123456
wch123456789
wchwoaini
wcj12315114558
wcj123456
wcl5201314
wcl=790313
wcm51628
wcmm66226
wcnmgtwq
wcnmwcnm
wcsz1980
wcw1987226
wcw200045
wcwcwcwc
wcy123456
wcy13928788869
wcywcywcy
wczhersunny
wd*7s8x?
wd123123
wd123654
wd1314520
wd230026
wd81wd81
wd861125
wd8903161512
wda13665775141
WDAZWLNCZ
wdazwncz
wdbb8888
wdd123456
wdd9930910
wddongfeihu
wddptwd357
wddzyjxxzh
wdelaopo
wdf123456
wdf5201116
wdf6891116
wdfawdfa
wdg19801231
wdh753159
wdhlogin
wdhsr520
wdj19851026gyt
wdjideal
wdkbg750326
wdl123456
wdmcwfcidtf
wdmmnbzd
WDmms123
wdmms519
wdmmshitf
wdmmwdmm
wdmmzywzd
wdmzshyx
wdmzsjilin
wdnqt055
wdq123wdq
wdq315411
wdqswdqs
wdqwdq123
wdqwdq321
wdrq9196
wds123456
wds20070811
wdsrs72n
wdszds234
wdt123456
wdtc8031
wdw013856
wdw12310
wdy123456
wdyyu0134
wdza121457
WDZHMYMM
we111111111
we1234998
we456456
wearegood
wearehappy
weareone
wearethebest
wearetheone
wearetheworld
weareyou
weasel28
web12345
web123456
web12345678
web989898
webgle2009
webthing
webwebweb
weddream
weds198201
weemote2621
weepingfish82
weh1364k
weh998800
wei113113
wei123123
wei12345
wei1314521
wei19821003
wei198600
wei4_xin
wei520520
wei5211314
wei7758521
wei811006
wei819915
wei850510
weiaijing
weiaini+-*/07
weiaiwei
weibo123
weicai88
weichang
weichen520
weicheng
weichong
weichuan
weiclaire
weicuiping
weidabudiao
weidadao
weidadelb860221
weiduaini
weifeng123
weifenjie
weig2dang
weiguang
weihaijun
weihaiyan
weihaiyunqing
weihejia
weihong.
weiiminn
weijiajia
weijianfei
weijiang
weijiaqi
weijiaqing
weijinfeng
weijing123
weijishi
weilanying
weileshui
weili520
weiliang
weilihua
weilijie
weilijun
weiminghu
weiminwoo
weinierlai
weinihaoma
weiniqidao
weinixieshi
weinixiong
weioumei2008
weioumei2009
weiqinan
weiqiong
weiqizhou
weirdkiss
weirenminfuwu
weiruinan
weisheng
weishengjin
weishenm
weishenme1
weishenmea
weishenmene
weishenmo
weishuai
weishuang
weisiyuan
weitao123
weiwei00
weiwei0108
weiwei051118
weiwei0828
weiwei11
weiwei1126
weiwei1234
weiwei123456
weiwei1314
weiwei168
weiwei1982
weiwei1983
weiwei1984
weiwei1985
weiwei1986
weiwei22
weiwei712
weiwei77
weiwei83
weiwei88
weiwei911
WEIWEI917
weiweiai
weiweiaini
weiweian
weiweibaobao
weiweide
weiweidounai
weiweilin
weiweishiwo
weiweiweiwei
weiweixiao
weiweiyixiao
weiweiyu
weiwoaini
weiwoduzun
weixiang
WEIxiangrikui
weixiao123
weixiao520
weixiaobao
weixiaoli
weixiaoqing
weixiaowei
weixin520
weixinjoy
weixiong
weiy1020
weiyan5519
weiyeandy
weiyi111
weiyi123
weiyi520
weiyideai
weiyideni
weiyisecai
weiyongfeng007lc
weiyunyin
weizhang
weizhe1985
weizheng
weizhong
weizhuang
welcome..
welcome007
Welcome1234
Welcome2
welcome2009
welcome8
welcome868
welcome88
welcomedearbook
welcomelhs
welcomeme
welcometo
welcomewe
welcomewelcome
welcomeyou
welkinking
well4321
wellcome
welldone
wellgood
wellhope
wellwell
wen12345
wen123456789
wen19890618
wen1jia2bao3
wen=0341
wenaihuali1314
wenchang
wencheng
wenchong
wenchuan
wenchuan512
wendaniu52
wendatesting
wenddy760105
wendoo123
wendy.622.820
wendy123
wendy1234
wendy1982
wendy1983
wendy1986
wendy2009
wendy520
wendy622512
wendy699669
wendy_70
wendychen
wendysday
wendywendy
wenfawang123456
weng1179
weng123456
weng1987
weng723365
wengcheng
wengfeng
wengjian
wengjing
wengling
wenglong
wenguang
wengweng
wengyiyi78
wenhan1988
wenhui5201314
wenjg627
wenjia51420518
wenjiabao
wenjie123
wenjie333
wenjie520
wenjiewen
wenjing123
wenjing1984
wenjing520
wenJING521
wenjipeng
wenjuan1008
wenjuan1984
wenjuan520
wenli520
wenli928
wenliang
wenliyan
wenlov1977
wenlu959
wenni13698003791
wenqiang
wenquxing
wenrou4p
wenrouyidao
wenrui2000
wensheng
wenshu:)
wenshuai
wentin1632
WENTWORTH
wentworthmiller
wenv4meng
wenwei22
wenwen001
wenwen123456
wenwen1314
wenwen1982
wenwen1987
wenwen5239
wenwen911
wenwenwen
wenxiang
wenxianjun
wenxiaolong
wenxinwukui
WENXIONG
wenxiwenxi
wenxuan250858966
wenxuan9449
wenxuecity
wenxueyuan
weny820106
wenyan89
wenYApeiJUN
wenyifan
wenyu131
wenyu520
wenzhang
wenzheng
wenzhong
wenzi520
wer5510033
werewolf
wero823hqwe
wersdfxcv
wertsdfg
werwerwer
wesewq1982
west1234
west8250
westgames
westlake
westpoint
westwest
westwind
WESTWOLF
wewhawiwha
wezyn1260
wf112233
wf1314520
wf198106
wf376872
wf5201314
wf654321
wf68866463
wf780110
wfang198134
wfbql810329
wfclient
wfddwfdd
wfdg6650025
wfdyj2009
wff2284159
wff6785298
wfj458224032960
wfkb963852
wfkbmmqu
wflcm3568
wfnhpynn
wfnydskf
wfr112118
wfsaegsdrhfdj@12
wfshnwq126
wftcjfwh
wfwfwfwf
wfy1984912
wfywfn230
wg123456
wg412425ll
wg5201314
wg8366cn
wgb319620
wgdzh123
wgf123456
wggihggw
wgh123456
wgh19790619
wgh830830
wghsdry5
wgm123456
wgq123456
wgs430wl715
wgs821219
Wgtx1314
wgvfhpusr
wgx123456
wgyxf301
wgzalburni
wgzwjr168
wh123123
wh123456789
wh1314520
wh30213227
wh518akm
wh5201314
Wh5211314
wh850518
wh858160
wh86446152
wh8659835
wh880112
whakm36RJ
whangjij
what0210
what800114
whatareyou
whatcanido
whatisit
whatisjava
whatislove
whatisthis
whatisyourname
whatname
whattime
whatwhat
whatyouname147
whb198373
whbs999999
whcgd199961
whcristy
whctygyh
whd123456
whdxwhdx
whenever
wheneverjo
whengthr123
whenxhwdmima
whenyoubelieve
whereami
whereareyou
whfwhf619
whfylabq
whg77428428
whh123456
whht85363866
whirligig
whirlwind
white123
whitecat
WhiteCloud
whitefox
whitehouse
whitelove
whiterose
whitescar
whitesnow
whitewhite
whitewolf
whj0135790
whj123456
whj198386
whj19861013
whj520630
whjdnssdm
whkeqihb
whl123456
whl198711
whl780112
whllxlwtt
whm121710
whm123456
whm218418
whm780705
who123456
whoajing
whoami//..
whoami12
Whoami123
whoamicpu
whoamidearbook
whoamiii
whoamiwhoami
whoareme
whoismylove
whoiswho
whoknows
wholoveme
whopawho
whosyour
whoyouare
whp02260846
whq123456
whq721102
whqgwhqg
whs123456
whsdjhbwd
wht123456
wht810202
whtnfvf520
whu123456
whueducn
whw!@028
whw83622740
whwgpwhwgp
whwgpxdr8y
whwhwhwh
whxqhnfz
whxttbtnxm
why123123
why12345
why123456
why123456789
why123654
why123why
why23825
why320751
why5201314
whyB8425
whylhy29
whynotplay
whyq5758227
whytshpy
whywhywhy
whz520love
WIBsH56kec
WIBsH66kec
WIBsI66kec
WIBtI56lfd
wicq2008
WICrI66kfc
WICsI66kfc
widec2394
wihkerld
wildbird
wildfire
wildhorse
wildwind
wildwolf
wilh2566
wilinlin
will123456
will1982
will2006
will2008
will86197
willenella
willgate
william123
william1986
william7
willking
willpower
willsmith
willstock1
willwill
wilson4628
wilsondx
win12345
win123456
win805553
win86022236
wina1324
winadmin
wind-cat
wind103099
wind1234
wind162300
wind1668
wind1979
wind1982
wind1984
wind198726
wind2000
wind2002
windancer
windbell
windcloud
windfeng
windflower
windflowers
windforce
windmill
windmoon
window123
window2000
window98
windows0
windows007
windows01
windows11
windows110
windows1234
windows2003
windows2007
windows2009
Windows2010
windows2k
windows36
Windows7
windows76
windows83
windows88
windows888
windows99
windows999
windowsa
windowsdearbook
windowsdir
windowsjjl
windowsme
windowsnt
windowsok
windowsuh
windowsx
windowxp
windpower
windrain
windscwt
windsnow
windson001
windsor521
windstar
windtalker
windwave
windwind
windwing
windwolf
windy123
windy1326
windy870301
windywindy
windzlfyp
winersnakec7
winforever
wing.071
WING1028
wing1981
wing1985117
wing2008
wing2314fly
wing5201314
wing57yao02
wing@167
wingamy86
wingcall
winghost
wingkei912
wingochu
wingwing
wingzero0
winipcfg
winkwink
winmicrosoft
winner0824
winner123
winner2001
winner2008
winner2009
winner99
winnerwinner
winnie123
winnie716
winning11
winshell
winter01
winter12
winter123
winter1988
wintersnow
winwin2008
winwinwin
winxcwinxc
winxiong
winxp13501
winylovedon
winzy027
wira601028
wireless
wirhf525857
wisdom123
wish1314
wish1982
wishwish
wisteria
WIT945DAWN819
witch1031
witch2519
witchgirl
withlove
withoutlove
withoutme
withoutu
withoutyou
withwind
wiwi811122
wj100200
wj1106099hoot
wj111111
wj123123
wj123321
wj1234567
wj12345678
wj1314520
wj133373822
wj161304
wj171717mk
wj19831003
wj198781
wj250320
wj3344520
wj3893818
wj4515168
wj5211314
wj55699827
wj654321
wj730524
wj800519
wj801104
wj851012
WJ91526220
wj979304
wjb123456
wjb6788655123
WJBtI56lfd
wjbzxp780925
wjc123456
wjc19800706
WJCrI66kfc
WJCrI66kfd
WJCtI56lfd
WJCtI57lfd
WJCtI67lgd
wjd101212
wjd123456
wjd6267931
wjdcyr27149
wjdd0123
wjdd312312312
wje322we
wjf123456
wjf623528
wjfuke0451
wjgljwjglj
wjgLkiH523
wjgLkiH623
wjgLkjH623
wjgMkjH623
wjh123456
WJH123456789
wjh132132
wjh3409714
wjh690118
wjh771208
wjh820505
wjh884585
wjh8998agz
wjj00700
wjj123456
wjj19630108
wjj198110
wjj20020521
wjj3910351
wjjlxjn23-ssang
wjl123456
wjl991460
wjloveflower520
wjlwjlwjl
wjm123456
wjm960403
wjn1114125
wjn28ysan
wjp133225
wjpsuihwfn
wjq012786
wjq19820207
wjq419419
wjs123456
wjs36785659
wjsw5945
wjt123456
wjt536968
wjtsly522
wjw123456
wjwj1869
wjwwyp54wjw82654
wjwychao
wjx123456
wjx324ww
WJXIN231
wjy123456
wjy820620
wjyrfylx
wjywawbm
wjywjywjy
wjz123456
wjzgr321
wjzsq12s
wjzzhtgp
wk000000
wk123456
wk5619758
wk78225522
wk787878
wkazukiren721
wkbxldd12271616
wkgMkjH623
wkgMmjH623
wkgMmjI623
wkgMmjI633
wkgNmjI633
wkingsun
wkj123456
wkk0101029
wknhhlq123
wkopmh899659
WKP1125929
wkwkwkkk
wky666777
wl-751103
wl.8203309
wl123123
wl123456789
wl1314520
wl13329869956
wl19851219
wl19880729
wl276434123
wl383123
wl4223179
wl57356729
wl668355
wl800716
wl888888
wl900503
wlazxxqq
wlb26617528
wlc123456789
wlcqxlx89
wlei2300
wlf123456
wlf131366
wlg592713
wlgu24578ega
wlh123456
wlhMllI622
wlhNllI622
wlhNmlI622
wliu5211314
wlj123456
wljc2696110
wljqinqin5240
wljshhdxx
wlk20081103
wll123456
wllg52054513
wlm31312626
wlm7603168
Wln1986Dfl
wlp3228110
wlp3237460
wlq123456
wlq362432
wlq_19851015
wlr2713338
wls123456
wlshwlsh
wltc8934
wltg2010123
wltg2010888
wlwlwlwl
wlx12345
wlx123456
wly123456
wlysln8233880
wlyx2010
wlz1985220
wlz5518971
wm111111
wm123123
wm123456789
wm19925201314
wm520007
wm5201314
wm6108866016
wm6911580
wmdsjhjc
wmdzgshy
wmengf327
wmhNmlI622
wmhNmmJ622
WMJ6336784566
wml1985514
wml200431
wmm19871011
wmnbnbfswan
wmnellen
wmshpynsn
wmsyydf4
wmw211297
wmy981023
wmylove8888
wmz123456
wn123123
wn123456
wn19791979
wndjsj6078251
wnnsj2888999
wnoicjjyjf
wntd781007
wo000000
wo111111
wo112233
wo121984
wo123321
WO12345678
wo123654
wo131131
wo131421
wo1314258
wo1314aini
wo13193602730
wo19891211
wo1ai2ni3
wo258258
wo26260008
wo2ni1314
WO2wojia
wo2xiaona
wo333333
wo33333338
wo3ai4ni3
wo4183336
wo4shaoni4shao
wo4tiancai
wo4xiaozi
wo518518
wo520520
WO5AI2NI0
wo5ai2ni1
wo615615
wo666666
wo668899
wo6ai27ni
wo888888
wo94aini
woai1234
woai15936301998
woai1983
woai1986
woai1987
woai1989
woai2006
woai2009
woai3jing
woai51766
woai5200
woai5566
woai5jia
woai88mama
woai88mm
woaiaiwoderen
woaiamei
woaianan
woaiangel
woaiapple
woaiba1984120816
woaibaba
woaibabamama1314
woaibaby
woaibaixue
woaibama
woaibama123
woaibama1314
woaibaobao1314
woaibaozi
woaibasiteng
woaibbmm
woaibeibei
woaibeida
woaibeijing
woaibeijing123
WOaibenben
woaibibi
woaibinbin
woaibing
woaibingbing
woaibinghuo
woaibobo
woaicaicai
woaicenyao
woaichangge
woaichao
woaichen
woaichenchen
woaichenhj
WOAICHENSHAN
woaichidongxi
woaichiyu
woaichouchou
woaichun
woaichunchun
woaicici
woaicoco
woaicong
woaicsdn
woaicyn2321865
woaiD508!@
woaidabao
woaidada
woaidahai
woaidaidai
woaidajia
woaidajiba
woaidali
woaidami
woaidamimi
woaidanmei
woaidapigu
woaidashu
woaidaxiang
woaidayu
woaidazhi
woaidejiushini
woaideni
woaiderenzaina
woaidiandian
woaidiannao
woaididi
woaiding
woaidingding
woaidingtie
woaidiudiu
woaidjhdjh
woaidong
woaidongdong
woaidongman
woaidoudou
woaiduan
woaidudu
WOAIDUJUAN
woaiduoduo
woaidushu
woaiduxin
woaielva
woaieric
woaierzi
woaiFANFAN
woaifang
woaifangfang
woaifayu
woaifeier
woaifeiji
woaifeng
woaifengfeng
woaiff918k
woaifujia
woaifumu
woaifuxinbo
woaigaga
woaigaoqq
woaigege
woaigigi
woaigogo
woaigongda
woaigougou
woaiguagua
woaiguaiguai
woaiguangzhou
woaigufeng
woaiguoguo
woaiguozhen
woaihaiyan
woaihangeng
woaihanghang
woaihanhan
WOAIHANLU
woaihaofen
woaihaohao
woaihebe
woaihehe
woaihide
woaihong
woaihouzi
woaihs99
woaihuaer
woaihuahua
woaihuan
woaihuang
woaihuanhuan
woaihuazi
woaihudie
woaihuge
woaihuhu
woaihuihui
woaihuiyun
woaihuli
woaiilovenba
woaijack
woaijane
woaijava
woaijayzl
woaijiaju
woaijiang
woaijianjian
woaijiao
woaijiaojiao
woaijiaqi
woaijiaren
woaijiaxiang
woaijiayi
woaijie1314
woaijiejie
woaijielun
woaijiji
woaijing1314
woaijingfen
woaijinjin
woaijipa
woaijiqimao
woaijojo
woaijolin
woaijuan
woaijuanjuan
woaijuanzi
woaijunjun
woaijuzi
woaikafei
Woaikaikai
woaikaka
woaikangkang
woaikangta
woaikeke
woaikele
woaikelei
woaiketing
woaikikyo
woaikimi
woaikobe
woailafang
woailaji
woailala
woailang
woailanlan
woailanqiu
woailanse
woailaoba
woailaoda
woailaogongaiwo
woailaoma
woailaop
woailaopo1
woailaopo123
woailaoshu
woaileilei
woailele
woaili1314
woailian
woailiang
woailiangliang
woailianhua
woailidan
woailigang
woailihong
woailihua
woailihui
woailijia
woailijie
woailijin
woailijing
woailijuan
woailijun
woailike
woaililing
woailily
woailimei
woailiming
woailina
woailindi1982
woailiner
woailing1314
woailingege
woailinger
woailingling
woailiningning
woailinlin
woailinxinru
woailiping
woailiqing
woailisa
woailiudan
woailiudehua
woailiufen
woailiujia
woailiujie
woailiujing
woailiujun
woailiulei
woailiuli
woailiuqi
woailiuqian
woailiuwei
woailiuxu
woailiuyan
woailiuyang
woailiuyu
woailiuyue
woailiwei
woailixi
woailixia
woailixiao
woailixin
woailiyan
woailiyang
woailiying
woailiyu
woailiyuan
woailiyuchun
woailiyue
woailizhen
woailizi
woaill1314
woailong
woailongma
woailulu
woailulu1314
woailuntan
woailuo123
woailuobi
woaimailebuding
woaimama1
woaimama123
woaimama1314
woaimama520
woaimama521
woaimama88
woaimami
woaimanman
woaimaomao
woaimaomi
woaimaozhuxi
woaimayi
woaimei1314
woaimeimei
woaimeiqi
woaimeizi
woaimeng
woaimengmeng
woaimiao
woaimiaomiao
woaimilan
woaimimi
woaimin1314
woaiming
woaimingming
woaiminmin
woaimmbb
woaimoli
woaimomo
woaimoney
woaimonv
woainainai
woainanjing
woainankai
woainannan
woaini0000
woaini001
woaini007
woaini0123
woaini0927
woaini10
WOAINI100
woaini10000
woaini101YAOLEI
woaini1020
woaini1125
woaini119
woaini125
WOAINI1314521
woaini1314@
woaini134
woaini139
woaini14
woaini1413
woaini168
woaini18
woaini1908guomi
woaini1978
woaini1981
woaini1982
WOAINI1983
woaini1984
WOAINI1985
woaini19861128
woaini1990
woaini1999
woaini20
woaini2000
woaini2005
woaini2006
woaini2007
WOaini2009
WOAINI2010
woaini21
woaini22
woaini23
woaini299
woaini312
woaini33
woaini333
woaini421
woaini503
woaini5200
woaini521@
woaini527
woaini555
woaini654321
woaini66
woaini666
woaini71
woaini77
woaini777
woaini78
Woaini80
woaini86
woaini880911
woaini8888
woaini921
woaini9999
woaini``1
woainia123
woainiai
woainiaini
woainiaiwo
woainiao
woainiba
woainibaba
woainibabamama
woainibaby
woainibao
WOAINIBB
woainibin
woainibulaha
woainicai
woainicc
woainichao
woainichen
woainicm
woainicy
woainidaijing
woainidao
woainide
woainidearbook
woainidong
woainierzi
woainifan
woainifang
woainifei
WOAINIFENG
woainiff
woainigege
woainiguo
woainiha
woainihaha
woainihan
woainihao
woainihehe
woainihh
woainihong
woainihua
woainijay
woainijian
woainijiao
woainijingjing
woainijj
woainikai
woainike
woainikk
woainila
woainilan
woainilanlan
woainilaop
woainile
woainilei
woainilele
woainilili
woainilin
woainilina
woainiliu
woainilj
woainill
woainilm
woainilong
woainilove
woainilp
woainilr
woainils
woainily
woainilz
woainima1
woainima?
woainime
woainimei
woainimeimei
woainimin
woainiming
woainimj
woainina
woaininan
woaininana
woaining
woainingning
woainini
woaininine
woainiok
woainioo
woainiping
woainipp
woainiqi
woainiqian
woainiqing
woainiqiqi
woainiqiu
woainisa
woainishan
woainishou
woainisj
woainisong
woainiss
woainitianya
woainitoo
woainiuniu
woainiweiwei
woainiwen
woainiwj
woainiwo
woainiwoai
woainiwodejia
woainiwq
woainiwu
woainiwutong
woainiww
woainiwy
woainixia
woainixian
woainixiao
woainixiaoxin
woainixiaoyu
woainixixi
woainixm
woainixu
woainixx
woainixxx
woainixy
woainiyangjia
woainiye
woainiyi
woainiyj
woainiyl
woainiyongyuan
woainiysys
woainiyuan
woainiyue
woainiyun
woainiyy
woainizdma
woainizhen
woainizhende
woainizhongguo
woainizhu
woainizhuzhu
woainizj
woainizjj
woainizl
woainizm
woainizp
woainizq
woainizx
woainizy
woainjnj
woainokia
woainver
woainvhai
woainvren
woaiorange
woaiowen
woaipangpang
woaipanpan
woaipaopao
woaipeipei
woaipeng
woaipengpeng
woaiping
woaipingping
woaipipi
woaiplmm
woaiprogram
woaipupu
woaiqi2222
woaiqian1314
woaiqiang
woaiqianqian
woaiqiji
woaiqing
woaiqingqing
woaiqinna
woaiqinqin
woaiqiqi
woaiqiuqiu
woaiqq1314
woaiquan
woaiqunan
woairain
woairanran
woairenli
woairenminbi
woairimnm
woairong
woairuirui
woaisammi
woaisansan
woaishan
woaishang
woaishangwang
woaishangwenjie
woaishanshan
woaishasha
woaisheia
woaishen
woaishenghuo
woaishenhua
woaishenqi
woaishifen
WOAISHIJIE
woaishishi
woaishuang
woaishuia
woaishuine
woaisini
woaisinila
woaisisi
woaisiyuan
woaisong
woaisudan
woaisunshine
woaisunyan
woaisunyanzi
woaisusu
WOAISUXING
woaita5201314
woaitang
woaitangtang
WOAITAOTAO
woaitaozi
woaitian
woaitianqian
woaitianshi
woaitiantian
woaitianya
woaitianyu
woaitiaowu
woaitingfeng
woaitong
woaitongtong
woaitt1314
woaitudou
woaitutu
woaituzi
woaitvxq
woaitwins
woaivivi
woaivv312
woaiwang
woaiwangdan
woaiwangfei
woaiwangguo
woaiwanghui
woaiwangjian
woaiwangjing
woaiwangjuan
woaiwangli
woaiwangna
woaiwangwei
WOAIWANGWOAIWANG
woaiwangxi
WOAIWANGXIN
woaiwangxue
woaiwangyan
woaiwangyi
woaiwangying
woaiwangyu
woaiwanli
woaiwawa
woaiweichen
woaiweilai
woaiwen520
woaiwenli
woaiwenwen
woaiwenzi
woaiwo123
woaiwo1314
woaiwo525
woaiwoai
woaiwoaiwoai
woaiwoba
woaiwobama
woaiwode
woaiwodebabamama
woaiwodebaobei
woaiwodejiaren
woaiwodelaopo
woaiwodemama
woAIwoJIa.
woaiwojia...
woaiwojia0
woaiwojia1
woaiwojia110
woaiwojia1209
woaiwojia1234
woaiwojia1983
woaiwojia1984
woaiwojia1986
woaiwojia1987
woaiwojia1988
woaiwojia2008
woaiwojia2009
woaiwojia5
woaiwojia753
woaiwojia88
woaiwojia888
woaiwojia99
woaiwojia999
woaiwojiaa
woaiwojiaren
woaiwolaop
woaiwolp
woaiwoma
woaiwomama
woaiwoqi
woaiwoxifu
woaiwoziji520
woaiwp32
woaiwp42
woaiwukong
woaiwuli
woaiwuyan
woaiwuyu
woaixian
woaixiang
woaixiao
woaixiaobai
woaixiaobao
woaixiaocao
woaixiaohan
WOAIXIAOHEI
woaixiaohong
woaixiaohui
woaixiaoji
woaixiaojie
woaixiaojing
woaixiaoli
woaixiaolong
woaixiaolu
woaixiaomao
woaixiaomei
woaixiaomin
woaixiaoming
woaixiaona
woaixiaoqi
woaixiaoqin
woaixiaowangshu
woaixiaowei
woaixiaoxia
woaixiaoxiao
woaixiaoxin
WOAIXIAOXIONG
woaixiaoxue
woaixiaoya
woaixiaoyan
woaixiaoyao
woaixiaoyi
woaixiaozhu
woaixiatian
woaixiaxia
woaixiayutian
woaixiei
woaixiena
woaixigua
woaixing
woaixingxing
woaixinxin
WOAIXINXIN1314
woaixinyu
woaixiong
woaixiuxiu
woaixixi
woaixizang
WOAIXIZAO
woaixuan
woaixuanxuan
woaixueer
woaixuejun
woaixuewei
woaixuex
woaixuexi
woaixujing
woaixuyan
woaiyali
woaiyan1314
woaiyanan
woaiyaner
woaiyangguang
woaiyangli
woaiyangmi
woaiyangyi
woaiyanyan
woaiyanzi
woaiyaoer
woaiyaogun
woaiyaoyao
woaiyatou
woaiyaya
woaiyesu
woaiyeye
woaiyezi
woaiyidali
woaiyifan
woaiyifei
woaiyigeren
woaiyihe
woaiying1314
woaiyingying
woaiyingzi
woaiyinyue
woaiyiran
woaiyiyi
woaiyouxi
woaiyouyou
woaiyoyo
woaiyu11
woaiyu1314
woaiyuan
woaiyuanai
woaiyuer
woaiyueru
woaiyueyue
WOAIYUFANG
woaiyujie
woaiyuyang
woaiyuyu
woaiyy1314
woaizaizai
woaizaizhong
woaizhang
woaizhanghao
woaizhanghe
woaizhangjie
woaizhanglei
woaizhangwei
woaizhangyan
woaizhangyang
woaizhangyi
woaizhangying
woaizhangyu
woaizhao87
woaizhaolin
woaizhaolu
woaizhaomin
WOAIZHAOQI198411
woaizhaowei
woaizhen
woaizheng
woaizhengqi
woaizhenzhen
woaizhong
woaizhongguo
WOAIZHONGHUA
woaizhou
woaizhoujielun
woaizhuer
woaizhutou
woaizhuzi
woaiziji1
woaiziji123
woaiziji1314
woaiziji520
woaiziji7689
woaiziyou
woaizizi
woaizj1314
woaizuguo
woaizuoai
woaizuqiu
wobawoma
wobengudu
WoBenShanLiang
wobianle
wobisheng
wobishini
wobuaile
wobuaini1314
wobuaita
wobuakeudi
wobudong
wobuguai
wobugudan
wobukuaile
wobunanguo
wobushi123
wobushiliusha
wobushini
wobushiren
wobushitianshi
wobushiwo
wobushizhu
wobushuo
wobuxiang
wobuxiangshuo
wobuxiangwo
wobuxiaode
wobuxihuanni
wobuyaoai
wobuzaiai
wobuzaiaini
wobuzaihu
wobuzhidao1
wobuzhidao123
wocao5201314
wocaocao
wocaodenglei345
wocaonidaye
wocaonima1
wocaonimab
wocaotama
wocaowocao
wochaonima
wocknibi
wodanshen
wode0794
wode1234
wode123456
wode13523593069
wode1919
wode1919GHZX
wode1981
wode1987
wode1988
wode1989
wode1999
wode2003
wode2006
wode2007
wode2008
wode2009
wode2010
wode3721
wodeai1314
wodeai520
wodeaiqing
wodeairen8
wodebaba
wodebaobao
wodebing
wodeboke
WODECSDN
wodecsdnMIMA
wodedadi
wodedaxue
wodedaxue521
wodedianhua
wodediannao
wodedipan0923
wodedongxi
wodeerzi
wodefendou
wodefuqin
wodegege
wodeguaiguai
wodegushi
wodehaoma
wodehaoyou
wodejia521
wodejiaoao
wodejiaren
wodejiaxiang
wodejiazu1
wodejiejie
WODEKONGJIAN
wodekuaile
wodelaopo
wodelixiang
wodelt77
wodeluntan
wodemajia
wodemama
wodemaomao
wodemaya
wodemeimei
wodemengxiang
wodemima1
wodemima123
wodemima860125
wodemima9
wodemimashi
wodemimawodemima
wodemimi
wodeming
wodeminggo
wodemingtian
wodemingzishi
wodemm8729380
wodengni13
wodeni1314
wodenide
wodenver
wodenvhai
wodenvren
wodepengyou
wodeqingren13
wodeQQhao
wodeqqmima
woderensheng
woderiji
wodeshenghuo
wodeshengri
wodeshequ
wodeshilong
wodetaiyang
wodetian
wodetiana
wodetiankong
wodetianna
wodetianshi
wodetianxia
wodetianya
wodeTIANYAmima
wodetianyashequ
wodetongxue
wodewang
wodeweiyi
wodewode
wodexiaokeai
wodexingfu
wodexinmima
wodexinqing
wodeyanzi
wodeyijia
WODEYIQIE
wodeyiqie951258
wodeyouxi
wodeyouxiang
wodezhiai
wodezhuzhu
wodeziyou
wodiaoai
wodiaoni
wodiaonima
wodiaosi
wodnlmdh
wofengle
wofocibei
wogaimimale
wogaizenmeban
wogaoxing
wogooo2009
wohaiaini
wohaoainia
wohaofan
wohaolei
wohaoren
wohaoshuai
wohaoxiang
wohaoxihuanni
wohechuntian
wohenaiJZ522
wohenainia
wohenbang
wohenben
wohendiao
wohenfan
wohengaoxing
wohengni
wohengudu
wohenhao!
wohenhuai
WOHENI123
wohenkaixin
wohenkeai
wohenliangzai
wohenniu
wohensha
wohenshangxin
wohenshuai
wohenwoziji
wohenwunai
wohenxiangaita
wohenxiangni
wohenxingfu
wohenyumen
wohuainiande
wohuiaini
wohuichenggong
wohuifacai
wohuilaile
wohuixingfu
wohuixingfu1212
wohuixingfude
wohuiying
wojia3612554
WOJIADIANHUA
wojiao123
wojiaoac
wojiaolbz007
wojiaolong
wojiaoshenme
wojiaosunlin
wojiaoxiangdan
wojiawoai
wojiehunle
wojioushiwo
wojiu1168
wojiucao
wojiugaosuni
wojiushi
wojiushi007
wojiushini
wojiushishen
WOJIUSHIWO
wojiushiwo123
wojiushiwoziji
wojiuswo
wojiuxihuan
wokaixin
wokankan
wokao106
wokao110
wokao123
wokao517
wokaokao
wokaolinux
wokaonizui
wokaosini
wokaowokao
woke12593
wokuaile
wolaile123
wolailiao
wolf0116
wolf0811
wolf1107
wolf12966
Wolf1314
wolf1982
wolf1984
wolf2000
wolf2008
wolf998877
wolfking
wolfmike
wolfwolf
wolianaile
woliuxia
wollongong
wolong111
woloveluji
woloveni
WoLoveYou
womeimima
womeiqian
womeiyou
womeiyoumima
women123
WOmen1314
womendeai123
womendege
womendegushi
womendejia
womendejinian
womendouyiyang
womenhao
womenjiehunba
womenshi
womenshuohaode
womenyaoxingfu
womenzaiyiqi
womenzhijian
wonanguo
wonderful123
wondering
wonengxing
wongfaye
wongjing
wongwong
wongwong81
wongyon0363
woniaoni
wonihao789
woo2883795
wood076214
wood123456
wood892740
wooddoor85
woodenenly
woodfire
woodfish
woodhead
woodpecker
woods0000001
woodwood
woohyuk35
wopashui
wopianbuai
word3sys
WORDEXCEL
woridaohaode
worinibaba
worinidaye
worinima1
worinimab
worinimabi
worinimadebi
worinizui
worisini
woriwori
work123456
workgroup
workharder
workroom
workshop
WORKWORK
world028
world123
worldcup
worldpeace
worldwar
worldworld
worm830918
wornimama
woruidaddd
woshangxin
woshengri
woshi.beyond
woshi001
woshi008
woshi088
woshi111
woshi119
woshi1234
woshi12345
WOSHI123456
woshi168
woshi188
woshi1983
woshi1984
woshi1985
woshi1986
woshi1987
woshi1988
woshi1989
woshi1991
woshi2008
woshi22hao
woshi250
woshi2hai
woshi520
woshi521
woshi628
woshi777
woshi789
woshi888
woshi911
woshi9527
woshiabo
woshiabu
woshiada
woshiade
woshiafei
woshiaiai
woshiaim
woshiaini
woshiainid
woshiajun
woshialong
woshiamou
woshiamu
woshiamy
woshianan
woshianbo
woshiandy
woshiangel
woshiapple
woshiaqiang
woshibaba
woshibaichi
woshibanzhu
woshibao
woshibaobao
woshibaobei
woshibashen@21cn
woshibebe
woshibeibei
woshibenben
woshibihei
woshibin
woshibing
woshibobo
woshicai
woshicainiao
woshicao
woshiceo
woshichaoren
woshichen
woshichenchen
woshicheng
woshichenjian
woshichenxi
woshichris
woshichuanqi
woshicuijiao
woshicxy
woshidabendan
woshidage
woshidahai
woshidahaoren
woshidahuaidan
woshidamao
woshidameinv
woshidami
woshidan
woshidandan
woshidasha
woshidashuaige
woshidatiancai
woshidatou
woshidaxia
woshidaye
woshidayu
woshidi1
woshidie
woshidiyi
woshidong
woshidoudou
woshidouzi
woshidpc
woshidudu
woshiduoduo
woshidyn
woshiemo
woshifanfan
woshifei
woshifeida
woshifeifei
woshifeng
woshifengzi
woshigao
woshigay
woshigege
woshigehaoren
woshigod
woshigongzhu
woshigou
woshigui
woshiguo
woshiguoguo
woshihaha
woshihai
woshihanlei
woshihao
woshihaode
woshihaohaizi
woshihaoren123
woshihaorena
woshihaozi
woshiheike
woshiheizi
woshihong
woshihouzi
woshihua
woshihuahua
woshihuaidan
woshihuang
woshihubo
woshihuhu
woshihui
woshihuihui
woshihujian
woshihuli
woshihundan
woshihuzi
woshijacob
woshijay
woshijia
woshijiajia
woshijian
woshijiang
woshijianren
woshijie
woshijiejie
woshijiji
woshijin
woshijinbo
woshijing
woshijingcha
woshijingjing
woshijiyunbo
woshijog
woshijuju
woshijun
woshijune
woshijunren
woshijushen2009
woshikaikai
woshikaikai521
woshikaiti
woshikaka
woshikeke
woshiking
woshikonglong
woshilaji
woshilala
woshilan
woshilang
woshilanlan
woshilaohu
woshilaoma
woshilaoshi
WOSHILAOSHU
woshilaotang
woshilei
woshileilei
woshilele
woshileo
woshiles
woshiliang
woshilibin
woshilibo
woshilidan
woshilifei
woshilihao
woshilihong
woshilihui
woshilijia
woshilijian
woshilijie
woshilijin
woshilijing
woshilijun
woSHIliKAI
woshilike
woshililei
woshilili
woshililin
woshilimin
woshilin
woshilina
woshilinan
woshiling
woshilining
woshilinlin
woshilinruo
woshiliping
woshiliqi
woshiliqian
woshiliqin
woshiliran
woshilirui
woshiliu
woshiliubo
woshiliuhui
woshiliulei
woshiliuli
woshiliumang
woshiliuna
woshiliuqi
woshiliuwei
woshiliuxin
woshiliuyang
woshiliuying
woshiliuying123
woshiliuyong
woshiliuyu
woshiliwei
WOSHILIXIN
woshiliyan
woshiliyi
woshiliying
woshilizhi
woshiljl
woshilong
WOSHILULU
woshiluo
woshilvbu
woshilxy
woshilyy
woshimaimai
woshimajia
woshimali
woshimalin
woshimama
woshimao
woshimaomao
woshimaomi
woshimei
woshimeimei
woshimeizi
woshimeng
woshimiao
woshimima
woshimimi
woshimin
woshiming
woshimogui
woshimomo
woshinage
woshinana
woshinande
woshinannan
woshinanren
woshini11
woshini123
woshinia
woshiniao
woshiniba1
woshiniba123
woshinibb
woshinideshui
woshinie
woshinige
woshinigege
woshinigg
woshinijie
woshiningning
woshinini
woshiniu
woshiniuniu
woshino.1
woshino1
woshinvhai
woshinvren
woshinvsheng
woshipanpan
woshipeng
woshipeng009
WOSHIPIANZI
woshipiao
woshipipi
woshiqian
woshiqiang
woshiqianqian
woshiqiao
woshiqiding
woshiqie
woshiqinfu
woshiqing
woshiqiqi
woshiqiu
woshiqiuqiu
woshirain
woshiren1
woshirenyanyana
woshirxp
woshisanba
woshiselang
woshiseo
woshisha
woshishagua
woshishangdi
woshishanli
woshishanshan
woshishasha
woshishazi
woshishei123
woshisheia
woshishen1
woshishena
woshisheng
woshishenxian
woshishi
woshishili
woshishu
woshishuai
woshishuei
woshishui0
woshishui1
WOSHIshui1225
woshishui2
woshishui520
woshishui?
woshishuia
woshishuine
woshishuiya
woshishushu
woshisisi
woshisitu
woshisiyu
woshisky
woshisong
woshisui
woshisui89
woshisun
woshisunlin
woshisusu
woshitaiyang
woshitang
woshitao
woshitaotao
woshitata
woshitian
woshitiancai1
woshitiancai123
woshitianshi
woshitiantian
woshitianya
woshiting
woshitong
woshitufei
woshitutu
woshituzi
woshiwan
woshiwang
woshiwangjing
woshiwangli
WOSHIWANGQI
woshiwangyan
woshiwangyang
woshiwangyi
woshiwangyu
woshiwangzhen
woshiwawa
woshiwei
woshiweiwei
woshiweiyi
woshiwen
woshiwenwen
WOSHIWENZI
woshiwho
woshiwo1
woshiwo11
woshiwo1981
woshiwo84718
woshiwoa
woshiwod1qi
woshiwode
woshiwodi
woshiwoniu
woshiwoshi
woshiwoziji
woshiwudan
woshiwudi
woshiwuhao
woshiwujing
woshiwujun
woshiwusi
woshiwuwei
woshiwyt
woshixia
woshixiang
woshixiao
woshixiaobai
woshixiaobao
woshixiaofeng
woshixiaogou
woshixiaohua
woshixiaoli
woshixiaolu
woshixiaoma
woshixiaomao
woshixiaona
woshixiaoqi
woshixiaoxiao
woshixiaoxin
woshixiaoyao
woshixiaoyu
woshixiaozhao
woshixiaozhu
woshixin
woshixingfude
woshixingmu2
woshixingyuner
woshixinxin
woshixinyu
woshixiong
woshixiongyin
woshixiuxiu
woshixixi
woshixubo
woshixue
woshixuebai
woshixuehu
woshixuesheng
woshixujie
woshixuwei
woshixuwen
woshixuxu
woshixuyi
woshixwty
woshixxx3x
woshiyan
woshiyanchao
woshiyang
woshiyang1
woshiyangui
woshiyangyang
woshiyanyan
woshiyanzi
woshiyao
woshiyaojing
woshiyaoyao
woshiyaya
woshiyezi
woshiyi88gebing
woshiyian21698
woshiyige
woshiyigebing
woshiyigecunzai
woshiyigehaoren
woshiyigeren
woshiyin
woshiyinbo
woshiying
woshiyingying
woshiyingZI
woshiyipianyun
woshiyipilang
woshiyiqiong
woshiyitiaoyu
woshiyiyi
woshiyizhimao
woshiyizhizhu
woshiyoujie
woshiyoyo
woshiyua
woshiyuan
woshiyuanyuan
woshiyue
woshiyuer
woshiyujuan
woshiyukai
woshiyulei
woshiyumi
woshiyun
woshiyuyan
woshiyuyang
woshiyuyu
woshizhang
woshizhang123
woshiZHANGHAO
woshizhangli
woshizhangtao
woshizhangwei
woshizhangxin
woshizhangyan
woshizhaowei
woshizhaoya
woshizhen
woshizheng
woshizhenzhen
woshizhong
woshizhongguoren
woshizhou
woshizhouming
woshizhu1
woshizhu123
woshizhu88
woshizhu89
woshizhuA
woshizhubajie
WOSHIZHUMA
woshizhuren
woshizhutou
woshizhuzhu
woshizhy
woshizizi
woshizuibangde
woshizuihaode
woshizzy
woshuowoaini
wosiguwozai
wosnibaba
wosunlei
WOTAOYANNI
woto123456
wove691used629
wow123456
wowangjile
wowangle123
wowanglemima
wowchina
woweixianshou
woweiziji
wowgold789
wowo123456
wowo9999
wowowo123
wowowowowo
woxiangfei
woxianghuijia
woxiangjia
woxiangjiehun
woxiangku
woxiangni123
woxiangnia
woxiangnil
woxiangsi
woxiangWO
woxiangwoaini
woxiangwoshihai
woxiangxin
woxiangyougejia
woxiaode
woxihuan123
woxihuan2
woxihuanjimu
woxihuanjojo
woxihuanta
WOXINFEIXIANG
woxinfeiyang
woxingfu
woxingwosu
woxinyijiu
woxinyiran
woxinyisi
WOXINYONGHENG
woyao123
woyao168
woyao516
woyao888
woyaoaini
woyaoaiziji
woyaochenggong
woyaochifan
woyaochuguo
woyaodeai
woyaodexingfu
woyaoduli
woyaofacai
woyaofada
woyaofei
woyaofeixiang
woyaofendou
woyaohappy
woyaohuijia
woyaojianfei
woyaojianqiang
woyaojiayou
woyaokaixin
woyaokan
woyaokaoyan
WOYAOKUAILE
woyaolikai
WOYAOMIMA
woyaonuli
woyaoqian
woyaoqumeiguo
woyaoshou
woyaoshuo
woyaosinii
woyaowan
woyaoxiazai
woyaoxuexi
woyaoying
woyaozhaodaoni
WOYAOZHUANQIAN
woyaoziyou
woyaozuoai
woyidingxing
woyigeren
woyiranaini
woyiyudeqian
woyo123456
woyuanyi
WOYYAINI
woyyaita
wozai123
wozaideng1
wozaidengni
wozaijia
wozainali
wozaishanghai
wozaitianya
wozaizheli
wozeinima
wozhaixian
wozhenshanmei
wozhiailanshan
wozhiaiwo
wozhiaiwoziji
wozhiaiziji
woziji123
wozijide
wozijiwoziji
wozuiaini
wozuibang
wozuidiao
wozuiguai
wozuihao
wozuikeai
wozuimei
wozuiniu
wozuiniubi
wozuiqiang
wozuishuai
wozuixingfu
wozuizhuai
wozuozhu_1
wp106718
wp123456
wp197933
wp5681988
wp5965198
wp820322
wpf-210343
wphzz111222333
wpl123456
wpl520wpl
wplyj1226
wpqAfc308Xecon
wpx19730604
Wpxue1278596259
wq111111
wq112233
wq123123
wq123321
wq12341234
wq147258
wq19850330
wq19870903
wq198764
wq211211
wq3255757wq
wq520520
wq655164
wq750411
wq850524
wq888888
wqcxs520
wqdfiigo
wqepqkcg
wqfxxxxxx
wQI3P8aqkh
wQI3P8bqkh
wQI3P9bqkh
wQI4P9bqkh
wqivbkcg
wqjqrepw
wqjqrjbep
wqjqrny159753
wqklovejj
wql-19871126
wqlwjj1314
wqqianmo
wqr377030
wqs123456
wqsk2001
wqvbkcgzhoufeng
wqvbwqvb
wqw87317
wqwqsn188
wqx547520
wqy123456
wqy3241727
wr123123
wr123456
wr19820309
wr219q53
wr3453539
wr5201314
wrdirllh
wreath116
wrg123456
wRJ4P9brkh
wrl369963
wrl82475
wrlhydpy
wrmfw1024
wrnmnmrw
wrnmwrnm
wrp1982222
wrrhh717
wrti123456
wrx114589
wrylym9374
wrz801007
ws015566
ws030102
ws0341ws
ws07301011
ws123123
ws12319841128
ws197600
ws19790418
ws19841022
ws1987613
ws372901
ws4444ws
ws456123
ws459dns
ws5201314
ws5211314
ws57587525
ws790111
ws810108ii
ws8505389
wsad1234
wsad123456
wsad8246
wsaduijk
wsbttbsw
wsCC1520Ajy9
wscgq521
wschongchong
wsdba991
wsdfmmhljcj_964
wsdmnv87
wsdmv19870827
wsdokjcn
wsdxp610927
wsf05596746063
wsf12345
wsf123456
wsg198686
wsght@126.com
wsgszjgd
wsgxl001
wsh123456
wsh2321931
wshchjdm
wshilong
wshishen
wshishui
wshishui2
wshywrnm
wshz974998
wsj123456
wsj198244
wsj19880829
wsj3799024
wsjmksnn
wsjs110110
wsjwsjwsj
wsk3697788
wsk6753804
wskay7316317
wskdhdufw
wskdqiqpl
wskfufsfi
wskgywxf918
wskihwfn
wskldxjl
wsklwskl
wskoqmgu
wskwfx840223
wsky0o0o0o
wsl123
MySecretKey12345
SuperSecureKey01
PasswordForJWT12
JwtSecretKey5678
TopSecretKey1234
JwtAuthKey2022
JwtEncryptionKey
SecureHmacKey123
TheBestSecretKey
JwtPrivateKey001
JwtHmacSecret123
StrongKeyForJwt
JwtTokenKey2023
JwtSignKey12345
SecretHmacKey2022
JwtSignatureKey1
KeyForJsonWebTkn
SecretKeyJwtAuth
JwtVerificationK
HmacShaKeyForJwt
JwtSigningKey001
SecretJwtKey2023
JwtKeyForSigning
JwtSecretForAuth
WebTokenKey1234
JwtAuthSecret123
JwtKeyForAuth001
SecretKeyForJwt1
JsonWebTokenKey
JwtAccessKey123
JwtSecretForAPI
SecureJwtKey2022
JwtSecurityKey01
JwtPrivateKey123
JwtSecretKey2023
SecretTokenKey01
JwtSigningSecret
JwtHmacKeyForApi
JwtKeyForApiAuth
JwtKey12345Secure
JwtAuthKeyForAPI
SecureJwtKey1234
JwtAuthSecretKey
JwtKeyForToken01
JwtSecretKeyForApi
JwtTokenSignKey
JwtApiSecretKey1
JwtKeyForSecurity
JwtKeyForAuth123
SecretJwtKey1234
JwtTokenAuthKey
SecretJwtKey2022
JwtApiKey12345
JwtApiSecret1234
JwtSecretKey2022
JwtSecurityKey123
JwtAuthSecret2023
JwtKeyForToken12
JwtKeyForSign123
SecretJwtAuthKey
JwtSecretKeyAPI
JwtTokenKey12345
JwtSecretKey001
JwtAuthKey12345
JwtKeyForApi2022
JwtApiKeyForAuth
JwtSignKey2023
JwtKeyForApi123
JwtTokenKey2022
JwtSecretKey123
JwtAuthKeySecure
JwtKey12345Auth
JwtSecretKeyForJWT
JwtApiSecretKey01
JwtKeyForAuthApi
JwtKey123Secure
JwtSecretApiAuth
JwtAuthSignKey01
JwtSecretKey01
JwtAuthKey1234
JwtKeyForTokens
JwtApiAuthKey01
JwtSecretSignKey
JwtKeyForAuth01
JwtSignKey1234
JwtKeyForApiSec
JwtSecretKeyAPI1
JwtApiAuthKey123
JwtSecureKey0001
JwtSecretKey0002
JwtEncryption0003
JwtAuthKey0004
JwtAccessKey0005
JwtPasscode0006
JwtProtection0007
JwtSafeKey0008
JwtLockCode0009
JwtMasterKey0010
JwtCryptoKey0011
JwtSecretCode0012
JwtHiddenKey0013
JwtSecurityKey0014
JwtPassphrase0015
JwtPrivateKey0016
JwtPublicKey0017
JwtAuthenticator0018
JwtValidatorKey0019
JwtVerification0020
JwtSigningKey0021
JwtCipherKey0022
JwtTokenKey0023
JwtAuthCode0024
JwtSafetyKey0025
JwtPassKey0026
JwtUnlockKey0027
JwtPasswordKey0028
JwtGuardKey0029
JwtStorageKey0030 ...
JwtSecurityToken0970
JwtSafetyToken0971
JwtPassToken0972
JwtUnlockToken0973
JwtPasswordToken0974
JwtGuardToken0975
JwtStorageToken0976
JwtControlToken0977
JwtProtectionToken0978
JwtTransferToken0979
JwtConnectionToken0980
JwtSessionToken0981
qfmcPNWGlGq2H2yKGDKnC6tpdbQw0vwjMjVJPW1a0ZO2LJKZwNcVY71FcQE4MyTcQQXMUcS2D2UvSJz3eYGgL1KWmJmPqcP2brrow93qpernCRApdG2DkFE8
certRSA
client_secret_basic
client_secret
client_secret_post
django_secret
private_key_jwt
!null
!=null
nil
The client secret key
invalid-secretabc-secret
Original secret string
a secret string
mystery
hdhd0244k9j7ao03
code-secret
shhhhhh
priv
./compute_secret
compute_secret
foo
HmacSHA256
too many secrets
SuperSecret$!
getSecretKey()
HS256
My$ecretK3y
9d61b19deffd5a60ba844af492ec2cc44449c5697b326919703bac031cae7f60
4ccd089b28ff96da9db6c346ec114e0f5b8a319f35aba624da8cf6ed4fb8a6fb
alice and bob's secret
symmetric key
this is 16 bytes
keep it secret! Keep it safe!
this is the secret
otherSecret
foo-de-fafa
Secret key. You can use `mix guardian.gen.secret` to get one
ThisIsTheSecret
itsa16bytesecret
terces
whats up yall
your-own-jwt-secret
super_fancy_secret
HS$hashBits
first
Super Secret Key
So Secret! 🔥🌵
kkey
YoUR sUpEr S3krEt 1337 HMAC kEy HeRE
unsafe_secret
my-very-secret
secret!
supersafe
my_very_long_and_safe_secret_key
MySuperSecretEncryptionKey
secret|$ecRet
$ecRet
$ecretKey
MIGTAgEAMBMGByqGSM49AgEGCCqGSM49AwEHBHkwdwIBAQQgofYVrV6I5TvcM1Gc\n
MIGTAgEAMBMGByqGSM49AgEGCCqGSM49AwEHBHkwdwIBAQQgofYVrV6I5TvcM1Gc
?`wdc6<s]M=Z4VG][lSu1d48pxr;`FvQOl4H^XfvAJX5G<9W`jmSi/?XaFvT9hGb
012345678901234567890123456789XY
61306132616264382D363136322D343163332D383364362D316366353539623436616663
61306132616264382d363136322d343163332d383364362d316366353539623436616663
872e4e50ce9990d8b041330c47c9ddd11bec6b503ae9386a99da8584e9bb12c4
8zUpiGcaPkNhNGi8oyrq
A43CC200A1BD292682598DA42DAA9FD14589F3D8BF832FFA206BE775259EE1EA
GQDstcKsx0NHjPOuXOYg5MbeJ1XT0uFiwDVvVBrk
C2A4EB068AF8ABEF18D80B1689C7D785
J5hZTw1vtee0PGaoAuaW
J5hZTw1vtee0PGaoAuaW
Hello, World!
kiali
[107 105 97 108 105]
R9MyWaEoyiMYViVWo8Fk4TUGWiSoaW6U1nOqXri8_XU
RfxRP43BIKoSQ7P1GfeO
SignerTest
Setec Astronomy
ThisIsMySuperSecret
THE_SAME_HMAC_KEY
c2a4eb068af8abef18d80b1689c7d785
]V@IaC1%fU,DrVI
has a van
a43cc200a1bd292682598da42daa9fd14589f3d8bf832ffa206be775259ee1ea
her key
his key
key1
key2
key3
secret_key_here
super-secret-password
testing1
AC8d83&21Almnis710sds
dotfile-secret
my secure jwt key
Fabianz secret
sn2puSUF7muF5Jas
RrRO6ZNVLayReZD4KwaBQ7J3uM94Wk6D
blog-node
eqij!)ndn1e1e389nd1
TheSecretStringIsMuchStrongerThanOneMillionOfTanks
ivqBlogTC
yX!fglBbZr
QODER_SECRET
s9g8f7wf8sg9sgfs9df7sd9f87sd9f87sf98s7f09s76f897s6f98s
shhhh
smart signature auth secret
Important!Really-Change-This-Key!
FRONTEND_JWT_SECRET
test-secret-change-me-test-secret-change-me
GUEST_TOKEN_JWT_SECRET
RAHASIANEGARA
rahasia
wepewepe
joviFancyt0d0
change_this_to_something_other_than_this
c3ByaW5nLWJvb3Qtc2VjdXJpdHktand0LWhhbmdoYWUtYXNzaWdubWVudC1zcHJpbmctYm9vdC1zZWN1cml0eS1qd3Qtc2VjcmV0LWtleQo=
Just$ecret
AJyYnNb6xqBrZKH9C5l0mPEKO8WMK5r2vmGqkuXK39tenC5rqmTibJfJ8pyFcag3
fancytodo
kodok
SOVERYSPECIAL
jovi123
DORAYAKI
terserah
rahasiakitasemua
hacktivoverflow
inibukansecret
cuaksscuakss
butterfly_effect
kmzwa8awaa
ksngiewngw0g39hg93gh3ng93ng3gj39
hacktivprojectsuper
hehehe
alright
anti-kegulung
donttellanyone
kanbanandreace
bebas
iniyangutama
aditjwtsecret
Bebek
e-commerce
INIADALAHSECRET
ecommerce
ReloadMiniWpHopeTheBest
ludwig
cuaksscuakss
donttellanyone
I LOVE SECRETS
HEHEHE
awascoronalho
bismillah
sungguhsecret
APAAJABOLEHDONG
seblakbandung
hayang ulin muncak
VALAR_MOGHULIS
thenexttodo
shesdrunkenoldcartoons
notstackoverflow
APAJALAHBODOAMAT
paulina
flashsale
dadargulung
aku-suka-indomie
mswingsfour
errorhandler
nopi
hacktivOverflow
mini-wp
KEPO-YA
PIMIL
rahasia999
batmanpergikebatam
fanciesTodoes
Hacktiv8jwt
wadidaw
apaajaboleh
tralala
BUKANLAGIRAHASIA
FITRA
COMMERCEDINULSYAH
takin
millania
APAAJABOLEHKOK
HALLO
kuda
TahanSemangatmuAnakMuda
livecode
secretWord
mal secreto, REEMPLAZAR ESTO por un buen secreto.
t0k3ns3cr3t
abcdABCD@$!%1234
your_jwt_secret
2oCYskZtdxZEXC7zpL6rbcbgkasEh9M7
@LsZ7mO9O0bd
5594a31b536b2da49b1b44c386657f9c
ODRhMGZkNmIyNWQ1NDIwYjMyNGZjOTBmZGI1MWJmNWZmYTVlZjQwMzJkYjUyOWUyZGM3ZGQ5MjZkZDNkZDQ0Zjk1NjQxYTY0Mjg2ODA2NGU1ZTA3ZTZhYTk2NTYxYjA2N2U4NmZmMGIxYWMxOTdiZWZkYTA5NzA3ZTJiOTEwNWY=
n/y1HzjLXD8Wzoen21E7G8fa0fFEbx2Rlfg6nO/CqXg=
T0yJiU5Ne8H4TxdadRYrWtcpm4DbqijDqIOZE3EgYvNjJBgl7zj39rJzP4wlkAyR
pepi4a
84a0fd6b25d5420b324fc90fdb51bf5ffa5ef4032db529e2dc7dd926dd3dd44f95641a642868064e5e07e6aa96561b067e86ff0b1ac197befda09707e2b9105f
mysecretssshhhhhhh
secret1234567890qwertyuiop
k34nuo43690asvkpp45kjh234897dkfdpg9089
bvgfuiabdfguq34tr8ui34ug78wef3trg4
raninbowsareredrainbowsareyellowthatsthecolorofpee
poop
958ff66a-cfeb-4a15-b7ba-74be6c67d875
5911115de57c7eacf446a4587317267b
skfmdskfkjfbhjasbdhuqiwwqne
hhlDLG;UDBG#bHGDLYL63`982hjhJHDlw72../,,~@
404E635266556A586E3272357538782F413F4428472B4B6250645367566B5970
parking-secret-key
FLIw+1GpCrGcu0XFvUHIwdrTlFdsOe2uEDkyBHgqzGc=
hacktiv
SUPER_STRONG_KEY
write_your_jwt_secret_here!
Y3StVROKtxUI
P[Pg-Rz_xe[}fmi[ZdaTDBbbDh
senhaultrasecreta
vocaselect23
V9PROAMPRES6FD4S6D5F4S65FD4S65DF4S6D5F4S6D5F4S6D5F4S6D5F4S6D54FS6D4HJGJKLSKJDFLSKDJFLSDKJFLSDFSDF5S4DF65S4D6FS54
H+MbQeThWmZq3t6w9z$C&F)J@NcRfUjX
09d25e094faa6ca2556c818166b7a9563b93f7099f6f0f4caa6cf63b88e8d3e7
Eot06D_iSdPmSZu5YnsgntB75wiYHaCuVKGa6SW7N2U
OptionalSecret
hvdvay6ert72839289()aiyg8t87qt72393293883uhefiuh78ttq3ifi78272jbkj?[]]pou89ywe
REPLIQ
undertsandcodeiloveitbrowsermaterial
ECCHANIRNIRECCHA
VKd2LXzPFLx5iD7s8S$s67dUX9tUZ4mDyqCFR7Dq$7925W8DM9K6MXy7SnCjRX7y5^%H*pXaZ&d&j!dYLeLoPWV!kD@rMe8Ci%y4sJydQ#*kQ*%*vh6RmcjnpeYu@mGp
fnafpemfkfofnafpemfkfofnafpemfkfofdsldfknasdlfnlas
testingenvironment
KJFVNEKFVNSKDNVIURunkvjfneivuenfvjfeviuevre
igUEIfCSpKZlvE2aFwEU
asdasdasdasdd12347lyihjghfdasdwe$565YAETHDXC
c5b9a8a2f79202f99d728fa2a061fbd5
fasefraw4r5r3wq45wdfgw34twdfg
abra#cadabra$sim@salabim*2023
011c274SIytPrr5ozweLG7iWoGQVAMo1uA8xRAFyBASndo9yGYtfmDtBO7TchnzRJWVJiauSVzX5LX/XD/3NieuTBKcETvYEjgvo9znrniw=
RzeI0dzLc2Z6Sby4PaJqY7rhJjK62g8646PqdRNLYSkTv25ol9r47vT8Nm4hpHzVlwOUf/XWb1zqWPnOWVD0jg==
A?D(G+KbPeShVmYq3s6v9y$B&E)H@McQfTjWnZr4u7w!z%C*F-JaNdRgUkXp2s5v
S0M3 M4G1C UN1C0RNS G3N3R4T3D TH1S S3CR3T
aa3c7c6c1e013ac49b09fcb2b1d7283710f8bd9da6fb0c3634ee7bae67508864
msaleh01550191001
wjdfiwopaiowdfjawpoi
fgfjf7f9cy53yv97wcye#$@^!E3ctv2t37y7ynb3q2yc@&tw4v734h6t79!
group10rules
74b4c193e29d2a6b1894a32078fa5a6b02a42d1690df486d5e47d4f56f4a8715
De3njub6$59idi0SAa#ou84Rmp5ca0*D88e57fuZFrgtm#3&I
404E635266556A586E3272357538782F413F4428472B4B6250645367566B5275
1010635266556A587E32D2357538782F413F4428472B4BA250F153675B6B5C75
JWTAuthenticationHIGHsecuredPasswordVVVp1OH7Xzyr
veryverysecret345
proselyte
biotrof
83jUIH9890=)?^padfu989kjl()=i'0ajksdfhZUIFH98U()=ZFUZjUIO89hio)(=?98'0fdjkajhu9p'90a=)?=)jkj=?¨luinl,m()hiHUOHa89j=)?87h23%68ghafdsj776jafdhuiiHUIIuofdhuioh
2F423F4528482B4D6251655468566D597133743677397A24432646294A404E63
MirceaEgrySecret
c2lsdmVybmluZS10ZWNoLXNwcmluZy1ib290LWp3dC10dXRvcmlhbC1zZWNyZXQtc2lsdmVybmluZS10ZWNoLXNwcmluZy1ib290LWp3dC10dXRvcmlhbC1zZWNyZXQK
U1NBRlkgOOq4sCDqs7XthrXtlITroZzsoJ3tirggNuuwmCAy7KGwIO2ZqeynhO2DnCDqs6Drs5Hsp4Qg7JWI7KSA7ZmNIOygleybkOyYgSDstZzsnqztnawg6rmA7YOc7JiBIO2ZlOydtO2MhSEh
RANDOMKEYBYMYEYEW
RANDOMKEYBYME
INp8IvdIy89eMCoGAgFGoA61DdBglwwSqnXJZkgz8PSnW
qwerqwerqwerqwerqwerqwerqwerqwer
jklasdjf
Ss@2809
Lk5FVCBDT1JFIEFQUCBKV1QgU0VDUkVU
your_secret_key_here
suo-po-odd
pokemonkey
ASDFfgasg251fdaFEEEFDR5315asrwhaqr
hoge
3e4a5yQbD7H9k2n5s8vAs1fG4jG6m
abcdefghijklmnopqrstuvwxyzabcdefghijklmnopqrstuvwxyz
823uienvujbvp4g936967**/398u8t43
LuanChymToNhuPhich
e5c804575bd4d721f16cf1888fff3a1193edcf9224cd6753a023fdf4cba37030794b9ccc624ed5318e0faaea0e6694185e617440c2120fb46a9772ff43e279d7
70696b318afc55dfc5e8f267e32977b90aa4f038cf676c77099bab0050b79125843a02e4f377c9360e258fee3f877f768415dfa08433d7fafebbac82a14238f1
SECRETKEYFORJWT
dev-jwt-secret-token
super_secret_and_very_long_key
MY_SECRET_STORY
helloworld2
LET-ME-IN
wF6JYjTWfYjUHxhFz4CKTjRPF7vhE4SRDH2mgv9664K2G5dUtJNr8eka9hWwDcpFcMvdGD6pCMm4kCUvhpTP8dqxxMxJPjyqK8aCjp6vycGWCjqSVj5J9cZcdvMY3zP2BLwSMfhrNqqCgVXqk6UzN56jSK6N6bDcb2kKtMw75eA5aUravXvdbRqFXJjCqGB5erscwRpmsyu3F2EaSsPpFgdtsKpqFhskm5ZCj3dKtFFeRVHRTHVKCNEc5ABZYEuR
c3ByaW5nLWJvb3Qtc2VjdXJpdHktand0LWluc3BqdC1pbnN0Z32ruqeriwuriuofasjvzxlkfjaosdjfxlguoisdufojsdlfkjsdofjoxiv
#oauth2jwtsecret#
c11dacff9fcda4614fa8741f11d4c540
APPLICATION_JWT_SECRET
aca4cc60cb886ed996d56e529fb9ffae
SecretoDeCoderhouse
95dbfe2790ed50cedae427abc8a49aef
MGLsupersecret
arief000
QNVwTQy\=xav_gl?l4sgZt?/!Ix^%XI_{>g2wUp8NpeIm9__=]CO9(LVe\xwx7yt
ChooseASentenceAndAddNumbers
64X1Isp6QuPjyzdBKVI3xH0+tLYc02jaop2URrolenza31OI
XPMQwiRS6aE8pHeUyVDotWCI92F50Ynu
Kb24t0LDVPoen8jmGXBWdCJTUapSqz1s
reSeguroxD
324ABC
minhachave
CLAV3Sup3rS3cr3t4
MTIzNDU2NzgxMjM0NTY3ODEyMzQ1Njc4MTIzNDU2Nzg=
e8b39d21993342afe1335d339
ufc92ufn0nw0n923c
XXXX101
oluwafemi-has-created-this-long-and-secure-secret-for-notify-app
fe46d037d0832d49a79810d1b440cd62bc0edb194c32c4b41f8bbf8051791e1a
GPF*9%PE64$euSd?
08c045d8f1d66676a16a22dd976cbe7447094554fc37b8b4b99db1683662f12dcbea2f30267001d436cb436206826fec8dcaa143cc8351fc0a39f0d97612ad5b5e464e0d896820d5d89dc017ad53a5b86a46da0798ca8cde1ae25fd410090782e47fd01affac8f9f5e8b337745539b0e5d36a3c22e23d97ecee2c6d671be31f5c98247a87d898c8d3d3a53f8d8ce00707828f4f187af097016e90f93478c766fbbf713e8e06e5b75edd20676b2038566fe255c152305898e4da2893a5601244d549911176fc0fcf0c84f5c86bc3d579f2125d473e00a5044a0f72f053aa27cbe0bde904cc24635d35ed3b702307c89a31639eb5ab49c9ae025e869ac871925b1
Don't tell anybody and don't check in in source control
Thi$-Is-@-$eCrEt-W0Rd
sugarcanepoundingmilkshake
lalocuranuncatuvomaestro
cardsForHumanityIsAwesomeAndYouNot!
be526d3ccf221731b831fc78974cb2f6
0123456789ABCDEF0123456789ABCDEF
RaqO3qLPISCU5ZQiYX8LGFjs3f0QH94v+nBlpuuWGxDEtLkvgYJTY5gH5wiz/axUtTm2rZUothj42VVA4PzzPg==s
cc24ab2e09f83748bb0e05498da0e9a8f45ab94881ae60749dfe5d3cf59e4897
5A7234753778214125442A472D4A614E645267556B58703273357638792F423F4528482B4D6250655368566D597133743677397A24432646294A404E63526654
2A462D4A614E645267556B58703273357638782F413F4428472B4B6250655368
VfhM0XDqDzmobsu90rvnrxTd55Tk5nOA+oyQnTu0AsZBR3PP4tK5kqY12j/GB9HC2jFJQeqjO15sJsqGxAjCSw==
YlhsemRYQXpjbk16WTNJemRHTXdaRE5tTUhKcWQzUT0=
iDqcWxAE8Tz4j0qVBj7Riu6VtjEa0EdFeFe
c4acb350a779eb0bef442e50a9aaaba1f41610604ec4016ab1fd254a584f3ca3
QRNsyqvEm01Ir7qh4psea8UNqApsJD
the-final-accord
LocalTestKey
3b62c09d7f076a1a0f108c0f74c65dc766d28e6328f9ccf51045414b57cacf00
a1d99c8b-91b6-47b2-8f3c-aa7d9a9ad20f
Shivamwilllove@69$
randomstringthatissolongandpowerfulthatnoonecanguess
place your jwt secret here
pmsRHuOihHkFQzMo1m
nny0beeOdyFyf9COHmw5
englishstudysecretkey!@#
9ec57c275a5cf84700f78ad91fc19e09ff85c42923d4e5e258930fea9c197b5da5500679e7d488eab2fb3ae1c8a3dce48fa9739d8bfcf90260d98eb5b21ccb68
q3t6w9z$C&F)J@NcQfTjWnZr4u7x!A%D*G-KaPdSgUkXp2s5v8y/B?E(H+MbQeTh
"&{cQq_9Z"
not-secret-development-only
129a2ce0def84ef1eea78260c08c639f137a3d89987add27e76615c4bfb7353e8d76bf6a872350901d35cc71f23138246748fe52b2e6bfcfb50119152756b84b
m4L65xpHaRavfc36c+vh26pdS6A=
bc6ff37fdaf41b9131046620d482a5af
lms-secret
85c2f16af43e3f710301a69b497ea7bfdbc2639cc3af3b3e22257f7e7e56c161
a93a2b758a0e4784b6bfa0a202f97d6ccdbbed6e06f11904f8a2ea2d2b6a8d7e
0369124a8a120faea7f6d5d8db7ad709ac409ea386306a880b6adb3cbdb2d58d
6ce00f4a95b1fa962000e64b918004d985f6445c66af0c1965c2b6932f5d2d98
pahzc4nXz1evgskPW61ptRSPTE6k3j0boVL0ASK057eYUtj7R3L4O00qJLM0BRaX
4db9e983c2027409abf11ae5e0e996cf444d5edaada20041a9c17034e9486f62
@awesomeconf-jwt-secret
FREQBOT_JWT_SECRET
!ChangeThisMercureHubJWTSecretKey!
js2onsecrete@dsd1$$$@Dsda1dD3Vsaso###
7c3b6dfaba5d90c481532b79e4a5e2629ae64d5a0cb4b1027d16278675b972ae
2324eb55c97423af2b3f0ba64135b6703b9419a948c52ec83b58e2ea52cac589
493aa5a699f20dfd87f39a8c23174266105ba4eb3dd4846620303ca0e690654f
36f745e2b8be7ee8dc990e03df51b61bd673cd6eb08008773985c9ba6e5a3c3a
c38bf6b1032754be6f096e30fd220e4d72de9c1811a57ba92804ecb4cbb03e44
73a5d418ef03ca2e646fa0ae15a391e7fe0e53f29ffb4cfaace9d7aa4d34d6a5
e6026fe22d33eda44376cb2ad3b976e20ae1d626c8db09727d0dfbedbec88f90
awesomekey0ac342809de37f
1c7c77adc68a1cdbee7f3072cb5f03409fe0b3abee953d84912ee8b0862fe080
RandomSeed
jt+OVWY6WqKJXw3xF5qOxN5L5/f4u2jlIlCQgWS3E4w=
6866a51d820a7579e44365b3fca11f19df932e6b32c4ae87222d985a4dd5a67c
%ONLYOFFICE_SECRET%
SSO_JWT_SECRET
general-server-assistant
$2a$10$zMv2skn0DWEfsZGG91rC/O
NodeJSIsCool
a49fc400c72f4ee0387f75efa16fb1c414225070a17f68d0d4fbfa591aab0ac0
aqnzr0pD2c0yv1o*0{C6!99^aQ*1fk<4|*][4Jh2X*jK4)N2sXIY8Wxj/1YWGr>
FORMIO_JWT_SECRET
github-profile-chart
superTESTsecret
8k8zvx2krrrh7qcsqnsn73e5bvfesupy3b75
collabisawesome
kingsland
ariefyusron
a_jwt_secret_such_as_a_guid
__AREA_JWT_SECRET_VALUE__
MY_JWT_SECRET_VALUE
buitansang
verySecretSecret
supersecretconstantthatyoucannotbreak
dummy_jwt_secret
FaZaa4KeeZoo2ahgoh2uenahd3Uta4Ei
Y3JIG4vxT22wn9cq
good_luck_have_fun
T3Fad68htrGs89hsAS
S3cr3T
ee0213800871a08b9bde05a9107e380a3693345dec9c9b20c448d9c07cd182c7
6m1RH@cO4XW7F4Z
wa4k3r
seriedad
c34f4eb6f949afdb26cb5239c80bf688
p8e-EIRF6kY6EHLBSdw2b-pLUWKodDqJqSz3
5Dck4izVEXsP52AOcVxaFUsTzA8uwUiP
sdfaswerwrwerwerwer
QH9TH244T2H9TH9HJWAOIETWIOT28T8H209T2EW
koa_react_secret
ruoyi_rust_vue3
abs_admin
JWT-ARY-STARK
c71336cfb4c32c0266ba636cf449e71e64e2c3cfe01728182cf5c3ddb33e357b
%^DSFSD*&
bLp@bi!oqo-2U+hoTRUG
emqxsecret
asjhczxiucipoiopiqm2376
wPB1mQ6ADZrc0ouxMCYJfiBbMC14IAV0
lzc_jwt_secret
codelieche
ai*))!@wlamrhnsdk$%*@u~ksdu34id^
@java110_JWT
ucb-admin-chris-950602
asdcgajkl1234567890
website_csrf_filter12111111111111111111111111111111111
jiamimiwen
fengyuan201906190852
MDk4ZjZiY2Q0NjIxZDM3M2NhZGU0ZTgzMjYyN2I0ZjY=
f356cdce935c42328ad2001d7e9552a3
cXdlcmFzZGZ6eGN2
LessIsMore
hulqFrame
SJTUSE2021
Angular5d50e0283ccf@#dfg/1234asdfjl;asdjf
d56b4eff15bdea0ca46d8e5312bde24a
lyanna
T2BYL6#]zc>Byuzu
5g1yk7pD9q3YL0iBEuUlPwOiWLj3I5tK+/rhHm+jgdE=
oqpdwyffgxncqamwlyebkaifyazvqgso
WDpojmXTH4ZPl3N2khUPPcAezLLpc8Mm
nm78a7s8f9d7s8f8d9s09saf7d89saf78
7kNCc9LwBWbkSctsCq2NEGzzTTNcXCf0FPxDlHJmBcJpRUIYDPn2EgmsdDzXNBnS
your_jwt_secret_that_is_at_least_32_symbols_long
AC59075B964B0715
Jwt3ecRETKEY9837
my_jwt_secret
N#xTe4>IGSWfH#M&MYXxI~#w9yj@X8X/g8-N{;n)5D>kFh~AaW
c3VwZXJzZWtyaXQ=
MTAxNTkwMTg1Mw==
k2ya2iTNRdlsixVuTi00
ZTQyZDhkZDI4YWRmMzRmYzQ4OTA0NGQ1YWEyMWU1MTY2ZjIyYTZlZgo=
298b8610-6835-4d12-b8ae-efba3dbcccad
FU&3$#gy5ZAZ5rgQ5g8MT3SD&M63%YwY
bdbq-elastiquill-some-random-string
AAABABgBYrYNZFwFjWAGHvomv+TkhJXiiK4gIEMkBtRMh64zyXOWBAil2GDEdVmhqhHhD+eqtuyI/SlwJtldFhO3hVJOls+O
JWTWithJyamiSuperSecretKey
anNucVF1ampuRWRvTmY0NFE1cGxqa1ZwcThhTEc3Ujc=
ddff0a63e06816ddd7b7d2e2ebc1e40205
s!v^%W.Y80Mp$g$
naughty!
Ilovecoding
secretkeythatgoesbeyondandbeyond
TAacs6cvkPGiPpqlPUT3vtCC7hFqWJmWfrSk25znrtJ3FAmi5SzFxYfzithgjzVZ
asecretforjwttoken
gdjhvvdhjddhdbhdbjhonsbdvuhbqwnkqxsab
some-secret-jwt-key-goes-here
QWERTYUIOP~!@#$%^&*()_+ASDFGHJKL:"~!@#$%^&*()_+ZXCVBNM<>?~!@#$%^&*()_+"
cubist-by-studio-slash-production
asdfaiwuerbro27y3482bhjfbai34q2b4irajkshdfiq34t87trbfhbjksd
your-selected-JWT-secret-here
frameAntDesignToken
effeefewerfewrwqrwqe
#yoloMojeBi #sweg trolololo lel
codeworkrauthentication
this_must_be_a_super_secret
snimay-secret
secret_example
secretkeythoiemoi
IjTccFjAFvqYeNe9vuTOxHH6hu6vd4eiDCXumkGxDufKjmu4VGVN4h0ibIZx9L6Lr3KimVFiH05TUE4HPeQhhm01RcCfutq5Vlx
HLNn92qqtznZSMkD_TzR_XFVdiZ5E87oaus6pyH7tiI
pocassist
statejwtsecret
9b6de5cc-0738-4bf1-acs1-0f568ac9da37
lqOTTMi1wSphb7chGMfcHLCDZ1YHVFkdn6fnp0vj45U=
78sfdgg3t3gwv7avjheh43
X35rffWpS9BR.=^#LDt&z3ykYOd7h@w*
ilovetim
YOUR_SMASHING_JWT_SECRET
bXktc2VjcmV0
7tiqSgZY8kb8JthmoVoHWja2 
C57E160E9CE711D214BF4CCF407DE6C64FCF19A7C20E7C6D7C2FF18826A7E1AA
9b6de5cc-0731-edge-peax-0f568ac9da37
计算登陆的密钥
MnpuzsExftskYGOMgaTYDKfw
YmFuYW5h
jwt_secret_strong_xxxxxxxxxxxxxxxxxxxxxxx
DphJJcoCO2aXK666tq3d2AgMQ8gaugukKsUjKzMciA
jljcc8j3rq8fjec8jreijrcle
ZwfJtS3muY65CaeZ"
zzzzzzzzzzzzzzzzzzzzzzzzzzzzzzzzzzzzzzzzzzzzzzz==
jwt_local1234
SBVi5nVGukNnYA8GkfcANw==
QHM0ax3XAuKYeQJVIVnM9A==
FF9912A0D4C13F32C1E7831DE21B409120EDC35EFEA236D633B42485DFA004C8
TndzVnNYdjRZQ0FGOXN1eFdabVQ3TjZQU3ptb3VDREhxVnB6YlM1bmlCS280OWI3clRSRW13RmU2cm9Lc3dmNA==
NwsVsXv4YCAF9suxWZmT7N6PSzmouCDHqVpzbS5niBKo49b7rTREmwFe6roKswf4
vo7ZdrC5qIBvq1Mq3smVrlKfyLiZhzsw
mysecretkeytoencryptjwt
`q.%Spn#PqETS3A!n<4CaEAja6NrA$55Yxx2h;}z+S.e#N%,_wCc*5"4q{K>Ban[&`
135b8378904571a649516713c9b3bbffc14f3464a3131504aec324cde5327b4d
2k66QfKeTRk3MdZ5vpDYgZCu2k66QfKeTRk3MdZ5vpDYgZCu
9879879878787878
1592e2945cc2e8153171e692c44ceeffd98128be9a79b2d6
qwerty-123456
tuyen
HeLlOTheRE-gEneRalKenoBI
rahul
govlepel@$&
TOP$@&!!!
280ba7e4-d323-4232-8107-3b8c1b0832a8
PLACEHOLDER_PLACEHOLDER_PLACEHOLDER_PLACEHOLDER_PLACEHOLDER_PLACEHOLDER
ChangeTh1sToSom3LongRand0mString!!
8d0b2d7b81744cc99baa567353519ed4
somethingverysecretohyes
aaaaaaaaaaaaaaaaaaaaaaaaaaaaaaaa
ThisIsTheWebApiSecret
TW9zaGVFcmV6UHJpdmF0ZUtleQ==
wGxqIr4EFM5NQQ/SECRETKEYTOEDIT
woweewoweeeoweeeee
SomeWOwowow
your-long-and-secure-jwt-secret-key
MITSECRET2019
d859509273b3f89381f664760e6951336fc488d4f17fd2d26f76d2d6fe681aef
e14f669183c5cd41afbf146b7098154a14651dd30c5478a576ac67424d1c9897
ENTLyda6LI34qOgDLLe/5t79u8wPzgQUO7TwcDUxAIYOoITisNvtDnUKGmZ6zDX45MjJV0FYzaPD
IW9O1FWsRQ==
bf549f5188556ce0951048ef467ec93067bc4ea21acebe46ef675cd4e8e015ff
zti2hyI1ASJwVDmDHYnP
688f5d737bad920bdfb2fc2f488d6b6209eebda1dae949a8de91398d932c517a
2f9df4f86340e01aa7eff5b4457c56f8c5f27315364a6ef812355f63f63d0ced
$2a$10$42JbXnjOIeJuM1yelY5rYum3uXcFS/dCDOuaD0scHwU1SokNsQUs6
AyM1SysPpbyDfgZld3umj1qzKObwVMkoqQ-EstJQLr_T-1qS0gZH75aKtMN3Yj0iPS4hcgUuTwjAzZr1Z9CAow
a0a2abd8-6162-41c3-83d6-1cf559b46afc
\u52A0\u5BC6
a234567890a234567890a23456789012
your_jwt_pass
MAKE_ME_SOMETHING_REALLY_LONG
DatabasirJwtSecret
make_me_something_really_long
!@Andrade#$%¨
wtSB6bFrfJWLBmfhtyJbpF1L17F7XrGX
change-this-in-production-key
123456789654564564dsa65f4s56d4f65sdf56sd564f65sdf65sd6f54sd6f
Anzdz9l4TG8N5y18oaTDueqJQca1aX7loaz0U8Hz
squadjoaquina
NmWgbwC5YOdGwJsTTqQf
u7x!A%D*G-KaPdSgVkYp2s5v8y/B?E(H+MbQeThWmZq4t6w9z$C&F)J@NcRfUjXn
secretjwttokenkey
8sknjlO3NPTBqo319DHLNqsQAfRJEdKsETOds
BQby6J0BWgJHTF0yE5OO8/+CMSqFINbh7LbiLNno8yVCt787DdsfTDOAjfMrHL46SKjwB8oj6XMAGdwGcs+ZgA==
><?":{}+CVBNYHB_)(*&%$!~~!@#%^&*()GVBNSXCVbwerfghjk
sealeiei
MHYwEAYHKoZIzj0CAQYFK4EEACIDYgAES5X8XrfKdx9gYayFITc89wad4usrk0n27MjiGYvqalizeSWTHEpnd7oea9IQ8T5oJjMVH5cc0H5tFSKilFFeh//wngxIyny66+Vq5t5B0V0Ehy01+2ceEon2Y0XDkIKv
9ef80c644166846897f6a87d3cf6ab204d144229
yadajwt
dejavu
asdasdasdasdasds124i5238-jfk093j42,fm-a9jre2rfomj3-0wmmjnafasfggsdsdfkmnmqwebn
TbLGyEzSkkY3RRBzEQcnpXzEdmttWvoIPcb7kX4BMEwLIBmMaWB1Ocfjs1Bktcs
_SEMS_JWT_SECRET_201708240805987
acd562fa-f9f8-11e5-9f75-036ceef12fc9
A3S5566B54703343367639792F423F4528482B4D62516C5468576D5A71347437
movies_jwt_secret
aDj9oGoq3wDevudOXmxj4e
 a=K$=&5v
 proselyt4
otherpeopledontknowit
3mvVp3~MrWae_r1sen36j93u_zcFJsMf
zY5MzUxODMyMTM0IiwiZW
0d47652e-37a1-4776-bb74-a9cf5f0ec9d5
diskbpk
kj3hkj234j3h42jk4h2kjh4kj32kaienrufa8789v7bm9bmtma8gs798fvnt7srt7nvr7ntv9aen7vav7ta97ta7
E)H@McQfTjWnZr4t7w!z%C*F-JaNdRgU
randomgeneratedstring
1756174331
EnUnLugarDeLaManchaDeCuyoNombreNoQuieroAcordarmeNoHaMuchoTiempoQueViviaUnHidalgo
UnMTH4QvAAp0BLYyEmdXYjoAOv4biHW4
lgdfjgdlamsvcnls
bbbbb cccccc
Chiave segreta (lasciare vuoto per disabilitare)
0x64charHexEncodedSecretToken
aaaaaaaaaaaaaaaaaaaaaaaaaaaaaaaaaaaaaaaaaaaaaaaaaaaaaaaaaaaaaaaa
4c2ad520-f177-425f-ab7f-64c5e2b1c2c8
EWalletSecretKey
ce23d1aezoosah2bao3ieZohkae5aicah
youShouldReplaceThisWithYourOwn
conversiontooldb
gldskajld435sFFkfjlkfdsj
*kgKvcwda$szu7XaAzKazzB##2qYnKqL7FnNWkX*9$c6PQJFp@jkFhRV#wGIFRdar9MdITjBCCUu*k#Z#T2ek&AHHx8UwWU*3j%fqLkUzR6QcmI!WUGE9
special-secret-key
SecretPassForCookie
tkt
my***secret
3pilar
111111111111111111111111111111111111
uTq6sT5KAE6g3Z
fa27ef3ef6570e32a79e74deca7c1bc3
someDummy3245SecretForTesting
RYkxKuhGkzvIXHLUiMJlFt1P
ezPv8iPTMSDpvlqFx+Tv5D4xDaOCl9eNbwGUj+Udr+s=
4N7ECAZB9KSQGSXELXAPQSMRABVXADYWBRXU5XM5WPNR9JDTXC
bU2-sD4_fT2-qK3-dO2hN5+iY2mV7+
please_change_this_value
very_secret_secret
&#34;/tmp/jwtsecret &#34;```
reallyreallyreallyreallyverysafe
HelloPAI
pZTvJiRKEzXWa4DYNn2FNIxM4o/ndefyq4GzeunYICQ=
 ad5b102595dc54d979a07579c4615c8778f9077d8cd443ab9d91abb80c75c0e1
Puje
DD264110-3A97-4348-9473-6D50B582550C
3d8e06065426
TQ2MNWIB2zK0z9JCqUC6WcTG9pMTnX12CLuVSop5Xr2owx4M9JTJIzBnMMYeWwRs
mahFensySecretKeySandwich
abctqkvn123
doctorMicroserviceSecretKey
pecuniaPaySecretKey
hellobuild
a_very_important_secret
kzUf4sxss4AeG5uHkNZAqT1Nyi1zVfpz
62eb8c48339aac7038596066bbdd0e59e2cdc337b309d6fd7837d33ecbefe1ce
Orpj8fbfW8FIToxEjzSjMY3NUxWskuTiEOTbppdGeNmleWAofaVMueDB8zVM9o1HTMcvuao9vpqE
sadlfkjsfk
s$c$adv
jdxnh7664654fcfcf@#$cddcedd
REPLACE_WITH_RANDOM
w2etT+EELYTaHNh+cdw6nw
evryone-have-their-vulnerbilities-but-this-app-has-no-vulnerbility
7l6dds5z2egrfcw01s6e78arte48067
4j-N-rYqT8cWfNX5cH3-iLTnIj4Nh4RHecJzhjNWFL4
flykey@2023
3t6w9z$B&E)H@McQ
JC7qMMZh4G
omollodev
i-have-no-enemies
Sh3 7S3#2 &1hjS82 3hjS91
jhfkjhdfkjhdkjfhkj
9688d6471242075a4cc3e9e68bb5bfa91409daef490178fa51d278b2595d481046efef687e889201fbc7437a25a2b214bf95548cc90a5f76841b1cdd7bf32c6e
Thisisa$ecretJWTToken
kajan47
pomato
anT96altFrAq2LctU56XXLVMlr9m3ucKYx1yTxBfWM4Ml32yfnRouZWXfsben52gTP4vwn0mZveFVfavjMxuOH2n1WrPfP1On3BQ
MNcvc6y5l2%1
supersecuredsecret
0x7365637265747365637265747365637265747365637265747365637265747365
arottenbranchwillbefoundineverytree
0xfad2709d0bb03bf0e8ba3c99bea194575d3e98863133d1af638ed056d1d59345
jwtSecret1ChangePlzZzzzzzzzzzzzzzzgopgogoogogoogsodgjsdogjo
76397924423F4528482B4D6251655468576D5A7134743777217A25432A46294A
t9DqS47x+Em9b8eGnI0O7sWH5PS86IwRL4JjZZ7AKHO1IDBTbcy6Sg/MdY5CMhNl
happyjava1234214214asfasfasfasdf
aLongSecretStringWhoseBitnessIsEqualToOrGreaterThanTheBitnessOfTheTokenEncryptionAlgorithm
yodadoornotdothereisnotryyodadoornotdothereisnotryyoda
VdsRmjv1fjZBPoueLIeainpUcHzUR5LvXYBdaSz6WsRaRLe0/4zUZIXFfs/rH/pXs2pHElCqC6BFDzsJPf5dN+Cdy4RIlXd9MfJOcZsWbPn0SU/jYPmdVeDg5cmTZjCQT3SJD7eNz2ez1qtejyd3KxAYNN8+5mBfKFvrtvWdbfe9/WoQ9g4kvWqK/0QPtNfdoG0PQRWZaUc9jfezZvbr0fBSLkFyjvaxEQimYIpdtz9XtIOCua2N3fb7u44gFhgboePBkSsFEYn9uhW27S8iek2aZD5HoW8RtwZXcWBBpiPo6ohrtXouiCUVOldgyeV+IXu1MH2dp5RkhNio8Dyot3vNir6orKZO+0ru6b2P1xU=
 1bHO0iXdu2GfRE1Lj0GMSTrcv5U2Xqy0+VDViviWOh4QS9t1q69NOWD20nZO5/o6UyKUKS7w8pkpygfN9XF1vg==
jedf54sd8f4rwerwer56hjh
SoADZKD6oUHQ0IPk9qYgmANwxV9squl3925wqw49h7U
aL8ei2iereuzee7cuJ6Cahjah1ixee2ah
some_metrics_secret
wY3f28d8Wq4md2dNuXPHEdUccv2YWbKf
keepjwtsecret
SECRET_GOES_HERE
Ak0WcVcGuOoFuZ4oqF1tgqbW6dIAeSacIN6h7qEyJM8=
YouReallyShouldSetThisInConfigAndNotLeaveItThisStaticValueExampl
rigsecret
EXAMPLESECRETasdasdasdasd
YZP0iv6gM+VBTxk61l8nKUno2QxsQHO9hm8XfeedZUw
beast_jwt_secret_SUPER_STRONG_0x100010000100
16f8c0ef4a5d391b26034086c628469d3f9f497f08163ab9b40137092f2909ef
44fe431cdc896ccab691ad0599f4e0a12690ce1ededebe57b825823bc6b4d24f
0246d73b8a1cf-dfa7f075-f2f0-4f14-b1bc-5b08a3fc6513
elsecreto
b646da86-2648-a663-ce2b-f26489a663cce2b
hjuhdk_jjdkdh763nnjhf
80AiE6Lul5tzO1Lm1Zwd1ayamScTspATlTNnB1eRsRSCldnyd8L02lYZJ2cKtZ4igjsPErQeUbXNRXOW5QpQ1mUMD23I4IWMBzYWBDmr9xc38kXFyNaBNm2W31kitaeI6PHdkcUN7KC89Put2jdri6ED-xZG5JAbqEg4GDEOwSRCnIcfWtO_nskls0qlPN5hWfQTzFZz-8veJowwKjrF_2xHV-0LDnAX5nX3qRbzmwFDIPvCDE0Zl60Ov8_IB2gN28tP-epouzdeZFd45uaB3MrDSmpuHRm-RU_vsU6tPLTLmCYqKxxB2HCZQ37OaaZMOyVQiN6jCDG293iRlsnJoA
jwt_secret_1234567890
Rohiht@dh&%*$9@jdhin
grissa
KENDI_JWT_SECRRET_ANAHTARINI_YAZ
 ADD_YOUR_JWTT_SECRET
sampleSecretKeyDefineYourOwnInEnvironmentVariable5123456789012345}
cQxeGTWVzpMSdBQumQTPc7HZGDZQZtj3wTGYwk8XEK3hb7qLphCeQebfNbwJPFNkfPF9T93B72qMnn5URjM5XkFq3upGYmSvMDJ4skz9pWqxYdFpAgXhWzq375HChQKvaX3hLacc9dM3eJWRyyDzjCwxGtTzgJty4WNFRrHsqTdsmaARz4efNwAGjq6RdeJfuFqLYuhaHH4jQDsNZqXvcYPYvV5m2dX5akb5EWhdPtxHpqYu7GHBc34EFwrdSSCu
anTFeFUMzwg9daJTzYfh377wsqBuKaUXs9DbqjR3JvRcbutuSvaB7AedGs3xzsGCcZGfBknMZnxQ5NTyhtKtUrJJ4ZEp68b94puUfGzaCj3SFakmf8PvMaZ3RSucScyt6y777bMckbjctTSM3zTtuuYahgdWJ9WHgr54vkFZtrsDeZd9PmEr5m56AauRfAhYpXKGbpqNr6v9ADumhTYQKAGHGxYe3YVxjpHsBYP7LdRcW289wLf4eZzH8KNTS8rh
CaLkeqVTmwxgXkxuqnQmUsvkLVvdhgHVHifRwhJDxkPossNQdUjBFtnYPXGsYjhpA
34ðhiÏ7wßœ6whe²³üherh__@290Ð3g2b3¢b9eDÞG@#t23tsd127ø
asdf97a9s8d7baodfbhoda8f7g9adf8asj
Your&SuperSecret+JWTSecretToken+123442534234
dGVycmFjb21ub2RlanNpbmZvcm1hdGljc0AyMDE1MTIxNw==
t7f64h85478td6h49tf
JWTForKey9982
12345@Qawesome
0a6b944d-d2fb-46fc-a85e-0295c986cd9f
13ab4307-a6de-40fa-b15c-d1ffaed0610d
4715aed3c946f7b0a38e6b534a9583628d84e96d10fbc04700770d572af3dce43625dd
D837131FD17F62CB85FBD5919563086369691F4D42379C3596F811839A8992CBA1FBA88DF243BF2481940F112D339C33283BDFEF29A13612550EDAAAB7B5E061
irJ8EZnmUtliF9dFjL5g
F1n7hEcH47
"======================BezKoder=Spring==========================="
ZjY4MTM4YjI5YzMwZjhjYjI2OTNkNTRjMWQ5Y2Q0Y2YwOWNmZTE2NzRmYzU3NTMwM2NjOTE3MTllOTM3MWRkMzcyYTljMjVmNmQ0Y2MxOTUzODc0MDhhMTlkMDIxMzI2YzQzZDM2ZDE3MmQ3NjVkODk3OTVmYzljYTQyZDNmMTQ=
0e4253ef-5e4f-4d62-8eeb-c80e36a68c8a
66a6793747830fceb83801a2f66b634206014a82
kl-AHSfdlk-jadshkjlasdf-lkjAShdkjS
bXktc2VjcmV0LWtleS13aGljaC1zaG91bGQtYmUtY2hhbmdlZC1pbi1wcm9kdWN0aW9uLWFuZC1iZS1iYXNlNjQtZW5jb2RlZAo=
NjhiMjdiYmU1OWU2NzdkZmVmMjg5YmE4MDkwNDI2ZTBkZmQ4OTdjNDMwZTkxYzQ2Zjk4YTg1MDM3NWE4MWJhMmQ5MDcyZWQ4NjM5NjBhMzBkMmY0MzczMzNjYjkxOTY1YTJlMDcwYTZjYjc1NzQ0NjhjNDM5OTc2MDI0NzA2YzE=
a;lskdjf;laksdjf
ZTc4MDRhODc2ZDczOThjZWU3MWVmZTUzZmY0NDMyYjgzZDhlNjc0NmE5YmZkOTk5OWUxNjcwOWY2M2JhYTI0Yjc0YjFjOTEzMDE1NGFhNDU1YzQ4ODdhZTAyNzJhNjE0Y2M4YmM4MjM4MTk3ZTQ2MjhiYzNkZTQwZGEzZTVjNzY=
PickAComplexString1337
t4sk4p1s3cr3tk3y
eXI1NiIsInR5cCI6IkpXVCJ9eyJzdWIiOiIxMjM0NTY3ODkwIiwibmFtZSI6IkpvaG4gRG9lIiwiaWF0IjoxNTE2MjM5MDIyfQ
345J2H34U5B3HI4B6O2Y356B25J34I5H24UHU34H524PUH467N8
ptutSecretKey
aReallyJwtSecretKey
ZoroIsTheBestSwordsman
832p13c2ny_k1uc2
CHANGEMELATER-JWTSECRET
hiuauisdty76&D*()A*(D)^uiasuydashdiuoasyduif78atasflaskja
ChangeMeForProduction
6b9815c78f90ba692b65d9d7a0c487c309706df2
ac2bdc081f9e4719934d4ec04e2fe58b
455e1315207269bf7ba9685bdba93b4ff0224ba0
KratosAndTheBoy123
123456789012345678901234567890123456
HEDFstcKsx0NHjPSsjcndjnckSDJjknCCSjcnsJSK89SJDkvVBrk
ERMN05OPLoDvbTTa/QkqLNMI7cPLguaRyHzyg7n5qNBVjQmtBhz4SzYh4NBVCXi3KJHlSXKP+oi2+bXr6CUYTR==
krystian_jwt_secret
cwsMXDtuP447WZQ63nM4dWZ3RppyMl
H1teNDQcxrkxKl4vmql
ilovemypizza!
thanhtpham
lagoon-core-secrets
Arivin
CSEN603ROCKSi<8SE!
IAmJwtSecret
8QMIxwyCGe5U0NAj6Uei
ZDgyOWIxNmU1MGY3MDc4NTFjNzM0ZjM0OGI2YWY1MjJkZTM3Mjk1MDM4MmEyN2IyMzYxZDMyMWIyMzg0ZTYwZjBmYTQzOTg4MzE4ODk2M2EzOTg5YmVmYjAwMDZlZDU5NjRiNzBlY2ZjMGU0NjFlOWU0YWNjNjZjMDY2OTZlZTA=
ODM3NWVmMGJmYTMwNTFkODU0MzY5MTRiYTg3NGYwNmEzZDgyMTc5NmY4N2NiNmQ3ZDIwYWMwNTFmOGFhYWYzZjIyZTkzYzJmYjc2OGYyYjU2YjJmZTZjZmMxYzVjOTRhNjFkMTVjNzgxYmY1MDU1ZTU0NmQyNGZiZGEwZTA3ZDk=
YjJhMzBlY2U0M2ZlZDVlYjk0ODg5MzUzNDM4YzY5OTc3Mzg2OWMwMmZlY2RiNWJiNTJlOTliOWE2ZDZlMzlhMGVkNGM1NjMwOTIyZjI3NTUxNDBmMWYzYzY0M2ZiOTBiY2E4MTExMzg5ZmZiZDAwNDkwZDNjODQ5ZmUxMzIwNWQ=
super-secret-jwt-token-with-at-least-32-characters-long
12345678901234567890123456789012
zhufeng
Khleeha-Ala-Allah
lesson
frenzoitoc
limpids
inilabs
secretito
MGUwYmQxZmI0OGJjN2ZkMmEyNGQwZjM5ZTdkNTcxYmRhYWIzNjkxOTM1OTQ1NzQ0MjllMjdmNTg4ZWU0OTlhNGVlYmY2OTY1ODA2Yzg1NTBiMDQyYWRmMDhmMGQ5YmVkZjgxZDQxNDI0ODdjMmM0YTdmMjVkZTAxZDEwZTVhNDg=
SequenciaDeCaracteresParaAssinarToken
ERICKBATISTAPRADO
CCE6D56A991B1BD8846E7825B5D8B
strong_____secret____key
a-test-key
comartek@123
0a40028cd1635f8b044343a747e83bfe
bfa62541e70fb910975806585f93a4ea
testing-testing-testing-testing!
cipla_web_crawler
DW8jOOS4JC0zaseOb9jgaIYVsnkmVseHXhSgfICKBqNHuUJTmBB7dmpz6Bzcgqt
vexio-secret
lfanflaefknawelf
Njc2YmUwMmYxNjZlMzJiMmVmYjI2NzY3ZjBjOGQ2NjQzMTMzYzMzYWY3ODcyZDVmYjI4OTg0MWUyM2FiMmU4NTQwMjYxYjBhYzNkN2M5YWI2MDc1ZTU4YWQ0YWU0OWZjMDJlYjgxZmY4ZDY0YzgwZGFlZTA5Y2UzZjE0YzMzMmI=
MTU0MzNkYjY0N2Y5Y2U5Y2IxOGE1YjZiYTVjMGQ1YjVhOWI5ZTY5NjA0ZjgwYTkzMWVkYmJiNTY1ZjljNmEwNjFiNmU5Y2Q3ZTMxMTkzOGI3MTFiZjhkZmM1OTRhNmZlNDNjODI2MzQxMDAxNDkyZDA1MjliOTEyZThhZjZjZjM=
ZGNhMjhiMjkyMzk0YzhmYzgwODlmNGFjY2ZhNGI5ODJkNDg1OWUyMmU4MGVhMzJiMjQyZTlmNGNkYjdlNjgxYzY0Njg2NDUzODg3NjJiNGUwZDZmOTVlYjk4ODYwZGM4MjJhNjY5MDhlMTI0YWMyMzE5ZTZiNzhhZGIzNzJkYmQ=
bXktc2VjcmV0LXRva2VuLXRvLWNoYW5nZS1pbi1wcm9kdWN0aW9uLWFuZC10by1rZWVwLWluLWEtc2VjdXJlLXBsYWNl
my-secret-token-to-change-in-production
ship-in-the-harbor-is-safe-but-that-is-not-what-a-ship-is-for
 bXktc2VjcmV0LXRva2VuLXRvLWNoYW5nZS1pbi1wcm9kdWN0aW9uLWFuZC10by1rZWVwLWluLWEtc2VjdXJlLXBsYWNl
72194825d2b61204a1e49d9bcee3820569660c6f
607fc179ffa974d5082d2c85359820bab38ff1fa
rabbitsfoot
da4855bf92b81fafaa170ba2aa9757c4
df4eb72858852f57d15d8d6dd53b305e
super_duper
fallbacksecret
SmartHomeNG$0815
NTIxYjAzMWM1ZTllMDEzNDUzNmQ3Yzg2ZTZjYmZlZWEwMTM5Y2UxOTA0OWY5YmVhZDQwYTM5NTk2YTRhMTYxODUwNDkxYzgwNDBmYmI2OGYxYzUyZDZkNzZiM2Q4MWJjYzdjOTExODU2MDc2MGE3ODkzYWQ1OWJkOWVlYmVlMDE=
2b9cd98e
169d7886
b6af09f5
*A\"QXyajs$`K)qFB_%Q'8~mNG4y-M,QcuDq$7kgH$$6;Ssp&@n
-S(]VEjUc\u0003%7h:M
1q2w3e4r5t6y7u8\u01319o0pzaxscdvfbgnhmj\u00f6k\u00e7l
56fgyjfg56j^*1643\"5&667ojh8^&5449758jkn6468566f25
5791628bb0b13ce0c676dfde280ba245
61oETzKXQAGaYdkL5gEmGeJJFuYh7EQnp2X6TP1o/Vo=
7qn!@\"tQ(8\\W>#Wbu35)M\u0005X3
<any secure random string>
<some secret key>
>\"3(9;@Uf8hUPcWx\"?v\"2\\}@&7{U}!>}]2,^N1Gkwt;\\j]$LV/SH<4-O}@RHJ{h
A-VERY-LONG-SECRET-KEY
Add your secret key
CHANGE_ME_TO_A_COMPLEX_RANDOM_SECRET
D0ntUs3Th\u00a1$S3cr3T!
DOFJEO@DLEDK@@OEJFE52385239523LRJDJD9\"23452535325#%#%#
DgdfliyERbvd77\u00f1flgk\u00b7&%/&6dsd4$EWE\u00b7$%DS345345
FD1!$*NAJafr@@%13FFFADFAqp\u01795!Ad
GENERATE_NEW_SECURE_RANDOM_KEY
HolaSoyUnaClaveSuperSecretaQueNadieNuncaSabraParaLosTokens!\"#!\"#
J}:{\\k.^qxDxC'5d?h4WJbJL]v,(d!t&E7'Y/vpeEaHveTma'.@Pp6;5mSG92S
KLJASHK\"#!(W/EAJ#O9a8sd7)
Lzm^o>Q-lGO)xg1UcAcEtMaFN$XX\"m@T0FsbO3Rd!whxt*>e,6ej-XYBYAd.#BR
Lzm^o>Q-lGO)xg1UcAcEtMaFN$XX\"m@T0FsbO3Rd!whxt*>e,6ej-XYBYAd.#BR'),
Mememememmememexk\u00e5dkksokfopsekfskfdfpkapkdapwkdpakdpokpokkkKPOKPOKPKkPOkPkpkPkpkPOkPOkPkPkkpkpkpKpOKpOKPOKPkPokPkpKpkPkppkmememems
S#perS3crEt_007
Secret \u00e0 changer
SomethingNotEntirelySecret
TEST_NON_DEV_SECRET
This is an UNSECURE Secret. CHANGE THIS for production environments.
U,E<48\\*jLs7e'q\"6\"5]x4K/3AK%'VAdzG>\"WBSZAs{v&w7ZJ%
YOUR_OWN_RANDOM_GENERATED_SECRET_KEY
Y^$B,FVseZ~d,+mrP,#@DM4:U~BU6.=m9QDD+.U'yL\"bp-hTS#H+f;UR(+<xS%Hh
[\"=R{f6BzbU-W3hm
\u0000SOYCxBCv8GF|A^;
\u0002\u0001thisismyscretkey\u0001\u0002\\e\\y\\y\\h
\u00f1sda%%\u00b7\u00b7$$\u00b7%jdjasrg80(/(&9432$\u00b7&\u00b76
\u00f9'\u00e4p(\u00a9\u0012\u001a!\u0094\u008d\u001c\u0099l\u00c7\u00b7e\u00c7c\u0086\u0002MJ\u00a0
\u0422\u0430\u0439\u043d\u0430
\u5bc6\u94a5
^2ATkKP(T$n)P;H>z7./Yf!2z.^-@<}\\h**9)2Lbm[#z}ELwvU
__TODO:_GENERATE_YOUR_OWN_RANDOM_VALUE_HERE__
aaaaaaaaaaaa
aaaaaaaaaaaaa
aaaaaaaaaaaaaa
aaaaaaaaaaaaaaa
asdfghjkl\u00f1123456
b6af09f5
bZBc2sEbQLKqv7GkJD/VB8YuTC3eC0R0kRvJ5/xX37P=
bZJc2sWbQLKos6GkHn/VB9oXwQt8S0R0kRvJ5/xJ89E=
bZJc2sWbQLKoscdGkHn/VytuyfgXwQt8S0R0kRvJ5/xJ89E=
bar
blahblahblah
c292a0a3aa32397cdb050e233733900f
cOOk!e-$ecR@T
cf9b3588
d0w6Lq(cXUA@Mwp6+!^CQ;ZC7qMWz\\pi5Z.w65^\\YRAb.Cpnwb
dasfewwg589639652251515%$QE#T#$YT$UYU\u00f1sdxDXase324
delilahRest\u00f3123
dev
e951e5a1f4b94151b360f47edf596dd2
ehudyyfofyfhfezfizuozhddeifgy\u00e9duzgdeiyeifzyufrgfigztrfuyzgfzgzu
j*7Hsa#js0(a*1xv
j76h5PEMx3FIGr3caArJ5g==
jsksfnfisdjdsjsdjdskdfvmfdfs\u00e5psd\u00e42348ej383j
kK8Z<$hm8BxkujGM\n7N}{W34q`~H,XFmUcE]*dLXT`X#ty,\"y
m==?8AG\"Ik^str0}qxS_4Q%lsb~DUK
maclesecretedontjesuisleseule\u00e0connaitrezehahahahahahaha
mude isso em produ\u00e7\u00e3o
my\\$ecreEtKeY@123
n2r5\u00f15x/A4D*G-KmPdSgVkYp226v9y$B&E(H+MbQeThWmZq4t7w!z%C*F=J@NcRf
node.js Andrew Mead\u00b4s Udemy course secret seed 123@#$%\u00a8&*(~\u00e7
old keys here (for key rotation)
q.nF9L\u000b8gLT\\M:KxYd$#f*m#3`gJ*uZ
sW$q@re,q8w{eg!4+d-\\>xE3k+}5#WHZznQXdzf8=Znnddffdj7E)ApKV_ypd9_n(W-S%hd>83;USkU+aFwe+`5~c\\(KR?&PfsfsY~4t2VRBVu9r(p44z?_$j:yhS`Ms9(HjyYf/z9C[fcajn{n;<CXm{aF=S[U*:fXC@j[Tu~7z!~xm}Ua;2`Bs7DJRv#Eu*,dxF}%;P;7?\u000bx=D7qgyu-NLBKMnqQyaS!Z+g3?{NPUU_kHk<Jed;,f2RXV]]f+UC
s\u00e3o3hdaManh\u00e3eEuAqui
super secret key
tdJ\u00e7ld50=1jhKKl
temporary_key
thisISaSECRET_1234
you-will-never-guess
your signing key here
{SECRET_KEY}
}x\"aEZkk24cbXc$&/Q7cD6KtR]]^?4
nieprawdopodobnySekret
jwtSecr3t
guardian_sekret
YAMohammedAssallalouIEtoMoySekretnyyKlyuch99Mar5
keyboard_kitten
not so secret
development key
m yincredibl y(!!1!11!)<'SECRET>)Key'!
verysecrettestkey123454321
secretkey23456
smilegate_hap_kyuk_ha_go_ship_da
I_LOVE_LL
this_is_private_key_for_crud
thisissecretkey
2c89956d186a75693f2be77a79874107ed7fc7e2f860f0156abe8e2c20e5b12d
your-json-web-token
CTCHEN
mynameisaayushisharma
SSBDOASDIMOASMOCSMPCMSAPOMCA
43242355ghbvhh234bjjn
sdjlhagmlamlsdkfjgh
FAE8649B15526F4349498C51D8552452
Mh15O0JNMZVZhEO4E8sQVD9PWFeaBhnKPvUy
wRnjBKd}ECd8.'yqA8[cK44!pN5ay2yCQ]!_JS7m[c~-=tpak>t^HPukh=.d@HHc
asdfl9cqdfafds4a3ds29878f2
swempresarial2023*
sharedkey
fdasfkjlsadfkljsdah
EDJb34y267rv3Cu6ibupaWQBjOFM6escz8ht5gTVqly4OUd7nywdRXKNwwixeJ6toUpHCPmnSpIqFEB6hZvJGGGG
justasecret
INSERT_SECRET_KEY
O7mzVJbE1IhtNqFdXn8yRpswAe9jYl6B
ae732ca3cca8dbb8348d6a08ef65b9ce75e85d61ad820394e569472a4fc4295e111448394a9715b7a2207c14f57c3a248a97c8e767d1604c410e07be080d834e
84006397748da2821f7ad4689a6efafb8cf653581f623d2eb2436ff2944735f1bf6751b899c9c4589555171940076c3e850d054d144305b003d7f96bd334cf9d
faztwebblog
SECRET TOKEN STRING
Margarita
QUFLTOKENKEY
ABCD
notmysecret
hellob
process.env.jwtSecret
this is a secret
8Xn8@z&A3Bv%vG4#*E$z
mysecret123
jwtsecret123
erty
_secure|
biblioteca@ifsp
pierre_dev
keyboard-cat
so-secret
cookies
The GBA is awesome
rendrom
json-server-auth-123456
123456
123456789
azerty
1234561
qwerty
marseille
000000
1234567891
doudou
12345
loulou
123
password
azertyuiop
12345678
soleil
chouchou
1234
1234567
123123
123451
bonjour
111111
nicolas
jetaime
coucou
motdepasse
Status
julien
thomas
camille
010203
chocolat
iloveyou
iloveyou1
portugal
1234567890
alexandre
654321
maxime
00000
wxcvbn
oceane
pompier
12345671
marine
0000
maison
isabelle
celine
sandrine
pierre
caroline
elodie
olivier
mohamed
romain
badoo
football
princesse
nathalie
boubou
vincent
anthony
aurelie
caramel
dragon
sophie
amour
papillon
antoine
louloute
0123456789
sebastien
audrey
666666
emilie
naruto
france
987654321
voiture
789456
amandine
pauline
laurent
stephane
melanie
vanille
benjamin
chipie
valentin
159753
morgane
marion
sabrina
michel
aaaaaa
mar
cheval
samsung
102030
123654
charlotte
algerie
jerome
alexis
121212
junior
scorpion
toulouse
secret
lolita
melissa
clement
123456781
frederic
nounours
poisson
vanessa
quentin
summer.fruit
sandra
jordan
virginie
guillaume
salope
patrick
jessica
azerty123
Telechargement
mamour
aze
justine
philippe
marie
mathieu
daniel
jonathan
maman
laetitia
florian
jeremy
tintin
cedric
qwertyuiop
azerty1
etoile
zidane
pascal
NULL
startfinding
112233
juliette
nounou
moimoi
mathilde
222222
damien
password1
christophe
stephanie
nathan
12345678901
valerie
fatima
arthur
choupette
qwerty123
amours
dauphin
orange
6543211
snoopy
delphine
monamour
aqwzsx
jennifer
555555
prince
claire
147852
marina
patricia
zouzou
florence
789456123
bhf
bordeaux
mercedes
francois
1q2w3e4r5t
123321
ronaldo
internet
dominique
martine
abc123
pepette
samuel
franck
adrien
sylvie
scarface
YAgjecc826
bou
alexandra
noisette
1111111
arnaud
0123456
police
christian
musique
cecile
amelie
caline
amoure
987654
superman
michael
nicole
ludovic
emmanuel
tigrou
minette
7777777
thierry
147258
helene
catherine
mathis
00000000
chaton
carole
benoit
gabriel
101010
lovely1
aurore
AZERTY
pupuce
laurence
moncoeur
1qaz2wsx
777777
mickael
fabrice
estelle
megane
christine
abcdef
ordinateur
lovely
famille
monaco
hunter1
louise
alicia
rencontre
ferrari
guigui
victor
princess
bonheur
pokemon
matheo
147258369
123456a
claude
liberte
18n28n24a5
biloute
coralie
david
gribouille
william
adeline
nikita
crevette
calimero
robert
aurelien
123654789
999999
banane
didier
azertyui
fabien
lorenzo
bernard
madinina
canada
zoosk
basket
severine
christelle
gregory
espoir
bonbon
marseille13
poussin
matrix
cricri
victoire
cocacola
moimeme
joseph
cha
veronique
azertyu
angelique
696969
171204jg
poupette
yamaha
christ
cerise
karine
bretagne
martin
roxane
charles
1q2w3e4r
tunisie
reglisse
sylvain
ulysse
nenette
forever
corentin
maurice
chance
9876543211
chacha
matthieu
010101
lol
tonton
baptiste
sousou
456789
minouche
!
killer
fanfan
clemence
malika
princess1
tuning
nirvana
jeanne
vRbGQnS997
xavier
maxence
master
yasmine
qwerty1
matteo
samira
andrea
brigitte
131313
raphael
casablanca
yannick
richard
grenouille
secret1
charly
noemie
333333
italia
titeuf
123123123
romane
patate
123soleil
1111
florent
888888
olivia
nadine
victoria
morgan
barcelone
bandit
bl8LYGB0
moussa
lovers1
julie
margot
charlie
bibiche
chantal
senegal
capucine
tennis
monique
azert
souris
corsica
fuckyou
welcome
bisous
zxcvbnm
0000000000
qazwsx
reunion
margaux
francis
bastien
mimine
sarah
lolo
shadow
tortue
naruto1
chanel
starwars
beatrice
steven
ludivine
angel
moumoune
gaelle
dou
tequila
eminem
handball
peugeot
lionel
ophelie
corinne
titine
espagne
mon
guitare
friends
159357
0000001
kawasaki
michelle
marcel
lou
tristan
q1w2e3r4t5y6
stella
montana
carine
domino
mickey
mamadou
sniper
travail
lolotte
pirate
youyou
titi
hiphop
angel1
147852369
valentine
boulette
samantha
doudoune
jacques
cambiami
gilles
batman
poupoune
lilou
bambou
kevin
jesus
dimitri
didine
456123
tomtom
TMM
patrice
cassandra
toutou
alexia
mariam
manon
11111111
01234567891
floflo
portable
metallica
lacoste
lyonnais
slipknot
juventus
rachel
suzuki
car
canelle
nadege
qwe123
loveyou
sabine
11111
oliver
praline
fondoom
napoleon
mustang
sofiane
natacha
janvier
magali
michael1
moi
killian
aminata
444444
carpediem
55555
vacances
esteban
laura
forever1
paris
fsd9shtyut
angelina
pioupiou
tresor
iloveu1
amoureuse
amoureux
88888888
741852963
mam
123qwe
love
123789
mylene
freedom
L58jkdjP!m
pistache
lololo
212121
1234qwer
6hBf28W791
lucas
010
fripouille
50cent
poulette
seigneur
tulipe
ramses
emeline
mahalkita1
fabienne
sweety
picasso
poiuytreza
lapinou
monange
myriam
lovers
axelle
toietmoi
a123456
yassine
winnie
000
pepito
cachou
adidas
mimi
232323
qsdfghjklm
poiuyt
1231231
1111111111
stargate
playboy
agathe
jet
toto
qwer1234
gerard
spiderman
mat
blabla
marlboro
aqwzsxedc
angelo
joshua
pompiers
arsenal
monster
clochette
connard
passion
012345
rachid
truand
violette
ytreza
fleurs
bertrand
titoune
biscotte
champion
blink182
hardcore
johnny
marseille1
hotmail
emploi
merlin
drogba
zebulon
asdfgh
marmotte
charlene
bounty
man
francoise
dom
tamere
georges
123456789a
thibault
xxxxxx
namour
martinique
nougat
soprano
nicole1
toulouse31
bogoss
barbie
mariage
angele
canard
realmadrid
laguna
italie
phoenix
fraise
justin
diablo
momo
aaaaa
bouboule
youssef
mozart
claudine
marius
mathias
sasuke
dorian
paradis
mireille
merde
kylian
danielle
bon
ricard
cookie
6666661
laurie
albert
alex
nbvcxw
kimbum1
12301230
gaetan
tatiana
tmm
deborah
cannabis
montagne
marjorie
renault
enfants
vegeta
manuel
karima
cannelle
pompom
kiki
lulu
clarisse
sam
pretty1
ouioui
252525
9876543210
sunshine
angela
myspace1
monkey
yuantuo2012
melodie
mapuce
0987654321
sangoku
ducati
142536
linkedin
marley
juillet
sakura
carlos
aaaa
maelys
novembre
roucky
melina
badboy
parissg
salome
abcd1234
iloveu
compaq
denise
marguerite
mou
pascale
pamela
etienne
chatte
london
200
3rJs1la7qE
jesus1
fra
123abc
nantes
yacine
cou
cloclo
gaston
anthony1
mahalko1
cocotte
simone
chris
loveme
guadeloupe
asdfghjkl
pitchoune
mamans
couscous
toutoune
pikachu
leslie
qdujvyG5sxa
pauleta
choupinette
maelle
coco
tahiti
celibataire
poupou
madeleine
151515
charline
soleil13
philou
marianne
emmanuelle
camion
bobmarley
cho
ben
741852
diabolo
barbara
friendster1
socrate
0000000
fairways
nelson
joshua1
poulet
octobre
elephant
198
raymond
christian1
balance
solene
azer
roland
looping
liverpool
aze123
4567891
popeye
rebecca
syl
porsche
mylove
bateau
cheyenne
solange
maganda1
junpyo1
9876541
prisca
verseau
bianca
bamako
alain
7894561
11111111111
salut
laurine
freddy
panget1
nutella
5236
johanna
honey1
clementine
chelsea
rammstein
marvin
jasmine
cherie
butterfly
tarzan
subaru
flower
azerty12
7894561231
124578
renard
kirikou
fatoumata
ang
papa
michou
bestfriend1
angels
Eh1K9oh335
143441
111
nanou
athena
anissa
anais
cameroun
pommes
evelyne
ballon
monbebe
carotte
100
madrid
bigboss
moustique
motocross
san
mamama
decembre
septembre
josephine
popopo
cancer
ashley
jul
harley
zezette
geronimo
loveyou1
clara
141414
sayang1
papounet
joelle
trustno1
titou
1122331
titanic
barcelona
amitie
bruno
amo
blanche
246810
sexe
computer
renaud
fuckyou1
gabrielle
sweety1
cynthia
qsdfgh
tigresse
bebe
fred
antonio
hunter
lamine
khadija
garfield
007007
pierrot
lumiere
louloutte
diamant
cecilia
bisounours
xbox360
pourquoi
superman1
geraldine
ale
papamaman
sesame
null
avenir
tanguy
sal
sultan
1212121
lovelove
hornet
friends1
reussite
miguel
mourad
mmmmmm
benfica
q1w2e3r4t5
roxanne
lilian
info
frimousse
asterix
12341234
viviane
onepiece
lil
suzanne
hello
bidule
pretty
flo
magalie
jojo
afrique
pou
melody
mathys
alison
mel
securite
jordan23
silver
demo
vincent1
lili
paris75
michele
guizmo
toyota
jupiter
cochon
gwada971
enfant
8888881
120
muriel
202020
penelope
diesel
181818
newyork
josiane
logitech
magic
elisabeth
coline
canabis
warcraft
osiris
canaille
abcdefg
789
09876543211
joseph1
gilbert
000001
madonna
chloe
rosalie
pollux
pap
amanda
jessie
1q2w3e
esther
carmen
momomo
colette
bob
casimir
vampire
juju
1984
salima
pat
mousse
max
capricorne
sergio
geoffrey
tiffany
1985
tagada
fashion
dieumerci
charmed
CAPA
zakaria
mouton
maeva
tototo
rastaman
candice
ingrid
fleur
lucie
!~!1
serpent
blandine
scoubidou
mhine1
banana
rayane
voyage
jean
hassan
auxerre
cactus
hannah
543211
1982
1980
ronaldinho
chaussette
moumou
belier
110
020202
eloise
bernadette
virgule
terminator
220
militaire
bichette
francine
mimosa
jet'aime
claudia
1987
belette
abidjan
motorola
bijoux
1986
manchester
indochine
ibrahim
bichon
argent
250
130
mamanpapa
flower1
beauty1
nature
pimousse
moimoimoi
mahal1
foufou
annick
alyssa
210
framboise
951753
sanglier
george
parisien
labrador
tit
divine
boulot
amadou
taureau
lau
champagne
bismillah
fanny
cinema
annaba
852456
pastis
passe
google
mahalkita
12345678911
11223344
jessica1
cam
oussama
halima
coquine
chichi
mamanjtm
louis
citroen
val
therese
paulette
jerome1
170
monica
cyrille
camille1
3Odi15ngxB
1Fr2rfq7xL
michelle1
figaro
ali
citron
jesuschrist
babouche
liliane
aaaaaaaa
thibaut
nono
telephone
saphir
160
1212
sophia
lucien
louane
cendrillon
australie
maradona
lalala
benzema
scooter
letmein
creative
beautiful1
ariane
qwertyuiop1
lafouine
fre
ste
bouchon
windows
simple
loveme1
darling
coincoin
2222221
1983
philips
marlene
nic
marcus
hanane
grenoble
friendster
casper
197
kikiki
brandon
190
sex
baseball
vierge
richard1
jeremie
donald
MARSEILLE
9999991
pogiako1
lensois
hercule
gandalf
family
mamounette
ashley1
zxcvbnm1
yasmina
lucile
barbie1
andrew
september1
ponpon
facebook
family1
lolilol
karate
nestor
floriane
koukou
espace
cutie1
jayson1
baboune
lollol
fiesta
180
orlane
justine1
james
speedy
sol
mamanjetaime
LOULOU
1478963
valentino
lov
aqwxsz
alice
tamara
peluche
ismael
beautiful
jardin
spider
che
twilight
noncapa09
alizee
753951
normandie
maryse
199
prunelle
jackson
colombe
asdasd
angelo1
150
mirabelle
mariama
260
12345678910
sonia
mouche
230
madison
gregoire
tracteur
mic
gerald
5555551
basketball
patrick1
nou
latifa
esperance
chien
Password1
pinpin
loulou1
antonin
DOUDOU
desire
dalila
mistral
cuisine
amine
martial
fatiha
240
yvette
spirit
rennes
aurelia
270
2222
pokemon1
leeloo
droopy
mamoune
madagascar
doudou1
cameleon
159951
020
tokiohotel
armand
spongebob1
fevrier
1988
01020304
scania
prout
placebo
alibaba
ILOVEYOU1
q1w2e3r4
nadia
melvin
abcdefgh
roudoudou
nintendo
SKIFFY
marie1
history278
hellokitty
twingo
matthew
chocolate
a1b2c3d4
789789
140
rachida
555551
hahaha
atchoum
legolas
james1
batista
mal
cindy
tomate
myrtille
mot2passe
12121212
brahim
4815162342
meriem
leboss
obelix
hicham
minou
karim
apache
tiphaine
paloma
maverick
gwendoline
germaine
courage
panpan
ant
murphy
jocelyne
habibi
farida
147147
thebest
pas
manouche
diamond
calinou
topaze
the
dra
54321
simpson
nassim
mamapapa
leonie
jacqueline
sydney
natation
willow
undertaker
freeman
christopher
080808
yannis
wanadoo
tou
lyon69
gui
bestfriend
111222
gloire
choupi
soccer
perrine
lapin
ganda1
can
maimouna
contact
luc
counter
zxcvbn
jeanluc
242424
reunion974
rafael
iverson
giovanni
280
daniel1
soraya
jenifer
satan666
roberto
pasaway1
ka_dJKHJsy6
duchesse
strasbourg
neptune
nemesis
olympe
mer
dylan
mounir
mounette
chasse
a1b2c3
1973
zizou
toshiba
sayang
helena
blablabla
bel
allezlom
goldorak
fender
bonsoir
samsam
7fperlangel
newton
chi
marco
lola
jes
jaguar
134679
lucifer
enzo
maximus
cathy
azqswx
angelus
1976
mahalko
87654321
1234560
maganda
jeanpierre
hercules
dimanche
123aze
zidane10
marrakech
lionne
grace1
vendredi
963852741
01234561
yohann
toulon
taratata
ornella
maroc
fuckoff
beauty
p
orphee
nicolas1
marcelle
hugo
bab
1981
milano
golden
1974
television
romuald
pingpong
hubert
eric
bibi
789654
7777771
4444
montpellier
younes
tintin1
malibu
jamila
gloria
dexter
alexander
fregis
darkness
1979
ousmane
moustache
licorne
jonathan1
jasmine1
hermes
breizh
annabelle
simon
lechat
friend
coccinelle
pastis51
mohammed
jules
cla
williams
maman1
cyril
achille
magnum
emma
eliane
booster
odette
edouard
eclipse
maria
toujours
bordeaux33
0
sweet1
november1
friend1
calypso
P
159159
yamina
ricardo
nat
gisele
rodrigue
panget
lucky
dor
EFB
4561231
19871987
1977
melinda
malice
ginette
flavie
devine
12345a
mustapha
justice
sakura1
mai
harmonie
emeraude
bbbbbb
1597531
winner
voltaire
poubelle
popo
mot
jimmy
kimbum
angeline
reseau
laurette
cristal
321654
1975
060
thunder
pri
m
262626
sou
honey
147
siemens
pilou
passw0rd
par
louna
hongkong1
chat
cacahuete
1978
casino
tendresse
scorpio
nabila
sagesse
mylove1
mouloudia
avatar
mim
indiana
december1
violet
lizottes
kilian
fab
77777771
solitaire
november
min
joanna
francky
bond007
Nicolas
wilfried
tekila
khaled
jasmin
dragonball
dragon1
bienvenue
999999999
plaisir
mamama1
enculer
alfred
kenneth1
hannah1
femmes
cal
AZERTYUIOP
12344321
070707
030
wwwwww
paradise
biquette
bar
aaa
tweety
maryline
jojojo
bettyboop
ssssss
papamama
mayotte
flowers1
bonjour1
belle
africa
20102010
tititi
serena
salomon
matthias
lamour
josette
habiba
zzzzzz
phenix
chouette
bipbip
098765
yolande
julian
gabriel1
exigent
israel
picsou
chr
abracadabra
050
oscar
franklin
benedicte
antony
1989
19841984
potter
nico
denis
1972
101
040
rom
lolipop
hockey
gemini
1990
tartine
shalom
september
sarah1
nissan
mehdi
camelia
454545
viking
moulin
kahina
grisou
gazelle
ber
abcd
19851985
118218
president
oriane
nolwenn
merdes
grace
cor
bresil
anakin
1236541
zoulou
edward
SOLEIL
succes
mahal
infirmiere
angelica1
mouloud
macherie
290
winston
skyline
poi
flocon
confiance
trinity
requin
qwertyu
nouveau
nassima
kik
dounia
azeqsd
aymeric
7894561230
22222222
121
patoche
orlando
ninette
camara
963852
regine
poupee
eleonore
clovis
bintou
19801980
luciole
guismo
19821982
000007
wilson
shakira
orchidee
mimimi
Marie
300
qazwsxedc
francis1
dan
chouquette
brenda
147896325
vanessa1
britney
aaaaa1
steph
robert1
marilou
joujou
jeanclaude
egypte
coc
bogosse
090909
saturne
jeanjean
1971
1970
kimberly
ficelle
edwige
yanis
cooper
chienne
asdf
aladin
aaaaaaa
5555
1991
rose
pasteur
murielle
johann
doriane
dede
cantik1
201
revolution
patience
calvin
ama
pilote
jamesbond
djamila
blonde
angels1
19861986
naomie
crapule
arnold
verbatim
december
coyote
casanova
7654321
mangas
magique
basile
atlantis
assassin
987456
1969
1664
123QWE123
kimberly1
bra
kyllian
celia
amelia
twister
aaaaaaaaaa
456456
welcome1
sar
rainbow
poissons
pakistan
medecine
armelle
aragorn
zoubida
micheline
louanne
venise
samourai
marvin1
histoire
feline
171717
summer
mikael
gibson
yvonne
wolverine
whatever
spongebob
pomme
january1
constantine
caca
aur
123123a
seb
motard
landry
junpyo
genesis
flowers
a123456789
pipicaca
manger
florine
ami
abdoul
012
perpignan
eliott
cas
agadir
santos
rclens
pegase
passer
jennifer1
guitar
foufoune
danger
chouchou1
chiens
cayenne
castor
anaelle
1992
mother
fernando
cristiano
boudin
attila
anderson
test
slayer
october1
killer1
julia
fortuna
cassandre
augustin
ange
adrian
aaaaaa1
92k2cizCdP
153624
wxcvbn123
redbull
mouhamed
algeria
predator
papapa
harrypotter
fontaine
chachou
albator
00000000001
romeo
pol
patou
mor
mirage
manuela
malboro
123698745
prince1
pepita
jeanmarc
filou
1966
petasse
mama
gladys
veronica
smallville
gaspard
fidele
cyrielle
1qazxsw2
mars13
lolote
jayson
fantasy
abcdef1
poussy
lindsay
leonard
lapins
jenny
babylone
Guillaume
1
vladimir
nana
cleopatre
chester
cameron
astrid
3333331
santiago
cassie
bouba
ana
samedi
romano
jea
charlie1
7777
paul
parker
montreal
1968
191919
toscane
purple
maxou
liberty
eternel
docteur
crystal
theboss
putain
lancelot
babou
azazaz
adriano
sourire
rental
ratatouille
qweqwe
personne
pangit1
andrea1
020508
heather1
california
1993
you
steeve
sandy
azerty01
felix
eugenie
asd123
mercredi
judith
elisa
america
9111961
1zn6FpN01x
0987651
thuglife
manuella
ger
angela1
aline
abdallah
louisa
larissa
jordan1
boston
anne
alpine
060606
yellow
milou
cocorico
chevalier
196
14344
venus
pepite
mad
faustine
christiane
manson
lavieestbelle
boulogne
030303
massilia
kikou
djamel
soleil1
plombier
panthere
nina
kar
jeanpaul
gwapo1
ginger
azerty31
asdfghjkl1
anastasia
2468101
nesrine
matisse
linda
kekette
david1
cel
1213141516
zazaza
olympique
maureen
coquelicot
rafale
moiettoi
loubna
justin1
berenice
tom
sidonie
pitbull
merveille
dennis
boulanger
biboune
aissatou
2000
stanley
mamere
cococo
butterfly1
Exigent
pogiako
nan
linkinpark
ihateyou1
bonnie
amina
provence
petanque
meline
kakashi
cuteako1
celeste
abricot
oiseau
mercure
merci
lovedetoi
kikinou
jason
destiny
azerty1234
ILOVEYOU
CHOUCHOU
simpsons
jjcG16dj5K
donovan
psycho
marocain
manu
franco
sagitaire
lol123
legion
girafe
coraline
CAPA2008
marseillais
madinina972
loving
jumeaux
gwadada
cristina
christel
azerty13
laure
chiara
sodomie
peinture
electro
adelaide
16641664
12369874
spirou
samir
isabel
elliot
brucelee
beaute
isa
hermione
greenday
colibri
EFBCAPA2010
14789632
vietnam
qqqqqq
microsoft
jetaime1
asdfasdf
annaba23
wassim
serge
rastafari
nicola
mom
kinder
caramail
azer1234
a
NICOLAS
salimata
pppppp
playstation
mistigri
lauriane
genevieve
gemini1
francesca
benito
bayonne
april1
titouan
tigger
rachelle
pascaline
orangina
ambre
7418529631
456
ronaldo9
jujuju
heineken
eugene
stanislas
samson
master1
marielle
asdf1234
1231231231
totoche
nin
leonardo
diego
did
clavier
cheese
rodolphe
kenneth
hugues
hermine
2007
tournesol
sterling
qweasdzxc
lasvegas
khalid
hugoboss
bebert
amsterdam
natasha
lorraine
lauren
cookies
Sojdlg123aljg
070
sacha
pauline1
gauthier
doberman
888888881
753159
sirius
res
pepere
babyko1
sardine
portos
poison
nantes44
morpheus
messenger
larousse
jenny1
indien
davide
darkangel
dallas
abdelkader
&é"'(-
janine
hitman
computer1
chonchon
1233211
050505
taylor
solitude
nounoune
100000
system
polochon
kaiser
heaven
gil
demarrer
chicago
alpha
mostaganem
gendarme
femme
disney
Dqu
1965
qwaszx
monalisa
mario
juninho
eureka
booba
asse42
080
westside
trompette
tornade
panasonic
oli
noumea
mafille
kevin1
emilien
carambar
ann
jesusc
gladiator
del
cupidon
cherry
amaury
234567
19831983
volcom
techno
anubis
121314
sylvia
sucette
samsung1
oxuhlaa
mounia
mendoza1
kevine
frederique
excalibur
1964
1472583691
090
zinedine
voitures
qwertyui
marinette
l
constance
c
annie
abc123456
1a2b3c4d
toupie
teddy
por
libellule
germain
bibou
bernie
babeth
alexandre1
theo
rallye
poipoi
julius
intellego
1967
123789456
rugbyman
pepper
mexico
djibril
bobby
berlioz
babylove
babygirl
attention
artiste
warrior
ronnie
prudence
nordine
miracle
melanie1
college
raymond1
mikado
gerald1
gandako1
erwann
buster
azeaze
arlette
6969
1a2b3c
thomas1
sirene
qweasd
peterpan
niketamere
junior1
gfhjkm
genius
dracula
1010101
sasuke1
october
manolo
jeannot
jackie
gillou
crocodile
coumba
aventure
ahmed
yahoo1
vivemoi
ver
raptor
pau
nokia
lafamille
inchallah
corine
catherine1
brutus
black
benji
789123
rugby
romaric
jeffrey
denver
carter
19891989
simple1
sha
ronald
marlon
francesco
esprit
elise
coeur
abeille
1010
010203040506
rencontres
nothing
junjun1
heloise
eri
commando
bib
b9399f21060d4b5fcb6d3cf5fea8de
angelica
abdoulaye
sexsex
ser
salvador
recherche
pigeon
moustapha
melody1
christine1
chicken
bouchra
animal
ananas
alphonse
221
whisky
rihanna
pepete
okokok
marc
darkangel1
charles1
22222
theatre
ibrahima
hendrix
azerty789
azeqsdwxc
asshole
456321
tictac
lucette
les
biarritz
all
282828
yoyoyo
volcan
ulysse31
safrane
mag
madmax
lucienne
elizabeth
19921992
silence
pass
kissme
grisette
coquin
converse
cinta1
anaconda
1q2w3e4r5t6y
1230
1122334455
&
proute
dia
boysoverfl1
azerty123456
youcef
volley
tony
moncheri
lakers
fat
chateau
2006
robin
patricia1
laposte
lam
fuck
dod
bryan
aspire
Id6c3wr6uN
313131
1963
131
yoyo
steve
shannon
dddddd
456852
123456987
van
sephiroth
mamamia
maldita1
makaveli
ihateyou
hichem
cheche
blacky
7895123
272727
spitfire
milanac
marilyn
herve
beb
tigres
qwerqwer2
pompon
platon
pavilion
marlon1
libertin
hector
garcia
chevaux
benjamin1
amande
321654987
yan
personnel
mil
facile
arsene
samantha1
ren
myfirsttopic
mis
mhine
jasper
football1
filles
einstein
didou
corvette
amazone
william1
user888
rasta
moh
minnie
coucou1
159
151
sangohan
passat
musique1
don
cartouche
batterie
azer123
alexis1
19881988
sporting
simba
kelly
gre
general
cdfolie
carla
calibra
antoinette
alaska
310
piscine
gangster1
fucker
con
1962
sahara
johncena
dorothee
cool
111111111
salade
priscilla
pop
nini
kingkong
kenzo
kangourou
john
fripon
bella
sup
spartan117
sephora
rosine
playboy1
packard
music
maggie
katana
jesaispas
informatique
emmanuel1
bureau
beatles
torres
maestro
jeffrey1
idefix
cassis
yannou
vaches
sweet
pirouette
festina
fatima1
deathnote
croquette
bre
andrew1
alexander1
231
yijeong1
europe
diallo
christina
caramelle
babacar
aprilia
amadeus
061
thunder1
stephen
rocket
redouane
pom
malabar
jessy
glamour
gangster
fbU89bxx5F
falcon
evolution
douglas
chacal
annemarie
abcde
1994
1234abcd
sharon
sexy
pie
peaceandlove
pantera
nougatine
filsdepute
dreams
desperados
cannes
borabora
bla
andre
albert1
19811981
171
141
pierrick
houria
dennis1
carolina
betty
Password
nonono
mlkjhgfdsq
mercury
jer
cle
cheche1
brasil
beyonce
5555555555
445566
2345671
moustic
mesenfants
leeminho1
jennyfer
january
dakota
beaugosse
2323231
tra
palmier
narcisse
lolololo
lollipop
hayabusa
asdfgh1
aristide
allah
Doomsayer.2.7mords.VV
0icOtpd785
violon
tamtam
nounette
garcia1
dolores
565656
55555555
161616
sab
mafemme
love123
jayjay
gringo
1995
0808081
vacance
trouducul
success
sta
judoka
fantomas
cantona
bhebhe1
august
romeo1
q1w2e3
oran31
mamita
lilili
kassandra
goliath
daniele
clarinette
biologie
bil
bejaia
258456
1123581321
10101010
pivoine
pioneer
phiphi
oooooo
madina
iphone
fan
dorine
chinois
1236987
yahoo
taekwondo
skyrock
mystere
martin1
huguette
ghislain
etoiles
didi
cuisinier
akatsuki
a12345
melissa1
liline
lea
jesuis
hello1
gangsta
caroline1
007
stephanie1
salama
pinpon
norton
mommy1
ilyass01
destin
dedede
dadada
connexion
chasseur
calogero
austin
321321
raissa
password123
olive
limoges
cowboy
allison
alcatel
Alexandre
2010
198500
123456m
single1
rouge
respect
patapouf
lunatic
loustic
laulau
jjjjjj
jackass
flavien
fernand
cherry1
cacaboudin
azerty0
567891
kkkkkk
flores1
chris1
cestmoi
bleach
amour1
987456321
19931993
ronald1
polo
nanana
manager
lorient
julius1
gitane
gendarmerie
ganda
francisco
ffffff
batman1
albatros
warren
topgun
racing
mister
miranda
ismail
crapaud
choupinou
bri
badoobadoo
UtUB
totototo
scooby
schumi
raymonde
oblivion
lealea
khalil
ines
hannibal
games
espana
demain
broken1
bouboul
bal
Marion
778899
4444441
10203040
015141
onelove
marthe
heather
english
emotional1
ecureuil
cherif
antoine1
and
aicha
654123
2008
1598753
zaq12wsx
walter
vince
ronaldo7
rocky
pharmacie
kenshin
fatouma
charlotte1
capitaine
bouddha
bambino
audia3
arcenciel
tiziouzou
newlife
londres
linkin
labelle
interdit
gilbert1
diamond1
corrado
charlot
200000
virgin
malade
kimberley
her
fredo
diable
destiny1
6666
123456123
noelle
mignon
losangeles
hamster
florida
esmeralda
elo
dolphin
concorde
ala
SZ9kQcCTwY
77777
12345qwert
string
ourson
lisette
ladygaga
greg
country
coconut
cocaine
carrefour
cacaca
bigoudi
azerty69
annecy
scorpion1
scorpio1
rosebud
mandarine
lunette
leoleo
kaka
jesuisla
honda
ghislaine
garance
emi
darwin
bobbob
bas
argentine
adrian1
abc
8888
2CxdN8S271
241
univers
trahison
thx1138
ribery
rebelle
porche
bismilah
badboy1
aaliyah
8524561
123456q
suisse
selena
rustine
roller
lover
lorena
euskadi
daniela
dadou
bonjours
batard
1236547891
virus
minoucha
guitou
freestyle
boulou
01234567
tecktonik
sullivan
serval
pro
jun
honorine
hello123
happy
douceur
carlo1
babette
alouette
allah1
abcdefg1
phoebe
maxwell
mariame
mabelle
lesbienne
kabylie
ham
delacruz1
dauphins
col
cigarette
action
warhammer
turkiye
saucisse
pasaway
mesamours
mailys
kathleen
julienne
jade
fortune
eli
choucroute
celtic
caramel1
avignon
aramis
annette
a1z2e3
Marine
reggae
polopolo
nad
julie1
henriette
godzilla
emm
dexter1
cat
bibine
ban
august1
anglais
12qwaszx
versailles
sandra1
routier
mas
machine
lor
ethan
diane
beckham
aikido
77777777
198600
123000
ros
qwerty12
karen1
jeanlouis
jayjay1
hhhhhh
gwenaelle
guyane
francais
ferdinand
dudule
delpiero
chocolat1
auguste
2001
1593571
14352541
titus
sister
rosette
petite
moustik
malcom
l6ho3tg7WB
jumelle
juliana
fouine
eunice
erwan
clotilde
choukette
bibibi
666
0007
skikda
pitchou
marocaine
lestat
kucing1
hahaha1
daouda
987
211
2011
vic
rachel1
pouetpouet
phi
kamel
ibanez
encule
cutie
alvin1
zaza
superstar
quebec
porcinet
number1
maya
marine1
mahmoud
iceman
gertrude
england
dada
colorado
aquarium
abd
001122
wassila
shadow1
saxophone
roger
pologne
maitre
lapine
hamza
flatron
conard
cac
brazil
blaise
berlin
EnsiCptfcorp
76543211
19781978
181
virginia
kangoo
jocelyn
gordon
fitness
CAPA2009
13579
spiderman1
sorciere
matthew1
l58jkdjp!m
killbill
jandi1
haribo
danica1
cartman
bor
armani
222
zorro
wesley
verite
triskelion1
tagueule
mike
mamapapa1
hermann
flores
caribou
cantik
bubbles
belgique
bastia
azert123
agnes
0123
willy
vulcain
tigers
testtest
soukaina
scenic
santos1
nnnnnn
lolalola
leo
labtec
ironman
girondins
diarra
cosmos
caprice
bubulle
bidouille
bautista1
Romain
Jean
19941994
wallace
valentina
sports
spartan
rabbit
midnight
karting
hirondelle
fernandez1
dar
celine1
callofduty
barney
alfaromeo
ISABELLE
123qweasd
040404
tweety1
soufiane
snowboard
regina
qwert
proutprout
prosper
pharaon
peter
paname
oceanne
ninou
maricel1
maissa
maiden
gemeaux
flipper
fernandez
energie
dragons
debora
caravane
avril
angie
P@ssw0rd
1478521
soussou
panzer
ninja
marathon
gavroche
garage
france1
bienvenu
ame
1478523691
vivien
passes
nounouche
moitoi
loverboy1
jeffhardy
handsome1
gustave
dalida
chanelle
traore
sasasa
rocknroll
rasengan
karina
dragonballz
chocolate1
carpiste
Pierre
Antoine
2002
1472581
11794591
winners
valencia
titounet
satanas
saliha
nousdeux
nanard
kadiatou
hesoyam
ernest
cacapipi
australia
access
555666
303030
1313
021
01234
tribal
sergent
radiohead
pussycat
printemps
philip
mahalkoh1
gggggg
farouk
digital
coluche
carlito
belinda
azerty00
axel
a1z2e3r4
1234567a
vin
sexygirl
martinez
malick
loverboy
lisa
liberta
istanbul
daisy
cccccc
cancer1
booboo
astuce
anelka
99999
784512
69696969
00112233
scotty
kenza
harold
gonzales1
element
boulet
benben
angers
PASSWORD
9999
123987
tralala
theodore
sierra
robinson
ram
pascalou
monfils
mobile
jamaica
february1
django
chopin
baobab
avions
aurelie1
LOVELY1
Isabelle
191
1237891
soumia
pokora
messi10
maries
mahalq1
louann
fifille
des
com
azertyuiop1
azert1
amouna
abraham
Vincent
787878
555
yann
vanina
tania
plumes
pitchoun
lucky1
lonely
la
joanne
jeanmarie
fromage
fleure
djerba
christ1
captain
biscuit
anarchie
alliance
tanger
skywalker
school
nouvellevie
nanterre
lin
je
isidore
ghbdtn
ganesh
dav
capoeira
azerty59
apple
THOMAS
D1lakiss
261
2005
135790
011
teresa
stalker
slipknot1
nuages
nathan1
escalade
brice
billy
198200
1959
0668321435
vectra
super
psgpsg
nelly
momomomo
medina
mae
lululu
jos
hollywood
hel
forest
eragon
desert
azertyuio
99999999
205gti
123qwe123
102
zouhair
wil
valou
sylviane
sapeur
plume
ouragan
nouchka
nicholas
melimelo
lonsdale
lion
julien1
deftones
cuteako
banzai
allemagne
ajaccio
9-11-1961
2121211
1961
1960
toufik
popcorn
paprika
onizuka
maylis
marylou
lucille
lester1
lap
hellokitty1
guinness
cutegirl1
badminton
apple1
anneso
a1234567
Julien
Aurelie
5555555
014789
sara
redhot
pounette
petitcoeur
per
parfait
macmac1
j
heaven1
elvira
edward1
chacha1
anna
666999
051
0102031
yas
wanted
virgin1
ticoeur
rouges
roseline
pecheur
passpass
nightmare
melusine
i
gsxr1000
fer
fabiola
coiffure
cintaku1
bouboune
avocat
JULIEN
BONJOUR
25802580
01230123
tot
pluxgaa
pet
nefertiti
message
maryjane1
leelou
Audrey
0123451
tho
sakina
s
precious
nolan
nasser
marshall
malcolm
fifi
canari
bobleponge
aissata
Charlotte
1998
1996
123love
truite
santana
parfum
opaline
natalia
mus
marjorie1
evasion
duncan
chatons
bryan1
andrei
98765432101
281
135791
valence
tornado
shirley
precious1
orange1
mac
luciano
loulette
ingenieur
honeyko1
happy1
dol
dodo
design
capone
baiser
198700
161
ultras
tlemcen
theking
sunshine1
sim
salamandre
nathalie1
marcopolo
mangue
malvina
jac
friendship1
finalfantasy
ericsson
dondon1
chicha
abdellah
20082008
1958
victor1
mondeo
meknes
leila
far
evangelion
curtis
coolman
christo
chameau
allan
adgjmptw
MAXIME
6543210
19911991
zorglub
xxxx
surprise
street
sop
player
mulhouse
maryjane
lover1
linked
inuyasha
anatole
allahakbar
airbus
ulrich
topsecret
ton
natalie
mendoza
joyjoy1
idriss
helios
friendship
desiree
boubacar
billou
baraka
altesse
Michel
L58jkdjPm
987651
198400
pierre1
maxmax
jonas
darwin1
carnaval
cap
aspirine
asmonaco
FoTR
soso
papaye
montre
kil
internet1
georgette
fran
darkvador
bachir
aqwaqw
amerique
alberto
airness
292929
19901990
198300
zafira
rockstar
poseidon
harry
glouglou
cousin
choubidou
c.ronaldo
business
alucard
1431431
souvenir
qwerty12345
monopoly
minous
kungfu40
jerusalem
dam
bababa
arthur1
aqzsed
CAMILLE
2009
19761976
yaounde
vero
svetlana
people
parrain
marcos
mamie
ken
hitler
gianni
couille
boo
bite
billard
543210
walid
ragnarok
napoli
mauricette
manutd
legend
kokoko
inconnu
iloveme
hortense
freebox
florentin
chaima
asdfg
231181
160777
yankee
violaine
turquie
squall
serges
pangit
pandora
muffin
moto
mohamed1
maria1
jason1
hiphop1
grenadine
fou
estrella
constant
blessing
alonso
Passw0rd
19771977
1234554321
zou
zimmer483
underground
tyson
twilight1
tommy
tequiero
que
planete
oce
ninine
loves1
kIkeunyw
grigri
fidelite
eagles
dri
chaise
bouille
Caroline
9999999999
3333
147369
123456123456
0909091
united
sochaux
sauveur
rayan
norbert
mulder
montreuil
ludo
laurent1
irlande
empire
cuteme1
baleine
aqw
alpacino
abdel
271
vision
tomcat
security
salam
qwertz
online
obiwan
med
marwan
lablonde
jeanmichel
harmony
douchka
die
b
PORTUGAL
velodrome
thibaud
tarace
scarlett
sandro
princesse1
jessie1
isabella
hocine
goodluck
fcporto
cristina1
bintang1
azerty78
Nathalie
LOVERS1
369258147
victorine
shopping
sharingan
sebastian
sco
sauvage
lapierre
kim
kabyle
james007
houston
godbless1
formule1
colonel
caillou
aud
artemis
Olivier
19751975
147896
0101
zinzin
youssouf
versace
swordfish
sagittaire
rossi46
police1
papajtm
opelastra
loic
lilith
klaster
jihoo1
hakima
gogogo
est
dimaraja
dianne1
bernard1
berlingo
12369
zazou
varadero
sweetie
ric
passport
jambon
heart1
gracia
godisgood
fullmetal
domdom
clermont
clarence
big
babygirl1
annelaure
876543211
19731973
120120
shanna
platinum
peanut
papapapa
moietmoi
marsupilami
loving1
lolmdr
kristina
johan
joanna1
jakjak
franky
fifine
dindon
darling1
clement1
belles
antares
alg
adriana
Camille
tar
pedro
packardbell
monkey1
miloud
lan
jeannette
gwapa1
globule
freedom1
copain
cocotier
chamonix
brooklyn
apollo
Benjamin
260593
055
yugioh
toctoc
souhila
retraite
poiuy
pizza
minimoi
logan
lilirose
karen
kamikaze
impossible
dalton
bonobo
bhaby1
belle123
april
apolline
2222222222
123456789m
zigzag
victoria1
vachette
triumph
souleymane
skateboard
pompier18
pep
ouistiti
mondieu
magnolia
hyundai
herisson
ddd
claire1
chimie
bobo
babyko
baba
auditt
Anne
8QTA
251
vendredi13
tristan1
tri
samara
rou
jadore
gautier
ganteng1
finette
dominic
capsule
bea
babylon
MOHAMED
301
258963
20092009
195
virgile
valoche
tina
pla
pamela1
nabil
mlkjhg
mamancherie
magicien
lonely1
expert
douala
daddy1
concours
avalon
asawako1
alexandra1
alessandro
agent007
1956
remember
ramata
poupie
poitiers
petrus
miamor
loveuse
larochelle
kitty
jessa1
janjan1
farid
driver
darius
d
chocho
boss
azertyuiop123
azerty77
alger16
19961996
saliou
sabrine
rolande
pourquoipas
nar
memere
mariel
loutre
laureen
kader
emeric
colombes
cadeau
bullshit
baby
andrei1
C
123457
wendy
test123
spartacus
photos
molotov
mamaman
lezard
lester
jus
iverson3
guillaume1
gra
gedeon
cracotte
cesar
bougie
black1
bai
architecte
achraf
Melanie
ALEXANDRE
44444444
4321
14183945
1313131
0000007
westcoast
tempete
sweetheart
red
poupoule
polska
olivier1
mustafa
lapuce
lab
jen
ironmaiden
hibiscus
gwendo
geo
gallieni
dauphine
crotte
corleone
catalan
bat
Maxime
Mathieu
321sisi
1azerty
xxxxx
ursula
skippy
sirine
sidney
rennes35
ranger
pinkfloyd
oliver1
non
marion1
mansour
luna
louise1
lorelei
kou
jamais
isabelle1
fredfred
federer
elizabeth1
djibouti
commerce
choupie
chouchoune
broken
azertyazerty
art
apples
OCEANE
A
781227
24682468
19721972
violet1
sophie1
shaolin
seydou
satine
roselyne
panda
mimiche
maximilien
marian1
livebox
kakaka
jeremy1
farmer
copine
azerty11
andreas
amiens
admin
adam
Thomas
Jundian2011xr
88888
235689
12345678a
toinou
samia
orleans
mission
mimoune
llllll
leopard
indonesia1
har
fadila
dondon
dad
baxter
argentina
alassane
aileen1
agence
warcraft3
sissi
salvador1
power
ondine
nik
monika
mateo
mascara
mariel1
mariana
le
lavande
lajoie
jam
iloveyou2
gundam
gen
eva
espagnol
elvis
diana
calinette
boomer
azerty10
azerazer
aquarius
acmilan
abc1231
99999999991
4=
323232
1999
surfer
sniper1
sanchez
salim
qazxsw
pyramide
polaris
peace
pardon
nolann
michelin
mexique
mascotte
lovestory1
kontol1
kaline
hacker
galatasaray
foot
camera
bulldog
bru
Mar
19791979
14789
123456aa
000000000
voyou
viv
totoro
smiley
samuel1
rowena1
r
poline
metisse
manou
lucas1
little
kikikiki
katrina1
janice
interchim
icecream
gandako
fabian
dodong1
discus
brayan
audia4
92631043
515151
xantia
tin
tigre
starwars1
sabrina1
please
marielaure
maman123
lareunion
lamiss
jonalyn1
infinity
hooligan
gri
etudiant
doctor
cobra
choune
caro
cacaprout
boubou1
babyboy
azerqsdf
azedsx4120
M
yoann
village
tttttt
travis
timothee
sylvestre
senateur
rahasia1
rahasia
popopopo
justemoi
joachim
janine1
hopital
extreme
clo
brother
balou
armagedon
999991
321456
13131313
111222333
yassin
verone
single
rrrrrr
pegasus
mouette
may
marijuana
leclerc
lastar
jeanine
hafida
grosse
gonzales
d71lWz9zjS
d2Xyw89sxJ
claudie
bouffon
algerien
2525251
198000
071
......
wxc
thegame
shaina
service
salute
salepute
qwerasdf
quentin1
phoenix1
monica1
mephisto
melvin1
marquise
marouane
libertad
leonidas
lac
frodon
dimadimasimo
didoune
comete
boucher
booter1
blondin
adonis
1818181
trisha1
strike
pacha
moi123
miller
manman
mafamille
lotus
kev
kennedy
itachi
hamidou
gwapako1
guevara
graces
edmond
carpes
berthe
barbapapa
andree
amoula
albane
Sophie
PASSWORD1
Catherine
369852
1515
123456+
041
000111
yellow1
winter
thailande
stratfor
stefan
robbie
renato
qwerty1234
noussa
ninouche
mylife
milord
metallica1
mamamama
justinbieber
jungle
jefferson
guitare1
gollum
gildas
esp
dieuestgrand
capricorn1
breton
boris
beethoven
abigail
OLIVIER
MARINE
MARIE
COUCOU
198800
sheila
sai
narbonne
myself
medion
martina
mariposa
jack
indonesia
fucker1
eternity
demon
coulibaly
cherche
brochet
bizerte
annesophie
alycia
WXCVBN
9999999991
19741974
1957
vivi
valery
sunday
sanchez1
mylene1
mounira
mickey1
marian
madeline
lakers1
joyjoy
janice1
hammer
fuckme
fouzia
flamenco
espoire
diablesse
cochonne
bluesky
bikette
avatar1
aldrin1
CAROLINE
7418521
33333333
1234512345
youness
victory
valerie1
tolkien
tata
sofia
snoopy1
sebast
savannah
rosemarie
ronron
reussir
peintre
pampam
nanette
milan
lud
karukera
elliott
cinta
CELINE
5678901
505050
tonton1
toimoi
teacher
puce
porsche911
paulin
original
oksana
ocean
mariah
malaga
johnjohn
indigo
hummer
gateway
galinette
francisco1
formation
fallou
eclair
couleur
corneille
aristote
amitier
ROMAIN
zombie
zanzibar
wxcvbn1
uranus
surfing
sousse
slimane
sansan
private
pingouin
nyq28Giz1Z
nelson1
mamane
libreville
jumper
gwada
flora
fcnantes
daddy
canada1
burton
brioche
aurora
ass
asdasdasd
ade
AAAAAA
stupid
sayangku1
poiuytre
nirvana1
monster1
mars
marketing
leopold
legrand
lambert
innocent
handsome
genesis1
fireman
fatime
dji
deesse
cccccccc1
brandy
bloods1
amazigh
25011990
223344
yves
volleyball
veronica1
vendetta
thi
sofian
shane1
rourou
rooney
rangers
namaste
maryann1
lar
junjun
jackson1
emilia
creation
bhebhe
baboun
antivirus
alsace
allahou
abdou
PIERRE
2468
zizou10
yankees
wutang
wizard
voyages
steven1
sebastien1
samurai
othello
oleron
mystic
milena
lorenzo1
lenlen1
horizon
hamilton
gwapo
fatimata
ernesto
danser
cornichon
chelsea1
cheikh
blahblah
berger
badaboum
amourette
alexandr
Philippe
Celine
456987
123456s
ronaldo1
platini
miguel1
messi
mariette
leader
kristine1
jumelles
jasmin1
jamaica1
italien
gigi
gardien
corazon
cocacola1
chichou
cassandra1
camaro
aries1
allen1
19951995
123698741
11223344551
sophia1
skater
sexyboy
puissance
premier
poulpe
norman
motherlode
monique1
malik
madame
karamel
juj
jordane
hihihi
heureuse
faith1
daisy1
cougar
bebebe
antilles
1475963
unique
startrek
salsa
roswell
rac
proview
papou
pan
mondoudou
mir
maldives
lauryne
lanfeust
lala
jacky
italiano
grossebite
germany
fiona
cricket
chatchat
caporal
californie
bellevue
bad
alabama
291
225588
2222222
1234569
vaness
utopie
satellite
punisher
neige
modeste
linette
lemans
legion88
kamasutra
jolie
joj
johndeere
janjan
hug
han
gateau
fri
espion
dem
cuties1
capa
calin
bilou
bailey
ardeche
aboubacar
SOPHIE
3odi15ngxb
1997
198100
1818
webcam
tre
snoopdog
savoie
rommel
overlord
moliere
memoire
mattheo
mariee
lovestory
louison
kaporal
kam
joyce1
gentille
freeride
for
felicia
february
chatoune
chanchan
bebeto
Julie
456654
363636
2gelaF3h4A
volume
thomson
shiela1
savane
saturnin
poupinette
pluton
pass123
mouloude
motherfucker
monchien
mesrine
lorine
galaxie
f
domingo
cyrano
cre
bobobo
azerty.
1zn6FpN01n
143143
1029384756
01010101
whatever1
simsim
seatleon
pierrette
phil
parapluie
n
maryjoy1
malone
macmac
lyonnais69
karime
jupiter1
infirmier
gwapoko1
felicite
eden
comptable
binette
bastos
98765
888881
12345q
zxcvbn1
utopia
tunisia
toulon83
smile1
ron
presario
ncc1701
nancy
money
mnbvcxz
kisses1
katia
jon
joker
gal
coyotte
chester1
blanco
bitch1
bigbang
bacchus
LPPnLdTZX
H1xp2z2duK
369258
311
031
yamaha1
vertigo
soledad
sanandreas
romance
relizane
purple1
panama
massimo
makina
knight
kitkat
kathleen1
jose
demons
daphne
compte
carrera
camel
bankai
azerty93
arsenal1
amnesia
ambulance
abandonware
aaa111
AMOUR
789654123
2003
1qaz2wsx3edc
112233441
101112
zoezoe
skikda21
priska
maxime1
matt
margotte
mamoure
maison1
mafalda
love2toi
louloute1
lesfilles
lawrence
lassie
kitty1
jomar1
ichigo
harold1
godbless
express
eugene1
enigma
divorce
dddd
chataigne
candy
basketball1
archange
apocalypse
allerlom
9638527411
314159
1955
titititi
taurus
standard
santiago1
omomom
maryam
lc519QlpuU
josephine1
interval
gro
galaxy
escargot
epsilon
dmcoll
delacruz
clelia
celestine
bamboo
badboys
babes1
aviron
alisson
alicante
PRETTY1
Mathilde
MICHEL
33333
11235813
111213
youtube
telecom
star
snake
portugal1
perfect
paris1
papoune
pacome
nanouche
mes
lydie
loulous
leeminho
kucing
kheops
juanito
journal
guitar1
golfgti
education
dunkerque
dre
djo
cuicui
cosette
ciboulette
chouchoute
ced
bis
beverly
bebejtm
alvin
LAURENT
ANGEL1
2004
123456789123456789
1234566
12131415
xxx
vicky
stephane1
123456
password
12345678
qwerty
123456789
12345
1234
111111
1234567
dragon
123123
baseball
abc123
football
monkey
letmein
696969
shadow
master
666666
qwertyuiop
123321
mustang
1234567890
michael
654321
pussy
superman
1qaz2wsx
7777777
fuckyou
121212
000000
qazwsx
123qwe
killer
trustno1
jordan
jennifer
zxcvbnm
asdfgh
hunter
buster
soccer
harley
batman
andrew
tigger
sunshine
iloveyou
fuckme
2000
charlie
robert
thomas
hockey
ranger
daniel
starwars
klaster
112233
george
asshole
computer
michelle
jessica
pepper
1111
zxcvbn
555555
11111111
131313
freedom
777777
pass
fuck
maggie
159753
aaaaaa
ginger
princess
joshua
cheese
amanda
summer
love
ashley
6969
nicole
chelsea
biteme
matthew
access
yankees
987654321
dallas
austin
thunder
taylor
matrix
william
corvette
hello
martin
heather
secret
fucker
merlin
diamond
1234qwer
gfhjkm
hammer
silver
222222
88888888
anthony
justin
test
bailey
q1w2e3r4t5
patrick
internet
scooter
orange
11111
golfer
cookie
richard
samantha
bigdog
guitar
jackson
whatever
mickey
chicken
sparky
snoopy
maverick
phoenix
camaro
sexy
peanut
morgan
welcome
falcon
cowboy
ferrari
samsung
andrea
smokey
steelers
joseph
mercedes
dakota
arsenal
eagles
melissa
boomer
booboo
spider
nascar
monster
tigers
yellow
xxxxxx
123123123
gateway
marina
diablo
bulldog
qwer1234
compaq
purple
hardcore
banana
junior
hannah
123654
porsche
lakers
iceman
money
cowboys
987654
london
tennis
999999
ncc1701
coffee
scooby
0000
miller
boston
q1w2e3r4
fuckoff
brandon
yamaha
chester
mother
forever
johnny
edward
333333
oliver
redsox
player
nikita
knight
fender
barney
midnight
please
brandy
chicago
badboy
iwantu
slayer
rangers
charles
angel
flower
bigdaddy
rabbit
wizard
bigdick
jasper
enter
rachel
chris
steven
winner
adidas
victoria
natasha
1q2w3e4r
jasmine
winter
prince
panties
marine
ghbdtn
fishing
cocacola
casper
james
232323
raiders
888888
marlboro
gandalf
asdfasdf
crystal
87654321
12344321
sexsex
golden
blowme
bigtits
8675309
panther
lauren
angela
bitch
spanky
thx1138
angels
madison
winston
shannon
mike
toyota
blowjob
jordan23
canada
sophie
Password
apples
dick
tiger
razz
123abc
pokemon
qazxsw
55555
qwaszx
muffin
johnson
murphy
cooper
jonathan
liverpoo
david
danielle
159357
jackie
1990
123456a
789456
turtle
horny
abcd1234
scorpion
qazwsxedc
101010
butter
carlos
password1
dennis
slipknot
qwerty123
booger
asdf
1991
black
startrek
12341234
cameron
newyork
rainbow
nathan
john
1992
rocket
viking
redskins
butthead
asdfghjkl
1212
sierra
peaches
gemini
doctor
wilson
sandra
helpme
qwertyui
victor
florida
dolphin
pookie
captain
tucker
blue
liverpool
theman
bandit
dolphins
maddog
packers
jaguar
lovers
nicholas
united
tiffany
maxwell
zzzzzz
nirvana
jeremy
suckit
stupid
porn
monica
elephant
giants
jackass
hotdog
rosebud
success
debbie
mountain
444444
xxxxxxxx
warrior
1q2w3e4r5t
q1w2e3
123456q
albert
metallic
lucky
azerty
7777
shithead
alex
bond007
alexis
1111111
samson
5150
willie
scorpio
bonnie
gators
benjamin
voodoo
driver
dexter
2112
jason
calvin
freddy
212121
creative
12345a
sydney
rush2112
1989
asdfghjk
red123
bubba
4815162342
passw0rd
trouble
gunner
happy
fucking
gordon
legend
jessie
stella
qwert
eminem
arthur
apple
nissan
bullshit
bear
america
1qazxsw2
nothing
parker
4444
rebecca
qweqwe
garfield
01012011
beavis
69696969
jack
asdasd
december
2222
102030
252525
11223344
magic
apollo
skippy
315475
girls
kitten
golf
copper
braves
shelby
godzilla
beaver
fred
tomcat
august
buddy
airborne
1993
1988
lifehack
qqqqqq
brooklyn
animal
platinum
phantom
online
xavier
darkness
blink182
power
fish
green
789456123
voyager
police
travis
12qwaszx
heaven
snowball
lover
abcdef
00000
pakistan
007007
walter
playboy
blazer
cricket
sniper
hooters
donkey
willow
loveme
saturn
therock
redwings
bigboy
pumpkin
trinity
williams
tits
nintendo
digital
destiny
topgun
runner
marvin
guinness
chance
bubbles
testing
fire
november
minecraft
asdf1234
lasvegas
sergey
broncos
cartman
private
celtic
birdie
little
cassie
babygirl
donald
beatles
1313
dickhead
family
12121212
school
louise
gabriel
eclipse
fluffy
147258369
lol123
explorer
beer
nelson
flyers
spencer
scott
lovely
gibson
doggie
cherry
andrey
snickers
buffalo
pantera
metallica
member
carter
qwertyu
peter
alexande
steve
bronco
paradise
goober
5555
samuel
montana
mexico
dreams
michigan
cock
carolina
yankee
friends
magnum
surfer
poopoo
maximus
genius
cool
vampire
lacrosse
asd123
aaaa
christin
kimberly
speedy
sharon
carmen
111222
kristina
sammy
racing
ou812
sabrina
horses
0987654321
qwerty1
pimpin
baby
stalker
enigma
147147
star
poohbear
boobies
147258
simple
bollocks
12345q
marcus
brian
1987
qweasdzxc
drowssap
hahaha
caroline
barbara
dave
viper
drummer
action
einstein
bitches
genesis
hello1
scotty
friend
forest
010203
hotrod
google
vanessa
spitfire
badger
maryjane
friday
alaska
1232323q
tester
jester
jake
champion
billy
147852
rock
hawaii
badass
chevy
420420
walker
stephen
eagle1
bill
1986
october
gregory
svetlana
pamela
1984
music
shorty
westside
stanley
diesel
courtney
242424
kevin
porno
hitman
boobs
mark
12345qwert
reddog
frank
qwe123
popcorn
patricia
aaaaaaaa
1969
teresa
mozart
buddha
anderson
paul
melanie
abcdefg
security
lucky1
lizard
denise
3333
a12345
123789
ruslan
stargate
simpsons
scarface
eagle
123456789a
thumper
olivia
naruto
1234554321
general
cherokee
a123456
vincent
Usuckballz1
spooky
qweasd
cumshot
free
frankie
douglas
death
1980
loveyou
kitty
kelly
veronica
suzuki
semperfi
penguin
mercury
liberty
spirit
scotland
natalie
marley
vikings
system
sucker
king
allison
marshall
1979
098765
qwerty12
hummer
adrian
1985
vfhbyf
sandman
rocky
leslie
antonio
98765432
4321
softball
passion
mnbvcxz
bastard
passport
horney
rascal
howard
franklin
bigred
assman
alexander
homer
redrum
jupiter
claudia
55555555
141414
zaq12wsx
shit
patches
nigger
cunt
raider
infinity
andre
54321
galore
college
russia
kawasaki
bishop
77777777
vladimir
money1
freeuser
wildcats
francis
disney
budlight
brittany
1994
00000000
sweet
oksana
honda
domino
bulldogs
brutus
swordfis
norman
monday
jimmy
ironman
ford
fantasy
9999
7654321
PASSWORD
hentai
duncan
cougar
1977
jeffrey
house
dancer
brooke
timothy
super
marines
justice
digger
connor
patriots
karina
202020
molly
everton
tinker
alicia
rasdzv3
poop
pearljam
stinky
naughty
colorado
123123a
water
test123
ncc1701d
motorola
ireland
asdfg
slut
matt
houston
boogie
zombie
accord
vision
bradley
reggie
kermit
froggy
ducati
avalon
6666
9379992
sarah
saints
logitech
chopper
852456
simpson
madonna
juventus
claire
159951
zachary
yfnfif
wolverin
warcraft
hello123
extreme
penis
peekaboo
fireman
eugene
brenda
123654789
russell
panthers
georgia
smith
skyline
jesus
elizabet
spiderma
smooth
pirate
empire
bullet
8888
virginia
valentin
psycho
predator
arizona
134679
mitchell
alyssa
vegeta
titanic
christ
goblue
fylhtq
wolf
mmmmmm
kirill
indian
hiphop
baxter
awesome
people
danger
roland
mookie
741852963
1111111111
dreamer
bambam
arnold
1981
skipper
serega
rolltide
elvis
changeme
simon
1q2w3e
lovelove
fktrcfylh
denver
tommy
mine
loverboy
hobbes
happy1
alison
nemesis
chevelle
cardinal
burton
wanker
picard
151515
tweety
michael1
147852369
12312
xxxx
windows
turkey
456789
1974
vfrcbv
sublime
1975
galina
bobby
newport
manutd
daddy
american
alexandr
1966
victory
rooster
qqq111
madmax
electric
bigcock
a1b2c3
wolfpack
spring
phpbb
lalala
suckme
spiderman
eric
darkside
classic
raptor
123456789q
hendrix
1982
wombat
avatar
alpha
zxc123
crazy
hard
england
brazil
1978
01011980
wildcat
polina
freepass
carrie
99999999
qaz123
holiday
fyfcnfcbz
brother
taurus
shaggy
raymond
maksim
gundam
admin
vagina
pretty
pickle
good
chronic
alabama
airplane
22222222
1976
1029384756
01011
time
sports
ronaldo
pandora
cheyenne
caesar
billybob
bigman
1968
124578
snowman
lawrence
kenneth
horse
france
bondage
perfect
kristen
devils
alpha1
pussycat
kodiak
flowers
1973
01012000
leather
amber
gracie
chocolat
bubba1
catch22
business
2323
1983
cjkysirj
1972
123qweasd
ytrewq
wolves
stingray
ssssss
serenity
ronald
greenday
135790
010101
tiger1
sunset
charlie1
berlin
bbbbbb
171717
panzer
lincoln
katana
firebird
blizzard
a1b2c3d4
white
sterling
redhead
password123
candy
anna
142536
sasha
pyramid
outlaw
hercules
garcia
454545
trevor
teens
maria
kramer
girl
popeye
pontiac
hardon
dude
aaaaa
323232
tarheels
honey
cobra
buddy1
remember
lickme
detroit
clinton
basketball
zeppelin
whynot
swimming
strike
service
pavilion
michele
engineer
dodgers
britney
bobafett
adam
741852
21122112
xxxxx
robbie
miranda
456123
future
darkstar
icecream
connie
1970
jones
hellfire
fisher
fireball
apache
fuckit
blonde
bigmac
abcd
morris
angel1
666999
321321
simone
rockstar
flash
defender
1967
wallace
trooper
oscar
norton
casino
cancer
beauty
weasel
savage
raven
harvey
bowling
246810
wutang
theone
swordfish
stewart
airforce
abcdefgh
nipples
nastya
jenny
hacker
753951
amateur
viktor
srinivas
maxima
lennon
freddie
bluebird
qazqaz
presario
pimp
packard
mouse
looking
lesbian
jeff
cheryl
2001
wrangler
sandy
machine
lights
eatme
control
tattoo
precious
harrison
duke
beach
tornado
tanner
goldfish
catfish
openup
manager
1971
street
Soso123aljg
roscoe
paris
natali
light
julian
jerry
dilbert
dbrnjhbz
chris1
atlanta
xfiles
thailand
sailor
pussies
pervert
lucifer
longhorn
enjoy
dragons
young
target
elaine
dustin
123qweasdzxc
student
madman
lisa
integra
wordpass
prelude
newton
lolita
ladies
hawkeye
corona
bubble
31415926
trigger
spike
katie
iloveu
herman
design
cannon
999999999
video
stealth
shooter
nfnmzyf
hottie
browns
314159
trucks
malibu
bruins
bobcat
barbie
1964
orlando
letmein1
freaky
foobar
cthutq
baller
unicorn
scully
pussy1
potter
cookies
pppppp
philip
gogogo
elena
country
assassin
1010
zaqwsx
testtest
peewee
moose
microsoft
teacher
sweety
stefan
stacey
shotgun
random
laura
hooker
dfvgbh
devildog
chipper
athena
winnie
valentina
pegasus
kristin
fetish
butterfly
woody
swinger
seattle
lonewolf
joker
booty
babydoll
atlantis
tony
powers
polaris
montreal
angelina
77777
tickle
regina
pepsi
gizmo
express
dollar
squirt
shamrock
knicks
hotstuff
balls
transam
stinger
smiley
ryan
redneck
mistress
hjvfirf
cessna
bunny
toshiba
single
piglet
fucked
father
deftones
coyote
castle
cadillac
blaster
valerie
samurai
oicu812
lindsay
jasmin
james1
ficken
blahblah
birthday
1234abcd
01011990
sunday
manson
flipper
asdfghj
181818
wicked
great
daisy
babes
skeeter
reaper
maddie
cavalier
veronika
trucker
qazwsx123
mustang1
goldberg
escort
12345678910
wolfgang
rocks
mylove
mememe
lancer
ibanez
travel
sugar
snake
sister
siemens
savannah
minnie
leonardo
basketba
1963
trumpet
texas
rocky1
galaxy
cristina
aardvark
shelly
hotsex
goldie
fatboy
benson
321654
141627
sweetpea
ronnie
indigo
13131313
spartan
roberto
hesoyam
freeman
freedom1
fredfred
pizza
manchester
lestat
kathleen
hamilton
erotic
blabla
22222
1995
skater
pencil
passwor
larisa
hornet
hamlet
gambit
fuckyou2
alfred
456456
sweetie
marino
lollol
565656
techno
special
renegade
insane
indiana
farmer
drpepper
blondie
bigboobs
272727
1a2b3c
valera
storm
seven
rose
nick
mister
karate
casey
1qaz2wsx3edc
1478963
maiden
julie
curtis
colors
christia
buckeyes
13579
0123456789
toronto
stephani
pioneer
kissme
jungle
jerome
holland
harry
garden
enterpri
dragon1
diamonds
chrissy
bigone
343434
wonder
wetpussy
subaru
smitty
racecar
pascal
morpheus
joanne
irina
indians
impala
hamster
charger
change
bigfoot
babylon
66666666
timber
redman
pornstar
bernie
tomtom
thuglife
millie
buckeye
aaron
virgin
tristan
stormy
rusty
pierre
napoleon
monkey1
highland
chiefs
chandler
catdog
aurora
1965
trfnthbyf
sampson
nipple
dudley
cream
consumer
burger
brandi
welcome1
triumph
joejoe
hunting
dirty
caserta
brown
aragorn
363636
mariah
element
chichi
2121
123qwe123
wrinkle1
smoke
omega
monika
leonard
justme
hobbit
gloria
doggy
chicks
bass
audrey
951753
51505150
11235813
sakura
philips
griffin
butterfl
artist
66666
island
goforit
emerald
elizabeth
anakin
watson
poison
none
italia
callie
bobbob
autumn
andreas
123
sherlock
q12345
pitbull
marathon
kelsey
inside
german
blackie
access14
123asd
zipper
overlord
nadine
marie
basket
trombone
stones
sammie
nugget
naked
kaiser
isabelle
huskers
bomber
barcelona
babylon5
babe
alpine
weed
ultimate
pebbles
nicolas
marion
loser
linda
eddie
wesley
warlock
tyler
goddess
fatcat
energy
david1
bassman
yankees1
whore
trojan
trixie
superfly
kkkkkk
ybrbnf
warren
sophia
sidney
pussys
nicola
campbell
vfvjxrf
singer
shirley
qawsed
paladin
martha
karen
help
harold
geronimo
forget
concrete
191919
westham
soldier
q1w2e3r4t5y6
poiuyt
nikki
mario
juice
jessica1
global
dodger
123454321
webster
titans
tintin
tarzan
sexual
sammy1
portugal
onelove
marcel
manuel
madness
jjjjjj
holly
christy
424242
yvonne
sundance
sex4me
pleasure
logan
danny
wwwwww
truck
spartak
smile
michel
history
Exigen
65432
1234321
sherry
sherman
seminole
rommel
network
ladybug
isabella
holden
harris
germany
fktrctq
cotton
angelo
14789632
sergio
qazxswedc
moon
jesus1
trunks
snakes
sluts
kingkong
bluesky
archie
adgjmptw
911911
112358
sunny
suck
snatch
planet
panama
ncc1701e
mongoose
head
hansolo
desire
alejandr
1123581321
whiskey
waters
teen
party
martina
margaret
january
connect
bluemoon
bianca
andrei
5555555
smiles
nolimit
long
assass
abigail
555666
yomama
rocker
plastic
katrina
ghbdtnbr
ferret
emily
bonehead
blessed
beagle
asasas
abgrtyu
sticky
olga
japan
jamaica
home
hector
dddddd
1961
turbo
stallion
personal
peace
movie
morrison
joanna
geheim
finger
cactus
7895123
susan
super123
spyder
mission
anything
aleksandr
zxcvb
shalom
rhbcnbyf
pickles
passat
natalia
moomoo
jumper
inferno
dietcoke
cumming
cooldude
chuck
christop
million
lollipop
fernando
christian
blue22
bernard
apple1
unreal
spunky
ripper
open
niners
letmein2
flatron
faster
deedee
bertha
april
4128
01012010
werewolf
rubber
punkrock
orion
mulder
missy
larry
giovanni
gggggg
cdtnkfyf
yoyoyo
tottenha
shaved
newman
lindsey
joey
hongkong
freak
daniela
camera
brianna
blackcat
a1234567
1q1q1q
zzzzzzzz
stars
pentium
patton
jamie
hollywoo
florence
biscuit
beetle
andy
always
speed
sailing
phillip
legion
gn56gn56
909090
martini
dream
darren
clifford
2002
stocking
solomon
silvia
pirates
office
monitor
monique
milton
matthew1
maniac
loulou
jackoff
immortal
fossil
dodge
delta
44444444
121314
sylvia
sprite
shadow1
salmon
diana
shasta
patriot
palmer
oxford
nylons
molly1
irish
holmes
curious
asdzxc
1999
makaveli
kiki
kennedy
groovy
foster
drizzt
twister
snapper
sebastia
philly
pacific
jersey
ilovesex
dominic
charlott
carrot
anthony1
africa
111222333
sharks
serena
satan666
maxmax
maurice
jacob
gerald
cosmos
columbia
colleen
cjkywt
cantona
brooks
99999
787878
rodney
nasty
keeper
infantry
frog
french
eternity
dillon
coolio
condor
anton
waterloo
velvet
vanhalen
teddy
skywalke
sheila
sesame
seinfeld
funtime
012345
standard
squirrel
qazwsxed
ninja
kingdom
grendel
ghost
fuckfuck
damien
crimson
boeing
bird
biggie
090909
zaq123
wolverine
wolfman
trains
sweets
sunrise
maxine
legolas
jericho
isabel
foxtrot
anal
shogun
search
robinson
rfrfirf
ravens
privet
penny
musicman
memphis
megadeth
dogs
butt
brownie
oldman
graham
grace
505050
verbatim
support
safety
review
newlife
muscle
herbert
colt45
bottom
2525
1q2w3e4r5t6y
1960
159159
western
twilight
thanks
suzanne
potato
pikachu
murray
master1
marlin
gilbert
getsome
fuckyou1
dima
denis
789789
456852
stone
stardust
seven7
peanuts
obiwan
mollie
licker
kansas
frosty
ball
262626
tarheel
showtime
roman
markus
maestro
lobster
darwin
cindy
chubby
2468
147896325
tanker
surfing
skittles
showme
shaney14
qwerty12345
magic1
goblin
fusion
blades
banshee
alberto
123321123
123098
powder
malcolm
intrepid
garrett
delete
chaos
bruno
1701
tequila
short
sandiego
python
punisher
newpass
iverson
clayton
amadeus
1234567a
stimpy
sooners
preston
poopie
photos
neptune
mirage
harmony
gold
fighter
dingdong
cats
whitney
sucks
slick
rick
ricardo
princes
liquid
helena
daytona
clover
blues
anubis
1996
192837465
starcraft
roxanne
pepsi1
mushroom
eatshit
dagger
cracker
capital
brendan
blackdog
25802580
strider
slapshot
porter
pink
jason1
hershey
gothic
flight
ekaterina
cody
buffy
boss
bananas
aaaaaaa
123698745
1234512345
tracey
miami
kolobok
danni
chargers
cccccc
blue123
bigguy
33333333
0.0.000
warriors
walnut
raistlin
ping
miguel
latino
griffey
green1
gangster
felix
engine
doodle
coltrane
byteme
buck
asdf123
123456z
0007
vertigo
tacobell
shark
portland
penelope
osiris
nymets
nookie
mary
lucky7
lucas
lester
ledzep
gorilla
coco
bugger
bruce
blood
bentley
battle
1a2b3c4d
19841984
12369874
weezer
turner
thegame
stranger
sally
Mailcreated5240
knights
halflife
ffffff
dorothy
dookie
damian
258456
women
trance
qwerasdf
playtime
paradox
monroe
kangaroo
henry
dumbass
dublin
charly
butler
brasil
blade
blackman
bender
baggins
wisdom
tazman
swallow
stuart
scruffy
phoebe
panasonic
Michael
masters
ghjcnj
firefly
derrick
christine
beautiful
auburn
archer
aliens
161616
1122
woody1
wheels
test1
spanking
robin
redred
racerx
postal
parrot
nimrod
meridian
madrid
lonestar
kittycat
hell
goodluck
gangsta
formula
devil
cassidy
camille
buttons
bonjour
bingo
barcelon
allen
98765
898989
303030
2020
0000000
tttttt
tamara
scoobydo
samsam
rjntyjr
richie
qwertz
megaman
luther
jazz
crusader
bollox
123qaz
12312312
102938
window
sprint
sinner
sadie
rulez
quality
pooper
pass123
oakland
misty
lvbnhbq
lady
hannibal
guardian
grizzly
fuckface
finish
discover
collins
catalina
carson
black1
bang
annie
123987
1122334455
wookie
volume
tina
rockon
qwer
molson
marco
californ
angelica
2424
world
william1
stonecol
shemale
shazam
picasso
oracle
moscow
luke
lorenzo
kitkat
johnjohn
janice
gerard
flames
duck
dark
celica
445566
234567
yourmom
topper
stevie
septembe
scarlett
santiago
milano
lowrider
loving
incubus
dogdog
anastasia
1962
123zxc
vacation
tempest
sithlord
scarlet
rebels
ragnarok
prodigy
mobile
keyboard
golfing
english
carlo
anime
545454
19921992
11112222
vfhecz
sobaka
shiloh
penguins
nuttertools
mystery
lorraine
llllll
lawyer
kiss
jeep
gizmodo
elwood
dkflbvbh
987456
6751520
12121
titleist
tardis
tacoma
smoker
shaman
rootbeer
magnolia
julia
juan
hoover
gotcha
dodgeram
creampie
buffett
bridge
aspirine
456654
socrates
photo
parola
nopass
megan
lucy
kenwood
kenny
imagine
forgot
cynthia
blondes
ashton
aezakmi
1234567q
viper1
terry
sabine
redalert
qqqqqqqq
munchkin
monkeys
mersedes
melvin
mallard
lizzie
imperial
honda1
gremlin
gillian
elliott
defiant
dadada
cooler
bond
blueeyes
birdman
bigballs
analsex
753159
zaq1xsw2
xanadu
weather
violet
sergei
sebastian
romeo
research
putter
oooooo
national
lexmark
hotboy
greg
garbage
colombia
chucky
carpet
bobo
bobbie
assfuck
88888
01012001
smokin
shaolin
roger
rammstein
pussy69
katerina
hearts
frogger
freckles
dogg
dixie
claude
caliente
amazon
abcde
1221
wright
willis
spidey
sleepy
sirius
santos
rrrrrr
randy
picture
payton
mason
dusty
director
celeste
broken
trebor
sheena
qazwsxedcrfv
polo
oblivion
mustangs
margarita
letsgo
josh
jimbob
jimbo
janine
jackal
iforgot
hallo
fatass
deadhead
abc12
zxcv1234
willy
stud
slappy
roberts
rescue
porkchop
noodles
nellie
mypass
mikey
marvel
laurie
grateful
fuck_inside
formula1
Dragon
cxfcnmt
bridget
aussie
asterix
a1s2d3f4
23232323
123321q
veritas
spankme
shopping
roller
rogers
queen
peterpan
palace
melinda
martinez
lonely
kristi
justdoit
goodtime
frances
camel
beckham
atomic
alexandra
active
223344
vanilla
thankyou
springer
sommer
Software
sapphire
richmond
printer
ohyeah
massive
lemons
kingston
granny
funfun
evelyn
donnie
deanna
brucelee
bosco
aggies
313131
wayne
thunder1
throat
temple
smudge
qqqq
qawsedrf
plymouth
pacman
myself
mariners
israel
hitler
heather1
faith
Exigent
clancy
chelsea1
353535
282828
123456qwerty
tobias
tatyana
stuff
spectrum
sooner
shitty
sasha1
pooh
pineappl
mandy
labrador
kisses
katrin
kasper
kaktus
harder
eduard
dylan
dead
chloe
astros
1234567890q
10101010
stephanie
satan
hudson
commando
bones
bangkok
amsterdam
1959
webmaster
valley
space
southern
rusty1
punkin
napass
marian
magnus
lesbians
krishna
hungry
hhhhhh
fuckers
fletcher
content
account
906090
thompson
simba
scream
q1q1q1
primus
Passw0rd
mature
ivanov
husker
homerun
esther
ernest
champs
celtics
candyman
bush
boner
asian
aquarius
33333
zxcv
starfish
pics
peugeot
painter
monopoly
lick
infiniti
goodbye
gangbang
fatman
darling
celine
camelot
boat
blackjac
barkley
area51
8J4yE3Uz
789654
19871987
0000000000
vader
shelley
scrappy
sarah1
sailboat
richard1
moloko
method
mama
kyle
kicker
keith
judith
john316
horndog
godsmack
flyboy
emmanuel
drago
cosworth
blake
19891989
writer
usa123
topdog
timmy
speaker
rosemary
pancho
night
melody
lightnin
life
hidden
gator
farside
falcons
desert
chevrole
catherin
carolyn
bowler
anders
666777
369369
yesyes
sabbath
qwerty123456
power1
pete
oscar1
ludwig
jammer
frontier
fallen
dance
bryan
asshole1
amber1
aaa111
123457
01011991
terror
telefon
strong
spartans
sara
odessa
luckydog
frank1
elijah
chang
center
bull
blacks
15426378
132435
vivian
tanya
swingers
stick
snuggles
sanchez
redbull
reality
qwertyuio
qwert123
mandingo
ihateyou
hayden
goose
franco
forrest
double
carol
bohica
bell
beefcake
beatrice
avenger
andrew1
anarchy
963852
1366613
111111111
whocares
scooter1
rbhbkk
matilda
labtec
kevin1
jojo
jesse
hermes
fitness
doberman
dawg
clitoris
camels
5555555555
1957
vulcan
vectra
topcat
theking
skiing
nokia
muppet
moocow
leopard
kelley
ivan
grover
gjkbyf
filter
elvis1
delta1
dannyboy
conrad
children
catcat
bossman
bacon
amelia
alice
2222222
viktoria
valhalla
tricky
terminator
soccer1
ramona
puppy
popopo
oklahoma
ncc1701a
mystic
loveit
looker
latin
laptop
laguna
keystone
iguana
herbie
cupcake
clarence
bunghole
blacky
bennett
bart
19751975
12332
000007
vette
trojans
today
romashka
puppies
possum
pa55word
oakley
moneys
kingpin
golfball
funny
doughboy
dalton
crash
charlotte
carlton
breeze
billie
beast
achilles
tatiana
studio
sterlin
plumber
patrick1
miles
kotenok
homers
gbpltw
gateway1
franky
durango
drake
deeznuts
cowboys1
ccbill
brando
9876543210
zzzz
zxczxc
vkontakte
tyrone
skinny
rookie
qwqwqw
phillies
lespaul
juliet
jeremiah
igor
homer1
dilligaf
caitlin
budman
atlantic
989898
362436
19851985
vfrcbvrf
verona
technics
svetik
stripper
soleil
september
pinkfloy
noodle
metal
maynard
maryland
kentucky
hastings
gang
frederic
engage
eileen
butthole
bone
azsxdc
agent007
474747
19911991
01011985
triton
tractor
somethin
snow
shane
sassy
sabina
russian
porsche9
pistol
justine
hurrican
gopher
deadman
cutter
coolman
command
chase
california
boris
bicycle
bethany
bearbear
babyboy
73501505
123456k
zvezda
vortex
vipers
tuesday
traffic
toto
star69
server
ready
rafael
omega1
nathalie
microlab
killme
jrcfyf
gizmo1
function
freaks
flamingo
enterprise
eleven
doobie
deskjet
cuddles
church
breast
19941994
19781978
1225
01011970
vladik
unknown
truelove
sweden
striker
stoner
sony
SaUn
ranger1
qqqqq
pauline
nebraska
meatball
marilyn
jethro
hammers
gustav
escape
elliot
dogman
chair
brothers
boots
blow
bella
belinda
babies
1414
titties
syracuse
river
polska
pilot
oilers
nofear
military
macdaddy
hawk
diamond1
dddd
danila
central
annette
128500
zxcasd
warhammer
universe
splash
smut
sentinel
rayray
randall
Password1
panda
nevada
mighty
meghan
mayday
manchest
madden
kamikaze
jennie
iloveyo
hustler
hunter1
horny1
handsome
dthjybrf
designer
demon
cheers
cash
cancel
blueblue
bigger
australia
asdfjkl
321654987
1qaz1qaz
1955
1234qwe
01011981
zaphod
ultima
tolkien
Thomas
thekid
tdutybq
summit
select
saint
rockets
rhonda
retard
rebel
ralph
poncho
pokemon1
play
pantyhos
nina
momoney
market
lickit
leader
kong
jenna
jayjay
javier
eatpussy
dracula
dawson
daniil
cartoon
capone
bubbas
789123
19861986
01011986
zxzxzx
wendy
tree
superstar
super1
ssssssss
sonic
sinatra
scottie
sasasa
rush
robert1
rjirfrgbde
reagan
meatloaf
lifetime
jimmy1
jamesbon
houses
hilton
gofish
charmed
bowser
betty
525252
123456789z
1066
woofwoof
Turkey50
santana
rugby
rfnthbyf
miracle
mailman
lansing
kathryn
Jennifer
giant
front242
firefox
check
boxing
bogdan
bizkit
azamat
apollo13
alan
zidane
tracy
tinman
terminal
starbuck
redhot
oregon
memory
lewis
lancelot
illini
grandma
govols
gordon24
giorgi
feet
fatima
crunch
creamy
coke
cabbage
bryant
brandon1
bigmoney
azsxdcfv
3333333
321123
warlord
station
sayang
rotten
rightnow
mojo
models
maradona
lololo
lionking
jarhead
hehehe
gary
fast
exodus
crazybab
conner
charlton
catman
casey1
bonita
arjay
19931993
19901990
1001
100000
sticks
poiuytrewq
peters
passwort
orioles
oranges
marissa
japanese
holyshit
hohoho
gogo
fabian
donna
cutlass
cthulhu
chewie
chacha
bradford
bigtime
aikido
4runner
21212121
150781
wildfire
utopia
sport
sexygirl
rereirf
reebok
raven1
poontang
poodle
movies
microsof
grumpy
eeyore
down
dong
chocolate
chickens
butch
arsenal1
adult
adriana
19831983
zzzzz
volley
tootsie
sparkle
software
sexx
scotch
science
rovers
nnnnnn
mellon
legacy
julius
helen
happyday
fubar
danie
cancun
br0d3r
beverly
beaner
aberdeen
44444
19951995
13243546
123456aa
wilbur
treasure
tomato
theodore
shania
raiders1
natural
kume
kathy
hamburg
gretchen
frisco
ericsson
daddy1
cosmo
condom
comics
coconut
cocks
Check
camilla
bikini
albatros
1Passwor
1958
1919
143143
0.0.0.000
zxcasdqwe
zaqxsw
whisper
vfvekz
tyler1
Sojdlg123aljg
sixers
sexsexsex
rfhbyf
profit
okokok
nancy
mikemike
michaela
memorex
marlene
kristy
jose
jackson1
hope
hailey
fugazi
fright
figaro
excalibu
elvira
dildo
denali
cruise
cooter
cheng
candle
bitch1
attack
armani
anhyeuem
78945612
222333
zenith
walleye
tsunami
trinidad
thomas1
temp
tammy
sultan
steve1
slacker
selena
samiam
revenge
pooppoop
pillow
nobody
kitty1
killer1
jojojo
huskies
greens
greenbay
greatone
fuckin
fortuna
fordf150
first
fashion
fart
emerson
davis
cloud9
china
boob
applepie
alien
963852741
321456
292929
1998
1956
18436572
tasha
stocks
rustam
rfrnec
piccolo
orgasm
milana
marisa
marcos
malaka
lisalisa
kelly1
hithere
harley1
hardrock
flying
fernand
dinosaur
corrado
coleman
clapton
chief
bloody
anfield
636363
420247
332211
voyeur
toby
texas1
surf
steele
running
rastaman
pa55w0rd
oleg
number1
maxell
madeline
keywest
junebug
ingrid
hollywood
hellyeah
hayley
goku
felicia
eeeeee
dicks
dfkthbz
dana
daisy1
columbus
charli
bonsai
billy1
aspire
9999999
987987
50cent
000001
xxxxxxx
wolfie
viagra
vfksirf
vernon
tang
swimmer
subway
stolen
sparta
slutty
skywalker
sean
sausage
rockhard
ricky
positive
nyjets
miriam
melissa1
krista
kipper
kcj9wx5n
jedi
jazzman
hyperion
happy123
gotohell
garage
football1
fingers
february
faggot
easy
dragoon
crazy1
clemson
chanel
canon
bootie
balloon
abc12345
609609609
456321
404040
162534
yosemite
slider
shado
sandro
roadkill
quincy
pedro
mayhem
lion
knopka
kingfish
jerkoff
hopper
everest
ddddddd
damnit
cunts
chevy1
cheetah
chaser
billyboy
bigbird
bbbb
789987
1qa2ws3ed
1954
135246
123789456
122333
1000
050505
wibble
valeria
tunafish
trident
thor
tekken
tara
starship
slave
saratoga
romance
robotech
rich
rasputin
rangers1
powell
poppop
passwords
p0015123
nwo4life
murder
milena
midget
megapass
lucky13
lolipop
koshka
kenworth
jonjon
jenny1
irish1
hedgehog
guiness
gmoney
ghetto
fortune
emily1
duster
ding
davidson
davids
dammit
dale
crysis
bogart
anaconda
alibaba
airbus
7753191
515151
20102010
200000
123123q
12131415
10203
work
wood
vladislav
vfczyz
tundra
Translator
torres
splinter
spears
richards
rachael
pussie
phoenix1
pearl
monty
lolo
lkjhgf
leelee
karolina
johanna
jensen
helloo
harper
hal9000
fletch
feather
fang
dfkthf
depeche
barsik
789789789
757575
727272
zorro
xtreme
woman
vitalik
vermont
train
theboss
sword
shearer
sanders
railroad
qwer123
pupsik
pornos
pippen
pingpong
nikola
nguyen
music1
magicman
killbill
kickass
kenshin
katie1
juggalo
jayhawk
java
grapes
fritz
drew
divine
cyclops
critter
coucou
cecilia
bristol
bigsexy
allsop
9876
1230
01011989
wrestlin
twisted
trout
tommyboy
stefano
song
skydive
sherwood
passpass
pass1234
onlyme
malina
majestic
macross
lillian
heart
guest
gabrie
fuckthis
freeporn
dinamo
deborah
crawford
clipper
city
better
bears
bangbang
asdasdasd
artemis
angie
admiral
2003
020202
yousuck
xbox360
werner
vector
usmc
umbrella
tool
strange
sparks
spank
smelly
small
salvador
sabres
rupert
ramses
presto
pompey
operator
nudist
ne1469
minime
matador
love69
kendall
jordan1
jeanette
hooter
hansen
gunners
gonzo
gggggggg
fktrcfylhf
facial
deepthroat
daniel1
dang
cruiser
cinnamon
cigars
chico
chester1
carl
caramel
calico
broadway
batman1
baddog
778899
2128506
123456r
0420
01011988
z1x2c3
wassup
wally
vh5150
underdog
thesims
thecat
sunnyday
snoopdog
sandy1
pooter
multiplelo
magick
library
kungfu
kirsten
kimber
jean
jasmine1
hotshot
gringo
fowler
emma
duchess
damage
cyclone
Computer
chong
chemical
chainsaw
caveman
catherine
carrera
canadian
buster1
brighton
back
australi
animals
alliance
albion
969696
555777
19721972
19691969
1024
trisha
theresa
supersta
steph
static
snowboar
sex123
scratch
retired
rambler
r2d2c3po
quantum
passme
over
newbie
mybaby
musica
misfit
mechanic
mattie
mathew
mamapapa
looser
jabroni
isaiah
heyhey
hank
hang
golfgolf
ghjcnjnfr
frozen
forfun
fffff
downtown
coolguy
cohiba
christopher
chivas
chicken1
bullseye
boys
bottle
bob123
blueboy
believe
becky
beanie
20002000
yzerman
west
village
vietnam
trader
summer1
stereo
spurs
solnce
smegma
skorpion
saturday
samara
safari
renault
rctybz
peterson
paper
meredith
marc
louis
lkjhgfdsa
ktyjxrf
kill
kids
jjjj
ivanova
hotred
goalie
fishes
eastside
cypress
cyber
credit
brad
blackhaw
beastie
banker
backdoor
again
192837
112211
westwood
venus
steeler
spawn
sneakers
snapple
snake1
sims
sharky
sexxxx
seeker
scania
sapper
route66
Robert
q123456
Passwor1
mnbvcx
mirror
maureen
marino13
jamesbond
jade
horizon
haha
getmoney
flounder
fiesta
europa
direct
dean
compute
chrono
chad
boomboom
bobby1
bing
beerbeer
apple123
andres
8888888
777888
333666
1357
12345z
030303
01011987
01011984
wolf359
whitey
undertaker
topher
tommy1
tabitha
stroke
staples
sinclair
silence
scout
scanner
samsung1
rain
poetry
pisces
phil
peter1
packer
outkast
nike
moneyman
mmmmmmmm
ming
marianne
magpie
love123
kahuna
jokers
jjjjjjjj
groucho
goodman
gargoyle
fuckher
florian
federico
droopy
dorian
donuts
ddddd
cinder
buttman
benny
barry
amsterda
alfa
656565
1x2zkg8w
19881988
19741974
zerocool
walrus
walmart
vfvfgfgf
user
typhoon
test1234
studly
Shadow
sexy69
sadie1
rtyuehe
rosie
qwert1
nipper
maximum
klingon
jess
idontknow
heidi
hahahaha
gggg
fucku2
floppy
flash1
fghtkm
erotica
erik
doodoo
dharma
deniska
deacon
daphne
daewoo
dada
charley
cambiami
bimmer
bike
bigbear
alucard
absolut
a123456789
4121
19731973
070707
03082006
02071986
vfhufhbnf
sinbad
secret1
second
seamus
renee
redfish
rabota
pudding
pppppppp
patty
paint
ocean
number
nature
motherlode
micron
maxx
massimo
losers
lokomotiv
ling
kristine
kostya
korn
goldstar
gegcbr
floyd
fallout
dawn
custom
christina
chrisbln
button
bonkers
bogey
belle
bbbbb
barber
audia4
america1
abraham
585858
414141
336699
20012001
12345678q
0123
whitesox
whatsup
usnavy
tuan
titty
titanium
thursday
thirteen
tazmania
steel
starfire
sparrow
skidoo
senior
reading
qwerqwer
qazwsx12
peyton
panasoni
paintbal
newcastl
marius
italian
hotpussy
holly1
goliath
giuseppe
frodo
fresh
buckshot
bounce
babyblue
attitude
answer
90210
575757
10203040
1012
01011910
ybrjkfq
wasser
tyson
Superman
sunflowe
steam
ssss
sound
solution
snoop
shou
shawn
sasuke
rules
royals
rivers
respect
poppy
phillips
olivier
moose1
mondeo
mmmm
knickers
hoosier
greece
grant
godfather
freeze
europe
erica
doogie
danzig
dalejr
contact
clarinet
champ
briana
bluedog
backup
assholes
allmine
aaliyah
12345679
100100
zigzag
whisky
weaver
truman
tomorrow
tight
theend
start
southpark
sersolution
roberta
rhfcjnrf
qwerty1234
quartz
premier
paintball
montgom240
mommy
mittens
micheal
maggot
loco
laurel
lamont
karma
journey
johannes
intruder
insert
hairy
hacked
groove
gesperrt
francois
focus
felipe
eternal
edwards
doug
dollars
dkflbckfd
dfktynbyf
demons
deejay
cubbies
christie
celeron
cat123
carbon
callaway
bucket
albina
2004
19821982
19811981
1515
12qw34er
123qwerty
123aaa
10101
1007
080808
zeus
warthog
tights
simona
shun
salamander
resident
reefer
racer
quattro
public
poseidon
pianoman
nonono
michell
mellow
luis
jillian
havefun
gunnar
goofy
futbol
fucku
eduardo
diehard
dian
chuckles
carla
carina
avalanch
artur
allstar
abc1234
abby
4545
1q2w3e4r5
125125
123451
ziggy
yumyum
working
what
wang
wagner
volvo
ufkbyf
twinkle
susanne
superman1
sunshin
strip
searay
rockford
radio
qwertyqwerty
proxy
prophet
ou8122
oasis
mylife
monke
monaco
meowmeow
meathead
Master
leanne
kang
joyjoy
joker1
filthy
emmitt
craig
cornell
changed
cbr600
builder
budweise
boobie
bobobo
biggles
bigass
bertie
amanda1
a1s2d3
784512
767676
235689
1953
19411945
14725836
11223
01091989
01011992
zero
vegas
twins
turbo1
triangle
thongs
thanatos
sting
starman
spike1
smokes
shai
sexyman
sex
scuba
runescape
phish
pepper1
padres
nitram
nickel
napster
lord
jewels
jeanne
gretzky
great1
gladiator
crjhgbjy
chuang
chou
blossom
bean
barefoot
alina
787898
567890
5551212
25252525
02071982
zxcvbnm1
zhong
woohoo
welder
viewsonic
venice
usarmy
trial
traveler
together
team
tango
swords
starter
sputnik
spongebob
slinky
rover
ripken
rasta
prissy
pinhead
papa
pants
original
mustard
more
mohammed
mian
medicine
mazafaka
lance
juliette
james007
hawkeyes
goodboy
gong
footbal
feng
derek
deeznutz
dante
combat
cicero
chun
cerberus
beretta
bengals
beaches
3232
135792468
12345qwe
01234567
01011975
zxasqw12
xxx123
xander
will
watcher
thedog
terrapin
stoney
stacy
something
shang
secure
rooney
rodman
redwing
quan
pony
pobeda
pissing
philippe
overkill
monalisa
mishka
lions
lionel
leonid
krystal
kosmos
jessic
jane
illusion
hoosiers
hayabusa
greene
gfhjkm123
games
francesc
enter1
confused
cobra1
clevelan
cedric
carole
busted
bonbon
barrett
banane
badgirl
antoine
7779311
311311
2345
187187
123456s
123456654321
1005
0987
01011993
zippy
zhei
vinnie
tttttttt
stunner
stoned
smoking
smeghead
sacred
redwood
Pussy1
moonlight
momomo
mimi
megatron
massage
looney
johnboy
janet
jagger
jacob1
hurley
hong
hihihi
helmet
heckfy
hambone
gollum
gaston
f**k
death1
Charlie
chao
cfitymrf
casanova
brent
boricua
blackjack
blablabla
bigmike
bermuda
bbbbbbbb
bayern
amazing
aleksey
717171
12301230
zheng
yoyo
wildman
tracker
syncmaster
sascha
rhiannon
reader
queens
qing
purdue
pool
poochie
poker
petra
person
orchid
nuts
nice
lola
lightning
leng
lang
lambert
kashmir
jill
idiot
honey1
fisting
fester
eraser
diao
delphi
dddddddd
cubswin
cong
claudio
clark
chip
buzzard
buzz
butts
brewster
bravo
bookworm
blessing
benfica
because
babybaby
aleksandra
6666666
1997
19961996
19791979
1717
1213
02091987
02021987
xiao
wild
valencia
trapper
tongue
thegreat
sancho
really
rainman
piper
peng
peach
passwd
packers1
newpass6
neng
mouse1
motley
morning
midway
Michelle
miao
maste
marin
kaylee
justin1
hokies
health
glory
five
dutchess
dogfood
comet
clouds
cloud
charles1
buddah
bacardi
astrid
alphabet
adams
19801980
147369
12qwas
02081988
02051986
02041986
02011985
01011977
xuan
vedder
valeri
teng
stumpy
squash
snapon
site
ruan
roadrunn
rjycnfynby
rhtdtlrj
rambo
pizzas
paula
novell
mortgage
misha
menace
maxim
lori
kool
hanna
gsxr750
goldwing
frisky
famous
dodge1
dbrnjh
christmas
cheese1
century
candice
booker
beamer
assword
army
angus
andromeda
adrienne
676767
543210
2010
1369
12345678a
12011987
02101985
02031986
02021988
zhuang
zhou
wrestling
tinkerbell
thumbs
thedude
teddybea
sssss
sonics
sinister
shannon1
satana
sang
salomon
remote
qazzaq
playing
piao
pacers
onetime
nong
nikolay
motherfucker
mortimer
misery
madison1
luan
lovesex
look
Jessica
handyman
hampton
gromit
ghostrider
doghouse
deluxe
clown
chunky
chuai
cgfhnfr
brewer
boxster
balloons
adults
a1a1a1
794613
654123
24682468
2005
1492
1020
1017
02061985
02011987
*****
zhun
ying
yang
windsor
wedding
wareagle
svoboda
supreme
stalin
sponge
simon1
roadking
ripple
realmadrid
qiao
PolniyPizdec0211
pissoff
peacock
norway
nokia6300
ninjas
misty1
medusa
medical
maryann
marika
madina
logan1
lilly
laser
killers
jiang
jaybird
jammin
intel
idontkno
huai
harry1
goaway
gameover
dino
destroy
deng
collin
claymore
chicago1
cheater
chai
bunny1
blackbir
bigbutt
bcfields
athens
antoni
abcd123
686868
369963
1357924680
12qw12
1236987
111333
02091986
02021986
01011983
000111
zhuai
yoda
xiang
wrestle
whiskers
valkyrie
toon
tong
ting
talisman
starcraf
sporting
spaceman
southpar
smiths
skate
shell
seng
saleen
ruby
reng
redline
rancid
pepe
optimus
nova
mohamed
meister
marcia
lipstick
kittykat
jktymrf
jenn
jayden
inuyasha
higgins
guai
gonavy
face
eureka
dutch
darkman
courage
cocaine
circus
cheeks
camper
br549
bagira
babyface
7uGd5HIp2J
5050
1qaz2ws
123321a
02081987
02081984
02061986
02021984
01011982
zhai
xiong
willia
vvvvvv
venera
unique
tian
sveta
strength
stories
squall
secrets
seahawks
sauron
ripley
riley
recovery
qweqweqwe
qiong
puddin
playstation
pinky
phone
penny1
nude
mitch
milkman
mermaid
max123
maria1
lust
loaded
lighter
lexus
leavemealone
just4me
jiong
jing
jamie1
india
hardcock
gobucks
gawker
fytxrf
fuzzy
florida1
flexible
eleanor
dragonball
doudou
cinema
checkers
charlene
ceng
buffy1
brian1
beautifu
baseball1
ashlee
adonis
adam12
434343
02031984
02021985
xxxpass
toledo
thedoors
templar
sullivan
stanford
shei
sander
rolling
qqqqqqq
pussey
pothead
pippin
nimbus
niao
mustafa
monte
mollydog
modena
mmmmm
michae
meng
mango
mamama
lynn
love12
kissing
keegan
jockey
illinois
ib6ub9
hotbox
hippie
hill
ghblehjr
gamecube
ferris
diggler
crow
circle
chuo
chinook
charity
carmel
caravan
cannabis
cameltoe
buddie
bright
bitchass
bert
beowulf
bartman
asia
armagedon
ariana
alexalex
alenka
ABC123
987456321
373737
2580
21031988
123qq123
12345t
1234567890a
123455
02081989
02011986
01020304
01011999
xyz123
xerxes
wraith
wishbone
warning
todd
ticket
three
subzero
shuang
rong
rider
quest
qiang
pppp
pian
petrov
otto
nuan
ning
myname
matthews
martine
mandarin
magical
latinas
lalalala
kotaku
jjjjj
jeffery
jameson
iamgod
hellos
hassan
Harley
godfathe
geng
gabriela
foryou
ffffffff
divorce
darius
chui
breasts
bluefish
binladen
bigtit
anne
alexia
2727
19771977
19761976
02061989
02041984
zhui
zappa
yfnfkmz
weng
tricia
tottenham
tiberius
teddybear
spinner
spice
spectre
solo
silverad
silly
shuo
sherri
samtron
poland
poiuy
pickup
pdtplf
paloma
ntktajy
northern
nasty1
musashi
missy1
microphone
meat
manman
lucille
lotus
letter
kendra
iomega
hootie
forward
elite
electron
electra
duan
DRAGON
dotcom
dirtbike
dianne
desiree
deadpool
darrell
cosmic
common
chrome
cathy
carpedie
bilbo
bella1
beemer
bearcat
bank
ashley1
asdfzxcv
amateurs
allan
absolute
50spanks
147963
120676
1123
02021983
zang
virtual
vampires
vadim
tulips
sweet1
suan
spread
spanish
some
slapper
skylar
shiner
sheng
shanghai
sanfran
ramones
property
pheonix
password2
pablo
othello
orange1
nuggets
netscape
ludmila
lost
liang
kakashka
kaitlyn
iscool
huang
hillary
high
hhhh
heater
hawaiian
guang
grease
gfhjkmgfhjkm
gfhjkm1
fyutkbyf
finance
farley
dogshit
digital1
crack
counter
corsair
company
colonel
claudi
carolin
caprice
caligula
bulls
blackout
beatle
beans
banzai
banner
artem
9562876
5656
1945
159632
15151515
123456qw
1234567891
02051983
02041983
02031987
02021989
z1x2c3v4
xing
vSjasnel12
twenty
toolman
thing
testpass
stretch
stonecold
soulmate
sonny
snuffy
shutup
shuai
shao
rhino
q2w3e4r5
polly
poipoi
pierce
piano
pavlov
pang
nicole1
millions
marsha
lineage2
liao
lemon
kuai
keller
jimmie
jiao
gregor
ggggg
game
fuckyo
fuckoff1
friendly
fgtkmcby
evan
edgar
dolores
doitnow
dfcbkbq
criminal
coldbeer
chuckie
chimera
chan
ccccc
cccc
cards
capslock
cang
bullfrog
bonjovi
bobdylan
beth
berger
barker
balance
badman
bacchus
babylove
argentina
annabell
akira
646464
15975
1223
11221122
1022
02081986
02041988
02041987
02041982
02011988
zong
zhang
yummy
yeahbaby
vasilisa
temp123
tank
slim
skyler
silent
sergeant
reynolds
qazwsx1
PUSSY
pasword
nomore
noelle
nicol
newyork1
mullet
monarch
merlot
mantis
mancity
magazine
llllllll
kinder
kilroy
katherine
jayhawks
jackpot
ipswich
hack
fishing1
fight
ebony
dragon12
dog123
dipshit
crusher
chippy
canyon
bigbig
bamboo
athlon
alisha
abnormal
a11111
2469
12365
1011
09876543
02101984
02081985
02071984
02011980
010180
01011979
zhuo
zaraza
wg8e3wjf
triple
tototo
theater
teddy1
syzygy
susana
sonoma
slavik
shitface
sheba
sexyboy
screen
salasana
rufus
Richard
reds
rebecca1
pussyman
pringles
preacher
park
oceans
niang
momo
misfits
mikey1
media
manowar
mack
kayla
jump
jorda
hondas
hollow
here
heineken
halifax
gatorade
gabriell
ferrari1
fergie
female
eldorado
eagles1
cygnus
coolness
colton
ciccio
cheech
card
boom
blaze
bhbirf
BASEBALL
barton
655321
1818
14141414
123465
1224
1211
111111a
02021982
zhao
wings
warner
vsegda
tripod
tiao
thunderb
telephon
tdutybz
talon
speedo
specialk
shepherd
shadows
samsun
redbird
race
promise
persik
patience
paranoid
orient
monster1
missouri
mets
mazda
masamune
martin1
marker
march
manning
mamamama
licking
lesley
laurence
jezebel
jetski
hopeless
hooper
homeboy
hole
heynow
forum
foot
ffff
farscape
estrella
entropy
eastwood
dwight
dragonba
door
dododo
deutsch
crystal1
corleone
cobalt
chopin
chevrolet
cattle
carlitos
buttercu
butcher
bushido
buddyboy
blond
bingo1
becker
baron
augusta
alex123
998877
24242424
12365478
02061988
02031985
??????
zuan
yfcntymrf
wowwow
winston1
vfibyf
ventura
titten
tiburon
thoma
thelma
stroker
snooker
smokie
slippery
shui
shock
seadoo
sandwich
records
rang
puffy
piramida
orion1
napoli
nang
mouth
monkey12
millwall
mexican
meme
maxxxx
magician
leon
lala
lakota
jenkins
jackson5
insomnia
harvard
HARLEY
hardware
giorgio
ginger1
george1
gator1
fountain
fastball
exotic
elizaveta
dialog
davide
channel
castro
bunnies
borussia
asddsa
andromed
alfredo
alejandro
7007
69696
4417
3131
258852
1952
147741
1234asdf
02081982
02051982
zzzzzzz
zeng
zalupa
yong
windsurf
wildcard
weird
violin
universal
sunflower
suicide
strawberry
stepan
sphinx
someone
sassy1
romano
reddevil
raquel
rachel1
pornporn
polopolo
pluto
plasma
pinkfloyd
panther1
north
milo
maxime
matteo
malone
major
mail
lulu
ltybcrf
lena
lassie
july
jiggaman
jelly
islander
inspiron
hopeful
heng
hans
green123
gore
gooner
goirish
gadget
freeway
fergus
eeeee
diego
dickie
deep
danny1
cuan
cristian
conover
civic
Buster
bombers
bird33
bigfish
bigblue
bian
beng
beacon
barnes
astro
artemka
annika
anita
Andrew
747474
484848
464646
369258
225588
1z2x3c
1a2s3d4f
123456qwe
02061980
02031982
02011984
zaqxswcde
wrench
washington
violetta
tuning
trainer
tootie
store
spurs1
sporty
sowhat
sophi
smashing
sleeper
slave1
sexysexy
seeking
sam123
robotics
rjhjktdf
reckless
pulsar
project
placebo
paddle
oooo
nightmare
nanook
married
linda1
lilian
lazarus
kuang
knockers
killkill
keng
katherin
Jordan
jellybea
jayson
iloveme
hunt
hothot
homerj
hhhhhhhh
helene
haggis
goat
ganesh
gandalf1
fulham
force
dynasty
drakon
download
doomsday
dieter
devil666
desmond
darklord
daemon
dabears
cramps
cougars
clowns
classics
citizen
cigar
chrysler
carlito
candace
bruno1
browning
brodie
bolton
biao
barbados
aubrey
arlene
arcadia
amigo
abstr
9293709b13
737373
4444444
4242
369852
20202020
1qa2ws
1Pussy
1947
1234560
1112
1000000
02091983
02061987
01081989
zephyr
yugioh
yjdsqgfhjkm
woofer
wanted
volcom
verizon
tripper
toaster
tipper
tigger1
tartar
superb
stiffy
spock
soprano
snowboard
sexxxy
senator
scrabble
santafe
sally1
sahara
romero
rhjrjlbk
reload
ramsey
rainbow6
qazwsxedc123
poopy
pharmacy
obelix
normal
nevermind
mordor
mclaren
mariposa
mari
manuela
mallory
magelan
lovebug
lips
kokoko
jakejake
insanity
iceberg
hughes
hookup
hockey1
hamish
graphics
geoffrey
firewall
fandango
ernie
dottie
doofus
donovan
domain
digimon
darryl
darlene
dancing
county
chloe1
chantal
burrito
bummer
bubba69
brett
bounty
bigcat
bessie
basset
augustus
ashleigh
878787
3434
321321321
12051988
111qqq
1023
1013
05051987
02101989
02101987
02071987
02071980
02041985
titan
thong
sweetnes
stanislav
sssssss
snappy
shanti
shanna
shan
script
scorpio1
RuleZ
rochelle
rebel1
radiohea
q1q2q3
puss
pumpkins
puffin
onetwo
oatmeal
nutmeg
ninja1
nichole
mobydick
marine1
mang
lover1
longjohn
lindros
killjoy
kfhbcf
karen1
jingle
jacques
iverson3
istanbul
iiiiii
howdy
hover
hjccbz
highheel
happiness
guitar1
ghosts
georg
geneva
gamecock
fraser
faithful
dundee
dell
creature
creation
corey
concorde
cleo
cdtnbr
carmex2
budapest
bronze
brains
blue12
battery
attila
arrow
anthrax
aloha
383838
19711971
1948
134679852
123qw
123000
02091984
02091981
02091980
02061983
02041981
01011900
zhjckfd
zazaza
wingman
windmill
wifey
webhompas
watch
thisisit
tech
submit
stress
spongebo
silver1
senators
scott1
sausages
radical
qwer12
ppppp
pixies
pineapple
piazza
patrice
officer
nygiants
nikitos
nigga
nextel
moses
moonbeam
mihail
MICHAEL
meagan
marcello
maksimka
loveless
lottie
lollypop
laurent
latina
kris
kleopatra
kkkk
kirsty
katarina
kamila
jets
iiii
icehouse
hooligan
gertrude
fullmoon
fuckinside
fishin
everett
erin
dynamite
dupont
dogcat
dogboy
diane
corolla
citadel
buttfuck
bulldog1
broker
brittney
boozer
banger
aviation
almond
aaron1
78945
616161
426hemi
333777
22041987
2008
20022002
153624
1121
111111q
05051985
02081977
02071988
02051988
02051987
02041979
zander
wwww
webmaste
webber
taylor1
taxman
sucking
stylus
spoon
spiker
simmons
sergi
sairam
royal
ramrod
radiohead
popper
platypus
pippo
pepito
pavel
monkeybo
Michael1
master12
marty
kjkszpj
kidrock
judy
juanita
joshua1
jacobs
idunno
icu812
hubert
heritage
guyver
gunther
Good123654
ghost1
getout
gameboy
format
festival
evolution
epsilon
enrico
electro
dynamo
duckie
drive
dolphin1
ctrhtn
cthtuf
cobain
club
chilly
charter
celeb
cccccccc
caught
cascade
carnage
bunker
boxers
boxer
bombay
bigboss
bigben
beerman
baggio
asdf12
arrows
aptiva
a1a2a3
a12345678
626262
26061987
1616
15051981
08031986
060606
02061984
02061982
02051989
02051984
02031981
woodland
whiteout
visa
vanguard
towers
tiny
tigger2
temppass
super12
stop
stevens
softail
sheriff
robot
reddwarf
pussy123
praise
pistons
patric
partner
niceguy
morgan1
model
mars
mariana
manolo
mankind
lumber
krusty
kittens
kirby
june
johann
jared
imation
henry1
heat
gobears
forsaken
Football
fiction
ferguson
edison
earnhard
dwayne
dogger
diver
delight
dandan
dalshe
cross
cottage
coolcool
coach
camila
callum
busty
british
biology
beta
beardog
baldwin
alone
albany
airwolf
9876543
987123
7894561230
786786
535353
21031987
1949
13041988
1234qw
123456l
1215
111000
11051987
10011986
06061986
02091985
02021981
02021979
01031988
vjcrdf
uranus
tiger123
summer99
state
starstar
squeeze
spikes
snowflak
slamdunk
sinned
shocker
season
santa
sanity
salome
saiyan
renata
redrose
queenie
puppet
popo
playboy1
pecker
paulie
oliver1
ohshit
norwich
news
namaste
muscles
mortal
michael2
mephisto
mandy1
magnet
longbow
llll
living
lithium
komodo
kkkkkkkk
kjrjvjnbd
killer12
kellie
julie1
jarvis
iloveyou2
holidays
highway
havana
harvest
harrypotter
gorgeous
giraffe
garion
frost
fishman
erika
earth
dusty1
dudedude
demo
deer
concord
colnago
clit
choice
chillin
bumper
blam
bitter
bdsm
basebal
barron
baker
arturo
annie1
andersen
amerika
aladin
abbott
81fukkc
5678
135791
1002
02101986
02081983
02041989
02011989
01011978
zzzxxx
zxcvbnm123
yyyyyy
yuan
yolanda
winners
welcom
volkswag
vera
ursula
ultra
toffee
toejam
theatre
switch
superma
Stone55
solitude
sissy
sharp
scoobydoo
romans
roadster
punk
presiden
pool6123
playstat
pipeline
pinball
peepee
paulina
ozzy
nutter
nights
niceass
mypassword
mydick
milan
medic
mazdarx7
mason1
marlon
mama123
lemonade
krasotka
koroleva
karin
jennife
itsme
isaac
irishman
hookem
hewlett
hawaii50
habibi
guitars
grande
glacier
gagging
gabriel1
freefree
francesco
food
flyfish
fabric
edward1
dolly
destin
delilah
defense
codered
cobras
climber
cindy1
christma
chipmunk
chef
brigitte
bowwow
bigblock
bergkamp
bearcats
baba
altima
74108520
45M2DO5BS
30051985
258258
24061986
22021989
21011989
20061988
1z2x3c4v
14061991
13041987
123456m
12021988
11081989
03041991
02071981
02031979
02021976
01061990
01011960
yvette
yankees2
wireless
werder
wasted
visual
trust
tiffany1
stratus
steffi
stasik
starligh
sigma
rubble
ROBERT
register
reflex
redfox
record
qwerty7
premium
prayer
players
pallmall
nurses
nikki1
nascar24
mudvayne
moritz
moreno
moondog
monsters
micro
mickey1
mckenzie
mazda626
manila
madcat
louie
loud
krypton
kitchen
kisskiss
kate
jubilee
impact
Horny
hellboy
groups
goten
gonzalez
gilles
gidget
gene
gbhfvblf
freebird
federal
fantasia
dogbert
deeper
dayton
comanche
cocker
choochoo
chambers
borabora
bmw325
blast
ballin
asdfgh01
alissa
alessandro
airport
abrakadabra
7777777777
635241
494949
420000
23456789
23041987
19701970
1951
18011987
172839
1235
123456789s
1125
1102
1031
07071987
02091989
02071989
02071983
02021973
02011981
01121986
01071986
0101
zodiac
yogibear
word
water1
wasabi
wapbbs
wanderer
vintage
viktoriya
varvara
upyours
undertak
underground
undead
umpire
tropical
tiger2
threesom
there
sunfire
sparky1
snoopy1
smart
slowhand
sheridan
sensei
savanna
rudy
redsox1
ramirez
prowler
postman
porno1
pocket
pelican
nfytxrf
nation
mykids
mygirl
moskva
mike123
Master1
marianna
maggie1
maggi
live
landon
lamer
kissmyass
keenan
just4fun
julien
juicy
JORDAN
jimjim
hornets
hammond
hallie
glenn
ghjcnjgfhjkm
gasman
FOOTBALL
flanker
fishhead
firefire
fidelio
fatty
excalibur
enterme
emilia
ellie
eeee
diving
dindom
descent
daniele
dallas1
customer
contest
compass
comfort
comedy
cocksuck
close
clay
chriss
chiara
cameron1
calgary
cabron
bologna
berkeley
andyod22
alexey
achtung
45678
3636
28041987
25081988
24011985
20111986
19651965
1941
19101987
19061987
1812
14111986
13031987
123ewq
123456123
12121990
112112
10071987
10031988
02101988
02081980
02021990
01091987
01041985
01011995
zebra
zanzibar
waffle
training
teenage
sweetness
sutton
sushi
suckers
spam
south
sneaky
sisters
shinobi
shibby
sexy1
rockies
presley
president
pizza1
piggy
password12
olesya
nitro
motion
milk
medion
markiz
lovelife
longdong
lenny
larry1
kirk
johndeer
jefferso
james123
jackjack
ijrjkfl
hotone
heroes
gypsy
foxy
fishbone
fischer
fenway
eddie1
eastern
easter
drummer1
Dragon1
Daniel
coventry
corndog
compton
chilli
chase1
catwoman
booster
avenue
armada
987321
818181
606060
5454
28021992
25800852
22011988
19971997
1776
17051988
14021985
13061986
12121985
11061985
10101986
10051987
10011990
09051945
08121986
04041991
03041986
02101983
02101981
02031989
02031980
01121988
wwwwwww
virgil
troy
torpedo
toilet
tatarin
survivor
sundevil
stubby
straight
spotty
slater
skip
sheba1
runaway
revolver
qwerty11
qweasd123
parol
paradigm
older
nudes
nonenone
moore
mildred
michaels
lowell
knock
klaste
junkie
jimbo1
hotties
hollie
gryphon
gravity
grandpa
ghjuhfvvf
frogman
freesex
foreve
felix1
fairlane
everlast
ethan
eggman
easton
denmark
deadly
cyborg
create
corinne
cisco
chick
chestnut
bruiser
broncos1
bobdole
azazaz
antelope
anastasiya
456456456
415263
30041986
29071983
29051989
29011985
28021990
28011987
27061988
25121987
25031987
24680
22021986
21031990
20091991
20031987
196969
19681968
1946
17061988
16051989
16051987
1210
11051990
100500
08051990
05051989
04041988
02051980
02051976
02041980
02031977
02011983
01061986
01041988
01011994
0000007
zxcasdqwe123
washburn
vfitymrf
troll
tranny
tonight
thecure
studman
spikey
soccer12
soccer10
smirnoff
slick1
skyhawk
skinner
shrimp
shakira
sekret
seagull
score
sasha_007
rrrrrrrr
ross
rollins
reptile
razor
qwert12345
pumpkin1
porsche1
playa
notused
noname123
newcastle
never
nana
MUSTANG
minerva
megan1
marseille
marjorie
mamamia
malachi
lilith
letmei
lane
lambda
krissy
kojak
kimball
keepout
karachi
kalina
justus
joel
joe123
jerry1
irinka
hurricane
honolulu
holycow
hitachi
highbury
hhhhh
hannah1
hall
guess
glass
gilligan
giggles
flores
fabie
eeeeeeee
dungeon
drifter
dogface
dimas
dentist
death666
costello
castor
bronson
brain
bolitas
boating
benben
baritone
bailey1
badgers
austin1
astra
asimov
asdqwe
armand
anthon
amorcit
797979
4200
31011987
3030
30031988
3000gt
224466
22071986
21101986
21051991
20091988
2009
20051988
19661966
18091985
18061990
15101986
15051990
15011987
13121985
12qw12qw
1234123
1204
12031987
12031985
11121986
1025
1003
08081988
08031985
03031986
02101979
02071979
02071978
02051985
02051978
02051973
02041975
02041974
02031988
02011982
01031989
01011974
zoloto
zippo
wwwwwwww
w_pass
wildwood
wildbill
transit
superior
styles
stryker
string
stream
stefanie
slugger
skillet
sidekick
show
shawna
sf49ers
Salsero
rosario
remingto
redeye
redbaron
question
quasar
ppppppp
popova
physics
papers
palermo
options
mothers
moonligh
mischief
ministry
minemine
messiah
mentor
megane
mazda6
marti
marble
leroy
laura1
lantern
Kordell1
koko
knuckles
khan
kerouac
kelvin
jorge
joebob
jewel
iforget
Hunter
house1
horace
hilary
grand
gordo
glock
georgie
George
fuckhead
freefall
films
fantomas
extra
ellen
elcamino
doors
diaper
datsun
coldplay
clippers
chandra
carpente
carman
capricorn
calimero
boytoy
boiler
bluesman
bluebell
bitchy
bigpimp
bigbang
biatch
Baseball
audi
astral
armstron
angelika
angel123
abcabc
999666
868686
3x7PxR
357357
30041987
27081990
26031988
258369
25091987
25041988
24111989
23021986
22041988
22031984
21051988
17011987
16121987
15021985
142857
14021986
13021990
12345qw
123456ru
1124
10101990
10041986
07091990
02051981
01031985
01021990
******
zildjian
yfnfkb
yeah
WP2003WP
vitamin
villa
valentine
trinitro
torino
tigge
thewho
thethe
tbone
swinging
sonia
sonata
smoke1
sluggo
sleep
simba1
shamus
sexxy
sevens
rober
rfvfcenhf
redhat
quentin
qazws
pufunga7782
priest
pizdec
pigeon
pebble
palmtree
oxygen
nostromo
nikolai
mmmmmmm
mahler
lorena
lopez
lineage
korova
kokomo
kinky
kimmie
kieran
jsbach
johngalt
isabell
impreza
iloveyou1
iiiii
huge
fuck123
franc
foxylady
fishfish
fearless
evil
entry
enforcer
emilie
duffman
ducks
dominik
david123
cutiepie
coolcat
cookie1
conway
citroen
chinese
cheshire
cherries
chapman
changes
carver
capricor
book
blueball
blowfish
benoit
Beast1
aramis
anchor
741963
654654
57chevy
5252
357159
345678
31031988
25091990
25011990
24111987
23031990
22061988
21011991
21011988
1942
19283746
19031985
19011989
18091986
17111985
16051988
15071987
145236
14081985
132456
13071984
1231
12081985
1201
11021985
10071988
09021988
05061990
02051972
02041978
02031983
01091985
01031984
010191
01012009
yamahar1
wormix
whistler
wertyu
warez
vjqgfhjkm
versace
universa
taco
sugar1
strawber
stacie
sprinter
spencer1
sonyfuck
smokey1
slimshady
skibum
series
screamer
sales
roswell
roses
report
rampage
qwedsa
q11111
program
Princess
petrova
patrol
papito
papillon
paco
oooooooo
mother1
mick
Maverick
marcius2
magneto
macman
luck
lalakers
lakeside
krolik
kings
kille
kernel
kent
junior1
jules
jermaine
jaguars
honeybee
hola
highlander
helper
hejsan
hate
hardone
gustavo
grinch
gratis
goth
glamour
ghbywtccf
ghbdtn123
elefant
earthlink
draven
dmitriy
dkflbr
dimples
cygnusx1
cold
cococo
clyde
cleopatr
choke
chelse
cecile
casper1
carnival
cardiff
buddy123
bruce1
bootys
bookie
birddog
bigbob
bestbuy
assasin
arkansas
anastasi
alberta
addict
acmilan
7896321
30081984
258963
25101988
23051985
23041986
23021989
22121987
22091988
22071987
22021988
2006
20052005
19051987
15041988
15011985
14021990
14011986
13051987
13011988
13011987
12345s
12061988
12041988
12041986
11111q
11071988
11031988
10081989
08081986
07071990
07071977
05071984
04041983
03021986
02091988
02081976
02051977
02031978
01071987
01041987
01011976
zack
zachary1
yoyoma
wrestler
weston
wealth
wallet
vjkjrj
vendetta
twiggy
twelve
turnip
tribal
tommie
tkbpfdtnf
thecrow
test12
terminat
telephone
synergy
style
spud
smackdow
slammer
sexgod
seabee
schalke
sanford
sandrine
salope
rusty2
right
repair
referee
ratman
radar
qwert40
qwe123qwe
prozac
portal
polish
Patrick
passes
otis
oreo
option
opendoor
nuclear
navy
nautilus
nancy1
mustang6
murzik
mopar
monty1
Misfit99
mental
medved
marseill
magpies
magellan
limited
Letmein1
lemmein
leedsutd
larissa
kikiki
jumbo
jonny
jamess
jackass1
install
hounddog
holes
hetfield
heidi1
harlem
gymnast
gtnhjdbx
godlike
glow
gideon
ghhh47hj7649
flip
flame
fkbyjxrf
fenris
excite
espresso
ernesto
dontknow
dogpound
dinner
diablo2
dejavu
conan
complete
cole
chocha
chips
chevys
cayman
breanna
borders
blue32
blanco
bismillah
biker
bennie
benito
azazel
ashle
arianna
argentin
antonia
alanis
advent
acura
858585
4040
333444
30041985
29071985
29061990
27071987
27061985
27041990
26031990
24031988
23051990
2211
22011986
21061986
20121989
20092009
20091986
20081991
20041988
20041986
1qwerty
19671967
1950
19121989
19061990
18101987
18051988
18041986
18021984
17101986
17061989
17041991
16021990
15071988
15071986
14101987
135798642
13061987
1234zxcv
12321
1214
12071989
1129
11121985
11061991
10121987
101101
10101985
10031987
100200
09041987
09031988
06041988
05071988
03081989
02071985
02071975
0123456
01051989
01041992
01041990
zarina
woodie
whiteboy
white1
waterboy
volkov
vlad
virus
vikings1
viewsoni
vbkfirf
trans
terefon
swedish
squeak
spanner
spanker
sixpack
seymour
sexxx
serpent
samira
roma
rogue
robocop
robins
real
Qwerty1
qazxcv
q2w3e4
punch
pinky1
perry
peppe
penguin1
Password123
pain
optimist
onion
noway
nomad
nine
morton
moonshin
money12
modern
mcdonald
mario1
maple
loveya
love1
loretta
lookout
loki
lllll
llamas
limewire
konstantin
k.lvbkf
keisha
jones1
jonathon
johndoe
johncena
john123
janelle
intercourse
hugo
hopkins
harddick
glasgow
gladiato
gambler
galant
gagged
fortress
factory
expert
emperor
eight
django
dinara
devo
daniels
crusty
cowgirl
clutch
clarissa
cevthrb
ccccccc
capetown
candy1
camero
camaross
callisto
butters
bigpoppa
bigones
bigdawg
best
beater
asgard
angelus
amigos
amand
alexandre
9999999999
8989
875421
30011985
29051985
2626
26061985
25111987
25071990
22081986
22061989
21061985
20082008
20021988
1a2s3d
19981998
16051985
15111988
15051985
15021990
147896
14041988
123567
12345qwerty
12121988
12051990
12051986
12041990
11091989
11051986
11051984
1008
10061986
0815
06081987
06021987
04041990
02081981
02061977
02041977
02031975
01121987
01061988
01031986
01021989
01021988
wolfpac
wert
vienna
venture
vehpbr
vampir
university
tuna
trucking
trip
trees
transfer
tower
tophat
tomahawk
timosha
timeout
tenchi
tabasco
sunny1
suckmydick
suburban
stratfor
steaua
spiral
simsim
shadow12
screw
schmidt
rough
rockie
reilly
reggae
quebec
private1
printing
pentagon
pearson
peachy
notebook
noname
nokian73
myrtle
munch
moron
matthias
mariya
marijuan
mandrake
mamacita
malice
links
lekker
lback
larkin
ksusha
kkkkk
kestrel
kayleigh
inter
insight
hotgirls
hoops
hellokitty
hallo123
gotmilk
googoo
funstuff
fredrick
firefigh
finland
fanny
eggplant
eating
dogwood
doggies
dfktynby
derparol
data
damon
cvthnm
cuervo
coming
clock
cleopatra
clarke
cheddar
cbr900rr
carroll
canucks
buste
bukkake
boyboy
bowman
bimbo
bighead
bball
barselona
aspen
asdqwe123
around
aries
americ
almighty
adgjmp
addison
absolutely
aaasss
4ever
357951
29061989
28051987
27081986
25061985
25011986
24091986
24061988
24031990
21081987
21041992
20031991
2001112
19061985
18111987
18021988
17071989
17031987
16051990
15021986
14031988
14021987
14011989
1220
1205
120120
111999
111777
1115
1114
11011990
1027
10011983
09021989
07051990
06051986
05091988
05081988
04061986
04041985
03041980
02101976
02071976
02061976
02011975
01031983
zasada
wyoming
wendy1
washingt
warrior1
vickie
vader1
uuuuuu
username
tupac
Trustno1
tinkerbe
suckdick
streets
strap
storm1
stinker
sterva
southpaw
solaris
sloppy
sexylady
sandie
roofer
rocknrol
rico
rfhnjirf
QWERTY
qqqqq1
punker
progress
platon
Phoenix
Phoeni
peeper
pastor
paolo
page
obsidian
nirvana1
nineinch
nbvjatq
navigator
native
money123
modelsne
minimoni
millenium
max333
maveric
matthe
marriage
marquis
markie
marines1
marijuana
margie
little1
lfybbk
klizma
kimkim
kfgjxrf
joshu
jktxrf
jennaj
irishka
irene
ilove
hunte
htubcnhfwbz
hottest
heinrich
happy2
hanson
handball
greedy
goodie
golfer1
gocubs
gerrard
gabber
fktyrf
facebook
eskimo
elway7
dylan1
dominion
domingo
dogbone
default
darkangel
cumslut
cumcum
cricket1
coral
coors
chris123
charon
challeng
canuck
call
calibra
buceta
bubba123
bricks
bozo
blues1
bluejays
berry
beech
awful
april1
antonina
antares
another
andrea1
amore
alena
aileen
a1234
996633
556677
5329
5201314
3006
28051986
28021985
27031989
26021987
25101989
25061986
25041985
25011985
24061987
23021985
23011985
223322
22121986
22121983
22081983
22071989
22061987
22061941
22041986
22021985
21021985
2007
20031988
1qaz
199999
19101990
19071988
19071986
18061985
18051990
17071985
16111990
16061986
16011989
15081991
15051987
14071987
13031986
123qwer
1235789
123459
1227
1226
12101988
12081984
12071987
1200
11121987
11081987
11071985
11011991
1101
1004
08071987
08061987
05061986
04061991
03111987
03071987
02091976
02081979
02041976
02031973
02021991
02021980
02021971
zouzou
yaya
wxcvbn
wolfen
wives
wingnut
whatwhat
Welcome1
wanking
VQsaBLPzLa
truth
tracer
trace
theforce
terrell
sylveste
susanna
stephane
stephan
spoons
spence
sixty
sheepdog
services
sawyer
sandr
saigon
rudolf
rodeo
roadrunner
rimmer
ricard
republic
redskin
Ranger
ranch
proton
post
pigpen
peggy
paris1
paramedi
ou8123
nevets
nazgul
mizzou
midnite
metroid
Matthew
masterbate
margarit
loser1
lolol
lloyd
kronos
kiteboy
junk
joyce
jomama
joemama
ilikepie
hung
homework
hattrick
hardball
guido
goodgirl
globus
funky
friendster
flipflop
flicks
fender1
falcon1
f00tball
evolutio
dukeduke
disco
devon
derf
decker
davies
cucumber
cnfybckfd
clifton
chiquita
castillo
cars
capecod
cafc91
brown1
brand
bomb
boater
bledsoe
bigdicks
bbbbbbb
barley
barfly
ballet
azzer
azert
asians
angelic
ambers
alcohol
6996
5424
393939
31121990
30121987
29121987
29111989
29081990
29081985
29051990
27272727
27091985
27031987
26031987
26031984
24051990
23061990
22061990
22041985
22031991
22021990
21111985
21041985
20021986
19071990
19051986
19011987
17171717
17061986
17041987
16101987
16031990
159357a
15091987
15081988
15071985
15011986
14101988
14071988
14051990
14021983
132465
13111990
12121987
12121982
12061986
12011989
11111987
11081990
10111986
10031991
09090909
08051987
08041986
05051990
04081987
04051988
03061987
03031993
03031988
02101980
02101977
02091977
02091975
02061979
02051975
01081990
01061987
01011971
wiseguy
weed420
tosser
toriamos
toolbox
toocool
tomas
thedon
tender
taekwondo
starwar
start1
sprout
sonyericsson
slimshad
skateboard
shonuf
shoes
sheep
shag
ring
riccardo
rfntymrf
redcar
qwe321
qqqwww
proview
prospect
persona
penetration
peaches1
peace1
olympus
oberon
nokia6233
nightwish
munich
morales
mone
mohawk
merlin1
Mercedes
mega
maxwell1
mash4077
marcelo
mann
mad
macbeth
LOVE
loren
longer
lobo
leeds
lakewood
kurt
krokodil
kolbasa
kerstin
jenifer
hott
hello12
hairball
gthcbr
grin
grandam
gotribe
ghbrjk
ggggggg
FUCKYOU
fuck69
footjob
flasher
females
fellow
explore
evangelion
egghead
dudeman
doubled
doris
dolemite
dirty1
devin
delmar
delfin
David
daddyo
cromwell
cowboy1
closer
cheeky
ceasar
cassandr
camden
cabernet
burns
bugs
budweiser
boxcar
boulder
biggun
beloved
belmont
beezer
beaker
Batman
bastards
bahamut
azertyui
awnyce
auggie
aolsucks
allegro
963963
852852
515000
45454545
31011990
29011987
28071986
28021986
27051987
27011988
26051988
26041991
26041986
25011993
24121986
24061992
24021991
24011990
23051986
23021988
23011990
21121986
21111990
21071989
20071986
20051985
20011989
1943
19111987
19091988
18041990
18021986
18011986
17101987
17091987
17021985
17011990
16061985
1598753
15051986
14881488
14121989
14081988
14071986
13111984
122112
12121989
12101985
12051985
111213
11071986
1103
11011987
10293847
101112
10081985
10061987
10041983
0911
07091982
07081986
06061987
06041987
06031983
04091986
03071986
03051987
03051986
03031990
03011987
02101978
02091973
02081974
02071977
02071971
0192837465
01051988
01051986
01011973
?????
zxcv123
zxasqw
yyyy
yessir
wordup
wizards
werty
watford
Victoria
vauxhall
vancouve
tuscl
trailer
touching
tokiohotel
suslik
supernov
steffen
spider1
speakers
spartan1
sofia
signal
sigmachi
shen
sheeba
sexo
sambo
salami
roger1
rocknroll
rockin
road
reserve
rated
rainyday
q123456789
purpl
puppydog
power123
poiuytre
pointer
pimping
phialpha
penthous
pavement
outside
odyssey
nthvbyfnjh
norbert
nnnnnnnn
mutant
Mustang
mulligan
mississippi
mingus
Merlin
magic32
lonesome
liliana
lighting
lara
ksenia
koolaid
kolokol
klondike
kkkkkkk
kiwi
kazantip
junio
jewish
jajaja
jaime
jaeger
irving
ironmaiden
iriska
homemade
herewego
helmut
hatred
harald
gonzales
goldfing
gohome
gerbil
genesis1
fyfnjkbq
freee
forgetit
foolish
flamengo
finally
favorite6
exchange
enternow
emilio
eeeeeee
dougie
dodgers1
deniro
delaware
deaths
darkange
commande
comein
cement
catcher
cashmone
burn
buffet
breaker
brandy1
bordeaux
books
bongo
blue99
blaine
birgit
billabon
benessere
banan
awesome1
asdffdsa
archange
annmarie
ambrosia
ambrose
alleycat
all4one
alchemy
aceace
aaaaaaaaaa
777999
43214321
369258147
31121988
31121987
30061987
30011986
2fast4u
29041985
28121984
28061986
28041992
28031982
27111985
27021991
26111985
26101986
26091986
26031986
25021988
24111990
24101986
24071987
24011987
23051991
23051987
23031987
222777
22071983
22051986
21101989
21071987
21051986
20081986
20061986
20031986
20021985
20011988
19641964
19111986
19101986
19021990
18051987
18031991
18021987
16111982
16011987
15111984
15091988
15061988
15031988
15021983
14021989
14011988
14011987
12348765
12345qaz
1234566
12111990
12091988
12051989
12051987
12031988
12021985
12011985
11111986
11091984
1109
11071989
1016
10071985
10061984
10041990
10031989
10011988
06071983
05021988
03041987
02091982
02091971
02061974
02051990
02051979
02011990
01051990
010390
01021985
youtube
yasmin
woodstoc
wonderful
wildone
widget
whiplash
ukraine
tyson1
twinkie
trouble1
treetop
tigers1
their
testing1
tarpon
tantra
summer69
stickman
stafford
spooge
spliff
speedway
somerset
smoothie
siobhan
shuttle
shodan
SHADOW
selina
segblue2
sebring
scheisse
Samantha
rrrr
roll
riders
revolution
redbone
reason
rasmus
randy1
rainbows
pumper
pornking
point
ploppy
pimpdadd
payday
pasadena
p0o9i8u7
opennow
nittany
newark
navyseal
nautica
monic
mikael
metall
Marlboro
manfred
macleod
luna
luca
longhair
lokiloki
lkjhgfds
lefty
lakers1
kittys
killa
kenobi
karine
kamasutra
juliana
joseph1
jenjen
jello
interne
houdini
gsxr1000
grass
gotham
goodday
gianni
getting
gannibal
gamma
flower2
fishon
Fabie
evgeniy
drums
dingo
daylight
dabomb
cornwall
cocksucker
climax
catnip
carebear
camber
butkus
bootsy
blue42
auto
austin31
auditt
ariel
alice1
algebra
advance
adrenalin
888999
789654123
777333
5Wr2i7H8
4567
3ip76k2
32167
31031987
30111987
30071986
30061983
30051989
30041991
28071987
28051990
28051985
27041985
26071987
26061986
26051986
25121985
25051985
24081988
24041988
24031987
24021988
23skidoo
23121986
23091987
23071985
23061992
22111985
22091986
22081991
22071990
22061985
21081985
21071992
21021987
20101988
20061984
20051989
20041990
1Dragon
19091990
19031987
18121984
18081988
18061991
18041991
18011988
17061991
17021987
16031988
16021987
15091989
15081990
15071983
15041987
14091990
14081990
14041992
14041987
14031989
13081985
13021987
123qwert
12345qwer
12345abc
123456t
123456789m
1212121212
12081983
12021991
111112
11101986
11081988
11061989
11041991
11011989
1018
1015
10121986
10121985
10101989
10041991
09091986
09081988
09051986
08071988
08011986
07101987
07071985
0660
06061985
06011988
05031991
05021987
04061984
04051985
02101973
02061981
02061972
02041973
02011979
01101987
01051985
01021987
workout
wonderboy
winter1
wetter
werdna
vvvv
voyager1
vagabond
trustme
toonarmy
timtim
Tigger
thrasher
terra
swoosh
supra
stigmata
stayout
status
square
sperma
smackdown
sixty9
sexybabe
sergbest
senna
scuba1
scrapper
samoht
sammy123
salem
rugger
royalty
rivera
ringo
restart
reginald
readers
raleigh
rainbow1
rage
prosper
pitch
pictures
petunia
peterbil
perfect1
patrici
pantera1
pancake
p4ssw0rd
outback
norris
normandy
nevermore
needles
nathan1
nataly
narnia
musical
mooney
michal
maxdog
MASTER
madmad
m123456
lumina
luckyone
luciano
linkin
lillie
leigh
kirkland
kahlua
junkmail
Joshua
josephin
Jordan23
johnson1
jocelyn
jeannie
javelin
inlove
honor
holein1
harbor
grisha
gina
gatit
futurama
firenze
fireblad
fellatio
esquire
errors
emmett
elvisp
drum
driller
dragonfl
dragon69
dingle
davinci
crackers
corwin
compaq1
collie
christa
checker
cartoons
buttercup
bungle
budgie
boomer1
body
blue1234
biit
bigguns
barry1
audio
atticus
atlas
Anthony
angus1
Anai
alisa
alex12
aikman
abacab
951357
7894
4711
321678
31101987
31051985
30121986
30091989
30031992
30031986
30011987
29061988
29061985
29031988
28061988
27061983
27031986
27021990
26101987
26071989
26071986
25081986
25061987
25051987
25041991
24101989
24071991
23111987
23091986
23051983
23031986
2222222222
22121989
22071991
22051991
22011985
21121985
21031985
20121988
20121986
20061990
20051987
1q2q3q
1944
19091983
19061992
1905
19021991
18121987
18121983
18111986
16121986
16091987
16071991
16071987
15111989
15031990
14041986
13121983
13101987
13091984
13071990
1245
12345m
1234568
123456789qwe
1234567899
1234561
1228
12211221
12121991
12121986
12101990
12101984
12091991
1209
12081988
12071990
12071988
115599
11111a
11041990
1028
10081990
10081983
10071990
10061989
10011992
09111987
09081985
08121987
08111984
08101986
08051989
07091988
07081987
07071988
07071984
07071982
07051987
06031992
05111986
05051991
05031990
05011987
04111988
04061987
04041987
040404
02081973
02061978
02031991
02031990
02011976
01071984
01041980
01021992
zaqwsxcde
yyyyyyyy
worthy
woowoo
wind
William
warhamme
walton
vodka
venom
velocity
treble
tralala
tigercat
tarakan
sunlight
streaming
starr
sonysony
smart1
skylark
sites
shower
sheldon
seneca
sedona
scamper
sand
sabrina1
romantic
rockwell
rabbits
q1234567
puzzle
protect
poker1
plato
plastics
pinnacle
peppers
pathetic
patch
pancakes
ottawa
ooooo
offshore
octopus
nounours
nokia1
neville
ncc74656
natasha1
nastia
mynameis
motor
motocros
middle
met2002
meow
meliss
medina
meadow
matty
masterp
manga
lucia
loose
linden
lhfrjy
letsdoit
leopold
lawson
larson
laddie
ladder
kristian
kittie
jughead
joecool
jimmys
iklo
honeys
hoffman
hiking
hello2
heels
harrier
hansol
haley
granada
gofast
fyutkjxtr
frogs
francisc
four
fields
farm
faith1
fabio
dreamcas
dragster
doggy1
dirt
dicky
destiny1
deputy
delpiero
dbnfkbr
dakota1
daisydog
cyprus
cutie
cupoi
colonial
colin
clovis
cirrus
chewy
chessie
chelle
caster
cannibal
candyass
camping
cable
bynthytn
byebye
buzzer
burnout
burner
bumbum
bumble
briggs
brest
boyz
bowtie
bootsie
bmwbmw
blanche
blanca
bigbooty
baylor
base
azertyuiop
austria
asd222
armando
ariane
amstel
amethyst
airman
afrika
adelina
acidburn
7734
741741
66613666
44332211
31071990
31051993
30051987
30011990
29091987
29061986
29011982
2828
28101986
28081990
28081986
28011988
27111989
27031992
27021992
26081986
25081985
25031991
25031983
24121987
24091991
23111989
23091989
23091985
23061989
22091991
22071985
22071984
22061984
22051989
22051987
22031986
22011992
21061988
21031984
20071988
20061983
20041985
1qazzaq1
1qazxsw23edc
19991999
19061991
18101985
18051989
18031988
18021992
18011985
17051990
17051989
17051987
17021989
16091988
16081986
16061988
16061987
15121987
15091985
15081986
15061985
15011983
14101986
1357911
13071987
13061985
13021985
123456qqq
123456789d
1234509876
12131213
12111991
12111985
12081990
12081987
12071991
1207
120689
1120
11071987
11051988
1104
11031983
10091984
10071989
10071986
10061985
10051990
10041987
10031993
10031990
09091988
09051987
09041986
08081990
08081989
08021990
07101984
07071989
07041987
07031989
07021991
06061981
06021986
05121990
05061988
05031987
04071988
04071986
04041986
03101991
03091983
03051988
03041983
03031992
02081970
02061971
02051970
02041972
02031974
02021978
0202
02011977
01121990
01091992
01081992
01081985
01011972
007bond
zapper
vipergts
vfntvfnbrf
vfndtq
tujhrf
tripleh
track
THOMAS
thierry
thebear
systems
supernova
stone1
stephen1
stang
stan
spot
sparkles
soul
snowbird
snicker
slonik
slayer1
sixsix
singapor
shauna
scissors
savior
samm
rumble
rrrrr
robin1
renato
redstar
raphael
q1w2e3r
pressure
poptart
playball
pizzaman
pinetree
phyllis
pathfind
papamama
panter
pandas
panda1
pajero
pacino
orchard
olive
nightmar
nico
Mustang1
mooses
montrose
montecar
montag
melrose
masterbating
maserati
marshal
makaka
macmac
mackie
lockdown
liverpool1
link
lemans
leinad
lagnaf
kingking
killer123
kaboom
jeter2
jeremy1
jeepster
jabber
itisme
italy
ilovegod
idefix
howell
hores
HIZIAD
hewitt
hellsing
Heather
gonzo1
golden1
GEORGE
generic
gatsby
fujitsu
frodo1
frederik
forlife
fitter
feelgood
fallon
escalade
enters
emil
eleonora
earl
dummy
donner
dominiqu
dnsadm
dickens
deville
delldell
daughter
contract
contra
conquest
compact
christi
chill
chavez
chaos1
chains
casio
carrots
building
buffalo1
brennan
boubou
bonner
blubber
blacklab
behappy
barbar
bambi
babycake
aprilia
ANDREW
allgood
alive
adriano
808080
7777777a
777666
31121986
31121985
31051991
31051987
30121988
30121985
30101988
30061988
29041988
27091991
26121989
26061989
26031991
25111991
25031984
25021986
24121989
24121988
24101990
24101984
24071992
24051989
24041986
23091991
23061987
23041988
23021992
23021983
22111988
22091990
22091984
22051988
21111986
21101988
21101987
21091989
21051990
21021989
20101987
20071984
20051983
20031990
20031985
20011983
1passwor
19111985
19081987
19051983
19041985
18121990
18121985
18121812
18091987
17121985
17111987
17071987
17071986
17061987
17041986
17041985
16121991
16101986
16041988
16041985
16031986
16021988
16011986
15121983
15101991
15061984
15011988
14091987
14061988
14051983
13101992
13101988
13101982
13071989
13071985
13061991
13051990
13031989
123456n
1234567890-
123450
1216
12101989
1208
12071984
12061987
12041991
12031990
12021984
1117
11091986
11091985
11081986
1026
10101988
10101980
10091986
10091985
10081987
10051988
10021987
10021986
09041985
09031987
08041985
08031987
07061988
07041989
07021980
06011982
05121988
05061989
05051986
04031991
03071985
03061986
03061985
03031987
03031984
03011991
02111987
02061990
02011971
01091988
01071990
01061983
01051980
01022010
000777
000123
young1
yamato
winona
winner1
whatthe
weiner
weekend
volleyba
volcano
virginie
videos
vegitto
uptown
tycoon
treefrog
trauma
town
toast
titts
these
therock1
tetsuo
tennesse
tanya1
success1
stupid1
stockton
stock
stellar
springs
spoiled
someday
skinhead
sick
shyshy
shojou
shampoo
sexman
sex69
saskia
Sandra
s123456
russel
rudeboy
rollin
ridge
ride
rfgecnf
qwqwqwqw
pushkin
puck
probes
pong
playmate
planes
piercing
phat
pearls
password9
painting
nineball
navajo
napalm
mohammad
miller1
matchbox
marie1
mariam
mamas
malish
maison
logger
locks
lister
lfitymrf
legos
lander
laetitia
kenken
kane
johnny5
jjjjjjj
jesper
jerk
jellybean
jeeper
jakarta
instant
ilikeit
icecube
hotass
hogtied
having
harman
hanuman
hair
hacking
gumby
gramma
GOLF
goldeneye
gladys
furball
fuckme2
franks
fick
fduecn
farmboy
eunice
erection
entrance
elisabet
elements
eclipse1
eatmenow
duane
dooley
dome
doktor
dimitri
dental
delaney
Dallas
cyrano
cubs
crappy
cloudy
clips
cliff
clemente
charlie2
cassandra
cashmoney
camil
burning
buckley
booyah
boobear
bonanza
bobmarley
bleach
bedford
bathing
baracuda
antony
ananas
alinka
alcatraz
aisan
5000
49ers
334455
31051982
30051988
30051986
29111988
29051992
29041989
29031990
28121989
28071985
28021983
27111990
27071988
26071984
26061991
26021992
26011990
26011986
25091991
25091989
25081989
25071987
25071985
25071983
25051988
25051980
25041987
25021985
24101991
24101988
24071990
24061985
24041985
24041984
23456
23111986
23101987
23041991
23031983
22071992
22071988
21121989
21111989
21111983
21101983
21041991
21041987
21031986
21021990
21021988
20081990
20061991
20061987
20032003
20031992
1qw23er4
1q1q1q1q
1Master
19121988
19081986
19071989
19041986
18111983
18071990
18071989
18071986
18031986
17121987
17091985
17071990
17051983
16091990
15081989
15071990
15051992
15051989
15031991
15011990
14031986
13091988
13091987
13091986
13081986
13071982
13051986
13041989
13021991
1269
123890
1234rewq
12345r
1231234
12111984
12091986
12081993
12071992
1206
12021990
111555
11111991
11091990
11061987
11061986
11061984
11041985
11031986
1030
1029
1014
101091m
10041984
10031980
10011980
09051984
08071985
07081984
07041988
06101989
06061988
06041984
05091987
05081992
05081986
05071985
05041985
04111991
04071987
04021990
03091988
03061988
03041989
03041984
03031991
02091978
01071988
01061992
01041993
01041983
01031981
0069
zyjxrf
xian
wizard1
winger
wilder
welkom
wearing
weare138
vanessa1
usmarine
unlock
thumb
this
tasha1
talks
talbot
summers
sucked
storage
sqdwfe
socce
sniffing
smirnov
shovel
shopper
shady
semper
screwy
schatz
samanth
salman
rugby1
rjhjkm
rita
rfhfylfi
retire
ratboy
rachelle
qwerasdfzxcv
purple1
prince1
pookey
picks
perkins
patches1
password99
oyster
olenka
nympho
nikolas
neon
muslim
muhammad
morrowind
monk
missie
mierda
mercede
melina
maximo
matrix1
Martin
mariner
mantle
mammoth
mallrats
madcow
macintos
macaroni
lunchbox
lucas1
london1
lilbit
leoleo
KILLER
kerry
kcchiefs
juniper
jonas
jazzy
istheman
implants
hyundai
hfytnrb
herring
grunt
grimace
granite
grace1
gotenks
glasses
giggle
ghjcnbnenrf
garnet
gabriele
gabby
fosters
forever1
fluff
Fktrcfylh
finder
experienced
dunlop
duffer
driven
dragonballz
draco
downer
douche
doom
discus
darina
daman
daisey
clement
chouchou
cheerleaers
Charles
charisma
celebrity
cardinals
captain1
caca
c2h5oh
bubbles1
brook
brady